2024-08-27 11:54:27,272 - takeoff,none,[0. 0. 0.],[1.50243652 3.54299164 1.57918477],-3.1357433643939125
2024-08-27 11:54:27,531 - takeoff,none,[0. 0. 0.],[1.50429666 3.54468226 1.58685982],3.1406145245945507
2024-08-27 11:54:27,834 - takeoff,none,[0. 0. 0.],[1.50453019 3.54477096 1.5913564 ],3.1307802489112646
2024-08-27 11:54:28,061 - takeoff,none,[0. 0. 0.],[1.50506771 3.54562879 1.59623563],3.139765518708159
2024-08-27 11:54:28,264 - takeoff,none,[0. 0. 0.],[1.50478053 3.54410028 1.60001266],-3.136513841869749
2024-08-27 11:54:28,469 - takeoff,none,[0. 0. 0.],[1.50418139 3.54191351 1.60284531],-3.1375221204823074
2024-08-27 11:54:28,677 - takeoff,none,[0. 0. 0.],[1.50383675 3.53997564 1.60421956],3.1412105030730713
2024-08-27 11:54:28,877 - takeoff,none,[0. 0. 0.],[1.50461173 3.53808856 1.62035942],-3.132011661762779
2024-08-27 11:54:29,080 - takeoff,none,[0. 0. 0.],[1.50713611 3.53873944 1.64851773],-3.1315524944632576
2024-08-27 11:54:29,310 - takeoff,none,[0. 0. 0.],[1.51284325 3.54148054 1.68509924],-3.1368507325633157
2024-08-27 11:54:29,511 - takeoff,none,[0. 0. 0.],[1.5172925  3.54646707 1.70026135],-3.1358391679872666
2024-08-27 11:54:29,740 - takeoff,none,[0. 0. 0.],[1.52543509 3.55223203 1.72221398],-3.1378400333805754
2024-08-27 11:54:29,979 - takeoff,none,[0. 0. 0.],[1.53177404 3.55801344 1.74513912],-3.1353871035056082
2024-08-27 11:54:30,198 - takeoff,none,[0. 0. 0.],[1.53488755 3.56156969 1.75822067],3.1398968492343142
2024-08-27 11:54:30,408 - takeoff,none,[0. 0. 0.],[1.5404104  3.5661242  1.78277194],-3.138384958620909
2024-08-27 11:54:30,609 - takeoff,none,[0. 0. 0.],[1.54502165 3.56867766 1.80316234],-3.133533965451548
2024-08-27 11:54:30,828 - takeoff,none,[0. 0. 0.],[1.54631782 3.56981468 1.81304634],3.1357373270477096
2024-08-27 11:54:31,087 - takeoff,none,[0. 0. 0.],[1.55200803 3.5710609  1.83718586],-3.1321144540803445
2024-08-27 11:54:31,292 - takeoff,none,[0. 0. 0.],[1.55477893 3.57247567 1.84727359],-3.1405458730795894
2024-08-27 11:54:31,496 - takeoff,none,[0. 0. 0.],[1.55597103 3.57437515 1.86031294],-3.130486454118113
2024-08-27 11:54:31,696 - takeoff,none,[0. 0. 0.],[1.55681789 3.57691693 1.87094414],3.1407207824602494
2024-08-27 11:54:31,901 - takeoff,none,[0. 0. 0.],[1.55672264 3.5793395  1.88010395],3.1253226300224606
2024-08-27 11:54:32,120 - takeoff,none,[0. 0. 0.],[1.55734408 3.58174872 1.89630091],-3.1311228607769017
2024-08-27 11:54:32,379 - takeoff,none,[0. 0. 0.],[1.55905843 3.58503938 1.91383493],-3.1382849553446563
2024-08-27 11:54:32,584 - takeoff,hazardous material,[0. 0. 0.],[1.55920529 3.58505416 1.92401981],3.1365399160394007
2024-08-27 11:54:32,816 - takeoff,hazardous material,[0. 0. 0.],[1.55956626 3.58447003 1.93412185],-3.1307328238576
2024-08-27 11:54:33,025 - takeoff,hazardous material,[0. 0. 0.],[1.56111228 3.58352661 1.94711626],3.1353231528874046
2024-08-27 11:54:33,247 - takeoff,hazardous material,[0. 0. 0.],[1.56180179 3.5818994  1.95591581],3.1402617318381676
2024-08-27 11:54:33,450 - takeoff,hazardous material,[0. 0. 0.],[1.5641017  3.57959104 1.96237385],-3.137111146549213
2024-08-27 11:54:33,654 - takeoff,hazardous material,[0. 0. 0.],[1.56632805 3.5774312  1.97463977],-3.1374487532801383
2024-08-27 11:54:33,862 - takeoff,hazardous material,[0. 0. 0.],[1.56804109 3.57531238 1.98385775],-3.12636178877802
2024-08-27 11:54:34,079 - takeoff,hazardous material,[0. 0. 0.],[1.56880689 3.57297158 1.98934495],3.138757766861378
2024-08-27 11:54:34,283 - takeoff,hazardous material,[0. 0. 0.],[1.57128203 3.57170129 1.99879527],-3.13575406545536
2024-08-27 11:54:34,500 - takeoff,hazardous material,[0. 0. 0.],[1.57248545 3.56932354 2.00549579],-3.1401118869101197
2024-08-27 11:54:34,708 - find hazardous material WP1,hazardous material,[0. 0. 0.],[1.57512975 3.57032204 2.00986004],3.1335105635721403
2024-08-27 11:54:34,914 - find hazardous material WP1,hazardous material,[0. 0. 0.],[1.5735966  3.56423187 2.01520419],3.136113572410466
2024-08-27 11:54:35,129 - find hazardous material WP1,hazardous material,[0. 0. 0.],[1.55254912 3.53057384 2.02093172],-3.1350036054223964
2024-08-27 11:54:35,329 - find hazardous material WP1,hazardous material,[0. 0. 0.],[1.50129259 3.45162821 2.02893662],3.135211772570024
2024-08-27 11:54:35,552 - find hazardous material WP1,hazardous material,[0. 0. 0.],[1.43869519 3.34095716 2.03363609],3.1391582609013193
2024-08-27 11:54:35,757 - find hazardous material WP1,hazardous material,[0. 0. 0.],[1.37883663 3.20823789 2.0361042 ],-3.129929140632485
2024-08-27 11:54:35,961 - find hazardous material WP1,hazardous material,[0. 0. 0.],[1.33233285 3.09157085 2.03198814],3.1383596950116317
2024-08-27 11:54:36,167 - find hazardous material WP1,hazardous material,[0. 0. 0.],[1.26603866 2.88244414 2.03116345],-3.1402636638793973
2024-08-27 11:54:36,409 - find hazardous material WP1,hazardous material,[0. 0. 0.],[1.19568646 2.57685971 2.03156281],-3.1382172601176306
2024-08-27 11:54:36,611 - find hazardous material WP1,hazardous material,[0. 0. 0.],[1.15640175 2.33268428 2.03118634],-3.13390381290282
2024-08-27 11:54:36,847 - find hazardous material WP1,hazardous material,[0. 0. 0.],[1.12198937 2.10783601 2.02876568],-3.1345291010212746
2024-08-27 11:54:37,063 - find hazardous material WP1,hazardous material,[0. 0. 0.],[1.09044683 1.97339404 2.02933049],-3.133555488723389
2024-08-27 11:54:37,265 - find hazardous material WP1,none,[0. 0. 0.],[1.06264579 1.90721738 2.03232098],-3.1390798780291065
2024-08-27 11:54:37,465 - find hazardous material WP1,none,[0. 0. 0.],[1.02650154 1.8077327  2.0326159 ],3.1389712738821993
2024-08-27 11:54:37,678 - find hazardous material WP1,none,[0. 0. 0.],[1.0001508  1.69402838 2.03154874],-3.139427268568354
2024-08-27 11:54:37,878 - find hazardous material WP1,none,[0. 0. 0.],[0.96238631 1.46466768 2.02921462],-3.135753400100754
2024-08-27 11:54:38,079 - find hazardous material WP1,none,[0. 0. 0.],[0.94228786 1.33848882 2.02767873],-3.1381342978195246
2024-08-27 11:54:38,282 - find hazardous material WP1,none,[0. 0. 0.],[0.9182778  1.24509823 2.02649164],-3.1354352082269923
2024-08-27 11:54:38,482 - find hazardous material WP1,none,[0. 0. 0.],[0.89756149 1.2151252  2.02848029],3.140148839918692
2024-08-27 11:54:38,694 - find hazardous material WP1,none,[0. 0. 0.],[0.87507135 1.16653812 2.03115821],3.141114632839348
2024-08-27 11:54:38,903 - find hazardous material WP1,none,[0. 0. 0.],[0.85786492 1.07366598 2.02958083],-3.141542383924273
2024-08-27 11:54:39,112 - find hazardous material WP1,none,[0. 0. 0.],[0.84109539 0.93507934 2.02736139],-3.1372070275410495
2024-08-27 11:54:39,313 - find hazardous material WP1,none,[0. 0. 0.],[0.82913947 0.84062886 2.02509427],-3.133385108242387
2024-08-27 11:54:39,564 - find hazardous material WP1,none,[0. 0. 0.],[0.81453484 0.7969051  2.02514172],-3.141130338634256
2024-08-27 11:54:39,764 - find hazardous material WP1,none,[0. 0. 0.],[0.80544817 0.79828769 2.02955556],-3.1412151974741596
2024-08-27 11:54:39,981 - find hazardous material WP1,none,[0. 0. 0.],[0.79293865 0.76288724 2.03484344],3.141204386467039
2024-08-27 11:54:40,182 - find hazardous material WP1,none,[0. 0. 0.],[0.78457832 0.7118302  2.03627968],3.1413361739727454
2024-08-27 11:54:40,412 - find hazardous material WP1,none,[0. 0. 0.],[0.7656579  0.57164514 2.03928494],-3.1372853339067817
2024-08-27 11:54:40,612 - find hazardous material WP1,none,[0. 0. 0.],[0.75456965 0.52153993 2.0428896 ],-3.140154607978699
2024-08-27 11:54:40,819 - find hazardous material WP1,none,[0. 0. 0.],[0.74648076 0.518592   2.0484426 ],-3.140956570641855
2024-08-27 11:54:41,085 - find hazardous material WP1,none,[0. 0. 0.],[0.73584569 0.52116758 2.05774927],-3.1413405209828835
2024-08-27 11:54:41,336 - find hazardous material WP1,none,[0. 0. 0.],[0.72526532 0.46737939 2.06395125],3.138700904518201
2024-08-27 11:54:41,554 - find hazardous material WP1,none,[0. 0. 0.],[0.72090751 0.42394668 2.06697154],-3.1398348460770578
2024-08-27 11:54:41,768 - find hazardous material WP1,none,[0. 0. 0.],[0.7100358  0.32782179 2.07468486],-3.1411676824943933
2024-08-27 11:54:41,969 - find hazardous material WP1,none,[0. 0. 0.],[0.70352113 0.32306817 2.07816839],-3.137447559025614
2024-08-27 11:54:42,176 - find hazardous material WP1,none,[0. 0. 0.],[0.69629169 0.34400591 2.0842278 ],3.1406593299731074
2024-08-27 11:54:42,390 - find hazardous material WP1,none,[0. 0. 0.],[0.68837017 0.34665352 2.08968878],3.1374913582053074
2024-08-27 11:54:42,593 - find hazardous material WP1,none,[0. 0. 0.],[0.684596   0.32776713 2.09272289],3.139640588818333
2024-08-27 11:54:42,796 - find hazardous material WP1,none,[0. 0. 0.],[0.67727041 0.24724108 2.0986371 ],-3.1411573503685335
2024-08-27 11:54:43,009 - find hazardous material WP1,none,[0. 0. 0.],[0.67262417 0.19555594 2.10128045],-3.1384713060938756
2024-08-27 11:54:43,210 - find hazardous material WP1,none,[0. 0. 0.],[0.66943246 0.19449261 2.10474443],3.1402490879687166
2024-08-27 11:54:43,521 - find hazardous material WP1,none,[0. 0. 0.],[0.66071707 0.22290151 2.11552572],3.1377955889747113
2024-08-27 11:54:43,734 - find hazardous material WP1,none,[0. 0. 0.],[0.65272748 0.20331113 2.12329626],3.1414616519758143
2024-08-27 11:54:43,970 - find hazardous material WP1,none,[0. 0. 0.],[0.64403772 0.15601186 2.12728238],-3.1409187633204656
2024-08-27 11:54:44,170 - find hazardous material WP2,none,[0. 0. 0.],[0.6371429  0.13197294 2.12439346],-3.137454744599458
2024-08-27 11:54:44,411 - find hazardous material WP2,none,[0. 0. 0.],[0.59099609 0.12920725 2.11832738],3.1409104057071016
2024-08-27 11:54:44,644 - find hazardous material WP2,none,[0. 0. 0.],[0.49718979 0.13384795 2.11891818],-3.139561806601666
2024-08-27 11:54:44,868 - find hazardous material WP2,none,[0. 0. 0.],[0.301963   0.1395029  2.12065506],-3.138809573750666
2024-08-27 11:54:45,076 - find hazardous material WP2,none,[0. 0. 0.],[0.10992625 0.13984045 2.12262464],3.139726003093571
2024-08-27 11:54:45,277 - find hazardous material WP2,none,[0. 0. 0.],[-0.03701374  0.13748524  2.12355614],-3.138398717718502
2024-08-27 11:54:45,488 - find hazardous material WP2,none,[0. 0. 0.],[-0.38099107  0.12011954  2.12614822],-3.1367220037267947
2024-08-27 11:54:45,717 - find hazardous material WP2,none,[0. 0. 0.],[-0.58198565  0.09905981  2.12249088],-3.132931664474912
2024-08-27 11:54:45,941 - find hazardous material WP2,none,[0. 0. 0.],[-0.72669452  0.07613076  2.11594582],-3.1304750636664265
2024-08-27 11:54:46,190 - find hazardous material WP2,none,[0. 0. 0.],[-0.76677722  0.06703436  2.11409235],-3.138744128555281
2024-08-27 11:54:46,391 - find hazardous material WP2,none,[0. 0. 0.],[-0.81415981  0.06319408  2.10956192],-3.139612765965496
2024-08-27 11:54:46,599 - find hazardous material WP2,none,[0. 0. 0.],[-0.92339486  0.06326087  2.09912729],3.1339873572985555
2024-08-27 11:54:46,810 - find hazardous material WP2,none,[0. 0. 0.],[-1.14285886  0.06317364  2.08771253],3.130360653638576
2024-08-27 11:54:47,013 - find hazardous material WP2,none,[0. 0. 0.],[-1.26858687  0.06162004  2.08433056],-3.1338730662461503
2024-08-27 11:54:47,244 - find hazardous material WP2,none,[0. 0. 0.],[-1.42018473  0.05826565  2.06593657],3.13624226582902
2024-08-27 11:54:47,444 - find hazardous material WP2,none,[0. 0. 0.],[-1.44317484  0.05628665  2.0611701 ],3.1380707721551597
2024-08-27 11:54:47,667 - find hazardous material WP2,none,[0. 0. 0.],[-1.43364477  0.05269333  2.05848384],3.139989078188238
2024-08-27 11:54:47,884 - find hazardous material WP2,none,[0. 0. 0.],[-1.47643173  0.04664264  2.06020403],-3.1362093854795123
2024-08-27 11:54:48,113 - find hazardous material WP2,none,[0. 0. 0.],[-1.55898309  0.04296404  2.06272578],-3.1350214924019473
2024-08-27 11:54:48,332 - find hazardous material WP2,none,[0. 0. 0.],[-1.71642196  0.03622487  2.06914949],3.1402629695533193
2024-08-27 11:54:48,536 - find hazardous material WP2,none,[0. 0. 0.],[-1.79185116  0.03000222  2.06886005],3.141477449995338
2024-08-27 11:54:48,738 - find hazardous material WP2,none,[0. 0. 0.],[-1.83114338  0.02089397  2.06488872],-3.1414884725916865
2024-08-27 11:54:48,962 - find hazardous material WP2,none,[0. 0. 0.],[-1.8002727   0.01208381  2.06303549],-3.140429560208073
2024-08-27 11:54:49,169 - find hazardous material WP2,none,[0. 0. 0.],[-1.80104411  0.00520561  2.06593871],3.1334330068399465
2024-08-27 11:54:49,374 - find hazardous material WP2,none,[0. 0. 0.],[-1.85470307e+00  1.67900638e-03  2.07331848e+00],3.1403808222191296
2024-08-27 11:54:49,574 - find hazardous material WP2,none,[0. 0. 0.],[-1.95073938e+00  1.40151678e-04  2.08502698e+00],-3.13689106235104
2024-08-27 11:54:49,775 - find hazardous material WP2,none,[0. 0. 0.],[-2.05066133e+00  4.51775268e-04  2.09557271e+00],3.1366136483984413
2024-08-27 11:54:49,995 - find hazardous material WP2,none,[0. 0. 0.],[-2.07861829e+00 -1.76179630e-03  2.09652424e+00],3.1356122305937864
2024-08-27 11:54:50,196 - find hazardous material WP2,none,[0. 0. 0.],[-2.04849815 -0.00379509  2.0972774 ],3.138734303767905
2024-08-27 11:54:50,396 - find hazardous material WP2,none,[0. 0. 0.],[-2.0221312  -0.00689588  2.0979104 ],-3.1359347834960474
2024-08-27 11:54:50,612 - find hazardous material WP2,none,[0. 0. 0.],[-2.0470202  -0.01128231  2.09930253],-3.1353072710140633
2024-08-27 11:54:50,862 - find hazardous material WP2,none,[0. 0. 0.],[-2.13062096 -0.01582632  2.10502505],3.135938174173626
2024-08-27 11:54:51,087 - find hazardous material WP2,none,[0. 0. 0.],[-2.21980143 -0.02363151  2.11422062],-3.1389320756398327
2024-08-27 11:54:51,293 - find hazardous material WP2,none,[0. 0. 0.],[-2.2317667  -0.03060176  2.11862254],3.1411030947724274
2024-08-27 11:54:51,529 - find hazardous material WP2,none,[0. 0. 0.],[-2.18165421 -0.03354439  2.11968923],3.1331077305005275
2024-08-27 11:54:51,781 - find hazardous material WP2,none,[0. 0. 0.],[-2.17707157 -0.03176722  2.12280703],3.1402906505163943
2024-08-27 11:54:52,007 - find hazardous material WP2,none,[0. 0. 0.],[-2.25170612 -0.03153144  2.12962413],-3.1391807835184746
2024-08-27 11:54:52,207 - find hazardous material WP2,none,[0. 0. 0.],[-2.30396104 -0.03399443  2.13026428],3.1374870856971837
2024-08-27 11:54:52,408 - find hazardous material WP3,none,[0. 0. 0.],[-2.31964421 -0.0383291   2.12721801],3.139145535573946
2024-08-27 11:54:52,614 - find hazardous material WP3,none,[0. 0. 0.],[-2.29350996 -0.04184905  2.1192708 ],2.861755884705186
2024-08-27 11:54:52,817 - find hazardous material WP3,none,[0. 0. 0.],[-2.27186823 -0.03836253  2.11774445],2.5605581619890567
2024-08-27 11:54:53,075 - find hazardous material WP3,none,[0. 0. 0.],[-2.28926468 -0.02065969  2.12038779],2.1941547781566575
2024-08-27 11:54:53,278 - find hazardous material WP3,none,[0. 0. 0.],[-2.3379643  -0.0051667   2.12421274],1.8520341170350416
2024-08-27 11:54:53,485 - find hazardous material WP3,none,[0. 0. 0.],[-2.38984299 -0.00383815  2.12391019],1.5099580671624897
2024-08-27 11:54:53,689 - find hazardous material WP3,none,[0. 0. 0.],[-2.41050529 -0.01547215  2.12062883],1.1939674611821123
2024-08-27 11:54:53,912 - find hazardous material WP3,none,[0. 0. 0.],[-2.39966822 -0.02770309  2.11658192],0.85307315900411
2024-08-27 11:54:54,126 - find hazardous material WP3,none,[0. 0. 0.],[-2.3835814  -0.02797647  2.11196923],0.5662332645135142
2024-08-27 11:54:54,326 - find hazardous material WP3,none,[0. 0. 0.],[-2.37714863 -0.01042703  2.10737443],0.42219763252162257
2024-08-27 11:54:54,530 - find hazardous material WP3,none,[0. 0. 0.],[-2.37980294  0.00882845  2.10377765],0.32540416572911157
2024-08-27 11:54:54,730 - find hazardous material WP3,none,[0. 0. 0.],[-2.3892045   0.02270568  2.10357904],0.24966058858134166
2024-08-27 11:54:54,955 - find hazardous material WP3,none,[0. 0. 0.],[-2.39982772  0.01932148  2.10038662],0.198438223343675
2024-08-27 11:54:55,158 - find hazardous material WP4,none,[0. 0. 0.],[-2.40570760e+00  1.87330786e-03  2.10086274e+00],0.16543564192483218
2024-08-27 11:54:55,386 - find hazardous material WP4,none,[0. 0. 0.],[-2.39472294 -0.0152489   2.10088825],0.1455936130191824
2024-08-27 11:54:55,588 - find hazardous material WP4,none4,[0. 0. 0.],[-2.31584311 -0.0399868   2.10581589],0.12348859977252769
2024-08-27 11:54:55,811 - find hazardous material WP4,none4,[0. 0. 0.],[-2.18076968 -0.061565    2.11321974],0.1009264150685869
2024-08-27 11:54:56,013 - find hazardous material WP4,none4,[0. 0. 0.],[-2.04200006 -0.07464968  2.11896253],0.08191296208169829
2024-08-27 11:54:56,226 - find hazardous material WP4,none4,[0. 0. 0.],[-1.76630843 -0.08640235  2.12935019],0.06883668762772
2024-08-27 11:54:56,435 - find hazardous material WP4,none4,[0. 0. 0.],[-1.53047085 -0.07611901  2.13806367],0.05354523302870273
2024-08-27 11:54:56,658 - find hazardous material WP4,none4,[0. 0. 0.],[-1.32852256 -0.05029728  2.14120793],0.06020580203655168
2024-08-27 11:54:56,864 - find hazardous material WP4,none4,[0. 0. 0.],[-1.19656789 -0.03157587  2.14407063],0.05368119726466669
2024-08-27 11:54:57,065 - find hazardous material WP4,none4,[0. 0. 0.],[-1.13967931 -0.03554258  2.14854527],0.05768647304236629
2024-08-27 11:54:57,273 - find hazardous material WP4,none4,[0. 0. 0.],[-1.10013258 -0.05028911  2.1450398 ],0.058728227329525984
2024-08-27 11:54:57,478 - find hazardous material WP4,none4,[0. 0. 0.],[-1.00007641 -0.06890572  2.14328194],0.05732428776215981
2024-08-27 11:54:57,692 - find hazardous material WP4,none4,[0. 0. 0.],[-0.83332956 -0.07680928  2.13948178],0.05548267705706755
2024-08-27 11:54:57,893 - find hazardous material WP4,none4,[0. 0. 0.],[-0.69547886 -0.06736471  2.13761425],0.045687880862176566
2024-08-27 11:54:58,122 - find hazardous material WP4,none4,[0. 0. 0.],[-0.55291349 -0.04547337  2.12783599],0.0493026513748136
2024-08-27 11:54:58,330 - find hazardous material WP4,hazardous material,[0. 0. 0.],[-0.50621605 -0.03364558  2.12225819],0.05015293242605545
2024-08-27 11:54:58,536 - find hazardous material WP4,hazardous material,[0. 0. 0.],[-0.5079518  -0.03664565  2.12044907],0.0589346891560103
2024-08-27 11:54:58,779 - find hazardous material WP4,hazardous material,[0. 0. 0.],[-0.46473315 -0.04811481  2.11816621],0.057437218696688275
2024-08-27 11:54:58,981 - find hazardous material WP4,hazardous material,[0. 0. 0.],[-0.35962281 -0.05395649  2.11743879],0.05834733314939111
2024-08-27 11:54:59,181 - find hazardous material WP4,hazardous material,[0. 0. 0.],[-0.22829728 -0.0486405   2.12034106],0.04708172740000016
2024-08-27 11:54:59,403 - find hazardous material WP4,hazardous material,[0. 0. 0.],[-0.12691465 -0.03521292  2.1170907 ],0.055526311689435115
2024-08-27 11:54:59,609 - find hazardous material WP4,hazardous material,[0. 0. 0.],[-0.10107511 -0.02760172  2.11485887],0.06081807653979654
2024-08-27 11:54:59,829 - find hazardous material WP4,hazardous material,[0. 0. 0.],[-0.12843435 -0.02827163  2.11788487],0.059303048572463046
2024-08-27 11:55:00,043 - find hazardous material WP4,hazardous material,[0. 0. 0.],[-0.12734947 -0.03071434  2.12265992],0.06135949981810107
2024-08-27 11:55:00,253 - find hazardous material WP4,hazardous material,[0. 0. 0.],[-0.06293093 -0.03187895  2.12900066],0.05961940488901485
2024-08-27 11:55:00,458 - find hazardous material WP4,hazardous material,[0. 0. 0.],[ 0.05060075 -0.02648363  2.13741231],0.05772950664576593
2024-08-27 11:55:00,663 - find hazardous material WP4,hazardous material,[0. 0. 0.],[ 0.13655595 -0.01711068  2.14135218],0.05749942496709948
2024-08-27 11:55:00,869 - find hazardous material WP4,hazardous material,[0. 0. 0.],[ 0.15980989 -0.01112353  2.14249039],0.05880484297973165
2024-08-27 11:55:01,123 - find hazardous material WP4,hazardous material,[0. 0. 0.],[ 0.1178165  -0.00940193  2.14418983],0.054062139025565115
2024-08-27 11:55:01,323 - find hazardous material WP4,hazardous material,[0. 0. 0.],[ 0.09806286 -0.01065615  2.14357066],0.06053621391307251
2024-08-27 11:55:01,530 - find hazardous material WP4,hazardous material,[0. 0. 0.],[ 0.14133708 -0.00963644  2.14647079],0.05436746890717403
2024-08-27 11:55:01,752 - find hazardous material WP4,hazardous material,[0. 0. 0.],[ 0.22971773 -0.00280766  2.15238786],0.04832817861445604
2024-08-27 11:55:01,953 - find hazardous material WP4,hazardous material,[0. 0. 0.],[0.29053983 0.0069549  2.15284514],0.04727919681355841
2024-08-27 11:55:02,168 - find hazardous material WP4,hazardous material,[0. 0. 0.],[0.294278   0.01397168 2.14919662],0.04641133089082694
2024-08-27 11:55:02,396 - find hazardous material WP4,hazardous material,[0. 0. 0.],[0.2625013  0.01360347 2.14599204],0.051984012730500906
2024-08-27 11:55:02,596 - find hazardous material WP4,hazardous material,[0. 0. 0.],[0.26234156 0.0095597  2.14456916],0.05671039268280853
2024-08-27 11:55:02,797 - find hazardous material WP4,hazardous material,[0. 0. 0.],[0.30373424 0.00809642 2.1466496 ],0.05502834876389717
2024-08-27 11:55:03,003 - find hazardous material WP4,hazardous material,[0. 0. 0.],[0.36106294 0.01047599 2.14990568],0.05321126650207586
2024-08-27 11:55:03,210 - find hazardous material WP4,hazardous material,[0. 0. 0.],[0.39164039 0.01603378 2.14975381],0.05991562737146361
2024-08-27 11:55:03,415 - find hazardous material WP4,hazardous material,[0. 0. 0.],[0.37397373 0.01995948 2.14621758],0.05570255520394296
2024-08-27 11:55:03,659 - find hazardous material WP4,hazardous material,[0. 0. 0.],[0.34681004 0.01945395 2.14102864],0.05431905500399603
2024-08-27 11:55:03,874 - find hazardous material WP4,hazardous material,[0. 0. 0.],[0.36026278 0.01881559 2.13761997],0.055621134399724825
2024-08-27 11:55:04,094 - find hazardous material WP4,hazardous material,[0. 0. 0.],[0.40719464 0.02238551 2.1357038 ],0.056732183143243464
2024-08-27 11:55:04,316 - hazardous_material 1,hazardous material,[0. 0. 0.],[0.44067758 0.02798049 2.13497162],0.055979499202503114
2024-08-27 11:55:04,520 - hazardous_material 1,hazardous material,[0. 0. 0.],[0.44198683 0.03374665 2.13457346],0.05044116538747456
2024-08-27 11:55:04,737 - hazardous_material 1,hazardous material,[0. 0. 0.],[0.40777564 0.06142001 2.13422441],0.03747560495993518
2024-08-27 11:55:04,960 - hazardous_material 1,hazardous material,[0. 0. 0.],[0.35754296 0.12285502 2.13263464],0.04613431652620892
2024-08-27 11:55:05,160 - hazardous_material 1,hazardous material,[0. 0. 0.],[0.30210984 0.21834256 2.13289666],0.04970241459550806
2024-08-27 11:55:05,374 - hazardous_material 1,hazardous material,[0. 0. 0.],[0.27959546 0.27874848 2.13371015],0.039568153342404155
2024-08-27 11:55:05,582 - hazardous_material 1,hazardous material,[0. 0. 0.],[0.2770476  0.28992003 2.13122058],0.03721594862027944
2024-08-27 11:55:05,782 - hazardous_material 1,hazardous material,[0. 0. 0.],[0.27428219 0.29195803 2.1288805 ],0.041396213891979894
2024-08-27 11:55:05,983 - hazardous_material 1,hazardous material,[0. 0. 0.],[0.26077676 0.3109591  2.12790585],0.031615438006980856
2024-08-27 11:55:06,183 - hazardous_material 1,hazardous material,[0. 0. 0.],[0.23307735 0.35754484 2.12501907],0.039901314855949055
2024-08-27 11:55:06,383 - hazardous_material 1,hazardous material,[0. 0. 0.],[0.20654801 0.40324387 2.12428069],0.03756208868780209
2024-08-27 11:55:06,584 - hazardous_material 1,hazardous material,[0. 0. 0.],[0.18645157 0.43369353 2.12393475],0.03362045329891039
2024-08-27 11:55:06,785 - hazardous_material 1,hazardous material,[0. 0. 0.],[0.17286575 0.45260623 2.12229443],0.036356479965400146
2024-08-27 11:55:06,985 - hazardous_material 1,hazardous material,[0. 0. 0.],[0.16688412 0.46041304 2.12163091],0.03656098364716298
2024-08-27 11:55:07,186 - hazardous_material 1,hazardous material,[0. 0. 0.],[0.1592779  0.46944624 2.12459087],0.035786150023496166
2024-08-27 11:55:07,401 - hazardous_material 1,hazardous material,[0. 0. 0.],[0.15185048 0.48233998 2.12711191],0.03644665855204865
2024-08-27 11:55:07,602 - hazardous_material 1,hazardous material,[0. 0. 0.],[0.14359143 0.49832207 2.12996602],0.0343349972454301
2024-08-27 11:55:07,802 - hazardous_material 1,hazardous material,[0. 0. 0.],[0.13745226 0.51559031 2.1310966 ],0.03832211559703724
2024-08-27 11:55:08,020 - hazardous_material 1,hazardous material,[0. 0. 0.],[0.12736769 0.53498888 2.13396931],0.03595607451388805
2024-08-27 11:55:08,220 - hazardous_material 1,hazardous material,[0. 0. 0.],[0.11968125 0.54965287 2.13702154],0.03261579440332496
2024-08-27 11:55:08,425 - hazardous_material 1,hazardous material,[0. 0. 0.],[0.1112235  0.56233126 2.14023185],0.03409450625970156
2024-08-27 11:55:08,636 - hazardous_material 1,hazardous material,[0. 0. 0.],[0.09968143 0.57778925 2.14385366],0.03611828399676109
2024-08-27 11:55:08,842 - hazardous_material 1,hazardous material,[0. 0. 0.],[0.09309159 0.58674175 2.14633417],0.03126717185730121
2024-08-27 11:55:09,046 - hazardous_material 1,hazardous material,[0. 0. 0.],[0.08237342 0.59892416 2.1492846 ],0.03389255811415648
2024-08-27 11:55:09,287 - hazardous_material 1,hazardous material,[0. 0. 0.],[0.07110791 0.60650152 2.15626979],0.033731215951128934
2024-08-27 11:55:09,503 - hazardous_material 1,hazardous material,[0. 0. 0.],[0.06266275 0.61140573 2.16276693],0.03788345778986946
2024-08-27 11:55:09,710 - hazardous_material 1,hazardous material,[0. 0. 0.],[0.05327434 0.61494052 2.16823602],0.041257557964604175
2024-08-27 11:55:09,910 - hazardous_material 1,hazardous material,[0. 0. 0.],[0.04867709 0.61953694 2.17414832],0.029644775305035065
2024-08-27 11:55:10,120 - hazardous_material 1,hazardous material,[0. 0. 0.],[0.0417191  0.62547797 2.17827749],0.03590281594731959
2024-08-27 11:55:10,325 - hazardous_material 1,hazardous material,[0. 0. 0.],[0.03691487 0.6314975  2.18401814],0.03544449769069313
2024-08-27 11:55:10,531 - hazardous_material 1,hazardous material,[0. 0. 0.],[0.03451006 0.63571501 2.18759251],0.037214471120399883
2024-08-27 11:55:10,741 - hazardous_material 1,hazardous material,[0. 0. 0.],[0.02944394 0.64279938 2.19430566],0.0329733145434159
2024-08-27 11:55:10,956 - hazardous_material 1,hazardous material,[0. 0. 0.],[0.02406189 0.64599717 2.19755769],0.03756061561020285
2024-08-27 11:55:11,162 - hazardous_material 1,hazardous material,[0. 0. 0.],[0.01941282 0.64792937 2.20128679],0.026010336825306624
2024-08-27 11:55:11,362 - hazardous_material 1,hazardous material,[0. 0. 0.],[0.0153778  0.65188193 2.20127344],0.032259974133233005
2024-08-27 11:55:11,562 - hazardous_material 1,hazardous material,[0. 0. 0.],[0.01107849 0.65832996 2.20393252],0.03231321855904157
2024-08-27 11:55:11,770 - hazardous_material 1,hazardous material,[0. 0. 0.],[0.00718429 0.66246814 2.20965743],0.034114890095023886
2024-08-27 11:55:11,987 - hazardous_material 1,hazardous material,[0. 0. 0.],[0.00535673 0.66779029 2.21552348],0.032684806597226945
2024-08-27 11:55:12,187 - hazardous_material 1,hazardous material,[0. 0. 0.],[0.00396325 0.67294371 2.22133899],0.03584874142564254
2024-08-27 11:55:12,394 - hazardous_material 1,hazardous material,[0. 0. 0.],[2.12604157e-03 6.76517725e-01 2.22664332e+00],0.03296984367911637
2024-08-27 11:55:12,595 - hazardous_material 1,hazardous material,[0. 0. 0.],[3.53911892e-04 6.80352390e-01 2.22801304e+00],0.03693008592612834
2024-08-27 11:55:12,819 - hazardous_material 1,hazardous material,[0. 0. 0.],[-0.00224417  0.68226534  2.23157597],0.027788696601977803
2024-08-27 11:55:13,019 - hazardous_material 1,hazardous material,[0. 0. 0.],[-0.00651559  0.68453687  2.2310493 ],0.03668778276054363
2024-08-27 11:55:13,270 - hazardous_material 1,hazardous material,[0. 0. 0.],[-0.01042211  0.68827617  2.23175788],0.037174554522067194
2024-08-27 11:55:13,472 - hazardous_material 1,hazardous material,[0. 0. 0.],[-0.01372654  0.68949366  2.23150563],0.036802672395409575
2024-08-27 11:55:13,705 - hazardous_material 1,hazardous material,[0. 0. 0.],[-0.01717012  0.69181293  2.23159599],0.031400177582723954
2024-08-27 11:55:13,908 - hazardous_material 1,hazardous material,[0. 0. 0.],[-0.02051999  0.6931116   2.23136187],0.03420930341406114
2024-08-27 11:55:14,110 - hazardous_material 1,hazardous material,[0. 0. 0.],[-0.02193666  0.69447637  2.23135257],0.027704715476458697
2024-08-27 11:55:14,316 - hazardous_material 1,hazardous material,[0. 0. 0.],[-0.0260648   0.69703233  2.23007369],0.03190139874237863
2024-08-27 11:55:14,518 - hazardous_material 1,hazardous material,[0. 0. 0.],[-0.02836132  0.69914669  2.23159933],0.033788894205009745
2024-08-27 11:55:14,723 - hazardous_material 1,hazardous material,[0. 0. 0.],[-0.0299821   0.70006698  2.23379898],0.03602431012608687
2024-08-27 11:55:14,931 - hazardous_material 1,hazardous material,[0. 0. 0.],[-0.02954969  0.70132899  2.23520947],0.03286149384417136
2024-08-27 11:55:15,139 - hazardous_material 1,hazardous material,[0. 0. 0.],[-0.02974469  0.70187396  2.23518491],0.03281020511165944
2024-08-27 11:55:15,340 - hazardous_material 1,hazardous material,[0. 0. 0.],[-0.03050903  0.7026183   2.23349524],0.033907098238336264
2024-08-27 11:55:15,569 - hazardous_material 1,hazardous material,[0. 0. 0.],[-0.03197955  0.70342779  2.23208594],0.02743776007635912
2024-08-27 11:55:15,770 - hazardous_material 1,hazardous material,[0. 0. 0.],[-0.03376871  0.70479304  2.22919488],0.031002745182026503
2024-08-27 11:55:15,988 - hazardous_material 1,hazardous material,[0. 0. 0.],[-0.0352807   0.70634544  2.22667646],0.02685341770016092
2024-08-27 11:55:16,192 - hazardous_material 1,hazardous material,[0. 0. 0.],[-0.03868619  0.70783979  2.22357154],0.031559087457062596
2024-08-27 11:55:16,392 - hazardous_material 1,hazardous material,[0. 0. 0.],[-0.04021909  0.7085337   2.22105026],0.03030776222907461
2024-08-27 11:55:16,618 - hazardous_material 1,hazardous material,[0. 0. 0.],[-0.04094493  0.71028101  2.21732831],0.029137342105018726
2024-08-27 11:55:16,818 - hazardous_material 1,hazardous material,[0. 0. 0.],[-0.04251018  0.71079636  2.21231508],0.03249527792862983
2024-08-27 11:55:17,019 - hazardous_material 1,hazardous material,[0. 0. 0.],[-0.04400683  0.71199656  2.20697951],0.03151952574141248
2024-08-27 11:55:17,219 - hazardous_material 1,hazardous material,[0. 0. 0.],[-0.04569949  0.71289414  2.20293164],0.03445393988172141
2024-08-27 11:55:17,427 - hazardous_material 1,hazardous material,[0. 0. 0.],[-0.04629105  0.71359271  2.19888282],0.02932426070387062
2024-08-27 11:55:17,628 - hazardous_material 1,hazardous material,[0. 0. 0.],[-0.046404    0.71342289  2.19310927],0.03270527418357938
2024-08-27 11:55:17,835 - hazardous_material 1,hazardous material,[0. 0. 0.],[-0.04736039  0.7137714   2.18835473],0.03261767907193214
2024-08-27 11:55:18,047 - hazardous_material 1,hazardous material,[0. 0. 0.],[-0.04910747  0.71293563  2.18166542],0.030871155558368057
2024-08-27 11:55:18,253 - hazardous_material 1,hazardous material,[0. 0. 0.],[-0.04888863  0.71276575  2.17635036],0.029737162679798423
2024-08-27 11:55:18,458 - hazardous_material 1,hazardous material,[0. 0. 0.],[-0.04928698  0.71277314  2.17431211],0.035011731619710496
2024-08-27 11:55:18,658 - hazardous_material 1,hazardous material,[0. 0. 0.],[-0.04916188  0.7125693   2.17540717],0.034397968560170966
2024-08-27 11:55:18,867 - hazardous_material 1,hazardous material,[0. 0. 0.],[-0.04915229  0.71264988  2.17880177],0.034951369386907905
2024-08-27 11:55:19,085 - hazardous_material 1,hazardous material,[0. 0. 0.],[-0.05170401  0.7113741   2.18537784],0.03302423316459402
2024-08-27 11:55:19,305 - hazardous_material 1,hazardous material,[0. 0. 0.],[-0.05636242  0.71039361  2.19117832],0.03665648955046663
2024-08-27 11:55:19,545 - hazardous_material 1,hazardous material,[0. 0. 0.],[-0.05893762  0.7104243   2.19686937],0.029135864710035486
2024-08-27 11:55:19,745 - hazardous_material 1,hazardous material,[0. 0. 0.],[-0.0580245   0.71214652  2.2015245 ],0.02587848806608717
2024-08-27 11:55:19,945 - hazardous_material 1,hazardous material,[0. 0. 0.],[-0.05573725  0.71479106  2.20884442],0.027415815630724927
2024-08-27 11:55:20,152 - hazardous_material 1,hazardous material,[0. 0. 0.],[-0.0520165   0.71916753  2.22221732],0.040371337379835115
2024-08-27 11:55:20,366 - hazardous_material 1,hazardous material,[0. 0. 0.],[-0.05007817  0.72276032  2.23307204],0.04333703295314728
2024-08-27 11:55:20,567 - hazardous_material 1,hazardous material,[0. 0. 0.],[-0.04735794  0.7274487   2.23803544],0.03925827415979555
2024-08-27 11:55:20,769 - hazardous_material 1,hazardous material,[0. 0. 0.],[-0.04502979  0.73092657  2.24007559],0.03773417209072161
2024-08-27 11:55:20,978 - hazardous_material 1,hazardous material,[0. 0. 0.],[-0.03990398  0.73396087  2.23878431],0.03343692188994574
2024-08-27 11:55:21,187 - hazardous_material 1,hazardous material,[0. 0. 0.],[-0.03496881  0.73591626  2.23832846],0.030992496367240996
2024-08-27 11:55:21,394 - hazardous_material 1,hazardous material,[0. 0. 0.],[-0.02991068  0.7378487   2.23627615],0.034924595468439845
2024-08-27 11:55:21,606 - hazardous_material 1,hazardous material,[0. 0. 0.],[-0.02715824  0.73884046  2.23733544],0.03357358085674167
2024-08-27 11:55:21,807 - hazardous_material 1,hazardous material,[0. 0. 0.],[-0.02523704  0.74027562  2.23724508],0.0336786271369216
2024-08-27 11:55:22,079 - hazardous_material 1,hazardous material3,[0. 0. 0.],[-0.02763099  0.74110818  2.23795128],0.03264821309394961
2024-08-27 11:55:22,279 - hazardous_material 1,hazardous material3,[0. 0. 0.],[-0.03289625  0.74048358  2.2405467 ],0.030684807277771675
2024-08-27 11:55:22,480 - hazardous_material 1,hazardous material3,[0. 0. 0.],[-0.03842924  0.74027944  2.24214602],0.03457415977842615
2024-08-27 11:55:22,710 - hazardous_material 1,hazardous material3,[0. 0. 0.],[-0.04261981  0.74084496  2.24328709],0.03632464922976375
2024-08-27 11:55:22,944 - hazardous_material 1,hazardous material3,[0. 0. 0.],[-0.0457092   0.74151164  2.24904823],0.033883566754134176
2024-08-27 11:55:23,153 - hazardous_material 1,hazardous material3,[0. 0. 0.],[-0.04613334  0.74177253  2.25322318],0.04066881387553045
2024-08-27 11:55:23,370 - hazardous_material 1,hazardous material3,[0. 0. 0.],[-0.04382101  0.74199444  2.26112318],0.03941621776829152
2024-08-27 11:55:23,575 - hazardous_material 2,hazardous material3,[0. 0. 0.],[-0.04171004  0.74332261  2.26598406],0.03437166579344764
2024-08-27 11:55:23,778 - hazardous_material 2,hazardous material3,[0. 0. 0.],[-0.05401294  0.72921276  2.26508451],0.044056982848743376
2024-08-27 11:55:23,978 - hazardous_material 2,hazardous material3,[0. 0. 0.],[-0.09626362  0.68385392  2.2639327 ],0.04029970520659987
2024-08-27 11:55:24,192 - hazardous_material 2,hazardous material3,[0. 0. 0.],[-0.19484691  0.58126175  2.2599647 ],0.03053615553361122
2024-08-27 11:55:24,392 - hazardous_material 2,hazardous material3,[0. 0. 0.],[-0.31087697  0.45808601  2.26026487],0.02955495436776956
2024-08-27 11:55:24,593 - hazardous_material 2,hazardous material3,[0. 0. 0.],[-0.40643206  0.359348    2.26086974],0.027649021381433547
2024-08-27 11:55:24,807 - hazardous_material 2,hazardous material3,[0. 0. 0.],[-0.53176945  0.23818183  2.25280452],0.03676773260166
2024-08-27 11:55:25,009 - hazardous_material 2,hazardous material3,[0. 0. 0.],[-0.56949699  0.20434687  2.24623966],0.03045734003409284
2024-08-27 11:55:25,225 - hazardous_material 2,hazardous material3,[0. 0. 0.],[-0.58436865  0.19741687  2.23283243],0.030547794451643906
2024-08-27 11:55:25,436 - hazardous_material 2,hazardous material3,[0. 0. 0.],[-0.61536044  0.16446449  2.22211981],0.03611522530657618
2024-08-27 11:55:25,663 - hazardous_material 2,hazardous material3,[0. 0. 0.],[-0.68482232  0.08220661  2.217206  ],0.02865428107855661
2024-08-27 11:55:25,866 - hazardous_material 2,hazardous material3,[0. 0. 0.],[-0.765257   -0.01308865  2.2191751 ],0.029050324904620117
2024-08-27 11:55:26,072 - hazardous_material 2,hazardous material3,[0. 0. 0.],[-0.81719893 -0.06334314  2.22142577],0.03125375277724762
2024-08-27 11:55:26,275 - hazardous_material 2,hazardous material3,[0. 0. 0.],[-0.84521675 -0.07061028  2.22139096],0.02804476314585025
2024-08-27 11:55:26,493 - hazardous_material 2,hazardous material3,[0. 0. 0.],[-0.86602187 -0.07356858  2.21793866],0.026883797473825854
2024-08-27 11:55:26,700 - hazardous_material 2,hazardous material3,[0. 0. 0.],[-0.89107859 -0.11288816  2.21324706],0.03318977116729904
2024-08-27 11:55:26,900 - hazardous_material 2,hazardous material3,[0. 0. 0.],[-0.9198631  -0.16584416  2.20861053],0.02685838110479022
2024-08-27 11:55:27,116 - hazardous_material 2,hazardous material3,[0. 0. 0.],[-0.96393329 -0.23590596  2.20495343],0.0265171415054275
2024-08-27 11:55:27,321 - hazardous_material 2,hazardous material3,[0. 0. 0.],[-0.99683136 -0.26487467  2.20296144],0.022090286953213134
2024-08-27 11:55:27,522 - hazardous_material 2,hazardous material3,[0. 0. 0.],[-1.01974201 -0.26426548  2.20442748],0.028982379983438333
2024-08-27 11:55:27,723 - hazardous_material 2,hazardous material3,[0. 0. 0.],[-1.0374223  -0.26363605  2.20739603],0.03390378480220613
2024-08-27 11:55:27,935 - hazardous_material 2,hazardous material3,[0. 0. 0.],[-1.0561173  -0.28319585  2.21348429],0.030942146158035255
2024-08-27 11:55:28,136 - hazardous_material 2,hazardous material3,[0. 0. 0.],[-1.07349324 -0.32223627  2.21930718],0.028226292030691935
2024-08-27 11:55:28,341 - hazardous_material 2,hazardous material3,[0. 0. 0.],[-1.09209228 -0.36171386  2.22355628],0.03257794814180737
2024-08-27 11:55:28,544 - hazardous_material 2,hazardous material3,[0. 0. 0.],[-1.11325502 -0.38908038  2.22658777],0.026271533263950264
2024-08-27 11:55:28,770 - hazardous_material 2,hazardous material3,[0. 0. 0.],[-1.13085544 -0.39536616  2.23075986],0.02636683218625313
2024-08-27 11:55:28,975 - hazardous_material 2,hazardous material3,[0. 0. 0.],[-1.14723313 -0.39679533  2.23020506],0.030369803694351383
2024-08-27 11:55:29,176 - hazardous_material 2,hazardous material3,[0. 0. 0.],[-1.16072977 -0.40330553  2.22848821],0.03167638720812738
2024-08-27 11:55:29,380 - hazardous_material 2,hazardous material3,[0. 0. 0.],[-1.17316127 -0.41517922  2.22929454],0.026469075518828378
2024-08-27 11:55:29,584 - hazardous_material 2,hazardous material3,[0. 0. 0.],[-1.18394077 -0.42852235  2.23094273],0.035122756540727273
2024-08-27 11:55:29,799 - hazardous_material 2,hazardous material3,[0. 0. 0.],[-1.19389701 -0.43828222  2.23323274],0.031041143210977395
2024-08-27 11:55:30,006 - hazardous_material 2,hazardous material3,[0. 0. 0.],[-1.19932866 -0.44259569  2.23472619],0.027539107092281467
2024-08-27 11:55:30,252 - hazardous_material 2,hazardous material3,[0. 0. 0.],[-1.21299577 -0.45357457  2.24129438],0.025055327959328633
2024-08-27 11:55:30,483 - hazardous_material 2,hazardous material3,[0. 0. 0.],[-1.22467148 -0.46105695  2.24681544],0.03266268174199061
2024-08-27 11:55:30,713 - hazardous_material 2,hazardous material3,[0. 0. 0.],[-1.2312001  -0.46725494  2.24768376],0.029427801636823014
2024-08-27 11:55:30,915 - hazardous_material 2,hazardous material3,[0. 0. 0.],[-1.23718059 -0.47433564  2.24787784],0.03054578100351346
2024-08-27 11:55:31,142 - hazardous_material 2,hazardous material3,[0. 0. 0.],[-1.24215305 -0.47926235  2.2521596 ],0.03258434768656038
2024-08-27 11:55:31,343 - hazardous_material 2,hazardous material3,[0. 0. 0.],[-1.24820352 -0.48347187  2.25579619],0.03410016891853851
2024-08-27 11:55:31,543 - hazardous_material 2,hazardous material3,[0. 0. 0.],[-1.25364876 -0.4870134   2.25744438],0.029451700691532468
2024-08-27 11:55:31,753 - hazardous_material 2,hazardous material3,[0. 0. 0.],[-1.2615124  -0.49723056  2.25933409],0.0341808565877626
2024-08-27 11:55:31,954 - hazardous_material 2,hazardous material3,[0. 0. 0.],[-1.26516581 -0.50654978  2.25739193],0.028987509185153915
2024-08-27 11:55:32,169 - hazardous_material 2,hazardous material3,[0. 0. 0.],[-1.26827335 -0.5185194   2.2519927 ],0.028005278833693303
2024-08-27 11:55:32,428 - hazardous_material 2,hazardous material3,[0. 0. 0.],[-1.27319264 -0.52955908  2.24689555],0.03053003759635442
2024-08-27 11:55:32,670 - hazardous_material 2,hazardous material3,[0. 0. 0.],[-1.28075588 -0.53536236  2.24843812],0.03010913457611042
2024-08-27 11:55:32,876 - hazardous_material 2,hazardous material3,[0. 0. 0.],[-1.29036105 -0.53867757  2.25083756],0.03812636448271367
2024-08-27 11:55:33,076 - hazardous_material 2,hazardous material3,[0. 0. 0.],[-1.30016327 -0.54449826  2.25421858],0.0337869321452271
2024-08-27 11:55:33,279 - hazardous_material 2,hazardous material3,[0. 0. 0.],[-1.30717194 -0.54950315  2.25437737],0.033455918081547464
2024-08-27 11:55:33,486 - hazardous_material 2,hazardous material3,[0. 0. 0.],[-1.31490493 -0.55390972  2.25473094],0.03201729234001349
2024-08-27 11:55:33,703 - hazardous_material 2,hazardous material3,[0. 0. 0.],[-1.3210367  -0.55605257  2.25423908],0.02826351515967529
2024-08-27 11:55:33,913 - hazardous_material 2,hazardous material3,[0. 0. 0.],[-1.32566524 -0.55551863  2.25461078],0.035459165487161215
2024-08-27 11:55:34,125 - hazardous_material 2,hazardous material3,[0. 0. 0.],[-1.3301264  -0.55485702  2.25433755],0.031936389238757856
2024-08-27 11:55:34,328 - hazardous_material 2,hazardous material3,[0. 0. 0.],[-1.33352125 -0.55647999  2.25480676],0.03438408018705541
2024-08-27 11:55:34,558 - hazardous_material 2,hazardous material3,[0. 0. 0.],[-1.33824885 -0.56015974  2.25579596],0.025755220405657697
2024-08-27 11:55:34,759 - hazardous_material 2,hazardous material3,[0. 0. 0.],[-1.34125185 -0.56090492  2.25883532],0.033099931582759146
2024-08-27 11:55:34,972 - hazardous_material 2,hazardous material3,[0. 0. 0.],[-1.34546614 -0.56096709  2.25989652],0.034872380639940914
2024-08-27 11:55:35,173 - hazardous_material 2,hazardous material3,[0. 0. 0.],[-1.34890461 -0.55987167  2.26032066],0.032577183290831035
2024-08-27 11:55:35,386 - hazardous_material 2,hazardous material3,[0. 0. 0.],[-1.35257113 -0.55880314  2.2582984 ],0.03115314735774688
2024-08-27 11:55:35,590 - hazardous_material 2,hazardous material3,[0. 0. 0.],[-1.35611677 -0.55787468  2.25567722],0.03173125809442734
2024-08-27 11:55:35,794 - hazardous_material 2,hazardous material3,[0. 0. 0.],[-1.35971773 -0.5574562   2.25271249],0.031167085956063545
2024-08-27 11:55:35,998 - hazardous_material 2,hazardous material3,[0. 0. 0.],[-1.36418259 -0.55765027  2.25112867],0.023787298779107235
2024-08-27 11:55:36,202 - hazardous_material 2,hazardous material3,[0. 0. 0.],[-1.36663496 -0.55757552  2.24737906],0.03316267039780296
2024-08-27 11:55:36,419 - hazardous_material 2,hazardous material3,[0. 0. 0.],[-1.36844051 -0.56044239  2.24117637],0.024966395974849842
2024-08-27 11:55:36,633 - hazardous_material 2,hazardous material3,[0. 0. 0.],[-1.37032878 -0.56477761  2.23763013],0.026802241363524493
2024-08-27 11:55:36,870 - hazardous_material 2,hazardous material3,[0. 0. 0.],[-1.37270129 -0.56940794  2.23347902],0.028503010959574082
2024-08-27 11:55:37,074 - hazardous_material 2,hazardous material3,[0. 0. 0.],[-1.37665677 -0.57183635  2.23060203],0.029681483444429668
2024-08-27 11:55:37,287 - hazardous_material 2,hazardous material3,[0. 0. 0.],[-1.37995934 -0.57253367  2.22779369],0.027211622304809113
2024-08-27 11:55:37,528 - hazardous_material 2,hazardous material3,[0. 0. 0.],[-1.38651049 -0.57143801  2.22469234],0.025956506622304865
2024-08-27 11:55:37,728 - hazardous_material 2,hazardous material3,[0. 0. 0.],[-1.38933301 -0.57091647  2.22490764],0.030035711328712855
2024-08-27 11:55:37,929 - hazardous_material 2,hazardous material3,[0. 0. 0.],[-1.39169681 -0.57075328  2.22345352],0.029788303668318195
2024-08-27 11:55:38,136 - hazardous_material 2,hazardous material3,[0. 0. 0.],[-1.39179444 -0.5705595   2.22024536],0.03248919109459969
2024-08-27 11:55:38,352 - hazardous_material 2,hazardous material3,[0. 0. 0.],[-1.3899343  -0.57058269  2.21786642],0.025718737687022264
2024-08-27 11:55:38,585 - hazardous_material 2,hazardous material3,[0. 0. 0.],[-1.38795865 -0.56994039  2.21237564],0.027058866573458795
2024-08-27 11:55:38,797 - hazardous_material 2,hazardous material3,[0. 0. 0.],[-1.38887191 -0.56938899  2.20946145],0.033202885763442325
2024-08-27 11:55:39,000 - hazardous_material 2,hazardous material32,[0. 0. 0.],[-1.39254451 -0.56956589  2.20600796],0.029367320970801192
2024-08-27 11:55:39,242 - hazardous_material 2,hazardous material32,[0. 0. 0.],[-1.39677286 -0.56907046  2.20643711],0.028595089172396504
2024-08-27 11:55:39,459 - hazardous_material 2,hazardous material32,[0. 0. 0.],[-1.39980471 -0.56867331  2.20491242],0.0308999917223578
2024-08-27 11:55:39,664 - hazardous_material 2,hazardous material32,[0. 0. 0.],[-1.40278435 -0.5698573   2.20415878],0.031564006320944804
2024-08-27 11:55:39,910 - hazardous_material 2,hazardous material32,[0. 0. 0.],[-1.40367138 -0.57213598  2.20636296],0.026499637033767565
2024-08-27 11:55:40,135 - hazardous_material 2,hazardous material32,[0. 0. 0.],[-1.40373993 -0.57479483  2.2065556 ],0.032320831822404195
2024-08-27 11:55:40,349 - hazardous_material 2,hazardous material32,[0. 0. 0.],[-1.40537882 -0.5752126   2.207973  ],0.03159586426587291
2024-08-27 11:55:40,558 - hazardous_material 2,hazardous material32,[0. 0. 0.],[-1.40874588 -0.57500345  2.2087338 ],0.03789632933943676
2024-08-27 11:55:40,760 - hazardous_material 3,hazardous material32,[0. 0. 0.],[-1.41138124 -0.57444447  2.21176386],0.03508130247124197
2024-08-27 11:55:40,961 - hazardous_material 3,hazardous material32,[0. 0. 0.],[-1.42084301 -0.56235904  2.21395993],0.030239330359703276
2024-08-27 11:55:41,167 - hazardous_material 3,hazardous material32,[0. 0. 0.],[-1.45991039 -0.51492536  2.21675491],0.024940804016789775
2024-08-27 11:55:41,444 - hazardous_material 3,hazardous material32,[0. 0. 0.],[-1.55722129 -0.39739758  2.21677518],0.02561117116057421
2024-08-27 11:55:41,662 - hazardous_material 3,hazardous material32,[0. 0. 0.],[-1.63106537 -0.30579168  2.21597099],0.030508022543148217
2024-08-27 11:55:41,884 - hazardous_material 3,hazardous material32,[0. 0. 0.],[-1.77399719 -0.12838434  2.21179986],0.0306287191119321
2024-08-27 11:55:42,084 - hazardous_material 3,hazardous material32,[0. 0. 0.],[-1.83901989 -0.05731597  2.20127511],0.035367241578970754
2024-08-27 11:55:42,303 - hazardous_material 3,hazardous material32,[0. 0. 0.],[-1.861691   -0.04783332  2.19211555],0.035629631740277334
2024-08-27 11:55:42,509 - hazardous_material 3,hazardous material32,[0. 0. 0.],[-1.86862898 -0.04982664  2.1871748 ],0.022921885528516484
2024-08-27 11:55:42,714 - hazardous_material 3,hazardous material32,[0. 0. 0.],[-1.89727736 -0.00479565  2.18043566],0.02307788541220357
2024-08-27 11:55:42,915 - hazardous_material 3,hazardous material32,[0. 0. 0.],[-1.95886934  0.09171683  2.17299962],0.02941462586756538
2024-08-27 11:55:43,115 - hazardous_material 3,hazardous material32,[0. 0. 0.],[-2.02077913  0.18015403  2.16827536],0.035076118433836845
2024-08-27 11:55:43,315 - hazardous_material 3,hazardous material32,[0. 0. 0.],[-2.07148528  0.23155624  2.16637397],0.032711730221648194
2024-08-27 11:55:43,527 - hazardous_material 3,hazardous material32,[0. 0. 0.],[-2.09129357  0.22050096  2.16543198],0.033697586692128745
2024-08-27 11:55:43,727 - hazardous_material 3,hazardous material32,[0. 0. 0.],[-2.09612584  0.20506285  2.17019176],0.03000518980025535
2024-08-27 11:55:43,936 - hazardous_material 3,hazardous material32,[0. 0. 0.],[-2.10354781  0.22173764  2.17247033],0.014480055236108402
2024-08-27 11:55:44,141 - hazardous_material 3,hazardous material32,[0. 0. 0.],[-2.13650274  0.3059426   2.17361355],0.034009848081218985
2024-08-27 11:55:44,358 - hazardous_material 3,hazardous material32,[0. 0. 0.],[-2.18380713  0.40281245  2.17333913],0.03965189504377009
2024-08-27 11:55:44,588 - hazardous_material 3,hazardous material32,[0. 0. 0.],[-2.22518754  0.4292807   2.16959691],0.028159445857763643
2024-08-27 11:55:44,789 - hazardous_material 3,hazardous material32,[0. 0. 0.],[-2.24430299  0.39499661  2.16902614],0.03502476958278877
2024-08-27 11:55:44,989 - hazardous_material 3,hazardous material32,[0. 0. 0.],[-2.25561738  0.36213222  2.17295909],0.025785038984662112
2024-08-27 11:55:45,216 - hazardous_material 3,hazardous material32,[0. 0. 0.],[-2.27057242  0.39372465  2.17520499],0.04000650676800799
2024-08-27 11:55:45,426 - hazardous_material 3,hazardous material32,[0. 0. 0.],[-2.28766108  0.47215277  2.17940712],0.03488736202841003
2024-08-27 11:55:45,631 - hazardous_material 3,hazardous material32,[0. 0. 0.],[-2.30548596  0.54408312  2.18095112],0.03772648765364073
2024-08-27 11:55:45,844 - hazardous_material 3,hazardous material32,[0. 0. 0.],[-2.31827521  0.55912679  2.18338108],0.044358995897308295
2024-08-27 11:55:46,055 - hazardous_material 3,hazardous material32,[0. 0. 0.],[-2.33179927  0.506841    2.18587852],0.037502495160038674
2024-08-27 11:55:46,255 - hazardous_material 3,hazardous material32,[0. 0. 0.],[-2.33859038  0.46654981  2.19098735],0.04172544148162238
2024-08-27 11:55:46,459 - hazardous_material 3,hazardous material32,[0. 0. 0.],[-2.34953403  0.47232607  2.19476271],0.02855859578491371
2024-08-27 11:55:46,669 - hazardous_material 3,hazardous material32,[0. 0. 0.],[-2.36620378  0.54530793  2.19784665],0.04230153232173839
2024-08-27 11:55:46,884 - hazardous_material 3,hazardous material32,[0. 0. 0.],[-2.38081574  0.61929721  2.19623303],0.045498311551950055
2024-08-27 11:55:47,098 - hazardous_material 3,hazardous material32,[0. 0. 0.],[-2.39244485  0.6307044   2.19345498],0.04046812110996889
2024-08-27 11:55:47,324 - hazardous_material 3,hazardous material32,[0. 0. 0.],[-2.40047979  0.58246541  2.18543601],0.04167804746863246
2024-08-27 11:55:47,526 - hazardous_material 3,hazardous material32,[0. 0. 0.],[-2.40339494  0.55186468  2.1828475 ],0.043474868057670646
2024-08-27 11:55:47,736 - hazardous_material 3,hazardous material32,[0. 0. 0.],[-2.40638614  0.57099688  2.18045592],0.024687879741295715
2024-08-27 11:55:47,950 - hazardous_material 3,hazardous material32,[0. 0. 0.],[-2.41189384  0.64196903  2.1775372 ],0.04018134583715338
2024-08-27 11:55:48,170 - hazardous_material 3,hazardous material32,[0. 0. 0.],[-2.41933894  0.68156093  2.17433   ],0.03360884133319009
2024-08-27 11:55:48,376 - hazardous_material 3,hazardous material32,[0. 0. 0.],[-2.42487144  0.6627481   2.17074013],0.039673772289435805
2024-08-27 11:55:48,581 - hazardous_material 3,hazardous material32,[0. 0. 0.],[-2.43193722  0.62039614  2.17039132],0.04165256695029185
2024-08-27 11:55:48,782 - hazardous_material 3,hazardous material32,[0. 0. 0.],[-2.44255924  0.59267652  2.16735601],0.03339880286940744
2024-08-27 11:55:48,987 - hazardous_material 3,hazardous material32,[0. 0. 0.],[-2.45426273  0.60357988  2.16020226],0.03472117634593297
2024-08-27 11:55:49,192 - hazardous_material 3,hazardous material32,[0. 0. 0.],[-2.46369267  0.62651843  2.15386724],0.03004384237009039
2024-08-27 11:55:49,397 - hazardous_material 3,hazardous material32,[0. 0. 0.],[-2.47514367  0.66672206  2.14280081],0.03586531244629332
2024-08-27 11:55:49,611 - hazardous_material 3,hazardous material32,[0. 0. 0.],[-2.47879314  0.68090504  2.13319564],0.03206068373577575
2024-08-27 11:55:49,817 - hazardous_material 3,hazardous material32,[0. 0. 0.],[-2.47767138  0.67674798  2.12820697],0.03583591577503231
2024-08-27 11:55:50,017 - hazardous_material 3,hazardous material32,[0. 0. 0.],[-2.47558498  0.66707975  2.12527108],0.03516122951797018
2024-08-27 11:55:50,228 - hazardous_material 3,hazardous material32,[0. 0. 0.],[-2.47395706  0.6605128   2.1256907 ],0.03213616435924638
2024-08-27 11:55:50,474 - hazardous_material 3,hazardous material32,[0. 0. 0.],[-2.47346377  0.65702361  2.12622833],0.026254813821392053
2024-08-27 11:55:50,719 - hazardous_material 3,hazardous material32,[0. 0. 0.],[-2.47653413  0.65891981  2.12588525],0.03371926468705766
2024-08-27 11:55:50,957 - hazardous_material 3,hazardous material32,[0. 0. 0.],[-2.48194122  0.66188616  2.1271255 ],0.026264574068131763
2024-08-27 11:55:51,162 - hazardous_material 3,hazardous material32,[0. 0. 0.],[-2.48759985  0.66480398  2.13010049],0.03527717877446124
2024-08-27 11:55:51,389 - hazardous_material 3,hazardous material32,[0. 0. 0.],[-2.49328494  0.66756386  2.13353324],0.029677404947291208
2024-08-27 11:55:51,617 - hazardous_material 3,hazardous material32,[0. 0. 0.],[-2.49733353  0.67076713  2.13431191],0.03218321689618664
2024-08-27 11:55:51,831 - hazardous_material 3,hazardous material32,[0. 0. 0.],[-2.49752259  0.67208171  2.13472915],0.03510605902109498
2024-08-27 11:55:52,053 - hazardous_material 3,hazardous material32,[0. 0. 0.],[-2.4946332   0.6741665   2.13396835],0.03834554077992003
2024-08-27 11:55:52,259 - hazardous_material 3,hazardous material32,[0. 0. 0.],[-2.49303865  0.67293972  2.13067245],0.03646894470605799
2024-08-27 11:55:52,468 - hazardous_material 3,hazardous material32,[0. 0. 0.],[-2.49134493  0.67140752  2.12739158],0.03672487671427471
2024-08-27 11:55:52,670 - hazardous_material 3,hazardous material321,[0. 0. 0.],[-2.49054527  0.66918617  2.12539649],0.035124218463260526
2024-08-27 11:55:52,885 - hazardous_material 3,hazardous material321,[0. 0. 0.],[-2.49184418  0.66753411  2.12375593],0.03447226527915892
2024-08-27 11:55:53,130 - hazardous_material 3,hazardous material321,[0. 0. 0.],[-2.49378824  0.66952902  2.12155533],0.03393184161557827
2024-08-27 11:55:53,333 - hazardous_material 3,hazardous material321,[0. 0. 0.],[-2.49591541  0.67097366  2.1203835 ],0.027499898665691802
2024-08-27 11:55:53,544 - hazardous_material 3,hazardous material321,[0. 0. 0.],[-2.49796414  0.669662    2.11956811],0.025405899211427885
2024-08-27 11:55:53,752 - hazardous_material 3,hazardous material321,[0. 0. 0.],[-2.49980617  0.66822565  2.1176002 ],0.024491901914637237
2024-08-27 11:55:53,969 - hazardous_material 4,hazardous material321,[0. 0. 0.],[-2.50128794  0.66578931  2.1179738 ],0.1400394300254475
2024-08-27 11:55:54,175 - hazardous_material 4,hazardous material321,[0. 0. 0.],[-2.49918962  0.63314146  2.11362934],0.4689801398253848
2024-08-27 11:55:54,380 - hazardous_material 4,hazardous material321,[0. 0. 0.],[-2.48666978  0.57456183  2.11881948],0.7096008982764489
2024-08-27 11:55:54,580 - hazardous_material 4,hazardous material321,[0. 0. 0.],[-2.46321797  0.44720289  2.13006496],0.9904470793292831
2024-08-27 11:55:54,781 - hazardous_material 4,hazardous material321,[0. 0. 0.],[-2.45441675  0.29511461  2.13969469],1.1412200650838553
2024-08-27 11:55:54,986 - hazardous_material 4,hazardous material321,[0. 0. 0.],[-2.47292709  0.21807458  2.14602923],1.2394966654649013
2024-08-27 11:55:55,211 - hazardous_material 4,hazardous material321,[0. 0. 0.],[-2.51016855  0.19004886  2.14758897],1.3293556519324286
2024-08-27 11:55:55,411 - hazardous_material 4,hazardous material321,[0. 0. 0.],[-2.52365851  0.18717492  2.14808679],1.3251006967696253
2024-08-27 11:55:55,617 - hazardous_material 4,hazardous material321,[0. 0. 0.],[-2.52126265  0.18186679  2.1468451 ],1.3603113792281718
2024-08-27 11:55:55,831 - hazardous_material 4,hazardous material321,[0. 0. 0.],[-2.48151398  0.04772447  2.14460373],1.4209312743016942
2024-08-27 11:55:56,036 - hazardous_material 4,hazardous material321,[0. 0. 0.],[-2.47272849 -0.05269625  2.145684  ],1.4406644944034195
2024-08-27 11:55:56,242 - hazardous_material 4,hazardous material321,[0. 0. 0.],[-2.48462558 -0.09575227  2.14438486],1.4538546383276647
2024-08-27 11:55:56,517 - hazardous_material 4,hazardous material321,[0. 0. 0.],[-2.50691891 -0.08423712  2.15107632],1.4808943550295546
2024-08-27 11:55:56,723 - hazardous_material 4,hazardous material321,[0. 0. 0.],[-2.51301169 -0.08371869  2.16150832],1.484547319429036
2024-08-27 11:55:56,942 - hazardous_material 4,hazardous material321,[0. 0. 0.],[-2.50913548 -0.13105057  2.17600274],1.5186036876378683
2024-08-27 11:55:57,151 - hazardous_material 4,hazardous material321,[0. 0. 0.],[-2.50041986 -0.19191614  2.18858194],1.5138798545594734
2024-08-27 11:55:57,353 - hazardous_material 4,hazardous material321,[0. 0. 0.],[-2.49183631 -0.23669256  2.19793487],1.5308720714338595
2024-08-27 11:55:57,557 - hazardous_material 4,hazardous material321,[0. 0. 0.],[-2.48910332 -0.25120005  2.20095134],1.5246108112706351
2024-08-27 11:55:57,759 - hazardous_material 4,hazardous material321,[0. 0. 0.],[-2.48818779 -0.25248536  2.20522547],1.5358439049808348
2024-08-27 11:55:57,959 - hazardous_material 4,hazardous material321,[0. 0. 0.],[-2.4893024  -0.2579717   2.20900965],1.5353056383448347
2024-08-27 11:55:58,165 - hazardous_material 4,hazardous material321,[0. 0. 0.],[-2.49178243 -0.27968767  2.21152449],1.5223124290622154
2024-08-27 11:55:58,374 - hazardous_material 4,hazardous material321,[0. 0. 0.],[-2.49396276 -0.29782045  2.21352935],1.5458740953332726
2024-08-27 11:55:58,579 - hazardous_material 4,hazardous material321,[0. 0. 0.],[-2.49330759 -0.3244884   2.21559906],1.5506005724192005
2024-08-27 11:55:58,807 - hazardous_material 4,hazardous material321,[0. 0. 0.],[-2.49077296 -0.34713161  2.21774793],1.5469133313755603
2024-08-27 11:55:59,068 - hazardous_material 4,hazardous material321,[0. 0. 0.],[-2.48995256 -0.36720493  2.21669579],1.5470959616349473
2024-08-27 11:55:59,269 - hazardous_material 4,hazardous material321,[0. 0. 0.],[-2.49112248 -0.37876633  2.21619058],1.5415267661582013
2024-08-27 11:55:59,469 - hazardous_material 4,hazardous material321,[0. 0. 0.],[-2.48942327 -0.39148417  2.21558642],1.5411676920690347
2024-08-27 11:55:59,683 - hazardous_material 4,hazardous material321,[0. 0. 0.],[-2.49035883 -0.40515149  2.21496391],1.54447375955255
2024-08-27 11:55:59,918 - hazardous_material 4,hazardous material321,[0. 0. 0.],[-2.48887539 -0.4171617   2.21507168],1.544002510552527
2024-08-27 11:56:00,119 - hazardous_material 4,hazardous material321,[0. 0. 0.],[-2.48767996 -0.42659712  2.21376562],1.5357039471828258
2024-08-27 11:56:00,348 - hazardous_material 4,hazardous material321,[0. 0. 0.],[-2.48645973 -0.43646583  2.21554971],1.532725815098704
2024-08-27 11:56:00,548 - hazardous_material 4,hazardous material321,[0. 0. 0.],[-2.48681879 -0.44390249  2.21662426],1.5338221321810022
2024-08-27 11:56:00,750 - hazardous_material 4,hazardous material321,[0. 0. 0.],[-2.48645306 -0.45163092  2.2223053 ],1.5313117333278476
2024-08-27 11:56:00,961 - hazardous_material 4,hazardous material321,[0. 0. 0.],[-2.48638105 -0.46036285  2.22555447],1.5371637458550156
2024-08-27 11:56:01,163 - hazardous_material 4,hazardous material321,[0. 0. 0.],[-2.48683882 -0.46349519  2.22637129],1.5370107934698904
2024-08-27 11:56:01,369 - hazardous_material 4,hazardous material321,[0. 0. 0.],[-2.4867785  -0.4758555   2.22689462],1.5237681385410917
2024-08-27 11:56:01,584 - hazardous_material 4,hazardous material321,[0. 0. 0.],[-2.48441887 -0.4849914   2.22610497],1.5213507072661405
2024-08-27 11:56:01,790 - hazardous_material 4,hazardous material321,[0. 0. 0.],[-2.48270607 -0.49436203  2.22277141],1.5193411353459767
2024-08-27 11:56:01,995 - hazardous_material 4,hazardous material321,[0. 0. 0.],[-2.48272634 -0.50277567  2.2213676 ],1.5233112295553406
2024-08-27 11:56:02,199 - hazardous_material 4,hazardous material321,[0. 0. 0.],[-2.48103285 -0.5115059   2.2185626 ],1.5169335070450205
2024-08-27 11:56:02,401 - hazardous_material 4,hazardous material321,[0. 0. 0.],[-2.48107696 -0.5193966   2.21402121],1.526836023098183
2024-08-27 11:56:02,606 - hazardous_material 4,hazardous material321,[0. 0. 0.],[-2.47904968 -0.52785271  2.20629978],1.5182482071434893
2024-08-27 11:56:02,812 - hazardous_material 4,hazardous material321,[0. 0. 0.],[-2.47677469 -0.53432041  2.19885111],1.5190645898302413
2024-08-27 11:56:03,012 - hazardous_material 4,hazardous material321,[0. 0. 0.],[-2.47511387 -0.54158676  2.1910851 ],1.5240423158375007
2024-08-27 11:56:03,217 - hazardous_material 4,hazardous material321,[0. 0. 0.],[-2.47379017 -0.54792482  2.18528795],1.5254510117312485
2024-08-27 11:56:03,419 - hazardous_material 4,hazardous material321,[0. 0. 0.],[-2.4736588  -0.55505997  2.18064189],1.5204849660986584
2024-08-27 11:56:03,624 - hazardous_material 4,hazardous material321,[0. 0. 0.],[-2.47282457 -0.5628686   2.17471981],1.5269414051133947
2024-08-27 11:56:03,826 - hazardous_material 4,hazardous material321,[0. 0. 0.],[-2.4726963  -0.57133216  2.16821599],1.5174512395320559
2024-08-27 11:56:04,026 - hazardous_material 4,hazardous material321,[0. 0. 0.],[-2.47220659 -0.57995766  2.16215611],1.5181846530055734
2024-08-27 11:56:04,232 - hazardous_material 4,hazardous material321,[0. 0. 0.],[-2.4709456  -0.58695042  2.15652895],1.5202102650766607
2024-08-27 11:56:04,443 - hazardous_material 4,hazardous material321,[0. 0. 0.],[-2.46864176 -0.59190869  2.1522522 ],1.5099009854439658
2024-08-27 11:56:04,664 - hazardous_material 4,hazardous material321,[0. 0. 0.],[-2.46877122 -0.59526056  2.1453228 ],1.5300512592008617
2024-08-27 11:56:04,884 - hazardous_material 4,hazardous material321,[0. 0. 0.],[-2.47052336 -0.59293532  2.14232826],1.5290427802207671
2024-08-27 11:56:05,141 - hazardous_material 4,hazardous material321,[0. 0. 0.],[-2.47030735 -0.58898127  2.14087129],1.5236050991979784
2024-08-27 11:56:05,358 - hazardous_material 4,hazardous material321,[0. 0. 0.],[-2.47150493 -0.58790088  2.14322305],1.5313066107286049
2024-08-27 11:56:05,559 - hazardous_material 4,hazardous material321,[0. 0. 0.],[-2.47122812 -0.58654195  2.14227915],1.5168043454020557
2024-08-27 11:56:05,763 - hazardous_material 4,hazardous material321,[0. 0. 0.],[-2.47159839 -0.58654654  2.14238739],1.5180465668675067
2024-08-27 11:56:05,974 - hazardous_material 4,hazardous material321,[0. 0. 0.],[-2.47171688 -0.58792472  2.14224625],1.5269266729466624
2024-08-27 11:56:06,180 - hazardous_material 4,hazardous material321,[0. 0. 0.],[-2.47094154 -0.58979613  2.14160633],1.5239776131933516
2024-08-27 11:56:06,385 - hazardous_material 4,hazardous material321,[0. 0. 0.],[-2.47014523 -0.59259099  2.14071727],1.5185639912987936
2024-08-27 11:56:06,642 - hazardous_material 4,hazardous material321,[0. 0. 0.],[-2.47312236 -0.59581023  2.14049673],1.5372560399969373
2024-08-27 11:56:06,892 - hazardous_material 4,hazardous material321,[0. 0. 0.],[-2.47484589 -0.59914738  2.14130139],1.5269459510068601
2024-08-27 11:56:07,093 - hazardous_material 4,hazardous material321,[0. 0. 0.],[-2.47523761 -0.59939784  2.14107203],1.5331597499812575
2024-08-27 11:56:07,295 - hazardous_material 4,hazardous material321,[0. 0. 0.],[-2.47739959 -0.60089397  2.14047027],1.5396525905486291
2024-08-27 11:56:07,502 - hazardous_material 4,hazardous material321,[0. 0. 0.],[-2.47786975 -0.6015839   2.14010048],1.5404793949239635
2024-08-27 11:56:07,706 - hazardous_material 4,hazardous material321,[0. 0. 0.],[-2.47792864 -0.60171974  2.13935971],1.5426641986282543
2024-08-27 11:56:07,921 - hazardous_material 4,hazardous material321,[0. 0. 0.],[-2.4776001  -0.60299772  2.13861656],1.538518037175911
2024-08-27 11:56:08,122 - hazardous_material 4,hazardous material321,[0. 0. 0.],[-2.47577548 -0.60340607  2.1363163 ],1.5465101903777447
2024-08-27 11:56:08,349 - hazardous_material 4,hazardous material321,[0. 0. 0.],[-2.47516394 -0.60543102  2.13505983],1.5504990554466531
2024-08-27 11:56:08,556 - hazardous_material 4,hazardous material321,[0. 0. 0.],[-2.47544408 -0.60616648  2.13287377],1.5506928812690877
2024-08-27 11:56:08,769 - hazardous_material 4,hazardous material321,[0. 0. 0.],[-2.4752996  -0.60645378  2.1323278 ],1.5514591260429242
2024-08-27 11:56:08,981 - retrun home WP9,hazardous material321,[0. 0. 0.],[-2.4742794  -0.60600466  2.13291097],1.5479535111461353
2024-08-27 11:56:09,183 - retrun home WP9,hazardous material321,[0. 0. 0.],[-2.46798158 -0.60495806  2.13220596],1.4054942351701432
2024-08-27 11:56:09,407 - retrun home WP9,hazardous material321,[0. 0. 0.],[-2.42835617 -0.59709066  2.13034058],1.0780041444899182
2024-08-27 11:56:09,608 - retrun home WP9,hazardous material321,[0. 0. 0.],[-2.35484028 -0.58153337  2.13166833],0.8346136609374205
2024-08-27 11:56:09,808 - retrun home WP9,hazardous material321,[0. 0. 0.],[-2.20102406 -0.55422491  2.13660026],0.533009017290091
2024-08-27 11:56:10,008 - retrun home WP9,hazardous material321,[0. 0. 0.],[-2.02989173 -0.52873039  2.14149475],0.3766674058828905
2024-08-27 11:56:10,209 - retrun home WP9,hazardous material321,[0. 0. 0.],[-1.8323524  -0.49944744  2.14522767],0.2816886163233421
2024-08-27 11:56:10,419 - retrun home WP9,hazardous material321,[0. 0. 0.],[-1.59652865 -0.45366171  2.14963889],0.22685274484913776
2024-08-27 11:56:10,647 - retrun home WP9,hazardous material321,[0. 0. 0.],[-1.35730946 -0.38963664  2.15046501],0.1850047648864832
2024-08-27 11:56:10,892 - retrun home WP9,hazardous material321,[0. 0. 0.],[-1.21949244 -0.34505925  2.14816117],0.1570518482865877
2024-08-27 11:56:11,161 - retrun home WP9,hazardous material321,[0. 0. 0.],[-1.13496053 -0.32573974  2.1442647 ],0.12195852193574153
2024-08-27 11:56:11,418 - retrun home WP9,hazardous material321,[0. 0. 0.],[-1.04470181 -0.3247304   2.1448462 ],0.10360693674124422
2024-08-27 11:56:11,641 - retrun home WP9,hazardous material321,[0. 0. 0.],[-0.89413607 -0.31202441  2.14788866],0.0883901893197312
2024-08-27 11:56:11,843 - retrun home WP9,hazardous material321,[0. 0. 0.],[-0.81392604 -0.29872271  2.14902925],0.0847800884619394
2024-08-27 11:56:12,044 - retrun home WP9,hazardous material321,[0. 0. 0.],[-0.59519064 -0.24302474  2.14914536],0.06865448324784618
2024-08-27 11:56:12,244 - retrun home WP9,hazardous material321,[0. 0. 0.],[-0.54496866 -0.21931201  2.14439273],0.06984675815776531
2024-08-27 11:56:12,486 - retrun home WP9,hazardous material321,[0. 0. 0.],[-0.53725147 -0.20078483  2.13954258],0.0691366227777257
2024-08-27 11:56:12,693 - retrun home WP9,hazardous material321,[0. 0. 0.],[-0.51807797 -0.19294308  2.13259697],0.08004105116976867
2024-08-27 11:56:12,936 - retrun home WP9,hazardous material321,[0. 0. 0.],[-0.41070956 -0.18338127  2.12968254],0.07711291567717438
2024-08-27 11:56:13,146 - retrun home WP9,hazardous material321,[0. 0. 0.],[-0.26914313 -0.16763957  2.13291335],0.07463934783370374
2024-08-27 11:56:13,371 - retrun home WP9,hazardous material321,[0. 0. 0.],[-0.15421541 -0.14778069  2.13239241],0.060972178359445905
2024-08-27 11:56:13,625 - retrun home WP9,hazardous material321,[0. 0. 0.],[-0.11946678 -0.13316953  2.13209486],0.05764396639937441
2024-08-27 11:56:13,870 - retrun home WP9,hazardous material321,[0. 0. 0.],[-0.14995934 -0.13067956  2.13119578],0.062365982114821916
2024-08-27 11:56:14,071 - retrun home WP9,hazardous material321,[0. 0. 0.],[-0.15431313 -0.13086087  2.13042831],0.06509682107794723
2024-08-27 11:56:14,272 - retrun home WP9,hazardous material321,[0. 0. 0.],[-0.11410237 -0.12896852  2.12929869],0.059545867668352015
2024-08-27 11:56:14,478 - retrun home WP9,hazardous material321,[0. 0. 0.],[-1.40607147e-03 -1.18528932e-01  2.13297653e+00],0.05183229221667163
2024-08-27 11:56:14,678 - retrun home WP9,hazardous material321,[0. 0. 0.],[ 0.11932527 -0.09885421  2.14121747],0.04670622183960127
2024-08-27 11:56:14,879 - retrun home WP9,hazardous material321,[0. 0. 0.],[ 0.15951194 -0.08253037  2.14618778],0.03647213952633166
2024-08-27 11:56:15,122 - retrun home WP9,hazardous material321,[0. 0. 0.],[ 0.1271428  -0.0724704   2.14979815],0.038198372364750544
2024-08-27 11:56:15,322 - retrun home WP9,hazardous material321,[0. 0. 0.],[ 0.07437318 -0.07239095  2.15603018],0.03713897934034005
2024-08-27 11:56:15,524 - retrun home WP9,hazardous material321,[0. 0. 0.],[ 0.0681767  -0.07300173  2.15670586],0.037860861095248444
2024-08-27 11:56:15,727 - retrun home WP9,hazardous material321,[0. 0. 0.],[ 0.1072918  -0.07236122  2.16412735],0.04197513995764979
2024-08-27 11:56:15,928 - retrun home WP9,hazardous material321,[0. 0. 0.],[ 0.19137904 -0.06841305  2.16980243],0.037730122417063416
2024-08-27 11:56:16,128 - retrun home WP9,hazardous material321,[0. 0. 0.],[ 0.32172206 -0.05786522  2.17701912],0.035670564167527896
2024-08-27 11:56:16,334 - retrun home WP9,hazardous material321,[0. 0. 0.],[ 0.37837023 -0.04942844  2.17537403],0.03357627691930687
2024-08-27 11:56:16,540 - retrun home WP10,hazardous material321,[0. 0. 0.],[ 0.38117418 -0.04727109  2.17486477],0.037361832371341164
2024-08-27 11:56:16,740 - retrun home WP10,hazardous material321,[0. 0. 0.],[ 0.31501722 -0.04858735  2.17556858],0.35882753153242297
2024-08-27 11:56:16,968 - retrun home WP10,hazardous material321,[0. 0. 0.],[ 0.26333058 -0.04815033  2.17293692],0.6404670429762296
2024-08-27 11:56:17,170 - retrun home WP10,hazardous material321,[0. 0. 0.],[ 0.2649177  -0.02208977  2.16809773],0.9771543693898069
2024-08-27 11:56:17,372 - retrun home WP10,hazardous material321,[0. 0. 0.],[3.08284104e-01 2.02336069e-03 2.16620874e+00],1.103797538758164
2024-08-27 11:56:17,573 - retrun home WP10,hazardous material321,[0. 0. 0.],[0.40447557 0.02243453 2.16432238],1.2352399465333896
2024-08-27 11:56:17,778 - retrun home WP10,hazardous material321,[0. 0. 0.],[0.43604514 0.00929124 2.15907764],1.291323762157334
2024-08-27 11:56:17,978 - retrun home WP10,hazardous material321,[0. 0. 0.],[ 0.41436657 -0.01885334  2.1557827 ],1.3443325230243008
2024-08-27 11:56:18,179 - retrun home WP11,hazardous material321,[0. 0. 0.],[ 0.38017961 -0.02822163  2.15475988],1.3735700800483546
2024-08-27 11:56:18,433 - retrun home WP11,hazardous material321,[0. 0. 0.],[ 3.56319606e-01 -8.53658421e-04  2.15073228e+00],1.4245935366077582
2024-08-27 11:56:18,682 - retrun home WP11,hazardous material321,[0. 0. 0.],[0.42207015 0.0797454  2.14780378],1.4500665712837304
2024-08-27 11:56:18,887 - retrun home WP11,hazardous material321,[0. 0. 0.],[0.49654412 0.17805026 2.14530134],1.4598698561697798
2024-08-27 11:56:19,094 - retrun home WP11,hazardous material321,[0. 0. 0.],[0.58059359 0.3114374  2.14333057],1.4692003153962672
2024-08-27 11:56:19,328 - retrun home WP11,hazardous material321,[0. 0. 0.],[0.70965934 0.57961524 2.14257097],1.4792864215558958
2024-08-27 11:56:19,569 - retrun home WP11,hazardous material321,[0. 0. 0.],[0.80394453 0.849114   2.1424768 ],1.4884883042428547
2024-08-27 11:56:19,792 - retrun home WP11,hazardous material321,[0. 0. 0.],[0.87485409 1.15208888 2.14480162],1.5037106697490994
2024-08-27 11:56:19,993 - retrun home WP11,hazardous material321,[0. 0. 0.],[0.90330362 1.31544304 2.14711905],1.497177680907428
2024-08-27 11:56:20,200 - retrun home WP11,hazardous material321,[0. 0. 0.],[0.95196825 1.53615594 2.14440465],1.5091247641836194
2024-08-27 11:56:20,402 - retrun home WP11,hazardous material321,[0. 0. 0.],[0.99112678 1.61512744 2.14574409],1.5288812810535428
2024-08-27 11:56:20,603 - retrun home WP11,hazardous material321,[0. 0. 0.],[1.04638386 1.70579481 2.15200758],1.53553893706884
2024-08-27 11:56:20,833 - retrun home WP11,hazardous material321,[0. 0. 0.],[1.10666621 1.86135244 2.16157079],1.5352108247670075
2024-08-27 11:56:21,077 - retrun home WP11,hazardous material321,[0. 0. 0.],[1.1548301  2.06571913 2.16906309],1.546289370477361
2024-08-27 11:56:21,286 - retrun home WP11,hazardous material321,[0. 0. 0.],[1.1742332  2.22431874 2.17146349],1.5399173347030448
2024-08-27 11:56:21,493 - retrun home WP11,hazardous material321,[0. 0. 0.],[1.18348598 2.32197547 2.16565514],1.547118526041604
2024-08-27 11:56:21,694 - retrun home WP11,hazardous material321,[0. 0. 0.],[1.19647312 2.34916949 2.16252041],1.5506685785062488
2024-08-27 11:56:21,900 - retrun home WP11,hazardous material321,[0. 0. 0.],[1.22327828 2.3924439  2.16699719],1.557274853296365
2024-08-27 11:56:22,177 - retrun home WP11,hazardous material321,[0. 0. 0.],[1.26639497 2.53824925 2.1728127 ],1.5624647261528462
2024-08-27 11:56:22,399 - retrun home WP11,hazardous material321,[0. 0. 0.],[1.29168797 2.68197513 2.17994761],1.5600027817705557
2024-08-27 11:56:22,602 - retrun home WP11,hazardous material321,[0. 0. 0.],[1.306288   2.77096725 2.18431306],1.5443441187291194
2024-08-27 11:56:22,802 - retrun home WP11,hazardous material321,[0. 0. 0.],[1.31453919 2.7959187  2.18331957],1.5513759673843
2024-08-27 11:56:23,008 - retrun home WP11,hazardous material321,[0. 0. 0.],[1.32130969 2.79332495 2.18214321],1.5619134287429421
2024-08-27 11:56:23,212 - retrun home WP11,hazardous material321,[0. 0. 0.],[1.33430338 2.83372808 2.18441296],1.5605379299866662
2024-08-27 11:56:23,414 - retrun home WP11,hazardous material321,[0. 0. 0.],[1.35007942 2.91447973 2.18566108],1.5620380154160887
2024-08-27 11:56:23,616 - retrun home WP11,hazardous material321,[0. 0. 0.],[1.37136793 3.02594471 2.19301987],1.5560657851293076
2024-08-27 11:56:23,823 - retrun home WP11,hazardous material321,[0. 0. 0.],[1.38671434 3.0812974  2.19639134],1.5511525860786382
2024-08-27 11:56:24,045 - retrun home WP11,hazardous material321,[0. 0. 0.],[1.39800394 3.07873702 2.19869018],1.5571589093639817
2024-08-27 11:56:24,296 - retrun home WP11,hazardous material321,[0. 0. 0.],[1.40662658 3.0778985  2.2009871 ],1.5670203381650696
2024-08-27 11:56:24,498 - retrun home WP11,hazardous material321,[0. 0. 0.],[1.41364527 3.1195426  2.20657778],1.5620710154668562
2024-08-27 11:56:24,735 - retrun home WP11,hazardous material321,[0. 0. 0.],[1.42549777 3.23267698 2.21297646],1.5753849317559
2024-08-27 11:56:24,936 - retrun home WP11,hazardous material321,[0. 0. 0.],[1.43507755 3.29491282 2.21726441],1.5677907623913148
2024-08-27 11:56:25,136 - retrun home WP11,hazardous material321,[0. 0. 0.],[1.44046915 3.30195737 2.2209065 ],1.5616130116696618
2024-08-27 11:56:25,337 - retrun home WP11,hazardous material321,[0. 0. 0.],[1.44344401 3.27122498 2.22053647],1.5617629333760177
2024-08-27 11:56:25,543 - retrun home WP11,hazardous material321,[0. 0. 0.],[1.44788516 3.24638247 2.22153401],1.5611641378198604
2024-08-27 11:56:25,746 - retrun home WP11,hazardous material321,[0. 0. 0.],[1.45110929 3.26039386 2.21769333],1.5734361722975225
2024-08-27 11:56:25,961 - retrun home WP11,hazardous material321,[0. 0. 0.],[1.45751393 3.30475855 2.2238059 ],1.5693770546591894
2024-08-27 11:56:26,166 - retrun home WP11,hazardous material321,[0. 0. 0.],[1.4602989  3.34784937 2.21953416],1.5767812893729873
2024-08-27 11:56:26,367 - retrun home WP11,hazardous material321,[0. 0. 0.],[1.46438229 3.3626771  2.22185326],1.5560419497842677
2024-08-27 11:56:26,575 - retrun home WP11,hazardous material321,[0. 0. 0.],[1.46862566 3.36484718 2.22105241],1.5657913187214187
2024-08-27 11:56:26,829 - retrun home WP11,hazardous material321,[0. 0. 0.],[1.47535753 3.36428475 2.22104859],1.581117328774903
2024-08-27 11:56:27,031 - retrun home WP11,hazardous material321,[0. 0. 0.],[1.48396695 3.36867833 2.22290039],1.5728977462252178
2024-08-27 11:56:27,240 - retrun home WP11,hazardous material321,[0. 0. 0.],[1.49100161 3.37722301 2.2264111 ],1.5663111439476152
2024-08-27 11:56:27,442 - retrun home WP11,hazardous material321,[0. 0. 0.],[1.49681771 3.38577414 2.2294209 ],1.5643961345741668
2024-08-27 11:56:27,648 - retrun home WP11,hazardous material321,[0. 0. 0.],[1.5031209  3.39599013 2.23282909],1.56617940279991
2024-08-27 11:56:27,855 - retrun home WP11,hazardous material321,[0. 0. 0.],[1.50962985 3.40637994 2.2354691 ],1.567348327439612
2024-08-27 11:56:28,111 - retrun home WP12,hazardous material321,[0. 0. 0.],[1.51506841 3.41583157 2.23528528],1.5800550520673988
2024-08-27 11:56:28,316 - retrun home WP12,hazardous material321,[0. 0. 0.],[1.51692438 3.42066121 2.23225451],1.7655675091382694
2024-08-27 11:56:28,522 - retrun home WP12,hazardous material321,[0. 0. 0.],[1.5159843  3.4273572  2.22819924],2.140656016189818
2024-08-27 11:56:28,726 - retrun home WP12,hazardous material321,[0. 0. 0.],[1.51179159 3.43007994 2.23553562],2.4626136802311924
2024-08-27 11:56:28,968 - retrun home WP12,hazardous material321,[0. 0. 0.],[1.51306403 3.43058658 2.24931431],2.7067395977920334
2024-08-27 11:56:29,194 - retrun home WP12,hazardous material321,[0. 0. 0.],[1.51650417 3.42716265 2.2551775 ],2.826024068306159
2024-08-27 11:56:29,394 - retrun home WP12,hazardous material321,[0. 0. 0.],[1.52155244 3.42634296 2.25508022],2.899185108492417
2024-08-27 11:56:29,683 - mission end,hazardous material321,[0. 0. 0.],[1.53085029 3.43302441 2.25660324],2.957546950713506
