2026-01-21 10:06:23,464 - position: [0.02168619 2.25793314 0.87192023] - angle: -1.5782208943488794
2026-01-21 10:06:23,687 - position: [0.02312382 2.25535798 0.86973464] - angle: -1.5780348511209858
2026-01-21 10:06:23,957 - position: [0.02531317 2.25199389 0.86458647] - angle: -1.5785387167236822
2026-01-21 10:06:24,203 - position: [0.0252125  2.25093627 0.86137003] - angle: -1.577383256911335
2026-01-21 10:06:24,434 - position: [0.02446974 2.25010514 0.85883981] - angle: -1.5776422178823601
2026-01-21 10:06:24,712 - position: [0.02300621 2.24917245 0.85722494] - angle: -1.576736824278079
2026-01-21 10:06:25,069 - position: [0.01841667 2.2449348  0.8566981 ] - angle: -1.5784411836342018
2026-01-21 10:06:25,306 - position: [0.01663303 2.23996258 0.83892888] - angle: -1.5780683894678749
2026-01-21 10:06:25,558 - position: [0.01309753 2.21886277 0.74322587] - angle: -1.5771678486404639
2026-01-21 10:06:25,821 - position: [0.00944631 2.19238687 0.62113702] - angle: -1.5759546630596057
2026-01-21 10:06:26,126 - position: [0.007548   2.18100524 0.56836504] - angle: -1.5759595785135723
2026-01-21 10:06:26,381 - position: [0.0042823  2.16399813 0.48924878] - angle: -1.5756012168202442
2026-01-21 10:06:26,624 - position: [1.60278473e-03 2.14868021e+00 4.17903811e-01] - angle: -1.575302051823881
2026-01-21 10:06:26,845 - position: [-2.11104937e-03  2.13247728e+00  3.87148947e-01] - angle: -1.576353506159549
2026-01-21 10:06:27,075 - position: [-0.00360874  2.12709212  0.40384614] - angle: -1.5767471462109484
2026-01-21 10:06:27,281 - position: [-0.0043596   2.12401915  0.42139292] - angle: -1.5779693756154956
2026-01-21 10:06:27,484 - position: [-0.00432918  2.12327123  0.42794797] - angle: -1.5781377872092337
2026-01-21 10:06:27,733 - position: [-0.00362687  2.12104821  0.47828472] - angle: -1.5793425755696129
2026-01-21 10:06:27,960 - position: [-1.88872463e-03  2.11966181e+00  4.99482393e-01] - angle: -1.578563184368913
2026-01-21 10:06:28,216 - position: [0.00323184 2.11441612 0.51956743] - angle: -1.5790367002017964
2026-01-21 10:06:28,465 - position: [0.00632224 2.11116457 0.52832681] - angle: -1.5799685903740661
2026-01-21 10:06:28,742 - position: [0.01209035 2.10549521 0.54372537] - angle: -1.5802242433816325
2026-01-21 10:06:29,021 - position: [0.01835017 2.09670687 0.55990732] - angle: -1.579253767079197
2026-01-21 10:06:29,259 - position: [0.01885141 2.0956943  0.56134349] - angle: -1.579278344463395
2026-01-21 10:06:29,487 - position: [0.01895194 2.08996177 0.56523579] - angle: -1.5791720008330632
2026-01-21 10:06:29,695 - position: [0.01853611 2.08925986 0.56520247] - angle: -1.579099545161636
2026-01-21 10:06:29,932 - position: [0.01606428 2.08432364 0.56338906] - angle: -1.5786384454087
2026-01-21 10:06:30,178 - position: [0.01600793 2.08049822 0.56064481] - angle: -1.5787838938817158
2026-01-21 10:06:30,446 - position: [0.01578171 2.07712579 0.55773437] - angle: -1.577652235547852
2026-01-21 10:06:30,676 - position: [0.01371382 2.06884885 0.54649407] - angle: -1.5776229777088044
2026-01-21 10:06:30,948 - position: [0.01168597 2.06620526 0.54004538] - angle: -1.5777417502682427
2026-01-21 10:06:31,256 - position: [0.00724459 2.06328201 0.52286804] - angle: -1.5769154611489453
2026-01-21 10:06:31,486 - position: [0.00723627 2.06123829 0.51538908] - angle: -1.576939979218701
2026-01-21 10:06:31,711 - position: [0.00724667 2.0608952  0.51462853] - angle: -1.5767475816216407
2026-01-21 10:06:31,973 - position: [0.00708634 2.0584681  0.51030594] - angle: -1.5767095206212236
2026-01-21 10:06:32,217 - position: [0.00424361 2.05069804 0.50070947] - angle: -1.5764201442371988
2026-01-21 10:06:32,458 - position: [0.00223762 2.05130458 0.49810693] - angle: -1.5758826594808877
2026-01-21 10:06:32,682 - position: [1.60060416e-04 2.05298686e+00 4.96345013e-01] - angle: -1.575851964900112
2026-01-21 10:06:32,916 - position: [-0.00296435  2.05951715  0.49363163] - angle: -1.5755217470295886
2026-01-21 10:06:33,121 - position: [-1.46959641e-03  2.06233168e+00  4.91517276e-01] - angle: -1.5754029759844013
2026-01-21 10:06:33,346 - position: [-5.11305814e-04  2.06229115e+00  4.90652561e-01] - angle: -1.5752517527767056
2026-01-21 10:06:33,614 - position: [-1.07219385e-04  2.06248903e+00  4.88745570e-01] - angle: -1.574693998745321
2026-01-21 10:06:33,847 - position: [-0.00231578  2.06300664  0.48562628] - angle: -1.5741826781940365
2026-01-21 10:06:34,099 - position: [-0.00237648  2.06317067  0.48430192] - angle: -1.574501455578826
2026-01-21 10:06:34,409 - position: [1.31618086e-04 2.05968070e+00 4.78796750e-01] - angle: -1.5741881318383237
2026-01-21 10:06:34,665 - position: [1.03468972e-03 2.05553079e+00 4.73481923e-01] - angle: -1.5735206815669622
2026-01-21 10:06:34,912 - position: [2.00683135e-05 2.05381727e+00 4.71287489e-01] - angle: -1.5725019677891403
2026-01-21 10:06:35,151 - position: [-0.00230089  2.05116725  0.46907976] - angle: -1.5729593040911194
2026-01-21 10:06:35,382 - position: [-0.00429077  2.04653311  0.46671245] - angle: -1.5723396227910333
2026-01-21 10:06:35,591 - position: [-0.00449758  2.04496241  0.46580648] - angle: -1.57170063289524
2026-01-21 10:06:35,827 - position: [-0.00449758  2.04496241  0.46580648] - angle: -1.57170063289524
2026-01-21 10:06:36,048 - position: [-0.00576668  2.03694034  0.46173212] - angle: -1.5717452046094564
2026-01-21 10:06:36,319 - position: [-0.00846421  2.0336287   0.45594451] - angle: -1.5710264433608394
2026-01-21 10:06:36,527 - position: [-0.00979097  2.03458786  0.45338723] - angle: -1.5708429109278867
2026-01-21 10:06:36,765 - position: [-0.01024844  2.0347929   0.45287719] - angle: -1.5705923441269736
2026-01-21 10:06:37,022 - position: [-0.01399828  2.03596091  0.45095724] - angle: -1.5692117580880756
2026-01-21 10:06:37,303 - position: [-0.01703957  2.03748035  0.45073983] - angle: -1.5686813462706515
2026-01-21 10:06:37,516 - position: [-0.01763047  2.03837943  0.45093176] - angle: -1.5691769139356202
2026-01-21 10:06:37,746 - position: [-0.01791594  2.03887367  0.45098773] - angle: -1.5690779075084382
2026-01-21 10:06:37,977 - position: [-0.01810564  2.03951263  0.45104924] - angle: -1.5686151460850195
2026-01-21 10:06:38,204 - position: [-0.01742073  2.03398609  0.44724423] - angle: -1.568048839520991
2026-01-21 10:06:38,436 - position: [-0.01719969  2.03203607  0.44603276] - angle: -1.5680890129680494
2026-01-21 10:06:38,713 - position: [-0.01625235  2.02957559  0.44473708] - angle: -1.5670538383395245
2026-01-21 10:06:38,981 - position: [-0.01492001  2.0254302   0.44341168] - angle: -1.566236938551536
2026-01-21 10:06:39,208 - position: [-0.01519389  2.02303338  0.44182831] - angle: -1.5664136588220559
2026-01-21 10:06:39,464 - position: [-0.01558353  2.02197218  0.44025171] - angle: -1.565323526841751
2026-01-21 10:06:39,717 - position: [-0.01589611  2.02219009  0.43990281] - angle: -1.5651721393284599
2026-01-21 10:06:39,986 - position: [-0.0196423   2.02396393  0.44114777] - angle: -1.564817052441959
2026-01-21 10:06:40,211 - position: [-0.02120301  2.02408671  0.44150037] - angle: -1.5644165049154966
2026-01-21 10:06:40,438 - position: [-0.02459146  2.02228236  0.44355592] - angle: -1.5641861333485618
2026-01-21 10:06:40,712 - position: [-0.02373651  2.01791358  0.44490445] - angle: -1.5640785321291526
2026-01-21 10:06:40,915 - position: [-0.02159182  2.01436615  0.44612777] - angle: -1.5641524767491832
2026-01-21 10:06:41,190 - position: [-0.02116359  2.01349854  0.44645751] - angle: -1.5638096544167497
2026-01-21 10:06:41,436 - position: [-0.02259636  2.01243138  0.44753149] - angle: -1.563122070502207
2026-01-21 10:06:41,706 - position: [-0.02447398  2.01315713  0.44801104] - angle: -1.5638877881355024
2026-01-21 10:06:41,960 - position: [-0.02599305  2.01400995  0.44814608] - angle: -1.5631325792787614
2026-01-21 10:06:42,232 - position: [-0.02701738  2.01439857  0.44846424] - angle: -1.5615488353941962
2026-01-21 10:06:42,461 - position: [-0.02762622  2.01484776  0.44840279] - angle: -1.561523093266111
2026-01-21 10:06:42,712 - position: [-0.02859814  2.01662731  0.4466649 ] - angle: -1.559672954488347
2026-01-21 10:06:43,018 - position: [-0.03538187  2.01755238  0.44342434] - angle: -1.5581272403503013
2026-01-21 10:06:43,272 - position: [-0.04041993  2.01809978  0.44224903] - angle: -1.558558098341547
2026-01-21 10:06:43,594 - position: [-0.04585674  2.0165298   0.44202277] - angle: -1.5573681122108556
2026-01-21 10:06:43,828 - position: [-0.0445111   2.01431561  0.44382253] - angle: -1.5570480843939025
2026-01-21 10:06:44,123 - position: [-0.03652174  2.01112366  0.44666129] - angle: -1.5566009756497161
2026-01-21 10:06:44,334 - position: [-0.03454059  2.01023293  0.44732958] - angle: -1.5563824383260925
2026-01-21 10:06:44,551 - position: [-0.03440999  2.00998163  0.44743261] - angle: -1.5562670510510057
2026-01-21 10:06:44,779 - position: [-0.03321169  2.0087626   0.44884849] - angle: -1.5553746224923044
2026-01-21 10:06:45,006 - position: [-0.03241404  2.00885224  0.44925699] - angle: -1.55546628868237
2026-01-21 10:06:45,269 - position: [-0.03125853  2.00822234  0.44909903] - angle: -1.5548581369392758
2026-01-21 10:06:45,515 - position: [-0.02799883  2.00587082  0.44921023] - angle: -1.5541970378228878
2026-01-21 10:06:45,741 - position: [-0.02780576  2.00560641  0.44924444] - angle: -1.554435408059649
2026-01-21 10:06:45,959 - position: [-0.02709035  2.00340343  0.44924664] - angle: -1.5544170517260594
2026-01-21 10:06:46,296 - position: [-0.0281038   1.99802887  0.44803908] - angle: -1.5539095950753952
2026-01-21 10:06:46,547 - position: [-0.0259648   1.98855221  0.45006308] - angle: -1.553011449511747
2026-01-21 10:06:46,781 - position: [-0.02561829  1.9869535   0.45187733] - angle: -1.55326943734533
2026-01-21 10:06:47,015 - position: [-0.02582449  1.98679185  0.45267877] - angle: -1.5536094563861367
2026-01-21 10:06:47,276 - position: [-0.03569969  1.99291623  0.45014125] - angle: -1.552217620532621
2026-01-21 10:06:47,585 - position: [-0.0443764   1.99935961  0.44606248] - angle: -1.5522874717665984
2026-01-21 10:06:47,811 - position: [-0.0511378   2.00617909  0.44113481] - angle: -1.5505903646133126
2026-01-21 10:06:48,082 - position: [-0.05308188  2.01022816  0.43812022] - angle: -1.5511366825329662
2026-01-21 10:06:48,314 - position: [-0.05340591  2.01198769  0.43687281] - angle: -1.552269307899893
2026-01-21 10:06:48,550 - position: [-0.05267186  2.0218358   0.43011633] - angle: -1.551638268187602
2026-01-21 10:06:48,798 - position: [-0.04982289  2.02793431  0.43063056] - angle: -1.5517521553463136
2026-01-21 10:06:49,053 - position: [-0.04513386  2.02808142  0.43301132] - angle: -1.5518697207716428
2026-01-21 10:06:49,297 - position: [-0.04222791  2.02780533  0.4344199 ] - angle: -1.5519682795045133
2026-01-21 10:06:49,551 - position: [-0.04054193  2.02763653  0.43527171] - angle: -1.551946882347297
2026-01-21 10:06:49,800 - position: [-0.02852074  2.02629352  0.44233686] - angle: -1.5502904301807288
2026-01-21 10:06:50,098 - position: [-0.0249148   2.02753735  0.44806084] - angle: -1.549997340465973
2026-01-21 10:06:50,318 - position: [-0.02489113  2.02748609  0.44816315] - angle: -1.5482511393901106
2026-01-21 10:06:50,560 - position: [-0.02492575  2.02791357  0.44856423] - angle: -1.5490294232652833
2026-01-21 10:06:50,889 - position: [-0.02621838  2.02685595  0.44873405] - angle: -1.5479039944906758
2026-01-21 10:06:51,126 - position: [-0.02709432  2.02132988  0.44836715] - angle: -1.5492459997645849
2026-01-21 10:06:51,381 - position: [-0.02693796  2.01707244  0.44849414] - angle: -1.5478043085310733
2026-01-21 10:06:51,623 - position: [-0.0275823   2.01582384  0.45056245] - angle: -1.5469586466810528
2026-01-21 10:06:51,854 - position: [-0.02926419  2.01645541  0.45194697] - angle: -1.548473621428863
2026-01-21 10:06:52,069 - position: [-0.0327286   2.01708841  0.4552168 ] - angle: -1.546535198180198
2026-01-21 10:06:52,329 - position: [-0.03456454  2.01678133  0.45952705] - angle: -1.5472168174654133
2026-01-21 10:06:52,636 - position: [-0.03383898  2.01511145  0.46504682] - angle: -1.54633310928538
2026-01-21 10:06:52,956 - position: [-0.03134473  2.01389766  0.4673028 ] - angle: -1.5454243578592641
2026-01-21 10:06:53,188 - position: [-0.02939744  2.01333213  0.46729434] - angle: -1.5442007230764703
2026-01-21 10:06:53,428 - position: [-0.02899186  2.01337147  0.46687436] - angle: -1.544946214710754
2026-01-21 10:06:53,713 - position: [-0.02582951  2.01350594  0.46485791] - angle: -1.5437430831819974
2026-01-21 10:06:53,963 - position: [-0.022498    2.01446629  0.4629789 ] - angle: -1.5431074897915624
2026-01-21 10:06:54,188 - position: [-0.02032456  2.01593971  0.46234116] - angle: -1.5435038200118987
2026-01-21 10:06:54,429 - position: [-0.02063951  2.01678538  0.46226028] - angle: -1.5434228392523508
2026-01-21 10:06:54,669 - position: [-0.02133789  2.0170033   0.46239948] - angle: -1.542971186662374
2026-01-21 10:06:54,907 - position: [-0.02084143  2.01644921  0.46363926] - angle: -1.540888453608309
2026-01-21 10:06:55,139 - position: [-0.02124123  2.01573896  0.46490464] - angle: -1.5409511409837893
2026-01-21 10:06:55,346 - position: [-0.02156267  2.01563835  0.46550989] - angle: -1.5411413466737254
2026-01-21 10:06:55,572 - position: [-0.01798463  2.01157093  0.46698856] - angle: -1.5397554144647305
2026-01-21 10:06:55,801 - position: [-0.01584849  2.00831842  0.46797687] - angle: -1.5403159668769795
2026-01-21 10:06:56,030 - position: [-0.01457292  2.00359774  0.47025064] - angle: -1.541564125651131
2026-01-21 10:06:56,290 - position: [-0.01470537  2.00019097  0.47325453] - angle: -1.5391399544195075
2026-01-21 10:06:56,519 - position: [-0.01507207  1.99854505  0.47629422] - angle: -1.5399660269690512
2026-01-21 10:06:56,741 - position: [-0.01398375  1.99710107  0.47838905] - angle: -1.5402967787294402
2026-01-21 10:06:57,002 - position: [-0.01059412  1.99362767  0.48163182] - angle: -1.5390760148061107
2026-01-21 10:06:57,229 - position: [-0.00861916  1.99078822  0.48221967] - angle: -1.53853250402029
2026-01-21 10:06:57,490 - position: [-0.00923964  1.99062908  0.480786  ] - angle: -1.5383914665260479
2026-01-21 10:06:57,705 - position: [-0.01062264  1.99141288  0.47881296] - angle: -1.5396096751938768
2026-01-21 10:06:58,006 - position: [-0.01694629  1.99784172  0.47238016] - angle: -1.538039020070777
2026-01-21 10:06:58,249 - position: [-0.01840956  1.99935555  0.47091404] - angle: -1.5381783157661455
2026-01-21 10:06:58,461 - position: [-0.01981759  2.00052381  0.46943411] - angle: -1.5375236922951205
2026-01-21 10:06:58,703 - position: [-0.02061722  2.00092268  0.46853924] - angle: -1.5369477843058523
2026-01-21 10:06:58,932 - position: [-0.02263771  2.00249434  0.4686515 ] - angle: -1.5366005693545466
2026-01-21 10:06:59,170 - position: [-0.01945784  2.00369883  0.46830153] - angle: -1.537155416138802
2026-01-21 10:06:59,401 - position: [-0.0165757   2.00679064  0.46781564] - angle: -1.5376075624682604
2026-01-21 10:06:59,702 - position: [-0.00959685  2.0087471   0.46546349] - angle: -1.5367762450978466
2026-01-21 10:06:59,932 - position: [-0.00474315  2.00814557  0.46327096] - angle: -1.535220283901777
2026-01-21 10:07:00,259 - position: [4.38394491e-04 2.00317836e+00 4.59910244e-01] - angle: -1.5339178963301814
2026-01-21 10:07:00,494 - position: [0.00430937 1.99839377 0.45624155] - angle: -1.5333058861286464
2026-01-21 10:07:00,708 - position: [0.00767237 1.99445176 0.45427525] - angle: -1.5337619046525641
2026-01-21 10:07:00,963 - position: [0.0102805  1.99217987 0.45407569] - angle: -1.5335770943202403
2026-01-21 10:07:01,211 - position: [0.01129804 1.99227381 0.45463109] - angle: -1.5333149636232166
2026-01-21 10:07:01,445 - position: [0.00748204 1.99751854 0.45705426] - angle: -1.5332407192856632
2026-01-21 10:07:01,684 - position: [-4.10043373e-04  2.00728559e+00  4.57376599e-01] - angle: -1.5346551485769866
2026-01-21 10:07:01,932 - position: [-0.00256409  2.00940704  0.45659366] - angle: -1.5330191104396418
2026-01-21 10:07:02,162 - position: [-0.00884484  2.01461172  0.45343181] - angle: -1.5342055044102385
2026-01-21 10:07:02,485 - position: [-0.00990588  2.01310968  0.45029336] - angle: -1.5327631736567633
2026-01-21 10:07:02,770 - position: [-0.00722005  2.00987864  0.44857815] - angle: -1.5313640407889424
2026-01-21 10:07:03,003 - position: [-0.00461711  2.00886583  0.44862232] - angle: -1.5310888483422036
2026-01-21 10:07:03,261 - position: [-6.28537673e-04  2.00675273e+00  4.53493863e-01] - angle: -1.5307003194699655
2026-01-21 10:07:03,498 - position: [0.00275935 2.0027349  0.45763353] - angle: -1.530691066521384
2026-01-21 10:07:03,787 - position: [0.00621407 1.99848759 0.46405381] - angle: -1.5306203086293246
2026-01-21 10:07:04,060 - position: [0.00754743 1.99720991 0.47077405] - angle: -1.5303471635486523
2026-01-21 10:07:04,333 - position: [0.00705297 2.00081563 0.4724479 ] - angle: -1.5300249926438099
2026-01-21 10:07:04,543 - position: [0.00876675 2.00074005 0.47135451] - angle: -1.5299052787985579
2026-01-21 10:07:04,794 - position: [0.01145249 2.00235915 0.46739316] - angle: -1.5288902575819368
2026-01-21 10:07:05,163 - position: [0.01181906 2.00670314 0.46012053] - angle: -1.5279834516877293
2026-01-21 10:07:05,386 - position: [0.01180756 2.00789356 0.45841503] - angle: -1.5275241982522623
2026-01-21 10:07:05,592 - position: [0.01232819 2.01013207 0.45493326] - angle: -1.529327945778773
2026-01-21 10:07:05,846 - position: [0.01025566 2.01970863 0.44491124] - angle: -1.5275181749621152
2026-01-21 10:07:06,130 - position: [0.00963508 2.02264404 0.43979409] - angle: -1.5269832083315178
2026-01-21 10:07:06,365 - position: [0.00878218 2.02314448 0.43574631] - angle: -1.5281187250141337
2026-01-21 10:07:06,575 - position: [0.00730227 2.02279091 0.43434051] - angle: -1.527676505975347
2026-01-21 10:07:06,782 - position: [0.00434545 2.02223206 0.43274567] - angle: -1.5284267015963917
2026-01-21 10:07:07,014 - position: [0.00377141 2.01994395 0.43111661] - angle: -1.52625628369151
2026-01-21 10:07:07,240 - position: [0.00640581 2.01612401 0.4303779 ] - angle: -1.5261760948493723
2026-01-21 10:07:07,468 - position: [0.00897268 2.01436019 0.43127191] - angle: -1.5261363165740307
2026-01-21 10:07:07,680 - position: [0.00960833 2.01442671 0.43149769] - angle: -1.5271357050527148
2026-01-21 10:07:07,955 - position: [0.01687107 2.01929283 0.43170562] - angle: -1.525289230919281
2026-01-21 10:07:08,183 - position: [0.017882   2.02272987 0.42976537] - angle: -1.5257320569896229
2026-01-21 10:07:08,473 - position: [0.01828644 2.02519131 0.42771173] - angle: -1.524880318475808
2026-01-21 10:07:08,709 - position: [0.0176806  2.02564669 0.42732543] - angle: -1.5257162044545178
2026-01-21 10:07:08,997 - position: [0.0176806  2.02564669 0.42732543] - angle: -1.5257162044545178
2026-01-21 10:07:09,214 - position: [0.01679994 2.02416468 0.4218758 ] - angle: -1.5251642234918292
2026-01-21 10:07:09,439 - position: [0.01679994 2.02416468 0.4218758 ] - angle: -1.5251642234918292
2026-01-21 10:07:09,672 - position: [0.01679994 2.02416468 0.4218758 ] - angle: -1.5251642234918292
2026-01-21 10:07:09,918 - position: [0.0169977  2.03464937 0.40612453] - angle: -1.5235762802998472
2026-01-21 10:07:10,136 - position: [0.01687263 2.03737688 0.40278122] - angle: -1.5238707563707807
2026-01-21 10:07:10,347 - position: [0.01453958 2.04123759 0.39903069] - angle: -1.5231933923858927
2026-01-21 10:07:10,562 - position: [0.01367621 2.04194045 0.39717409] - angle: -1.52350074220757
2026-01-21 10:07:10,784 - position: [0.01382461 2.03954196 0.39532024] - angle: -1.5219586953419526
2026-01-21 10:07:10,992 - position: [0.0143524  2.03571749 0.39346927] - angle: -1.5229507691750737
2026-01-21 10:07:11,217 - position: [0.01329401 2.03096819 0.39214095] - angle: -1.5222246980114509
2026-01-21 10:07:11,430 - position: [0.01224812 2.03117704 0.39276922] - angle: -1.5237663326923676
2026-01-21 10:07:11,645 - position: [0.01139901 2.03154278 0.39305636] - angle: -1.522111354281857
2026-01-21 10:07:11,889 - position: [0.00905585 2.03564763 0.39771837] - angle: -1.5214587832094741
2026-01-21 10:07:12,148 - position: [0.0080008  2.03499246 0.40610984] - angle: -1.5215727804449148
2026-01-21 10:07:12,398 - position: [0.00727054 2.03479934 0.41710696] - angle: -1.5216919153625255
2026-01-21 10:07:12,616 - position: [0.00636125 2.03598952 0.42389607] - angle: -1.5209066991507387
2026-01-21 10:07:12,852 - position: [0.00487374 2.03789663 0.43223318] - angle: -1.5204270072969903
2026-01-21 10:07:13,098 - position: [0.00392521 2.03979564 0.43650013] - angle: -1.520578548147073
2026-01-21 10:07:13,323 - position: [0.00374089 2.0401454  0.43727064] - angle: -1.5204760135143545
2026-01-21 10:07:13,546 - position: [0.00291006 2.04242873 0.44092759] - angle: -1.5206911808214714
2026-01-21 10:07:13,778 - position: [1.83610828e-03 2.04702377e+00 4.45700318e-01] - angle: -1.5195264387662841
2026-01-21 10:07:14,050 - position: [0.002185   2.05224657 0.44634187] - angle: -1.5186592064600921
2026-01-21 10:07:14,286 - position: [0.0028872  2.05390549 0.44379896] - angle: -1.517889346950319
2026-01-21 10:07:14,556 - position: [0.00263795 2.0551579  0.44252396] - angle: -1.5164237277120671
2026-01-21 10:07:14,835 - position: [-8.75575992e-04  2.05736589e+00  4.37487930e-01] - angle: -1.5164000123725891
2026-01-21 10:07:15,065 - position: [-2.02347385e-03  2.05677509e+00  4.35621977e-01] - angle: -1.5158697699259784
2026-01-21 10:07:15,303 - position: [-0.00314956  2.05670142  0.43207154] - angle: -1.5160755866687068
2026-01-21 10:07:15,534 - position: [-0.00381591  2.05699468  0.42949754] - angle: -1.5148653887350507
2026-01-21 10:07:15,751 - position: [-0.00381591  2.05699468  0.42949754] - angle: -1.5148653887350507
2026-01-21 10:07:15,960 - position: [-0.00735679  2.05507517  0.42614424] - angle: -1.5145853847033095
2026-01-21 10:07:16,186 - position: [-0.00897391  2.05462408  0.42716491] - angle: -1.5151784326752828
2026-01-21 10:07:16,415 - position: [-0.01180742  2.05269384  0.43222025] - angle: -1.5142984285593566
2026-01-21 10:07:16,629 - position: [-0.01346569  2.05090499  0.44386998] - angle: -1.5151474896371262
2026-01-21 10:07:16,843 - position: [-0.01307477  2.05002356  0.44637179] - angle: -1.5137413475009134
2026-01-21 10:07:17,086 - position: [-0.01144813  2.04695272  0.45161584] - angle: -1.5137274475890226
2026-01-21 10:07:17,352 - position: [-0.01063068  2.04412198  0.45379511] - angle: -1.5133728642297655
2026-01-21 10:07:17,604 - position: [-0.00936186  2.03972077  0.4527936 ] - angle: -1.5124913435136018
2026-01-21 10:07:17,839 - position: [-0.00798924  2.03666735  0.45126644] - angle: -1.5121815745974887
2026-01-21 10:07:18,133 - position: [-0.00719207  2.03549552  0.45036787] - angle: -1.5124480864091003
2026-01-21 10:07:18,360 - position: [-0.00623241  2.03360057  0.44806975] - angle: -1.511550574955188
2026-01-21 10:07:18,562 - position: [-0.00869478  2.03355432  0.44499201] - angle: -1.512052861697613
2026-01-21 10:07:18,787 - position: [-0.00915526  2.03366351  0.44437709] - angle: -1.5117503317814025
2026-01-21 10:07:19,039 - position: [-0.00730633  2.03151608  0.44222286] - angle: -1.5108400459513915
2026-01-21 10:07:19,273 - position: [-0.00697543  2.0315969   0.44164249] - angle: -1.510638317495974
2026-01-21 10:07:19,513 - position: [-0.005202    2.0321207   0.44044203] - angle: -1.5093771145272816
2026-01-21 10:07:19,747 - position: [-0.00455244  2.03379536  0.43932524] - angle: -1.5102288121161034
2026-01-21 10:07:19,976 - position: [-0.00310101  2.03535771  0.43838343] - angle: -1.5097855300442
2026-01-21 10:07:20,201 - position: [0.00798977 2.03515077 0.43795744] - angle: -1.5089978449580985
2026-01-21 10:07:20,414 - position: [0.01086929 2.03392768 0.43842271] - angle: -1.509275740019394
2026-01-21 10:07:20,670 - position: [0.01322367 2.03073096 0.44034827] - angle: -1.5090211628467096
2026-01-21 10:07:20,910 - position: [0.01334758 2.02882695 0.44274074] - angle: -1.509107704930444
2026-01-21 10:07:21,142 - position: [0.01352043 2.02801347 0.44416428] - angle: -1.5090701674851807
2026-01-21 10:07:21,416 - position: [0.01267633 2.02662086 0.44821718] - angle: -1.5089754304782734
2026-01-21 10:07:21,623 - position: [0.01267633 2.02662086 0.44821718] - angle: -1.5089754304782734
2026-01-21 10:07:21,871 - position: [1.55900174e-03 2.02737474e+00 4.53247398e-01] - angle: -1.5068602035302279
2026-01-21 10:07:22,143 - position: [-0.01157887  2.02979016  0.45554635] - angle: -1.5067292034176063
2026-01-21 10:07:22,410 - position: [-0.01923404  2.03195405  0.45630816] - angle: -1.5065175896775136
2026-01-21 10:07:22,643 - position: [-0.02197588  2.03269672  0.45677498] - angle: -1.5060164211740972
2026-01-21 10:07:22,933 - position: [-0.02683305  2.03076243  0.45890978] - angle: -1.5060510243061307
2026-01-21 10:07:23,199 - position: [-0.02505922  2.02633119  0.46210012] - angle: -1.5063674735597652
2026-01-21 10:07:23,439 - position: [-0.02123875  2.01872635  0.46681395] - angle: -1.505802328314116
2026-01-21 10:07:23,760 - position: [-0.01665832  2.0146668   0.46913871] - angle: -1.505291353540338
2026-01-21 10:07:23,981 - position: [-0.01660272  2.01660991  0.46909133] - angle: -1.504320771192098
2026-01-21 10:07:24,220 - position: [-0.01718285  2.01838708  0.46902326] - angle: -1.5042996263217776
2026-01-21 10:07:24,434 - position: [-0.02067591  2.02291989  0.4696936 ] - angle: -1.5035887652855733
2026-01-21 10:07:24,689 - position: [-0.02282265  2.02543163  0.46923724] - angle: -1.5031110449469565
2026-01-21 10:07:24,931 - position: [-0.0249035   2.02718472  0.46628469] - angle: -1.5047794641119747
2026-01-21 10:07:25,170 - position: [-0.02471298  2.02645779  0.46372834] - angle: -1.5029984970235617
2026-01-21 10:07:25,421 - position: [-0.02465766  2.02637625  0.45682225] - angle: -1.5035102628440837
2026-01-21 10:07:25,656 - position: [-0.02557209  2.02840877  0.45122418] - angle: -1.5031446298425775
2026-01-21 10:07:25,899 - position: [-0.025407    2.03073525  0.44422174] - angle: -1.5032308309344486
2026-01-21 10:07:26,122 - position: [-0.02538177  2.03193283  0.44048733] - angle: -1.5043450345083849
2026-01-21 10:07:26,357 - position: [-0.02533374  2.0315299   0.43741947] - angle: -1.5021828984621806
2026-01-21 10:07:26,583 - position: [-0.02455318  2.03147268  0.4360007 ] - angle: -1.501511085173039
2026-01-21 10:07:26,792 - position: [-0.02364558  2.03140664  0.43439069] - angle: -1.5011403345022494
2026-01-21 10:07:27,008 - position: [-0.02194148  2.03059006  0.43253064] - angle: -1.5011991614350721
2026-01-21 10:07:27,212 - position: [-0.01981367  2.02491403  0.43179759] - angle: -1.5016279959719325
2026-01-21 10:07:27,496 - position: [-0.01879715  2.02141023  0.4328852 ] - angle: -1.5009634320158063
2026-01-21 10:07:27,737 - position: [-0.01799067  2.01898646  0.43386599] - angle: -1.5007772633622993
2026-01-21 10:07:28,020 - position: [-0.01605122  2.01580143  0.44409457] - angle: -1.5012107410406665
2026-01-21 10:07:28,245 - position: [-0.01585811  2.01613665  0.44621229] - angle: -1.5006616047921155
2026-01-21 10:07:28,464 - position: [-0.01543792  2.01710391  0.45007569] - angle: -1.500917558511302
2026-01-21 10:07:28,706 - position: [-0.01543792  2.01710391  0.45007569] - angle: -1.500917558511302
2026-01-21 10:07:28,942 - position: [-0.01503937  2.01886225  0.45646152] - angle: -1.5005190463665294
2026-01-21 10:07:29,184 - position: [-0.01476737  2.01975489  0.46026164] - angle: -1.4999229841767314
2026-01-21 10:07:29,436 - position: [-0.01476737  2.01975489  0.46026164] - angle: -1.4999229841767314
2026-01-21 10:07:29,685 - position: [-0.03442903  2.02614546  0.47432899] - angle: -1.4966802206978405
2026-01-21 10:07:29,901 - position: [-0.03644779  2.0273807   0.47404841] - angle: -1.4960219229637706
2026-01-21 10:07:30,155 - position: [-0.03673019  2.02793646  0.47342601] - angle: -1.4955263151111136
2026-01-21 10:07:30,379 - position: [-0.03220051  2.02431297  0.46971157] - angle: -1.49510839562353
2026-01-21 10:07:30,645 - position: [-0.03096757  2.0228219   0.46885911] - angle: -1.4949850401252682
2026-01-21 10:07:30,867 - position: [-0.02625083  2.01648593  0.46499088] - angle: -1.4947904087335484
2026-01-21 10:07:31,143 - position: [-0.02809104  2.01899123  0.46487129] - angle: -1.4942975816627495
2026-01-21 10:07:31,363 - position: [-0.03041232  2.02288103  0.4647882 ] - angle: -1.4942197850856678
2026-01-21 10:07:31,609 - position: [-0.03138331  2.02549934  0.46445438] - angle: -1.4942490833398252
2026-01-21 10:07:31,842 - position: [-0.02806546  2.02598691  0.46429798] - angle: -1.494607008219003
2026-01-21 10:07:32,076 - position: [-0.02438242  2.02555752  0.46535   ] - angle: -1.4934109950978987
2026-01-21 10:07:32,286 - position: [-0.02396318  2.02797127  0.46524408] - angle: -1.4934297631757056
2026-01-21 10:07:32,511 - position: [-0.02376269  2.02977037  0.46463212] - angle: -1.493258890548835
2026-01-21 10:07:32,727 - position: [-0.02266356  2.03400898  0.45973518] - angle: -1.4921975537366237
2026-01-21 10:07:32,964 - position: [-0.02310927  2.03490353  0.45622021] - angle: -1.491942642060068
2026-01-21 10:07:33,315 - position: [-0.02380434  2.03166246  0.44719964] - angle: -1.492088263966692
2026-01-21 10:07:33,585 - position: [-0.02352134  2.02746701  0.44178364] - angle: -1.4926013391657356
2026-01-21 10:07:33,812 - position: [-0.0239138   2.02658844  0.4398855 ] - angle: -1.4908467375960521
2026-01-21 10:07:34,041 - position: [-0.02548615  2.02642441  0.43284792] - angle: -1.4902730622321276
2026-01-21 10:07:34,306 - position: [-0.02615788  2.02858853  0.42942744] - angle: -1.4904385022593107
2026-01-21 10:07:34,549 - position: [-0.02576619  2.03257465  0.42758754] - angle: -1.4908633794376347
2026-01-21 10:07:34,798 - position: [-0.02518263  2.0351758   0.4261452 ] - angle: -1.4900112127235734
2026-01-21 10:07:35,016 - position: [-0.02416742  2.03800106  0.42473742] - angle: -1.4892069857098336
2026-01-21 10:07:35,257 - position: [-0.02107779  2.04124737  0.42163965] - angle: -1.4876459235652089
2026-01-21 10:07:35,501 - position: [-0.01969127  2.04196692  0.42090482] - angle: -1.48675999789697
2026-01-21 10:07:35,786 - position: [-0.01850645  2.03944159  0.42099512] - angle: -1.4859215906789558
2026-01-21 10:07:36,077 - position: [-0.01752501  2.03474331  0.42169279] - angle: -1.4857345488599254
2026-01-21 10:07:36,327 - position: [-0.01707754  2.03148532  0.42154491] - angle: -1.4855356202149528
2026-01-21 10:07:36,559 - position: [-0.01635855  2.02736473  0.42216232] - angle: -1.485261370425873
2026-01-21 10:07:36,792 - position: [-0.01552833  2.02478981  0.42417651] - angle: -1.4870653372528428
2026-01-21 10:07:37,026 - position: [-0.01452709  2.02262473  0.42772454] - angle: -1.4852739166951143
2026-01-21 10:07:37,346 - position: [-0.01288523  2.02212524  0.43046638] - angle: -1.4850406789976223
2026-01-21 10:07:37,584 - position: [-0.01012358  2.02242208  0.43284437] - angle: -1.4851209174708586
2026-01-21 10:07:37,826 - position: [-0.00927448  2.02372766  0.43332875] - angle: -1.4863705719174738
2026-01-21 10:07:38,056 - position: [-0.00931631  2.02832389  0.43542627] - angle: -1.4856448971658214
2026-01-21 10:07:38,278 - position: [-0.00868408  2.02902174  0.43683568] - angle: -1.4852500989529447
2026-01-21 10:07:38,524 - position: [-0.00945297  2.03268528  0.43823811] - angle: -1.483343368648537
2026-01-21 10:07:38,737 - position: [-0.01147353  2.03728509  0.43757445] - angle: -1.4827595720134488
2026-01-21 10:07:38,970 - position: [-0.0128711   2.04046249  0.43627095] - angle: -1.4819994586065408
2026-01-21 10:07:39,245 - position: [-0.01477369  2.04444337  0.43339837] - angle: -1.4836659212038463
2026-01-21 10:07:39,455 - position: [-0.01555791  2.04725671  0.43157527] - angle: -1.481627941774887
2026-01-21 10:07:39,701 - position: [-0.01555791  2.04725671  0.43157527] - angle: -1.481627941774887
2026-01-21 10:07:39,922 - position: [-0.01555791  2.04725671  0.43157527] - angle: -1.481627941774887
2026-01-21 10:07:40,178 - position: [-0.01892301  2.05298305  0.43100387] - angle: -1.4816187898177384
2026-01-21 10:07:40,518 - position: [-0.01923017  2.05280519  0.43058652] - angle: -1.4802887388278783
2026-01-21 10:07:40,755 - position: [-0.01999041  2.05278826  0.4301182 ] - angle: -1.4801927078120474
2026-01-21 10:07:41,012 - position: [-0.02447145  2.05049181  0.43059707] - angle: -1.4810589075009633
2026-01-21 10:07:41,278 - position: [-0.02604096  2.04963303  0.43326589] - angle: -1.4795733816258854
2026-01-21 10:07:41,498 - position: [-0.02879046  2.05239558  0.43779925] - angle: -1.4793741585815252
2026-01-21 10:07:41,733 - position: [-0.03063878  2.05643678  0.44082987] - angle: -1.4809202020208558
2026-01-21 10:07:42,021 - position: [-0.03108487  2.05756044  0.44132128] - angle: -1.480084541703513
2026-01-21 10:07:42,265 - position: [-0.03009397  2.06864309  0.45010361] - angle: -1.4770588712434631
2026-01-21 10:07:42,506 - position: [-0.02986582  2.06933975  0.45079544] - angle: -1.4774730993608172
2026-01-21 10:07:42,741 - position: [-0.02721513  2.07262111  0.46114436] - angle: -1.477134632578879
2026-01-21 10:07:42,979 - position: [-0.02754277  2.07053971  0.46927044] - angle: -1.4780902901610786
2026-01-21 10:07:43,196 - position: [-0.02856732  2.06525874  0.47602138] - angle: -1.4767059601815125
2026-01-21 10:07:43,479 - position: [-0.02909723  2.0563755   0.48309711] - angle: -1.476552302960405
2026-01-21 10:07:43,778 - position: [-0.02957687  2.04982972  0.48893398] - angle: -1.4751387469212291
2026-01-21 10:07:43,986 - position: [-0.03021077  2.04840541  0.49188581] - angle: -1.4774777221802085
2026-01-21 10:07:44,218 - position: [-0.03193728  2.04417992  0.49957928] - angle: -1.4751955389935691
2026-01-21 10:07:44,463 - position: [-0.03052446  2.04148245  0.50279671] - angle: -1.4770710102296984
2026-01-21 10:07:44,688 - position: [-0.02738029  2.03819036  0.50534058] - angle: -1.4753533060323214
2026-01-21 10:07:44,934 - position: [-0.02582354  2.0378468   0.50478899] - angle: -1.4748651652328229
2026-01-21 10:07:45,158 - position: [-0.0250676   2.03828526  0.50122881] - angle: -1.475714083767223
2026-01-21 10:07:45,377 - position: [-0.02446894  2.03811908  0.49847403] - angle: -1.474296572457277
2026-01-21 10:07:45,662 - position: [-0.02365258  2.03738093  0.49315786] - angle: -1.4737572559335281
2026-01-21 10:07:45,996 - position: [-0.02761633  2.03512263  0.47412518] - angle: -1.4743768515608413
2026-01-21 10:07:46,203 - position: [-0.02796238  2.03464603  0.47198528] - angle: -1.4743927805528454
2026-01-21 10:07:46,417 - position: [-0.02928872  2.03492951  0.46631697] - angle: -1.4740267642804934
2026-01-21 10:07:46,660 - position: [-0.02963104  2.03554225  0.46534595] - angle: -1.4741572445095827
2026-01-21 10:07:46,880 - position: [-0.0302408   2.0389955   0.46139866] - angle: -1.4715017044413607
2026-01-21 10:07:47,108 - position: [-0.03010154  2.03916335  0.46119779] - angle: -1.4714568542091304
2026-01-21 10:07:47,388 - position: [-0.02935724  2.04335809  0.45886976] - angle: -1.473406570451738
2026-01-21 10:07:47,671 - position: [-0.02807144  2.04330659  0.45606092] - angle: -1.4712057668255483
2026-01-21 10:07:47,895 - position: [-0.02633312  2.04325891  0.45465851] - angle: -1.4728839442367478
2026-01-21 10:07:48,096 - position: [-0.02513174  2.04335022  0.45412472] - angle: -1.4719091799333937
2026-01-21 10:07:48,326 - position: [-0.02497882  2.04356456  0.45405513] - angle: -1.4715015695472973
2026-01-21 10:07:48,548 - position: [-0.02409999  2.04513288  0.4523108 ] - angle: -1.4702407672461675
2026-01-21 10:07:48,764 - position: [-0.02303256  2.04666996  0.45018256] - angle: -1.472124149292355
2026-01-21 10:07:48,983 - position: [-0.0231471   2.04817724  0.44769689] - angle: -1.4703055665737614
2026-01-21 10:07:49,244 - position: [-0.02360471  2.05224466  0.44478658] - angle: -1.4719574648088325
2026-01-21 10:07:49,463 - position: [-0.02630281  2.06399965  0.43877167] - angle: -1.4693348375513233
2026-01-21 10:07:49,704 - position: [-0.02727823  2.07091951  0.43644199] - angle: -1.4712428153079804
2026-01-21 10:07:49,925 - position: [-0.02742656  2.07356715  0.43561953] - angle: -1.4699113613969246
2026-01-21 10:07:50,242 - position: [-0.02798615  2.08346653  0.43357858] - angle: -1.4690227644677565
2026-01-21 10:07:50,458 - position: [-0.02964409  2.09288955  0.43295616] - angle: -1.46793315712444
2026-01-21 10:07:50,684 - position: [-0.03335434  2.10321736  0.43314546] - angle: -1.4672903916216713
2026-01-21 10:07:50,902 - position: [-0.03685375  2.11106014  0.43529102] - angle: -1.4677442502389155
2026-01-21 10:07:51,139 - position: [-0.03845497  2.11302733  0.43766528] - angle: -1.4665274559899397
2026-01-21 10:07:51,385 - position: [-0.03580594  2.1081121   0.44277346] - angle: -1.4676054772511757
2026-01-21 10:07:51,663 - position: [-0.03445123  2.10564804  0.44369173] - angle: -1.4659032639120002
2026-01-21 10:07:51,886 - position: [-0.02539255  2.09517193  0.44726288] - angle: -1.4665150118086863
2026-01-21 10:07:52,109 - position: [-0.02373662  2.09298348  0.44822657] - angle: -1.4648497741177748
2026-01-21 10:07:52,338 - position: [-0.01995482  2.08747983  0.45384741] - angle: -1.4663153926339048
2026-01-21 10:07:52,546 - position: [-0.01771476  2.08516645  0.45602286] - angle: -1.4644426866141171
2026-01-21 10:07:52,778 - position: [-0.01771476  2.08516645  0.45602286] - angle: -1.4644426866141171
2026-01-21 10:07:53,032 - position: [-0.00926791  2.07977033  0.46096092] - angle: -1.463891984263599
2026-01-21 10:07:53,272 - position: [-1.99655327e-03  2.07393050e+00  4.65908587e-01] - angle: -1.4647285673510755
2026-01-21 10:07:53,518 - position: [5.30924881e-05 2.07185292e+00 4.67235804e-01] - angle: -1.4654122649145296
2026-01-21 10:07:53,749 - position: [1.17569370e-03 2.06789637e+00 4.70341235e-01] - angle: -1.462087085892402
2026-01-21 10:07:54,016 - position: [-1.26448181e-03  2.06827378e+00  4.70782846e-01] - angle: -1.4622078467693513
2026-01-21 10:07:54,254 - position: [-1.35764759e-03  2.06833649e+00  4.70808208e-01] - angle: -1.4624725856877228
2026-01-21 10:07:54,466 - position: [-0.00220508  2.06905103  0.46998775] - angle: -1.4618648155327927
2026-01-21 10:07:54,714 - position: [-0.0069234   2.0743432   0.46760023] - angle: -1.4613978678760722
2026-01-21 10:07:55,039 - position: [-0.02614288  2.0911622   0.45798674] - angle: -1.4609744567823446
2026-01-21 10:07:55,298 - position: [-0.02979853  2.09444451  0.45202532] - angle: -1.4595978820487763
2026-01-21 10:07:55,521 - position: [-0.03103128  2.0957315   0.44879913] - angle: -1.4606122374660289
2026-01-21 10:07:55,735 - position: [-0.03315147  2.0972743   0.44050056] - angle: -1.4575759412678861
2026-01-21 10:07:55,965 - position: [-0.03332061  2.09724593  0.43961453] - angle: -1.4576815880441112
2026-01-21 10:07:56,191 - position: [-0.03369429  2.09730411  0.43270263] - angle: -1.4575645554785677
2026-01-21 10:07:56,442 - position: [-0.03363483  2.09729528  0.43203792] - angle: -1.4576098268515363
2026-01-21 10:07:56,649 - position: [-0.02894904  2.09170032  0.42079872] - angle: -1.4590665021662095
2026-01-21 10:07:56,904 - position: [-0.02766396  2.08969092  0.4198181 ] - angle: -1.4594964245334747
2026-01-21 10:07:57,144 - position: [-0.02515496  2.08650136  0.41949406] - angle: -1.4612629570167766
2026-01-21 10:07:57,368 - position: [-0.02526151  2.08884883  0.42363146] - angle: -1.459166404445868
2026-01-21 10:07:57,634 - position: [-0.02711908  2.09196591  0.42504975] - angle: -1.4605830359039689
2026-01-21 10:07:57,861 - position: [-0.03113877  2.09702039  0.42705637] - angle: -1.4583990554435746
2026-01-21 10:07:58,209 - position: [-0.0334705   2.09974003  0.42943022] - angle: -1.4595358542732546
2026-01-21 10:07:58,445 - position: [-0.03374172  2.09971857  0.43104327] - angle: -1.4598955845974926
2026-01-21 10:07:58,670 - position: [-0.03261249  2.09844518  0.43188417] - angle: -1.4576035474568663
2026-01-21 10:07:59,026 - position: [-0.03182833  2.09771729  0.43206337] - angle: -1.4571838163447115
2026-01-21 10:07:59,260 - position: [-0.03020543  2.09709811  0.43223983] - angle: -1.4588448267903322
2026-01-21 10:07:59,486 - position: [-0.02494203  2.09278679  0.42991164] - angle: -1.455258672910499
2026-01-21 10:07:59,722 - position: [-0.02287108  2.09007287  0.42893535] - angle: -1.4570523648549392
2026-01-21 10:07:59,986 - position: [-0.02285456  2.08746219  0.4302341 ] - angle: -1.454754380956376
2026-01-21 10:08:00,198 - position: [-0.02385233  2.08612347  0.432924  ] - angle: -1.4570899279857645
2026-01-21 10:08:00,421 - position: [-0.02515393  2.08463931  0.43567348] - angle: -1.4544284717851572
2026-01-21 10:08:00,668 - position: [-0.02716671  2.0849154   0.43696094] - angle: -1.4557729059489284
2026-01-21 10:08:00,952 - position: [-0.02917537  2.08457017  0.4366453 ] - angle: -1.4558499337366673
2026-01-21 10:08:01,165 - position: [-0.029774    2.08436322  0.43627146] - angle: -1.456479482762683
2026-01-21 10:08:01,401 - position: [-0.03047152  2.08386707  0.4359656 ] - angle: -1.4560563570807776
2026-01-21 10:08:01,663 - position: [-0.03370869  2.08618784  0.43740773] - angle: -1.4529145977665392
2026-01-21 10:08:01,966 - position: [-0.0331488   2.08663034  0.43904346] - angle: -1.4526351535363977
2026-01-21 10:08:02,195 - position: [-0.03216161  2.08740592  0.43969485] - angle: -1.4510875894312187
2026-01-21 10:08:02,418 - position: [-0.0322777   2.08874655  0.43916962] - angle: -1.450356750256664
2026-01-21 10:08:02,694 - position: [-0.03541527  2.09484816  0.43679023] - angle: -1.4507266891860318
2026-01-21 10:08:02,912 - position: [-0.03662124  2.09589481  0.43802345] - angle: -1.450071902330822
2026-01-21 10:08:03,139 - position: [-0.03665073  2.09553838  0.44231054] - angle: -1.4522780730146039
2026-01-21 10:08:03,353 - position: [-0.03710872  2.09511447  0.44624603] - angle: -1.451608821382472
2026-01-21 10:08:03,600 - position: [-0.03450823  2.09069133  0.45284325] - angle: -1.4502844889056359
2026-01-21 10:08:03,845 - position: [-0.0327893   2.08875942  0.45495254] - angle: -1.4525104215439661
2026-01-21 10:08:04,071 - position: [-0.02874466  2.08447695  0.46067721] - angle: -1.450339913790248
2026-01-21 10:08:04,327 - position: [-0.02770845  2.08338022  0.46481919] - angle: -1.4510168269016321
2026-01-21 10:08:04,561 - position: [-0.02799288  2.0835669   0.46626368] - angle: -1.4490101091940937
2026-01-21 10:08:04,858 - position: [-0.02670611  2.08628845  0.46626762] - angle: -1.448853098227071
2026-01-21 10:08:05,091 - position: [-0.02415204  2.08736777  0.46324083] - angle: -1.447668404605416
2026-01-21 10:08:05,304 - position: [-0.02104856  2.08867359  0.46117198] - angle: -1.4500527023664667
2026-01-21 10:08:05,536 - position: [-0.01938071  2.08966947  0.45995173] - angle: -1.4498268668288463
2026-01-21 10:08:05,745 - position: [-0.0159841   2.09448171  0.45579651] - angle: -1.4496821231126567
2026-01-21 10:08:06,009 - position: [-0.01583535  2.09859514  0.45282489] - angle: -1.447085076803511
2026-01-21 10:08:06,217 - position: [-0.01590902  2.09994006  0.45176017] - angle: -1.4464490580984557
2026-01-21 10:08:06,477 - position: [-0.01594645  2.10698843  0.4466874 ] - angle: -1.4470671629513987
2026-01-21 10:08:06,703 - position: [-0.0158724   2.11096072  0.44399723] - angle: -1.4489288871821584
2026-01-21 10:08:06,931 - position: [-0.01537744  2.11221838  0.43985286] - angle: -1.4457316395057482
2026-01-21 10:08:07,180 - position: [-0.01631728  2.11220002  0.43762285] - angle: -1.4481589880595247
2026-01-21 10:08:07,435 - position: [-0.01724415  2.11175895  0.43637371] - angle: -1.4463219511027003
2026-01-21 10:08:07,692 - position: [-0.02279978  2.11177254  0.43302339] - angle: -1.4453714838138416
2026-01-21 10:08:07,943 - position: [-0.02354619  2.1092124   0.43223467] - angle: -1.4465577082345504
2026-01-21 10:08:08,181 - position: [-0.021198    2.10426092  0.43123075] - angle: -1.4460969343026515
2026-01-21 10:08:08,445 - position: [-0.01678433  2.09945345  0.43069923] - angle: -1.4483861210598175
2026-01-21 10:08:08,659 - position: [-0.0146168   2.09729385  0.43089628] - angle: -1.4476661802511503
2026-01-21 10:08:08,883 - position: [-0.01332141  2.09631181  0.43116584] - angle: -1.447707763340734
2026-01-21 10:08:09,096 - position: [-0.01042792  2.09502625  0.43251115] - angle: -1.4477016955498754
2026-01-21 10:08:09,319 - position: [-0.00904889  2.09511995  0.43436489] - angle: -1.4477333524277065
2026-01-21 10:08:09,535 - position: [-0.00882395  2.09529638  0.43565619] - angle: -1.4459505242138762
2026-01-21 10:08:09,765 - position: [-0.00858361  2.09541798  0.43810487] - angle: -1.445219139874503
2026-01-21 10:08:10,022 - position: [-0.00626901  2.09255695  0.44393656] - angle: -1.4449838597697653
2026-01-21 10:08:10,251 - position: [-0.00435845  2.09006333  0.44621167] - angle: -1.4450899776669344
2026-01-21 10:08:10,472 - position: [-0.00374821  2.08897638  0.44639042] - angle: -1.445290692350079
2026-01-21 10:08:10,758 - position: [-0.00334664  2.08847451  0.44574118] - angle: -1.4449071022499607
2026-01-21 10:08:11,019 - position: [-0.00272918  2.08675003  0.44183612] - angle: -1.4450807057725932
2026-01-21 10:08:11,276 - position: [-0.00324078  2.08487988  0.43716055] - angle: -1.4433284885253141
2026-01-21 10:08:11,590 - position: [-0.00376116  2.07623053  0.42822057] - angle: -1.444435261341357
2026-01-21 10:08:11,854 - position: [-0.00524279  2.07098389  0.42304406] - angle: -1.4422976148105753
2026-01-21 10:08:12,071 - position: [-0.00606443  2.06574869  0.41927609] - angle: -1.4438772435449607
2026-01-21 10:08:12,335 - position: [-0.00684458  2.06048965  0.415995  ] - angle: -1.4423512018985991
2026-01-21 10:08:12,552 - position: [-0.00772375  2.05461025  0.41337022] - angle: -1.4433578891130465
2026-01-21 10:08:12,780 - position: [-0.0098319   2.05140114  0.41365275] - angle: -1.4409181090090901
2026-01-21 10:08:13,011 - position: [-0.01220226  2.05121136  0.41477233] - angle: -1.4425549695497373
2026-01-21 10:08:13,266 - position: [-0.01288373  2.05225158  0.41594213] - angle: -1.4420558869665498
2026-01-21 10:08:13,569 - position: [-0.01278632  2.05406618  0.42001501] - angle: -1.4397475046365709
2026-01-21 10:08:13,783 - position: [-0.01289951  2.05543041  0.42185709] - angle: -1.4407951741718934
2026-01-21 10:08:14,006 - position: [-0.01542309  2.06238341  0.42549157] - angle: -1.438666886865399
2026-01-21 10:08:14,244 - position: [-0.01689325  2.06573653  0.4257803 ] - angle: -1.4388405366939137
2026-01-21 10:08:14,476 - position: [-0.01871249  2.0692625   0.4248637 ] - angle: -1.4380309063018277
2026-01-21 10:08:14,709 - position: [-0.02157283  2.07467413  0.42241701] - angle: -1.438707994115021
2026-01-21 10:08:14,970 - position: [-0.0222042   2.07550335  0.42032948] - angle: -1.439614890141478
2026-01-21 10:08:15,212 - position: [-0.02441914  2.07741213  0.41698724] - angle: -1.4390858933351125
2026-01-21 10:08:15,477 - position: [-0.02678285  2.07874393  0.41484463] - angle: -1.438853071224735
2026-01-21 10:08:15,722 - position: [-0.02228726  2.0698421   0.41657147] - angle: -1.4384612622319213
2026-01-21 10:08:15,953 - position: [-0.0191387   2.06377172  0.41914281] - angle: -1.4378193584088432
2026-01-21 10:08:16,222 - position: [-0.01558194  2.05610251  0.42759418] - angle: -1.4399699571193971
2026-01-21 10:08:16,476 - position: [-0.01525541  2.05457759  0.4313961 ] - angle: -1.4374366951137776
2026-01-21 10:08:16,698 - position: [-0.01629703  2.05615616  0.43747097] - angle: -1.4376520619692554
2026-01-21 10:08:16,930 - position: [-0.01857953  2.06115341  0.44058657] - angle: -1.438688494898987
2026-01-21 10:08:17,172 - position: [-0.019982    2.06331849  0.44080678] - angle: -1.4371632357525885
2026-01-21 10:08:17,416 - position: [-0.02208115  2.06574917  0.4402546 ] - angle: -1.434973195243448
2026-01-21 10:08:17,662 - position: [-0.02394029  2.0667088   0.43875378] - angle: -1.4358425392320124
2026-01-21 10:08:17,882 - position: [-0.02383974  2.06647515  0.43819723] - angle: -1.4356294759560884
2026-01-21 10:08:18,108 - position: [-0.02759838  2.06943035  0.43794954] - angle: -1.434483855227683
2026-01-21 10:08:18,346 - position: [-0.03183951  2.07204342  0.43846622] - angle: -1.4323789145590435
2026-01-21 10:08:18,550 - position: [-0.03467514  2.07428122  0.4391565 ] - angle: -1.4312872802714987
2026-01-21 10:08:18,822 - position: [-0.03498017  2.07459474  0.4391568 ] - angle: -1.4311191566305785
2026-01-21 10:08:19,044 - position: [-0.03684726  2.07930708  0.43670195] - angle: -1.4307733869011057
2026-01-21 10:08:19,261 - position: [-0.03647868  2.08131003  0.43496883] - angle: -1.4320540967566497
2026-01-21 10:08:19,470 - position: [-0.03718021  2.08345056  0.43187138] - angle: -1.4302810992689188
2026-01-21 10:08:19,705 - position: [-0.03742882  2.08366704  0.43146634] - angle: -1.4299891190524665
2026-01-21 10:08:20,039 - position: [-0.03831465  2.0839932   0.42612845] - angle: -1.4312120121175598
2026-01-21 10:08:20,315 - position: [-0.03737678  2.08232951  0.42528972] - angle: -1.4307373817159244
2026-01-21 10:08:20,597 - position: [-0.03629368  2.08133435  0.42557752] - angle: -1.4302358144724585
2026-01-21 10:08:20,829 - position: [-0.03501654  2.08048773  0.42852873] - angle: -1.429704261153482
2026-01-21 10:08:21,084 - position: [-0.03306458  2.0768683   0.43495882] - angle: -1.4320813919125919
2026-01-21 10:08:21,338 - position: [-0.03297439  2.07449555  0.43884882] - angle: -1.4294769508492151
2026-01-21 10:08:21,548 - position: [-0.03469947  2.07180667  0.44670045] - angle: -1.430324411129697
2026-01-21 10:08:21,780 - position: [-0.03588707  2.07102108  0.45000413] - angle: -1.4286862565571936
2026-01-21 10:08:22,012 - position: [-0.03789087  2.06875277  0.45785126] - angle: -1.429404355142172
2026-01-21 10:08:22,253 - position: [-0.03746931  2.06307149  0.46651864] - angle: -1.428049220123854
2026-01-21 10:08:22,484 - position: [-0.03131882  2.05110836  0.47625205] - angle: -1.427705389255233
2026-01-21 10:08:22,691 - position: [-0.02900922  2.04896092  0.48010427] - angle: -1.4283348246833838
2026-01-21 10:08:22,915 - position: [-0.02996413  2.05211568  0.48191065] - angle: -1.429010680455567
2026-01-21 10:08:23,156 - position: [-0.03163723  2.05636764  0.4811891 ] - angle: -1.4279033937827763
2026-01-21 10:08:23,420 - position: [-0.03442085  2.06332803  0.47854361] - angle: -1.427596196257404
2026-01-21 10:08:23,679 - position: [-0.03630514  2.06693101  0.47530666] - angle: -1.4266632544064461
2026-01-21 10:08:23,911 - position: [-0.03951238  2.0683701   0.46806818] - angle: -1.4253829926746429
2026-01-21 10:08:24,205 - position: [-0.04053178  2.06631231  0.46500525] - angle: -1.4259013065324266
2026-01-21 10:08:24,447 - position: [-0.04196221  2.06320262  0.46327311] - angle: -1.4261103497944
2026-01-21 10:08:24,696 - position: [-0.04262165  2.06181288  0.46104589] - angle: -1.4237972645370238
2026-01-21 10:08:24,899 - position: [-0.04311292  2.06212664  0.45816052] - angle: -1.4242566847680784
2026-01-21 10:08:25,117 - position: [-0.04341159  2.06205344  0.4552806 ] - angle: -1.4250718974773569
2026-01-21 10:08:25,364 - position: [-0.04323619  2.06198955  0.45469388] - angle: -1.4251649478017554
2026-01-21 10:08:25,614 - position: [-0.04150001  2.0610168   0.44894195] - angle: -1.4237038295819922
2026-01-21 10:08:25,852 - position: [-0.04086434  2.06178498  0.44780532] - angle: -1.423993199568792
2026-01-21 10:08:26,082 - position: [-0.03975118  2.06631398  0.44753987] - angle: -1.4234827709836746
2026-01-21 10:08:26,321 - position: [-0.03946634  2.07055426  0.44874746] - angle: -1.423742431020965
2026-01-21 10:08:26,541 - position: [-0.04008215  2.07551908  0.45068008] - angle: -1.4239371356425186
2026-01-21 10:08:26,845 - position: [-0.04218012  2.08470392  0.45220312] - angle: -1.4238035235728068
2026-01-21 10:08:27,105 - position: [-0.04370964  2.09147978  0.4520413 ] - angle: -1.424739042098401
2026-01-21 10:08:27,336 - position: [-0.04337977  2.09433365  0.45110404] - angle: -1.422636736560313
2026-01-21 10:08:27,556 - position: [-0.04220723  2.09528041  0.44958335] - angle: -1.4218309056181928
2026-01-21 10:08:27,781 - position: [-0.03860729  2.09342432  0.44784409] - angle: -1.423546518539926
2026-01-21 10:08:28,029 - position: [-0.03351373  2.08803654  0.44467947] - angle: -1.4205321671162783
2026-01-21 10:08:28,268 - position: [-0.03177012  2.0864346   0.44344178] - angle: -1.4219310205865785
2026-01-21 10:08:28,487 - position: [-0.0295803   2.08216739  0.43970051] - angle: -1.4188860346848808
2026-01-21 10:08:28,721 - position: [-0.02869467  2.0803206   0.43853706] - angle: -1.4201443878482447
2026-01-21 10:08:28,942 - position: [-0.02856795  2.07733703  0.43797696] - angle: -1.4206311551809891
2026-01-21 10:08:29,182 - position: [-0.02856795  2.07733703  0.43797696] - angle: -1.4206311551809891
2026-01-21 10:08:29,458 - position: [-0.03094949  2.07457614  0.44198152] - angle: -1.4216045081860944
2026-01-21 10:08:29,709 - position: [-0.03141379  2.07444143  0.44349974] - angle: -1.4191000662332125
2026-01-21 10:08:29,911 - position: [-0.03252512  2.0774684   0.44937721] - angle: -1.4203725539464989
2026-01-21 10:08:30,161 - position: [-0.03279825  2.07942247  0.45080313] - angle: -1.4185042999150226
2026-01-21 10:08:30,367 - position: [-0.03323061  2.08338952  0.4528299 ] - angle: -1.4180064174142175
2026-01-21 10:08:30,686 - position: [-0.03319519  2.08930087  0.45556092] - angle: -1.4186786928602144
2026-01-21 10:08:30,901 - position: [-0.03131594  2.09253335  0.45775384] - angle: -1.4173420749573653
2026-01-21 10:08:31,126 - position: [-0.02900887  2.09485078  0.46119097] - angle: -1.4165152555489149
2026-01-21 10:08:31,331 - position: [-0.02652447  2.09626508  0.46517405] - angle: -1.4184278590505448
2026-01-21 10:08:31,607 - position: [-0.02466062  2.09650707  0.466167  ] - angle: -1.4179243100845835
2026-01-21 10:08:31,832 - position: [-0.0228099   2.09652042  0.46612319] - angle: -1.417091746704283
2026-01-21 10:08:32,069 - position: [-0.01998622  2.0981319   0.46404585] - angle: -1.415848919109869
2026-01-21 10:08:32,295 - position: [-0.01812291  2.10103774  0.4612036 ] - angle: -1.415008878178194
2026-01-21 10:08:32,521 - position: [-0.01690254  2.10424089  0.45832497] - angle: -1.4158041023304557
2026-01-21 10:08:32,779 - position: [-0.01629421  2.11060119  0.45265931] - angle: -1.414391357949028
2026-01-21 10:08:32,992 - position: [-0.01669306  2.11558175  0.44834921] - angle: -1.4151593492083134
2026-01-21 10:08:33,218 - position: [-0.01702401  2.11793709  0.44595659] - angle: -1.4141904786693393
2026-01-21 10:08:33,449 - position: [-0.0174532   2.12097645  0.44290182] - angle: -1.4133744536838817
2026-01-21 10:08:33,713 - position: [-0.0201364   2.12881684  0.43613523] - angle: -1.4140581473302558
2026-01-21 10:08:33,968 - position: [-0.01971259  2.13035822  0.43366909] - angle: -1.4106789654925338
2026-01-21 10:08:34,177 - position: [-0.01880309  2.13090086  0.43241265] - angle: -1.411387769395493
2026-01-21 10:08:34,422 - position: [-0.01771362  2.12947106  0.43307176] - angle: -1.4118920278613256
2026-01-21 10:08:34,645 - position: [-0.01730673  2.12651181  0.43517545] - angle: -1.4110673975194112
2026-01-21 10:08:34,868 - position: [-0.01657031  2.12372732  0.43688112] - angle: -1.4110365027706906
2026-01-21 10:08:35,086 - position: [-0.01460274  2.12086153  0.43877879] - angle: -1.4120052304790836
2026-01-21 10:08:35,313 - position: [-0.01372081  2.12044859  0.44013044] - angle: -1.4123648506462154
2026-01-21 10:08:35,615 - position: [-0.0132446   2.12036848  0.44093144] - angle: -1.4106411842563027
2026-01-21 10:08:35,848 - position: [-0.01041185  2.12428641  0.44597971] - angle: -1.4108058148745326
2026-01-21 10:08:36,049 - position: [-0.00987078  2.12600255  0.44710737] - angle: -1.4098056854377496
2026-01-21 10:08:36,283 - position: [-0.00944768  2.12913084  0.44716424] - angle: -1.4094934320794765
2026-01-21 10:08:36,496 - position: [-0.00962668  2.13002586  0.44646487] - angle: -1.4091796998915358
2026-01-21 10:08:36,719 - position: [-0.01062733  2.13156724  0.44453672] - angle: -1.408679316385669
2026-01-21 10:08:36,957 - position: [-0.01179064  2.13176584  0.44284472] - angle: -1.4082696408690705
2026-01-21 10:08:37,221 - position: [-0.0145027   2.13018465  0.43943596] - angle: -1.4093163149244359
2026-01-21 10:08:37,432 - position: [-0.01514198  2.1292274   0.43801159] - angle: -1.4085816301059495
2026-01-21 10:08:37,711 - position: [-0.01608656  2.1274519   0.43502098] - angle: -1.4079460359720235
2026-01-21 10:08:37,936 - position: [-0.01680017  2.12772322  0.43464756] - angle: -1.4070996197942103
2026-01-21 10:08:38,200 - position: [-0.01794983  2.12892032  0.43168613] - angle: -1.4080499406914675
2026-01-21 10:08:38,405 - position: [-0.01810524  2.12837601  0.4311237 ] - angle: -1.4060349276036201
2026-01-21 10:08:38,614 - position: [-0.02004947  2.12790918  0.43130612] - angle: -1.4066022860614487
2026-01-21 10:08:38,867 - position: [-0.02147843  2.12621427  0.4331919 ] - angle: -1.4049850449641856
2026-01-21 10:08:39,166 - position: [-0.02642174  2.12547898  0.43619281] - angle: -1.4057193219224358
2026-01-21 10:08:39,436 - position: [-0.0277425   2.1259563   0.43611404] - angle: -1.4043461648306752
2026-01-21 10:08:39,662 - position: [-0.03494919  2.13060808  0.43588814] - angle: -1.4036121363794507
2026-01-21 10:08:39,977 - position: [-0.03897228  2.13237333  0.43951079] - angle: -1.4034184686690887
2026-01-21 10:08:40,245 - position: [-0.04470008  2.13748693  0.44719446] - angle: -1.4051533999482064
2026-01-21 10:08:40,493 - position: [-0.04731497  2.14174628  0.45193508] - angle: -1.4019912164890287
2026-01-21 10:08:40,706 - position: [-0.04826272  2.14450908  0.45395494] - angle: -1.4026341017282666
2026-01-21 10:08:40,977 - position: [-0.04966368  2.14869189  0.45322025] - angle: -1.4036739935057847
2026-01-21 10:08:41,222 - position: [-0.05221323  2.15282845  0.45266479] - angle: -1.4036266319363366
2026-01-21 10:08:41,478 - position: [-0.05342853  2.15363526  0.4532395 ] - angle: -1.4026404798187162
2026-01-21 10:08:41,693 - position: [-0.05496234  2.15174294  0.45847559] - angle: -1.4032585360599632
2026-01-21 10:08:41,926 - position: [-0.05171734  2.14620709  0.46248099] - angle: -1.402416027616308
2026-01-21 10:08:42,172 - position: [-0.04525739  2.13753152  0.46874565] - angle: -1.4026286305445597
2026-01-21 10:08:42,442 - position: [-0.03846125  2.13106894  0.47441712] - angle: -1.4021822986505148
2026-01-21 10:08:42,662 - position: [-0.0337231   2.12943745  0.47729716] - angle: -1.4014667813602766
2026-01-21 10:08:42,899 - position: [-0.03302658  2.13011026  0.47816938] - angle: -1.4014510219624383
2026-01-21 10:08:43,118 - position: [-0.03285601  2.13138175  0.47848436] - angle: -1.4025427677026445
2026-01-21 10:08:43,465 - position: [-0.03159776  2.13291311  0.47577664] - angle: -1.4004090821427573
2026-01-21 10:08:43,731 - position: [-0.03213134  2.13186526  0.47443318] - angle: -1.4011320287891564
2026-01-21 10:08:43,973 - position: [-0.03029103  2.12975001  0.47243863] - angle: -1.4009973806735818
2026-01-21 10:08:44,226 - position: [-0.03048987  2.12802315  0.47139707] - angle: -1.4012039085900367
2026-01-21 10:08:44,461 - position: [-0.02754634  2.12262106  0.46787381] - angle: -1.39999918348467
2026-01-21 10:08:44,713 - position: [-0.02610762  2.11773181  0.46266988] - angle: -1.3994352740531157
2026-01-21 10:08:44,953 - position: [-0.02737232  2.11309767  0.45874444] - angle: -1.399868476703623
2026-01-21 10:08:45,198 - position: [-0.02688764  2.1073122   0.45610824] - angle: -1.3987775658688295
2026-01-21 10:08:45,413 - position: [-0.02572639  2.10253119  0.45413283] - angle: -1.399017371624375
2026-01-21 10:08:45,656 - position: [-0.02448922  2.09994888  0.45335451] - angle: -1.4009934067817844
2026-01-21 10:08:45,986 - position: [-0.01828033  2.09834099  0.44816509] - angle: -1.3978672469813702
2026-01-21 10:08:46,220 - position: [-0.02284071  2.10627413  0.44594017] - angle: -1.3970001940028052
2026-01-21 10:08:46,452 - position: [-0.0286305   2.11257339  0.44616479] - angle: -1.3974225549802632
2026-01-21 10:08:46,712 - position: [-0.03345455  2.11582208  0.44899517] - angle: -1.3976798347230623
2026-01-21 10:08:46,918 - position: [-0.03565548  2.11556435  0.45403463] - angle: -1.3978225719700772
2026-01-21 10:08:47,193 - position: [-0.03446435  2.11387634  0.45892087] - angle: -1.3972640878038036
2026-01-21 10:08:47,422 - position: [-0.0335065   2.11294866  0.46170616] - angle: -1.3980386257228088
2026-01-21 10:08:47,657 - position: [-0.03085671  2.11205959  0.46519598] - angle: -1.3991622232291063
2026-01-21 10:08:47,864 - position: [-0.03071276  2.11206532  0.4653725 ] - angle: -1.399110365629204
2026-01-21 10:08:48,098 - position: [-0.03034913  2.11217022  0.46558464] - angle: -1.3983230697831304
2026-01-21 10:08:48,350 - position: [-0.03120636  2.10986638  0.46362421] - angle: -1.396678924313084
2026-01-21 10:08:48,596 - position: [-0.03132494  2.10752225  0.46184406] - angle: -1.3952754771153697
2026-01-21 10:08:48,883 - position: [-0.03147065  2.10549855  0.45976558] - angle: -1.3957629311011108
2026-01-21 10:08:49,106 - position: [-0.03474559  2.10476184  0.45770153] - angle: -1.3940714726687191
2026-01-21 10:08:49,335 - position: [-0.03821139  2.10385585  0.45616412] - angle: -1.3946965437135663
2026-01-21 10:08:49,598 - position: [-0.03912412  2.10288477  0.45591196] - angle: -1.3946580209377952
2026-01-21 10:08:49,876 - position: [-0.03891043  2.10059595  0.45630044] - angle: -1.3935449985252806
2026-01-21 10:08:50,167 - position: [-0.03854638  2.09977508  0.45659292] - angle: -1.3930741113108502
2026-01-21 10:08:50,394 - position: [-0.03831267  2.09855628  0.45675713] - angle: -1.3934733256883796
2026-01-21 10:08:50,634 - position: [-0.03797464  2.0969677   0.45703861] - angle: -1.3925811016252951
2026-01-21 10:08:50,839 - position: [-0.038302    2.09543967  0.45711631] - angle: -1.3924245290882098
2026-01-21 10:08:51,121 - position: [-0.03817468  2.09566927  0.45701385] - angle: -1.3916399253308498
2026-01-21 10:08:51,379 - position: [-0.04007071  2.09724641  0.45598686] - angle: -1.3900031985087944
2026-01-21 10:08:51,687 - position: [-0.04636623  2.09886789  0.45376554] - angle: -1.390017544191474
2026-01-21 10:08:51,952 - position: [-0.04846395  2.10215664  0.45069537] - angle: -1.3917051123297717
2026-01-21 10:08:52,244 - position: [-0.04666966  2.10412955  0.44598755] - angle: -1.390224676408597
2026-01-21 10:08:52,505 - position: [-0.04666966  2.10412955  0.44598755] - angle: -1.390224676408597
2026-01-21 10:08:52,747 - position: [-0.04059454  2.11017156  0.43545362] - angle: -1.389753262948156
2026-01-21 10:08:52,965 - position: [-0.04122038  2.11314487  0.43421769] - angle: -1.3894931940484563
2026-01-21 10:08:53,205 - position: [-0.04573076  2.11804962  0.43659112] - angle: -1.389063496198225
2026-01-21 10:08:53,484 - position: [-0.05137311  2.12557173  0.44053417] - angle: -1.389349822227775
2026-01-21 10:08:53,715 - position: [-0.05310403  2.12802696  0.44144389] - angle: -1.3885479114714028
2026-01-21 10:08:53,925 - position: [-0.05894405  2.13571715  0.44632962] - angle: -1.3884525600987927
2026-01-21 10:08:54,150 - position: [-0.05914139  2.13568473  0.44909111] - angle: -1.3901685100025438
2026-01-21 10:08:54,418 - position: [-0.05643617  2.13270545  0.45598036] - angle: -1.3900059578466797
2026-01-21 10:08:54,619 - position: [-0.05405831  2.1301856   0.46065331] - angle: -1.388487129338639
2026-01-21 10:08:54,838 - position: [-0.04951619  2.12467265  0.46818164] - angle: -1.3880308771688
2026-01-21 10:08:55,092 - position: [-0.04341555  2.11471057  0.47798181] - angle: -1.3895621603194641
2026-01-21 10:08:55,343 - position: [-0.03974507  2.10974121  0.48200548] - angle: -1.3886433983829543
2026-01-21 10:08:55,571 - position: [-0.03323034  2.10316229  0.48932499] - angle: -1.3887793233035959
2026-01-21 10:08:55,821 - position: [-0.02651666  2.09678054  0.49348736] - angle: -1.3873929481736598
2026-01-21 10:08:56,035 - position: [-0.02336686  2.09451485  0.49374342] - angle: -1.3882184831833055
2026-01-21 10:08:56,256 - position: [-0.02226783  2.0939548   0.49231622] - angle: -1.3868734850330888
2026-01-21 10:08:56,539 - position: [-0.02197482  2.09459901  0.48951057] - angle: -1.3874032532739573
2026-01-21 10:08:56,792 - position: [-0.02095062  2.0995028   0.47294912] - angle: -1.3875784303003607
2026-01-21 10:08:57,015 - position: [-0.01757842  2.10164213  0.46429804] - angle: -1.3857678103533098
2026-01-21 10:08:57,282 - position: [-0.01511745  2.10289025  0.45961225] - angle: -1.3851222661003542
2026-01-21 10:08:57,523 - position: [-0.01109491  2.10650826  0.44387689] - angle: -1.3841805776385487
2026-01-21 10:08:57,755 - position: [-0.01069482  2.10703731  0.43706623] - angle: -1.3839333175298791
2026-01-21 10:08:57,986 - position: [-0.01252865  2.10832334  0.4279421 ] - angle: -1.3845056492639545
2026-01-21 10:08:58,227 - position: [-0.01503138  2.10905027  0.42416638] - angle: -1.3829316390786301
2026-01-21 10:08:58,441 - position: [-0.01844486  2.10925746  0.4218688 ] - angle: -1.3838835720881342
2026-01-21 10:08:58,680 - position: [-0.01931939  2.10908079  0.42209306] - angle: -1.3828230073358805
2026-01-21 10:08:58,898 - position: [-0.01914028  2.1088438   0.42340079] - angle: -1.3842630145831634
2026-01-21 10:08:59,128 - position: [-0.01864627  2.10864425  0.42376095] - angle: -1.383862686257674
2026-01-21 10:08:59,344 - position: [-0.01549805  2.10852909  0.42572504] - angle: -1.3832340500110205
2026-01-21 10:08:59,545 - position: [-0.01435787  2.10925651  0.42714536] - angle: -1.3825097662139827
2026-01-21 10:08:59,748 - position: [-0.01363168  2.11200356  0.4293837 ] - angle: -1.382382972529165
2026-01-21 10:08:59,959 - position: [-0.01308035  2.11418176  0.43058971] - angle: -1.3819597869670197
2026-01-21 10:09:00,190 - position: [-0.01272052  2.11734819  0.43286493] - angle: -1.3837030006342759
2026-01-21 10:09:00,435 - position: [-0.01204795  2.11783099  0.43569383] - angle: -1.3804304213237804
2026-01-21 10:09:00,672 - position: [-0.01003723  2.11537313  0.43834469] - angle: -1.3809492768106386
2026-01-21 10:09:00,879 - position: [-0.00914622  2.11434698  0.44121036] - angle: -1.3818288818034947
2026-01-21 10:09:01,093 - position: [-0.01049276  2.11617255  0.44317305] - angle: -1.3809838089968864
2026-01-21 10:09:01,330 - position: [-0.01193682  2.11832857  0.44412675] - angle: -1.3798258464418907
2026-01-21 10:09:01,565 - position: [-0.01739166  2.12818766  0.44663343] - angle: -1.3787101300745408
2026-01-21 10:09:01,795 - position: [-0.01875354  2.13167858  0.44617879] - angle: -1.3778552437780989
2026-01-21 10:09:02,004 - position: [-0.01972707  2.13608742  0.44498217] - angle: -1.3801716963191857
2026-01-21 10:09:02,259 - position: [-0.02162573  2.14461231  0.43931273] - angle: -1.3781397250171294
2026-01-21 10:09:02,503 - position: [-0.02233988  2.14779043  0.43646544] - angle: -1.3789542422948342
2026-01-21 10:09:02,745 - position: [-0.02409407  2.15003657  0.43423954] - angle: -1.3781193646989687
2026-01-21 10:09:02,965 - position: [-0.0258145   2.15020514  0.43505052] - angle: -1.379032977541835
2026-01-21 10:09:03,174 - position: [-0.02632314  2.14896464  0.43580979] - angle: -1.379057330760685
2026-01-21 10:09:03,409 - position: [-0.02625922  2.14897156  0.43584287] - angle: -1.3794033568272028
2026-01-21 10:09:03,626 - position: [-0.02555378  2.14110112  0.43756026] - angle: -1.3779123766190287
2026-01-21 10:09:03,860 - position: [-0.02291892  2.12985873  0.44084978] - angle: -1.3770989070813098
2026-01-21 10:09:04,078 - position: [-0.02317195  2.12436271  0.4472813 ] - angle: -1.3777627922060471
2026-01-21 10:09:04,314 - position: [-0.02370006  2.12423921  0.44930962] - angle: -1.380036543882182
2026-01-21 10:09:04,541 - position: [-0.02646034  2.12509847  0.45898911] - angle: -1.3787614835281294
2026-01-21 10:09:04,807 - position: [-0.02494396  2.12773514  0.47708565] - angle: -1.3767996312590993
2026-01-21 10:09:05,039 - position: [-0.02159682  2.1282928   0.48074698] - angle: -1.3756626487292252
2026-01-21 10:09:05,241 - position: [-0.01850814  2.12898755  0.48182794] - angle: -1.3754802345835886
2026-01-21 10:09:05,445 - position: [-0.01717854  2.12773538  0.48126122] - angle: -1.3754122320282294
2026-01-21 10:09:05,671 - position: [-0.01531265  2.1242497   0.47927439] - angle: -1.3759587827479658
2026-01-21 10:09:05,913 - position: [-0.01462747  2.12234902  0.47824779] - angle: -1.3769343036151134
2026-01-21 10:09:06,146 - position: [-0.01519302  2.118783    0.47623947] - angle: -1.3762993433981148
2026-01-21 10:09:06,405 - position: [-0.0162781   2.11574173  0.47525185] - angle: -1.37679603739002
2026-01-21 10:09:06,628 - position: [-0.01355818  2.10969162  0.4704214 ] - angle: -1.37529347405219
2026-01-21 10:09:06,856 - position: [-0.01148629  2.10937452  0.4654085 ] - angle: -1.37603890734108
2026-01-21 10:09:07,108 - position: [-0.01307944  2.11171961  0.464129  ] - angle: -1.3738447498989639
2026-01-21 10:09:07,345 - position: [-0.01429131  2.11308885  0.46401575] - angle: -1.372677173739909
2026-01-21 10:09:07,554 - position: [-0.01600969  2.11433649  0.46304899] - angle: -1.3731314834918642
2026-01-21 10:09:07,805 - position: [-0.01707229  2.11649132  0.46033475] - angle: -1.3733295126014222
2026-01-21 10:09:08,035 - position: [-0.01534554  2.11780763  0.45930287] - angle: -1.3724690638981927
2026-01-21 10:09:08,281 - position: [-0.01294149  2.11830735  0.45738915] - angle: -1.3741116776053182
2026-01-21 10:09:08,497 - position: [-0.01223741  2.11814427  0.45678365] - angle: -1.3723077593452033
2026-01-21 10:09:08,759 - position: [-0.01443136  2.12036586  0.45739731] - angle: -1.3735581587889811
2026-01-21 10:09:09,012 - position: [-0.01719747  2.12204576  0.45820826] - angle: -1.3734539732728885
2026-01-21 10:09:09,238 - position: [-0.01820964  2.12260413  0.45864579] - angle: -1.3721902895496698
2026-01-21 10:09:09,454 - position: [-0.01954637  2.12363219  0.45908371] - angle: -1.3715360031938815
2026-01-21 10:09:09,672 - position: [-0.02083569  2.12341475  0.45782152] - angle: -1.370733202836734
2026-01-21 10:09:09,905 - position: [-0.02261931  2.12377167  0.45670322] - angle: -1.3719763730496508
2026-01-21 10:09:10,112 - position: [-0.02363718  2.1236465   0.45612028] - angle: -1.3703848775429797
2026-01-21 10:09:10,336 - position: [-0.02453028  2.12372208  0.45570883] - angle: -1.372054855091985
2026-01-21 10:09:10,572 - position: [-0.03107045  2.12109876  0.45251304] - angle: -1.3709248181021572
2026-01-21 10:09:10,789 - position: [-0.03490807  2.12112355  0.45187449] - angle: -1.3697397532867117
2026-01-21 10:09:11,045 - position: [-0.0385768   2.12276912  0.4515956 ] - angle: -1.3692987426892564
2026-01-21 10:09:11,272 - position: [-0.04069771  2.12376237  0.45155796] - angle: -1.3689625387547344
2026-01-21 10:09:11,498 - position: [-0.04261669  2.12438083  0.45099893] - angle: -1.3680122186150325
2026-01-21 10:09:11,737 - position: [-0.04434979  2.12426949  0.44890144] - angle: -1.3655320811830878
2026-01-21 10:09:11,970 - position: [-0.04514368  2.12454438  0.44800067] - angle: -1.3657606316797284
2026-01-21 10:09:12,200 - position: [-0.0466486   2.12516546  0.44532084] - angle: -1.3687389878543215
2026-01-21 10:09:12,431 - position: [-0.04795966  2.12474036  0.44597441] - angle: -1.3666519180529146
2026-01-21 10:09:12,648 - position: [-0.04846516  2.12432241  0.4468706 ] - angle: -1.3669342154410296
2026-01-21 10:09:12,901 - position: [-0.0497006   2.12413001  0.44956994] - angle: -1.367592211499253
2026-01-21 10:09:13,122 - position: [-0.05008111  2.12400675  0.45088986] - angle: -1.3673825114666767
2026-01-21 10:09:13,365 - position: [-0.04918774  2.12307477  0.45195299] - angle: -1.366111524241501
2026-01-21 10:09:13,587 - position: [-0.0460396   2.1209743   0.45288673] - angle: -1.3672019242673357
2026-01-21 10:09:13,840 - position: [-0.04154926  2.11668158  0.45504823] - angle: -1.3650921184755793
2026-01-21 10:09:14,078 - position: [-0.03874073  2.11438346  0.45703906] - angle: -1.3644773697707606
2026-01-21 10:09:14,306 - position: [-0.03546207  2.11127305  0.4603636 ] - angle: -1.364689212290083
2026-01-21 10:09:14,554 - position: [-0.03305809  2.10732388  0.46408466] - angle: -1.3632937285950066
2026-01-21 10:09:14,777 - position: [-0.03048343  2.10342336  0.46624044] - angle: -1.3636998448169142
2026-01-21 10:09:14,984 - position: [-0.02718066  2.09938192  0.46735054] - angle: -1.3636713969791732
2026-01-21 10:09:15,220 - position: [-0.02392729  2.09626937  0.46754682] - angle: -1.3631947162990832
2026-01-21 10:09:15,473 - position: [-0.01824551  2.09181404  0.46649152] - angle: -1.3627406157582174
2026-01-21 10:09:15,726 - position: [-0.01741304  2.09083629  0.46644008] - angle: -1.3633454889300545
2026-01-21 10:09:15,966 - position: [-0.01715058  2.09109664  0.46790218] - angle: -1.3647073393817442
2026-01-21 10:09:16,214 - position: [-0.01672137  2.09012055  0.46901482] - angle: -1.3623856125044718
2026-01-21 10:09:16,424 - position: [-0.01609154  2.08952904  0.46938345] - angle: -1.363558970352075
2026-01-21 10:09:16,652 - position: [-0.01421687  2.08672833  0.46960142] - angle: -1.3630292999881872
2026-01-21 10:09:16,864 - position: [-0.01244259  2.08343315  0.46975225] - angle: -1.3634250562235213
2026-01-21 10:09:17,081 - position: [-0.01005496  2.08025336  0.47016138] - angle: -1.3632057723473343
2026-01-21 10:09:17,307 - position: [-0.00683397  2.07708883  0.47035477] - angle: -1.3623834799828574
2026-01-21 10:09:17,566 - position: [-0.00400798  2.07505083  0.46982113] - angle: -1.3614175730371527
2026-01-21 10:09:17,778 - position: [-0.00254287  2.07517362  0.46934208] - angle: -1.3606338568194318
2026-01-21 10:09:17,988 - position: [-0.00221416  2.07565045  0.46823382] - angle: -1.3608803520407493
2026-01-21 10:09:18,221 - position: [-1.66400080e-03  2.07598257e+00  4.67367202e-01] - angle: -1.3602568955150507
2026-01-21 10:09:18,423 - position: [-1.25983264e-03  2.07596064e+00  4.66032505e-01] - angle: -1.3603479985703175
2026-01-21 10:09:18,670 - position: [-1.99178327e-03  2.07574248e+00  4.64479148e-01] - angle: -1.3581176459357769
2026-01-21 10:09:18,887 - position: [-0.0045474   2.07689238  0.46408874] - angle: -1.3578925437891973
2026-01-21 10:09:19,109 - position: [-0.00816197  2.07953334  0.4650349 ] - angle: -1.358548248894849
2026-01-21 10:09:19,353 - position: [-0.00953362  2.08088112  0.46590665] - angle: -1.3577266472818832
2026-01-21 10:09:19,582 - position: [-0.00795343  2.08179951  0.4669067 ] - angle: -1.358628145917355
2026-01-21 10:09:19,787 - position: [-0.00326151  2.08255124  0.46569827] - angle: -1.3598497460188153
2026-01-21 10:09:20,059 - position: [0.00369008 2.08253002 0.4619498 ] - angle: -1.3592873907109713
2026-01-21 10:09:20,400 - position: [0.00841513 2.0828054  0.45686197] - angle: -1.3596681397744095
2026-01-21 10:09:20,641 - position: [0.01220254 2.08176136 0.45419526] - angle: -1.3586601857706788
2026-01-21 10:09:20,856 - position: [0.01382262 2.08049965 0.45289558] - angle: -1.3583150828880708
2026-01-21 10:09:21,065 - position: [0.01772808 2.07868218 0.44617316] - angle: -1.357105789078855
2026-01-21 10:09:21,303 - position: [0.01781976 2.07923913 0.44016042] - angle: -1.3563061708512558
2026-01-21 10:09:21,554 - position: [0.01436829 2.08153129 0.43389684] - angle: -1.3580294800679216
2026-01-21 10:09:21,790 - position: [0.00810671 2.08513665 0.42861101] - angle: -1.3563942080713969
2026-01-21 10:09:22,021 - position: [0.00555312 2.08665586 0.42728502] - angle: -1.3566909971362588
2026-01-21 10:09:22,240 - position: [1.66722015e-03 2.08822751e+00 4.25714076e-01] - angle: -1.3564945586928325
2026-01-21 10:09:22,510 - position: [-0.00301197  2.09048939  0.42298725] - angle: -1.3574854491514299
2026-01-21 10:09:22,733 - position: [-0.00683849  2.09254384  0.42338607] - angle: -1.3561017985456032
2026-01-21 10:09:22,991 - position: [-0.00652669  2.09127045  0.42556775] - angle: -1.3570248940702134
2026-01-21 10:09:23,228 - position: [-0.00567251  2.09066296  0.4275606 ] - angle: -1.3564020532329852
2026-01-21 10:09:23,464 - position: [-0.00476504  2.091465    0.42951444] - angle: -1.3539762643249058
2026-01-21 10:09:23,722 - position: [-0.00428416  2.09335518  0.4318997 ] - angle: -1.3537343904674803
2026-01-21 10:09:23,941 - position: [-0.00485208  2.09490848  0.4343096 ] - angle: -1.355222001544718
2026-01-21 10:09:24,224 - position: [-0.00460735  2.09493542  0.43685147] - angle: -1.3543590938127346
2026-01-21 10:09:24,446 - position: [-1.43683166e-03  2.09330416e+00  4.39526290e-01] - angle: -1.354433218595882
2026-01-21 10:09:24,657 - position: [0.00932436 2.08533931 0.44884896] - angle: -1.3550365317878539
2026-01-21 10:09:24,906 - position: [0.00888681 2.08460402 0.45325333] - angle: -1.3566824638440758
2026-01-21 10:09:25,132 - position: [0.00631757 2.08488226 0.45859593] - angle: -1.3564038696786889
2026-01-21 10:09:25,376 - position: [0.00488368 2.08449912 0.46065989] - angle: -1.354064084911641
2026-01-21 10:09:25,586 - position: [0.0023082  2.0837307  0.46332726] - angle: -1.356070929619721
2026-01-21 10:09:25,833 - position: [3.21038533e-04 2.08244205e+00 4.64197248e-01] - angle: -1.35423933493583
2026-01-21 10:09:26,062 - position: [-8.07479955e-04  2.08184290e+00  4.64601487e-01] - angle: -1.3542117631424944
2026-01-21 10:09:26,279 - position: [-0.00369113  2.08164001  0.46651477] - angle: -1.3550739250991701
2026-01-21 10:09:26,526 - position: [-0.0053895   2.08200216  0.46742913] - angle: -1.3534907984037332
2026-01-21 10:09:26,752 - position: [-0.00661842  2.08209133  0.46788728] - angle: -1.3532961299692983
2026-01-21 10:09:26,953 - position: [-0.00709441  2.08108664  0.46747756] - angle: -1.3531155660352505
2026-01-21 10:09:27,189 - position: [-0.00716261  2.08130503  0.46689862] - angle: -1.353103158027177
2026-01-21 10:09:27,415 - position: [-0.00765738  2.08260965  0.46651053] - angle: -1.352536629813172
2026-01-21 10:09:27,618 - position: [-0.00830027  2.08528614  0.46665129] - angle: -1.3524826355328958
2026-01-21 10:09:27,836 - position: [-0.00928368  2.09010887  0.46954107] - angle: -1.3529377010739623
2026-01-21 10:09:28,110 - position: [-0.00982234  2.0912466   0.47061414] - angle: -1.3531109796882155
2026-01-21 10:09:28,335 - position: [-0.01091981  2.09324026  0.4731476 ] - angle: -1.3513295353513253
2026-01-21 10:09:28,563 - position: [-0.01142186  2.09562278  0.4758521 ] - angle: -1.3522729245238652
2026-01-21 10:09:28,813 - position: [-0.01164179  2.09689307  0.47696787] - angle: -1.3524486103830888
2026-01-21 10:09:29,070 - position: [-0.01146415  2.09688878  0.47695237] - angle: -1.3521916416931261
2026-01-21 10:09:29,288 - position: [-0.01098414  2.09579587  0.47572324] - angle: -1.3508899055912664
2026-01-21 10:09:29,517 - position: [-0.01062981  2.09465337  0.47430611] - angle: -1.3491617392550026
2026-01-21 10:09:29,741 - position: [-0.01109551  2.09370828  0.47315198] - angle: -1.3485832438476795
2026-01-21 10:09:29,986 - position: [-0.01293414  2.09207797  0.47197211] - angle: -1.3483361938164715
2026-01-21 10:09:30,196 - position: [-0.0142328   2.09015274  0.47129363] - angle: -1.34832264481979
2026-01-21 10:09:30,435 - position: [-0.0144207   2.08848     0.47105107] - angle: -1.3475837771227837
2026-01-21 10:09:30,658 - position: [-0.01357753  2.08658671  0.47084492] - angle: -1.3474471316006635
2026-01-21 10:09:30,884 - position: [-0.01251304  2.08559942  0.47073239] - angle: -1.3472145612733009
2026-01-21 10:09:31,112 - position: [-0.01036881  2.08473015  0.47136754] - angle: -1.348246325295864
2026-01-21 10:09:31,392 - position: [-0.00913799  2.08359528  0.47255147] - angle: -1.3469740184068248
2026-01-21 10:09:31,611 - position: [-0.00875171  2.08356237  0.47357345] - angle: -1.3464313998705557
2026-01-21 10:09:31,844 - position: [-0.00747047  2.08342695  0.47687808] - angle: -1.3464990931327252
2026-01-21 10:09:32,096 - position: [-0.00721956  2.08323216  0.47904918] - angle: -1.3465111936904712
2026-01-21 10:09:32,334 - position: [-0.00770506  2.08329439  0.47954682] - angle: -1.3453122103223945
2026-01-21 10:09:32,570 - position: [-0.00859568  2.08488894  0.48006421] - angle: -1.3457019980911227
2026-01-21 10:09:32,806 - position: [-0.00833803  2.08558226  0.48019293] - angle: -1.345887797517105
2026-01-21 10:09:33,040 - position: [-0.0076982   2.08565044  0.48016241] - angle: -1.3458399609611793
2026-01-21 10:09:33,272 - position: [-0.00643075  2.08528161  0.47986689] - angle: -1.3476878943613282
2026-01-21 10:09:33,514 - position: [-0.00584931  2.08504748  0.47949055] - angle: -1.3475960471821429
2026-01-21 10:09:33,758 - position: [-0.00517056  2.08473587  0.47842807] - angle: -1.3474904037470412
2026-01-21 10:09:34,019 - position: [-0.00591047  2.08409762  0.47503448] - angle: -1.3450449290124533
2026-01-21 10:09:34,229 - position: [-0.0065995   2.08377481  0.47348875] - angle: -1.3455685268736604
2026-01-21 10:09:34,507 - position: [-0.00873331  2.08231688  0.46855578] - angle: -1.3449271791347197
2026-01-21 10:09:34,715 - position: [-0.00942851  2.08057237  0.46557033] - angle: -1.3452863807411082
2026-01-21 10:09:34,923 - position: [-0.00942851  2.08057237  0.46557033] - angle: -1.3452863807411082
2026-01-21 10:09:35,191 - position: [-0.00607598  2.07730365  0.46162692] - angle: -1.3455660027481202
2026-01-21 10:09:35,408 - position: [-0.00486723  2.07637644  0.46063983] - angle: -1.3450238029093469
2026-01-21 10:09:35,648 - position: [-0.00394615  2.07467794  0.45875069] - angle: -1.3453358798131019
2026-01-21 10:09:35,871 - position: [-0.00475089  2.07281971  0.4566476 ] - angle: -1.343417602821987
2026-01-21 10:09:36,115 - position: [-0.00521429  2.0719893   0.45573598] - angle: -1.343127679084215
2026-01-21 10:09:36,319 - position: [-0.00642122  2.06932998  0.45311534] - angle: -1.3431874446599315
2026-01-21 10:09:36,568 - position: [-0.00677212  2.06545734  0.44956541] - angle: -1.3445152725645113
2026-01-21 10:09:36,775 - position: [-0.00709817  2.06366849  0.44856027] - angle: -1.3416521428012262
2026-01-21 10:09:37,006 - position: [-0.00706152  2.06263733  0.44834286] - angle: -1.3417938816164878
2026-01-21 10:09:37,222 - position: [-0.00689342  2.06140089  0.44828939] - angle: -1.3433041297834416
2026-01-21 10:09:37,458 - position: [-0.00666355  2.06012464  0.44832629] - angle: -1.3425018678298182
2026-01-21 10:09:37,690 - position: [-0.00604887  2.05715013  0.44802737] - angle: -1.341805421085089
2026-01-21 10:09:37,942 - position: [-0.0057784   2.05501628  0.44814697] - angle: -1.3416584091271795
2026-01-21 10:09:38,183 - position: [-0.00510472  2.05281544  0.44854364] - angle: -1.3420265690332531
2026-01-21 10:09:38,394 - position: [-0.00475829  2.05176067  0.44865474] - angle: -1.341441047117503
2026-01-21 10:09:38,603 - position: [-0.004562    2.05046177  0.44876409] - angle: -1.341954019117765
2026-01-21 10:09:38,844 - position: [-0.00598378  2.04782224  0.44768652] - angle: -1.3397224078538312
2026-01-21 10:09:39,066 - position: [-0.0064576   2.04796267  0.44718117] - angle: -1.3389739260304347
2026-01-21 10:09:39,329 - position: [-0.00747853  2.04840922  0.44642112] - angle: -1.3386582164665448
2026-01-21 10:09:39,573 - position: [-0.0081092   2.04870987  0.44620025] - angle: -1.3385739231879032
2026-01-21 10:09:39,815 - position: [-0.0094403   2.05025578  0.44577354] - angle: -1.337599343491052
2026-01-21 10:09:40,040 - position: [-0.00952821  2.05161047  0.44490722] - angle: -1.3375657609994707
2026-01-21 10:09:40,262 - position: [-0.00973635  2.05207753  0.44318533] - angle: -1.3371984642986128
2026-01-21 10:09:40,493 - position: [-0.01076057  2.05327272  0.44185999] - angle: -1.338492985144994
2026-01-21 10:09:40,712 - position: [-0.01269695  2.05482793  0.43947375] - angle: -1.337501561382099
2026-01-21 10:09:40,972 - position: [-0.01389554  2.05654788  0.43699226] - angle: -1.3361391298270107
2026-01-21 10:09:41,186 - position: [-0.01441165  2.05784273  0.43568495] - angle: -1.336252270617531
2026-01-21 10:09:41,448 - position: [-0.01455348  2.05863738  0.43530715] - angle: -1.335675162605968
2026-01-21 10:09:41,665 - position: [-0.01499993  2.05928779  0.43598369] - angle: -1.3354922158161306
2026-01-21 10:09:41,867 - position: [-0.0152828   2.05937934  0.43659064] - angle: -1.3358381923119085
2026-01-21 10:09:42,130 - position: [-0.01486589  2.05846071  0.43786103] - angle: -1.335563144785202
2026-01-21 10:09:42,415 - position: [-0.01495862  2.05775523  0.43848592] - angle: -1.336285322511607
2026-01-21 10:09:42,648 - position: [-0.01531744  2.05535102  0.44069058] - angle: -1.3368776103727278
2026-01-21 10:09:42,861 - position: [-0.01569427  2.05330515  0.44217363] - angle: -1.3353311714002287
2026-01-21 10:09:43,093 - position: [-0.01509702  2.04951859  0.44553962] - angle: -1.3367226029782242
2026-01-21 10:09:43,317 - position: [-0.01330795  2.04651761  0.44665545] - angle: -1.3360864413488676
2026-01-21 10:09:43,545 - position: [-0.01105376  2.04470062  0.44675812] - angle: -1.3359633761389578
2026-01-21 10:09:43,752 - position: [-0.00938171  2.04401779  0.44699717] - angle: -1.3362326144124905
2026-01-21 10:09:43,994 - position: [-0.00919184  2.04412079  0.44703808] - angle: -1.336442917265126
2026-01-21 10:09:44,213 - position: [-0.00952812  2.0443604   0.44734269] - angle: -1.3363330907370186
2026-01-21 10:09:44,421 - position: [-0.01109803  2.04473209  0.44792011] - angle: -1.336134958296019
2026-01-21 10:09:44,690 - position: [-0.01283472  2.04482913  0.44848323] - angle: -1.3349434985891073
2026-01-21 10:09:44,916 - position: [-0.01446398  2.04529476  0.44905841] - angle: -1.3351065406997957
2026-01-21 10:09:45,146 - position: [-0.01505848  2.04589558  0.44921312] - angle: -1.3347867597103407
2026-01-21 10:09:45,348 - position: [-0.01527613  2.04637265  0.44940698] - angle: -1.3348000670096938
2026-01-21 10:09:45,606 - position: [-0.01493424  2.05034661  0.45167345] - angle: -1.3363386171466338
2026-01-21 10:09:45,850 - position: [-0.01494202  2.05426311  0.45453531] - angle: -1.334667112064968
2026-01-21 10:09:46,078 - position: [-0.01501761  2.056247    0.45680439] - angle: -1.3345801739276557
2026-01-21 10:09:46,300 - position: [-0.0150792   2.05755305  0.45863125] - angle: -1.3351140232879493
2026-01-21 10:09:46,521 - position: [-0.01507719  2.05953097  0.46031603] - angle: -1.3346532891165999
2026-01-21 10:09:46,761 - position: [-0.01315976  2.06312799  0.46173131] - angle: -1.3322467150715331
2026-01-21 10:09:46,999 - position: [-0.01218075  2.06483173  0.46215454] - angle: -1.3326342078153015
2026-01-21 10:09:47,255 - position: [-0.01196518  2.06849813  0.46247491] - angle: -1.3322194372776859
2026-01-21 10:09:47,501 - position: [-0.01581777  2.0711      0.46142629] - angle: -1.330343490758355
2026-01-21 10:09:47,717 - position: [-0.01859822  2.07393694  0.46031839] - angle: -1.330408422566804
2026-01-21 10:09:47,968 - position: [-0.01703922  2.07588577  0.45926493] - angle: -1.331526577003649
2026-01-21 10:09:48,211 - position: [-0.01439775  2.07698631  0.45667791] - angle: -1.3297213875517584
2026-01-21 10:09:48,428 - position: [-0.01364091  2.0781126   0.45607999] - angle: -1.3312779825562249
2026-01-21 10:09:48,699 - position: [-0.01411809  2.0807662   0.45624813] - angle: -1.329471789101944
2026-01-21 10:09:48,913 - position: [-0.01487868  2.08262825  0.45736644] - angle: -1.3296655101705022
2026-01-21 10:09:49,167 - position: [-0.0142284   2.08228922  0.45873722] - angle: -1.329611044317367
2026-01-21 10:09:49,404 - position: [-0.01135571  2.08178258  0.45944002] - angle: -1.3304010608414991
2026-01-21 10:09:49,641 - position: [-0.0114864   2.08268142  0.45916528] - angle: -1.3299565556035358
2026-01-21 10:09:49,858 - position: [-0.01203852  2.08596206  0.45884126] - angle: -1.3283712658011892
2026-01-21 10:09:50,096 - position: [-0.01385191  2.08935022  0.45826396] - angle: -1.3291572256039368
2026-01-21 10:09:50,319 - position: [-0.0147272   2.09181142  0.45673138] - angle: -1.3302498330493395
2026-01-21 10:09:50,537 - position: [-0.01493007  2.09202981  0.45587158] - angle: -1.3300371524168808
2026-01-21 10:09:50,749 - position: [-0.01480221  2.09205484  0.45519698] - angle: -1.329633013272756
2026-01-21 10:09:51,006 - position: [-0.01106522  2.09198308  0.44919255] - angle: -1.330652846966959
2026-01-21 10:09:51,283 - position: [-0.00619898  2.0911088   0.4463118 ] - angle: -1.3301808334388259
2026-01-21 10:09:51,490 - position: [-0.00430616  2.09053302  0.44558516] - angle: -1.3306073609386897
2026-01-21 10:09:51,741 - position: [1.57935685e-03 2.08995008e+00 4.43794250e-01] - angle: -1.3288056057830517
2026-01-21 10:09:51,990 - position: [0.00305672 2.08971    0.44333801] - angle: -1.3303716108351367
2026-01-21 10:09:52,223 - position: [-1.14306109e-03  2.09320641e+00  4.43171769e-01] - angle: -1.3295026839024517
2026-01-21 10:09:52,472 - position: [-0.00935914  2.0986805   0.44599065] - angle: -1.3284740211672705
2026-01-21 10:09:52,699 - position: [-0.00935914  2.0986805   0.44599065] - angle: -1.3284740211672705
2026-01-21 10:09:52,948 - position: [-0.02220654  2.10771179  0.45211607] - angle: -1.3301152872892645
2026-01-21 10:09:53,202 - position: [-0.03359365  2.11406755  0.45704266] - angle: -1.329668724442934
2026-01-21 10:09:53,416 - position: [-0.03521905  2.11529922  0.45831397] - angle: -1.3294879138696323
2026-01-21 10:09:53,618 - position: [-0.03478531  2.11592436  0.45950574] - angle: -1.329882570990255
2026-01-21 10:09:53,849 - position: [-0.03259156  2.1160326   0.45886043] - angle: -1.3275847471986557
2026-01-21 10:09:54,084 - position: [-0.03187751  2.11620641  0.45793751] - angle: -1.3277554553790414
2026-01-21 10:09:54,332 - position: [-0.02998417  2.11666608  0.45623153] - angle: -1.3289150334814388
2026-01-21 10:09:54,553 - position: [-0.0299909   2.11689997  0.45549041] - angle: -1.3272199085911733
2026-01-21 10:09:54,794 - position: [-0.03251565  2.11891341  0.45387179] - angle: -1.3281195415508167
2026-01-21 10:09:55,032 - position: [-0.03233671  2.11989903  0.45227817] - angle: -1.3256306426612712
2026-01-21 10:09:55,258 - position: [-0.03187794  2.12049246  0.45203063] - angle: -1.3257142002236062
2026-01-21 10:09:55,499 - position: [-0.02882189  2.11953592  0.45295477] - angle: -1.3253754115388872
2026-01-21 10:09:55,736 - position: [-0.02263301  2.11755276  0.454815  ] - angle: -1.326879280908802
2026-01-21 10:09:55,980 - position: [-0.02011961  2.11694789  0.45557514] - angle: -1.3270774929654086
2026-01-21 10:09:56,258 - position: [-0.01491293  2.11172938  0.45851856] - angle: -1.3255100346635338
2026-01-21 10:09:56,513 - position: [-0.01298516  2.10515714  0.46185949] - angle: -1.3264067816216945
2026-01-21 10:09:56,742 - position: [-0.01315572  2.09991097  0.46316895] - angle: -1.3259050597013666
2026-01-21 10:09:56,974 - position: [-0.01452703  2.09715009  0.46279007] - angle: -1.3250324375278075
2026-01-21 10:09:57,212 - position: [-0.01646162  2.09345388  0.46225035] - angle: -1.3226766326649515
2026-01-21 10:09:57,430 - position: [-0.01688308  2.09144354  0.46207568] - angle: -1.3237782412833257
2026-01-21 10:09:57,647 - position: [-0.01506575  2.08754301  0.46248299] - angle: -1.3229723262406128
2026-01-21 10:09:57,873 - position: [-0.01316915  2.08390546  0.46520463] - angle: -1.3234519667109037
2026-01-21 10:09:58,090 - position: [-0.0131222   2.08349705  0.46619964] - angle: -1.3232866710939146
2026-01-21 10:09:58,318 - position: [-0.01337032  2.08447361  0.46622968] - angle: -1.3237512480582856
2026-01-21 10:09:58,577 - position: [-0.01719317  2.09008503  0.46321896] - angle: -1.3233214376599283
2026-01-21 10:09:58,797 - position: [-0.018864    2.09225917  0.46151942] - angle: -1.3231676504936694
2026-01-21 10:09:59,018 - position: [-0.02076983  2.09443641  0.45983896] - angle: -1.3247932216738532
2026-01-21 10:09:59,228 - position: [-0.02221784  2.09622931  0.46019441] - angle: -1.3243502712749917
2026-01-21 10:09:59,508 - position: [-0.02154174  2.09731555  0.4604339 ] - angle: -1.3231007485441006
2026-01-21 10:09:59,739 - position: [-0.01443655  2.0960381   0.45950532] - angle: -1.3214712703410947
2026-01-21 10:09:59,982 - position: [-0.00809536  2.09486413  0.4584761 ] - angle: -1.3229064961403263
2026-01-21 10:10:00,222 - position: [-0.00491859  2.09575057  0.45908552] - angle: -1.322319729276209
2026-01-21 10:10:00,491 - position: [-0.00427982  2.09684825  0.45887262] - angle: -1.3209516248435564
2026-01-21 10:10:00,744 - position: [-0.00427982  2.09684825  0.45887262] - angle: -1.3209516248435564
2026-01-21 10:10:00,994 - position: [-0.0089826   2.10425639  0.45334786] - angle: -1.3201942874648864
2026-01-21 10:10:01,243 - position: [-0.01031355  2.10814643  0.45168859] - angle: -1.3214561846045285
2026-01-21 10:10:01,481 - position: [-0.01172256  2.11170387  0.45065081] - angle: -1.3208530727536139
2026-01-21 10:10:01,720 - position: [-0.00946225  2.11243343  0.45085463] - angle: -1.319241068792199
2026-01-21 10:10:01,932 - position: [-0.00715878  2.11288452  0.45046175] - angle: -1.3187193578775607
2026-01-21 10:10:02,185 - position: [-0.00596162  2.11363053  0.45054832] - angle: -1.3184265824255186
2026-01-21 10:10:02,398 - position: [-0.00417153  2.11422634  0.45046479] - angle: -1.3184681264063576
2026-01-21 10:10:02,651 - position: [-1.93191459e-03  2.11317706e+00  4.49323088e-01] - angle: -1.3193057078801744
2026-01-21 10:10:02,877 - position: [-1.28163467e-03  2.11183453e+00  4.47315246e-01] - angle: -1.3178025135184295
