2026-01-21 10:00:52,138 - position: [ 0.09331186 -1.39300501  0.8085525 ]
2026-01-21 10:00:52,440 - position: [ 0.09475595 -1.39112866  0.80740243]
2026-01-21 10:00:52,665 - position: [ 0.09562094 -1.39130342  0.80749077]
2026-01-21 10:00:52,901 - position: [ 0.09584846 -1.39134204  0.80736458]
2026-01-21 10:00:53,141 - position: [ 0.09189024 -1.39213502  0.80755752]
2026-01-21 10:00:53,405 - position: [ 0.08258668 -1.39670682  0.80825907]
2026-01-21 10:00:53,709 - position: [ 0.08081628 -1.40295482  0.81241053]
2026-01-21 10:00:53,913 - position: [ 0.09568331 -1.40798855  0.8118158 ]
2026-01-21 10:00:54,146 - position: [ 0.08642796 -1.40966058  0.81325841]
2026-01-21 10:00:54,361 - position: [ 0.09574068 -1.4051156   0.81239486]
2026-01-21 10:00:54,580 - position: [ 0.10339764 -1.40141785  0.81113476]
2026-01-21 10:00:54,853 - position: [ 0.10339764 -1.40141785  0.81113476]
2026-01-21 10:00:55,069 - position: [ 0.10339764 -1.40141785  0.81113476]
2026-01-21 10:00:55,315 - position: [ 0.09647515 -1.39823103  0.81064206]
2026-01-21 10:00:55,585 - position: [ 0.10414831 -1.39982796  0.81086594]
2026-01-21 10:00:55,789 - position: [ 0.10323097 -1.39979851  0.81102955]
2026-01-21 10:00:56,021 - position: [ 0.09681355 -1.40190399  0.81125766]
2026-01-21 10:00:56,242 - position: [ 0.0944499  -1.40281224  0.81140608]
2026-01-21 10:00:56,497 - position: [ 0.08855205 -1.40636027  0.81288338]
2026-01-21 10:00:56,746 - position: [ 0.03542324 -1.48922265  0.81815928]
2026-01-21 10:00:56,973 - position: [ 0.03172168 -1.48787868  0.81685364]
2026-01-21 10:00:57,180 - position: [ 0.01807426 -1.47827649  0.81429613]
2026-01-21 10:00:57,572 - position: [-0.01984418 -1.45907331  0.80169851]
2026-01-21 10:00:57,790 - position: [ 0.03231768 -1.37583721  0.79885346]
2026-01-21 10:00:58,026 - position: [ 0.10596764 -1.3432107   0.79336423]
2026-01-21 10:00:58,250 - position: [ 0.12117392 -1.34486234  0.7934342 ]
2026-01-21 10:00:58,477 - position: [ 0.12335452 -1.36215198  0.79767156]
2026-01-21 10:00:58,704 - position: [ 0.12070026 -1.36393392  0.79803628]
2026-01-21 10:00:58,924 - position: [ 0.11430704 -1.3650924   0.79882377]
2026-01-21 10:00:59,166 - position: [ 0.1121885  -1.36486161  0.79886758]
2026-01-21 10:00:59,432 - position: [ 0.11003429 -1.36490464  0.79984564]
2026-01-21 10:00:59,674 - position: [ 0.10822627 -1.36650419  0.79933053]
2026-01-21 10:00:59,934 - position: [ 0.10667876 -1.36810577  0.79960948]
2026-01-21 10:01:00,170 - position: [ 0.09396918 -1.37356985  0.8003068 ]
2026-01-21 10:01:00,399 - position: [ 0.06754587 -1.39931858  0.80132419]
2026-01-21 10:01:00,617 - position: [ 0.0644865  -1.41051507  0.80055708]
2026-01-21 10:01:00,858 - position: [ 0.06697019 -1.41505051  0.80011845]
2026-01-21 10:01:01,077 - position: [ 0.06240844 -1.40332341  0.79726464]
2026-01-21 10:01:01,293 - position: [ 0.06328687 -1.39614868  0.79643625]
2026-01-21 10:01:01,532 - position: [ 0.09118269 -1.35314012  0.79341471]
2026-01-21 10:01:01,793 - position: [ 0.10280693 -1.34911275  0.79378921]
2026-01-21 10:01:02,020 - position: [ 0.10947131 -1.35299945  0.79593539]
2026-01-21 10:01:02,265 - position: [ 0.10225556 -1.36317956  0.79861158]
2026-01-21 10:01:02,539 - position: [ 0.10010237 -1.36916602  0.79935831]
2026-01-21 10:01:02,777 - position: [ 0.09985652 -1.37135959  0.79966843]
2026-01-21 10:01:03,007 - position: [ 0.09909414 -1.37248611  0.80008233]
2026-01-21 10:01:03,309 - position: [ 0.0981676  -1.37266767  0.80000496]
2026-01-21 10:01:03,530 - position: [ 0.0989083  -1.37281895  0.80016017]
2026-01-21 10:01:03,788 - position: [ 0.09826588 -1.37241375  0.79975373]
2026-01-21 10:01:04,019 - position: [ 0.09450898 -1.3757236   0.79971397]
2026-01-21 10:01:04,266 - position: [ 0.08897825 -1.39663506  0.80312115]
2026-01-21 10:01:04,506 - position: [ 0.07939626 -1.40064013  0.80258995]
2026-01-21 10:01:04,754 - position: [ 0.0728428  -1.40727437  0.80076593]
2026-01-21 10:01:04,964 - position: [ 0.0743577  -1.4033004   0.80020595]
2026-01-21 10:01:05,214 - position: [ 0.08178519 -1.39469779  0.80137807]
2026-01-21 10:01:05,460 - position: [ 0.11312285 -1.3582958   0.7971797 ]
2026-01-21 10:01:05,699 - position: [ 0.11554286 -1.35337293  0.79625034]
2026-01-21 10:01:05,908 - position: [ 0.11446238 -1.35543525  0.79723722]
2026-01-21 10:01:06,133 - position: [ 0.11061075 -1.36045194  0.79888386]
2026-01-21 10:01:06,396 - position: [ 0.1080432  -1.35952103  0.79738015]
2026-01-21 10:01:06,646 - position: [ 0.10046913 -1.35851753  0.79783928]
2026-01-21 10:01:06,953 - position: [ 0.10072911 -1.36537313  0.79870349]
2026-01-21 10:01:07,232 - position: [ 0.10022258 -1.37361157  0.79945683]
2026-01-21 10:01:07,478 - position: [ 0.09928971 -1.37712574  0.79959536]
2026-01-21 10:01:07,679 - position: [ 0.09896161 -1.37753487  0.79976815]
2026-01-21 10:01:07,896 - position: [ 0.0994802  -1.37529778  0.7991181 ]
2026-01-21 10:01:08,111 - position: [ 0.09948365 -1.37308848  0.79854101]
2026-01-21 10:01:08,367 - position: [ 0.10010996 -1.374331    0.79857743]
2026-01-21 10:01:08,594 - position: [ 0.10956503 -1.37726676  0.79982072]
2026-01-21 10:01:08,856 - position: [ 0.11724312 -1.38014507  0.80051184]
2026-01-21 10:01:09,091 - position: [ 0.12977579 -1.38694155  0.80148125]
2026-01-21 10:01:09,336 - position: [ 0.12937993 -1.38674378  0.80149943]
2026-01-21 10:01:09,564 - position: [ 0.12937993 -1.38674378  0.80149943]
2026-01-21 10:01:09,812 - position: [ 0.12225024 -1.38431048  0.80119002]
2026-01-21 10:01:10,035 - position: [ 0.12225024 -1.38431048  0.80119002]
2026-01-21 10:01:10,269 - position: [ 0.12225024 -1.38431048  0.80119002]
2026-01-21 10:01:10,539 - position: [ 0.1144276  -1.38404226  0.80133468]
2026-01-21 10:01:10,804 - position: [ 0.11312284 -1.38430393  0.8008154 ]
2026-01-21 10:01:11,018 - position: [ 0.10485661 -1.38763165  0.80092674]
2026-01-21 10:01:11,234 - position: [ 0.10123855 -1.38949943  0.80104691]
2026-01-21 10:01:11,472 - position: [ 0.08156022 -1.411623    0.80388921]
2026-01-21 10:01:11,695 - position: [ 0.07868311 -1.41012216  0.80370247]
2026-01-21 10:01:11,933 - position: [ 0.06555845 -1.42052376  0.80401504]
2026-01-21 10:01:12,174 - position: [ 0.06041012 -1.42132652  0.80188727]
2026-01-21 10:01:12,381 - position: [ 0.06540906 -1.4103874   0.80080646]
2026-01-21 10:01:12,590 - position: [ 0.09023655 -1.3835386   0.79912698]
2026-01-21 10:01:12,858 - position: [ 0.10574283 -1.38474011  0.79921204]
2026-01-21 10:01:13,081 - position: [ 0.10447407 -1.38232374  0.79958045]
2026-01-21 10:01:13,307 - position: [ 0.10386721 -1.37778807  0.80024368]
2026-01-21 10:01:13,552 - position: [ 0.10417965 -1.37425053  0.80006981]
2026-01-21 10:01:13,784 - position: [ 0.11064912 -1.36733615  0.7990483 ]
2026-01-21 10:01:14,011 - position: [ 0.1137431  -1.36757565  0.79935998]
2026-01-21 10:01:14,283 - position: [ 0.10947556 -1.37240565  0.79927868]
2026-01-21 10:01:14,512 - position: [ 0.1074165  -1.37575567  0.79935962]
2026-01-21 10:01:14,736 - position: [ 0.10601072 -1.38020384  0.79994833]
2026-01-21 10:01:15,084 - position: [ 0.10136528 -1.38191867  0.80031377]
2026-01-21 10:01:15,290 - position: [ 0.07451659 -1.38636994  0.79944754]
2026-01-21 10:01:15,590 - position: [ 0.06816442 -1.38740599  0.79911304]
2026-01-21 10:01:15,838 - position: [ 0.0560289  -1.39105737  0.79917026]
2026-01-21 10:01:16,085 - position: [ 0.03764152 -1.40446866  0.79973084]
2026-01-21 10:01:16,329 - position: [ 0.09257109 -1.40157092  0.80452526]
2026-01-21 10:01:16,566 - position: [ 0.10997398 -1.40739369  0.80266857]
2026-01-21 10:01:16,783 - position: [ 0.10555613 -1.40991855  0.80302393]
2026-01-21 10:01:17,039 - position: [ 0.10288731 -1.41245866  0.80445182]
2026-01-21 10:01:17,277 - position: [ 0.10733168 -1.40848207  0.80324626]
2026-01-21 10:01:17,530 - position: [ 0.10411997 -1.40861821  0.80457395]
2026-01-21 10:01:17,871 - position: [ 0.09662238 -1.41062522  0.80600518]
2026-01-21 10:01:18,167 - position: [ 0.08155945 -1.41644323  0.80832982]
2026-01-21 10:01:18,412 - position: [ 0.08486226 -1.4128834   0.80791014]
2026-01-21 10:01:18,693 - position: [ 0.0794197  -1.40944827  0.80652016]
2026-01-21 10:01:18,959 - position: [ 0.03803486 -1.39824235  0.79789233]
2026-01-21 10:01:19,210 - position: [ 0.0451804  -1.39582729  0.7980358 ]
2026-01-21 10:01:19,447 - position: [ 0.10809744 -1.38287044  0.79821998]
2026-01-21 10:01:19,699 - position: [ 0.15969616 -1.3931222   0.79677254]
2026-01-21 10:01:19,954 - position: [ 0.16281702 -1.40321147  0.79776937]
2026-01-21 10:01:20,205 - position: [ 0.16098593 -1.40354562  0.79745758]
2026-01-21 10:01:20,472 - position: [ 0.15080324 -1.39755678  0.79634362]
2026-01-21 10:01:20,725 - position: [ 0.13433538 -1.3966676   0.79799408]
2026-01-21 10:01:20,982 - position: [ 0.12481157 -1.39898145  0.79923785]
2026-01-21 10:01:21,183 - position: [ 0.11420877 -1.40073919  0.79977161]
2026-01-21 10:01:21,416 - position: [ 0.10643913 -1.4037689   0.80037105]
2026-01-21 10:01:21,657 - position: [ 0.10611214 -1.40414512  0.80041653]
2026-01-21 10:01:21,913 - position: [ 0.10393667 -1.40707433  0.80156064]
2026-01-21 10:01:22,177 - position: [ 0.0976202  -1.4119252   0.80138016]
2026-01-21 10:01:22,397 - position: [ 0.09007997 -1.41971469  0.80210459]
2026-01-21 10:01:22,618 - position: [ 0.0791625  -1.43556857  0.80333316]
2026-01-21 10:01:22,871 - position: [ 0.07396065 -1.44930553  0.8046729 ]
2026-01-21 10:01:23,109 - position: [ 0.07420989 -1.44821894  0.80469728]
2026-01-21 10:01:23,346 - position: [ 0.07386906 -1.44447231  0.80472136]
2026-01-21 10:01:23,607 - position: [ 0.06736015 -1.44137514  0.80303526]
2026-01-21 10:01:23,852 - position: [ 0.06472657 -1.44485486  0.80308509]
2026-01-21 10:01:24,089 - position: [ 0.06540278 -1.44318223  0.80303824]
2026-01-21 10:01:24,327 - position: [ 0.06357867 -1.44087005  0.80240691]
2026-01-21 10:01:24,543 - position: [ 0.06353848 -1.44121695  0.8028692 ]
2026-01-21 10:01:24,776 - position: [ 0.06370831 -1.43499351  0.80241793]
2026-01-21 10:01:25,012 - position: [ 0.06417532 -1.43205774  0.80202627]
2026-01-21 10:01:25,251 - position: [ 0.06815507 -1.42550373  0.80145127]
2026-01-21 10:01:25,488 - position: [ 0.07359488 -1.4196291   0.8010729 ]
2026-01-21 10:01:25,709 - position: [ 0.0728315  -1.42296457  0.80098087]
2026-01-21 10:01:25,911 - position: [ 0.07297184 -1.42207253  0.80087852]
2026-01-21 10:01:26,118 - position: [ 0.07714718 -1.41915464  0.80130577]
2026-01-21 10:01:26,357 - position: [ 0.07719823 -1.41750765  0.80060691]
2026-01-21 10:01:26,603 - position: [ 0.07282836 -1.41936421  0.799986  ]
2026-01-21 10:01:26,834 - position: [ 0.07022044 -1.41333628  0.79746294]
2026-01-21 10:01:27,077 - position: [ 0.07369713 -1.39353919  0.7928043 ]
2026-01-21 10:01:27,323 - position: [ 0.08692041 -1.37212825  0.78953856]
2026-01-21 10:01:27,564 - position: [ 0.10001145 -1.37801397  0.79383928]
2026-01-21 10:01:27,801 - position: [ 0.09812444 -1.38328397  0.79456258]
2026-01-21 10:01:28,021 - position: [ 0.09684085 -1.38401961  0.79339135]
2026-01-21 10:01:28,233 - position: [ 0.09455387 -1.38727462  0.79521507]
2026-01-21 10:01:28,552 - position: [ 0.08722762 -1.38201332  0.79329795]
2026-01-21 10:01:28,815 - position: [ 0.08663744 -1.38145792  0.79276484]
2026-01-21 10:01:29,035 - position: [ 0.08563117 -1.38346267  0.79259592]
2026-01-21 10:01:29,255 - position: [ 0.08451271 -1.39378512  0.79396152]
2026-01-21 10:01:29,541 - position: [ 0.08174046 -1.39629185  0.79367387]
2026-01-21 10:01:29,815 - position: [ 0.08677914 -1.39873445  0.79431874]
2026-01-21 10:01:30,053 - position: [ 0.08738722 -1.398633    0.79431081]
2026-01-21 10:01:30,286 - position: [ 0.09345304 -1.39577162  0.79435909]
2026-01-21 10:01:30,557 - position: [ 0.09757603 -1.39185429  0.79433888]
2026-01-21 10:01:30,771 - position: [ 0.09853103 -1.39080167  0.79473233]
2026-01-21 10:01:30,991 - position: [ 0.09741879 -1.3897121   0.79522842]
2026-01-21 10:01:31,195 - position: [ 0.09828901 -1.38806045  0.79515135]
2026-01-21 10:01:31,423 - position: [ 0.10663685 -1.38420105  0.79435039]
2026-01-21 10:01:31,655 - position: [ 0.11071208 -1.38474286  0.79419851]
2026-01-21 10:01:31,871 - position: [ 0.11203321 -1.38649011  0.79448241]
2026-01-21 10:01:32,091 - position: [ 0.11628173 -1.39472926  0.7966882 ]
2026-01-21 10:01:32,358 - position: [ 0.11641605 -1.39951622  0.79767865]
2026-01-21 10:01:32,621 - position: [ 0.11960921 -1.40112007  0.79816723]
2026-01-21 10:01:32,861 - position: [ 0.11327978 -1.40153384  0.7978211 ]
2026-01-21 10:01:33,131 - position: [ 0.11112697 -1.40116608  0.79774302]
2026-01-21 10:01:33,370 - position: [ 0.10813904 -1.39986598  0.79723489]
2026-01-21 10:01:33,589 - position: [ 0.1076596  -1.40098119  0.79703939]
2026-01-21 10:01:33,832 - position: [ 0.10426667 -1.40293503  0.79674625]
2026-01-21 10:01:34,077 - position: [ 0.10229597 -1.40302753  0.79663181]
2026-01-21 10:01:34,302 - position: [ 0.09754872 -1.40056944  0.7957539 ]
2026-01-21 10:01:34,528 - position: [ 0.08173785 -1.39886129  0.79309684]
2026-01-21 10:01:34,752 - position: [ 0.0636844  -1.41922963  0.79408127]
2026-01-21 10:01:34,969 - position: [ 0.06637366 -1.42010236  0.79419953]
2026-01-21 10:01:35,220 - position: [ 0.06600457 -1.41671944  0.79232931]
2026-01-21 10:01:35,452 - position: [ 0.08084437 -1.4153496   0.79311085]
2026-01-21 10:01:35,700 - position: [ 0.08117373 -1.4139545   0.79278958]
2026-01-21 10:01:35,941 - position: [ 0.08008461 -1.40578353  0.79030651]
2026-01-21 10:01:36,171 - position: [ 0.07839937 -1.40039992  0.78885001]
2026-01-21 10:01:36,373 - position: [ 0.07839937 -1.40039992  0.78885001]
2026-01-21 10:01:36,594 - position: [ 0.07701221 -1.37318289  0.7867021 ]
2026-01-21 10:01:36,842 - position: [ 0.09085889 -1.38251996  0.79311377]
2026-01-21 10:01:37,085 - position: [ 0.09085889 -1.38251996  0.79311377]
2026-01-21 10:01:37,324 - position: [ 0.10085065 -1.38660479  0.79472083]
2026-01-21 10:01:37,572 - position: [ 0.10558897 -1.39155185  0.79696977]
2026-01-21 10:01:37,815 - position: [ 0.10173827 -1.40554333  0.80106765]
2026-01-21 10:01:38,028 - position: [ 0.10116861 -1.41823256  0.80325931]
2026-01-21 10:01:38,254 - position: [ 0.10274942 -1.41863477  0.80269158]
2026-01-21 10:01:38,503 - position: [ 0.10233551 -1.41420615  0.80168033]
2026-01-21 10:01:38,760 - position: [ 0.10108873 -1.4105984   0.80065799]
2026-01-21 10:01:38,983 - position: [ 0.09998758 -1.40995181  0.80028498]
2026-01-21 10:01:39,196 - position: [ 0.09568004 -1.41016257  0.79940712]
2026-01-21 10:01:39,424 - position: [ 0.09399127 -1.41067863  0.79926908]
2026-01-21 10:01:39,636 - position: [ 0.0939569  -1.41072512  0.79922563]
2026-01-21 10:01:39,874 - position: [ 0.09394792 -1.41030371  0.79908961]
2026-01-21 10:01:40,108 - position: [ 0.09239278 -1.40839016  0.79839337]
2026-01-21 10:01:40,332 - position: [ 0.08142096 -1.41512358  0.79854655]
2026-01-21 10:01:40,580 - position: [ 0.08071157 -1.41527772  0.79855162]
2026-01-21 10:01:40,819 - position: [ 0.0797745  -1.41480446  0.79760307]
2026-01-21 10:01:41,053 - position: [ 0.07980189 -1.41488934  0.7975747 ]
2026-01-21 10:01:41,275 - position: [ 0.07901888 -1.41717684  0.79784679]
2026-01-21 10:01:41,517 - position: [ 0.07987414 -1.41645432  0.79763567]
2026-01-21 10:01:41,721 - position: [ 0.07987414 -1.41645432  0.79763567]
2026-01-21 10:01:41,943 - position: [ 0.08526512 -1.41627777  0.7984885 ]
2026-01-21 10:01:42,177 - position: [ 0.09887167 -1.4147253   0.79963344]
2026-01-21 10:01:42,427 - position: [ 0.1011086  -1.41019523  0.79846019]
2026-01-21 10:01:42,695 - position: [ 0.0972905  -1.40522408  0.79555434]
2026-01-21 10:01:42,913 - position: [ 0.0972905  -1.40522408  0.79555434]
2026-01-21 10:01:43,124 - position: [ 0.07359206 -1.4034909   0.79006881]
2026-01-21 10:01:43,373 - position: [ 0.07037497 -1.40187144  0.78865141]
2026-01-21 10:01:43,605 - position: [ 0.07037497 -1.40187144  0.78865141]
2026-01-21 10:01:43,905 - position: [ 0.07207618 -1.40354609  0.78927159]
2026-01-21 10:01:44,242 - position: [ 0.07369431 -1.40433776  0.78964484]
2026-01-21 10:01:44,519 - position: [ 0.09105007 -1.39560783  0.79254472]
2026-01-21 10:01:44,732 - position: [ 0.08558986 -1.40376556  0.79399705]
2026-01-21 10:01:44,952 - position: [ 0.08639368 -1.40535426  0.79427582]
2026-01-21 10:01:45,172 - position: [ 0.08571184 -1.40820408  0.79489326]
2026-01-21 10:01:45,400 - position: [ 0.08253824 -1.41739941  0.79729748]
2026-01-21 10:01:45,634 - position: [ 0.07432222 -1.42150068  0.79633331]
2026-01-21 10:01:45,894 - position: [ 0.0724258  -1.4160893   0.79337752]
2026-01-21 10:01:46,129 - position: [ 0.0682929  -1.4147321   0.79225856]
2026-01-21 10:01:46,360 - position: [ 0.06708176 -1.42019188  0.79243714]
2026-01-21 10:01:46,578 - position: [ 0.06689696 -1.42596841  0.79329121]
2026-01-21 10:01:46,817 - position: [ 0.0699995  -1.43464923  0.7949819 ]
2026-01-21 10:01:47,051 - position: [ 0.07406205 -1.436499    0.79510808]
2026-01-21 10:01:47,275 - position: [ 0.07906497 -1.43951166  0.79598582]
2026-01-21 10:01:47,487 - position: [ 0.08216801 -1.44468653  0.79730731]
2026-01-21 10:01:47,705 - position: [ 0.06509368 -1.43360603  0.79566717]
2026-01-21 10:01:47,944 - position: [ 0.06456529 -1.42967737  0.7952553 ]
2026-01-21 10:01:48,174 - position: [ 0.06451438 -1.41747975  0.79262084]
2026-01-21 10:01:48,404 - position: [ 0.06532577 -1.40534294  0.78958052]
2026-01-21 10:01:48,648 - position: [ 0.07736187 -1.37298298  0.78145117]
2026-01-21 10:01:48,856 - position: [ 0.08846258 -1.39328229  0.7889446 ]
2026-01-21 10:01:49,124 - position: [ 0.08308825 -1.40359616  0.78736657]
2026-01-21 10:01:49,340 - position: [ 0.07851738 -1.41140413  0.79030067]
2026-01-21 10:01:49,566 - position: [ 0.07893961 -1.40885091  0.78997856]
2026-01-21 10:01:49,793 - position: [ 0.08439168 -1.40633595  0.78820449]
2026-01-21 10:01:50,021 - position: [ 0.08439168 -1.40633595  0.78820449]
2026-01-21 10:01:50,232 - position: [ 0.11039545 -1.41503406  0.78832638]
2026-01-21 10:01:50,494 - position: [ 0.11730841 -1.41459036  0.78817433]
2026-01-21 10:01:50,742 - position: [ 0.12046959 -1.396137    0.79191852]
2026-01-21 10:01:50,958 - position: [ 0.12184328 -1.38118052  0.78990334]
2026-01-21 10:01:51,261 - position: [ 0.12135461 -1.375301    0.78826308]
2026-01-21 10:01:51,492 - position: [ 0.11425277 -1.38303781  0.7891643 ]
2026-01-21 10:01:51,715 - position: [ 0.10994587 -1.38982403  0.79008776]
2026-01-21 10:01:51,943 - position: [ 0.10708232 -1.39027131  0.7920056 ]
2026-01-21 10:01:52,170 - position: [ 0.10708232 -1.39027131  0.7920056 ]
2026-01-21 10:01:52,388 - position: [ 0.09731306 -1.37697494  0.79591054]
2026-01-21 10:01:52,610 - position: [ 0.09542686 -1.37788105  0.79389048]
2026-01-21 10:01:52,832 - position: [ 0.09457233 -1.38253784  0.79362506]
2026-01-21 10:01:53,049 - position: [ 0.09457233 -1.38253784  0.79362506]
2026-01-21 10:01:53,280 - position: [ 0.0956129  -1.39503539  0.79512823]
2026-01-21 10:01:53,558 - position: [ 0.09232826 -1.39142108  0.7939232 ]
2026-01-21 10:01:53,809 - position: [ 0.09549902 -1.38454139  0.79204839]
2026-01-21 10:01:54,049 - position: [ 0.09499032 -1.38458776  0.79099131]
2026-01-21 10:01:54,277 - position: [ 0.09410564 -1.38489914  0.79085416]
2026-01-21 10:01:54,488 - position: [ 0.09062418 -1.38889337  0.7905578 ]
2026-01-21 10:01:54,742 - position: [ 0.08917858 -1.39057469  0.79091692]
2026-01-21 10:01:54,994 - position: [ 0.08904614 -1.39105785  0.79095733]
2026-01-21 10:01:55,217 - position: [ 0.08854315 -1.39153504  0.7910316 ]
2026-01-21 10:01:55,441 - position: [ 0.07602929 -1.39982808  0.79234558]
2026-01-21 10:01:55,686 - position: [ 0.07106847 -1.4353863   0.79694378]
2026-01-21 10:01:55,921 - position: [ 0.07236846 -1.43678975  0.79701072]
2026-01-21 10:01:56,135 - position: [ 0.07658054 -1.43930924  0.79693866]
2026-01-21 10:01:56,358 - position: [ 0.07208961 -1.43508887  0.79374403]
2026-01-21 10:01:56,601 - position: [ 0.07280776 -1.435359    0.79325193]
2026-01-21 10:01:56,839 - position: [ 0.07378805 -1.43592691  0.79367429]
2026-01-21 10:01:57,103 - position: [ 0.07404521 -1.43637717  0.79424405]
2026-01-21 10:01:57,332 - position: [ 0.07225304 -1.43219352  0.79245698]
2026-01-21 10:01:57,568 - position: [ 0.07010827 -1.43609023  0.79162931]
2026-01-21 10:01:57,816 - position: [ 0.06849207 -1.44019985  0.79168719]
2026-01-21 10:01:58,068 - position: [ 0.06627844 -1.44015133  0.79108083]
2026-01-21 10:01:58,331 - position: [ 0.06296186 -1.4452095   0.79109418]
2026-01-21 10:01:58,595 - position: [ 0.06162627 -1.43598962  0.78802687]
2026-01-21 10:01:58,865 - position: [ 0.06216477 -1.43976021  0.78898162]
2026-01-21 10:01:59,152 - position: [ 0.07125088 -1.430323    0.78955311]
2026-01-21 10:01:59,418 - position: [ 0.07327326 -1.42743337  0.79026777]
2026-01-21 10:01:59,726 - position: [ 0.07061423 -1.41534352  0.79074115]
2026-01-21 10:01:59,982 - position: [ 0.06477091 -1.40988755  0.78818625]
2026-01-21 10:02:00,194 - position: [ 0.06440535 -1.41317773  0.78824508]
2026-01-21 10:02:00,422 - position: [ 0.06033523 -1.4209559   0.78784865]
2026-01-21 10:02:00,682 - position: [ 0.06051519 -1.41821682  0.78651017]
2026-01-21 10:02:00,926 - position: [ 0.06103789 -1.42040467  0.78695339]
2026-01-21 10:02:01,153 - position: [ 0.06111643 -1.41851175  0.7860359 ]
2026-01-21 10:02:01,390 - position: [ 0.06367903 -1.41554976  0.7858516 ]
2026-01-21 10:02:01,626 - position: [ 0.0647855 -1.4256202  0.7873435]
2026-01-21 10:02:01,867 - position: [ 0.06688973 -1.41485441  0.78740525]
2026-01-21 10:02:02,138 - position: [ 0.07992798 -1.42660987  0.79232877]
2026-01-21 10:02:02,368 - position: [ 0.08969951 -1.41651738  0.79220617]
2026-01-21 10:02:02,598 - position: [ 0.08665305 -1.41510963  0.79148901]
2026-01-21 10:02:02,830 - position: [ 0.09115511 -1.40855217  0.79067975]
2026-01-21 10:02:03,055 - position: [ 0.09486435 -1.4019686   0.79091007]
2026-01-21 10:02:03,288 - position: [ 0.09772345 -1.39154148  0.79137838]
2026-01-21 10:02:03,544 - position: [ 0.09481533 -1.36668885  0.79552013]
2026-01-21 10:02:03,815 - position: [ 0.09452482 -1.36539984  0.79565817]
2026-01-21 10:02:04,065 - position: [ 0.08708143 -1.37159479  0.79547071]
2026-01-21 10:02:04,369 - position: [ 0.08242394 -1.37180865  0.79287708]
2026-01-21 10:02:04,613 - position: [ 0.08232366 -1.37644553  0.78834397]
2026-01-21 10:02:04,838 - position: [ 0.08232366 -1.37644553  0.78834397]
2026-01-21 10:02:05,079 - position: [ 0.08572734 -1.39716625  0.78678083]
2026-01-21 10:02:05,306 - position: [ 0.08696276 -1.40097904  0.78684443]
2026-01-21 10:02:05,518 - position: [ 0.09481876 -1.41451514  0.78839743]
2026-01-21 10:02:05,817 - position: [ 0.09645201 -1.41282248  0.78839248]
2026-01-21 10:02:06,054 - position: [ 0.09921748 -1.40815771  0.78813338]
2026-01-21 10:02:06,262 - position: [ 0.10256658 -1.40748215  0.78793794]
2026-01-21 10:02:06,577 - position: [ 0.10392469 -1.40963125  0.78983426]
2026-01-21 10:02:06,843 - position: [ 0.09657565 -1.40882099  0.78829056]
2026-01-21 10:02:07,062 - position: [ 0.09014248 -1.40555263  0.78763288]
2026-01-21 10:02:07,299 - position: [ 0.08789637 -1.40383995  0.78742981]
2026-01-21 10:02:07,572 - position: [ 0.08647574 -1.4022913   0.78662235]
2026-01-21 10:02:07,784 - position: [ 0.08890791 -1.40222931  0.78619051]
2026-01-21 10:02:08,028 - position: [ 0.08972371 -1.40189123  0.78613567]
2026-01-21 10:02:08,301 - position: [ 0.09998596 -1.40509725  0.78816181]
2026-01-21 10:02:08,544 - position: [ 0.10603517 -1.40796888  0.78991139]
2026-01-21 10:02:08,827 - position: [ 0.10496026 -1.40385818  0.78956729]
2026-01-21 10:02:09,053 - position: [ 0.10467862 -1.40193355  0.78902203]
2026-01-21 10:02:09,298 - position: [ 0.10295632 -1.39857757  0.78841466]
2026-01-21 10:02:09,538 - position: [ 0.10265718 -1.39775431  0.78804487]
2026-01-21 10:02:09,813 - position: [ 0.10217201 -1.39785898  0.78792459]
2026-01-21 10:02:10,043 - position: [ 0.0945288  -1.39921367  0.78763223]
2026-01-21 10:02:10,269 - position: [ 0.07107253 -1.40537608  0.7875554 ]
2026-01-21 10:02:10,553 - position: [ 0.04934356 -1.41232431  0.78662848]
2026-01-21 10:02:10,800 - position: [ 0.05004514 -1.41388404  0.78700185]
2026-01-21 10:02:11,078 - position: [ 0.05009091 -1.41617572  0.78740424]
2026-01-21 10:02:11,315 - position: [ 0.0473537  -1.41781592  0.78753155]
2026-01-21 10:02:11,656 - position: [ 0.04459724 -1.42059159  0.78765774]
2026-01-21 10:02:11,858 - position: [ 0.03900292 -1.42895257  0.78942305]
2026-01-21 10:02:12,075 - position: [ 0.03900292 -1.42895257  0.78942305]
2026-01-21 10:02:12,316 - position: [ 0.03816196 -1.43913805  0.78995395]
2026-01-21 10:02:12,562 - position: [ 0.08421427 -1.42678857  0.79331768]
2026-01-21 10:02:12,805 - position: [ 0.07074331 -1.43324947  0.79332662]
2026-01-21 10:02:13,041 - position: [ 0.06724548 -1.43126404  0.79320192]
2026-01-21 10:02:13,274 - position: [ 0.06701119 -1.43032777  0.79322219]
2026-01-21 10:02:13,510 - position: [ 0.06620023 -1.42806411  0.79278576]
2026-01-21 10:02:13,753 - position: [ 0.04382062 -1.42449236  0.78893286]
2026-01-21 10:02:14,157 - position: [ 0.08230523 -1.41479576  0.78936493]
2026-01-21 10:02:14,397 - position: [ 0.08470374 -1.4168123   0.78959125]
2026-01-21 10:02:14,607 - position: [ 0.08519317 -1.42103922  0.78998339]
2026-01-21 10:02:14,853 - position: [ 0.08412548 -1.42041576  0.78974032]
2026-01-21 10:02:15,097 - position: [ 0.08568541 -1.41780138  0.78854239]
2026-01-21 10:02:15,355 - position: [ 0.0882682  -1.41842675  0.78918397]
2026-01-21 10:02:15,683 - position: [ 0.09263114 -1.41644514  0.78926879]
2026-01-21 10:02:15,999 - position: [ 0.10310832 -1.41076696  0.78778344]
2026-01-21 10:02:16,297 - position: [ 0.1036792  -1.40975845  0.78770179]
2026-01-21 10:02:16,566 - position: [ 0.10607453 -1.40777802  0.78730971]
2026-01-21 10:02:16,840 - position: [ 0.10851467 -1.40766108  0.78680283]
2026-01-21 10:02:17,088 - position: [ 0.10742677 -1.4098326   0.7873069 ]
2026-01-21 10:02:17,321 - position: [ 0.10766611 -1.41155505  0.78713644]
2026-01-21 10:02:17,543 - position: [ 0.10715382 -1.41212296  0.78702801]
2026-01-21 10:02:17,762 - position: [ 0.10644305 -1.41121995  0.78708732]
2026-01-21 10:02:17,984 - position: [ 0.10675515 -1.41147554  0.78691787]
2026-01-21 10:02:18,207 - position: [ 0.10631771 -1.41174471  0.78673458]
2026-01-21 10:02:18,458 - position: [ 0.1028165  -1.41089177  0.78681755]
2026-01-21 10:02:18,665 - position: [ 0.10213828 -1.41068864  0.78625286]
2026-01-21 10:02:18,947 - position: [ 0.09922164 -1.41096139  0.78606862]
2026-01-21 10:02:19,175 - position: [ 0.09910461 -1.41103852  0.78608799]
2026-01-21 10:02:19,447 - position: [ 0.09265693 -1.41319501  0.78635919]
2026-01-21 10:02:19,711 - position: [ 0.08704995 -1.41446042  0.78651577]
2026-01-21 10:02:19,939 - position: [ 0.08608174 -1.41446912  0.7865206 ]
2026-01-21 10:02:20,175 - position: [ 0.07870962 -1.41733229  0.78610969]
2026-01-21 10:02:20,478 - position: [ 0.0651692  -1.42118263  0.78633618]
2026-01-21 10:02:20,690 - position: [ 0.02440936 -1.44527292  0.78268152]
2026-01-21 10:02:20,916 - position: [ 0.02517778 -1.45085168  0.78273785]
2026-01-21 10:02:21,133 - position: [ 0.03128957 -1.45252287  0.78283381]
2026-01-21 10:02:21,379 - position: [ 0.06131664 -1.44255459  0.78361374]
2026-01-21 10:02:21,594 - position: [ 0.06581265 -1.44051671  0.7838918 ]
2026-01-21 10:02:21,821 - position: [ 0.06993857 -1.43787813  0.78307235]
2026-01-21 10:02:22,036 - position: [ 0.07099646 -1.4372139   0.78241473]
2026-01-21 10:02:22,244 - position: [ 0.07491205 -1.43429971  0.78027987]
2026-01-21 10:02:22,475 - position: [ 0.07664593 -1.42867458  0.77932328]
2026-01-21 10:02:22,736 - position: [ 0.07730316 -1.42574096  0.77853292]
2026-01-21 10:02:22,964 - position: [ 0.07296219 -1.42434347  0.77691615]
2026-01-21 10:02:23,188 - position: [ 0.07063413 -1.42562354  0.77636737]
2026-01-21 10:02:23,451 - position: [ 0.0704341  -1.42592752  0.77629316]
2026-01-21 10:02:23,689 - position: [ 0.07620103 -1.39954543  0.77577138]
2026-01-21 10:02:23,910 - position: [ 0.09521456 -1.40125287  0.78116786]
2026-01-21 10:02:24,152 - position: [ 0.09370221 -1.40670502  0.78150839]
2026-01-21 10:02:24,372 - position: [ 0.0943577  -1.41429794  0.78286105]
2026-01-21 10:02:24,604 - position: [ 0.0796902  -1.44749784  0.78943074]
2026-01-21 10:02:24,867 - position: [ 0.08506306 -1.45321965  0.78704309]
2026-01-21 10:02:25,076 - position: [ 0.08853476 -1.45215094  0.78636163]
2026-01-21 10:02:25,289 - position: [ 0.09035093 -1.45010078  0.78570193]
2026-01-21 10:02:25,507 - position: [ 0.09099343 -1.44929218  0.78547555]
2026-01-21 10:02:25,709 - position: [ 0.09144741 -1.448596    0.78520662]
2026-01-21 10:02:25,952 - position: [ 0.09077094 -1.44754255  0.78498846]
2026-01-21 10:02:26,163 - position: [ 0.10973845 -1.37247229  0.78733283]
2026-01-21 10:02:26,400 - position: [ 0.11001721 -1.35443795  0.78938973]
2026-01-21 10:02:26,676 - position: [ 0.111158   -1.35360217  0.7892552 ]
2026-01-21 10:02:26,891 - position: [ 0.11095362 -1.3581841   0.78838885]
2026-01-21 10:02:27,166 - position: [ 0.10946619 -1.38039291  0.78314024]
2026-01-21 10:02:27,379 - position: [ 0.11065953 -1.39340234  0.78292644]
2026-01-21 10:02:27,591 - position: [ 0.10319077 -1.39966512  0.78332984]
2026-01-21 10:02:27,815 - position: [ 0.0956767  -1.40617824  0.78410602]
2026-01-21 10:02:28,033 - position: [ 0.09507437 -1.41439319  0.78519177]
2026-01-21 10:02:28,247 - position: [ 0.09021222 -1.41132617  0.78400373]
2026-01-21 10:02:28,498 - position: [ 0.08155982 -1.41076314  0.78150398]
2026-01-21 10:02:28,726 - position: [ 0.07118956 -1.41064537  0.77803206]
2026-01-21 10:02:28,965 - position: [ 0.06458059 -1.40691912  0.77332681]
2026-01-21 10:02:29,196 - position: [ 0.063017   -1.40975404  0.77335709]
2026-01-21 10:02:29,435 - position: [ 0.06549604 -1.4102118   0.77465099]
2026-01-21 10:02:29,650 - position: [ 0.07770362 -1.40779424  0.77810562]
2026-01-21 10:02:29,866 - position: [ 0.08013316 -1.40167391  0.77768862]
2026-01-21 10:02:30,169 - position: [ 0.07137784 -1.43256974  0.78828889]
2026-01-21 10:02:30,442 - position: [ 0.07223219 -1.43643939  0.78810489]
2026-01-21 10:02:30,681 - position: [ 0.08446863 -1.43439019  0.78764915]
2026-01-21 10:02:30,897 - position: [ 0.10876534 -1.4268198   0.78912145]
2026-01-21 10:02:31,216 - position: [ 0.10873774 -1.42704475  0.78922981]
2026-01-21 10:02:31,430 - position: [ 0.09170823 -1.43441045  0.78614891]
2026-01-21 10:02:31,660 - position: [ 0.0867123  -1.43589091  0.7860415 ]
2026-01-21 10:02:31,907 - position: [ 0.08494478 -1.43478847  0.78628689]
2026-01-21 10:02:32,113 - position: [ 0.08494478 -1.43478847  0.78628689]
2026-01-21 10:02:32,381 - position: [ 0.08633251 -1.43393934  0.78487176]
2026-01-21 10:02:32,588 - position: [ 0.08757257 -1.43574882  0.78446549]
2026-01-21 10:02:32,827 - position: [ 0.09041061 -1.43635452  0.78359044]
2026-01-21 10:02:33,095 - position: [ 0.10894721 -1.44562709  0.78486341]
2026-01-21 10:02:33,379 - position: [ 0.12437681 -1.44970798  0.78667778]
2026-01-21 10:02:33,646 - position: [ 0.13547099 -1.44729006  0.78652275]
2026-01-21 10:02:33,927 - position: [ 0.13060521 -1.44278634  0.78520477]
2026-01-21 10:02:34,148 - position: [ 0.12903424 -1.44159245  0.7850796 ]
2026-01-21 10:02:34,375 - position: [ 0.12257398 -1.4407562   0.78385806]
2026-01-21 10:02:34,614 - position: [ 0.11594497 -1.44237792  0.78274953]
2026-01-21 10:02:34,856 - position: [ 0.11100816 -1.44523025  0.78307801]
2026-01-21 10:02:35,101 - position: [ 0.11117731 -1.44036353  0.78288615]
2026-01-21 10:02:35,372 - position: [ 0.11582427 -1.43681479  0.78117776]
2026-01-21 10:02:35,597 - position: [ 0.10951209 -1.42924333  0.77871662]
2026-01-21 10:02:35,849 - position: [ 0.08079591 -1.40815103  0.76236689]
2026-01-21 10:02:36,098 - position: [ 0.06913658 -1.44820309  0.77639544]
2026-01-21 10:02:36,350 - position: [ 0.0846815  -1.45463002  0.77929962]
2026-01-21 10:02:36,610 - position: [ 0.08970902 -1.45063639  0.77981377]
2026-01-21 10:02:36,899 - position: [ 0.08970723 -1.44178927  0.77703053]
2026-01-21 10:02:37,256 - position: [ 0.08522712 -1.44332623  0.77698809]
2026-01-21 10:02:37,595 - position: [ 0.08547181 -1.42539454  0.77803051]
2026-01-21 10:02:37,822 - position: [ 0.08936439 -1.42030287  0.78135908]
2026-01-21 10:02:38,033 - position: [ 0.09183098 -1.4031297   0.78204799]
2026-01-21 10:02:38,249 - position: [ 0.09020513 -1.41075253  0.78104562]
2026-01-21 10:02:38,507 - position: [ 0.09087593 -1.41326511  0.78159994]
2026-01-21 10:02:38,751 - position: [ 0.09120565 -1.41505945  0.78158236]
2026-01-21 10:02:38,998 - position: [ 0.0908049  -1.415218    0.78116941]
2026-01-21 10:02:39,210 - position: [ 0.08977081 -1.41492331  0.77971315]
2026-01-21 10:02:39,428 - position: [ 0.088861   -1.4166739   0.77809221]
2026-01-21 10:02:39,655 - position: [ 0.09002664 -1.42602932  0.77596432]
2026-01-21 10:02:39,889 - position: [ 0.09242702 -1.44138038  0.77741873]
2026-01-21 10:02:40,166 - position: [ 0.09012156 -1.44235754  0.77633536]
2026-01-21 10:02:40,426 - position: [ 0.08910385 -1.44401097  0.77641112]
2026-01-21 10:02:40,657 - position: [ 0.08721567 -1.44463611  0.77625024]
2026-01-21 10:02:40,917 - position: [ 0.06819146 -1.44370103  0.77151167]
2026-01-21 10:02:41,180 - position: [ 0.0770985  -1.45626163  0.77789164]
2026-01-21 10:02:41,409 - position: [ 0.08015764 -1.45585334  0.77943724]
2026-01-21 10:02:41,770 - position: [ 0.08750866 -1.44807231  0.77824521]
2026-01-21 10:02:41,988 - position: [ 0.10431054 -1.43626809  0.77588767]
2026-01-21 10:02:42,197 - position: [ 0.11194713 -1.44606698  0.77792591]
2026-01-21 10:02:42,413 - position: [ 0.09907261 -1.45225561  0.77925694]
2026-01-21 10:02:42,677 - position: [ 0.09433523 -1.44721842  0.77800661]
2026-01-21 10:02:42,911 - position: [ 0.09843054 -1.44404674  0.7765854 ]
2026-01-21 10:02:43,160 - position: [ 0.11977923 -1.44380164  0.77659595]
2026-01-21 10:02:43,374 - position: [ 0.12613852 -1.44496942  0.77699751]
2026-01-21 10:02:43,612 - position: [ 0.12655011 -1.44526613  0.77707964]
2026-01-21 10:02:43,850 - position: [ 0.12631816 -1.44667554  0.77733809]
2026-01-21 10:02:44,095 - position: [ 0.12489099 -1.44767964  0.77738053]
2026-01-21 10:02:44,308 - position: [ 0.11977791 -1.45113564  0.7777406 ]
2026-01-21 10:02:44,561 - position: [ 0.11706501 -1.45300019  0.77790886]
2026-01-21 10:02:44,805 - position: [ 0.09653556 -1.45669067  0.77762127]
2026-01-21 10:02:45,024 - position: [ 0.09385987 -1.45569742  0.77849638]
2026-01-21 10:02:45,251 - position: [ 0.09306197 -1.45491803  0.77810204]
2026-01-21 10:02:45,537 - position: [ 0.096564   -1.45416307  0.77810806]
2026-01-21 10:02:45,760 - position: [ 0.09915087 -1.45415401  0.77831417]
2026-01-21 10:02:46,022 - position: [ 0.09954339 -1.45474744  0.77893722]
2026-01-21 10:02:46,293 - position: [ 0.07989631 -1.45881546  0.78074211]
2026-01-21 10:02:46,512 - position: [ 0.04052884 -1.46529901  0.7778157 ]
2026-01-21 10:02:46,740 - position: [ 0.02676046 -1.46666336  0.77571696]
2026-01-21 10:02:46,963 - position: [ 0.06058446 -1.45963955  0.78045177]
2026-01-21 10:02:47,234 - position: [ 0.08056124 -1.47231674  0.7821641 ]
2026-01-21 10:02:47,468 - position: [ 0.06602781 -1.48663127  0.78544402]
2026-01-21 10:02:47,765 - position: [ 0.0755822  -1.48155987  0.78555644]
2026-01-21 10:02:47,998 - position: [ 0.08176972 -1.47563851  0.78480262]
2026-01-21 10:02:48,225 - position: [ 0.08176972 -1.47563851  0.78480262]
2026-01-21 10:02:48,436 - position: [ 0.04574276 -1.46791625  0.78128356]
2026-01-21 10:02:48,684 - position: [ 0.03839595 -1.45964646  0.77707303]
2026-01-21 10:02:48,930 - position: [ 0.09489252 -1.44598222  0.77783221]
2026-01-21 10:02:49,171 - position: [ 0.10461549 -1.44346714  0.77821636]
2026-01-21 10:02:49,433 - position: [ 0.10661716 -1.44466412  0.77650917]
2026-01-21 10:02:49,671 - position: [ 0.10575193 -1.44511259  0.77643514]
2026-01-21 10:02:49,903 - position: [ 0.10447095 -1.44534647  0.77696896]
2026-01-21 10:02:50,121 - position: [ 0.10462807 -1.44635856  0.77752632]
2026-01-21 10:02:50,342 - position: [ 0.10367997 -1.44637501  0.77741194]
2026-01-21 10:02:50,571 - position: [ 0.10148792 -1.4513402   0.77880424]
2026-01-21 10:02:50,800 - position: [ 0.09727012 -1.45951247  0.77970487]
2026-01-21 10:02:51,057 - position: [ 0.09214105 -1.46767926  0.77853346]
2026-01-21 10:02:51,305 - position: [ 0.09393531 -1.47158861  0.77857709]
2026-01-21 10:02:51,551 - position: [ 0.10248628 -1.48123944  0.7797482 ]
2026-01-21 10:02:51,859 - position: [ 0.10460754 -1.4769125   0.77890235]
2026-01-21 10:02:52,077 - position: [ 0.10433882 -1.47747433  0.77910072]
2026-01-21 10:02:52,362 - position: [ 0.10527442 -1.47683203  0.7792384 ]
2026-01-21 10:02:52,608 - position: [ 0.09402163 -1.47756076  0.77931243]
2026-01-21 10:02:52,862 - position: [ 0.08588453 -1.47431362  0.77778506]
2026-01-21 10:02:53,099 - position: [ 0.08024453 -1.46710038  0.77637601]
2026-01-21 10:02:53,318 - position: [ 0.0685768  -1.47104943  0.77500004]
2026-01-21 10:02:53,594 - position: [ 0.06063778 -1.48742831  0.77986103]
2026-01-21 10:02:53,807 - position: [ 0.07269681 -1.48920333  0.78136247]
2026-01-21 10:02:54,072 - position: [ 0.07750366 -1.48294067  0.78168672]
2026-01-21 10:02:54,307 - position: [ 0.07589519 -1.47627652  0.78035605]
2026-01-21 10:02:54,556 - position: [ 0.08284125 -1.46938539  0.77806425]
2026-01-21 10:02:54,760 - position: [ 0.08799931 -1.46716046  0.77828121]
2026-01-21 10:02:54,982 - position: [ 0.08802193 -1.46686375  0.77818733]
2026-01-21 10:02:55,202 - position: [ 0.08084114 -1.44304395  0.7702896 ]
2026-01-21 10:02:55,442 - position: [ 0.09989714 -1.42155671  0.77051741]
2026-01-21 10:02:55,694 - position: [ 0.11027024 -1.41554296  0.77112603]
2026-01-21 10:02:55,942 - position: [ 0.12179933 -1.43866313  0.7726835 ]
2026-01-21 10:02:56,159 - position: [ 0.12294978 -1.45040202  0.7743668 ]
2026-01-21 10:02:56,386 - position: [ 0.12488294 -1.46256518  0.77636009]
2026-01-21 10:02:56,608 - position: [ 0.12304263 -1.46460402  0.77562565]
2026-01-21 10:02:56,821 - position: [ 0.11677404 -1.464782    0.776048  ]
2026-01-21 10:02:57,046 - position: [ 0.11437257 -1.46357453  0.77569866]
2026-01-21 10:02:57,354 - position: [ 0.1096258  -1.46078491  0.77473116]
2026-01-21 10:02:57,618 - position: [ 0.1152341  -1.45352554  0.7732591 ]
2026-01-21 10:02:57,898 - position: [ 0.12140499 -1.44913507  0.77250648]
2026-01-21 10:02:58,119 - position: [ 0.12331934 -1.44761837  0.77238423]
2026-01-21 10:02:58,374 - position: [ 0.12484136 -1.44700992  0.77271539]
2026-01-21 10:02:58,600 - position: [ 0.12575324 -1.44528377  0.77316952]
2026-01-21 10:02:58,810 - position: [ 0.12588264 -1.44477773  0.77226353]
2026-01-21 10:02:59,055 - position: [ 0.12545255 -1.44344532  0.77155316]
2026-01-21 10:02:59,301 - position: [ 0.12549774 -1.44265473  0.77149802]
2026-01-21 10:02:59,521 - position: [ 0.12696435 -1.4420191   0.77102613]
2026-01-21 10:02:59,779 - position: [ 0.12805544 -1.44239259  0.77194732]
2026-01-21 10:03:00,008 - position: [ 0.12811562 -1.44298875  0.77110374]
2026-01-21 10:03:00,234 - position: [ 0.12647378 -1.44325924  0.77137792]
2026-01-21 10:03:00,462 - position: [ 0.12518604 -1.44297326  0.77105701]
2026-01-21 10:03:00,715 - position: [ 0.12586892 -1.44408262  0.77137119]
2026-01-21 10:03:00,928 - position: [ 0.12511775 -1.44399071  0.77237141]
2026-01-21 10:03:01,203 - position: [ 0.10433634 -1.45398211  0.77373016]
2026-01-21 10:03:01,520 - position: [ 0.07056196 -1.52357411  0.78022677]
2026-01-21 10:03:01,780 - position: [ 0.05811253 -1.54202473  0.77923584]
2026-01-21 10:03:02,034 - position: [ 0.05701431 -1.52122641  0.77726173]
2026-01-21 10:03:02,254 - position: [ 0.0619029  -1.5171417   0.77814347]
2026-01-21 10:03:02,471 - position: [ 0.06547919 -1.51558435  0.77812028]
2026-01-21 10:03:02,699 - position: [ 0.07207838 -1.51394701  0.77699107]
2026-01-21 10:03:02,950 - position: [ 0.0745802  -1.50963247  0.77707916]
2026-01-21 10:03:03,237 - position: [ 0.09186126 -1.47501445  0.77452171]
2026-01-21 10:03:03,456 - position: [ 0.09530535 -1.47342968  0.77461445]
2026-01-21 10:03:03,751 - position: [ 0.10206422 -1.47221982  0.77532053]
2026-01-21 10:03:04,023 - position: [ 0.09793168 -1.46989965  0.77535403]
2026-01-21 10:03:04,246 - position: [ 0.10042956 -1.46821737  0.77609265]
2026-01-21 10:03:04,480 - position: [ 0.10399655 -1.46522331  0.77626389]
2026-01-21 10:03:04,691 - position: [ 0.11126008 -1.45927823  0.77684939]
2026-01-21 10:03:04,951 - position: [ 0.11959065 -1.4472146   0.77556622]
2026-01-21 10:03:05,207 - position: [ 0.11780892 -1.44825864  0.77557826]
2026-01-21 10:03:05,455 - position: [ 0.11764097 -1.44870818  0.77616757]
2026-01-21 10:03:05,694 - position: [ 0.11541374 -1.44798696  0.7755276 ]
2026-01-21 10:03:05,968 - position: [ 0.11179083 -1.4515667   0.77626181]
2026-01-21 10:03:06,254 - position: [ 0.10649712 -1.45470691  0.77690387]
2026-01-21 10:03:06,504 - position: [ 0.10092445 -1.45736253  0.77698964]
2026-01-21 10:03:06,751 - position: [ 0.08865684 -1.46405029  0.77776682]
2026-01-21 10:03:06,953 - position: [ 0.08660641 -1.4792726   0.78158379]
2026-01-21 10:03:07,190 - position: [ 0.08450653 -1.48380303  0.78182691]
2026-01-21 10:03:07,472 - position: [ 0.08821599 -1.49492574  0.78358483]
2026-01-21 10:03:07,685 - position: [ 0.09002074 -1.48562276  0.78372747]
2026-01-21 10:03:07,927 - position: [ 0.0843065  -1.47394669  0.78305072]
2026-01-21 10:03:08,316 - position: [ 0.08630127 -1.46858823  0.78090048]
2026-01-21 10:03:08,527 - position: [ 0.08747803 -1.4688077   0.78284854]
2026-01-21 10:03:08,742 - position: [ 0.0919333  -1.46865928  0.7836594 ]
2026-01-21 10:03:08,988 - position: [ 0.09072308 -1.47037292  0.78271854]
2026-01-21 10:03:09,205 - position: [ 0.09072308 -1.47037292  0.78271854]
2026-01-21 10:03:09,433 - position: [ 0.08294813 -1.4577601   0.77913153]
2026-01-21 10:03:09,645 - position: [ 0.08596729 -1.45534372  0.77901578]
2026-01-21 10:03:09,876 - position: [ 0.08736012 -1.45449257  0.77890068]
2026-01-21 10:03:10,101 - position: [ 0.07621049 -1.45252144  0.77694064]
2026-01-21 10:03:10,367 - position: [ 0.07001964 -1.44663596  0.77429682]
2026-01-21 10:03:10,610 - position: [ 0.06835652 -1.4403671   0.77280468]
2026-01-21 10:03:10,830 - position: [ 0.06970707 -1.43090284  0.77223527]
2026-01-21 10:03:11,085 - position: [ 0.10180033 -1.43223727  0.77303112]
2026-01-21 10:03:11,368 - position: [ 0.10166019 -1.47062504  0.77486897]
2026-01-21 10:03:11,593 - position: [ 0.10215785 -1.47652495  0.77602983]
2026-01-21 10:03:11,829 - position: [ 0.10005195 -1.47771108  0.77476037]
2026-01-21 10:03:12,063 - position: [ 0.09910468 -1.4816184   0.77296025]
2026-01-21 10:03:12,278 - position: [ 0.10405258 -1.48471034  0.77342534]
2026-01-21 10:03:12,516 - position: [ 0.11967453 -1.47914481  0.7721405 ]
2026-01-21 10:03:12,753 - position: [ 0.12947881 -1.47487593  0.77129394]
2026-01-21 10:03:13,017 - position: [ 0.1306282  -1.47440994  0.77344793]
2026-01-21 10:03:13,232 - position: [ 0.13036136 -1.47379231  0.77390051]
2026-01-21 10:03:13,501 - position: [ 0.12873468 -1.46998656  0.77572733]
2026-01-21 10:03:13,816 - position: [ 0.12857392 -1.46860909  0.7755127 ]
2026-01-21 10:03:14,063 - position: [ 0.12381449 -1.4629904   0.77868044]
2026-01-21 10:03:14,281 - position: [ 0.13176335 -1.4379127   0.78642565]
2026-01-21 10:03:14,506 - position: [ 0.12918532 -1.41693962  0.78769499]
2026-01-21 10:03:14,732 - position: [ 0.10996913 -1.38763392  0.79807657]
2026-01-21 10:03:14,994 - position: [ 0.10839757 -1.35962689  0.80302447]
2026-01-21 10:03:15,195 - position: [ 0.12247669 -1.34792221  0.80721986]
2026-01-21 10:03:15,431 - position: [ 0.13301699 -1.33959961  0.80891979]
2026-01-21 10:03:15,642 - position: [ 0.11321025 -1.32068491  0.80706966]
2026-01-21 10:03:15,870 - position: [ 0.11154283 -1.34459364  0.8052932 ]
2026-01-21 10:03:16,072 - position: [ 0.11384343 -1.35294533  0.8066678 ]
2026-01-21 10:03:16,301 - position: [ 0.12798807 -1.35635507  0.80936515]
2026-01-21 10:03:16,509 - position: [ 0.13606773 -1.34841239  0.80763978]
2026-01-21 10:03:16,742 - position: [ 0.12978487 -1.34545684  0.8072834 ]
2026-01-21 10:03:16,985 - position: [ 0.12520163 -1.34546554  0.8070367 ]
2026-01-21 10:03:17,223 - position: [ 0.11857829 -1.34994805  0.8072266 ]
2026-01-21 10:03:17,442 - position: [ 0.11770159 -1.35123634  0.80729806]
2026-01-21 10:03:17,704 - position: [ 0.11575782 -1.35311067  0.80692953]
2026-01-21 10:03:17,928 - position: [ 0.10891084 -1.35543919  0.80533183]
2026-01-21 10:03:18,168 - position: [ 0.10977682 -1.35657668  0.80212176]
2026-01-21 10:03:18,471 - position: [ 0.11424483 -1.35826802  0.80226946]
2026-01-21 10:03:18,694 - position: [ 0.11686735 -1.3621161   0.80343586]
2026-01-21 10:03:18,955 - position: [ 0.11582197 -1.36248839  0.80348915]
2026-01-21 10:03:19,179 - position: [ 0.11238367 -1.35965741  0.80143648]
2026-01-21 10:03:19,467 - position: [ 0.07742617 -1.34567416  0.78613222]
2026-01-21 10:03:19,684 - position: [ 0.07995154 -1.38500643  0.79268122]
2026-01-21 10:03:19,950 - position: [ 0.07720423 -1.39670324  0.79434979]
2026-01-21 10:03:20,185 - position: [ 0.07171109 -1.39357579  0.79332447]
2026-01-21 10:03:20,432 - position: [ 0.07044136 -1.38301539  0.78996998]
2026-01-21 10:03:20,648 - position: [ 0.06884246 -1.38279212  0.78974956]
2026-01-21 10:03:20,898 - position: [ 0.0654283  -1.38544381  0.78916335]
2026-01-21 10:03:21,130 - position: [ 0.0654283  -1.38544381  0.78916335]
2026-01-21 10:03:21,382 - position: [ 0.05614191 -1.39991498  0.7900154 ]
2026-01-21 10:03:21,624 - position: [ 0.05544606 -1.39959729  0.78978175]
2026-01-21 10:03:21,900 - position: [ 0.05792172 -1.39493608  0.7893424 ]
2026-01-21 10:03:22,200 - position: [ 0.06202924 -1.38677049  0.78912824]
2026-01-21 10:03:22,481 - position: [ 0.09440191 -1.36604285  0.78907299]
2026-01-21 10:03:22,737 - position: [ 0.10366176 -1.37287211  0.79096913]
2026-01-21 10:03:22,943 - position: [ 0.10542957 -1.3721081   0.7904343 ]
2026-01-21 10:03:23,231 - position: [ 0.11506605 -1.36867332  0.79030865]
2026-01-21 10:03:23,475 - position: [ 0.11277211 -1.36992371  0.78722352]
2026-01-21 10:03:23,797 - position: [ 0.09324105 -1.38799584  0.78194749]
2026-01-21 10:03:24,019 - position: [ 0.09023999 -1.41213953  0.78127992]
2026-01-21 10:03:24,238 - position: [ 0.09402876 -1.42723513  0.78314286]
2026-01-21 10:03:24,494 - position: [ 0.09901849 -1.4348489   0.78266895]
2026-01-21 10:03:24,732 - position: [ 0.09901849 -1.4348489   0.78266895]
2026-01-21 10:03:24,970 - position: [ 0.08428657 -1.44968307  0.77984142]
2026-01-21 10:03:25,199 - position: [ 0.08821465 -1.4406991   0.77813381]
2026-01-21 10:03:25,469 - position: [ 0.08525071 -1.44723272  0.77933693]
2026-01-21 10:03:25,773 - position: [ 0.09125313 -1.44455481  0.77859056]
2026-01-21 10:03:26,013 - position: [ 0.09454722 -1.43900764  0.77844179]
2026-01-21 10:03:26,227 - position: [ 0.10019634 -1.44042945  0.77839172]
2026-01-21 10:03:26,448 - position: [ 0.10033194 -1.44463742  0.77879411]
2026-01-21 10:03:26,689 - position: [ 0.08909394 -1.44574678  0.77772331]
2026-01-21 10:03:26,937 - position: [ 0.07136688 -1.44706011  0.78077924]
2026-01-21 10:03:27,192 - position: [ 0.07020122 -1.44758177  0.7798481 ]
2026-01-21 10:03:27,427 - position: [ 0.07182286 -1.45019674  0.78061146]
2026-01-21 10:03:27,699 - position: [ 0.0722538  -1.44717407  0.77986032]
2026-01-21 10:03:27,953 - position: [ 0.08799741 -1.43463767  0.78105772]
2026-01-21 10:03:28,239 - position: [ 0.09795339 -1.43382609  0.7815212 ]
2026-01-21 10:03:28,480 - position: [ 0.09795339 -1.43382609  0.7815212 ]
2026-01-21 10:03:28,718 - position: [ 0.11111511 -1.43065     0.78051758]
2026-01-21 10:03:28,951 - position: [ 0.11745904 -1.44330871  0.78387165]
2026-01-21 10:03:29,198 - position: [ 0.12268209 -1.44669032  0.78299272]
2026-01-21 10:03:29,451 - position: [ 0.12737477 -1.44985354  0.78166616]
2026-01-21 10:03:29,665 - position: [ 0.12938823 -1.4504683   0.78104949]
2026-01-21 10:03:29,875 - position: [ 0.12941048 -1.45045626  0.77992755]
2026-01-21 10:03:30,079 - position: [ 0.12828179 -1.44750273  0.77908349]
2026-01-21 10:03:30,325 - position: [ 0.12662557 -1.44458365  0.77910209]
2026-01-21 10:03:30,578 - position: [ 0.12164184 -1.44244933  0.77999824]
2026-01-21 10:03:30,826 - position: [ 0.11897323 -1.43990672  0.78033429]
2026-01-21 10:03:31,035 - position: [ 0.11834766 -1.43896961  0.7809881 ]
2026-01-21 10:03:31,260 - position: [ 0.11660676 -1.43695986  0.78083354]
2026-01-21 10:03:31,498 - position: [ 0.11522233 -1.43610609  0.78059387]
2026-01-21 10:03:31,796 - position: [ 0.11271765 -1.44025981  0.78254896]
2026-01-21 10:03:32,051 - position: [ 0.1199122  -1.43024302  0.78541332]
2026-01-21 10:03:32,268 - position: [ 0.12210408 -1.41637909  0.79386014]
2026-01-21 10:03:32,582 - position: [ 0.14837727 -1.35217226  0.81252372]
2026-01-21 10:03:32,810 - position: [ 0.16081662 -1.3336215   0.80447763]
2026-01-21 10:03:33,021 - position: [ 0.23762555 -1.2478168   0.78023165]
2026-01-21 10:03:33,248 - position: [ 0.28929442 -1.21576869  0.7856766 ]
2026-01-21 10:03:33,488 - position: [ 0.29622126 -1.2078582   0.78690952]
2026-01-21 10:03:33,769 - position: [ 0.16458714 -1.27757645  0.80996251]
2026-01-21 10:03:33,999 - position: [ 0.07658324 -1.35724878  0.81781203]
2026-01-21 10:03:34,237 - position: [ 0.07423002 -1.37045491  0.81637943]
2026-01-21 10:03:34,480 - position: [ 0.11489391 -1.39115572  0.81261444]
2026-01-21 10:03:34,746 - position: [ 0.12287243 -1.39614129  0.81123745]
2026-01-21 10:03:34,960 - position: [ 0.12811591 -1.4003284   0.8083216 ]
2026-01-21 10:03:35,178 - position: [ 0.13379504 -1.40457273  0.80593628]
2026-01-21 10:03:35,463 - position: [ 0.13717523 -1.40541542  0.80040723]
2026-01-21 10:03:35,668 - position: [ 0.14277616 -1.40655994  0.79688662]
2026-01-21 10:03:35,904 - position: [ 0.14581901 -1.41253388  0.79631424]
2026-01-21 10:03:36,118 - position: [ 0.14544743 -1.41448283  0.79651642]
2026-01-21 10:03:36,387 - position: [ 0.14544743 -1.41448283  0.79651642]
2026-01-21 10:03:36,686 - position: [ 0.13926984 -1.40255892  0.79808199]
2026-01-21 10:03:36,904 - position: [ 0.14766638 -1.38338292  0.79503357]
2026-01-21 10:03:37,121 - position: [ 0.12849271 -1.37770164  0.78888148]
2026-01-21 10:03:37,369 - position: [ 0.10081227 -1.39246023  0.78735387]
2026-01-21 10:03:37,635 - position: [ 0.06855804 -1.41518104  0.79001504]
2026-01-21 10:03:37,884 - position: [ 0.07975923 -1.41585004  0.79014355]
2026-01-21 10:03:38,178 - position: [ 0.08696081 -1.41046321  0.78923553]
2026-01-21 10:03:38,395 - position: [ 0.08828025 -1.40724027  0.7878136 ]
2026-01-21 10:03:38,645 - position: [ 0.09182779 -1.40734601  0.78483504]
2026-01-21 10:03:39,013 - position: [ 0.10306764 -1.41770208  0.78709817]
2026-01-21 10:03:39,244 - position: [ 0.1039421  -1.42185795  0.78844905]
2026-01-21 10:03:39,485 - position: [ 0.12140989 -1.43924487  0.79295111]
2026-01-21 10:03:39,707 - position: [ 0.1290068  -1.4446454   0.79373074]
2026-01-21 10:03:39,933 - position: [ 0.14215903 -1.45272493  0.79322451]
2026-01-21 10:03:40,164 - position: [ 0.13759801 -1.45216858  0.79339957]
2026-01-21 10:03:40,396 - position: [ 0.13214689 -1.44754255  0.79262078]
2026-01-21 10:03:40,631 - position: [ 0.12856999 -1.44334257  0.79153025]
2026-01-21 10:03:40,844 - position: [ 0.12246073 -1.43495214  0.79048163]
2026-01-21 10:03:41,069 - position: [ 0.09437916 -1.42133105  0.78891444]
2026-01-21 10:03:41,283 - position: [ 0.09310613 -1.42174792  0.78854048]
2026-01-21 10:03:41,502 - position: [ 0.10178046 -1.41975427  0.79062611]
2026-01-21 10:03:41,733 - position: [ 0.10327982 -1.41514492  0.78673661]
2026-01-21 10:03:41,957 - position: [ 0.08618578 -1.41720247  0.78698373]
2026-01-21 10:03:42,180 - position: [ 0.06350901 -1.41140199  0.78319752]
2026-01-21 10:03:42,446 - position: [ 0.08597267 -1.41227233  0.77749503]
2026-01-21 10:03:42,668 - position: [ 0.10839039 -1.4308238   0.78002489]
2026-01-21 10:03:42,894 - position: [ 0.11539219 -1.44550037  0.78218257]
2026-01-21 10:03:43,118 - position: [ 0.11235733 -1.45523643  0.78418624]
2026-01-21 10:03:43,353 - position: [ 0.10076141 -1.45772982  0.78401613]
2026-01-21 10:03:43,567 - position: [ 0.09659319 -1.45699263  0.78380382]
2026-01-21 10:03:43,811 - position: [ 0.09786386 -1.45690143  0.78400069]
2026-01-21 10:03:44,024 - position: [ 0.10033432 -1.4578054   0.78481907]
2026-01-21 10:03:44,292 - position: [ 0.10210288 -1.45697021  0.78483778]
2026-01-21 10:03:44,572 - position: [ 0.10265733 -1.45750916  0.78492665]
2026-01-21 10:03:44,808 - position: [ 0.10636187 -1.4618516   0.78648984]
2026-01-21 10:03:45,043 - position: [ 0.1266796  -1.47876525  0.79010731]
2026-01-21 10:03:45,271 - position: [ 0.14187178 -1.50387275  0.79207695]
2026-01-21 10:03:45,498 - position: [ 0.13511413 -1.5131762   0.79354578]
2026-01-21 10:03:45,720 - position: [ 0.13511413 -1.5131762   0.79354578]
2026-01-21 10:03:46,003 - position: [ 0.12750803 -1.50989306  0.7940141 ]
2026-01-21 10:03:46,219 - position: [ 0.12562616 -1.50699127  0.79377347]
2026-01-21 10:03:46,453 - position: [ 0.12385047 -1.50444126  0.79375553]
2026-01-21 10:03:46,689 - position: [ 0.12341178 -1.5038898   0.79371786]
2026-01-21 10:03:46,905 - position: [ 0.12151837 -1.50187755  0.79375678]
2026-01-21 10:03:47,155 - position: [ 0.12073863 -1.50066364  0.79378211]
2026-01-21 10:03:47,405 - position: [ 0.11608022 -1.49565578  0.79352927]
2026-01-21 10:03:47,631 - position: [ 0.11625545 -1.49578738  0.79357111]
2026-01-21 10:03:47,877 - position: [ 0.11643406 -1.49566853  0.79359275]
2026-01-21 10:03:48,190 - position: [ 0.11570755 -1.4956007   0.79353136]
2026-01-21 10:03:48,469 - position: [ 0.11503924 -1.49572802  0.79331982]
2026-01-21 10:03:48,683 - position: [ 0.10078739 -1.49473608  0.79288894]
2026-01-21 10:03:48,895 - position: [ 0.07029042 -1.48836637  0.79032063]
2026-01-21 10:03:49,128 - position: [ 0.01003903 -1.47300041  0.77772415]
2026-01-21 10:03:49,362 - position: [ 0.00183471 -1.46662652  0.7747792 ]
2026-01-21 10:03:49,587 - position: [ 0.00619594 -1.46462893  0.77548695]
2026-01-21 10:03:49,829 - position: [ 0.008076   -1.46387768  0.77605641]
2026-01-21 10:03:50,095 - position: [ 0.00702129 -1.45957482  0.77542835]
2026-01-21 10:03:50,319 - position: [ 0.00524309 -1.45262873  0.77369589]
2026-01-21 10:03:50,529 - position: [ 0.0081316  -1.44993162  0.77221537]
2026-01-21 10:03:50,751 - position: [ 0.00754825 -1.44801128  0.77117431]
2026-01-21 10:03:50,955 - position: [ 0.00431871 -1.44690275  0.77009541]
2026-01-21 10:03:51,183 - position: [-0.01330508 -1.44518113  0.76450133]
2026-01-21 10:03:51,393 - position: [ 0.02087103 -1.45777476  0.77311563]
2026-01-21 10:03:51,628 - position: [ 0.06437126 -1.46556783  0.78101283]
2026-01-21 10:03:51,838 - position: [ 0.09967423 -1.48725462  0.78262174]
2026-01-21 10:03:52,095 - position: [ 0.09080492 -1.49379659  0.78372806]
2026-01-21 10:03:52,336 - position: [ 0.08895308 -1.48706472  0.78370214]
2026-01-21 10:03:52,622 - position: [ 0.09996884 -1.48844588  0.78311855]
2026-01-21 10:03:52,859 - position: [ 0.09191214 -1.48357868  0.78347939]
2026-01-21 10:03:53,076 - position: [ 0.07919309 -1.48135185  0.78447193]
2026-01-21 10:03:53,312 - position: [ 0.07571818 -1.48144972  0.78430021]
2026-01-21 10:03:53,527 - position: [ 0.08396856 -1.48394418  0.78474039]
2026-01-21 10:03:53,751 - position: [ 0.07726783 -1.48532414  0.78488374]
2026-01-21 10:03:53,984 - position: [ 0.07495605 -1.4852699   0.78482211]
2026-01-21 10:03:54,231 - position: [ 0.06715035 -1.48292089  0.78348744]
2026-01-21 10:03:54,494 - position: [ 0.03464735 -1.47434688  0.780164  ]
2026-01-21 10:03:54,770 - position: [ 0.03227633 -1.46209371  0.77489716]
2026-01-21 10:03:54,979 - position: [ 0.05290753 -1.46167541  0.77633017]
2026-01-21 10:03:55,215 - position: [ 0.07576895 -1.46527922  0.77752334]
2026-01-21 10:03:55,536 - position: [ 0.11600044 -1.45808685  0.77406311]
2026-01-21 10:03:55,748 - position: [ 0.11644544 -1.45584142  0.77237302]
2026-01-21 10:03:56,027 - position: [ 0.11616997 -1.45623207  0.77238768]
2026-01-21 10:03:56,293 - position: [ 0.11418624 -1.45525908  0.77242172]
2026-01-21 10:03:56,578 - position: [ 0.11183385 -1.45708609  0.77380317]
2026-01-21 10:03:56,831 - position: [ 0.10381304 -1.46389174  0.77719808]
2026-01-21 10:03:57,055 - position: [ 0.08122421 -1.47007287  0.78135729]
2026-01-21 10:03:57,270 - position: [ 0.06547779 -1.46943474  0.77778375]
2026-01-21 10:03:57,486 - position: [ 0.07839758 -1.47201264  0.77556282]
2026-01-21 10:03:57,734 - position: [ 0.07619657 -1.49562323  0.77886927]
2026-01-21 10:03:57,960 - position: [ 0.0823324  -1.5177896   0.78333724]
2026-01-21 10:03:58,254 - position: [ 0.08762687 -1.5130012   0.78368932]
2026-01-21 10:03:58,488 - position: [ 0.08584191 -1.50794744  0.78296453]
2026-01-21 10:03:58,786 - position: [ 0.08347889 -1.50748897  0.78229982]
2026-01-21 10:03:59,014 - position: [ 0.08196354 -1.50705361  0.7816537 ]
2026-01-21 10:03:59,260 - position: [ 0.07953834 -1.49865949  0.78014988]
2026-01-21 10:03:59,508 - position: [ 0.07759444 -1.49593151  0.77960867]
2026-01-21 10:03:59,740 - position: [ 0.07809071 -1.49374557  0.77968431]
2026-01-21 10:03:59,982 - position: [ 0.08185589 -1.4890734   0.7801981 ]
2026-01-21 10:04:00,198 - position: [ 0.08009896 -1.48921704  0.77961653]
2026-01-21 10:04:00,414 - position: [ 0.07938251 -1.49156594  0.77979219]
2026-01-21 10:04:00,688 - position: [ 0.0774364  -1.49678445  0.78010446]
2026-01-21 10:04:00,897 - position: [ 0.07713989 -1.49400663  0.77956885]
2026-01-21 10:04:01,185 - position: [ 0.07529871 -1.49286771  0.77895814]
2026-01-21 10:04:01,402 - position: [ 0.06556076 -1.49330568  0.77738214]
2026-01-21 10:04:01,640 - position: [ 0.06040719 -1.4895916   0.77558655]
2026-01-21 10:04:01,879 - position: [ 0.06125699 -1.48695505  0.77552223]
2026-01-21 10:04:02,134 - position: [ 0.09352189 -1.45457017  0.77641004]
2026-01-21 10:04:02,362 - position: [ 0.12464768 -1.4609921   0.77587527]
2026-01-21 10:04:02,585 - position: [ 0.11913332 -1.46615946  0.77646577]
2026-01-21 10:04:02,816 - position: [ 0.11505965 -1.46873009  0.77703536]
2026-01-21 10:04:03,046 - position: [ 0.11593539 -1.46925199  0.77787149]
2026-01-21 10:04:03,271 - position: [ 0.11323538 -1.46921897  0.7780053 ]
2026-01-21 10:04:03,530 - position: [ 0.11153492 -1.47169554  0.77833015]
2026-01-21 10:04:03,765 - position: [ 0.10930221 -1.4737612   0.7791242 ]
2026-01-21 10:04:03,984 - position: [ 0.10798754 -1.47356212  0.77921033]
2026-01-21 10:04:04,272 - position: [ 0.10646195 -1.4735148   0.77933538]
2026-01-21 10:04:04,530 - position: [ 0.10046354 -1.47398078  0.77936316]
2026-01-21 10:04:04,783 - position: [ 0.09428903 -1.47641444  0.77977961]
2026-01-21 10:04:05,071 - position: [ 0.09072807 -1.4773196   0.78027338]
2026-01-21 10:04:05,298 - position: [ 0.07916401 -1.4806484   0.77931803]
2026-01-21 10:04:05,570 - position: [ 0.06316685 -1.49897039  0.77832806]
2026-01-21 10:04:05,831 - position: [ 0.06397623 -1.48804569  0.77474236]
2026-01-21 10:04:06,092 - position: [ 0.06451552 -1.48412073  0.77447385]
2026-01-21 10:04:06,318 - position: [ 0.06271899 -1.48368418  0.77411795]
2026-01-21 10:04:06,539 - position: [ 0.06232032 -1.48256958  0.77341133]
2026-01-21 10:04:06,764 - position: [ 0.06793202 -1.46983576  0.77224147]
2026-01-21 10:04:07,070 - position: [ 0.07325213 -1.46916008  0.77390826]
2026-01-21 10:04:07,300 - position: [ 0.09994446 -1.47196352  0.77829748]
2026-01-21 10:04:07,520 - position: [ 0.10167255 -1.4757992   0.77976394]
2026-01-21 10:04:07,776 - position: [ 0.10108127 -1.47686708  0.78006238]
2026-01-21 10:04:08,040 - position: [ 0.09998087 -1.47495365  0.77961481]
2026-01-21 10:04:08,262 - position: [ 0.09945495 -1.4746623   0.77904409]
2026-01-21 10:04:08,489 - position: [ 0.09840241 -1.48165274  0.77895147]
2026-01-21 10:04:08,726 - position: [ 0.09818548 -1.48327971  0.77965486]
2026-01-21 10:04:08,958 - position: [ 0.0976924  -1.484424    0.77999461]
2026-01-21 10:04:09,190 - position: [ 0.0964561  -1.48486972  0.78007019]
2026-01-21 10:04:09,470 - position: [ 0.09264001 -1.48318994  0.77951908]
2026-01-21 10:04:09,737 - position: [ 0.08885312 -1.48424888  0.77977622]
2026-01-21 10:04:09,998 - position: [ 0.08859079 -1.48434424  0.77973258]
2026-01-21 10:04:10,221 - position: [ 0.0869412  -1.48333323  0.77942622]
2026-01-21 10:04:10,464 - position: [ 0.08536376 -1.48294878  0.77932352]
2026-01-21 10:04:10,691 - position: [ 0.08399229 -1.48243368  0.77906728]
2026-01-21 10:04:10,928 - position: [ 0.08403242 -1.48226976  0.77919978]
2026-01-21 10:04:11,176 - position: [ 0.08421877 -1.4819243   0.77938938]
2026-01-21 10:04:11,446 - position: [ 0.08323305 -1.48122752  0.77953351]
2026-01-21 10:04:11,671 - position: [ 0.0621745  -1.47416639  0.77351981]
2026-01-21 10:04:11,924 - position: [ 0.05451166 -1.47747099  0.77352762]
2026-01-21 10:04:12,156 - position: [ 0.05723384 -1.48050547  0.77406627]
2026-01-21 10:04:12,397 - position: [ 0.05764557 -1.48470211  0.77471435]
2026-01-21 10:04:12,627 - position: [ 0.05600999 -1.48565447  0.77462476]
2026-01-21 10:04:12,899 - position: [ 0.05384668 -1.48340786  0.77563846]
2026-01-21 10:04:13,158 - position: [ 0.05531823 -1.47718978  0.77494788]
2026-01-21 10:04:13,387 - position: [ 0.05474587 -1.48019052  0.77519375]
2026-01-21 10:04:13,712 - position: [ 0.05421294 -1.47826922  0.77453798]
2026-01-21 10:04:13,953 - position: [ 0.05269765 -1.47999728  0.77444184]
2026-01-21 10:04:14,201 - position: [ 0.05233327 -1.48010123  0.77438277]
2026-01-21 10:04:14,429 - position: [ 0.05265028 -1.48510873  0.77468747]
2026-01-21 10:04:14,656 - position: [ 0.05316742 -1.48548675  0.7746883 ]
2026-01-21 10:04:14,889 - position: [ 0.05568699 -1.48630941  0.77447414]
2026-01-21 10:04:15,136 - position: [ 0.05766457 -1.48014355  0.77389175]
2026-01-21 10:04:15,357 - position: [ 0.07340349 -1.45351243  0.77209347]
2026-01-21 10:04:15,626 - position: [ 0.1164262  -1.44883704  0.7751143 ]
2026-01-21 10:04:15,867 - position: [ 0.11525701 -1.44904053  0.77522272]
2026-01-21 10:04:16,085 - position: [ 0.10539355 -1.45575666  0.77720296]
2026-01-21 10:04:16,319 - position: [ 0.09778737 -1.46090662  0.77760905]
2026-01-21 10:04:16,551 - position: [ 0.09588613 -1.46210301  0.77799988]
2026-01-21 10:04:16,820 - position: [ 0.08862127 -1.46263802  0.77736765]
2026-01-21 10:04:17,060 - position: [ 0.08169971 -1.46213198  0.77618396]
2026-01-21 10:04:17,299 - position: [ 0.07952782 -1.46350086  0.77603644]
2026-01-21 10:04:17,528 - position: [ 0.07831855 -1.4679569   0.77703404]
2026-01-21 10:04:17,738 - position: [ 0.07590488 -1.46997142  0.77785587]
2026-01-21 10:04:17,949 - position: [ 0.07307934 -1.47066331  0.77745456]
2026-01-21 10:04:18,181 - position: [ 0.07326096 -1.4701345   0.7775135 ]
2026-01-21 10:04:18,423 - position: [ 0.07184594 -1.46534562  0.77626258]
2026-01-21 10:04:18,670 - position: [ 0.07377063 -1.4613626   0.77467978]
2026-01-21 10:04:18,872 - position: [ 0.07647649 -1.46444213  0.775401  ]
2026-01-21 10:04:19,110 - position: [ 0.07733301 -1.46608329  0.77595639]
2026-01-21 10:04:19,354 - position: [ 0.07979652 -1.47162199  0.77762723]
2026-01-21 10:04:19,563 - position: [ 0.07998805 -1.47191751  0.77768981]
2026-01-21 10:04:19,796 - position: [ 0.08024181 -1.47185993  0.7777403 ]
2026-01-21 10:04:20,024 - position: [ 0.08027055 -1.47225583  0.77824527]
2026-01-21 10:04:20,225 - position: [ 0.08325644 -1.47581089  0.77876949]
2026-01-21 10:04:20,482 - position: [ 0.09155332 -1.47805512  0.77808559]
2026-01-21 10:04:20,691 - position: [ 0.10789835 -1.47248435  0.77803475]
2026-01-21 10:04:20,950 - position: [ 0.10763485 -1.4632225   0.777408  ]
2026-01-21 10:04:21,175 - position: [ 0.10684542 -1.46366525  0.77807909]
2026-01-21 10:04:21,436 - position: [ 0.10048829 -1.46083176  0.77923113]
2026-01-21 10:04:21,658 - position: [ 0.0967503  -1.45875931  0.77889663]
2026-01-21 10:04:21,906 - position: [ 0.09415491 -1.45935023  0.77833033]
2026-01-21 10:04:22,134 - position: [ 0.09310581 -1.45939481  0.77816921]
2026-01-21 10:04:22,374 - position: [ 0.08940452 -1.45711029  0.77657026]
2026-01-21 10:04:22,634 - position: [ 0.08916517 -1.45825946  0.7766071 ]
2026-01-21 10:04:22,842 - position: [ 0.08877017 -1.45829177  0.77598828]
2026-01-21 10:04:23,085 - position: [ 0.08816308 -1.45909739  0.77576035]
2026-01-21 10:04:23,321 - position: [ 0.08646731 -1.46467841  0.77612996]
2026-01-21 10:04:23,574 - position: [ 0.08686408 -1.46639311  0.77631658]
2026-01-21 10:04:23,814 - position: [ 0.0861086  -1.46684372  0.7766906 ]
2026-01-21 10:04:24,059 - position: [ 0.08207743 -1.46751559  0.77649915]
2026-01-21 10:04:24,297 - position: [ 0.08097146 -1.46911216  0.77639902]
2026-01-21 10:04:24,546 - position: [ 0.08150274 -1.47059309  0.77653718]
2026-01-21 10:04:24,804 - position: [ 0.08132606 -1.47219229  0.77701378]
2026-01-21 10:04:25,029 - position: [ 0.08038754 -1.47333193  0.77761531]
2026-01-21 10:04:25,255 - position: [ 0.07964572 -1.47397327  0.77816445]
2026-01-21 10:04:25,473 - position: [ 0.07404264 -1.47273314  0.77925754]
2026-01-21 10:04:25,720 - position: [ 0.05995875 -1.46606946  0.77667445]
2026-01-21 10:04:25,946 - position: [ 0.05477479 -1.46919262  0.77628821]
2026-01-21 10:04:26,227 - position: [ 0.05350564 -1.47907352  0.77796662]
2026-01-21 10:04:26,447 - position: [ 0.05437973 -1.48490572  0.77902478]
2026-01-21 10:04:26,697 - position: [ 0.05923383 -1.49366915  0.780451  ]
2026-01-21 10:04:26,935 - position: [ 0.07998675 -1.50027454  0.78187734]
2026-01-21 10:04:27,153 - position: [ 0.08654855 -1.50591636  0.78252512]
2026-01-21 10:04:27,378 - position: [ 0.08010926 -1.51507688  0.78196293]
2026-01-21 10:04:27,591 - position: [ 0.0706688  -1.52278531  0.78037632]
2026-01-21 10:04:27,808 - position: [ 0.06452981 -1.52617335  0.77944982]
2026-01-21 10:04:28,057 - position: [ 0.06390466 -1.52584457  0.77938801]
2026-01-21 10:04:28,273 - position: [ 0.06373429 -1.51589382  0.77902627]
2026-01-21 10:04:28,494 - position: [ 0.06141027 -1.51541805  0.77853781]
2026-01-21 10:04:28,741 - position: [ 0.06012243 -1.51638532  0.77852499]
2026-01-21 10:04:28,954 - position: [ 0.06133197 -1.51832044  0.77974379]
2026-01-21 10:04:29,180 - position: [ 0.06142519 -1.51813304  0.78027254]
2026-01-21 10:04:29,400 - position: [ 0.05911815 -1.51563847  0.7791878 ]
2026-01-21 10:04:29,608 - position: [ 0.05678678 -1.51081753  0.7783339 ]
2026-01-21 10:04:29,833 - position: [ 0.05560578 -1.50862944  0.77768838]
2026-01-21 10:04:30,069 - position: [ 0.05553695 -1.50789368  0.77676326]
2026-01-21 10:04:30,344 - position: [ 0.0522538  -1.50854635  0.77708131]
2026-01-21 10:04:30,649 - position: [ 0.05123978 -1.50724459  0.77668315]
2026-01-21 10:04:30,877 - position: [ 0.05084145 -1.51019061  0.77750403]
2026-01-21 10:04:31,126 - position: [ 0.05461584 -1.50582588  0.77854639]
2026-01-21 10:04:31,376 - position: [ 0.04997989 -1.50099099  0.77822822]
2026-01-21 10:04:31,624 - position: [ 0.0490594  -1.50121844  0.77822065]
2026-01-21 10:04:31,907 - position: [ 0.0482932  -1.50242269  0.77868646]
2026-01-21 10:04:32,135 - position: [ 0.04897641 -1.50333309  0.77912605]
2026-01-21 10:04:32,354 - position: [ 0.04449387 -1.50543332  0.7786178 ]
2026-01-21 10:04:32,599 - position: [ 0.04589685 -1.51238644  0.77971524]
2026-01-21 10:04:32,860 - position: [ 0.04478395 -1.51623821  0.77982545]
2026-01-21 10:04:33,092 - position: [ 0.04579249 -1.51400423  0.77970958]
2026-01-21 10:04:33,339 - position: [ 0.04338369 -1.50527143  0.77765894]
2026-01-21 10:04:33,552 - position: [ 0.03354513 -1.49318421  0.77227581]
2026-01-21 10:04:33,783 - position: [ 0.03011669 -1.48522186  0.76886278]
2026-01-21 10:04:34,001 - position: [ 0.0317065  -1.49163568  0.76978791]
2026-01-21 10:04:34,311 - position: [ 0.03584444 -1.49855351  0.77192134]
2026-01-21 10:04:34,584 - position: [ 0.04338098 -1.49780297  0.77549106]
2026-01-21 10:04:34,813 - position: [ 0.04338098 -1.49780297  0.77549106]
2026-01-21 10:04:35,041 - position: [ 0.08833531 -1.47186208  0.78154087]
2026-01-21 10:04:35,258 - position: [ 0.08704982 -1.47264218  0.7815423 ]
2026-01-21 10:04:35,471 - position: [ 0.08693779 -1.47343171  0.78119713]
2026-01-21 10:04:35,717 - position: [ 0.09017734 -1.47373712  0.78127366]
2026-01-21 10:04:35,962 - position: [ 0.09189051 -1.47390151  0.7815541 ]
2026-01-21 10:04:36,178 - position: [ 0.09341639 -1.47201502  0.78143477]
2026-01-21 10:04:36,397 - position: [ 0.09203872 -1.47151589  0.78121972]
2026-01-21 10:04:36,718 - position: [ 0.09166591 -1.47104073  0.78126144]
2026-01-21 10:04:37,003 - position: [ 0.09104285 -1.46970367  0.78083587]
2026-01-21 10:04:37,249 - position: [ 0.08919342 -1.46855986  0.78050065]
2026-01-21 10:04:37,496 - position: [ 0.08750309 -1.46714151  0.77991807]
2026-01-21 10:04:37,726 - position: [ 0.08737658 -1.46631408  0.77937007]
2026-01-21 10:04:37,957 - position: [ 0.08741225 -1.46632648  0.77934259]
2026-01-21 10:04:38,195 - position: [ 0.08641651 -1.46917415  0.77898055]
2026-01-21 10:04:38,415 - position: [ 0.0711238  -1.48637569  0.78175145]
2026-01-21 10:04:38,655 - position: [ 0.07609991 -1.49913442  0.78427172]
2026-01-21 10:04:38,899 - position: [ 0.06638701 -1.50173032  0.78197002]
2026-01-21 10:04:39,112 - position: [ 0.06183193 -1.49368429  0.78015751]
2026-01-21 10:04:39,337 - position: [ 0.0664369  -1.4657563   0.77762932]
2026-01-21 10:04:39,547 - position: [ 0.09020877 -1.451442    0.77729344]
2026-01-21 10:04:39,788 - position: [ 0.0933231  -1.45598173  0.77977562]
2026-01-21 10:04:40,049 - position: [ 0.09364708 -1.45721722  0.78215486]
2026-01-21 10:04:40,270 - position: [ 0.09379213 -1.45769274  0.7809484 ]
2026-01-21 10:04:40,474 - position: [ 0.09379213 -1.45769274  0.7809484 ]
2026-01-21 10:04:40,696 - position: [ 0.09526793 -1.46199226  0.78259778]
2026-01-21 10:04:40,932 - position: [ 0.09539688 -1.46265805  0.78252941]
2026-01-21 10:04:41,156 - position: [ 0.0956017  -1.46332288  0.78261274]
2026-01-21 10:04:41,394 - position: [ 0.0956017  -1.46332288  0.78261274]
2026-01-21 10:04:41,626 - position: [ 0.0967776  -1.4697262   0.78361893]
2026-01-21 10:04:41,854 - position: [ 0.0967776  -1.4697262   0.78361893]
2026-01-21 10:04:42,084 - position: [ 0.08079937 -1.48367572  0.78439075]
2026-01-21 10:04:42,302 - position: [ 0.07720914 -1.48150468  0.78517449]
2026-01-21 10:04:42,517 - position: [ 0.07391362 -1.47629595  0.78528214]
2026-01-21 10:04:42,745 - position: [ 0.06215836 -1.47471011  0.7834155 ]
2026-01-21 10:04:42,972 - position: [ 0.05381345 -1.47759295  0.78187937]
2026-01-21 10:04:43,235 - position: [ 0.04999111 -1.47686934  0.77959704]
