2026-01-21 10:06:23,474 - position: [-0.21115178 -1.21469033  0.20246613]
2026-01-21 10:06:23,687 - position: [-0.21114768 -1.21478581  0.20245558]
2026-01-21 10:06:23,968 - position: [-0.21124949 -1.21533358  0.20254222]
2026-01-21 10:06:24,203 - position: [-0.21132989 -1.21592259  0.20289719]
2026-01-21 10:06:24,455 - position: [-0.21148704 -1.21665692  0.2031973 ]
2026-01-21 10:06:24,718 - position: [-0.21204636 -1.2159977   0.2027922 ]
2026-01-21 10:06:25,069 - position: [-0.21154357 -1.22176623  0.20531885]
2026-01-21 10:06:25,306 - position: [-0.21226656 -1.21435428  0.20293468]
2026-01-21 10:06:25,558 - position: [-0.21209915 -1.21284974  0.20224766]
2026-01-21 10:06:25,827 - position: [-0.21207596 -1.2123152   0.20211823]
2026-01-21 10:06:26,127 - position: [-0.21202143 -1.21226895  0.2021376 ]
2026-01-21 10:06:26,381 - position: [-0.21204869 -1.21278393  0.20228741]
2026-01-21 10:06:26,624 - position: [-0.21182543 -1.21298456  0.20235839]
2026-01-21 10:06:26,854 - position: [-0.21207936 -1.21290386  0.20232067]
2026-01-21 10:06:27,080 - position: [-0.21209702 -1.21736646  0.20359665]
2026-01-21 10:06:27,281 - position: [-0.21294965 -1.22182918  0.20470467]
2026-01-21 10:06:27,491 - position: [-0.21259484 -1.22283161  0.20506188]
2026-01-21 10:06:27,734 - position: [-0.21232113 -1.21563923  0.20215641]
2026-01-21 10:06:27,976 - position: [-0.21270554 -1.21788335  0.2030752 ]
2026-01-21 10:06:28,216 - position: [-0.21333358 -1.21781731  0.202823  ]
2026-01-21 10:06:28,465 - position: [-0.21335423 -1.21641302  0.20196661]
2026-01-21 10:06:28,766 - position: [-0.21279196 -1.21534014  0.20196182]
2026-01-21 10:06:29,021 - position: [-0.21262893 -1.2137903   0.20130666]
2026-01-21 10:06:29,259 - position: [-0.21254371 -1.21433818  0.20145479]
2026-01-21 10:06:29,487 - position: [-0.21260111 -1.21548676  0.20182358]
2026-01-21 10:06:29,695 - position: [-0.21259695 -1.21577203  0.20195641]
2026-01-21 10:06:29,937 - position: [-0.21255866 -1.21750569  0.20312707]
2026-01-21 10:06:30,210 - position: [-0.21253569 -1.21867788  0.20333956]
2026-01-21 10:06:30,452 - position: [-0.21252443 -1.21901405  0.20340469]
2026-01-21 10:06:30,676 - position: [-0.21258785 -1.21882117  0.20331171]
2026-01-21 10:06:30,948 - position: [-0.21264669 -1.21882403  0.20324667]
2026-01-21 10:06:31,256 - position: [-0.21263663 -1.21897888  0.20343238]
2026-01-21 10:06:31,486 - position: [-0.21264297 -1.21922052  0.20346482]
2026-01-21 10:06:31,720 - position: [-0.21266077 -1.21930337  0.20351243]
2026-01-21 10:06:31,973 - position: [-0.21270475 -1.21987998  0.20366859]
2026-01-21 10:06:32,217 - position: [-0.21245456 -1.2226429   0.20406173]
2026-01-21 10:06:32,458 - position: [-0.21228307 -1.23019624  0.20668854]
2026-01-21 10:06:32,682 - position: [-0.21175811 -1.24780989  0.21067944]
2026-01-21 10:06:32,916 - position: [-0.20961815 -1.28847563  0.21676135]
2026-01-21 10:06:33,121 - position: [-0.21186119 -1.27785921  0.21406673]
2026-01-21 10:06:33,401 - position: [-0.21224755 -1.27609408  0.21365751]
2026-01-21 10:06:33,619 - position: [-0.2130006  -1.26852286  0.2124479 ]
2026-01-21 10:06:33,857 - position: [-0.21454924 -1.2565614   0.21044376]
2026-01-21 10:06:34,099 - position: [-0.21446112 -1.24915957  0.2086619 ]
2026-01-21 10:06:34,409 - position: [-0.21704826 -1.21944094  0.2004849 ]
2026-01-21 10:06:34,670 - position: [-0.21758595 -1.22617638  0.20220254]
2026-01-21 10:06:34,917 - position: [-0.21741103 -1.22534919  0.20195216]
2026-01-21 10:06:35,151 - position: [-0.21816324 -1.22981048  0.20249699]
2026-01-21 10:06:35,388 - position: [-0.21879926 -1.23462808  0.20353547]
2026-01-21 10:06:35,591 - position: [-0.21877573 -1.23467267  0.20358893]
2026-01-21 10:06:35,827 - position: [-0.21877573 -1.23467267  0.20358893]
2026-01-21 10:06:36,069 - position: [-0.21879357 -1.23960781  0.20442119]
2026-01-21 10:06:36,319 - position: [-0.21893512 -1.24169111  0.20465015]
2026-01-21 10:06:36,527 - position: [-0.21896115 -1.24514771  0.20555182]
2026-01-21 10:06:36,771 - position: [-0.21892266 -1.24649405  0.2058142 ]
2026-01-21 10:06:37,022 - position: [-0.21952704 -1.24884331  0.20634627]
2026-01-21 10:06:37,304 - position: [-0.21956965 -1.24773836  0.20566384]
2026-01-21 10:06:37,516 - position: [-0.21956111 -1.247751    0.20570019]
2026-01-21 10:06:37,757 - position: [-0.21973442 -1.24743819  0.20575707]
2026-01-21 10:06:37,982 - position: [-0.21965668 -1.24773264  0.20565787]
2026-01-21 10:06:38,205 - position: [-0.21997447 -1.24796999  0.20601995]
2026-01-21 10:06:38,436 - position: [-0.21996015 -1.24816477  0.20607878]
2026-01-21 10:06:38,751 - position: [-0.21995102 -1.24818254  0.20607278]
2026-01-21 10:06:38,986 - position: [-0.22030443 -1.24726725  0.20578313]
2026-01-21 10:06:39,208 - position: [-0.22054181 -1.24700391  0.20574144]
2026-01-21 10:06:39,464 - position: [-0.22004984 -1.24626052  0.2062286 ]
2026-01-21 10:06:39,717 - position: [-0.22043599 -1.24399638  0.20675221]
2026-01-21 10:06:39,987 - position: [-0.21991704 -1.2440722   0.20597133]
2026-01-21 10:06:40,211 - position: [-0.2207374  -1.24414921  0.20633429]
2026-01-21 10:06:40,443 - position: [-0.22087902 -1.24899006  0.20696254]
2026-01-21 10:06:40,713 - position: [-0.22084236 -1.2476697   0.20691352]
2026-01-21 10:06:40,929 - position: [-0.22099552 -1.25176597  0.20745189]
2026-01-21 10:06:41,190 - position: [-0.22126818 -1.25192451  0.20730059]
2026-01-21 10:06:41,436 - position: [-0.22126818 -1.25192451  0.20730059]
2026-01-21 10:06:41,712 - position: [-0.22126818 -1.25192451  0.20730059]
2026-01-21 10:06:41,965 - position: [-0.22126818 -1.25192451  0.20730059]
2026-01-21 10:06:42,232 - position: [-0.22126818 -1.25192451  0.20730059]
2026-01-21 10:06:42,462 - position: [-0.18476674 -1.23293424  0.24250495]
2026-01-21 10:06:42,724 - position: [-0.18476674 -1.23293424  0.24250495]
2026-01-21 10:06:43,034 - position: [-0.18476674 -1.23293424  0.24250495]
2026-01-21 10:06:43,272 - position: [-0.18476674 -1.23293424  0.24250495]
2026-01-21 10:06:43,594 - position: [-0.18476674 -1.23293424  0.24250495]
2026-01-21 10:06:43,872 - position: [-0.18476674 -1.23293424  0.24250495]
2026-01-21 10:06:44,123 - position: [-0.18476674 -1.23293424  0.24250495]
2026-01-21 10:06:44,334 - position: [-0.18476674 -1.23293424  0.24250495]
2026-01-21 10:06:44,552 - position: [-0.18476674 -1.23293424  0.24250495]
2026-01-21 10:06:44,780 - position: [-0.18476674 -1.23293424  0.24250495]
2026-01-21 10:06:45,033 - position: [-0.18476674 -1.23293424  0.24250495]
2026-01-21 10:06:45,269 - position: [-0.18476674 -1.23293424  0.24250495]
2026-01-21 10:06:45,515 - position: [-0.18476674 -1.23293424  0.24250495]
2026-01-21 10:06:45,746 - position: [-0.18476674 -1.23293424  0.24250495]
2026-01-21 10:06:45,959 - position: [-0.18476674 -1.23293424  0.24250495]
2026-01-21 10:06:46,296 - position: [-0.18476674 -1.23293424  0.24250495]
2026-01-21 10:06:46,552 - position: [-0.18476674 -1.23293424  0.24250495]
2026-01-21 10:06:46,781 - position: [-0.18476674 -1.23293424  0.24250495]
2026-01-21 10:06:47,025 - position: [-0.18476674 -1.23293424  0.24250495]
2026-01-21 10:06:47,276 - position: [-0.18476674 -1.23293424  0.24250495]
2026-01-21 10:06:47,585 - position: [-0.18476674 -1.23293424  0.24250495]
2026-01-21 10:06:47,833 - position: [-0.18476674 -1.23293424  0.24250495]
2026-01-21 10:06:48,082 - position: [-0.18476674 -1.23293424  0.24250495]
2026-01-21 10:06:48,315 - position: [-0.18476674 -1.23293424  0.24250495]
2026-01-21 10:06:48,552 - position: [-0.18476674 -1.23293424  0.24250495]
2026-01-21 10:06:48,808 - position: [-0.18476674 -1.23293424  0.24250495]
2026-01-21 10:06:49,053 - position: [-0.18476674 -1.23293424  0.24250495]
2026-01-21 10:06:49,298 - position: [-0.18476674 -1.23293424  0.24250495]
2026-01-21 10:06:49,558 - position: [-0.18476674 -1.23293424  0.24250495]
2026-01-21 10:06:49,846 - position: [-0.18476674 -1.23293424  0.24250495]
2026-01-21 10:06:50,098 - position: [-0.18476674 -1.23293424  0.24250495]
2026-01-21 10:06:50,318 - position: [-0.18476674 -1.23293424  0.24250495]
2026-01-21 10:06:50,622 - position: [-0.18476674 -1.23293424  0.24250495]
2026-01-21 10:06:50,889 - position: [-0.18476674 -1.23293424  0.24250495]
2026-01-21 10:06:51,158 - position: [-0.18476674 -1.23293424  0.24250495]
2026-01-21 10:06:51,381 - position: [-0.18476674 -1.23293424  0.24250495]
2026-01-21 10:06:51,623 - position: [-0.18476674 -1.23293424  0.24250495]
2026-01-21 10:06:51,859 - position: [-0.18476674 -1.23293424  0.24250495]
2026-01-21 10:06:52,074 - position: [-0.18476674 -1.23293424  0.24250495]
2026-01-21 10:06:52,329 - position: [-0.18476674 -1.23293424  0.24250495]
2026-01-21 10:06:52,664 - position: [-0.18476674 -1.23293424  0.24250495]
2026-01-21 10:06:52,956 - position: [-0.18476674 -1.23293424  0.24250495]
2026-01-21 10:06:53,188 - position: [-0.18476674 -1.23293424  0.24250495]
2026-01-21 10:06:53,428 - position: [-0.18476674 -1.23293424  0.24250495]
2026-01-21 10:06:53,714 - position: [-0.18476674 -1.23293424  0.24250495]
2026-01-21 10:06:53,969 - position: [-0.18476674 -1.23293424  0.24250495]
2026-01-21 10:06:54,188 - position: [-0.18476674 -1.23293424  0.24250495]
2026-01-21 10:06:54,445 - position: [-0.18476674 -1.23293424  0.24250495]
2026-01-21 10:06:54,669 - position: [-0.18476674 -1.23293424  0.24250495]
2026-01-21 10:06:54,907 - position: [-0.18476674 -1.23293424  0.24250495]
2026-01-21 10:06:55,144 - position: [-0.18476674 -1.23293424  0.24250495]
2026-01-21 10:06:55,346 - position: [-0.18476674 -1.23293424  0.24250495]
2026-01-21 10:06:55,572 - position: [-0.18476674 -1.23293424  0.24250495]
2026-01-21 10:06:55,801 - position: [-0.18476674 -1.23293424  0.24250495]
2026-01-21 10:06:56,030 - position: [-0.18476674 -1.23293424  0.24250495]
2026-01-21 10:06:56,290 - position: [-0.18476674 -1.23293424  0.24250495]
2026-01-21 10:06:56,519 - position: [-0.18476674 -1.23293424  0.24250495]
2026-01-21 10:06:56,781 - position: [-0.18476674 -1.23293424  0.24250495]
2026-01-21 10:06:57,002 - position: [-0.18476674 -1.23293424  0.24250495]
2026-01-21 10:06:57,241 - position: [-0.18476674 -1.23293424  0.24250495]
2026-01-21 10:06:57,490 - position: [-0.18476674 -1.23293424  0.24250495]
2026-01-21 10:06:57,705 - position: [-0.18476674 -1.23293424  0.24250495]
2026-01-21 10:06:58,006 - position: [-0.18476674 -1.23293424  0.24250495]
2026-01-21 10:06:58,249 - position: [-0.18476674 -1.23293424  0.24250495]
2026-01-21 10:06:58,461 - position: [-0.18476674 -1.23293424  0.24250495]
2026-01-21 10:06:58,703 - position: [-0.18476674 -1.23293424  0.24250495]
2026-01-21 10:06:58,932 - position: [-0.18476674 -1.23293424  0.24250495]
2026-01-21 10:06:59,170 - position: [-0.18476674 -1.23293424  0.24250495]
2026-01-21 10:06:59,416 - position: [-0.18476674 -1.23293424  0.24250495]
2026-01-21 10:06:59,713 - position: [-0.18476674 -1.23293424  0.24250495]
2026-01-21 10:06:59,979 - position: [-0.18476674 -1.23293424  0.24250495]
2026-01-21 10:07:00,259 - position: [-0.18476674 -1.23293424  0.24250495]
2026-01-21 10:07:00,494 - position: [-0.18476674 -1.23293424  0.24250495]
2026-01-21 10:07:00,729 - position: [-0.18476674 -1.23293424  0.24250495]
2026-01-21 10:07:01,000 - position: [-0.18476674 -1.23293424  0.24250495]
2026-01-21 10:07:01,219 - position: [-0.18476674 -1.23293424  0.24250495]
2026-01-21 10:07:01,457 - position: [-0.18476674 -1.23293424  0.24250495]
2026-01-21 10:07:01,684 - position: [-0.18476674 -1.23293424  0.24250495]
2026-01-21 10:07:01,932 - position: [-0.18476674 -1.23293424  0.24250495]
2026-01-21 10:07:02,172 - position: [-0.18476674 -1.23293424  0.24250495]
2026-01-21 10:07:02,490 - position: [-0.18476674 -1.23293424  0.24250495]
2026-01-21 10:07:02,781 - position: [-0.18476674 -1.23293424  0.24250495]
2026-01-21 10:07:03,003 - position: [-0.18476674 -1.23293424  0.24250495]
2026-01-21 10:07:03,261 - position: [-0.18476674 -1.23293424  0.24250495]
2026-01-21 10:07:03,499 - position: [-0.18476674 -1.23293424  0.24250495]
2026-01-21 10:07:03,823 - position: [-0.18476674 -1.23293424  0.24250495]
2026-01-21 10:07:04,061 - position: [-0.18476674 -1.23293424  0.24250495]
2026-01-21 10:07:04,333 - position: [-0.18476674 -1.23293424  0.24250495]
2026-01-21 10:07:04,565 - position: [-0.18476674 -1.23293424  0.24250495]
2026-01-21 10:07:04,809 - position: [-0.18476674 -1.23293424  0.24250495]
2026-01-21 10:07:05,169 - position: [-0.18476674 -1.23293424  0.24250495]
2026-01-21 10:07:05,390 - position: [-0.18476674 -1.23293424  0.24250495]
2026-01-21 10:07:05,592 - position: [-0.18476674 -1.23293424  0.24250495]
2026-01-21 10:07:05,870 - position: [-0.18476674 -1.23293424  0.24250495]
2026-01-21 10:07:06,131 - position: [-0.18476674 -1.23293424  0.24250495]
2026-01-21 10:07:06,365 - position: [-0.18476674 -1.23293424  0.24250495]
2026-01-21 10:07:06,575 - position: [-0.18476674 -1.23293424  0.24250495]
2026-01-21 10:07:06,782 - position: [-0.18476674 -1.23293424  0.24250495]
2026-01-21 10:07:07,019 - position: [-0.18476674 -1.23293424  0.24250495]
2026-01-21 10:07:07,240 - position: [-0.18476674 -1.23293424  0.24250495]
2026-01-21 10:07:07,468 - position: [-0.18476674 -1.23293424  0.24250495]
2026-01-21 10:07:07,680 - position: [-0.18476674 -1.23293424  0.24250495]
2026-01-21 10:07:07,955 - position: [-0.18476674 -1.23293424  0.24250495]
2026-01-21 10:07:08,184 - position: [-0.18476674 -1.23293424  0.24250495]
2026-01-21 10:07:08,473 - position: [-0.18476674 -1.23293424  0.24250495]
2026-01-21 10:07:08,728 - position: [-0.18476674 -1.23293424  0.24250495]
2026-01-21 10:07:09,002 - position: [-0.18476674 -1.23293424  0.24250495]
2026-01-21 10:07:09,214 - position: [-0.18476674 -1.23293424  0.24250495]
2026-01-21 10:07:09,439 - position: [-0.18476674 -1.23293424  0.24250495]
2026-01-21 10:07:09,672 - position: [-0.18476674 -1.23293424  0.24250495]
2026-01-21 10:07:09,924 - position: [-0.18476674 -1.23293424  0.24250495]
2026-01-21 10:07:10,141 - position: [-0.18476674 -1.23293424  0.24250495]
2026-01-21 10:07:10,352 - position: [-0.18476674 -1.23293424  0.24250495]
2026-01-21 10:07:10,575 - position: [-0.18476674 -1.23293424  0.24250495]
2026-01-21 10:07:10,784 - position: [-0.18476674 -1.23293424  0.24250495]
2026-01-21 10:07:10,992 - position: [-0.18476674 -1.23293424  0.24250495]
2026-01-21 10:07:11,217 - position: [-0.18476674 -1.23293424  0.24250495]
2026-01-21 10:07:11,430 - position: [-0.18476674 -1.23293424  0.24250495]
2026-01-21 10:07:11,646 - position: [-0.18476674 -1.23293424  0.24250495]
2026-01-21 10:07:11,905 - position: [-0.18476674 -1.23293424  0.24250495]
2026-01-21 10:07:12,163 - position: [-0.18476674 -1.23293424  0.24250495]
2026-01-21 10:07:12,398 - position: [-0.18476674 -1.23293424  0.24250495]
2026-01-21 10:07:12,616 - position: [-0.18476674 -1.23293424  0.24250495]
2026-01-21 10:07:12,856 - position: [-0.18476674 -1.23293424  0.24250495]
2026-01-21 10:07:13,098 - position: [-0.18476674 -1.23293424  0.24250495]
2026-01-21 10:07:13,324 - position: [-0.18476674 -1.23293424  0.24250495]
2026-01-21 10:07:13,546 - position: [-0.18476674 -1.23293424  0.24250495]
2026-01-21 10:07:13,805 - position: [-0.18476674 -1.23293424  0.24250495]
2026-01-21 10:07:14,056 - position: [-0.18476674 -1.23293424  0.24250495]
2026-01-21 10:07:14,317 - position: [-0.18476674 -1.23293424  0.24250495]
2026-01-21 10:07:14,597 - position: [-0.18476674 -1.23293424  0.24250495]
2026-01-21 10:07:14,840 - position: [-0.18476674 -1.23293424  0.24250495]
2026-01-21 10:07:15,081 - position: [-0.18476674 -1.23293424  0.24250495]
2026-01-21 10:07:15,303 - position: [-0.18476674 -1.23293424  0.24250495]
2026-01-21 10:07:15,534 - position: [-0.18476674 -1.23293424  0.24250495]
2026-01-21 10:07:15,751 - position: [-0.18476674 -1.23293424  0.24250495]
2026-01-21 10:07:15,960 - position: [-0.18476674 -1.23293424  0.24250495]
2026-01-21 10:07:16,187 - position: [-0.18476674 -1.23293424  0.24250495]
2026-01-21 10:07:16,415 - position: [-0.18476674 -1.23293424  0.24250495]
2026-01-21 10:07:16,629 - position: [-0.18476674 -1.23293424  0.24250495]
2026-01-21 10:07:16,843 - position: [-0.18476674 -1.23293424  0.24250495]
2026-01-21 10:07:17,092 - position: [-0.18476674 -1.23293424  0.24250495]
2026-01-21 10:07:17,371 - position: [-0.18476674 -1.23293424  0.24250495]
2026-01-21 10:07:17,604 - position: [-0.18476674 -1.23293424  0.24250495]
2026-01-21 10:07:17,857 - position: [-0.18476674 -1.23293424  0.24250495]
2026-01-21 10:07:18,138 - position: [-0.18476674 -1.23293424  0.24250495]
2026-01-21 10:07:18,360 - position: [-0.18476674 -1.23293424  0.24250495]
2026-01-21 10:07:18,562 - position: [-0.18476674 -1.23293424  0.24250495]
2026-01-21 10:07:18,787 - position: [-0.18476674 -1.23293424  0.24250495]
2026-01-21 10:07:19,044 - position: [-0.18476674 -1.23293424  0.24250495]
2026-01-21 10:07:19,278 - position: [-0.18476674 -1.23293424  0.24250495]
2026-01-21 10:07:19,513 - position: [-0.18476674 -1.23293424  0.24250495]
2026-01-21 10:07:19,753 - position: [-0.18476674 -1.23293424  0.24250495]
2026-01-21 10:07:19,976 - position: [-0.18476674 -1.23293424  0.24250495]
2026-01-21 10:07:20,201 - position: [-0.18476674 -1.23293424  0.24250495]
2026-01-21 10:07:20,431 - position: [-0.18476674 -1.23293424  0.24250495]
2026-01-21 10:07:20,671 - position: [-0.18476674 -1.23293424  0.24250495]
2026-01-21 10:07:20,910 - position: [-0.18476674 -1.23293424  0.24250495]
2026-01-21 10:07:21,142 - position: [-0.18476674 -1.23293424  0.24250495]
2026-01-21 10:07:21,421 - position: [-0.18476674 -1.23293424  0.24250495]
2026-01-21 10:07:21,629 - position: [-0.18476674 -1.23293424  0.24250495]
2026-01-21 10:07:21,871 - position: [-0.18476674 -1.23293424  0.24250495]
2026-01-21 10:07:22,164 - position: [-0.18476674 -1.23293424  0.24250495]
2026-01-21 10:07:22,421 - position: [-0.18476674 -1.23293424  0.24250495]
2026-01-21 10:07:22,644 - position: [-0.18476674 -1.23293424  0.24250495]
2026-01-21 10:07:22,933 - position: [-0.18476674 -1.23293424  0.24250495]
2026-01-21 10:07:23,199 - position: [-0.18476674 -1.23293424  0.24250495]
2026-01-21 10:07:23,447 - position: [-0.18476674 -1.23293424  0.24250495]
2026-01-21 10:07:23,760 - position: [-0.18476674 -1.23293424  0.24250495]
2026-01-21 10:07:23,990 - position: [-0.18476674 -1.23293424  0.24250495]
2026-01-21 10:07:24,220 - position: [-0.18476674 -1.23293424  0.24250495]
2026-01-21 10:07:24,445 - position: [-0.18476674 -1.23293424  0.24250495]
2026-01-21 10:07:24,695 - position: [-0.18476674 -1.23293424  0.24250495]
2026-01-21 10:07:24,931 - position: [-0.18476674 -1.23293424  0.24250495]
2026-01-21 10:07:25,176 - position: [-0.18476674 -1.23293424  0.24250495]
2026-01-21 10:07:25,422 - position: [-0.18476674 -1.23293424  0.24250495]
2026-01-21 10:07:25,656 - position: [-0.18476674 -1.23293424  0.24250495]
2026-01-21 10:07:25,899 - position: [-0.18476674 -1.23293424  0.24250495]
2026-01-21 10:07:26,122 - position: [-0.18476674 -1.23293424  0.24250495]
2026-01-21 10:07:26,357 - position: [-0.18476674 -1.23293424  0.24250495]
2026-01-21 10:07:26,588 - position: [-0.18476674 -1.23293424  0.24250495]
2026-01-21 10:07:26,792 - position: [-0.18476674 -1.23293424  0.24250495]
2026-01-21 10:07:27,008 - position: [-0.18476674 -1.23293424  0.24250495]
2026-01-21 10:07:27,223 - position: [-0.18476674 -1.23293424  0.24250495]
2026-01-21 10:07:27,496 - position: [-0.18476674 -1.23293424  0.24250495]
2026-01-21 10:07:27,738 - position: [-0.18476674 -1.23293424  0.24250495]
2026-01-21 10:07:28,021 - position: [-0.18476674 -1.23293424  0.24250495]
2026-01-21 10:07:28,245 - position: [-0.18476674 -1.23293424  0.24250495]
2026-01-21 10:07:28,469 - position: [-0.18476674 -1.23293424  0.24250495]
2026-01-21 10:07:28,706 - position: [-0.18476674 -1.23293424  0.24250495]
2026-01-21 10:07:28,942 - position: [-0.18476674 -1.23293424  0.24250495]
2026-01-21 10:07:29,213 - position: [-0.18476674 -1.23293424  0.24250495]
2026-01-21 10:07:29,455 - position: [-0.18476674 -1.23293424  0.24250495]
2026-01-21 10:07:29,686 - position: [-0.18476674 -1.23293424  0.24250495]
2026-01-21 10:07:29,907 - position: [-0.18476674 -1.23293424  0.24250495]
2026-01-21 10:07:30,155 - position: [-0.18476674 -1.23293424  0.24250495]
2026-01-21 10:07:30,379 - position: [-0.18476674 -1.23293424  0.24250495]
2026-01-21 10:07:30,645 - position: [-0.18476674 -1.23293424  0.24250495]
2026-01-21 10:07:30,906 - position: [-0.18476674 -1.23293424  0.24250495]
2026-01-21 10:07:31,144 - position: [-0.18476674 -1.23293424  0.24250495]
2026-01-21 10:07:31,363 - position: [-0.18476674 -1.23293424  0.24250495]
2026-01-21 10:07:31,609 - position: [-0.18476674 -1.23293424  0.24250495]
2026-01-21 10:07:31,842 - position: [-0.18476674 -1.23293424  0.24250495]
2026-01-21 10:07:32,081 - position: [-0.18476674 -1.23293424  0.24250495]
2026-01-21 10:07:32,291 - position: [-0.18476674 -1.23293424  0.24250495]
2026-01-21 10:07:32,511 - position: [-0.18476674 -1.23293424  0.24250495]
2026-01-21 10:07:32,732 - position: [-0.18476674 -1.23293424  0.24250495]
2026-01-21 10:07:32,975 - position: [-0.18476674 -1.23293424  0.24250495]
2026-01-21 10:07:33,325 - position: [-0.18476674 -1.23293424  0.24250495]
2026-01-21 10:07:33,596 - position: [-0.18476674 -1.23293424  0.24250495]
2026-01-21 10:07:33,817 - position: [-0.18476674 -1.23293424  0.24250495]
2026-01-21 10:07:34,041 - position: [-0.18476674 -1.23293424  0.24250495]
2026-01-21 10:07:34,316 - position: [-0.18476674 -1.23293424  0.24250495]
2026-01-21 10:07:34,554 - position: [-0.18476674 -1.23293424  0.24250495]
2026-01-21 10:07:34,803 - position: [-0.18476674 -1.23293424  0.24250495]
2026-01-21 10:07:35,016 - position: [-0.18476674 -1.23293424  0.24250495]
2026-01-21 10:07:35,258 - position: [-0.18476674 -1.23293424  0.24250495]
2026-01-21 10:07:35,501 - position: [-0.18476674 -1.23293424  0.24250495]
2026-01-21 10:07:35,786 - position: [-0.18476674 -1.23293424  0.24250495]
2026-01-21 10:07:36,077 - position: [-0.18476674 -1.23293424  0.24250495]
2026-01-21 10:07:36,343 - position: [-0.18476674 -1.23293424  0.24250495]
2026-01-21 10:07:36,560 - position: [-0.18476674 -1.23293424  0.24250495]
2026-01-21 10:07:36,792 - position: [-0.18476674 -1.23293424  0.24250495]
2026-01-21 10:07:37,027 - position: [-0.18476674 -1.23293424  0.24250495]
2026-01-21 10:07:37,348 - position: [-0.18476674 -1.23293424  0.24250495]
2026-01-21 10:07:37,589 - position: [-0.18476674 -1.23293424  0.24250495]
2026-01-21 10:07:37,829 - position: [-0.18476674 -1.23293424  0.24250495]
2026-01-21 10:07:38,056 - position: [-0.18476674 -1.23293424  0.24250495]
2026-01-21 10:07:38,278 - position: [-0.18476674 -1.23293424  0.24250495]
2026-01-21 10:07:38,524 - position: [-0.18476674 -1.23293424  0.24250495]
2026-01-21 10:07:38,752 - position: [-0.18476674 -1.23293424  0.24250495]
2026-01-21 10:07:38,970 - position: [-0.18476674 -1.23293424  0.24250495]
2026-01-21 10:07:39,245 - position: [-0.18476674 -1.23293424  0.24250495]
2026-01-21 10:07:39,465 - position: [-0.18476674 -1.23293424  0.24250495]
2026-01-21 10:07:39,701 - position: [-0.18476674 -1.23293424  0.24250495]
2026-01-21 10:07:39,922 - position: [-0.18476674 -1.23293424  0.24250495]
2026-01-21 10:07:40,214 - position: [-0.18476674 -1.23293424  0.24250495]
2026-01-21 10:07:40,518 - position: [-0.18476674 -1.23293424  0.24250495]
2026-01-21 10:07:40,765 - position: [-0.18476674 -1.23293424  0.24250495]
2026-01-21 10:07:41,012 - position: [-0.18476674 -1.23293424  0.24250495]
2026-01-21 10:07:41,279 - position: [-0.18476674 -1.23293424  0.24250495]
2026-01-21 10:07:41,509 - position: [-0.18476674 -1.23293424  0.24250495]
2026-01-21 10:07:41,744 - position: [-0.18476674 -1.23293424  0.24250495]
2026-01-21 10:07:42,027 - position: [-0.18476674 -1.23293424  0.24250495]
2026-01-21 10:07:42,265 - position: [-0.18476674 -1.23293424  0.24250495]
2026-01-21 10:07:42,506 - position: [-0.18476674 -1.23293424  0.24250495]
2026-01-21 10:07:42,751 - position: [-0.18476674 -1.23293424  0.24250495]
2026-01-21 10:07:42,979 - position: [-0.18476674 -1.23293424  0.24250495]
2026-01-21 10:07:43,197 - position: [-0.18476674 -1.23293424  0.24250495]
2026-01-21 10:07:43,489 - position: [-0.18476674 -1.23293424  0.24250495]
2026-01-21 10:07:43,779 - position: [-0.18476674 -1.23293424  0.24250495]
2026-01-21 10:07:43,986 - position: [-0.18476674 -1.23293424  0.24250495]
2026-01-21 10:07:44,218 - position: [-0.18476674 -1.23293424  0.24250495]
2026-01-21 10:07:44,463 - position: [-0.18476674 -1.23293424  0.24250495]
2026-01-21 10:07:44,693 - position: [-0.18476674 -1.23293424  0.24250495]
2026-01-21 10:07:44,934 - position: [-0.18476674 -1.23293424  0.24250495]
2026-01-21 10:07:45,158 - position: [-0.18476674 -1.23293424  0.24250495]
2026-01-21 10:07:45,383 - position: [-0.18476674 -1.23293424  0.24250495]
2026-01-21 10:07:45,723 - position: [-0.18476674 -1.23293424  0.24250495]
2026-01-21 10:07:45,996 - position: [-0.18476674 -1.23293424  0.24250495]
2026-01-21 10:07:46,203 - position: [-0.18476674 -1.23293424  0.24250495]
2026-01-21 10:07:46,417 - position: [-0.18476674 -1.23293424  0.24250495]
2026-01-21 10:07:46,661 - position: [-0.18476674 -1.23293424  0.24250495]
2026-01-21 10:07:46,880 - position: [-0.18476674 -1.23293424  0.24250495]
2026-01-21 10:07:47,159 - position: [-0.18476674 -1.23293424  0.24250495]
2026-01-21 10:07:47,405 - position: [-0.18476674 -1.23293424  0.24250495]
2026-01-21 10:07:47,672 - position: [-0.18476674 -1.23293424  0.24250495]
2026-01-21 10:07:47,895 - position: [-0.18476674 -1.23293424  0.24250495]
2026-01-21 10:07:48,102 - position: [-0.18476674 -1.23293424  0.24250495]
2026-01-21 10:07:48,326 - position: [-0.18476674 -1.23293424  0.24250495]
2026-01-21 10:07:48,548 - position: [-0.18476674 -1.23293424  0.24250495]
2026-01-21 10:07:48,764 - position: [-0.18476674 -1.23293424  0.24250495]
2026-01-21 10:07:48,993 - position: [-0.18476674 -1.23293424  0.24250495]
2026-01-21 10:07:49,244 - position: [-0.18476674 -1.23293424  0.24250495]
2026-01-21 10:07:49,469 - position: [-0.18476674 -1.23293424  0.24250495]
2026-01-21 10:07:49,704 - position: [-0.18476674 -1.23293424  0.24250495]
2026-01-21 10:07:49,935 - position: [-0.18476674 -1.23293424  0.24250495]
2026-01-21 10:07:50,247 - position: [-0.18476674 -1.23293424  0.24250495]
2026-01-21 10:07:50,458 - position: [-0.18476674 -1.23293424  0.24250495]
2026-01-21 10:07:50,689 - position: [-0.18476674 -1.23293424  0.24250495]
2026-01-21 10:07:50,902 - position: [-0.18476674 -1.23293424  0.24250495]
2026-01-21 10:07:51,144 - position: [-0.18476674 -1.23293424  0.24250495]
2026-01-21 10:07:51,386 - position: [-0.18476674 -1.23293424  0.24250495]
2026-01-21 10:07:51,663 - position: [-0.18476674 -1.23293424  0.24250495]
2026-01-21 10:07:51,891 - position: [-0.18476674 -1.23293424  0.24250495]
2026-01-21 10:07:52,114 - position: [-0.18476674 -1.23293424  0.24250495]
2026-01-21 10:07:52,339 - position: [-0.18476674 -1.23293424  0.24250495]
2026-01-21 10:07:52,546 - position: [-0.18476674 -1.23293424  0.24250495]
2026-01-21 10:07:52,784 - position: [-0.18476674 -1.23293424  0.24250495]
2026-01-21 10:07:53,038 - position: [-0.18476674 -1.23293424  0.24250495]
2026-01-21 10:07:53,277 - position: [-0.18476674 -1.23293424  0.24250495]
2026-01-21 10:07:53,523 - position: [-0.18476674 -1.23293424  0.24250495]
2026-01-21 10:07:53,775 - position: [-0.18476674 -1.23293424  0.24250495]
2026-01-21 10:07:54,016 - position: [-0.18476674 -1.23293424  0.24250495]
2026-01-21 10:07:54,254 - position: [-0.18476674 -1.23293424  0.24250495]
2026-01-21 10:07:54,471 - position: [-0.18476674 -1.23293424  0.24250495]
2026-01-21 10:07:54,715 - position: [-0.18476674 -1.23293424  0.24250495]
2026-01-21 10:07:55,039 - position: [-0.18476674 -1.23293424  0.24250495]
2026-01-21 10:07:55,298 - position: [-0.18476674 -1.23293424  0.24250495]
2026-01-21 10:07:55,522 - position: [-0.18476674 -1.23293424  0.24250495]
2026-01-21 10:07:55,740 - position: [-0.18476674 -1.23293424  0.24250495]
2026-01-21 10:07:55,965 - position: [-0.18476674 -1.23293424  0.24250495]
2026-01-21 10:07:56,191 - position: [-0.18476674 -1.23293424  0.24250495]
2026-01-21 10:07:56,448 - position: [-0.18476674 -1.23293424  0.24250495]
2026-01-21 10:07:56,670 - position: [-0.18476674 -1.23293424  0.24250495]
2026-01-21 10:07:56,904 - position: [-0.18476674 -1.23293424  0.24250495]
2026-01-21 10:07:57,144 - position: [-0.18476674 -1.23293424  0.24250495]
2026-01-21 10:07:57,410 - position: [-0.18476674 -1.23293424  0.24250495]
2026-01-21 10:07:57,634 - position: [-0.18476674 -1.23293424  0.24250495]
2026-01-21 10:07:57,861 - position: [-0.18476674 -1.23293424  0.24250495]
2026-01-21 10:07:58,214 - position: [-0.18476674 -1.23293424  0.24250495]
2026-01-21 10:07:58,451 - position: [-0.18476674 -1.23293424  0.24250495]
2026-01-21 10:07:58,678 - position: [-0.18476674 -1.23293424  0.24250495]
2026-01-21 10:07:59,047 - position: [-0.18476674 -1.23293424  0.24250495]
2026-01-21 10:07:59,260 - position: [-0.18476674 -1.23293424  0.24250495]
2026-01-21 10:07:59,486 - position: [-0.18476674 -1.23293424  0.24250495]
2026-01-21 10:07:59,722 - position: [-0.18476674 -1.23293424  0.24250495]
2026-01-21 10:07:59,986 - position: [-0.18476674 -1.23293424  0.24250495]
2026-01-21 10:08:00,204 - position: [-0.18476674 -1.23293424  0.24250495]
2026-01-21 10:08:00,434 - position: [-0.18476674 -1.23293424  0.24250495]
2026-01-21 10:08:00,696 - position: [-0.18476674 -1.23293424  0.24250495]
2026-01-21 10:08:00,952 - position: [-0.18476674 -1.23293424  0.24250495]
2026-01-21 10:08:01,165 - position: [-0.18476674 -1.23293424  0.24250495]
2026-01-21 10:08:01,406 - position: [-0.18476674 -1.23293424  0.24250495]
2026-01-21 10:08:01,668 - position: [-0.18476674 -1.23293424  0.24250495]
2026-01-21 10:08:01,966 - position: [-0.18476674 -1.23293424  0.24250495]
2026-01-21 10:08:02,195 - position: [-0.18476674 -1.23293424  0.24250495]
2026-01-21 10:08:02,418 - position: [-0.18476674 -1.23293424  0.24250495]
2026-01-21 10:08:02,695 - position: [-0.18476674 -1.23293424  0.24250495]
2026-01-21 10:08:02,912 - position: [-0.18476674 -1.23293424  0.24250495]
2026-01-21 10:08:03,139 - position: [-0.18476674 -1.23293424  0.24250495]
2026-01-21 10:08:03,367 - position: [-0.18476674 -1.23293424  0.24250495]
2026-01-21 10:08:03,605 - position: [-0.18476674 -1.23293424  0.24250495]
2026-01-21 10:08:03,845 - position: [-0.18476674 -1.23293424  0.24250495]
2026-01-21 10:08:04,076 - position: [-0.18476674 -1.23293424  0.24250495]
2026-01-21 10:08:04,335 - position: [-0.18476674 -1.23293424  0.24250495]
2026-01-21 10:08:04,561 - position: [-0.18476674 -1.23293424  0.24250495]
2026-01-21 10:08:04,858 - position: [-0.18476674 -1.23293424  0.24250495]
2026-01-21 10:08:05,091 - position: [-0.18476674 -1.23293424  0.24250495]
2026-01-21 10:08:05,304 - position: [-0.18476674 -1.23293424  0.24250495]
2026-01-21 10:08:05,536 - position: [-0.18476674 -1.23293424  0.24250495]
2026-01-21 10:08:05,750 - position: [-0.18476674 -1.23293424  0.24250495]
2026-01-21 10:08:06,015 - position: [-0.18476674 -1.23293424  0.24250495]
2026-01-21 10:08:06,223 - position: [-0.18476674 -1.23293424  0.24250495]
2026-01-21 10:08:06,497 - position: [-0.18476674 -1.23293424  0.24250495]
2026-01-21 10:08:06,704 - position: [-0.18476674 -1.23293424  0.24250495]
2026-01-21 10:08:06,932 - position: [-0.18476674 -1.23293424  0.24250495]
2026-01-21 10:08:07,186 - position: [-0.18476674 -1.23293424  0.24250495]
2026-01-21 10:08:07,435 - position: [-0.18476674 -1.23293424  0.24250495]
2026-01-21 10:08:07,709 - position: [-0.18476674 -1.23293424  0.24250495]
2026-01-21 10:08:07,956 - position: [-0.18476674 -1.23293424  0.24250495]
2026-01-21 10:08:08,187 - position: [-0.18476674 -1.23293424  0.24250495]
2026-01-21 10:08:08,446 - position: [-0.18476674 -1.23293424  0.24250495]
2026-01-21 10:08:08,659 - position: [-0.18476674 -1.23293424  0.24250495]
2026-01-21 10:08:08,883 - position: [-0.18476674 -1.23293424  0.24250495]
2026-01-21 10:08:09,097 - position: [-0.18476674 -1.23293424  0.24250495]
2026-01-21 10:08:09,324 - position: [-0.18476674 -1.23293424  0.24250495]
2026-01-21 10:08:09,541 - position: [-0.18476674 -1.23293424  0.24250495]
2026-01-21 10:08:09,781 - position: [-0.18476674 -1.23293424  0.24250495]
2026-01-21 10:08:10,023 - position: [-0.18476674 -1.23293424  0.24250495]
2026-01-21 10:08:10,256 - position: [-0.18476674 -1.23293424  0.24250495]
2026-01-21 10:08:10,489 - position: [-0.18476674 -1.23293424  0.24250495]
2026-01-21 10:08:10,783 - position: [-0.18476674 -1.23293424  0.24250495]
2026-01-21 10:08:11,032 - position: [-0.18476674 -1.23293424  0.24250495]
2026-01-21 10:08:11,281 - position: [-0.18476674 -1.23293424  0.24250495]
2026-01-21 10:08:11,591 - position: [-0.18476674 -1.23293424  0.24250495]
2026-01-21 10:08:11,854 - position: [-0.18476674 -1.23293424  0.24250495]
2026-01-21 10:08:12,073 - position: [-0.18476674 -1.23293424  0.24250495]
2026-01-21 10:08:12,335 - position: [-0.18476674 -1.23293424  0.24250495]
2026-01-21 10:08:12,553 - position: [-0.18476674 -1.23293424  0.24250495]
2026-01-21 10:08:12,786 - position: [-0.18476674 -1.23293424  0.24250495]
2026-01-21 10:08:13,015 - position: [-0.18476674 -1.23293424  0.24250495]
2026-01-21 10:08:13,272 - position: [-0.18476674 -1.23293424  0.24250495]
2026-01-21 10:08:13,569 - position: [-0.18476674 -1.23293424  0.24250495]
2026-01-21 10:08:13,795 - position: [-0.18476674 -1.23293424  0.24250495]
2026-01-21 10:08:14,014 - position: [-0.18476674 -1.23293424  0.24250495]
2026-01-21 10:08:14,244 - position: [-0.18476674 -1.23293424  0.24250495]
2026-01-21 10:08:14,476 - position: [-0.18476674 -1.23293424  0.24250495]
2026-01-21 10:08:14,720 - position: [-0.18476674 -1.23293424  0.24250495]
2026-01-21 10:08:14,970 - position: [-0.18476674 -1.23293424  0.24250495]
2026-01-21 10:08:15,212 - position: [-0.18476674 -1.23293424  0.24250495]
2026-01-21 10:08:15,497 - position: [-0.18476674 -1.23293424  0.24250495]
2026-01-21 10:08:15,722 - position: [-0.18476674 -1.23293424  0.24250495]
2026-01-21 10:08:15,975 - position: [-0.18476674 -1.23293424  0.24250495]
2026-01-21 10:08:16,228 - position: [-0.18476674 -1.23293424  0.24250495]
2026-01-21 10:08:16,481 - position: [-0.18476674 -1.23293424  0.24250495]
2026-01-21 10:08:16,699 - position: [-0.18476674 -1.23293424  0.24250495]
2026-01-21 10:08:16,930 - position: [-0.18476674 -1.23293424  0.24250495]
2026-01-21 10:08:17,183 - position: [-0.18476674 -1.23293424  0.24250495]
2026-01-21 10:08:17,416 - position: [-0.18476674 -1.23293424  0.24250495]
2026-01-21 10:08:17,668 - position: [-0.18476674 -1.23293424  0.24250495]
2026-01-21 10:08:17,888 - position: [-0.18476674 -1.23293424  0.24250495]
2026-01-21 10:08:18,113 - position: [-0.18476674 -1.23293424  0.24250495]
2026-01-21 10:08:18,346 - position: [-0.18476674 -1.23293424  0.24250495]
2026-01-21 10:08:18,556 - position: [-0.18476674 -1.23293424  0.24250495]
2026-01-21 10:08:18,822 - position: [-0.18476674 -1.23293424  0.24250495]
2026-01-21 10:08:19,044 - position: [-0.18476674 -1.23293424  0.24250495]
2026-01-21 10:08:19,261 - position: [-0.18476674 -1.23293424  0.24250495]
2026-01-21 10:08:19,470 - position: [-0.18476674 -1.23293424  0.24250495]
2026-01-21 10:08:19,727 - position: [-0.18476674 -1.23293424  0.24250495]
2026-01-21 10:08:20,045 - position: [-0.18476674 -1.23293424  0.24250495]
2026-01-21 10:08:20,350 - position: [-0.18476674 -1.23293424  0.24250495]
2026-01-21 10:08:20,603 - position: [-0.18476674 -1.23293424  0.24250495]
2026-01-21 10:08:20,835 - position: [-0.18476674 -1.23293424  0.24250495]
2026-01-21 10:08:21,109 - position: [-0.18476674 -1.23293424  0.24250495]
2026-01-21 10:08:21,339 - position: [-0.18476674 -1.23293424  0.24250495]
2026-01-21 10:08:21,548 - position: [-0.18476674 -1.23293424  0.24250495]
2026-01-21 10:08:21,790 - position: [-0.18476674 -1.23293424  0.24250495]
2026-01-21 10:08:22,017 - position: [-0.18476674 -1.23293424  0.24250495]
2026-01-21 10:08:22,253 - position: [-0.18476674 -1.23293424  0.24250495]
2026-01-21 10:08:22,484 - position: [-0.18476674 -1.23293424  0.24250495]
2026-01-21 10:08:22,697 - position: [-0.18476674 -1.23293424  0.24250495]
2026-01-21 10:08:22,915 - position: [-0.18476674 -1.23293424  0.24250495]
2026-01-21 10:08:23,168 - position: [-0.18476674 -1.23293424  0.24250495]
2026-01-21 10:08:23,420 - position: [-0.18476674 -1.23293424  0.24250495]
2026-01-21 10:08:23,679 - position: [-0.18476674 -1.23293424  0.24250495]
2026-01-21 10:08:23,916 - position: [-0.18476674 -1.23293424  0.24250495]
2026-01-21 10:08:24,216 - position: [-0.18476674 -1.23293424  0.24250495]
2026-01-21 10:08:24,452 - position: [-0.18476674 -1.23293424  0.24250495]
2026-01-21 10:08:24,696 - position: [-0.18476674 -1.23293424  0.24250495]
2026-01-21 10:08:24,900 - position: [-0.18476674 -1.23293424  0.24250495]
2026-01-21 10:08:25,129 - position: [-0.18476674 -1.23293424  0.24250495]
2026-01-21 10:08:25,374 - position: [-0.18476674 -1.23293424  0.24250495]
2026-01-21 10:08:25,614 - position: [-0.18476674 -1.23293424  0.24250495]
2026-01-21 10:08:25,852 - position: [-0.18476674 -1.23293424  0.24250495]
2026-01-21 10:08:26,082 - position: [-0.18476674 -1.23293424  0.24250495]
2026-01-21 10:08:26,321 - position: [-0.18476674 -1.23293424  0.24250495]
2026-01-21 10:08:26,559 - position: [-0.18476674 -1.23293424  0.24250495]
2026-01-21 10:08:26,887 - position: [-0.18476674 -1.23293424  0.24250495]
2026-01-21 10:08:27,105 - position: [-0.18476674 -1.23293424  0.24250495]
2026-01-21 10:08:27,336 - position: [-0.18476674 -1.23293424  0.24250495]
2026-01-21 10:08:27,556 - position: [-0.18476674 -1.23293424  0.24250495]
2026-01-21 10:08:27,782 - position: [-0.18476674 -1.23293424  0.24250495]
2026-01-21 10:08:28,029 - position: [-0.18476674 -1.23293424  0.24250495]
2026-01-21 10:08:28,284 - position: [-0.18476674 -1.23293424  0.24250495]
2026-01-21 10:08:28,487 - position: [-0.18476674 -1.23293424  0.24250495]
2026-01-21 10:08:28,721 - position: [-0.18476674 -1.23293424  0.24250495]
2026-01-21 10:08:28,943 - position: [-0.18476674 -1.23293424  0.24250495]
2026-01-21 10:08:29,202 - position: [-0.18476674 -1.23293424  0.24250495]
2026-01-21 10:08:29,464 - position: [-0.18476674 -1.23293424  0.24250495]
2026-01-21 10:08:29,709 - position: [-0.18476674 -1.23293424  0.24250495]
2026-01-21 10:08:29,911 - position: [-0.18476674 -1.23293424  0.24250495]
2026-01-21 10:08:30,161 - position: [-0.18476674 -1.23293424  0.24250495]
2026-01-21 10:08:30,388 - position: [-0.18476674 -1.23293424  0.24250495]
2026-01-21 10:08:30,686 - position: [-0.18476674 -1.23293424  0.24250495]
2026-01-21 10:08:30,901 - position: [-0.18476674 -1.23293424  0.24250495]
2026-01-21 10:08:31,126 - position: [-0.18476674 -1.23293424  0.24250495]
2026-01-21 10:08:31,341 - position: [-0.18476674 -1.23293424  0.24250495]
2026-01-21 10:08:31,607 - position: [-0.18476674 -1.23293424  0.24250495]
2026-01-21 10:08:31,848 - position: [-0.18476674 -1.23293424  0.24250495]
2026-01-21 10:08:32,069 - position: [-0.18476674 -1.23293424  0.24250495]
2026-01-21 10:08:32,295 - position: [-0.18476674 -1.23293424  0.24250495]
2026-01-21 10:08:32,526 - position: [-0.18476674 -1.23293424  0.24250495]
2026-01-21 10:08:32,779 - position: [-0.18476674 -1.23293424  0.24250495]
2026-01-21 10:08:32,992 - position: [-0.18476674 -1.23293424  0.24250495]
2026-01-21 10:08:33,219 - position: [-0.18476674 -1.23293424  0.24250495]
2026-01-21 10:08:33,481 - position: [-0.18476674 -1.23293424  0.24250495]
2026-01-21 10:08:33,729 - position: [-0.18476674 -1.23293424  0.24250495]
2026-01-21 10:08:33,973 - position: [-0.18476674 -1.23293424  0.24250495]
2026-01-21 10:08:34,210 - position: [-0.18476674 -1.23293424  0.24250495]
2026-01-21 10:08:34,427 - position: [-0.18476674 -1.23293424  0.24250495]
2026-01-21 10:08:34,650 - position: [-0.18476674 -1.23293424  0.24250495]
2026-01-21 10:08:34,868 - position: [-0.18476674 -1.23293424  0.24250495]
2026-01-21 10:08:35,092 - position: [-0.18476674 -1.23293424  0.24250495]
2026-01-21 10:08:35,324 - position: [-0.18476674 -1.23293424  0.24250495]
2026-01-21 10:08:35,615 - position: [-0.18476674 -1.23293424  0.24250495]
2026-01-21 10:08:35,848 - position: [-0.18476674 -1.23293424  0.24250495]
2026-01-21 10:08:36,050 - position: [-0.18476674 -1.23293424  0.24250495]
2026-01-21 10:08:36,283 - position: [-0.18476674 -1.23293424  0.24250495]
2026-01-21 10:08:36,501 - position: [-0.18476674 -1.23293424  0.24250495]
2026-01-21 10:08:36,725 - position: [-0.18476674 -1.23293424  0.24250495]
2026-01-21 10:08:36,957 - position: [-0.18476674 -1.23293424  0.24250495]
2026-01-21 10:08:37,226 - position: [-0.18476674 -1.23293424  0.24250495]
2026-01-21 10:08:37,437 - position: [-0.18476674 -1.23293424  0.24250495]
2026-01-21 10:08:37,711 - position: [-0.18476674 -1.23293424  0.24250495]
2026-01-21 10:08:37,936 - position: [-0.18476674 -1.23293424  0.24250495]
2026-01-21 10:08:38,200 - position: [-0.18476674 -1.23293424  0.24250495]
2026-01-21 10:08:38,405 - position: [-0.18476674 -1.23293424  0.24250495]
2026-01-21 10:08:38,639 - position: [-0.18476674 -1.23293424  0.24250495]
2026-01-21 10:08:38,905 - position: [-0.18476674 -1.23293424  0.24250495]
2026-01-21 10:08:39,166 - position: [-0.18476674 -1.23293424  0.24250495]
2026-01-21 10:08:39,436 - position: [-0.18476674 -1.23293424  0.24250495]
2026-01-21 10:08:39,698 - position: [-0.18476674 -1.23293424  0.24250495]
2026-01-21 10:08:39,978 - position: [-0.18476674 -1.23293424  0.24250495]
2026-01-21 10:08:40,249 - position: [-0.18476674 -1.23293424  0.24250495]
2026-01-21 10:08:40,494 - position: [-0.18476674 -1.23293424  0.24250495]
2026-01-21 10:08:40,706 - position: [-0.18476674 -1.23293424  0.24250495]
2026-01-21 10:08:41,005 - position: [-0.18476674 -1.23293424  0.24250495]
2026-01-21 10:08:41,234 - position: [-0.18476674 -1.23293424  0.24250495]
2026-01-21 10:08:41,483 - position: [-0.18476674 -1.23293424  0.24250495]
2026-01-21 10:08:41,698 - position: [-0.18476674 -1.23293424  0.24250495]
2026-01-21 10:08:41,926 - position: [-0.18476674 -1.23293424  0.24250495]
2026-01-21 10:08:42,177 - position: [-0.18476674 -1.23293424  0.24250495]
2026-01-21 10:08:42,442 - position: [-0.18476674 -1.23293424  0.24250495]
2026-01-21 10:08:42,667 - position: [-0.18476674 -1.23293424  0.24250495]
2026-01-21 10:08:42,899 - position: [-0.18476674 -1.23293424  0.24250495]
2026-01-21 10:08:43,123 - position: [-0.18476674 -1.23293424  0.24250495]
2026-01-21 10:08:43,465 - position: [-0.18476674 -1.23293424  0.24250495]
2026-01-21 10:08:43,731 - position: [-0.18476674 -1.23293424  0.24250495]
2026-01-21 10:08:43,978 - position: [-0.18476674 -1.23293424  0.24250495]
2026-01-21 10:08:44,231 - position: [-0.18476674 -1.23293424  0.24250495]
2026-01-21 10:08:44,461 - position: [-0.18476674 -1.23293424  0.24250495]
2026-01-21 10:08:44,740 - position: [-0.18476674 -1.23293424  0.24250495]
2026-01-21 10:08:44,954 - position: [-0.18476674 -1.23293424  0.24250495]
2026-01-21 10:08:45,198 - position: [-0.18476674 -1.23293424  0.24250495]
2026-01-21 10:08:45,418 - position: [-0.18476674 -1.23293424  0.24250495]
2026-01-21 10:08:45,656 - position: [-0.18476674 -1.23293424  0.24250495]
2026-01-21 10:08:45,991 - position: [-0.18476674 -1.23293424  0.24250495]
2026-01-21 10:08:46,226 - position: [-0.18476674 -1.23293424  0.24250495]
2026-01-21 10:08:46,453 - position: [-0.18476674 -1.23293424  0.24250495]
2026-01-21 10:08:46,713 - position: [-0.18476674 -1.23293424  0.24250495]
2026-01-21 10:08:46,956 - position: [-0.18476674 -1.23293424  0.24250495]
2026-01-21 10:08:47,193 - position: [-0.18476674 -1.23293424  0.24250495]
2026-01-21 10:08:47,427 - position: [-0.18476674 -1.23293424  0.24250495]
2026-01-21 10:08:47,658 - position: [-0.18476674 -1.23293424  0.24250495]
2026-01-21 10:08:47,870 - position: [-0.18476674 -1.23293424  0.24250495]
2026-01-21 10:08:48,108 - position: [-0.18476674 -1.23293424  0.24250495]
2026-01-21 10:08:48,356 - position: [-0.18476674 -1.23293424  0.24250495]
2026-01-21 10:08:48,601 - position: [-0.18476674 -1.23293424  0.24250495]
2026-01-21 10:08:48,889 - position: [-0.18476674 -1.23293424  0.24250495]
2026-01-21 10:08:49,106 - position: [-0.18476674 -1.23293424  0.24250495]
2026-01-21 10:08:49,335 - position: [-0.18476674 -1.23293424  0.24250495]
2026-01-21 10:08:49,598 - position: [-0.18476674 -1.23293424  0.24250495]
2026-01-21 10:08:49,930 - position: [-0.18476674 -1.23293424  0.24250495]
2026-01-21 10:08:50,172 - position: [-0.18476674 -1.23293424  0.24250495]
2026-01-21 10:08:50,394 - position: [-0.18476674 -1.23293424  0.24250495]
2026-01-21 10:08:50,634 - position: [-0.18476674 -1.23293424  0.24250495]
2026-01-21 10:08:50,839 - position: [-0.18476674 -1.23293424  0.24250495]
2026-01-21 10:08:51,126 - position: [-0.18476674 -1.23293424  0.24250495]
2026-01-21 10:08:51,390 - position: [-0.18476674 -1.23293424  0.24250495]
2026-01-21 10:08:51,688 - position: [-0.18476674 -1.23293424  0.24250495]
2026-01-21 10:08:51,992 - position: [-0.18476674 -1.23293424  0.24250495]
2026-01-21 10:08:52,245 - position: [-0.18476674 -1.23293424  0.24250495]
2026-01-21 10:08:52,527 - position: [-0.18476674 -1.23293424  0.24250495]
2026-01-21 10:08:52,752 - position: [-0.18476674 -1.23293424  0.24250495]
2026-01-21 10:08:52,965 - position: [-0.18476674 -1.23293424  0.24250495]
2026-01-21 10:08:53,237 - position: [-0.18476674 -1.23293424  0.24250495]
2026-01-21 10:08:53,484 - position: [-0.18476674 -1.23293424  0.24250495]
2026-01-21 10:08:53,715 - position: [-0.18476674 -1.23293424  0.24250495]
2026-01-21 10:08:53,926 - position: [-0.18476674 -1.23293424  0.24250495]
2026-01-21 10:08:54,166 - position: [-0.18476674 -1.23293424  0.24250495]
2026-01-21 10:08:54,418 - position: [-0.18476674 -1.23293424  0.24250495]
2026-01-21 10:08:54,625 - position: [-0.18476674 -1.23293424  0.24250495]
2026-01-21 10:08:54,838 - position: [-0.18476674 -1.23293424  0.24250495]
2026-01-21 10:08:55,103 - position: [-0.18476674 -1.23293424  0.24250495]
2026-01-21 10:08:55,348 - position: [-0.18476674 -1.23293424  0.24250495]
2026-01-21 10:08:55,571 - position: [-0.18476674 -1.23293424  0.24250495]
2026-01-21 10:08:55,821 - position: [-0.18476674 -1.23293424  0.24250495]
2026-01-21 10:08:56,035 - position: [-0.18476674 -1.23293424  0.24250495]
2026-01-21 10:08:56,261 - position: [-0.18476674 -1.23293424  0.24250495]
2026-01-21 10:08:56,544 - position: [-0.18476674 -1.23293424  0.24250495]
2026-01-21 10:08:56,797 - position: [-0.18476674 -1.23293424  0.24250495]
2026-01-21 10:08:57,020 - position: [-0.18476674 -1.23293424  0.24250495]
2026-01-21 10:08:57,288 - position: [-0.18476674 -1.23293424  0.24250495]
2026-01-21 10:08:57,533 - position: [-0.18476674 -1.23293424  0.24250495]
2026-01-21 10:08:57,761 - position: [-0.18476674 -1.23293424  0.24250495]
2026-01-21 10:08:57,986 - position: [-0.18476674 -1.23293424  0.24250495]
2026-01-21 10:08:58,232 - position: [-0.18476674 -1.23293424  0.24250495]
2026-01-21 10:08:58,446 - position: [-0.18476674 -1.23293424  0.24250495]
2026-01-21 10:08:58,680 - position: [-0.18476674 -1.23293424  0.24250495]
2026-01-21 10:08:58,906 - position: [-0.18476674 -1.23293424  0.24250495]
2026-01-21 10:08:59,128 - position: [-0.18476674 -1.23293424  0.24250495]
2026-01-21 10:08:59,344 - position: [-0.18476674 -1.23293424  0.24250495]
2026-01-21 10:08:59,545 - position: [-0.18476674 -1.23293424  0.24250495]
2026-01-21 10:08:59,748 - position: [-0.18476674 -1.23293424  0.24250495]
2026-01-21 10:08:59,959 - position: [-0.18476674 -1.23293424  0.24250495]
2026-01-21 10:09:00,214 - position: [-0.18476674 -1.23293424  0.24250495]
2026-01-21 10:09:00,435 - position: [-0.18476674 -1.23293424  0.24250495]
2026-01-21 10:09:00,672 - position: [-0.18476674 -1.23293424  0.24250495]
2026-01-21 10:09:00,879 - position: [-0.18476674 -1.23293424  0.24250495]
2026-01-21 10:09:01,093 - position: [-0.18476674 -1.23293424  0.24250495]
2026-01-21 10:09:01,335 - position: [-0.18476674 -1.23293424  0.24250495]
2026-01-21 10:09:01,565 - position: [-0.18476674 -1.23293424  0.24250495]
2026-01-21 10:09:01,800 - position: [-0.18476674 -1.23293424  0.24250495]
2026-01-21 10:09:02,004 - position: [-0.18476674 -1.23293424  0.24250495]
2026-01-21 10:09:02,259 - position: [-0.18476674 -1.23293424  0.24250495]
2026-01-21 10:09:02,503 - position: [-0.18476674 -1.23293424  0.24250495]
2026-01-21 10:09:02,745 - position: [-0.18476674 -1.23293424  0.24250495]
2026-01-21 10:09:02,965 - position: [-0.18476674 -1.23293424  0.24250495]
2026-01-21 10:09:03,179 - position: [-0.18476674 -1.23293424  0.24250495]
2026-01-21 10:09:03,419 - position: [-0.18476674 -1.23293424  0.24250495]
2026-01-21 10:09:03,631 - position: [-0.18476674 -1.23293424  0.24250495]
2026-01-21 10:09:03,860 - position: [-0.18476674 -1.23293424  0.24250495]
2026-01-21 10:09:04,085 - position: [-0.18476674 -1.23293424  0.24250495]
2026-01-21 10:09:04,314 - position: [-0.18476674 -1.23293424  0.24250495]
2026-01-21 10:09:04,552 - position: [-0.18476674 -1.23293424  0.24250495]
2026-01-21 10:09:04,807 - position: [-0.18476674 -1.23293424  0.24250495]
2026-01-21 10:09:05,039 - position: [-0.18476674 -1.23293424  0.24250495]
2026-01-21 10:09:05,242 - position: [-0.18476674 -1.23293424  0.24250495]
2026-01-21 10:09:05,451 - position: [-0.18476674 -1.23293424  0.24250495]
2026-01-21 10:09:05,677 - position: [-0.18476674 -1.23293424  0.24250495]
2026-01-21 10:09:05,918 - position: [-0.18476674 -1.23293424  0.24250495]
2026-01-21 10:09:06,152 - position: [-0.18476674 -1.23293424  0.24250495]
2026-01-21 10:09:06,411 - position: [-0.18476674 -1.23293424  0.24250495]
2026-01-21 10:09:06,629 - position: [-0.18476674 -1.23293424  0.24250495]
2026-01-21 10:09:06,890 - position: [-0.18476674 -1.23293424  0.24250495]
2026-01-21 10:09:07,108 - position: [-0.18476674 -1.23293424  0.24250495]
2026-01-21 10:09:07,345 - position: [-0.18476674 -1.23293424  0.24250495]
2026-01-21 10:09:07,554 - position: [-0.18476674 -1.23293424  0.24250495]
2026-01-21 10:09:07,806 - position: [-0.18476674 -1.23293424  0.24250495]
2026-01-21 10:09:08,045 - position: [-0.18476674 -1.23293424  0.24250495]
2026-01-21 10:09:08,282 - position: [-0.18476674 -1.23293424  0.24250495]
2026-01-21 10:09:08,497 - position: [-0.18476674 -1.23293424  0.24250495]
2026-01-21 10:09:08,786 - position: [-0.18476674 -1.23293424  0.24250495]
2026-01-21 10:09:09,012 - position: [-0.18476674 -1.23293424  0.24250495]
2026-01-21 10:09:09,238 - position: [-0.18476674 -1.23293424  0.24250495]
2026-01-21 10:09:09,454 - position: [-0.18476674 -1.23293424  0.24250495]
2026-01-21 10:09:09,672 - position: [-0.18476674 -1.23293424  0.24250495]
2026-01-21 10:09:09,911 - position: [-0.18476674 -1.23293424  0.24250495]
2026-01-21 10:09:10,117 - position: [-0.18476674 -1.23293424  0.24250495]
2026-01-21 10:09:10,341 - position: [-0.18476674 -1.23293424  0.24250495]
2026-01-21 10:09:10,577 - position: [-0.18476674 -1.23293424  0.24250495]
2026-01-21 10:09:10,812 - position: [-0.18476674 -1.23293424  0.24250495]
2026-01-21 10:09:11,046 - position: [-0.18476674 -1.23293424  0.24250495]
2026-01-21 10:09:11,279 - position: [-0.18476674 -1.23293424  0.24250495]
2026-01-21 10:09:11,508 - position: [-0.18476674 -1.23293424  0.24250495]
2026-01-21 10:09:11,743 - position: [-0.18476674 -1.23293424  0.24250495]
2026-01-21 10:09:11,970 - position: [-0.18476674 -1.23293424  0.24250495]
2026-01-21 10:09:12,200 - position: [-0.18476674 -1.23293424  0.24250495]
2026-01-21 10:09:12,439 - position: [-0.18476674 -1.23293424  0.24250495]
2026-01-21 10:09:12,649 - position: [-0.18476674 -1.23293424  0.24250495]
2026-01-21 10:09:12,909 - position: [-0.18476674 -1.23293424  0.24250495]
2026-01-21 10:09:13,123 - position: [-0.18476674 -1.23293424  0.24250495]
2026-01-21 10:09:13,365 - position: [-0.18476674 -1.23293424  0.24250495]
2026-01-21 10:09:13,592 - position: [-0.18476674 -1.23293424  0.24250495]
2026-01-21 10:09:13,848 - position: [-0.18476674 -1.23293424  0.24250495]
2026-01-21 10:09:14,078 - position: [-0.18476674 -1.23293424  0.24250495]
2026-01-21 10:09:14,306 - position: [-0.18476674 -1.23293424  0.24250495]
2026-01-21 10:09:14,559 - position: [-0.18476674 -1.23293424  0.24250495]
2026-01-21 10:09:14,777 - position: [-0.18476674 -1.23293424  0.24250495]
2026-01-21 10:09:14,990 - position: [-0.18476674 -1.23293424  0.24250495]
2026-01-21 10:09:15,221 - position: [-0.18476674 -1.23293424  0.24250495]
2026-01-21 10:09:15,473 - position: [-0.18476674 -1.23293424  0.24250495]
2026-01-21 10:09:15,731 - position: [-0.18476674 -1.23293424  0.24250495]
2026-01-21 10:09:15,976 - position: [-0.18476674 -1.23293424  0.24250495]
2026-01-21 10:09:16,214 - position: [-0.18476674 -1.23293424  0.24250495]
2026-01-21 10:09:16,424 - position: [-0.18476674 -1.23293424  0.24250495]
2026-01-21 10:09:16,657 - position: [-0.18476674 -1.23293424  0.24250495]
2026-01-21 10:09:16,870 - position: [-0.18476674 -1.23293424  0.24250495]
2026-01-21 10:09:17,081 - position: [-0.18476674 -1.23293424  0.24250495]
2026-01-21 10:09:17,307 - position: [-0.18476674 -1.23293424  0.24250495]
2026-01-21 10:09:17,566 - position: [-0.18476674 -1.23293424  0.24250495]
2026-01-21 10:09:17,778 - position: [-0.18476674 -1.23293424  0.24250495]
2026-01-21 10:09:17,988 - position: [-0.18476674 -1.23293424  0.24250495]
2026-01-21 10:09:18,221 - position: [-0.18476674 -1.23293424  0.24250495]
2026-01-21 10:09:18,437 - position: [-0.18476674 -1.23293424  0.24250495]
2026-01-21 10:09:18,670 - position: [-0.18476674 -1.23293424  0.24250495]
2026-01-21 10:09:18,898 - position: [-0.18476674 -1.23293424  0.24250495]
2026-01-21 10:09:19,120 - position: [-0.18476674 -1.23293424  0.24250495]
2026-01-21 10:09:19,358 - position: [-0.18476674 -1.23293424  0.24250495]
2026-01-21 10:09:19,582 - position: [-0.18476674 -1.23293424  0.24250495]
2026-01-21 10:09:19,787 - position: [-0.18476674 -1.23293424  0.24250495]
2026-01-21 10:09:20,148 - position: [-0.18476674 -1.23293424  0.24250495]
2026-01-21 10:09:20,400 - position: [-0.18476674 -1.23293424  0.24250495]
2026-01-21 10:09:20,642 - position: [-0.18476674 -1.23293424  0.24250495]
2026-01-21 10:09:20,856 - position: [-0.18476674 -1.23293424  0.24250495]
2026-01-21 10:09:21,065 - position: [-0.18476674 -1.23293424  0.24250495]
2026-01-21 10:09:21,318 - position: [-0.18476674 -1.23293424  0.24250495]
2026-01-21 10:09:21,560 - position: [-0.18476674 -1.23293424  0.24250495]
2026-01-21 10:09:21,790 - position: [-0.18476674 -1.23293424  0.24250495]
2026-01-21 10:09:22,028 - position: [-0.18476674 -1.23293424  0.24250495]
2026-01-21 10:09:22,240 - position: [-0.18476674 -1.23293424  0.24250495]
2026-01-21 10:09:22,516 - position: [-0.18476674 -1.23293424  0.24250495]
2026-01-21 10:09:22,740 - position: [-0.18476674 -1.23293424  0.24250495]
2026-01-21 10:09:22,996 - position: [-0.18476674 -1.23293424  0.24250495]
2026-01-21 10:09:23,228 - position: [-0.18476674 -1.23293424  0.24250495]
2026-01-21 10:09:23,475 - position: [-0.18476674 -1.23293424  0.24250495]
2026-01-21 10:09:23,727 - position: [-0.18476674 -1.23293424  0.24250495]
2026-01-21 10:09:23,941 - position: [-0.18476674 -1.23293424  0.24250495]
2026-01-21 10:09:24,229 - position: [-0.18476674 -1.23293424  0.24250495]
2026-01-21 10:09:24,446 - position: [-0.18476674 -1.23293424  0.24250495]
2026-01-21 10:09:24,662 - position: [-0.18476674 -1.23293424  0.24250495]
2026-01-21 10:09:24,917 - position: [-0.18476674 -1.23293424  0.24250495]
2026-01-21 10:09:25,137 - position: [-0.18476674 -1.23293424  0.24250495]
2026-01-21 10:09:25,376 - position: [-0.18476674 -1.23293424  0.24250495]
2026-01-21 10:09:25,597 - position: [-0.18476674 -1.23293424  0.24250495]
2026-01-21 10:09:25,833 - position: [-0.18476674 -1.23293424  0.24250495]
2026-01-21 10:09:26,074 - position: [-0.18476674 -1.23293424  0.24250495]
2026-01-21 10:09:26,295 - position: [-0.18476674 -1.23293424  0.24250495]
2026-01-21 10:09:26,532 - position: [-0.18476674 -1.23293424  0.24250495]
2026-01-21 10:09:26,753 - position: [-0.18476674 -1.23293424  0.24250495]
2026-01-21 10:09:26,953 - position: [-0.18476674 -1.23293424  0.24250495]
2026-01-21 10:09:27,205 - position: [-0.18476674 -1.23293424  0.24250495]
2026-01-21 10:09:27,415 - position: [-0.18476674 -1.23293424  0.24250495]
2026-01-21 10:09:27,618 - position: [-0.18476674 -1.23293424  0.24250495]
2026-01-21 10:09:27,841 - position: [-0.18476674 -1.23293424  0.24250495]
2026-01-21 10:09:28,110 - position: [-0.18476674 -1.23293424  0.24250495]
2026-01-21 10:09:28,340 - position: [-0.18476674 -1.23293424  0.24250495]
2026-01-21 10:09:28,563 - position: [-0.18476674 -1.23293424  0.24250495]
2026-01-21 10:09:28,813 - position: [-0.18476674 -1.23293424  0.24250495]
2026-01-21 10:09:29,071 - position: [-0.18476674 -1.23293424  0.24250495]
2026-01-21 10:09:29,288 - position: [-0.18476674 -1.23293424  0.24250495]
2026-01-21 10:09:29,517 - position: [-0.18476674 -1.23293424  0.24250495]
2026-01-21 10:09:29,748 - position: [-0.18476674 -1.23293424  0.24250495]
2026-01-21 10:09:29,986 - position: [-0.18476674 -1.23293424  0.24250495]
2026-01-21 10:09:30,201 - position: [-0.18476674 -1.23293424  0.24250495]
2026-01-21 10:09:30,446 - position: [-0.18476674 -1.23293424  0.24250495]
2026-01-21 10:09:30,658 - position: [-0.18476674 -1.23293424  0.24250495]
2026-01-21 10:09:30,884 - position: [-0.18476674 -1.23293424  0.24250495]
2026-01-21 10:09:31,130 - position: [-0.18476674 -1.23293424  0.24250495]
2026-01-21 10:09:31,392 - position: [-0.18476674 -1.23293424  0.24250495]
2026-01-21 10:09:31,616 - position: [-0.18476674 -1.23293424  0.24250495]
2026-01-21 10:09:31,871 - position: [-0.18476674 -1.23293424  0.24250495]
2026-01-21 10:09:32,105 - position: [-0.18476674 -1.23293424  0.24250495]
2026-01-21 10:09:32,334 - position: [-0.18476674 -1.23293424  0.24250495]
2026-01-21 10:09:32,575 - position: [-0.18476674 -1.23293424  0.24250495]
2026-01-21 10:09:32,806 - position: [-0.18476674 -1.23293424  0.24250495]
2026-01-21 10:09:33,041 - position: [-0.18476674 -1.23293424  0.24250495]
2026-01-21 10:09:33,277 - position: [-0.18476674 -1.23293424  0.24250495]
2026-01-21 10:09:33,515 - position: [-0.18476674 -1.23293424  0.24250495]
2026-01-21 10:09:33,758 - position: [-0.18476674 -1.23293424  0.24250495]
2026-01-21 10:09:34,019 - position: [-0.18476674 -1.23293424  0.24250495]
2026-01-21 10:09:34,240 - position: [-0.18476674 -1.23293424  0.24250495]
2026-01-21 10:09:34,508 - position: [-0.18476674 -1.23293424  0.24250495]
2026-01-21 10:09:34,715 - position: [-0.18476674 -1.23293424  0.24250495]
2026-01-21 10:09:34,929 - position: [-0.18476674 -1.23293424  0.24250495]
2026-01-21 10:09:35,196 - position: [-0.18476674 -1.23293424  0.24250495]
2026-01-21 10:09:35,429 - position: [-0.18476674 -1.23293424  0.24250495]
2026-01-21 10:09:35,653 - position: [-0.18476674 -1.23293424  0.24250495]
2026-01-21 10:09:35,877 - position: [-0.18476674 -1.23293424  0.24250495]
2026-01-21 10:09:36,115 - position: [-0.18476674 -1.23293424  0.24250495]
2026-01-21 10:09:36,320 - position: [-0.18476674 -1.23293424  0.24250495]
2026-01-21 10:09:36,568 - position: [-0.18476674 -1.23293424  0.24250495]
2026-01-21 10:09:36,775 - position: [-0.18476674 -1.23293424  0.24250495]
2026-01-21 10:09:37,006 - position: [-0.18476674 -1.23293424  0.24250495]
2026-01-21 10:09:37,222 - position: [-0.18476674 -1.23293424  0.24250495]
2026-01-21 10:09:37,459 - position: [-0.18476674 -1.23293424  0.24250495]
2026-01-21 10:09:37,696 - position: [-0.18476674 -1.23293424  0.24250495]
2026-01-21 10:09:37,942 - position: [-0.18476674 -1.23293424  0.24250495]
2026-01-21 10:09:38,188 - position: [-0.18476674 -1.23293424  0.24250495]
2026-01-21 10:09:38,394 - position: [-0.18476674 -1.23293424  0.24250495]
2026-01-21 10:09:38,608 - position: [-0.18476674 -1.23293424  0.24250495]
2026-01-21 10:09:38,845 - position: [-0.18476674 -1.23293424  0.24250495]
2026-01-21 10:09:39,079 - position: [-0.18476674 -1.23293424  0.24250495]
2026-01-21 10:09:39,329 - position: [-0.18476674 -1.23293424  0.24250495]
2026-01-21 10:09:39,579 - position: [-0.18476674 -1.23293424  0.24250495]
2026-01-21 10:09:39,815 - position: [-0.18476674 -1.23293424  0.24250495]
2026-01-21 10:09:40,045 - position: [-0.18476674 -1.23293424  0.24250495]
2026-01-21 10:09:40,263 - position: [-0.18476674 -1.23293424  0.24250495]
2026-01-21 10:09:40,493 - position: [-0.18476674 -1.23293424  0.24250495]
2026-01-21 10:09:40,742 - position: [-0.18476674 -1.23293424  0.24250495]
2026-01-21 10:09:40,973 - position: [-0.18476674 -1.23293424  0.24250495]
2026-01-21 10:09:41,217 - position: [-0.18476674 -1.23293424  0.24250495]
2026-01-21 10:09:41,448 - position: [-0.18476674 -1.23293424  0.24250495]
2026-01-21 10:09:41,665 - position: [-0.18476674 -1.23293424  0.24250495]
2026-01-21 10:09:41,867 - position: [-0.18476674 -1.23293424  0.24250495]
2026-01-21 10:09:42,130 - position: [-0.18476674 -1.23293424  0.24250495]
2026-01-21 10:09:42,421 - position: [-0.18476674 -1.23293424  0.24250495]
2026-01-21 10:09:42,648 - position: [-0.18476674 -1.23293424  0.24250495]
2026-01-21 10:09:42,861 - position: [-0.18476674 -1.23293424  0.24250495]
2026-01-21 10:09:43,093 - position: [-0.18476674 -1.23293424  0.24250495]
2026-01-21 10:09:43,322 - position: [-0.18476674 -1.23293424  0.24250495]
2026-01-21 10:09:43,545 - position: [-0.18476674 -1.23293424  0.24250495]
2026-01-21 10:09:43,752 - position: [-0.18476674 -1.23293424  0.24250495]
2026-01-21 10:09:43,994 - position: [-0.18476674 -1.23293424  0.24250495]
2026-01-21 10:09:44,213 - position: [-0.18476674 -1.23293424  0.24250495]
2026-01-21 10:09:44,422 - position: [-0.18476674 -1.23293424  0.24250495]
2026-01-21 10:09:44,694 - position: [-0.18476674 -1.23293424  0.24250495]
2026-01-21 10:09:44,917 - position: [-0.18476674 -1.23293424  0.24250495]
2026-01-21 10:09:45,146 - position: [-0.18476674 -1.23293424  0.24250495]
2026-01-21 10:09:45,348 - position: [-0.18476674 -1.23293424  0.24250495]
2026-01-21 10:09:45,606 - position: [-0.18476674 -1.23293424  0.24250495]
2026-01-21 10:09:45,850 - position: [-0.18476674 -1.23293424  0.24250495]
2026-01-21 10:09:46,078 - position: [-0.18476674 -1.23293424  0.24250495]
2026-01-21 10:09:46,305 - position: [-0.18476674 -1.23293424  0.24250495]
2026-01-21 10:09:46,527 - position: [-0.18476674 -1.23293424  0.24250495]
2026-01-21 10:09:46,766 - position: [-0.18476674 -1.23293424  0.24250495]
2026-01-21 10:09:47,006 - position: [-0.18476674 -1.23293424  0.24250495]
2026-01-21 10:09:47,260 - position: [-0.18476674 -1.23293424  0.24250495]
2026-01-21 10:09:47,501 - position: [-0.18476674 -1.23293424  0.24250495]
2026-01-21 10:09:47,717 - position: [-0.18476674 -1.23293424  0.24250495]
2026-01-21 10:09:47,968 - position: [-0.18476674 -1.23293424  0.24250495]
2026-01-21 10:09:48,211 - position: [-0.18476674 -1.23293424  0.24250495]
2026-01-21 10:09:48,428 - position: [-0.18476674 -1.23293424  0.24250495]
2026-01-21 10:09:48,704 - position: [-0.18476674 -1.23293424  0.24250495]
2026-01-21 10:09:48,913 - position: [-0.18476674 -1.23293424  0.24250495]
2026-01-21 10:09:49,167 - position: [-0.18476674 -1.23293424  0.24250495]
2026-01-21 10:09:49,409 - position: [-0.18476674 -1.23293424  0.24250495]
2026-01-21 10:09:49,646 - position: [-0.18476674 -1.23293424  0.24250495]
2026-01-21 10:09:49,859 - position: [-0.18476674 -1.23293424  0.24250495]
2026-01-21 10:09:50,096 - position: [-0.18476674 -1.23293424  0.24250495]
2026-01-21 10:09:50,325 - position: [-0.18476674 -1.23293424  0.24250495]
2026-01-21 10:09:50,537 - position: [-0.18476674 -1.23293424  0.24250495]
2026-01-21 10:09:50,754 - position: [-0.18476674 -1.23293424  0.24250495]
2026-01-21 10:09:51,016 - position: [-0.18476674 -1.23293424  0.24250495]
2026-01-21 10:09:51,288 - position: [-0.18476674 -1.23293424  0.24250495]
2026-01-21 10:09:51,490 - position: [-0.18476674 -1.23293424  0.24250495]
2026-01-21 10:09:51,757 - position: [-0.18476674 -1.23293424  0.24250495]
2026-01-21 10:09:51,995 - position: [-0.18476674 -1.23293424  0.24250495]
2026-01-21 10:09:52,224 - position: [-0.18476674 -1.23293424  0.24250495]
2026-01-21 10:09:52,472 - position: [-0.18476674 -1.23293424  0.24250495]
2026-01-21 10:09:52,699 - position: [-0.18476674 -1.23293424  0.24250495]
2026-01-21 10:09:52,949 - position: [-0.18476674 -1.23293424  0.24250495]
2026-01-21 10:09:53,207 - position: [-0.18476674 -1.23293424  0.24250495]
2026-01-21 10:09:53,416 - position: [-0.18476674 -1.23293424  0.24250495]
2026-01-21 10:09:53,618 - position: [-0.18476674 -1.23293424  0.24250495]
2026-01-21 10:09:53,849 - position: [-0.18476674 -1.23293424  0.24250495]
2026-01-21 10:09:54,090 - position: [-0.18476674 -1.23293424  0.24250495]
2026-01-21 10:09:54,333 - position: [-0.18476674 -1.23293424  0.24250495]
2026-01-21 10:09:54,571 - position: [-0.18476674 -1.23293424  0.24250495]
2026-01-21 10:09:54,794 - position: [-0.18476674 -1.23293424  0.24250495]
2026-01-21 10:09:55,037 - position: [-0.18476674 -1.23293424  0.24250495]
2026-01-21 10:09:55,258 - position: [-0.18476674 -1.23293424  0.24250495]
2026-01-21 10:09:55,499 - position: [-0.18476674 -1.23293424  0.24250495]
2026-01-21 10:09:55,742 - position: [-0.18476674 -1.23293424  0.24250495]
2026-01-21 10:09:55,980 - position: [-0.18476674 -1.23293424  0.24250495]
2026-01-21 10:09:56,276 - position: [-0.18476674 -1.23293424  0.24250495]
2026-01-21 10:09:56,519 - position: [-0.18476674 -1.23293424  0.24250495]
2026-01-21 10:09:56,742 - position: [-0.18476674 -1.23293424  0.24250495]
2026-01-21 10:09:56,976 - position: [-0.18476674 -1.23293424  0.24250495]
2026-01-21 10:09:57,223 - position: [-0.18476674 -1.23293424  0.24250495]
2026-01-21 10:09:57,431 - position: [-0.18476674 -1.23293424  0.24250495]
2026-01-21 10:09:57,667 - position: [-0.18476674 -1.23293424  0.24250495]
2026-01-21 10:09:57,879 - position: [-0.18476674 -1.23293424  0.24250495]
2026-01-21 10:09:58,090 - position: [-0.18476674 -1.23293424  0.24250495]
2026-01-21 10:09:58,323 - position: [-0.18476674 -1.23293424  0.24250495]
2026-01-21 10:09:58,577 - position: [-0.18476674 -1.23293424  0.24250495]
2026-01-21 10:09:58,797 - position: [-0.18476674 -1.23293424  0.24250495]
2026-01-21 10:09:59,018 - position: [-0.18476674 -1.23293424  0.24250495]
2026-01-21 10:09:59,268 - position: [-0.18476674 -1.23293424  0.24250495]
2026-01-21 10:09:59,513 - position: [-0.18476674 -1.23293424  0.24250495]
2026-01-21 10:09:59,750 - position: [-0.18476674 -1.23293424  0.24250495]
2026-01-21 10:09:59,982 - position: [-0.18476674 -1.23293424  0.24250495]
2026-01-21 10:10:00,264 - position: [-0.18476674 -1.23293424  0.24250495]
2026-01-21 10:10:00,491 - position: [-0.18476674 -1.23293424  0.24250495]
2026-01-21 10:10:00,749 - position: [-0.18476674 -1.23293424  0.24250495]
2026-01-21 10:10:01,000 - position: [-0.18476674 -1.23293424  0.24250495]
2026-01-21 10:10:01,257 - position: [-0.18476674 -1.23293424  0.24250495]
2026-01-21 10:10:01,482 - position: [-0.18476674 -1.23293424  0.24250495]
2026-01-21 10:10:01,721 - position: [-0.18476674 -1.23293424  0.24250495]
2026-01-21 10:10:01,940 - position: [-0.18476674 -1.23293424  0.24250495]
2026-01-21 10:10:02,185 - position: [-0.18476674 -1.23293424  0.24250495]
2026-01-21 10:10:02,403 - position: [-0.18476674 -1.23293424  0.24250495]
2026-01-21 10:10:02,657 - position: [-0.18476674 -1.23293424  0.24250495]
2026-01-21 10:10:02,877 - position: [-0.18476674 -1.23293424  0.24250495]
