2026-01-19 18:21:11,472 - position: [ 0.44668254 -1.29142261 -0.00243473]
2026-01-19 18:21:11,750 - position: [ 0.44699496 -1.29103696 -0.00248598]
2026-01-19 18:21:11,973 - position: [ 0.44667026 -1.2915132  -0.00242624]
2026-01-19 18:21:12,179 - position: [ 0.44661969 -1.2915374  -0.00239737]
2026-01-19 18:21:12,386 - position: [ 0.44661948 -1.29148555 -0.00241856]
2026-01-19 18:21:12,590 - position: [ 0.44665062 -1.29148304 -0.00241919]
2026-01-19 18:21:12,836 - position: [ 0.44661599 -1.29150105 -0.00242889]
2026-01-19 18:21:13,070 - position: [ 0.44660479 -1.29149294 -0.00243378]
2026-01-19 18:21:13,325 - position: [ 0.44661519 -1.29147577 -0.00245553]
2026-01-19 18:21:13,553 - position: [ 0.44666412 -1.29149258 -0.002438  ]
2026-01-19 18:21:13,849 - position: [ 0.44665956 -1.2914753  -0.00246606]
2026-01-19 18:21:14,101 - position: [ 0.4466247  -1.29149246 -0.00240937]
2026-01-19 18:21:14,323 - position: [ 0.44664386 -1.29146671 -0.00240484]
2026-01-19 18:21:14,563 - position: [ 0.44664377 -1.29150271 -0.00243808]
2026-01-19 18:21:14,854 - position: [ 0.4466621  -1.29157054 -0.00245217]
2026-01-19 18:21:15,102 - position: [ 0.44662434 -1.29148674 -0.00239445]
2026-01-19 18:21:15,336 - position: [ 0.44662786 -1.29150951 -0.00241534]
2026-01-19 18:21:15,591 - position: [ 0.44661894 -1.29150069 -0.00237217]
2026-01-19 18:21:15,848 - position: [ 0.44663015 -1.2915014  -0.00240665]
2026-01-19 18:21:16,077 - position: [ 0.44663355 -1.29146373 -0.00248944]
2026-01-19 18:21:16,293 - position: [ 0.44661793 -1.29151726 -0.00247314]
2026-01-19 18:21:16,542 - position: [ 0.4465529  -1.29152668 -0.00241241]
2026-01-19 18:21:16,820 - position: [ 0.44660917 -1.29147053 -0.00234474]
2026-01-19 18:21:17,086 - position: [ 0.44660917 -1.29147053 -0.00234474]
2026-01-19 18:21:17,342 - position: [ 0.44662216 -1.29143429 -0.00235708]
2026-01-19 18:21:17,654 - position: [ 0.44661245 -1.29147804 -0.00235855]
2026-01-19 18:21:17,946 - position: [ 0.44661093 -1.29150772 -0.00241467]
2026-01-19 18:21:18,174 - position: [ 0.44662154 -1.29150867 -0.00244701]
2026-01-19 18:21:18,402 - position: [ 0.44669202 -1.29145086 -0.00242912]
2026-01-19 18:21:18,648 - position: [ 0.44663909 -1.29155409 -0.00249258]
2026-01-19 18:21:18,893 - position: [ 0.44661176 -1.29141557 -0.00243393]
2026-01-19 18:21:19,159 - position: [ 0.44667259 -1.2915175  -0.00254681]
2026-01-19 18:21:19,433 - position: [ 0.44663051 -1.29151452 -0.00243562]
2026-01-19 18:21:19,643 - position: [ 0.44671357 -1.29146194 -0.00243297]
2026-01-19 18:21:19,867 - position: [ 0.4467302  -1.29151642 -0.00244677]
2026-01-19 18:21:20,085 - position: [ 0.44664553 -1.29158187 -0.00241316]
2026-01-19 18:21:20,342 - position: [ 0.4466157  -1.29150558 -0.0024687 ]
2026-01-19 18:21:20,611 - position: [ 0.44664547 -1.29156506 -0.00242614]
2026-01-19 18:21:20,872 - position: [ 0.44666335 -1.29152894 -0.00244902]
2026-01-19 18:21:21,301 - position: [ 0.44666633 -1.29155779 -0.00252099]
2026-01-19 18:21:21,533 - position: [ 0.44666582 -1.29157126 -0.00250777]
2026-01-19 18:21:21,754 - position: [ 0.44665667 -1.29154468 -0.00241578]
2026-01-19 18:21:21,983 - position: [ 0.44665459 -1.29150259 -0.00241555]
2026-01-19 18:21:22,220 - position: [ 0.44663125 -1.29151642 -0.00248449]
2026-01-19 18:21:22,449 - position: [ 0.44658068 -1.29148984 -0.00238812]
2026-01-19 18:21:22,740 - position: [ 0.44664356 -1.29151595 -0.00242222]
2026-01-19 18:21:22,970 - position: [ 0.44666064 -1.29153156 -0.00242965]
2026-01-19 18:21:23,251 - position: [ 0.44665965 -1.29150844 -0.00244782]
2026-01-19 18:21:23,493 - position: [ 0.44664335 -1.29148149 -0.00238846]
2026-01-19 18:21:23,715 - position: [ 0.44661763 -1.29147577 -0.00240979]
2026-01-19 18:21:23,956 - position: [ 0.44667497 -1.29153168 -0.00241301]
2026-01-19 18:21:24,183 - position: [ 0.44667044 -1.29148376 -0.002443  ]
2026-01-19 18:21:24,388 - position: [ 0.44667041 -1.29154015 -0.00247122]
2026-01-19 18:21:24,606 - position: [ 0.44666499 -1.29154229 -0.00246111]
2026-01-19 18:21:24,825 - position: [ 0.44668096 -1.29150915 -0.0024496 ]
2026-01-19 18:21:25,072 - position: [ 0.44663838 -1.29151988 -0.00245971]
2026-01-19 18:21:25,324 - position: [ 0.44662553 -1.29149187 -0.00243897]
2026-01-19 18:21:25,593 - position: [ 0.44665191 -1.29147792 -0.00243303]
2026-01-19 18:21:25,833 - position: [ 0.44665661 -1.2914933  -0.00238816]
2026-01-19 18:21:26,054 - position: [ 0.44666496 -1.29153144 -0.00241193]
2026-01-19 18:21:26,289 - position: [ 0.44666496 -1.29153144 -0.00241193]
2026-01-19 18:21:26,506 - position: [ 0.44668284 -1.2915374  -0.00243788]
2026-01-19 18:21:26,762 - position: [ 0.44668019 -1.29154253 -0.00241424]
2026-01-19 18:21:27,030 - position: [ 0.44670135 -1.2915473  -0.00246365]
2026-01-19 18:21:27,242 - position: [ 0.44662428 -1.29152191 -0.00242972]
2026-01-19 18:21:27,458 - position: [ 0.44660556 -1.29149306 -0.00239018]
2026-01-19 18:21:27,676 - position: [ 0.44664031 -1.29151583 -0.00242331]
2026-01-19 18:21:27,906 - position: [ 0.44665498 -1.29152763 -0.00244498]
2026-01-19 18:21:28,136 - position: [ 0.44665217 -1.29149961 -0.00242652]
2026-01-19 18:21:28,494 - position: [ 0.44662067 -1.29148114 -0.00242259]
2026-01-19 18:21:28,707 - position: [ 0.4466503  -1.29150319 -0.00241018]
2026-01-19 18:21:28,942 - position: [ 0.44663548 -1.29152501 -0.00242272]
2026-01-19 18:21:29,182 - position: [ 0.44665    -1.29151845 -0.00241861]
2026-01-19 18:21:29,429 - position: [ 0.44664794 -1.29153001 -0.00238136]
2026-01-19 18:21:29,677 - position: [ 0.44664794 -1.29153001 -0.00238136]
2026-01-19 18:21:30,015 - position: [ 0.446652   -1.29149008 -0.00241251]
2026-01-19 18:21:30,237 - position: [ 0.44666368 -1.29148459 -0.00238701]
2026-01-19 18:21:30,458 - position: [ 0.44666332 -1.29149354 -0.00242499]
2026-01-19 18:21:30,723 - position: [ 0.44666171 -1.29149187 -0.00243221]
2026-01-19 18:21:30,985 - position: [ 0.44663227 -1.29144824 -0.00243058]
2026-01-19 18:21:31,233 - position: [ 0.44667098 -1.2914902  -0.00242794]
2026-01-19 18:21:31,458 - position: [ 0.44666415 -1.29147708 -0.00243947]
2026-01-19 18:21:31,664 - position: [ 0.44665864 -1.29150426 -0.0024208 ]
2026-01-19 18:21:31,884 - position: [ 0.44669369 -1.29146314 -0.00246671]
2026-01-19 18:21:32,127 - position: [ 0.44663423 -1.29144943 -0.00244247]
2026-01-19 18:21:32,421 - position: [ 0.44664839 -1.29150081 -0.00243024]
2026-01-19 18:21:32,650 - position: [ 0.44665295 -1.29155254 -0.00242765]
2026-01-19 18:21:32,880 - position: [ 0.44664976 -1.29153001 -0.00241028]
2026-01-19 18:21:33,091 - position: [ 0.4466621  -1.29151475 -0.00243247]
2026-01-19 18:21:33,345 - position: [ 0.4466621  -1.29151475 -0.00243247]
2026-01-19 18:21:33,562 - position: [ 0.44665903 -1.29146218 -0.00249809]
2026-01-19 18:21:33,786 - position: [ 0.44665903 -1.29146218 -0.00249809]
2026-01-19 18:21:34,019 - position: [ 0.44664448 -1.2914871  -0.00245084]
2026-01-19 18:21:34,242 - position: [ 0.44666538 -1.29149151 -0.00243074]
2026-01-19 18:21:34,469 - position: [ 0.44666398 -1.29148281 -0.0024796 ]
2026-01-19 18:21:34,703 - position: [ 0.44663134 -1.29144943 -0.00245121]
2026-01-19 18:21:34,932 - position: [ 0.44663474 -1.29146004 -0.00248643]
2026-01-19 18:21:35,148 - position: [ 0.44664708 -1.29147851 -0.00244112]
2026-01-19 18:21:35,400 - position: [ 0.44666299 -1.29152119 -0.002464  ]
2026-01-19 18:21:35,618 - position: [ 0.44667119 -1.29147375 -0.00249814]
2026-01-19 18:21:35,911 - position: [ 0.44667688 -1.29147685 -0.00248115]
2026-01-19 18:21:36,199 - position: [ 0.44667661 -1.29148042 -0.00242939]
2026-01-19 18:21:36,431 - position: [ 0.44696882 -1.29097629 -0.00255337]
2026-01-19 18:21:36,642 - position: [ 0.446702   -1.29148948 -0.0024788 ]
2026-01-19 18:21:36,869 - position: [ 0.44667125 -1.29149234 -0.00248894]
2026-01-19 18:21:37,117 - position: [ 0.44664264 -1.29147327 -0.00245635]
2026-01-19 18:21:37,357 - position: [ 0.44666621 -1.29148018 -0.00245825]
2026-01-19 18:21:37,604 - position: [ 0.44664827 -1.29148877 -0.00243136]
2026-01-19 18:21:37,925 - position: [ 0.44666338 -1.29147482 -0.00248005]
2026-01-19 18:21:38,161 - position: [ 0.44669411 -1.29150546 -0.00247439]
2026-01-19 18:21:38,440 - position: [ 0.44665161 -1.29146719 -0.00249776]
2026-01-19 18:21:38,661 - position: [ 0.44668236 -1.29151297 -0.00246042]
2026-01-19 18:21:38,876 - position: [ 0.44665429 -1.29149091 -0.00244735]
2026-01-19 18:21:39,112 - position: [ 0.44668484 -1.29151177 -0.00243444]
2026-01-19 18:21:39,349 - position: [ 0.44668984 -1.29148543 -0.0024566 ]
2026-01-19 18:21:39,580 - position: [ 0.44665331 -1.29141831 -0.00247191]
2026-01-19 18:21:39,936 - position: [ 0.44666189 -1.29146779 -0.00246824]
2026-01-19 18:21:40,176 - position: [ 0.44666418 -1.29145479 -0.00247925]
2026-01-19 18:21:40,436 - position: [ 0.44666111 -1.29148185 -0.00245529]
2026-01-19 18:21:40,656 - position: [ 0.44671187 -1.29150653 -0.00247407]
2026-01-19 18:21:40,872 - position: [ 0.44667229 -1.29145825 -0.00240589]
2026-01-19 18:21:41,119 - position: [ 0.44667229 -1.29145825 -0.00240589]
2026-01-19 18:21:41,360 - position: [ 0.44664609 -1.29146087 -0.00247187]
2026-01-19 18:21:41,647 - position: [ 0.4466745  -1.29152322 -0.00244059]
2026-01-19 18:21:41,856 - position: [ 0.44666401 -1.29142666 -0.00247497]
2026-01-19 18:21:42,115 - position: [ 0.44663325 -1.29144442 -0.00245636]
2026-01-19 18:21:42,326 - position: [ 0.44665512 -1.291412   -0.00244038]
2026-01-19 18:21:42,548 - position: [ 0.44697165 -1.29096103 -0.00254028]
2026-01-19 18:21:42,764 - position: [ 0.44668069 -1.29150355 -0.00242914]
2026-01-19 18:21:42,980 - position: [ 0.44670212 -1.29149663 -0.00242616]
2026-01-19 18:21:43,214 - position: [ 0.44664854 -1.29145479 -0.00245334]
2026-01-19 18:21:43,468 - position: [ 0.44666511 -1.29146385 -0.00247117]
2026-01-19 18:21:43,846 - position: [ 0.44668135 -1.29145014 -0.00243957]
2026-01-19 18:21:44,089 - position: [ 0.44667998 -1.2914927  -0.00246591]
2026-01-19 18:21:44,313 - position: [ 0.44669026 -1.29149687 -0.00245316]
2026-01-19 18:21:44,577 - position: [ 0.44674316 -1.29154563 -0.0024801 ]
2026-01-19 18:21:44,830 - position: [ 0.44670027 -1.29147673 -0.00243869]
2026-01-19 18:21:45,046 - position: [ 0.44668567 -1.29150212 -0.00243908]
2026-01-19 18:21:45,299 - position: [ 0.44670847 -1.291484   -0.00242338]
2026-01-19 18:21:45,542 - position: [ 0.44669405 -1.29145324 -0.00244082]
2026-01-19 18:21:45,756 - position: [ 0.4466916  -1.29146588 -0.00243523]
2026-01-19 18:21:46,000 - position: [ 0.44667679 -1.29143488 -0.00243647]
2026-01-19 18:21:46,311 - position: [ 0.44663319 -1.29144907 -0.00242461]
2026-01-19 18:21:46,589 - position: [ 0.44662717 -1.29142869 -0.00240992]
2026-01-19 18:21:46,814 - position: [ 0.4466334  -1.29144573 -0.00244636]
2026-01-19 18:21:47,027 - position: [ 0.44665521 -1.29147506 -0.00240718]
2026-01-19 18:21:47,289 - position: [ 0.44664943 -1.29144335 -0.0024344 ]
2026-01-19 18:21:47,549 - position: [ 0.44664943 -1.29144335 -0.0024344 ]
2026-01-19 18:21:47,798 - position: [ 0.44668639 -1.291453   -0.00239217]
2026-01-19 18:21:48,027 - position: [ 0.44665986 -1.29144549 -0.00244205]
2026-01-19 18:21:48,250 - position: [ 0.44668785 -1.29146111 -0.00245002]
2026-01-19 18:21:48,511 - position: [ 0.44666174 -1.29143751 -0.00242845]
2026-01-19 18:21:48,728 - position: [ 0.44662714 -1.29141605 -0.00241301]
2026-01-19 18:21:48,981 - position: [ 0.44666719 -1.29144311 -0.00238235]
2026-01-19 18:21:49,204 - position: [ 0.44664618 -1.29142678 -0.00240367]
2026-01-19 18:21:49,475 - position: [ 0.44664106 -1.29145527 -0.0023982 ]
2026-01-19 18:21:49,736 - position: [ 0.44665465 -1.29144061 -0.0024222 ]
2026-01-19 18:21:49,977 - position: [ 0.44668144 -1.291466   -0.00240232]
2026-01-19 18:21:50,194 - position: [ 0.44666678 -1.29145646 -0.00240955]
2026-01-19 18:21:50,436 - position: [ 0.44669744 -1.29149079 -0.00239095]
2026-01-19 18:21:50,656 - position: [ 0.44669929 -1.2914592  -0.00244181]
2026-01-19 18:21:50,966 - position: [ 0.44668281 -1.29142463 -0.00239282]
2026-01-19 18:21:51,208 - position: [ 0.44668695 -1.29142773 -0.0023777 ]
2026-01-19 18:21:51,448 - position: [ 0.44669008 -1.29142559 -0.00240389]
2026-01-19 18:21:51,712 - position: [ 0.44671288 -1.29146326 -0.00240863]
2026-01-19 18:21:51,950 - position: [ 0.44669256 -1.29148591 -0.0024394 ]
2026-01-19 18:21:52,182 - position: [ 0.4467071  -1.29147637 -0.00240745]
2026-01-19 18:21:52,406 - position: [ 0.44668031 -1.29142022 -0.00240931]
2026-01-19 18:21:52,647 - position: [ 0.44666922 -1.29145253 -0.00240486]
2026-01-19 18:21:52,920 - position: [ 0.44668877 -1.29142082 -0.002392  ]
2026-01-19 18:21:53,150 - position: [ 0.44668055 -1.29145443 -0.00239404]
2026-01-19 18:21:53,372 - position: [ 0.44669405 -1.29144049 -0.00236401]
2026-01-19 18:21:53,626 - position: [ 0.44668961 -1.29142821 -0.00239447]
2026-01-19 18:21:53,845 - position: [ 0.44668299 -1.2914362  -0.00241919]
2026-01-19 18:21:54,075 - position: [ 0.44669548 -1.29144144 -0.00243513]
2026-01-19 18:21:54,329 - position: [ 0.4467023  -1.29139757 -0.00238814]
2026-01-19 18:21:54,564 - position: [ 0.44667983 -1.29142416 -0.00239002]
2026-01-19 18:21:54,781 - position: [ 0.44668853 -1.29141581 -0.00239357]
2026-01-19 18:21:54,999 - position: [ 0.44671887 -1.29142487 -0.00240845]
2026-01-19 18:21:55,221 - position: [ 0.44669408 -1.29141927 -0.0023985 ]
2026-01-19 18:21:55,428 - position: [ 0.44667733 -1.29139197 -0.00238861]
2026-01-19 18:21:55,710 - position: [ 0.44669095 -1.29144156 -0.00240309]
2026-01-19 18:21:55,949 - position: [ 0.44690335 -1.29114497 -0.0025118 ]
2026-01-19 18:21:56,204 - position: [ 0.44668716 -1.29140747 -0.00241091]
2026-01-19 18:21:56,431 - position: [ 0.44667009 -1.29138696 -0.00241397]
2026-01-19 18:21:56,713 - position: [ 0.44676879 -1.29122043 -0.00250307]
2026-01-19 18:21:56,952 - position: [ 0.44670054 -1.2914027  -0.00240353]
2026-01-19 18:21:57,187 - position: [ 0.44670311 -1.2913996  -0.00239952]
2026-01-19 18:21:57,403 - position: [ 0.4466688  -1.29140818 -0.00243099]
2026-01-19 18:21:57,615 - position: [ 0.44665569 -1.29139578 -0.00243558]
2026-01-19 18:21:57,864 - position: [ 0.44668949 -1.29138541 -0.00236463]
2026-01-19 18:21:58,245 - position: [ 0.44666809 -1.29137719 -0.00243965]
2026-01-19 18:21:58,541 - position: [ 0.4467006  -1.29142487 -0.00245662]
2026-01-19 18:21:58,781 - position: [ 0.44666934 -1.29139078 -0.00242001]
2026-01-19 18:21:59,003 - position: [ 0.44669914 -1.29138172 -0.00242491]
2026-01-19 18:21:59,255 - position: [ 0.44670063 -1.29139566 -0.00240455]
2026-01-19 18:21:59,533 - position: [ 0.44670904 -1.29137266 -0.00241311]
2026-01-19 18:21:59,793 - position: [ 0.44673002 -1.29140627 -0.00243955]
2026-01-19 18:22:00,081 - position: [ 0.44672439 -1.29138875 -0.00242747]
2026-01-19 18:22:00,339 - position: [ 0.44692802 -1.2911104  -0.00257853]
2026-01-19 18:22:00,556 - position: [ 0.44674027 -1.29138601 -0.00244678]
2026-01-19 18:22:00,775 - position: [ 0.44674727 -1.29140055 -0.00243711]
2026-01-19 18:22:01,020 - position: [ 0.44674769 -1.29141748 -0.00244532]
2026-01-19 18:22:01,244 - position: [ 0.44672877 -1.29138684 -0.00246081]
2026-01-19 18:22:01,522 - position: [ 0.44672099 -1.29138589 -0.00245054]
2026-01-19 18:22:01,782 - position: [ 0.44672617 -1.29138458 -0.00247916]
2026-01-19 18:22:02,005 - position: [ 0.44673288 -1.29139876 -0.00246885]
2026-01-19 18:22:02,267 - position: [ 0.4467614  -1.2913909  -0.00248935]
2026-01-19 18:22:02,497 - position: [ 0.44675279 -1.29140067 -0.00248782]
2026-01-19 18:22:02,740 - position: [ 0.44672185 -1.2913934  -0.00245519]
