2026-01-19 18:48:25,515 - position: [ 0.44691455 -1.29146767 -0.00264634]
2026-01-19 18:48:25,746 - position: [ 0.44688299 -1.29145491 -0.00267381]
2026-01-19 18:48:26,007 - position: [ 0.44689938 -1.29145586 -0.00265284]
2026-01-19 18:48:26,230 - position: [ 0.44688144 -1.291471   -0.0026143 ]
2026-01-19 18:48:26,440 - position: [ 0.44690552 -1.29148698 -0.00262278]
2026-01-19 18:48:26,713 - position: [ 0.44669816 -1.29159009 -0.00246816]
2026-01-19 18:48:26,953 - position: [ 0.44688749 -1.29137051 -0.00259096]
2026-01-19 18:48:27,176 - position: [ 0.44690216 -1.29145491 -0.00264355]
2026-01-19 18:48:27,402 - position: [ 0.44671553 -1.29160106 -0.00245955]
2026-01-19 18:48:27,632 - position: [ 0.44686857 -1.29147983 -0.00265456]
2026-01-19 18:48:27,852 - position: [ 0.44686857 -1.29147983 -0.00265456]
2026-01-19 18:48:28,070 - position: [ 0.4469417 -1.2914871 -0.0026617]
2026-01-19 18:48:28,285 - position: [ 0.44692996 -1.29155648 -0.00266693]
2026-01-19 18:48:28,517 - position: [ 0.44686234 -1.29141212 -0.00262655]
2026-01-19 18:48:28,762 - position: [ 0.44671726 -1.29159963 -0.00247675]
2026-01-19 18:48:29,004 - position: [ 0.44685957 -1.29146743 -0.00260774]
2026-01-19 18:48:29,268 - position: [ 0.44686893 -1.29146171 -0.00259859]
2026-01-19 18:48:29,525 - position: [ 0.44687188 -1.29145086 -0.00265146]
2026-01-19 18:48:29,769 - position: [ 0.44689721 -1.29148042 -0.00264879]
2026-01-19 18:48:29,993 - position: [ 0.44689769 -1.29146671 -0.002646  ]
2026-01-19 18:48:30,245 - position: [ 0.44691452 -1.291484   -0.00265384]
2026-01-19 18:48:30,482 - position: [ 0.44691333 -1.29150355 -0.00259315]
2026-01-19 18:48:30,682 - position: [ 0.44686237 -1.29149055 -0.00262544]
2026-01-19 18:48:31,095 - position: [ 0.44691303 -1.2915622  -0.00258422]
2026-01-19 18:48:31,335 - position: [ 0.44687304 -1.29145348 -0.0026073 ]
2026-01-19 18:48:31,563 - position: [ 0.44691131 -1.29151607 -0.00261161]
2026-01-19 18:48:31,801 - position: [ 0.44690493 -1.29150486 -0.00261065]
2026-01-19 18:48:32,027 - position: [ 0.44692931 -1.2915169  -0.00258084]
2026-01-19 18:48:32,255 - position: [ 0.44684491 -1.29144073 -0.0025538 ]
2026-01-19 18:48:32,485 - position: [ 0.44692215 -1.29149365 -0.00260164]
2026-01-19 18:48:32,715 - position: [ 0.44686815 -1.29142797 -0.00262797]
2026-01-19 18:48:32,940 - position: [ 0.44688067 -1.29153812 -0.00259156]
2026-01-19 18:48:33,154 - position: [ 0.44689614 -1.29148865 -0.00266626]
2026-01-19 18:48:33,395 - position: [ 0.44684029 -1.29149652 -0.00262952]
2026-01-19 18:48:33,605 - position: [ 0.44687116 -1.29152787 -0.00256822]
2026-01-19 18:48:33,826 - position: [ 0.44687274 -1.2914865  -0.00262743]
2026-01-19 18:48:34,063 - position: [ 0.44687361 -1.29143906 -0.00258408]
2026-01-19 18:48:34,274 - position: [ 0.44688675 -1.29146576 -0.00259279]
2026-01-19 18:48:34,489 - position: [ 0.44692484 -1.29152453 -0.00260979]
2026-01-19 18:48:34,749 - position: [ 0.44686493 -1.29148185 -0.00257839]
2026-01-19 18:48:34,971 - position: [ 0.44688734 -1.29148161 -0.00257871]
2026-01-19 18:48:35,199 - position: [ 0.44686377 -1.29148936 -0.00258061]
2026-01-19 18:48:35,476 - position: [ 0.44687092 -1.29147589 -0.0025799 ]
2026-01-19 18:48:35,701 - position: [ 0.4468579  -1.29146552 -0.00260336]
2026-01-19 18:48:35,946 - position: [ 0.44687214 -1.29142809 -0.00256353]
2026-01-19 18:48:36,289 - position: [ 0.44688165 -1.29144156 -0.00259532]
2026-01-19 18:48:36,545 - position: [ 0.44682425 -1.29143727 -0.00255649]
2026-01-19 18:48:36,833 - position: [ 0.44688722 -1.29150498 -0.00257987]
2026-01-19 18:48:37,065 - position: [ 0.44686577 -1.29153156 -0.00260309]
2026-01-19 18:48:37,309 - position: [ 0.44684848 -1.29144955 -0.00260965]
2026-01-19 18:48:37,565 - position: [ 0.44693294 -1.29153001 -0.00258812]
2026-01-19 18:48:37,799 - position: [ 0.44687411 -1.29147041 -0.00256657]
2026-01-19 18:48:38,032 - position: [ 0.44687411 -1.29147041 -0.00256657]
2026-01-19 18:48:38,279 - position: [ 0.44686678 -1.29145563 -0.00256434]
2026-01-19 18:48:38,495 - position: [ 0.44685924 -1.29145324 -0.00256891]
2026-01-19 18:48:38,708 - position: [ 0.44685924 -1.29145324 -0.00256891]
2026-01-19 18:48:38,932 - position: [ 0.44685924 -1.29145324 -0.00256891]
2026-01-19 18:48:39,167 - position: [ 0.44693419 -1.29149818 -0.00264717]
2026-01-19 18:48:39,417 - position: [ 0.44695193 -1.29154921 -0.00259376]
2026-01-19 18:48:39,626 - position: [ 0.4469094  -1.29148924 -0.00258302]
2026-01-19 18:48:39,884 - position: [ 0.44691122 -1.29148924 -0.00258535]
2026-01-19 18:48:40,132 - position: [ 0.44691122 -1.29148924 -0.00258535]
2026-01-19 18:48:40,339 - position: [ 0.44690746 -1.29151237 -0.00261826]
2026-01-19 18:48:40,570 - position: [ 0.44692212 -1.2914896  -0.00262809]
2026-01-19 18:48:40,780 - position: [ 0.44689912 -1.29151464 -0.00268719]
2026-01-19 18:48:41,005 - position: [ 0.44695115 -1.29153585 -0.00262116]
2026-01-19 18:48:41,241 - position: [ 0.44687301 -1.29141104 -0.00262741]
2026-01-19 18:48:41,511 - position: [ 0.44685617 -1.29146492 -0.00253881]
2026-01-19 18:48:41,724 - position: [ 0.44686407 -1.29140317 -0.00257313]
2026-01-19 18:48:41,964 - position: [ 0.44686201 -1.29146552 -0.00258862]
2026-01-19 18:48:42,193 - position: [ 0.44691521 -1.2914964  -0.00263353]
2026-01-19 18:48:42,395 - position: [ 0.44693711 -1.29152346 -0.00259462]
2026-01-19 18:48:42,629 - position: [ 0.44688663 -1.29150462 -0.00256972]
2026-01-19 18:48:42,863 - position: [ 0.44671974 -1.29159725 -0.00242561]
2026-01-19 18:48:43,117 - position: [ 0.44694608 -1.29153037 -0.00261194]
2026-01-19 18:48:43,351 - position: [ 0.4468914  -1.29149556 -0.0026316 ]
2026-01-19 18:48:43,580 - position: [ 0.44685885 -1.29149115 -0.00255781]
2026-01-19 18:48:43,797 - position: [ 0.44691914 -1.29149675 -0.00263182]
2026-01-19 18:48:44,034 - position: [ 0.44675767 -1.29165614 -0.00246504]
2026-01-19 18:48:44,273 - position: [ 0.44691131 -1.29153085 -0.0026243 ]
2026-01-19 18:48:44,513 - position: [ 0.44669569 -1.29158914 -0.00246373]
2026-01-19 18:48:44,774 - position: [ 0.44671789 -1.29162836 -0.00250007]
2026-01-19 18:48:45,015 - position: [ 0.44689357 -1.29152095 -0.00255778]
2026-01-19 18:48:45,269 - position: [ 0.44685072 -1.29145861 -0.00257742]
2026-01-19 18:48:45,479 - position: [ 0.44686782 -1.2914834  -0.00260617]
2026-01-19 18:48:45,746 - position: [ 0.44689736 -1.2914573  -0.0025734 ]
2026-01-19 18:48:45,963 - position: [ 0.44688141 -1.29148054 -0.00261203]
2026-01-19 18:48:46,175 - position: [ 0.44686258 -1.29146814 -0.00265705]
2026-01-19 18:48:46,416 - position: [ 0.44689709 -1.29152381 -0.0026229 ]
2026-01-19 18:48:46,656 - position: [ 0.44686639 -1.29150975 -0.00261539]
2026-01-19 18:48:46,898 - position: [ 0.44687322 -1.29147005 -0.00265959]
2026-01-19 18:48:47,142 - position: [ 0.44685158 -1.29149425 -0.00262489]
2026-01-19 18:48:47,343 - position: [ 0.44687814 -1.29148257 -0.00260529]
2026-01-19 18:48:47,577 - position: [ 0.44687515 -1.29150498 -0.00260737]
2026-01-19 18:48:47,839 - position: [ 0.44684529 -1.29146218 -0.0025807 ]
2026-01-19 18:48:48,077 - position: [ 0.4469043  -1.29149473 -0.0025931 ]
2026-01-19 18:48:48,320 - position: [ 0.44685364 -1.29144335 -0.00258505]
2026-01-19 18:48:48,550 - position: [ 0.44683525 -1.29144347 -0.00259922]
2026-01-19 18:48:48,799 - position: [ 0.44687378 -1.29148495 -0.00259039]
2026-01-19 18:48:49,018 - position: [ 0.44686264 -1.29149151 -0.00258834]
2026-01-19 18:48:49,245 - position: [ 0.44685584 -1.29149115 -0.00259454]
2026-01-19 18:48:49,468 - position: [ 0.44685444 -1.29144669 -0.00258631]
2026-01-19 18:48:49,692 - position: [ 0.44685444 -1.29144669 -0.00258631]
2026-01-19 18:48:49,922 - position: [ 0.44685617 -1.29149652 -0.00258562]
2026-01-19 18:48:50,134 - position: [ 0.44684052 -1.29146945 -0.00258176]
2026-01-19 18:48:50,351 - position: [ 0.44686428 -1.29139495 -0.00260549]
2026-01-19 18:48:50,600 - position: [ 0.44685826 -1.2914412  -0.00260629]
2026-01-19 18:48:50,874 - position: [ 0.44680211 -1.29145026 -0.00257343]
2026-01-19 18:48:51,095 - position: [ 0.44685647 -1.2914623  -0.00258278]
2026-01-19 18:48:51,316 - position: [ 0.44682181 -1.29145277 -0.0025772 ]
2026-01-19 18:48:51,528 - position: [ 0.44685325 -1.29147744 -0.0025688 ]
