2026-01-19 18:40:04,583 - position: [ 0.44706562 -1.29066944 -0.00229712]
2026-01-19 18:40:04,836 - position: [ 0.44689277 -1.29127347 -0.00246333]
2026-01-19 18:40:05,045 - position: [ 0.44689277 -1.29127347 -0.00246333]
2026-01-19 18:40:05,263 - position: [ 0.44688329 -1.2912693  -0.00251499]
2026-01-19 18:40:05,584 - position: [ 0.44715413 -1.29056644 -0.0023063 ]
2026-01-19 18:40:05,828 - position: [ 0.44698426 -1.29062605 -0.0021287 ]
2026-01-19 18:40:06,041 - position: [ 0.44705668 -1.29071021 -0.00230935]
2026-01-19 18:40:06,350 - position: [ 0.4470621  -1.29067385 -0.00229386]
2026-01-19 18:40:06,574 - position: [ 0.44708648 -1.29069328 -0.00229942]
2026-01-19 18:40:06,822 - position: [ 0.4470045  -1.29064274 -0.00214802]
2026-01-19 18:40:07,046 - position: [ 0.44695508 -1.29057014 -0.00214075]
2026-01-19 18:40:07,384 - position: [ 0.44698775 -1.29062474 -0.0021344 ]
2026-01-19 18:40:07,631 - position: [ 0.44701043 -1.29064989 -0.0021398 ]
2026-01-19 18:40:07,913 - position: [ 0.44701043 -1.29064989 -0.0021398 ]
2026-01-19 18:40:08,134 - position: [ 0.44716921 -1.29058254 -0.00234523]
2026-01-19 18:40:08,453 - position: [ 0.44696549 -1.29060757 -0.0021838 ]
2026-01-19 18:40:08,748 - position: [ 0.44696134 -1.29064143 -0.0021737 ]
2026-01-19 18:40:08,987 - position: [ 0.44698867 -1.29063523 -0.00214047]
2026-01-19 18:40:09,203 - position: [ 0.44697365 -1.29063427 -0.00213192]
2026-01-19 18:40:09,408 - position: [ 0.44696453 -1.29061186 -0.00214998]
2026-01-19 18:40:09,651 - position: [ 0.44704509 -1.29069066 -0.0023216 ]
2026-01-19 18:40:09,886 - position: [ 0.44706637 -1.29069567 -0.00231774]
2026-01-19 18:40:10,142 - position: [ 0.44705677 -1.29069519 -0.00236326]
2026-01-19 18:40:10,370 - position: [ 0.44705418 -1.29070747 -0.00230859]
2026-01-19 18:40:10,657 - position: [ 0.44711986 -1.29049718 -0.00216293]
2026-01-19 18:40:10,900 - position: [ 0.44700438 -1.29063749 -0.00213158]
2026-01-19 18:40:11,130 - position: [ 0.44706571 -1.29070842 -0.00233385]
2026-01-19 18:40:11,346 - position: [ 0.44704172 -1.29066038 -0.00217351]
2026-01-19 18:40:11,591 - position: [ 0.44700775 -1.29063094 -0.00217526]
2026-01-19 18:40:11,911 - position: [ 0.44701812 -1.29064965 -0.00218944]
2026-01-19 18:40:12,123 - position: [ 0.44697815 -1.29061615 -0.00216386]
2026-01-19 18:40:12,333 - position: [ 0.44699332 -1.29063094 -0.00216626]
2026-01-19 18:40:12,591 - position: [ 0.44696209 -1.29061019 -0.00220022]
2026-01-19 18:40:12,820 - position: [ 0.4470191  -1.29064476 -0.00216779]
2026-01-19 18:40:13,079 - position: [ 0.44699004 -1.29064095 -0.00218243]
2026-01-19 18:40:13,349 - position: [ 0.446964   -1.29064083 -0.00215745]
2026-01-19 18:40:13,568 - position: [ 0.44694504 -1.29059768 -0.0021647 ]
2026-01-19 18:40:13,831 - position: [ 0.4472191  -1.29062498 -0.00231265]
2026-01-19 18:40:14,040 - position: [ 0.44703805 -1.29070377 -0.00234352]
2026-01-19 18:40:14,268 - position: [ 0.44696626 -1.29044282 -0.00219403]
2026-01-19 18:40:14,544 - position: [ 0.44699895 -1.2906276  -0.00216165]
2026-01-19 18:40:14,831 - position: [ 0.44716099 -1.29060996 -0.00235771]
2026-01-19 18:40:15,132 - position: [ 0.44716629 -1.29065061 -0.00232816]
2026-01-19 18:40:15,360 - position: [ 0.44705936 -1.29073405 -0.00230679]
2026-01-19 18:40:15,573 - position: [ 0.44692579 -1.29059219 -0.00215744]
2026-01-19 18:40:15,829 - position: [ 0.44690523 -1.29133904 -0.00250642]
2026-01-19 18:40:16,070 - position: [ 0.44688907 -1.2913307  -0.00245779]
2026-01-19 18:40:16,345 - position: [ 0.4469254  -1.29131579 -0.00248076]
2026-01-19 18:40:16,561 - position: [ 0.44695103 -1.29135609 -0.00253782]
2026-01-19 18:40:16,824 - position: [ 0.44704598 -1.29071939 -0.00232817]
2026-01-19 18:40:17,067 - position: [ 0.44694054 -1.29134274 -0.00252127]
2026-01-19 18:40:17,300 - position: [ 0.44718552 -1.2906276  -0.00232048]
2026-01-19 18:40:17,538 - position: [ 0.4470374  -1.2907145  -0.00238723]
2026-01-19 18:40:17,784 - position: [ 0.44700223 -1.29067612 -0.00234801]
2026-01-19 18:40:18,089 - position: [ 0.4469187 -1.2913326 -0.002517 ]
2026-01-19 18:40:18,361 - position: [ 0.44694826 -1.29137313 -0.00255148]
2026-01-19 18:40:18,667 - position: [ 0.44709581 -1.2907517  -0.00234831]
2026-01-19 18:40:18,903 - position: [ 0.44705808 -1.29073215 -0.00234625]
2026-01-19 18:40:19,140 - position: [ 0.44691625 -1.29131055 -0.00252135]
2026-01-19 18:40:19,383 - position: [ 0.44721222 -1.29062152 -0.00231962]
2026-01-19 18:40:19,629 - position: [ 0.44691259 -1.29133749 -0.0025318 ]
2026-01-19 18:40:19,872 - position: [ 0.44717747 -1.29062355 -0.00232795]
2026-01-19 18:40:20,104 - position: [ 0.44689816 -1.2913208  -0.00251827]
2026-01-19 18:40:20,378 - position: [ 0.44714624 -1.29058492 -0.0023289 ]
2026-01-19 18:40:20,606 - position: [ 0.44714624 -1.29058492 -0.0023289 ]
2026-01-19 18:40:20,852 - position: [ 0.44714931 -1.29062223 -0.00235259]
2026-01-19 18:40:21,101 - position: [ 0.44714308 -1.29063022 -0.00235373]
2026-01-19 18:40:21,441 - position: [ 0.44713968 -1.29059231 -0.00233419]
2026-01-19 18:40:21,703 - position: [ 0.44705504 -1.29050469 -0.00212167]
2026-01-19 18:40:21,995 - position: [ 0.44713852 -1.29059851 -0.00231797]
2026-01-19 18:40:22,215 - position: [ 0.44716272 -1.29062474 -0.00234162]
2026-01-19 18:40:22,424 - position: [ 0.44720802 -1.29065323 -0.00232759]
2026-01-19 18:40:22,661 - position: [ 0.44716644 -1.29061365 -0.00234538]
2026-01-19 18:40:22,883 - position: [ 0.44720432 -1.29066718 -0.00232658]
2026-01-19 18:40:23,114 - position: [ 0.44719043 -1.29063547 -0.0023256 ]
2026-01-19 18:40:23,366 - position: [ 0.44717848 -1.29064488 -0.00230913]
2026-01-19 18:40:23,682 - position: [ 0.44717118 -1.29063606 -0.00232163]
2026-01-19 18:40:23,897 - position: [ 0.44716695 -1.29062533 -0.00232006]
2026-01-19 18:40:24,116 - position: [ 0.44715479 -1.29065979 -0.00232345]
2026-01-19 18:40:24,336 - position: [ 0.44707721 -1.2906003  -0.00237042]
2026-01-19 18:40:24,718 - position: [ 0.44714105 -1.29063189 -0.00238033]
2026-01-19 18:40:24,933 - position: [ 0.44714338 -1.29067814 -0.00237992]
2026-01-19 18:40:25,170 - position: [ 0.44715905 -1.29064465 -0.002354  ]
2026-01-19 18:40:25,435 - position: [ 0.44715536 -1.29064643 -0.0023471 ]
2026-01-19 18:40:25,680 - position: [ 0.44713894 -1.29065526 -0.00230009]
2026-01-19 18:40:25,927 - position: [ 0.44715014 -1.29065633 -0.00235808]
2026-01-19 18:40:26,172 - position: [ 0.44719481 -1.29066777 -0.00235869]
2026-01-19 18:40:26,402 - position: [ 0.44716969 -1.29065645 -0.00236737]
2026-01-19 18:40:26,667 - position: [ 0.44712555 -1.29069412 -0.00236515]
2026-01-19 18:40:26,912 - position: [ 0.4471477  -1.2906096  -0.00240084]
2026-01-19 18:40:27,119 - position: [ 0.44715297 -1.2906512  -0.00231836]
2026-01-19 18:40:27,366 - position: [ 0.44715065 -1.29065537 -0.00232874]
2026-01-19 18:40:27,589 - position: [ 0.44717231 -1.29066265 -0.00234949]
2026-01-19 18:40:27,845 - position: [ 0.4471347  -1.29066753 -0.00236895]
2026-01-19 18:40:28,076 - position: [ 0.44714469 -1.29071331 -0.00233871]
2026-01-19 18:40:28,294 - position: [ 0.44715336 -1.29067624 -0.00236883]
2026-01-19 18:40:28,553 - position: [ 0.44710657 -1.29062688 -0.00241355]
2026-01-19 18:40:28,794 - position: [ 0.44713816 -1.29063582 -0.00234434]
2026-01-19 18:40:29,066 - position: [ 0.44713205 -1.29070497 -0.0023401 ]
2026-01-19 18:40:29,311 - position: [ 0.44709516 -1.29064786 -0.00236587]
2026-01-19 18:40:29,604 - position: [ 0.44714144 -1.2906611  -0.00234657]
2026-01-19 18:40:29,848 - position: [ 0.44718874 -1.29071879 -0.0023515 ]
2026-01-19 18:40:30,073 - position: [ 0.44710535 -1.2906692  -0.00238227]
