2026-01-19 18:05:03,792 - position: [ 0.4467665  -1.29105985 -0.00237363]
2026-01-19 18:05:04,008 - position: [ 0.44677758 -1.29107463 -0.00240913]
2026-01-19 18:05:04,237 - position: [ 0.44677758 -1.29107463 -0.00240913]
2026-01-19 18:05:04,475 - position: [ 0.44672781 -1.29105079 -0.00223024]
2026-01-19 18:05:04,731 - position: [ 0.44663641 -1.29115629 -0.00227944]
2026-01-19 18:05:05,030 - position: [ 0.44670942 -1.2913202  -0.00244654]
2026-01-19 18:05:05,253 - position: [ 0.4466421  -1.29114664 -0.00224139]
2026-01-19 18:05:05,499 - position: [ 0.44662789 -1.2911098  -0.00224056]
2026-01-19 18:05:05,739 - position: [ 0.44663236 -1.2911303  -0.00228395]
2026-01-19 18:05:05,966 - position: [ 0.4467012  -1.29103851 -0.00223643]
2026-01-19 18:05:06,216 - position: [ 0.4466359  -1.2911334  -0.00222874]
2026-01-19 18:05:06,439 - position: [ 0.4467665  -1.29107261 -0.00238952]
2026-01-19 18:05:06,678 - position: [ 0.4467127  -1.29130673 -0.00249411]
2026-01-19 18:05:06,943 - position: [ 0.44661561 -1.29115236 -0.00226371]
2026-01-19 18:05:07,157 - position: [ 0.44672909 -1.29103863 -0.0023947 ]
2026-01-19 18:05:07,360 - position: [ 0.44670048 -1.29104745 -0.00226347]
2026-01-19 18:05:07,628 - position: [ 0.44678    -1.29105568 -0.00232996]
2026-01-19 18:05:07,918 - position: [ 0.44662926 -1.29116082 -0.00227292]
2026-01-19 18:05:08,184 - position: [ 0.44670877 -1.2913084  -0.0024694 ]
2026-01-19 18:05:08,476 - position: [ 0.44680342 -1.29112554 -0.00238492]
2026-01-19 18:05:08,724 - position: [ 0.44673139 -1.29103374 -0.00232397]
2026-01-19 18:05:09,004 - position: [ 0.44676462 -1.29109371 -0.00237585]
2026-01-19 18:05:09,235 - position: [ 0.44662753 -1.29114211 -0.00225854]
2026-01-19 18:05:09,465 - position: [ 0.44661239 -1.29113626 -0.00223405]
2026-01-19 18:05:09,696 - position: [ 0.44669428 -1.29110718 -0.00233272]
2026-01-19 18:05:09,908 - position: [ 0.44663507 -1.29113019 -0.00225161]
2026-01-19 18:05:10,153 - position: [ 0.44667351 -1.29113317 -0.00233844]
2026-01-19 18:05:10,382 - position: [ 0.44661459 -1.29118013 -0.00224261]
2026-01-19 18:05:10,631 - position: [ 0.44661251 -1.29112852 -0.00224255]
2026-01-19 18:05:10,867 - position: [ 0.44659427 -1.29113758 -0.0022528 ]
2026-01-19 18:05:11,111 - position: [ 0.44665962 -1.29113877 -0.00229894]
2026-01-19 18:05:11,328 - position: [ 0.44669417 -1.29118037 -0.00233737]
2026-01-19 18:05:11,544 - position: [ 0.44660509 -1.29114592 -0.0021945 ]
2026-01-19 18:05:11,758 - position: [ 0.4466567  -1.29119408 -0.00230894]
2026-01-19 18:05:11,993 - position: [ 0.44665778 -1.29118383 -0.00231181]
2026-01-19 18:05:12,206 - position: [ 0.44664836 -1.29117131 -0.00231589]
2026-01-19 18:05:12,478 - position: [ 0.4467302  -1.29107034 -0.00239019]
2026-01-19 18:05:12,689 - position: [ 0.44665101 -1.29116476 -0.00230426]
2026-01-19 18:05:12,927 - position: [ 0.44652891 -1.29105794 -0.00224403]
2026-01-19 18:05:13,164 - position: [ 0.4467245  -1.29104328 -0.00233494]
2026-01-19 18:05:13,385 - position: [ 0.4467102  -1.29117644 -0.00238038]
2026-01-19 18:05:13,613 - position: [ 0.44659472 -1.29115283 -0.00227396]
2026-01-19 18:05:13,839 - position: [ 0.44661984 -1.29114687 -0.00222641]
2026-01-19 18:05:14,074 - position: [ 0.44661266 -1.29114032 -0.0023588 ]
2026-01-19 18:05:14,293 - position: [ 0.44662911 -1.2911613  -0.00230337]
2026-01-19 18:05:14,564 - position: [ 0.44665247 -1.29115152 -0.00235092]
2026-01-19 18:05:14,793 - position: [ 0.44669169 -1.29130864 -0.00247068]
2026-01-19 18:05:15,028 - position: [ 0.44664237 -1.29111922 -0.00232336]
2026-01-19 18:05:15,281 - position: [ 0.44658545 -1.2910707  -0.00225989]
2026-01-19 18:05:15,518 - position: [ 0.44667074 -1.29118288 -0.00233295]
2026-01-19 18:05:15,755 - position: [ 0.44676352 -1.2910912  -0.00235202]
2026-01-19 18:05:15,986 - position: [ 0.44664022 -1.29114461 -0.00230569]
2026-01-19 18:05:16,243 - position: [ 0.44663322 -1.29113781 -0.00234527]
2026-01-19 18:05:16,471 - position: [ 0.44673392 -1.29104686 -0.00236954]
2026-01-19 18:05:16,716 - position: [ 0.44667995 -1.29111779 -0.00235851]
2026-01-19 18:05:16,965 - position: [ 0.44665247 -1.29115379 -0.00232668]
2026-01-19 18:05:17,232 - position: [ 0.44666833 -1.29110742 -0.00237935]
2026-01-19 18:05:17,490 - position: [ 0.4466472  -1.29114103 -0.00229404]
2026-01-19 18:05:17,784 - position: [ 0.44671923 -1.29104519 -0.00238326]
2026-01-19 18:05:18,080 - position: [ 0.44676244 -1.29109764 -0.00240191]
2026-01-19 18:05:18,303 - position: [ 0.44662425 -1.29115677 -0.00234983]
2026-01-19 18:05:18,530 - position: [ 0.44663897 -1.29115582 -0.00236837]
2026-01-19 18:05:18,768 - position: [ 0.44663119 -1.29110599 -0.00228676]
2026-01-19 18:05:19,113 - position: [ 0.44659698 -1.29113638 -0.00236904]
2026-01-19 18:05:19,323 - position: [ 0.44655359 -1.29108822 -0.00234665]
2026-01-19 18:05:19,531 - position: [ 0.44667202 -1.29114294 -0.00232321]
2026-01-19 18:05:19,770 - position: [ 0.44667336 -1.29129219 -0.00245644]
2026-01-19 18:05:19,992 - position: [ 0.44665527 -1.29110944 -0.00238201]
2026-01-19 18:05:20,240 - position: [ 0.44664177 -1.29114187 -0.00231195]
2026-01-19 18:05:20,464 - position: [ 0.44668639 -1.2913264  -0.00245539]
2026-01-19 18:05:20,725 - position: [ 0.44666654 -1.2911576  -0.00232728]
2026-01-19 18:05:20,938 - position: [ 0.44665733 -1.291201   -0.002341  ]
2026-01-19 18:05:21,147 - position: [ 0.44668451 -1.29113305 -0.00233857]
2026-01-19 18:05:21,379 - position: [ 0.44669023 -1.29131019 -0.00240175]
2026-01-19 18:05:21,621 - position: [ 0.44669905 -1.29116559 -0.00235664]
2026-01-19 18:05:21,829 - position: [ 0.44667414 -1.29116166 -0.00236043]
2026-01-19 18:05:22,081 - position: [ 0.44666603 -1.29115295 -0.00233422]
2026-01-19 18:05:22,370 - position: [ 0.44672057 -1.29108727 -0.00237685]
2026-01-19 18:05:22,679 - position: [ 0.44664392 -1.29112387 -0.00228805]
2026-01-19 18:05:22,937 - position: [ 0.44673392 -1.29105818 -0.00237091]
2026-01-19 18:05:23,200 - position: [ 0.44666389 -1.29115272 -0.00234089]
2026-01-19 18:05:23,440 - position: [ 0.44663733 -1.29112995 -0.00236957]
2026-01-19 18:05:23,681 - position: [ 0.44668576 -1.29127979 -0.00240949]
2026-01-19 18:05:23,917 - position: [ 0.44660345 -1.29113936 -0.00233664]
2026-01-19 18:05:24,140 - position: [ 0.44663203 -1.29115534 -0.00236426]
2026-01-19 18:05:24,387 - position: [ 0.4466249  -1.29115057 -0.00233882]
2026-01-19 18:05:24,620 - position: [ 0.44670779 -1.29137015 -0.00243479]
2026-01-19 18:05:24,878 - position: [ 0.446704   -1.29114759 -0.00238769]
2026-01-19 18:05:25,125 - position: [ 0.44666514 -1.29117799 -0.00229024]
2026-01-19 18:05:25,387 - position: [ 0.44668552 -1.2910167  -0.0024009 ]
2026-01-19 18:05:25,624 - position: [ 0.44674486 -1.29111695 -0.00231768]
2026-01-19 18:05:25,903 - position: [ 0.44671488 -1.29103267 -0.00234173]
2026-01-19 18:05:26,165 - position: [ 0.44675526 -1.29105306 -0.0023227 ]
2026-01-19 18:05:26,403 - position: [ 0.44666854 -1.29115295 -0.00232863]
2026-01-19 18:05:26,630 - position: [ 0.446747   -1.29109299 -0.00235139]
2026-01-19 18:05:26,921 - position: [ 0.44674683 -1.2910949  -0.0023652 ]
2026-01-19 18:05:27,160 - position: [ 0.44670713 -1.29104316 -0.00235203]
2026-01-19 18:05:27,459 - position: [ 0.44674277 -1.2910037  -0.00232593]
2026-01-19 18:05:27,675 - position: [ 0.44671929 -1.29105985 -0.00234034]
2026-01-19 18:05:27,905 - position: [ 0.4466677  -1.29113257 -0.00233173]
2026-01-19 18:05:28,130 - position: [ 0.44677979 -1.29102015 -0.0023297 ]
2026-01-19 18:05:28,369 - position: [ 0.44673067 -1.29106593 -0.00233338]
2026-01-19 18:05:28,631 - position: [ 0.44675627 -1.29097629 -0.00234937]
2026-01-19 18:05:28,845 - position: [ 0.44672999 -1.29104209 -0.0023335 ]
2026-01-19 18:05:29,081 - position: [ 0.44674817 -1.29105806 -0.00231472]
2026-01-19 18:05:29,314 - position: [ 0.44674817 -1.29105806 -0.00231472]
2026-01-19 18:05:29,535 - position: [ 0.44673619 -1.29104388 -0.00236375]
2026-01-19 18:05:29,741 - position: [ 0.44671151 -1.29105949 -0.002272  ]
2026-01-19 18:05:30,017 - position: [ 0.44669941 -1.2911247  -0.00233376]
2026-01-19 18:05:30,250 - position: [ 0.44674474 -1.29110301 -0.00229603]
2026-01-19 18:05:30,557 - position: [ 0.44675902 -1.29106796 -0.00232073]
2026-01-19 18:05:30,794 - position: [ 0.4467532  -1.29101908 -0.00231626]
2026-01-19 18:05:31,025 - position: [ 0.44676173 -1.29104459 -0.00234134]
2026-01-19 18:05:31,250 - position: [ 0.44672716 -1.29107916 -0.00230727]
2026-01-19 18:05:31,473 - position: [ 0.44673792 -1.29103303 -0.00232364]
2026-01-19 18:05:31,815 - position: [ 0.44674885 -1.29105568 -0.00230647]
2026-01-19 18:05:32,079 - position: [ 0.44665578 -1.29117417 -0.00230377]
2026-01-19 18:05:32,402 - position: [ 0.4467752  -1.29110861 -0.00233886]
2026-01-19 18:05:32,637 - position: [ 0.44681564 -1.29113519 -0.00234925]
2026-01-19 18:05:32,921 - position: [ 0.4467217  -1.29105806 -0.00236851]
2026-01-19 18:05:33,144 - position: [ 0.44676429 -1.29113078 -0.00237269]
2026-01-19 18:05:33,395 - position: [ 0.44677028 -1.29102826 -0.00229443]
2026-01-19 18:05:33,623 - position: [ 0.44678202 -1.29108262 -0.00232685]
2026-01-19 18:05:33,843 - position: [ 0.44669765 -1.2911284  -0.0022987 ]
2026-01-19 18:05:34,096 - position: [ 0.44670081 -1.29107976 -0.00230641]
2026-01-19 18:05:34,372 - position: [ 0.44673589 -1.29103422 -0.00232992]
2026-01-19 18:05:34,606 - position: [ 0.44672751 -1.29105079 -0.00230723]
2026-01-19 18:05:34,847 - position: [ 0.44671538 -1.29107165 -0.00234402]
2026-01-19 18:05:35,204 - position: [ 0.44675702 -1.29099667 -0.00231408]
2026-01-19 18:05:35,465 - position: [ 0.44673547 -1.29109383 -0.0023453 ]
2026-01-19 18:05:35,719 - position: [ 0.44672719 -1.29106462 -0.00235642]
2026-01-19 18:05:35,942 - position: [ 0.44669291 -1.29097044 -0.00231322]
2026-01-19 18:05:36,184 - position: [ 0.44675344 -1.29107583 -0.00236591]
2026-01-19 18:05:36,389 - position: [ 0.44672742 -1.29104269 -0.00235164]
2026-01-19 18:05:36,622 - position: [ 0.44665647 -1.29116142 -0.0023279 ]
2026-01-19 18:05:36,843 - position: [ 0.44672289 -1.29104829 -0.00233495]
2026-01-19 18:05:37,080 - position: [ 0.44672772 -1.29107547 -0.00236292]
2026-01-19 18:05:37,332 - position: [ 0.44675493 -1.29106915 -0.00233388]
2026-01-19 18:05:37,556 - position: [ 0.44668606 -1.29098582 -0.00229016]
2026-01-19 18:05:37,774 - position: [ 0.44671857 -1.29103816 -0.00232219]
2026-01-19 18:05:38,018 - position: [ 0.44672397 -1.29106438 -0.0023736 ]
2026-01-19 18:05:38,247 - position: [ 0.44673213 -1.2910254  -0.00235618]
2026-01-19 18:05:38,539 - position: [ 0.44668663 -1.2910701  -0.00230659]
2026-01-19 18:05:38,784 - position: [ 0.44671777 -1.29107904 -0.00233188]
2026-01-19 18:05:39,002 - position: [ 0.44672051 -1.2910161  -0.00234133]
2026-01-19 18:05:39,249 - position: [ 0.4467133  -1.2910893  -0.00237839]
2026-01-19 18:05:39,493 - position: [ 0.44672945 -1.29109204 -0.00240128]
2026-01-19 18:05:39,744 - position: [ 0.44674253 -1.29106414 -0.00233917]
2026-01-19 18:05:39,992 - position: [ 0.44671673 -1.29108751 -0.00230587]
2026-01-19 18:05:40,197 - position: [ 0.44674265 -1.29103029 -0.00234444]
2026-01-19 18:05:40,447 - position: [ 0.44674754 -1.29110789 -0.0023154 ]
2026-01-19 18:05:40,687 - position: [ 0.44673488 -1.29108071 -0.0023061 ]
2026-01-19 18:05:40,913 - position: [ 0.44673002 -1.29111099 -0.00232355]
2026-01-19 18:05:41,128 - position: [ 0.44675416 -1.29110038 -0.00231237]
2026-01-19 18:05:41,363 - position: [ 0.44675419 -1.2910639  -0.00233948]
2026-01-19 18:05:41,622 - position: [ 0.44689995 -1.29087985 -0.00224383]
2026-01-19 18:05:41,889 - position: [ 0.44675016 -1.29107976 -0.00231784]
2026-01-19 18:05:42,124 - position: [ 0.44678447 -1.2910825  -0.00234115]
2026-01-19 18:05:42,357 - position: [ 0.44674769 -1.2910428  -0.00229589]
2026-01-19 18:05:42,599 - position: [ 0.44672441 -1.29106641 -0.00228628]
2026-01-19 18:05:42,844 - position: [ 0.44673195 -1.29106784 -0.00230019]
2026-01-19 18:05:43,090 - position: [ 0.44673875 -1.29104233 -0.00229925]
2026-01-19 18:05:43,328 - position: [ 0.44678414 -1.29106951 -0.00233383]
2026-01-19 18:05:43,560 - position: [ 0.44675928 -1.29107165 -0.00234183]
2026-01-19 18:05:43,812 - position: [ 0.44674882 -1.29105532 -0.00232708]
2026-01-19 18:05:44,042 - position: [ 0.44673079 -1.29107225 -0.00230747]
2026-01-19 18:05:44,278 - position: [ 0.44670743 -1.29106569 -0.00232894]
2026-01-19 18:05:44,528 - position: [ 0.44672832 -1.29111981 -0.00230856]
2026-01-19 18:05:44,751 - position: [ 0.44674358 -1.29106486 -0.00230724]
2026-01-19 18:05:45,034 - position: [ 0.44672573 -1.29107213 -0.00233242]
2026-01-19 18:05:45,285 - position: [ 0.44671711 -1.2910459  -0.00231079]
2026-01-19 18:05:45,546 - position: [ 0.44673714 -1.29110646 -0.00233578]
