2026-01-19 18:50:32,615 - position: [ 0.44718078 -1.29061306 -0.00233428]
2026-01-19 18:50:32,853 - position: [ 0.44716746 -1.29058599 -0.00210476]
2026-01-19 18:50:33,098 - position: [ 0.44721967 -1.29065108 -0.00236676]
2026-01-19 18:50:33,346 - position: [ 0.44720426 -1.2906462  -0.00236068]
2026-01-19 18:50:33,613 - position: [ 0.44718549 -1.29065526 -0.00240302]
2026-01-19 18:50:33,853 - position: [ 0.44722623 -1.29065669 -0.00235625]
2026-01-19 18:50:34,072 - position: [ 0.44721183 -1.29068208 -0.00236056]
2026-01-19 18:50:34,300 - position: [ 0.4471865  -1.29069006 -0.00242021]
2026-01-19 18:50:34,549 - position: [ 0.44719073 -1.29064047 -0.00234112]
2026-01-19 18:50:34,823 - position: [ 0.44719175 -1.29065835 -0.0024057 ]
2026-01-19 18:50:35,110 - position: [ 0.44717875 -1.29062712 -0.00231246]
2026-01-19 18:50:35,333 - position: [ 0.44721374 -1.29068089 -0.00239462]
2026-01-19 18:50:35,576 - position: [ 0.44720957 -1.29066515 -0.00234487]
2026-01-19 18:50:35,906 - position: [ 0.44717461 -1.29066038 -0.00233268]
2026-01-19 18:50:36,150 - position: [ 0.44719884 -1.29063272 -0.00235344]
2026-01-19 18:50:36,364 - position: [ 0.44695204 -1.29134703 -0.0025816 ]
2026-01-19 18:50:36,593 - position: [ 0.44716364 -1.29062855 -0.00232297]
2026-01-19 18:50:36,859 - position: [ 0.44713333 -1.29058468 -0.00215232]
2026-01-19 18:50:37,079 - position: [ 0.44724473 -1.29068661 -0.00238209]
2026-01-19 18:50:37,310 - position: [ 0.44722414 -1.29068303 -0.00232637]
2026-01-19 18:50:37,513 - position: [ 0.4472332  -1.29066896 -0.00237514]
2026-01-19 18:50:37,752 - position: [ 0.44717199 -1.29061019 -0.00235685]
2026-01-19 18:50:37,977 - position: [ 0.44717991 -1.29065561 -0.0023727 ]
2026-01-19 18:50:38,256 - position: [ 0.44713691 -1.29053617 -0.00220807]
2026-01-19 18:50:38,489 - position: [ 0.44712451 -1.29057252 -0.00217745]
2026-01-19 18:50:38,758 - position: [ 0.44719869 -1.29067409 -0.00231499]
2026-01-19 18:50:39,025 - position: [ 0.44706187 -1.29070425 -0.00229763]
2026-01-19 18:50:39,243 - position: [ 0.44718847 -1.29063725 -0.00236261]
2026-01-19 18:50:39,523 - position: [ 0.44718936 -1.29065013 -0.0023784 ]
2026-01-19 18:50:39,776 - position: [ 0.4471716  -1.29065275 -0.00235385]
2026-01-19 18:50:40,010 - position: [ 0.4469496  -1.29137361 -0.00252775]
2026-01-19 18:50:40,255 - position: [ 0.44690654 -1.29129148 -0.00256674]
2026-01-19 18:50:40,472 - position: [ 0.44693515 -1.29137039 -0.00258003]
2026-01-19 18:50:40,692 - position: [ 0.44721374 -1.29069638 -0.00235844]
2026-01-19 18:50:40,920 - position: [ 0.44718143 -1.29067945 -0.00235443]
2026-01-19 18:50:41,148 - position: [ 0.44712204 -1.29064822 -0.00237613]
2026-01-19 18:50:41,370 - position: [ 0.44693318 -1.29140532 -0.0025758 ]
2026-01-19 18:50:41,582 - position: [ 0.44693318 -1.29140532 -0.0025758 ]
2026-01-19 18:50:41,863 - position: [ 0.44723189 -1.29069448 -0.00234677]
2026-01-19 18:50:42,091 - position: [ 0.44688344 -1.29132855 -0.00252544]
2026-01-19 18:50:42,320 - position: [ 0.44695202 -1.29133904 -0.00254746]
2026-01-19 18:50:42,549 - position: [ 0.44690001 -1.29135108 -0.00256997]
2026-01-19 18:50:42,902 - position: [ 0.44691008 -1.2914052  -0.00249982]
2026-01-19 18:50:43,103 - position: [ 0.44694564 -1.2913624  -0.00256219]
2026-01-19 18:50:43,315 - position: [ 0.44691464 -1.29135823 -0.00253722]
2026-01-19 18:50:43,534 - position: [ 0.44689479 -1.2913413  -0.00240977]
2026-01-19 18:50:43,794 - position: [ 0.44720581 -1.29071295 -0.00235114]
2026-01-19 18:50:44,081 - position: [ 0.44694498 -1.29136133 -0.0025003 ]
2026-01-19 18:50:44,302 - position: [ 0.44692498 -1.29135191 -0.00251481]
2026-01-19 18:50:44,563 - position: [ 0.44696209 -1.29137802 -0.00250793]
2026-01-19 18:50:44,776 - position: [ 0.4469173  -1.29136443 -0.00251189]
2026-01-19 18:50:45,115 - position: [ 0.4469153  -1.29137278 -0.00250687]
2026-01-19 18:50:45,362 - position: [ 0.44691148 -1.29133201 -0.00253722]
2026-01-19 18:50:45,607 - position: [ 0.44695532 -1.2913785  -0.00252457]
2026-01-19 18:50:45,863 - position: [ 0.44692922 -1.29135549 -0.00252802]
2026-01-19 18:50:46,082 - position: [ 0.4469249  -1.29132581 -0.00256526]
2026-01-19 18:50:46,311 - position: [ 0.44686675 -1.29127514 -0.0023712 ]
2026-01-19 18:50:46,556 - position: [ 0.44698229 -1.29140759 -0.00258707]
2026-01-19 18:50:46,776 - position: [ 0.44697991 -1.29137051 -0.00260693]
2026-01-19 18:50:47,034 - position: [ 0.44691539 -1.29134655 -0.00252644]
2026-01-19 18:50:47,290 - position: [ 0.44688216 -1.29131258 -0.00240412]
2026-01-19 18:50:47,506 - position: [ 0.44690204 -1.29134047 -0.002572  ]
2026-01-19 18:50:47,740 - position: [ 0.44692144 -1.29136837 -0.00254662]
2026-01-19 18:50:47,985 - position: [ 0.44690064 -1.29132187 -0.0025176 ]
2026-01-19 18:50:48,199 - position: [ 0.44690064 -1.29132187 -0.0025176 ]
2026-01-19 18:50:48,463 - position: [ 0.44691738 -1.29134977 -0.00254295]
2026-01-19 18:50:48,719 - position: [ 0.446933   -1.29127467 -0.00253785]
2026-01-19 18:50:49,026 - position: [ 0.44686529 -1.29128504 -0.00240248]
2026-01-19 18:50:49,249 - position: [ 0.44693491 -1.29134369 -0.0025353 ]
2026-01-19 18:50:49,518 - position: [ 0.44697911 -1.29137754 -0.00255616]
2026-01-19 18:50:49,771 - position: [ 0.44696882 -1.29138017 -0.00253097]
2026-01-19 18:50:50,098 - position: [ 0.44691053 -1.29129982 -0.00251504]
2026-01-19 18:50:50,369 - position: [ 0.44689456 -1.29128969 -0.00237599]
2026-01-19 18:50:50,639 - position: [ 0.44698492 -1.29137957 -0.00252911]
2026-01-19 18:50:50,887 - position: [ 0.44697079 -1.29135215 -0.00254206]
2026-01-19 18:50:51,122 - position: [ 0.44701079 -1.29139042 -0.00253062]
2026-01-19 18:50:51,389 - position: [ 0.44687146 -1.29127002 -0.00236583]
2026-01-19 18:50:51,617 - position: [ 0.4468731  -1.29127562 -0.00240543]
2026-01-19 18:50:51,866 - position: [ 0.44701084 -1.29136467 -0.00260826]
2026-01-19 18:50:52,101 - position: [ 0.44698101 -1.29131246 -0.00253225]
2026-01-19 18:50:52,351 - position: [ 0.44699067 -1.29136968 -0.00254308]
2026-01-19 18:50:52,606 - position: [ 0.44698858 -1.29136431 -0.00254657]
2026-01-19 18:50:52,856 - position: [ 0.44688648 -1.29125452 -0.00238468]
2026-01-19 18:50:53,115 - position: [ 0.44691095 -1.29129803 -0.00237165]
2026-01-19 18:50:53,324 - position: [ 0.44689015 -1.29126537 -0.00238618]
2026-01-19 18:50:53,549 - position: [ 0.44691819 -1.29127526 -0.00241614]
2026-01-19 18:50:53,762 - position: [ 0.44699439 -1.29132175 -0.00253567]
2026-01-19 18:50:54,004 - position: [ 0.44702876 -1.2913394  -0.00253078]
2026-01-19 18:50:54,230 - position: [ 0.4469322  -1.29129779 -0.00251122]
2026-01-19 18:50:54,484 - position: [ 0.44680613 -1.2911799  -0.00235964]
2026-01-19 18:50:54,740 - position: [ 0.44686007 -1.29127169 -0.00241473]
2026-01-19 18:50:54,953 - position: [ 0.44693965 -1.2913146  -0.00253518]
2026-01-19 18:50:55,219 - position: [ 0.44697744 -1.29131794 -0.00253893]
2026-01-19 18:50:55,456 - position: [ 0.44691229 -1.29125035 -0.00237473]
2026-01-19 18:50:55,709 - position: [ 0.44692054 -1.29125762 -0.0023785 ]
2026-01-19 18:50:55,935 - position: [ 0.44698554 -1.2913636  -0.0025396 ]
2026-01-19 18:50:56,169 - position: [ 0.44692439 -1.29128313 -0.00236526]
2026-01-19 18:50:56,437 - position: [ 0.44701046 -1.29131258 -0.00248381]
2026-01-19 18:50:56,670 - position: [ 0.44698429 -1.29130924 -0.0023299 ]
2026-01-19 18:50:56,890 - position: [ 0.44693223 -1.29125834 -0.00239138]
2026-01-19 18:50:57,103 - position: [ 0.44682264 -1.2911762  -0.00239064]
2026-01-19 18:50:57,330 - position: [ 0.44704583 -1.29038489 -0.00217664]
2026-01-19 18:50:57,570 - position: [ 0.44680449 -1.29111874 -0.00233146]
2026-01-19 18:50:57,819 - position: [ 0.44688511 -1.29122674 -0.00227904]
2026-01-19 18:50:58,173 - position: [ 0.44693166 -1.29125261 -0.0023705 ]
2026-01-19 18:50:58,401 - position: [ 0.44699821 -1.29130113 -0.00252123]
2026-01-19 18:50:58,606 - position: [ 0.44699821 -1.29130113 -0.00252123]
2026-01-19 18:50:58,815 - position: [ 0.44690526 -1.29123187 -0.00231823]
2026-01-19 18:50:59,067 - position: [ 0.44688034 -1.29124463 -0.0023538 ]
2026-01-19 18:50:59,325 - position: [ 0.44698045 -1.29128039 -0.00249691]
2026-01-19 18:50:59,537 - position: [ 0.4469147  -1.29123604 -0.00230713]
2026-01-19 18:50:59,756 - position: [ 0.44695678 -1.29128754 -0.00253733]
2026-01-19 18:50:59,971 - position: [ 0.44698566 -1.29129624 -0.00247423]
2026-01-19 18:51:00,245 - position: [ 0.4469057  -1.29119229 -0.00235477]
2026-01-19 18:51:00,503 - position: [ 0.44699305 -1.29134607 -0.00247418]
2026-01-19 18:51:00,721 - position: [ 0.44696119 -1.29129148 -0.00233122]
2026-01-19 18:51:00,979 - position: [ 0.4469308  -1.29123127 -0.00231496]
2026-01-19 18:51:01,214 - position: [ 0.44702899 -1.29128313 -0.00254316]
2026-01-19 18:51:01,466 - position: [ 0.44693452 -1.29120719 -0.00239254]
2026-01-19 18:51:01,689 - position: [ 0.44701523 -1.29129016 -0.00250444]
2026-01-19 18:51:01,892 - position: [ 0.44693089 -1.29123974 -0.00237226]
2026-01-19 18:51:02,193 - position: [ 0.4469271  -1.29120529 -0.00234541]
2026-01-19 18:51:02,434 - position: [ 0.44703266 -1.2913537  -0.00246302]
2026-01-19 18:51:02,664 - position: [ 0.44701922 -1.29135489 -0.00247339]
2026-01-19 18:51:02,900 - position: [ 0.44694233 -1.29125702 -0.00231776]
2026-01-19 18:51:03,132 - position: [ 0.44697252 -1.29126418 -0.0025034 ]
2026-01-19 18:51:03,395 - position: [ 0.4469955  -1.29129148 -0.00250061]
2026-01-19 18:51:03,644 - position: [ 0.4469333  -1.29120743 -0.00233343]
2026-01-19 18:51:03,852 - position: [ 0.44702375 -1.29128385 -0.00255094]
2026-01-19 18:51:04,085 - position: [ 0.44694382 -1.29126382 -0.00247565]
2026-01-19 18:51:04,330 - position: [ 0.44700992 -1.29132235 -0.00250405]
2026-01-19 18:51:04,578 - position: [ 0.44692564 -1.29121184 -0.00240144]
2026-01-19 18:51:04,797 - position: [ 0.44697341 -1.29127467 -0.00250401]
2026-01-19 18:51:05,023 - position: [ 0.44697225 -1.29129398 -0.00251823]
2026-01-19 18:51:05,252 - position: [ 0.44694352 -1.29122639 -0.00238034]
2026-01-19 18:51:05,488 - position: [ 0.44694388 -1.291237   -0.00236012]
2026-01-19 18:51:05,717 - position: [ 0.44697514 -1.29126787 -0.00237984]
2026-01-19 18:51:05,988 - position: [ 0.44697446 -1.2912854  -0.00248314]
2026-01-19 18:51:06,237 - position: [ 0.44699085 -1.29130507 -0.00250917]
2026-01-19 18:51:06,438 - position: [ 0.44700885 -1.29125929 -0.00252556]
2026-01-19 18:51:06,664 - position: [ 0.4469412  -1.29124928 -0.0023599 ]
2026-01-19 18:51:06,916 - position: [ 0.44694945 -1.29124916 -0.0025051 ]
2026-01-19 18:51:07,160 - position: [ 0.4470326  -1.29127061 -0.00255966]
2026-01-19 18:51:07,387 - position: [ 0.44696924 -1.29128027 -0.00245687]
