2026-01-19 18:44:54,286 - position: [ 0.4468334  -1.29128659 -0.00237859]
2026-01-19 18:44:54,545 - position: [ 0.44691998 -1.29134059 -0.00250782]
2026-01-19 18:44:54,763 - position: [ 0.446924   -1.29133785 -0.00253179]
2026-01-19 18:44:55,029 - position: [ 0.44694123 -1.2913599  -0.00253806]
2026-01-19 18:44:55,235 - position: [ 0.44691247 -1.29135764 -0.00251083]
2026-01-19 18:44:55,470 - position: [ 0.44688243 -1.29129648 -0.00234297]
2026-01-19 18:44:55,681 - position: [ 0.44693303 -1.29134202 -0.00249631]
2026-01-19 18:44:55,989 - position: [ 0.4468956  -1.29129815 -0.00236676]
2026-01-19 18:44:56,255 - position: [ 0.44687423 -1.29126489 -0.00235389]
2026-01-19 18:44:56,487 - position: [ 0.4469634  -1.29135573 -0.0025173 ]
2026-01-19 18:44:56,794 - position: [ 0.44696066 -1.29134512 -0.00251518]
2026-01-19 18:44:57,048 - position: [ 0.44698998 -1.2913537  -0.00250532]
2026-01-19 18:44:57,268 - position: [ 0.44694006 -1.29134333 -0.00250208]
2026-01-19 18:44:57,499 - position: [ 0.44694716 -1.29133022 -0.00248409]
2026-01-19 18:44:57,745 - position: [ 0.44696492 -1.29132438 -0.00252505]
2026-01-19 18:44:57,982 - position: [ 0.44691783 -1.29130709 -0.00252179]
2026-01-19 18:44:58,230 - position: [ 0.44692901 -1.29129744 -0.00252174]
2026-01-19 18:44:58,472 - position: [ 0.44695827 -1.29131603 -0.00254081]
2026-01-19 18:44:58,708 - position: [ 0.446872   -1.29127347 -0.0023216 ]
2026-01-19 18:44:58,948 - position: [ 0.44694546 -1.29129457 -0.00253533]
2026-01-19 18:44:59,218 - position: [ 0.44682202 -1.29123676 -0.00233293]
2026-01-19 18:44:59,439 - position: [ 0.4469108  -1.29129803 -0.00248537]
2026-01-19 18:44:59,710 - position: [ 0.44694254 -1.29135191 -0.0024979 ]
2026-01-19 18:44:59,935 - position: [ 0.44692111 -1.29133594 -0.00250921]
2026-01-19 18:45:00,175 - position: [ 0.44687665 -1.29124665 -0.00232297]
2026-01-19 18:45:00,408 - position: [ 0.4468618  -1.29123068 -0.00230857]
2026-01-19 18:45:00,633 - position: [ 0.44695306 -1.29127979 -0.0024792 ]
2026-01-19 18:45:00,870 - position: [ 0.44690752 -1.29130518 -0.00250575]
2026-01-19 18:45:01,139 - position: [ 0.44695663 -1.29130685 -0.00247924]
2026-01-19 18:45:01,394 - position: [ 0.44694254 -1.29127777 -0.00250633]
2026-01-19 18:45:01,638 - position: [ 0.446971   -1.29131246 -0.00250353]
2026-01-19 18:45:01,871 - position: [ 0.44696254 -1.29133081 -0.00247466]
2026-01-19 18:45:02,141 - position: [ 0.44692361 -1.29130387 -0.00246709]
2026-01-19 18:45:02,364 - position: [ 0.44687837 -1.29123795 -0.0023615 ]
2026-01-19 18:45:02,693 - position: [ 0.44688219 -1.29121017 -0.00232541]
2026-01-19 18:45:02,915 - position: [ 0.4469243  -1.29127705 -0.00249993]
2026-01-19 18:45:03,145 - position: [ 0.44692639 -1.29127061 -0.0024604 ]
2026-01-19 18:45:03,379 - position: [ 0.44684958 -1.29122114 -0.00230171]
2026-01-19 18:45:03,597 - position: [ 0.44694924 -1.29132128 -0.00249731]
2026-01-19 18:45:03,835 - position: [ 0.44689941 -1.29126132 -0.00237491]
2026-01-19 18:45:04,054 - position: [ 0.44687027 -1.29122198 -0.00234112]
2026-01-19 18:45:04,289 - position: [ 0.44686773 -1.29118156 -0.00233023]
2026-01-19 18:45:04,511 - position: [ 0.44685033 -1.2911973  -0.00231383]
2026-01-19 18:45:04,762 - position: [ 0.44694191 -1.29126847 -0.00245375]
2026-01-19 18:45:05,017 - position: [ 0.44695246 -1.29129696 -0.00247338]
2026-01-19 18:45:05,257 - position: [ 0.44693217 -1.29126108 -0.00247398]
2026-01-19 18:45:05,463 - position: [ 0.44696814 -1.29127479 -0.00243869]
2026-01-19 18:45:05,762 - position: [ 0.44694865 -1.29127824 -0.00245095]
2026-01-19 18:45:06,006 - position: [ 0.44681197 -1.29116857 -0.00232132]
2026-01-19 18:45:06,239 - position: [ 0.44688642 -1.29119027 -0.00229142]
2026-01-19 18:45:06,510 - position: [ 0.44687662 -1.29117787 -0.00232946]
2026-01-19 18:45:06,765 - position: [ 0.4468635  -1.29116988 -0.00231931]
2026-01-19 18:45:07,011 - position: [ 0.44686928 -1.29117036 -0.00232767]
2026-01-19 18:45:07,237 - position: [ 0.44685706 -1.2911607  -0.00230413]
2026-01-19 18:45:07,454 - position: [ 0.44691056 -1.29120052 -0.00231451]
2026-01-19 18:45:07,676 - position: [ 0.44688171 -1.29113173 -0.0023295 ]
2026-01-19 18:45:07,897 - position: [ 0.44689548 -1.29115784 -0.00233415]
2026-01-19 18:45:08,107 - position: [ 0.44689438 -1.29116046 -0.00232494]
2026-01-19 18:45:08,347 - position: [ 0.44687843 -1.29115582 -0.00228868]
2026-01-19 18:45:08,628 - position: [ 0.44695789 -1.29124093 -0.00249803]
2026-01-19 18:45:08,866 - position: [ 0.44688946 -1.29116213 -0.00235093]
2026-01-19 18:45:09,074 - position: [ 0.44694474 -1.29119742 -0.00236274]
2026-01-19 18:45:09,311 - position: [ 0.44692695 -1.2911979  -0.00236433]
2026-01-19 18:45:09,572 - position: [ 0.44689065 -1.29117382 -0.0023442 ]
2026-01-19 18:45:09,794 - position: [ 0.44689229 -1.29117119 -0.00232802]
2026-01-19 18:45:10,020 - position: [ 0.44691885 -1.29120529 -0.00235123]
2026-01-19 18:45:10,261 - position: [ 0.4470033  -1.29128528 -0.00246089]
2026-01-19 18:45:10,537 - position: [ 0.44698927 -1.29125834 -0.00243921]
2026-01-19 18:45:10,739 - position: [ 0.44682699 -1.29115295 -0.00234108]
2026-01-19 18:45:10,976 - position: [ 0.44682184 -1.2911495  -0.0023002 ]
2026-01-19 18:45:11,242 - position: [ 0.44685754 -1.29117382 -0.00236876]
2026-01-19 18:45:11,481 - position: [ 0.44686133 -1.29115665 -0.00231221]
2026-01-19 18:45:11,764 - position: [ 0.44688073 -1.29116786 -0.00234122]
2026-01-19 18:45:12,022 - position: [ 0.44689935 -1.29117393 -0.00236477]
2026-01-19 18:45:12,310 - position: [ 0.44683161 -1.29112947 -0.00236451]
2026-01-19 18:45:12,599 - position: [ 0.44689602 -1.29117608 -0.00232143]
2026-01-19 18:45:12,813 - position: [ 0.44689944 -1.29120231 -0.00234476]
2026-01-19 18:45:13,028 - position: [ 0.44690987 -1.29121065 -0.00234564]
2026-01-19 18:45:13,240 - position: [ 0.44693756 -1.29122281 -0.00229586]
2026-01-19 18:45:13,457 - position: [ 0.44691527 -1.29119301 -0.00237522]
2026-01-19 18:45:13,711 - position: [ 0.44694635 -1.29120243 -0.0023413 ]
2026-01-19 18:45:13,948 - position: [ 0.44695544 -1.291201   -0.00231705]
2026-01-19 18:45:14,229 - position: [ 0.44695893 -1.2912308  -0.00234115]
2026-01-19 18:45:14,443 - position: [ 0.44694456 -1.29121733 -0.00236186]
2026-01-19 18:45:14,672 - position: [ 0.44692099 -1.29117048 -0.00235127]
2026-01-19 18:45:14,905 - position: [ 0.44690681 -1.2911675  -0.00232875]
2026-01-19 18:45:15,156 - position: [ 0.44686013 -1.29114568 -0.00234117]
2026-01-19 18:45:15,383 - position: [ 0.44713312 -1.29053509 -0.00208167]
2026-01-19 18:45:15,640 - position: [ 0.44691435 -1.29114878 -0.00233053]
2026-01-19 18:45:15,863 - position: [ 0.44693074 -1.29117179 -0.00235369]
2026-01-19 18:45:16,097 - position: [ 0.446886   -1.29113829 -0.00236807]
2026-01-19 18:45:16,335 - position: [ 0.44713038 -1.29049027 -0.00207996]
2026-01-19 18:45:16,597 - position: [ 0.44690564 -1.29114258 -0.00233893]
2026-01-19 18:45:16,842 - position: [ 0.44694695 -1.29117167 -0.00233895]
2026-01-19 18:45:17,065 - position: [ 0.44689617 -1.29116476 -0.00233309]
2026-01-19 18:45:17,283 - position: [ 0.4469187  -1.29114795 -0.00232482]
2026-01-19 18:45:17,522 - position: [ 0.4469116  -1.29114497 -0.00236788]
2026-01-19 18:45:17,770 - position: [ 0.4469116  -1.29114497 -0.00236788]
2026-01-19 18:45:18,029 - position: [ 0.446897   -1.29113483 -0.00234741]
2026-01-19 18:45:18,261 - position: [ 0.44692099 -1.29115891 -0.0023742 ]
2026-01-19 18:45:18,545 - position: [ 0.4469105  -1.29114389 -0.00234171]
2026-01-19 18:45:18,777 - position: [ 0.44712833 -1.29049277 -0.00215624]
2026-01-19 18:45:19,024 - position: [ 0.44694719 -1.29116523 -0.00237792]
2026-01-19 18:45:19,237 - position: [ 0.44688892 -1.29114783 -0.0023563 ]
2026-01-19 18:45:19,444 - position: [ 0.44690076 -1.29114175 -0.00238285]
2026-01-19 18:45:19,685 - position: [ 0.44721255 -1.29058635 -0.00233532]
2026-01-19 18:45:19,928 - position: [ 0.44693351 -1.29113626 -0.00233279]
2026-01-19 18:45:20,166 - position: [ 0.44695106 -1.29115176 -0.00232613]
2026-01-19 18:45:20,433 - position: [ 0.44693238 -1.29115605 -0.00233099]
2026-01-19 18:45:20,656 - position: [ 0.44692078 -1.29115772 -0.00235149]
2026-01-19 18:45:20,899 - position: [ 0.44698364 -1.29121912 -0.00253732]
2026-01-19 18:45:21,123 - position: [ 0.44711894 -1.29048657 -0.00213442]
2026-01-19 18:45:21,377 - position: [ 0.44707295 -1.29048538 -0.00210165]
2026-01-19 18:45:21,586 - position: [ 0.44694424 -1.29116964 -0.00239027]
2026-01-19 18:45:21,823 - position: [ 0.44690004 -1.29112065 -0.00240056]
2026-01-19 18:45:22,050 - position: [ 0.44709    -1.29050291 -0.00205837]
2026-01-19 18:45:22,318 - position: [ 0.44695768 -1.29117727 -0.0023716 ]
2026-01-19 18:45:22,548 - position: [ 0.44693011 -1.29116058 -0.00232372]
2026-01-19 18:45:22,774 - position: [ 0.44690639 -1.291134   -0.00237834]
2026-01-19 18:45:23,009 - position: [ 0.44718114 -1.29055536 -0.00209226]
2026-01-19 18:45:23,219 - position: [ 0.4469412  -1.29118907 -0.00235023]
2026-01-19 18:45:23,454 - position: [ 0.44716722 -1.29057157 -0.00211769]
2026-01-19 18:45:23,726 - position: [ 0.44719908 -1.29048502 -0.00213365]
2026-01-19 18:45:23,985 - position: [ 0.44717014 -1.29055846 -0.00210534]
2026-01-19 18:45:24,300 - position: [ 0.44711167 -1.29053104 -0.00212678]
2026-01-19 18:45:24,511 - position: [ 0.44713941 -1.29051983 -0.00216288]
2026-01-19 18:45:24,731 - position: [ 0.44715962 -1.29055977 -0.00213515]
2026-01-19 18:45:24,962 - position: [ 0.44715521 -1.29055965 -0.00212718]
2026-01-19 18:45:25,202 - position: [ 0.44714382 -1.29052055 -0.00220095]
