2026-01-19 18:38:10,955 - position: [ 0.44686407 -1.29136443 -0.00255532]
2026-01-19 18:38:11,197 - position: [ 0.44716251 -1.29069936 -0.00242083]
2026-01-19 18:38:11,422 - position: [ 0.44718638 -1.29068637 -0.00239583]
2026-01-19 18:38:11,636 - position: [ 0.44694322 -1.29140019 -0.00259613]
2026-01-19 18:38:11,890 - position: [ 0.44714859 -1.29069233 -0.00239803]
2026-01-19 18:38:12,149 - position: [ 0.44694886 -1.29140854 -0.00256673]
2026-01-19 18:38:12,394 - position: [ 0.44684762 -1.29133809 -0.00253212]
2026-01-19 18:38:12,630 - position: [ 0.44690356 -1.29138494 -0.00254369]
2026-01-19 18:38:12,840 - position: [ 0.44691575 -1.29138505 -0.00257562]
2026-01-19 18:38:13,140 - position: [ 0.44710881 -1.29067516 -0.00238841]
2026-01-19 18:38:13,347 - position: [ 0.44684839 -1.29135501 -0.00251976]
2026-01-19 18:38:13,590 - position: [ 0.44687253 -1.29137659 -0.00258008]
2026-01-19 18:38:13,813 - position: [ 0.44690338 -1.29139936 -0.00257859]
2026-01-19 18:38:14,036 - position: [ 0.44685945 -1.29138649 -0.00255895]
2026-01-19 18:38:14,343 - position: [ 0.44681776 -1.29134607 -0.00253026]
2026-01-19 18:38:14,593 - position: [ 0.44713345 -1.29065514 -0.00239103]
2026-01-19 18:38:14,849 - position: [ 0.44690683 -1.29138768 -0.00261192]
2026-01-19 18:38:15,098 - position: [ 0.44693756 -1.291399   -0.00257396]
2026-01-19 18:38:15,382 - position: [ 0.44691753 -1.29142046 -0.00258932]
2026-01-19 18:38:15,645 - position: [ 0.44686815 -1.29139555 -0.0026082 ]
2026-01-19 18:38:15,982 - position: [ 0.44691822 -1.29137993 -0.0026095 ]
2026-01-19 18:38:16,218 - position: [ 0.44688123 -1.29134321 -0.00258871]
2026-01-19 18:38:16,448 - position: [ 0.44691172 -1.29146945 -0.00261326]
2026-01-19 18:38:16,692 - position: [ 0.44687632 -1.29134715 -0.00256592]
2026-01-19 18:38:16,916 - position: [ 0.44685909 -1.29142928 -0.00254792]
2026-01-19 18:38:17,171 - position: [ 0.44712439 -1.29068685 -0.00242809]
2026-01-19 18:38:17,392 - position: [ 0.44686544 -1.29138076 -0.0025821 ]
2026-01-19 18:38:17,653 - position: [ 0.44687399 -1.29140389 -0.00261344]
2026-01-19 18:38:17,937 - position: [ 0.44722489 -1.29069674 -0.00242123]
2026-01-19 18:38:18,161 - position: [ 0.44686022 -1.29137564 -0.00254391]
2026-01-19 18:38:18,386 - position: [ 0.44706985 -1.29065466 -0.00243973]
2026-01-19 18:38:18,742 - position: [ 0.44686207 -1.29136205 -0.00259792]
2026-01-19 18:38:18,971 - position: [ 0.44686323 -1.29139686 -0.00249644]
2026-01-19 18:38:19,197 - position: [ 0.44688728 -1.291381   -0.00256898]
2026-01-19 18:38:19,505 - position: [ 0.44687295 -1.29146099 -0.00259968]
2026-01-19 18:38:19,744 - position: [ 0.44687471 -1.29134142 -0.00258423]
2026-01-19 18:38:20,039 - position: [ 0.44688275 -1.29141736 -0.00258127]
2026-01-19 18:38:20,280 - position: [ 0.4468917  -1.29141164 -0.00254078]
2026-01-19 18:38:20,533 - position: [ 0.44685215 -1.29130161 -0.00253931]
2026-01-19 18:38:20,753 - position: [ 0.447155   -1.29076171 -0.00245968]
2026-01-19 18:38:21,116 - position: [ 0.44686249 -1.29140115 -0.00259476]
2026-01-19 18:38:21,367 - position: [ 0.44688424 -1.29141712 -0.00255286]
2026-01-19 18:38:21,616 - position: [ 0.44683889 -1.29138577 -0.00255495]
2026-01-19 18:38:21,873 - position: [ 0.44683608 -1.29137743 -0.0025971 ]
2026-01-19 18:38:22,140 - position: [ 0.44686955 -1.29140854 -0.00257499]
2026-01-19 18:38:22,381 - position: [ 0.44687486 -1.29139125 -0.00260588]
2026-01-19 18:38:22,625 - position: [ 0.4468368  -1.29135525 -0.00259286]
2026-01-19 18:38:22,847 - position: [ 0.44683132 -1.29135466 -0.00260104]
2026-01-19 18:38:23,080 - position: [ 0.44684777 -1.29136944 -0.00257033]
2026-01-19 18:38:23,325 - position: [ 0.44688055 -1.2914257  -0.00256716]
2026-01-19 18:38:23,586 - position: [ 0.44685271 -1.291435   -0.00256357]
2026-01-19 18:38:23,845 - position: [ 0.44685006 -1.29141748 -0.00255289]
2026-01-19 18:38:24,069 - position: [ 0.44687629 -1.29139256 -0.00258716]
2026-01-19 18:38:24,286 - position: [ 0.44686586 -1.29142177 -0.00257675]
2026-01-19 18:38:24,515 - position: [ 0.44688439 -1.29141605 -0.00256241]
2026-01-19 18:38:24,731 - position: [ 0.44683737 -1.29139125 -0.0025653 ]
2026-01-19 18:38:24,948 - position: [ 0.44684112 -1.29141545 -0.00258097]
2026-01-19 18:38:25,169 - position: [ 0.44684112 -1.29141545 -0.00258097]
2026-01-19 18:38:25,417 - position: [ 0.44688311 -1.29142737 -0.00257263]
2026-01-19 18:38:25,647 - position: [ 0.44685924 -1.29142392 -0.00255136]
2026-01-19 18:38:25,905 - position: [ 0.44684079 -1.29137897 -0.00257367]
2026-01-19 18:38:26,124 - position: [ 0.44685534 -1.29138649 -0.00256351]
2026-01-19 18:38:26,341 - position: [ 0.44685265 -1.29141009 -0.00258058]
2026-01-19 18:38:26,565 - position: [ 0.44685537 -1.29141843 -0.00253831]
2026-01-19 18:38:26,814 - position: [ 0.44685477 -1.29139996 -0.00258555]
2026-01-19 18:38:27,054 - position: [ 0.44689888 -1.29140639 -0.00254419]
2026-01-19 18:38:27,298 - position: [ 0.44686002 -1.29138601 -0.00254112]
2026-01-19 18:38:27,564 - position: [ 0.44686306 -1.29135716 -0.00252727]
2026-01-19 18:38:27,767 - position: [ 0.44683844 -1.29140329 -0.00257317]
2026-01-19 18:38:27,986 - position: [ 0.44686162 -1.29140067 -0.00254556]
2026-01-19 18:38:28,232 - position: [ 0.4468118  -1.29138315 -0.00256728]
2026-01-19 18:38:28,476 - position: [ 0.44685182 -1.29140389 -0.00258655]
2026-01-19 18:38:28,728 - position: [ 0.4468618  -1.29139578 -0.00256758]
2026-01-19 18:38:28,954 - position: [ 0.44686499 -1.2913537  -0.00256036]
2026-01-19 18:38:29,179 - position: [ 0.44686097 -1.29140306 -0.00254408]
2026-01-19 18:38:29,470 - position: [ 0.44686726 -1.29139745 -0.00253788]
2026-01-19 18:38:29,759 - position: [ 0.44686061 -1.29138076 -0.00254748]
2026-01-19 18:38:29,976 - position: [ 0.44686386 -1.29139483 -0.00255547]
2026-01-19 18:38:30,179 - position: [ 0.44687882 -1.29141176 -0.0025414 ]
2026-01-19 18:38:30,384 - position: [ 0.44685307 -1.29138708 -0.00253867]
2026-01-19 18:38:30,611 - position: [ 0.44686875 -1.29139006 -0.00254043]
2026-01-19 18:38:30,824 - position: [ 0.44692534 -1.29140127 -0.00256894]
2026-01-19 18:38:31,089 - position: [ 0.4468011  -1.29133296 -0.00252102]
2026-01-19 18:38:31,294 - position: [ 0.44688144 -1.29139459 -0.00255495]
2026-01-19 18:38:31,524 - position: [ 0.44685501 -1.2913785  -0.00253964]
2026-01-19 18:38:31,759 - position: [ 0.44688475 -1.29140043 -0.0025889 ]
2026-01-19 18:38:32,007 - position: [ 0.44690502 -1.2913934  -0.00256687]
2026-01-19 18:38:32,240 - position: [ 0.44688231 -1.29138303 -0.00255089]
2026-01-19 18:38:32,530 - position: [ 0.44689679 -1.29142082 -0.00255925]
2026-01-19 18:38:32,849 - position: [ 0.44684574 -1.29138529 -0.00257324]
2026-01-19 18:38:33,069 - position: [ 0.44689539 -1.29136789 -0.00259622]
2026-01-19 18:38:33,388 - position: [ 0.44690466 -1.29138291 -0.00255398]
2026-01-19 18:38:33,716 - position: [ 0.44687819 -1.29136646 -0.0025721 ]
2026-01-19 18:38:33,980 - position: [ 0.44691589 -1.29139209 -0.00260899]
2026-01-19 18:38:34,217 - position: [ 0.44685885 -1.29136682 -0.00256755]
2026-01-19 18:38:34,443 - position: [ 0.44685274 -1.29134083 -0.0025986 ]
2026-01-19 18:38:34,680 - position: [ 0.4469083  -1.2913655  -0.00257039]
2026-01-19 18:38:34,908 - position: [ 0.44686946 -1.29135776 -0.00260221]
2026-01-19 18:38:35,166 - position: [ 0.4468821  -1.29135013 -0.00258741]
2026-01-19 18:38:35,430 - position: [ 0.4468821  -1.29135013 -0.00258741]
2026-01-19 18:38:35,664 - position: [ 0.44695932 -1.29140592 -0.00262385]
2026-01-19 18:38:35,883 - position: [ 0.44688338 -1.29133749 -0.00264075]
2026-01-19 18:38:36,139 - position: [ 0.44687074 -1.29135776 -0.00259337]
2026-01-19 18:38:36,424 - position: [ 0.44687617 -1.29135728 -0.00257586]
2026-01-19 18:38:36,653 - position: [ 0.44687957 -1.29135835 -0.00258307]
2026-01-19 18:38:36,877 - position: [ 0.44687706 -1.29135573 -0.00258067]
2026-01-19 18:38:37,120 - position: [ 0.44685355 -1.29132724 -0.00257822]
2026-01-19 18:38:37,418 - position: [ 0.44686961 -1.29135096 -0.00256392]
2026-01-19 18:38:37,656 - position: [ 0.44681466 -1.29130983 -0.0025977 ]
2026-01-19 18:38:37,859 - position: [ 0.44682521 -1.2913295  -0.00262846]
2026-01-19 18:38:38,134 - position: [ 0.44686994 -1.29131699 -0.00260834]
2026-01-19 18:38:38,364 - position: [ 0.44694626 -1.29139745 -0.00261889]
2026-01-19 18:38:38,628 - position: [ 0.4469023  -1.29135203 -0.0026215 ]
2026-01-19 18:38:38,848 - position: [ 0.446917   -1.29132295 -0.00258862]
2026-01-19 18:38:39,103 - position: [ 0.44692835 -1.29137754 -0.00264343]
2026-01-19 18:38:39,315 - position: [ 0.44695193 -1.29138064 -0.00262895]
2026-01-19 18:38:39,537 - position: [ 0.44688743 -1.29133475 -0.00260052]
2026-01-19 18:38:39,799 - position: [ 0.4468509  -1.29129028 -0.0024561 ]
2026-01-19 18:38:40,033 - position: [ 0.44690987 -1.29131019 -0.00263063]
2026-01-19 18:38:40,295 - position: [ 0.44684252 -1.2912699  -0.00244885]
2026-01-19 18:38:40,531 - position: [ 0.44683996 -1.29127908 -0.00245754]
2026-01-19 18:38:40,771 - position: [ 0.44684312 -1.29129875 -0.00244711]
2026-01-19 18:38:41,017 - position: [ 0.44685587 -1.29129791 -0.00247749]
2026-01-19 18:38:41,267 - position: [ 0.44683719 -1.29126906 -0.00249741]
2026-01-19 18:38:41,509 - position: [ 0.44683719 -1.29126906 -0.00249741]
2026-01-19 18:38:41,751 - position: [ 0.44683832 -1.29129326 -0.00244762]
2026-01-19 18:38:41,969 - position: [ 0.44683802 -1.29129648 -0.00247807]
2026-01-19 18:38:42,229 - position: [ 0.44681644 -1.29122329 -0.00249592]
2026-01-19 18:38:42,463 - position: [ 0.44693506 -1.29136062 -0.00271895]
2026-01-19 18:38:42,733 - position: [ 0.44678921 -1.29125178 -0.00250164]
2026-01-19 18:38:42,970 - position: [ 0.44681513 -1.29128122 -0.0024675 ]
2026-01-19 18:38:43,247 - position: [ 0.44678593 -1.29125273 -0.0025144 ]
2026-01-19 18:38:43,481 - position: [ 0.44682914 -1.29127693 -0.00251543]
2026-01-19 18:38:43,722 - position: [ 0.44686356 -1.29129851 -0.00254194]
2026-01-19 18:38:43,941 - position: [ 0.446863   -1.29131031 -0.00250555]
2026-01-19 18:38:44,186 - position: [ 0.44682533 -1.29128265 -0.00253733]
2026-01-19 18:38:44,437 - position: [ 0.44686088 -1.29130816 -0.00255302]
2026-01-19 18:38:44,643 - position: [ 0.44682929 -1.29129279 -0.0025016 ]
2026-01-19 18:38:44,897 - position: [ 0.44686538 -1.29129183 -0.00253049]
2026-01-19 18:38:45,155 - position: [ 0.4468658  -1.29130387 -0.00251471]
2026-01-19 18:38:45,389 - position: [ 0.44690239 -1.2913388  -0.00252333]
2026-01-19 18:38:45,664 - position: [ 0.44690675 -1.29131138 -0.00250439]
2026-01-19 18:38:46,012 - position: [ 0.44684425 -1.29130268 -0.00248149]
2026-01-19 18:38:46,248 - position: [ 0.44685635 -1.29129505 -0.00251524]
2026-01-19 18:38:46,496 - position: [ 0.44682842 -1.29128277 -0.00253412]
2026-01-19 18:38:46,742 - position: [ 0.44690314 -1.29133368 -0.00250042]
2026-01-19 18:38:47,045 - position: [ 0.446935   -1.29133523 -0.00255164]
2026-01-19 18:38:47,278 - position: [ 0.44686869 -1.2912879  -0.00254116]
2026-01-19 18:38:47,480 - position: [ 0.44687599 -1.29131401 -0.00251226]
2026-01-19 18:38:47,727 - position: [ 0.44687736 -1.29131246 -0.00252412]
2026-01-19 18:38:47,958 - position: [ 0.44687858 -1.29130435 -0.00249696]
2026-01-19 18:38:48,277 - position: [ 0.4468278  -1.29125369 -0.00250708]
2026-01-19 18:38:48,536 - position: [ 0.44682828 -1.29124808 -0.00252174]
2026-01-19 18:38:48,804 - position: [ 0.44685623 -1.29128432 -0.00259053]
2026-01-19 18:38:49,133 - position: [ 0.44688129 -1.29128575 -0.00257407]
2026-01-19 18:38:49,373 - position: [ 0.44688129 -1.29128575 -0.00257407]
