2026-01-17 20:30:18,428 - position: [-2.34642982 -0.01856629  0.0289262 ]
2026-01-17 20:30:18,696 - position: [-2.34643149 -0.01852672  0.02887267]
2026-01-17 20:30:19,022 - position: [-2.34681296 -0.01857726  0.02934003]
2026-01-17 20:30:19,280 - position: [-2.34636545 -0.01857118  0.0289217 ]
2026-01-17 20:30:19,517 - position: [-2.3463037  -0.01858259  0.02893969]
2026-01-17 20:30:19,760 - position: [-2.3473351  -0.01841288  0.02943056]
2026-01-17 20:30:19,973 - position: [-2.34763479 -0.01856139  0.02796369]
2026-01-17 20:30:20,218 - position: [-2.34623551 -0.01860493  0.02882328]
2026-01-17 20:30:20,502 - position: [-2.34665799 -0.01870155  0.02900394]
2026-01-17 20:30:20,738 - position: [-2.34636617 -0.01858636  0.02886894]
2026-01-17 20:30:20,997 - position: [-2.346349   -0.01858393  0.02886815]
2026-01-17 20:30:21,303 - position: [-2.34638047 -0.01856167  0.02863958]
2026-01-17 20:30:21,632 - position: [-2.34640336 -0.0185837   0.02875118]
2026-01-17 20:30:21,842 - position: [-2.34598064 -0.01850022  0.02898221]
2026-01-17 20:30:22,105 - position: [-2.3465116  -0.01877663  0.02940388]
2026-01-17 20:30:22,332 - position: [-2.34630179 -0.01855424  0.02877871]
2026-01-17 20:30:22,583 - position: [-2.34626722 -0.01853449  0.02880709]
2026-01-17 20:30:22,791 - position: [-2.34670806 -0.01866245  0.02922835]
2026-01-17 20:30:23,025 - position: [-2.34673333 -0.01867471  0.02950319]
2026-01-17 20:30:23,239 - position: [-2.34665728 -0.01870676  0.0293211 ]
2026-01-17 20:30:23,472 - position: [-2.34619188 -0.01862338  0.02892927]
2026-01-17 20:30:23,687 - position: [-2.34741998 -0.01865764  0.02976792]
2026-01-17 20:30:23,915 - position: [-2.34659863 -0.01872389  0.02936053]
2026-01-17 20:30:24,134 - position: [-2.34638953 -0.01851092  0.02891194]
2026-01-17 20:30:24,400 - position: [-2.34645534 -0.01849937  0.02892441]
2026-01-17 20:30:24,632 - position: [-2.34683108 -0.01866122  0.02940943]
2026-01-17 20:30:24,888 - position: [-2.34689093 -0.01858049  0.02938318]
2026-01-17 20:30:25,152 - position: [-2.34669542 -0.01866429  0.02930886]
2026-01-17 20:30:25,426 - position: [-2.34735703 -0.01868476  0.02973932]
2026-01-17 20:30:25,645 - position: [-2.34624934 -0.01855406  0.02883766]
2026-01-17 20:30:25,903 - position: [-2.3467443  -0.01837952  0.0287084 ]
2026-01-17 20:30:26,169 - position: [-2.34677958 -0.0183504   0.02869118]
2026-01-17 20:30:26,423 - position: [-2.34672117 -0.01840748  0.02891424]
2026-01-17 20:30:26,658 - position: [-2.34679461 -0.01855832  0.02923234]
2026-01-17 20:30:26,870 - position: [-2.34779143 -0.01850084  0.02819954]
2026-01-17 20:30:27,131 - position: [-2.34673119 -0.01854431  0.0292419 ]
2026-01-17 20:30:27,363 - position: [-2.34675717 -0.01839552  0.02884232]
2026-01-17 20:30:27,654 - position: [-2.34768033 -0.01853837  0.02806925]
2026-01-17 20:30:27,867 - position: [-2.34778571 -0.01851667  0.0282249 ]
2026-01-17 20:30:28,113 - position: [-2.34664893 -0.01863796  0.02930021]
2026-01-17 20:30:28,376 - position: [-2.34784842 -0.01851598  0.02826454]
2026-01-17 20:30:28,591 - position: [-2.34678125 -0.01851408  0.02914943]
2026-01-17 20:30:28,812 - position: [-2.34690714 -0.01848746  0.02923078]
2026-01-17 20:30:29,057 - position: [-2.3468225  -0.01853124  0.02919845]
2026-01-17 20:30:29,311 - position: [-2.34677291 -0.01856979  0.02931174]
2026-01-17 20:30:29,526 - position: [-2.346313   -0.01855121  0.02883282]
2026-01-17 20:30:29,749 - position: [-2.34625816 -0.0185679   0.0288161 ]
2026-01-17 20:30:30,004 - position: [-2.34639049 -0.01850044  0.0287882 ]
2026-01-17 20:30:30,310 - position: [-2.34655428 -0.01862371  0.02921049]
2026-01-17 20:30:30,535 - position: [-2.34685636 -0.018519    0.02919261]
2026-01-17 20:30:30,750 - position: [-2.34697199 -0.01848959  0.02923911]
2026-01-17 20:30:31,059 - position: [-2.34691715 -0.01845413  0.02918251]
2026-01-17 20:30:31,360 - position: [-2.34646988 -0.01843423  0.02876208]
2026-01-17 20:30:31,676 - position: [-2.34680462 -0.01837964  0.02872514]
2026-01-17 20:30:31,922 - position: [-2.34718561 -0.01872755  0.02981137]
2026-01-17 20:30:32,135 - position: [-2.34714746 -0.01871923  0.02983284]
2026-01-17 20:30:32,359 - position: [-2.34632564 -0.01851186  0.02873592]
2026-01-17 20:30:32,640 - position: [-2.34674454 -0.01859322  0.02931098]
2026-01-17 20:30:32,854 - position: [-2.34724092 -0.01874067  0.02978812]
2026-01-17 20:30:33,094 - position: [-2.34723806 -0.01869269  0.02973147]
2026-01-17 20:30:33,316 - position: [-2.34669137 -0.01860769  0.02928568]
2026-01-17 20:30:33,533 - position: [-2.3466332  -0.01861169  0.02929788]
2026-01-17 20:30:33,777 - position: [-2.34627628 -0.01856107  0.02882898]
2026-01-17 20:30:34,082 - position: [-2.34631252 -0.01852147  0.02882148]
2026-01-17 20:30:34,362 - position: [-2.34623957 -0.01855744  0.02884591]
2026-01-17 20:30:34,602 - position: [-2.3471489  -0.01858613  0.03012745]
2026-01-17 20:30:34,836 - position: [-2.3465333  -0.0186462   0.02907838]
2026-01-17 20:30:35,076 - position: [-2.34702587 -0.01811611  0.03095909]
2026-01-17 20:30:35,286 - position: [-2.34664536 -0.01844488  0.02831125]
2026-01-17 20:30:35,515 - position: [-2.34770131 -0.01855747  0.02775124]
2026-01-17 20:30:35,723 - position: [-2.34839439 -0.01824488  0.03061792]
2026-01-17 20:30:35,988 - position: [-2.34778643 -0.01849832  0.02754625]
2026-01-17 20:30:36,306 - position: [-2.34681416 -0.01857095  0.02903325]
2026-01-17 20:30:36,545 - position: [-2.34619904 -0.01861191  0.02872475]
2026-01-17 20:30:36,800 - position: [-2.34629607 -0.01851414  0.0287316 ]
2026-01-17 20:30:37,034 - position: [-2.34764218 -0.01860142  0.0277108 ]
2026-01-17 20:30:37,343 - position: [-2.34628344 -0.01856621  0.02885835]
2026-01-17 20:30:37,555 - position: [-2.34627819 -0.01854103  0.02885103]
2026-01-17 20:30:37,777 - position: [-2.34674025 -0.01864701  0.02924381]
2026-01-17 20:30:38,015 - position: [-2.34724188 -0.01810599  0.0307805 ]
2026-01-17 20:30:38,348 - position: [-2.34643126 -0.01846773  0.02858103]
2026-01-17 20:30:38,593 - position: [-2.3462615  -0.01854754  0.02863808]
2026-01-17 20:30:38,836 - position: [-2.34686875 -0.0184176   0.0282713 ]
2026-01-17 20:30:39,087 - position: [-2.34664226 -0.01849143  0.02940865]
2026-01-17 20:30:39,362 - position: [-2.34740138 -0.01797775  0.03047971]
2026-01-17 20:30:39,697 - position: [-2.34631157 -0.01852555  0.02876713]
2026-01-17 20:30:39,948 - position: [-2.34639621 -0.01848635  0.02872368]
2026-01-17 20:30:40,189 - position: [-2.34623623 -0.01853073  0.02880791]
2026-01-17 20:30:40,405 - position: [-2.34628248 -0.01852805  0.02886423]
2026-01-17 20:30:40,637 - position: [-2.34624791 -0.01852764  0.02876274]
2026-01-17 20:30:40,904 - position: [-2.34624648 -0.01854453  0.02879478]
2026-01-17 20:30:41,191 - position: [-2.34638405 -0.01846823  0.02871115]
2026-01-17 20:30:41,405 - position: [-2.34629083 -0.01851087  0.02881924]
2026-01-17 20:30:41,653 - position: [-2.3463273  -0.01850221  0.02876635]
2026-01-17 20:30:41,920 - position: [-2.34631872 -0.01854474  0.02881651]
2026-01-17 20:30:42,154 - position: [-2.34625864 -0.01852412  0.02881335]
2026-01-17 20:30:42,402 - position: [-2.34630847 -0.01851317  0.02875986]
2026-01-17 20:30:42,620 - position: [-2.34641981 -0.01847647  0.02876014]
2026-01-17 20:30:42,842 - position: [-2.34633303 -0.01849043  0.0288221 ]
2026-01-17 20:30:43,066 - position: [-2.34635568 -0.01849457  0.02879178]
2026-01-17 20:30:43,345 - position: [-2.3463676  -0.01847466  0.02883183]
2026-01-17 20:30:43,589 - position: [-2.34639597 -0.01847712  0.02879424]
2026-01-17 20:30:43,810 - position: [-2.34639359 -0.01849547  0.02882358]
2026-01-17 20:30:44,046 - position: [-2.34642482 -0.01849332  0.02878293]
2026-01-17 20:30:44,263 - position: [-2.34632373 -0.01851811  0.02877235]
2026-01-17 20:30:44,492 - position: [-2.34639597 -0.01848847  0.02874193]
2026-01-17 20:30:44,726 - position: [-2.34633493 -0.01849567  0.02875957]
2026-01-17 20:30:44,945 - position: [-2.34638953 -0.01845528  0.02872139]
2026-01-17 20:30:45,182 - position: [-2.34627962 -0.01852826  0.02878056]
2026-01-17 20:30:45,418 - position: [-2.34681344 -0.0183224   0.02867528]
2026-01-17 20:30:45,703 - position: [-2.34626889 -0.01855903  0.02879313]
2026-01-17 20:30:46,013 - position: [-2.34642768 -0.01848715  0.02860166]
2026-01-17 20:30:46,263 - position: [-2.34631777 -0.01852111  0.02863904]
2026-01-17 20:30:46,498 - position: [-2.34626055 -0.01857826  0.0286561 ]
2026-01-17 20:30:46,725 - position: [-2.34671688 -0.01843802  0.0282642 ]
2026-01-17 20:30:46,990 - position: [-2.34635091 -0.01854494  0.02880723]
2026-01-17 20:30:47,223 - position: [-2.34626818 -0.01854037  0.02884441]
2026-01-17 20:30:47,455 - position: [-2.34624982 -0.01852306  0.02874077]
2026-01-17 20:30:47,694 - position: [-2.34643483 -0.01849352  0.02873585]
2026-01-17 20:30:47,958 - position: [-2.34633541 -0.0185197   0.02871043]
2026-01-17 20:30:48,188 - position: [-2.34677911 -0.0183768   0.02865513]
2026-01-17 20:30:48,459 - position: [-2.3462708  -0.01859526  0.02885642]
2026-01-17 20:30:48,668 - position: [-2.34640145 -0.01859295  0.02947981]
2026-01-17 20:30:48,889 - position: [-2.34634709 -0.01864148  0.02969899]
2026-01-17 20:30:49,159 - position: [-2.34579539 -0.01845767  0.02887325]
2026-01-17 20:30:49,381 - position: [-2.34634233 -0.01833171  0.02858173]
2026-01-17 20:30:49,645 - position: [-2.34618902 -0.01846941  0.02881313]
2026-01-17 20:30:49,942 - position: [-2.34613013 -0.01834794  0.02910124]
2026-01-17 20:30:50,176 - position: [-2.34632254 -0.01785727  0.03020989]
2026-01-17 20:30:50,407 - position: [-2.34632397 -0.01852373  0.0285953 ]
2026-01-17 20:30:50,619 - position: [-2.34626079 -0.01856278  0.02861257]
2026-01-17 20:30:50,959 - position: [-2.34634972 -0.01849739  0.0286414 ]
2026-01-17 20:30:51,186 - position: [-2.34621334 -0.01853326  0.02872792]
2026-01-17 20:30:51,494 - position: [-2.34587288 -0.01836853  0.02883926]
2026-01-17 20:30:51,801 - position: [-2.34595871 -0.01837113  0.02884294]
2026-01-17 20:30:52,022 - position: [-2.34594631 -0.0183451   0.0287868 ]
2026-01-17 20:30:52,302 - position: [-2.345855   -0.01839789  0.02882363]
2026-01-17 20:30:52,532 - position: [-2.34594989 -0.0184147   0.02916222]
2026-01-17 20:30:52,741 - position: [-2.34585929 -0.01841476  0.02881875]
2026-01-17 20:30:53,011 - position: [-2.34641814 -0.01844879  0.02882463]
2026-01-17 20:30:53,386 - position: [-2.34625888 -0.01850542  0.02887209]
2026-01-17 20:30:53,603 - position: [-2.34585476 -0.01841154  0.02879488]
2026-01-17 20:30:53,804 - position: [-2.34581041 -0.01845086  0.02887252]
2026-01-17 20:30:54,125 - position: [-2.34582162 -0.01839934  0.02887049]
2026-01-17 20:30:54,341 - position: [-2.34573174 -0.01844335  0.02895861]
2026-01-17 20:30:54,575 - position: [-2.34573245 -0.01844005  0.02888388]
2026-01-17 20:30:54,819 - position: [-2.3461926  -0.0185718   0.02873238]
2026-01-17 20:30:55,042 - position: [-2.3457818  -0.01844869  0.02885702]
2026-01-17 20:30:55,279 - position: [-2.34571147 -0.0184315   0.028914  ]
2026-01-17 20:30:55,569 - position: [-2.34764552 -0.01777049  0.03025301]
2026-01-17 20:30:55,807 - position: [-2.34587789 -0.01836805  0.02882477]
2026-01-17 20:30:56,023 - position: [-2.34652328 -0.01846551  0.02881188]
2026-01-17 20:30:56,292 - position: [-2.34670496 -0.01836239  0.02875208]
2026-01-17 20:30:56,499 - position: [-2.34628868 -0.01852022  0.02885123]
2026-01-17 20:30:56,742 - position: [-2.34647155 -0.01852136  0.02895827]
2026-01-17 20:30:57,000 - position: [-2.34633589 -0.01848226  0.02879871]
2026-01-17 20:30:57,244 - position: [-2.34642005 -0.0184798   0.02875724]
2026-01-17 20:30:57,503 - position: [-2.34647536 -0.01843911  0.02884837]
2026-01-17 20:30:57,751 - position: [-2.34753656 -0.0179152   0.03016796]
2026-01-17 20:30:57,979 - position: [-2.34746003 -0.01789638  0.03019342]
2026-01-17 20:30:58,225 - position: [-2.34591389 -0.01831365  0.0288124 ]
2026-01-17 20:30:58,462 - position: [-2.34741735 -0.01792907  0.03027578]
2026-01-17 20:30:58,705 - position: [-2.34618425 -0.01852446  0.02871299]
2026-01-17 20:30:58,925 - position: [-2.3459115  -0.01838221  0.02887524]
2026-01-17 20:30:59,181 - position: [-2.34568214 -0.01845056  0.02888023]
2026-01-17 20:30:59,446 - position: [-2.34625983 -0.018531    0.02875869]
2026-01-17 20:30:59,711 - position: [-2.34574151 -0.0184206   0.02891663]
2026-01-17 20:30:59,987 - position: [-2.34630561 -0.01849421  0.02892036]
2026-01-17 20:31:00,284 - position: [-2.34627151 -0.0185464   0.02873385]
2026-01-17 20:31:00,514 - position: [-2.34629083 -0.0185497   0.02890747]
2026-01-17 20:31:00,753 - position: [-2.34678316 -0.0183482   0.02870484]
2026-01-17 20:31:00,992 - position: [-2.34654331 -0.01853546  0.02898041]
2026-01-17 20:31:01,253 - position: [-2.34677339 -0.01833719  0.02879479]
2026-01-17 20:31:01,465 - position: [-2.34636116 -0.01851132  0.02888063]
2026-01-17 20:31:01,723 - position: [-2.34643173 -0.01850014  0.02885647]
2026-01-17 20:31:01,950 - position: [-2.34683967 -0.01832646  0.02873255]
2026-01-17 20:31:02,177 - position: [-2.34642124 -0.01850596  0.02887329]
2026-01-17 20:31:02,387 - position: [-2.34631085 -0.01854193  0.0289169 ]
2026-01-17 20:31:02,660 - position: [-2.34629893 -0.01854196  0.0288684 ]
2026-01-17 20:31:02,867 - position: [-2.3462429  -0.01859069  0.02892797]
2026-01-17 20:31:03,084 - position: [-2.34627414 -0.01859083  0.02891464]
2026-01-17 20:31:03,339 - position: [-2.34685349 -0.01837166  0.02867094]
2026-01-17 20:31:03,586 - position: [-2.34694314 -0.01834887  0.02871547]
2026-01-17 20:31:03,838 - position: [-2.34777236 -0.01776047  0.02831571]
2026-01-17 20:31:04,101 - position: [-2.34680128 -0.0183464   0.02871798]
2026-01-17 20:31:04,317 - position: [-2.34625316 -0.01858293  0.02895704]
2026-01-17 20:31:04,561 - position: [-2.3463037  -0.01856848  0.02888282]
2026-01-17 20:31:04,801 - position: [-2.34636021 -0.01851212  0.0289215 ]
2026-01-17 20:31:05,034 - position: [-2.34633684 -0.0185139   0.02891065]
2026-01-17 20:31:05,301 - position: [-2.34582567 -0.01835081  0.02884998]
2026-01-17 20:31:05,550 - position: [-2.34751058 -0.01790727  0.03044312]
2026-01-17 20:31:05,823 - position: [-2.34589124 -0.01846471  0.02892049]
2026-01-17 20:31:06,062 - position: [-2.34592199 -0.01842892  0.02887275]
2026-01-17 20:31:06,301 - position: [-2.34620404 -0.01860003  0.02877658]
2026-01-17 20:31:06,510 - position: [-2.34600043 -0.01837424  0.02887877]
2026-01-17 20:31:06,732 - position: [-2.34626222 -0.018583    0.02876707]
2026-01-17 20:31:06,948 - position: [-2.34595251 -0.01851939  0.02912937]
2026-01-17 20:31:07,252 - position: [-2.34621406 -0.01867397  0.02893042]
2026-01-17 20:31:07,486 - position: [-2.34631586 -0.01853052  0.02880028]
2026-01-17 20:31:07,717 - position: [-2.34626532 -0.01859434  0.02884492]
2026-01-17 20:31:07,941 - position: [-2.34624219 -0.01855803  0.02877407]
2026-01-17 20:31:08,144 - position: [-2.34645319 -0.01857337  0.02872914]
2026-01-17 20:31:08,377 - position: [-2.34614682 -0.01866548  0.02853118]
2026-01-17 20:31:08,651 - position: [-2.34567046 -0.01891875  0.02965355]
2026-01-17 20:31:08,938 - position: [-2.3463347  -0.01866174  0.02874707]
2026-01-17 20:31:09,155 - position: [-2.34632516 -0.01861834  0.02875183]
2026-01-17 20:31:09,387 - position: [-2.34624767 -0.0186172   0.02870944]
2026-01-17 20:31:09,604 - position: [-2.34630847 -0.01854127  0.02873473]
2026-01-17 20:31:09,867 - position: [-2.34726715 -0.01841428  0.02909939]
2026-01-17 20:31:10,094 - position: [-2.34708333 -0.01860585  0.02932376]
2026-01-17 20:31:10,383 - position: [-2.34621024 -0.01933856  0.03199655]
2026-01-17 20:31:10,675 - position: [-2.34644532 -0.01869317  0.02936067]
2026-01-17 20:31:10,942 - position: [-2.34641099 -0.018691    0.02934342]
2026-01-17 20:31:11,172 - position: [-2.34631109 -0.01873543  0.02938592]
2026-01-17 20:31:11,394 - position: [-2.34623122 -0.01958744  0.03220912]
2026-01-17 20:31:11,660 - position: [-2.34683156 -0.01882041  0.0301274 ]
2026-01-17 20:31:11,893 - position: [-2.34681392 -0.01842979  0.0284406 ]
2026-01-17 20:31:12,146 - position: [-2.34587932 -0.01840928  0.0288894 ]
2026-01-17 20:31:12,431 - position: [-2.3462956  -0.01859991  0.0287551 ]
2026-01-17 20:31:12,671 - position: [-2.34639859 -0.01851486  0.02873209]
2026-01-17 20:31:12,885 - position: [-2.34639049 -0.01855133  0.0286933 ]
2026-01-17 20:31:13,175 - position: [-2.34629321 -0.01866449  0.02879983]
2026-01-17 20:31:13,420 - position: [-2.34628391 -0.01859339  0.02878943]
2026-01-17 20:31:13,648 - position: [-2.34628391 -0.01859339  0.02878943]
2026-01-17 20:31:13,922 - position: [-2.34643865 -0.01874577  0.02959306]
2026-01-17 20:31:14,242 - position: [-2.34583378 -0.0184889   0.02897644]
2026-01-17 20:31:14,501 - position: [-2.34690762 -0.0183459   0.02872785]
2026-01-17 20:31:14,768 - position: [-2.34637952 -0.01852943  0.02891177]
2026-01-17 20:31:15,021 - position: [-2.34642196 -0.01850009  0.0288819 ]
2026-01-17 20:31:15,256 - position: [-2.34632969 -0.01853914  0.02892391]
2026-01-17 20:31:15,480 - position: [-2.34627962 -0.01857234  0.02894238]
2026-01-17 20:31:15,705 - position: [-2.3463068  -0.01857299  0.02888554]
2026-01-17 20:31:15,950 - position: [-2.34636927 -0.0185279   0.02888468]
2026-01-17 20:31:16,180 - position: [-2.34684587 -0.01835057  0.02879092]
2026-01-17 20:31:16,440 - position: [-2.34671712 -0.01842028  0.02885745]
2026-01-17 20:31:16,678 - position: [-2.34631348 -0.01879943  0.02973386]
2026-01-17 20:31:16,893 - position: [-2.3466959  -0.01866402  0.02937317]
2026-01-17 20:31:17,107 - position: [-2.3472178  -0.01844414  0.02940784]
2026-01-17 20:31:17,325 - position: [-2.34732676 -0.01838292  0.02924373]
2026-01-17 20:31:17,549 - position: [-2.34682083 -0.01837808  0.02875888]
2026-01-17 20:31:17,777 - position: [-2.34637713 -0.01850137  0.02891439]
2026-01-17 20:31:17,991 - position: [-2.34626675 -0.01853913  0.02886692]
2026-01-17 20:31:18,224 - position: [-2.34629273 -0.01857066  0.02887824]
2026-01-17 20:31:18,436 - position: [-2.34652758 -0.01865953  0.0295961 ]
2026-01-17 20:31:18,681 - position: [-2.34625435 -0.01854287  0.02892985]
2026-01-17 20:31:18,909 - position: [-2.34644246 -0.01847533  0.02898795]
2026-01-17 20:31:19,196 - position: [-2.34625483 -0.01857239  0.02904757]
2026-01-17 20:31:19,465 - position: [-2.34631658 -0.01864486  0.02920477]
2026-01-17 20:31:19,704 - position: [-2.34638095 -0.01866855  0.02921589]
2026-01-17 20:31:19,925 - position: [-2.34624815 -0.01862507  0.02902508]
2026-01-17 20:31:20,161 - position: [-2.34663367 -0.01866218  0.0294774 ]
2026-01-17 20:31:20,385 - position: [-2.34626985 -0.01879223  0.02980111]
2026-01-17 20:31:20,624 - position: [-2.34636736 -0.01864371  0.02923511]
2026-01-17 20:31:20,876 - position: [-2.34641314 -0.01863404  0.02924265]
2026-01-17 20:31:21,120 - position: [-2.34579968 -0.01855447  0.0291513 ]
2026-01-17 20:31:21,367 - position: [-2.34607911 -0.01866632  0.02876895]
2026-01-17 20:31:21,572 - position: [-2.3461647  -0.01868769  0.02888393]
2026-01-17 20:31:21,840 - position: [-2.34608555 -0.01867888  0.02890072]
2026-01-17 20:31:22,093 - position: [-2.34611607 -0.01865306  0.02888763]
2026-01-17 20:31:22,341 - position: [-2.34611607 -0.01865306  0.02888763]
2026-01-17 20:31:22,593 - position: [-2.34630585 -0.01863304  0.02911255]
2026-01-17 20:31:22,821 - position: [-2.34619522 -0.01867143  0.02909006]
2026-01-17 20:31:23,102 - position: [-2.34581351 -0.01851634  0.02915293]
2026-01-17 20:31:23,318 - position: [-2.3463068  -0.01855965  0.02886695]
2026-01-17 20:31:23,575 - position: [-2.34659457 -0.0186486   0.02926976]
2026-01-17 20:31:23,838 - position: [-2.34637403 -0.01863114  0.02905507]
2026-01-17 20:31:24,069 - position: [-2.34617019 -0.01868174  0.02910594]
2026-01-17 20:31:24,296 - position: [-2.34618473 -0.01868114  0.02910918]
2026-01-17 20:31:24,533 - position: [-2.34549165 -0.0190213   0.03020464]
2026-01-17 20:31:24,802 - position: [-2.3457396  -0.01884811  0.02998503]
2026-01-17 20:31:25,026 - position: [-2.34628582 -0.01861117  0.02905986]
2026-01-17 20:31:25,270 - position: [-2.3461237  -0.01862862  0.02892134]
2026-01-17 20:31:25,565 - position: [-2.34616876 -0.01864709  0.02906014]
2026-01-17 20:31:25,795 - position: [-2.3463788  -0.0185937   0.02903638]
2026-01-17 20:31:26,017 - position: [-2.34599423 -0.01854609  0.02931358]
2026-01-17 20:31:26,272 - position: [-2.34616303 -0.01858103  0.02889028]
2026-01-17 20:31:26,524 - position: [-2.34616351 -0.01860462  0.02889575]
2026-01-17 20:31:26,737 - position: [-2.34616423 -0.01861213  0.02885275]
2026-01-17 20:31:27,001 - position: [-2.34624028 -0.0186645   0.02903379]
2026-01-17 20:31:27,296 - position: [-2.34641933 -0.01855479  0.02900646]
2026-01-17 20:31:27,537 - position: [-2.34626842 -0.01854697  0.02888548]
2026-01-17 20:31:27,775 - position: [-2.34584022 -0.01848561  0.0290828 ]
2026-01-17 20:31:28,053 - position: [-2.34625125 -0.01852259  0.02893344]
2026-01-17 20:31:28,314 - position: [-2.34767461 -0.01880305  0.02960583]
2026-01-17 20:31:28,588 - position: [-2.34675288 -0.01843898  0.02841369]
2026-01-17 20:31:28,861 - position: [-2.34626245 -0.01853675  0.02872882]
2026-01-17 20:31:29,076 - position: [-2.34639025 -0.01846832  0.02886709]
2026-01-17 20:31:29,363 - position: [-2.34630084 -0.01852099  0.02883817]
2026-01-17 20:31:29,671 - position: [-2.34637809 -0.0185352   0.02882254]
2026-01-17 20:31:29,899 - position: [-2.34629965 -0.01855439  0.02895107]
2026-01-17 20:31:30,153 - position: [-2.34625244 -0.01858752  0.02887278]
2026-01-17 20:31:30,442 - position: [-2.34631133 -0.01857525  0.02881257]
2026-01-17 20:31:30,651 - position: [-2.34637284 -0.01850491  0.02887383]
2026-01-17 20:31:30,891 - position: [-2.34677792 -0.01834859  0.0287115 ]
2026-01-17 20:31:31,117 - position: [-2.34634519 -0.01853734  0.02884734]
2026-01-17 20:31:31,362 - position: [-2.34619737 -0.0185717   0.02885874]
