2026-01-19 18:11:05,585 - position: [ 0.446845   -1.29112959 -0.00240171]
2026-01-19 18:11:05,850 - position: [ 0.44682547 -1.29108548 -0.00242492]
2026-01-19 18:11:06,106 - position: [ 0.44679475 -1.29106486 -0.00242112]
2026-01-19 18:11:06,339 - position: [ 0.44675919 -1.2910732  -0.00239923]
2026-01-19 18:11:06,579 - position: [ 0.44678342 -1.29108441 -0.00237952]
2026-01-19 18:11:06,796 - position: [ 0.44684428 -1.29111207 -0.0024496 ]
2026-01-19 18:11:07,006 - position: [ 0.44681168 -1.29104376 -0.00242972]
2026-01-19 18:11:07,241 - position: [ 0.44681168 -1.29104376 -0.00242972]
2026-01-19 18:11:07,466 - position: [ 0.44681206 -1.29113638 -0.00240384]
2026-01-19 18:11:07,727 - position: [ 0.44676593 -1.29106617 -0.00246842]
2026-01-19 18:11:08,090 - position: [ 0.44678104 -1.29109073 -0.00243626]
2026-01-19 18:11:08,315 - position: [ 0.44678849 -1.29109418 -0.00243036]
2026-01-19 18:11:08,570 - position: [ 0.44672787 -1.29103398 -0.0023869 ]
2026-01-19 18:11:08,785 - position: [ 0.44675928 -1.29110098 -0.00240159]
2026-01-19 18:11:09,012 - position: [ 0.44677252 -1.29107666 -0.0024275 ]
2026-01-19 18:11:09,312 - position: [ 0.44680601 -1.29110515 -0.00239588]
2026-01-19 18:11:09,555 - position: [ 0.44682992 -1.29111183 -0.00237213]
2026-01-19 18:11:09,812 - position: [ 0.44675604 -1.29111063 -0.00236963]
2026-01-19 18:11:10,031 - position: [ 0.44676098 -1.2910614  -0.00241416]
2026-01-19 18:11:10,257 - position: [ 0.44676065 -1.29108596 -0.0024148 ]
2026-01-19 18:11:10,537 - position: [ 0.44679254 -1.29110265 -0.0024367 ]
2026-01-19 18:11:10,783 - position: [ 0.44677788 -1.29109824 -0.00240759]
2026-01-19 18:11:11,091 - position: [ 0.4467876  -1.29110432 -0.0023957 ]
2026-01-19 18:11:11,335 - position: [ 0.446747   -1.29104578 -0.00239849]
2026-01-19 18:11:11,549 - position: [ 0.44677493 -1.29108274 -0.00238616]
2026-01-19 18:11:11,816 - position: [ 0.44675574 -1.29107237 -0.00239895]
2026-01-19 18:11:12,086 - position: [ 0.44674861 -1.2910279  -0.00239939]
2026-01-19 18:11:12,334 - position: [ 0.44674674 -1.29106605 -0.00247   ]
2026-01-19 18:11:12,605 - position: [ 0.44677839 -1.29111099 -0.00241145]
2026-01-19 18:11:12,885 - position: [ 0.4467448  -1.29109979 -0.00239751]
2026-01-19 18:11:13,099 - position: [ 0.44673792 -1.29107702 -0.00241268]
2026-01-19 18:11:13,389 - position: [ 0.44678906 -1.29112613 -0.00240123]
2026-01-19 18:11:13,621 - position: [ 0.44682908 -1.29104793 -0.00237758]
2026-01-19 18:11:13,866 - position: [ 0.4468244  -1.29109502 -0.00239227]
2026-01-19 18:11:14,138 - position: [ 0.44672391 -1.2911005  -0.00238063]
2026-01-19 18:11:14,432 - position: [ 0.4466942  -1.29131305 -0.00242419]
2026-01-19 18:11:14,654 - position: [ 0.44684598 -1.29103708 -0.00237748]
2026-01-19 18:11:14,943 - position: [ 0.44675243 -1.29111922 -0.00241329]
2026-01-19 18:11:15,262 - position: [ 0.44661927 -1.29129767 -0.00239408]
2026-01-19 18:11:15,473 - position: [ 0.44679567 -1.29111493 -0.00243047]
2026-01-19 18:11:15,680 - position: [ 0.44679064 -1.29110241 -0.00241112]
2026-01-19 18:11:15,923 - position: [ 0.44658345 -1.29124641 -0.00241545]
2026-01-19 18:11:16,156 - position: [ 0.44672167 -1.29106724 -0.00235189]
2026-01-19 18:11:16,357 - position: [ 0.44666034 -1.29123712 -0.00235032]
2026-01-19 18:11:16,624 - position: [ 0.44669408 -1.29125416 -0.00229398]
2026-01-19 18:11:16,837 - position: [ 0.44667268 -1.29124391 -0.00238192]
2026-01-19 18:11:17,050 - position: [ 0.44670933 -1.29128945 -0.00248175]
2026-01-19 18:11:17,289 - position: [ 0.44667181 -1.29117119 -0.00241385]
2026-01-19 18:11:17,508 - position: [ 0.44668511 -1.29109943 -0.00236933]
2026-01-19 18:11:17,714 - position: [ 0.44671896 -1.29115105 -0.00234026]
2026-01-19 18:11:17,935 - position: [ 0.44677588 -1.29114616 -0.00239635]
2026-01-19 18:11:18,227 - position: [ 0.44666314 -1.29121387 -0.00237579]
2026-01-19 18:11:18,475 - position: [ 0.44667107 -1.29127085 -0.00237809]
2026-01-19 18:11:18,700 - position: [ 0.44674462 -1.29109097 -0.00249598]
2026-01-19 18:11:18,931 - position: [ 0.44678926 -1.29112899 -0.00246795]
2026-01-19 18:11:19,144 - position: [ 0.44661403 -1.29125619 -0.00241321]
2026-01-19 18:11:19,380 - position: [ 0.44661403 -1.29125619 -0.00241321]
2026-01-19 18:11:19,610 - position: [ 0.44661403 -1.29125619 -0.00241321]
2026-01-19 18:11:19,856 - position: [ 0.44677886 -1.29112363 -0.00243886]
2026-01-19 18:11:20,074 - position: [ 0.44668752 -1.29123485 -0.00238267]
2026-01-19 18:11:20,296 - position: [ 0.44664606 -1.29129744 -0.00238696]
2026-01-19 18:11:20,527 - position: [ 0.44672036 -1.29114735 -0.00245661]
2026-01-19 18:11:20,756 - position: [ 0.44667935 -1.29123831 -0.0024289 ]
2026-01-19 18:11:20,998 - position: [ 0.44667935 -1.29123831 -0.0024289 ]
2026-01-19 18:11:21,316 - position: [ 0.44674286 -1.29112661 -0.00238623]
2026-01-19 18:11:21,533 - position: [ 0.44671041 -1.29112554 -0.00245365]
2026-01-19 18:11:21,772 - position: [ 0.44666016 -1.29123306 -0.00244614]
2026-01-19 18:11:22,051 - position: [ 0.44669244 -1.29108584 -0.00245404]
2026-01-19 18:11:22,368 - position: [ 0.44672853 -1.29115617 -0.00243474]
2026-01-19 18:11:22,654 - position: [ 0.44664454 -1.29125774 -0.00241232]
2026-01-19 18:11:22,918 - position: [ 0.44664833 -1.29123509 -0.00239164]
2026-01-19 18:11:23,170 - position: [ 0.44662935 -1.2912209  -0.00237325]
2026-01-19 18:11:23,454 - position: [ 0.44669563 -1.29117095 -0.0024348 ]
2026-01-19 18:11:23,699 - position: [ 0.44669563 -1.29117095 -0.0024348 ]
2026-01-19 18:11:23,940 - position: [ 0.44663203 -1.29125154 -0.0024118 ]
2026-01-19 18:11:24,157 - position: [ 0.44673112 -1.29110634 -0.00249406]
2026-01-19 18:11:24,397 - position: [ 0.44671935 -1.29115522 -0.00246661]
2026-01-19 18:11:24,634 - position: [ 0.44667453 -1.29112685 -0.00243956]
2026-01-19 18:11:24,860 - position: [ 0.4467254  -1.29111695 -0.00240159]
2026-01-19 18:11:25,249 - position: [ 0.44666547 -1.2912699  -0.00243742]
2026-01-19 18:11:25,507 - position: [ 0.44673407 -1.29116201 -0.00245911]
2026-01-19 18:11:25,764 - position: [ 0.44672444 -1.29111826 -0.00241588]
2026-01-19 18:11:26,008 - position: [ 0.44669053 -1.29113436 -0.00240942]
2026-01-19 18:11:26,263 - position: [ 0.44668445 -1.29115236 -0.00242749]
2026-01-19 18:11:26,493 - position: [ 0.44668075 -1.29114187 -0.0024282 ]
2026-01-19 18:11:26,740 - position: [ 0.4467459  -1.29117513 -0.00241721]
2026-01-19 18:11:26,980 - position: [ 0.44676304 -1.29116738 -0.00246268]
2026-01-19 18:11:27,208 - position: [ 0.44675371 -1.29116154 -0.00245268]
2026-01-19 18:11:27,439 - position: [ 0.44678682 -1.2911787  -0.00249339]
2026-01-19 18:11:27,713 - position: [ 0.44670418 -1.29114783 -0.00242555]
2026-01-19 18:11:27,961 - position: [ 0.44669199 -1.29115486 -0.00246536]
2026-01-19 18:11:28,261 - position: [ 0.44673768 -1.29121184 -0.00244209]
2026-01-19 18:11:28,521 - position: [ 0.44668502 -1.29116499 -0.00242398]
2026-01-19 18:11:28,838 - position: [ 0.44669053 -1.29113638 -0.00245347]
2026-01-19 18:11:29,160 - position: [ 0.4467127  -1.29117417 -0.00241341]
2026-01-19 18:11:29,383 - position: [ 0.44669801 -1.29117084 -0.0024067 ]
2026-01-19 18:11:29,604 - position: [ 0.44670323 -1.29115081 -0.00246145]
2026-01-19 18:11:29,843 - position: [ 0.4466877  -1.29118013 -0.00246193]
2026-01-19 18:11:30,091 - position: [ 0.44672725 -1.29119885 -0.00244645]
2026-01-19 18:11:30,294 - position: [ 0.44674423 -1.29119349 -0.00244896]
2026-01-19 18:11:30,558 - position: [ 0.44673684 -1.29122686 -0.00250873]
2026-01-19 18:11:30,807 - position: [ 0.44669646 -1.29115546 -0.00245976]
2026-01-19 18:11:31,044 - position: [ 0.44670072 -1.2911818  -0.00247065]
2026-01-19 18:11:31,312 - position: [ 0.44671652 -1.29127026 -0.00240781]
2026-01-19 18:11:31,516 - position: [ 0.44672099 -1.29117727 -0.0024178 ]
2026-01-19 18:11:31,750 - position: [ 0.44674838 -1.29114032 -0.00243395]
2026-01-19 18:11:32,013 - position: [ 0.44670984 -1.29118323 -0.00246027]
2026-01-19 18:11:32,306 - position: [ 0.44668731 -1.29115593 -0.00246039]
2026-01-19 18:11:32,583 - position: [ 0.44668731 -1.29115593 -0.00246039]
2026-01-19 18:11:32,891 - position: [ 0.44673309 -1.2912184  -0.00245853]
2026-01-19 18:11:33,100 - position: [ 0.44673747 -1.29121292 -0.00246767]
2026-01-19 18:11:33,317 - position: [ 0.44670776 -1.29117918 -0.00244512]
2026-01-19 18:11:33,534 - position: [ 0.44673839 -1.29119885 -0.00242016]
2026-01-19 18:11:33,769 - position: [ 0.44670773 -1.29116273 -0.0024619 ]
2026-01-19 18:11:34,019 - position: [ 0.44668299 -1.29120088 -0.00240842]
2026-01-19 18:11:34,304 - position: [ 0.44672313 -1.29113102 -0.00245544]
2026-01-19 18:11:34,529 - position: [ 0.446747   -1.29115295 -0.00247089]
2026-01-19 18:11:34,766 - position: [ 0.44673017 -1.2911582  -0.00248319]
2026-01-19 18:11:35,002 - position: [ 0.4467023  -1.29118693 -0.00242012]
2026-01-19 18:11:35,285 - position: [ 0.44668463 -1.2911731  -0.00245166]
2026-01-19 18:11:35,540 - position: [ 0.44672483 -1.29115224 -0.00244254]
2026-01-19 18:11:35,760 - position: [ 0.44675016 -1.29116261 -0.00248245]
2026-01-19 18:11:36,122 - position: [ 0.44671509 -1.29115808 -0.0024879 ]
2026-01-19 18:11:36,361 - position: [ 0.44671327 -1.29116988 -0.00242923]
2026-01-19 18:11:36,572 - position: [ 0.44672969 -1.29117262 -0.00242268]
2026-01-19 18:11:36,786 - position: [ 0.44668189 -1.29118836 -0.00244953]
2026-01-19 18:11:37,033 - position: [ 0.44672987 -1.29116821 -0.0024413 ]
2026-01-19 18:11:37,266 - position: [ 0.44672617 -1.29118681 -0.00244084]
2026-01-19 18:11:37,518 - position: [ 0.4466939  -1.29116106 -0.00244859]
2026-01-19 18:11:37,753 - position: [ 0.44673067 -1.29121578 -0.00245091]
2026-01-19 18:11:38,063 - position: [ 0.44674659 -1.2912097  -0.00250669]
2026-01-19 18:11:38,293 - position: [ 0.44670948 -1.29119432 -0.00246332]
2026-01-19 18:11:38,537 - position: [ 0.44671476 -1.29119122 -0.00240536]
2026-01-19 18:11:38,780 - position: [ 0.44673416 -1.29118991 -0.00243503]
2026-01-19 18:11:39,015 - position: [ 0.4467001  -1.29116762 -0.00246414]
2026-01-19 18:11:39,259 - position: [ 0.4467127  -1.29117572 -0.00246385]
2026-01-19 18:11:39,485 - position: [ 0.4467127  -1.29117572 -0.00246385]
2026-01-19 18:11:39,733 - position: [ 0.44672808 -1.29117227 -0.0024549 ]
2026-01-19 18:11:39,991 - position: [ 0.44667786 -1.29117084 -0.00252245]
2026-01-19 18:11:40,232 - position: [ 0.44672614 -1.29120123 -0.00248644]
2026-01-19 18:11:40,461 - position: [ 0.44672471 -1.29119217 -0.00247983]
2026-01-19 18:11:40,678 - position: [ 0.446702   -1.29117239 -0.00247564]
2026-01-19 18:11:40,886 - position: [ 0.44674352 -1.29118335 -0.00250526]
2026-01-19 18:11:41,096 - position: [ 0.44676927 -1.29120243 -0.00247862]
2026-01-19 18:11:41,333 - position: [ 0.44671285 -1.29117298 -0.00246002]
2026-01-19 18:11:41,592 - position: [ 0.44677347 -1.29120123 -0.00245098]
2026-01-19 18:11:41,833 - position: [ 0.44675699 -1.29118729 -0.00244524]
2026-01-19 18:11:42,071 - position: [ 0.44674957 -1.29119325 -0.00246225]
2026-01-19 18:11:42,327 - position: [ 0.44671336 -1.29117012 -0.00252565]
2026-01-19 18:11:42,547 - position: [ 0.4467493  -1.2911818  -0.00250016]
2026-01-19 18:11:42,784 - position: [ 0.44685736 -1.29106593 -0.00237725]
2026-01-19 18:11:43,031 - position: [ 0.44677308 -1.29121208 -0.00251354]
2026-01-19 18:11:43,277 - position: [ 0.44684044 -1.29124248 -0.00248154]
2026-01-19 18:11:43,520 - position: [ 0.44679594 -1.29120827 -0.00251482]
2026-01-19 18:11:43,790 - position: [ 0.44678617 -1.29118681 -0.00252812]
2026-01-19 18:11:44,025 - position: [ 0.44678438 -1.29119134 -0.00253361]
2026-01-19 18:11:44,299 - position: [ 0.44675907 -1.29116321 -0.00255429]
2026-01-19 18:11:44,565 - position: [ 0.4467763  -1.29117715 -0.00254457]
2026-01-19 18:11:44,830 - position: [ 0.44673893 -1.29114437 -0.00255607]
2026-01-19 18:11:45,045 - position: [ 0.44678929 -1.29118097 -0.00254678]
2026-01-19 18:11:45,266 - position: [ 0.44676965 -1.29119134 -0.00255499]
2026-01-19 18:11:45,505 - position: [ 0.44674745 -1.29112828 -0.00251991]
2026-01-19 18:11:45,722 - position: [ 0.44682956 -1.29123461 -0.00254548]
2026-01-19 18:11:45,949 - position: [ 0.4468073  -1.29118943 -0.00253142]
2026-01-19 18:11:46,174 - position: [ 0.44676524 -1.2911737  -0.0025445 ]
2026-01-19 18:11:46,438 - position: [ 0.44680864 -1.29117095 -0.00253345]
2026-01-19 18:11:46,672 - position: [ 0.4468191  -1.29119503 -0.00253447]
2026-01-19 18:11:46,879 - position: [ 0.4468227  -1.29117787 -0.00252526]
2026-01-19 18:11:47,118 - position: [ 0.44676042 -1.29118109 -0.00250474]
2026-01-19 18:11:47,364 - position: [ 0.44678798 -1.29118574 -0.00252952]
2026-01-19 18:11:47,637 - position: [ 0.44678268 -1.29118454 -0.00252967]
2026-01-19 18:11:47,855 - position: [ 0.44680372 -1.29117894 -0.00248442]
2026-01-19 18:11:48,080 - position: [ 0.44680434 -1.29116917 -0.00256158]
2026-01-19 18:11:48,336 - position: [ 0.44679573 -1.29115629 -0.00253251]
2026-01-19 18:11:48,575 - position: [ 0.44677857 -1.29117763 -0.00252438]
2026-01-19 18:11:48,838 - position: [ 0.44678795 -1.29113054 -0.0025468 ]
2026-01-19 18:11:49,080 - position: [ 0.44682294 -1.29119778 -0.0025175 ]
2026-01-19 18:11:49,340 - position: [ 0.44679055 -1.29116654 -0.00251508]
2026-01-19 18:11:49,562 - position: [ 0.44676164 -1.29115796 -0.00252454]
2026-01-19 18:11:49,794 - position: [ 0.44677097 -1.29118013 -0.00250934]
2026-01-19 18:11:50,049 - position: [ 0.44678435 -1.29117453 -0.0025476 ]
2026-01-19 18:11:50,265 - position: [ 0.44674879 -1.29113722 -0.00256363]
2026-01-19 18:11:50,499 - position: [ 0.44684279 -1.29117465 -0.00255781]
2026-01-19 18:11:50,716 - position: [ 0.44684231 -1.29119086 -0.00251522]
2026-01-19 18:11:51,004 - position: [ 0.4468165  -1.29117656 -0.00255   ]
2026-01-19 18:11:51,233 - position: [ 0.44677845 -1.29115796 -0.0025513 ]
2026-01-19 18:11:51,454 - position: [ 0.44678551 -1.29118705 -0.00254882]
2026-01-19 18:11:51,708 - position: [ 0.44679299 -1.29116964 -0.00255735]
2026-01-19 18:11:51,937 - position: [ 0.44683164 -1.2911787  -0.00260261]
2026-01-19 18:11:52,226 - position: [ 0.44675717 -1.29115176 -0.00255512]
2026-01-19 18:11:52,454 - position: [ 0.44682354 -1.29117763 -0.0025292 ]
2026-01-19 18:11:52,721 - position: [ 0.44681042 -1.29115796 -0.00257631]
2026-01-19 18:11:52,950 - position: [ 0.44682196 -1.29117763 -0.00257341]
2026-01-19 18:11:53,169 - position: [ 0.44679126 -1.2911694  -0.00256597]
2026-01-19 18:11:53,419 - position: [ 0.4467648  -1.29120839 -0.00255522]
2026-01-19 18:11:53,635 - position: [ 0.44679952 -1.29114366 -0.00254961]
2026-01-19 18:11:53,849 - position: [ 0.44677639 -1.29111731 -0.00249426]
2026-01-19 18:11:54,071 - position: [ 0.44684896 -1.29119325 -0.00250213]
2026-01-19 18:11:54,286 - position: [ 0.44678473 -1.29115415 -0.00251089]
2026-01-19 18:11:54,513 - position: [ 0.44681069 -1.29115903 -0.00258292]
2026-01-19 18:11:54,746 - position: [ 0.44680509 -1.29118037 -0.00253946]
2026-01-19 18:11:54,972 - position: [ 0.44678724 -1.29120004 -0.00254098]
2026-01-19 18:11:55,224 - position: [ 0.4467788  -1.29114866 -0.00252264]
2026-01-19 18:11:55,472 - position: [ 0.44681099 -1.29116738 -0.00255603]
2026-01-19 18:11:55,708 - position: [ 0.44678965 -1.29115808 -0.00256685]
2026-01-19 18:11:55,948 - position: [ 0.44680098 -1.29119217 -0.00250034]
2026-01-19 18:11:56,157 - position: [ 0.44680303 -1.29119158 -0.00254119]
2026-01-19 18:11:56,379 - position: [ 0.44687122 -1.29082155 -0.00243383]
2026-01-19 18:11:56,602 - position: [ 0.44681162 -1.29116046 -0.00250961]
2026-01-19 18:11:56,818 - position: [ 0.44676125 -1.29117632 -0.00250601]
2026-01-19 18:11:57,103 - position: [ 0.44684345 -1.29117012 -0.00263268]
2026-01-19 18:11:57,367 - position: [ 0.44681889 -1.29112971 -0.0025473 ]
2026-01-19 18:11:57,575 - position: [ 0.44678557 -1.2911706  -0.00266449]
2026-01-19 18:11:57,785 - position: [ 0.4468008  -1.29123402 -0.00252903]
2026-01-19 18:11:58,036 - position: [ 0.44679207 -1.29109967 -0.00261761]
2026-01-19 18:11:58,280 - position: [ 0.44678822 -1.29110229 -0.00242033]
2026-01-19 18:11:58,510 - position: [ 0.44673064 -1.29126441 -0.00253191]
2026-01-19 18:11:58,804 - position: [ 0.44678602 -1.29114187 -0.00246879]
2026-01-19 18:11:59,112 - position: [ 0.44681197 -1.2911334  -0.00259888]
2026-01-19 18:11:59,347 - position: [ 0.44679132 -1.29119062 -0.00256397]
2026-01-19 18:11:59,616 - position: [ 0.44682035 -1.29109335 -0.00258297]
2026-01-19 18:11:59,897 - position: [ 0.44678739 -1.29121101 -0.00253801]
2026-01-19 18:12:00,160 - position: [ 0.44677049 -1.29121292 -0.00267917]
2026-01-19 18:12:00,394 - position: [ 0.44684336 -1.29114068 -0.00258078]
2026-01-19 18:12:00,719 - position: [ 0.44678363 -1.2911346  -0.00254208]
2026-01-19 18:12:00,939 - position: [ 0.44682059 -1.29117739 -0.00250894]
2026-01-19 18:12:01,186 - position: [ 0.4468396  -1.29119754 -0.00259582]
2026-01-19 18:12:01,408 - position: [ 0.44680068 -1.29121113 -0.00253879]
2026-01-19 18:12:01,610 - position: [ 0.4467648  -1.29118168 -0.00262186]
2026-01-19 18:12:01,854 - position: [ 0.44675916 -1.29116404 -0.00255408]
2026-01-19 18:12:02,099 - position: [ 0.44675526 -1.29118526 -0.00245618]
2026-01-19 18:12:02,330 - position: [ 0.44680879 -1.29119635 -0.00257172]
2026-01-19 18:12:02,546 - position: [ 0.44680879 -1.29119635 -0.00257172]
2026-01-19 18:12:02,880 - position: [ 0.44680256 -1.29123151 -0.00255675]
2026-01-19 18:12:03,128 - position: [ 0.4467794  -1.29115617 -0.00251769]
2026-01-19 18:12:03,365 - position: [ 0.44680023 -1.29118562 -0.00253731]
2026-01-19 18:12:03,582 - position: [ 0.44677469 -1.29111934 -0.00256153]
2026-01-19 18:12:03,814 - position: [ 0.446785   -1.29118431 -0.00255965]
2026-01-19 18:12:04,065 - position: [ 0.44681263 -1.2911886  -0.00258514]
2026-01-19 18:12:04,281 - position: [ 0.446762   -1.29117548 -0.00255814]
2026-01-19 18:12:04,502 - position: [ 0.44678158 -1.29117739 -0.00256164]
2026-01-19 18:12:04,716 - position: [ 0.44681805 -1.29115474 -0.00252338]
2026-01-19 18:12:04,938 - position: [ 0.44681269 -1.29112637 -0.00251254]
2026-01-19 18:12:05,192 - position: [ 0.44673923 -1.29113829 -0.00254263]
2026-01-19 18:12:05,405 - position: [ 0.44675997 -1.29118967 -0.00253415]
2026-01-19 18:12:05,633 - position: [ 0.44672912 -1.29113591 -0.00258569]
2026-01-19 18:12:05,876 - position: [ 0.44677424 -1.29111695 -0.00254338]
2026-01-19 18:12:06,119 - position: [ 0.44676107 -1.29107916 -0.00249419]
2026-01-19 18:12:06,340 - position: [ 0.44681233 -1.29115856 -0.00251714]
2026-01-19 18:12:06,560 - position: [ 0.44668406 -1.2910732  -0.00254024]
2026-01-19 18:12:06,828 - position: [ 0.44685453 -1.29119492 -0.00254093]
2026-01-19 18:12:07,051 - position: [ 0.4468092  -1.29118991 -0.00255212]
2026-01-19 18:12:07,281 - position: [ 0.44678363 -1.2911396  -0.00250948]
2026-01-19 18:12:07,522 - position: [ 0.4467282  -1.29112327 -0.00251217]
2026-01-19 18:12:07,775 - position: [ 0.44679147 -1.29110026 -0.00255344]
2026-01-19 18:12:08,068 - position: [ 0.44677567 -1.29110193 -0.00253453]
2026-01-19 18:12:08,343 - position: [ 0.44679493 -1.29118073 -0.00255942]
2026-01-19 18:12:08,578 - position: [ 0.44677511 -1.29113567 -0.0025632 ]
2026-01-19 18:12:08,817 - position: [ 0.44675931 -1.29119813 -0.00255844]
2026-01-19 18:12:09,049 - position: [ 0.44676062 -1.29110944 -0.00257201]
2026-01-19 18:12:09,293 - position: [ 0.44679952 -1.29109943 -0.00250755]
2026-01-19 18:12:09,606 - position: [ 0.44682109 -1.29113746 -0.00255059]
2026-01-19 18:12:09,863 - position: [ 0.44686106 -1.29114139 -0.00252368]
2026-01-19 18:12:10,085 - position: [ 0.44684446 -1.29126024 -0.00257989]
2026-01-19 18:12:10,311 - position: [ 0.44680256 -1.29116058 -0.00258556]
2026-01-19 18:12:10,528 - position: [ 0.44679525 -1.29117751 -0.00259792]
2026-01-19 18:12:10,744 - position: [ 0.44686747 -1.29073405 -0.00236961]
2026-01-19 18:12:10,974 - position: [ 0.44679227 -1.29112148 -0.00254748]
2026-01-19 18:12:11,247 - position: [ 0.44677162 -1.29111505 -0.00252356]
2026-01-19 18:12:11,465 - position: [ 0.44679701 -1.29114771 -0.00255123]
2026-01-19 18:12:11,676 - position: [ 0.44676971 -1.29109478 -0.00245114]
2026-01-19 18:12:11,947 - position: [ 0.44679093 -1.29116392 -0.00255908]
2026-01-19 18:12:12,198 - position: [ 0.44678107 -1.291237   -0.00254879]
2026-01-19 18:12:12,469 - position: [ 0.44681448 -1.29116797 -0.00253507]
2026-01-19 18:12:12,705 - position: [ 0.4467676  -1.29114008 -0.00256956]
2026-01-19 18:12:12,952 - position: [ 0.44682524 -1.29116845 -0.00252306]
2026-01-19 18:12:13,176 - position: [ 0.44682062 -1.29120111 -0.00254268]
2026-01-19 18:12:13,425 - position: [ 0.44680524 -1.29117978 -0.00253279]
2026-01-19 18:12:13,664 - position: [ 0.44678777 -1.29119158 -0.00250917]
2026-01-19 18:12:13,886 - position: [ 0.44681832 -1.29117215 -0.00257619]
2026-01-19 18:12:14,110 - position: [ 0.44682443 -1.29118621 -0.00251405]
2026-01-19 18:12:14,337 - position: [ 0.44674149 -1.29130125 -0.00250653]
2026-01-19 18:12:14,573 - position: [ 0.44677046 -1.29117715 -0.00253882]
