2026-01-17 19:25:58,438 - position: [-0.33021185 -0.06741866  0.65940261] - angle: -3.0564173221069986
2026-01-17 19:25:58,674 - position: [-0.33191252 -0.06765153  0.66073126] - angle: -3.0570365518240936
2026-01-17 19:25:58,953 - position: [-0.33615702 -0.06823882  0.66806251] - angle: -3.0560667790791873
2026-01-17 19:25:59,179 - position: [-0.34132856 -0.07050115  0.68584216] - angle: -3.0566589936574156
2026-01-17 19:25:59,463 - position: [-0.34367368 -0.07299734  0.70367783] - angle: -3.0565608682186793
2026-01-17 19:25:59,695 - position: [-0.34412652 -0.07446398  0.71463948] - angle: -3.056665440227322
2026-01-17 19:25:59,903 - position: [-0.3442314  -0.07529723  0.7219469 ] - angle: -3.0562463935411106
2026-01-17 19:26:00,112 - position: [-0.3455075  -0.07805365  0.74102032] - angle: -3.0562441284385846
2026-01-17 19:26:00,346 - position: [-0.3461858  -0.08007406  0.74634951] - angle: -3.0572591307083306
2026-01-17 19:26:00,572 - position: [-0.34628993 -0.08082009  0.74639851] - angle: -3.0568435826383986
2026-01-17 19:26:00,807 - position: [-0.34661442 -0.0829292   0.73983818] - angle: -3.056585482668708
2026-01-17 19:26:01,019 - position: [-0.34687287 -0.0838644   0.73411757] - angle: -3.0566225180246804
2026-01-17 19:26:01,278 - position: [-0.34692118 -0.08428983  0.72926295] - angle: -3.056851488323792
2026-01-17 19:26:01,515 - position: [-0.34543332 -0.08373501  0.7251547 ] - angle: -3.0571619263033725
2026-01-17 19:26:01,734 - position: [-0.34490272 -0.08361829  0.72774333] - angle: -3.0565642646315654
2026-01-17 19:26:02,071 - position: [-0.34493244 -0.08251361  0.76132935] - angle: -3.0570811056090257
2026-01-17 19:26:02,308 - position: [-0.34607288 -0.08232089  0.7694332 ] - angle: -3.057355510535725
2026-01-17 19:26:02,533 - position: [-0.35000652 -0.08310185  0.79028332] - angle: -3.0565236853558364
2026-01-17 19:26:02,774 - position: [-0.35223988 -0.08438477  0.79864144] - angle: -3.057155611805653
2026-01-17 19:26:03,063 - position: [-0.35683084 -0.09026045  0.82110339] - angle: -3.057201687374345
2026-01-17 19:26:03,280 - position: [-0.35711235 -0.09078686  0.82355517] - angle: -3.056851312071667
2026-01-17 19:26:03,498 - position: [-0.35782912 -0.09434238  0.83937693] - angle: -3.057706575992534
2026-01-17 19:26:03,720 - position: [-0.35779539 -0.09600535  0.84905064] - angle: -3.0572725892418875
2026-01-17 19:26:03,975 - position: [-0.35763073 -0.09623004  0.85277838] - angle: -3.057399681723634
2026-01-17 19:26:04,202 - position: [-0.35723233 -0.09642625  0.85713923] - angle: -3.0570701468585098
2026-01-17 19:26:04,476 - position: [-0.3563799  -0.09746642  0.86942929] - angle: -3.057465177476018
2026-01-17 19:26:04,739 - position: [-0.35576043 -0.09833127  0.87767124] - angle: -3.0575840786521695
2026-01-17 19:26:04,993 - position: [-0.35570323 -0.09841194  0.87833291] - angle: -3.0573126208378216
2026-01-17 19:26:05,210 - position: [-0.3559038  -0.0985659   0.87980431] - angle: -3.058766955924794
2026-01-17 19:26:05,462 - position: [-0.35616595 -0.098672    0.88195127] - angle: -3.05865776400593
2026-01-17 19:26:05,704 - position: [-0.35790691 -0.09747261  0.88276142] - angle: -3.0583458245825375
2026-01-17 19:26:05,929 - position: [-0.3631483  -0.09677085  0.87249559] - angle: -3.057373937544899
2026-01-17 19:26:06,202 - position: [-0.36464384 -0.09548711  0.86419892] - angle: -3.0576400605571035
2026-01-17 19:26:06,452 - position: [-0.36531582 -0.0948301   0.85883874] - angle: -3.056479844585054
2026-01-17 19:26:06,750 - position: [-0.36504316 -0.09400199  0.85324901] - angle: -3.05818416604681
2026-01-17 19:26:07,005 - position: [-0.36479267 -0.09376428  0.85084176] - angle: -3.0571333346335536
2026-01-17 19:26:07,268 - position: [-0.36427206 -0.09378859  0.84799659] - angle: -3.056958369835353
2026-01-17 19:26:07,493 - position: [-0.3641983  -0.09432013  0.84483576] - angle: -3.0580579448766274
2026-01-17 19:26:07,734 - position: [-0.36487517 -0.09473978  0.84342027] - angle: -3.0577900712733315
2026-01-17 19:26:07,951 - position: [-0.3679575  -0.09584945  0.83978665] - angle: -3.0574752479248106
2026-01-17 19:26:08,180 - position: [-0.37026197 -0.09651012  0.83747435] - angle: -3.058128475909983
2026-01-17 19:26:08,427 - position: [-0.3751865  -0.09800085  0.83003086] - angle: -3.057732867185109
2026-01-17 19:26:08,640 - position: [-0.3758736  -0.09827179  0.82893056] - angle: -3.0577555032335546
2026-01-17 19:26:08,859 - position: [-0.37762871 -0.09874015  0.82583684] - angle: -3.0577557120172116
2026-01-17 19:26:09,091 - position: [-0.37938172 -0.09885634  0.82083994] - angle: -3.0581696417526314
2026-01-17 19:26:09,307 - position: [-0.37926829 -0.09861132  0.81783205] - angle: -3.058186411701671
2026-01-17 19:26:09,564 - position: [-0.37878093 -0.09813619  0.81508064] - angle: -3.0580629077586887
2026-01-17 19:26:09,793 - position: [-0.37803352 -0.09672864  0.81055927] - angle: -3.057363652531052
2026-01-17 19:26:10,016 - position: [-0.38019153 -0.09599359  0.80693197] - angle: -3.058156584228492
2026-01-17 19:26:10,287 - position: [-0.38113067 -0.09671354  0.80459625] - angle: -3.0574249791147716
2026-01-17 19:26:10,496 - position: [-0.38138902 -0.09692719  0.80411619] - angle: -3.057235091858164
2026-01-17 19:26:10,731 - position: [-0.3824442  -0.09677594  0.80292386] - angle: -3.057993188006776
2026-01-17 19:26:10,952 - position: [-0.38270092 -0.09584279  0.80348313] - angle: -3.057243492337418
2026-01-17 19:26:11,181 - position: [-0.38264522 -0.09503282  0.80511308] - angle: -3.057481153570417
2026-01-17 19:26:11,462 - position: [-0.38186309 -0.09377766  0.80796438] - angle: -3.057757211701117
2026-01-17 19:26:11,723 - position: [-0.38194573 -0.09324959  0.80915922] - angle: -3.0571859159060297
2026-01-17 19:26:12,029 - position: [-0.38313061 -0.0941883   0.81051022] - angle: -3.057694890721433
2026-01-17 19:26:12,268 - position: [-0.38203973 -0.09522307  0.81003028] - angle: -3.057927908945003
2026-01-17 19:26:12,504 - position: [-0.38180095 -0.0953171   0.80990785] - angle: -3.0577906075323433
2026-01-17 19:26:12,741 - position: [-0.38248852 -0.09731181  0.80699611] - angle: -3.0580146828519132
2026-01-17 19:26:12,946 - position: [-0.38431302 -0.0986208   0.80502015] - angle: -3.0577483356994644
2026-01-17 19:26:13,165 - position: [-0.3860234  -0.09923378  0.80364186] - angle: -3.058079024472647
2026-01-17 19:26:13,392 - position: [-0.38705838 -0.09928863  0.80303466] - angle: -3.0577799849775746
2026-01-17 19:26:13,608 - position: [-0.38864255 -0.09816875  0.80265832] - angle: -3.056836529555165
2026-01-17 19:26:13,881 - position: [-0.38925421 -0.09705824  0.80274034] - angle: -3.0571914642477886
2026-01-17 19:26:14,132 - position: [-0.38925526 -0.09615811  0.80332589] - angle: -3.057714523584079
2026-01-17 19:26:14,334 - position: [-0.39067832 -0.09520955  0.80470443] - angle: -3.0577670918293647
2026-01-17 19:26:14,547 - position: [-0.39159715 -0.09452562  0.80584377] - angle: -3.0576359187257203
2026-01-17 19:26:14,766 - position: [-0.39159331 -0.09442052  0.80630028] - angle: -3.058079919911321
2026-01-17 19:26:15,009 - position: [-0.3906101  -0.09388831  0.80686468] - angle: -3.058394730141747
2026-01-17 19:26:15,252 - position: [-0.38867295 -0.09380989  0.80647951] - angle: -3.0583297456588765
2026-01-17 19:26:15,479 - position: [-0.3864907  -0.09372422  0.80468285] - angle: -3.057744102681874
2026-01-17 19:26:15,690 - position: [-0.38535559 -0.09361398  0.80363959] - angle: -3.0580520176248998
2026-01-17 19:26:15,971 - position: [-0.38023788 -0.0939188   0.79783213] - angle: -3.058684488128013
2026-01-17 19:26:16,219 - position: [-0.37815401 -0.09349549  0.79507452] - angle: -3.0580953353000973
2026-01-17 19:26:16,450 - position: [-0.37608972 -0.09341358  0.79154855] - angle: -3.057074784068506
2026-01-17 19:26:16,680 - position: [-0.37382153 -0.09340964  0.78559393] - angle: -3.0579569080609375
2026-01-17 19:26:16,929 - position: [-0.37321302 -0.09302875  0.7834304 ] - angle: -3.0585257130574424
2026-01-17 19:26:17,154 - position: [-0.37305516 -0.09294134  0.78280181] - angle: -3.0587458459162824
2026-01-17 19:26:17,399 - position: [-0.37277567 -0.09272226  0.78183848] - angle: -3.0584966599924637
2026-01-17 19:26:17,615 - position: [-0.37204805 -0.09145726  0.77940291] - angle: -3.0582529286867466
2026-01-17 19:26:17,824 - position: [-0.37221399 -0.09125198  0.77807409] - angle: -3.05870952449429
2026-01-17 19:26:18,092 - position: [-0.37235036 -0.09087101  0.77592027] - angle: -3.057946219533905
2026-01-17 19:26:18,353 - position: [-0.37229088 -0.08856663  0.77372241] - angle: -3.0575452760338404
2026-01-17 19:26:18,580 - position: [-0.37177429 -0.08574577  0.77240962] - angle: -3.0577097075922657
2026-01-17 19:26:18,833 - position: [-0.37168506 -0.08459064  0.77148861] - angle: -3.0574634095368385
2026-01-17 19:26:19,054 - position: [-0.3712247  -0.08422608  0.77085429] - angle: -3.056238495641716
2026-01-17 19:26:19,281 - position: [-0.36656806 -0.08404966  0.76798016] - angle: -3.0575180234109425
2026-01-17 19:26:19,507 - position: [-0.36324453 -0.08356702  0.76673049] - angle: -3.0578288293831397
2026-01-17 19:26:19,775 - position: [-0.35859606 -0.0827938   0.76592511] - angle: -3.057649031943802
2026-01-17 19:26:19,984 - position: [-0.35580021 -0.08239294  0.76599187] - angle: -3.0581537924880213
2026-01-17 19:26:20,227 - position: [-0.35374624 -0.08260712  0.76611441] - angle: -3.0581407321022316
2026-01-17 19:26:20,473 - position: [-0.35127923 -0.08445593  0.76658243] - angle: -3.057711378880251
2026-01-17 19:26:20,712 - position: [-0.34908482 -0.08531476  0.76680797] - angle: -3.0585539508382986
2026-01-17 19:26:20,966 - position: [-0.34696263 -0.08540554  0.76730579] - angle: -3.0580930794950474
2026-01-17 19:26:21,191 - position: [-0.34033436 -0.08479252  0.76773721] - angle: -3.058029732793427
2026-01-17 19:26:21,444 - position: [-0.33909419 -0.08487462  0.76716894] - angle: -3.0593148313061924
2026-01-17 19:26:21,690 - position: [-0.33880883 -0.0846621   0.76677251] - angle: -3.0593217860279696
2026-01-17 19:26:21,922 - position: [-0.33947822 -0.08425291  0.76704389] - angle: -3.058295831456805
2026-01-17 19:26:22,143 - position: [-0.34008753 -0.08245993  0.76773161] - angle: -3.058005475599785
2026-01-17 19:26:22,464 - position: [-0.33975682 -0.08195456  0.76799291] - angle: -3.0580804244414033
2026-01-17 19:26:22,691 - position: [-0.3390868  -0.08263263  0.76831681] - angle: -3.0581671861027155
2026-01-17 19:26:22,966 - position: [-0.33778009 -0.0837769   0.76887488] - angle: -3.058859366131797
2026-01-17 19:26:23,197 - position: [-0.33694398 -0.08387876  0.76918197] - angle: -3.0585605652576495
2026-01-17 19:26:23,439 - position: [-0.33554018 -0.08522478  0.77052897] - angle: -3.058009137075047
2026-01-17 19:26:23,660 - position: [-0.33685344 -0.08668866  0.77127028] - angle: -3.0581289187431224
2026-01-17 19:26:23,909 - position: [-0.33850944 -0.08781874  0.77166891] - angle: -3.0571100527014314
2026-01-17 19:26:24,175 - position: [-0.34256223 -0.08914026  0.77322721] - angle: -3.058760123044733
2026-01-17 19:26:24,399 - position: [-0.34549803 -0.08915029  0.77580017] - angle: -3.05763042032706
2026-01-17 19:26:24,616 - position: [-0.34877586 -0.08861502  0.77932352] - angle: -3.057799438121587
2026-01-17 19:26:24,874 - position: [-0.35135832 -0.08713045  0.78373355] - angle: -3.0578887635439935
2026-01-17 19:26:25,101 - position: [-0.35240448 -0.0865059   0.78583121] - angle: -3.058002387268985
2026-01-17 19:26:25,310 - position: [-0.35416079 -0.08544346  0.78945798] - angle: -3.0576968976914456
2026-01-17 19:26:25,537 - position: [-0.35517406 -0.08552814  0.79011726] - angle: -3.0584788221610566
2026-01-17 19:26:25,766 - position: [-0.35783854 -0.08658798  0.79027045] - angle: -3.0598979234304684
2026-01-17 19:26:25,972 - position: [-0.35889709 -0.08739062  0.79028779] - angle: -3.059186111296295
2026-01-17 19:26:26,173 - position: [-0.35974494 -0.08830459  0.7905066 ] - angle: -3.058381316433577
2026-01-17 19:26:26,410 - position: [-0.36069968 -0.08906887  0.79125303] - angle: -3.058114142852287
2026-01-17 19:26:26,682 - position: [-0.36504129 -0.09028563  0.7925936 ] - angle: -3.05811198692186
2026-01-17 19:26:26,883 - position: [-0.36603305 -0.09047761  0.7929334 ] - angle: -3.0580990114857203
2026-01-17 19:26:27,118 - position: [-0.36968455 -0.0912414   0.79425621] - angle: -3.059206417099734
2026-01-17 19:26:27,437 - position: [-0.37609893 -0.09179885  0.79693615] - angle: -3.058655984058219
2026-01-17 19:26:27,715 - position: [-0.37689579 -0.09145631  0.79759359] - angle: -3.0585897102533455
2026-01-17 19:26:27,932 - position: [-0.37999856 -0.09071262  0.79984319] - angle: -3.0582074202918452
2026-01-17 19:26:28,193 - position: [-0.3823157  -0.09156761  0.80142993] - angle: -3.0583995402067408
2026-01-17 19:26:28,481 - position: [-0.38420153 -0.0921565   0.80235451] - angle: -3.058142171455685
2026-01-17 19:26:28,767 - position: [-0.3858178  -0.09038407  0.80115849] - angle: -3.058308362567079
2026-01-17 19:26:28,996 - position: [-0.38450798 -0.08913738  0.79925883] - angle: -3.058912910340498
2026-01-17 19:26:29,250 - position: [-0.38377962 -0.0891532   0.7966283 ] - angle: -3.057888023317851
2026-01-17 19:26:29,520 - position: [-0.38298982 -0.08957113  0.79454291] - angle: -3.0577559569224917
2026-01-17 19:26:29,753 - position: [-0.38149315 -0.08986384  0.79260272] - angle: -3.057216798757795
2026-01-17 19:26:30,000 - position: [-0.38108501 -0.0899853   0.79181319] - angle: -3.05698008585576
2026-01-17 19:26:30,252 - position: [-0.38101622 -0.09007206  0.79082602] - angle: -3.056812664350662
2026-01-17 19:26:30,456 - position: [-0.38131896 -0.08991673  0.79002243] - angle: -3.0569036564130596
2026-01-17 19:26:30,703 - position: [-0.3828989  -0.08874794  0.78722405] - angle: -3.0577165678444342
2026-01-17 19:26:30,959 - position: [-0.3846246  -0.08886882  0.78518736] - angle: -3.058346409921379
2026-01-17 19:26:31,253 - position: [-0.38764998 -0.08866001  0.78120112] - angle: -3.0582492818643283
2026-01-17 19:26:31,506 - position: [-0.38847238 -0.08775827  0.77968687] - angle: -3.0576624119262843
2026-01-17 19:26:31,742 - position: [-0.38818821 -0.08518106  0.77924746] - angle: -3.0565478730441695
