2026-01-19 18:38:10,928 - position: [-0.04768305  2.30459356  0.83214021] - angle: 3.102443895396041
2026-01-19 18:38:11,185 - position: [-0.04841984  2.30556965  0.82961446] - angle: 3.1029096615218426
2026-01-19 18:38:11,417 - position: [-0.04841984  2.30556965  0.82961446] - angle: 3.1029096615218426
2026-01-19 18:38:11,631 - position: [-0.04887258  2.30601811  0.82840025] - angle: 3.1032142965712395
2026-01-19 18:38:11,864 - position: [-0.04959508  2.30718422  0.82659996] - angle: 3.1027635188686533
2026-01-19 18:38:12,133 - position: [-0.04811649  2.31015086  0.82619017] - angle: 3.103346938036063
2026-01-19 18:38:12,389 - position: [-0.03850378  2.31592131  0.76584983] - angle: 3.1024743642554675
2026-01-19 18:38:12,623 - position: [-0.03877733  2.31565309  0.7278955 ] - angle: 3.1031773867994015
2026-01-19 18:38:12,831 - position: [-0.04169976  2.31489372  0.68618995] - angle: 3.102870554980214
2026-01-19 18:38:13,109 - position: [-0.04833381  2.31562901  0.6556372 ] - angle: 3.1033280698935872
2026-01-19 18:38:13,347 - position: [-0.05224855  2.31642342  0.64722502] - angle: 3.102732964134682
2026-01-19 18:38:13,570 - position: [-0.0626945   2.31844354  0.63694614] - angle: 3.1032768735598584
2026-01-19 18:38:13,803 - position: [-0.074223    2.31978917  0.63762027] - angle: 3.1030708266228726
2026-01-19 18:38:14,036 - position: [-0.08525125  2.31895447  0.64245725] - angle: 3.103963764565334
2026-01-19 18:38:14,271 - position: [-0.09410488  2.31710744  0.65514266] - angle: 3.1036915879349882
2026-01-19 18:38:14,569 - position: [-0.09789205  2.31600857  0.66512793] - angle: 3.1034230435473105
2026-01-19 18:38:14,829 - position: [-0.10081525  2.31497335  0.67454511] - angle: 3.103738598359703
2026-01-19 18:38:15,076 - position: [-0.10828963  2.31051207  0.70327836] - angle: 3.103619741922893
2026-01-19 18:38:15,377 - position: [-0.11143269  2.30809808  0.71785849] - angle: 3.1034251143322815
2026-01-19 18:38:15,635 - position: [-0.11260135  2.30690408  0.72267795] - angle: 3.103424546013754
2026-01-19 18:38:15,966 - position: [-0.11340795  2.30616522  0.72555959] - angle: 3.103376938332973
2026-01-19 18:38:16,211 - position: [-0.11725494  2.30440879  0.73077625] - angle: 3.1030955553384496
2026-01-19 18:38:16,442 - position: [-0.11786296  2.30320549  0.72964156] - angle: 3.10348455841559
2026-01-19 18:38:16,675 - position: [-0.11712626  2.30029464  0.72394794] - angle: 3.1041521623987416
2026-01-19 18:38:16,915 - position: [-0.11493404  2.3006022   0.72131884] - angle: 3.1038434153550103
2026-01-19 18:38:17,170 - position: [-0.11402194  2.30084109  0.72059458] - angle: 3.1038850959544795
2026-01-19 18:38:17,392 - position: [-0.11034374  2.30072403  0.71720243] - angle: 3.1044355756375586
2026-01-19 18:38:17,643 - position: [-0.10805807  2.30001974  0.71555853] - angle: 3.1041650923339854
2026-01-19 18:38:17,891 - position: [-0.10626743  2.29906678  0.71395993] - angle: 3.104080354749876
2026-01-19 18:38:18,156 - position: [-0.10676916  2.29771185  0.71093297] - angle: 3.1047708134360814
2026-01-19 18:38:18,379 - position: [-0.10750131  2.29743075  0.7097494 ] - angle: 3.1042784997795727
2026-01-19 18:38:18,647 - position: [-0.11146251  2.2958653   0.70518893] - angle: 3.104336188809091
2026-01-19 18:38:18,971 - position: [-0.11795825  2.29299521  0.6990999 ] - angle: 3.1046493987331876
2026-01-19 18:38:19,192 - position: [-0.12100787  2.29116535  0.69646442] - angle: 3.104792630540214
2026-01-19 18:38:19,500 - position: [-0.12499884  2.28837085  0.6901328 ] - angle: 3.1041003009492028
2026-01-19 18:38:19,735 - position: [-0.12543012  2.28786421  0.68822736] - angle: 3.10438050404349
2026-01-19 18:38:20,023 - position: [-0.12321186  2.28748035  0.68117148] - angle: 3.104826648265152
2026-01-19 18:38:20,280 - position: [-0.12274117  2.2874186   0.6798501 ] - angle: 3.10436029646488
2026-01-19 18:38:20,508 - position: [-0.12107835  2.28800535  0.67350197] - angle: 3.104741443738219
2026-01-19 18:38:20,748 - position: [-0.12167585  2.28882742  0.67076433] - angle: 3.1046077331566315
2026-01-19 18:38:21,100 - position: [-0.12429955  2.28990579  0.66796052] - angle: 3.104544370501041
2026-01-19 18:38:21,361 - position: [-0.12593174  2.29059887  0.66670036] - angle: 3.104434193424603
2026-01-19 18:38:21,585 - position: [-0.12808841  2.29146576  0.66573006] - angle: 3.104773660785729
2026-01-19 18:38:21,847 - position: [-0.12989749  2.29194832  0.66499305] - angle: 3.105179619525318
2026-01-19 18:38:22,140 - position: [-0.13411124  2.29262877  0.6632933 ] - angle: 3.1045356432150824
2026-01-19 18:38:22,365 - position: [-0.13730827  2.29236031  0.66149604] - angle: 3.1048868259604436
2026-01-19 18:38:22,614 - position: [-0.139413    2.29205489  0.65923369] - angle: 3.10554576974295
2026-01-19 18:38:22,847 - position: [-0.14051363  2.29225087  0.65801877] - angle: 3.1053089079604526
2026-01-19 18:38:23,075 - position: [-0.144173    2.29254031  0.65452302] - angle: 3.104994822998952
2026-01-19 18:38:23,304 - position: [-0.1468436   2.29297113  0.65141267] - angle: 3.1051548125904995
2026-01-19 18:38:23,576 - position: [-0.14894365  2.29333591  0.64813453] - angle: 3.10505460643898
2026-01-19 18:38:23,826 - position: [-0.14965323  2.29317141  0.64689052] - angle: 3.105377864290591
2026-01-19 18:38:24,064 - position: [-0.14940694  2.29211664  0.64531809] - angle: 3.1054283208400797
2026-01-19 18:38:24,286 - position: [-0.14887536  2.2913022   0.64470387] - angle: 3.1052988093552507
2026-01-19 18:38:24,498 - position: [-0.14918478  2.29057503  0.64411449] - angle: 3.105882107544449
2026-01-19 18:38:24,725 - position: [-0.15028632  2.28925061  0.64290434] - angle: 3.1060117904023423
2026-01-19 18:38:24,936 - position: [-0.15128426  2.28788304  0.6427775 ] - angle: 3.105983999405212
2026-01-19 18:38:25,158 - position: [-0.15128426  2.28788304  0.6427775 ] - angle: 3.105983999405212
2026-01-19 18:38:25,396 - position: [-0.15261109  2.28569722  0.64466423] - angle: 3.1064080031838888
2026-01-19 18:38:25,641 - position: [-0.15325895  2.28482676  0.64656162] - angle: 3.105852977293635
2026-01-19 18:38:25,879 - position: [-0.15312783  2.28498673  0.64853579] - angle: 3.106446607368886
2026-01-19 18:38:26,113 - position: [-0.1530036   2.28606558  0.65036839] - angle: 3.106915383006445
2026-01-19 18:38:26,337 - position: [-0.15302901  2.28610015  0.65032315] - angle: 3.1070520271198303
2026-01-19 18:38:26,555 - position: [-0.15216441  2.2875452   0.65176535] - angle: 3.1069599739178626
2026-01-19 18:38:26,804 - position: [-0.15212694  2.28808832  0.65284741] - angle: 3.1070698779952792
2026-01-19 18:38:27,048 - position: [-0.15209235  2.28850818  0.65384603] - angle: 3.10703299660448
2026-01-19 18:38:27,293 - position: [-0.15184596  2.28922796  0.6548081 ] - angle: 3.107618934575341
2026-01-19 18:38:27,559 - position: [-0.15120384  2.29039669  0.65561384] - angle: 3.107240737446702
2026-01-19 18:38:27,767 - position: [-0.14944445  2.29241109  0.65638787] - angle: 3.107032270351887
2026-01-19 18:38:27,972 - position: [-0.14840634  2.29384589  0.65644968] - angle: 3.1070106611938115
2026-01-19 18:38:28,227 - position: [-0.14929806  2.29424095  0.65552646] - angle: 3.10686812052409
2026-01-19 18:38:28,476 - position: [-0.15200362  2.29393339  0.65369546] - angle: 3.1070278955700585
2026-01-19 18:38:28,708 - position: [-0.15367839  2.29329967  0.65218508] - angle: 3.107927194140272
2026-01-19 18:38:28,938 - position: [-0.1544662   2.29278588  0.6515373 ] - angle: 3.1080701810320748
2026-01-19 18:38:29,179 - position: [-0.15604363  2.29091144  0.65075117] - angle: 3.1079752282210658
2026-01-19 18:38:29,470 - position: [-0.1572009   2.28976178  0.65071213] - angle: 3.10803799104305
2026-01-19 18:38:29,759 - position: [-0.1602551   2.28707457  0.6510585 ] - angle: 3.107568145782542
2026-01-19 18:38:29,966 - position: [-0.16298455  2.28470969  0.6531139 ] - angle: 3.1080787104506156
2026-01-19 18:38:30,179 - position: [-0.16510311  2.28283548  0.65719163] - angle: 3.108490455256166
2026-01-19 18:38:30,384 - position: [-0.16537733  2.28230476  0.6589362 ] - angle: 3.108391066292458
2026-01-19 18:38:30,611 - position: [-0.16570963  2.28235793  0.66127533] - angle: 3.1085370203991376
2026-01-19 18:38:30,824 - position: [-0.16594201  2.28303051  0.66368085] - angle: 3.1089266835051954
2026-01-19 18:38:31,069 - position: [-0.1661997   2.28305387  0.6650613 ] - angle: 3.1085353259027033
2026-01-19 18:38:31,292 - position: [-0.16711988  2.28166485  0.66543454] - angle: 3.108220078300037
2026-01-19 18:38:31,506 - position: [-0.16753916  2.28094125  0.66539603] - angle: 3.1082120082854328
2026-01-19 18:38:31,759 - position: [-0.16870317  2.27985096  0.6648438 ] - angle: 3.1086216124740367
2026-01-19 18:38:31,995 - position: [-0.16884157  2.27980065  0.66447067] - angle: 3.1085648912277497
2026-01-19 18:38:32,235 - position: [-0.16862009  2.27988791  0.66466773] - angle: 3.1086278715334292
2026-01-19 18:38:32,530 - position: [-0.16825151  2.27989101  0.66483915] - angle: 3.1084653411340404
2026-01-19 18:38:32,849 - position: [-0.16509287  2.2798245   0.66744572] - angle: 3.1082945229762204
2026-01-19 18:38:33,069 - position: [-0.16422199  2.2790072   0.67040622] - angle: 3.1081848630176765
2026-01-19 18:38:33,349 - position: [-0.16438855  2.27863288  0.67132699] - angle: 3.1085311803203513
2026-01-19 18:38:33,705 - position: [-0.16826725  2.27644563  0.67413121] - angle: 3.1089518194560593
2026-01-19 18:38:33,959 - position: [-0.17047407  2.27581215  0.67420053] - angle: 3.1086899794256153
2026-01-19 18:38:34,211 - position: [-0.17407648  2.27521896  0.67463058] - angle: 3.10899932819495
2026-01-19 18:38:34,428 - position: [-0.17496899  2.27507567  0.67478633] - angle: 3.108768935516653
2026-01-19 18:38:34,670 - position: [-0.18094923  2.27562952  0.67495787] - angle: 3.108934967558972
2026-01-19 18:38:34,903 - position: [-0.18160953  2.27606153  0.67513102] - angle: 3.1087938318543067
2026-01-19 18:38:35,161 - position: [-0.18258323  2.27728581  0.67541701] - angle: 3.109210508905486
2026-01-19 18:38:35,420 - position: [-0.18258323  2.27728581  0.67541701] - angle: 3.109210508905486
2026-01-19 18:38:35,641 - position: [-0.18295576  2.27928948  0.67273545] - angle: 3.1103474516308394
2026-01-19 18:38:35,882 - position: [-0.18326785  2.28004956  0.6699279 ] - angle: 3.1099707929616685
2026-01-19 18:38:36,133 - position: [-0.18337668  2.28047085  0.66830021] - angle: 3.1101618368396626
2026-01-19 18:38:36,413 - position: [-0.18285693  2.28075051  0.66515684] - angle: 3.110415149903832
2026-01-19 18:38:36,647 - position: [-0.1830001   2.2806623   0.66467017] - angle: 3.110505415462156
2026-01-19 18:38:36,871 - position: [-0.18398066  2.28057003  0.66454393] - angle: 3.1109117003856284
2026-01-19 18:38:37,113 - position: [-0.18623959  2.28164005  0.66662759] - angle: 3.1108488798229184
2026-01-19 18:38:37,391 - position: [-0.1919701   2.28159714  0.67068791] - angle: 3.111882454546409
2026-01-19 18:38:37,655 - position: [-0.19727845  2.28053451  0.67418075] - angle: 3.111715850482904
2026-01-19 18:38:37,858 - position: [-0.19747773  2.28045344  0.67417669] - angle: 3.1116997812117067
2026-01-19 18:38:38,096 - position: [-0.19973446  2.27982235  0.67478752] - angle: 3.1120032533870585
2026-01-19 18:38:38,342 - position: [-0.20685373  2.27743912  0.67550594] - angle: 3.1121105192698924
2026-01-19 18:38:38,598 - position: [-0.21088751  2.27669382  0.67611134] - angle: 3.1117696986422474
2026-01-19 18:38:38,837 - position: [-0.21310899  2.27629066  0.67620397] - angle: 3.1127591186298473
2026-01-19 18:38:39,080 - position: [-0.21721932  2.27571368  0.67695701] - angle: 3.113162776195831
2026-01-19 18:38:39,315 - position: [-0.2216374   2.27514648  0.67709792] - angle: 3.112664575960638
2026-01-19 18:38:39,526 - position: [-0.22329472  2.27496815  0.67589802] - angle: 3.1124524856541944
2026-01-19 18:38:39,785 - position: [-0.22387244  2.27481031  0.67482978] - angle: 3.1121543471060926
2026-01-19 18:38:40,027 - position: [-0.22386086  2.27398086  0.67297906] - angle: 3.1127549493988127
2026-01-19 18:38:40,289 - position: [-0.22337545  2.2732687   0.67174566] - angle: 3.112680975062557
2026-01-19 18:38:40,527 - position: [-0.22187249  2.27265477  0.67117602] - angle: 3.1134771557707035
2026-01-19 18:38:40,761 - position: [-0.2185363   2.27182436  0.67124051] - angle: 3.1130744116801745
2026-01-19 18:38:41,016 - position: [-0.21663123  2.27173829  0.67102879] - angle: 3.1136162692661777
2026-01-19 18:38:41,262 - position: [-0.21529193  2.27230716  0.67039078] - angle: 3.113309179168973
2026-01-19 18:38:41,504 - position: [-0.21529193  2.27230716  0.67039078] - angle: 3.113309179168973
2026-01-19 18:38:41,711 - position: [-0.21155706  2.27600694  0.66235787] - angle: 3.1143830132427213
2026-01-19 18:38:41,968 - position: [-0.2108116   2.27702665  0.65710837] - angle: 3.114238559698391
2026-01-19 18:38:42,206 - position: [-0.21102418  2.27771688  0.6529792 ] - angle: 3.1141908259065554
2026-01-19 18:38:42,452 - position: [-0.21241848  2.27903032  0.64736247] - angle: 3.11438245931068
2026-01-19 18:38:42,707 - position: [-0.21264355  2.27933216  0.64670414] - angle: 3.1140826704891107
2026-01-19 18:38:42,960 - position: [-0.21117714  2.28219247  0.64463127] - angle: 3.114462613010362
2026-01-19 18:38:43,247 - position: [-0.21041343  2.28360486  0.64395308] - angle: 3.114582029570965
2026-01-19 18:38:43,468 - position: [-0.21104522  2.28380442  0.64396876] - angle: 3.114641033712106
2026-01-19 18:38:43,722 - position: [-0.21401054  2.28318357  0.64328498] - angle: 3.1153586025380298
2026-01-19 18:38:43,934 - position: [-0.21661362  2.28294516  0.64306378] - angle: 3.1155621075939273
2026-01-19 18:38:44,181 - position: [-0.21983591  2.28302622  0.64419925] - angle: 3.1150008949531216
2026-01-19 18:38:44,432 - position: [-0.22101411  2.28322244  0.64478761] - angle: 3.1155719995460625
2026-01-19 18:38:44,642 - position: [-0.22400318  2.28324056  0.6474424 ] - angle: 3.115937345754399
2026-01-19 18:38:44,870 - position: [-0.2258262   2.28261089  0.65070176] - angle: 3.11634963120467
2026-01-19 18:38:45,150 - position: [-0.22605649  2.28238392  0.65143257] - angle: 3.1159991304003443
2026-01-19 18:38:45,373 - position: [-0.22497588  2.28070736  0.65272433] - angle: 3.116722849042261
2026-01-19 18:38:45,658 - position: [-0.22368383  2.28026485  0.65251297] - angle: 3.116801480491212
2026-01-19 18:38:45,901 - position: [-0.22266683  2.28012204  0.65201956] - angle: 3.1164085412534
2026-01-19 18:38:46,248 - position: [-0.21936527  2.28018475  0.65014935] - angle: 3.116133074181965
2026-01-19 18:38:46,472 - position: [-0.21326819  2.28056717  0.64877659] - angle: 3.117283194219264
2026-01-19 18:38:46,736 - position: [-0.21159708  2.28071213  0.64887547] - angle: 3.1170935528664048
2026-01-19 18:38:47,039 - position: [-0.20759502  2.28121138  0.64879203] - angle: 3.117697321020793
2026-01-19 18:38:47,278 - position: [-0.20610388  2.28194237  0.64871806] - angle: 3.1178080123371297
2026-01-19 18:38:47,480 - position: [-0.2055437   2.28290939  0.64806002] - angle: 3.11744645380496
2026-01-19 18:38:47,722 - position: [-0.20555526  2.28354359  0.64740598] - angle: 3.117874377621054
2026-01-19 18:38:47,953 - position: [-0.20559686  2.28375459  0.64729196] - angle: 3.1178288363267948
2026-01-19 18:38:48,234 - position: [-0.20598972  2.28390312  0.6472351 ] - angle: 3.1179161269026694
2026-01-19 18:38:48,525 - position: [-0.20657477  2.28411055  0.64756042] - angle: 3.118134396148161
2026-01-19 18:38:48,774 - position: [-0.20657477  2.28411055  0.64756042] - angle: 3.118134396148161
2026-01-19 18:38:49,102 - position: [-0.20780711  2.28645015  0.64949208] - angle: 3.118083989250728
2026-01-19 18:38:49,363 - position: [-0.20780711  2.28645015  0.64949208] - angle: 3.118083989250728
