2026-01-19 18:44:54,270 - position: [-0.08983504  2.37034369  0.8115803 ] - angle: 3.029586435780476
2026-01-19 18:44:54,545 - position: [-0.08944891  2.37079406  0.8196981 ] - angle: 3.029092242720028
2026-01-19 18:44:54,746 - position: [-0.08959254  2.37034416  0.82295316] - angle: 3.028281617478311
2026-01-19 18:44:55,018 - position: [-0.09149154  2.36829638  0.82998878] - angle: 3.0283264304105195
2026-01-19 18:44:55,234 - position: [-0.09383048  2.36719656  0.83400637] - angle: 3.0282673418975246
2026-01-19 18:44:55,470 - position: [-0.09804562  2.36574054  0.83753103] - angle: 3.0292191957809287
2026-01-19 18:44:55,679 - position: [-0.10276149  2.36479688  0.8407585 ] - angle: 3.0280424233804344
2026-01-19 18:44:55,952 - position: [-0.10794271  2.36476088  0.84490561] - angle: 3.0277069209524057
2026-01-19 18:44:56,250 - position: [-0.10987798  2.36584663  0.84184408] - angle: 3.0276462821884857
2026-01-19 18:44:56,476 - position: [-0.11000525  2.36662388  0.82675755] - angle: 3.0271126904213346
2026-01-19 18:44:56,794 - position: [-0.1090031   2.36681271  0.79424804] - angle: 3.0276011883125826
2026-01-19 18:44:57,018 - position: [-0.10669315  2.36661649  0.73823792] - angle: 3.02735459135779
2026-01-19 18:44:57,257 - position: [-0.10462502  2.36673689  0.70227212] - angle: 3.0275396737620044
2026-01-19 18:44:57,499 - position: [-0.10203531  2.36702633  0.66036183] - angle: 3.0272544324485455
2026-01-19 18:44:57,719 - position: [-0.1011924   2.36714053  0.64826727] - angle: 3.02836068036666
2026-01-19 18:44:57,977 - position: [-0.09714281  2.36873388  0.61319816] - angle: 3.0274091467846818
2026-01-19 18:44:58,204 - position: [-0.09685297  2.36926389  0.61351848] - angle: 3.0275688215839818
2026-01-19 18:44:58,462 - position: [-0.09811971  2.37209892  0.62504774] - angle: 3.027997971260665
2026-01-19 18:44:58,693 - position: [-0.09966383  2.37388873  0.63597304] - angle: 3.0270043631638464
2026-01-19 18:44:58,938 - position: [-0.10347774  2.3759768   0.66060835] - angle: 3.027226905986706
2026-01-19 18:44:59,213 - position: [-0.10630558  2.37600827  0.67615014] - angle: 3.02681344629612
2026-01-19 18:44:59,434 - position: [-0.11003218  2.37415838  0.69755864] - angle: 3.02650835224006
2026-01-19 18:44:59,699 - position: [-0.11235949  2.37243366  0.71415269] - angle: 3.02683997076163
2026-01-19 18:44:59,929 - position: [-0.11278272  2.37210393  0.71876711] - angle: 3.026785840910752
2026-01-19 18:45:00,170 - position: [-0.11345661  2.37060428  0.73222584] - angle: 3.0264559930862767
2026-01-19 18:45:00,398 - position: [-0.11473946  2.37014413  0.73216945] - angle: 3.026672288119741
2026-01-19 18:45:00,628 - position: [-0.11753295  2.36862445  0.73016608] - angle: 3.0254583258738115
2026-01-19 18:45:00,865 - position: [-0.11903758  2.3674171   0.72878104] - angle: 3.025675111525027
2026-01-19 18:45:01,127 - position: [-0.12313708  2.36212683  0.72364753] - angle: 3.025602082694082
2026-01-19 18:45:01,394 - position: [-0.12276812  2.36054444  0.72062498] - angle: 3.0246754822865016
2026-01-19 18:45:01,638 - position: [-0.12221991  2.36019039  0.71924365] - angle: 3.0251956558696316
2026-01-19 18:45:01,865 - position: [-0.12177444  2.36005807  0.71842587] - angle: 3.0253390680183014
2026-01-19 18:45:02,110 - position: [-0.1206999   2.35989141  0.71692556] - angle: 3.026194912061438
2026-01-19 18:45:02,364 - position: [-0.11921188  2.36005211  0.71511704] - angle: 3.026077017425755
2026-01-19 18:45:02,675 - position: [-0.11514117  2.3617382   0.7115047 ] - angle: 3.025005445350777
2026-01-19 18:45:02,905 - position: [-0.11394519  2.36228633  0.71052694] - angle: 3.0251138660513615
2026-01-19 18:45:03,135 - position: [-0.11360126  2.362432    0.71020281] - angle: 3.0249572314386857
2026-01-19 18:45:03,379 - position: [-0.11010944  2.3634367   0.70552891] - angle: 3.02506538628664
2026-01-19 18:45:03,597 - position: [-0.10978377  2.36307716  0.70419437] - angle: 3.0244310656667914
2026-01-19 18:45:03,830 - position: [-0.10977884  2.36302066  0.70404273] - angle: 3.024380285027741
2026-01-19 18:45:04,054 - position: [-0.11158594  2.36135554  0.70154005] - angle: 3.0240276158009065
2026-01-19 18:45:04,284 - position: [-0.11375376  2.3607986   0.6998294 ] - angle: 3.024532179168781
2026-01-19 18:45:04,501 - position: [-0.11766579  2.3603065   0.69820935] - angle: 3.023318354986687
2026-01-19 18:45:04,757 - position: [-0.12178808  2.35919476  0.69701993] - angle: 3.0235402591209892
2026-01-19 18:45:04,990 - position: [-0.1231102   2.35898471  0.69645834] - angle: 3.0233959151501564
2026-01-19 18:45:05,252 - position: [-0.1248567   2.35948968  0.69536018] - angle: 3.0238105885416875
2026-01-19 18:45:05,463 - position: [-0.12130191  2.36124563  0.69308764] - angle: 3.0231207067178882
2026-01-19 18:45:05,714 - position: [-0.11640445  2.36180902  0.69117081] - angle: 3.0225001002170426
2026-01-19 18:45:06,005 - position: [-0.11225842  2.36336851  0.68843251] - angle: 3.022501623598947
2026-01-19 18:45:06,239 - position: [-0.11162946  2.36381412  0.68766975] - angle: 3.0225548418324646
2026-01-19 18:45:06,510 - position: [-0.10947005  2.36508155  0.68604684] - angle: 3.0227140280696116
2026-01-19 18:45:06,750 - position: [-0.10749347  2.36613584  0.68419808] - angle: 3.022871297708644
2026-01-19 18:45:06,979 - position: [-0.10724996  2.36640429  0.68301594] - angle: 3.0230320919994154
2026-01-19 18:45:07,222 - position: [-0.10737524  2.36632395  0.68017077] - angle: 3.0227401069074586
2026-01-19 18:45:07,449 - position: [-0.10724846  2.36615157  0.67907625] - angle: 3.0225299068089466
2026-01-19 18:45:07,676 - position: [-0.107438    2.3662498   0.67823291] - angle: 3.0222856734950483
2026-01-19 18:45:07,884 - position: [-0.10766863  2.36684322  0.67716825] - angle: 3.023704999054396
2026-01-19 18:45:08,107 - position: [-0.10785493  2.36714625  0.67698747] - angle: 3.0237291104336155
2026-01-19 18:45:08,310 - position: [-0.10865581  2.36791849  0.67691958] - angle: 3.023792351911103
2026-01-19 18:45:08,621 - position: [-0.1094504   2.368536    0.67724305] - angle: 3.023866717302382
2026-01-19 18:45:08,866 - position: [-0.11317285  2.37004638  0.67933154] - angle: 3.022447183822704
2026-01-19 18:45:09,068 - position: [-0.11552683  2.36990285  0.68053788] - angle: 3.0225920972250995
2026-01-19 18:45:09,306 - position: [-0.1195024   2.36969566  0.68284553] - angle: 3.0225635380070264
2026-01-19 18:45:09,551 - position: [-0.12042608  2.37000942  0.68344742] - angle: 3.022457744520487
2026-01-19 18:45:09,778 - position: [-0.12165701  2.37062144  0.68435657] - angle: 3.0233273142702695
2026-01-19 18:45:10,007 - position: [-0.12250678  2.37167215  0.68631583] - angle: 3.0239440316349504
2026-01-19 18:45:10,244 - position: [-0.12277075  2.37256622  0.68832707] - angle: 3.022251722696939
2026-01-19 18:45:10,506 - position: [-0.12252836  2.3732338   0.68920332] - angle: 3.022854668136124
2026-01-19 18:45:10,739 - position: [-0.12233746  2.37479091  0.68936694] - angle: 3.02281614564634
2026-01-19 18:45:10,954 - position: [-0.12343487  2.37415552  0.68823475] - angle: 3.0218296979524397
2026-01-19 18:45:11,221 - position: [-0.12518376  2.37170386  0.68708771] - angle: 3.0217736688229344
2026-01-19 18:45:11,481 - position: [-0.12574686  2.3706646   0.68669164] - angle: 3.0218566465709884
2026-01-19 18:45:11,698 - position: [-0.1254922   2.36844563  0.68481672] - angle: 3.0216864303729882
2026-01-19 18:45:11,994 - position: [-0.12473468  2.36832094  0.68415534] - angle: 3.0215273613781086
2026-01-19 18:45:12,294 - position: [-0.12408448  2.36777258  0.6822086 ] - angle: 3.0204098107821737
2026-01-19 18:45:12,543 - position: [-0.12463592  2.36698866  0.68069577] - angle: 3.0217366438606437
2026-01-19 18:45:12,808 - position: [-0.12640738  2.36615062  0.67845356] - angle: 3.020619283564712
2026-01-19 18:45:13,028 - position: [-0.1266855   2.36605787  0.67794943] - angle: 3.0206970162717677
2026-01-19 18:45:13,235 - position: [-0.12676506  2.36601734  0.67783999] - angle: 3.020691853470294
2026-01-19 18:45:13,451 - position: [-0.12737328  2.36581326  0.67676228] - angle: 3.020658247421765
2026-01-19 18:45:13,695 - position: [-0.12804869  2.36550546  0.67611241] - angle: 3.0217782348509843
2026-01-19 18:45:13,941 - position: [-0.12830539  2.36541677  0.67611617] - angle: 3.0217546727025635
2026-01-19 18:45:14,208 - position: [-0.12948304  2.36590052  0.67672992] - angle: 3.021833423244908
2026-01-19 18:45:14,438 - position: [-0.13031834  2.36656427  0.67733085] - angle: 3.0178557148937513
2026-01-19 18:45:14,666 - position: [-0.13587929  2.36597562  0.6774922 ] - angle: 3.0212321320483024
2026-01-19 18:45:14,895 - position: [-0.13677473  2.36594033  0.67755258] - angle: 3.0212257655243873
2026-01-19 18:45:15,146 - position: [-0.14198259  2.36596823  0.6776706 ] - angle: 3.02156764669523
2026-01-19 18:45:15,377 - position: [-0.146567    2.36550403  0.67738765] - angle: 3.0219712973770294
2026-01-19 18:45:15,626 - position: [-0.14938281  2.36492753  0.67780131] - angle: 3.0204327675066476
2026-01-19 18:45:15,845 - position: [-0.14927714  2.36478162  0.6781432 ] - angle: 3.020315657578669
2026-01-19 18:45:16,096 - position: [-0.14615786  2.36468935  0.67994374] - angle: 3.0213352704539767
2026-01-19 18:45:16,329 - position: [-0.14343703  2.36496663  0.68191522] - angle: 3.0162802026017084
2026-01-19 18:45:16,576 - position: [-0.1416605   2.36409473  0.68439174] - angle: 3.0207600362687272
2026-01-19 18:45:16,837 - position: [-0.14096498  2.36400247  0.6864993 ] - angle: 3.019595677548538
2026-01-19 18:45:17,065 - position: [-0.14043584  2.36408114  0.68762046] - angle: 3.019512333352637
2026-01-19 18:45:17,278 - position: [-0.13902272  2.36414313  0.69001061] - angle: 3.019839787806097
2026-01-19 18:45:17,522 - position: [-0.13656607  2.36425591  0.69110107] - angle: 3.020559528417323
2026-01-19 18:45:17,765 - position: [-0.13656607  2.36425591  0.69110107] - angle: 3.020559528417323
2026-01-19 18:45:18,008 - position: [-0.13421257  2.36649156  0.69122839] - angle: 3.021076031523375
2026-01-19 18:45:18,261 - position: [-0.13342459  2.36820316  0.69057196] - angle: 3.020474804749302
2026-01-19 18:45:18,540 - position: [-0.13382134  2.36941028  0.69030386] - angle: 3.020625318298036
2026-01-19 18:45:18,772 - position: [-0.1362413   2.37021041  0.68993562] - angle: 3.0209681502635997
2026-01-19 18:45:19,024 - position: [-0.13878597  2.37093449  0.6895141 ] - angle: 3.0203612538661364
2026-01-19 18:45:19,231 - position: [-0.1403029   2.37140536  0.6891613 ] - angle: 3.020890853785609
2026-01-19 18:45:19,443 - position: [-0.13978033  2.37380147  0.68933183] - angle: 3.0206059673607437
2026-01-19 18:45:19,658 - position: [-0.1385511   2.3744483   0.68966454] - angle: 3.0203679390026594
2026-01-19 18:45:19,923 - position: [-0.13637224  2.37473416  0.69035006] - angle: 3.0202447875446614
2026-01-19 18:45:20,166 - position: [-0.13090758  2.37632132  0.69052225] - angle: 3.019966110922991
2026-01-19 18:45:20,386 - position: [-0.12984562  2.37668777  0.69075924] - angle: 3.0153110476915796
2026-01-19 18:45:20,645 - position: [-0.12781213  2.37581301  0.69140559] - angle: 3.0197792584464827
2026-01-19 18:45:20,874 - position: [-0.12762566  2.37579107  0.69158995] - angle: 3.0197736378417828
2026-01-19 18:45:21,122 - position: [-0.12609771  2.37500501  0.69297689] - angle: 3.0203044635362124
2026-01-19 18:45:21,372 - position: [-0.12561905  2.37426376  0.69401282] - angle: 3.0205267768890636
2026-01-19 18:45:21,581 - position: [-0.12561852  2.37407255  0.69414091] - angle: 3.020422813781539
2026-01-19 18:45:21,823 - position: [-0.1268245   2.37194848  0.69583172] - angle: 3.0195803636088425
2026-01-19 18:45:22,050 - position: [-0.12712015  2.37189698  0.69742256] - angle: 3.019661620136869
2026-01-19 18:45:22,312 - position: [-0.12684061  2.37187409  0.698017  ] - angle: 3.019513891444177
2026-01-19 18:45:22,548 - position: [-0.12573135  2.37216425  0.69904125] - angle: 3.0201143877303354
2026-01-19 18:45:22,772 - position: [-0.12424346  2.37252378  0.70055884] - angle: 3.020161364388592
2026-01-19 18:45:23,009 - position: [-0.11883236  2.37252545  0.70615458] - angle: 3.01982479877417
2026-01-19 18:45:23,213 - position: [-0.11712536  2.37195563  0.70609492] - angle: 3.018253149345674
2026-01-19 18:45:23,454 - position: [-0.11602216  2.37021708  0.70396054] - angle: 3.020025015843861
2026-01-19 18:45:23,726 - position: [-0.11580213  2.36951375  0.70219278] - angle: 3.0201492084357136
2026-01-19 18:45:23,952 - position: [-0.1157269   2.36866808  0.69974285] - angle: 3.0199122124893742
2026-01-19 18:45:24,288 - position: [-0.11537898  2.36779904  0.69726717] - angle: 3.019720504267635
2026-01-19 18:45:24,500 - position: [-0.11396164  2.36721849  0.69477344] - angle: 3.0191926797442203
2026-01-19 18:45:24,721 - position: [-0.11165405  2.36739111  0.69375944] - angle: 3.0193015700161636
2026-01-19 18:45:24,951 - position: [-0.11049949  2.36784959  0.69430745] - angle: 3.0147724570140793
2026-01-19 18:45:25,199 - position: [-0.10982791  2.36813974  0.69469696] - angle: 3.0150791078283907
