2026-01-19 18:18:06,965 - position: [-0.00626268  2.29563522  0.81259513] - angle: -1.6271619256452485
2026-01-19 18:18:07,193 - position: [-0.0062616   2.29551697  0.81245679] - angle: -1.6262411707478108
2026-01-19 18:18:07,413 - position: [-0.00441931  2.293607    0.81340253] - angle: -1.6261122751114279
2026-01-19 18:18:07,688 - position: [-1.65254623e-03  2.29134369e+00  8.13384056e-01] - angle: -1.6257520811082724
2026-01-19 18:18:07,968 - position: [1.29857007e-03 2.28938770e+00 8.13416362e-01] - angle: -1.6264438519905537
2026-01-19 18:18:08,227 - position: [1.74926175e-03 2.28950286e+00 8.13422382e-01] - angle: -1.625260651379481
2026-01-19 18:18:08,441 - position: [1.67099154e-03 2.29183149e+00 7.93360353e-01] - angle: -1.625169401245536
2026-01-19 18:18:08,689 - position: [1.06322253e-03 2.29330564e+00 7.78293252e-01] - angle: -1.6263490100644358
2026-01-19 18:18:08,920 - position: [5.10162674e-04 2.29493070e+00 7.64394641e-01] - angle: -1.6258372331874495
2026-01-19 18:18:09,181 - position: [-6.43041916e-04  2.29828143e+00  7.33330429e-01] - angle: -1.6264679476047785
2026-01-19 18:18:09,455 - position: [-2.00707000e-03  2.30023003e+00  7.09479451e-01] - angle: -1.6254966094776577
2026-01-19 18:18:09,715 - position: [-0.00267686  2.30111814  0.69637573] - angle: -1.6253606236339184
2026-01-19 18:18:09,945 - position: [-0.00450377  2.30359554  0.6630336 ] - angle: -1.6259276810169858
2026-01-19 18:18:10,213 - position: [-0.00968179  2.30997539  0.59943265] - angle: -1.6248379215617614
2026-01-19 18:18:10,450 - position: [-0.01699908  2.32299089  0.54774511] - angle: -1.6244688218562544
2026-01-19 18:18:10,668 - position: [-0.01699908  2.32299089  0.54774511] - angle: -1.6244688218562544
2026-01-19 18:18:10,901 - position: [-0.01699908  2.32299089  0.54774511] - angle: -1.6244688218562544
2026-01-19 18:18:11,199 - position: [-0.01756818  2.31936598  0.58588368] - angle: -1.6246795505766425
2026-01-19 18:18:11,409 - position: [-0.01569859  2.31363606  0.62004578] - angle: -1.6245207974680245
2026-01-19 18:18:11,651 - position: [-0.01465273  2.3120451   0.6300143 ] - angle: -1.6243279690503982
2026-01-19 18:18:11,867 - position: [-0.0109194   2.30747843  0.65797991] - angle: -1.6249627640888331
2026-01-19 18:18:12,142 - position: [-0.00706855  2.30721354  0.67312461] - angle: -1.6247766734674185
2026-01-19 18:18:12,358 - position: [-0.00471121  2.30810499  0.67821795] - angle: -1.6244027942026396
2026-01-19 18:18:12,589 - position: [-0.00328171  2.30875993  0.68006414] - angle: -1.6247354115924342
2026-01-19 18:18:12,836 - position: [2.85994262e-04 2.31000590e+00 6.81957364e-01] - angle: -1.6230655375465073
2026-01-19 18:18:13,057 - position: [0.00338673 2.31046081 0.68126863] - angle: -1.6241237420303243
2026-01-19 18:18:13,332 - position: [0.00662356 2.30891323 0.6767633 ] - angle: -1.6243101773678994
2026-01-19 18:18:13,561 - position: [0.00681151 2.30768061 0.67321426] - angle: -1.6236184736512556
2026-01-19 18:18:13,799 - position: [0.00619029 2.3079226  0.670744  ] - angle: -1.6232161225207413
2026-01-19 18:18:14,006 - position: [0.00590694 2.30825329 0.669595  ] - angle: -1.6239186775946433
2026-01-19 18:18:14,263 - position: [0.005767   2.30798888 0.66848993] - angle: -1.6235661153581358
2026-01-19 18:18:14,536 - position: [0.00611749 2.30455399 0.66653669] - angle: -1.6232686282582947
2026-01-19 18:18:14,774 - position: [0.0064129  2.30235314 0.66572338] - angle: -1.6225308244721441
2026-01-19 18:18:15,043 - position: [0.00718708 2.29670358 0.66455698] - angle: -1.6224184860561
2026-01-19 18:18:15,258 - position: [0.00714664 2.29493189 0.66419399] - angle: -1.6223084558932257
2026-01-19 18:18:15,493 - position: [0.0061446  2.28805399 0.66394067] - angle: -1.6217922135848193
2026-01-19 18:18:15,739 - position: [0.00291082 2.27595592 0.66528064] - angle: -1.6220033693764346
2026-01-19 18:18:16,120 - position: [-9.35010612e-04  2.26726007e+00  6.66399062e-01] - angle: -1.621086222359061
2026-01-19 18:18:16,431 - position: [-0.00331326  2.2641468   0.6669479 ] - angle: -1.6208385649233952
2026-01-19 18:18:16,634 - position: [-0.00500915  2.26132822  0.66738081] - angle: -1.6207692878080122
2026-01-19 18:18:16,887 - position: [-0.00809693  2.25288606  0.66728008] - angle: -1.6203637466527896
2026-01-19 18:18:17,114 - position: [-0.01039398  2.24208021  0.6672861 ] - angle: -1.6190936857356766
2026-01-19 18:18:17,342 - position: [-0.01069452  2.23938799  0.66729033] - angle: -1.6190584541213262
2026-01-19 18:18:17,653 - position: [-0.01168129  2.2268889   0.66719198] - angle: -1.6193252721059546
2026-01-19 18:18:17,941 - position: [-0.01175188  2.21595216  0.66751885] - angle: -1.6195388745936459
2026-01-19 18:18:18,156 - position: [-0.01107825  2.20937395  0.66803008] - angle: -1.6194705108232776
2026-01-19 18:18:18,403 - position: [-0.00919759  2.20488882  0.66951197] - angle: -1.6191530400371619
2026-01-19 18:18:18,670 - position: [-0.00820234  2.20513201  0.67017633] - angle: -1.619009720225618
2026-01-19 18:18:18,993 - position: [-0.00555714  2.20480752  0.6698041 ] - angle: -1.6180103624739068
2026-01-19 18:18:19,220 - position: [-0.00384508  2.20310831  0.66935694] - angle: -1.6181973212813592
2026-01-19 18:18:19,464 - position: [-0.00358228  2.20278072  0.6692313 ] - angle: -1.6183555037438495
2026-01-19 18:18:19,708 - position: [3.56530305e-04 2.19623709e+00 6.67402506e-01] - angle: -1.6175022461047632
2026-01-19 18:18:19,953 - position: [1.98818371e-03 2.19347501e+00 6.66903496e-01] - angle: -1.617865433822793
2026-01-19 18:18:20,202 - position: [0.00253693 2.19271851 0.66542941] - angle: -1.6185027851340381
2026-01-19 18:18:20,443 - position: [0.0026221  2.19346023 0.66485655] - angle: -1.6183768748135785
2026-01-19 18:18:20,667 - position: [0.00246717 2.19639516 0.66429782] - angle: -1.6183554558332274
2026-01-19 18:18:20,944 - position: [0.002367   2.19846869 0.66439283] - angle: -1.618112654412526
2026-01-19 18:18:21,166 - position: [2.00208416e-03 2.20402074e+00 6.65525138e-01] - angle: -1.6178908149925135
2026-01-19 18:18:21,390 - position: [1.80432759e-03 2.20591617e+00 6.65730059e-01] - angle: -1.6169889230144285
2026-01-19 18:18:21,636 - position: [1.78469578e-03 2.20878124e+00 6.66639090e-01] - angle: -1.6176805260298437
2026-01-19 18:18:21,891 - position: [1.43858604e-03 2.21263337e+00 6.68301940e-01] - angle: -1.6176686424373479
2026-01-19 18:18:22,138 - position: [1.10200467e-03 2.21500111e+00 6.69698834e-01] - angle: -1.6170240336931885
2026-01-19 18:18:22,351 - position: [3.81528400e-04 2.21713924e+00 6.71067834e-01] - angle: -1.6178994886303872
2026-01-19 18:18:22,599 - position: [-2.11676955e-03  2.22574568e+00  6.77920043e-01] - angle: -1.6179999864055352
2026-01-19 18:18:22,859 - position: [-0.00253089  2.22967124  0.68023777] - angle: -1.6166557065559601
2026-01-19 18:18:23,115 - position: [-0.00223739  2.23189473  0.68330836] - angle: -1.6174977761111204
2026-01-19 18:18:23,373 - position: [-0.00225219  2.23338819  0.68575746] - angle: -1.6172773301846162
2026-01-19 18:18:23,581 - position: [-2.11026799e-03  2.23394728e+00  6.85889721e-01] - angle: -1.616655286426898
2026-01-19 18:18:23,814 - position: [-2.09562853e-03  2.23401022e+00  6.85648322e-01] - angle: -1.6166712632072695
2026-01-19 18:18:24,061 - position: [-2.04440113e-03  2.23413396e+00  6.85059667e-01] - angle: -1.6169743799376493
2026-01-19 18:18:24,293 - position: [-2.04089750e-03  2.23430037e+00  6.83963239e-01] - angle: -1.616993912721055
2026-01-19 18:18:24,525 - position: [-1.44750904e-03  2.23478961e+00  6.81259453e-01] - angle: -1.6164574855408649
2026-01-19 18:18:24,772 - position: [-1.07249990e-03  2.23533010e+00  6.79644823e-01] - angle: -1.616405949358354
2026-01-19 18:18:25,028 - position: [-1.03941746e-03  2.23911786e+00  6.72715127e-01] - angle: -1.6167176008346065
2026-01-19 18:18:25,287 - position: [-1.63516589e-03  2.24117398e+00  6.70546412e-01] - angle: -1.6153550013070896
2026-01-19 18:18:25,508 - position: [-0.0027313   2.24485302  0.66905212] - angle: -1.6159467910174534
2026-01-19 18:18:25,749 - position: [-0.00429445  2.24987292  0.66584206] - angle: -1.6160449939591963
2026-01-19 18:18:25,971 - position: [-0.00473521  2.25088334  0.66608089] - angle: -1.615480364230308
2026-01-19 18:18:26,193 - position: [-0.00507046  2.25164294  0.6662237 ] - angle: -1.6155843063217823
2026-01-19 18:18:26,426 - position: [-0.00596369  2.25297117  0.66732341] - angle: -1.6145965015952974
2026-01-19 18:18:26,693 - position: [-0.00530563  2.25773978  0.66965711] - angle: -1.614593177569212
2026-01-19 18:18:27,009 - position: [-0.00542246  2.26678705  0.67180043] - angle: -1.6136054929283787
2026-01-19 18:18:27,242 - position: [-0.00394265  2.27039456  0.67519182] - angle: -1.6134786652462303
2026-01-19 18:18:27,474 - position: [-0.0030864   2.26999497  0.67563862] - angle: -1.6136953468868303
2026-01-19 18:18:27,692 - position: [3.66842374e-04 2.26492572e+00 6.76640093e-01] - angle: -1.6127439917658517
2026-01-19 18:18:27,914 - position: [2.16416665e-03 2.25712776e+00 6.77543581e-01] - angle: -1.612434865106577
2026-01-19 18:18:28,153 - position: [0.00288959 2.25398135 0.67788649] - angle: -1.612568358194732
2026-01-19 18:18:28,399 - position: [0.00361475 2.25250435 0.67792761] - angle: -1.6139336668261866
2026-01-19 18:18:28,616 - position: [0.00403791 2.2520926  0.67861217] - angle: -1.613083235414754
2026-01-19 18:18:28,826 - position: [0.00340535 2.25376368 0.68104666] - angle: -1.6132945513014612
2026-01-19 18:18:29,040 - position: [0.00325336 2.25442553 0.68218893] - angle: -1.6129725828305492
2026-01-19 18:18:29,309 - position: [0.00464736 2.25481248 0.6835652 ] - angle: -1.6133841064883132
2026-01-19 18:18:29,568 - position: [0.00679119 2.25350881 0.68299717] - angle: -1.614088208437619
2026-01-19 18:18:29,808 - position: [0.00921726 2.24965239 0.6822862 ] - angle: -1.6141382667646624
2026-01-19 18:18:30,028 - position: [0.01097341 2.24242401 0.6807214 ] - angle: -1.6131807558849385
2026-01-19 18:18:30,249 - position: [0.01127366 2.23990417 0.67988646] - angle: -1.6125101584613724
2026-01-19 18:18:30,478 - position: [0.01220917 2.234653   0.67841434] - angle: -1.6123608048154585
2026-01-19 18:18:30,746 - position: [0.01350052 2.22769284 0.6752823 ] - angle: -1.6120009212126298
2026-01-19 18:18:30,977 - position: [0.01445737 2.22410655 0.67348397] - angle: -1.612568783177906
2026-01-19 18:18:31,216 - position: [0.01523956 2.2169683  0.66956669] - angle: -1.6113739543125067
2026-01-19 18:18:31,428 - position: [0.01561516 2.21407866 0.66894704] - angle: -1.6121680749651315
2026-01-19 18:18:31,635 - position: [0.01563996 2.21170878 0.66832238] - angle: -1.6118429483606427
2026-01-19 18:18:31,855 - position: [0.01566639 2.20923853 0.66768682] - angle: -1.6122627331673547
2026-01-19 18:18:32,086 - position: [0.01565478 2.20890427 0.66748971] - angle: -1.6123589300535928
2026-01-19 18:18:32,338 - position: [0.01714265 2.20714092 0.66479534] - angle: -1.6116785776878757
2026-01-19 18:18:32,583 - position: [0.01771354 2.20803833 0.6636641 ] - angle: -1.6107972916640598
2026-01-19 18:18:32,812 - position: [0.01832919 2.20856237 0.66230088] - angle: -1.6101430614024892
2026-01-19 18:18:33,100 - position: [0.01842562 2.20891333 0.66166812] - angle: -1.6091803356469914
2026-01-19 18:18:33,311 - position: [0.0184675  2.20905066 0.66114968] - angle: -1.6093923080386636
2026-01-19 18:18:33,679 - position: [0.01771982 2.2092731  0.66107965] - angle: -1.6091059583745952
2026-01-19 18:18:33,917 - position: [0.0170776  2.2095387  0.66208661] - angle: -1.6091856957129789
2026-01-19 18:18:34,147 - position: [0.0170776  2.2095387  0.66208661] - angle: -1.6091856957129789
2026-01-19 18:18:34,459 - position: [0.01557919 2.21079206 0.66717631] - angle: -1.6099428069228274
2026-01-19 18:18:34,764 - position: [0.01327794 2.21195412 0.67293191] - angle: -1.610597708006976
2026-01-19 18:18:34,987 - position: [0.01278711 2.21258855 0.6749351 ] - angle: -1.6085426946394419
2026-01-19 18:18:35,231 - position: [0.01249108 2.21264482 0.67680687] - angle: -1.6102156072102414
2026-01-19 18:18:35,476 - position: [0.01150943 2.21430278 0.68135482] - angle: -1.609889264336882
2026-01-19 18:18:35,702 - position: [0.01009386 2.2160058  0.68312192] - angle: -1.610009994348534
2026-01-19 18:18:35,916 - position: [0.0094474  2.21710157 0.68381822] - angle: -1.6098486385968016
2026-01-19 18:18:36,160 - position: [0.00849347 2.22148323 0.68479663] - angle: -1.6078504625855121
2026-01-19 18:18:36,420 - position: [0.00849347 2.22148323 0.68479663] - angle: -1.6078504625855121
2026-01-19 18:18:36,665 - position: [0.01193358 2.23323488 0.685018  ] - angle: -1.607908407223448
2026-01-19 18:18:36,879 - position: [0.01275164 2.2353313  0.68484437] - angle: -1.607444037241116
2026-01-19 18:18:37,106 - position: [0.01376082 2.23874497 0.6844179 ] - angle: -1.6084865023836965
2026-01-19 18:18:37,347 - position: [0.01385007 2.23998404 0.68388867] - angle: -1.6075298546319399
2026-01-19 18:18:37,555 - position: [0.01513104 2.24161887 0.68225294] - angle: -1.6081125566921468
2026-01-19 18:18:37,856 - position: [0.01585483 2.24128056 0.68047976] - angle: -1.6063726271143803
2026-01-19 18:18:38,099 - position: [0.0168639  2.24065542 0.67906958] - angle: -1.606431561055743
2026-01-19 18:18:38,322 - position: [0.01785934 2.2394917  0.67692029] - angle: -1.607667523145853
2026-01-19 18:18:38,558 - position: [0.02003792 2.23757076 0.67428142] - angle: -1.6056311603368698
2026-01-19 18:18:38,800 - position: [0.02141759 2.23580289 0.6722061 ] - angle: -1.6052041055503183
2026-01-19 18:18:39,046 - position: [0.02204424 2.23320937 0.66918725] - angle: -1.606227612425748
2026-01-19 18:18:39,308 - position: [0.02179254 2.23071313 0.66608226] - angle: -1.605483912325873
2026-01-19 18:18:39,520 - position: [0.0217227  2.23038602 0.66604382] - angle: -1.6066006286375973
2026-01-19 18:18:39,723 - position: [0.01772795 2.2302177  0.6646207 ] - angle: -1.6059974583661898
2026-01-19 18:18:39,964 - position: [0.01772795 2.2302177  0.6646207 ] - angle: -1.6059974583661898
2026-01-19 18:18:40,185 - position: [0.01663885 2.23042536 0.66477031] - angle: -1.606029607449873
2026-01-19 18:18:40,428 - position: [0.01623002 2.23053622 0.66490865] - angle: -1.606288770063225
2026-01-19 18:18:40,659 - position: [0.01495711 2.23073792 0.66515285] - angle: -1.6054694617465275
2026-01-19 18:18:40,892 - position: [0.01267258 2.23066711 0.66622162] - angle: -1.6057217766900678
2026-01-19 18:18:41,179 - position: [0.01080202 2.23000646 0.66745073] - angle: -1.6053738393002543
2026-01-19 18:18:41,416 - position: [0.00968834 2.23011422 0.66752583] - angle: -1.6056255916887565
2026-01-19 18:18:41,787 - position: [0.00895417 2.2355206  0.66362172] - angle: -1.6046109179598602
2026-01-19 18:18:42,044 - position: [0.00429427 2.24235654 0.65690154] - angle: -1.6045705979702083
2026-01-19 18:18:42,249 - position: [0.00429427 2.24235654 0.65690154] - angle: -1.6045705979702083
2026-01-19 18:18:42,493 - position: [1.46911130e-03 2.24558711e+00 6.58303142e-01] - angle: -1.6032781216774286
2026-01-19 18:18:42,704 - position: [1.05317775e-03 2.24628782e+00 6.59347594e-01] - angle: -1.6039949582925912
2026-01-19 18:18:42,939 - position: [1.03185838e-03 2.24656343e+00 6.60131931e-01] - angle: -1.6045702587255661
2026-01-19 18:18:43,216 - position: [1.03185838e-03 2.24656343e+00 6.60131931e-01] - angle: -1.6045702587255661
2026-01-19 18:18:43,424 - position: [1.16961193e-03 2.24759936e+00 6.63441598e-01] - angle: -1.6029869607899503
2026-01-19 18:18:43,631 - position: [1.88414240e-03 2.24697375e+00 6.64026618e-01] - angle: -1.6031568110352623
2026-01-19 18:18:43,877 - position: [5.89241972e-04 2.24712276e+00 6.63859367e-01] - angle: -1.6025545162311357
2026-01-19 18:18:44,140 - position: [1.52392313e-04 2.24704719e+00 6.64016783e-01] - angle: -1.6029605023608173
2026-01-19 18:18:44,420 - position: [9.91742127e-05 2.24677110e+00 6.64466441e-01] - angle: -1.602778428083166
2026-01-19 18:18:44,662 - position: [4.58884984e-04 2.24641252e+00 6.64756656e-01] - angle: -1.6036070473607733
2026-01-19 18:18:44,945 - position: [0.00226916 2.24682021 0.66519576] - angle: -1.6016206876534183
2026-01-19 18:18:45,151 - position: [3.80780082e-04 2.24902534e+00 6.64885461e-01] - angle: -1.6012167803895982
2026-01-19 18:18:45,449 - position: [-0.00659816  2.25340033  0.66276675] - angle: -1.6006141155108544
2026-01-19 18:18:45,697 - position: [-0.00470901  2.25109529  0.66288966] - angle: -1.6007202674969268
2026-01-19 18:18:45,953 - position: [-8.86563445e-04  2.24738431e+00  6.63882792e-01] - angle: -1.6013103664209156
2026-01-19 18:18:46,214 - position: [0.00529459 2.24230146 0.66528308] - angle: -1.6027035060107533
2026-01-19 18:18:46,461 - position: [0.01004934 2.23870778 0.66639864] - angle: -1.6024431735046925
2026-01-19 18:18:46,671 - position: [0.01506422 2.23502302 0.6675899 ] - angle: -1.6004815858864987
2026-01-19 18:18:46,889 - position: [0.01835884 2.23137164 0.66868603] - angle: -1.60061273257696
2026-01-19 18:18:47,140 - position: [0.01866258 2.22991371 0.66933972] - angle: -1.6006926881819066
2026-01-19 18:18:47,373 - position: [0.01706361 2.2273376  0.66964626] - angle: -1.6016987128310056
2026-01-19 18:18:47,602 - position: [0.01611021 2.22718096 0.66930449] - angle: -1.6019070850755215
2026-01-19 18:18:47,817 - position: [0.01530553 2.22762227 0.66895521] - angle: -1.6002375549084062
2026-01-19 18:18:48,063 - position: [0.01173698 2.2290802  0.66722077] - angle: -1.601139535327846
2026-01-19 18:18:48,318 - position: [0.00874213 2.23119926 0.66646039] - angle: -1.6009714237970538
2026-01-19 18:18:48,605 - position: [0.00577197 2.23493862 0.66470259] - angle: -1.599202331193034
2026-01-19 18:18:48,886 - position: [0.00427747 2.23710513 0.66311181] - angle: -1.5992100588310745
2026-01-19 18:18:49,125 - position: [0.0031454  2.23834848 0.6616295 ] - angle: -1.6009820889734137
2026-01-19 18:18:49,351 - position: [0.00246764 2.23902273 0.66062784] - angle: -1.601818206500253
2026-01-19 18:18:49,619 - position: [0.00241022 2.23958802 0.66013938] - angle: -1.601350514021501
2026-01-19 18:18:49,865 - position: [0.00351493 2.2414062  0.6617763 ] - angle: -1.6003981109117316
2026-01-19 18:18:50,137 - position: [0.00361067 2.24162245 0.66195446] - angle: -1.60055765865002
2026-01-19 18:18:50,355 - position: [0.00487068 2.24422765 0.66581959] - angle: -1.5990870422215586
2026-01-19 18:18:50,638 - position: [0.00435157 2.24493861 0.66713822] - angle: -1.5972868571203094
2026-01-19 18:18:50,894 - position: [0.00388567 2.24553037 0.66752952] - angle: -1.5971256064876957
2026-01-19 18:18:51,143 - position: [0.00372318 2.24582386 0.66748458] - angle: -1.5971559884961808
2026-01-19 18:18:51,410 - position: [0.00395923 2.25087476 0.66484338] - angle: -1.5988995613249566
2026-01-19 18:18:51,651 - position: [0.00490997 2.2525878  0.6645062 ] - angle: -1.5975951245548696
2026-01-19 18:18:51,871 - position: [0.00505715 2.25403953 0.66518939] - angle: -1.5970884210406187
2026-01-19 18:18:52,175 - position: [0.00413187 2.25639653 0.66608518] - angle: -1.5987345714443428
2026-01-19 18:18:52,452 - position: [1.21293031e-03 2.25948596e+00 6.67691648e-01] - angle: -1.5988662936895093
2026-01-19 18:18:52,688 - position: [-3.92654911e-05  2.25969958e+00  6.68363571e-01] - angle: -1.598194578318239
2026-01-19 18:18:52,897 - position: [-8.61792825e-04  2.25930691e+00  6.68660045e-01] - angle: -1.5979072844137203
2026-01-19 18:18:53,115 - position: [-1.13847852e-03  2.25914860e+00  6.68636441e-01] - angle: -1.5972959191295768
2026-01-19 18:18:53,338 - position: [-1.92744704e-03  2.25715613e+00  6.67809069e-01] - angle: -1.5968616799522568
2026-01-19 18:18:53,578 - position: [-1.92744704e-03  2.25715613e+00  6.67809069e-01] - angle: -1.5968616799522568
2026-01-19 18:18:53,801 - position: [-0.00375626  2.2535696   0.66654265] - angle: -1.5968039072959659
2026-01-19 18:18:54,079 - position: [-0.00405962  2.25284433  0.66612083] - angle: -1.5968013859227215
2026-01-19 18:18:54,288 - position: [-0.00439053  2.25182605  0.66596133] - angle: -1.5962105379291538
2026-01-19 18:18:54,543 - position: [-0.00439053  2.25182605  0.66596133] - angle: -1.5962105379291538
2026-01-19 18:18:54,822 - position: [-0.00721544  2.24648762  0.66468281] - angle: -1.5946601299785401
2026-01-19 18:18:55,041 - position: [-0.00830298  2.24448395  0.6650334 ] - angle: -1.5935129564771922
2026-01-19 18:18:55,280 - position: [-0.00852027  2.24332714  0.66530973] - angle: -1.595150310110398
2026-01-19 18:18:55,509 - position: [-0.01124569  2.24222803  0.66534716] - angle: -1.5946702423374148
2026-01-19 18:18:55,730 - position: [-0.01357727  2.24248743  0.66568208] - angle: -1.593937673962614
2026-01-19 18:18:55,951 - position: [-0.01741537  2.24241757  0.66696936] - angle: -1.593439414397844
2026-01-19 18:18:56,159 - position: [-0.01897659  2.2420516   0.66810483] - angle: -1.5935474201760815
2026-01-19 18:18:56,397 - position: [-0.02024908  2.24115396  0.67009819] - angle: -1.5941501659583182
2026-01-19 18:18:56,662 - position: [-0.02075737  2.24088526  0.67135066] - angle: -1.5933736393402782
2026-01-19 18:18:56,905 - position: [-0.02166303  2.23962188  0.67100114] - angle: -1.5933574690239283
2026-01-19 18:18:57,125 - position: [-0.02052616  2.23754454  0.67020369] - angle: -1.592960622283825
2026-01-19 18:18:57,377 - position: [-0.01524206  2.23360085  0.66676581] - angle: -1.59226157277448
2026-01-19 18:18:57,602 - position: [-0.013689    2.23429179  0.66555244] - angle: -1.5923612905391762
2026-01-19 18:18:57,862 - position: [-0.01201297  2.23627973  0.66478741] - angle: -1.5925173275166529
2026-01-19 18:18:58,115 - position: [-0.01011092  2.23953295  0.66355914] - angle: -1.5934599284099313
2026-01-19 18:18:58,343 - position: [-0.01011092  2.23953295  0.66355914] - angle: -1.5934599284099313
2026-01-19 18:18:58,575 - position: [-0.00888282  2.2407136   0.66284376] - angle: -1.5920825884996033
2026-01-19 18:18:58,829 - position: [-0.00788964  2.24164557  0.66239846] - angle: -1.59107460014227
2026-01-19 18:18:59,054 - position: [-0.00763592  2.24230456  0.66178042] - angle: -1.5917499426809663
2026-01-19 18:18:59,329 - position: [-0.00719843  2.24297333  0.66003364] - angle: -1.591951295299748
2026-01-19 18:18:59,588 - position: [-0.00663685  2.24314284  0.65861237] - angle: -1.5912456913564013
2026-01-19 18:18:59,800 - position: [-0.00536399  2.24309158  0.65761596] - angle: -1.5904820999206173
2026-01-19 18:19:00,052 - position: [-0.00286476  2.24221683  0.65650976] - angle: -1.5902263304654252
2026-01-19 18:19:00,346 - position: [-2.23410735e-03  2.24310946e+00  6.56224787e-01] - angle: -1.5898201131522907
2026-01-19 18:19:00,566 - position: [-1.51258358e-03  2.24407125e+00  6.56659603e-01] - angle: -1.590236852986754
2026-01-19 18:19:00,813 - position: [-1.16977841e-04  2.24424028e+00  6.58890426e-01] - angle: -1.590312433278421
2026-01-19 18:19:01,084 - position: [1.93076208e-04 2.24414349e+00 6.60226405e-01] - angle: -1.5899050259311727
2026-01-19 18:19:01,310 - position: [3.38697108e-04 2.24415159e+00 6.61326110e-01] - angle: -1.5893263066391814
2026-01-19 18:19:01,570 - position: [4.63386998e-04 2.24408484e+00 6.62454426e-01] - angle: -1.5893450438799572
2026-01-19 18:19:01,793 - position: [1.31512852e-03 2.24277687e+00 6.63246095e-01] - angle: -1.588817468767834
2026-01-19 18:19:02,024 - position: [-5.96226892e-04  2.24011159e+00  6.61755145e-01] - angle: -1.5894235949519064
2026-01-19 18:19:02,265 - position: [-1.29034836e-03  2.23655558e+00  6.60608709e-01] - angle: -1.5890740662282745
2026-01-19 18:19:02,527 - position: [-1.45535637e-03  2.23646259e+00  6.60399139e-01] - angle: -1.5888670959415405
2026-01-19 18:19:02,750 - position: [-0.00357202  2.23557854  0.65953422] - angle: -1.5881126303299329
2026-01-19 18:19:03,034 - position: [-0.00296793  2.23546982  0.65929282] - angle: -1.5886870486056246
2026-01-19 18:19:03,291 - position: [-0.00430232  2.23819351  0.65931684] - angle: -1.588461687398599
2026-01-19 18:19:03,593 - position: [-0.0064379   2.24375534  0.65969467] - angle: -1.5878637380631728
2026-01-19 18:19:03,851 - position: [-0.00521017  2.24419546  0.65978378] - angle: -1.588076733665627
2026-01-19 18:19:04,084 - position: [-0.0101698   2.24385023  0.66116333] - angle: -1.5879533159240093
2026-01-19 18:19:04,379 - position: [-0.01444651  2.2424624   0.66139311] - angle: -1.587733209121918
2026-01-19 18:19:04,656 - position: [-0.01486212  2.24000049  0.66129756] - angle: -1.586737184651029
2026-01-19 18:19:04,914 - position: [-0.01391152  2.23672485  0.66199905] - angle: -1.587108052840783
2026-01-19 18:19:05,167 - position: [-0.0130083   2.23499489  0.66169798] - angle: -1.586292299692178
2026-01-19 18:19:05,417 - position: [-0.01225668  2.23349333  0.66093308] - angle: -1.5866737709451133
2026-01-19 18:19:05,659 - position: [-0.01081583  2.23149085  0.65586281] - angle: -1.5858559928939933
2026-01-19 18:19:05,924 - position: [-0.00987469  2.23057389  0.65392315] - angle: -1.5848116543516912
2026-01-19 18:19:06,157 - position: [-0.00978624  2.23006105  0.65295434] - angle: -1.5852958182252044
2026-01-19 18:19:06,374 - position: [-0.01050299  2.22916317  0.65528864] - angle: -1.5854471677840625
2026-01-19 18:19:06,586 - position: [-0.01076062  2.22858095  0.65634543] - angle: -1.585781827325853
2026-01-19 18:19:06,864 - position: [-0.01133079  2.22782254  0.65736276] - angle: -1.5845084931886264
2026-01-19 18:19:07,130 - position: [-0.01171284  2.22707343  0.6584999 ] - angle: -1.585096815519698
2026-01-19 18:19:07,371 - position: [-0.01235733  2.22653985  0.66054708] - angle: -1.5858305632036984
2026-01-19 18:19:07,633 - position: [-0.01303526  2.22602963  0.66549623] - angle: -1.5847312905439255
2026-01-19 18:19:07,854 - position: [-0.0132845   2.22624278  0.66788661] - angle: -1.5838077038552605
2026-01-19 18:19:08,087 - position: [-0.01460358  2.22773409  0.67556518] - angle: -1.5844351063977662
