2026-01-19 17:56:52,575 - position: [ 0.10995903 -1.29007709  0.51042318]
2026-01-19 17:56:52,839 - position: [ 0.10990586 -1.29009652  0.51056355]
2026-01-19 17:56:53,068 - position: [ 0.10998314 -1.29006624  0.51042843]
2026-01-19 17:56:53,325 - position: [ 0.10997331 -1.29013979  0.51055616]
2026-01-19 17:56:53,551 - position: [ 0.11000424 -1.29006493  0.51048774]
2026-01-19 17:56:53,796 - position: [ 0.1099523  -1.29013479  0.51052868]
2026-01-19 17:56:54,066 - position: [ 0.11000004 -1.29012346  0.51043934]
2026-01-19 17:56:54,267 - position: [ 0.10989808 -1.29009378  0.51058763]
2026-01-19 17:56:54,525 - position: [ 0.10993315 -1.29013979  0.51055717]
2026-01-19 17:56:54,800 - position: [ 0.11001331 -1.29008472  0.51040822]
2026-01-19 17:56:55,019 - position: [ 0.10999029 -1.29013312  0.51034564]
2026-01-19 17:56:55,224 - position: [ 0.11002789 -1.29018044  0.51054442]
2026-01-19 17:56:55,474 - position: [ 0.11001553 -1.29010379  0.51040381]
2026-01-19 17:56:55,715 - position: [ 0.11003727 -1.29008377  0.51042289]
2026-01-19 17:56:56,014 - position: [ 0.10989217 -1.29007435  0.51054084]
2026-01-19 17:56:56,253 - position: [ 0.11000495 -1.29008865  0.51041669]
2026-01-19 17:56:56,518 - position: [ 0.1100099  -1.29009116  0.51045072]
2026-01-19 17:56:56,729 - position: [ 0.10993414 -1.29010355  0.51054108]
2026-01-19 17:56:56,947 - position: [ 0.10999924 -1.29011095  0.51042223]
2026-01-19 17:56:57,200 - position: [ 0.10999799 -1.29007566  0.51042974]
2026-01-19 17:56:57,433 - position: [ 0.10999042 -1.29009628  0.51044285]
2026-01-19 17:56:57,716 - position: [ 0.10995951 -1.29004061  0.51043773]
2026-01-19 17:56:57,971 - position: [ 0.10999447 -1.29011953  0.51041913]
2026-01-19 17:56:58,199 - position: [ 0.109993   -1.29009676  0.51043189]
2026-01-19 17:56:58,418 - position: [ 0.10998555 -1.2900852   0.51045066]
2026-01-19 17:56:58,644 - position: [ 0.10998555 -1.2900852   0.51045066]
2026-01-19 17:56:58,872 - position: [ 0.11002171 -1.29013383  0.51041418]
2026-01-19 17:56:59,191 - position: [ 0.10996461 -1.29007566  0.51043719]
2026-01-19 17:56:59,437 - position: [ 0.11002303 -1.29010594  0.51041609]
2026-01-19 17:56:59,669 - position: [ 0.1099822  -1.29008436  0.51039976]
2026-01-19 17:56:59,894 - position: [ 0.10995792 -1.29010761  0.51044452]
2026-01-19 17:57:00,113 - position: [ 0.1100214  -1.29011369  0.51042837]
2026-01-19 17:57:00,360 - position: [ 0.10999013 -1.2900852   0.51042992]
2026-01-19 17:57:00,607 - position: [ 0.11003529 -1.29013503  0.51043898]
2026-01-19 17:57:00,830 - position: [ 0.11003529 -1.29013503  0.51043898]
2026-01-19 17:57:01,044 - position: [ 0.10995836 -1.29005218  0.5104413 ]
2026-01-19 17:57:01,283 - position: [ 0.10997798 -1.29009199  0.5104385 ]
2026-01-19 17:57:01,512 - position: [ 0.11001828 -1.29007816  0.51044595]
2026-01-19 17:57:01,733 - position: [ 0.11001828 -1.29007816  0.51044595]
2026-01-19 17:57:02,051 - position: [ 0.1099395  -1.29004693  0.51044554]
2026-01-19 17:57:02,320 - position: [ 0.10998584 -1.29005301  0.5104233 ]
2026-01-19 17:57:02,550 - position: [ 0.10998774 -1.29009891  0.51049244]
2026-01-19 17:57:02,769 - position: [ 0.10997215 -1.29004955  0.51038313]
2026-01-19 17:57:03,053 - position: [ 0.10997207 -1.29003716  0.51046097]
2026-01-19 17:57:03,319 - position: [ 0.11001122 -1.29008687  0.51050705]
2026-01-19 17:57:03,560 - position: [ 0.11001198 -1.29011238  0.51047742]
2026-01-19 17:57:03,801 - position: [ 0.11000957 -1.29011405  0.51044041]
2026-01-19 17:57:04,017 - position: [ 0.1099893  -1.29009175  0.51046985]
2026-01-19 17:57:04,259 - position: [ 0.10999013 -1.2900914   0.51045692]
2026-01-19 17:57:04,506 - position: [ 0.10995864 -1.29006028  0.51045334]
2026-01-19 17:57:04,744 - position: [ 0.10997181 -1.29006016  0.51046646]
2026-01-19 17:57:04,959 - position: [ 0.1100297  -1.29007792  0.51047611]
2026-01-19 17:57:05,201 - position: [ 0.11002763 -1.29006052  0.51038384]
2026-01-19 17:57:05,432 - position: [ 0.10996369 -1.29002655  0.5104053 ]
2026-01-19 17:57:05,654 - position: [ 0.11000658 -1.29003525  0.51046509]
2026-01-19 17:57:05,877 - position: [ 0.10993002 -1.28999949  0.51044303]
2026-01-19 17:57:06,135 - position: [ 0.11001187 -1.29003847  0.51046139]
2026-01-19 17:57:06,352 - position: [ 0.11003141 -1.29007745  0.51043218]
2026-01-19 17:57:06,590 - position: [ 0.11003686 -1.29006469  0.51042753]
2026-01-19 17:57:06,818 - position: [ 0.10999979 -1.29003346  0.51043016]
2026-01-19 17:57:07,085 - position: [ 0.10997003 -1.29003239  0.51046538]
2026-01-19 17:57:07,345 - position: [ 0.11000327 -1.29005182  0.51041996]
2026-01-19 17:57:07,585 - position: [ 0.11000571 -1.29005969  0.5104351 ]
2026-01-19 17:57:07,815 - position: [ 0.10999795 -1.29002857  0.51045829]
2026-01-19 17:57:08,038 - position: [ 0.11000248 -1.29002976  0.51045042]
2026-01-19 17:57:08,270 - position: [ 0.11000132 -1.29004049  0.51045233]
2026-01-19 17:57:08,544 - position: [ 0.11001136 -1.29001689  0.51040512]
2026-01-19 17:57:08,822 - position: [ 0.10995672 -1.29004908  0.5105468 ]
2026-01-19 17:57:09,067 - position: [ 0.11000301 -1.29000902  0.51045901]
2026-01-19 17:57:09,359 - position: [ 0.10999049 -1.29002082  0.51046693]
2026-01-19 17:57:09,608 - position: [ 0.109986   -1.29002368  0.51047683]
2026-01-19 17:57:09,871 - position: [ 0.10995267 -1.28998017  0.51045531]
2026-01-19 17:57:10,089 - position: [ 0.1099275  -1.29002476  0.51058149]
2026-01-19 17:57:10,332 - position: [ 0.11003444 -1.29005277  0.51044011]
2026-01-19 17:57:10,590 - position: [ 0.10996108 -1.29003441  0.51051545]
2026-01-19 17:57:10,817 - position: [ 0.10999283 -1.29008603  0.510436  ]
2026-01-19 17:57:11,040 - position: [ 0.11002228 -1.29007113  0.5104304 ]
2026-01-19 17:57:11,254 - position: [ 0.11000516 -1.29001749  0.51046926]
2026-01-19 17:57:11,478 - position: [ 0.10999276 -1.29004073  0.51052886]
2026-01-19 17:57:11,790 - position: [ 0.10998049 -1.29006386  0.5105679 ]
2026-01-19 17:57:12,016 - position: [ 0.10997541 -1.29006767  0.51056957]
2026-01-19 17:57:12,274 - position: [ 0.10997473 -1.29001653  0.51044214]
2026-01-19 17:57:12,522 - position: [ 0.11003172 -1.29001272  0.51043743]
2026-01-19 17:57:12,757 - position: [ 0.11006646 -1.29009616  0.51043558]
2026-01-19 17:57:12,969 - position: [ 0.11006316 -1.29007244  0.51041615]
2026-01-19 17:57:13,199 - position: [ 0.11003938 -1.2900455   0.51043957]
2026-01-19 17:57:13,428 - position: [ 0.11001813 -1.29003859  0.5104605 ]
2026-01-19 17:57:13,654 - position: [ 0.1100483  -1.29004705  0.51044834]
2026-01-19 17:57:13,878 - position: [ 0.11001877 -1.29001164  0.51047349]
2026-01-19 17:57:14,110 - position: [ 0.11002637 -1.290061    0.51041824]
2026-01-19 17:57:14,351 - position: [ 0.11005171 -1.29007304  0.51045024]
2026-01-19 17:57:14,570 - position: [ 0.11000712 -1.29004943  0.51040244]
2026-01-19 17:57:14,815 - position: [ 0.11000712 -1.29004943  0.51040244]
2026-01-19 17:57:15,062 - position: [ 0.11001689 -1.29005408  0.51043743]
2026-01-19 17:57:15,308 - position: [ 0.110048   -1.29003108  0.51044202]
2026-01-19 17:57:15,536 - position: [ 0.11003048 -1.29007792  0.51044232]
2026-01-19 17:57:15,759 - position: [ 0.11000989 -1.29001164  0.51046395]
2026-01-19 17:57:15,996 - position: [ 0.11001396 -1.29004776  0.51045144]
2026-01-19 17:57:16,203 - position: [ 0.11002135 -1.29004622  0.51041508]
2026-01-19 17:57:16,452 - position: [ 0.10995281 -1.29000425  0.51047099]
2026-01-19 17:57:16,678 - position: [ 0.10998576 -1.28998256  0.51046681]
2026-01-19 17:57:16,916 - position: [ 0.10996363 -1.29003966  0.51044416]
2026-01-19 17:57:17,135 - position: [ 0.10996007 -1.29001999  0.51041651]
2026-01-19 17:57:17,365 - position: [ 0.10995585 -1.29000521  0.51045716]
2026-01-19 17:57:17,572 - position: [ 0.11002789 -1.29005682  0.51042277]
2026-01-19 17:57:17,871 - position: [ 0.11004022 -1.29006982  0.51045841]
2026-01-19 17:57:18,144 - position: [ 0.11003077 -1.29003716  0.51043338]
2026-01-19 17:57:18,377 - position: [ 0.11000265 -1.28994668  0.51047945]
2026-01-19 17:57:18,607 - position: [ 0.10999699 -1.29002583  0.51041287]
2026-01-19 17:57:18,838 - position: [ 0.11004599 -1.29005027  0.51041573]
2026-01-19 17:57:19,076 - position: [ 0.10998411 -1.28997028  0.51044387]
2026-01-19 17:57:19,327 - position: [ 0.11001131 -1.29002786  0.51044673]
2026-01-19 17:57:19,559 - position: [ 0.11002384 -1.28998399  0.51044637]
2026-01-19 17:57:19,770 - position: [ 0.11001933 -1.29000092  0.51044762]
2026-01-19 17:57:20,042 - position: [ 0.1100572  -1.29002953  0.51043034]
2026-01-19 17:57:20,271 - position: [ 0.11005107 -1.29000854  0.51037896]
2026-01-19 17:57:20,561 - position: [ 0.11005107 -1.29000854  0.51037896]
2026-01-19 17:57:20,786 - position: [ 0.11000043 -1.28998053  0.5104391 ]
2026-01-19 17:57:21,025 - position: [ 0.1100302  -1.29003918  0.5104118 ]
2026-01-19 17:57:21,253 - position: [ 0.1099944  -1.28999794  0.51039028]
2026-01-19 17:57:21,505 - position: [ 0.11002436 -1.29001486  0.51045853]
2026-01-19 17:57:21,726 - position: [ 0.11002652 -1.29008996  0.51053822]
2026-01-19 17:57:21,943 - position: [ 0.11003847 -1.29001403  0.51044029]
2026-01-19 17:57:22,153 - position: [ 0.11002202 -1.29000688  0.51045281]
2026-01-19 17:57:22,378 - position: [ 0.11002202 -1.29000688  0.51045281]
2026-01-19 17:57:22,684 - position: [ 0.11001226 -1.28997171  0.51044291]
2026-01-19 17:57:22,957 - position: [ 0.10997171 -1.29001534  0.51055592]
2026-01-19 17:57:23,170 - position: [ 0.10999238 -1.29002905  0.51055712]
2026-01-19 17:57:23,417 - position: [ 0.10998446 -1.28997803  0.51042348]
2026-01-19 17:57:23,652 - position: [ 0.10996502 -1.28996408  0.51047653]
2026-01-19 17:57:23,857 - position: [ 0.11000382 -1.28995728  0.51044142]
2026-01-19 17:57:24,100 - position: [ 0.10998118 -1.28998661  0.51043922]
2026-01-19 17:57:24,325 - position: [ 0.10993929 -1.2899853   0.51057196]
2026-01-19 17:57:24,552 - position: [ 0.11003099 -1.28998482  0.510432  ]
2026-01-19 17:57:24,802 - position: [ 0.1099271  -1.28998637  0.51055294]
2026-01-19 17:57:25,054 - position: [ 0.10999199 -1.2900393   0.51053995]
2026-01-19 17:57:25,278 - position: [ 0.11001895 -1.28999925  0.51046711]
2026-01-19 17:57:25,543 - position: [ 0.11000391 -1.28998828  0.51045221]
2026-01-19 17:57:25,882 - position: [ 0.10996534 -1.28995931  0.51044106]
2026-01-19 17:57:26,109 - position: [ 0.11001717 -1.28999066  0.51039845]
2026-01-19 17:57:26,347 - position: [ 0.10997409 -1.29000545  0.51055908]
2026-01-19 17:57:26,559 - position: [ 0.11002016 -1.28996944  0.51040167]
2026-01-19 17:57:26,794 - position: [ 0.10994197 -1.29003143  0.5105896 ]
2026-01-19 17:57:27,027 - position: [ 0.10995742 -1.29003644  0.51055521]
2026-01-19 17:57:27,265 - position: [ 0.11000932 -1.29005337  0.51054233]
2026-01-19 17:57:27,495 - position: [ 0.11004417 -1.29002762  0.51046175]
2026-01-19 17:57:27,847 - position: [ 0.10995433 -1.29004169  0.51057315]
2026-01-19 17:57:28,049 - position: [ 0.10996843 -1.29007542  0.51058686]
2026-01-19 17:57:28,409 - position: [ 0.10999119 -1.29006255  0.51053196]
2026-01-19 17:57:28,651 - position: [ 0.10997298 -1.29005873  0.51058471]
2026-01-19 17:57:28,944 - position: [ 0.1100206  -1.28999078  0.51047945]
2026-01-19 17:57:29,162 - position: [ 0.10993911 -1.29001129  0.51054561]
2026-01-19 17:57:29,416 - position: [ 0.10988547 -1.28995252  0.51058644]
2026-01-19 17:57:29,665 - position: [ 0.10997271 -1.28997803  0.51046216]
2026-01-19 17:57:29,884 - position: [ 0.10999119 -1.28999782  0.51044983]
2026-01-19 17:57:30,158 - position: [ 0.11000781 -1.28998673  0.51046276]
2026-01-19 17:57:30,396 - position: [ 0.1099915  -1.28999293  0.51045483]
2026-01-19 17:57:30,731 - position: [ 0.11005294 -1.29003966  0.51041788]
2026-01-19 17:57:30,974 - position: [ 0.11005399 -1.29004443  0.51045084]
2026-01-19 17:57:31,206 - position: [ 0.10998782 -1.29006255  0.51058239]
2026-01-19 17:57:31,491 - position: [ 0.11003911 -1.2900418   0.51042813]
2026-01-19 17:57:31,711 - position: [ 0.10997096 -1.29004037  0.51054382]
2026-01-19 17:57:31,947 - position: [ 0.10997096 -1.29004037  0.51054382]
2026-01-19 17:57:32,188 - position: [ 0.10997439 -1.29005814  0.51056474]
2026-01-19 17:57:32,430 - position: [ 0.11000003 -1.28999376  0.51047736]
2026-01-19 17:57:32,696 - position: [ 0.10994913 -1.2900331   0.51055866]
2026-01-19 17:57:32,923 - position: [ 0.10996683 -1.29003501  0.51054949]
2026-01-19 17:57:33,168 - position: [ 0.11000348 -1.29002023  0.51045603]
2026-01-19 17:57:33,396 - position: [ 0.11006161 -1.29003477  0.51043934]
2026-01-19 17:57:33,649 - position: [ 0.11003666 -1.29003358  0.51045179]
2026-01-19 17:57:33,877 - position: [ 0.11003895 -1.29004109  0.51048142]
2026-01-19 17:57:34,121 - position: [ 0.11004754 -1.29005158  0.51045239]
2026-01-19 17:57:34,356 - position: [ 0.11002941 -1.29001236  0.51044214]
2026-01-19 17:57:34,573 - position: [ 0.11000571 -1.2900337   0.51043314]
2026-01-19 17:57:34,834 - position: [ 0.10999742 -1.29001689  0.51042926]
2026-01-19 17:57:35,062 - position: [ 0.11004284 -1.29003263  0.51041663]
2026-01-19 17:57:35,307 - position: [ 0.11003722 -1.29003978  0.5104506 ]
2026-01-19 17:57:35,560 - position: [ 0.10996129 -1.29006398  0.51057273]
2026-01-19 17:57:35,794 - position: [ 0.10996129 -1.29006398  0.51057273]
2026-01-19 17:57:36,044 - position: [ 0.11001558 -1.29001117  0.51039362]
2026-01-19 17:57:36,258 - position: [ 0.10996503 -1.2899915   0.51041985]
2026-01-19 17:57:36,502 - position: [ 0.11003631 -1.29006064  0.51044124]
2026-01-19 17:57:36,735 - position: [ 0.1099265  -1.290066    0.51060557]
2026-01-19 17:57:36,942 - position: [ 0.10999592 -1.29012549  0.5106138 ]
2026-01-19 17:57:37,153 - position: [ 0.11001591 -1.29011011  0.51053751]
2026-01-19 17:57:37,386 - position: [ 0.10994976 -1.29007351  0.51059365]
2026-01-19 17:57:37,606 - position: [ 0.11006591 -1.29008913  0.51044035]
2026-01-19 17:57:37,841 - position: [ 0.10994492 -1.2901032   0.51055175]
2026-01-19 17:57:38,070 - position: [ 0.1100296  -1.29007828  0.51046711]
2026-01-19 17:57:38,343 - position: [ 0.10998148 -1.29002714  0.51044762]
2026-01-19 17:57:38,567 - position: [ 0.10995801 -1.29010546  0.51056224]
2026-01-19 17:57:38,821 - position: [ 0.10994848 -1.29009414  0.5105561 ]
2026-01-19 17:57:39,070 - position: [ 0.10996707 -1.2901212   0.51056123]
2026-01-19 17:57:39,349 - position: [ 0.10999396 -1.2900573   0.51042968]
2026-01-19 17:57:39,573 - position: [ 0.10995848 -1.29013968  0.51056665]
2026-01-19 17:57:39,830 - position: [ 0.10998029 -1.2900492   0.51047665]
2026-01-19 17:57:40,065 - position: [ 0.10998885 -1.29005718  0.510454  ]
2026-01-19 17:57:40,316 - position: [ 0.10989209 -1.29004776  0.51057273]
2026-01-19 17:57:40,531 - position: [ 0.10992897 -1.29002714  0.51047546]
2026-01-19 17:57:40,772 - position: [ 0.11003903 -1.29011142  0.51048291]
2026-01-19 17:57:41,005 - position: [ 0.11000138 -1.29008901  0.51046914]
2026-01-19 17:57:41,292 - position: [ 0.10997464 -1.29008412  0.51050729]
2026-01-19 17:57:41,556 - position: [ 0.1099911  -1.29006779  0.51043749]
2026-01-19 17:57:41,783 - position: [ 0.11004826 -1.29010475  0.51044703]
2026-01-19 17:57:42,004 - position: [ 0.10999969 -1.29008317  0.51046515]
2026-01-19 17:57:42,223 - position: [ 0.1100036  -1.29008961  0.51042885]
2026-01-19 17:57:42,469 - position: [ 0.10997709 -1.29005623  0.51048404]
2026-01-19 17:57:42,711 - position: [ 0.11001699 -1.2901324   0.51044327]
2026-01-19 17:57:42,923 - position: [ 0.10997205 -1.29007351  0.51046437]
2026-01-19 17:57:43,154 - position: [ 0.10996436 -1.29009247  0.51047039]
2026-01-19 17:57:43,364 - position: [ 0.11001028 -1.29010737  0.51039308]
