2026-01-19 18:50:32,610 - position: [ 0.1097917  -1.29014516  0.51100314]
2026-01-19 18:50:32,853 - position: [ 0.10987451 -1.29006529  0.51087642]
2026-01-19 18:50:33,098 - position: [ 0.10988487 -1.29004812  0.51083535]
2026-01-19 18:50:33,346 - position: [ 0.10984227 -1.29003406  0.5108757 ]
2026-01-19 18:50:33,607 - position: [ 0.10986922 -1.29004657  0.51081729]
2026-01-19 18:50:33,852 - position: [ 0.10987788 -1.29005039  0.51081222]
2026-01-19 18:50:34,067 - position: [ 0.1098806  -1.29008913  0.51084   ]
2026-01-19 18:50:34,300 - position: [ 0.10983921 -1.29001319  0.51078629]
2026-01-19 18:50:34,549 - position: [ 0.10986883 -1.290061    0.51083702]
2026-01-19 18:50:34,792 - position: [ 0.10986391 -1.29001606  0.5108189 ]
2026-01-19 18:50:35,104 - position: [ 0.10979307 -1.29010963  0.51096153]
2026-01-19 18:50:35,333 - position: [ 0.1098697  -1.29006612  0.51084572]
2026-01-19 18:50:35,571 - position: [ 0.10979793 -1.29002607  0.51087916]
2026-01-19 18:50:35,849 - position: [ 0.10987412 -1.2900511   0.5108797 ]
2026-01-19 18:50:36,150 - position: [ 0.10974397 -1.29005861  0.51096785]
2026-01-19 18:50:36,364 - position: [ 0.10986873 -1.29005218  0.51084298]
2026-01-19 18:50:36,588 - position: [ 0.10987886 -1.29003119  0.51084417]
2026-01-19 18:50:36,859 - position: [ 0.10981179 -1.29015124  0.51094335]
2026-01-19 18:50:37,079 - position: [ 0.10985813 -1.29017127  0.51089466]
2026-01-19 18:50:37,310 - position: [ 0.10991441 -1.29007673  0.5108102 ]
2026-01-19 18:50:37,513 - position: [ 0.10984645 -1.29011714  0.5107823 ]
2026-01-19 18:50:37,746 - position: [ 0.11001366 -1.29012966  0.51056981]
2026-01-19 18:50:37,977 - position: [ 0.10981738 -1.29000211  0.51088828]
2026-01-19 18:50:38,250 - position: [ 0.10984629 -1.29005718  0.51082152]
2026-01-19 18:50:38,489 - position: [ 0.10984048 -1.29005206  0.51082164]
2026-01-19 18:50:38,758 - position: [ 0.1098545  -1.29010141  0.51085764]
2026-01-19 18:50:39,003 - position: [ 0.10976509 -1.29013252  0.51089031]
2026-01-19 18:50:39,238 - position: [ 0.10990778 -1.29003775  0.51068646]
2026-01-19 18:50:39,518 - position: [ 0.10984602 -1.29003167  0.51080233]
2026-01-19 18:50:39,770 - position: [ 0.10982578 -1.2900039   0.51086962]
2026-01-19 18:50:40,010 - position: [ 0.10985271 -1.29014671  0.51096022]
2026-01-19 18:50:40,250 - position: [ 0.1098327  -1.29014695  0.51095742]
2026-01-19 18:50:40,472 - position: [ 0.10998937 -1.29014027  0.5105536 ]
2026-01-19 18:50:40,692 - position: [ 0.109814   -1.29006147  0.51082963]
2026-01-19 18:50:40,898 - position: [ 0.10984454 -1.29010808  0.51082963]
2026-01-19 18:50:41,143 - position: [ 0.10996891 -1.29011846  0.51054728]
2026-01-19 18:50:41,357 - position: [ 0.11004582 -1.29016125  0.51051939]
2026-01-19 18:50:41,581 - position: [ 0.11004582 -1.29016125  0.51051939]
2026-01-19 18:50:41,810 - position: [ 0.10987809 -1.2900877   0.51082295]
2026-01-19 18:50:42,086 - position: [ 0.10999989 -1.29011238  0.51058102]
2026-01-19 18:50:42,319 - position: [ 0.10984255 -1.28998351  0.51085317]
2026-01-19 18:50:42,549 - position: [ 0.10992354 -1.29012036  0.5105713 ]
2026-01-19 18:50:42,874 - position: [ 0.10981574 -1.29008794  0.51081139]
2026-01-19 18:50:43,103 - position: [ 0.10980055 -1.29014921  0.5109176 ]
2026-01-19 18:50:43,315 - position: [ 0.11003692 -1.29017365  0.51048249]
2026-01-19 18:50:43,534 - position: [ 0.10996972 -1.29014397  0.51052141]
2026-01-19 18:50:43,794 - position: [ 0.10985264 -1.2900852   0.51081854]
2026-01-19 18:50:44,076 - position: [ 0.10983714 -1.29004633  0.51083767]
2026-01-19 18:50:44,296 - position: [ 0.11000868 -1.29012108  0.51055539]
2026-01-19 18:50:44,563 - position: [ 0.1098343  -1.29005992  0.51087612]
2026-01-19 18:50:44,771 - position: [ 0.1100035  -1.2901293   0.51055384]
2026-01-19 18:50:45,110 - position: [ 0.10980358 -1.29005444  0.51087195]
2026-01-19 18:50:45,357 - position: [ 0.10981409 -1.29003     0.51083094]
2026-01-19 18:50:45,599 - position: [ 0.1098161  -1.29007399  0.51083893]
2026-01-19 18:50:45,853 - position: [ 0.1097963  -1.29001486  0.51085818]
2026-01-19 18:50:46,077 - position: [ 0.10982583 -1.29005802  0.51081127]
2026-01-19 18:50:46,311 - position: [ 0.10979652 -1.29016984  0.51086736]
2026-01-19 18:50:46,556 - position: [ 0.10999194 -1.29013956  0.51051986]
2026-01-19 18:50:46,771 - position: [ 0.10986467 -1.290066    0.51080143]
2026-01-19 18:50:47,034 - position: [ 0.10992851 -1.29009986  0.51065058]
2026-01-19 18:50:47,285 - position: [ 0.10984319 -1.29006159  0.51082051]
2026-01-19 18:50:47,506 - position: [ 0.109755   -1.29001319  0.51083469]
2026-01-19 18:50:47,735 - position: [ 0.10984769 -1.29003179  0.51071399]
2026-01-19 18:50:47,980 - position: [ 0.10985688 -1.2899636   0.51065105]
2026-01-19 18:50:48,192 - position: [ 0.10985688 -1.2899636   0.51065105]
2026-01-19 18:50:48,458 - position: [ 0.10982377 -1.29004979  0.51081741]
2026-01-19 18:50:48,719 - position: [ 0.10970448 -1.29006398  0.51094282]
2026-01-19 18:50:49,021 - position: [ 0.10976599 -1.29013646  0.51092243]
2026-01-19 18:50:49,249 - position: [ 0.1098069  -1.29004169  0.51085359]
2026-01-19 18:50:49,507 - position: [ 0.11004632 -1.29016984  0.51050013]
2026-01-19 18:50:49,761 - position: [ 0.10984839 -1.29007876  0.51083195]
2026-01-19 18:50:50,048 - position: [ 0.10991113 -1.29005313  0.51068056]
2026-01-19 18:50:50,343 - position: [ 0.10986647 -1.29018831  0.51082623]
2026-01-19 18:50:50,634 - position: [ 0.10984299 -1.29006815  0.51081926]
2026-01-19 18:50:50,877 - position: [ 0.10988653 -1.29019523  0.5107916 ]
2026-01-19 18:50:51,122 - position: [ 0.10986613 -1.29011834  0.51083571]
2026-01-19 18:50:51,367 - position: [ 0.10987573 -1.29007101  0.51078957]
2026-01-19 18:50:51,612 - position: [ 0.10979809 -1.29014623  0.51091421]
2026-01-19 18:50:51,866 - position: [ 0.10992005 -1.29005778  0.5107128 ]
2026-01-19 18:50:52,099 - position: [ 0.10994928 -1.29020917  0.51062721]
2026-01-19 18:50:52,340 - position: [ 0.1099594  -1.29010296  0.51066393]
2026-01-19 18:50:52,600 - position: [ 0.10989542 -1.29009545  0.51081991]
2026-01-19 18:50:52,821 - position: [ 0.10990379 -1.29002345  0.51072395]
2026-01-19 18:50:53,087 - position: [ 0.11002821 -1.29013145  0.51055479]
2026-01-19 18:50:53,324 - position: [ 0.10992592 -1.29008663  0.51072943]
2026-01-19 18:50:53,549 - position: [ 0.10987308 -1.29015136  0.51077849]
2026-01-19 18:50:53,762 - position: [ 0.1099418  -1.29023874  0.51078546]
2026-01-19 18:50:53,999 - position: [ 0.10992172 -1.29020882  0.51077306]
2026-01-19 18:50:54,230 - position: [ 0.11000828 -1.29011083  0.51055396]
2026-01-19 18:50:54,479 - position: [ 0.10984005 -1.290007    0.51077557]
2026-01-19 18:50:54,740 - position: [ 0.10992777 -1.29008162  0.51067752]
2026-01-19 18:50:54,953 - position: [ 0.10992832 -1.29007947  0.51074308]
2026-01-19 18:50:55,219 - position: [ 0.10983677 -1.29008079  0.51083726]
2026-01-19 18:50:55,456 - position: [ 0.10996795 -1.29000616  0.51073784]
2026-01-19 18:50:55,709 - position: [ 0.10989618 -1.29011714  0.51087612]
2026-01-19 18:50:55,934 - position: [ 0.11003734 -1.29011595  0.51047629]
2026-01-19 18:50:56,169 - position: [ 0.10998154 -1.29002833  0.5107041 ]
2026-01-19 18:50:56,404 - position: [ 0.1100116  -1.29005885  0.51072758]
2026-01-19 18:50:56,670 - position: [ 0.10994134 -1.29016852  0.51085931]
2026-01-19 18:50:56,880 - position: [ 0.10991623 -1.2901361   0.51080167]
2026-01-19 18:50:57,103 - position: [ 0.10983406 -1.28994787  0.5107078 ]
2026-01-19 18:50:57,330 - position: [ 0.10985468 -1.28991234  0.51071525]
2026-01-19 18:50:57,570 - position: [ 0.1099321  -1.28994942  0.51061898]
2026-01-19 18:50:57,808 - position: [ 0.10989188 -1.29010582  0.5108642 ]
2026-01-19 18:50:58,156 - position: [ 0.10993469 -1.29013002  0.51077449]
2026-01-19 18:50:58,400 - position: [ 0.10987273 -1.29008663  0.51086944]
2026-01-19 18:50:58,606 - position: [ 0.10987273 -1.29008663  0.51086944]
2026-01-19 18:50:58,815 - position: [ 0.10993557 -1.28998089  0.510755  ]
2026-01-19 18:50:59,067 - position: [ 0.10991324 -1.29010189  0.51080579]
2026-01-19 18:50:59,293 - position: [ 0.10997009 -1.29001117  0.51074862]
2026-01-19 18:50:59,532 - position: [ 0.10998088 -1.2900157   0.51075864]
2026-01-19 18:50:59,755 - position: [ 0.10995285 -1.29001892  0.51073915]
2026-01-19 18:50:59,970 - position: [ 0.10994881 -1.28999841  0.51072752]
2026-01-19 18:51:00,239 - position: [ 0.10990965 -1.29006588  0.5108304 ]
2026-01-19 18:51:00,498 - position: [ 0.10993815 -1.29011774  0.51084721]
2026-01-19 18:51:00,714 - position: [ 0.11002189 -1.29003084  0.51073194]
2026-01-19 18:51:00,968 - position: [ 0.11008845 -1.2900784   0.5105412 ]
2026-01-19 18:51:01,208 - position: [ 0.11000592 -1.2900033   0.51069939]
2026-01-19 18:51:01,450 - position: [ 0.10989879 -1.29008305  0.51083565]
2026-01-19 18:51:01,684 - position: [ 0.10989183 -1.29007936  0.51082563]
2026-01-19 18:51:01,892 - position: [ 0.10994786 -1.29011965  0.51082587]
2026-01-19 18:51:02,167 - position: [ 0.1099062  -1.29007542  0.51085001]
2026-01-19 18:51:02,429 - position: [ 0.10994957 -1.29004729  0.51088828]
2026-01-19 18:51:02,659 - position: [ 0.10996123 -1.29002035  0.51074249]
2026-01-19 18:51:02,900 - position: [ 0.11001199 -1.29001808  0.51071525]
2026-01-19 18:51:03,132 - position: [ 0.1099875  -1.2899909   0.51075065]
2026-01-19 18:51:03,395 - position: [ 0.110002   -1.29001319  0.51071697]
2026-01-19 18:51:03,638 - position: [ 0.10993663 -1.29009926  0.51083732]
2026-01-19 18:51:03,852 - position: [ 0.1101096  -1.29005933  0.51051337]
2026-01-19 18:51:04,085 - position: [ 0.10995992 -1.28995538  0.51072812]
2026-01-19 18:51:04,324 - position: [ 0.10994927 -1.2900877   0.51084137]
2026-01-19 18:51:04,578 - position: [ 0.10995059 -1.2899226   0.51067877]
2026-01-19 18:51:04,796 - position: [ 0.10986938 -1.29001474  0.51086766]
2026-01-19 18:51:05,023 - position: [ 0.10986574 -1.2900275   0.51086837]
2026-01-19 18:51:05,246 - position: [ 0.1099787  -1.29013193  0.51080066]
2026-01-19 18:51:05,482 - position: [ 0.10995064 -1.2901119   0.51078534]
2026-01-19 18:51:05,712 - position: [ 0.11007775 -1.29003859  0.5105651 ]
2026-01-19 18:51:05,983 - position: [ 0.109993   -1.28999662  0.51071304]
2026-01-19 18:51:06,237 - position: [ 0.1100588  -1.29004049  0.51056808]
2026-01-19 18:51:06,437 - position: [ 0.10997985 -1.28995919  0.51074123]
2026-01-19 18:51:06,658 - position: [ 0.11001253 -1.28998494  0.51069945]
2026-01-19 18:51:06,911 - position: [ 0.11001515 -1.28998506  0.51070225]
2026-01-19 18:51:07,155 - position: [ 0.11001237 -1.28994262  0.51065546]
2026-01-19 18:51:07,387 - position: [ 0.10994676 -1.28995955  0.51071846]
