2026-01-17 19:34:28,226 - position: [-2.56884527  0.44480062  0.53953868]
2026-01-17 19:34:28,505 - position: [-2.56876993  0.44472072  0.53955364]
2026-01-17 19:34:28,747 - position: [-2.56937528  0.4449698   0.53955889]
2026-01-17 19:34:29,077 - position: [-2.56865025  0.44467944  0.5396046 ]
2026-01-17 19:34:29,315 - position: [-2.56869078  0.44468725  0.53962713]
2026-01-17 19:34:29,562 - position: [-2.56867719  0.44468111  0.53965521]
2026-01-17 19:34:29,779 - position: [-2.56867719  0.44468111  0.53965521]
2026-01-17 19:34:30,023 - position: [-2.56864142  0.44463339  0.53969109]
2026-01-17 19:34:30,250 - position: [-2.56879854  0.44472748  0.53967768]
2026-01-17 19:34:30,490 - position: [-2.56929803  0.44489649  0.53967166]
2026-01-17 19:34:30,706 - position: [-2.5701704   0.44513184  0.53949589]
2026-01-17 19:34:30,921 - position: [-2.56848955  0.44463032  0.53969711]
2026-01-17 19:34:31,154 - position: [-2.56856394  0.44464886  0.53964937]
2026-01-17 19:34:31,413 - position: [-2.56984019  0.44500607  0.53962475]
2026-01-17 19:34:31,672 - position: [-2.56992865  0.44499981  0.53953212]
2026-01-17 19:34:31,905 - position: [-2.56864476  0.44467312  0.53968179]
2026-01-17 19:34:32,113 - position: [-2.56869197  0.44465247  0.53963929]
2026-01-17 19:34:32,360 - position: [-2.56919718  0.44483745  0.53966993]
2026-01-17 19:34:32,723 - position: [-2.56867194  0.4446457   0.53967595]
2026-01-17 19:34:32,994 - position: [-2.56859851  0.44463336  0.53964394]
2026-01-17 19:34:33,270 - position: [-2.56861401  0.44459048  0.53966695]
2026-01-17 19:34:33,546 - position: [-2.56999922  0.44499761  0.53966773]
2026-01-17 19:34:33,880 - position: [-2.56866097  0.44464621  0.53972995]
2026-01-17 19:34:34,115 - position: [-2.56867385  0.44463664  0.53973293]
2026-01-17 19:34:34,338 - position: [-2.56862211  0.44465965  0.53972197]
2026-01-17 19:34:34,578 - position: [-2.56871581  0.44466093  0.53968316]
2026-01-17 19:34:34,891 - position: [-2.56849647  0.44459957  0.53972882]
2026-01-17 19:34:35,167 - position: [-2.56877017  0.44471529  0.53965819]
2026-01-17 19:34:35,487 - position: [-2.56921697  0.44488361  0.53969902]
2026-01-17 19:34:35,721 - position: [-2.56865072  0.44466475  0.53969252]
2026-01-17 19:34:36,003 - position: [-2.56871223  0.44470105  0.53961235]
2026-01-17 19:34:36,272 - position: [-2.56839609  0.44471383  0.53977638]
2026-01-17 19:34:36,517 - position: [-2.56865072  0.44466498  0.53958333]
2026-01-17 19:34:36,792 - position: [-2.56871104  0.4446837   0.53963405]
2026-01-17 19:34:37,015 - position: [-2.568681    0.44471765  0.53963768]
2026-01-17 19:34:37,218 - position: [-2.568681    0.44471765  0.53963768]
2026-01-17 19:34:37,480 - position: [-2.5688107   0.44473135  0.53957748]
2026-01-17 19:34:37,739 - position: [-2.56855702  0.44467482  0.53956985]
2026-01-17 19:34:37,962 - position: [-2.56867599  0.44469446  0.53954673]
2026-01-17 19:34:38,227 - position: [-2.56882071  0.44473749  0.5395456 ]
2026-01-17 19:34:38,464 - position: [-2.56850147  0.44479477  0.53970867]
2026-01-17 19:34:38,688 - position: [-2.56852293  0.44469333  0.53961796]
2026-01-17 19:34:38,939 - position: [-2.56842136  0.44473511  0.53968191]
2026-01-17 19:34:39,210 - position: [-2.56843305  0.44475248  0.53966492]
2026-01-17 19:34:39,450 - position: [-2.56871104  0.4446995   0.53955662]
2026-01-17 19:34:39,688 - position: [-2.56930757  0.44492009  0.53953636]
2026-01-17 19:34:39,924 - position: [-2.56868339  0.44471705  0.53954315]
2026-01-17 19:34:40,161 - position: [-2.56922841  0.44493973  0.53954053]
2026-01-17 19:34:40,415 - position: [-2.56865692  0.44470415  0.53955805]
2026-01-17 19:34:40,648 - position: [-2.56862593  0.44468752  0.53950948]
2026-01-17 19:34:40,921 - position: [-2.56851721  0.44466764  0.53954864]
2026-01-17 19:34:41,143 - position: [-2.56765985  0.44452712  0.53971684]
2026-01-17 19:34:41,397 - position: [-2.56857324  0.44470721  0.53952372]
2026-01-17 19:34:41,610 - position: [-2.5684638   0.44464853  0.53954542]
2026-01-17 19:34:41,860 - position: [-2.56862593  0.44470593  0.53952712]
2026-01-17 19:34:42,094 - position: [-2.56857061  0.44470957  0.53954196]
2026-01-17 19:34:42,309 - position: [-2.56761098  0.44449201  0.53969657]
2026-01-17 19:34:42,511 - position: [-2.56823182  0.44472122  0.53966242]
2026-01-17 19:34:42,822 - position: [-2.56783938  0.44457024  0.53961521]
2026-01-17 19:34:43,048 - position: [-2.56829906  0.4447417   0.53963602]
2026-01-17 19:34:43,290 - position: [-2.56836748  0.44476986  0.53961939]
2026-01-17 19:34:43,535 - position: [-2.56823874  0.44474658  0.53963053]
2026-01-17 19:34:43,781 - position: [-2.56766748  0.44454429  0.53961986]
2026-01-17 19:34:44,015 - position: [-2.56786847  0.44460124  0.53959012]
2026-01-17 19:34:44,232 - position: [-2.56851196  0.44471222  0.53946477]
2026-01-17 19:34:44,530 - position: [-2.56784081  0.4445827   0.53956079]
2026-01-17 19:34:44,799 - position: [-2.56830311  0.44476452  0.5395714 ]
2026-01-17 19:34:45,098 - position: [-2.56822371  0.44475231  0.53953671]
2026-01-17 19:34:45,335 - position: [-2.56767011  0.44452861  0.53957093]
2026-01-17 19:34:45,567 - position: [-2.56772304  0.44458589  0.53959012]
2026-01-17 19:34:45,772 - position: [-2.56817341  0.44474804  0.53955561]
2026-01-17 19:34:46,006 - position: [-2.56791568  0.44462889  0.53949904]
2026-01-17 19:34:46,223 - position: [-2.56839895  0.44478682  0.53948694]
2026-01-17 19:34:46,467 - position: [-2.56770325  0.44457048  0.53955251]
2026-01-17 19:34:46,684 - position: [-2.56766176  0.44453496  0.53959507]
2026-01-17 19:34:46,906 - position: [-2.56778097  0.44456688  0.53953314]
2026-01-17 19:34:47,126 - position: [-2.56764412  0.44454914  0.53955215]
2026-01-17 19:34:47,354 - position: [-2.56755567  0.44452223  0.53956062]
2026-01-17 19:34:47,595 - position: [-2.56814194  0.44472632  0.53954899]
2026-01-17 19:34:47,801 - position: [-2.56771469  0.44457367  0.53953701]
2026-01-17 19:34:48,056 - position: [-2.56862187  0.44473153  0.5394116 ]
2026-01-17 19:34:48,331 - position: [-2.56761932  0.44453344  0.53956473]
2026-01-17 19:34:48,573 - position: [-2.56825876  0.44475788  0.53951615]
2026-01-17 19:34:48,802 - position: [-2.56843996  0.44478926  0.53946185]
2026-01-17 19:34:49,030 - position: [-2.5677526   0.44459474  0.53951108]
2026-01-17 19:34:49,290 - position: [-2.56768441  0.44457921  0.53950477]
2026-01-17 19:34:49,555 - position: [-2.56770754  0.44459739  0.53943741]
2026-01-17 19:34:49,834 - position: [-2.56773472  0.44458362  0.53950173]
2026-01-17 19:34:50,076 - position: [-2.5682528   0.44477743  0.53944182]
2026-01-17 19:34:50,310 - position: [-2.56779885  0.44462377  0.53944492]
2026-01-17 19:34:50,531 - position: [-2.56779432  0.44463152  0.53942621]
2026-01-17 19:34:50,769 - position: [-2.56759596  0.44456413  0.53950346]
2026-01-17 19:34:50,985 - position: [-2.56768465  0.44458115  0.53947663]
2026-01-17 19:34:51,234 - position: [-2.56723022  0.44480172  0.53948647]
2026-01-17 19:34:51,508 - position: [-2.56767511  0.44458559  0.53941995]
2026-01-17 19:34:51,755 - position: [-2.56691051  0.44476327  0.53949964]
2026-01-17 19:34:51,988 - position: [-2.56762743  0.4445653   0.53940761]
2026-01-17 19:34:52,217 - position: [-2.56822205  0.44477627  0.53942066]
2026-01-17 19:34:52,486 - position: [-2.56713796  0.44480553  0.5394156 ]
2026-01-17 19:34:52,703 - position: [-2.56773376  0.44461372  0.53939593]
2026-01-17 19:34:52,909 - position: [-2.56759381  0.44457585  0.53945911]
2026-01-17 19:34:53,123 - position: [-2.56812048  0.44476184  0.53942591]
2026-01-17 19:34:53,406 - position: [-2.56707597  0.44481799  0.53944254]
2026-01-17 19:34:53,647 - position: [-2.56820869  0.44477159  0.53940773]
2026-01-17 19:34:53,860 - position: [-2.56779909  0.44461593  0.53941482]
2026-01-17 19:34:54,106 - position: [-2.56696677  0.44478324  0.53946745]
2026-01-17 19:34:54,322 - position: [-2.56764555  0.44457519  0.53944445]
2026-01-17 19:34:54,565 - position: [-2.56784654  0.44463775  0.53935885]
2026-01-17 19:34:54,805 - position: [-2.56775498  0.44460836  0.53937185]
2026-01-17 19:34:55,036 - position: [-2.56769156  0.44463781  0.5393362 ]
2026-01-17 19:34:55,287 - position: [-2.56784463  0.444646    0.53936899]
2026-01-17 19:34:55,499 - position: [-2.56774235  0.44459236  0.53942513]
2026-01-17 19:34:55,779 - position: [-2.56825185  0.44479582  0.5394339 ]
2026-01-17 19:34:56,041 - position: [-2.56819201  0.44478574  0.53941077]
2026-01-17 19:34:56,268 - position: [-2.56693816  0.44480929  0.5394789 ]
2026-01-17 19:34:56,513 - position: [-2.5669055   0.44479072  0.53943068]
2026-01-17 19:34:56,773 - position: [-2.56699133  0.44481403  0.53946644]
2026-01-17 19:34:57,003 - position: [-2.56714511  0.44484806  0.53939289]
2026-01-17 19:34:57,257 - position: [-2.56770635  0.44459036  0.53940415]
2026-01-17 19:34:57,495 - position: [-2.56759357  0.44502431  0.53940195]
2026-01-17 19:34:57,715 - position: [-2.56831384  0.44481054  0.5393306 ]
2026-01-17 19:34:57,952 - position: [-2.56713915  0.44483787  0.53943074]
2026-01-17 19:34:58,183 - position: [-2.56703782  0.44482291  0.53942293]
2026-01-17 19:34:58,443 - position: [-2.56819701  0.44479129  0.53939265]
2026-01-17 19:34:58,704 - position: [-2.56837559  0.44479948  0.53938192]
2026-01-17 19:34:58,926 - position: [-2.56753421  0.44500926  0.53942394]
2026-01-17 19:34:59,145 - position: [-2.56771374  0.44503158  0.53937829]
2026-01-17 19:34:59,388 - position: [-2.56821012  0.44479311  0.53937775]
2026-01-17 19:34:59,619 - position: [-2.56825256  0.44480419  0.53938198]
2026-01-17 19:34:59,856 - position: [-2.56755924  0.44500056  0.53940582]
2026-01-17 19:35:00,107 - position: [-2.56768537  0.44459844  0.53942049]
2026-01-17 19:35:00,392 - position: [-2.56758237  0.44503278  0.5393815 ]
2026-01-17 19:35:00,623 - position: [-2.5668931   0.44476429  0.53940558]
2026-01-17 19:35:00,860 - position: [-2.5682261   0.44478971  0.53937536]
2026-01-17 19:35:01,077 - position: [-2.56827664  0.44479948  0.5393517 ]
2026-01-17 19:35:01,311 - position: [-2.56688428  0.44480085  0.53943354]
2026-01-17 19:35:01,519 - position: [-2.56815434  0.44476536  0.53939617]
2026-01-17 19:35:01,726 - position: [-2.56756091  0.44501629  0.53940827]
2026-01-17 19:35:01,971 - position: [-2.56767869  0.44460371  0.53937805]
2026-01-17 19:35:02,230 - position: [-2.56707263  0.44483447  0.53936321]
2026-01-17 19:35:02,473 - position: [-2.56758976  0.44456422  0.53941274]
2026-01-17 19:35:02,678 - position: [-2.56781864  0.44465098  0.53930491]
2026-01-17 19:35:02,905 - position: [-2.56774497  0.44459027  0.53941303]
2026-01-17 19:35:03,124 - position: [-2.56709814  0.44482931  0.53940016]
2026-01-17 19:35:03,392 - position: [-2.56763053  0.44501728  0.53936702]
2026-01-17 19:35:03,635 - position: [-2.56701589  0.44482651  0.53937721]
2026-01-17 19:35:03,857 - position: [-2.5671587   0.44486094  0.53934568]
2026-01-17 19:35:04,078 - position: [-2.56711602  0.44486001  0.53938699]
2026-01-17 19:35:04,320 - position: [-2.56721377  0.44488311  0.53933412]
2026-01-17 19:35:04,545 - position: [-2.56713796  0.4448489   0.53937769]
2026-01-17 19:35:04,781 - position: [-2.56728458  0.44488204  0.53935415]
2026-01-17 19:35:04,999 - position: [-2.56719685  0.44485438  0.53933352]
2026-01-17 19:35:05,241 - position: [-2.56713629  0.44486558  0.53940338]
2026-01-17 19:35:05,502 - position: [-2.56710863  0.44518906  0.53929639]
2026-01-17 19:35:05,769 - position: [-2.56772017  0.44503543  0.53934705]
2026-01-17 19:35:05,996 - position: [-2.56778693  0.44461823  0.53941697]
2026-01-17 19:35:06,219 - position: [-2.56705141  0.44482476  0.53943276]
2026-01-17 19:35:06,480 - position: [-2.56713915  0.44483319  0.53936797]
2026-01-17 19:35:06,700 - position: [-2.56694031  0.44480133  0.53943604]
2026-01-17 19:35:06,921 - position: [-2.56716657  0.44485912  0.53935939]
2026-01-17 19:35:07,156 - position: [-2.5672915   0.44488901  0.53937161]
2026-01-17 19:35:07,400 - position: [-2.5672648   0.44487005  0.53936362]
2026-01-17 19:35:07,628 - position: [-2.56662607  0.4449954   0.53928983]
2026-01-17 19:35:07,891 - position: [-2.56714845  0.44484988  0.53944296]
2026-01-17 19:35:08,149 - position: [-2.56795192  0.44464266  0.53939766]
2026-01-17 19:35:08,381 - position: [-2.56841946  0.44484231  0.53939915]
2026-01-17 19:35:08,640 - position: [-2.56828904  0.44478217  0.53948313]
2026-01-17 19:35:08,908 - position: [-2.56775618  0.44502938  0.53943568]
2026-01-17 19:35:09,147 - position: [-2.56643343  0.44497961  0.53943801]
2026-01-17 19:35:09,372 - position: [-2.56643343  0.44497961  0.53943801]
2026-01-17 19:35:09,619 - position: [-2.56708741  0.44480363  0.53944939]
2026-01-17 19:35:09,831 - position: [-2.56705713  0.44485795  0.53951305]
