2026-01-19 18:40:04,582 - position: [ 0.10996626 -1.29011273  0.51061946]
2026-01-19 18:40:04,835 - position: [ 0.10982285 -1.29013956  0.51087356]
2026-01-19 18:40:05,045 - position: [ 0.10982285 -1.29013956  0.51087356]
2026-01-19 18:40:05,258 - position: [ 0.10988716 -1.29005086  0.5107519 ]
2026-01-19 18:40:05,552 - position: [ 0.10996889 -1.29014111  0.51059341]
2026-01-19 18:40:05,821 - position: [ 0.1098949  -1.29023838  0.5107109 ]
2026-01-19 18:40:06,041 - position: [ 0.10982759 -1.29018056  0.51085907]
2026-01-19 18:40:06,334 - position: [ 0.10981809 -1.29017925  0.51085764]
2026-01-19 18:40:06,574 - position: [ 0.10986882 -1.29006982  0.51078713]
2026-01-19 18:40:06,822 - position: [ 0.10979572 -1.29014635  0.51088554]
2026-01-19 18:40:07,046 - position: [ 0.10980248 -1.29014301  0.51088154]
2026-01-19 18:40:07,379 - position: [ 0.10984899 -1.29018855  0.51081806]
2026-01-19 18:40:07,628 - position: [ 0.1097917  -1.29014945  0.51089883]
2026-01-19 18:40:07,907 - position: [ 0.1097917  -1.29014945  0.51089883]
2026-01-19 18:40:08,129 - position: [ 0.10981967 -1.29014122  0.51084912]
2026-01-19 18:40:08,449 - position: [ 0.10980907 -1.29015017  0.51085508]
2026-01-19 18:40:08,743 - position: [ 0.10984629 -1.29018581  0.51083261]
2026-01-19 18:40:08,981 - position: [ 0.1097847  -1.29017603  0.51090169]
2026-01-19 18:40:09,203 - position: [ 0.10977264 -1.29016435  0.51091039]
2026-01-19 18:40:09,408 - position: [ 0.10977281 -1.29013455  0.51086527]
2026-01-19 18:40:09,651 - position: [ 0.10976966 -1.2901305   0.51088423]
2026-01-19 18:40:09,883 - position: [ 0.10980558 -1.29019022  0.51085103]
2026-01-19 18:40:10,137 - position: [ 0.10982475 -1.29016781  0.51083982]
2026-01-19 18:40:10,355 - position: [ 0.10985474 -1.2902317   0.51080436]
2026-01-19 18:40:10,657 - position: [ 0.10984866 -1.29017103  0.51086146]
2026-01-19 18:40:10,895 - position: [ 0.10982463 -1.29018807  0.5108394 ]
2026-01-19 18:40:11,130 - position: [ 0.10981263 -1.29019058  0.51085997]
2026-01-19 18:40:11,346 - position: [ 0.10982998 -1.29022121  0.5108543 ]
2026-01-19 18:40:11,586 - position: [ 0.1098429  -1.2901845   0.51085103]
2026-01-19 18:40:11,906 - position: [ 0.10980715 -1.29018104  0.51079786]
2026-01-19 18:40:12,123 - position: [ 0.10977128 -1.2901392   0.51086283]
2026-01-19 18:40:12,333 - position: [ 0.10981183 -1.29019964  0.51081771]
2026-01-19 18:40:12,591 - position: [ 0.10983074 -1.29019046  0.51082385]
2026-01-19 18:40:12,810 - position: [ 0.10981778 -1.29018521  0.5108481 ]
2026-01-19 18:40:13,074 - position: [ 0.10982171 -1.29019547  0.510858  ]
2026-01-19 18:40:13,349 - position: [ 0.10980739 -1.29017627  0.51087463]
2026-01-19 18:40:13,567 - position: [ 0.10974673 -1.29011726  0.51084542]
2026-01-19 18:40:13,826 - position: [ 0.10982847 -1.29019499  0.51089513]
2026-01-19 18:40:14,034 - position: [ 0.10969454 -1.2900753   0.51090217]
2026-01-19 18:40:14,253 - position: [ 0.10968787 -1.29011571  0.51084918]
2026-01-19 18:40:14,523 - position: [ 0.10981278 -1.29017365  0.51085955]
2026-01-19 18:40:14,831 - position: [ 0.11000969 -1.29016471  0.51058078]
2026-01-19 18:40:15,103 - position: [ 0.10973936 -1.29017735  0.51100188]
2026-01-19 18:40:15,354 - position: [ 0.10990494 -1.29010451  0.51079077]
2026-01-19 18:40:15,563 - position: [ 0.10989182 -1.29026973  0.5107109 ]
2026-01-19 18:40:15,802 - position: [ 0.10988524 -1.29009199  0.51080006]
2026-01-19 18:40:16,070 - position: [ 0.10985674 -1.29009974  0.5107969 ]
2026-01-19 18:40:16,344 - position: [ 0.10998532 -1.29014182  0.51055926]
2026-01-19 18:40:16,556 - position: [ 0.11000623 -1.29016864  0.51057237]
2026-01-19 18:40:16,818 - position: [ 0.10997194 -1.29014552  0.51056165]
2026-01-19 18:40:17,062 - position: [ 0.110021   -1.29014325  0.51050609]
2026-01-19 18:40:17,300 - position: [ 0.10985587 -1.29024076  0.5108574 ]
2026-01-19 18:40:17,538 - position: [ 0.10988188 -1.29009736  0.51075321]
2026-01-19 18:40:17,782 - position: [ 0.10977519 -1.29015875  0.51091945]
2026-01-19 18:40:18,089 - position: [ 0.10987142 -1.29005814  0.51074928]
2026-01-19 18:40:18,360 - position: [ 0.10997763 -1.29015076  0.510584  ]
2026-01-19 18:40:18,667 - position: [ 0.10984744 -1.29019666  0.51086211]
2026-01-19 18:40:18,903 - position: [ 0.10967667 -1.29014254  0.51102543]
2026-01-19 18:40:19,135 - position: [ 0.10979905 -1.29020119  0.51088762]
2026-01-19 18:40:19,378 - position: [ 0.10982194 -1.29021454  0.51088887]
2026-01-19 18:40:19,624 - position: [ 0.1097802  -1.29022646  0.51097268]
2026-01-19 18:40:19,872 - position: [ 0.10980995 -1.29025578  0.51086313]
2026-01-19 18:40:20,104 - position: [ 0.10981841 -1.29019463  0.51084363]
2026-01-19 18:40:20,373 - position: [ 0.10992771 -1.29026616  0.51069969]
2026-01-19 18:40:20,606 - position: [ 0.10992771 -1.29026616  0.51069969]
2026-01-19 18:40:20,826 - position: [ 0.10996869 -1.2901665   0.51055896]
2026-01-19 18:40:21,096 - position: [ 0.10974083 -1.29020274  0.51096725]
2026-01-19 18:40:21,427 - position: [ 0.10986733 -1.29024887  0.51072425]
2026-01-19 18:40:21,672 - position: [ 0.10966023 -1.29018402  0.51105374]
2026-01-19 18:40:21,990 - position: [ 0.10980678 -1.29024065  0.51089078]
2026-01-19 18:40:22,215 - position: [ 0.10984592 -1.29027832  0.51069731]
2026-01-19 18:40:22,424 - position: [ 0.10982394 -1.29025757  0.51085925]
2026-01-19 18:40:22,655 - position: [ 0.10968123 -1.29016817  0.51100105]
2026-01-19 18:40:22,878 - position: [ 0.10974067 -1.29023874  0.51100188]
2026-01-19 18:40:23,108 - position: [ 0.10968357 -1.29024231  0.51099068]
2026-01-19 18:40:23,361 - position: [ 0.10972238 -1.29022694  0.51103145]
2026-01-19 18:40:23,662 - position: [ 0.10973474 -1.29022884  0.51097476]
2026-01-19 18:40:23,896 - position: [ 0.10996762 -1.29019928  0.51061147]
2026-01-19 18:40:24,111 - position: [ 0.10971306 -1.2902596   0.51102751]
2026-01-19 18:40:24,331 - position: [ 0.10986226 -1.29015803  0.51060075]
2026-01-19 18:40:24,659 - position: [ 0.10966633 -1.29019511  0.51103777]
2026-01-19 18:40:24,933 - position: [ 0.10997684 -1.29026151  0.51053858]
2026-01-19 18:40:25,170 - position: [ 0.10974216 -1.2902683   0.51095122]
2026-01-19 18:40:25,430 - position: [ 0.1097268  -1.290223    0.51104492]
2026-01-19 18:40:25,674 - position: [ 0.10996584 -1.29024172  0.51062083]
2026-01-19 18:40:25,927 - position: [ 0.10966668 -1.29020119  0.51102126]
2026-01-19 18:40:26,161 - position: [ 0.10992235 -1.29021513  0.51062959]
2026-01-19 18:40:26,402 - position: [ 0.10996228 -1.2902106   0.51059866]
2026-01-19 18:40:26,656 - position: [ 0.109706   -1.29025841  0.51102418]
2026-01-19 18:40:26,912 - position: [ 0.10992647 -1.29018319  0.51060718]
2026-01-19 18:40:27,119 - position: [ 0.10992742 -1.29018152  0.51063269]
2026-01-19 18:40:27,366 - position: [ 0.1099268  -1.29021525  0.5106346 ]
2026-01-19 18:40:27,583 - position: [ 0.10997657 -1.29024506  0.51057571]
2026-01-19 18:40:27,845 - position: [ 0.10995263 -1.29025245  0.51062095]
2026-01-19 18:40:28,076 - position: [ 0.10990899 -1.2902503   0.5106892 ]
2026-01-19 18:40:28,294 - position: [ 0.10994315 -1.29025757  0.51057822]
2026-01-19 18:40:28,548 - position: [ 0.10993206 -1.29022145  0.51057285]
2026-01-19 18:40:28,789 - position: [ 0.10991366 -1.29021478  0.51060194]
2026-01-19 18:40:29,066 - position: [ 0.10987221 -1.29021001  0.51062083]
2026-01-19 18:40:29,300 - position: [ 0.1098516  -1.2901758   0.51061273]
2026-01-19 18:40:29,604 - position: [ 0.10982548 -1.29035413  0.51075941]
2026-01-19 18:40:29,848 - position: [ 0.10990319 -1.29022527  0.51060325]
2026-01-19 18:40:30,067 - position: [ 0.10987246 -1.29018474  0.51056957]
