2026-01-19 18:12:54,890 - position: [ 0.10979372 -1.29013038  0.51064789]
2026-01-19 18:12:55,139 - position: [ 0.10975293 -1.29011333  0.51064521]
2026-01-19 18:12:55,362 - position: [ 0.10983247 -1.29014301  0.51062161]
2026-01-19 18:12:55,564 - position: [ 0.10982431 -1.29016078  0.51060355]
2026-01-19 18:12:55,844 - position: [ 0.10985703 -1.29018795  0.51062769]
2026-01-19 18:12:56,086 - position: [ 0.10982825 -1.29017556  0.51067817]
2026-01-19 18:12:56,339 - position: [ 0.10979013 -1.2901572   0.5106411 ]
2026-01-19 18:12:56,677 - position: [ 0.10982142 -1.29019976  0.51066214]
2026-01-19 18:12:56,937 - position: [ 0.10977861 -1.29013634  0.51064962]
2026-01-19 18:12:57,173 - position: [ 0.10979085 -1.29015863  0.51060981]
2026-01-19 18:12:57,403 - position: [ 0.10981952 -1.29018044  0.51059866]
2026-01-19 18:12:57,651 - position: [ 0.10988779 -1.29023814  0.51057857]
2026-01-19 18:12:57,883 - position: [ 0.10980516 -1.29020023  0.51063657]
2026-01-19 18:12:58,116 - position: [ 0.10980516 -1.29020023  0.51063657]
2026-01-19 18:12:58,362 - position: [ 0.1098425  -1.29020417  0.51056421]
2026-01-19 18:12:58,572 - position: [ 0.10987621 -1.29021704  0.51057458]
2026-01-19 18:12:58,808 - position: [ 0.10984004 -1.29019344  0.51057833]
2026-01-19 18:12:59,021 - position: [ 0.10987572 -1.29022419  0.51057065]
2026-01-19 18:12:59,259 - position: [ 0.10982892 -1.29018998  0.510562  ]
2026-01-19 18:12:59,468 - position: [ 0.10982803 -1.29018593  0.51060295]
2026-01-19 18:12:59,709 - position: [ 0.10987201 -1.29020298  0.51057667]
2026-01-19 18:12:59,945 - position: [ 0.10984368 -1.29021013  0.51063299]
2026-01-19 18:13:00,202 - position: [ 0.1098359  -1.29020655  0.51060855]
2026-01-19 18:13:00,435 - position: [ 0.10983194 -1.29022324  0.51057667]
2026-01-19 18:13:00,639 - position: [ 0.10987347 -1.29025865  0.51059484]
2026-01-19 18:13:00,871 - position: [ 0.10980124 -1.29021013  0.51062685]
2026-01-19 18:13:01,159 - position: [ 0.10984534 -1.29021668  0.51063055]
2026-01-19 18:13:01,426 - position: [ 0.10984375 -1.2902      0.51062047]
2026-01-19 18:13:01,711 - position: [ 0.10981189 -1.2901932   0.51061606]
2026-01-19 18:13:01,993 - position: [ 0.11012184 -1.29011834  0.51022232]
2026-01-19 18:13:02,241 - position: [ 0.11010516 -1.29009616  0.51024139]
2026-01-19 18:13:02,459 - position: [ 0.1101111  -1.2902689   0.51025414]
2026-01-19 18:13:02,687 - position: [ 0.10982391 -1.2902081   0.51060563]
2026-01-19 18:13:02,903 - position: [ 0.10983388 -1.29023242  0.5105921 ]
2026-01-19 18:13:03,122 - position: [ 0.10983177 -1.2902211   0.51059109]
2026-01-19 18:13:03,342 - position: [ 0.11012854 -1.29010069  0.51016986]
2026-01-19 18:13:03,569 - position: [ 0.10978305 -1.29016113  0.51061714]
2026-01-19 18:13:03,798 - position: [ 0.10981142 -1.29017437  0.51058012]
2026-01-19 18:13:04,050 - position: [ 0.10980908 -1.29018223  0.51057613]
2026-01-19 18:13:04,275 - position: [ 0.10982607 -1.29021084  0.510589  ]
2026-01-19 18:13:04,486 - position: [ 0.10982431 -1.29020452  0.51062196]
2026-01-19 18:13:04,747 - position: [ 0.10982161 -1.29020905  0.51057774]
2026-01-19 18:13:04,986 - position: [ 0.10981363 -1.29019833  0.51060808]
2026-01-19 18:13:05,218 - position: [ 0.10987563 -1.29024684  0.5106222 ]
2026-01-19 18:13:05,491 - position: [ 0.10982601 -1.29020357  0.51063538]
2026-01-19 18:13:05,708 - position: [ 0.10982601 -1.29020357  0.51063538]
2026-01-19 18:13:05,948 - position: [ 0.1098808  -1.29022336  0.51058185]
2026-01-19 18:13:06,176 - position: [ 0.1098436  -1.29020917  0.51056659]
2026-01-19 18:13:06,407 - position: [ 0.11012209 -1.29010177  0.51017648]
2026-01-19 18:13:06,644 - position: [ 0.10984531 -1.2901901   0.51056868]
2026-01-19 18:13:06,869 - position: [ 0.10983901 -1.29021764  0.51058209]
2026-01-19 18:13:07,117 - position: [ 0.10983792 -1.29019916  0.51054454]
2026-01-19 18:13:07,344 - position: [ 0.11011635 -1.29010868  0.51020181]
2026-01-19 18:13:07,569 - position: [ 0.10986029 -1.29025567  0.51056099]
2026-01-19 18:13:07,812 - position: [ 0.1098505  -1.29025424  0.51062161]
2026-01-19 18:13:08,032 - position: [ 0.10985297 -1.29025173  0.51060587]
2026-01-19 18:13:08,249 - position: [ 0.10982309 -1.29024541  0.51060957]
2026-01-19 18:13:08,460 - position: [ 0.10985504 -1.29025221  0.51060343]
2026-01-19 18:13:08,696 - position: [ 0.10986965 -1.29025698  0.51055956]
2026-01-19 18:13:08,910 - position: [ 0.11016751 -1.29015541  0.51017457]
2026-01-19 18:13:09,127 - position: [ 0.10986067 -1.29024184  0.51063764]
2026-01-19 18:13:09,452 - position: [ 0.10986816 -1.29024339  0.51058012]
2026-01-19 18:13:09,722 - position: [ 0.1098353  -1.29021287  0.5105949 ]
2026-01-19 18:13:09,953 - position: [ 0.11010516 -1.29008842  0.51016539]
2026-01-19 18:13:10,266 - position: [ 0.10985025 -1.29018867  0.51053703]
2026-01-19 18:13:10,536 - position: [ 0.10982677 -1.29019737  0.51058668]
2026-01-19 18:13:10,769 - position: [ 0.11014106 -1.29011858  0.51014817]
2026-01-19 18:13:11,018 - position: [ 0.11009897 -1.29010606  0.51017821]
2026-01-19 18:13:11,326 - position: [ 0.10987625 -1.29020965  0.51058704]
2026-01-19 18:13:11,607 - position: [ 0.11019621 -1.29011476  0.51014227]
2026-01-19 18:13:11,871 - position: [ 0.10987926 -1.29023671  0.5105508 ]
2026-01-19 18:13:12,105 - position: [ 0.11015183 -1.29013228  0.5101614 ]
2026-01-19 18:13:12,363 - position: [ 0.11015043 -1.29014432  0.51017904]
2026-01-19 18:13:12,619 - position: [ 0.11011782 -1.29027843  0.51023757]
2026-01-19 18:13:12,840 - position: [ 0.10987119 -1.29023063  0.51055759]
2026-01-19 18:13:13,087 - position: [ 0.11008476 -1.29007196  0.5101617 ]
2026-01-19 18:13:13,329 - position: [ 0.11013686 -1.29010773  0.51015264]
2026-01-19 18:13:13,559 - position: [ 0.11014385 -1.29012167  0.51014584]
2026-01-19 18:13:13,819 - position: [ 0.11013623 -1.29010379  0.51018769]
2026-01-19 18:13:14,051 - position: [ 0.10983656 -1.29018044  0.51056314]
2026-01-19 18:13:14,314 - position: [ 0.11010925 -1.29009509  0.51016939]
2026-01-19 18:13:14,539 - position: [ 0.11011801 -1.29010284  0.51013893]
2026-01-19 18:13:14,807 - position: [ 0.11012936 -1.29010892  0.51011664]
2026-01-19 18:13:15,063 - position: [ 0.11011206 -1.29008079  0.51015586]
2026-01-19 18:13:15,299 - position: [ 0.11011133 -1.29006827  0.51013637]
2026-01-19 18:13:15,552 - position: [ 0.10988788 -1.29020488  0.51053184]
2026-01-19 18:13:15,781 - position: [ 0.10985689 -1.29020238  0.51057774]
2026-01-19 18:13:16,003 - position: [ 0.11014546 -1.29010129  0.51012897]
2026-01-19 18:13:16,222 - position: [ 0.11011128 -1.29005754  0.51011133]
2026-01-19 18:13:16,468 - position: [ 0.11015848 -1.29009902  0.51014316]
2026-01-19 18:13:16,730 - position: [ 0.10988124 -1.2902236   0.51056272]
2026-01-19 18:13:16,973 - position: [ 0.10982052 -1.29018664  0.51056093]
2026-01-19 18:13:17,191 - position: [ 0.11011855 -1.29008126  0.51015335]
2026-01-19 18:13:17,400 - position: [ 0.10985767 -1.29018879  0.51055789]
2026-01-19 18:13:17,613 - position: [ 0.10983    -1.29018903  0.51057976]
2026-01-19 18:13:17,848 - position: [ 0.10988366 -1.29021168  0.51052916]
2026-01-19 18:13:18,064 - position: [ 0.10985561 -1.29016447  0.51052994]
2026-01-19 18:13:18,292 - position: [ 0.11011276 -1.29005945  0.51013583]
2026-01-19 18:13:18,577 - position: [ 0.11014786 -1.29011118  0.51012349]
2026-01-19 18:13:18,795 - position: [ 0.1098839  -1.29021096  0.51051915]
2026-01-19 18:13:19,091 - position: [ 0.10978764 -1.29012501  0.51054156]
2026-01-19 18:13:19,348 - position: [ 0.11015118 -1.29009104  0.51014817]
2026-01-19 18:13:19,634 - position: [ 0.10988682 -1.29022396  0.51056063]
2026-01-19 18:13:19,842 - position: [ 0.11012824 -1.29006684  0.51018012]
2026-01-19 18:13:20,085 - position: [ 0.10983556 -1.29015946  0.510557  ]
2026-01-19 18:13:20,330 - position: [ 0.11011352 -1.29003823  0.51015502]
2026-01-19 18:13:20,598 - position: [ 0.1101619  -1.29006481  0.51011795]
2026-01-19 18:13:20,801 - position: [ 0.10982196 -1.29013932  0.51053637]
2026-01-19 18:13:21,059 - position: [ 0.10988388 -1.2901715   0.5105356 ]
2026-01-19 18:13:21,360 - position: [ 0.10985346 -1.29014969  0.51054621]
2026-01-19 18:13:21,583 - position: [ 0.10979719 -1.29014945  0.51058614]
2026-01-19 18:13:21,811 - position: [ 0.11013818 -1.29006135  0.5101018 ]
2026-01-19 18:13:22,074 - position: [ 0.1101538  -1.29008794  0.51015186]
2026-01-19 18:13:22,306 - position: [ 0.10982642 -1.29016876  0.51058811]
2026-01-19 18:13:22,522 - position: [ 0.109864   -1.29015768  0.51051831]
2026-01-19 18:13:22,740 - position: [ 0.10987318 -1.29014277  0.51056308]
2026-01-19 18:13:22,975 - position: [ 0.11017282 -1.29007137  0.51017612]
2026-01-19 18:13:23,241 - position: [ 0.10981106 -1.29008019  0.51060456]
2026-01-19 18:13:23,452 - position: [ 0.1098938  -1.29019487  0.510526  ]
2026-01-19 18:13:23,684 - position: [ 0.10985847 -1.29015124  0.51055425]
2026-01-19 18:13:23,929 - position: [ 0.109933   -1.29017568  0.51053131]
2026-01-19 18:13:24,151 - position: [ 0.10981219 -1.29014206  0.51055944]
2026-01-19 18:13:24,377 - position: [ 0.10983349 -1.29009855  0.51054412]
2026-01-19 18:13:24,601 - position: [ 0.10983064 -1.29010105  0.51057863]
2026-01-19 18:13:24,843 - position: [ 0.10981204 -1.29011273  0.51057297]
2026-01-19 18:13:25,127 - position: [ 0.10991994 -1.29017282  0.51054716]
2026-01-19 18:13:25,482 - position: [ 0.10980812 -1.29011428  0.5105629 ]
2026-01-19 18:13:25,714 - position: [ 0.10986281 -1.29011655  0.51054394]
2026-01-19 18:13:25,953 - position: [ 0.10988713 -1.29014325  0.51056159]
2026-01-19 18:13:26,188 - position: [ 0.10980704 -1.29005396  0.51057315]
2026-01-19 18:13:26,403 - position: [ 0.10985006 -1.29010582  0.51055539]
2026-01-19 18:13:26,672 - position: [ 0.10990925 -1.29018497  0.51054221]
2026-01-19 18:13:26,906 - position: [ 0.1098694  -1.29014146  0.51053548]
2026-01-19 18:13:27,158 - position: [ 0.10989089 -1.29015982  0.51052749]
2026-01-19 18:13:27,393 - position: [ 0.10985415 -1.2901448   0.51055741]
2026-01-19 18:13:27,650 - position: [ 0.10995853 -1.29014826  0.51042026]
2026-01-19 18:13:27,893 - position: [ 0.10984583 -1.29012954  0.51058775]
2026-01-19 18:13:28,222 - position: [ 0.10989681 -1.29017556  0.51056606]
2026-01-19 18:13:28,445 - position: [ 0.10986777 -1.29013336  0.51056737]
2026-01-19 18:13:28,662 - position: [ 0.10990926 -1.29014111  0.51054245]
2026-01-19 18:13:28,911 - position: [ 0.10986517 -1.29017377  0.51055568]
2026-01-19 18:13:29,144 - position: [ 0.1098436  -1.29012811  0.51055473]
2026-01-19 18:13:29,362 - position: [ 0.10979909 -1.29008579  0.51060712]
2026-01-19 18:13:29,685 - position: [ 0.10978573 -1.29008687  0.51057738]
2026-01-19 18:13:29,937 - position: [ 0.10984564 -1.29014027  0.5105654 ]
2026-01-19 18:13:30,164 - position: [ 0.10984345 -1.29011667  0.51060593]
2026-01-19 18:13:30,437 - position: [ 0.10991761 -1.2901051   0.51045287]
2026-01-19 18:13:30,685 - position: [ 0.10985217 -1.29012299  0.51054394]
2026-01-19 18:13:30,929 - position: [ 0.10986387 -1.29012656  0.51054972]
2026-01-19 18:13:31,171 - position: [ 0.10988344 -1.29011238  0.5105682 ]
2026-01-19 18:13:31,400 - position: [ 0.10979003 -1.29007792  0.51056749]
2026-01-19 18:13:31,615 - position: [ 0.1099605  -1.29013991  0.51035142]
2026-01-19 18:13:31,837 - position: [ 0.10986768 -1.29013526  0.51054341]
2026-01-19 18:13:32,096 - position: [ 0.10995713 -1.29013669  0.5104146 ]
2026-01-19 18:13:32,383 - position: [ 0.1098425  -1.29010987  0.51059598]
2026-01-19 18:13:32,623 - position: [ 0.10983495 -1.29010856  0.51062649]
2026-01-19 18:13:32,849 - position: [ 0.10989226 -1.29007649  0.5104546 ]
2026-01-19 18:13:33,063 - position: [ 0.10989226 -1.29007649  0.5104546 ]
2026-01-19 18:13:33,329 - position: [ 0.10983501 -1.29013431  0.51058966]
2026-01-19 18:13:33,589 - position: [ 0.10984435 -1.29015851  0.51055616]
2026-01-19 18:13:33,803 - position: [ 0.10993094 -1.29010963  0.51042765]
2026-01-19 18:13:34,042 - position: [ 0.10985108 -1.29008651  0.51057655]
2026-01-19 18:13:34,260 - position: [ 0.10984892 -1.29008317  0.5105409 ]
2026-01-19 18:13:34,515 - position: [ 0.10985889 -1.29009545  0.51058024]
2026-01-19 18:13:34,775 - position: [ 0.10985889 -1.29009545  0.51058024]
2026-01-19 18:13:34,994 - position: [ 0.10990293 -1.29008484  0.51043248]
2026-01-19 18:13:35,232 - position: [ 0.10989901 -1.29007745  0.51046073]
2026-01-19 18:13:35,462 - position: [ 0.10993832 -1.29013729  0.51046187]
2026-01-19 18:13:35,672 - position: [ 0.10990369 -1.2901175   0.51042414]
2026-01-19 18:13:35,909 - position: [ 0.10985446 -1.29010558  0.51044673]
2026-01-19 18:13:36,132 - position: [ 0.10983289 -1.29007721  0.51047677]
2026-01-19 18:13:36,349 - position: [ 0.10978413 -1.29011941  0.51061088]
2026-01-19 18:13:36,552 - position: [ 0.1098837  -1.29008162  0.51048821]
2026-01-19 18:13:36,789 - position: [ 0.10988446 -1.29012418  0.51043147]
2026-01-19 18:13:37,010 - position: [ 0.11003622 -1.29013109  0.51031411]
2026-01-19 18:13:37,247 - position: [ 0.10984588 -1.29011595  0.51045811]
2026-01-19 18:13:37,475 - position: [ 0.10989537 -1.29010534  0.51046413]
2026-01-19 18:13:37,721 - position: [ 0.10985509 -1.29007971  0.5104453 ]
2026-01-19 18:13:37,971 - position: [ 0.10987018 -1.29012513  0.51045293]
2026-01-19 18:13:38,214 - position: [ 0.10994356 -1.29010785  0.510342  ]
2026-01-19 18:13:38,440 - position: [ 0.1098845  -1.2901212   0.51043981]
2026-01-19 18:13:38,676 - position: [ 0.10988263 -1.29012632  0.51046628]
2026-01-19 18:13:38,917 - position: [ 0.1098963  -1.29010201  0.51047921]
2026-01-19 18:13:39,165 - position: [ 0.10989688 -1.29011357  0.51043922]
2026-01-19 18:13:39,423 - position: [ 0.10988027 -1.29009891  0.51047242]
2026-01-19 18:13:39,650 - position: [ 0.10986941 -1.29012477  0.51044595]
2026-01-19 18:13:39,894 - position: [ 0.109859   -1.29011524  0.51046884]
2026-01-19 18:13:40,129 - position: [ 0.10988559 -1.29011774  0.5104633 ]
2026-01-19 18:13:40,363 - position: [ 0.1098772  -1.29013002  0.51045024]
2026-01-19 18:13:40,578 - position: [ 0.10990233 -1.29014587  0.5104726 ]
2026-01-19 18:13:40,796 - position: [ 0.10989718 -1.29011214  0.51046121]
2026-01-19 18:13:41,031 - position: [ 0.10990318 -1.29015386  0.51042414]
2026-01-19 18:13:41,269 - position: [ 0.10989657 -1.29011905  0.51044428]
2026-01-19 18:13:41,530 - position: [ 0.10990503 -1.29012108  0.51043987]
2026-01-19 18:13:41,776 - position: [ 0.10989381 -1.29011619  0.51042116]
2026-01-19 18:13:42,024 - position: [ 0.10983849 -1.29011452  0.51055944]
2026-01-19 18:13:42,278 - position: [ 0.10991784 -1.29015517  0.51043195]
2026-01-19 18:13:42,599 - position: [ 0.10993889 -1.29008734  0.51035702]
2026-01-19 18:13:42,856 - position: [ 0.10993864 -1.29009569  0.5103575 ]
2026-01-19 18:13:43,081 - position: [ 0.10988466 -1.29012871  0.5104323 ]
2026-01-19 18:13:43,351 - position: [ 0.10990237 -1.29010403  0.51046747]
2026-01-19 18:13:43,610 - position: [ 0.109921   -1.29004085  0.51037174]
2026-01-19 18:13:43,829 - position: [ 0.10990151 -1.29010141  0.51042891]
2026-01-19 18:13:44,077 - position: [ 0.10992799 -1.29008567  0.5103544 ]
2026-01-19 18:13:44,311 - position: [ 0.1099152  -1.290115    0.51044631]
2026-01-19 18:13:44,554 - position: [ 0.10991516 -1.29011214  0.51044947]
2026-01-19 18:13:44,822 - position: [ 0.10986973 -1.29010522  0.51046866]
2026-01-19 18:13:45,062 - position: [ 0.10986686 -1.29008996  0.51048476]
2026-01-19 18:13:45,296 - position: [ 0.1098886  -1.29010534  0.51044267]
2026-01-19 18:13:45,540 - position: [ 0.10989378 -1.29004312  0.51031631]
2026-01-19 18:13:45,778 - position: [ 0.10987945 -1.2900964   0.51046515]
2026-01-19 18:13:46,022 - position: [ 0.10994246 -1.29008508  0.5103156 ]
2026-01-19 18:13:46,248 - position: [ 0.10985497 -1.29006517  0.51054293]
2026-01-19 18:13:46,520 - position: [ 0.10985497 -1.29006517  0.51054293]
2026-01-19 18:13:46,746 - position: [ 0.10992584 -1.29007661  0.5103271 ]
2026-01-19 18:13:46,968 - position: [ 0.10993461 -1.29013121  0.51047075]
2026-01-19 18:13:47,193 - position: [ 0.10995139 -1.29009414  0.51031971]
2026-01-19 18:13:47,441 - position: [ 0.10992241 -1.29012573  0.51048946]
2026-01-19 18:13:47,662 - position: [ 0.10993952 -1.29010856  0.51031786]
2026-01-19 18:13:47,912 - position: [ 0.10988969 -1.29013634  0.51047832]
2026-01-19 18:13:48,123 - position: [ 0.10995702 -1.29019368  0.51044929]
2026-01-19 18:13:48,364 - position: [ 0.10996011 -1.29020143  0.51044112]
2026-01-19 18:13:48,594 - position: [ 0.10994625 -1.29007399  0.51035219]
2026-01-19 18:13:48,835 - position: [ 0.10994036 -1.29011118  0.51038462]
2026-01-19 18:13:49,068 - position: [ 0.10991001 -1.29014945  0.51051331]
2026-01-19 18:13:49,305 - position: [ 0.10986116 -1.29015803  0.51048899]
2026-01-19 18:13:49,534 - position: [ 0.10987233 -1.29014993  0.51051867]
2026-01-19 18:13:49,758 - position: [ 0.1098922  -1.2901752   0.51049519]
2026-01-19 18:13:50,001 - position: [ 0.10983237 -1.29013205  0.51054144]
2026-01-19 18:13:50,240 - position: [ 0.1098897 -1.2901746  0.5105086]
2026-01-19 18:13:50,466 - position: [ 0.10985924 -1.29015899  0.51056433]
2026-01-19 18:13:50,697 - position: [ 0.10982703 -1.29011881  0.510544  ]
2026-01-19 18:13:50,927 - position: [ 0.10984524 -1.2901206   0.51050055]
2026-01-19 18:13:51,156 - position: [ 0.10983258 -1.29012132  0.51056486]
2026-01-19 18:13:51,371 - position: [ 0.10987385 -1.29014862  0.51055038]
2026-01-19 18:13:51,623 - position: [ 0.10986142 -1.29013455  0.51052022]
2026-01-19 18:13:51,871 - position: [ 0.10984382 -1.2901144   0.51051432]
2026-01-19 18:13:52,106 - position: [ 0.10984897 -1.2901597   0.51048815]
2026-01-19 18:13:52,322 - position: [ 0.10988392 -1.29015076  0.51052976]
2026-01-19 18:13:52,530 - position: [ 0.10990287 -1.29014409  0.51050848]
2026-01-19 18:13:52,746 - position: [ 0.1098901  -1.29011726  0.51050085]
2026-01-19 18:13:52,964 - position: [ 0.10984898 -1.29008651  0.51053703]
2026-01-19 18:13:53,213 - position: [ 0.10986808 -1.2901088   0.51054931]
2026-01-19 18:13:53,450 - position: [ 0.10986575 -1.29008818  0.51053381]
2026-01-19 18:13:53,681 - position: [ 0.10987948 -1.29013622  0.51054907]
2026-01-19 18:13:53,903 - position: [ 0.10988346 -1.29013014  0.5105207 ]
2026-01-19 18:13:54,156 - position: [ 0.1098477  -1.29011595  0.5105769 ]
2026-01-19 18:13:54,377 - position: [ 0.10986935 -1.29014719  0.51053077]
2026-01-19 18:13:54,600 - position: [ 0.10984118 -1.29006112  0.51045156]
2026-01-19 18:13:54,848 - position: [ 0.1098748  -1.29014361  0.51051474]
2026-01-19 18:13:55,063 - position: [ 0.10979381 -1.29005122  0.51055074]
2026-01-19 18:13:55,312 - position: [ 0.10988553 -1.29012609  0.51055455]
2026-01-19 18:13:55,551 - position: [ 0.10990722 -1.29015362  0.51050824]
