2026-01-19 18:05:03,792 - position: [ 0.10985395 -1.29004979  0.51079249]
2026-01-19 18:05:04,008 - position: [ 0.1098965  -1.29006267  0.51076645]
2026-01-19 18:05:04,237 - position: [ 0.1098965  -1.29006267  0.51076645]
2026-01-19 18:05:04,468 - position: [ 0.10985586 -1.2900126   0.51076758]
2026-01-19 18:05:04,731 - position: [ 0.1098951  -1.29007328  0.51073331]
2026-01-19 18:05:05,030 - position: [ 0.10989205 -1.29005563  0.51078522]
2026-01-19 18:05:05,248 - position: [ 0.10983407 -1.29005015  0.51082063]
2026-01-19 18:05:05,499 - position: [ 0.10984914 -1.29003751  0.51079017]
2026-01-19 18:05:05,739 - position: [ 0.10986624 -1.29003549  0.51077145]
2026-01-19 18:05:05,961 - position: [ 0.10988225 -1.29006886  0.51074791]
2026-01-19 18:05:06,216 - position: [ 0.10989742 -1.29006183  0.51072752]
2026-01-19 18:05:06,439 - position: [ 0.10988578 -1.29007614  0.51071578]
2026-01-19 18:05:06,678 - position: [ 0.10989201 -1.29009521  0.51072931]
2026-01-19 18:05:06,937 - position: [ 0.10987418 -1.29005754  0.51076627]
2026-01-19 18:05:07,157 - position: [ 0.10984544 -1.29004204  0.51075703]
2026-01-19 18:05:07,359 - position: [ 0.10986761 -1.29007065  0.51077086]
2026-01-19 18:05:07,570 - position: [ 0.10989339 -1.29006863  0.5107761 ]
2026-01-19 18:05:07,918 - position: [ 0.10996675 -1.29007435  0.51064795]
2026-01-19 18:05:08,173 - position: [ 0.10983296 -1.29004276  0.5107466 ]
2026-01-19 18:05:08,476 - position: [ 0.10995951 -1.29008687  0.51066762]
2026-01-19 18:05:08,724 - position: [ 0.10988665 -1.29010379  0.51073211]
2026-01-19 18:05:08,999 - position: [ 0.10994411 -1.29005194  0.51066333]
2026-01-19 18:05:09,234 - position: [ 0.10985709 -1.29005587  0.51075304]
2026-01-19 18:05:09,460 - position: [ 0.10987244 -1.2900635   0.51080948]
2026-01-19 18:05:09,691 - position: [ 0.10997056 -1.29006207  0.51069397]
2026-01-19 18:05:09,908 - position: [ 0.10998072 -1.2900728   0.51062244]
2026-01-19 18:05:10,132 - position: [ 0.10989936 -1.2900784   0.51079774]
2026-01-19 18:05:10,366 - position: [ 0.10987741 -1.29010487  0.51075727]
2026-01-19 18:05:10,631 - position: [ 0.1098326  -1.29003525  0.51075464]
2026-01-19 18:05:10,840 - position: [ 0.10986675 -1.29007399  0.51073772]
2026-01-19 18:05:11,111 - position: [ 0.10991943 -1.29004014  0.5106793 ]
2026-01-19 18:05:11,328 - position: [ 0.10997767 -1.29006529  0.51062876]
2026-01-19 18:05:11,544 - position: [ 0.10991277 -1.29004741  0.51067322]
2026-01-19 18:05:11,753 - position: [ 0.10990232 -1.29007363  0.51065183]
2026-01-19 18:05:11,976 - position: [ 0.10994033 -1.29006374  0.51064789]
2026-01-19 18:05:12,206 - position: [ 0.10991936 -1.29004395  0.51068294]
2026-01-19 18:05:12,478 - position: [ 0.10991961 -1.29004228  0.5106461 ]
2026-01-19 18:05:12,689 - position: [ 0.109925   -1.29005611  0.51067114]
2026-01-19 18:05:12,916 - position: [ 0.10991462 -1.29000032  0.5106504 ]
2026-01-19 18:05:13,164 - position: [ 0.10995663 -1.29005194  0.51066434]
2026-01-19 18:05:13,380 - position: [ 0.10993522 -1.29001892  0.51064181]
2026-01-19 18:05:13,613 - position: [ 0.10994913 -1.29005444  0.51060808]
2026-01-19 18:05:13,834 - position: [ 0.10995594 -1.29008365  0.51065993]
2026-01-19 18:05:14,074 - position: [ 0.10993674 -1.29003406  0.51065981]
2026-01-19 18:05:14,288 - position: [ 0.10994233 -1.29003274  0.51066786]
2026-01-19 18:05:14,558 - position: [ 0.10995748 -1.29004633  0.51065016]
2026-01-19 18:05:14,788 - position: [ 0.10993127 -1.29001427  0.51062113]
2026-01-19 18:05:15,028 - position: [ 0.10989844 -1.28998888  0.51065153]
2026-01-19 18:05:15,276 - position: [ 0.10993043 -1.29000366  0.51065338]
2026-01-19 18:05:15,518 - position: [ 0.10999716 -1.28999162  0.51052076]
2026-01-19 18:05:15,755 - position: [ 0.1099674  -1.29006219  0.51063472]
2026-01-19 18:05:15,986 - position: [ 0.10991304 -1.29002285  0.5106442 ]
2026-01-19 18:05:16,227 - position: [ 0.10992505 -1.29002845  0.51061517]
2026-01-19 18:05:16,466 - position: [ 0.10994884 -1.29002798  0.51059723]
2026-01-19 18:05:16,711 - position: [ 0.10994519 -1.29002833  0.51063704]
2026-01-19 18:05:16,960 - position: [ 0.10991789 -1.2899996   0.510647  ]
2026-01-19 18:05:17,227 - position: [ 0.10992838 -1.29003167  0.51062006]
2026-01-19 18:05:17,489 - position: [ 0.10993392 -1.2900095   0.51063848]
2026-01-19 18:05:17,758 - position: [ 0.10993592 -1.29000926  0.51062304]
2026-01-19 18:05:18,080 - position: [ 0.10990459 -1.29000819  0.51062572]
2026-01-19 18:05:18,297 - position: [ 0.10989065 -1.29001343  0.51063013]
2026-01-19 18:05:18,529 - position: [ 0.10980598 -1.29001403  0.51073492]
2026-01-19 18:05:18,763 - position: [ 0.10994083 -1.28999877  0.51063013]
2026-01-19 18:05:19,112 - position: [ 0.10981888 -1.28996599  0.5106709 ]
2026-01-19 18:05:19,323 - position: [ 0.10991738 -1.2899977   0.51062012]
2026-01-19 18:05:19,530 - position: [ 0.11002415 -1.29001558  0.51047629]
2026-01-19 18:05:19,770 - position: [ 0.10995031 -1.28997993  0.51053411]
2026-01-19 18:05:19,986 - position: [ 0.11002079 -1.29000175  0.51049024]
2026-01-19 18:05:20,240 - position: [ 0.10993769 -1.29002678  0.51063365]
2026-01-19 18:05:20,464 - position: [ 0.11000934 -1.29004645  0.51048332]
2026-01-19 18:05:20,725 - position: [ 0.10998823 -1.29000521  0.51053888]
2026-01-19 18:05:20,938 - position: [ 0.11000507 -1.29004872  0.51048189]
2026-01-19 18:05:21,147 - position: [ 0.10997062 -1.2900027   0.51051414]
2026-01-19 18:05:21,374 - position: [ 0.11001408 -1.29005742  0.5105086 ]
2026-01-19 18:05:21,621 - position: [ 0.10999632 -1.29009497  0.51062989]
2026-01-19 18:05:21,825 - position: [ 0.10998215 -1.28998816  0.51053596]
2026-01-19 18:05:22,075 - position: [ 0.10993474 -1.29000854  0.51061398]
2026-01-19 18:05:22,369 - position: [ 0.11004303 -1.29005063  0.51048547]
2026-01-19 18:05:22,661 - position: [ 0.10987317 -1.28995287  0.51066697]
2026-01-19 18:05:22,937 - position: [ 0.11002273 -1.29000354  0.51048267]
2026-01-19 18:05:23,200 - position: [ 0.10994171 -1.29001522  0.51063186]
2026-01-19 18:05:23,435 - position: [ 0.10994448 -1.2900039   0.5106073 ]
2026-01-19 18:05:23,676 - position: [ 0.10999288 -1.29004371  0.51062632]
2026-01-19 18:05:23,906 - position: [ 0.10988398 -1.28998375  0.51064974]
2026-01-19 18:05:24,138 - position: [ 0.10989958 -1.29000115  0.51063955]
2026-01-19 18:05:24,382 - position: [ 0.10996342 -1.29006612  0.51052582]
2026-01-19 18:05:24,607 - position: [ 0.10998455 -1.29006732  0.51051688]
2026-01-19 18:05:24,878 - position: [ 0.11005115 -1.29005849  0.51046753]
2026-01-19 18:05:25,109 - position: [ 0.11012913 -1.28997433  0.51033628]
2026-01-19 18:05:25,367 - position: [ 0.10999884 -1.28998995  0.51051706]
2026-01-19 18:05:25,624 - position: [ 0.10995232 -1.28999817  0.5105229 ]
2026-01-19 18:05:25,864 - position: [ 0.10992683 -1.29001248  0.51069421]
2026-01-19 18:05:26,164 - position: [ 0.10996316 -1.29002488  0.51061988]
2026-01-19 18:05:26,398 - position: [ 0.1100182  -1.29002702  0.51053321]
2026-01-19 18:05:26,630 - position: [ 0.11004413 -1.29004395  0.51052904]
2026-01-19 18:05:26,916 - position: [ 0.10995454 -1.29002237  0.51065838]
2026-01-19 18:05:27,155 - position: [ 0.11001313 -1.29001272  0.51049185]
2026-01-19 18:05:27,459 - position: [ 0.10992644 -1.29001451  0.51066411]
2026-01-19 18:05:27,675 - position: [ 0.11000142 -1.29000533  0.51052582]
2026-01-19 18:05:27,905 - position: [ 0.11000317 -1.28996396  0.51047695]
2026-01-19 18:05:28,110 - position: [ 0.10993581 -1.29002237  0.51067781]
2026-01-19 18:05:28,363 - position: [ 0.10999094 -1.28998423  0.51053655]
2026-01-19 18:05:28,626 - position: [ 0.10999446 -1.28997982  0.5105657 ]
2026-01-19 18:05:28,845 - position: [ 0.10991684 -1.28998601  0.5107128 ]
2026-01-19 18:05:29,081 - position: [ 0.10994428 -1.29002833  0.51062661]
2026-01-19 18:05:29,286 - position: [ 0.10994428 -1.29002833  0.51062661]
2026-01-19 18:05:29,530 - position: [ 0.11002166 -1.28998792  0.51050985]
2026-01-19 18:05:29,741 - position: [ 0.11017548 -1.29002345  0.51040518]
2026-01-19 18:05:30,017 - position: [ 0.10999761 -1.29003417  0.51057601]
2026-01-19 18:05:30,250 - position: [ 0.11004701 -1.29006243  0.51056945]
2026-01-19 18:05:30,515 - position: [ 0.11000598 -1.29001415  0.51049501]
2026-01-19 18:05:30,794 - position: [ 0.10997085 -1.28994501  0.5105595 ]
2026-01-19 18:05:31,020 - position: [ 0.11000413 -1.29002917  0.510553  ]
2026-01-19 18:05:31,250 - position: [ 0.10998543 -1.28997815  0.51053888]
2026-01-19 18:05:31,462 - position: [ 0.11000545 -1.29007196  0.51056743]
2026-01-19 18:05:31,810 - position: [ 0.1099699  -1.2899363   0.51057589]
2026-01-19 18:05:32,079 - position: [ 0.10999905 -1.28997278  0.51055777]
2026-01-19 18:05:32,382 - position: [ 0.11000437 -1.29002535  0.51053625]
2026-01-19 18:05:32,637 - position: [ 0.11005384 -1.29006064  0.51047462]
2026-01-19 18:05:32,884 - position: [ 0.11002009 -1.290012    0.51049948]
2026-01-19 18:05:33,144 - position: [ 0.11001976 -1.29002631  0.51051277]
2026-01-19 18:05:33,389 - position: [ 0.1100148  -1.28998804  0.5105564 ]
2026-01-19 18:05:33,623 - position: [ 0.10997666 -1.29005063  0.51053756]
2026-01-19 18:05:33,843 - position: [ 0.10998429 -1.29000628  0.51055878]
2026-01-19 18:05:34,065 - position: [ 0.10997087 -1.2900039   0.51057535]
2026-01-19 18:05:34,367 - position: [ 0.11002527 -1.29002273  0.51048827]
2026-01-19 18:05:34,601 - position: [ 0.1099667  -1.28994548  0.51056468]
2026-01-19 18:05:34,841 - position: [ 0.10998642 -1.29001999  0.51049554]
2026-01-19 18:05:35,194 - position: [ 0.11012109 -1.28993654  0.51036483]
2026-01-19 18:05:35,465 - position: [ 0.11002961 -1.29004478  0.51050478]
2026-01-19 18:05:35,719 - position: [ 0.11014178 -1.28999031  0.51036227]
2026-01-19 18:05:35,931 - position: [ 0.10996953 -1.28994465  0.51052529]
2026-01-19 18:05:36,158 - position: [ 0.10998964 -1.28996718  0.5105226 ]
2026-01-19 18:05:36,389 - position: [ 0.10999959 -1.28996634  0.51052099]
2026-01-19 18:05:36,614 - position: [ 0.1101222  -1.29002082  0.5103668 ]
2026-01-19 18:05:36,843 - position: [ 0.11003783 -1.29003787  0.51050282]
2026-01-19 18:05:37,080 - position: [ 0.11002257 -1.290012    0.51051623]
2026-01-19 18:05:37,327 - position: [ 0.1100216  -1.28999221  0.51052541]
2026-01-19 18:05:37,545 - position: [ 0.10997839 -1.2899859   0.51057577]
2026-01-19 18:05:37,769 - position: [ 0.1100109  -1.29003835  0.51050639]
2026-01-19 18:05:38,018 - position: [ 0.10995717 -1.29007065  0.51060528]
2026-01-19 18:05:38,230 - position: [ 0.11002725 -1.29000187  0.51050192]
2026-01-19 18:05:38,539 - position: [ 0.10997564 -1.29001105  0.51053405]
2026-01-19 18:05:38,779 - position: [ 0.1099846  -1.29001331  0.51054025]
2026-01-19 18:05:39,002 - position: [ 0.10998908 -1.29001439  0.51052308]
2026-01-19 18:05:39,244 - position: [ 0.10997529 -1.29001009  0.51045114]
2026-01-19 18:05:39,483 - position: [ 0.11000875 -1.29002607  0.51049793]
2026-01-19 18:05:39,739 - position: [ 0.11007667 -1.28998864  0.51036441]
2026-01-19 18:05:39,985 - position: [ 0.10997818 -1.29002595  0.51055759]
2026-01-19 18:05:40,197 - position: [ 0.11005253 -1.29007638  0.51050377]
2026-01-19 18:05:40,447 - position: [ 0.10998558 -1.29005885  0.51056558]
2026-01-19 18:05:40,687 - position: [ 0.11001315 -1.29009402  0.51054692]
2026-01-19 18:05:40,913 - position: [ 0.11003206 -1.29009283  0.51054251]
2026-01-19 18:05:41,128 - position: [ 0.11003895 -1.29010296  0.5105477 ]
2026-01-19 18:05:41,362 - position: [ 0.10999591 -1.29007709  0.51062095]
2026-01-19 18:05:41,618 - position: [ 0.10999784 -1.29007614  0.510566  ]
2026-01-19 18:05:41,884 - position: [ 0.10996338 -1.29009986  0.51056659]
2026-01-19 18:05:42,119 - position: [ 0.11002137 -1.29004836  0.51052409]
2026-01-19 18:05:42,356 - position: [ 0.11003289 -1.29005933  0.51050878]
2026-01-19 18:05:42,579 - position: [ 0.11001012 -1.29005277  0.51053178]
2026-01-19 18:05:42,838 - position: [ 0.11000958 -1.290007    0.51058722]
2026-01-19 18:05:43,074 - position: [ 0.11000629 -1.29001057  0.51053667]
2026-01-19 18:05:43,305 - position: [ 0.10998613 -1.29002976  0.51057279]
2026-01-19 18:05:43,559 - position: [ 0.10994959 -1.29000747  0.51056391]
2026-01-19 18:05:43,812 - position: [ 0.10998123 -1.29004204  0.51053125]
2026-01-19 18:05:44,042 - position: [ 0.10993984 -1.29008615  0.51064837]
2026-01-19 18:05:44,278 - position: [ 0.10994178 -1.29002893  0.5105567 ]
2026-01-19 18:05:44,528 - position: [ 0.10995842 -1.29005706  0.51055443]
2026-01-19 18:05:44,739 - position: [ 0.10997473 -1.28999913  0.51054031]
2026-01-19 18:05:45,033 - position: [ 0.10996969 -1.29000342  0.51051903]
2026-01-19 18:05:45,268 - position: [ 0.10996747 -1.2900306   0.51052475]
2026-01-19 18:05:45,541 - position: [ 0.11000551 -1.29008794  0.51050407]
