2026-01-19 18:49:27,429 - position: [ 0.10984045 -1.29000676  0.51095438]
2026-01-19 18:49:27,653 - position: [ 0.10984721 -1.29002774  0.51095188]
2026-01-19 18:49:27,909 - position: [ 0.10983554 -1.2900188   0.51094252]
2026-01-19 18:49:28,220 - position: [ 0.10984626 -1.29001701  0.51092821]
2026-01-19 18:49:28,505 - position: [ 0.10983764 -1.2899859   0.51089174]
2026-01-19 18:49:28,732 - position: [ 0.10987782 -1.29000056  0.51088053]
2026-01-19 18:49:28,950 - position: [ 0.10988775 -1.29001224  0.51092458]
2026-01-19 18:49:29,222 - position: [ 0.10987361 -1.29001522  0.51091909]
2026-01-19 18:49:29,456 - position: [ 0.10985731 -1.29002714  0.51093876]
2026-01-19 18:49:29,699 - position: [ 0.10987838 -1.29002166  0.51095384]
2026-01-19 18:49:29,975 - position: [ 0.10984606 -1.29000413  0.51096731]
2026-01-19 18:49:30,197 - position: [ 0.10985474 -1.28998482  0.51097304]
2026-01-19 18:49:30,471 - position: [ 0.10982063 -1.28999305  0.5110088 ]
2026-01-19 18:49:30,798 - position: [ 0.10987433 -1.2899816   0.51091933]
2026-01-19 18:49:31,037 - position: [ 0.10986383 -1.28998852  0.51096183]
2026-01-19 18:49:31,252 - position: [ 0.10985395 -1.29001415  0.51098263]
2026-01-19 18:49:31,498 - position: [ 0.10986348 -1.28998387  0.51093745]
2026-01-19 18:49:31,745 - position: [ 0.10986008 -1.28998923  0.51097214]
2026-01-19 18:49:31,983 - position: [ 0.10984112 -1.29000533  0.51094973]
2026-01-19 18:49:32,324 - position: [ 0.10986193 -1.29001117  0.51094413]
2026-01-19 18:49:32,567 - position: [ 0.10985026 -1.28999591  0.51099247]
2026-01-19 18:49:32,926 - position: [ 0.10982285 -1.28996158  0.51093471]
2026-01-19 18:49:33,161 - position: [ 0.10984831 -1.28995585  0.51094341]
2026-01-19 18:49:33,431 - position: [ 0.10988117 -1.28999388  0.51094228]
2026-01-19 18:49:33,681 - position: [ 0.10987955 -1.28999484  0.51094973]
2026-01-19 18:49:33,935 - position: [ 0.10990838 -1.28991902  0.51087189]
2026-01-19 18:49:34,166 - position: [ 0.10979772 -1.28991866  0.51101005]
2026-01-19 18:49:34,396 - position: [ 0.10992456 -1.28988385  0.51084369]
2026-01-19 18:49:34,615 - position: [ 0.10983784 -1.28996229  0.51098573]
2026-01-19 18:49:34,861 - position: [ 0.10987786 -1.28997183  0.51095223]
2026-01-19 18:49:35,091 - position: [ 0.10992932 -1.29002297  0.51078707]
2026-01-19 18:49:35,323 - position: [ 0.10988463 -1.28998339  0.51093638]
2026-01-19 18:49:35,533 - position: [ 0.10988463 -1.28998339  0.51093638]
2026-01-19 18:49:35,772 - position: [ 0.10987516 -1.28998995  0.51088887]
2026-01-19 18:49:36,015 - position: [ 0.10990845 -1.28999543  0.51078939]
2026-01-19 18:49:36,227 - position: [ 0.10996142 -1.29003179  0.51081097]
2026-01-19 18:49:36,451 - position: [ 0.10992873 -1.29000938  0.51082116]
2026-01-19 18:49:36,676 - position: [ 0.10984901 -1.28997076  0.51096332]
2026-01-19 18:49:36,913 - position: [ 0.10994403 -1.29001844  0.51083487]
2026-01-19 18:49:37,148 - position: [ 0.10995577 -1.29002142  0.5108003 ]
2026-01-19 18:49:37,405 - position: [ 0.10989358 -1.28999376  0.5109579 ]
2026-01-19 18:49:37,683 - position: [ 0.10990443 -1.28996885  0.51082617]
2026-01-19 18:49:37,914 - position: [ 0.10991351 -1.28986371  0.51084667]
2026-01-19 18:49:38,125 - position: [ 0.10999615 -1.28991866  0.51070678]
2026-01-19 18:49:38,350 - position: [ 0.10999555 -1.2899214   0.51071763]
2026-01-19 18:49:38,590 - position: [ 0.10998511 -1.29002738  0.51078284]
2026-01-19 18:49:38,824 - position: [ 0.11011671 -1.29001117  0.51052588]
2026-01-19 18:49:39,046 - position: [ 0.10991815 -1.28995085  0.51082444]
2026-01-19 18:49:39,285 - position: [ 0.11006991 -1.28995311  0.51064706]
2026-01-19 18:49:39,548 - position: [ 0.10993125 -1.289994    0.51091689]
2026-01-19 18:49:39,778 - position: [ 0.10993125 -1.289994    0.51091689]
2026-01-19 18:49:40,054 - position: [ 0.11003794 -1.28993666  0.51070464]
2026-01-19 18:49:40,286 - position: [ 0.10999279 -1.29001403  0.51079339]
2026-01-19 18:49:40,598 - position: [ 0.11000467 -1.29004896  0.51080662]
2026-01-19 18:49:40,863 - position: [ 0.10989504 -1.28995073  0.51091307]
2026-01-19 18:49:41,100 - position: [ 0.11000818 -1.28987503  0.51067007]
2026-01-19 18:49:41,351 - position: [ 0.10981748 -1.28988779  0.51097536]
2026-01-19 18:49:41,587 - position: [ 0.10992499 -1.28996885  0.5108223 ]
2026-01-19 18:49:41,802 - position: [ 0.10994758 -1.28999972  0.51082146]
2026-01-19 18:49:42,118 - position: [ 0.10981441 -1.2898742   0.51100051]
2026-01-19 18:49:42,379 - position: [ 0.11001958 -1.28992057  0.5107215 ]
2026-01-19 18:49:42,627 - position: [ 0.109903  -1.2899344  0.5108496]
2026-01-19 18:49:42,853 - position: [ 0.10997748 -1.29003024  0.5108465 ]
2026-01-19 18:49:43,101 - position: [ 0.10995329 -1.29000044  0.5108059 ]
2026-01-19 18:49:43,332 - position: [ 0.10986716 -1.28990507  0.51096994]
2026-01-19 18:49:43,572 - position: [ 0.1098992  -1.28994513  0.51097423]
2026-01-19 18:49:43,828 - position: [ 0.10992102 -1.28995407  0.51094896]
2026-01-19 18:49:44,041 - position: [ 0.10993882 -1.28995287  0.51080412]
2026-01-19 18:49:44,270 - position: [ 0.10996494 -1.28997731  0.51080883]
2026-01-19 18:49:44,506 - position: [ 0.10997712 -1.28987658  0.51069456]
2026-01-19 18:49:44,762 - position: [ 0.11003348 -1.289904    0.51067412]
2026-01-19 18:49:45,005 - position: [ 0.10996402 -1.28999281  0.51084292]
2026-01-19 18:49:45,292 - position: [ 0.10989001 -1.28992498  0.51092434]
2026-01-19 18:49:45,528 - position: [ 0.10994151 -1.28995919  0.51091325]
2026-01-19 18:49:45,805 - position: [ 0.11004099 -1.28992224  0.5106681 ]
2026-01-19 18:49:46,069 - position: [ 0.11001854 -1.28991544  0.51070923]
2026-01-19 18:49:46,299 - position: [ 0.10989721 -1.28996432  0.51098281]
2026-01-19 18:49:46,559 - position: [ 0.10998362 -1.28999567  0.51079702]
2026-01-19 18:49:46,796 - position: [ 0.10990261 -1.28994071  0.5109188 ]
2026-01-19 18:49:47,016 - position: [ 0.11003785 -1.28992307  0.51068139]
2026-01-19 18:49:47,236 - position: [ 0.10989909 -1.28998339  0.5108633 ]
2026-01-19 18:49:47,461 - position: [ 0.10994737 -1.29000568  0.51077455]
2026-01-19 18:49:47,683 - position: [ 0.10989301 -1.28995681  0.51095682]
2026-01-19 18:49:47,910 - position: [ 0.10994482 -1.2898798   0.5109008 ]
2026-01-19 18:49:48,144 - position: [ 0.10991746 -1.28997338  0.51095301]
2026-01-19 18:49:48,392 - position: [ 0.11003055 -1.28991842  0.51072425]
2026-01-19 18:49:48,611 - position: [ 0.10993138 -1.28999853  0.51095521]
2026-01-19 18:49:48,847 - position: [ 0.10996975 -1.28987384  0.51085538]
2026-01-19 18:49:49,077 - position: [ 0.10991493 -1.28986907  0.51087928]
2026-01-19 18:49:49,325 - position: [ 0.10995031 -1.28988707  0.51081443]
2026-01-19 18:49:49,556 - position: [ 0.10993861 -1.28986371  0.51084518]
2026-01-19 18:49:49,790 - position: [ 0.11002746 -1.29003739  0.51073575]
2026-01-19 18:49:50,114 - position: [ 0.11003997 -1.28991699  0.51065558]
2026-01-19 18:49:50,364 - position: [ 0.10994601 -1.28986847  0.51082981]
2026-01-19 18:49:50,576 - position: [ 0.1099686  -1.28992939  0.5108574 ]
2026-01-19 18:49:50,792 - position: [ 0.10991573 -1.28994906  0.51092297]
2026-01-19 18:49:51,004 - position: [ 0.10995738 -1.28990746  0.51084179]
2026-01-19 18:49:51,223 - position: [ 0.10996604 -1.28987849  0.51079631]
2026-01-19 18:49:51,440 - position: [ 0.10996589 -1.28988016  0.51082867]
2026-01-19 18:49:51,709 - position: [ 0.1099474  -1.28987074  0.51082182]
2026-01-19 18:49:51,951 - position: [ 0.10998578 -1.28990197  0.51085514]
2026-01-19 18:49:52,176 - position: [ 0.10996582 -1.28986776  0.51084447]
2026-01-19 18:49:52,396 - position: [ 0.10989781 -1.28996038  0.51091719]
2026-01-19 18:49:52,639 - position: [ 0.10989865 -1.28985012  0.51086754]
2026-01-19 18:49:52,908 - position: [ 0.11019528 -1.29004943  0.51048648]
2026-01-19 18:49:53,155 - position: [ 0.11018857 -1.29005599  0.51052058]
2026-01-19 18:49:53,363 - position: [ 0.10994298 -1.28988385  0.51082891]
