2026-01-19 17:41:59,568 - position: [ 0.10989285 -1.29010224  0.51042992]
2026-01-19 17:41:59,836 - position: [ 0.10991003 -1.29009688  0.51043582]
2026-01-19 17:42:00,085 - position: [ 0.10985888 -1.29007614  0.51045817]
2026-01-19 17:42:00,315 - position: [ 0.10983545 -1.29005682  0.51044858]
2026-01-19 17:42:00,552 - position: [ 0.10985605 -1.29006195  0.5104298 ]
2026-01-19 17:42:00,802 - position: [ 0.10991891 -1.29012012  0.51043195]
2026-01-19 17:42:01,038 - position: [ 0.10983872 -1.29007387  0.5104298 ]
2026-01-19 17:42:01,287 - position: [ 0.10988858 -1.29009998  0.51044279]
2026-01-19 17:42:01,530 - position: [ 0.10991827 -1.29010141  0.5104202 ]
2026-01-19 17:42:01,757 - position: [ 0.10987694 -1.29018259  0.51051611]
2026-01-19 17:42:02,034 - position: [ 0.10981337 -1.29010463  0.51055592]
2026-01-19 17:42:02,290 - position: [ 0.10987392 -1.29008698  0.51048005]
2026-01-19 17:42:02,549 - position: [ 0.10982379 -1.29014623  0.51056612]
2026-01-19 17:42:02,756 - position: [ 0.10983851 -1.29007447  0.51045454]
2026-01-19 17:42:03,003 - position: [ 0.10988266 -1.29009998  0.51045948]
2026-01-19 17:42:03,304 - position: [ 0.10985873 -1.2900759   0.51040578]
2026-01-19 17:42:03,575 - position: [ 0.1098948  -1.29008651  0.51043135]
2026-01-19 17:42:03,829 - position: [ 0.10991398 -1.2901361   0.51045442]
2026-01-19 17:42:04,106 - position: [ 0.10986605 -1.29009843  0.51047969]
2026-01-19 17:42:04,372 - position: [ 0.10989575 -1.29010046  0.51044863]
2026-01-19 17:42:04,610 - position: [ 0.10988628 -1.29011798  0.51046282]
2026-01-19 17:42:04,826 - position: [ 0.10985586 -1.29017889  0.51058745]
2026-01-19 17:42:05,042 - position: [ 0.10991186 -1.29015183  0.51043683]
2026-01-19 17:42:05,366 - position: [ 0.1098673  -1.29019797  0.51052523]
2026-01-19 17:42:05,573 - position: [ 0.10987676 -1.29012859  0.5104807 ]
2026-01-19 17:42:05,799 - position: [ 0.10986733 -1.29011261  0.51046175]
2026-01-19 17:42:06,019 - position: [ 0.10987907 -1.29011559  0.51045281]
2026-01-19 17:42:06,322 - position: [ 0.1098453  -1.29010165  0.51046187]
2026-01-19 17:42:06,539 - position: [ 0.10986158 -1.29010749  0.51044011]
2026-01-19 17:42:06,776 - position: [ 0.10987934 -1.29011846  0.51044464]
2026-01-19 17:42:07,012 - position: [ 0.10987376 -1.29011345  0.51045626]
2026-01-19 17:42:07,223 - position: [ 0.10988438 -1.29011214  0.51045007]
2026-01-19 17:42:07,459 - position: [ 0.10988113 -1.29012632  0.51047683]
2026-01-19 17:42:07,691 - position: [ 0.10988998 -1.2901268   0.510454  ]
2026-01-19 17:42:07,928 - position: [ 0.10989019 -1.29011798  0.51045215]
2026-01-19 17:42:08,144 - position: [ 0.10981873 -1.29014897  0.51057184]
2026-01-19 17:42:08,361 - position: [ 0.109903   -1.29013348  0.51047021]
2026-01-19 17:42:08,593 - position: [ 0.10992533 -1.29017246  0.51047087]
2026-01-19 17:42:08,810 - position: [ 0.10988259 -1.29011703  0.5104745 ]
2026-01-19 17:42:09,017 - position: [ 0.10988247 -1.29012263  0.5104875 ]
2026-01-19 17:42:09,266 - position: [ 0.10987351 -1.29010069  0.5104571 ]
2026-01-19 17:42:09,490 - position: [ 0.10983361 -1.29009271  0.51041472]
2026-01-19 17:42:09,711 - position: [ 0.10987283 -1.29010439  0.51047468]
2026-01-19 17:42:09,930 - position: [ 0.10984463 -1.29009175  0.51046711]
2026-01-19 17:42:10,161 - position: [ 0.10985363 -1.29010034  0.5104391 ]
2026-01-19 17:42:10,379 - position: [ 0.10990059 -1.29012811  0.51045114]
2026-01-19 17:42:10,582 - position: [ 0.10988097 -1.29011011  0.51044512]
2026-01-19 17:42:10,805 - position: [ 0.10986783 -1.29010141  0.51043147]
2026-01-19 17:42:11,054 - position: [ 0.10990611 -1.29011321  0.5104298 ]
2026-01-19 17:42:11,274 - position: [ 0.10987458 -1.29009748  0.51040483]
2026-01-19 17:42:11,497 - position: [ 0.10990761 -1.29010928  0.5104146 ]
2026-01-19 17:42:11,740 - position: [ 0.10986463 -1.2900871   0.51041603]
2026-01-19 17:42:11,980 - position: [ 0.10987467 -1.29012024  0.51044995]
2026-01-19 17:42:12,219 - position: [ 0.10984303 -1.29008985  0.510481  ]
2026-01-19 17:42:12,436 - position: [ 0.10986765 -1.29010487  0.51045412]
2026-01-19 17:42:12,673 - position: [ 0.10986765 -1.29010487  0.51045412]
2026-01-19 17:42:12,902 - position: [ 0.10984427 -1.29010081  0.51043165]
2026-01-19 17:42:13,124 - position: [ 0.10984498 -1.29009569  0.51044357]
2026-01-19 17:42:13,356 - position: [ 0.10991693 -1.29013038  0.51046073]
2026-01-19 17:42:13,596 - position: [ 0.10985055 -1.29008436  0.51047903]
2026-01-19 17:42:13,807 - position: [ 0.10982757 -1.29010296  0.51055193]
2026-01-19 17:42:14,039 - position: [ 0.10984647 -1.29008174  0.51044983]
2026-01-19 17:42:14,276 - position: [ 0.10974619 -1.29004025  0.51057738]
2026-01-19 17:42:14,511 - position: [ 0.10985793 -1.29009426  0.51044303]
2026-01-19 17:42:14,753 - position: [ 0.1098339  -1.29006958  0.51045489]
2026-01-19 17:42:15,097 - position: [ 0.10985921 -1.29009306  0.51045138]
2026-01-19 17:42:15,299 - position: [ 0.10984428 -1.29008663  0.51045752]
2026-01-19 17:42:15,532 - position: [ 0.10980937 -1.29007912  0.51043379]
2026-01-19 17:42:15,748 - position: [ 0.10982761 -1.29008687  0.51047373]
2026-01-19 17:42:15,974 - position: [ 0.10982472 -1.29004574  0.51046443]
2026-01-19 17:42:16,318 - position: [ 0.10985037 -1.29009533  0.51045978]
2026-01-19 17:42:16,556 - position: [ 0.10978431 -1.2900641   0.51058143]
2026-01-19 17:42:16,824 - position: [ 0.10989729 -1.29010952  0.51044476]
2026-01-19 17:42:17,072 - position: [ 0.10979693 -1.29007065  0.51053178]
2026-01-19 17:42:17,325 - position: [ 0.10976239 -1.2900486   0.51057726]
2026-01-19 17:42:17,589 - position: [ 0.10986541 -1.29008758  0.51043141]
2026-01-19 17:42:17,829 - position: [ 0.10985848 -1.29007685  0.51044297]
2026-01-19 17:42:18,045 - position: [ 0.10978637 -1.29005361  0.51055855]
2026-01-19 17:42:18,276 - position: [ 0.10986785 -1.29006433  0.51045114]
2026-01-19 17:42:18,507 - position: [ 0.10988799 -1.29005754  0.51038426]
2026-01-19 17:42:18,713 - position: [ 0.10984673 -1.29007399  0.51044321]
2026-01-19 17:42:18,957 - position: [ 0.10985825 -1.29005873  0.51048291]
2026-01-19 17:42:19,205 - position: [ 0.10977925 -1.29006553  0.51058167]
2026-01-19 17:42:19,444 - position: [ 0.10979113 -1.29005694  0.51056409]
2026-01-19 17:42:19,674 - position: [ 0.10979302 -1.29007089  0.5106113 ]
2026-01-19 17:42:19,917 - position: [ 0.10981572 -1.29006815  0.51056546]
2026-01-19 17:42:20,174 - position: [ 0.1098474  -1.29006946  0.51047927]
2026-01-19 17:42:20,442 - position: [ 0.10985791 -1.29002631  0.51045364]
2026-01-19 17:42:20,732 - position: [ 0.10974949 -1.29003251  0.51061076]
2026-01-19 17:42:20,952 - position: [ 0.10976242 -1.29001403  0.51054227]
2026-01-19 17:42:21,210 - position: [ 0.10985158 -1.29004633  0.51047289]
2026-01-19 17:42:21,474 - position: [ 0.10977647 -1.29003692  0.51057285]
2026-01-19 17:42:21,708 - position: [ 0.1098398  -1.29004335  0.51045924]
2026-01-19 17:42:21,934 - position: [ 0.10982916 -1.29003525  0.51046157]
2026-01-19 17:42:22,164 - position: [ 0.10980957 -1.29003465  0.5104993 ]
2026-01-19 17:42:22,380 - position: [ 0.10983659 -1.29003119  0.5104242 ]
2026-01-19 17:42:22,583 - position: [ 0.10987388 -1.29006732  0.51043653]
2026-01-19 17:42:22,837 - position: [ 0.1098534  -1.29003596  0.51045638]
2026-01-19 17:42:23,049 - position: [ 0.10981796 -1.29002893  0.51044077]
2026-01-19 17:42:23,264 - position: [ 0.1098232  -1.29003155  0.51048982]
2026-01-19 17:42:23,483 - position: [ 0.10986748 -1.29007375  0.5104838 ]
2026-01-19 17:42:23,706 - position: [ 0.1098309 -1.2900492  0.5104748]
2026-01-19 17:42:23,937 - position: [ 0.10987269 -1.29006767  0.51049876]
2026-01-19 17:42:24,146 - position: [ 0.10987642 -1.29006386  0.51047397]
2026-01-19 17:42:24,361 - position: [ 0.10986368 -1.29004383  0.51044565]
2026-01-19 17:42:24,601 - position: [ 0.1098968  -1.29006124  0.51047963]
2026-01-19 17:42:24,863 - position: [ 0.1098504  -1.29004073  0.51050097]
2026-01-19 17:42:25,094 - position: [ 0.10982655 -1.29002106  0.51047707]
2026-01-19 17:42:25,319 - position: [ 0.10984963 -1.29005194  0.51046914]
2026-01-19 17:42:25,565 - position: [ 0.10982649 -1.29004347  0.51048636]
2026-01-19 17:42:25,796 - position: [ 0.10979594 -1.29009068  0.51054651]
2026-01-19 17:42:26,075 - position: [ 0.10974414 -1.29001164  0.5105983 ]
2026-01-19 17:42:26,344 - position: [ 0.10982998 -1.29006076  0.51046604]
2026-01-19 17:42:26,598 - position: [ 0.1098525  -1.29006875  0.51048219]
2026-01-19 17:42:26,855 - position: [ 0.10986347 -1.29007041  0.51045936]
2026-01-19 17:42:27,091 - position: [ 0.10980719 -1.2900368   0.51045436]
2026-01-19 17:42:27,315 - position: [ 0.10984326 -1.29006255  0.51050377]
2026-01-19 17:42:27,574 - position: [ 0.10984789 -1.29004943  0.51048452]
2026-01-19 17:42:27,831 - position: [ 0.10982516 -1.29003775  0.51046151]
2026-01-19 17:42:28,061 - position: [ 0.10983409 -1.29004455  0.51040977]
2026-01-19 17:42:28,341 - position: [ 0.10979401 -1.29001856  0.51042825]
2026-01-19 17:42:28,595 - position: [ 0.1098479  -1.29005313  0.51045448]
2026-01-19 17:42:28,821 - position: [ 0.109818   -1.2900281   0.51049566]
2026-01-19 17:42:29,075 - position: [ 0.10989653 -1.29010499  0.51042485]
2026-01-19 17:42:29,325 - position: [ 0.10980821 -1.29002988  0.51043415]
2026-01-19 17:42:29,553 - position: [ 0.10980821 -1.29002988  0.51043415]
2026-01-19 17:42:29,837 - position: [ 0.10982461 -1.29004443  0.51048249]
2026-01-19 17:42:30,106 - position: [ 0.10982943 -1.29004359  0.51046413]
2026-01-19 17:42:30,366 - position: [ 0.10984517 -1.29005277  0.51050872]
2026-01-19 17:42:30,581 - position: [ 0.1098389  -1.29005444  0.51051164]
2026-01-19 17:42:30,828 - position: [ 0.10983985 -1.29005778  0.51046175]
2026-01-19 17:42:31,055 - position: [ 0.10975121 -1.29006231  0.51061428]
2026-01-19 17:42:31,308 - position: [ 0.10974621 -1.29005325  0.5106619 ]
2026-01-19 17:42:31,553 - position: [ 0.10986853 -1.29008925  0.5104984 ]
2026-01-19 17:42:31,811 - position: [ 0.10977364 -1.29006743  0.51062506]
2026-01-19 17:42:32,042 - position: [ 0.1098295  -1.29005277  0.51046956]
2026-01-19 17:42:32,320 - position: [ 0.10972939 -1.29003882  0.51060289]
2026-01-19 17:42:32,600 - position: [ 0.10972015 -1.29001689  0.51057959]
2026-01-19 17:42:32,825 - position: [ 0.10980342 -1.2900573   0.51045215]
2026-01-19 17:42:33,068 - position: [ 0.10977922 -1.29007781  0.51058722]
2026-01-19 17:42:33,340 - position: [ 0.10978603 -1.29004419  0.51053876]
2026-01-19 17:42:33,611 - position: [ 0.10979934 -1.29005182  0.51046586]
2026-01-19 17:42:33,908 - position: [ 0.10979674 -1.29006028  0.51046979]
2026-01-19 17:42:34,166 - position: [ 0.1097301  -1.29003847  0.51059937]
2026-01-19 17:42:34,377 - position: [ 0.10981547 -1.29005539  0.51044446]
2026-01-19 17:42:34,615 - position: [ 0.10987794 -1.29008937  0.51043117]
2026-01-19 17:42:34,834 - position: [ 0.10979519 -1.29004037  0.51046616]
2026-01-19 17:42:35,066 - position: [ 0.10973717 -1.29005075  0.51056671]
2026-01-19 17:42:35,277 - position: [ 0.10978269 -1.29006338  0.510544  ]
2026-01-19 17:42:35,526 - position: [ 0.10976583 -1.29007411  0.51058918]
2026-01-19 17:42:35,785 - position: [ 0.10987584 -1.29007649  0.51044446]
2026-01-19 17:42:36,032 - position: [ 0.10985375 -1.29004967  0.51043707]
2026-01-19 17:42:36,255 - position: [ 0.10977068 -1.29003644  0.51060385]
2026-01-19 17:42:36,521 - position: [ 0.10984493 -1.29006863  0.51041347]
2026-01-19 17:42:36,758 - position: [ 0.10977366 -1.29004359  0.51057011]
2026-01-19 17:42:37,080 - position: [ 0.10976993 -1.29004359  0.51053578]
2026-01-19 17:42:37,286 - position: [ 0.10976993 -1.29004359  0.51053578]
2026-01-19 17:42:37,596 - position: [ 0.1097919  -1.29004872  0.51044542]
2026-01-19 17:42:37,812 - position: [ 0.10982701 -1.29006481  0.51041418]
2026-01-19 17:42:38,090 - position: [ 0.10981686 -1.29004872  0.51038164]
2026-01-19 17:42:38,350 - position: [ 0.10982596 -1.29004574  0.51043212]
2026-01-19 17:42:38,592 - position: [ 0.10985363 -1.29005635  0.51041591]
2026-01-19 17:42:38,841 - position: [ 0.1097798  -1.29005742  0.51055032]
2026-01-19 17:42:39,068 - position: [ 0.10980078 -1.29003322  0.51055181]
2026-01-19 17:42:39,306 - position: [ 0.10988864 -1.29006505  0.51041371]
2026-01-19 17:42:39,545 - position: [ 0.10983571 -1.29006815  0.51043671]
2026-01-19 17:42:39,763 - position: [ 0.10977846 -1.29003465  0.51050657]
2026-01-19 17:42:39,979 - position: [ 0.10977129 -1.29005218  0.51051748]
2026-01-19 17:42:40,229 - position: [ 0.10975337 -1.29004204  0.51052463]
2026-01-19 17:42:40,474 - position: [ 0.10978323 -1.29004323  0.51056176]
2026-01-19 17:42:40,707 - position: [ 0.10976304 -1.2900281   0.51056373]
2026-01-19 17:42:40,927 - position: [ 0.10977864 -1.2900461   0.51054239]
2026-01-19 17:42:41,235 - position: [ 0.10976048 -1.29003358  0.51054299]
2026-01-19 17:42:41,479 - position: [ 0.10978207 -1.29003048  0.51052105]
2026-01-19 17:42:41,707 - position: [ 0.10977919 -1.29004276  0.51050979]
2026-01-19 17:42:41,922 - position: [ 0.10978865 -1.29004943  0.5105083 ]
2026-01-19 17:42:42,152 - position: [ 0.10977319 -1.29002213  0.51055402]
2026-01-19 17:42:42,390 - position: [ 0.10976472 -1.29004371  0.51053804]
2026-01-19 17:42:42,621 - position: [ 0.10977888 -1.29003131  0.51055223]
2026-01-19 17:42:42,846 - position: [ 0.10980177 -1.29004645  0.51052201]
2026-01-19 17:42:43,085 - position: [ 0.10977503 -1.29003608  0.51052713]
2026-01-19 17:42:43,327 - position: [ 0.1097787  -1.29004848  0.51052064]
2026-01-19 17:42:43,573 - position: [ 0.10980932 -1.29001784  0.51050109]
2026-01-19 17:42:43,834 - position: [ 0.10977788 -1.2900598   0.51053923]
2026-01-19 17:42:44,110 - position: [ 0.10977571 -1.28996229  0.51054841]
2026-01-19 17:42:44,354 - position: [ 0.10977571 -1.28996229  0.51054841]
2026-01-19 17:42:44,582 - position: [ 0.10977571 -1.28996229  0.51054841]
2026-01-19 17:42:44,794 - position: [ 0.10983389 -1.29005384  0.51044303]
2026-01-19 17:42:45,027 - position: [ 0.10982908 -1.29004502  0.51040292]
2026-01-19 17:42:45,283 - position: [ 0.10977381 -1.29006505  0.51053178]
2026-01-19 17:42:45,486 - position: [ 0.10977783 -1.28998959  0.51056755]
2026-01-19 17:42:45,735 - position: [ 0.10978074 -1.28999686  0.51054549]
2026-01-19 17:42:45,948 - position: [ 0.10976587 -1.29000831  0.51055342]
2026-01-19 17:42:46,230 - position: [ 0.10979535 -1.29003501  0.51050508]
2026-01-19 17:42:46,499 - position: [ 0.10978491 -1.29000604  0.51054353]
2026-01-19 17:42:46,729 - position: [ 0.10979412 -1.29002392  0.51053852]
2026-01-19 17:42:46,976 - position: [ 0.10980556 -1.29001093  0.51055282]
2026-01-19 17:42:47,230 - position: [ 0.10978479 -1.29004943  0.51058835]
2026-01-19 17:42:47,539 - position: [ 0.10978479 -1.29004943  0.51058835]
2026-01-19 17:42:47,799 - position: [ 0.10980747 -1.29010379  0.51054692]
2026-01-19 17:42:48,024 - position: [ 0.10979571 -1.29000151  0.5105471 ]
2026-01-19 17:42:48,319 - position: [ 0.10979991 -1.29003823  0.51055813]
2026-01-19 17:42:48,542 - position: [ 0.1098152  -1.29005647  0.51055878]
2026-01-19 17:42:48,793 - position: [ 0.10980282 -1.29003692  0.51054811]
2026-01-19 17:42:49,029 - position: [ 0.10979044 -1.29006648  0.51055491]
2026-01-19 17:42:49,253 - position: [ 0.10976828 -1.29002774  0.51053953]
2026-01-19 17:42:49,500 - position: [ 0.10980125 -1.29000461  0.51052296]
2026-01-19 17:42:49,746 - position: [ 0.10979006 -1.29001188  0.51056027]
2026-01-19 17:42:49,960 - position: [ 0.10988037 -1.29005718  0.51041996]
2026-01-19 17:42:50,171 - position: [ 0.10987411 -1.29005051  0.5104382 ]
2026-01-19 17:42:50,431 - position: [ 0.1098024  -1.28999841  0.51057547]
2026-01-19 17:42:50,653 - position: [ 0.10980871 -1.29003251  0.51059103]
2026-01-19 17:42:50,866 - position: [ 0.10980789 -1.29001379  0.51058143]
2026-01-19 17:42:51,090 - position: [ 0.10979015 -1.29001617  0.51056451]
2026-01-19 17:42:51,317 - position: [ 0.1097688  -1.29000449  0.51056838]
2026-01-19 17:42:51,551 - position: [ 0.10981593 -1.29003692  0.51057106]
2026-01-19 17:42:51,788 - position: [ 0.1097543  -1.28997111  0.51059902]
2026-01-19 17:42:52,044 - position: [ 0.10979972 -1.2900182   0.51057333]
2026-01-19 17:42:52,280 - position: [ 0.10979972 -1.2900182   0.51057333]
2026-01-19 17:42:52,506 - position: [ 0.10972892 -1.28995812  0.51059359]
2026-01-19 17:42:52,746 - position: [ 0.10973747 -1.28994989  0.51059616]
2026-01-19 17:42:52,970 - position: [ 0.10978112 -1.28998375  0.51061714]
2026-01-19 17:42:53,174 - position: [ 0.10980237 -1.29000509  0.51058823]
2026-01-19 17:42:53,454 - position: [ 0.1098019  -1.28999841  0.51059341]
2026-01-19 17:42:53,754 - position: [ 0.109786   -1.28998089  0.51058495]
2026-01-19 17:42:54,004 - position: [ 0.10976592 -1.28997457  0.51057214]
2026-01-19 17:42:54,274 - position: [ 0.1097573  -1.28997707  0.5105933 ]
2026-01-19 17:42:54,530 - position: [ 0.10974146 -1.2899648   0.51054925]
2026-01-19 17:42:54,799 - position: [ 0.10980948 -1.28998899  0.51057011]
2026-01-19 17:42:55,075 - position: [ 0.10978002 -1.28998137  0.51055342]
2026-01-19 17:42:55,309 - position: [ 0.10976676 -1.28998721  0.51058704]
2026-01-19 17:42:55,541 - position: [ 0.10979379 -1.28998756  0.51051694]
2026-01-19 17:42:55,763 - position: [ 0.10974344 -1.28997338  0.51058972]
2026-01-19 17:42:55,993 - position: [ 0.10976174 -1.28996062  0.51055896]
2026-01-19 17:42:56,221 - position: [ 0.1097919  -1.28998268  0.51059377]
2026-01-19 17:42:56,481 - position: [ 0.10983848 -1.29003131  0.51060051]
2026-01-19 17:42:56,730 - position: [ 0.10981258 -1.28998196  0.510584  ]
2026-01-19 17:42:56,952 - position: [ 0.10975949 -1.28996015  0.5105812 ]
2026-01-19 17:42:57,221 - position: [ 0.1097871  -1.29000056  0.51056617]
2026-01-19 17:42:57,471 - position: [ 0.10981902 -1.29001188  0.51055586]
2026-01-19 17:42:57,705 - position: [ 0.10981902 -1.29001188  0.51055586]
2026-01-19 17:42:57,913 - position: [ 0.10983578 -1.28999567  0.51056451]
2026-01-19 17:42:58,138 - position: [ 0.10984884 -1.29001343  0.51052505]
2026-01-19 17:42:58,365 - position: [ 0.1097764  -1.28997135  0.51054972]
2026-01-19 17:42:58,647 - position: [ 0.10977133 -1.28995812  0.51055413]
2026-01-19 17:42:58,876 - position: [ 0.10987905 -1.28998637  0.51041937]
2026-01-19 17:42:59,161 - position: [ 0.1098051  -1.28997993  0.51055598]
2026-01-19 17:42:59,402 - position: [ 0.10980323 -1.2899971   0.51062912]
2026-01-19 17:42:59,665 - position: [ 0.10988871 -1.29001284  0.51046497]
2026-01-19 17:42:59,909 - position: [ 0.10978451 -1.28997982  0.51056755]
2026-01-19 17:43:00,138 - position: [ 0.10986011 -1.29000115  0.51045889]
2026-01-19 17:43:00,369 - position: [ 0.10978339 -1.28998673  0.51061702]
2026-01-19 17:43:00,663 - position: [ 0.10980002 -1.2899729   0.51056057]
2026-01-19 17:43:00,873 - position: [ 0.10985163 -1.28997898  0.5104357 ]
2026-01-19 17:43:01,143 - position: [ 0.10984145 -1.28999412  0.51050556]
2026-01-19 17:43:01,391 - position: [ 0.10986966 -1.28999484  0.51047415]
2026-01-19 17:43:01,611 - position: [ 0.10988761 -1.28996241  0.51044595]
2026-01-19 17:43:01,847 - position: [ 0.10979559 -1.2899425   0.51058012]
2026-01-19 17:43:02,081 - position: [ 0.10987106 -1.28997386  0.51044255]
2026-01-19 17:43:02,375 - position: [ 0.10982271 -1.28994095  0.51049423]
2026-01-19 17:43:02,619 - position: [ 0.10987356 -1.28997767  0.51045388]
2026-01-19 17:43:02,874 - position: [ 0.10982249 -1.28995919  0.51053888]
2026-01-19 17:43:03,123 - position: [ 0.10987736 -1.2899729   0.51045275]
2026-01-19 17:43:03,410 - position: [ 0.10992086 -1.28999889  0.51044887]
2026-01-19 17:43:03,653 - position: [ 0.10978063 -1.28994882  0.51053256]
2026-01-19 17:43:03,901 - position: [ 0.10982782 -1.2899884   0.51056033]
2026-01-19 17:43:04,133 - position: [ 0.10978531 -1.28996384  0.51052845]
2026-01-19 17:43:04,367 - position: [ 0.1098105  -1.28997672  0.51056314]
2026-01-19 17:43:04,601 - position: [ 0.10977856 -1.28994906  0.51054955]
2026-01-19 17:43:04,841 - position: [ 0.10978503 -1.28996956  0.51055259]
2026-01-19 17:43:05,080 - position: [ 0.10979772 -1.29000497  0.5105111 ]
2026-01-19 17:43:05,330 - position: [ 0.10982776 -1.2899965   0.5105266 ]
2026-01-19 17:43:05,566 - position: [ 0.10982839 -1.29000401  0.51054299]
2026-01-19 17:43:05,791 - position: [ 0.10976353 -1.2899574   0.51055348]
2026-01-19 17:43:06,034 - position: [ 0.10981107 -1.28999019  0.51051152]
2026-01-19 17:43:06,272 - position: [ 0.10983488 -1.28998888  0.51050681]
2026-01-19 17:43:06,536 - position: [ 0.10984915 -1.29000986  0.51053613]
2026-01-19 17:43:06,834 - position: [ 0.10983714 -1.28999579  0.51055998]
2026-01-19 17:43:07,100 - position: [ 0.10982499 -1.28997743  0.51050311]
2026-01-19 17:43:07,308 - position: [ 0.10980388 -1.28997314  0.5105527 ]
2026-01-19 17:43:07,536 - position: [ 0.10983317 -1.29001105  0.51053965]
2026-01-19 17:43:07,768 - position: [ 0.10983284 -1.28999686  0.51053691]
2026-01-19 17:43:08,026 - position: [ 0.10980524 -1.28999102  0.51053578]
2026-01-19 17:43:08,339 - position: [ 0.1098601  -1.2899884   0.51041609]
2026-01-19 17:43:08,550 - position: [ 0.10979015 -1.28997743  0.5105269 ]
2026-01-19 17:43:08,791 - position: [ 0.10978183 -1.28997231  0.51052862]
2026-01-19 17:43:09,034 - position: [ 0.10984002 -1.29001248  0.51057029]
2026-01-19 17:43:09,279 - position: [ 0.10980206 -1.2899878   0.51052856]
2026-01-19 17:43:09,539 - position: [ 0.10980206 -1.2899878   0.51052856]
2026-01-19 17:43:09,765 - position: [ 0.10976946 -1.28997946  0.51052845]
2026-01-19 17:43:09,967 - position: [ 0.10980231 -1.28997195  0.51054013]
2026-01-19 17:43:10,183 - position: [ 0.10979891 -1.28993642  0.51050103]
2026-01-19 17:43:10,412 - position: [ 0.10979405 -1.28996503  0.51056248]
2026-01-19 17:43:10,649 - position: [ 0.10985708 -1.2899518   0.51041603]
