2026-01-19 09:02:18,589 - position: [ 0.47429076 -1.42112982  0.50617498]
2026-01-19 09:02:18,843 - position: [ 0.47430661 -1.42111421  0.50613642]
2026-01-19 09:02:19,059 - position: [ 0.47432044 -1.42114568  0.50617188]
2026-01-19 09:02:19,305 - position: [ 0.4742392  -1.42108643  0.50621456]
2026-01-19 09:02:19,567 - position: [ 0.47431758 -1.42115974  0.50621206]
2026-01-19 09:02:19,804 - position: [ 0.47436073 -1.42116678  0.50622588]
2026-01-19 09:02:20,043 - position: [ 0.47426888 -1.42118299  0.50619894]
2026-01-19 09:02:20,312 - position: [ 0.47435462 -1.42118454  0.50626254]
2026-01-19 09:02:20,592 - position: [ 0.47434261 -1.42114651  0.50620699]
2026-01-19 09:02:20,849 - position: [ 0.47427967 -1.42111897  0.50615561]
2026-01-19 09:02:21,082 - position: [ 0.47431195 -1.42112315  0.50619543]
2026-01-19 09:02:21,360 - position: [ 0.47429672 -1.42112041  0.50617158]
2026-01-19 09:02:21,576 - position: [ 0.47428536 -1.42113042  0.50616175]
2026-01-19 09:02:21,792 - position: [ 0.47428086 -1.42114985  0.5062753 ]
2026-01-19 09:02:22,024 - position: [ 0.47430319 -1.42112637  0.50619555]
2026-01-19 09:02:22,248 - position: [ 0.47420675 -1.42108512  0.50627595]
2026-01-19 09:02:22,471 - position: [ 0.47423106 -1.42112887  0.50626153]
2026-01-19 09:02:22,738 - position: [ 0.4742378  -1.42112339  0.50623733]
2026-01-19 09:02:22,968 - position: [ 0.47426677 -1.42113078  0.5062356 ]
2026-01-19 09:02:23,192 - position: [ 0.4742485  -1.42113197  0.50622988]
2026-01-19 09:02:23,433 - position: [ 0.47424015 -1.42110336  0.5062561 ]
2026-01-19 09:02:23,640 - position: [ 0.47423849 -1.42111015  0.50622869]
2026-01-19 09:02:23,870 - position: [ 0.47422242 -1.42109597  0.50624651]
2026-01-19 09:02:24,093 - position: [ 0.47424528 -1.42111945  0.50625151]
2026-01-19 09:02:24,337 - position: [ 0.4742333  -1.42110276  0.50624973]
2026-01-19 09:02:24,577 - position: [ 0.4742797  -1.42111075  0.50620067]
2026-01-19 09:02:24,798 - position: [ 0.47424492 -1.42111993  0.50621355]
2026-01-19 09:02:25,044 - position: [ 0.47425804 -1.42112958  0.50620949]
2026-01-19 09:02:25,280 - position: [ 0.4742091  -1.42106354  0.506248  ]
2026-01-19 09:02:25,586 - position: [ 0.47423762 -1.42108512  0.50623655]
2026-01-19 09:02:25,833 - position: [ 0.4742521  -1.42110789  0.50627875]
2026-01-19 09:02:26,120 - position: [ 0.47424382 -1.42110157  0.50623953]
2026-01-19 09:02:26,393 - position: [ 0.4741849  -1.42106378  0.50628906]
2026-01-19 09:02:26,652 - position: [ 0.4741849  -1.42106378  0.50628906]
2026-01-19 09:02:26,892 - position: [ 0.47425416 -1.42112839  0.50623178]
2026-01-19 09:02:27,094 - position: [ 0.47426575 -1.42113042  0.50625521]
2026-01-19 09:02:27,314 - position: [ 0.47420043 -1.42107201  0.50622779]
2026-01-19 09:02:27,544 - position: [ 0.47421223 -1.4211005   0.50626862]
2026-01-19 09:02:27,786 - position: [ 0.47422406 -1.42109156  0.50627005]
2026-01-19 09:02:28,020 - position: [ 0.47420371 -1.42109847  0.5062719 ]
2026-01-19 09:02:28,287 - position: [ 0.4742322  -1.42111552  0.50624985]
2026-01-19 09:02:28,499 - position: [ 0.47421309 -1.42108858  0.50623465]
2026-01-19 09:02:28,779 - position: [ 0.47425947 -1.42112827  0.50624162]
2026-01-19 09:02:29,068 - position: [ 0.47424173 -1.42110348  0.50619739]
2026-01-19 09:02:29,389 - position: [ 0.47422332 -1.42107892  0.50622076]
2026-01-19 09:02:29,626 - position: [ 0.47418004 -1.42106938  0.50622743]
2026-01-19 09:02:29,845 - position: [ 0.47424829 -1.4211036   0.50619286]
2026-01-19 09:02:30,052 - position: [ 0.47425991 -1.42113423  0.50620472]
2026-01-19 09:02:30,302 - position: [ 0.47419828 -1.42106426  0.50615472]
2026-01-19 09:02:30,523 - position: [ 0.47421253 -1.42106295  0.50620675]
2026-01-19 09:02:30,741 - position: [ 0.47422954 -1.42109096  0.5062331 ]
2026-01-19 09:02:30,981 - position: [ 0.47426862 -1.42111373  0.50621581]
2026-01-19 09:02:31,219 - position: [ 0.47425085 -1.42110705  0.50621819]
2026-01-19 09:02:31,464 - position: [ 0.47426903 -1.42111242  0.50625211]
2026-01-19 09:02:31,685 - position: [ 0.47427443 -1.42110968  0.50623482]
2026-01-19 09:02:31,974 - position: [ 0.47425166 -1.42109263  0.5062443 ]
2026-01-19 09:02:32,246 - position: [ 0.47426394 -1.42110133  0.50624526]
2026-01-19 09:02:32,460 - position: [ 0.47423378 -1.42107856  0.50627184]
2026-01-19 09:02:32,749 - position: [ 0.47424859 -1.42109025  0.50625229]
2026-01-19 09:02:32,966 - position: [ 0.4742355  -1.42107224  0.50629348]
2026-01-19 09:02:33,183 - position: [ 0.4742184  -1.42107797  0.50627059]
2026-01-19 09:02:33,485 - position: [ 0.47423264 -1.42106593  0.50622749]
2026-01-19 09:02:33,735 - position: [ 0.47425359 -1.42110491  0.50619614]
2026-01-19 09:02:33,994 - position: [ 0.47416621 -1.42103219  0.50623488]
2026-01-19 09:02:34,232 - position: [ 0.47423983 -1.42110121  0.50626099]
2026-01-19 09:02:34,445 - position: [ 0.47427744 -1.42113638  0.50626719]
2026-01-19 09:02:34,654 - position: [ 0.47428665 -1.42113853  0.50627089]
2026-01-19 09:02:34,878 - position: [ 0.47423816 -1.42106831  0.506271  ]
2026-01-19 09:02:35,093 - position: [ 0.47431302 -1.42112601  0.50626218]
2026-01-19 09:02:35,316 - position: [ 0.47427663 -1.42111182  0.50624728]
2026-01-19 09:02:35,559 - position: [ 0.47427231 -1.42110932  0.50626159]
2026-01-19 09:02:35,873 - position: [ 0.47422197 -1.42110097  0.50623673]
2026-01-19 09:02:36,085 - position: [ 0.47424322 -1.42109072  0.50623572]
2026-01-19 09:02:36,330 - position: [ 0.47424844 -1.42110741  0.50624025]
2026-01-19 09:02:36,543 - position: [ 0.47424182 -1.4210844   0.50623655]
2026-01-19 09:02:36,773 - position: [ 0.47423777 -1.42108989  0.50626779]
2026-01-19 09:02:37,019 - position: [ 0.47422308 -1.42105711  0.50625771]
2026-01-19 09:02:37,262 - position: [ 0.47419903 -1.42106521  0.50623751]
2026-01-19 09:02:37,499 - position: [ 0.47422186 -1.42108488  0.50624061]
2026-01-19 09:02:37,772 - position: [ 0.47422186 -1.42108488  0.50624061]
2026-01-19 09:02:38,041 - position: [ 0.47422251 -1.42111087  0.50621742]
2026-01-19 09:02:38,292 - position: [ 0.47423422 -1.42111742  0.50625807]
2026-01-19 09:02:38,526 - position: [ 0.47419748 -1.42107511  0.50626427]
2026-01-19 09:02:38,759 - position: [ 0.4742727  -1.42114758  0.50622696]
2026-01-19 09:02:38,985 - position: [ 0.47422943 -1.42110252  0.50624162]
2026-01-19 09:02:39,247 - position: [ 0.4742752  -1.4211266   0.50620234]
2026-01-19 09:02:39,491 - position: [ 0.47427088 -1.42110038  0.50620985]
2026-01-19 09:02:39,757 - position: [ 0.47425351 -1.42111766  0.50622845]
2026-01-19 09:02:39,976 - position: [ 0.47423995 -1.42117143  0.50619745]
2026-01-19 09:02:40,223 - position: [ 0.47424674 -1.42113233  0.50624371]
2026-01-19 09:02:40,430 - position: [ 0.47420329 -1.42110956  0.50622976]
2026-01-19 09:02:40,759 - position: [ 0.47423354 -1.42109323  0.50626296]
2026-01-19 09:02:41,018 - position: [ 0.47426528 -1.42114174  0.50624102]
2026-01-19 09:02:41,260 - position: [ 0.47426355 -1.42110765  0.50624907]
2026-01-19 09:02:41,539 - position: [ 0.47422767 -1.42110038  0.50624925]
2026-01-19 09:02:41,773 - position: [ 0.47426939 -1.42114329  0.50623351]
2026-01-19 09:02:42,020 - position: [ 0.47428331 -1.42113709  0.50624734]
2026-01-19 09:02:42,261 - position: [ 0.47422516 -1.42109537  0.50625539]
2026-01-19 09:02:42,465 - position: [ 0.47423735 -1.42110717  0.50621885]
2026-01-19 09:02:42,683 - position: [ 0.4742597  -1.42112875  0.5062148 ]
2026-01-19 09:02:42,922 - position: [ 0.4742732  -1.42112327  0.50626522]
2026-01-19 09:02:43,153 - position: [ 0.47425294 -1.42111468  0.50628048]
2026-01-19 09:02:43,396 - position: [ 0.47430488 -1.4211607   0.50624532]
2026-01-19 09:02:43,641 - position: [ 0.47427309 -1.42112148  0.5062328 ]
2026-01-19 09:02:43,914 - position: [ 0.47423455 -1.42110562  0.50623477]
2026-01-19 09:02:44,149 - position: [ 0.47427979 -1.42115724  0.50625139]
2026-01-19 09:02:44,375 - position: [ 0.4742828  -1.42116487  0.50627118]
2026-01-19 09:02:44,746 - position: [ 0.4742592  -1.42110717  0.50625658]
2026-01-19 09:02:44,998 - position: [ 0.4742333  -1.42110121  0.50626224]
2026-01-19 09:02:45,245 - position: [ 0.47422859 -1.42113638  0.50626409]
2026-01-19 09:02:45,492 - position: [ 0.47428083 -1.42113996  0.50629532]
2026-01-19 09:02:45,729 - position: [ 0.4742361  -1.42107904  0.50625426]
2026-01-19 09:02:45,951 - position: [ 0.47424632 -1.42109692  0.50623566]
2026-01-19 09:02:46,188 - position: [ 0.47425404 -1.42112315  0.50624943]
2026-01-19 09:02:46,441 - position: [ 0.47424468 -1.42107642  0.50626034]
2026-01-19 09:02:46,685 - position: [ 0.47424066 -1.42110264  0.50622994]
2026-01-19 09:02:46,910 - position: [ 0.47427228 -1.4211241   0.50625432]
2026-01-19 09:02:47,173 - position: [ 0.47425479 -1.42113042  0.50624877]
2026-01-19 09:02:47,402 - position: [ 0.47425479 -1.42113042  0.50624877]
2026-01-19 09:02:47,637 - position: [ 0.47424886 -1.42110407  0.50620997]
2026-01-19 09:02:47,882 - position: [ 0.47427464 -1.4211024   0.50627536]
2026-01-19 09:02:48,123 - position: [ 0.4742676  -1.42108464  0.50623262]
2026-01-19 09:02:48,355 - position: [ 0.47422904 -1.42107511  0.50629765]
2026-01-19 09:02:48,599 - position: [ 0.47428557 -1.42112291  0.50625062]
2026-01-19 09:02:48,836 - position: [ 0.47425616 -1.42107415  0.50623536]
2026-01-19 09:02:49,048 - position: [ 0.47425267 -1.42109334  0.50624788]
2026-01-19 09:02:49,301 - position: [ 0.47427395 -1.42106736  0.50625598]
2026-01-19 09:02:49,560 - position: [ 0.47423664 -1.42104495  0.50625765]
2026-01-19 09:02:49,843 - position: [ 0.47420919 -1.42109394  0.50623888]
2026-01-19 09:02:50,051 - position: [ 0.47418198 -1.42104459  0.50624377]
2026-01-19 09:02:50,273 - position: [ 0.47418612 -1.4210242   0.50626338]
2026-01-19 09:02:50,503 - position: [ 0.47421005 -1.42104936  0.50627995]
2026-01-19 09:02:50,729 - position: [ 0.47423166 -1.42108309  0.50628191]
2026-01-19 09:02:50,963 - position: [ 0.47423166 -1.42108309  0.50628191]
2026-01-19 09:02:51,223 - position: [ 0.47425112 -1.42114627  0.50624174]
2026-01-19 09:02:51,455 - position: [ 0.47423863 -1.42111802  0.50627929]
2026-01-19 09:02:51,747 - position: [ 0.4742488  -1.42112899  0.50629044]
2026-01-19 09:02:51,960 - position: [ 0.47422731 -1.42111075  0.50627923]
2026-01-19 09:02:52,171 - position: [ 0.47424889 -1.42109895  0.50621974]
2026-01-19 09:02:52,394 - position: [ 0.47419789 -1.42107177  0.50621307]
2026-01-19 09:02:52,643 - position: [ 0.47425008 -1.42111444  0.50621641]
2026-01-19 09:02:52,864 - position: [ 0.47423846 -1.42108202  0.50623649]
2026-01-19 09:02:53,124 - position: [ 0.47422349 -1.42108595  0.50625324]
2026-01-19 09:02:53,368 - position: [ 0.47424927 -1.42112148  0.50622272]
2026-01-19 09:02:53,590 - position: [ 0.47423574 -1.42113423  0.50624597]
2026-01-19 09:02:53,836 - position: [ 0.47426346 -1.4211427   0.50625604]
2026-01-19 09:02:54,087 - position: [ 0.47421145 -1.42110586  0.50628471]
2026-01-19 09:02:54,292 - position: [ 0.47422996 -1.42112243  0.50624925]
2026-01-19 09:02:54,515 - position: [ 0.47421747 -1.42112017  0.50626516]
2026-01-19 09:02:54,755 - position: [ 0.47423363 -1.42112899  0.50626862]
2026-01-19 09:02:55,023 - position: [ 0.47421476 -1.42114699  0.50625217]
2026-01-19 09:02:55,280 - position: [ 0.4742316  -1.4211266   0.50622439]
2026-01-19 09:02:55,533 - position: [ 0.4742372  -1.42114067  0.50624758]
2026-01-19 09:02:55,777 - position: [ 0.47425106 -1.42114401  0.50624835]
2026-01-19 09:02:56,003 - position: [ 0.47422546 -1.42115068  0.50628674]
2026-01-19 09:02:56,233 - position: [ 0.47424036 -1.42116714  0.50626934]
2026-01-19 09:02:56,466 - position: [ 0.47422513 -1.42114222  0.50625533]
2026-01-19 09:02:56,682 - position: [ 0.47422904 -1.42113793  0.5062353 ]
2026-01-19 09:02:56,919 - position: [ 0.47423899 -1.42114496  0.50621527]
2026-01-19 09:02:57,166 - position: [ 0.47423604 -1.42113626  0.50625038]
2026-01-19 09:02:57,410 - position: [ 0.47422895 -1.42111301  0.50622135]
2026-01-19 09:02:57,645 - position: [ 0.47421744 -1.42112076  0.50623822]
2026-01-19 09:02:57,878 - position: [ 0.47428825 -1.42117453  0.50617993]
2026-01-19 09:02:58,094 - position: [ 0.47421515 -1.4211272   0.50624245]
2026-01-19 09:02:58,324 - position: [ 0.4742378  -1.42114699  0.50623626]
2026-01-19 09:02:58,579 - position: [ 0.47418696 -1.42111504  0.50628084]
2026-01-19 09:02:58,858 - position: [ 0.47418448 -1.42112231  0.50623035]
2026-01-19 09:02:59,084 - position: [ 0.47419983 -1.42112684  0.50629693]
2026-01-19 09:02:59,287 - position: [ 0.47420341 -1.42112017  0.50625867]
2026-01-19 09:02:59,513 - position: [ 0.47422725 -1.42113364  0.50627011]
2026-01-19 09:02:59,743 - position: [ 0.474244   -1.42115974  0.50624782]
2026-01-19 09:03:00,000 - position: [ 0.47420239 -1.42112517  0.50625104]
2026-01-19 09:03:00,255 - position: [ 0.47419861 -1.42112291  0.50626278]
2026-01-19 09:03:00,483 - position: [ 0.47422674 -1.42113721  0.5063085 ]
2026-01-19 09:03:00,741 - position: [ 0.47422147 -1.42114043  0.50624293]
2026-01-19 09:03:00,958 - position: [ 0.47425082 -1.4211452   0.50625378]
2026-01-19 09:03:01,206 - position: [ 0.47424003 -1.42116392  0.50627762]
2026-01-19 09:03:01,509 - position: [ 0.47422296 -1.42112327  0.50624001]
2026-01-19 09:03:01,779 - position: [ 0.47422504 -1.42115915  0.50627416]
2026-01-19 09:03:02,019 - position: [ 0.47424608 -1.42115378  0.50623077]
2026-01-19 09:03:02,244 - position: [ 0.47421506 -1.42113924  0.50625831]
2026-01-19 09:03:02,461 - position: [ 0.47418797 -1.42112482  0.50623429]
2026-01-19 09:03:02,741 - position: [ 0.47418797 -1.42112482  0.50623429]
2026-01-19 09:03:02,977 - position: [ 0.47418797 -1.42112482  0.50623429]
2026-01-19 09:03:03,197 - position: [ 0.47422966 -1.42117107  0.50622451]
2026-01-19 09:03:03,447 - position: [ 0.47421756 -1.42113173  0.50625527]
2026-01-19 09:03:03,703 - position: [ 0.47422421 -1.4211297   0.50618517]
