2024-07-23 15:51:11,213 - 7 displayed
2024-07-23 15:51:13,290 - next waypoint button clicked
2024-07-23 15:51:17,399 - Drone status: way point number 4 at position [ 0.09185885 -1.84257853  1.62349796], angle -0.36934468403762377
2024-07-23 15:51:17,399 - User status: way point number 4 at position [-0.07449361 -3.03298163  1.57618332]
2024-07-23 15:51:17,399 - User rises the hand up : animation readable wit angle 68.83810841905125 ° = -0.36934468403762377 rad
2024-07-23 15:51:34,995 - next animation button clicked
2024-07-23 15:51:35,138 - end of sequence
2024-07-23 15:51:36,265 - ok displayed
2024-07-23 15:51:38,500 - next waypoint button clicked
2024-07-23 15:51:44,847 - Drone status: way point number 4 at position [ 0.03474994 -1.85582066  1.658319  ], angle -0.3706954886150067
2024-07-23 15:51:44,847 - User status: way point number 4 at position [-0.08585491 -3.02019787  1.58341932]
2024-07-23 15:51:44,847 - User rises the hand up : animation readable wit angle 68.76071301782027 ° = -0.3706954886150067 rad
2024-07-23 15:51:54,113 - next animation button clicked
2024-07-23 15:51:54,268 - end of sequence
2024-07-23 15:51:55,521 - handover text displayed
2024-07-23 15:51:57,102 - next waypoint button clicked
2024-07-23 15:52:07,686 - Drone status: way point number 5 at position [-0.02815279 -1.79229617  1.67982697], angle -0.6481277503970078
2024-07-23 15:52:07,696 - User status: way point number 5 at position [-0.11748728 -3.0077312   1.57794726]
2024-07-23 15:52:07,713 - User rises the hand up : animation readable wit angle 52.86501531694299 ° = -0.6481277503970078 rad
2024-07-23 15:52:18,088 - next animation button clicked
2024-07-23 15:52:18,212 - end of sequence
2024-07-23 15:54:01,255 - fire displayed
2024-07-23 15:54:02,959 - next waypoint button clicked
2024-07-23 15:54:07,450 - Drone status: way point number 4 at position [ 0.07291932 -1.77486551  1.6724807 ], angle -0.452188775589486
2024-07-23 15:54:07,450 - User status: way point number 4 at position [-0.07465513 -3.00275517  1.57350349]
2024-07-23 15:54:07,455 - User rises the hand up : animation readable wit angle 64.09149161553415 ° = -0.452188775589486 rad
2024-07-23 15:54:18,455 - fire button clicked
2024-07-23 15:54:51,067 - next animation button clicked
2024-07-23 15:54:51,356 - end of sequence
2024-07-23 15:54:52,280 - survivor displayed
2024-07-23 15:54:54,448 - next waypoint button clicked
2024-07-23 15:55:00,862 - Drone status: way point number 4 at position [-0.0085795  -1.75826037  1.6997627 ], angle -0.4052938409190099
2024-07-23 15:55:00,868 - User status: way point number 4 at position [-0.00843557 -3.06278467  1.55894184]
2024-07-23 15:55:00,868 - User rises the hand up : animation readable wit angle 66.77837345269415 ° = -0.4052938409190099 rad
2024-07-23 15:55:02,933 - survivor button clicked
2024-07-23 15:55:28,764 - next animation button clicked
2024-07-23 15:55:28,977 - end of sequence
2024-07-23 15:55:30,015 - hazardous materials displayed
2024-07-23 15:55:31,464 - next waypoint button clicked
2024-07-23 15:55:36,965 - Drone status: way point number 3 at position [-0.04511447 -1.83892357  1.69255352], angle -0.3073624959540555
2024-07-23 15:55:36,984 - User status: way point number 3 at position [-0.09342806 -3.03000593  1.57419622]
2024-07-23 15:55:36,989 - User rises the hand up : animation readable wit angle 72.38942620122577 ° = -0.3073624959540555 rad
2024-07-23 15:55:39,736 - hazardous materials button clicked
2024-07-23 15:56:18,739 - next animation button clicked
2024-07-23 15:56:18,967 - end of sequence
2024-07-23 15:56:20,100 - start handover displayed
2024-07-23 15:56:21,583 - next waypoint button clicked
2024-07-23 15:56:27,480 - Drone status: way point number 3 at position [-0.03050634 -1.74165285  1.72867239], angle -0.28844310719603383
2024-07-23 15:56:27,485 - User status: way point number 3 at position [-0.03183591 -3.01174593  1.56867552]
2024-07-23 15:56:27,505 - User rises the hand up : animation readable wit angle 73.47342732802767 ° = -0.28844310719603383 rad
2024-07-23 15:56:31,390 - start handover button clicked
2024-07-23 15:57:02,156 - next animation button clicked
2024-07-23 15:57:02,344 - end of sequence
2024-07-23 15:57:03,076 - mapping displayed
2024-07-23 15:57:06,155 - next waypoint button clicked
2024-07-23 15:57:09,584 - Drone status: way point number 3 at position [-0.02826977 -1.7905823   1.69208145], angle -0.2291098493671142
2024-07-23 15:57:09,584 - User status: way point number 3 at position [-0.07014807 -2.97636557  1.58305478]
2024-07-23 15:57:09,584 - User rises the hand up : animation readable wit angle 76.87297258638633 ° = -0.2291098493671142 rad
2024-07-23 15:57:12,403 - mapping button button clicked
2024-07-23 15:57:38,058 - next animation button clicked
2024-07-23 15:57:38,287 - end of sequence
2024-07-23 15:57:39,169 - validate handover displayed
2024-07-23 15:57:41,437 - next waypoint button clicked
2024-07-23 15:57:49,964 - Drone status: way point number 4 at position [ 0.03015997 -1.77812409  1.75441599], angle -0.43724568057343394
2024-07-23 15:57:49,964 - User status: way point number 4 at position [-0.0929452  -2.99171209  1.57793379]
2024-07-23 15:57:49,964 - User rises the hand up : animation readable wit angle 64.94766789281691 ° = -0.43724568057343394 rad
2024-07-23 15:57:52,372 - validate handover button clicked
2024-07-23 15:58:16,512 - next animation button clicked
2024-07-23 15:58:16,715 - end of sequence
