2024-08-26 14:24:31,451 - takeoff,hazardous material,[0. 0. 0.],[1.42135084 3.49893236 1.59562027],3.10845889729603
2024-08-26 14:24:31,653 - takeoff,hazardous material,[0. 0. 0.],[1.41852248 3.50445151 1.57871795],3.1120606163844937
2024-08-26 14:24:31,853 - takeoff,hazardous material,[0. 0. 0.],[1.41616726 3.50874352 1.56234372],3.110287249505433
2024-08-26 14:24:32,053 - takeoff,hazardous material,[0. 0. 0.],[1.41454363 3.51330447 1.55276287],3.1110379786769244
2024-08-26 14:24:32,266 - takeoff,hazardous material,[0. 0. 0.],[1.41323829 3.51714802 1.55894542],3.114654706764479
2024-08-26 14:24:32,476 - takeoff,hazardous material,[0. 0. 0.],[1.41514504 3.52378321 1.59187675],3.1037899123309685
2024-08-26 14:24:32,677 - takeoff,hazardous material,[0. 0. 0.],[1.42141426 3.53085446 1.62932539],3.106143183260654
2024-08-26 14:24:32,880 - takeoff,hazardous material,[0. 0. 0.],[1.42761767 3.53888249 1.66278756],3.1032322538853174
2024-08-26 14:24:33,082 - takeoff,hazardous material,[0. 0. 0.],[1.43175972 3.54774237 1.68438733],3.100534843980828
2024-08-26 14:24:33,283 - takeoff,hazardous material,[0. 0. 0.],[1.43254471 3.55514407 1.70139611],3.086673789528507
2024-08-26 14:24:33,501 - takeoff,hazardous material,[0. 0. 0.],[1.43507648 3.56438541 1.72500479],3.092726932342007
2024-08-26 14:24:33,716 - takeoff,hazardous material,[0. 0. 0.],[1.43465459 3.56933784 1.73856711],3.0678600925662183
2024-08-26 14:24:33,926 - takeoff,hazardous material,[0. 0. 0.],[1.43590784 3.57398915 1.75798619],3.085388250495294
2024-08-26 14:24:34,131 - takeoff,hazardous material,[0. 0. 0.],[1.43725049 3.57923579 1.77494276],3.089945749420436
2024-08-26 14:24:34,343 - takeoff,hazardous material,[0. 0. 0.],[1.43565893 3.58520579 1.79004049],3.0721090372663493
2024-08-26 14:24:34,547 - takeoff,hazardous material,[0. 0. 0.],[1.43760717 3.58783221 1.80523825],3.081203798214662
2024-08-26 14:24:34,768 - takeoff,hazardous material,[0. 0. 0.],[1.44141304 3.59428883 1.82466984],3.081048458625227
2024-08-26 14:24:34,976 - takeoff,hazardous material,[0. 0. 0.],[1.44604015 3.59839249 1.84079504],3.0792124017618105
2024-08-26 14:24:35,185 - takeoff,hazardous material,[0. 0. 0.],[1.44860923 3.6020999  1.85328865],3.0755824458927803
2024-08-26 14:24:35,417 - find hazardous material WP0,hazardous material,[0. 0. 0.],[1.44892442 3.60784245 1.86580801],3.0753834912540943
2024-08-26 14:24:35,624 - find hazardous material WP0,hazardous material,[0. 0. 0.],[1.44915259 3.61195421 1.87896419],3.080792709846267
2024-08-26 14:24:35,834 - find hazardous material WP0,hazardous material,[0. 0. 0.],[1.44820535 3.61488414 1.89025784],3.0798472771552685
2024-08-26 14:24:36,035 - find hazardous material WP0,hazardous material,[0. 0. 0.],[1.44942868 3.61734867 1.89867783],3.0810906316663575
2024-08-26 14:24:36,241 - find hazardous material WP0,hazardous material,[0. 0. 0.],[1.45433998 3.62338209 1.9155184 ],3.0899815922601013
2024-08-26 14:24:36,449 - find hazardous material WP0,hazardous material,[0. 0. 0.],[1.45685661 3.62783933 1.92379606],3.0956578899015805
2024-08-26 14:24:36,650 - find hazardous material WP0,hazardous material,[0. 0. 0.],[1.45945907 3.6311686  1.93331182],3.0955363524087547
2024-08-26 14:24:36,851 - find hazardous material WP0,hazardous material,[0. 0. 0.],[1.46043336 3.6348958  1.94602525],3.1039539074394282
2024-08-26 14:24:37,051 - find hazardous material WP0,hazardous material,[0. 0. 0.],[1.45862174 3.6374383  1.95183289],3.0815935672351342
2024-08-26 14:24:37,252 - find hazardous material WP0,hazardous material,[0. 0. 0.],[1.45824647 3.63882136 1.96227968],3.0902527253628778
2024-08-26 14:24:37,452 - find hazardous material WP0,hazardous material,[0. 0. 0.],[1.45668995 3.63992667 1.97226632],3.0894214127159847
2024-08-26 14:24:37,666 - find hazardous material WP0,hazardous material,[0. 0. 0.],[1.45651746 3.64072871 1.98182678],3.0929884725439063
2024-08-26 14:24:37,888 - find hazardous material WP0,hazardous material,[0. 0. 0.],[1.45676017 3.64015698 1.98865342],3.0948290304269896
2024-08-26 14:24:38,099 - find hazardous material WP0,hazardous material,[0. 0. 0.],[1.45684469 3.6402154  1.99459016],3.0872768821695633
2024-08-26 14:24:38,304 - find hazardous material WP0,hazardous material,[0. 0. 0.],[1.46005011 3.63983607 2.00392532],3.0921862833906166
2024-08-26 14:24:38,514 - find hazardous material WP0,hazardous material,[0. 0. 0.],[1.46209729 3.64137125 2.01051307],3.0971923015044998
2024-08-26 14:24:38,715 - find hazardous material WP0,hazardous material,[0. 0. 0.],[1.46207058 3.64404678 2.01549244],3.0916608184144616
2024-08-26 14:24:38,925 - find hazardous material WP0,hazardous material,[0. 0. 0.],[1.45976067 3.64718366 2.01919293],3.089604001067438
2024-08-26 14:24:39,152 - find hazardous material WP0,hazardous material,[0. 0. 0.],[1.45435071 3.65505052 2.02590513],3.0816371569096104
2024-08-26 14:24:39,362 - find hazardous material WP0,hazardous material,[0. 0. 0.],[1.44875014 3.66100812 2.03252745],3.0952961989515284
2024-08-26 14:24:39,568 - find hazardous material WP0,hazardous material,[0. 0. 0.],[1.44231045 3.66449022 2.03412819],3.086760239396066
2024-08-26 14:24:39,773 - find hazardous material WP0,hazardous material,[0. 0. 0.],[1.43916285 3.66701078 2.03569555],3.0960340423870365
2024-08-26 14:24:39,977 - find hazardous material WP0,hazardous material,[0. 0. 0.],[1.42868388 3.6755929  2.04407001],3.1004147338268133
2024-08-26 14:24:40,179 - find hazardous material WP0,hazardous material,[0. 0. 0.],[1.42177653 3.68166375 2.04515219],3.094774678996352
2024-08-26 14:24:40,389 - find hazardous material WP0,hazardous material,[0. 0. 0.],[1.42232299 3.68632507 2.04721904],3.0951786964913084
2024-08-26 14:24:40,619 - find hazardous material WP0,hazardous material,[0. 0. 0.],[1.43222237 3.68361378 2.05099034],3.0930773639395985
2024-08-26 14:24:40,823 - find hazardous material WP0,hazardous material,[0. 0. 0.],[1.44032562 3.67821622 2.05660224],3.1057604508834493
2024-08-26 14:24:41,024 - find hazardous material WP1,hazardous material,[0. 0. 0.],[1.4439882  3.6704669  2.06093907],3.0895854929256696
2024-08-26 14:24:41,253 - find hazardous material WP1,hazardous material,[0. 0. 0.],[1.4383961  3.64609528 2.0708487 ],3.1065777582172283
2024-08-26 14:24:41,454 - find hazardous material WP1,hazardous material,[0. 0. 0.],[1.40760446 3.58980608 2.07441425],3.098575697259893
2024-08-26 14:24:41,654 - find hazardous material WP1,hazardous material,[0. 0. 0.],[1.36022866 3.50144124 2.0760293 ],3.102026156657762
2024-08-26 14:24:41,858 - find hazardous material WP1,hazardous material,[0. 0. 0.],[1.30302536 3.38200283 2.07888699],3.102346581026721
2024-08-26 14:24:42,067 - find hazardous material WP1,hazardous material,[0.05747327 4.43370676 1.16379297],[1.23604381 3.21951675 2.08386326],3.1150646791713257
2024-08-26 14:24:42,279 - find hazardous material WP1,hazardous material,[0.04506203 4.41354418 1.14814067],[1.17389452 3.04369211 2.08675241],3.122092393377589
2024-08-26 14:24:42,501 - find hazardous material WP1,hazardous material,[0.04506203 4.41354418 1.14814067],[1.10422504 2.80745506 2.08953977],3.1298679202809394
2024-08-26 14:24:42,701 - find hazardous material WP1,none,[0.04506203 4.41354418 1.14814067],[1.05506587 2.59469271 2.0908227 ],3.1344517398732146
2024-08-26 14:24:42,907 - find hazardous material WP1,none,[0.04506203 4.41354418 1.14814067],[1.01658845 2.38064075 2.0895946 ],3.136562236803667
2024-08-26 14:24:43,109 - find hazardous material WP1,none,[0.04506203 4.41354418 1.14814067],[0.97062367 2.07868075 2.08451366],3.13569832149932
2024-08-26 14:24:43,313 - find hazardous material WP1,none,[0.04506203 4.41354418 1.14814067],[0.94517934 1.9619875  2.0830574 ],3.1338103883569155
2024-08-26 14:24:43,517 - find hazardous material WP1,none,[0.04506203 4.41354418 1.14814067],[0.90805984 1.87319648 2.08367729],3.135147451295482
2024-08-26 14:24:43,718 - find hazardous material WP1,none,[0.04506203 4.41354418 1.14814067],[0.89105403 1.83926272 2.08546638],3.138751381580135
2024-08-26 14:24:43,970 - find hazardous material WP1,none,[0.04506203 4.41354418 1.14814067],[0.8268398  1.63488829 2.08307791],3.1296666013394043
2024-08-26 14:24:44,177 - find hazardous material WP1,none,[0.04506203 4.41354418 1.14814067],[0.78872877 1.44624889 2.07840896],3.1314179372242834
2024-08-26 14:24:44,377 - find hazardous material WP1,none,[0.04506203 4.41354418 1.14814067],[0.76741076 1.30612254 2.0742712 ],3.138843843029779
2024-08-26 14:24:44,578 - find hazardous material WP1,none,[0.04506203 4.41354418 1.14814067],[0.7442416  1.18935215 2.07093668],3.13364702964624
2024-08-26 14:24:44,781 - find hazardous material WP1,none,[0.04506203 4.41354418 1.14814067],[0.72306007 1.15895486 2.07176137],3.1313762292087293
2024-08-26 14:24:44,985 - find hazardous material WP1,none,[0.04506203 4.41354418 1.14814067],[0.69944888 1.14368248 2.07335973],3.1271632155180327
2024-08-26 14:24:45,236 - find hazardous material WP1,none,[0.04506203 4.41354418 1.14814067],[0.67255515 1.06482363 2.07344294],3.1268576668859716
2024-08-26 14:24:45,445 - find hazardous material WP1,none,[0.04506203 4.41354418 1.14814067],[0.66268814 1.00257862 2.07500601],3.128002042535177
2024-08-26 14:24:45,645 - find hazardous material WP1,none,[0.04506203 4.41354418 1.14814067],[0.65099716 0.81643957 2.07645583],3.1305333828331525
2024-08-26 14:24:45,845 - find hazardous material WP1,none,[0.04506203 4.41354418 1.14814067],[0.64831585 0.75761712 2.07471061],3.134565912791487
2024-08-26 14:24:46,058 - find hazardous material WP1,none,[0.04506203 4.41354418 1.14814067],[0.64149094 0.73791575 2.0762713 ],3.1366042312257867
2024-08-26 14:24:46,259 - find hazardous material WP1,none,[0.04506203 4.41354418 1.14814067],[0.63460511 0.74143255 2.07930398],3.1318309041360086
2024-08-26 14:24:46,489 - find hazardous material WP1,none,[0.04506203 4.41354418 1.14814067],[0.61114085 0.697119   2.08455062],3.1306027037102053
2024-08-26 14:24:46,689 - find hazardous material WP1,none,[0.04506203 4.41354418 1.14814067],[0.59131396 0.61121786 2.0857625 ],3.1311708788961905
2024-08-26 14:24:46,890 - find hazardous material WP1,none,[0.04506203 4.41354418 1.14814067],[0.57982641 0.5192439  2.08580637],3.134239240071101
2024-08-26 14:24:47,092 - find hazardous material WP1,none,[0.04506203 4.41354418 1.14814067],[0.5786351  0.48572922 2.08718705],3.1325454587250787
2024-08-26 14:24:47,293 - find hazardous material WP1,none,[0.04506203 4.41354418 1.14814067],[0.57816505 0.49171948 2.08930779],3.1312867195374787
2024-08-26 14:24:47,541 - find hazardous material WP1,none,[0.04506203 4.41354418 1.14814067],[0.57355732 0.50033659 2.09269381],3.130170466983048
2024-08-26 14:24:47,775 - find hazardous material WP1,none,[0.04506203 4.41354418 1.14814067],[0.5630092  0.44072452 2.09486866],3.131511985856079
2024-08-26 14:24:47,980 - find hazardous material WP1,none,[0.04506203 4.41354418 1.14814067],[0.55455846 0.36955547 2.09595275],3.1342085107282207
2024-08-26 14:24:48,187 - find hazardous material WP1,none,[0.04506203 4.41354418 1.14814067],[0.54715836 0.32532313 2.09628105],3.1331394596059505
2024-08-26 14:24:48,391 - find hazardous material WP1,none,[0.04506203 4.41354418 1.14814067],[0.54057908 0.32021734 2.098593  ],3.133693112427628
2024-08-26 14:24:48,608 - find hazardous material WP1,none,[0.04506203 4.41354418 1.14814067],[0.53384918 0.34128278 2.10465646],3.1334605265300386
2024-08-26 14:24:48,824 - find hazardous material WP1,none,[0.04506203 4.41354418 1.14814067],[0.52651352 0.33683816 2.109061  ],3.130565485566675
2024-08-26 14:24:49,024 - find hazardous material WP1,none,[0.04506203 4.41354418 1.14814067],[0.52170444 0.29069877 2.10973024],3.132184504826931
2024-08-26 14:24:49,257 - find hazardous material WP1,none,[0.04506203 4.41354418 1.14814067],[0.51950037 0.22421056 2.10600543],3.1317405264852045
2024-08-26 14:24:49,459 - find hazardous material WP1,none,[0.04506203 4.41354418 1.14814067],[0.51827848 0.19869697 2.1013968 ],3.136665140992673
2024-08-26 14:24:49,702 - find hazardous material WP1,none,[0.04506203 4.41354418 1.14814067],[0.51492387 0.20768929 2.09669781],3.1333245213996967
2024-08-26 14:24:49,902 - find hazardous material WP1,none,[0.04506203 4.41354418 1.14814067],[0.50748926 0.22923203 2.09335017],3.130271272236256
2024-08-26 14:24:50,112 - find hazardous material WP1,none,[0.04506203 4.41354418 1.14814067],[0.50236046 0.22615436 2.08901334],3.131768487165037
2024-08-26 14:24:50,343 - find hazardous material WP1,none,[0.04506203 4.41354418 1.14814067],[0.50193518 0.19186513 2.08599401],3.1328633834476634
2024-08-26 14:24:50,546 - find hazardous material WP1,none,[0.04506203 4.41354418 1.14814067],[0.50503647 0.15894093 2.08665562],3.131857068166749
2024-08-26 14:24:50,746 - find hazardous material WP2,none,[0.04506203 4.41354418 1.14814067],[0.50700653 0.13027658 2.09010315],3.1314819790887443
2024-08-26 14:24:50,949 - find hazardous material WP2,none,[0.04506203 4.41354418 1.14814067],[0.47959337 0.12169964 2.09198356],3.122086571414785
2024-08-26 14:24:51,149 - find hazardous material WP2,none,[0.04506203 4.41354418 1.14814067],[0.40771186 0.12144186 2.09397674],3.132046700943012
2024-08-26 14:24:51,349 - find hazardous material WP2,none,[0.04506203 4.41354418 1.14814067],[0.26793471 0.12543918 2.08973002],3.1334013092929123
2024-08-26 14:24:51,552 - find hazardous material WP2,none,[0.04506203 4.41354418 1.14814067],[0.12529486 0.13069692 2.08415294],3.134583976785092
2024-08-26 14:24:51,758 - find hazardous material WP2,none,[0.04506203 4.41354418 1.14814067],[-0.12091698  0.13686594  2.07716441],3.1338502891501197
2024-08-26 14:24:51,983 - find hazardous material WP2,none,[0.04506203 4.41354418 1.14814067],[-0.40542802  0.13744941  2.07533765],3.132851705701989
2024-08-26 14:24:52,206 - find hazardous material WP2,none,[0.04506203 4.41354418 1.14814067],[-0.62356168  0.12825221  2.06972814],3.1354415486506535
2024-08-26 14:24:52,438 - find hazardous material WP2,none,[0.04506203 4.41354418 1.14814067],[-0.75670409  0.12119782  2.06397223],3.132802296248344
2024-08-26 14:24:52,640 - find hazardous material WP2,none,[0.04506203 4.41354418 1.14814067],[-0.80486619  0.11736     2.06508708],3.1360358006040103
2024-08-26 14:24:52,848 - find hazardous material WP2,none,[0.04506203 4.41354418 1.14814067],[-0.86179996  0.11428604  2.06092167],3.1227954560787095
2024-08-26 14:24:53,089 - find hazardous material WP2,none,[0.04506203 4.41354418 1.14814067],[-0.97927928  0.11252127  2.05350685],3.1271180946444463
2024-08-26 14:24:53,299 - find hazardous material WP2,none,[0.04506203 4.41354418 1.14814067],[-1.16436338  0.10964363  2.04592156],3.140884913122509
2024-08-26 14:24:53,499 - find hazardous material WP2,none,[0.04506203 4.41354418 1.14814067],[-1.3161267   0.10313234  2.0425632 ],3.135861831632761
2024-08-26 14:24:53,700 - find hazardous material WP2,none,[0.04506203 4.41354418 1.14814067],[-1.42464483  0.09575398  2.03589344],3.1304200330766996
2024-08-26 14:24:53,918 - find hazardous material WP2,none,[0.04506203 4.41354418 1.14814067],[-1.46945775  0.09136693  2.03387213],3.1300694365881725
2024-08-26 14:24:54,124 - find hazardous material WP2,none,[0.04506203 4.41354418 1.14814067],[-1.47309446  0.09022062  2.03455067],3.127283046860538
2024-08-26 14:24:54,327 - find hazardous material WP2,none,[0.04506203 4.41354418 1.14814067],[-1.52162695  0.09068813  2.03913665],3.141335601821071
2024-08-26 14:24:54,528 - find hazardous material WP2,none,[0.04506203 4.41354418 1.14814067],[-1.62620389  0.09239417  2.04274416],3.124372681366057
2024-08-26 14:24:54,728 - find hazardous material WP2,none,[0.04506203 4.41354418 1.14814067],[-1.75212264  0.08997466  2.04649138],3.127967868065796
2024-08-26 14:24:54,928 - find hazardous material WP2,none,[0.04506203 4.41354418 1.14814067],[-1.83013642  0.08426901  2.04287219],3.1301725163363683
2024-08-26 14:24:55,206 - find hazardous material WP2,none,[0.04506203 4.41354418 1.14814067],[-1.85440946  0.07896507  2.040447  ],3.133311955412098
2024-08-26 14:24:55,417 - find hazardous material WP2,none,[0.04506203 4.41354418 1.14814067],[-1.85192072  0.07709825  2.04285264],3.124906834706314
2024-08-26 14:24:55,651 - find hazardous material WP2,none,[0.04506203 4.41354418 1.14814067],[-1.90598845  0.07933849  2.04523182],3.1255241875393667
2024-08-26 14:24:55,885 - find hazardous material WP2,none,[0.04506203 4.41354418 1.14814067],[-2.00261927  0.08053198  2.04746246],3.133323425563969
2024-08-26 14:24:56,107 - find hazardous material WP2,none,[0.04506203 4.41354418 1.14814067],[-2.06741977  0.07646282  2.04621267],3.128954909403251
2024-08-26 14:24:56,336 - find hazardous material WP2,none,[0.04506203 4.41354418 1.14814067],[-2.07770157  0.07324091  2.04633021],3.13136336397648
2024-08-26 14:24:56,659 - find hazardous material WP2,none,[0.04506203 4.41354418 1.14814067],[-2.08159566  0.06919228  2.05017018],-3.139245872279843
2024-08-26 14:24:56,866 - find hazardous material WP2,none,[0.04506203 4.41354418 1.14814067],[-2.1060791   0.0685506   2.04968882],3.131393799662936
2024-08-26 14:24:57,091 - find hazardous material WP2,none,[0.04506203 4.41354418 1.14814067],[-2.16540933  0.06485581  2.05509758],3.13003831397447
2024-08-26 14:24:57,297 - find hazardous material WP2,none,[0.04506203 4.41354418 1.14814067],[-2.20347118  0.06183725  2.0594244 ],3.1352631070295263
2024-08-26 14:24:57,502 - find hazardous material WP2,none,[0.04506203 4.41354418 1.14814067],[-2.23981237  0.05913668  2.06083608],3.122759544547134
2024-08-26 14:24:57,702 - find hazardous material WP2,none,[0.04506203 4.41354418 1.14814067],[-2.25550985  0.05999794  2.064749  ],3.1258895499371153
2024-08-26 14:24:57,906 - find hazardous material WP2,none,[0.04506203 4.41354418 1.14814067],[-2.26794195  0.05974795  2.06643438],3.1260046538436987
2024-08-26 14:24:58,125 - find hazardous material WP2,none,[0.04506203 4.41354418 1.14814067],[-2.272506    0.05868788  2.06882381],-3.1415527286521194
2024-08-26 14:24:58,331 - find hazardous material WP2,none,[0.04506203 4.41354418 1.14814067],[-2.28275561  0.05656381  2.06961322],3.123010285171083
2024-08-26 14:24:58,532 - find hazardous material WP2,none,[0.04506203 4.41354418 1.14814067],[-2.29325008  0.05564251  2.07230973],3.1381329721873517
2024-08-26 14:24:58,809 - find hazardous material WP2,none,[0.04506203 4.41354418 1.14814067],[-2.3054111   0.05557525  2.07541513],3.1377667450831357
2024-08-26 14:24:59,032 - find hazardous material WP2,none,[0.04506203 4.41354418 1.14814067],[-2.32065201  0.05697817  2.0791924 ],3.130059422923063
2024-08-26 14:24:59,260 - find hazardous material WP2,none,[0.04506203 4.41354418 1.14814067],[-2.33342981  0.05482465  2.07998681],3.123629373102232
2024-08-26 14:24:59,499 - find hazardous material WP2,none,[0.04506203 4.41354418 1.14814067],[-2.34524226  0.05193768  2.08375192],3.132288785372287
2024-08-26 14:24:59,711 - find hazardous material WP3,none,[0.04506203 4.41354418 1.14814067],[-2.35192561  0.04829808  2.08377051],3.107888671470223
2024-08-26 14:24:59,914 - find hazardous material WP3,none,[0.04506203 4.41354418 1.14814067],[-2.35825181  0.04358346  2.07936978],2.7893259824244945
2024-08-26 14:25:00,123 - find hazardous material WP3,none,[0.04506203 4.41354418 1.14814067],[-2.36181688  0.0395269   2.07721424],2.582389492400041
2024-08-26 14:25:00,344 - find hazardous material WP3,none,[0.04506203 4.41354418 1.14814067],[-2.37091923  0.03221023  2.07359886],2.0811467017623815
2024-08-26 14:25:00,556 - find hazardous material WP3,none,[0.04506203 4.41354418 1.14814067],[-2.3819046   0.02990092  2.07740664],1.745130057004834
2024-08-26 14:25:00,796 - find hazardous material WP3,none,[0.04506203 4.41354418 1.14814067],[-2.39323878  0.03114749  2.08248234],1.4720545317588334
2024-08-26 14:25:01,000 - find hazardous material WP3,none,[0.04506203 4.41354418 1.14814067],[-2.41851783  0.03427583  2.08561683],1.074325065274385
2024-08-26 14:25:01,231 - find hazardous material WP3,none,[0.04506203 4.41354418 1.14814067],[-2.43301916  0.03822634  2.08363843],0.7484722956204248
2024-08-26 14:25:01,438 - find hazardous material WP3,none,[0.04506203 4.41354418 1.14814067],[-2.43694258  0.04139916  2.08293438],0.5084905567773819
2024-08-26 14:25:01,687 - find hazardous material WP3,none,[0.04506203 4.41354418 1.14814067],[-2.42942834  0.04385878  2.08381796],0.3370916229402736
2024-08-26 14:25:01,888 - find hazardous material WP3,none,[0.04506203 4.41354418 1.14814067],[-2.42036748  0.04478394  2.08607268],0.2469832518539643
2024-08-26 14:25:02,100 - find hazardous material WP4,none,[0.04506203 4.41354418 1.14814067],[-2.41589332  0.04255028  2.09007692],0.19618829117966818
2024-08-26 14:25:02,313 - find hazardous material WP4,none,[0.04506203 4.41354418 1.14814067],[-2.41617322  0.03600746  2.09256649],0.15702389064630662
2024-08-26 14:25:02,515 - find hazardous material WP4,none,[0.04506203 4.41354418 1.14814067],[-2.38850999  0.02347246  2.09558702],0.13210731909839368
2024-08-26 14:25:02,734 - find hazardous material WP4,none,[0.04506203 4.41354418 1.14814067],[-2.28982115e+00 -5.79222979e-04  2.09869671e+00],0.10491616532823289
2024-08-26 14:25:02,957 - find hazardous material WP4,none,[0.04506203 4.41354418 1.14814067],[-2.14304709 -0.02406004  2.10317016],0.07318792929111306
2024-08-26 14:25:03,159 - find hazardous material WP4,none,[0.04506203 4.41354418 1.14814067],[-2.00003791 -0.03677493  2.10759211],0.050561227258418384
2024-08-26 14:25:03,361 - find hazardous material WP4,none,[0.04506203 4.41354418 1.14814067],[-1.77969575 -0.04690684  2.11391735],0.040057275346235155
2024-08-26 14:25:03,593 - find hazardous material WP4,none,[0.04506203 4.41354418 1.14814067],[-1.47199702 -0.03531944  2.12107706],0.03274029835653702
2024-08-26 14:25:03,794 - find hazardous material WP4,none,[0.04506203 4.41354418 1.14814067],[-1.41766751 -0.0296043   2.12206721],0.02856446812452096
2024-08-26 14:25:04,004 - find hazardous material WP4,none,[0.04506203 4.41354418 1.14814067],[-1.18782854e+00 -6.99824188e-04  2.12318754e+00],0.025966894529173556
2024-08-26 14:25:04,205 - find hazardous material WP4,none,[0.04506203 4.41354418 1.14814067],[-1.13979292e+00 -8.23579030e-04  2.12331152e+00],0.023426936765598594
2024-08-26 14:25:04,405 - find hazardous material WP4,none,[0.04506203 4.41354418 1.14814067],[-1.1143775  -0.01234447  2.12493992],0.026204130791559033
2024-08-26 14:25:04,606 - find hazardous material WP4,none,[0.04506203 4.41354418 1.14814067],[-1.03703463 -0.02667249  2.13111806],0.02697011715779163
2024-08-26 14:25:04,857 - find hazardous material WP4,none,[0.04506203 4.41354418 1.14814067],[-0.87696129 -0.03816149  2.14053583],0.02446698847279838
2024-08-26 14:25:05,057 - find hazardous material WP4,none,[0.04506203 4.41354418 1.14814067],[-0.70928097 -0.03455497  2.14849019],0.021346736572806613
2024-08-26 14:25:05,257 - find hazardous material WP4,none,[0.04506203 4.41354418 1.14814067],[-0.57470554 -0.02180352  2.152349  ],0.022748629809325793
2024-08-26 14:25:05,458 - find hazardous material WP4,none,[0.04506203 4.41354418 1.14814067],[-0.49214733 -0.00967608  2.15065861],0.02559850860876578
2024-08-26 14:25:05,678 - find hazardous material WP4,none,[0.04506203 4.41354418 1.14814067],[-0.48446769 -0.008569    2.15131783],0.024247443515571954
2024-08-26 14:25:05,889 - find hazardous material WP4,none,[0.04506203 4.41354418 1.14814067],[-0.48689437 -0.01662316  2.15250421],0.025679546926499874
2024-08-26 14:25:06,112 - find hazardous material WP4,none,[0.04506203 4.41354418 1.14814067],[-0.41296405 -0.02985432  2.16258049],0.023747591228310272
2024-08-26 14:25:06,326 - find hazardous material WP4,none,[0.04506203 4.41354418 1.14814067],[-0.30182213 -0.03364649  2.17294335],0.025966231170871712
2024-08-26 14:25:06,531 - find hazardous material WP4,none,[0.04506203 4.41354418 1.14814067],[-0.16519457 -0.02562228  2.18534565],0.01742037024562304
2024-08-26 14:25:06,734 - find hazardous material WP4,none,[0.04506203 4.41354418 1.14814067],[-0.09768858 -0.01607909  2.18704772],0.02070133608020952
2024-08-26 14:25:06,965 - find hazardous material WP4,none,[0.04506203 4.41354418 1.14814067],[-0.08943584 -0.01132692  2.1902895 ],0.02878656885932873
2024-08-26 14:25:07,177 - find hazardous material WP4,none4,[0.04506203 4.41354418 1.14814067],[-0.10927217 -0.01475583  2.19199443],0.025202887362963278
2024-08-26 14:25:07,382 - find hazardous material WP4,none4,[0.04506203 4.41354418 1.14814067],[-0.07857747 -0.01993815  2.19543219],0.02147334345550367
2024-08-26 14:25:07,657 - find hazardous material WP4,none4,[0.04506203 4.41354418 1.14814067],[ 0.02637118 -0.02396869  2.20053315],0.026115504936097933
2024-08-26 14:25:07,865 - find hazardous material WP4,none4,[0.04506203 4.41354418 1.14814067],[ 0.1184112  -0.02157702  2.20333004],0.027286297113595204
2024-08-26 14:25:08,066 - find hazardous material WP4,hazardous material,[0.04506203 4.41354418 1.14814067],[ 0.13820355 -0.01948215  2.20069599],0.028531635982827597
2024-08-26 14:25:08,266 - find hazardous material WP4,hazardous material,[0.04506203 4.41354418 1.14814067],[ 0.1216474  -0.02066022  2.19688511],0.024630636946691764
2024-08-26 14:25:08,466 - find hazardous material WP4,hazardous material,[0.04506203 4.41354418 1.14814067],[ 0.12043712 -0.0241429   2.19208646],0.027259135350640618
2024-08-26 14:25:08,675 - find hazardous material WP4,hazardous material,[0.04506203 4.41354418 1.14814067],[ 0.15067077 -0.02631077  2.18934846],0.02970646527415388
2024-08-26 14:25:08,881 - find hazardous material WP4,hazardous material,[0.04506203 4.41354418 1.14814067],[ 0.2222214  -0.02635866  2.19093156],0.02763386980690785
2024-08-26 14:25:09,086 - find hazardous material WP4,hazardous material,[0.04506203 4.41354418 1.14814067],[ 0.26162493 -0.02439673  2.1921525 ],0.026122951663883898
2024-08-26 14:25:09,287 - find hazardous material WP4,hazardous material,[0.04506203 4.41354418 1.14814067],[ 0.27803358 -0.0241172   2.19458556],0.027107674168729945
2024-08-26 14:25:09,490 - find hazardous material WP4,hazardous material,[0.04506203 4.41354418 1.14814067],[ 0.2766743  -0.02527177  2.19653368],0.028014799444371574
2024-08-26 14:25:09,692 - find hazardous material WP4,hazardous material,[0.04506203 4.41354418 1.14814067],[ 0.27924889 -0.02923937  2.1966424 ],0.031220305568347984
2024-08-26 14:25:09,919 - find hazardous material WP4,hazardous material,[0.04506203 4.41354418 1.14814067],[ 0.29499733 -0.03294893  2.19838834],0.028764749037086812
2024-08-26 14:25:10,120 - find hazardous material WP4,hazardous material,[0.04506203 4.41354418 1.14814067],[ 0.3157185  -0.03234482  2.19719958],0.030167418662156997
2024-08-26 14:25:10,330 - find hazardous material WP4,hazardous material,[0.04506203 4.41354418 1.14814067],[ 0.34073573 -0.0303464   2.19735503],0.028854683932434178
2024-08-26 14:25:10,549 - find hazardous material WP4,hazardous material,[0.04506203 4.41354418 1.14814067],[ 0.36692244 -0.02718573  2.19693398],0.030489685361791086
2024-08-26 14:25:10,750 - find hazardous material WP4,hazardous material,[0.04506203 4.41354418 1.14814067],[ 0.38160309 -0.02564293  2.19563961],0.03180496838114055
2024-08-26 14:25:11,001 - find hazardous material WP4,hazardous material,[0.04506203 4.41354418 1.14814067],[ 0.39548057 -0.0252046   2.19349003],0.030480786451899444
2024-08-26 14:25:11,201 - find hazardous material WP4,hazardous material,[0.04506203 4.41354418 1.14814067],[ 0.40221193 -0.02664766  2.19106531],0.030174949551351915
2024-08-26 14:25:11,406 - find hazardous material WP4,hazardous material,[0.04506203 4.41354418 1.14814067],[ 0.40688917 -0.02826437  2.18975997],0.033915087107356356
2024-08-26 14:25:11,610 - find hazardous material WP4,hazardous material,[0.04506203 4.41354418 1.14814067],[ 0.41131404 -0.02984273  2.18916535],0.02986036312544571
2024-08-26 14:25:11,817 - hazardous_material 1,hazardous material,[0.04506203 4.41354418 1.14814067],[ 0.41787928 -0.03133228  2.18642497],0.02993214480349593
2024-08-26 14:25:12,046 - hazardous_material 1,hazardous material,[0.04506203 4.41354418 1.14814067],[ 0.4175331  -0.0244755   2.18522096],0.023366722031918474
2024-08-26 14:25:12,246 - hazardous_material 1,hazardous material,[0.04506203 4.41354418 1.14814067],[0.39259839 0.03269908 2.18027782],0.023117312062680417
2024-08-26 14:25:12,520 - hazardous_material 1,hazardous material,[0.04506203 4.41354418 1.14814067],[0.32947606 0.16248523 2.16856766],0.03446643519602821
2024-08-26 14:25:12,720 - hazardous_material 1,hazardous material,[0.04506203 4.41354418 1.14814067],[0.29020813 0.22432888 2.16360641],0.02782447050389969
2024-08-26 14:25:12,920 - hazardous_material 1,hazardous material,[0.04506203 4.41354418 1.14814067],[0.27113473 0.23719171 2.15820789],0.030606697055526322
2024-08-26 14:25:13,133 - hazardous_material 1,hazardous material,[0.04506203 4.41354418 1.14814067],[0.2633763  0.23116721 2.15622091],0.030368841003071356
2024-08-26 14:25:13,364 - hazardous_material 1,hazardous material,[0.04506203 4.41354418 1.14814067],[0.25498822 0.25975826 2.15778279],0.02644690166693242
2024-08-26 14:25:13,584 - hazardous_material 1,hazardous material,[0.04506203 4.41354418 1.14814067],[0.23834132 0.32579625 2.15810466],0.03226988832040378
2024-08-26 14:25:13,793 - hazardous_material 1,hazardous material,[0.04506203 4.41354418 1.14814067],[0.21631552 0.38202718 2.15353155],0.029039576176917326
2024-08-26 14:25:13,994 - hazardous_material 1,hazardous material,[0.04506203 4.41354418 1.14814067],[0.19452502 0.4070347  2.14431047],0.03320209542485619
2024-08-26 14:25:14,197 - hazardous_material 1,hazardous material,[0.04506203 4.41354418 1.14814067],[0.18526527 0.40898985 2.14208627],0.036559723354606666
2024-08-26 14:25:14,407 - hazardous_material 1,hazardous material,[0.04506203 4.41354418 1.14814067],[0.16801894 0.40263399 2.14507508],0.03057378999385274
2024-08-26 14:25:14,629 - hazardous_material 1,hazardous material,[0.04506203 4.41354418 1.14814067],[0.1597285  0.41619262 2.15017986],0.0313606364394019
2024-08-26 14:25:14,864 - hazardous_material 1,hazardous material,[0.04506203 4.41354418 1.14814067],[0.1468094  0.46165037 2.15860772],0.02681319204385635
2024-08-26 14:25:15,077 - hazardous_material 1,hazardous material,[0.04506203 4.41354418 1.14814067],[0.13484882 0.50170887 2.16525126],0.02749673934024588
2024-08-26 14:25:15,285 - hazardous_material 1,hazardous material,[0.04506203 4.41354418 1.14814067],[0.12405518 0.52676398 2.1695509 ],0.029399682613866718
2024-08-26 14:25:15,491 - hazardous_material 1,hazardous material,[0.04506203 4.41354418 1.14814067],[0.11535584 0.53862536 2.17427826],0.02992909606966876
2024-08-26 14:25:15,704 - hazardous_material 1,hazardous material,[0.04506203 4.41354418 1.14814067],[0.10700937 0.54733384 2.17633343],0.03007472505418729
2024-08-26 14:25:15,904 - hazardous_material 1,hazardous material,[0.04506203 4.41354418 1.14814067],[0.10069574 0.55275434 2.17280769],0.032952036632917014
2024-08-26 14:25:16,116 - hazardous_material 1,hazardous material,[0.04506203 4.41354418 1.14814067],[0.09570967 0.55732614 2.16726875],0.031266913763568605
2024-08-26 14:25:16,335 - hazardous_material 1,hazardous material,[0.04506203 4.41354418 1.14814067],[0.08824404 0.56686056 2.15848207],0.032022831361932846
2024-08-26 14:25:16,536 - hazardous_material 1,hazardous material,[0.04506203 4.41354418 1.14814067],[0.08197242 0.57722068 2.15468454],0.03050163055282229
2024-08-26 14:25:16,765 - hazardous_material 1,hazardous material,[0.04506203 4.41354418 1.14814067],[0.07589453 0.5884673  2.15178967],0.0293240029799664
2024-08-26 14:25:16,977 - hazardous_material 1,hazardous material,[0.04506203 4.41354418 1.14814067],[0.07256078 0.59551823 2.14889169],0.03220127345457935
2024-08-26 14:25:17,182 - hazardous_material 1,hazardous material,[0.04506203 4.41354418 1.14814067],[0.06763166 0.60261941 2.15054035],0.030477370554528482
2024-08-26 14:25:17,394 - hazardous_material 1,hazardous material,[0.04506203 4.41354418 1.14814067],[0.06234631 0.60826719 2.15011716],0.031057648584456476
2024-08-26 14:25:17,595 - hazardous_material 1,hazardous material,[0.04506203 4.41354418 1.14814067],[0.05998699 0.6130926  2.15125036],0.02667130165979681
2024-08-26 14:25:17,801 - hazardous_material 1,hazardous material,[0.04506203 4.41354418 1.14814067],[0.05602198 0.61941236 2.15034151],0.029284850735264323
2024-08-26 14:25:18,006 - hazardous_material 1,hazardous material,[0.04506203 4.41354418 1.14814067],[0.05365897 0.62427187 2.14940357],0.03221176657224012
2024-08-26 14:25:18,207 - hazardous_material 1,hazardous material,[0.04506203 4.41354418 1.14814067],[0.04579337 0.63416505 2.14954066],0.03104792940740486
2024-08-26 14:25:18,426 - hazardous_material 1,hazardous material,[0.04506203 4.41354418 1.14814067],[0.04069632 0.64063925 2.14717221],0.031431293214283285
2024-08-26 14:25:18,640 - hazardous_material 1,hazardous material,[0.04506203 4.41354418 1.14814067],[0.03469454 0.64481652 2.14662004],0.02856553352465463
2024-08-26 14:25:18,897 - hazardous_material 1,hazardous material,[0.04506203 4.41354418 1.14814067],[0.03203217 0.64726996 2.14538956],0.03031052509232679
2024-08-26 14:25:19,125 - hazardous_material 1,hazardous material,[0.04506203 4.41354418 1.14814067],[0.02746615 0.64932007 2.14758945],0.03174934778817162
2024-08-26 14:25:19,340 - hazardous_material 1,hazardous material,[0.04506203 4.41354418 1.14814067],[0.02553234 0.65197021 2.14843678],0.029798386750613304
2024-08-26 14:25:19,541 - hazardous_material 1,hazardous material,[0.04506203 4.41354418 1.14814067],[0.02402813 0.65649873 2.14946246],0.03198078683046868
2024-08-26 14:25:19,742 - hazardous_material 1,hazardous material,[0.04506203 4.41354418 1.14814067],[0.0232756  0.66129917 2.15468764],0.029767778715590776
2024-08-26 14:25:19,942 - hazardous_material 1,hazardous material,[0.04506203 4.41354418 1.14814067],[0.02269372 0.66541976 2.16097021],0.029566202795098473
2024-08-26 14:25:20,143 - hazardous_material 1,hazardous material,[0.04506203 4.41354418 1.14814067],[0.02213932 0.66898614 2.16697145],0.031923125560266996
2024-08-26 14:25:20,345 - hazardous_material 1,hazardous material,[0.04506203 4.41354418 1.14814067],[0.02040394 0.67038763 2.17495608],0.031264252628655065
2024-08-26 14:25:20,552 - hazardous_material 1,hazardous material,[0.04506203 4.41354418 1.14814067],[0.01880438 0.67093313 2.17806602],0.029136296988893307
2024-08-26 14:25:20,764 - hazardous_material 1,hazardous material,[0.04506203 4.41354418 1.14814067],[0.01642252 0.67115134 2.17942882],0.030883791273830674
2024-08-26 14:25:20,967 - hazardous_material 1,hazardous material,[0.04506203 4.41354418 1.14814067],[0.01441364 0.67185217 2.18043947],0.029315705517011903
2024-08-26 14:25:21,173 - hazardous_material 1,hazardous material,[0.04506203 4.41354418 1.14814067],[0.01282939 0.67340797 2.18222785],0.030050164738416374
2024-08-26 14:25:21,374 - hazardous_material 1,hazardous material,[0.04506203 4.41354418 1.14814067],[0.0118455  0.67628527 2.18487382],0.029932112805833855
2024-08-26 14:25:21,574 - hazardous_material 1,hazardous material,[0.04506203 4.41354418 1.14814067],[0.01067463 0.6775465  2.18674135],0.02969758274506984
2024-08-26 14:25:21,844 - hazardous_material 1,hazardous material3,[0.04506203 4.41354418 1.14814067],[0.01102415 0.67933428 2.19224668],0.02768563315676853
2024-08-26 14:25:22,087 - hazardous_material 1,hazardous material3,[0.04506203 4.41354418 1.14814067],[0.00948442 0.68033391 2.1953373 ],0.03456237790409444
2024-08-26 14:25:22,344 - hazardous_material 1,hazardous material3,[0.04506203 4.41354418 1.14814067],[0.00602575 0.68123978 2.20300293],0.03186786609335801
2024-08-26 14:25:22,545 - hazardous_material 1,hazardous material3,[0.04506203 4.41354418 1.14814067],[0.00348705 0.68227589 2.20805502],0.029884991938159633
2024-08-26 14:25:22,801 - hazardous_material 1,hazardous material3,[0.04506203 4.41354418 1.14814067],[1.01844687e-03 6.84457183e-01 2.20704532e+00],0.030579096393856586
2024-08-26 14:25:23,063 - hazardous_material 1,hazardous material3,[0.04506203 4.41354418 1.14814067],[-0.00387756  0.68654972  2.203655  ],0.03262650622943597
2024-08-26 14:25:23,263 - hazardous_material 1,hazardous material3,[0.04506203 4.41354418 1.14814067],[-0.0089645   0.68766928  2.20266628],0.03022895453842045
2024-08-26 14:25:23,486 - hazardous_material 1,hazardous material3,[0.04506203 4.41354418 1.14814067],[-0.01135471  0.68867594  2.20258093],0.029145544010269697
2024-08-26 14:25:23,720 - hazardous_material 1,hazardous material3,[0.04506203 4.41354418 1.14814067],[-0.01349207  0.68902576  2.20284796],0.03320275279547702
2024-08-26 14:25:23,928 - hazardous_material 1,hazardous material3,[0.04506203 4.41354418 1.14814067],[-0.01507463  0.68899375  2.20426917],0.03358654855573118
2024-08-26 14:25:24,134 - hazardous_material 1,hazardous material3,[0.04506203 4.41354418 1.14814067],[-0.01717347  0.68926084  2.20455313],0.02839798333644139
2024-08-26 14:25:24,339 - hazardous_material 1,hazardous material32,[0.04506203 4.41354418 1.14814067],[-0.01810182  0.68929732  2.20457673],0.028407835724325148
2024-08-26 14:25:24,547 - hazardous_material 1,hazardous material32,[0.04506203 4.41354418 1.14814067],[-0.01843217  0.68961847  2.20415449],0.02744538089977655
2024-08-26 14:25:24,747 - hazardous_material 1,hazardous material32,[0.04506203 4.41354418 1.14814067],[-0.01709428  0.69112557  2.20165467],0.03003491539424985
2024-08-26 14:25:24,957 - hazardous_material 1,hazardous material32,[0.04506203 4.41354418 1.14814067],[-0.01617892  0.69297349  2.19851494],0.032305971509452025
2024-08-26 14:25:25,168 - hazardous_material 1,hazardous material32,[0.04506203 4.41354418 1.14814067],[-0.01626559  0.69388258  2.19566822],0.03503313420191545
2024-08-26 14:25:25,373 - hazardous_material 1,hazardous material32,[0.04506203 4.41354418 1.14814067],[-0.01773544  0.6933189   2.19459558],0.03065371157521901
2024-08-26 14:25:25,586 - hazardous_material 1,hazardous material32,[0.04506203 4.41354418 1.14814067],[-0.01860207  0.69297576  2.19357681],0.0279447696373627
2024-08-26 14:25:25,813 - hazardous_material 1,hazardous material32,[0.04506203 4.41354418 1.14814067],[-0.01986733  0.69287866  2.19183969],0.030154563986151572
2024-08-26 14:25:26,057 - hazardous_material 1,hazardous material32,[0.04506203 4.41354418 1.14814067],[-0.02247798  0.69532394  2.18138456],0.03297855116871662
2024-08-26 14:25:26,258 - hazardous_material 1,hazardous material32,[0.04506203 4.41354418 1.14814067],[-0.02578971  0.69792122  2.17451954],0.0345975854468219
2024-08-26 14:25:26,460 - hazardous_material 1,hazardous material32,[0.04506203 4.41354418 1.14814067],[-0.0288326   0.70027995  2.17227888],0.034798434495268094
2024-08-26 14:25:26,675 - hazardous_material 1,hazardous material32,[0.04506203 4.41354418 1.14814067],[-0.03246408  0.70208359  2.17650056],0.03081608748525011
2024-08-26 14:25:26,898 - hazardous_material 1,hazardous material32,[0.04506203 4.41354418 1.14814067],[-0.03356669  0.70268363  2.18540645],0.027560695671660973
2024-08-26 14:25:27,106 - hazardous_material 1,hazardous material32,[0.04506203 4.41354418 1.14814067],[-0.03379778  0.70312303  2.19837832],0.03255774947000756
2024-08-26 14:25:27,317 - hazardous_material 1,hazardous material32,[0.04506203 4.41354418 1.14814067],[-0.03485248  0.70328403  2.20869541],0.03127417818965439
2024-08-26 14:25:27,517 - hazardous_material 1,hazardous material32,[0.04506203 4.41354418 1.14814067],[-0.03429924  0.70439762  2.2163403 ],0.03238929129334167
2024-08-26 14:25:27,734 - hazardous_material 1,hazardous material32,[0.04506203 4.41354418 1.14814067],[-0.03457466  0.70441628  2.225142  ],0.029058545644726985
2024-08-26 14:25:27,952 - hazardous_material 1,hazardous material32,[0.04506203 4.41354418 1.14814067],[-0.03539621  0.70458955  2.22880387],0.03348890664392545
2024-08-26 14:25:28,153 - hazardous_material 1,hazardous material32,[0.04506203 4.41354418 1.14814067],[-0.03603396  0.70471311  2.23201776],0.033157674736801646
2024-08-26 14:25:28,353 - hazardous_material 1,hazardous material32,[0.04506203 4.41354418 1.14814067],[-0.03482778  0.70407254  2.23175478],0.03339898675160358
2024-08-26 14:25:28,553 - hazardous_material 1,hazardous material32,[0.04506203 4.41354418 1.14814067],[-0.03450795  0.70341063  2.22871947],0.03259788379243367
2024-08-26 14:25:28,773 - hazardous_material 1,hazardous material32,[0.04506203 4.41354418 1.14814067],[-0.03368236  0.70360088  2.21789622],0.03330993316018138
2024-08-26 14:25:28,974 - hazardous_material 1,hazardous material32,[0.04506203 4.41354418 1.14814067],[-0.03482091  0.70425409  2.20828557],0.034268309111495476
2024-08-26 14:25:29,219 - hazardous_material 1,hazardous material32,[0.04506203 4.41354418 1.14814067],[-0.03574031  0.70422566  2.20009732],0.03193329781582488
2024-08-26 14:25:29,420 - hazardous_material 1,hazardous material32,[0.04506203 4.41354418 1.14814067],[-0.03620683  0.70298541  2.19210672],0.03164547247016092
2024-08-26 14:25:29,620 - hazardous_material 1,hazardous material32,[0.04506203 4.41354418 1.14814067],[-0.0360054   0.70192635  2.18590307],0.03475961932614502
2024-08-26 14:25:29,826 - hazardous_material 1,hazardous material32,[0.04506203 4.41354418 1.14814067],[-0.03666285  0.70263672  2.18349171],0.032877855162502634
2024-08-26 14:25:30,036 - hazardous_material 1,hazardous material32,[0.04506203 4.41354418 1.14814067],[-0.03854305  0.70539302  2.18192697],0.03532417682145561
2024-08-26 14:25:30,308 - hazardous_material 1,hazardous material32,[0.04506203 4.41354418 1.14814067],[-0.04066023  0.71120095  2.18425941],0.030684010788850635
2024-08-26 14:25:30,509 - hazardous_material 1,hazardous material32,[0.04506203 4.41354418 1.14814067],[-0.04198581  0.71485585  2.18499756],0.031660459053908685
2024-08-26 14:25:30,718 - hazardous_material 1,hazardous material32,[0.04506203 4.41354418 1.14814067],[-0.04299994  0.71929103  2.18353701],0.031949668965175704
2024-08-26 14:25:30,924 - hazardous_material 1,hazardous material32,[0.04506203 4.41354418 1.14814067],[-0.04274867  0.72302896  2.17773271],0.03489202396736446
2024-08-26 14:25:31,140 - hazardous_material 1,hazardous material32,[0.04506203 4.41354418 1.14814067],[-0.04442143  0.72614503  2.17018175],0.029940306474111278
2024-08-26 14:25:31,340 - hazardous_material 1,hazardous material32,[0.04506203 4.41354418 1.14814067],[-0.044712    0.72865653  2.16157365],0.031267519445392855
2024-08-26 14:25:31,540 - hazardous_material 1,hazardous material32,[0.04506203 4.41354418 1.14814067],[-0.04457683  0.73020017  2.15682316],0.032231067027931104
2024-08-26 14:25:31,774 - hazardous_material 1,hazardous material32,[-1.7870152  -0.42179424  0.41428113],[-0.04337726  0.73269087  2.1510756 ],0.03358568860425715
2024-08-26 14:25:31,989 - hazardous_material 1,hazardous material32,[-1.76977551 -0.42948782  0.43125212],[-0.04327541  0.7342186   2.14711452],0.03611335772688995
2024-08-26 14:25:32,218 - hazardous_material 1,hazardous material32,[-1.77287757 -0.42131776  0.41849288],[-0.04276407  0.73511297  2.14552212],0.03597907916433507
2024-08-26 14:25:32,418 - hazardous_material 1,hazardous material32,[-1.77287757 -0.42131776  0.41849288],[-0.04218988  0.73623484  2.14654517],0.0356346042271809
2024-08-26 14:25:32,670 - hazardous_material 1,hazardous material32,[-1.77287757 -0.42131776  0.41849288],[-0.04215467  0.7385956   2.15134501],0.03550912833861242
2024-08-26 14:25:32,941 - hazardous_material 1,hazardous material32,[-1.77287757 -0.42131776  0.41849288],[-0.044653    0.74108618  2.15657425],0.03558836172625335
2024-08-26 14:25:33,187 - hazardous_material 1,hazardous material32,[-1.77287757 -0.42131776  0.41849288],[-0.0494425   0.74327296  2.16601777],0.03363732493086613
2024-08-26 14:25:33,388 - hazardous_material 1,hazardous material32,[-1.77287757 -0.42131776  0.41849288],[-0.05016059  0.74497509  2.16685081],0.036994023753038396
2024-08-26 14:25:33,600 - hazardous_material 1,hazardous material32,[-1.77287757 -0.42131776  0.41849288],[-0.05035177  0.74603212  2.16687536],0.03495301663804695
2024-08-26 14:25:33,802 - hazardous_material 1,hazardous material32,[-1.77287757 -0.42131776  0.41849288],[-0.05058863  0.7469576   2.16478252],0.036469547677572045
2024-08-26 14:25:34,002 - hazardous_material 1,hazardous material32,[-1.77287757 -0.42131776  0.41849288],[-0.04983399  0.7480188   2.16104436],0.036660681173587895
2024-08-26 14:25:34,212 - hazardous_material 1,hazardous material32,[-1.77287757 -0.42131776  0.41849288],[-0.05036629  0.74943352  2.15977883],0.03817099985222394
2024-08-26 14:25:34,413 - hazardous_material 1,hazardous material32,[-1.77287757 -0.42131776  0.41849288],[-0.0496498   0.75126004  2.16165113],0.03577996440485931
2024-08-26 14:25:34,613 - hazardous_material 1,hazardous material32,[-1.77287757 -0.42131776  0.41849288],[-0.05042282  0.75262791  2.16499877],0.03636076295613311
2024-08-26 14:25:34,818 - hazardous_material 1,hazardous material32,[-1.77287757 -0.42131776  0.41849288],[-0.05172907  0.75349933  2.16487718],0.03504595902812713
2024-08-26 14:25:35,022 - hazardous_material 1,hazardous material32,[-1.77287757 -0.42131776  0.41849288],[-0.05318415  0.75445193  2.16218567],0.036394213902521066
2024-08-26 14:25:35,235 - hazardous_material 1,hazardous material32,[-1.77287757 -0.42131776  0.41849288],[-0.05369895  0.75541967  2.15358734],0.036109081321393566
2024-08-26 14:25:35,441 - hazardous_material 1,hazardous material32,[-1.77287757 -0.42131776  0.41849288],[-0.05302012  0.75743884  2.1481142 ],0.03386433270006517
2024-08-26 14:25:35,641 - hazardous_material 1,hazardous material32,[-1.77287757 -0.42131776  0.41849288],[-0.05277527  0.75993198  2.14132738],0.039804695419904945
2024-08-26 14:25:35,847 - hazardous_material 1,hazardous material32,[-1.77287757 -0.42131776  0.41849288],[-0.05209298  0.76237416  2.13529897],0.03450426471206902
2024-08-26 14:25:36,057 - hazardous_material 1,hazardous material32,[-1.77622354 -0.5090552   0.44553164],[-0.05131929  0.76443464  2.13254857],0.03444893567498153
2024-08-26 14:25:36,258 - hazardous_material 1,hazardous material32,[-1.78131139 -0.50038898  0.44932908],[-0.05115707  0.76555514  2.13167906],0.0320624261564566
2024-08-26 14:25:36,458 - hazardous_material 1,hazardous material32,[-1.78131139 -0.50038898  0.44932908],[-0.05279741  0.76853341  2.13224149],0.038095721045192654
2024-08-26 14:25:36,659 - hazardous_material 1,hazardous material32,[-1.78131139 -0.50038898  0.44932908],[-0.05288658  0.77111614  2.13674688],0.03440236038914479
2024-08-26 14:25:36,859 - hazardous_material 1,hazardous material32,[-1.78131139 -0.50038898  0.44932908],[-0.05607038  0.77408105  2.14012837],0.0358485639323507
2024-08-26 14:25:37,093 - hazardous_material 1,hazardous material32,[-1.78131139 -0.50038898  0.44932908],[-0.05870461  0.77670085  2.14674115],0.034967985855612005
2024-08-26 14:25:37,303 - hazardous_material 1,hazardous material321,[-1.78131139 -0.50038898  0.44932908],[-0.05906362  0.77754968  2.14831901],0.034202760606249605
2024-08-26 14:25:37,510 - hazardous_material 1,hazardous material321,[-1.78131139 -0.50038898  0.44932908],[-0.06034192  0.77766448  2.14683676],0.036522376197362094
2024-08-26 14:25:37,716 - hazardous_material 1,hazardous material321,[-1.78131139 -0.50038898  0.44932908],[-0.06116949  0.77821743  2.14336348],0.03600274456603736
2024-08-26 14:25:37,935 - hazardous_material 1,hazardous material321,[-1.78131139 -0.50038898  0.44932908],[-0.06051029  0.78033745  2.13874578],0.03653219285775133
2024-08-26 14:25:38,136 - hazardous_material 1,hazardous material321,[-1.78131139 -0.50038898  0.44932908],[-0.06153615  0.78153461  2.13919544],0.033282076795139615
2024-08-26 14:25:38,336 - hazardous_material 1,hazardous material321,[-1.78131139 -0.50038898  0.44932908],[-0.06257325  0.78452635  2.14242411],0.036498721347580476
2024-08-26 14:25:38,536 - hazardous_material 1,hazardous material321,[-1.78131139 -0.50038898  0.44932908],[-0.06232867  0.78545815  2.15113544],0.035544317351542176
2024-08-26 14:25:38,763 - hazardous_material 1,hazardous material321,[-1.78131139 -0.50038898  0.44932908],[-0.06200234  0.7857765   2.16257811],0.03114839157345317
2024-08-26 14:25:38,964 - hazardous_material 1,hazardous material321,[-1.78131139 -0.50038898  0.44932908],[-0.06352558  0.78581071  2.17153907],0.0362186930288273
2024-08-26 14:25:39,164 - hazardous_material 1,hazardous material321,[-1.78131139 -0.50038898  0.44932908],[-0.06664114  0.78492928  2.17932963],0.03432392002227158
2024-08-26 14:25:39,370 - hazardous_material 1,hazardous material321,[-1.78131139 -0.50038898  0.44932908],[-0.06970891  0.78529465  2.18542933],0.03637333921267838
2024-08-26 14:25:39,571 - hazardous_material 1,hazardous material321,[-1.78131139 -0.50038898  0.44932908],[-0.06810361  0.7863428   2.19185781],0.037296413541630935
2024-08-26 14:25:39,783 - hazardous_material 1,hazardous material321,[-1.78131139 -0.50038898  0.44932908],[-0.06399282  0.7881813   2.19487977],0.03551338550832117
2024-08-26 14:25:39,992 - hazardous_material 1,hazardous material321,[-1.78131139 -0.50038898  0.44932908],[-0.06211945  0.78965598  2.1970551 ],0.03351565601989459
2024-08-26 14:25:40,209 - hazardous_material 1,hazardous material321,[-1.78131139 -0.50038898  0.44932908],[-0.05878437  0.79220784  2.1935823 ],0.036707484942969604
2024-08-26 14:25:40,418 - hazardous_material 1,hazardous material321,[-1.78131139 -0.50038898  0.44932908],[-0.05699429  0.79350907  2.19213057],0.03474746122222694
2024-08-26 14:25:40,618 - hazardous_material 1,hazardous material321,[-1.78131139 -0.50038898  0.44932908],[-0.05641147  0.79455018  2.18718243],0.03674770736365773
2024-08-26 14:25:40,840 - hazardous_material 1,hazardous material321,[-1.78131139 -0.50038898  0.44932908],[-0.05507274  0.79542977  2.18319511],0.033258909180249985
2024-08-26 14:25:41,045 - hazardous_material 1,hazardous material321,[-1.78131139 -0.50038898  0.44932908],[-0.05526438  0.79617262  2.17476368],0.03695658845711236
2024-08-26 14:25:41,245 - hazardous_material 1,hazardous material321,[-1.78131139 -0.50038898  0.44932908],[-0.05566593  0.7963931   2.17194176],0.03527260526336007
2024-08-26 14:25:41,449 - hazardous_material 1,hazardous material321,[-1.78131139 -0.50038898  0.44932908],[-0.05835838  0.79638189  2.16531777],0.03583446591908479
2024-08-26 14:25:41,686 - hazardous_material 1,hazardous material321,[-1.78131139 -0.50038898  0.44932908],[-0.05949148  0.79644167  2.15917897],0.03407074815719491
2024-08-26 14:25:41,902 - hazardous_material 1,hazardous material321,[-1.78131139 -0.50038898  0.44932908],[-0.0593852   0.79572105  2.15445423],0.033281698051405906
2024-08-26 14:25:42,102 - hazardous_material 1,hazardous material321,[-1.78131139 -0.50038898  0.44932908],[-0.06041513  0.79497659  2.1522038 ],0.0337920143024546
2024-08-26 14:25:42,302 - hazardous_material 1,hazardous material321,[-1.78131139 -0.50038898  0.44932908],[-0.05939084  0.79564965  2.14687443],0.03682046852839638
2024-08-26 14:25:42,503 - hazardous_material 1,hazardous material321,[-1.78131139 -0.50038898  0.44932908],[-0.05922261  0.79500788  2.14645696],0.03274927576932152
2024-08-26 14:25:42,703 - hazardous_material 1,hazardous material321,[-1.78131139 -0.50038898  0.44932908],[-0.05713502  0.79578519  2.14271188],0.03711869161125225
2024-08-26 14:25:42,909 - hazardous_material 1,hazardous material321,[-1.78131139 -0.50038898  0.44932908],[-0.05634513  0.79627502  2.13979697],0.036027798755510654
2024-08-26 14:25:43,112 - hazardous_material 1,hazardous material321,[-1.78131139 -0.50038898  0.44932908],[-0.05680234  0.79600191  2.1389215 ],0.03900435677440739
2024-08-26 14:25:43,318 - hazardous_material 1,hazardous material321,[-1.78131139 -0.50038898  0.44932908],[-0.05576979  0.79541039  2.14137435],0.03814538252956989
2024-08-26 14:25:43,522 - hazardous_material 1,hazardous material321,[-1.78131139 -0.50038898  0.44932908],[-0.05461955  0.79504108  2.14643717],0.03710049585955644
2024-08-26 14:25:43,724 - hazardous_material 1,hazardous material321,[-1.78131139 -0.50038898  0.44932908],[-0.05376099  0.7957533   2.15236044],0.03499710977529813
2024-08-26 14:25:43,927 - hazardous_material 1,hazardous material321,[-1.78131139 -0.50038898  0.44932908],[-0.05197884  0.79778945  2.15490246],0.03551632662445958
2024-08-26 14:25:44,169 - hazardous_material 1,hazardous material321,[-1.78131139 -0.50038898  0.44932908],[-0.05178849  0.79834074  2.1614697 ],0.037297211110142614
2024-08-26 14:25:44,373 - hazardous_material 1,hazardous material321,[-1.78131139 -0.50038898  0.44932908],[-0.05133454  0.79899728  2.16332006],0.03862141046029155
2024-08-26 14:25:44,609 - hazardous_material 1,hazardous material321,[-1.78131139 -0.50038898  0.44932908],[-0.05066533  0.79973394  2.16442108],0.03733682982879882
2024-08-26 14:25:44,819 - hazardous_material 1,hazardous material321,[-1.78131139 -0.50038898  0.44932908],[-0.04942813  0.80096579  2.16543388],0.036666412992178765
2024-08-26 14:25:45,021 - hazardous_material 1,hazardous material321,[-1.78131139 -0.50038898  0.44932908],[-0.04915174  0.80165601  2.16506553],0.0362122653736805
2024-08-26 14:25:45,240 - hazardous_material 1,hazardous material321,[-1.78131139 -0.50038898  0.44932908],[-0.05012594  0.80223489  2.16516066],0.03407471780332694
2024-08-26 14:25:45,443 - hazardous_material 1,hazardous material321,[-1.78131139 -0.50038898  0.44932908],[-0.05044081  0.80272937  2.16523647],0.036172334706260356
2024-08-26 14:25:45,666 - hazardous_material 1,hazardous material321,[-1.78131139 -0.50038898  0.44932908],[-0.05114934  0.80317026  2.16526985],0.0401665863229792
2024-08-26 14:25:45,866 - hazardous_material 1,hazardous material321,[-1.78131139 -0.50038898  0.44932908],[-0.05173247  0.80247253  2.16838241],0.035896830480459
2024-08-26 14:25:46,071 - hazardous_material 1,hazardous material321,[-1.78131139 -0.50038898  0.44932908],[-0.05100209  0.80244869  2.16949368],0.03705887400739449
2024-08-26 14:25:46,277 - hazardous_material 1,hazardous material321,[-1.78131139 -0.50038898  0.44932908],[-0.04955584  0.8028031   2.1697216 ],0.035938746391635856
2024-08-26 14:25:46,493 - hazardous_material 1,hazardous material321,[-1.78131139 -0.50038898  0.44932908],[-0.04806053  0.80365944  2.17027664],0.035217842877118155
2024-08-26 14:25:46,702 - hazardous_material 1,hazardous material321,[-1.78131139 -0.50038898  0.44932908],[-0.04622417  0.8051914   2.16942382],0.03517821963459267
2024-08-26 14:25:46,931 - hazardous_material 1,hazardous material321,[-1.78131139 -0.50038898  0.44932908],[-0.04409945  0.80676973  2.16661   ],0.03757770785523529
2024-08-26 14:25:47,131 - hazardous_material 1,hazardous material321,[-1.78131139 -0.50038898  0.44932908],[-0.04432269  0.80641383  2.16637349],0.03698164568655349
2024-08-26 14:25:47,332 - hazardous_material 1,hazardous material321,[-1.78131139 -0.50038898  0.44932908],[-0.04553054  0.80623204  2.16728854],0.03223136620750977
2024-08-26 14:25:47,537 - hazardous_material 1,hazardous material321,[-1.78131139 -0.50038898  0.44932908],[-0.04674603  0.80549049  2.16846418],0.03164065474334454
2024-08-26 14:25:47,738 - hazardous_material 1,hazardous material321,[-1.78131139 -0.50038898  0.44932908],[-0.04726552  0.80540788  2.16993141],0.03683821599114068
2024-08-26 14:25:47,939 - hazardous_material 1,hazardous material321,[-1.78131139 -0.50038898  0.44932908],[-0.04424423  0.80747169  2.17138648],0.032825353800510326
2024-08-26 14:25:48,140 - hazardous_material 1,hazardous material321,[-1.78131139 -0.50038898  0.44932908],[-0.04114375  0.80958599  2.17011762],0.03677357928017022
2024-08-26 14:25:48,342 - hazardous_material 1,hazardous material321,[-1.78131139 -0.50038898  0.44932908],[-0.03794135  0.80967289  2.1713903 ],0.030992187711435415
2024-08-26 14:25:48,542 - hazardous_material 1,hazardous material321,[-1.78131139 -0.50038898  0.44932908],[-0.03457499  0.80789655  2.16943574],0.03658327586250376
2024-08-26 14:25:48,748 - hazardous_material 1,hazardous material321,[-1.78131139 -0.50038898  0.44932908],[-0.03230248  0.80515307  2.16820097],0.03665961749480995
2024-08-26 14:25:48,953 - hazardous_material 1,hazardous material321,[-1.78131139 -0.50038898  0.44932908],[-0.02871541  0.8038407   2.16603589],0.03631590113556982
2024-08-26 14:25:49,168 - hazardous_material 1,hazardous material321,[-1.78131139 -0.50038898  0.44932908],[-0.02729548  0.80197936  2.16417837],0.03705251783199914
2024-08-26 14:25:49,384 - hazardous_material 1,hazardous material321,[-1.78131139 -0.50038898  0.44932908],[-0.02676914  0.80094039  2.16612315],0.035566561277873276
2024-08-26 14:25:49,607 - hazardous_material 1,hazardous material321,[-1.78131139 -0.50038898  0.44932908],[-0.02679331  0.80154812  2.16807961],0.0396700255578204
2024-08-26 14:25:49,811 - hazardous_material 1,hazardous material321,[-1.78131139 -0.50038898  0.44932908],[-0.02765498  0.80333996  2.17433786],0.03471072657215446
2024-08-26 14:25:50,012 - hazardous_material 1,hazardous material321,[-1.78131139 -0.50038898  0.44932908],[-0.02870548  0.80590022  2.18006182],0.037993360052578806
2024-08-26 14:25:50,221 - hazardous_material 1,hazardous material321,[-1.78131139 -0.50038898  0.44932908],[-0.02912563  0.80746257  2.18510699],0.039986630385892896
2024-08-26 14:25:50,422 - hazardous_material 1,hazardous material321,[-1.78131139 -0.50038898  0.44932908],[-0.02798114  0.80642015  2.18937278],0.038754753344068193
2024-08-26 14:25:50,630 - hazardous_material 1,hazardous material321,[-1.78131139 -0.50038898  0.44932908],[-0.02510501  0.80330706  2.19204307],0.03875158136211865
2024-08-26 14:25:50,831 - hazardous_material 1,hazardous material321,[-1.78131139 -0.50038898  0.44932908],[-0.0212605   0.80056763  2.19265747],0.037690574411714195
2024-08-26 14:25:51,031 - hazardous_material 1,hazardous material321,[-1.78131139 -0.50038898  0.44932908],[-0.01827141  0.797445    2.19373775],0.03288045787857197
2024-08-26 14:25:51,232 - hazardous_material 1,hazardous material321,[-1.78131139 -0.50038898  0.44932908],[-0.01728119  0.79467142  2.1926856 ],0.0324812204451117
2024-08-26 14:25:51,457 - hazardous_material 1,hazardous material321,[-1.78131139 -0.50038898  0.44932908],[-0.01302221  0.79068011  2.1900847 ],0.034811668479096
2024-08-26 14:25:51,665 - retrun home WP9,hazardous material321,[-1.78131139 -0.50038898  0.44932908],[-0.01176977  0.7875278   2.18737054],0.032809554423521625
2024-08-26 14:25:51,867 - retrun home WP9,hazardous material321,[-1.78131139 -0.50038898  0.44932908],[-1.58032600e-03  7.68102527e-01  2.18670583e+00],0.031138594680117482
2024-08-26 14:25:52,074 - retrun home WP9,hazardous material321,[-1.78131139 -0.50038898  0.44932908],[0.03899372 0.69559705 2.18714094],0.02558241050525578
2024-08-26 14:25:52,322 - retrun home WP9,hazardous material321,[-1.78131139 -0.50038898  0.44932908],[0.11141955 0.57560009 2.19687772],0.026962912602296774
2024-08-26 14:25:52,541 - retrun home WP9,hazardous material321,[-1.78131139 -0.50038898  0.44932908],[0.15338969 0.52521366 2.20778108],0.029010883577886393
2024-08-26 14:25:52,750 - retrun home WP9,hazardous material321,[-1.78131139 -0.50038898  0.44932908],[0.17831019 0.51405364 2.21689725],0.028879660208787516
2024-08-26 14:25:52,987 - retrun home WP9,hazardous material321,[-1.78131139 -0.50038898  0.44932908],[0.19023435 0.51290029 2.22200131],0.031215781290470757
2024-08-26 14:25:53,188 - retrun home WP9,hazardous material321,[-1.78131139 -0.50038898  0.44932908],[0.20541002 0.47712657 2.23087621],0.030950827594127928
2024-08-26 14:25:53,392 - retrun home WP9,hazardous material321,[-1.78131139 -0.50038898  0.44932908],[0.22321105 0.41506103 2.24183846],0.03155936898058509
2024-08-26 14:25:53,592 - retrun home WP9,hazardous material321,[-1.78131139 -0.50038898  0.44932908],[0.24345183 0.36501417 2.25086021],0.03341572027559625
2024-08-26 14:25:53,819 - retrun home WP9,hazardous material321,[-1.78131139 -0.50038898  0.44932908],[0.26177236 0.337367   2.25557733],0.034423566247556714
2024-08-26 14:25:54,019 - retrun home WP9,hazardous material321,[-1.78131139 -0.50038898  0.44932908],[0.2894215  0.33047807 2.25233531],0.038665909044362845
2024-08-26 14:25:54,235 - retrun home WP9,hazardous material321,[-1.78131139 -0.50038898  0.44932908],[0.29960105 0.33096099 2.24303174],0.034758898508465697
2024-08-26 14:25:54,474 - retrun home WP9,hazardous material321,[-1.78131139 -0.50038898  0.44932908],[0.31237724 0.30288336 2.22754502],0.03235150888864369
2024-08-26 14:25:54,676 - retrun home WP9,hazardous material321,[-1.78131139 -0.50038898  0.44932908],[0.32484737 0.26421154 2.22035909],0.03910660650526454
2024-08-26 14:25:54,902 - retrun home WP9,hazardous material321,[-1.78131139 -0.50038898  0.44932908],[0.3402333  0.22715265 2.21613479],0.03850033556815324
2024-08-26 14:25:55,103 - retrun home WP9,hazardous material321,[-1.78131139 -0.50038898  0.44932908],[0.35152724 0.21156839 2.2171917 ],0.03419074035370828
2024-08-26 14:25:55,303 - retrun home WP9,hazardous material321,[-1.78131139 -0.50038898  0.44932908],[0.36009559 0.20672075 2.21934915],0.03583367901183254
2024-08-26 14:25:55,522 - retrun home WP9,hazardous material321,[-1.78131139 -0.50038898  0.44932908],[0.3686116  0.20333743 2.22360039],0.03450190348165583
2024-08-26 14:25:55,727 - retrun home WP9,hazardous material321,[-1.78131139 -0.50038898  0.44932908],[0.37868568 0.19595468 2.2272315 ],0.036863923600620296
2024-08-26 14:25:55,936 - retrun home WP9,hazardous material321,[-1.78131139 -0.50038898  0.44932908],[0.38907182 0.18409126 2.22836232],0.03552619681800828
2024-08-26 14:25:56,166 - retrun home WP9,hazardous material321,[-1.78131139 -0.50038898  0.44932908],[0.3982788  0.17092133 2.22845459],0.03901777748436852
2024-08-26 14:25:56,366 - retrun home WP9,hazardous material321,[-1.78131139 -0.50038898  0.44932908],[0.40654725 0.15911134 2.22787619],0.03490512517002253
2024-08-26 14:25:56,569 - retrun home WP9,hazardous material321,[-1.78131139 -0.50038898  0.44932908],[0.41175759 0.14977828 2.22651696],0.033331864825989044
2024-08-26 14:25:56,769 - retrun home WP9,hazardous material321,[-1.78131139 -0.50038898  0.44932908],[0.41444039 0.14485776 2.22496939],0.034375609939467644
2024-08-26 14:25:56,985 - retrun home WP10,hazardous material321,[-1.78131139 -0.50038898  0.44932908],[0.41906232 0.13852835 2.22185898],0.034747068886029187
2024-08-26 14:25:57,186 - retrun home WP10,hazardous material321,[-1.78131139 -0.50038898  0.44932908],[0.42530122 0.13565668 2.21817136],0.1663439497115793
2024-08-26 14:25:57,389 - retrun home WP10,hazardous material321,[-1.78131139 -0.50038898  0.44932908],[0.4351432  0.13257629 2.21172762],0.482142631428941
2024-08-26 14:25:57,595 - retrun home WP10,hazardous material321,[-1.78131139 -0.50038898  0.44932908],[0.44173717 0.12965275 2.21056962],0.736173116445944
2024-08-26 14:25:57,795 - retrun home WP10,hazardous material321,[-1.78131139 -0.50038898  0.44932908],[0.44503012 0.12563188 2.21386409],0.9971929006675707
2024-08-26 14:25:58,008 - retrun home WP10,hazardous material321,[-1.78131139 -0.50038898  0.44932908],[0.44075978 0.11899693 2.22079849],1.1671843028545563
2024-08-26 14:25:58,216 - retrun home WP10,hazardous material321,[-1.78131139 -0.50038898  0.44932908],[0.43207332 0.10230765 2.2279551 ],1.290619583861326
2024-08-26 14:25:58,443 - retrun home WP10,hazardous material321,[-1.78131139 -0.50038898  0.44932908],[0.43204165 0.08548593 2.228055  ],1.360498261010302
2024-08-26 14:25:58,658 - retrun home WP11,hazardous material321,[-1.78131139 -0.50038898  0.44932908],[0.44267237 0.07210285 2.22347212],1.4003186476756997
2024-08-26 14:25:58,866 - retrun home WP11,hazardous material321,[-1.78131139 -0.50038898  0.44932908],[0.45735946 0.07398374 2.21633196],1.421897926883343
2024-08-26 14:25:59,076 - retrun home WP11,hazardous material321,[-1.78131139 -0.50038898  0.44932908],[0.49910203 0.13821727 2.2058816 ],1.436167113928057
2024-08-26 14:25:59,301 - retrun home WP11,hazardous material321,[-1.78131139 -0.50038898  0.44932908],[0.54936177 0.24305095 2.20019078],1.4556247493258765
2024-08-26 14:25:59,501 - retrun home WP11,hazardous material321,[-1.78131139 -0.50038898  0.44932908],[0.61011916 0.38870236 2.19721961],1.474526490464404
2024-08-26 14:25:59,725 - retrun home WP11,hazardous material321,[-1.78131139 -0.50038898  0.44932908],[0.64788169 0.49156582 2.19522977],1.490034208444083
2024-08-26 14:25:59,925 - retrun home WP11,hazardous material321,[-1.78131139 -0.50038898  0.44932908],[0.75096542 0.82551521 2.18809772],1.506449672079251
2024-08-26 14:26:00,131 - retrun home WP11,hazardous material321,[-1.78131139 -0.50038898  0.44932908],[0.82037181 1.1185776  2.18247867],1.507083240326114
2024-08-26 14:26:00,344 - retrun home WP11,hazardous material321,[-1.78131139 -0.50038898  0.44932908],[0.86797172 1.38094747 2.17308426],1.528521690466691
2024-08-26 14:26:00,567 - retrun home WP11,hazardous material321,[-1.78131139 -0.50038898  0.44932908],[0.90341145 1.55480003 2.15857434],1.541520247519716
2024-08-26 14:26:00,777 - retrun home WP11,hazardous material321,[-1.78131139 -0.50038898  0.44932908],[0.9356426  1.64265621 2.15026355],1.539729382299155
2024-08-26 14:26:00,978 - retrun home WP11,hazardous material321,[-1.78131139 -0.50038898  0.44932908],[0.95246255 1.67079723 2.14591789],1.5487879512820004
2024-08-26 14:26:01,186 - retrun home WP11,hazardous material321,[-1.78131139 -0.50038898  0.44932908],[1.00441182 1.80293167 2.14114261],1.5461009901746374
2024-08-26 14:26:01,390 - retrun home WP11,hazardous material321,[-1.78131139 -0.50038898  0.44932908],[1.03720677 1.93643928 2.13929129],1.5449472715775707
2024-08-26 14:26:01,614 - retrun home WP11,hazardous material321,[-1.78131139 -0.50038898  0.44932908],[1.07812679 2.1610167  2.1384232 ],1.539852624270519
2024-08-26 14:26:01,817 - retrun home WP11,hazardous material321,[-1.78131139 -0.50038898  0.44932908],[1.09917831 2.29006052 2.13272858],1.5386262855535764
2024-08-26 14:26:02,023 - retrun home WP11,hazardous material321,[-1.78131139 -0.50038898  0.44932908],[1.12520957 2.3854661  2.12530637],1.5444064683486058
2024-08-26 14:26:02,226 - retrun home WP11,hazardous material321,[-1.78131139 -0.50038898  0.44932908],[1.14977729 2.4068222  2.12082291],1.5534125372806962
2024-08-26 14:26:02,470 - retrun home WP11,hazardous material321,[-1.78131139 -0.50038898  0.44932908],[1.17722416 2.45062566 2.12163925],1.5504519285607306
2024-08-26 14:26:02,672 - retrun home WP11,hazardous material321,[-1.78131139 -0.50038898  0.44932908],[1.2052623  2.56451416 2.1268239 ],1.551458142723243
2024-08-26 14:26:02,904 - retrun home WP11,hazardous material321,[-1.78131139 -0.50038898  0.44932908],[1.2303288  2.70670152 2.14056516],1.545498095648702
2024-08-26 14:26:03,194 - retrun home WP11,hazardous material321,[-1.78131139 -0.50038898  0.44932908],[1.26049674 2.82969022 2.15867162],1.5432310328480263
2024-08-26 14:26:03,406 - retrun home WP11,hazardous material321,[-1.78131139 -0.50038898  0.44932908],[1.27713931 2.83611298 2.17051053],1.5568687410553173
2024-08-26 14:26:03,608 - retrun home WP11,hazardous material321,[-1.78131139 -0.50038898  0.44932908],[1.29349542 2.84629226 2.18774343],1.5534043947724283
2024-08-26 14:26:03,854 - retrun home WP11,hazardous material321,[-1.78131139 -0.50038898  0.44932908],[1.31632197 2.92945743 2.21536422],1.5560689201445925
2024-08-26 14:26:04,056 - retrun home WP11,hazardous material321,[-1.78131139 -0.50038898  0.44932908],[1.32903838 3.01410246 2.23636675],1.5508112500593814
2024-08-26 14:26:04,275 - retrun home WP11,hazardous material321,[-1.78131139 -0.50038898  0.44932908],[1.33718634 3.07360935 2.24543238],1.5601959984054588
2024-08-26 14:26:04,476 - retrun home WP11,hazardous material321,[-1.78131139 -0.50038898  0.44932908],[1.34515452 3.0917325  2.2512176 ],1.5515488546036091
2024-08-26 14:26:04,679 - retrun home WP11,hazardous material321,[-1.78131139 -0.50038898  0.44932908],[1.3557148  3.09921265 2.25890732],1.5563306325203428
2024-08-26 14:26:04,883 - retrun home WP11,hazardous material321,[-1.78131139 -0.50038898  0.44932908],[1.36496651 3.11753345 2.26926351],1.5549551782013376
2024-08-26 14:26:05,084 - retrun home WP11,hazardous material321,[-1.78131139 -0.50038898  0.44932908],[1.37664819 3.16428351 2.28255701],1.5555216983307203
2024-08-26 14:26:05,286 - retrun home WP11,hazardous material321,[-1.78131139 -0.50038898  0.44932908],[1.38493323 3.20879436 2.29246306],1.5570437351168065
2024-08-26 14:26:05,488 - retrun home WP11,hazardous material321,[-1.78131139 -0.50038898  0.44932908],[1.3928473  3.24396682 2.30089021],1.5563143595775917
2024-08-26 14:26:05,688 - retrun home WP11,hazardous material321,[-1.78131139 -0.50038898  0.44932908],[1.40084457 3.26900196 2.30766082],1.5550690931535902
2024-08-26 14:26:05,926 - retrun home WP11,hazardous material321,[-1.78131139 -0.50038898  0.44932908],[1.40731692 3.28747129 2.31335115],1.5508736811928479
2024-08-26 14:26:06,164 - retrun home WP11,hazardous material321,[-1.78131139 -0.50038898  0.44932908],[1.41257226 3.30323696 2.31682444],1.5530280033494543
2024-08-26 14:26:06,368 - retrun home WP11,hazardous material321,[-1.78131139 -0.50038898  0.44932908],[1.41358352 3.30915856 2.31658649],1.550078133141932
2024-08-26 14:26:06,605 - retrun home WP11,hazardous material321,[-1.78131139 -0.50038898  0.44932908],[1.41747069 3.32742047 2.31814742],1.5525797841028903
2024-08-26 14:26:06,805 - retrun home WP11,hazardous material321,[-1.78131139 -0.50038898  0.44932908],[1.42086184 3.33885074 2.3175931 ],1.5571137546615028
2024-08-26 14:26:07,017 - retrun home WP11,hazardous material321,[-1.78131139 -0.50038898  0.44932908],[1.43011296 3.35630178 2.31764793],1.557968262501311
2024-08-26 14:26:07,218 - retrun home WP11,hazardous material321,[-1.78131139 -0.50038898  0.44932908],[1.43781209 3.36969852 2.31598353],1.5501726601934709
2024-08-26 14:26:07,422 - retrun home WP11,hazardous material321,[-1.78131139 -0.50038898  0.44932908],[1.44368207 3.38184404 2.31411695],1.5533146220259364
2024-08-26 14:26:07,653 - retrun home WP11,hazardous material321,[-0.20131469  4.62065697  1.14369678],[1.45009625 3.39362621 2.30931401],1.5587201749187312
2024-08-26 14:26:07,854 - retrun home WP11,hazardous material321,[-0.19814369  4.62227917  1.14291954],[1.4552716  3.40053701 2.30492282],1.5561020980899747
2024-08-26 14:26:08,066 - retrun home WP11,hazardous material321,[-0.19547887  4.62396812  1.14543474],[1.45911837 3.40756583 2.29429364],1.553112759266264
2024-08-26 14:26:08,280 - retrun home WP11,hazardous material321,[-0.19701737  4.62407637  1.14622343],[1.45948005 3.41309214 2.28082657],1.5576684713644544
2024-08-26 14:26:08,498 - retrun home WP11,hazardous material321,[-0.20663382  4.62308025  1.14958477],[1.45804763 3.4212296  2.26533031],1.5458122942038965
2024-08-26 14:26:08,710 - retrun home WP11,hazardous material321,[-0.23464762  4.61561918  1.14901972],[1.45875263 3.43178916 2.25604892],1.5535680878549636
2024-08-26 14:26:08,924 - retrun home WP12,hazardous material321,[-0.27678967  4.60867596  1.12269127],[1.46384108 3.44509697 2.25200701],1.5602512979221639
2024-08-26 14:26:09,129 - retrun home WP12,hazardous material321,[-0.29842356  4.61256409  1.11703956],[1.46932423 3.45947695 2.25387526],1.800379620893283
2024-08-26 14:26:09,347 - retrun home WP12,hazardous material321,[-0.29842356  4.61256409  1.11703956],[1.47270334 3.47336674 2.25807905],2.159334963266781
2024-08-26 14:26:09,547 - retrun home WP12,hazardous material321,[-0.29842356  4.61256409  1.11703956],[1.47088683 3.48147297 2.26299119],2.4553595116094384
2024-08-26 14:26:09,774 - retrun home WP12,hazardous material321,[-0.29842356  4.61256409  1.11703956],[1.46808541 3.48325634 2.26896381],2.692684237266116
2024-08-26 14:26:09,980 - retrun home WP12,hazardous material321,[-0.29842356  4.61256409  1.11703956],[1.4699955  3.48128867 2.27609944],2.8179812325490134
2024-08-26 14:26:10,180 - retrun home WP12,hazardous material321,[-0.29842356  4.61256409  1.11703956],[1.47117877 3.4788053  2.27715969],2.897665251146342
2024-08-26 14:26:10,381 - mission end,hazardous material321,[-0.29842356  4.61256409  1.11703956],[1.47337496 3.48003316 2.27626109],2.9432008831308076
