2024-07-18 16:12:23,997 - position: [-2.21719861 -0.75775683  0.849289  ]
2024-07-18 16:12:24,209 - position: [-2.21722674 -0.75774252  0.84924346]
2024-07-18 16:12:24,433 - position: [-2.21720386 -0.75777149  0.84925455]
2024-07-18 16:12:24,653 - position: [-2.21718812 -0.7577585   0.84923041]
2024-07-18 16:12:24,903 - position: [-2.21719837 -0.7577427   0.84924936]
2024-07-18 16:12:25,106 - position: [-2.21715593 -0.75776517  0.84923601]
2024-07-18 16:12:25,344 - position: [-2.2171905  -0.75774938  0.84923077]
2024-07-18 16:12:25,551 - position: [-2.21715593 -0.75776505  0.84928632]
2024-07-18 16:12:25,752 - position: [-2.21716833 -0.75774413  0.84922093]
2024-07-18 16:12:26,011 - position: [-2.21719956 -0.75775027  0.84926474]
2024-07-18 16:12:26,249 - position: [-2.21716189 -0.75773579  0.84922951]
2024-07-18 16:12:26,495 - position: [-2.21721292 -0.7577492   0.84928012]
2024-07-18 16:12:26,769 - position: [-2.21718073 -0.75777102  0.84929413]
2024-07-18 16:12:26,977 - position: [-2.21718574 -0.75776339  0.84928393]
2024-07-18 16:12:27,199 - position: [-2.21721196 -0.75775599  0.84924501]
2024-07-18 16:12:27,493 - position: [-2.21718693 -0.75774086  0.84926587]
2024-07-18 16:12:27,701 - position: [-2.21720386 -0.7577517   0.84926414]
2024-07-18 16:12:27,949 - position: [-2.21721649 -0.75775915  0.84925634]
2024-07-18 16:12:28,236 - position: [-2.21719909 -0.75776583  0.84930795]
2024-07-18 16:12:28,461 - position: [-2.21720624 -0.75777674  0.8492468 ]
2024-07-18 16:12:28,717 - position: [-2.21718788 -0.75775337  0.84925902]
2024-07-18 16:12:28,942 - position: [-2.2172091  -0.75771827  0.84923702]
2024-07-18 16:12:29,157 - position: [-2.21734309 -0.7576738   0.84928083]
2024-07-18 16:12:29,373 - position: [-2.21741128 -0.75765431  0.84927803]
2024-07-18 16:12:29,657 - position: [-2.21745896 -0.75762975  0.84925455]
2024-07-18 16:12:29,901 - position: [-2.2174263  -0.75759977  0.84936446]
2024-07-18 16:12:30,116 - position: [-2.21737576 -0.75760937  0.84937268]
2024-07-18 16:12:30,383 - position: [-2.2175262  -0.75760883  0.84929705]
2024-07-18 16:12:30,623 - position: [-2.21745062 -0.75759602  0.84934348]
2024-07-18 16:12:30,859 - position: [-2.21746874 -0.75760072  0.84930819]
2024-07-18 16:12:31,084 - position: [-2.217448   -0.75762141  0.84931672]
2024-07-18 16:12:31,309 - position: [-2.21749902 -0.75761193  0.84928471]
2024-07-18 16:12:31,565 - position: [-2.21742153 -0.75760317  0.84935391]
2024-07-18 16:12:31,796 - position: [-2.21753407 -0.75763315  0.84928507]
2024-07-18 16:12:32,029 - position: [-2.21739244 -0.75763547  0.84929287]
2024-07-18 16:12:32,293 - position: [-2.21742153 -0.75763297  0.84929037]
2024-07-18 16:12:32,523 - position: [-2.21754527 -0.75760293  0.8492949 ]
2024-07-18 16:12:32,785 - position: [-2.21746135 -0.75761342  0.84931093]
2024-07-18 16:12:33,098 - position: [-2.21747732 -0.7576133   0.84932435]
2024-07-18 16:12:33,366 - position: [-2.21744442 -0.75759411  0.84932238]
2024-07-18 16:12:33,617 - position: [-2.21756792 -0.7576074   0.84923208]
2024-07-18 16:12:33,902 - position: [-2.21758413 -0.75759476  0.84926212]
2024-07-18 16:12:34,241 - position: [-2.21738386 -0.75763649  0.84941936]
2024-07-18 16:12:34,485 - position: [-2.21739125 -0.75762749  0.8492316 ]
2024-07-18 16:12:34,728 - position: [-2.21743679 -0.7575981   0.84934419]
2024-07-18 16:12:34,993 - position: [-2.21761012 -0.75760549  0.84930158]
2024-07-18 16:12:35,253 - position: [-2.21764302 -0.75765145  0.84924412]
2024-07-18 16:12:35,480 - position: [-2.21751738 -0.75762051  0.84928149]
2024-07-18 16:12:35,711 - position: [-2.21741176 -0.75764579  0.84935784]
2024-07-18 16:12:35,983 - position: [-2.21754193 -0.75758874  0.84931117]
2024-07-18 16:12:36,210 - position: [-2.21745133 -0.75758404  0.84937853]
2024-07-18 16:12:36,567 - position: [-2.21747565 -0.75762618  0.84932005]
2024-07-18 16:12:36,868 - position: [-2.21759582 -0.75763243  0.84924191]
2024-07-18 16:12:37,152 - position: [-2.21758556 -0.75765085  0.84926629]
2024-07-18 16:12:37,435 - position: [-2.21750426 -0.75758427  0.84935272]
2024-07-18 16:12:37,661 - position: [-2.21759272 -0.75763112  0.84927815]
2024-07-18 16:12:37,883 - position: [-2.21759653 -0.75762516  0.84927535]
2024-07-18 16:12:38,103 - position: [-2.21757889 -0.7576412   0.84926564]
2024-07-18 16:12:38,395 - position: [-2.2175436  -0.7576009   0.84930432]
2024-07-18 16:12:38,682 - position: [-2.21754599 -0.75760853  0.84925628]
2024-07-18 16:12:38,894 - position: [-2.21757913 -0.75762695  0.84924668]
2024-07-18 16:12:39,111 - position: [-2.2176249  -0.75759161  0.84927845]
2024-07-18 16:12:39,346 - position: [-2.21758795 -0.75760871  0.84927475]
2024-07-18 16:12:39,610 - position: [-2.21762466 -0.75761741  0.84924382]
2024-07-18 16:12:39,826 - position: [-2.2175684  -0.75758243  0.84933233]
2024-07-18 16:12:40,051 - position: [-2.21759677 -0.75762612  0.84924185]
2024-07-18 16:12:40,298 - position: [-2.21762609 -0.75757086  0.84927899]
2024-07-18 16:12:40,583 - position: [-2.21750212 -0.75759768  0.84933645]
2024-07-18 16:12:40,879 - position: [-2.21760726 -0.75761735  0.84927982]
2024-07-18 16:12:41,148 - position: [-2.21756649 -0.75758827  0.84925222]
2024-07-18 16:12:41,367 - position: [-2.21741939 -0.7576248   0.84936595]
2024-07-18 16:12:41,614 - position: [-2.21752286 -0.75759518  0.84928089]
2024-07-18 16:12:41,849 - position: [-2.21753168 -0.75759548  0.84929603]
2024-07-18 16:12:42,073 - position: [-2.21747351 -0.7576071   0.84935367]
2024-07-18 16:12:42,366 - position: [-2.21738315 -0.75761819  0.84936798]
2024-07-18 16:12:42,573 - position: [-2.2176044  -0.75759184  0.84928048]
2024-07-18 16:12:42,852 - position: [-2.21759701 -0.75761396  0.84925616]
2024-07-18 16:12:43,132 - position: [-2.21758485 -0.7575984   0.84926713]
2024-07-18 16:12:43,366 - position: [-2.21743298 -0.75761014  0.84936088]
2024-07-18 16:12:43,671 - position: [-2.21759391 -0.75759804  0.84930152]
2024-07-18 16:12:43,924 - position: [-2.21756983 -0.75763428  0.8492685 ]
2024-07-18 16:12:44,183 - position: [-2.21764517 -0.75758028  0.84925908]
2024-07-18 16:12:44,486 - position: [-2.21746874 -0.75761288  0.84934187]
2024-07-18 16:12:44,708 - position: [-2.21766949 -0.75759465  0.8492915 ]
2024-07-18 16:12:44,918 - position: [-2.21763778 -0.75761509  0.84927672]
2024-07-18 16:12:45,201 - position: [-2.21760654 -0.75756586  0.84926909]
2024-07-18 16:12:45,466 - position: [-2.21764207 -0.75759459  0.84926993]
2024-07-18 16:12:45,703 - position: [-2.21750736 -0.75761062  0.8493042 ]
2024-07-18 16:12:45,930 - position: [-2.21764374 -0.75758034  0.84930634]
2024-07-18 16:12:46,216 - position: [-2.21763396 -0.75763541  0.84923911]
2024-07-18 16:12:46,459 - position: [-2.21764541 -0.75762796  0.84924859]
2024-07-18 16:12:46,661 - position: [-2.21766877 -0.75760806  0.8492828 ]
2024-07-18 16:12:46,901 - position: [-2.21760821 -0.75755906  0.84933645]
2024-07-18 16:12:47,193 - position: [-2.21768236 -0.75763136  0.84922057]
2024-07-18 16:12:47,464 - position: [-2.21769023 -0.75763667  0.84924704]
2024-07-18 16:12:47,713 - position: [-2.2175951  -0.75755864  0.84931093]
2024-07-18 16:12:48,032 - position: [-2.21767759 -0.75765169  0.84926176]
2024-07-18 16:12:48,261 - position: [-2.2176404  -0.75763178  0.84926319]
2024-07-18 16:12:48,534 - position: [-2.21748829 -0.75762862  0.84935838]
2024-07-18 16:12:48,758 - position: [-2.21764302 -0.75758153  0.84925604]
2024-07-18 16:12:48,973 - position: [-2.21773171 -0.75759995  0.84924084]
2024-07-18 16:12:49,190 - position: [-2.21775532 -0.75763589  0.84923762]
2024-07-18 16:12:49,433 - position: [-2.21775818 -0.75761926  0.84923816]
2024-07-18 16:12:49,726 - position: [-2.21781898 -0.75764579  0.84919488]
2024-07-18 16:12:49,955 - position: [-2.21777892 -0.75765687  0.84919184]
2024-07-18 16:12:50,178 - position: [-2.21776795 -0.75764161  0.84919792]
2024-07-18 16:12:50,453 - position: [-2.21779609 -0.75758278  0.84924197]
2024-07-18 16:12:50,746 - position: [-2.21753287 -0.75762737  0.84931195]
2024-07-18 16:12:50,984 - position: [-2.21763682 -0.7575891   0.8492527 ]
2024-07-18 16:12:51,301 - position: [-2.21769929 -0.75760543  0.84919947]
2024-07-18 16:12:51,544 - position: [-2.21763229 -0.75757891  0.84931344]
2024-07-18 16:12:51,791 - position: [-2.21779251 -0.75759804  0.84917212]
2024-07-18 16:12:52,018 - position: [-2.21781754 -0.75757957  0.84918088]
2024-07-18 16:12:52,238 - position: [-2.21780825 -0.75759339  0.84920025]
2024-07-18 16:12:52,476 - position: [-2.21783376 -0.75756902  0.84920335]
2024-07-18 16:12:52,710 - position: [-2.21784377 -0.75757819  0.84922504]
2024-07-18 16:12:52,953 - position: [-2.21784377 -0.75758952  0.84917301]
2024-07-18 16:12:53,218 - position: [-2.21786141 -0.75757974  0.84919012]
2024-07-18 16:12:53,510 - position: [-2.21786761 -0.75759494  0.84914815]
2024-07-18 16:12:53,748 - position: [-2.21791434 -0.75754797  0.84920007]
2024-07-18 16:12:53,977 - position: [-2.21790171 -0.75754887  0.84921175]
2024-07-18 16:12:54,213 - position: [-2.21791101 -0.75755274  0.84917873]
2024-07-18 16:12:54,465 - position: [-2.21789527 -0.75756043  0.84918004]
2024-07-18 16:12:54,698 - position: [-2.21790409 -0.75757021  0.84919226]
2024-07-18 16:12:54,924 - position: [-2.21791029 -0.75755715  0.84921163]
2024-07-18 16:12:55,147 - position: [-2.21785474 -0.75759971  0.84917307]
2024-07-18 16:12:55,376 - position: [-2.21789265 -0.75758708  0.84917802]
2024-07-18 16:12:55,685 - position: [-2.21791553 -0.7575475   0.84919333]
2024-07-18 16:12:55,908 - position: [-2.21792746 -0.75753909  0.84917605]
2024-07-18 16:12:56,159 - position: [-2.21793103 -0.75754154  0.84919608]
2024-07-18 16:12:56,402 - position: [-2.2179122  -0.75754565  0.84920681]
2024-07-18 16:12:56,679 - position: [-2.21790695 -0.75755668  0.84920257]
2024-07-18 16:12:56,934 - position: [-2.21792197 -0.75756687  0.84915549]
2024-07-18 16:12:57,209 - position: [-2.21789074 -0.75758362  0.84916294]
2024-07-18 16:12:57,459 - position: [-2.21790004 -0.75755793  0.84920269]
2024-07-18 16:12:57,692 - position: [-2.21789074 -0.75756395  0.84922814]
2024-07-18 16:12:57,977 - position: [-2.21790957 -0.75755364  0.84919655]
2024-07-18 16:12:58,221 - position: [-2.21789289 -0.75756401  0.84917092]
2024-07-18 16:12:58,436 - position: [-2.21785188 -0.75760198  0.84915   ]
2024-07-18 16:12:58,697 - position: [-2.21784019 -0.75754118  0.84916586]
2024-07-18 16:12:58,919 - position: [-2.21782398 -0.75758141  0.84921205]
2024-07-18 16:12:59,134 - position: [-2.21783495 -0.75758761  0.84918147]
2024-07-18 16:12:59,403 - position: [-2.21780753 -0.7576828   0.84916043]
2024-07-18 16:12:59,675 - position: [-2.21778631 -0.75764501  0.84915137]
2024-07-18 16:23:22,970 - position: [-3.03483224 -0.48719046  1.26939642]
2024-07-18 16:23:23,250 - position: [-3.03520131 -0.48696306  1.26942694]
2024-07-18 16:23:23,486 - position: [-3.03639913 -0.4872618   1.26998365]
2024-07-18 16:23:23,761 - position: [-3.03549242 -0.48733649  1.27012813]
2024-07-18 16:23:23,995 - position: [-3.03732181 -0.48805434  1.26996255]
2024-07-18 16:23:24,232 - position: [-3.03775549 -0.48696026  1.26987791]
2024-07-18 16:23:24,447 - position: [-3.03823471 -0.48565233  1.26987112]
2024-07-18 16:23:24,694 - position: [-3.03971148 -0.48395759  1.27002716]
2024-07-18 16:23:24,900 - position: [-3.04008293 -0.48372748  1.27020216]
2024-07-18 16:23:25,160 - position: [-3.04011416 -0.4837268   1.26983225]
2024-07-18 16:23:25,380 - position: [-3.04204893 -0.48482239  1.27029645]
2024-07-18 16:23:25,619 - position: [-3.04369164 -0.48529631  1.2703377 ]
2024-07-18 16:23:25,891 - position: [-3.0444417  -0.48498785  1.27027702]
2024-07-18 16:23:26,109 - position: [-3.04437113 -0.48680419  1.27046978]
2024-07-18 16:23:26,316 - position: [-3.04495025 -0.48728475  1.27040756]
2024-07-18 16:23:26,585 - position: [-3.04427099 -0.48787615  1.27045536]
2024-07-18 16:23:26,891 - position: [-3.04407859 -0.48851514  1.27025962]
2024-07-18 16:23:27,146 - position: [-3.04494929 -0.48975915  1.27076387]
2024-07-18 16:23:27,444 - position: [-3.0478282  -0.48978645  1.27108645]
2024-07-18 16:23:27,748 - position: [-3.04782009 -0.48828992  1.2707119 ]
2024-07-18 16:23:28,015 - position: [-3.04664183 -0.48758292  1.27037191]
2024-07-18 16:23:28,238 - position: [-3.04672265 -0.48717809  1.27024019]
2024-07-18 16:23:28,502 - position: [-3.04745913 -0.48746413  1.27044129]
2024-07-18 16:23:28,759 - position: [-3.04620647 -0.48804185  1.27021158]
2024-07-18 16:23:29,002 - position: [-3.04547477 -0.48817304  1.27022588]
2024-07-18 16:23:29,218 - position: [-3.04660869 -0.48827809  1.27027452]
2024-07-18 16:23:29,460 - position: [-3.04722142 -0.48891196  1.27048218]
2024-07-18 16:23:29,744 - position: [-3.04547644 -0.48930648  1.27037168]
2024-07-18 16:23:29,977 - position: [-3.04447746 -0.48916396  1.27002275]
2024-07-18 16:23:30,257 - position: [-3.04412436 -0.48827899  1.26981091]
2024-07-18 16:23:30,534 - position: [-3.04522324 -0.48717883  1.26976097]
2024-07-18 16:23:30,827 - position: [-3.04471564 -0.48623967  1.26968598]
2024-07-18 16:23:31,106 - position: [-3.04370475 -0.4855735   1.26926553]
2024-07-18 16:23:31,384 - position: [-3.04328036 -0.48605859  1.26919281]
2024-07-18 16:23:31,609 - position: [-3.04319644 -0.48627624  1.26922166]
2024-07-18 16:23:31,865 - position: [-3.04292846 -0.48637012  1.26912224]
2024-07-18 16:23:32,101 - position: [-3.04208899 -0.48684573  1.26902592]
2024-07-18 16:23:32,369 - position: [-3.04098463 -0.48829386  1.26889443]
2024-07-18 16:23:32,606 - position: [-3.04127169 -0.48907828  1.26891255]
2024-07-18 16:23:32,844 - position: [-3.04151368 -0.48903412  1.26883864]
2024-07-18 16:23:33,078 - position: [-3.04143405 -0.48824337  1.26866639]
2024-07-18 16:23:33,333 - position: [-3.04093957 -0.48819637  1.26857483]
2024-07-18 16:23:33,578 - position: [-3.04222083 -0.48851994  1.26843369]
2024-07-18 16:23:33,835 - position: [-3.04306388 -0.48888654  1.26859963]
2024-07-18 16:23:34,070 - position: [-3.04257035 -0.48997617  1.26864803]
2024-07-18 16:23:34,350 - position: [-3.04093385 -0.49259347  1.2682308 ]
2024-07-18 16:23:34,557 - position: [-3.04065609 -0.49392143  1.26817286]
2024-07-18 16:23:34,810 - position: [-3.03988361 -0.49588406  1.26761079]
2024-07-18 16:23:35,057 - position: [-3.03808665 -0.49645346  1.26695919]
2024-07-18 16:23:35,316 - position: [-3.03713131 -0.49631235  1.26664329]
2024-07-18 16:23:35,567 - position: [-3.03780699 -0.49600011  1.26669216]
2024-07-18 16:23:35,833 - position: [-3.03792477 -0.49590129  1.26666176]
2024-07-18 16:23:36,085 - position: [-3.03711462 -0.49469128  1.26639831]
2024-07-18 16:23:36,329 - position: [-3.03683805 -0.4943808   1.26634037]
2024-07-18 16:23:36,573 - position: [-3.03811836 -0.49374577  1.26676524]
2024-07-18 16:23:36,824 - position: [-3.03758335 -0.49381936  1.26643169]
2024-07-18 16:23:37,086 - position: [-3.0367074  -0.49422687  1.26612747]
2024-07-18 16:23:37,323 - position: [-3.03715682 -0.49550062  1.26614463]
2024-07-18 16:23:37,585 - position: [-3.03950119 -0.49895024  1.26641941]
2024-07-18 16:23:37,826 - position: [-3.0386405  -0.50042123  1.26644397]
2024-07-18 16:23:38,061 - position: [-3.03767514 -0.50001502  1.2657764 ]
2024-07-18 16:23:38,285 - position: [-3.03704453 -0.49808773  1.26589608]
2024-07-18 16:23:38,513 - position: [-3.03778076 -0.49666485  1.26576269]
2024-07-18 16:23:38,744 - position: [-3.03757501 -0.49672022  1.26573682]
2024-07-18 16:23:39,009 - position: [-3.03674221 -0.49715748  1.26562428]
2024-07-18 16:23:39,290 - position: [-3.03697157 -0.49634925  1.26549363]
2024-07-18 16:23:39,518 - position: [-3.03854847 -0.49612746  1.26569986]
2024-07-18 16:23:39,775 - position: [-3.03963685 -0.49648902  1.26611972]
2024-07-18 16:23:39,995 - position: [-3.03933597 -0.49641374  1.26594508]
2024-07-18 16:23:40,258 - position: [-3.03895164 -0.49634689  1.26576591]
2024-07-18 16:23:40,515 - position: [-3.03902507 -0.49676046  1.26582158]
2024-07-18 16:23:40,765 - position: [-3.03940105 -0.49695563  1.26597917]
2024-07-18 16:23:41,013 - position: [-3.0396235  -0.49721915  1.26594973]
2024-07-18 16:23:41,266 - position: [-3.03963995 -0.496748    1.26600361]
2024-07-18 16:23:41,562 - position: [-3.0402348  -0.49623013  1.26633525]
2024-07-18 16:23:41,790 - position: [-3.04041815 -0.49513775  1.26650894]
2024-07-18 16:23:42,055 - position: [-3.04091024 -0.49439874  1.2662636 ]
2024-07-18 16:23:42,274 - position: [-3.04058957 -0.49339432  1.26615131]
2024-07-18 16:23:42,529 - position: [-3.04113364 -0.49416065  1.2662009 ]
2024-07-18 16:23:42,770 - position: [-3.0414567  -0.49522895  1.26625681]
2024-07-18 16:23:43,000 - position: [-3.0402348  -0.49482995  1.26597512]
2024-07-18 16:23:43,253 - position: [-3.0405302  -0.4946712   1.26543832]
2024-07-18 16:23:43,485 - position: [-3.04703188 -0.49195537  1.26595056]
2024-07-18 16:23:43,747 - position: [-3.07700682 -0.47545338  1.26239264]
2024-07-18 16:23:44,006 - position: [-3.09026122 -0.46742803  1.25506651]
2024-07-18 16:23:44,244 - position: [-3.0859971  -0.53191656  1.25719476]
2024-07-18 16:23:44,462 - position: [-3.04667568 -0.6469487   1.24575841]
2024-07-18 16:23:44,689 - position: [-3.02981973 -0.81528288  1.25669158]
2024-07-18 16:23:44,917 - position: [-3.1346252  -1.02292764  1.43514097]
2024-07-18 16:23:45,218 - position: [-3.21584082 -1.18428874  1.5948267 ]
2024-07-18 16:23:45,432 - position: [-3.17468214 -1.31800532  1.63775277]
2024-07-18 16:23:45,684 - position: [-3.11817336 -1.4762814   1.60232282]
2024-07-18 16:23:45,951 - position: [-3.06459522 -1.67920339  1.65132487]
2024-07-18 16:23:46,201 - position: [-2.99178314 -1.83593249  1.65836942]
2024-07-18 16:23:46,433 - position: [-2.87974834 -2.03947353  1.6289835 ]
2024-07-18 16:23:46,701 - position: [-2.71117544 -2.23337626  1.67362285]
2024-07-18 16:23:46,925 - position: [-2.55752254 -2.33543634  1.65141737]
2024-07-18 16:23:47,181 - position: [-2.27737188 -2.45335555  1.65107071]
2024-07-18 16:23:47,458 - position: [-2.04547405 -2.58025885  1.66978109]
2024-07-18 16:23:47,678 - position: [-1.83497119 -2.69939303  1.63510525]
2024-07-18 16:23:47,892 - position: [-1.75512254 -2.74780965  1.63885319]
2024-07-18 16:23:48,140 - position: [-1.42123044 -2.88686752  1.67333889]
2024-07-18 16:23:48,473 - position: [-1.07322395 -2.94412613  1.65937901]
2024-07-18 16:23:48,743 - position: [-0.84796268 -3.01324749  1.67224443]
2024-07-18 16:23:48,995 - position: [-0.67328525 -3.06474566  1.64750218]
2024-07-18 16:23:49,267 - position: [-0.43222001 -3.12918472  1.67976391]
2024-07-18 16:23:49,520 - position: [-0.26384869 -3.11294174  1.66957402]
2024-07-18 16:23:49,794 - position: [-0.14052309 -3.05867529  1.67156446]
2024-07-18 16:23:50,068 - position: [-0.04414867 -3.05383277  1.68013883]
2024-07-18 16:23:50,318 - position: [ 0.02982872 -3.0894196   1.69143081]
2024-07-18 16:23:50,537 - position: [ 0.06667429 -3.10450864  1.69317472]
2024-07-18 16:23:50,802 - position: [ 0.0419479  -3.11868191  1.69454885]
2024-07-18 16:23:51,048 - position: [-0.01642697 -3.03928781  1.66428387]
2024-07-18 16:23:51,272 - position: [-0.07755777 -2.99972224  1.63538802]
2024-07-18 16:23:51,564 - position: [-0.09734458 -3.07177949  1.67628038]
2024-07-18 16:23:51,779 - position: [-0.08801258 -3.09853101  1.68640649]
2024-07-18 16:23:52,017 - position: [-0.05685145 -3.08434844  1.69225323]
2024-07-18 16:23:52,258 - position: [-0.03479642 -3.05581498  1.69436705]
2024-07-18 16:23:52,509 - position: [-0.05042628 -3.03430676  1.69922316]
2024-07-18 16:23:52,735 - position: [-0.05785637 -3.02304816  1.70058799]
2024-07-18 16:23:52,991 - position: [-0.05539373 -2.99888444  1.70081961]
2024-07-18 16:23:53,257 - position: [-0.06703949 -2.97250772  1.70316708]
2024-07-18 16:23:53,496 - position: [-0.07127082 -2.96542835  1.70216727]
2024-07-18 16:23:53,740 - position: [-0.07157286 -2.96188664  1.7014575 ]
2024-07-18 16:23:54,068 - position: [-0.06967694 -2.96909428  1.70199144]
2024-07-18 16:23:54,311 - position: [-0.07341254 -2.97522569  1.70130432]
2024-07-18 16:23:54,549 - position: [-0.07696452 -2.98619437  1.69760573]
2024-07-18 16:23:54,766 - position: [-0.06979048 -2.98500633  1.69652188]
2024-07-18 16:23:55,013 - position: [-0.06474758 -2.97626781  1.69522846]
2024-07-18 16:23:55,233 - position: [-0.0732026  -2.97741628  1.69455504]
2024-07-18 16:23:55,449 - position: [-0.15299852 -2.99935341  1.69108117]
2024-07-18 16:23:55,739 - position: [-0.29953143 -3.02404857  1.67982757]
2024-07-18 16:23:55,998 - position: [-0.46099815 -3.00984931  1.65998483]
2024-07-18 16:23:56,223 - position: [-0.64164823 -2.96338511  1.63740373]
2024-07-18 16:23:56,452 - position: [-0.88318139 -2.89873576  1.66927183]
2024-07-18 16:23:56,725 - position: [-1.18155968 -2.8773129   1.63518858]
2024-07-18 16:23:56,946 - position: [-1.48778415 -2.85713553  1.63376689]
2024-07-18 16:23:57,200 - position: [-1.73265231 -2.7823863   1.6547873 ]
2024-07-18 16:23:57,412 - position: [-1.99733746 -2.65279174  1.5991596 ]
2024-07-18 16:23:57,614 - position: [-2.21963143 -2.49820542  1.61881924]
2024-07-18 16:23:57,846 - position: [-2.38126707 -2.38878131  1.65358627]
2024-07-18 16:23:58,140 - position: [-2.73701692 -2.11289239  1.60322297]
2024-07-18 16:23:58,391 - position: [-2.908813   -1.8849535   1.65361416]
2024-07-18 16:23:58,623 - position: [-2.95757771 -1.67154968  1.60850322]
2024-07-18 16:23:58,854 - position: [-2.93277311 -1.38108587  1.60583091]
2024-07-18 16:23:59,095 - position: [-2.90204096 -1.17795646  1.64749086]
2024-07-18 16:23:59,368 - position: [-2.80441403 -0.97791481  1.57212877]
2024-07-18 16:23:59,634 - position: [-2.69679856 -0.82398283  1.42591381]
2024-07-18 16:23:59,891 - position: [-2.70885849 -0.76897681  1.32706678]
2024-07-18 16:24:00,117 - position: [-2.89969635 -0.59997916  1.19320512]
2024-07-18 16:24:00,401 - position: [-3.03675914 -0.50058901  1.23845041]
2024-07-18 16:24:00,630 - position: [-3.10164261 -0.4539358   1.25452852]
2024-07-18 16:24:00,895 - position: [-2.94469142 -0.44774058  1.22910392]
2024-07-18 16:24:01,124 - position: [-2.8673563  -0.4576745   1.23073673]
2024-07-18 16:24:01,335 - position: [-2.8624649  -0.47046056  1.24754238]
2024-07-18 16:24:01,601 - position: [-2.8506515  -0.4639942   1.25018108]
2024-07-18 16:24:01,856 - position: [-2.83781958 -0.46134016  1.24604726]
2024-07-18 16:24:02,147 - position: [-2.84079337 -0.46268165  1.24680495]
2024-07-18 16:24:02,423 - position: [-2.84386086 -0.46326098  1.24668705]
2024-07-18 16:24:02,692 - position: [-2.84190893 -0.46237832  1.24556839]
2024-07-18 16:24:02,905 - position: [-2.84251904 -0.46253428  1.24508905]
2024-07-18 16:24:03,167 - position: [-2.84395576 -0.46314126  1.24564981]
2024-07-18 16:24:03,432 - position: [-2.84638643 -0.46572408  1.24686623]
2024-07-18 16:24:03,666 - position: [-2.84808946 -0.46807361  1.24763453]
2024-07-18 16:24:03,919 - position: [-2.85019517 -0.46947819  1.24767578]
2024-07-18 16:24:04,135 - position: [-2.85134292 -0.47001666  1.24783003]
2024-07-18 16:24:04,373 - position: [-2.85283804 -0.46930525  1.24788785]
2024-07-18 16:24:04,588 - position: [-2.85331321 -0.46902928  1.24792063]
2024-07-18 16:24:04,833 - position: [-2.85924244 -0.46757966  1.25104177]
2024-07-18 16:24:05,077 - position: [-2.86877871 -0.4681569   1.2538538 ]
2024-07-18 16:24:05,311 - position: [-2.86721158 -0.47008887  1.25295699]
2024-07-18 16:24:05,550 - position: [-2.86660028 -0.47085878  1.25249338]
2024-07-18 16:24:05,807 - position: [-2.86501908 -0.47041857  1.25159478]
2024-07-18 16:24:06,059 - position: [-2.86361051 -0.46960545  1.25160396]
2024-07-18 16:24:06,323 - position: [-2.86265516 -0.46918601  1.2515986 ]
2024-07-18 16:24:06,557 - position: [-2.86287069 -0.46916977  1.25155258]
2024-07-18 16:24:06,797 - position: [-2.86433601 -0.46926075  1.25160682]
2024-07-18 16:24:07,068 - position: [-2.8648088  -0.47053334  1.25126135]
2024-07-18 16:24:07,298 - position: [-2.8678875  -0.47068915  1.25226176]
2024-07-18 16:24:07,532 - position: [-2.87072134 -0.47143322  1.25337112]
2024-07-18 16:24:07,816 - position: [-2.87371612 -0.47126117  1.25351882]
2024-07-18 16:24:08,127 - position: [-2.87592793 -0.46897981  1.25451231]
2024-07-18 16:24:08,452 - position: [-2.87492323 -0.4690747   1.25414717]
2024-07-18 16:24:08,688 - position: [-2.87583828 -0.46960217  1.25419116]
2024-07-18 16:24:08,935 - position: [-2.8778646  -0.46944723  1.25439334]
2024-07-18 16:24:09,183 - position: [-2.87901378 -0.46927977  1.25449347]
2024-07-18 16:24:09,442 - position: [-2.88117051 -0.46906832  1.25475729]
2024-07-18 16:24:09,725 - position: [-2.88370275 -0.4687635   1.25585985]
2024-07-18 16:24:09,985 - position: [-2.88469505 -0.46839347  1.25564969]
2024-07-18 16:24:10,250 - position: [-2.88482237 -0.46796528  1.25615859]
2024-07-18 16:24:10,492 - position: [-2.88504887 -0.46813428  1.25624406]
2024-07-18 16:24:10,755 - position: [-2.88478422 -0.46774155  1.25575948]
2024-07-18 16:24:11,071 - position: [-2.88577318 -0.46742228  1.25588965]
2024-07-18 16:24:11,318 - position: [-2.88554049 -0.46693298  1.25568175]
2024-07-18 16:24:11,543 - position: [-2.8841238  -0.467291    1.25535035]
2024-07-18 16:24:11,796 - position: [-2.88496375 -0.4663808   1.25548136]
2024-07-18 16:24:12,045 - position: [-2.89003444 -0.46563128  1.25670576]
2024-07-18 16:24:12,291 - position: [-2.89902973 -0.4688541   1.25786042]
2024-07-18 16:24:12,575 - position: [-2.91105342 -0.47706908  1.25899732]
2024-07-18 16:24:12,798 - position: [-2.91953373 -0.47830877  1.25929821]
2024-07-18 16:24:13,098 - position: [-2.91636181 -0.48264778  1.25956023]
2024-07-18 16:24:13,318 - position: [-2.90142536 -0.48606703  1.25656831]
2024-07-18 16:24:13,575 - position: [-2.87353039 -0.50160217  1.24977636]
2024-07-18 16:24:13,825 - position: [-2.84947157 -0.52018309  1.24180889]
2024-07-18 16:24:14,053 - position: [-2.83989429 -0.53156561  1.23852587]
2024-07-18 16:24:14,301 - position: [-2.83271718 -0.5324688   1.23667991]
2024-07-18 16:24:14,544 - position: [-2.82841468 -0.53063309  1.23617959]
2024-07-18 16:24:14,826 - position: [-2.8284502  -0.53014308  1.23624277]
2024-07-18 16:24:15,118 - position: [-2.8309195  -0.52917862  1.23719192]
2024-07-18 16:24:15,441 - position: [-2.83507705 -0.52910781  1.23703349]
2024-07-18 16:24:15,707 - position: [-2.84313464 -0.52566165  1.23890531]
2024-07-18 16:24:15,966 - position: [-2.84933591 -0.52355683  1.24069095]
2024-07-18 16:24:16,209 - position: [-2.85356808 -0.52257633  1.2416532 ]
2024-07-18 16:24:16,468 - position: [-2.86640763 -0.522156    1.24620867]
2024-07-18 16:24:16,709 - position: [-2.88047791 -0.52165848  1.2505945 ]
2024-07-18 16:24:16,976 - position: [-2.88463998 -0.51879704  1.25118983]
2024-07-18 16:24:17,260 - position: [-2.88874936 -0.51666909  1.25213003]
2024-07-18 16:24:17,480 - position: [-2.8906281  -0.51619387  1.25230885]
2024-07-18 16:24:17,719 - position: [-2.89148569 -0.51548004  1.25245237]
2024-07-18 16:24:17,925 - position: [-2.8917644 -0.5156613  1.2524116]
2024-07-18 16:24:18,176 - position: [-2.89324951 -0.51554     1.25243688]
2024-07-18 16:24:18,444 - position: [-2.89593363 -0.51506627  1.25242686]
2024-07-18 16:24:18,722 - position: [-2.89756656 -0.51509702  1.25244188]
2024-07-18 16:24:18,978 - position: [-2.89933896 -0.51519072  1.2525568 ]
2024-07-18 16:24:19,275 - position: [-2.90187025 -0.51482987  1.25291336]
2024-07-18 16:24:19,524 - position: [-2.90300941 -0.51394027  1.25303793]
2024-07-18 16:24:19,792 - position: [-2.90265417 -0.51437348  1.25277138]
2024-07-18 16:24:20,049 - position: [-2.90288424 -0.51401132  1.25278842]
2024-07-18 16:24:20,335 - position: [-2.90237522 -0.51295     1.25232816]
2024-07-18 16:24:20,642 - position: [-2.90253282 -0.51260638  1.25230479]
2024-07-18 16:24:20,918 - position: [-2.90574956 -0.51274973  1.25297165]
2024-07-18 16:24:21,178 - position: [-2.90932512 -0.51161093  1.25299704]
2024-07-18 16:24:21,413 - position: [-2.91142011 -0.51155299  1.25326061]
2024-07-18 16:24:21,667 - position: [-2.9132514  -0.51225829  1.25341451]
2024-07-18 16:24:21,904 - position: [-2.91535759 -0.51153046  1.25354505]
2024-07-18 16:24:22,117 - position: [-2.91735578 -0.51118034  1.25400245]
2024-07-18 16:24:22,385 - position: [-2.92038488 -0.51044554  1.25433362]
2024-07-18 16:24:22,651 - position: [-2.93265271 -0.50075471  1.25376725]
2024-07-18 16:24:22,901 - position: [-2.97470903 -0.46374807  1.25511384]
2024-07-18 16:24:23,185 - position: [-2.99721503 -0.43666938  1.25015604]
2024-07-18 16:24:23,428 - position: [-3.0089705  -0.46051428  1.25129688]
2024-07-18 16:24:23,668 - position: [-2.99501252 -0.57899088  1.25361574]
2024-07-18 16:24:23,914 - position: [-2.96388125 -0.82654685  1.23228526]
2024-07-18 16:24:24,153 - position: [-3.00861883 -0.98200536  1.35286736]
2024-07-18 16:24:24,421 - position: [-3.1006856  -1.08570385  1.58053553]
2024-07-18 16:24:24,673 - position: [-3.08503032 -1.17150247  1.65899467]
2024-07-18 16:24:24,875 - position: [-3.04619813 -1.27892613  1.64304507]
2024-07-18 16:24:25,131 - position: [-2.9494431  -1.44897938  1.61812866]
2024-07-18 16:24:25,345 - position: [-2.86333084 -1.63634872  1.65891969]
2024-07-18 16:24:25,616 - position: [-2.7548337  -1.81048191  1.62481475]
2024-07-18 16:24:25,841 - position: [-2.63977075 -1.99562895  1.63310778]
2024-07-18 16:24:26,098 - position: [-2.45197606 -2.17146707  1.66678226]
2024-07-18 16:24:26,328 - position: [-2.17017651 -2.332057    1.62728608]
2024-07-18 16:24:26,585 - position: [-1.93212891 -2.49418592  1.66855907]
2024-07-18 16:24:26,834 - position: [-1.68779635 -2.67901921  1.62772572]
2024-07-18 16:24:27,086 - position: [-1.49892735 -2.80699587  1.64529586]
2024-07-18 16:24:27,314 - position: [-1.2388438  -2.89527583  1.66723275]
2024-07-18 16:24:27,563 - position: [-0.95733768 -2.91491556  1.6401943 ]
2024-07-18 16:24:27,819 - position: [-0.72111404 -2.92901301  1.66814947]
2024-07-18 16:24:28,103 - position: [-0.44236594 -2.9149971   1.6317867 ]
2024-07-18 16:24:28,320 - position: [-0.26055747 -2.89425182  1.61516929]
2024-07-18 16:24:28,566 - position: [-0.04548342 -2.85297942  1.68073702]
2024-07-18 16:24:28,801 - position: [-0.01467264 -2.86131001  1.69053042]
2024-07-18 16:24:29,050 - position: [-0.01349761 -2.87632084  1.69397104]
2024-07-18 16:24:29,277 - position: [-0.02960578 -2.89675236  1.69579124]
2024-07-18 16:24:29,544 - position: [-0.02650773 -2.91738415  1.6975795 ]
2024-07-18 16:24:29,803 - position: [-0.00507804 -2.91705489  1.69765019]
2024-07-18 16:24:30,125 - position: [ 4.51256608e-04 -2.91835690e+00  1.69784665e+00]
2024-07-18 16:24:30,399 - position: [ 0.01041635 -2.92451072  1.69846559]
2024-07-18 16:24:30,716 - position: [ 0.01763641 -2.92448902  1.69853413]
2024-07-18 16:24:30,986 - position: [ 0.01448835 -2.92315555  1.69894016]
2024-07-18 16:24:31,255 - position: [-0.00559775 -2.93538475  1.69701028]
2024-07-18 16:24:31,478 - position: [-0.03399033 -2.94349957  1.6941067 ]
2024-07-18 16:24:31,702 - position: [-0.08760907 -2.9475615   1.6919173 ]
2024-07-18 16:24:31,947 - position: [-0.2071684  -2.97151732  1.67795074]
2024-07-18 16:24:32,219 - position: [-0.40603662 -2.96564221  1.65287125]
2024-07-18 16:24:32,479 - position: [-0.6080786  -2.89837909  1.61213613]
2024-07-18 16:24:32,699 - position: [-0.79448116 -2.82540417  1.63323903]
2024-07-18 16:24:32,906 - position: [-1.08762658 -2.73930454  1.66074526]
2024-07-18 16:24:33,145 - position: [-1.38246584 -2.64934659  1.61320925]
2024-07-18 16:24:33,378 - position: [-1.7588079  -2.47289968  1.65909004]
2024-07-18 16:24:33,648 - position: [-1.96779013 -2.31955075  1.61320257]
2024-07-18 16:24:33,908 - position: [-2.18133473 -2.13534617  1.61564493]
2024-07-18 16:24:34,159 - position: [-2.50337338 -1.87672853  1.6437999 ]
2024-07-18 16:24:34,398 - position: [-2.76479673 -1.62898481  1.62057483]
2024-07-18 16:24:34,663 - position: [-2.87635112 -1.41549802  1.64460421]
2024-07-18 16:24:34,928 - position: [-2.87419534 -1.21345675  1.62155128]
2024-07-18 16:24:35,160 - position: [-2.83780479 -1.02656078  1.64540219]
2024-07-18 16:24:35,421 - position: [-2.78517675 -0.94087172  1.62660432]
2024-07-18 16:24:35,677 - position: [-2.74810338 -0.81217682  1.38548923]
2024-07-18 16:24:35,977 - position: [-2.86442256 -0.61773133  1.22993231]
2024-07-18 16:24:36,192 - position: [-2.95103097 -0.48488754  1.24890685]
2024-07-18 16:24:36,414 - position: [-2.97384763 -0.459865    1.25206459]
2024-07-18 16:24:36,705 - position: [-2.9759469  -0.48459557  1.25365686]
2024-07-18 16:24:36,926 - position: [-2.96615458 -0.49760172  1.25326097]
2024-07-18 16:24:37,151 - position: [-2.95994949 -0.50129461  1.25383103]
2024-07-18 16:24:37,451 - position: [-2.95116973 -0.49951881  1.25336158]
2024-07-18 16:24:37,679 - position: [-2.94396114 -0.49790436  1.25264347]
2024-07-18 16:24:37,941 - position: [-2.93420887 -0.49862939  1.25165725]
2024-07-18 16:24:38,160 - position: [-2.9291265  -0.49847147  1.25117099]
2024-07-18 16:24:38,427 - position: [-2.92374897 -0.49944046  1.25098562]
2024-07-18 16:24:38,707 - position: [-2.92338729 -0.50271988  1.25115812]
2024-07-18 16:24:38,979 - position: [-2.92480588 -0.50018489  1.25173187]
2024-07-18 16:24:39,268 - position: [-2.92651534 -0.49978313  1.25178134]
2024-07-18 16:24:39,519 - position: [-2.92876506 -0.49959263  1.25263727]
2024-07-18 16:24:39,816 - position: [-2.935431   -0.50026888  1.25578189]
2024-07-18 16:24:40,047 - position: [-2.93941808 -0.50131178  1.25667083]
2024-07-18 16:24:40,258 - position: [-2.93804502 -0.50080204  1.25573838]
2024-07-18 16:24:40,543 - position: [-2.93767214 -0.5002144   1.25606406]
2024-07-18 16:24:40,815 - position: [-2.93935704 -0.50061083  1.25623918]
2024-07-18 16:24:41,061 - position: [-2.94267511 -0.49847913  1.2563138 ]
2024-07-18 16:24:41,351 - position: [-2.94507289 -0.49482837  1.25685441]
2024-07-18 16:24:41,584 - position: [-2.94655228 -0.49335533  1.25736213]
2024-07-18 16:24:41,866 - position: [-2.94688392 -0.49249905  1.2570529 ]
2024-07-18 16:24:42,118 - position: [-2.94579864 -0.49289384  1.25650811]
2024-07-18 16:24:42,344 - position: [-2.94733667 -0.49317947  1.2573384 ]
2024-07-18 16:24:42,594 - position: [-2.94714355 -0.49170777  1.25650597]
2024-07-18 16:24:42,843 - position: [-2.94630504 -0.48924133  1.2559725 ]
2024-07-18 16:24:43,057 - position: [-2.9477222  -0.48822412  1.25616264]
2024-07-18 16:24:43,335 - position: [-2.9505825  -0.48589987  1.25610447]
2024-07-18 16:24:43,585 - position: [-2.95574856 -0.48485535  1.25478196]
2024-07-18 16:24:43,832 - position: [-2.97761106 -0.4779186   1.25162601]
2024-07-18 16:24:44,067 - position: [-3.01814151 -0.46522149  1.2510016 ]
2024-07-18 16:24:44,335 - position: [-3.04950714 -0.46628502  1.24635756]
2024-07-18 16:24:44,574 - position: [-3.06755114 -0.49058855  1.24240077]
2024-07-18 16:24:44,813 - position: [-3.0869019  -0.50465345  1.2455678 ]
2024-07-18 16:24:45,075 - position: [-3.08023572 -0.51849806  1.24570143]
2024-07-18 16:24:45,328 - position: [-3.08127403 -0.52970278  1.23574769]
2024-07-18 16:24:45,578 - position: [-3.09141684 -0.52912623  1.23142672]
2024-07-18 16:24:45,819 - position: [-3.09544587 -0.53010708  1.23399889]
2024-07-18 16:24:46,054 - position: [-3.08579707 -0.53457779  1.22938824]
2024-07-18 16:24:46,288 - position: [-3.08534312 -0.53427482  1.22748041]
2024-07-18 16:24:46,545 - position: [-3.0847795  -0.53991914  1.22759068]
2024-07-18 16:24:46,821 - position: [-3.07887936 -0.54339731  1.22677815]
2024-07-18 16:24:47,102 - position: [-3.07720852 -0.54381418  1.22612751]
2024-07-18 16:24:47,350 - position: [-3.07529092 -0.54214525  1.22554755]
2024-07-18 16:24:47,579 - position: [-3.07406521 -0.54177934  1.22558808]
2024-07-18 16:24:47,824 - position: [-3.07436585 -0.54309946  1.22509086]
2024-07-18 16:24:48,093 - position: [-3.07501268 -0.54368752  1.22481096]
2024-07-18 16:24:48,324 - position: [-3.07513261 -0.54370064  1.22476518]
2024-07-18 16:24:48,552 - position: [-3.07455301 -0.54395902  1.22451353]
2024-07-18 16:24:48,794 - position: [-3.07383847 -0.54447323  1.2240212 ]
2024-07-18 16:24:49,068 - position: [-3.07234883 -0.54314476  1.22364974]
2024-07-18 16:24:49,281 - position: [-3.07044268 -0.5417397   1.22372937]
2024-07-18 16:24:49,553 - position: [-3.06902623 -0.54048097  1.22310317]
2024-07-18 16:24:49,824 - position: [-3.06991529 -0.54082817  1.22315192]
2024-07-18 16:24:50,057 - position: [-3.07039714 -0.54088199  1.22320688]
2024-07-18 16:24:50,268 - position: [-3.07020521 -0.54075509  1.22311795]
2024-07-18 16:24:50,529 - position: [-3.07051873 -0.54120499  1.22291172]
2024-07-18 16:24:50,768 - position: [-3.07127333 -0.54179102  1.22310174]
2024-07-18 16:24:51,058 - position: [-3.07227492 -0.54277027  1.22289896]
2024-07-18 16:24:51,302 - position: [-3.07272291 -0.54347938  1.22283304]
2024-07-18 16:24:51,552 - position: [-3.07324362 -0.54407728  1.22311234]
2024-07-18 16:24:51,808 - position: [-3.07120156 -0.54351819  1.22247112]
2024-07-18 16:24:52,091 - position: [-3.06961298 -0.5423308   1.22283459]
2024-07-18 16:24:52,319 - position: [-3.07099223 -0.54134494  1.22281933]
2024-07-18 16:24:52,561 - position: [-3.07090259 -0.54130816  1.22272265]
2024-07-18 16:24:52,823 - position: [-3.07119656 -0.54177564  1.22274888]
2024-07-18 16:24:53,059 - position: [-3.07124066 -0.5416429   1.22245932]
2024-07-18 16:24:53,348 - position: [-3.07143188 -0.54230273  1.22234559]
2024-07-18 16:24:53,569 - position: [-3.07158732 -0.54251128  1.222188  ]
2024-07-18 16:24:53,791 - position: [-3.07163167 -0.54268152  1.22219145]
2024-07-18 16:24:54,016 - position: [-3.07282424 -0.54307073  1.22211623]
2024-07-18 16:24:54,286 - position: [-3.07300496 -0.54338032  1.22221327]
2024-07-18 16:24:54,535 - position: [-3.0724988  -0.54224116  1.22206116]
2024-07-18 16:24:54,752 - position: [-3.07318568 -0.54150122  1.22276437]
2024-07-18 16:24:54,996 - position: [-3.07460856 -0.54112089  1.22293186]
2024-07-18 16:24:55,220 - position: [-3.07505059 -0.54089838  1.22291851]
2024-07-18 16:24:55,479 - position: [-3.07419872 -0.54116237  1.22279632]
2024-07-18 16:24:55,751 - position: [-3.07351589 -0.54136753  1.22266817]
2024-07-18 16:24:56,004 - position: [-3.0744288  -0.54120338  1.22278368]
2024-07-18 16:24:56,250 - position: [-3.07415748 -0.54140335  1.22252572]
2024-07-18 16:24:56,476 - position: [-3.07445097 -0.54137856  1.22234714]
2024-07-18 16:24:56,749 - position: [-3.07467318 -0.54044664  1.22279632]
2024-07-18 16:24:56,968 - position: [-3.07499886 -0.53856015  1.2228694 ]
2024-07-18 16:24:57,203 - position: [-3.07598901 -0.53773022  1.2226845 ]
2024-07-18 16:24:57,464 - position: [-3.07597184 -0.53789538  1.22260022]
2024-07-18 16:24:57,702 - position: [-3.07524109 -0.53884023  1.22265184]
2024-07-18 16:24:57,953 - position: [-3.07640386 -0.53931022  1.22245181]
2024-07-18 16:24:58,192 - position: [-3.07652879 -0.53928322  1.22204638]
2024-07-18 16:24:58,423 - position: [-3.07570863 -0.53867143  1.22231817]
2024-07-18 16:24:58,636 - position: [-3.07582188 -0.53873384  1.22232342]
2024-07-18 16:24:58,926 - position: [-3.07746243 -0.53974688  1.22219563]
2024-07-18 16:24:59,139 - position: [-3.07827973 -0.54021579  1.22261381]
2024-07-18 16:24:59,393 - position: [-3.07837772 -0.54032552  1.22259104]
2024-07-18 16:24:59,626 - position: [-3.07827687 -0.54012734  1.22254217]
2024-07-18 16:24:59,876 - position: [-3.07759261 -0.54018253  1.22229695]
2024-07-18 16:25:00,130 - position: [-3.07700944 -0.54058498  1.22211301]
2024-07-18 16:25:00,383 - position: [-3.07325602 -0.54050732  1.22476125]
2024-07-18 16:25:00,648 - position: [-3.0585072  -0.55498302  1.22911382]
2024-07-18 16:25:00,894 - position: [-3.03501797 -0.57602799  1.22410834]
2024-07-18 16:25:01,119 - position: [-3.02224422 -0.60212982  1.22026813]
2024-07-18 16:25:01,383 - position: [-2.98917913 -0.69479305  1.21361148]
2024-07-18 16:25:01,621 - position: [-2.92830586 -0.84949446  1.19732594]
2024-07-18 16:25:01,899 - position: [-2.93195701 -1.0298239   1.34755945]
2024-07-18 16:25:02,144 - position: [-2.9949832  -1.17493713  1.58727002]
2024-07-18 16:25:02,402 - position: [-2.98816562 -1.26740694  1.63505328]
2024-07-18 16:25:02,635 - position: [-2.94668126 -1.38293624  1.61469007]
2024-07-18 16:25:02,864 - position: [-2.8582356  -1.53503835  1.596766  ]
2024-07-18 16:25:03,071 - position: [-2.76192188 -1.72705615  1.64520061]
2024-07-18 16:25:03,276 - position: [-2.6237433  -1.97138226  1.62757778]
2024-07-18 16:25:03,568 - position: [-2.39649987 -2.29763198  1.65515327]
2024-07-18 16:25:03,782 - position: [-2.21145177 -2.45638037  1.64227509]
2024-07-18 16:25:04,026 - position: [-1.99866271 -2.5867188   1.62710857]
2024-07-18 16:25:04,309 - position: [-1.71686339 -2.79729462  1.66725385]
2024-07-18 16:25:04,537 - position: [-1.52773297 -2.94561458  1.63056362]
2024-07-18 16:25:04,748 - position: [-1.29585671 -3.07591367  1.67022741]
2024-07-18 16:25:04,992 - position: [-0.98630822 -3.0998435   1.63924038]
2024-07-18 16:25:05,237 - position: [-0.73626685 -3.06271482  1.63798773]
2024-07-18 16:25:05,473 - position: [-0.55376738 -3.06922412  1.67696095]
2024-07-18 16:25:05,678 - position: [-0.37938008 -3.05885315  1.6629225 ]
2024-07-18 16:25:05,912 - position: [-0.18010932 -3.03593111  1.68031585]
2024-07-18 16:25:06,149 - position: [-0.067386   -3.0115664   1.69496655]
2024-07-18 16:25:06,407 - position: [-0.04522247 -2.9967792   1.69807541]
2024-07-18 16:25:06,658 - position: [-0.05493552 -2.99303317  1.69841182]
2024-07-18 16:25:06,911 - position: [-0.05484971 -2.97489238  1.69904625]
2024-07-18 16:25:07,223 - position: [-0.07028857 -2.94794703  1.69866514]
2024-07-18 16:25:07,565 - position: [-0.10523491 -2.96492386  1.69577789]
2024-07-18 16:25:07,817 - position: [-0.12872484 -2.98624301  1.69129014]
2024-07-18 16:25:08,067 - position: [-0.16362669 -2.98845172  1.68723941]
2024-07-18 16:25:08,316 - position: [-0.25176525 -2.97947431  1.68206108]
2024-07-18 16:25:08,577 - position: [-0.35883725 -2.97226882  1.67159057]
2024-07-18 16:25:08,851 - position: [-0.629017   -2.8794446   1.61996651]
2024-07-18 16:25:09,098 - position: [-0.89342618 -2.72994924  1.64572394]
2024-07-18 16:25:09,345 - position: [-1.16891277 -2.64487886  1.65096867]
2024-07-18 16:25:09,569 - position: [-1.43092752 -2.5903933   1.61371088]
2024-07-18 16:25:09,852 - position: [-1.79828775 -2.44580913  1.66393685]
2024-07-18 16:25:10,103 - position: [-2.05291629 -2.29024911  1.61270499]
2024-07-18 16:25:10,366 - position: [-2.35549164 -2.07048082  1.65541494]
2024-07-18 16:25:10,628 - position: [-2.60021853 -1.88012314  1.63057029]
2024-07-18 16:25:10,835 - position: [-2.78783369 -1.70437515  1.61948371]
2024-07-18 16:25:11,086 - position: [-2.90089822 -1.45402849  1.63748693]
2024-07-18 16:25:11,291 - position: [-2.923599   -1.29765618  1.60235858]
2024-07-18 16:25:11,503 - position: [-2.92928433 -1.05945706  1.60980487]
2024-07-18 16:25:11,741 - position: [-2.88831043 -0.90263391  1.59117329]
2024-07-18 16:25:11,976 - position: [-2.82692623 -0.75154328  1.48964894]
2024-07-18 16:25:12,289 - position: [-2.739748   -0.65098667  1.41376829]
2024-07-18 16:25:12,569 - position: [-2.69288683 -0.61942416  1.4030056 ]
2024-07-18 16:25:12,825 - position: [-2.6860044  -0.6099782   1.40135205]
2024-07-18 16:25:13,097 - position: [-2.68563867 -0.61494237  1.39369571]
2024-07-18 16:25:13,350 - position: [-2.68422341 -0.62696123  1.39176714]
2024-07-18 16:25:13,616 - position: [-2.69619298 -0.6404022   1.39581895]
2024-07-18 16:25:13,876 - position: [-2.71179152 -0.64757746  1.4016552 ]
2024-07-18 16:25:14,137 - position: [-2.71083593 -0.64491415  1.40213001]
2024-07-18 16:25:14,429 - position: [-2.7105062  -0.63915718  1.4005481 ]
2024-07-18 16:25:14,706 - position: [-2.70819187 -0.64025629  1.40009379]
2024-07-18 16:25:14,951 - position: [-2.70406866 -0.6424948   1.39903939]
2024-07-18 16:25:15,194 - position: [-2.70179129 -0.64327389  1.39852619]
2024-07-18 16:25:15,453 - position: [-2.70002961 -0.64330465  1.3979708 ]
2024-07-18 16:25:15,701 - position: [-2.69915223 -0.64340478  1.39725995]
2024-07-18 16:25:15,927 - position: [-2.69796324 -0.64449883  1.39633393]
2024-07-18 16:25:16,207 - position: [-2.69734836 -0.64579147  1.39675927]
2024-07-18 16:25:16,439 - position: [-2.69714475 -0.64596665  1.39689589]
2024-07-18 16:25:16,668 - position: [-2.69717669 -0.64559096  1.39646304]
2024-07-18 16:25:16,919 - position: [-2.69854951 -0.64377946  1.39687586]
2024-07-18 16:25:17,156 - position: [-2.69887877 -0.64314139  1.39704919]
2024-07-18 16:25:17,384 - position: [-2.69983935 -0.64200515  1.39808977]
2024-07-18 16:25:17,630 - position: [-2.70086432 -0.64118981  1.39784193]
2024-07-18 16:25:17,849 - position: [-2.70160508 -0.64189804  1.39853096]
2024-07-18 16:25:18,086 - position: [-2.70260429 -0.64662057  1.40121591]
2024-07-18 16:25:18,329 - position: [-2.73327947 -0.65445495  1.43175912]
2024-07-18 16:25:18,551 - position: [-2.74418139 -0.65737778  1.43956947]
2024-07-18 16:25:18,795 - position: [-2.74558663 -0.65812361  1.43966258]
2024-07-18 16:25:19,005 - position: [-2.74599767 -0.65796924  1.44021344]
2024-07-18 16:25:19,228 - position: [-2.74588394 -0.65713573  1.44026375]
2024-07-18 16:25:19,508 - position: [-2.74569082 -0.65684497  1.44034517]
2024-07-18 16:25:19,754 - position: [-2.72867703 -0.65803075  1.43092489]
2024-07-18 16:25:20,018 - position: [-2.71364307 -0.66076142  1.41870832]
2024-07-18 16:25:20,270 - position: [-2.70771289 -0.66070402  1.41240311]
2024-07-18 16:25:20,535 - position: [-2.70600462 -0.66017902  1.41061044]
2024-07-18 16:25:20,774 - position: [-2.71558475 -0.65824741  1.41868544]
2024-07-18 16:25:21,041 - position: [-2.74102426 -0.65894896  1.43626785]
2024-07-18 16:25:21,299 - position: [-2.74379992 -0.65685505  1.43623447]
2024-07-18 16:25:21,537 - position: [-2.74812174 -0.65481883  1.43653572]
2024-07-18 16:25:21,765 - position: [-2.75090885 -0.65338969  1.43743539]
2024-07-18 16:25:22,034 - position: [-2.75677657 -0.653377    1.43948627]
2024-07-18 16:25:22,276 - position: [-2.75831246 -0.65289569  1.43967557]
2024-07-18 16:25:22,554 - position: [-2.74417591 -0.64948869  1.43118775]
2024-07-18 16:25:22,802 - position: [-2.7269702  -0.65240878  1.41790235]
2024-07-18 16:25:23,052 - position: [-2.72234535 -0.65214944  1.41318941]
2024-07-18 16:25:23,268 - position: [-2.72112441 -0.65222543  1.41176593]
2024-07-18 16:25:23,530 - position: [-2.72042894 -0.65311182  1.41129935]
2024-07-18 16:25:23,808 - position: [-2.71991229 -0.65293789  1.41071069]
2024-07-18 16:25:24,071 - position: [-2.71838951 -0.65269303  1.40950692]
2024-07-18 16:25:24,313 - position: [-2.71722126 -0.65467519  1.40932429]
2024-07-18 16:25:24,560 - position: [-2.71461225 -0.65559816  1.4080286 ]
2024-07-18 16:25:24,820 - position: [-2.71310592 -0.656156    1.40709126]
2024-07-18 16:25:25,041 - position: [-2.71156693 -0.65579879  1.40619969]
2024-07-18 16:25:25,305 - position: [-2.71023417 -0.65586621  1.40417945]
2024-07-18 16:25:25,553 - position: [-2.70935082 -0.65589762  1.40325141]
2024-07-18 16:25:25,802 - position: [-2.70939302 -0.65483803  1.4031167 ]
2024-07-18 16:25:26,068 - position: [-2.70948362 -0.65384555  1.40301609]
2024-07-18 16:25:26,334 - position: [-2.71031332 -0.65241212  1.4028213 ]
2024-07-18 16:25:26,585 - position: [-2.71106315 -0.65208423  1.40277934]
2024-07-18 16:25:26,869 - position: [-2.71056104 -0.65180463  1.40232694]
2024-07-18 16:25:27,080 - position: [-2.71019363 -0.65245402  1.40194881]
2024-07-18 16:25:27,306 - position: [-2.71000028 -0.65330899  1.40158474]
2024-07-18 16:25:27,554 - position: [-2.70789123 -0.65399927  1.39936638]
2024-07-18 16:25:27,758 - position: [-2.70578527 -0.65555662  1.39820528]
2024-07-18 16:25:28,005 - position: [-2.70518446 -0.65604275  1.39758956]
2024-07-18 16:25:28,310 - position: [-2.70442343 -0.65600401  1.39641535]
2024-07-18 16:25:28,557 - position: [-2.70409441 -0.6555109   1.39651632]
2024-07-18 16:25:28,836 - position: [-2.70406175 -0.65540969  1.39609098]
2024-07-18 16:25:29,057 - position: [-2.7043736  -0.65523994  1.3964076 ]
2024-07-18 16:25:29,296 - position: [-2.70499301 -0.654118    1.3962431 ]
2024-07-18 16:25:29,515 - position: [-2.70540309 -0.65322942  1.39634871]
2024-07-18 16:25:29,763 - position: [-2.70589447 -0.65281469  1.39624345]
2024-07-18 16:25:30,094 - position: [-2.70573783 -0.65344679  1.39622569]
2024-07-18 16:25:30,350 - position: [-2.70573306 -0.65317595  1.39604366]
2024-07-18 16:25:30,589 - position: [-2.70575929 -0.65171248  1.39590836]
2024-07-18 16:25:30,828 - position: [-2.70565176 -0.65154868  1.39556921]
2024-07-18 16:25:31,059 - position: [-2.70617509 -0.6516735   1.39583504]
2024-07-18 16:25:31,309 - position: [-2.70612526 -0.65130538  1.39569902]
2024-07-18 16:25:31,581 - position: [-2.70598793 -0.65116268  1.39596677]
2024-07-18 16:25:31,841 - position: [-2.70569611 -0.65202063  1.39628303]
2024-07-18 16:25:32,110 - position: [-2.70546818 -0.65332115  1.39632964]
2024-07-18 16:25:32,345 - position: [-2.70556617 -0.65272534  1.39620936]
2024-07-18 16:25:32,635 - position: [-2.70736408 -0.6536296   1.39607143]
2024-07-18 16:25:32,900 - position: [-2.72118092 -0.65286958  1.40975618]
2024-07-18 16:25:33,167 - position: [-2.74771881 -0.65254295  1.42974973]
2024-07-18 16:25:33,447 - position: [-2.75360632 -0.64747953  1.42967892]
2024-07-18 16:25:33,709 - position: [-2.75556517 -0.64564133  1.43024075]
2024-07-18 16:25:33,987 - position: [-2.75497699 -0.64607841  1.43096638]
2024-07-18 16:25:34,234 - position: [-2.75483346 -0.64587653  1.43157566]
2024-07-18 16:25:34,535 - position: [-2.75536799 -0.64582747  1.43229282]
2024-07-18 16:25:34,824 - position: [-2.75531697 -0.64750206  1.43215251]
2024-07-18 16:25:35,039 - position: [-2.75439405 -0.64752632  1.43186021]
2024-07-18 16:25:35,303 - position: [-2.7548418  -0.6477558   1.43148434]
2024-07-18 16:25:35,536 - position: [-2.75578332 -0.64683676  1.43262398]
2024-07-18 16:25:35,759 - position: [-2.75788116 -0.64606446  1.43228614]
2024-07-18 16:25:36,018 - position: [-2.76346016 -0.64505529  1.43215442]
2024-07-18 16:25:36,262 - position: [-2.76933718 -0.64188075  1.43166184]
2024-07-18 16:25:36,551 - position: [-2.79663706 -0.63209796  1.43223226]
2024-07-18 16:25:36,816 - position: [-2.83303308 -0.6359058   1.44843853]
2024-07-18 16:25:37,043 - position: [-2.84716225 -0.67114365  1.4661231 ]
2024-07-18 16:25:37,272 - position: [-2.84918833 -0.74932277  1.48586309]
2024-07-18 16:25:37,518 - position: [-2.84793019 -0.89614862  1.52865338]
2024-07-18 16:25:37,739 - position: [-2.85032463 -1.08182287  1.56519973]
2024-07-18 16:25:38,000 - position: [-2.88248181 -1.35004389  1.59640181]
2024-07-18 16:25:38,307 - position: [-2.87103915 -1.53454745  1.6578505 ]
2024-07-18 16:25:38,557 - position: [-2.78754926 -1.66367543  1.6468662 ]
2024-07-18 16:25:38,800 - position: [-2.59493661 -1.86085606  1.6071769 ]
2024-07-18 16:25:39,051 - position: [-2.39969826 -2.0655241   1.65615439]
2024-07-18 16:25:39,293 - position: [-2.22251797 -2.28981042  1.62699711]
2024-07-18 16:25:39,550 - position: [-2.04700065 -2.49996829  1.63838875]
2024-07-18 16:25:39,818 - position: [-1.79088426 -2.69103217  1.65967095]
2024-07-18 16:25:40,038 - position: [-1.59800327 -2.78654528  1.64007533]
2024-07-18 16:25:40,282 - position: [-1.37422073 -2.88456655  1.6681658 ]
2024-07-18 16:25:40,552 - position: [-1.07011175 -2.96698785  1.62276638]
2024-07-18 16:25:40,776 - position: [-0.84013844 -3.01275349  1.63959622]
2024-07-18 16:25:41,037 - position: [-0.64420778 -2.99247074  1.67515922]
2024-07-18 16:25:41,266 - position: [-0.44259581 -2.90325737  1.64624333]
2024-07-18 16:25:41,533 - position: [-0.31139317 -2.85451436  1.67628717]
2024-07-18 16:25:41,810 - position: [-0.18270552 -2.84841394  1.68867552]
2024-07-18 16:25:42,063 - position: [-0.09428183 -2.85790825  1.69281852]
2024-07-18 16:25:42,313 - position: [-0.06791061 -2.86916637  1.69050848]
2024-07-18 16:25:42,635 - position: [-0.07332654 -2.88132715  1.69059801]
2024-07-18 16:25:42,901 - position: [-0.08480079 -2.89242101  1.69015384]
2024-07-18 16:25:43,157 - position: [-0.09497974 -2.9004724   1.69062078]
2024-07-18 16:25:43,433 - position: [-0.09888605 -2.90491462  1.6906029 ]
2024-07-18 16:25:43,678 - position: [-0.09787879 -2.90540791  1.69021904]
2024-07-18 16:25:43,903 - position: [-0.09874687 -2.90600848  1.69008148]
2024-07-18 16:25:44,139 - position: [-0.10461786 -2.90967321  1.69021749]
2024-07-18 16:25:44,378 - position: [-0.12487026 -2.92228985  1.69151151]
2024-07-18 16:25:44,630 - position: [-0.13163429 -2.93428755  1.69583118]
2024-07-18 16:25:44,888 - position: [-0.11168369 -2.92744732  1.69933832]
2024-07-18 16:25:45,103 - position: [-0.11558925 -2.92364693  1.69834912]
2024-07-18 16:25:45,325 - position: [-0.11141825 -2.92824435  1.69998145]
2024-07-18 16:25:45,547 - position: [-0.10648176 -2.92841339  1.69871223]
2024-07-18 16:25:45,769 - position: [-0.10489575 -2.93938065  1.70037568]
2024-07-18 16:25:46,103 - position: [-0.10987278 -2.95612621  1.69961607]
2024-07-18 16:25:46,333 - position: [-0.11807262 -2.94224858  1.69284964]
2024-07-18 16:25:46,544 - position: [-0.15478297 -2.92951298  1.68941128]
2024-07-18 16:25:46,769 - position: [-0.24147122 -2.94611979  1.68411624]
2024-07-18 16:25:46,995 - position: [-0.35062286 -2.95893097  1.67103004]
2024-07-18 16:25:47,235 - position: [-0.43278027 -2.95017743  1.66245008]
2024-07-18 16:25:47,469 - position: [-0.58674896 -2.87988472  1.6311481 ]
2024-07-18 16:25:47,715 - position: [-0.7951861  -2.73985791  1.64404857]
2024-07-18 16:25:47,936 - position: [-0.99503154 -2.65674067  1.66451621]
2024-07-18 16:25:48,194 - position: [-1.23393929 -2.62045383  1.62159431]
2024-07-18 16:25:48,475 - position: [-1.56139958 -2.59806848  1.64143491]
2024-07-18 16:25:48,702 - position: [-1.80849326 -2.50097609  1.64925373]
2024-07-18 16:25:48,909 - position: [-2.04949403 -2.36536551  1.61522675]
2024-07-18 16:25:49,192 - position: [-2.25509739 -2.24402356  1.6418519 ]
2024-07-18 16:25:49,425 - position: [-2.5188508  -2.07254791  1.64227045]
2024-07-18 16:25:49,669 - position: [-2.7433362  -1.89116025  1.61861265]
2024-07-18 16:25:49,965 - position: [-2.90359068 -1.63713324  1.65082395]
2024-07-18 16:25:50,181 - position: [-2.9416523  -1.49574125  1.62142599]
2024-07-18 16:25:50,394 - position: [-2.94144511 -1.28708899  1.63426971]
2024-07-18 16:25:50,614 - position: [-2.92778325 -1.14626086  1.65391123]
2024-07-18 16:25:50,826 - position: [-2.86062598 -0.99160284  1.63623369]
2024-07-18 16:25:51,072 - position: [-2.78431177 -0.83991653  1.61257279]
2024-07-18 16:25:51,325 - position: [-2.68966365 -0.65786386  1.59682906]
2024-07-18 16:25:51,599 - position: [-2.67080235 -0.59198201  1.58618939]
2024-07-18 16:25:51,894 - position: [-2.68232894 -0.56940228  1.58302402]
2024-07-18 16:25:52,116 - position: [-2.67996454 -0.56861597  1.58280301]
2024-07-18 16:25:52,360 - position: [-2.68392777 -0.58006901  1.58490539]
2024-07-18 16:25:52,603 - position: [-2.69440413 -0.59114641  1.59023559]
2024-07-18 16:25:52,853 - position: [-2.70302916 -0.58958769  1.59178543]
2024-07-18 16:25:53,084 - position: [-2.72317648 -0.60066873  1.61567652]
2024-07-18 16:25:53,369 - position: [-2.76206374 -0.62209737  1.64078224]
2024-07-18 16:25:53,621 - position: [-2.77112889 -0.63348532  1.64403772]
2024-07-18 16:25:53,875 - position: [-2.77663422 -0.64106458  1.64627218]
2024-07-18 16:25:54,162 - position: [-2.78174877 -0.64125174  1.64679563]
2024-07-18 16:25:54,410 - position: [-2.78172374 -0.64416331  1.64650214]
2024-07-18 16:25:54,636 - position: [-2.77731895 -0.64842772  1.64618373]
2024-07-18 16:25:54,883 - position: [-2.77798915 -0.65029395  1.64666295]
2024-07-18 16:25:55,141 - position: [-2.77803016 -0.65004951  1.64625859]
2024-07-18 16:25:55,413 - position: [-2.78090572 -0.65359217  1.6475141 ]
2024-07-18 16:25:55,619 - position: [-2.78032064 -0.65370065  1.64740384]
2024-07-18 16:25:55,959 - position: [-2.72810221 -0.62845844  1.61676276]
2024-07-18 16:25:56,232 - position: [-2.71190381 -0.61672843  1.59889841]
2024-07-18 16:25:56,524 - position: [-2.70616364 -0.60999644  1.59266055]
2024-07-18 16:25:56,739 - position: [-2.70584488 -0.60748327  1.590096  ]
2024-07-18 16:25:56,952 - position: [-2.70675611 -0.6056      1.5889889 ]
2024-07-18 16:25:57,194 - position: [-2.70934367 -0.60469133  1.58915067]
2024-07-18 16:25:57,433 - position: [-2.70938802 -0.60435319  1.58914363]
2024-07-18 16:25:57,680 - position: [-2.70933414 -0.60327584  1.58929503]
2024-07-18 16:25:57,938 - position: [-2.70985031 -0.60277784  1.58964705]
2024-07-18 16:25:58,192 - position: [-2.70905948 -0.60458326  1.58872819]
2024-07-18 16:25:58,429 - position: [-2.71138287 -0.60575169  1.59044337]
2024-07-18 16:25:58,711 - position: [-2.71408677 -0.60777426  1.59382439]
2024-07-18 16:25:58,952 - position: [-2.7352519  -0.61733156  1.61572719]
2024-07-18 16:25:59,169 - position: [-2.75325751 -0.62488258  1.62662864]
2024-07-18 16:25:59,443 - position: [-2.76152968 -0.62920624  1.62988281]
2024-07-18 16:25:59,736 - position: [-2.76831794 -0.63012433  1.63082373]
2024-07-18 16:26:00,012 - position: [-2.77705336 -0.62876838  1.63287652]
2024-07-18 16:26:00,268 - position: [-2.77624631 -0.62735289  1.63202369]
2024-07-18 16:26:00,519 - position: [-2.77476549 -0.62556726  1.63146424]
2024-07-18 16:26:00,768 - position: [-2.77421522 -0.62474465  1.63139772]
2024-07-18 16:26:01,035 - position: [-2.77145743 -0.62154883  1.63066041]
2024-07-18 16:26:01,260 - position: [-2.76931119 -0.6216982   1.63036597]
2024-07-18 16:26:01,574 - position: [-2.76974463 -0.62168998  1.63027465]
2024-07-18 16:26:01,868 - position: [-2.7713418  -0.62014663  1.63009524]
2024-07-18 16:26:02,148 - position: [-2.77367592 -0.62122434  1.63014627]
2024-07-18 16:26:02,412 - position: [-2.7753706  -0.62033927  1.62983167]
2024-07-18 16:26:02,655 - position: [-2.77288699 -0.61960644  1.62907183]
2024-07-18 16:26:02,902 - position: [-2.77128363 -0.61852676  1.62854517]
2024-07-18 16:26:03,102 - position: [-2.77039576 -0.6185028   1.62833261]
2024-07-18 16:26:03,351 - position: [-2.76915693 -0.61763346  1.62735403]
2024-07-18 16:26:03,662 - position: [-2.73142171 -0.60348785  1.60232484]
2024-07-18 16:26:03,897 - position: [-2.72425604 -0.60314572  1.59897351]
2024-07-18 16:26:04,137 - position: [-2.71983242 -0.60686713  1.59964573]
2024-07-18 16:26:04,385 - position: [-2.71500039 -0.6120106   1.59766233]
2024-07-18 16:26:04,695 - position: [-2.70574474 -0.61615419  1.59586751]
2024-07-18 16:26:04,906 - position: [-2.67752051 -0.63033324  1.59287596]
2024-07-18 16:26:05,125 - position: [-2.65907145 -0.69113833  1.59593439]
2024-07-18 16:26:05,363 - position: [-2.66543078 -0.81487316  1.60524416]
2024-07-18 16:26:05,636 - position: [-2.71539164 -1.12308788  1.58402669]
2024-07-18 16:26:05,874 - position: [-2.74215245 -1.35610628  1.58551097]
2024-07-18 16:26:06,107 - position: [-2.74528384 -1.46529114  1.59878373]
2024-07-18 16:26:06,353 - position: [-2.69224    -1.5698607   1.61367857]
2024-07-18 16:26:06,584 - position: [-2.56388569 -1.71492434  1.58664322]
2024-07-18 16:26:06,829 - position: [-2.35522199 -1.90006375  1.61612451]
2024-07-18 16:26:07,045 - position: [-2.252666   -2.03371692  1.64222217]
2024-07-18 16:26:07,307 - position: [-2.0786674  -2.24210024  1.61697745]
2024-07-18 16:26:07,543 - position: [-1.8546555  -2.45339012  1.66721654]
2024-07-18 16:26:07,786 - position: [-1.68826342 -2.54690838  1.63655806]
2024-07-18 16:26:08,025 - position: [-1.33909059 -2.67342043  1.62928927]
2024-07-18 16:26:08,278 - position: [-1.09156322 -2.78919578  1.63100219]
2024-07-18 16:26:08,508 - position: [-0.9031117  -2.8900826   1.62768364]
2024-07-18 16:26:08,709 - position: [-0.73170465 -2.96139765  1.67262173]
2024-07-18 16:26:08,921 - position: [-0.60374188 -2.97816515  1.66891074]
2024-07-18 16:26:09,177 - position: [-0.44160736 -2.94430828  1.64884222]
2024-07-18 16:26:09,470 - position: [-0.27019057 -2.90150857  1.67186356]
2024-07-18 16:26:09,745 - position: [-0.1739607  -2.88676715  1.67955863]
2024-07-18 16:26:09,991 - position: [-0.06879552 -2.88773537  1.69113529]
2024-07-18 16:26:10,235 - position: [-0.02603572 -2.89453483  1.68795288]
2024-07-18 16:26:10,479 - position: [-0.01659991 -2.90657139  1.68892443]
2024-07-18 16:26:10,735 - position: [-0.03020632 -2.92846084  1.69141686]
2024-07-18 16:26:10,954 - position: [-0.02541634 -2.94004631  1.69391286]
2024-07-18 16:26:11,216 - position: [-0.01211247 -2.92338204  1.69601274]
2024-07-18 16:26:11,475 - position: [-0.01623431 -2.91629004  1.69661832]
2024-07-18 16:26:11,725 - position: [-0.01867876 -2.92007351  1.69706392]
2024-07-18 16:26:11,994 - position: [-0.04136886 -2.90468621  1.68862844]
2024-07-18 16:26:12,222 - position: [-0.10024452 -2.8945837   1.68298006]
2024-07-18 16:26:12,452 - position: [-0.25022525 -2.854949    1.66836381]
2024-07-18 16:26:12,669 - position: [-0.45552161 -2.81076145  1.66378033]
2024-07-18 16:26:12,918 - position: [-0.68387407 -2.75076795  1.64512956]
2024-07-18 16:26:13,153 - position: [-0.92172468 -2.64144135  1.6145649 ]
2024-07-18 16:26:13,404 - position: [-1.15493035 -2.53812099  1.65794241]
2024-07-18 16:26:13,680 - position: [-1.50288653 -2.44315624  1.62267733]
2024-07-18 16:26:13,941 - position: [-1.80322623 -2.36544561  1.65193737]
2024-07-18 16:26:14,207 - position: [-2.01553535 -2.25545359  1.65011322]
2024-07-18 16:26:14,445 - position: [-2.2833128  -2.08028507  1.62205279]
2024-07-18 16:26:14,673 - position: [-2.49661183 -1.91513312  1.65465546]
2024-07-18 16:26:14,887 - position: [-2.65407896 -1.77811682  1.62552798]
2024-07-18 16:26:15,109 - position: [-2.83295107 -1.59249234  1.63721788]
2024-07-18 16:26:15,354 - position: [-2.91273618 -1.38970184  1.63673675]
2024-07-18 16:26:15,584 - position: [-2.91822004 -1.24377251  1.61716461]
2024-07-18 16:26:15,820 - position: [-2.8934381  -1.04400051  1.63888097]
2024-07-18 16:26:16,101 - position: [-2.82955384 -0.93169701  1.63782609]
2024-07-18 16:26:16,357 - position: [-2.75515509 -0.75963718  1.61641896]
2024-07-18 16:26:16,631 - position: [-2.71199346 -0.62279648  1.60004902]
2024-07-18 16:26:16,908 - position: [-2.70366001 -0.56319654  1.5865103 ]
2024-07-18 16:26:17,139 - position: [-2.70969534 -0.54240024  1.57996953]
2024-07-18 16:26:17,394 - position: [-2.7282784  -0.5219661   1.58351505]
2024-07-18 16:26:17,635 - position: [-2.73070431 -0.52105474  1.58177161]
2024-07-18 16:26:17,887 - position: [-2.73101759 -0.52786708  1.58157659]
2024-07-18 16:26:18,141 - position: [-2.73359966 -0.53203666  1.58046377]
2024-07-18 16:26:18,375 - position: [-2.73630071 -0.53284252  1.57975662]
2024-07-18 16:26:18,624 - position: [-2.73477316 -0.53321189  1.57740545]
2024-07-18 16:26:18,838 - position: [-2.73461604 -0.53318459  1.57751155]
2024-07-18 16:26:19,072 - position: [-2.73577476 -0.53355032  1.57713413]
2024-07-18 16:26:19,326 - position: [-2.73902178 -0.53519851  1.57675791]
2024-07-18 16:26:19,595 - position: [-2.73821878 -0.53640497  1.57636571]
2024-07-18 16:26:19,844 - position: [-2.73821115 -0.53999382  1.57850349]
2024-07-18 16:26:20,089 - position: [-2.74072266 -0.54595548  1.58075154]
2024-07-18 16:26:20,349 - position: [-2.74204922 -0.54937232  1.58245635]
2024-07-18 16:26:20,565 - position: [-2.76500034 -0.55995172  1.61105657]
2024-07-18 16:26:20,800 - position: [-2.77855921 -0.56361389  1.62172699]
2024-07-18 16:26:21,074 - position: [-2.78165889 -0.56303227  1.62390053]
2024-07-18 16:26:21,307 - position: [-2.77420807 -0.56203783  1.61976075]
2024-07-18 16:26:21,570 - position: [-2.75449395 -0.56470251  1.60477459]
2024-07-18 16:26:21,804 - position: [-2.75220847 -0.56533223  1.60317671]
2024-07-18 16:26:22,085 - position: [-2.75230813 -0.56744581  1.6026001 ]
2024-07-18 16:26:22,287 - position: [-2.75283575 -0.56862974  1.60241926]
2024-07-18 16:26:22,607 - position: [-2.75497246 -0.56933498  1.60119593]
2024-07-18 16:26:22,848 - position: [-2.75729394 -0.56911784  1.60173273]
2024-07-18 16:26:23,099 - position: [-2.75878716 -0.56938016  1.60232866]
2024-07-18 16:26:23,345 - position: [-2.75763893 -0.56990182  1.60104609]
2024-07-18 16:26:23,559 - position: [-2.75700021 -0.57069415  1.6015358 ]
2024-07-18 16:26:23,816 - position: [-2.7567296  -0.5716992   1.60056746]
2024-07-18 16:26:24,066 - position: [-2.75583625 -0.5722236   1.59990263]
2024-07-18 16:26:24,348 - position: [-2.75494337 -0.57268155  1.59965885]
2024-07-18 16:26:24,645 - position: [-2.75451565 -0.57270408  1.59963   ]
2024-07-18 16:26:24,874 - position: [-2.75509071 -0.57311594  1.59980404]
2024-07-18 16:26:25,134 - position: [-2.75619936 -0.5737223   1.60039842]
2024-07-18 16:26:25,365 - position: [-2.75719213 -0.57367837  1.60061193]
2024-07-18 16:26:25,579 - position: [-2.75807929 -0.57401663  1.60181928]
2024-07-18 16:26:25,818 - position: [-2.76964593 -0.57640594  1.61437142]
2024-07-18 16:26:26,094 - position: [-2.78229856 -0.57870698  1.62273788]
2024-07-18 16:26:26,329 - position: [-2.78506827 -0.57865244  1.62416947]
2024-07-18 16:26:26,596 - position: [-2.78573036 -0.57839811  1.62443948]
2024-07-18 16:26:26,849 - position: [-2.78590775 -0.57645375  1.62444854]
2024-07-18 16:26:27,109 - position: [-2.78684497 -0.57489192  1.6244452 ]
2024-07-18 16:26:27,324 - position: [-2.78752589 -0.57455176  1.62556577]
2024-07-18 16:26:27,590 - position: [-2.78092766 -0.57900363  1.62732983]
2024-07-18 16:26:27,862 - position: [-2.74419832 -0.60554183  1.62883186]
2024-07-18 16:26:28,073 - position: [-2.70176005 -0.69405353  1.61325204]
2024-07-18 16:26:28,345 - position: [-2.74243116 -0.88931537  1.61299253]
2024-07-18 16:26:28,621 - position: [-2.84087229 -1.1404748   1.60258317]
2024-07-18 16:26:28,869 - position: [-2.87776184 -1.31313908  1.62719727]
2024-07-18 16:26:29,095 - position: [-2.81748629 -1.44566846  1.60797739]
2024-07-18 16:26:29,329 - position: [-2.67352962 -1.63608444  1.56259644]
2024-07-18 16:26:29,585 - position: [-2.50420809 -1.87833738  1.60389841]
2024-07-18 16:26:29,835 - position: [-2.37981296 -2.08850336  1.63431191]
2024-07-18 16:26:30,049 - position: [-2.27104497 -2.2751894   1.6122086 ]
2024-07-18 16:26:30,287 - position: [-2.08754802 -2.5101583   1.67010641]
2024-07-18 16:26:30,524 - position: [-1.94193387 -2.59795737  1.64844501]
2024-07-18 16:26:30,737 - position: [-1.64698732 -2.73686647  1.63423336]
2024-07-18 16:26:30,961 - position: [-1.4536854  -2.82813907  1.66083372]
2024-07-18 16:26:31,178 - position: [-1.21916115 -2.92612123  1.61940134]
2024-07-18 16:26:31,416 - position: [-0.96322966 -3.03449893  1.6461525 ]
2024-07-18 16:26:31,663 - position: [-0.7689774  -3.07126164  1.66977489]
2024-07-18 16:26:31,977 - position: [-0.52277315 -3.03132439  1.6489619 ]
2024-07-18 16:26:32,231 - position: [-0.3611154  -3.00497055  1.67389333]
2024-07-18 16:26:32,504 - position: [-0.19882686 -2.98300576  1.67145896]
2024-07-18 16:26:32,725 - position: [-0.05555218 -2.96371007  1.68439305]
2024-07-18 16:26:32,978 - position: [-0.01300634 -2.94576144  1.68664634]
2024-07-18 16:26:33,227 - position: [-0.02964614 -2.94855261  1.69154871]
2024-07-18 16:26:33,528 - position: [-0.05315503 -2.95954084  1.69405973]
2024-07-18 16:26:33,797 - position: [-0.05564317 -2.94828534  1.69744635]
2024-07-18 16:26:34,019 - position: [-0.05878916 -2.94534183  1.69705534]
2024-07-18 16:26:34,267 - position: [-0.06686439 -2.94098711  1.69766903]
2024-07-18 16:26:34,495 - position: [-0.1171429  -2.9278307   1.69073665]
2024-07-18 16:26:34,752 - position: [-0.25807476 -2.90941548  1.67564249]
2024-07-18 16:26:34,997 - position: [-0.39060071 -2.88266277  1.66469455]
2024-07-18 16:26:35,277 - position: [-0.58799952 -2.80256844  1.65325165]
2024-07-18 16:26:35,521 - position: [-0.88585526 -2.65713501  1.62398446]
2024-07-18 16:26:35,770 - position: [-1.13704133 -2.55156755  1.67060959]
2024-07-18 16:26:35,991 - position: [-1.40550745 -2.47422409  1.63332736]
2024-07-18 16:26:36,212 - position: [-1.64865148 -2.40318632  1.63703692]
2024-07-18 16:26:36,475 - position: [-1.90633845 -2.27486825  1.66393042]
2024-07-18 16:26:36,702 - position: [-2.18254471 -2.09681463  1.61785543]
2024-07-18 16:26:36,962 - position: [-2.45443153 -1.90486741  1.67099118]
2024-07-18 16:26:37,229 - position: [-2.70711708 -1.71579516  1.62332082]
2024-07-18 16:26:37,443 - position: [-2.88322902 -1.52770746  1.64934325]
2024-07-18 16:26:37,687 - position: [-2.94592834 -1.33414698  1.63885283]
2024-07-18 16:26:37,900 - position: [-2.92252159 -1.14671052  1.62346268]
2024-07-18 16:26:38,164 - position: [-2.88606596 -0.97941989  1.6433382 ]
2024-07-18 16:26:38,376 - position: [-2.84140182 -0.90772104  1.64158404]
2024-07-18 16:26:38,633 - position: [-2.76665306 -0.74549812  1.62247837]
2024-07-18 16:26:38,872 - position: [-2.72682381 -0.62555015  1.60695291]
2024-07-18 16:26:39,128 - position: [-2.71280956 -0.5696547   1.59987807]
2024-07-18 16:26:39,405 - position: [-2.70678926 -0.5325309   1.59623146]
2024-07-18 16:26:39,739 - position: [-2.70541549 -0.52502239  1.59471416]
2024-07-18 16:26:40,020 - position: [-2.70741534 -0.52725065  1.59538496]
2024-07-18 16:26:40,278 - position: [-2.70452404 -0.5338859   1.59423029]
2024-07-18 16:26:40,525 - position: [-2.70338011 -0.5379495   1.59374738]
2024-07-18 16:26:40,778 - position: [-2.70584488 -0.538867    1.59371698]
2024-07-18 16:26:41,019 - position: [-2.70918012 -0.53887969  1.59444463]
2024-07-18 16:26:41,302 - position: [-2.70893574 -0.53924882  1.59370482]
2024-07-18 16:26:41,559 - position: [-2.7089963  -0.54012024  1.59331429]
2024-07-18 16:26:41,841 - position: [-2.7095933  -0.5403586   1.59672379]
2024-07-18 16:26:42,061 - position: [-2.73960042 -0.54588348  1.62460721]
