2024-07-19 16:02:28,687 - position: [ 0.96420389 -2.70823622  1.51224577]
2024-07-19 16:02:28,975 - position: [ 0.96420372 -2.70822287  1.51228356]
2024-07-19 16:02:29,192 - position: [ 0.96418864 -2.70821691  1.5122844 ]
2024-07-19 16:02:29,398 - position: [ 0.96420056 -2.70824122  1.51226723]
2024-07-19 16:02:29,617 - position: [ 0.96419382 -2.70823026  1.51224017]
2024-07-19 16:02:29,908 - position: [ 0.96418798 -2.70823145  1.51226878]
2024-07-19 16:02:30,123 - position: [ 0.96419287 -2.70822215  1.51226127]
2024-07-19 16:02:30,333 - position: [ 0.9641937  -2.70822477  1.51226592]
2024-07-19 16:02:30,586 - position: [ 0.96419168 -2.70822644  1.51228392]
2024-07-19 16:02:30,869 - position: [ 0.9642055  -2.70822453  1.51225412]
2024-07-19 16:02:31,099 - position: [ 0.96418983 -2.70821118  1.51230073]
2024-07-19 16:02:31,328 - position: [ 0.9641912  -2.70822501  1.51225734]
2024-07-19 16:02:31,556 - position: [ 0.96419394 -2.70823574  1.51228237]
2024-07-19 16:02:31,852 - position: [ 0.96419752 -2.70822763  1.51228189]
2024-07-19 16:02:32,062 - position: [ 0.96418446 -2.7082212   1.51225269]
2024-07-19 16:02:32,308 - position: [ 0.96421343 -2.70822239  1.51227367]
2024-07-19 16:02:32,523 - position: [ 0.96418941 -2.70822906  1.51225913]
2024-07-19 16:02:32,822 - position: [ 0.96419984 -2.70822287  1.51223624]
2024-07-19 16:02:33,029 - position: [ 0.96418643 -2.70822453  1.51226795]
2024-07-19 16:02:33,257 - position: [ 0.96418995 -2.70822406  1.51224291]
2024-07-19 16:02:33,468 - position: [ 0.96420628 -2.7082274   1.51227093]
2024-07-19 16:02:33,841 - position: [ 0.96431839 -2.70827341  1.51216137]
2024-07-19 16:02:34,124 - position: [ 0.9641816  -2.70821881  1.51224113]
2024-07-19 16:02:34,345 - position: [ 0.96419591 -2.7082355   1.51226151]
2024-07-19 16:02:34,553 - position: [ 0.96419215 -2.70821285  1.51226401]
2024-07-19 16:02:34,796 - position: [ 0.96420866 -2.70821595  1.5122565 ]
2024-07-19 16:02:35,023 - position: [ 0.96421528 -2.70824027  1.51221681]
2024-07-19 16:02:35,294 - position: [ 0.96420521 -2.70821738  1.51229596]
2024-07-19 16:02:35,591 - position: [ 0.96419591 -2.70820379  1.51226556]
2024-07-19 16:02:35,833 - position: [ 0.96420354 -2.70822263  1.51226783]
2024-07-19 16:02:36,097 - position: [ 0.96420485 -2.70823097  1.51226616]
2024-07-19 16:02:36,315 - position: [ 0.96419853 -2.70823908  1.51225519]
2024-07-19 16:02:36,632 - position: [ 0.96422201 -2.70823288  1.51222777]
2024-07-19 16:02:36,917 - position: [ 0.96420681 -2.70822835  1.51226318]
2024-07-19 16:02:37,151 - position: [ 0.96421778 -2.70822406  1.51224864]
2024-07-19 16:02:37,374 - position: [ 0.96422517 -2.7082386   1.51225257]
2024-07-19 16:02:37,632 - position: [ 0.96421653 -2.70822525  1.51227307]
2024-07-19 16:02:37,900 - position: [ 0.96421742 -2.70821929  1.51227808]
2024-07-19 16:02:38,181 - position: [ 0.96423608 -2.70823526  1.51224792]
2024-07-19 16:02:38,411 - position: [ 0.96422654 -2.70823884  1.51229143]
2024-07-19 16:02:38,657 - position: [ 0.96420813 -2.70823884  1.51226687]
2024-07-19 16:02:38,934 - position: [ 0.96423703 -2.70823574  1.5122503 ]
2024-07-19 16:02:39,152 - position: [ 0.96423942 -2.70825267  1.51226866]
2024-07-19 16:02:39,409 - position: [ 0.9642058  -2.70824265  1.51226401]
2024-07-19 16:02:39,665 - position: [ 0.96437377 -2.70828843  1.51209271]
2024-07-19 16:02:39,887 - position: [ 0.96422696 -2.70825028  1.51224589]
2024-07-19 16:02:40,159 - position: [ 0.96422911 -2.70824075  1.512272  ]
2024-07-19 16:02:40,381 - position: [ 0.96424222 -2.7082448   1.51226354]
2024-07-19 16:02:40,643 - position: [ 0.96423358 -2.7082479   1.51228201]
2024-07-19 16:02:40,886 - position: [ 0.96422333 -2.70823336  1.51225543]
2024-07-19 16:02:41,124 - position: [ 0.96421951 -2.70822859  1.51226878]
2024-07-19 16:02:41,369 - position: [ 0.96422631 -2.70824766  1.51225948]
2024-07-19 16:02:41,634 - position: [ 0.96435046 -2.70823836  1.51216304]
2024-07-19 16:02:41,847 - position: [ 0.96423596 -2.70823812  1.5122546 ]
2024-07-19 16:02:42,058 - position: [ 0.96421689 -2.70824909  1.51229727]
2024-07-19 16:02:42,313 - position: [ 0.96422839 -2.70822644  1.51226485]
2024-07-19 16:02:42,557 - position: [ 0.96422333 -2.70824027  1.51227641]
2024-07-19 16:02:42,805 - position: [ 0.96423239 -2.70824337  1.51227665]
2024-07-19 16:02:43,045 - position: [ 0.96421099 -2.70824313  1.51225388]
2024-07-19 16:02:43,286 - position: [ 0.96422458 -2.7082274   1.51228249]
2024-07-19 16:02:43,502 - position: [ 0.96424311 -2.70822978  1.51223779]
2024-07-19 16:02:43,749 - position: [ 0.96421677 -2.70824122  1.51225817]
2024-07-19 16:02:43,955 - position: [ 0.96422315 -2.70824218  1.5122267 ]
2024-07-19 16:02:44,162 - position: [ 0.96421629 -2.70823812  1.51228607]
2024-07-19 16:02:44,363 - position: [ 0.9642092  -2.70823407  1.5122627 ]
2024-07-19 16:02:44,597 - position: [ 0.96423274 -2.70824003  1.5122788 ]
2024-07-19 16:02:44,862 - position: [ 0.96422666 -2.70823598  1.5122565 ]
2024-07-19 16:02:45,130 - position: [ 0.96424139 -2.70824742  1.51227403]
2024-07-19 16:02:45,344 - position: [ 0.96421993 -2.70824742  1.5122875 ]
2024-07-19 16:02:45,678 - position: [ 0.96422452 -2.70821261  1.51222444]
2024-07-19 16:02:45,918 - position: [ 0.96422523 -2.70824909  1.51228714]
2024-07-19 16:02:46,182 - position: [ 0.96422386 -2.70824838  1.51228344]
2024-07-19 16:02:46,452 - position: [ 0.9642238  -2.70823908  1.51224935]
2024-07-19 16:02:46,688 - position: [ 0.96423215 -2.70823789  1.51229107]
2024-07-19 16:02:46,905 - position: [ 0.96422148 -2.70823646  1.51228058]
2024-07-19 16:02:47,140 - position: [ 0.96425605 -2.70825863  1.51222861]
2024-07-19 16:02:47,367 - position: [ 0.96423864 -2.70822811  1.51228392]
2024-07-19 16:02:47,575 - position: [ 0.96424186 -2.70824099  1.51225793]
2024-07-19 16:02:47,808 - position: [ 0.96422297 -2.70823669  1.5122782 ]
2024-07-19 16:02:48,078 - position: [ 0.96420491 -2.70823097  1.51226127]
2024-07-19 16:02:48,302 - position: [ 0.96424848 -2.70824313  1.51224792]
2024-07-19 16:02:48,535 - position: [ 0.96422613 -2.70824051  1.51225519]
2024-07-19 16:02:48,807 - position: [ 0.96422261 -2.70823193  1.51226377]
2024-07-19 16:02:49,040 - position: [ 0.96422827 -2.70824242  1.51225305]
2024-07-19 16:02:49,341 - position: [ 0.96421754 -2.70823574  1.5122335 ]
2024-07-19 16:02:49,611 - position: [ 0.96420121 -2.70822835  1.51225734]
2024-07-19 16:02:49,835 - position: [ 0.96419376 -2.70824313  1.51224589]
2024-07-19 16:02:50,075 - position: [ 0.96420336 -2.7082386   1.51226759]
2024-07-19 16:02:50,338 - position: [ 0.9643259  -2.70827365  1.51216459]
2024-07-19 16:02:50,601 - position: [ 0.96421039 -2.70822096  1.51226687]
2024-07-19 16:02:50,887 - position: [ 0.96422386 -2.70824647  1.51224113]
2024-07-19 16:02:51,127 - position: [ 0.96419746 -2.70822573  1.5122329 ]
2024-07-19 16:02:51,355 - position: [ 0.96417862 -2.70824766  1.51225674]
2024-07-19 16:02:51,592 - position: [ 0.96418768 -2.70822358  1.51225126]
2024-07-19 16:02:51,823 - position: [ 0.96419996 -2.70823264  1.51227129]
2024-07-19 16:02:52,079 - position: [ 0.96420538 -2.70823669  1.51227117]
2024-07-19 16:02:52,341 - position: [ 0.96419209 -2.70823383  1.5122757 ]
2024-07-19 16:02:52,591 - position: [ 0.96420187 -2.70823145  1.51224089]
2024-07-19 16:02:52,878 - position: [ 0.96421093 -2.70821857  1.51224434]
2024-07-19 16:02:53,140 - position: [ 0.96419585 -2.70823359  1.51226878]
2024-07-19 16:02:53,367 - position: [ 0.96420348 -2.70821881  1.51227534]
2024-07-19 16:02:53,661 - position: [ 0.9642027  -2.70824361  1.51226711]
2024-07-19 16:02:53,893 - position: [ 0.96420485 -2.70822763  1.51227653]
2024-07-19 16:02:54,100 - position: [ 0.96422911 -2.70823264  1.51221967]
2024-07-19 16:02:54,327 - position: [ 0.96421945 -2.70824003  1.51225019]
2024-07-19 16:02:54,584 - position: [ 0.96421278 -2.70823336  1.51224566]
2024-07-19 16:02:54,842 - position: [ 0.96420848 -2.70824695  1.51222765]
2024-07-19 16:02:55,057 - position: [ 0.9641915  -2.7082355   1.51229942]
2024-07-19 16:02:55,297 - position: [ 0.96419775 -2.70823336  1.51222992]
2024-07-19 16:02:55,544 - position: [ 0.96418786 -2.70823097  1.51224613]
2024-07-19 16:02:55,848 - position: [ 0.964185   -2.7082243   1.51228309]
2024-07-19 16:02:56,092 - position: [ 0.96420199 -2.70823979  1.51226819]
2024-07-19 16:02:56,346 - position: [ 0.96421349 -2.70823002  1.5122565 ]
2024-07-19 16:02:56,549 - position: [ 0.9642418  -2.70823884  1.51221442]
2024-07-19 16:02:56,782 - position: [ 0.96418828 -2.70824671  1.51223099]
2024-07-19 16:02:57,000 - position: [ 0.96420258 -2.70823216  1.51226521]
2024-07-19 16:02:57,253 - position: [ 0.96421605 -2.70824671  1.51227713]
2024-07-19 16:02:57,538 - position: [ 0.96417767 -2.70823526  1.51227188]
2024-07-19 16:02:57,752 - position: [ 0.96421576 -2.70823359  1.51228905]
2024-07-19 16:02:58,024 - position: [ 0.96421176 -2.70824146  1.51226318]
2024-07-19 16:02:58,322 - position: [ 0.96418488 -2.70823526  1.51228559]
2024-07-19 16:02:58,541 - position: [ 0.96422935 -2.7082386   1.51223302]
2024-07-19 16:02:58,773 - position: [ 0.96420968 -2.70823669  1.51224673]
2024-07-19 16:02:59,032 - position: [ 0.9641999  -2.70822525  1.51224148]
2024-07-19 16:02:59,309 - position: [ 0.96419483 -2.70822763  1.51225841]
2024-07-19 16:02:59,527 - position: [ 0.96419626 -2.7082386   1.51226401]
2024-07-19 16:02:59,739 - position: [ 0.96420497 -2.70823622  1.51226354]
2024-07-19 16:02:59,980 - position: [ 0.96421403 -2.70823455  1.51226425]
2024-07-19 16:03:00,191 - position: [ 0.96423006 -2.70823002  1.51222944]
2024-07-19 16:03:00,400 - position: [ 0.96419257 -2.70822334  1.51224101]
2024-07-19 16:03:00,630 - position: [ 0.96419752 -2.70823455  1.51224661]
2024-07-19 16:03:00,901 - position: [ 0.96418947 -2.70823789  1.51225114]
2024-07-19 16:03:01,149 - position: [ 0.96420783 -2.70821786  1.51223576]
2024-07-19 16:03:01,407 - position: [ 0.96420306 -2.70823932  1.51226687]
2024-07-19 16:03:01,638 - position: [ 0.96420932 -2.70824814  1.51227713]
2024-07-19 16:03:01,914 - position: [ 0.96423459 -2.70824766  1.51226389]
2024-07-19 16:03:02,119 - position: [ 0.96419513 -2.70822167  1.51226151]
2024-07-19 16:03:02,375 - position: [ 0.96420592 -2.7082324   1.51227736]
2024-07-19 16:03:02,664 - position: [ 0.96417844 -2.70822453  1.51225805]
2024-07-19 16:03:02,875 - position: [ 0.96420741 -2.70823002  1.51226771]
2024-07-19 16:03:03,121 - position: [ 0.9641937  -2.70823336  1.51227391]
2024-07-19 16:03:03,402 - position: [ 0.96420026 -2.7082305   1.51226652]
2024-07-19 16:03:03,683 - position: [ 0.96419698 -2.7082355   1.51223648]
2024-07-19 16:03:03,984 - position: [ 0.96420479 -2.70822525  1.51225889]
2024-07-19 16:03:04,206 - position: [ 0.96419162 -2.70823407  1.51226723]
2024-07-19 16:03:04,440 - position: [ 0.96420163 -2.7082262   1.51228642]
2024-07-19 16:03:04,663 - position: [ 0.96421582 -2.7082448   1.51229131]
2024-07-19 16:03:04,909 - position: [ 0.96435165 -2.70828509  1.51214743]
2024-07-19 16:03:05,122 - position: [ 0.96418512 -2.70823669  1.5122546 ]
2024-07-19 16:03:05,396 - position: [ 0.96421194 -2.70823908  1.51226592]
2024-07-19 16:03:05,606 - position: [ 0.96420795 -2.70823789  1.51226068]
2024-07-19 16:03:05,861 - position: [ 0.96422642 -2.70822334  1.51221907]
2024-07-19 16:03:06,076 - position: [ 0.964194   -2.70825005  1.51226771]
2024-07-19 16:03:06,309 - position: [ 0.96421981 -2.70822597  1.5122298 ]
2024-07-19 16:03:06,515 - position: [ 0.96422267 -2.70823932  1.51226413]
2024-07-19 16:03:06,744 - position: [ 0.96421057 -2.70824552  1.51225221]
2024-07-19 16:03:06,978 - position: [ 0.96422553 -2.70824003  1.51223409]
2024-07-19 16:03:07,267 - position: [ 0.96424693 -2.70823693  1.5122267 ]
2024-07-19 16:03:07,556 - position: [ 0.96423978 -2.70823812  1.51227427]
2024-07-19 16:03:07,799 - position: [ 0.96432346 -2.70823932  1.51216245]
2024-07-19 16:03:08,047 - position: [ 0.96422201 -2.70822692  1.51226842]
2024-07-19 16:03:08,305 - position: [ 0.96421486 -2.70822167  1.51226652]
2024-07-19 16:03:08,584 - position: [ 0.96421272 -2.70823789  1.5122664 ]
2024-07-19 16:03:08,811 - position: [ 0.96423864 -2.70824504  1.5122937 ]
2024-07-19 16:03:09,056 - position: [ 0.96423048 -2.70824242  1.51229584]
2024-07-19 16:03:09,317 - position: [ 0.96422952 -2.70822406  1.51225948]
2024-07-19 16:03:09,576 - position: [ 0.96426505 -2.70825195  1.51221716]
2024-07-19 16:03:09,789 - position: [ 0.96422648 -2.70822668  1.51226234]
2024-07-19 16:03:10,034 - position: [ 0.96424806 -2.70824504  1.51223862]
2024-07-19 16:03:10,271 - position: [ 0.96422583 -2.70823908  1.51226747]
2024-07-19 16:03:10,510 - position: [ 0.96422666 -2.70824146  1.51226211]
2024-07-19 16:03:10,802 - position: [ 0.96423    -2.70826149  1.51225257]
2024-07-19 16:03:11,157 - position: [ 0.96433157 -2.70828438  1.51215184]
2024-07-19 16:03:11,395 - position: [ 0.96423411 -2.7082386   1.51229286]
2024-07-19 16:03:11,605 - position: [ 0.96423256 -2.70825481  1.51226509]
2024-07-19 16:03:11,818 - position: [ 0.96423978 -2.70823932  1.51222801]
2024-07-19 16:03:12,099 - position: [ 0.96422464 -2.70823359  1.51226676]
2024-07-19 16:03:12,335 - position: [ 0.9642179  -2.70824838  1.51224971]
2024-07-19 16:03:12,612 - position: [ 0.96420956 -2.70823836  1.51226115]
2024-07-19 16:03:12,851 - position: [ 0.96433413 -2.70828342  1.51214767]
2024-07-19 16:03:13,084 - position: [ 0.96420121 -2.70823741  1.51224577]
2024-07-19 16:03:13,315 - position: [ 0.96420622 -2.70822835  1.51225436]
2024-07-19 16:03:13,547 - position: [ 0.96422452 -2.70824742  1.51222813]
2024-07-19 16:03:13,789 - position: [ 0.96421921 -2.70825195  1.51226652]
2024-07-19 16:03:14,006 - position: [ 0.96422946 -2.70824027  1.51224601]
2024-07-19 16:03:14,271 - position: [ 0.96421456 -2.70824027  1.51225877]
2024-07-19 16:03:14,527 - position: [ 0.96422136 -2.70823693  1.51226389]
2024-07-19 16:03:14,770 - position: [ 0.96421546 -2.70821953  1.51226699]
2024-07-19 16:03:14,993 - position: [ 0.96420372 -2.70822716  1.5122503 ]
2024-07-19 16:03:15,286 - position: [ 0.96421087 -2.7082293   1.51227796]
2024-07-19 16:03:15,510 - position: [ 0.96422529 -2.70822668  1.51227665]
2024-07-19 16:03:15,761 - position: [ 0.96420848 -2.70822334  1.51227701]
2024-07-19 16:03:16,045 - position: [ 0.96433949 -2.70822358  1.51215053]
2024-07-19 16:03:16,310 - position: [ 0.9643259  -2.70828199  1.51218235]
2024-07-19 16:03:16,600 - position: [ 0.96420783 -2.70823908  1.51228106]
2024-07-19 16:03:16,855 - position: [ 0.96420562 -2.7082386   1.51226807]
2024-07-19 16:03:17,106 - position: [ 0.96420652 -2.70823073  1.51227975]
2024-07-19 16:03:17,387 - position: [ 0.96418333 -2.70822501  1.51228631]
2024-07-19 16:03:17,634 - position: [ 0.96419907 -2.70823121  1.51227677]
2024-07-19 16:03:17,868 - position: [ 0.96422839 -2.70823073  1.51225173]
2024-07-19 16:03:18,083 - position: [ 0.96421999 -2.70823026  1.51226509]
2024-07-19 16:03:18,308 - position: [ 0.96420503 -2.70823359  1.51224685]
2024-07-19 16:03:18,552 - position: [ 0.96433985 -2.70827103  1.51215982]
2024-07-19 16:03:18,826 - position: [ 0.96422821 -2.70823765  1.51224411]
2024-07-19 16:03:19,055 - position: [ 0.96422279 -2.70825434  1.51221538]
2024-07-19 16:03:19,294 - position: [ 0.96420038 -2.70822883  1.51223052]
2024-07-19 16:03:19,510 - position: [ 0.96421397 -2.70822358  1.51225126]
2024-07-19 16:03:19,753 - position: [ 0.96419668 -2.7082305   1.51224542]
2024-07-19 16:03:19,980 - position: [ 0.96420938 -2.70822906  1.51224816]
2024-07-19 16:03:20,226 - position: [ 0.9642207  -2.70824122  1.51225281]
2024-07-19 16:03:20,472 - position: [ 0.9642033  -2.70824218  1.51227582]
2024-07-19 16:08:04,063 - position: [ 0.96503478 -2.7086308   1.51205599]
2024-07-19 16:08:04,321 - position: [ 0.96904796 -2.70931792  1.51467741]
2024-07-19 16:08:04,538 - position: [ 0.83152765 -2.6932478   1.54347777]
2024-07-19 16:08:04,797 - position: [ 0.59558797 -2.70475745  1.44247103]
2024-07-19 16:08:05,036 - position: [ 0.53309679 -2.74978042  1.26683986]
2024-07-19 16:08:05,242 - position: [ 0.53309679 -2.74978042  1.26683986]
2024-07-19 16:08:05,521 - position: [ 0.53309679 -2.74978042  1.26683986]
2024-07-19 16:08:05,754 - position: [ 0.53309679 -2.74978042  1.26683986]
2024-07-19 16:08:05,959 - position: [ 0.53309679 -2.74978042  1.26683986]
2024-07-19 16:08:06,179 - position: [ 0.53309679 -2.74978042  1.26683986]
2024-07-19 16:08:06,431 - position: [ 0.53309679 -2.74978042  1.26683986]
2024-07-19 16:08:06,686 - position: [ 0.53309679 -2.74978042  1.26683986]
2024-07-19 16:08:07,049 - position: [-0.13500179 -2.83951664  1.70643055]
2024-07-19 16:08:07,274 - position: [-0.13005657 -2.89444256  1.6796639 ]
2024-07-19 16:08:07,501 - position: [-0.13066545 -2.90271497  1.68479621]
2024-07-19 16:08:07,726 - position: [-0.13235934 -2.9074862   1.68665361]
2024-07-19 16:08:07,993 - position: [-0.12675224 -2.90829563  1.68833852]
2024-07-19 16:08:08,232 - position: [-0.11629166 -2.90699387  1.68872392]
2024-07-19 16:08:08,478 - position: [-0.12872033 -2.90063524  1.68700004]
2024-07-19 16:08:08,715 - position: [-0.146568   -2.90199852  1.68581998]
2024-07-19 16:08:08,952 - position: [-0.14669093 -2.91102457  1.68557382]
2024-07-19 16:08:09,169 - position: [-0.14394499 -2.91701913  1.68563843]
2024-07-19 16:08:09,409 - position: [-0.14591865 -2.92205119  1.68469906]
2024-07-19 16:08:09,646 - position: [-0.15804279 -2.921839    1.68058598]
2024-07-19 16:08:09,852 - position: [-0.16584089 -2.91924858  1.67882013]
2024-07-19 16:08:10,095 - position: [-0.15599382 -2.91969728  1.68321609]
2024-07-19 16:08:10,374 - position: [-0.14553951 -2.92418861  1.68732345]
2024-07-19 16:08:10,606 - position: [-0.14301229 -2.92532277  1.68801737]
2024-07-19 16:08:10,827 - position: [-0.14229794 -2.9243536   1.68799591]
2024-07-19 16:08:11,202 - position: [-0.1431835  -2.924968    1.68793011]
2024-07-19 16:08:11,426 - position: [-0.14314663 -2.92550755  1.68780589]
2024-07-19 16:08:11,676 - position: [-0.14188416 -2.92791319  1.6881249 ]
2024-07-19 16:08:11,912 - position: [-0.1402211  -2.92994523  1.68805158]
2024-07-19 16:08:12,144 - position: [-0.13856606 -2.93163204  1.68826032]
2024-07-19 16:08:12,398 - position: [-0.13892221 -2.93283534  1.68841767]
2024-07-19 16:08:12,609 - position: [-0.13892204 -2.93316102  1.68855715]
2024-07-19 16:08:12,831 - position: [-0.13713607 -2.93092847  1.68805063]
2024-07-19 16:08:13,114 - position: [-0.13639577 -2.92799163  1.68794858]
2024-07-19 16:08:13,319 - position: [-0.1378828  -2.92837238  1.68782234]
2024-07-19 16:08:13,597 - position: [-0.13719928 -2.92748523  1.68788457]
2024-07-19 16:08:13,799 - position: [-0.13650246 -2.92722893  1.68769836]
2024-07-19 16:08:14,021 - position: [-0.13616042 -2.92706609  1.68769288]
2024-07-19 16:08:14,228 - position: [-0.13640827 -2.92743731  1.68777061]
2024-07-19 16:08:14,536 - position: [-0.13645603 -2.92740011  1.6878525 ]
2024-07-19 16:08:14,846 - position: [-0.13689825 -2.92660928  1.68758559]
2024-07-19 16:08:15,069 - position: [-0.13705669 -2.92538619  1.68750334]
2024-07-19 16:08:15,291 - position: [-0.13642831 -2.92355514  1.68719709]
2024-07-19 16:08:15,542 - position: [-0.13445558 -2.92113042  1.68748605]
2024-07-19 16:08:15,806 - position: [-0.133241   -2.92181969  1.68749785]
2024-07-19 16:08:16,042 - position: [-0.13287766 -2.92284083  1.68754303]
2024-07-19 16:08:16,260 - position: [-0.13256578 -2.92344308  1.68744552]
2024-07-19 16:08:16,514 - position: [-0.13315843 -2.92358184  1.68756723]
2024-07-19 16:08:16,742 - position: [-0.13296261 -2.92624092  1.68763244]
2024-07-19 16:08:16,987 - position: [-0.13260823 -2.92800927  1.68785667]
2024-07-19 16:08:17,246 - position: [-0.13269457 -2.92982697  1.68778014]
2024-07-19 16:08:17,496 - position: [-0.13220148 -2.93098998  1.68762016]
2024-07-19 16:08:17,775 - position: [-0.13110349 -2.93211675  1.68760192]
2024-07-19 16:08:18,029 - position: [-0.13038205 -2.93392587  1.6879245 ]
2024-07-19 16:08:18,296 - position: [-0.13066833 -2.93583226  1.6877116 ]
2024-07-19 16:08:18,578 - position: [-0.1298666  -2.93786144  1.68802881]
2024-07-19 16:08:18,883 - position: [-0.12803504 -2.93981814  1.68798518]
2024-07-19 16:08:19,118 - position: [-0.12686886 -2.9399035   1.68796802]
2024-07-19 16:08:19,366 - position: [-0.12735458 -2.93959022  1.68799186]
2024-07-19 16:08:19,578 - position: [-0.12997577 -2.93871474  1.68795037]
2024-07-19 16:08:19,815 - position: [-0.13255586 -2.93439627  1.68751001]
2024-07-19 16:08:20,037 - position: [-0.13236403 -2.92892075  1.68744636]
2024-07-19 16:08:20,285 - position: [-0.13184856 -2.92520857  1.68704426]
2024-07-19 16:08:20,533 - position: [-0.13132048 -2.92296529  1.68689084]
2024-07-19 16:08:20,771 - position: [-0.13012919 -2.9199748   1.68734372]
2024-07-19 16:08:21,028 - position: [-0.12874773 -2.91877055  1.68694031]
2024-07-19 16:08:21,255 - position: [-0.12692763 -2.9174614   1.68663287]
2024-07-19 16:08:21,465 - position: [-0.12425692 -2.91502953  1.68638754]
2024-07-19 16:08:21,673 - position: [-0.11800526 -2.90607548  1.6845628 ]
2024-07-19 16:08:21,929 - position: [-0.10808012 -2.89387298  1.67744422]
2024-07-19 16:08:22,142 - position: [-0.13083456 -2.90912104  1.68067396]
2024-07-19 16:08:22,399 - position: [-0.23372112 -2.95542002  1.68353534]
2024-07-19 16:08:22,643 - position: [-0.34367216 -2.97997475  1.67034197]
2024-07-19 16:08:22,908 - position: [-0.48448348 -2.95744467  1.64940608]
2024-07-19 16:08:23,174 - position: [-0.64850205 -2.87166333  1.61796331]
2024-07-19 16:08:23,396 - position: [-0.83895272 -2.75824261  1.62793362]
2024-07-19 16:08:23,608 - position: [-1.02895319 -2.69018912  1.65351617]
2024-07-19 16:08:23,842 - position: [-1.21832025 -2.65787625  1.61989403]
2024-07-19 16:08:24,049 - position: [-1.53008401 -2.63309431  1.62684405]
2024-07-19 16:08:24,292 - position: [-1.7184037  -2.58776093  1.66205025]
2024-07-19 16:08:24,542 - position: [-2.03330135 -2.47253919  1.61697686]
2024-07-19 16:08:24,798 - position: [-2.29437184 -2.359797    1.64395213]
2024-07-19 16:08:25,035 - position: [-2.52416039 -2.28055382  1.64065123]
2024-07-19 16:08:25,282 - position: [-2.71730185 -2.20851278  1.60950947]
2024-07-19 16:08:25,527 - position: [-2.88225889 -2.09316635  1.64341116]
2024-07-19 16:08:25,758 - position: [-2.92228127 -1.97862053  1.62525177]
2024-07-19 16:08:25,967 - position: [-2.90681267 -1.89891708  1.62902009]
2024-07-19 16:08:26,203 - position: [-2.89211297 -1.84179163  1.63418829]
2024-07-19 16:08:26,428 - position: [-2.87377453 -1.80476844  1.63022828]
2024-07-19 16:08:26,710 - position: [-2.85449314 -1.72153723  1.62634003]
2024-07-19 16:08:26,949 - position: [-2.82698202 -1.59554076  1.62160647]
2024-07-19 16:08:27,194 - position: [-2.82406187 -1.52089584  1.61324465]
2024-07-19 16:08:27,443 - position: [-2.83751416 -1.48651481  1.61122143]
2024-07-19 16:08:27,736 - position: [-2.84754825 -1.47677302  1.61436248]
2024-07-19 16:08:27,979 - position: [-2.8449955  -1.47407126  1.61522818]
2024-07-19 16:08:28,228 - position: [-2.84393382 -1.47363245  1.61515689]
2024-07-19 16:08:28,470 - position: [-2.84176755 -1.47191834  1.61423373]
2024-07-19 16:08:28,700 - position: [-2.83948374 -1.47146177  1.61338949]
2024-07-19 16:08:28,913 - position: [-2.84008408 -1.47155654  1.61350024]
2024-07-19 16:08:29,153 - position: [-2.83997011 -1.46722221  1.61447573]
2024-07-19 16:08:29,396 - position: [-2.83816719 -1.46609545  1.61318326]
2024-07-19 16:08:29,604 - position: [-2.83852315 -1.46749961  1.61377227]
2024-07-19 16:08:29,824 - position: [-2.83942437 -1.46976602  1.61421323]
2024-07-19 16:08:30,076 - position: [-2.83903003 -1.47159612  1.61449826]
2024-07-19 16:08:30,303 - position: [-2.83996153 -1.47316885  1.61518204]
2024-07-19 16:08:30,536 - position: [-2.8388443  -1.47402942  1.61503124]
2024-07-19 16:08:30,784 - position: [-2.83814645 -1.47491848  1.61457205]
2024-07-19 16:08:31,036 - position: [-2.83820271 -1.47543252  1.61450434]
2024-07-19 16:08:31,267 - position: [-2.83812189 -1.47658205  1.61442065]
2024-07-19 16:08:31,493 - position: [-2.83902192 -1.47837818  1.61444628]
2024-07-19 16:08:31,738 - position: [-2.8387363  -1.47836304  1.61486316]
2024-07-19 16:08:31,986 - position: [-2.83872509 -1.47882247  1.61475277]
2024-07-19 16:08:32,250 - position: [-2.83817005 -1.47924745  1.61432052]
2024-07-19 16:08:32,512 - position: [-2.83675671 -1.4795543   1.61442089]
2024-07-19 16:08:32,774 - position: [-2.83681464 -1.47980475  1.61425245]
2024-07-19 16:08:33,025 - position: [-2.83653474 -1.47994637  1.61416686]
2024-07-19 16:08:33,269 - position: [-2.83510709 -1.48176503  1.61406064]
2024-07-19 16:08:33,506 - position: [-2.83538342 -1.48183942  1.61407137]
2024-07-19 16:08:33,772 - position: [-2.83532548 -1.48270655  1.61391187]
2024-07-19 16:08:34,050 - position: [-2.83470345 -1.4831723   1.61410725]
2024-07-19 16:08:34,265 - position: [-2.83589673 -1.48416412  1.6146189 ]
2024-07-19 16:08:34,516 - position: [-2.85059571 -1.49656582  1.63090539]
2024-07-19 16:08:34,753 - position: [-2.86170983 -1.50432849  1.63811588]
2024-07-19 16:08:34,997 - position: [-2.8657546  -1.50581419  1.6397531 ]
2024-07-19 16:08:35,236 - position: [-2.86316085 -1.50203848  1.63623428]
2024-07-19 16:08:35,512 - position: [-2.8514235  -1.49899936  1.62868881]
2024-07-19 16:08:35,798 - position: [-2.84487629 -1.49951148  1.62591183]
2024-07-19 16:08:36,034 - position: [-2.84178758 -1.49956667  1.62442076]
2024-07-19 16:08:36,258 - position: [-2.84094191 -1.49874878  1.62444079]
2024-07-19 16:08:36,511 - position: [-2.84049845 -1.49794745  1.62393475]
2024-07-19 16:08:36,742 - position: [-2.84171271 -1.49644661  1.62372184]
2024-07-19 16:08:36,992 - position: [-2.84466267 -1.49692762  1.62540972]
2024-07-19 16:08:37,232 - position: [-2.85633612 -1.50192225  1.63407028]
2024-07-19 16:08:37,437 - position: [-2.86799908 -1.50444686  1.63924932]
2024-07-19 16:08:37,673 - position: [-2.86863208 -1.50296438  1.63880301]
2024-07-19 16:08:37,928 - position: [-2.8603301  -1.50076127  1.63287008]
2024-07-19 16:08:38,176 - position: [-2.85138178 -1.5056926   1.63127422]
2024-07-19 16:08:38,423 - position: [-2.8298955  -1.52552378  1.63142276]
2024-07-19 16:08:38,673 - position: [-2.80295801 -1.62777746  1.6240344 ]
2024-07-19 16:08:38,888 - position: [-2.83078337 -1.8326242   1.61200738]
2024-07-19 16:08:39,097 - position: [-2.84741235 -1.98977089  1.60696781]
2024-07-19 16:08:39,318 - position: [-2.85821605 -2.14352846  1.62331748]
2024-07-19 16:08:39,548 - position: [-2.83941221 -2.20241284  1.6286366 ]
2024-07-19 16:08:39,787 - position: [-2.7421329  -2.30373311  1.60205805]
2024-07-19 16:08:40,001 - position: [-2.50771165 -2.43639231  1.5919261 ]
2024-07-19 16:08:40,212 - position: [-2.34730697 -2.54091907  1.64205647]
2024-07-19 16:08:40,436 - position: [-2.16599202 -2.66826463  1.61956   ]
2024-07-19 16:08:40,687 - position: [-1.97381711 -2.79603958  1.62510133]
2024-07-19 16:08:40,955 - position: [-1.63423932 -2.90873861  1.64140594]
2024-07-19 16:08:41,208 - position: [-1.36744821 -2.9280014   1.61348855]
2024-07-19 16:08:41,437 - position: [-1.07199919 -2.94781232  1.64885974]
2024-07-19 16:08:41,651 - position: [-0.92024922 -2.96935892  1.62803209]
2024-07-19 16:08:41,898 - position: [-0.62105399 -3.00434136  1.65372539]
2024-07-19 16:08:42,153 - position: [-0.41684493 -2.9455359   1.63067353]
2024-07-19 16:08:42,380 - position: [-0.32607061 -2.89873028  1.64951825]
2024-07-19 16:08:42,601 - position: [-0.26631784 -2.88679934  1.66991961]
2024-07-19 16:08:42,853 - position: [-0.14493504 -2.90347219  1.68571651]
2024-07-19 16:08:43,071 - position: [-0.09326091 -2.93292117  1.68969524]
2024-07-19 16:08:43,295 - position: [-0.10803336 -2.95978498  1.69245946]
2024-07-19 16:08:43,518 - position: [-0.11141471 -2.96069479  1.69352758]
2024-07-19 16:08:43,763 - position: [-0.10661033 -2.94759202  1.69561136]
2024-07-19 16:08:44,001 - position: [-0.10882326 -2.92689228  1.69694054]
2024-07-19 16:08:44,208 - position: [-0.10962476 -2.92387009  1.69705558]
2024-07-19 16:08:44,427 - position: [-0.10941579 -2.92220354  1.69647086]
2024-07-19 16:08:44,650 - position: [-0.1042043  -2.9320066   1.69684339]
2024-07-19 16:08:44,875 - position: [-0.10375272 -2.94584322  1.69587374]
2024-07-19 16:08:45,102 - position: [-0.10589767 -2.94453216  1.6958468 ]
2024-07-19 16:08:45,329 - position: [-0.09702896 -2.93703818  1.69489777]
2024-07-19 16:08:45,553 - position: [-0.09540544 -2.9406333   1.69412255]
2024-07-19 16:08:45,825 - position: [-0.09235152 -2.94133568  1.69400012]
2024-07-19 16:08:46,068 - position: [-0.08574133 -2.94217682  1.69403529]
2024-07-19 16:08:46,307 - position: [-0.07800612 -2.94290376  1.69442844]
2024-07-19 16:08:46,559 - position: [-0.07285555 -2.9312284   1.69356263]
2024-07-19 16:08:46,820 - position: [-0.11283525 -2.92770362  1.69260788]
2024-07-19 16:08:47,045 - position: [-0.21332118 -2.94712257  1.68938601]
2024-07-19 16:08:47,357 - position: [-0.37497252 -2.96804786  1.67686284]
2024-07-19 16:08:47,617 - position: [-0.5343982  -2.94585443  1.66246152]
2024-07-19 16:08:47,919 - position: [-0.84058452 -2.84722066  1.64617574]
2024-07-19 16:08:48,156 - position: [-1.07328975 -2.82695174  1.67330754]
2024-07-19 16:08:48,367 - position: [-1.32292032 -2.83144021  1.62715161]
2024-07-19 16:08:48,622 - position: [-1.64073563 -2.83007765  1.65003228]
2024-07-19 16:08:48,894 - position: [-1.88751888 -2.7602973   1.65504503]
2024-07-19 16:08:49,187 - position: [-2.24044847 -2.60992384  1.62298787]
2024-07-19 16:08:49,422 - position: [-2.47107077 -2.49450946  1.66161227]
2024-07-19 16:08:49,644 - position: [-2.66413355 -2.36854982  1.62641835]
2024-07-19 16:08:49,959 - position: [-2.90721679 -2.15010118  1.638291  ]
2024-07-19 16:08:50,204 - position: [-2.95747542 -2.0392828   1.6428628 ]
2024-07-19 16:08:50,476 - position: [-2.93929338 -1.80780637  1.63256192]
2024-07-19 16:08:50,710 - position: [-2.9137826  -1.67512703  1.64404154]
2024-07-19 16:08:50,970 - position: [-2.87724471 -1.60667968  1.64782429]
2024-07-19 16:08:51,222 - position: [-2.83154988 -1.51320565  1.63223958]
2024-07-19 16:08:51,434 - position: [-2.81353164 -1.41228914  1.61556888]
2024-07-19 16:08:51,707 - position: [-2.78679037 -1.27569044  1.6180166 ]
2024-07-19 16:08:51,931 - position: [-2.78181314 -1.21179211  1.61341727]
2024-07-19 16:08:52,169 - position: [-2.77794337 -1.17430651  1.61188614]
2024-07-19 16:08:52,433 - position: [-2.77367568 -1.15538263  1.6105454 ]
2024-07-19 16:08:52,637 - position: [-2.76653218 -1.14032173  1.61067951]
2024-07-19 16:08:52,896 - position: [-2.75960469 -1.13247204  1.6090554 ]
2024-07-19 16:08:53,128 - position: [-2.76304388 -1.12700975  1.61013675]
2024-07-19 16:08:53,359 - position: [-2.78039694 -1.12065923  1.62295866]
2024-07-19 16:08:53,563 - position: [-2.81148314 -1.12904489  1.64455986]
2024-07-19 16:08:53,792 - position: [-2.82012939 -1.13342583  1.64742029]
2024-07-19 16:08:54,101 - position: [-2.79563713 -1.13050854  1.62947094]
2024-07-19 16:08:54,337 - position: [-2.7888267  -1.12774408  1.6242156 ]
2024-07-19 16:08:54,558 - position: [-2.78460503 -1.12417638  1.62021446]
2024-07-19 16:08:54,801 - position: [-2.78448367 -1.12222874  1.61844051]
2024-07-19 16:08:55,055 - position: [-2.78835893 -1.12296546  1.61980534]
2024-07-19 16:08:55,277 - position: [-2.7899394  -1.12278736  1.61969757]
2024-07-19 16:08:55,527 - position: [-2.79118919 -1.12444127  1.61904538]
2024-07-19 16:08:55,801 - position: [-2.79030275 -1.13074982  1.61971116]
2024-07-19 16:08:56,066 - position: [-2.76921225 -1.16264701  1.61975873]
2024-07-19 16:08:56,310 - position: [-2.75536656 -1.25200868  1.61267686]
2024-07-19 16:08:56,515 - position: [-2.80854392 -1.42313719  1.59476364]
2024-07-19 16:08:56,756 - position: [-2.89293265 -1.63970602  1.57658911]
2024-07-19 16:08:57,007 - position: [-2.95410204 -1.76323974  1.61116338]
2024-07-19 16:08:57,249 - position: [-2.97265887 -1.76427126  1.64214134]
2024-07-19 16:08:57,513 - position: [-2.99430943 -1.72823679  1.66644979]
2024-07-19 16:08:57,735 - position: [-3.00253987 -1.69357038  1.66714776]
2024-07-19 16:08:57,997 - position: [-3.00121903 -1.64765275  1.66743731]
2024-07-19 16:08:58,309 - position: [-2.97264409 -1.59799409  1.65681446]
2024-07-19 16:08:58,543 - position: [-2.94625211 -1.56511247  1.651752  ]
2024-07-19 16:08:58,824 - position: [-2.92722797 -1.54343069  1.65104818]
2024-07-19 16:08:59,038 - position: [-2.91963315 -1.52707887  1.64893949]
2024-07-19 16:08:59,239 - position: [-2.91548443 -1.51482069  1.64661992]
2024-07-19 16:08:59,505 - position: [-2.906394   -1.50442994  1.64324319]
2024-07-19 16:08:59,743 - position: [-2.90578055 -1.50203454  1.64359021]
2024-07-19 16:08:59,949 - position: [-2.90660214 -1.49933052  1.64370584]
2024-07-19 16:09:00,168 - position: [-2.90706968 -1.49576855  1.64350855]
2024-07-19 16:09:00,393 - position: [-2.90333724 -1.48847532  1.64022398]
2024-07-19 16:09:00,599 - position: [-2.89338088 -1.47139704  1.63988984]
2024-07-19 16:09:00,883 - position: [-2.86809468 -1.42463648  1.62769771]
2024-07-19 16:09:01,096 - position: [-2.82815504 -1.38659918  1.59044683]
2024-07-19 16:09:01,333 - position: [-2.80851817 -1.37350225  1.54925609]
2024-07-19 16:09:01,595 - position: [-2.78321958 -1.35830677  1.49056923]
2024-07-19 16:09:01,862 - position: [-2.7511332  -1.35647964  1.45744038]
2024-07-19 16:09:02,127 - position: [-2.75592756 -1.35095918  1.43850768]
2024-07-19 16:09:02,361 - position: [-2.77960134 -1.34266472  1.43187678]
2024-07-19 16:09:02,597 - position: [-2.85590434 -1.32490885  1.4171468 ]
2024-07-19 16:09:02,807 - position: [-2.88130498 -1.31209576  1.4034915 ]
2024-07-19 16:09:03,063 - position: [-2.88085461 -1.31619692  1.36929822]
2024-07-19 16:09:03,326 - position: [-2.87834406 -1.32101405  1.36616647]
2024-07-19 16:09:03,577 - position: [-2.86761904 -1.32078326  1.36314464]
2024-07-19 16:09:03,881 - position: [-2.85904956 -1.31944442  1.35804784]
2024-07-19 16:09:04,141 - position: [-2.8494997  -1.32593763  1.35781312]
2024-07-19 16:09:04,379 - position: [-2.84681392 -1.31964386  1.34853351]
2024-07-19 16:09:04,586 - position: [-2.84869194 -1.31198263  1.34611607]
2024-07-19 16:09:04,837 - position: [-2.85172677 -1.30981386  1.34411061]
2024-07-19 16:09:05,101 - position: [-2.85176325 -1.30911827  1.34464431]
2024-07-19 16:09:05,337 - position: [-2.85087466 -1.3093859   1.3459388 ]
2024-07-19 16:09:05,567 - position: [-2.85246897 -1.30870605  1.34452152]
2024-07-19 16:09:05,846 - position: [-2.85290027 -1.30996621  1.34388673]
2024-07-19 16:09:06,075 - position: [-2.85303116 -1.31044829  1.3442347 ]
2024-07-19 16:09:06,296 - position: [-2.85354638 -1.31133974  1.34439456]
2024-07-19 16:09:06,555 - position: [-2.85412669 -1.31242383  1.34456253]
2024-07-19 16:09:06,825 - position: [-2.85453415 -1.31178808  1.34454763]
2024-07-19 16:09:07,105 - position: [-2.85451245 -1.31114531  1.34403062]
2024-07-19 16:09:07,344 - position: [-2.85487056 -1.31095612  1.34487426]
2024-07-19 16:09:07,594 - position: [-2.85457301 -1.31106293  1.34373331]
2024-07-19 16:09:07,866 - position: [-2.85432243 -1.31053996  1.34292221]
2024-07-19 16:09:08,071 - position: [-2.85495114 -1.30957496  1.34242296]
2024-07-19 16:09:08,344 - position: [-2.85520053 -1.30973732  1.34279799]
2024-07-19 16:09:08,560 - position: [-2.85457659 -1.30809712  1.34430504]
2024-07-19 16:09:08,843 - position: [-2.8554678  -1.30468071  1.34195018]
2024-07-19 16:09:09,074 - position: [-2.85517788 -1.30460954  1.34146678]
2024-07-19 16:09:09,322 - position: [-2.85447693 -1.30491877  1.34126937]
2024-07-19 16:09:09,578 - position: [-2.85331535 -1.30563593  1.34145522]
2024-07-19 16:09:09,871 - position: [-2.85369754 -1.30464578  1.33966839]
2024-07-19 16:09:10,140 - position: [-2.85405159 -1.30410993  1.33971405]
2024-07-19 16:09:10,450 - position: [-2.85359335 -1.30398297  1.33903384]
2024-07-19 16:09:10,658 - position: [-2.85360074 -1.30266523  1.33907819]
2024-07-19 16:09:10,925 - position: [-2.8552649  -1.29932916  1.33633232]
2024-07-19 16:09:11,148 - position: [-2.85373783 -1.30003822  1.3374052 ]
2024-07-19 16:09:11,382 - position: [-2.8548646  -1.2988807   1.33731163]
2024-07-19 16:09:11,676 - position: [-2.85454535 -1.29945719  1.33701801]
2024-07-19 16:09:11,935 - position: [-2.85528374 -1.29876184  1.33690679]
2024-07-19 16:09:12,203 - position: [-2.85478354 -1.2980504   1.33659279]
2024-07-19 16:09:12,451 - position: [-2.85548735 -1.29821396  1.33568621]
2024-07-19 16:09:12,745 - position: [-2.85541844 -1.29940581  1.33611   ]
2024-07-19 16:09:13,042 - position: [-2.8548851  -1.30003035  1.33532643]
2024-07-19 16:09:13,286 - position: [-2.85552955 -1.29948056  1.33538604]
2024-07-19 16:09:13,487 - position: [-2.85548782 -1.30013061  1.33477962]
2024-07-19 16:09:13,718 - position: [-2.85532928 -1.30123365  1.33485448]
2024-07-19 16:09:13,944 - position: [-2.85441995 -1.3021456   1.33629942]
2024-07-19 16:09:14,201 - position: [-2.85417843 -1.3023454   1.33595049]
2024-07-19 16:09:14,421 - position: [-2.8544755  -1.30218291  1.33602011]
2024-07-19 16:09:14,660 - position: [-2.85428786 -1.30227637  1.33587611]
2024-07-19 16:09:14,902 - position: [-2.85400128 -1.30204451  1.33558226]
2024-07-19 16:09:15,143 - position: [-2.85394263 -1.30278206  1.3354075 ]
2024-07-19 16:09:15,377 - position: [-2.85422826 -1.30232477  1.33481658]
2024-07-19 16:09:15,611 - position: [-2.8535707  -1.3038578   1.33557677]
2024-07-19 16:09:15,848 - position: [-2.85310125 -1.30626762  1.33741939]
2024-07-19 16:09:16,094 - position: [-2.85281467 -1.30883288  1.33851624]
2024-07-19 16:09:16,306 - position: [-2.85344815 -1.30781448  1.33851969]
2024-07-19 16:09:16,542 - position: [-2.85447073 -1.30813706  1.3393681 ]
2024-07-19 16:09:16,820 - position: [-2.85328078 -1.31412745  1.3417275 ]
2024-07-19 16:09:17,024 - position: [-2.85444283 -1.31594276  1.34522247]
2024-07-19 16:09:17,286 - position: [-2.85452032 -1.31935608  1.34828699]
2024-07-19 16:09:17,549 - position: [-2.8543961  -1.32318652  1.3516314 ]
2024-07-19 16:09:17,792 - position: [-2.85186172 -1.32699502  1.35526192]
2024-07-19 16:09:18,050 - position: [-2.84848213 -1.33098102  1.35817456]
2024-07-19 16:09:18,286 - position: [-2.85009694 -1.32948494  1.35756958]
2024-07-19 16:09:18,568 - position: [-2.85352278 -1.31863379  1.35463822]
2024-07-19 16:09:18,791 - position: [-2.85159612 -1.32414365  1.35476446]
2024-07-19 16:09:19,003 - position: [-2.85239792 -1.31935561  1.35214746]
2024-07-19 16:09:19,219 - position: [-2.85652661 -1.30467427  1.35144067]
2024-07-19 16:09:19,428 - position: [-2.85531259 -1.30724108  1.34971595]
2024-07-19 16:09:19,656 - position: [-2.85562944 -1.29927075  1.35062528]
2024-07-19 16:09:19,922 - position: [-2.85366917 -1.30472052  1.347489  ]
2024-07-19 16:09:20,127 - position: [-2.85626554 -1.29675364  1.34814656]
2024-07-19 16:09:20,351 - position: [-2.85392928 -1.30169439  1.34843755]
2024-07-19 16:09:20,606 - position: [-2.85578799 -1.29411387  1.34533429]
2024-07-19 16:09:20,837 - position: [-2.85164642 -1.29822528  1.34384191]
2024-07-19 16:09:21,096 - position: [-2.85394907 -1.29149139  1.34131253]
2024-07-19 16:09:21,355 - position: [-2.8524363  -1.29220843  1.34127414]
2024-07-19 16:09:21,616 - position: [-2.85352468 -1.28939772  1.33826149]
2024-07-19 16:09:21,892 - position: [-2.85307097 -1.28908122  1.33883107]
2024-07-19 16:09:22,127 - position: [-2.85246754 -1.289294    1.3376801 ]
2024-07-19 16:09:22,427 - position: [-2.85369587 -1.28861845  1.33653986]
2024-07-19 16:09:22,642 - position: [-2.85379195 -1.28832877  1.33717525]
2024-07-19 16:09:22,868 - position: [-2.85280371 -1.2893821   1.3361485 ]
2024-07-19 16:09:23,120 - position: [-2.85208535 -1.28963315  1.33625507]
2024-07-19 16:09:23,370 - position: [-2.85295177 -1.28822803  1.33647358]
2024-07-19 16:09:23,602 - position: [-2.85320902 -1.28793132  1.3363992 ]
2024-07-19 16:09:23,863 - position: [-2.85268974 -1.28890145  1.33608139]
2024-07-19 16:09:24,154 - position: [-2.85295939 -1.28902602  1.33598185]
2024-07-19 16:09:24,391 - position: [-2.85305023 -1.28908384  1.33590794]
2024-07-19 16:09:24,613 - position: [-2.85309935 -1.28980815  1.33554327]
2024-07-19 16:09:24,855 - position: [-2.85342526 -1.29042161  1.33535087]
2024-07-19 16:09:25,085 - position: [-2.8536396  -1.29030275  1.33497763]
2024-07-19 16:09:25,320 - position: [-2.85401535 -1.29057693  1.3350606 ]
2024-07-19 16:09:25,556 - position: [-2.85414028 -1.29188192  1.33552909]
2024-07-19 16:09:25,788 - position: [-2.8550539  -1.29423809  1.3349297 ]
2024-07-19 16:09:26,025 - position: [-2.8550458  -1.29461539  1.33471787]
2024-07-19 16:09:26,274 - position: [-2.85463738 -1.29504287  1.33511055]
2024-07-19 16:09:26,537 - position: [-2.85487199 -1.29446566  1.33553171]
2024-07-19 16:09:26,815 - position: [-2.85403323 -1.29459202  1.33575225]
2024-07-19 16:09:27,039 - position: [-2.85492969 -1.29473889  1.33494484]
2024-07-19 16:09:27,276 - position: [-2.85392046 -1.3010689   1.33681905]
2024-07-19 16:09:27,501 - position: [-2.85427332 -1.30969179  1.34324694]
2024-07-19 16:09:27,721 - position: [-2.85636973 -1.31923842  1.34839606]
2024-07-19 16:09:27,969 - position: [-2.85768294 -1.33919442  1.35546064]
2024-07-19 16:09:28,188 - position: [-2.85698628 -1.33625233  1.35557151]
2024-07-19 16:09:28,404 - position: [-2.85669494 -1.32593405  1.35473442]
2024-07-19 16:09:28,658 - position: [-2.85471487 -1.31028569  1.35184312]
2024-07-19 16:09:28,886 - position: [-2.8549571  -1.30525434  1.34915471]
2024-07-19 16:09:29,126 - position: [-2.85737467 -1.31041908  1.34826219]
2024-07-19 16:09:29,367 - position: [-2.86339712 -1.31452465  1.34219074]
2024-07-19 16:09:29,605 - position: [-2.86352277 -1.31398511  1.33203065]
2024-07-19 16:09:29,852 - position: [-2.87009621 -1.31837428  1.31782377]
2024-07-19 16:09:30,082 - position: [-2.88670206 -1.32695973  1.31435895]
2024-07-19 16:09:30,317 - position: [-2.88786268 -1.32578719  1.3147136 ]
2024-07-19 16:09:30,565 - position: [-2.87752676 -1.32506227  1.31695747]
2024-07-19 16:09:30,786 - position: [-2.87611079 -1.31433356  1.31578517]
2024-07-19 16:09:31,020 - position: [-2.87244463 -1.30805719  1.31776083]
2024-07-19 16:09:31,236 - position: [-2.87042975 -1.30287695  1.3184098 ]
2024-07-19 16:09:31,502 - position: [-2.87271738 -1.30426788  1.3230809 ]
2024-07-19 16:09:31,733 - position: [-2.8747344  -1.30960453  1.32478023]
2024-07-19 16:09:32,073 - position: [-2.87512684 -1.31432009  1.32629955]
2024-07-19 16:09:32,306 - position: [-2.87590384 -1.31338358  1.32707787]
2024-07-19 16:09:32,550 - position: [-2.87827182 -1.31069386  1.32722819]
2024-07-19 16:09:32,810 - position: [-2.87938714 -1.31061888  1.32815552]
2024-07-19 16:09:33,032 - position: [-2.87978101 -1.31073511  1.32820916]
2024-07-19 16:09:33,302 - position: [-2.88056445 -1.31100321  1.32849181]
2024-07-19 16:09:33,587 - position: [-2.88156557 -1.30966997  1.32887197]
2024-07-19 16:09:33,802 - position: [-2.88149619 -1.30989933  1.32857907]
2024-07-19 16:09:34,027 - position: [-2.88171315 -1.30996752  1.32874894]
2024-07-19 16:09:34,270 - position: [-2.88184285 -1.30968058  1.32804489]
2024-07-19 16:09:34,508 - position: [-2.88253427 -1.30882776  1.3279196 ]
2024-07-19 16:09:34,743 - position: [-2.88292384 -1.30736995  1.32715285]
2024-07-19 16:09:34,955 - position: [-2.88309455 -1.30724418  1.32715011]
2024-07-19 16:09:35,199 - position: [-2.88362932 -1.30841279  1.32675207]
2024-07-19 16:09:35,444 - position: [-2.88365912 -1.30956328  1.32692099]
2024-07-19 16:09:35,710 - position: [-2.88408947 -1.31019127  1.32739425]
2024-07-19 16:09:35,964 - position: [-2.88497043 -1.30991983  1.32736731]
2024-07-19 16:09:36,196 - position: [-2.88558078 -1.30991232  1.32827973]
2024-07-19 16:09:36,418 - position: [-2.88538289 -1.30972576  1.32815731]
2024-07-19 16:09:36,649 - position: [-2.8856883  -1.30991137  1.32806039]
2024-07-19 16:09:36,857 - position: [-2.88575602 -1.31010151  1.32776272]
2024-07-19 16:09:37,094 - position: [-2.88590336 -1.31009483  1.32792532]
2024-07-19 16:09:37,333 - position: [-2.88554406 -1.31029749  1.32737565]
2024-07-19 16:09:37,603 - position: [-2.88580394 -1.31057382  1.32701099]
2024-07-19 16:09:37,813 - position: [-2.88579273 -1.31005192  1.3271395 ]
2024-07-19 16:09:38,045 - position: [-2.88571763 -1.30914998  1.32760727]
2024-07-19 16:09:38,301 - position: [-2.88603783 -1.30780602  1.32729638]
2024-07-19 16:09:38,551 - position: [-2.88587356 -1.30572534  1.32729363]
2024-07-19 16:09:38,815 - position: [-2.88588929 -1.30524278  1.32693815]
2024-07-19 16:09:39,070 - position: [-2.88537502 -1.30424142  1.32642519]
2024-07-19 16:09:39,309 - position: [-2.88552642 -1.30363345  1.32625985]
2024-07-19 16:09:39,537 - position: [-2.88546777 -1.30240321  1.32582581]
2024-07-19 16:09:39,771 - position: [-2.8854847  -1.30138123  1.32602096]
2024-07-19 16:09:40,046 - position: [-2.88568282 -1.30068862  1.32546234]
2024-07-19 16:09:40,274 - position: [-2.88549852 -1.30068362  1.32514286]
2024-07-19 16:09:40,487 - position: [-2.88567257 -1.30031347  1.32524455]
2024-07-19 16:09:40,726 - position: [-2.88556981 -1.29945958  1.3248719 ]
2024-07-19 16:09:40,989 - position: [-2.88538265 -1.29792821  1.32496309]
2024-07-19 16:09:41,216 - position: [-2.88538671 -1.29523766  1.32502747]
2024-07-19 16:09:41,461 - position: [-2.88543868 -1.2931124   1.3249768 ]
2024-07-19 16:09:41,718 - position: [-2.88512325 -1.29253602  1.3249743 ]
2024-07-19 16:09:42,006 - position: [-2.88483143 -1.29315293  1.32512057]
2024-07-19 16:09:42,230 - position: [-2.88473225 -1.29342282  1.32506526]
2024-07-19 16:09:42,458 - position: [-2.88523221 -1.29354703  1.32532704]
2024-07-19 16:09:42,666 - position: [-2.88506818 -1.29343331  1.3251158 ]
2024-07-19 16:09:42,873 - position: [-2.88517833 -1.29318011  1.32535231]
2024-07-19 16:09:43,162 - position: [-2.88524699 -1.29275405  1.32480955]
2024-07-19 16:09:43,517 - position: [-2.88547015 -1.29401743  1.32476842]
2024-07-19 16:09:43,779 - position: [-2.88611436 -1.29506648  1.32555413]
2024-07-19 16:09:44,052 - position: [-2.88540554 -1.29615808  1.3261658 ]
2024-07-19 16:09:44,305 - position: [-2.88617587 -1.29620945  1.32501197]
2024-07-19 16:09:44,537 - position: [-2.88636422 -1.29634774  1.32507861]
2024-07-19 16:09:44,766 - position: [-2.88558221 -1.29643035  1.324687  ]
2024-07-19 16:09:45,098 - position: [-2.88557553 -1.29683793  1.32379782]
2024-07-19 16:09:45,370 - position: [-2.88591313 -1.29573011  1.32334006]
2024-07-19 16:09:45,604 - position: [-2.88563871 -1.29651701  1.32382119]
2024-07-19 16:09:45,830 - position: [-2.88594151 -1.29738092  1.32351553]
2024-07-19 16:09:46,069 - position: [-2.88609409 -1.2984519   1.32416737]
2024-07-19 16:09:46,328 - position: [-2.88661599 -1.2997781   1.32378137]
2024-07-19 16:09:46,591 - position: [-2.88635612 -1.30020046  1.3245548 ]
2024-07-19 16:09:46,858 - position: [-2.88680577 -1.30058825  1.32357812]
2024-07-19 16:09:47,092 - position: [-2.88699865 -1.30019152  1.3241502 ]
2024-07-19 16:09:47,369 - position: [-2.88709617 -1.30034125  1.32547617]
2024-07-19 16:09:47,642 - position: [-2.88683105 -1.30150211  1.32694685]
2024-07-19 16:09:47,856 - position: [-2.88645077 -1.30272889  1.32770908]
2024-07-19 16:09:48,115 - position: [-2.88580966 -1.30404389  1.32751274]
2024-07-19 16:09:48,412 - position: [-2.88476729 -1.30414271  1.32668436]
2024-07-19 16:09:48,656 - position: [-2.8843317  -1.30405915  1.32684696]
2024-07-19 16:09:48,923 - position: [-2.88397026 -1.30387688  1.32664776]
2024-07-19 16:09:49,150 - position: [-2.88411498 -1.3039602   1.32703674]
2024-07-19 16:09:49,365 - position: [-2.88440275 -1.30410981  1.32714999]
2024-07-19 16:09:49,589 - position: [-2.88498497 -1.30341268  1.32779241]
2024-07-19 16:09:49,802 - position: [-2.88490582 -1.30349243  1.32820928]
2024-07-19 16:09:50,054 - position: [-2.88547111 -1.30355501  1.32900155]
2024-07-19 16:09:50,279 - position: [-2.8856113  -1.30297887  1.32892287]
2024-07-19 16:09:50,521 - position: [-2.88575983 -1.30230033  1.32892632]
2024-07-19 16:09:50,796 - position: [-2.88582277 -1.30207729  1.32939434]
2024-07-19 16:09:51,040 - position: [-2.88581395 -1.30205619  1.32887828]
2024-07-19 16:09:51,301 - position: [-2.88526297 -1.30265391  1.32880211]
2024-07-19 16:09:51,570 - position: [-2.88819289 -1.30673683  1.33507276]
2024-07-19 16:09:51,785 - position: [-2.89145446 -1.31895137  1.33697605]
2024-07-19 16:09:52,047 - position: [-2.89098668 -1.33563221  1.34102392]
2024-07-19 16:09:52,317 - position: [-2.89174294 -1.34239686  1.34230304]
2024-07-19 16:09:52,551 - position: [-2.89264035 -1.33442926  1.34483528]
2024-07-19 16:09:52,786 - position: [-2.89053655 -1.32186174  1.34732723]
2024-07-19 16:09:53,078 - position: [-2.88621593 -1.3116219   1.34820271]
2024-07-19 16:09:53,316 - position: [-2.88285518 -1.30771685  1.34980083]
2024-07-19 16:09:53,570 - position: [-2.88119364 -1.30522168  1.35000312]
2024-07-19 16:09:53,835 - position: [-2.87976408 -1.30486763  1.34860718]
2024-07-19 16:09:54,086 - position: [-2.87970066 -1.30467975  1.34698761]
2024-07-19 16:09:54,317 - position: [-2.8790288  -1.30466032  1.3464148 ]
2024-07-19 16:09:54,528 - position: [-2.87788796 -1.30437315  1.34619045]
2024-07-19 16:09:54,795 - position: [-2.8759594  -1.30424011  1.34676218]
2024-07-19 16:09:55,076 - position: [-2.87522769 -1.30712795  1.34852481]
2024-07-19 16:09:55,302 - position: [-2.89172482 -1.34045458  1.36896062]
2024-07-19 16:09:55,514 - position: [-2.89773369 -1.42372668  1.39458609]
2024-07-19 16:09:55,810 - position: [-2.90756941 -1.68886065  1.45319498]
2024-07-19 16:09:56,026 - position: [-2.87234139 -1.93456268  1.49689472]
2024-07-19 16:09:56,258 - position: [-2.85811186 -1.9869405   1.53830099]
2024-07-19 16:09:56,543 - position: [-2.84886551 -1.93480134  1.55308175]
2024-07-19 16:09:56,791 - position: [-2.85911226 -1.85623813  1.58322513]
2024-07-19 16:09:57,018 - position: [-2.81829906 -1.71584928  1.56869578]
2024-07-19 16:09:57,279 - position: [-2.76261997 -1.59458959  1.51816225]
2024-07-19 16:09:57,542 - position: [-2.74304318 -1.55427945  1.49984717]
2024-07-19 16:09:57,767 - position: [-2.74115825 -1.53646147  1.49357998]
2024-07-19 16:09:58,013 - position: [-2.74346304 -1.53040886  1.49233472]
2024-07-19 16:09:58,244 - position: [-2.74855685 -1.52962029  1.49185252]
2024-07-19 16:09:58,491 - position: [-2.75105524 -1.52856338  1.49008715]
2024-07-19 16:09:58,721 - position: [-2.75613093 -1.52555037  1.4915067 ]
2024-07-19 16:09:58,994 - position: [-2.75914192 -1.52533364  1.49095154]
2024-07-19 16:09:59,207 - position: [-2.75892472 -1.52579999  1.49269736]
2024-07-19 16:09:59,459 - position: [-2.7620945  -1.52537966  1.49502742]
2024-07-19 16:09:59,708 - position: [-2.76336145 -1.52410996  1.49650431]
2024-07-19 16:09:59,954 - position: [-2.76456189 -1.52443397  1.49699545]
2024-07-19 16:10:00,175 - position: [-2.76687169 -1.52485108  1.50143588]
2024-07-19 16:10:00,412 - position: [-2.76796389 -1.52595663  1.50788236]
2024-07-19 16:10:00,629 - position: [-2.76864195 -1.52655911  1.51079583]
2024-07-19 16:10:00,843 - position: [-2.78109956 -1.53490031  1.52807212]
2024-07-19 16:10:01,080 - position: [-2.79168653 -1.55695689  1.54274881]
2024-07-19 16:10:01,338 - position: [-2.80637503 -1.59105384  1.56283796]
2024-07-19 16:10:01,586 - position: [-2.82719779 -1.61254609  1.57771707]
2024-07-19 16:10:01,827 - position: [-2.82656097 -1.6119684   1.57587218]
2024-07-19 16:10:02,108 - position: [-2.8259306  -1.61602926  1.57548881]
2024-07-19 16:10:02,363 - position: [-2.76059079 -1.7530632   1.55528438]
2024-07-19 16:10:02,600 - position: [-2.7674036  -1.90814734  1.56559157]
2024-07-19 16:10:02,842 - position: [-2.79736257 -2.05618     1.59168875]
2024-07-19 16:10:03,046 - position: [-2.80249357 -2.15660048  1.62407517]
2024-07-19 16:10:03,296 - position: [-2.70466256 -2.29523063  1.62886477]
2024-07-19 16:10:03,544 - position: [-2.50229096 -2.39320946  1.59523475]
2024-07-19 16:10:03,793 - position: [-2.32247567 -2.45438147  1.62049007]
2024-07-19 16:10:04,015 - position: [-2.0824039  -2.5682025   1.64400601]
2024-07-19 16:10:04,239 - position: [-1.90276039 -2.66014385  1.62166083]
2024-07-19 16:10:04,517 - position: [-1.5646497  -2.7876265   1.66790867]
2024-07-19 16:10:04,782 - position: [-1.31601644 -2.83425927  1.62739778]
2024-07-19 16:10:05,017 - position: [-1.04095435 -2.84473467  1.63749039]
2024-07-19 16:10:05,230 - position: [-0.80019057 -2.88499594  1.6387912 ]
2024-07-19 16:10:05,488 - position: [-0.5739947  -2.9306829   1.63854849]
2024-07-19 16:10:05,760 - position: [-0.43403131 -2.93686128  1.66203344]
2024-07-19 16:10:05,991 - position: [-0.35707101 -2.90022111  1.66116798]
2024-07-19 16:10:06,242 - position: [-0.28050828 -2.87831473  1.67688632]
2024-07-19 16:10:06,477 - position: [-0.19488344 -2.88099456  1.68115819]
2024-07-19 16:10:06,722 - position: [-0.13295569 -2.89021206  1.68487501]
2024-07-19 16:10:06,978 - position: [-0.1068665  -2.90290618  1.68704665]
2024-07-19 16:10:07,236 - position: [-0.11176533 -2.91255546  1.68715537]
2024-07-19 16:10:07,459 - position: [-0.11548027 -2.91795683  1.68821239]
2024-07-19 16:10:07,693 - position: [-0.11702496 -2.91814089  1.68846107]
2024-07-19 16:10:07,934 - position: [-0.11926576 -2.91742611  1.68822408]
2024-07-19 16:10:08,245 - position: [-0.11710244 -2.91860175  1.68896973]
2024-07-19 16:10:08,521 - position: [-0.12399556 -2.92602539  1.69023931]
2024-07-19 16:10:08,779 - position: [-0.11733419 -2.93626547  1.69468141]
2024-07-19 16:10:09,028 - position: [-0.10801471 -2.91452408  1.69732809]
2024-07-19 16:10:09,266 - position: [-0.10979668 -2.90832996  1.69802582]
2024-07-19 16:10:09,486 - position: [-0.10352094 -2.90869951  1.69890308]
2024-07-19 16:10:09,754 - position: [-0.10465286 -2.90516877  1.69726133]
2024-07-19 16:10:09,986 - position: [-0.10222752 -2.91013288  1.6982646 ]
2024-07-19 16:10:10,247 - position: [-0.0941029  -2.92796803  1.69669473]
2024-07-19 16:10:10,452 - position: [-0.09588794 -2.92239952  1.69552279]
2024-07-19 16:10:10,741 - position: [-0.11244665 -2.89068913  1.69160759]
2024-07-19 16:10:11,020 - position: [-0.20302549 -2.90860772  1.68842387]
2024-07-19 16:10:11,244 - position: [-0.28956443 -2.9293716   1.67683029]
2024-07-19 16:10:11,454 - position: [-0.45708516 -2.93204522  1.66343009]
2024-07-19 16:10:11,692 - position: [-0.64470696 -2.89331532  1.63450217]
2024-07-19 16:10:11,945 - position: [-0.92785543 -2.81989169  1.64938533]
2024-07-19 16:10:12,151 - position: [-1.15784299 -2.79926753  1.65955961]
2024-07-19 16:10:12,388 - position: [-1.39538848 -2.78822708  1.61363685]
2024-07-19 16:10:12,655 - position: [-1.7688607  -2.74534845  1.65832615]
2024-07-19 16:10:12,918 - position: [-1.99038708 -2.66603351  1.63086176]
2024-07-19 16:10:13,171 - position: [-2.22158241 -2.54893446  1.61230958]
2024-07-19 16:10:13,430 - position: [-2.53113604 -2.38636661  1.66281033]
2024-07-19 16:10:13,652 - position: [-2.79497647 -2.23897672  1.61844397]
2024-07-19 16:10:13,892 - position: [-2.98393488 -2.07483745  1.65309811]
2024-07-19 16:10:14,154 - position: [-3.07581282 -1.91525352  1.628932  ]
2024-07-19 16:10:14,396 - position: [-3.11117029 -1.72305644  1.6267699 ]
2024-07-19 16:10:14,620 - position: [-3.13292456 -1.61600637  1.64218128]
2024-07-19 16:10:14,875 - position: [-3.12290716 -1.51030111  1.62826824]
2024-07-19 16:10:15,135 - position: [-3.07462049 -1.33788013  1.62607634]
2024-07-19 16:10:15,391 - position: [-2.99606156 -1.2694298   1.62703633]
2024-07-19 16:10:15,598 - position: [-2.92122793 -1.24409461  1.61138511]
2024-07-19 16:10:15,835 - position: [-2.86964989 -1.23560143  1.60172153]
2024-07-19 16:10:16,118 - position: [-2.84393883 -1.21509469  1.60058737]
2024-07-19 16:10:16,366 - position: [-2.84236121 -1.19103396  1.59203374]
2024-07-19 16:10:16,576 - position: [-2.84696865 -1.17774785  1.58103311]
2024-07-19 16:10:16,825 - position: [-2.85465336 -1.16660225  1.58355224]
2024-07-19 16:10:17,077 - position: [-2.84984303 -1.15242076  1.58041513]
2024-07-19 16:10:17,332 - position: [-2.8399179  -1.15256011  1.5741266 ]
2024-07-19 16:10:17,622 - position: [-2.83680725 -1.15869462  1.57211387]
2024-07-19 16:10:17,869 - position: [-2.83308864 -1.16045439  1.57066035]
2024-07-19 16:10:18,133 - position: [-2.83123374 -1.16132438  1.57027268]
2024-07-19 16:10:18,403 - position: [-2.83206558 -1.16203523  1.57062578]
2024-07-19 16:10:18,652 - position: [-2.83281136 -1.16246963  1.57093823]
2024-07-19 16:10:18,898 - position: [-2.83204579 -1.16256166  1.57054842]
2024-07-19 16:10:19,227 - position: [-2.83198881 -1.16139376  1.57098627]
2024-07-19 16:10:19,485 - position: [-2.83139563 -1.16130519  1.57071149]
2024-07-19 16:10:19,714 - position: [-2.83157706 -1.16433942  1.5689646 ]
2024-07-19 16:10:19,950 - position: [-2.83341718 -1.16708851  1.56824839]
2024-07-19 16:10:20,194 - position: [-2.8344059  -1.16749084  1.56690943]
2024-07-19 16:10:20,412 - position: [-2.8349824  -1.1661222   1.56452084]
2024-07-19 16:10:20,637 - position: [-2.83748364 -1.16584694  1.56149209]
2024-07-19 16:10:20,845 - position: [-2.84059    -1.1674633   1.56310987]
2024-07-19 16:10:21,071 - position: [-2.84118485 -1.16746342  1.56181216]
2024-07-19 16:10:21,294 - position: [-2.84237385 -1.1644417   1.56310999]
2024-07-19 16:10:21,502 - position: [-2.84685493 -1.15541244  1.56325972]
2024-07-19 16:10:21,715 - position: [-2.84717798 -1.15194404  1.56537342]
2024-07-19 16:10:21,918 - position: [-2.84777689 -1.15043437  1.5680933 ]
2024-07-19 16:10:22,144 - position: [-2.8483355  -1.14708185  1.56601906]
2024-07-19 16:10:22,377 - position: [-2.84801102 -1.15782821  1.55925429]
2024-07-19 16:10:22,630 - position: [-2.85204625 -1.17426193  1.55822515]
2024-07-19 16:10:22,851 - position: [-2.85440493 -1.17997265  1.55615771]
2024-07-19 16:10:23,067 - position: [-2.85519934 -1.17947435  1.55441082]
2024-07-19 16:10:23,287 - position: [-2.85367393 -1.17809224  1.55394137]
2024-07-19 16:10:23,500 - position: [-2.85228181 -1.17836964  1.55354953]
2024-07-19 16:10:23,713 - position: [-2.85171628 -1.17935658  1.55341542]
