2024-07-18 14:00:17,114 - position: [-0.09885915 -2.95480514  1.51177919]
2024-07-18 14:00:17,369 - position: [-0.09886692 -2.95484948  1.51172113]
2024-07-18 14:00:17,620 - position: [-0.09887552 -2.95485187  1.51175153]
2024-07-18 14:00:17,844 - position: [-0.09885862 -2.95485544  1.51180017]
2024-07-18 14:00:18,121 - position: [-0.09886975 -2.95483661  1.51180518]
2024-07-18 14:00:18,358 - position: [-0.09887556 -2.95482874  1.51179039]
2024-07-18 14:00:18,596 - position: [-0.09886049 -2.95485258  1.51176453]
2024-07-18 14:00:18,868 - position: [-0.09887548 -2.9548068   1.51178086]
2024-07-18 14:00:19,088 - position: [-0.09886967 -2.9548142   1.51179111]
2024-07-18 14:00:19,324 - position: [-0.09888826 -2.95482683  1.51178372]
2024-07-18 14:00:19,577 - position: [-0.09886011 -2.9548552   1.51178074]
2024-07-18 14:00:19,829 - position: [-0.09887059 -2.95485425  1.51176834]
2024-07-18 14:00:20,081 - position: [-0.09884755 -2.95485878  1.51179361]
2024-07-18 14:00:20,296 - position: [-0.09886227 -2.95480967  1.51177394]
2024-07-18 14:00:20,513 - position: [-0.09885749 -2.95484352  1.51175475]
2024-07-18 14:00:20,763 - position: [-0.09888113 -2.95484924  1.5117476 ]
2024-07-18 14:00:21,031 - position: [-0.0988678  -2.95481777  1.5118016 ]
2024-07-18 14:00:21,259 - position: [-0.09887772 -2.95483041  1.51175106]
2024-07-18 14:00:21,563 - position: [-0.09889407 -2.95485806  1.51177835]
2024-07-18 14:00:21,813 - position: [-0.09887132 -2.95485258  1.51178229]
2024-07-18 14:00:22,062 - position: [-0.09886497 -2.9548521   1.51180935]
2024-07-18 14:00:22,264 - position: [-0.09887521 -2.95485044  1.51178491]
2024-07-18 14:00:22,567 - position: [-0.09887028 -2.95481372  1.51179731]
2024-07-18 14:00:22,818 - position: [-0.09886567 -2.95482922  1.51176906]
2024-07-18 14:00:23,060 - position: [-0.09886875 -2.95481181  1.5117749 ]
2024-07-18 14:00:23,406 - position: [-0.09888165 -2.95481491  1.51177084]
2024-07-18 14:00:23,618 - position: [-0.0988461  -2.95485091  1.51177764]
2024-07-18 14:00:23,890 - position: [-0.09886724 -2.95484614  1.51176429]
2024-07-18 14:00:24,121 - position: [-0.09886754 -2.9548161   1.51179636]
2024-07-18 14:00:24,345 - position: [-0.09886738 -2.95484185  1.51178956]
2024-07-18 14:00:24,571 - position: [-0.09886874 -2.95484543  1.5117842 ]
2024-07-18 14:00:24,790 - position: [-0.09889343 -2.9547832   1.51178575]
2024-07-18 14:00:25,001 - position: [-0.09885786 -2.95484686  1.5117985 ]
2024-07-18 14:00:25,237 - position: [-0.09888807 -2.95480013  1.51179612]
2024-07-18 14:00:25,478 - position: [-0.09887789 -2.95484114  1.51178491]
2024-07-18 14:00:25,719 - position: [-0.09888139 -2.95479512  1.51180053]
2024-07-18 14:00:25,985 - position: [-0.09885392 -2.95484972  1.51175797]
2024-07-18 14:00:26,235 - position: [-0.09886351 -2.95480585  1.51182389]
2024-07-18 14:00:26,468 - position: [-0.09887456 -2.95481157  1.51182747]
2024-07-18 14:00:26,770 - position: [-0.09887152 -2.95484018  1.51178765]
2024-07-18 14:00:27,018 - position: [-0.09889197 -2.95484948  1.51173043]
2024-07-18 14:00:27,254 - position: [-0.09888306 -2.95480847  1.51179707]
2024-07-18 14:00:27,492 - position: [-0.09889312 -2.95484185  1.51175869]
2024-07-18 14:00:27,779 - position: [-0.09888409 -2.95482635  1.51179183]
2024-07-18 14:00:28,032 - position: [-0.09888686 -2.95484161  1.51176298]
2024-07-18 14:00:28,259 - position: [-0.09886838 -2.95484591  1.51180398]
2024-07-18 14:00:28,530 - position: [-0.09887321 -2.95484853  1.51177061]
2024-07-18 14:00:28,756 - position: [-0.09886193 -2.95480943  1.51179814]
2024-07-18 14:00:29,032 - position: [-0.0988379  -2.95484138  1.51178646]
2024-07-18 14:00:29,285 - position: [-0.09885899 -2.95483923  1.51181793]
2024-07-18 14:00:29,596 - position: [-0.09888633 -2.95480108  1.5117867 ]
2024-07-18 14:00:29,822 - position: [-0.09891889 -2.95485449  1.51179576]
2024-07-18 14:00:30,088 - position: [-0.09887324 -2.95480347  1.51182103]
2024-07-18 14:00:30,336 - position: [-0.09886993 -2.95481205  1.51178432]
2024-07-18 14:00:30,572 - position: [-0.09888256 -2.95481038  1.51175356]
2024-07-18 14:00:30,826 - position: [-0.09887841 -2.95484567  1.51176178]
2024-07-18 14:00:31,078 - position: [-0.09886148 -2.95481968  1.51179278]
2024-07-18 14:00:31,321 - position: [-0.09885373 -2.95483994  1.51181519]
2024-07-18 14:00:31,587 - position: [-0.0988775  -2.95480728  1.51181948]
2024-07-18 14:00:31,834 - position: [-0.09888998 -2.95480299  1.51178002]
2024-07-18 14:00:32,057 - position: [-0.09886831 -2.95484781  1.5117774 ]
2024-07-18 14:00:32,340 - position: [-0.09888362 -2.95483899  1.51180589]
2024-07-18 14:00:32,578 - position: [-0.09884685 -2.9548409   1.51174533]
2024-07-18 14:00:32,852 - position: [-0.09885349 -2.95483971  1.51174593]
2024-07-18 14:00:33,100 - position: [-0.09886727 -2.95483327  1.51176167]
2024-07-18 14:00:33,345 - position: [-0.0988677  -2.95480704  1.51178849]
2024-07-18 14:00:33,623 - position: [-0.09888007 -2.95481014  1.51177335]
2024-07-18 14:00:33,889 - position: [-0.09888024 -2.95484018  1.51180089]
2024-07-18 14:00:34,114 - position: [-0.09888092 -2.95484233  1.51177406]
2024-07-18 14:00:34,381 - position: [-0.09888221 -2.95485902  1.51179147]
2024-07-18 14:00:34,618 - position: [-0.0988783  -2.95484614  1.51178515]
2024-07-18 14:00:34,844 - position: [-0.09888022 -2.95483375  1.51175773]
2024-07-18 14:00:35,069 - position: [-0.09889506 -2.95482993  1.51177943]
2024-07-18 14:00:35,303 - position: [-0.09886567 -2.9548111   1.51177955]
2024-07-18 14:00:35,523 - position: [-0.09888025 -2.9548099   1.51180398]
2024-07-18 14:00:35,779 - position: [-0.09885988 -2.95485234  1.51178837]
2024-07-18 14:00:36,107 - position: [-0.09888447 -2.95485497  1.51179504]
2024-07-18 14:00:36,324 - position: [-0.09887721 -2.95480013  1.51179671]
2024-07-18 14:00:36,546 - position: [-0.09887909 -2.95482183  1.51176608]
2024-07-18 14:00:36,807 - position: [-0.09888385 -2.95485306  1.51178813]
2024-07-18 14:00:37,035 - position: [-0.09886951 -2.95479751  1.51175475]
2024-07-18 14:00:37,281 - position: [-0.09886019 -2.95479202  1.51179922]
2024-07-18 14:00:37,510 - position: [-0.09887964 -2.95481133  1.51180303]
2024-07-18 14:00:37,739 - position: [-0.09889304 -2.9548347   1.5117563 ]
2024-07-18 14:00:37,942 - position: [-0.09886393 -2.95481324  1.51177216]
2024-07-18 14:00:38,176 - position: [-0.09887587 -2.95483446  1.51177514]
2024-07-18 14:00:38,390 - position: [-0.09888148 -2.95483828  1.51180136]
2024-07-18 14:00:38,612 - position: [-0.09887587 -2.95483923  1.51178396]
2024-07-18 14:00:38,826 - position: [-0.09886058 -2.9548521   1.51178813]
2024-07-18 14:00:39,101 - position: [-0.0988503  -2.95478988  1.51179147]
2024-07-18 14:00:39,312 - position: [-0.09883914 -2.95477223  1.51177883]
2024-07-18 14:00:39,567 - position: [-0.09886237 -2.95483136  1.5117811 ]
2024-07-18 14:00:39,797 - position: [-0.09884245 -2.9548161   1.51175535]
2024-07-18 14:00:40,031 - position: [-0.09887993 -2.95489025  1.51177728]
2024-07-18 14:00:40,313 - position: [-0.09889734 -2.95484662  1.51175833]
2024-07-18 14:00:40,565 - position: [-0.0988605  -2.95484877  1.51177907]
2024-07-18 14:00:40,789 - position: [-0.09889083 -2.95483851  1.51174784]
2024-07-18 14:00:41,009 - position: [-0.09886345 -2.9548707   1.51176226]
2024-07-18 14:00:41,254 - position: [-0.09885824 -2.95481968  1.51180184]
2024-07-18 14:00:41,530 - position: [-0.09887177 -2.95482016  1.51175642]
2024-07-18 14:00:41,757 - position: [-0.09889679 -2.9548521   1.51173067]
2024-07-18 14:00:42,009 - position: [-0.09889579 -2.95488858  1.51174104]
2024-07-18 14:00:42,295 - position: [-0.09884761 -2.954808    1.51181579]
2024-07-18 14:00:42,519 - position: [-0.09881993 -2.95487976  1.51176918]
2024-07-18 14:00:42,856 - position: [-0.09884266 -2.95487523  1.51179087]
2024-07-18 14:00:43,128 - position: [-0.09880369 -2.95483112  1.51178718]
2024-07-18 14:00:43,412 - position: [-0.0988046  -2.95484352  1.51177514]
2024-07-18 14:00:43,646 - position: [-0.09884585 -2.95487452  1.51177323]
2024-07-18 14:00:43,888 - position: [-0.09888877 -2.95488477  1.5117774 ]
2024-07-18 14:00:44,135 - position: [-0.098915   -2.95482516  1.51182187]
2024-07-18 14:00:44,494 - position: [-0.09890407 -2.95485044  1.51180243]
2024-07-18 14:00:44,723 - position: [-0.09891187 -2.95480943  1.51179755]
2024-07-18 14:00:44,966 - position: [-0.09889231 -2.95484686  1.51176047]
2024-07-18 14:00:45,182 - position: [-0.0988748  -2.9548068   1.51176882]
2024-07-18 14:00:45,403 - position: [-0.09887455 -2.95481443  1.51176691]
2024-07-18 14:00:45,655 - position: [-0.0988938  -2.95485663  1.5117557 ]
2024-07-18 14:00:45,925 - position: [-0.09887886 -2.95481348  1.51177752]
2024-07-18 14:00:46,267 - position: [-0.09888323 -2.95485282  1.51178122]
2024-07-18 14:00:46,510 - position: [-0.09888    -2.95483565  1.51177013]
2024-07-18 14:00:46,751 - position: [-0.09887709 -2.95482206  1.5117743 ]
2024-07-18 14:00:46,988 - position: [-0.09887619 -2.95485187  1.51178801]
2024-07-18 14:00:47,211 - position: [-0.09887545 -2.95485449  1.51177549]
2024-07-18 14:00:47,463 - position: [-0.09887834 -2.95481372  1.51178014]
2024-07-18 14:00:47,740 - position: [-0.09886917 -2.95483947  1.51176715]
2024-07-18 14:00:47,967 - position: [-0.09886339 -2.95481634  1.51175308]
2024-07-18 14:00:48,216 - position: [-0.09885926 -2.95479131  1.51176488]
2024-07-18 14:00:48,513 - position: [-0.09888859 -2.95483637  1.51174819]
2024-07-18 14:00:48,722 - position: [-0.09887382 -2.95485139  1.51179481]
2024-07-18 14:00:49,056 - position: [-0.09886847 -2.95483732  1.51174796]
2024-07-18 14:00:49,285 - position: [-0.09887163 -2.95485735  1.5117749 ]
2024-07-18 14:00:49,541 - position: [-0.09887709 -2.95485783  1.51178801]
2024-07-18 14:00:49,779 - position: [-0.09885673 -2.95484638  1.51176286]
2024-07-18 14:00:49,987 - position: [-0.09887821 -2.95479584  1.51177835]
2024-07-18 14:00:50,205 - position: [-0.09887553 -2.95485497  1.51177216]
2024-07-18 14:00:50,504 - position: [-0.09886153 -2.95480037  1.51174605]
2024-07-18 14:00:50,725 - position: [-0.09886227 -2.95483565  1.51176822]
2024-07-18 14:00:50,968 - position: [-0.09887013 -2.95484018  1.51182771]
2024-07-18 14:00:51,261 - position: [-0.09889768 -2.95484471  1.51178837]
2024-07-18 14:00:51,475 - position: [-0.0988964  -2.95478415  1.51179719]
2024-07-18 14:00:51,685 - position: [-0.09887394 -2.95483685  1.51175344]
2024-07-18 14:00:51,911 - position: [-0.09884643 -2.95486474  1.5117898 ]
2024-07-18 14:00:52,192 - position: [-0.098887   -2.95484829  1.51178145]
2024-07-18 14:00:52,427 - position: [-0.09889869 -2.95480299  1.51179707]
2024-07-18 14:00:52,670 - position: [-0.09888764 -2.95485139  1.51176369]
2024-07-18 14:00:52,946 - position: [-0.0988922  -2.95483208  1.51176107]
2024-07-18 14:00:53,245 - position: [-0.09884832 -2.95481157  1.51181996]
2024-07-18 14:00:53,463 - position: [-0.09888265 -2.95478296  1.51178658]
2024-07-18 14:00:53,718 - position: [-0.09886353 -2.9548533   1.51176584]
2024-07-18 14:00:53,977 - position: [-0.09888563 -2.95484781  1.51177227]
2024-07-18 14:00:54,256 - position: [-0.09888545 -2.95485044  1.51177347]
2024-07-18 14:00:54,514 - position: [-0.09888675 -2.95483327  1.5117501 ]
2024-07-18 14:00:54,761 - position: [-0.0988777  -2.95481849  1.51182008]
2024-07-18 14:00:55,015 - position: [-0.09885269 -2.95482492  1.51179147]
2024-07-18 14:00:55,242 - position: [-0.09886809 -2.95485783  1.51176953]
2024-07-18 14:00:55,479 - position: [-0.09888431 -2.9548502   1.51178133]
2024-07-18 14:00:55,727 - position: [-0.09888817 -2.95485616  1.5118227 ]
2024-07-18 14:00:55,974 - position: [-0.09886899 -2.95481825  1.51178896]
2024-07-18 14:00:56,230 - position: [-0.09886002 -2.95485115  1.51177871]
2024-07-18 14:00:56,505 - position: [-0.09888174 -2.95483661  1.51179278]
2024-07-18 14:00:56,732 - position: [-0.09887853 -2.95485163  1.51179302]
2024-07-18 14:00:56,950 - position: [-0.09886365 -2.95486045  1.51181793]
2024-07-18 14:00:57,176 - position: [-0.09887816 -2.95484447  1.511783  ]
2024-07-18 14:00:57,419 - position: [-0.09888999 -2.95479822  1.51178372]
2024-07-18 14:00:57,628 - position: [-0.09890261 -2.95483041  1.51177251]
2024-07-18 14:00:57,897 - position: [-0.0988877  -2.95481873  1.51178873]
2024-07-18 14:00:58,111 - position: [-0.09888344 -2.95485783  1.51179099]
2024-07-18 14:00:58,340 - position: [-0.09889002 -2.9548645   1.51180351]
2024-07-18 14:00:58,586 - position: [-0.09886087 -2.95486045  1.5117836 ]
2024-07-18 14:00:58,825 - position: [-0.0988607  -2.95484495  1.51175821]
2024-07-18 14:00:59,105 - position: [-0.09887335 -2.95485544  1.51177013]
2024-07-18 14:00:59,330 - position: [-0.09887724 -2.95484328  1.51177001]
2024-07-18 14:00:59,542 - position: [-0.09886272 -2.95484352  1.51176214]
2024-07-18 14:00:59,750 - position: [-0.09885428 -2.95481563  1.51181972]
2024-07-18 14:01:00,044 - position: [-0.09886911 -2.95484018  1.51178384]
2024-07-18 14:01:00,256 - position: [-0.09888467 -2.95484734  1.51180732]
2024-07-18 14:01:00,464 - position: [-0.09887822 -2.95479727  1.51180458]
2024-07-18 14:01:00,712 - position: [-0.09886408 -2.95484734  1.5117836 ]
2024-07-18 14:01:00,969 - position: [-0.09888492 -2.95481133  1.5117898 ]
2024-07-18 14:01:01,199 - position: [-0.09885824 -2.95482063  1.51179075]
2024-07-18 14:01:01,420 - position: [-0.09887211 -2.95483994  1.51176381]
2024-07-18 14:01:01,647 - position: [-0.09884405 -2.95480227  1.51178432]
2024-07-18 14:01:01,859 - position: [-0.09888294 -2.95484567  1.51177752]
2024-07-18 14:01:02,107 - position: [-0.09883492 -2.95484686  1.51177979]
2024-07-18 14:01:02,430 - position: [-0.09885238 -2.95482349  1.51177144]
2024-07-18 14:01:02,669 - position: [-0.09893726 -2.95482564  1.51182616]
2024-07-18 14:01:02,870 - position: [-0.09889703 -2.95479727  1.51180744]
2024-07-18 14:01:03,110 - position: [-0.09871916 -2.95488977  1.51178896]
2024-07-18 14:01:03,354 - position: [-0.09887019 -2.95484281  1.51177287]
2024-07-18 14:01:03,646 - position: [-0.09887223 -2.95485234  1.51176214]
2024-07-18 14:01:03,869 - position: [-0.09885737 -2.95489883  1.51176441]
2024-07-18 14:01:04,144 - position: [-0.09884449 -2.95490813  1.51177275]
2024-07-18 14:01:04,435 - position: [-0.0988064  -2.95489311  1.51178038]
2024-07-18 14:01:04,659 - position: [-0.09885512 -2.95485735  1.51170242]
2024-07-18 14:01:04,882 - position: [-0.09882435 -2.95487809  1.51174271]
2024-07-18 14:01:05,096 - position: [-0.09880303 -2.95489597  1.5117532 ]
2024-07-18 14:01:05,336 - position: [-0.09884261 -2.95481801  1.51178312]
2024-07-18 14:01:05,557 - position: [-0.0988293  -2.95488071  1.51174653]
2024-07-18 14:01:05,807 - position: [-0.09882277 -2.95485735  1.5117625 ]
2024-07-18 14:01:06,084 - position: [-0.09882342 -2.95487618  1.51175225]
2024-07-18 14:01:06,327 - position: [-0.09882707 -2.9548378   1.51174343]
2024-07-18 14:01:06,579 - position: [-0.098851   -2.95487332  1.51176798]
2024-07-18 14:01:06,917 - position: [-0.09883358 -2.95486021  1.51177955]
2024-07-18 14:01:07,137 - position: [-0.0988275  -2.95484543  1.51179326]
2024-07-18 14:01:07,403 - position: [-0.09884175 -2.95485163  1.51174939]
2024-07-18 14:01:07,639 - position: [-0.09882306 -2.95487094  1.51176476]
2024-07-18 14:01:07,920 - position: [-0.09883533 -2.9548738   1.51176977]
2024-07-18 14:01:08,169 - position: [-0.09883483 -2.95483017  1.51179802]
2024-07-18 14:01:08,447 - position: [-0.09881347 -2.95487714  1.51178133]
2024-07-18 14:01:08,706 - position: [-0.09881473 -2.95488286  1.51179659]
2024-07-18 14:01:08,949 - position: [-0.09882934 -2.95487833  1.5117358 ]
2024-07-18 14:01:09,197 - position: [-0.09885425 -2.95489073  1.51180148]
2024-07-18 14:01:09,466 - position: [-0.09886584 -2.9548595   1.51177263]
2024-07-18 14:01:09,746 - position: [-0.09887936 -2.95486617  1.51175654]
2024-07-18 14:01:09,981 - position: [-0.09887695 -2.95485044  1.51176572]
2024-07-18 14:01:10,199 - position: [-0.09889077 -2.95486689  1.51175368]
2024-07-18 14:01:10,453 - position: [-0.09885399 -2.95486474  1.51177824]
2024-07-18 14:01:10,693 - position: [-0.09886655 -2.9548068   1.51177573]
2024-07-18 14:01:10,908 - position: [-0.09886304 -2.95485497  1.51178145]
2024-07-18 14:01:11,116 - position: [-0.09888173 -2.9548521   1.5117588 ]
2024-07-18 14:01:11,372 - position: [-0.09887365 -2.95480919  1.51177883]
2024-07-18 14:01:11,728 - position: [-0.09888534 -2.95481038  1.51178885]
2024-07-18 14:01:11,936 - position: [-0.09889532 -2.95485044  1.51180422]
2024-07-18 14:01:12,171 - position: [-0.09889337 -2.954808    1.51177776]
2024-07-18 14:01:12,453 - position: [-0.09886872 -2.95485353  1.51182771]
2024-07-18 14:01:12,673 - position: [-0.09885649 -2.95485878  1.5117588 ]
2024-07-18 14:01:12,898 - position: [-0.09889352 -2.9548192   1.51181495]
2024-07-18 14:01:13,153 - position: [-0.09887349 -2.95486116  1.51181066]
2024-07-18 14:01:13,365 - position: [-0.09885159 -2.95481229  1.51178098]
2024-07-18 14:01:13,593 - position: [-0.0988671  -2.95485449  1.51174891]
2024-07-18 14:01:13,822 - position: [-0.09887277 -2.95481038  1.5117743 ]
2024-07-18 14:01:14,076 - position: [-0.09886753 -2.95482111  1.511783  ]
2024-07-18 14:01:14,361 - position: [-0.09887946 -2.95485067  1.51178408]
2024-07-18 14:01:14,590 - position: [-0.09885407 -2.95481491  1.51180995]
2024-07-18 14:01:14,840 - position: [-0.09888007 -2.95484686  1.51177406]
2024-07-18 14:01:15,138 - position: [-0.09885787 -2.95486331  1.51178479]
2024-07-18 14:01:15,358 - position: [-0.09887281 -2.95487785  1.5117656 ]
2024-07-18 14:01:15,577 - position: [-0.09888322 -2.95485258  1.51178908]
2024-07-18 14:01:15,925 - position: [-0.09888332 -2.95486474  1.51176929]
2024-07-18 14:01:16,149 - position: [-0.09887901 -2.95485759  1.51175916]
2024-07-18 14:01:16,388 - position: [-0.09885738 -2.95486951  1.51177585]
2024-07-18 14:01:16,639 - position: [-0.09887943 -2.9548614   1.51174927]
2024-07-18 14:01:16,910 - position: [-0.09887976 -2.95485735  1.51176429]
2024-07-18 14:01:17,126 - position: [-0.09886485 -2.95486069  1.51177406]
2024-07-18 14:01:17,387 - position: [-0.09886432 -2.95486593  1.51174688]
2024-07-18 14:01:17,646 - position: [-0.09885124 -2.95487094  1.51176798]
2024-07-18 14:01:17,914 - position: [-0.09885399 -2.95483875  1.51177824]
2024-07-18 14:01:18,159 - position: [-0.09887108 -2.95482779  1.51176834]
2024-07-18 14:01:18,477 - position: [-0.09885623 -2.95487475  1.51176751]
2024-07-18 14:01:18,724 - position: [-0.09885079 -2.95483613  1.51180673]
2024-07-18 14:01:18,945 - position: [-0.09884425 -2.95485353  1.51176882]
2024-07-18 14:01:19,179 - position: [-0.09885616 -2.95479727  1.51178682]
2024-07-18 14:01:19,436 - position: [-0.09885934 -2.95485115  1.51176143]
2024-07-18 14:01:19,674 - position: [-0.09885254 -2.95485616  1.51177752]
2024-07-18 14:01:19,882 - position: [-0.09885686 -2.95486403  1.511783  ]
2024-07-18 14:01:20,180 - position: [-0.0988658  -2.95484447  1.51175332]
2024-07-18 14:01:20,439 - position: [-0.09886036 -2.95488524  1.51178288]
2024-07-18 14:01:20,681 - position: [-0.09885178 -2.95482731  1.51180923]
2024-07-18 14:01:20,930 - position: [-0.09887379 -2.95485687  1.51177847]
2024-07-18 14:01:21,170 - position: [-0.09885995 -2.95485806  1.51176167]
2024-07-18 14:01:21,393 - position: [-0.09885509 -2.95485973  1.51173317]
2024-07-18 14:01:21,661 - position: [-0.09885715 -2.95486546  1.51175857]
2024-07-18 14:01:21,925 - position: [-0.09885261 -2.95480967  1.51178062]
2024-07-18 14:01:22,139 - position: [-0.09884028 -2.95486283  1.51174355]
2024-07-18 14:01:22,491 - position: [-0.09884093 -2.95487595  1.51179039]
2024-07-18 14:01:22,761 - position: [-0.09887991 -2.95480657  1.51174366]
2024-07-18 14:01:23,035 - position: [-0.09886643 -2.95485759  1.51176226]
2024-07-18 14:01:23,270 - position: [-0.09885227 -2.95485115  1.51176429]
2024-07-18 14:01:23,528 - position: [-0.09887098 -2.95481396  1.51180613]
2024-07-18 14:01:23,756 - position: [-0.09885069 -2.95481801  1.51176727]
2024-07-18 14:01:24,001 - position: [-0.09884587 -2.95484781  1.51178229]
2024-07-18 14:01:24,213 - position: [-0.09883929 -2.95482969  1.5118103 ]
2024-07-18 14:01:24,464 - position: [-0.09884052 -2.95486093  1.51177442]
2024-07-18 14:01:24,707 - position: [-0.09885786 -2.9548564   1.51177764]
2024-07-18 14:01:24,985 - position: [-0.09883458 -2.95486569  1.51178455]
2024-07-18 14:01:25,302 - position: [-0.09885564 -2.95486498  1.51179206]
2024-07-18 14:01:25,546 - position: [-0.09884804 -2.95487189  1.51180732]
2024-07-18 14:01:25,785 - position: [-0.09885657 -2.95482469  1.5117718 ]
2024-07-18 14:01:26,037 - position: [-0.09884606 -2.95482326  1.51178098]
2024-07-18 14:01:26,345 - position: [-0.09887135 -2.95485973  1.5117507 ]
2024-07-18 14:01:26,571 - position: [-0.0988758  -2.95485926  1.51173437]
2024-07-18 14:01:26,784 - position: [-0.09887431 -2.95487332  1.51179886]
2024-07-18 14:01:27,001 - position: [-0.09886419 -2.95485187  1.51176083]
2024-07-18 14:01:27,231 - position: [-0.0988575  -2.95482111  1.51176596]
2024-07-18 14:01:27,470 - position: [-0.09886147 -2.95481086  1.51178789]
2024-07-18 14:01:27,730 - position: [-0.09884676 -2.95482445  1.51177764]
2024-07-18 14:01:27,969 - position: [-0.09886561 -2.9548521   1.51178956]
2024-07-18 14:01:28,270 - position: [-0.09884951 -2.95484734  1.51178193]
2024-07-18 14:01:28,511 - position: [-0.09887502 -2.95480967  1.51174736]
2024-07-18 14:01:28,727 - position: [-0.09885519 -2.9548614   1.51174068]
2024-07-18 14:01:29,040 - position: [-0.09885339 -2.95487523  1.51177835]
2024-07-18 14:01:29,246 - position: [-0.09887502 -2.95482349  1.51181853]
2024-07-18 14:01:29,522 - position: [-0.09886483 -2.95485544  1.51175642]
2024-07-18 14:01:29,725 - position: [-0.09885006 -2.95482302  1.51179528]
2024-07-18 14:01:30,011 - position: [-0.09884844 -2.95481586  1.51179147]
2024-07-18 14:01:30,292 - position: [-0.09887337 -2.95486212  1.51175427]
2024-07-18 14:01:30,530 - position: [-0.09886536 -2.95486069  1.51174617]
2024-07-18 14:01:30,772 - position: [-0.09883516 -2.95486617  1.51178265]
2024-07-18 14:01:31,000 - position: [-0.09885535 -2.95480871  1.51176476]
2024-07-18 14:01:31,249 - position: [-0.09884724 -2.9548614   1.51173556]
2024-07-18 14:01:31,471 - position: [-0.0988573  -2.95482016  1.51179373]
2024-07-18 14:01:31,742 - position: [-0.098834   -2.95480275  1.51182616]
2024-07-18 14:01:31,993 - position: [-0.09884258 -2.95485783  1.51172757]
2024-07-18 14:01:32,244 - position: [-0.0988622  -2.95486093  1.51179051]
2024-07-18 14:01:32,478 - position: [-0.09884811 -2.95487523  1.51175451]
2024-07-18 14:01:32,714 - position: [-0.09885623 -2.95485473  1.51173949]
2024-07-18 14:01:32,957 - position: [-0.09883345 -2.95486283  1.5117563 ]
2024-07-18 14:01:33,173 - position: [-0.09885637 -2.95484662  1.51176095]
2024-07-18 14:01:33,462 - position: [-0.09882835 -2.95482063  1.51178062]
2024-07-18 14:01:33,688 - position: [-0.098821   -2.95486522  1.51173675]
2024-07-18 14:01:33,958 - position: [-0.09884299 -2.95484352  1.51178563]
2024-07-18 14:01:34,214 - position: [-0.0988846  -2.95482469  1.51178396]
2024-07-18 14:01:34,462 - position: [-0.09899348 -2.95482135  1.51182842]
2024-07-18 14:01:34,671 - position: [-0.09875131 -2.95487189  1.51176047]
2024-07-18 14:01:34,880 - position: [-0.09881432 -2.95487046  1.5117321 ]
2024-07-18 14:01:35,119 - position: [-0.09880458 -2.9548583   1.51177299]
2024-07-18 14:01:35,336 - position: [-0.09884028 -2.95484543  1.51178432]
2024-07-18 14:01:35,571 - position: [-0.09883659 -2.95485473  1.51177371]
2024-07-18 14:01:35,826 - position: [-0.09880798 -2.95487881  1.51177323]
2024-07-18 14:01:36,030 - position: [-0.09878367 -2.9548564   1.51177287]
2024-07-18 14:01:36,272 - position: [-0.0988088  -2.95487356  1.51176345]
2024-07-18 14:01:36,537 - position: [-0.09881328 -2.95487189  1.51175368]
2024-07-18 14:01:36,799 - position: [-0.09883346 -2.95484161  1.51173389]
2024-07-18 14:01:37,027 - position: [-0.09884221 -2.95480323  1.51178968]
2024-07-18 14:01:37,290 - position: [-0.09883147 -2.95487833  1.51176548]
2024-07-18 14:01:37,561 - position: [-0.09881803 -2.95488572  1.51177967]
2024-07-18 14:01:37,795 - position: [-0.0988273  -2.95484042  1.5117631 ]
2024-07-18 14:01:38,040 - position: [-0.09881119 -2.95484471  1.51175082]
2024-07-18 14:01:38,278 - position: [-0.0988202  -2.95482159  1.51179361]
2024-07-18 14:01:38,543 - position: [-0.09877224 -2.95489216  1.51177549]
2024-07-18 14:01:38,846 - position: [-0.09882378 -2.95494223  1.51176739]
2024-07-18 14:01:39,112 - position: [-0.09894212 -2.95486569  1.51176941]
2024-07-18 14:01:39,403 - position: [-0.09893605 -2.95486784  1.51177037]
2024-07-18 14:01:39,604 - position: [-0.09887144 -2.95481539  1.51178169]
2024-07-18 14:01:39,831 - position: [-0.09888534 -2.95484757  1.51176476]
2024-07-18 14:01:40,071 - position: [-0.09887117 -2.95486903  1.51177132]
2024-07-18 14:01:40,336 - position: [-0.09885257 -2.95483565  1.51176906]
2024-07-18 14:01:40,636 - position: [-0.09885081 -2.95485044  1.51178491]
2024-07-18 14:01:40,860 - position: [-0.09888337 -2.95486283  1.51175451]
2024-07-18 14:01:41,075 - position: [-0.09886681 -2.95481968  1.51179302]
2024-07-18 14:01:41,342 - position: [-0.09888598 -2.95481992  1.5118053 ]
2024-07-18 14:01:41,580 - position: [-0.09884987 -2.95483136  1.51176012]
2024-07-18 14:01:41,798 - position: [-0.09884761 -2.95486164  1.51176655]
2024-07-18 14:01:42,053 - position: [-0.09886517 -2.95484567  1.51177716]
2024-07-18 14:01:42,360 - position: [-0.09885306 -2.95484042  1.51177371]
2024-07-18 14:01:42,592 - position: [-0.09884826 -2.95481157  1.51175511]
2024-07-18 14:01:42,897 - position: [-0.09884166 -2.95485926  1.51174045]
2024-07-18 14:01:43,197 - position: [-0.09884202 -2.95483232  1.51178479]
2024-07-18 14:01:43,430 - position: [-0.098836   -2.95484924  1.5117588 ]
2024-07-18 14:01:43,696 - position: [-0.09886113 -2.95482183  1.51175523]
2024-07-18 14:01:43,902 - position: [-0.09885493 -2.95486569  1.51177442]
2024-07-18 14:01:44,128 - position: [-0.09885283 -2.95486045  1.51176298]
2024-07-18 14:01:44,377 - position: [-0.09884661 -2.95484948  1.51177657]
2024-07-18 14:01:44,597 - position: [-0.09885472 -2.95482659  1.51177275]
2024-07-18 14:01:44,819 - position: [-0.09884536 -2.95484686  1.51176226]
2024-07-18 14:01:45,058 - position: [-0.09886034 -2.95483685  1.51175952]
2024-07-18 14:01:45,346 - position: [-0.09884432 -2.95481181  1.51177633]
2024-07-18 14:01:45,571 - position: [-0.09885357 -2.95482898  1.51178622]
2024-07-18 14:01:45,874 - position: [-0.09886321 -2.954808    1.51176751]
2024-07-18 14:01:46,165 - position: [-0.09886018 -2.95482278  1.51175725]
2024-07-18 14:01:46,373 - position: [-0.09886787 -2.95485401  1.51175773]
2024-07-18 14:01:46,605 - position: [-0.09884956 -2.9548111   1.51178265]
2024-07-18 14:01:46,939 - position: [-0.0988784  -2.95485783  1.51174355]
2024-07-18 14:01:47,180 - position: [-0.09886926 -2.95487809  1.51180065]
2024-07-18 14:01:47,387 - position: [-0.09886987 -2.95479679  1.51182628]
2024-07-18 14:01:47,650 - position: [-0.09887184 -2.95481753  1.51179016]
2024-07-18 14:08:12,114 - position: [-0.15812603 -3.23745632  1.81511879]
2024-07-18 14:08:12,383 - position: [-0.15252693 -3.23862457  1.81508231]
2024-07-18 14:08:12,675 - position: [-0.15268445 -3.22587729  1.81284523]
2024-07-18 14:08:12,901 - position: [-0.14286016 -3.21279693  1.81386709]
2024-07-18 14:08:13,182 - position: [-0.12756933 -3.17792392  1.81485796]
2024-07-18 14:08:13,419 - position: [-0.08875668 -3.12667418  1.81663072]
2024-07-18 14:08:13,645 - position: [-0.0305025  -3.12469554  1.82085061]
2024-07-18 14:08:13,889 - position: [ 0.04380555 -3.11783719  1.8112303 ]
2024-07-18 14:08:14,125 - position: [ 0.06749682 -3.1041038   1.81008101]
2024-07-18 14:08:14,342 - position: [ 0.07099922 -3.09696698  1.81132019]
2024-07-18 14:08:14,579 - position: [ 0.06568561 -3.08868289  1.81002927]
2024-07-18 14:08:14,886 - position: [ 0.05676009 -3.08716059  1.80907297]
2024-07-18 14:08:15,143 - position: [ 0.05255755 -3.08470249  1.80925214]
2024-07-18 14:08:15,391 - position: [ 0.0527135  -3.08396983  1.80966139]
2024-07-18 14:08:15,633 - position: [ 0.04679894 -3.08735585  1.80922794]
2024-07-18 14:08:15,852 - position: [ 0.04337678 -3.09225702  1.80917227]
2024-07-18 14:08:16,161 - position: [ 0.05042904 -3.11376095  1.80890906]
2024-07-18 14:08:16,467 - position: [ 0.04678813 -3.10738182  1.80750072]
2024-07-18 14:08:16,702 - position: [ 0.03532919 -3.10969973  1.8098861 ]
2024-07-18 14:08:16,975 - position: [ 0.03472    -3.11879301  1.8123529 ]
2024-07-18 14:08:17,192 - position: [ 0.03116615 -3.12134552  1.81387424]
2024-07-18 14:08:17,440 - position: [ 0.03247903 -3.1048367   1.81502986]
2024-07-18 14:08:17,697 - position: [ 0.0358371  -3.09083247  1.8140316 ]
2024-07-18 14:08:17,939 - position: [ 0.04033224 -3.08756328  1.81379008]
2024-07-18 14:08:18,216 - position: [ 0.04272386 -3.08452559  1.81144893]
2024-07-18 14:08:18,499 - position: [ 0.04053959 -3.07811308  1.81069553]
2024-07-18 14:08:18,758 - position: [ 0.03042859 -3.07177067  1.8082037 ]
2024-07-18 14:08:19,002 - position: [-0.02178654 -3.12474537  1.81639159]
2024-07-18 14:08:19,294 - position: [-0.08709208 -3.16460872  1.82109952]
2024-07-18 14:08:19,525 - position: [-0.15431449 -3.13622808  1.82027936]
2024-07-18 14:08:19,785 - position: [-0.20004058 -3.11419225  1.81438136]
2024-07-18 14:08:20,009 - position: [-0.20114042 -3.10459852  1.81201756]
2024-07-18 14:08:20,306 - position: [-0.15631868 -3.10172653  1.80981004]
2024-07-18 14:08:20,529 - position: [-0.12948605 -3.10267234  1.81016982]
2024-07-18 14:08:20,780 - position: [-0.09811065 -3.1066556   1.81361318]
2024-07-18 14:08:21,010 - position: [-0.07679103 -3.10668087  1.8133378 ]
2024-07-18 14:08:21,259 - position: [-0.06805673 -3.08982205  1.8067013 ]
2024-07-18 14:08:21,512 - position: [-0.07695645 -3.06724238  1.79913712]
2024-07-18 14:08:21,813 - position: [-0.09377443 -3.04200983  1.79470313]
2024-07-18 14:08:22,083 - position: [-0.09842207 -3.03936124  1.79564667]
2024-07-18 14:08:22,325 - position: [-0.10635953 -3.04199195  1.79660439]
2024-07-18 14:08:22,601 - position: [-0.12662743 -3.04496837  1.7962178 ]
2024-07-18 14:08:22,862 - position: [-0.17499723 -3.05116248  1.79155147]
2024-07-18 14:08:23,085 - position: [-0.2041381  -3.05862093  1.78867126]
2024-07-18 14:08:23,363 - position: [-0.22667347 -3.07296777  1.78996837]
2024-07-18 14:08:23,620 - position: [-0.23676068 -3.09888673  1.79588854]
2024-07-18 14:08:23,875 - position: [-0.22684808 -3.1071744   1.79813576]
2024-07-18 14:08:24,107 - position: [-0.19169547 -3.0951426   1.79205251]
2024-07-18 14:08:24,418 - position: [-0.1175591  -3.0845623   1.79544234]
2024-07-18 14:08:24,628 - position: [-0.0539526  -3.07791877  1.82114065]
2024-07-18 14:08:24,866 - position: [-0.0209099  -3.0135324   1.85799062]
2024-07-18 14:08:25,079 - position: [-0.01276824 -3.00642061  1.86149323]
2024-07-18 14:08:25,324 - position: [-0.02594138 -3.01030588  1.88474226]
2024-07-18 14:08:25,575 - position: [-0.02315523 -3.05620956  1.84193039]
2024-07-18 14:08:25,833 - position: [-0.08040564 -3.08088803  1.80943346]
2024-07-18 14:08:26,085 - position: [-0.1446459  -3.10401821  1.80029833]
2024-07-18 14:08:26,350 - position: [-0.17424974 -3.12884593  1.80305123]
2024-07-18 14:08:26,587 - position: [-0.18898459 -3.13593912  1.80813658]
2024-07-18 14:08:26,828 - position: [-0.19656737 -3.12865973  1.809497  ]
2024-07-18 14:08:27,085 - position: [-0.1962046  -3.12096763  1.81160641]
2024-07-18 14:08:27,312 - position: [-0.19431719 -3.11791635  1.81067061]
2024-07-18 14:08:27,538 - position: [-0.19301641 -3.11639476  1.8106662 ]
2024-07-18 14:08:27,786 - position: [-0.19174193 -3.11439395  1.81055987]
2024-07-18 14:08:28,025 - position: [-0.19753857 -3.10694242  1.81033266]
2024-07-18 14:08:28,285 - position: [-0.19302937 -3.09178066  1.8105222 ]
2024-07-18 14:08:28,550 - position: [-0.17960562 -3.09776974  1.81244385]
2024-07-18 14:08:28,788 - position: [-0.17727102 -3.11538625  1.81447804]
2024-07-18 14:08:29,033 - position: [-0.17854887 -3.11109591  1.81349802]
2024-07-18 14:08:29,252 - position: [-0.19070043 -3.0477581   1.78854334]
2024-07-18 14:08:29,468 - position: [-0.19799301 -2.99461484  1.76793039]
2024-07-18 14:08:29,753 - position: [-0.16859245 -2.95744681  1.76104987]
2024-07-18 14:08:30,042 - position: [-0.12252735 -2.96854186  1.77143729]
2024-07-18 14:08:30,289 - position: [-0.0720972  -3.03984404  1.81942225]
2024-07-18 14:08:30,508 - position: [-0.10099246 -3.05689454  1.82742953]
2024-07-18 14:08:30,753 - position: [-0.12651443 -3.04347539  1.82750201]
2024-07-18 14:08:30,974 - position: [-0.11999044 -3.04253769  1.82858431]
2024-07-18 14:08:31,209 - position: [-0.10113582 -3.04935884  1.82741642]
2024-07-18 14:08:31,457 - position: [-0.08578026 -3.02225065  1.82724571]
2024-07-18 14:08:31,721 - position: [-0.0765765  -2.99834394  1.82627547]
2024-07-18 14:08:31,974 - position: [-0.07573765 -2.98960352  1.82461166]
2024-07-18 14:08:32,205 - position: [-0.07953866 -2.98612118  1.82382798]
2024-07-18 14:08:32,435 - position: [-0.08522593 -2.98454642  1.82311141]
2024-07-18 14:08:32,667 - position: [-0.08855119 -2.97936416  1.82282782]
2024-07-18 14:08:32,908 - position: [-0.09307431 -2.97974253  1.82278216]
2024-07-18 14:08:33,159 - position: [-0.10076661 -2.99191236  1.82335079]
2024-07-18 14:08:33,390 - position: [-0.10344289 -3.00043368  1.82372129]
2024-07-18 14:08:33,618 - position: [-0.10856574 -3.00446343  1.82472146]
2024-07-18 14:08:33,857 - position: [-0.11927742 -3.005301    1.82449436]
2024-07-18 14:08:34,100 - position: [-0.13252546 -2.99829578  1.82283866]
2024-07-18 14:08:34,331 - position: [-0.13815133 -2.98765182  1.82036662]
