2026-01-20 10:29:04,436 - position: [0. 0. 0.]
2026-01-20 10:29:04,743 - position: [0. 0. 0.]
2026-01-20 10:29:04,994 - position: [0. 0. 0.]
2026-01-20 10:29:05,225 - position: [0. 0. 0.]
2026-01-20 10:29:05,453 - position: [0. 0. 0.]
2026-01-20 10:29:05,685 - position: [0. 0. 0.]
2026-01-20 10:29:05,913 - position: [0. 0. 0.]
2026-01-20 10:29:06,203 - position: [ 0.47552869 -1.07256174  1.31413293]
2026-01-20 10:29:06,472 - position: [ 0.400511   -1.18926907  1.82672393]
2026-01-20 10:29:06,769 - position: [ 0.26988184 -1.34542739  2.06783509]
2026-01-20 10:29:07,063 - position: [ 0.24662724 -1.36545563  2.08302069]
2026-01-20 10:29:07,292 - position: [ 0.31507504 -1.31748629  1.92720175]
2026-01-20 10:29:07,535 - position: [ 0.36950973 -1.25856316  1.79465306]
2026-01-20 10:29:07,798 - position: [ 0.60459584 -1.16945469  1.17830145]
2026-01-20 10:29:08,034 - position: [ 0.53326583 -1.34497547  0.88456231]
2026-01-20 10:29:08,271 - position: [ 0.47814605 -1.39711857  0.84487545]
2026-01-20 10:29:08,484 - position: [ 0.3791813  -1.4135164   0.82091063]
2026-01-20 10:29:08,713 - position: [ 0.36429435 -1.31302345  0.83913505]
2026-01-20 10:29:08,956 - position: [ 0.35269389 -1.32139766  0.83571428]
2026-01-20 10:29:09,201 - position: [ 0.35269389 -1.32139766  0.83571428]
2026-01-20 10:29:09,453 - position: [ 0.35566974 -1.33406329  0.83336806]
2026-01-20 10:29:09,673 - position: [ 0.3602263  -1.33318079  0.83403522]
2026-01-20 10:29:09,893 - position: [ 0.37325373 -1.32752824  0.83655107]
2026-01-20 10:29:10,121 - position: [ 0.36538595 -1.30888903  0.84189445]
2026-01-20 10:29:10,328 - position: [ 0.36619633 -1.3082546   0.84200507]
2026-01-20 10:29:10,594 - position: [ 0.37279761 -1.31200385  0.84144485]
2026-01-20 10:29:10,828 - position: [ 0.3685624  -1.31411779  0.84063441]
2026-01-20 10:29:11,054 - position: [ 0.36799946 -1.31317556  0.84116691]
2026-01-20 10:29:11,272 - position: [ 0.36792156 -1.3164109   0.84007215]
2026-01-20 10:29:11,483 - position: [ 0.3675406  -1.31588137  0.83970255]
2026-01-20 10:29:11,756 - position: [ 0.36525783 -1.31136978  0.83913916]
2026-01-20 10:29:11,964 - position: [ 0.36696348 -1.30893254  0.84073061]
2026-01-20 10:29:12,175 - position: [ 0.36702836 -1.30879462  0.84080142]
2026-01-20 10:29:12,401 - position: [ 0.36677143 -1.30576086  0.84189421]
2026-01-20 10:29:12,639 - position: [ 0.36614108 -1.30550921  0.84210074]
2026-01-20 10:29:12,877 - position: [ 0.36502206 -1.30383503  0.84236073]
2026-01-20 10:29:13,133 - position: [ 0.36486852 -1.30375886  0.84240413]
2026-01-20 10:29:13,415 - position: [ 0.36381274 -1.30502462  0.84108132]
2026-01-20 10:29:13,670 - position: [ 0.36129487 -1.3045789   0.84024072]
2026-01-20 10:29:13,900 - position: [ 0.36384827 -1.30873573  0.83937341]
2026-01-20 10:29:14,200 - position: [ 0.36607844 -1.31194234  0.83879822]
2026-01-20 10:29:14,429 - position: [ 0.37032622 -1.31371522  0.83870292]
2026-01-20 10:29:14,648 - position: [ 0.37368453 -1.31140494  0.84011686]
2026-01-20 10:29:14,935 - position: [ 0.38380557 -1.31028354  0.84255201]
2026-01-20 10:29:15,172 - position: [ 0.38427126 -1.30941594  0.84181678]
2026-01-20 10:29:15,445 - position: [ 0.38427126 -1.30941594  0.84181678]
2026-01-20 10:29:15,673 - position: [ 0.38427126 -1.30941594  0.84181678]
2026-01-20 10:29:15,917 - position: [ 0.38427126 -1.30941594  0.84181678]
2026-01-20 10:29:16,135 - position: [ 0.38427126 -1.30941594  0.84181678]
2026-01-20 10:29:16,374 - position: [ 0.38427126 -1.30941594  0.84181678]
2026-01-20 10:29:16,612 - position: [ 0.38427126 -1.30941594  0.84181678]
2026-01-20 10:29:16,848 - position: [ 0.38427126 -1.30941594  0.84181678]
2026-01-20 10:29:17,102 - position: [ 0.36316925 -1.32019079  0.83472121]
2026-01-20 10:29:17,354 - position: [ 0.36449862 -1.32373846  0.83434975]
2026-01-20 10:29:17,596 - position: [ 0.36595359 -1.32370019  0.83567584]
2026-01-20 10:29:17,829 - position: [ 0.36595359 -1.32370019  0.83567584]
2026-01-20 10:29:18,048 - position: [ 0.36595359 -1.32370019  0.83567584]
2026-01-20 10:29:18,380 - position: [ 0.36595359 -1.32370019  0.83567584]
2026-01-20 10:29:18,627 - position: [ 0.36595359 -1.32370019  0.83567584]
2026-01-20 10:29:18,895 - position: [ 0.36595359 -1.32370019  0.83567584]
2026-01-20 10:29:19,114 - position: [ 0.36595359 -1.32370019  0.83567584]
2026-01-20 10:29:19,351 - position: [ 0.36595359 -1.32370019  0.83567584]
2026-01-20 10:29:19,596 - position: [ 0.36595359 -1.32370019  0.83567584]
2026-01-20 10:29:19,835 - position: [ 0.36595359 -1.32370019  0.83567584]
2026-01-20 10:29:20,052 - position: [ 0.36595359 -1.32370019  0.83567584]
2026-01-20 10:29:20,307 - position: [ 0.36595359 -1.32370019  0.83567584]
2026-01-20 10:29:20,538 - position: [ 0.36595359 -1.32370019  0.83567584]
2026-01-20 10:29:20,763 - position: [ 0.36595359 -1.32370019  0.83567584]
2026-01-20 10:29:21,001 - position: [ 0.36595359 -1.32370019  0.83567584]
2026-01-20 10:29:21,321 - position: [ 0.36595359 -1.32370019  0.83567584]
2026-01-20 10:29:21,545 - position: [ 0.36595359 -1.32370019  0.83567584]
2026-01-20 10:29:21,800 - position: [ 0.36595359 -1.32370019  0.83567584]
2026-01-20 10:29:22,023 - position: [ 0.36595359 -1.32370019  0.83567584]
2026-01-20 10:29:22,295 - position: [ 0.36595359 -1.32370019  0.83567584]
2026-01-20 10:29:22,629 - position: [ 0.36595359 -1.32370019  0.83567584]
2026-01-20 10:29:22,858 - position: [ 0.36595359 -1.32370019  0.83567584]
2026-01-20 10:29:23,082 - position: [ 0.36595359 -1.32370019  0.83567584]
2026-01-20 10:29:23,307 - position: [ 0.36595359 -1.32370019  0.83567584]
2026-01-20 10:29:23,642 - position: [ 0.36595359 -1.32370019  0.83567584]
2026-01-20 10:29:23,886 - position: [ 0.36595359 -1.32370019  0.83567584]
2026-01-20 10:29:24,148 - position: [ 0.36595359 -1.32370019  0.83567584]
2026-01-20 10:29:24,380 - position: [ 0.36595359 -1.32370019  0.83567584]
2026-01-20 10:29:24,591 - position: [ 0.36595359 -1.32370019  0.83567584]
2026-01-20 10:29:24,868 - position: [ 0.36595359 -1.32370019  0.83567584]
2026-01-20 10:29:25,095 - position: [ 0.36595359 -1.32370019  0.83567584]
2026-01-20 10:29:25,370 - position: [ 0.36595359 -1.32370019  0.83567584]
2026-01-20 10:29:25,648 - position: [ 0.36595359 -1.32370019  0.83567584]
2026-01-20 10:29:25,906 - position: [ 0.36595359 -1.32370019  0.83567584]
2026-01-20 10:29:26,136 - position: [ 0.36595359 -1.32370019  0.83567584]
2026-01-20 10:29:26,406 - position: [ 0.36595359 -1.32370019  0.83567584]
2026-01-20 10:29:26,647 - position: [ 0.36595359 -1.32370019  0.83567584]
2026-01-20 10:29:26,902 - position: [ 0.36595359 -1.32370019  0.83567584]
2026-01-20 10:29:27,172 - position: [ 0.36595359 -1.32370019  0.83567584]
2026-01-20 10:29:27,408 - position: [ 0.36595359 -1.32370019  0.83567584]
2026-01-20 10:29:27,639 - position: [ 0.36595359 -1.32370019  0.83567584]
2026-01-20 10:29:27,865 - position: [ 0.36595359 -1.32370019  0.83567584]
2026-01-20 10:29:28,135 - position: [ 0.36595359 -1.32370019  0.83567584]
2026-01-20 10:29:28,349 - position: [ 0.36595359 -1.32370019  0.83567584]
2026-01-20 10:29:28,592 - position: [ 0.36595359 -1.32370019  0.83567584]
2026-01-20 10:29:28,820 - position: [ 0.36595359 -1.32370019  0.83567584]
2026-01-20 10:29:29,065 - position: [ 0.36595359 -1.32370019  0.83567584]
2026-01-20 10:29:29,309 - position: [ 0.36595359 -1.32370019  0.83567584]
2026-01-20 10:29:29,541 - position: [ 0.36595359 -1.32370019  0.83567584]
2026-01-20 10:29:29,797 - position: [ 0.36595359 -1.32370019  0.83567584]
2026-01-20 10:29:30,035 - position: [ 0.36595359 -1.32370019  0.83567584]
2026-01-20 10:29:30,293 - position: [ 0.36595359 -1.32370019  0.83567584]
2026-01-20 10:29:30,561 - position: [ 0.36595359 -1.32370019  0.83567584]
2026-01-20 10:29:30,792 - position: [ 0.36595359 -1.32370019  0.83567584]
2026-01-20 10:29:31,031 - position: [ 0.36595359 -1.32370019  0.83567584]
2026-01-20 10:29:31,241 - position: [ 0.36595359 -1.32370019  0.83567584]
2026-01-20 10:29:31,503 - position: [ 0.36595359 -1.32370019  0.83567584]
2026-01-20 10:29:31,801 - position: [ 0.36595359 -1.32370019  0.83567584]
2026-01-20 10:29:32,040 - position: [ 0.36595359 -1.32370019  0.83567584]
2026-01-20 10:29:32,262 - position: [ 0.39036667 -1.17118835  1.69075286]
2026-01-20 10:29:32,523 - position: [ 0.36529672 -1.20865726  1.77821052]
2026-01-20 10:29:32,765 - position: [ 0.26093715 -1.34578693  2.04005718]
2026-01-20 10:29:33,000 - position: [ 0.21476302 -1.41472065  2.12514782]
2026-01-20 10:29:33,209 - position: [ 0.21922649 -1.41397798  2.06141257]
2026-01-20 10:29:33,480 - position: [ 0.34012038 -1.25354826  1.72541726]
2026-01-20 10:29:33,729 - position: [ 0.43132398 -1.17844999  0.98795056]
2026-01-20 10:29:33,963 - position: [ 0.4018442  -1.24513972  0.89394015]
2026-01-20 10:29:34,240 - position: [ 0.4018442  -1.24513972  0.89394015]
2026-01-20 10:29:34,486 - position: [ 0.4018442  -1.24513972  0.89394015]
2026-01-20 10:29:34,695 - position: [ 0.4018442  -1.24513972  0.89394015]
2026-01-20 10:29:34,971 - position: [ 0.4018442  -1.24513972  0.89394015]
2026-01-20 10:29:35,204 - position: [ 0.4018442  -1.24513972  0.89394015]
2026-01-20 10:29:35,442 - position: [ 0.4018442  -1.24513972  0.89394015]
2026-01-20 10:29:35,671 - position: [ 0.4018442  -1.24513972  0.89394015]
2026-01-20 10:29:35,879 - position: [ 0.4018442  -1.24513972  0.89394015]
2026-01-20 10:29:36,181 - position: [ 0.4018442  -1.24513972  0.89394015]
2026-01-20 10:29:36,394 - position: [ 0.4018442  -1.24513972  0.89394015]
2026-01-20 10:29:36,614 - position: [ 0.4018442  -1.24513972  0.89394015]
2026-01-20 10:29:36,827 - position: [ 0.4018442  -1.24513972  0.89394015]
2026-01-20 10:29:37,089 - position: [ 0.4018442  -1.24513972  0.89394015]
2026-01-20 10:29:37,317 - position: [ 0.4018442  -1.24513972  0.89394015]
2026-01-20 10:29:37,630 - position: [ 0.4018442  -1.24513972  0.89394015]
2026-01-20 10:29:37,914 - position: [ 0.4018442  -1.24513972  0.89394015]
2026-01-20 10:29:38,158 - position: [ 0.4018442  -1.24513972  0.89394015]
2026-01-20 10:29:38,380 - position: [ 0.4018442  -1.24513972  0.89394015]
2026-01-20 10:29:38,662 - position: [ 0.4018442  -1.24513972  0.89394015]
2026-01-20 10:29:38,903 - position: [ 0.4018442  -1.24513972  0.89394015]
2026-01-20 10:29:39,130 - position: [ 0.4018442  -1.24513972  0.89394015]
2026-01-20 10:29:39,385 - position: [ 0.4018442  -1.24513972  0.89394015]
2026-01-20 10:29:39,662 - position: [ 0.4018442  -1.24513972  0.89394015]
2026-01-20 10:29:39,896 - position: [ 0.4018442  -1.24513972  0.89394015]
2026-01-20 10:29:40,150 - position: [ 0.4018442  -1.24513972  0.89394015]
2026-01-20 10:29:40,374 - position: [ 0.4018442  -1.24513972  0.89394015]
2026-01-20 10:29:40,612 - position: [ 0.4018442  -1.24513972  0.89394015]
2026-01-20 10:29:40,985 - position: [ 0.4018442  -1.24513972  0.89394015]
2026-01-20 10:29:41,223 - position: [ 0.4018442  -1.24513972  0.89394015]
2026-01-20 10:29:41,461 - position: [ 0.4018442  -1.24513972  0.89394015]
2026-01-20 10:29:41,712 - position: [ 0.4018442  -1.24513972  0.89394015]
2026-01-20 10:29:42,006 - position: [ 0.4018442  -1.24513972  0.89394015]
2026-01-20 10:29:42,247 - position: [ 0.4018442  -1.24513972  0.89394015]
2026-01-20 10:29:42,502 - position: [ 0.4018442  -1.24513972  0.89394015]
2026-01-20 10:29:42,740 - position: [ 0.4018442  -1.24513972  0.89394015]
2026-01-20 10:29:43,024 - position: [ 0.4018442  -1.24513972  0.89394015]
2026-01-20 10:29:43,319 - position: [ 0.4018442  -1.24513972  0.89394015]
2026-01-20 10:29:43,585 - position: [ 0.4018442  -1.24513972  0.89394015]
2026-01-20 10:29:43,855 - position: [ 0.4018442  -1.24513972  0.89394015]
2026-01-20 10:29:44,086 - position: [ 0.4018442  -1.24513972  0.89394015]
2026-01-20 10:29:44,293 - position: [ 0.4018442  -1.24513972  0.89394015]
2026-01-20 10:29:44,522 - position: [ 0.4018442  -1.24513972  0.89394015]
2026-01-20 10:29:44,750 - position: [ 0.4018442  -1.24513972  0.89394015]
2026-01-20 10:29:44,979 - position: [ 0.4018442  -1.24513972  0.89394015]
2026-01-20 10:29:45,228 - position: [ 0.4018442  -1.24513972  0.89394015]
2026-01-20 10:29:45,460 - position: [ 0.4018442  -1.24513972  0.89394015]
2026-01-20 10:29:45,701 - position: [ 0.4018442  -1.24513972  0.89394015]
2026-01-20 10:29:45,939 - position: [ 0.4018442  -1.24513972  0.89394015]
2026-01-20 10:29:46,191 - position: [ 0.4018442  -1.24513972  0.89394015]
2026-01-20 10:29:46,433 - position: [ 0.4018442  -1.24513972  0.89394015]
2026-01-20 10:29:46,653 - position: [ 0.4018442  -1.24513972  0.89394015]
2026-01-20 10:29:46,903 - position: [ 0.4018442  -1.24513972  0.89394015]
2026-01-20 10:29:47,161 - position: [ 0.4018442  -1.24513972  0.89394015]
2026-01-20 10:29:47,408 - position: [ 0.4018442  -1.24513972  0.89394015]
2026-01-20 10:29:47,618 - position: [ 0.4018442  -1.24513972  0.89394015]
2026-01-20 10:29:47,876 - position: [ 0.4018442  -1.24513972  0.89394015]
2026-01-20 10:29:48,117 - position: [ 0.4018442  -1.24513972  0.89394015]
2026-01-20 10:29:48,338 - position: [ 0.4018442  -1.24513972  0.89394015]
2026-01-20 10:29:48,577 - position: [ 0.4018442  -1.24513972  0.89394015]
2026-01-20 10:29:48,819 - position: [ 0.4018442  -1.24513972  0.89394015]
2026-01-20 10:29:49,058 - position: [ 0.4018442  -1.24513972  0.89394015]
2026-01-20 10:29:49,279 - position: [ 0.4018442  -1.24513972  0.89394015]
2026-01-20 10:29:49,541 - position: [ 0.4018442  -1.24513972  0.89394015]
2026-01-20 10:29:49,849 - position: [ 0.4018442  -1.24513972  0.89394015]
2026-01-20 10:29:50,082 - position: [ 0.4018442  -1.24513972  0.89394015]
2026-01-20 10:29:50,341 - position: [ 0.4018442  -1.24513972  0.89394015]
2026-01-20 10:29:50,571 - position: [ 0.4018442  -1.24513972  0.89394015]
2026-01-20 10:29:50,791 - position: [ 0.4018442  -1.24513972  0.89394015]
2026-01-20 10:29:51,047 - position: [ 0.4018442  -1.24513972  0.89394015]
2026-01-20 10:29:51,276 - position: [ 0.4018442  -1.24513972  0.89394015]
2026-01-20 10:29:51,552 - position: [ 0.4018442  -1.24513972  0.89394015]
2026-01-20 10:29:51,769 - position: [ 0.4018442  -1.24513972  0.89394015]
2026-01-20 10:29:52,017 - position: [ 0.4018442  -1.24513972  0.89394015]
2026-01-20 10:29:52,243 - position: [ 0.4018442  -1.24513972  0.89394015]
2026-01-20 10:29:52,457 - position: [ 0.4018442  -1.24513972  0.89394015]
2026-01-20 10:29:52,665 - position: [ 0.4018442  -1.24513972  0.89394015]
2026-01-20 10:29:52,907 - position: [ 0.4018442  -1.24513972  0.89394015]
2026-01-20 10:29:53,145 - position: [ 0.4018442  -1.24513972  0.89394015]
2026-01-20 10:29:53,419 - position: [ 0.4018442  -1.24513972  0.89394015]
2026-01-20 10:29:53,669 - position: [ 0.4018442  -1.24513972  0.89394015]
2026-01-20 10:29:53,937 - position: [ 0.4018442  -1.24513972  0.89394015]
2026-01-20 10:29:54,182 - position: [ 0.4018442  -1.24513972  0.89394015]
2026-01-20 10:29:54,407 - position: [ 0.4018442  -1.24513972  0.89394015]
2026-01-20 10:29:54,647 - position: [ 0.4018442  -1.24513972  0.89394015]
2026-01-20 10:29:54,893 - position: [ 0.4018442  -1.24513972  0.89394015]
2026-01-20 10:29:55,196 - position: [ 0.4018442  -1.24513972  0.89394015]
2026-01-20 10:29:55,492 - position: [ 0.4018442  -1.24513972  0.89394015]
2026-01-20 10:29:55,882 - position: [ 0.4018442  -1.24513972  0.89394015]
2026-01-20 10:29:56,119 - position: [ 0.4018442  -1.24513972  0.89394015]
2026-01-20 10:29:56,342 - position: [ 0.4018442  -1.24513972  0.89394015]
2026-01-20 10:29:56,635 - position: [ 0.4018442  -1.24513972  0.89394015]
2026-01-20 10:29:56,881 - position: [ 0.4018442  -1.24513972  0.89394015]
2026-01-20 10:29:57,128 - position: [ 0.4018442  -1.24513972  0.89394015]
2026-01-20 10:29:57,363 - position: [ 0.4018442  -1.24513972  0.89394015]
2026-01-20 10:29:57,580 - position: [ 0.4018442  -1.24513972  0.89394015]
2026-01-20 10:29:57,840 - position: [ 0.4018442  -1.24513972  0.89394015]
2026-01-20 10:29:58,154 - position: [ 0.4018442  -1.24513972  0.89394015]
2026-01-20 10:29:58,372 - position: [ 0.4018442  -1.24513972  0.89394015]
2026-01-20 10:29:58,595 - position: [ 0.4018442  -1.24513972  0.89394015]
2026-01-20 10:29:58,878 - position: [ 0.4018442  -1.24513972  0.89394015]
2026-01-20 10:29:59,134 - position: [ 0.4018442  -1.24513972  0.89394015]
2026-01-20 10:29:59,352 - position: [ 0.4018442  -1.24513972  0.89394015]
2026-01-20 10:29:59,628 - position: [ 0.4018442  -1.24513972  0.89394015]
2026-01-20 10:29:59,861 - position: [ 0.4018442  -1.24513972  0.89394015]
2026-01-20 10:30:00,071 - position: [ 0.4018442  -1.24513972  0.89394015]
2026-01-20 10:30:00,316 - position: [ 0.4018442  -1.24513972  0.89394015]
2026-01-20 10:30:00,528 - position: [ 0.4018442  -1.24513972  0.89394015]
2026-01-20 10:30:00,766 - position: [ 0.4018442  -1.24513972  0.89394015]
2026-01-20 10:30:01,009 - position: [ 0.4018442  -1.24513972  0.89394015]
2026-01-20 10:30:01,314 - position: [ 0.4018442  -1.24513972  0.89394015]
2026-01-20 10:30:01,543 - position: [ 0.4018442  -1.24513972  0.89394015]
2026-01-20 10:30:01,771 - position: [ 0.4018442  -1.24513972  0.89394015]
2026-01-20 10:30:01,994 - position: [ 0.4018442  -1.24513972  0.89394015]
2026-01-20 10:30:02,207 - position: [ 0.4018442  -1.24513972  0.89394015]
2026-01-20 10:30:02,519 - position: [ 0.4018442  -1.24513972  0.89394015]
2026-01-20 10:30:02,750 - position: [ 0.4018442  -1.24513972  0.89394015]
2026-01-20 10:30:03,114 - position: [ 0.4018442  -1.24513972  0.89394015]
2026-01-20 10:30:03,373 - position: [ 0.4018442  -1.24513972  0.89394015]
2026-01-20 10:30:03,609 - position: [ 0.4018442  -1.24513972  0.89394015]
2026-01-20 10:30:03,855 - position: [ 0.4018442  -1.24513972  0.89394015]
2026-01-20 10:30:04,077 - position: [ 0.4018442  -1.24513972  0.89394015]
2026-01-20 10:30:04,382 - position: [ 0.4018442  -1.24513972  0.89394015]
2026-01-20 10:30:04,619 - position: [ 0.4018442  -1.24513972  0.89394015]
2026-01-20 10:30:04,831 - position: [ 0.4018442  -1.24513972  0.89394015]
2026-01-20 10:30:05,071 - position: [ 0.4018442  -1.24513972  0.89394015]
2026-01-20 10:30:05,311 - position: [ 0.4018442  -1.24513972  0.89394015]
2026-01-20 10:30:05,571 - position: [ 0.4018442  -1.24513972  0.89394015]
2026-01-20 10:30:05,781 - position: [ 0.4018442  -1.24513972  0.89394015]
2026-01-20 10:30:06,051 - position: [ 0.4018442  -1.24513972  0.89394015]
2026-01-20 10:30:06,281 - position: [ 0.4018442  -1.24513972  0.89394015]
2026-01-20 10:30:06,539 - position: [ 0.4018442  -1.24513972  0.89394015]
2026-01-20 10:30:06,767 - position: [ 0.4018442  -1.24513972  0.89394015]
2026-01-20 10:30:07,002 - position: [ 0.4018442  -1.24513972  0.89394015]
2026-01-20 10:30:07,248 - position: [ 0.4018442  -1.24513972  0.89394015]
2026-01-20 10:30:07,470 - position: [ 0.4018442  -1.24513972  0.89394015]
2026-01-20 10:30:07,719 - position: [ 0.4018442  -1.24513972  0.89394015]
2026-01-20 10:30:08,001 - position: [ 0.4018442  -1.24513972  0.89394015]
2026-01-20 10:30:08,268 - position: [ 0.4018442  -1.24513972  0.89394015]
2026-01-20 10:30:08,553 - position: [ 0.4018442  -1.24513972  0.89394015]
2026-01-20 10:30:08,775 - position: [ 0.4018442  -1.24513972  0.89394015]
2026-01-20 10:30:09,045 - position: [ 0.4018442  -1.24513972  0.89394015]
2026-01-20 10:30:09,265 - position: [ 0.4018442  -1.24513972  0.89394015]
2026-01-20 10:30:09,588 - position: [ 0.4018442  -1.24513972  0.89394015]
2026-01-20 10:30:09,824 - position: [ 0.4018442  -1.24513972  0.89394015]
2026-01-20 10:30:10,037 - position: [ 0.4018442  -1.24513972  0.89394015]
2026-01-20 10:30:10,260 - position: [ 0.4018442  -1.24513972  0.89394015]
2026-01-20 10:30:10,472 - position: [ 0.4018442  -1.24513972  0.89394015]
2026-01-20 10:30:10,682 - position: [ 0.4018442  -1.24513972  0.89394015]
2026-01-20 10:30:10,934 - position: [ 0.4018442  -1.24513972  0.89394015]
2026-01-20 10:30:11,270 - position: [ 0.4018442  -1.24513972  0.89394015]
2026-01-20 10:30:11,575 - position: [ 0.4018442  -1.24513972  0.89394015]
2026-01-20 10:30:11,860 - position: [ 0.4018442  -1.24513972  0.89394015]
2026-01-20 10:30:12,105 - position: [ 0.4018442  -1.24513972  0.89394015]
2026-01-20 10:30:12,366 - position: [ 0.4018442  -1.24513972  0.89394015]
2026-01-20 10:30:12,614 - position: [ 0.4018442  -1.24513972  0.89394015]
2026-01-20 10:30:12,824 - position: [ 0.4018442  -1.24513972  0.89394015]
2026-01-20 10:30:13,073 - position: [ 0.4018442  -1.24513972  0.89394015]
2026-01-20 10:30:13,285 - position: [ 0.4018442  -1.24513972  0.89394015]
2026-01-20 10:30:13,493 - position: [ 0.43988818 -1.06716704  1.27767932]
2026-01-20 10:30:13,736 - position: [ 0.43452454 -1.08445191  1.52234995]
2026-01-20 10:30:13,983 - position: [ 0.29382131 -1.26437497  2.001827  ]
2026-01-20 10:30:14,259 - position: [ 0.23914874 -1.35450327  2.0996623 ]
2026-01-20 10:30:14,592 - position: [ 0.22449106 -1.39338434  2.08996892]
2026-01-20 10:30:14,843 - position: [ 0.22753026 -1.39442861  2.07260036]
2026-01-20 10:30:15,108 - position: [ 0.24020381 -1.38969612  2.03273273]
2026-01-20 10:30:15,344 - position: [ 0.28942928 -1.37169135  1.8893826 ]
2026-01-20 10:30:15,550 - position: [ 0.33632135 -1.32676899  1.78232801]
2026-01-20 10:30:15,780 - position: [ 0.43534124 -1.22438967  1.54601288]
2026-01-20 10:30:15,986 - position: [ 0.47973469 -1.19882226  1.32341993]
2026-01-20 10:30:16,211 - position: [ 0.41215411 -1.29973829  0.87715918]
2026-01-20 10:30:16,431 - position: [ 0.37191591 -1.35250127  0.82635891]
2026-01-20 10:30:16,687 - position: [ 0.36937279 -1.33716547  0.83556873]
2026-01-20 10:30:16,927 - position: [ 0.37421367 -1.31531036  0.84229416]
2026-01-20 10:30:17,158 - position: [ 0.36606729 -1.31002617  0.84347308]
2026-01-20 10:30:17,394 - position: [ 0.36606729 -1.31002617  0.84347308]
2026-01-20 10:30:17,620 - position: [ 0.36606729 -1.31002617  0.84347308]
2026-01-20 10:30:17,873 - position: [ 0.36606729 -1.31002617  0.84347308]
2026-01-20 10:30:18,194 - position: [ 0.36606729 -1.31002617  0.84347308]
2026-01-20 10:30:18,487 - position: [ 0.36606729 -1.31002617  0.84347308]
2026-01-20 10:30:18,734 - position: [ 0.36606729 -1.31002617  0.84347308]
2026-01-20 10:30:18,951 - position: [ 0.36606729 -1.31002617  0.84347308]
2026-01-20 10:30:19,240 - position: [ 0.36606729 -1.31002617  0.84347308]
2026-01-20 10:30:19,518 - position: [ 0.36606729 -1.31002617  0.84347308]
2026-01-20 10:30:19,767 - position: [ 0.36606729 -1.31002617  0.84347308]
2026-01-20 10:30:19,982 - position: [ 0.36606729 -1.31002617  0.84347308]
2026-01-20 10:30:20,263 - position: [ 0.36606729 -1.31002617  0.84347308]
2026-01-20 10:30:20,473 - position: [ 0.36606729 -1.31002617  0.84347308]
2026-01-20 10:30:20,715 - position: [ 0.36606729 -1.31002617  0.84347308]
2026-01-20 10:30:21,014 - position: [ 0.36606729 -1.31002617  0.84347308]
2026-01-20 10:30:21,230 - position: [ 0.36606729 -1.31002617  0.84347308]
2026-01-20 10:30:21,566 - position: [ 0.36606729 -1.31002617  0.84347308]
2026-01-20 10:30:21,796 - position: [ 0.36606729 -1.31002617  0.84347308]
2026-01-20 10:30:22,109 - position: [ 0.36606729 -1.31002617  0.84347308]
2026-01-20 10:30:22,384 - position: [ 0.36606729 -1.31002617  0.84347308]
2026-01-20 10:30:22,609 - position: [ 0.36606729 -1.31002617  0.84347308]
2026-01-20 10:30:22,832 - position: [ 0.36606729 -1.31002617  0.84347308]
2026-01-20 10:30:23,073 - position: [ 0.36606729 -1.31002617  0.84347308]
2026-01-20 10:30:23,341 - position: [ 0.36606729 -1.31002617  0.84347308]
2026-01-20 10:30:23,554 - position: [ 0.36606729 -1.31002617  0.84347308]
2026-01-20 10:30:23,822 - position: [ 0.36606729 -1.31002617  0.84347308]
2026-01-20 10:30:24,068 - position: [ 0.36606729 -1.31002617  0.84347308]
2026-01-20 10:30:24,307 - position: [ 0.36606729 -1.31002617  0.84347308]
2026-01-20 10:30:24,549 - position: [ 0.36606729 -1.31002617  0.84347308]
2026-01-20 10:30:24,789 - position: [ 0.36606729 -1.31002617  0.84347308]
2026-01-20 10:30:25,082 - position: [ 0.36606729 -1.31002617  0.84347308]
2026-01-20 10:30:25,308 - position: [ 0.36606729 -1.31002617  0.84347308]
2026-01-20 10:30:25,540 - position: [ 0.36606729 -1.31002617  0.84347308]
2026-01-20 10:30:25,798 - position: [ 0.36606729 -1.31002617  0.84347308]
2026-01-20 10:30:26,101 - position: [ 0.36606729 -1.31002617  0.84347308]
2026-01-20 10:30:26,351 - position: [ 0.36606729 -1.31002617  0.84347308]
2026-01-20 10:30:26,616 - position: [ 0.36606729 -1.31002617  0.84347308]
2026-01-20 10:30:26,939 - position: [ 0.36606729 -1.31002617  0.84347308]
2026-01-20 10:30:27,237 - position: [ 0.36606729 -1.31002617  0.84347308]
2026-01-20 10:30:27,499 - position: [ 0.36606729 -1.31002617  0.84347308]
2026-01-20 10:30:27,759 - position: [ 0.36606729 -1.31002617  0.84347308]
2026-01-20 10:30:27,977 - position: [ 0.36606729 -1.31002617  0.84347308]
2026-01-20 10:30:28,310 - position: [ 0.36606729 -1.31002617  0.84347308]
2026-01-20 10:30:28,604 - position: [ 0.36606729 -1.31002617  0.84347308]
2026-01-20 10:30:28,842 - position: [ 0.36606729 -1.31002617  0.84347308]
2026-01-20 10:30:29,094 - position: [ 0.36606729 -1.31002617  0.84347308]
2026-01-20 10:30:29,308 - position: [ 0.36606729 -1.31002617  0.84347308]
2026-01-20 10:30:29,544 - position: [ 0.36606729 -1.31002617  0.84347308]
2026-01-20 10:30:29,779 - position: [ 0.36606729 -1.31002617  0.84347308]
2026-01-20 10:30:30,008 - position: [ 0.36606729 -1.31002617  0.84347308]
2026-01-20 10:30:30,284 - position: [ 0.36606729 -1.31002617  0.84347308]
2026-01-20 10:30:30,515 - position: [ 0.36606729 -1.31002617  0.84347308]
2026-01-20 10:30:30,748 - position: [ 0.36606729 -1.31002617  0.84347308]
2026-01-20 10:30:31,016 - position: [ 0.36606729 -1.31002617  0.84347308]
2026-01-20 10:30:31,242 - position: [ 0.36606729 -1.31002617  0.84347308]
2026-01-20 10:30:31,520 - position: [ 0.36606729 -1.31002617  0.84347308]
2026-01-20 10:30:31,728 - position: [ 0.36606729 -1.31002617  0.84347308]
2026-01-20 10:30:32,019 - position: [ 0.36606729 -1.31002617  0.84347308]
2026-01-20 10:30:32,226 - position: [ 0.36606729 -1.31002617  0.84347308]
2026-01-20 10:30:32,473 - position: [ 0.36606729 -1.31002617  0.84347308]
2026-01-20 10:30:32,698 - position: [ 0.36606729 -1.31002617  0.84347308]
2026-01-20 10:30:32,935 - position: [ 0.36606729 -1.31002617  0.84347308]
2026-01-20 10:30:33,138 - position: [ 0.36606729 -1.31002617  0.84347308]
2026-01-20 10:30:33,351 - position: [ 0.36606729 -1.31002617  0.84347308]
2026-01-20 10:30:33,583 - position: [ 0.36606729 -1.31002617  0.84347308]
2026-01-20 10:30:33,799 - position: [ 0.36606729 -1.31002617  0.84347308]
2026-01-20 10:30:34,041 - position: [ 0.36606729 -1.31002617  0.84347308]
2026-01-20 10:30:34,357 - position: [ 0.36606729 -1.31002617  0.84347308]
2026-01-20 10:30:34,601 - position: [ 0.36606729 -1.31002617  0.84347308]
2026-01-20 10:30:34,819 - position: [ 0.36606729 -1.31002617  0.84347308]
2026-01-20 10:30:35,035 - position: [ 0.36606729 -1.31002617  0.84347308]
2026-01-20 10:30:35,278 - position: [ 0.36606729 -1.31002617  0.84347308]
2026-01-20 10:30:35,539 - position: [ 0.36606729 -1.31002617  0.84347308]
2026-01-20 10:30:35,801 - position: [ 0.36606729 -1.31002617  0.84347308]
2026-01-20 10:30:36,046 - position: [ 0.36606729 -1.31002617  0.84347308]
2026-01-20 10:30:36,290 - position: [ 0.36606729 -1.31002617  0.84347308]
2026-01-20 10:30:36,512 - position: [ 0.36606729 -1.31002617  0.84347308]
2026-01-20 10:30:36,723 - position: [ 0.36606729 -1.31002617  0.84347308]
2026-01-20 10:30:36,962 - position: [ 0.36606729 -1.31002617  0.84347308]
2026-01-20 10:30:37,271 - position: [ 0.36606729 -1.31002617  0.84347308]
2026-01-20 10:30:37,514 - position: [ 0.36606729 -1.31002617  0.84347308]
2026-01-20 10:30:37,749 - position: [ 0.36606729 -1.31002617  0.84347308]
2026-01-20 10:30:37,965 - position: [ 0.36606729 -1.31002617  0.84347308]
2026-01-20 10:30:38,183 - position: [ 0.36606729 -1.31002617  0.84347308]
2026-01-20 10:30:38,407 - position: [ 0.36606729 -1.31002617  0.84347308]
2026-01-20 10:30:38,749 - position: [ 0.36606729 -1.31002617  0.84347308]
2026-01-20 10:30:38,986 - position: [ 0.36606729 -1.31002617  0.84347308]
2026-01-20 10:30:39,217 - position: [ 0.36606729 -1.31002617  0.84347308]
2026-01-20 10:30:39,431 - position: [ 0.36606729 -1.31002617  0.84347308]
2026-01-20 10:30:39,712 - position: [ 0.36606729 -1.31002617  0.84347308]
2026-01-20 10:30:39,928 - position: [ 0.36606729 -1.31002617  0.84347308]
2026-01-20 10:30:40,192 - position: [ 0.36606729 -1.31002617  0.84347308]
2026-01-20 10:30:40,430 - position: [ 0.36606729 -1.31002617  0.84347308]
2026-01-20 10:30:40,670 - position: [ 0.36606729 -1.31002617  0.84347308]
2026-01-20 10:30:40,920 - position: [ 0.36606729 -1.31002617  0.84347308]
2026-01-20 10:30:41,160 - position: [ 0.36606729 -1.31002617  0.84347308]
2026-01-20 10:30:41,414 - position: [ 0.36606729 -1.31002617  0.84347308]
2026-01-20 10:30:41,653 - position: [ 0.36606729 -1.31002617  0.84347308]
2026-01-20 10:30:41,902 - position: [ 0.36606729 -1.31002617  0.84347308]
2026-01-20 10:30:42,106 - position: [ 0.36606729 -1.31002617  0.84347308]
2026-01-20 10:30:42,335 - position: [ 0.36606729 -1.31002617  0.84347308]
2026-01-20 10:30:42,587 - position: [ 0.36606729 -1.31002617  0.84347308]
2026-01-20 10:30:42,805 - position: [ 0.36606729 -1.31002617  0.84347308]
2026-01-20 10:30:43,044 - position: [ 0.36606729 -1.31002617  0.84347308]
2026-01-20 10:30:43,247 - position: [ 0.36606729 -1.31002617  0.84347308]
2026-01-20 10:30:43,462 - position: [ 0.36606729 -1.31002617  0.84347308]
2026-01-20 10:30:43,751 - position: [ 0.36606729 -1.31002617  0.84347308]
2026-01-20 10:30:43,997 - position: [ 0.36606729 -1.31002617  0.84347308]
2026-01-20 10:30:44,302 - position: [ 0.36606729 -1.31002617  0.84347308]
2026-01-20 10:30:44,521 - position: [ 0.36606729 -1.31002617  0.84347308]
2026-01-20 10:30:44,771 - position: [ 0.36606729 -1.31002617  0.84347308]
2026-01-20 10:30:45,019 - position: [ 0.36606729 -1.31002617  0.84347308]
2026-01-20 10:30:45,332 - position: [ 0.36606729 -1.31002617  0.84347308]
2026-01-20 10:30:45,619 - position: [ 0.36606729 -1.31002617  0.84347308]
2026-01-20 10:30:45,860 - position: [ 0.36606729 -1.31002617  0.84347308]
2026-01-20 10:30:46,188 - position: [ 0.36606729 -1.31002617  0.84347308]
2026-01-20 10:30:46,425 - position: [ 0.36606729 -1.31002617  0.84347308]
2026-01-20 10:30:46,749 - position: [ 0.36606729 -1.31002617  0.84347308]
2026-01-20 10:30:46,986 - position: [ 0.36606729 -1.31002617  0.84347308]
2026-01-20 10:30:47,204 - position: [ 0.36606729 -1.31002617  0.84347308]
2026-01-20 10:30:47,439 - position: [ 0.36606729 -1.31002617  0.84347308]
2026-01-20 10:30:47,673 - position: [ 0.36606729 -1.31002617  0.84347308]
2026-01-20 10:30:47,907 - position: [ 0.36606729 -1.31002617  0.84347308]
2026-01-20 10:30:48,131 - position: [ 0.36606729 -1.31002617  0.84347308]
2026-01-20 10:30:48,454 - position: [ 0.36606729 -1.31002617  0.84347308]
2026-01-20 10:30:48,734 - position: [ 0.36606729 -1.31002617  0.84347308]
2026-01-20 10:30:48,968 - position: [ 0.36606729 -1.31002617  0.84347308]
2026-01-20 10:30:49,186 - position: [ 0.36606729 -1.31002617  0.84347308]
2026-01-20 10:30:49,469 - position: [ 0.36606729 -1.31002617  0.84347308]
2026-01-20 10:30:49,769 - position: [ 0.36606729 -1.31002617  0.84347308]
2026-01-20 10:30:50,013 - position: [ 0.36606729 -1.31002617  0.84347308]
2026-01-20 10:30:50,302 - position: [ 0.36606729 -1.31002617  0.84347308]
2026-01-20 10:30:50,575 - position: [ 0.36606729 -1.31002617  0.84347308]
2026-01-20 10:30:50,792 - position: [ 0.36606729 -1.31002617  0.84347308]
2026-01-20 10:30:51,030 - position: [ 0.36606729 -1.31002617  0.84347308]
2026-01-20 10:30:51,270 - position: [ 0.36606729 -1.31002617  0.84347308]
2026-01-20 10:30:51,500 - position: [ 0.36606729 -1.31002617  0.84347308]
2026-01-20 10:30:51,704 - position: [ 0.36606729 -1.31002617  0.84347308]
2026-01-20 10:30:51,923 - position: [ 0.36606729 -1.31002617  0.84347308]
2026-01-20 10:30:52,146 - position: [ 0.36606729 -1.31002617  0.84347308]
2026-01-20 10:30:52,374 - position: [ 0.36606729 -1.31002617  0.84347308]
2026-01-20 10:30:52,593 - position: [ 0.36606729 -1.31002617  0.84347308]
2026-01-20 10:30:52,804 - position: [ 0.36606729 -1.31002617  0.84347308]
2026-01-20 10:30:53,078 - position: [ 0.36606729 -1.31002617  0.84347308]
2026-01-20 10:30:53,314 - position: [ 0.36606729 -1.31002617  0.84347308]
2026-01-20 10:30:53,539 - position: [ 0.36606729 -1.31002617  0.84347308]
2026-01-20 10:30:53,806 - position: [ 0.36606729 -1.31002617  0.84347308]
2026-01-20 10:30:54,034 - position: [ 0.36606729 -1.31002617  0.84347308]
2026-01-20 10:30:54,275 - position: [ 0.47820151 -1.07809138  1.50250614]
2026-01-20 10:30:54,565 - position: [ 0.32130513 -1.30434334  1.95608962]
2026-01-20 10:30:54,814 - position: [ 0.25659513 -1.37834442  2.06596851]
2026-01-20 10:30:55,051 - position: [ 0.22122309 -1.39202702  2.11783314]
2026-01-20 10:30:55,278 - position: [ 0.19649115 -1.36282539  2.04542422]
2026-01-20 10:30:55,535 - position: [ 0.2432902  -1.26992393  1.81340063]
2026-01-20 10:30:55,797 - position: [ 0.42589971 -1.11571372  1.30550158]
2026-01-20 10:30:56,015 - position: [ 0.39157522 -1.23486984  0.93433362]
2026-01-20 10:30:56,274 - position: [ 0.36298728 -1.33146489  0.84325647]
2026-01-20 10:30:56,488 - position: [ 0.36298728 -1.33146489  0.84325647]
2026-01-20 10:30:56,742 - position: [ 0.3594847 -1.2444346  0.867953 ]
2026-01-20 10:30:56,995 - position: [ 0.35079896 -1.25591791  0.85787976]
2026-01-20 10:30:57,211 - position: [ 0.35079896 -1.25591791  0.85787976]
2026-01-20 10:30:57,443 - position: [ 0.35079896 -1.25591791  0.85787976]
2026-01-20 10:30:57,695 - position: [ 0.35079896 -1.25591791  0.85787976]
2026-01-20 10:30:57,939 - position: [ 0.35079896 -1.25591791  0.85787976]
2026-01-20 10:30:58,183 - position: [ 0.35079896 -1.25591791  0.85787976]
2026-01-20 10:30:58,414 - position: [ 0.35079896 -1.25591791  0.85787976]
2026-01-20 10:30:58,648 - position: [ 0.35079896 -1.25591791  0.85787976]
2026-01-20 10:30:58,886 - position: [ 0.35079896 -1.25591791  0.85787976]
2026-01-20 10:30:59,103 - position: [ 0.35079896 -1.25591791  0.85787976]
2026-01-20 10:30:59,328 - position: [ 0.35079896 -1.25591791  0.85787976]
2026-01-20 10:30:59,580 - position: [ 0.35079896 -1.25591791  0.85787976]
2026-01-20 10:30:59,835 - position: [ 0.35079896 -1.25591791  0.85787976]
2026-01-20 10:31:00,061 - position: [ 0.35079896 -1.25591791  0.85787976]
2026-01-20 10:31:00,319 - position: [ 0.35079896 -1.25591791  0.85787976]
2026-01-20 10:31:00,536 - position: [ 0.35079896 -1.25591791  0.85787976]
2026-01-20 10:31:00,825 - position: [ 0.35079896 -1.25591791  0.85787976]
2026-01-20 10:31:01,107 - position: [ 0.39737347 -1.30718625  0.84654647]
2026-01-20 10:31:01,342 - position: [ 0.39958248 -1.30403697  0.8490001 ]
2026-01-20 10:31:01,588 - position: [ 0.39958248 -1.30403697  0.8490001 ]
2026-01-20 10:31:01,806 - position: [ 0.39626661 -1.30635357  0.84659022]
2026-01-20 10:31:02,029 - position: [ 0.39646867 -1.30672014  0.84630615]
2026-01-20 10:31:02,230 - position: [ 0.40193203 -1.309605    0.84543151]
2026-01-20 10:31:02,456 - position: [ 0.40707394 -1.31034184  0.84484178]
2026-01-20 10:31:02,674 - position: [ 0.40644866 -1.31045294  0.84417439]
2026-01-20 10:31:02,917 - position: [ 0.40653372 -1.31020689  0.84394056]
2026-01-20 10:31:03,156 - position: [ 0.40533066 -1.31082737  0.84343183]
2026-01-20 10:31:03,397 - position: [ 0.40446699 -1.31142485  0.84496117]
2026-01-20 10:31:03,601 - position: [ 0.40576267 -1.31281233  0.84632319]
2026-01-20 10:31:03,854 - position: [ 0.40630752 -1.31388092  0.84798378]
2026-01-20 10:31:04,120 - position: [ 0.40454406 -1.31178093  0.84782702]
2026-01-20 10:31:04,346 - position: [ 0.40052834 -1.30682588  0.84733778]
2026-01-20 10:31:04,594 - position: [ 0.39924034 -1.30859387  0.84527785]
2026-01-20 10:31:04,855 - position: [ 0.39883184 -1.3091116   0.84462082]
2026-01-20 10:31:05,117 - position: [ 0.39882025 -1.30944383  0.8442663 ]
2026-01-20 10:31:05,336 - position: [ 0.39708212 -1.30637777  0.84490216]
2026-01-20 10:31:05,588 - position: [ 0.39526656 -1.30909181  0.84287554]
2026-01-20 10:31:05,859 - position: [ 0.39526656 -1.30909181  0.84287554]
2026-01-20 10:31:06,082 - position: [ 0.39469922 -1.3121984   0.84206015]
2026-01-20 10:31:06,345 - position: [ 0.39334983 -1.31081033  0.84264857]
2026-01-20 10:31:06,573 - position: [ 0.39363798 -1.31094182  0.84272903]
2026-01-20 10:31:06,783 - position: [ 0.39405072 -1.31101489  0.84291267]
2026-01-20 10:31:07,031 - position: [ 0.3958261  -1.3083744   0.84486043]
2026-01-20 10:31:07,251 - position: [ 0.39729246 -1.30819726  0.8454085 ]
2026-01-20 10:31:07,474 - position: [ 0.39893574 -1.30737829  0.84661466]
2026-01-20 10:31:07,715 - position: [ 0.39855769 -1.30814445  0.84604669]
2026-01-20 10:31:07,923 - position: [ 0.39592108 -1.30783856  0.84522814]
2026-01-20 10:31:08,143 - position: [ 0.39557174 -1.30755758  0.84523457]
2026-01-20 10:31:08,384 - position: [ 0.39423308 -1.30706596  0.84480006]
2026-01-20 10:31:08,601 - position: [ 0.391422   -1.30649257  0.84435725]
2026-01-20 10:31:08,842 - position: [ 0.3902103  -1.30633879  0.84429401]
2026-01-20 10:31:09,114 - position: [ 0.38922894 -1.30640471  0.84453756]
2026-01-20 10:31:09,337 - position: [ 0.38968632 -1.30700266  0.84465951]
2026-01-20 10:31:09,551 - position: [ 0.38975042 -1.30669689  0.84551448]
2026-01-20 10:31:09,763 - position: [ 0.38993439 -1.30638754  0.84608984]
2026-01-20 10:31:10,016 - position: [ 0.38870102 -1.30697989  0.84549141]
2026-01-20 10:31:10,278 - position: [ 0.38756314 -1.30988252  0.84392995]
2026-01-20 10:31:10,500 - position: [ 0.3918784  -1.30986834  0.8444699 ]
2026-01-20 10:31:10,722 - position: [ 0.39559841 -1.30771089  0.84406859]
2026-01-20 10:31:10,961 - position: [ 0.39636162 -1.30794811  0.84378463]
2026-01-20 10:31:11,191 - position: [ 0.40104261 -1.30506349  0.8456459 ]
2026-01-20 10:31:11,431 - position: [ 0.40041676 -1.30599213  0.84530753]
2026-01-20 10:31:11,702 - position: [ 0.39702803 -1.30413067  0.84567988]
2026-01-20 10:31:11,934 - position: [ 0.39350283 -1.30177438  0.84594214]
2026-01-20 10:31:12,147 - position: [ 0.39265317 -1.301036    0.84639436]
2026-01-20 10:31:12,389 - position: [ 0.39157504 -1.29968381  0.84714657]
2026-01-20 10:31:12,615 - position: [ 0.38969186 -1.29785705  0.84772563]
2026-01-20 10:31:12,905 - position: [ 0.3891089  -1.29697597  0.84785777]
2026-01-20 10:31:13,192 - position: [ 0.38814583 -1.29595852  0.84786206]
2026-01-20 10:31:13,403 - position: [ 0.38714218 -1.2952522   0.84785718]
2026-01-20 10:31:13,633 - position: [ 0.3875739  -1.29396284  0.84854448]
2026-01-20 10:31:13,934 - position: [ 0.3869155  -1.29351616  0.84838301]
2026-01-20 10:31:14,216 - position: [ 0.38625315 -1.29629695  0.8471759 ]
2026-01-20 10:31:14,454 - position: [ 0.3855449  -1.29630077  0.84594929]
2026-01-20 10:31:14,690 - position: [ 0.38610399 -1.29663873  0.84572452]
2026-01-20 10:31:14,953 - position: [ 0.38639912 -1.29710054  0.84532678]
2026-01-20 10:31:15,233 - position: [ 0.38559103 -1.29763758  0.84478283]
2026-01-20 10:31:15,483 - position: [ 0.39339992 -1.2998215   0.84684199]
2026-01-20 10:31:15,724 - position: [ 0.39339992 -1.2998215   0.84684199]
2026-01-20 10:31:15,948 - position: [ 0.39750957 -1.3068974   0.84570009]
2026-01-20 10:31:16,162 - position: [ 0.39616066 -1.31003428  0.84460407]
2026-01-20 10:31:16,401 - position: [ 0.39907429 -1.31154644  0.84571981]
2026-01-20 10:31:16,619 - position: [ 0.39980802 -1.31063819  0.84675288]
2026-01-20 10:31:16,859 - position: [ 0.39724132 -1.31206596  0.8447783 ]
2026-01-20 10:31:17,096 - position: [ 0.39700091 -1.31238866  0.84448904]
2026-01-20 10:31:17,346 - position: [ 0.39700091 -1.31238866  0.84448904]
2026-01-20 10:31:17,595 - position: [ 0.40342122 -1.33249426  0.84464014]
2026-01-20 10:31:17,849 - position: [ 0.40516859 -1.33006823  0.85018104]
2026-01-20 10:31:18,089 - position: [ 0.40938389 -1.33989441  0.85238898]
2026-01-20 10:31:18,325 - position: [ 0.41538215 -1.35341132  0.8515048 ]
2026-01-20 10:31:18,571 - position: [ 0.41132101 -1.33769214  0.85401297]
2026-01-20 10:31:18,803 - position: [ 0.40552208 -1.32589316  0.85593355]
2026-01-20 10:31:19,041 - position: [ 0.40482816 -1.33408594  0.85190028]
2026-01-20 10:31:19,268 - position: [ 0.40451601 -1.33635104  0.85074198]
2026-01-20 10:31:19,478 - position: [ 0.40451601 -1.33635104  0.85074198]
2026-01-20 10:31:19,737 - position: [ 0.39985391 -1.33194089  0.85424429]
2026-01-20 10:31:20,042 - position: [ 0.39846671 -1.33130693  0.85259843]
2026-01-20 10:31:20,340 - position: [ 0.39301801 -1.33334041  0.84769696]
2026-01-20 10:31:20,572 - position: [ 0.38896501 -1.3270992   0.84611648]
2026-01-20 10:31:20,794 - position: [ 0.38995528 -1.3254956   0.84646302]
2026-01-20 10:31:21,032 - position: [ 0.39302751 -1.32550967  0.84461772]
2026-01-20 10:31:21,285 - position: [ 0.39802131 -1.32513809  0.84437168]
2026-01-20 10:31:21,540 - position: [ 0.39869118 -1.32645106  0.84557116]
2026-01-20 10:31:21,767 - position: [ 0.39886677 -1.32667422  0.84633839]
2026-01-20 10:31:21,988 - position: [ 0.40071997 -1.3281883   0.84847885]
2026-01-20 10:31:22,250 - position: [ 0.40126792 -1.3299557   0.85027176]
2026-01-20 10:31:22,492 - position: [ 0.40118879 -1.32864606  0.85194647]
2026-01-20 10:31:22,729 - position: [ 0.40047109 -1.32676399  0.85108048]
2026-01-20 10:31:22,955 - position: [ 0.40058509 -1.32288039  0.85221738]
2026-01-20 10:31:23,202 - position: [ 0.40233132 -1.32421947  0.85102153]
2026-01-20 10:31:23,471 - position: [ 0.40257025 -1.32489991  0.85052651]
2026-01-20 10:31:23,713 - position: [ 0.40032819 -1.32227719  0.84926152]
2026-01-20 10:31:23,949 - position: [ 0.40043783 -1.31819844  0.85138655]
2026-01-20 10:31:24,200 - position: [ 0.3989026  -1.32319999  0.85046124]
2026-01-20 10:31:24,458 - position: [ 0.3989026  -1.32319999  0.85046124]
2026-01-20 10:31:24,678 - position: [ 0.39311749 -1.32403088  0.85098207]
2026-01-20 10:31:24,921 - position: [ 0.3926428  -1.32193148  0.85220063]
2026-01-20 10:31:25,157 - position: [ 0.39603746 -1.32550955  0.8524065 ]
2026-01-20 10:31:25,397 - position: [ 0.39776367 -1.33100271  0.85012448]
2026-01-20 10:31:25,620 - position: [ 0.3998774  -1.33242655  0.85075533]
2026-01-20 10:31:25,912 - position: [ 0.40703851 -1.33725035  0.85189962]
2026-01-20 10:31:26,130 - position: [ 0.40600663 -1.33984733  0.85040969]
2026-01-20 10:31:26,381 - position: [ 0.40600663 -1.33984733  0.85040969]
2026-01-20 10:31:26,631 - position: [ 0.40584022 -1.34108877  0.85088104]
2026-01-20 10:31:26,884 - position: [ 0.4052732  -1.33857799  0.85262781]
2026-01-20 10:31:27,114 - position: [ 0.40504271 -1.33802938  0.85292691]
2026-01-20 10:31:27,391 - position: [ 0.40356246 -1.32704616  0.85508776]
2026-01-20 10:31:27,675 - position: [ 0.40105167 -1.32599664  0.85374498]
2026-01-20 10:31:27,957 - position: [ 0.40258494 -1.32521963  0.85450655]
2026-01-20 10:31:28,245 - position: [ 0.39963433 -1.32153296  0.8534469 ]
2026-01-20 10:31:28,488 - position: [ 0.3978869  -1.32028282  0.85403079]
2026-01-20 10:31:28,697 - position: [ 0.39742172 -1.31978023  0.85449582]
2026-01-20 10:31:28,930 - position: [ 0.39623696 -1.32233047  0.85297537]
2026-01-20 10:31:29,177 - position: [ 0.39794135 -1.32181597  0.85325217]
2026-01-20 10:31:29,420 - position: [ 0.39916682 -1.31955671  0.85399568]
2026-01-20 10:31:29,679 - position: [ 0.40070865 -1.31680989  0.85500658]
2026-01-20 10:31:29,889 - position: [ 0.39890909 -1.31465745  0.85574138]
2026-01-20 10:31:30,113 - position: [ 0.39868981 -1.31473303  0.85528237]
2026-01-20 10:31:30,325 - position: [ 0.39674482 -1.31640053  0.85328203]
2026-01-20 10:31:30,576 - position: [ 0.39620656 -1.31724572  0.85292709]
2026-01-20 10:31:30,812 - position: [ 0.39460635 -1.31755495  0.85316366]
2026-01-20 10:31:31,044 - position: [ 0.39432544 -1.31788278  0.85363013]
2026-01-20 10:31:31,268 - position: [ 0.39373076 -1.32111704  0.85265678]
2026-01-20 10:31:31,493 - position: [ 0.39263913 -1.32280684  0.85327846]
2026-01-20 10:31:31,716 - position: [ 0.39307085 -1.32546425  0.85245007]
2026-01-20 10:31:31,946 - position: [ 0.39247158 -1.32447588  0.8528713 ]
2026-01-20 10:31:32,206 - position: [ 0.39027038 -1.32148707  0.85283804]
2026-01-20 10:31:32,442 - position: [ 0.39096335 -1.32171988  0.85254657]
2026-01-20 10:31:32,661 - position: [ 0.39078966 -1.3230561   0.85147649]
2026-01-20 10:31:32,900 - position: [ 0.39247403 -1.32242727  0.85277241]
2026-01-20 10:31:33,161 - position: [ 0.39171755 -1.32370412  0.85218215]
2026-01-20 10:31:33,403 - position: [ 0.39071086 -1.32308269  0.85142916]
2026-01-20 10:31:33,630 - position: [ 0.39107758 -1.32280982  0.85112846]
2026-01-20 10:31:33,927 - position: [ 0.39336884 -1.32457662  0.8506763 ]
2026-01-20 10:31:34,142 - position: [ 0.394748   -1.32480419  0.85086727]
2026-01-20 10:31:34,363 - position: [ 0.39523765 -1.32884026  0.84978133]
2026-01-20 10:31:34,574 - position: [ 0.39495292 -1.32876468  0.84993553]
2026-01-20 10:31:34,784 - position: [ 0.39341339 -1.32954144  0.85021091]
2026-01-20 10:31:35,014 - position: [ 0.39333799 -1.32849801  0.85134119]
2026-01-20 10:31:35,256 - position: [ 0.39163151 -1.33101082  0.85056067]
2026-01-20 10:31:35,494 - position: [ 0.3920604  -1.3326503   0.84977055]
2026-01-20 10:31:35,742 - position: [ 0.38827923 -1.32922292  0.84934223]
2026-01-20 10:31:35,949 - position: [ 0.38900125 -1.32904196  0.84888834]
2026-01-20 10:31:36,196 - position: [ 0.38949427 -1.32885456  0.84901112]
2026-01-20 10:31:36,424 - position: [ 0.38971886 -1.32851589  0.84907037]
2026-01-20 10:31:36,650 - position: [ 0.38990903 -1.32835984  0.84904069]
2026-01-20 10:31:36,920 - position: [ 0.39055878 -1.32824874  0.84894067]
2026-01-20 10:31:37,145 - position: [ 0.3911455  -1.32870126  0.84848517]
2026-01-20 10:31:37,426 - position: [ 0.39055264 -1.32946324  0.8470208 ]
2026-01-20 10:31:37,698 - position: [ 0.39253214 -1.33122063  0.84618592]
2026-01-20 10:31:37,917 - position: [ 0.39285177 -1.33149171  0.84649092]
2026-01-20 10:31:38,164 - position: [ 0.39473844 -1.33307922  0.84729356]
2026-01-20 10:31:38,441 - position: [ 0.39487576 -1.33068252  0.84778261]
2026-01-20 10:31:38,669 - position: [ 0.39434326 -1.33042812  0.84747064]
2026-01-20 10:31:38,885 - position: [ 0.39307573 -1.33149862  0.84639144]
2026-01-20 10:31:39,120 - position: [ 0.39143836 -1.33019745  0.84590507]
2026-01-20 10:31:39,345 - position: [ 0.39030316 -1.32936001  0.84619552]
2026-01-20 10:31:39,588 - position: [ 0.39107823 -1.32899797  0.84686524]
2026-01-20 10:31:39,831 - position: [ 0.38994172 -1.32591033  0.84740537]
2026-01-20 10:31:40,049 - position: [ 0.39021981 -1.32556796  0.84749269]
2026-01-20 10:31:40,282 - position: [ 0.39003712 -1.32267499  0.84660292]
2026-01-20 10:31:40,537 - position: [ 0.38925058 -1.32011914  0.84577918]
2026-01-20 10:31:40,767 - position: [ 0.38882571 -1.31854773  0.84551531]
2026-01-20 10:31:41,014 - position: [ 0.38870448 -1.31664121  0.84530872]
2026-01-20 10:31:41,261 - position: [ 0.3889544  -1.31504941  0.84510148]
2026-01-20 10:31:41,497 - position: [ 0.38914242 -1.31439137  0.8452177 ]
2026-01-20 10:31:41,744 - position: [ 0.39024433 -1.31148148  0.84672499]
2026-01-20 10:31:41,961 - position: [ 0.39006045 -1.31041574  0.84760159]
2026-01-20 10:31:42,191 - position: [ 0.38985416 -1.31067514  0.84787494]
2026-01-20 10:31:42,411 - position: [ 0.38826427 -1.31396639  0.84723878]
2026-01-20 10:31:42,727 - position: [ 0.38749582 -1.31775081  0.84556508]
2026-01-20 10:31:42,990 - position: [ 0.38917047 -1.31900513  0.84509152]
2026-01-20 10:31:43,218 - position: [ 0.39110777 -1.32046747  0.84494644]
2026-01-20 10:31:43,452 - position: [ 0.39131078 -1.32135057  0.84446061]
2026-01-20 10:31:43,682 - position: [ 0.39200544 -1.32275903  0.8448624 ]
2026-01-20 10:31:43,921 - position: [ 0.39090812 -1.32192791  0.84511334]
2026-01-20 10:31:44,166 - position: [ 0.3906472  -1.32178676  0.84493595]
2026-01-20 10:31:44,392 - position: [ 0.3905735  -1.32089114  0.84520084]
2026-01-20 10:31:44,623 - position: [ 0.39068371 -1.32031453  0.84519255]
2026-01-20 10:31:44,897 - position: [ 0.39163032 -1.31957185  0.84511042]
2026-01-20 10:31:45,161 - position: [ 0.39154568 -1.31792867  0.84517127]
2026-01-20 10:31:45,411 - position: [ 0.39184895 -1.31531596  0.84647655]
2026-01-20 10:31:45,664 - position: [ 0.39125293 -1.31439066  0.84714383]
2026-01-20 10:31:45,914 - position: [ 0.38978174 -1.31425691  0.84716702]
2026-01-20 10:31:46,167 - position: [ 0.38849998 -1.31390595  0.84684765]
2026-01-20 10:31:46,399 - position: [ 0.38814753 -1.31385314  0.84676027]
2026-01-20 10:31:46,705 - position: [ 0.38872692 -1.31262445  0.84631705]
2026-01-20 10:31:46,929 - position: [ 0.38829029 -1.31275141  0.84572899]
2026-01-20 10:31:47,156 - position: [ 0.38854957 -1.31246531  0.84566182]
2026-01-20 10:31:47,394 - position: [ 0.38913992 -1.31265783  0.84576571]
2026-01-20 10:31:47,622 - position: [ 0.38948271 -1.3138504   0.84549004]
2026-01-20 10:31:47,882 - position: [ 0.38941452 -1.31214881  0.84634489]
2026-01-20 10:31:48,101 - position: [ 0.39066625 -1.31307662  0.84670514]
2026-01-20 10:31:48,336 - position: [ 0.39043897 -1.31410289  0.84642643]
2026-01-20 10:31:48,607 - position: [ 0.39051166 -1.31226897  0.84755975]
2026-01-20 10:31:48,927 - position: [ 0.39108461 -1.31189132  0.84808469]
2026-01-20 10:31:49,189 - position: [ 0.39105386 -1.3128624   0.84811437]
2026-01-20 10:31:49,452 - position: [ 0.39027101 -1.31255949  0.84729362]
2026-01-20 10:31:49,690 - position: [ 0.39001644 -1.31096029  0.84720731]
2026-01-20 10:31:49,924 - position: [ 0.39002314 -1.31024539  0.84729844]
2026-01-20 10:31:50,133 - position: [ 0.39019877 -1.30932903  0.84750342]
2026-01-20 10:31:50,379 - position: [ 0.3894695  -1.30926144  0.84690732]
2026-01-20 10:31:50,631 - position: [ 0.3891961  -1.3093586   0.84655142]
2026-01-20 10:31:50,936 - position: [ 0.3887842  -1.30867517  0.84580684]
2026-01-20 10:31:51,172 - position: [ 0.38942841 -1.30853438  0.84587276]
2026-01-20 10:31:51,398 - position: [ 0.38946718 -1.30858469  0.84590662]
2026-01-20 10:31:51,734 - position: [ 0.39016685 -1.30978405  0.84578937]
2026-01-20 10:31:51,953 - position: [ 0.38979092 -1.30892646  0.84656948]
2026-01-20 10:31:52,199 - position: [ 0.38890141 -1.30905271  0.846591  ]
2026-01-20 10:31:52,407 - position: [ 0.38918936 -1.3101722   0.84720665]
2026-01-20 10:31:52,636 - position: [ 0.38951063 -1.30962145  0.84781802]
2026-01-20 10:31:52,920 - position: [ 0.3896881  -1.30939007  0.84796971]
2026-01-20 10:31:53,216 - position: [ 0.38983792 -1.30892265  0.8474614 ]
2026-01-20 10:31:53,469 - position: [ 0.38959691 -1.30753815  0.84729856]
2026-01-20 10:31:53,686 - position: [ 0.389566   -1.30707407  0.84701431]
2026-01-20 10:31:53,909 - position: [ 0.38876697 -1.30611324  0.84638679]
2026-01-20 10:31:54,120 - position: [ 0.38850486 -1.30270982  0.84603697]
2026-01-20 10:31:54,336 - position: [ 0.38849932 -1.30171621  0.84623724]
2026-01-20 10:31:54,561 - position: [ 0.38886091 -1.29865777  0.84673601]
2026-01-20 10:31:54,784 - position: [ 0.38818225 -1.29906452  0.84580541]
2026-01-20 10:31:54,999 - position: [ 0.38778538 -1.29924607  0.84564328]
2026-01-20 10:31:55,223 - position: [ 0.38847443 -1.29996991  0.84521186]
2026-01-20 10:31:55,453 - position: [ 0.3886714  -1.30099106  0.84466755]
2026-01-20 10:31:55,680 - position: [ 0.38991767 -1.30123889  0.84453595]
2026-01-20 10:31:55,898 - position: [ 0.38972363 -1.29958725  0.84490603]
2026-01-20 10:31:56,140 - position: [ 0.39067769 -1.2992723   0.84504861]
2026-01-20 10:31:56,383 - position: [ 0.39249101 -1.30014551  0.84503931]
2026-01-20 10:31:56,593 - position: [ 0.39195189 -1.29938579  0.84510398]
2026-01-20 10:31:56,866 - position: [ 0.39201799 -1.2989881   0.84519607]
2026-01-20 10:31:57,073 - position: [ 0.39124206 -1.30034053  0.84523535]
2026-01-20 10:31:57,364 - position: [ 0.39063951 -1.30182338  0.84568048]
2026-01-20 10:31:57,590 - position: [ 0.39097521 -1.30328012  0.84567726]
2026-01-20 10:31:57,823 - position: [ 0.39079955 -1.30471325  0.84545386]
2026-01-20 10:31:58,058 - position: [ 0.39116761 -1.30480421  0.84548694]
2026-01-20 10:31:58,265 - position: [ 0.39076632 -1.30463517  0.84550577]
2026-01-20 10:31:58,495 - position: [ 0.390365   -1.30479848  0.84514993]
2026-01-20 10:31:58,729 - position: [ 0.38852876 -1.30363679  0.84475124]
2026-01-20 10:31:58,964 - position: [ 0.38824177 -1.30305612  0.84454399]
2026-01-20 10:31:59,181 - position: [ 0.38720688 -1.30057621  0.84464216]
2026-01-20 10:31:59,415 - position: [ 0.38728034 -1.29833019  0.84486693]
2026-01-20 10:31:59,638 - position: [ 0.38735685 -1.29811358  0.84499097]
2026-01-20 10:31:59,863 - position: [ 0.38744622 -1.29756737  0.84504128]
2026-01-20 10:32:00,182 - position: [ 0.3847979  -1.2962569   0.84489179]
2026-01-20 10:32:00,452 - position: [ 0.38419098 -1.29634559  0.84496558]
2026-01-20 10:32:00,675 - position: [ 0.38325629 -1.29572332  0.84557593]
2026-01-20 10:32:00,909 - position: [ 0.38237944 -1.29578018  0.84643954]
2026-01-20 10:32:01,175 - position: [ 0.38327369 -1.29750133  0.84734017]
2026-01-20 10:32:01,427 - position: [ 0.38520822 -1.29845786  0.84769857]
2026-01-20 10:32:01,656 - position: [ 0.38699836 -1.29913902  0.84775168]
2026-01-20 10:32:01,889 - position: [ 0.38737473 -1.2995218   0.84756011]
2026-01-20 10:32:02,124 - position: [ 0.38793689 -1.2998246   0.84767079]
2026-01-20 10:32:02,343 - position: [ 0.39557135 -1.30067253  0.84781128]
2026-01-20 10:32:02,596 - position: [ 0.39691487 -1.30130768  0.84710854]
2026-01-20 10:32:02,840 - position: [ 0.39798304 -1.30258846  0.84632438]
2026-01-20 10:32:03,112 - position: [ 0.39921987 -1.30145407  0.84672332]
2026-01-20 10:32:03,333 - position: [ 0.3987841  -1.29958177  0.8472265 ]
2026-01-20 10:32:03,603 - position: [ 0.39648691 -1.29851794  0.84698737]
2026-01-20 10:32:03,852 - position: [ 0.39496219 -1.29869986  0.84659427]
2026-01-20 10:32:04,074 - position: [ 0.39401981 -1.29845285  0.84672362]
2026-01-20 10:32:04,348 - position: [ 0.3916249  -1.29698777  0.84607035]
2026-01-20 10:32:04,611 - position: [ 0.39082512 -1.29672503  0.84573931]
2026-01-20 10:32:04,924 - position: [ 0.39041808 -1.29677844  0.84540457]
2026-01-20 10:32:05,140 - position: [ 0.38938162 -1.29762745  0.84397721]
2026-01-20 10:32:05,405 - position: [ 0.39388227 -1.30091584  0.84244907]
2026-01-20 10:32:05,649 - position: [ 0.39600185 -1.30138659  0.8422668 ]
2026-01-20 10:32:05,903 - position: [ 0.39696461 -1.30384874  0.84133905]
2026-01-20 10:32:06,152 - position: [ 0.39702818 -1.30403566  0.84131318]
2026-01-20 10:32:06,388 - position: [ 0.39702818 -1.30403566  0.84131318]
2026-01-20 10:32:06,631 - position: [ 0.39496133 -1.30373383  0.84079438]
2026-01-20 10:32:06,898 - position: [ 0.39349461 -1.30406952  0.84082955]
2026-01-20 10:32:07,152 - position: [ 0.39327163 -1.30431509  0.84101099]
2026-01-20 10:32:07,361 - position: [ 0.39291474 -1.30503643  0.84137136]
2026-01-20 10:32:07,646 - position: [ 0.39147386 -1.30672789  0.84143835]
2026-01-20 10:32:07,889 - position: [ 0.39182651 -1.30815852  0.8410936 ]
2026-01-20 10:32:08,150 - position: [ 0.39292601 -1.3078593   0.84110534]
2026-01-20 10:32:08,477 - position: [ 0.3949917  -1.30592382  0.84183919]
2026-01-20 10:32:08,695 - position: [ 0.39504549 -1.30542493  0.84204966]
2026-01-20 10:32:08,963 - position: [ 0.39396763 -1.30680454  0.84189278]
2026-01-20 10:32:09,169 - position: [ 0.39428857 -1.30751526  0.84199923]
2026-01-20 10:32:09,419 - position: [ 0.39293063 -1.30920625  0.84135228]
2026-01-20 10:32:09,695 - position: [ 0.39126596 -1.30639923  0.84104061]
2026-01-20 10:32:09,925 - position: [ 0.39179116 -1.30607796  0.84071928]
2026-01-20 10:32:10,148 - position: [ 0.39080045 -1.30443156  0.84071428]
2026-01-20 10:32:10,430 - position: [ 0.39003316 -1.30431199  0.84051174]
2026-01-20 10:32:10,675 - position: [ 0.38942423 -1.30410814  0.84069753]
2026-01-20 10:32:10,925 - position: [ 0.38882652 -1.30361354  0.84096014]
2026-01-20 10:32:11,167 - position: [ 0.38725886 -1.30369079  0.84096766]
2026-01-20 10:32:11,426 - position: [ 0.38764811 -1.30578649  0.8412981 ]
2026-01-20 10:32:11,668 - position: [ 0.38803843 -1.30600166  0.84160125]
2026-01-20 10:32:11,929 - position: [ 0.38810804 -1.30612791  0.84134376]
2026-01-20 10:32:12,175 - position: [ 0.38859886 -1.30601847  0.84140635]
2026-01-20 10:32:12,410 - position: [ 0.39116365 -1.30441546  0.84188849]
2026-01-20 10:32:12,654 - position: [ 0.39331922 -1.30211115  0.84259468]
2026-01-20 10:32:12,878 - position: [ 0.39423597 -1.30179417  0.84292799]
2026-01-20 10:32:13,117 - position: [ 0.39423597 -1.30179417  0.84292799]
2026-01-20 10:32:13,453 - position: [ 0.47508708 -1.19155991  1.01710939]
2026-01-20 10:32:13,723 - position: [ 0.5056771  -1.18612361  1.65983355]
2026-01-20 10:32:13,994 - position: [ 0.41628581 -1.26397014  1.86005354]
2026-01-20 10:32:14,229 - position: [ 0.41628581 -1.26397014  1.86005354]
2026-01-20 10:32:14,472 - position: [ 0.32729352 -1.4433217   2.10472703]
2026-01-20 10:32:14,767 - position: [ 0.33780804 -1.43894362  2.08081341]
2026-01-20 10:32:15,002 - position: [ 0.51428306 -1.28392947  1.72368741]
2026-01-20 10:32:15,314 - position: [ 0.60791498 -1.16969728  1.22496521]
2026-01-20 10:32:15,575 - position: [ 0.50855309 -1.33961415  0.8715018 ]
2026-01-20 10:32:15,858 - position: [ 0.47884732 -1.35652125  0.85492861]
2026-01-20 10:32:16,078 - position: [ 0.47884732 -1.35652125  0.85492861]
2026-01-20 10:32:16,372 - position: [ 0.47884732 -1.35652125  0.85492861]
2026-01-20 10:32:16,600 - position: [ 0.47884732 -1.35652125  0.85492861]
2026-01-20 10:32:16,866 - position: [ 0.47884732 -1.35652125  0.85492861]
2026-01-20 10:32:17,139 - position: [ 0.47884732 -1.35652125  0.85492861]
2026-01-20 10:32:17,390 - position: [ 0.47884732 -1.35652125  0.85492861]
2026-01-20 10:32:17,677 - position: [ 0.47884732 -1.35652125  0.85492861]
2026-01-20 10:32:17,933 - position: [ 0.47884732 -1.35652125  0.85492861]
2026-01-20 10:32:18,172 - position: [ 0.47884732 -1.35652125  0.85492861]
2026-01-20 10:32:18,395 - position: [ 0.47884732 -1.35652125  0.85492861]
2026-01-20 10:32:18,634 - position: [ 0.47884732 -1.35652125  0.85492861]
2026-01-20 10:32:18,939 - position: [ 0.47884732 -1.35652125  0.85492861]
2026-01-20 10:32:19,203 - position: [ 0.47884732 -1.35652125  0.85492861]
2026-01-20 10:32:19,487 - position: [ 0.47884732 -1.35652125  0.85492861]
2026-01-20 10:32:19,730 - position: [ 0.47884732 -1.35652125  0.85492861]
2026-01-20 10:32:19,987 - position: [ 0.47884732 -1.35652125  0.85492861]
2026-01-20 10:32:20,203 - position: [ 0.47884732 -1.35652125  0.85492861]
2026-01-20 10:32:20,497 - position: [ 0.47884732 -1.35652125  0.85492861]
2026-01-20 10:32:20,772 - position: [ 0.47884732 -1.35652125  0.85492861]
2026-01-20 10:32:21,024 - position: [ 0.47884732 -1.35652125  0.85492861]
2026-01-20 10:32:21,267 - position: [ 0.47884732 -1.35652125  0.85492861]
2026-01-20 10:32:21,526 - position: [ 0.47884732 -1.35652125  0.85492861]
2026-01-20 10:32:21,733 - position: [ 0.47884732 -1.35652125  0.85492861]
2026-01-20 10:32:21,978 - position: [ 0.47884732 -1.35652125  0.85492861]
2026-01-20 10:32:22,208 - position: [ 0.47884732 -1.35652125  0.85492861]
2026-01-20 10:32:22,429 - position: [ 0.47884732 -1.35652125  0.85492861]
2026-01-20 10:32:22,676 - position: [ 0.47884732 -1.35652125  0.85492861]
2026-01-20 10:32:22,877 - position: [ 0.47884732 -1.35652125  0.85492861]
2026-01-20 10:32:23,173 - position: [ 0.47884732 -1.35652125  0.85492861]
2026-01-20 10:32:23,398 - position: [ 0.47884732 -1.35652125  0.85492861]
2026-01-20 10:32:23,612 - position: [ 0.47884732 -1.35652125  0.85492861]
2026-01-20 10:32:23,876 - position: [ 0.47884732 -1.35652125  0.85492861]
2026-01-20 10:32:24,144 - position: [ 0.47884732 -1.35652125  0.85492861]
2026-01-20 10:32:24,371 - position: [ 0.47884732 -1.35652125  0.85492861]
2026-01-20 10:32:24,631 - position: [ 0.47884732 -1.35652125  0.85492861]
2026-01-20 10:32:24,903 - position: [ 0.47884732 -1.35652125  0.85492861]
2026-01-20 10:32:25,110 - position: [ 0.47884732 -1.35652125  0.85492861]
2026-01-20 10:32:25,342 - position: [ 0.47884732 -1.35652125  0.85492861]
2026-01-20 10:32:25,573 - position: [ 0.47884732 -1.35652125  0.85492861]
2026-01-20 10:32:25,793 - position: [ 0.47884732 -1.35652125  0.85492861]
2026-01-20 10:32:26,030 - position: [ 0.47884732 -1.35652125  0.85492861]
2026-01-20 10:32:26,241 - position: [ 0.47884732 -1.35652125  0.85492861]
2026-01-20 10:32:26,456 - position: [ 0.38093388 -1.29383004  0.8487227 ]
2026-01-20 10:32:26,751 - position: [ 0.38093388 -1.29383004  0.8487227 ]
2026-01-20 10:32:26,968 - position: [ 0.38093388 -1.29383004  0.8487227 ]
2026-01-20 10:32:27,239 - position: [ 0.38093388 -1.29383004  0.8487227 ]
2026-01-20 10:32:27,462 - position: [ 0.40511718 -1.30152476  0.85154039]
2026-01-20 10:32:27,709 - position: [ 0.40511718 -1.30152476  0.85154039]
2026-01-20 10:32:27,955 - position: [ 0.40511718 -1.30152476  0.85154039]
2026-01-20 10:32:28,179 - position: [ 0.40511718 -1.30152476  0.85154039]
2026-01-20 10:32:28,390 - position: [ 0.40511718 -1.30152476  0.85154039]
2026-01-20 10:32:28,625 - position: [ 0.40511718 -1.30152476  0.85154039]
2026-01-20 10:32:28,846 - position: [ 0.39358655 -1.30760849  0.84502256]
2026-01-20 10:32:29,079 - position: [ 0.38722247 -1.30388832  0.84723645]
2026-01-20 10:32:29,299 - position: [ 0.39225355 -1.30435205  0.84773785]
2026-01-20 10:32:29,532 - position: [ 0.38796687 -1.30504847  0.84799582]
2026-01-20 10:32:29,753 - position: [ 0.40199882 -1.31306183  0.85038584]
2026-01-20 10:32:29,998 - position: [ 0.40064606 -1.31403303  0.85110158]
2026-01-20 10:32:30,273 - position: [ 0.4013584 -1.3141923  0.8514334]
2026-01-20 10:32:30,504 - position: [ 0.39309043 -1.31807518  0.84962243]
2026-01-20 10:32:30,742 - position: [ 0.38993624 -1.31700003  0.84992236]
2026-01-20 10:32:31,003 - position: [ 0.38900995 -1.31072772  0.84831738]
2026-01-20 10:32:31,245 - position: [ 0.38944674 -1.30442512  0.84956914]
2026-01-20 10:32:31,545 - position: [ 0.3873224  -1.30308044  0.84960562]
2026-01-20 10:32:31,796 - position: [ 0.38436952 -1.30310965  0.84951741]
2026-01-20 10:32:32,036 - position: [ 0.38349032 -1.30343199  0.84951043]
2026-01-20 10:32:32,362 - position: [ 0.38038108 -1.29900444  0.85007721]
2026-01-20 10:32:32,648 - position: [ 0.38004446 -1.29798102  0.8502388 ]
2026-01-20 10:32:32,879 - position: [ 0.37977663 -1.29793584  0.85005516]
2026-01-20 10:32:33,108 - position: [ 0.38168323 -1.30078804  0.84981769]
2026-01-20 10:32:33,337 - position: [ 0.38507321 -1.30628288  0.84808862]
2026-01-20 10:32:33,603 - position: [ 0.38771555 -1.31240106  0.84464854]
2026-01-20 10:32:33,814 - position: [ 0.38766477 -1.31294096  0.84427619]
2026-01-20 10:32:34,030 - position: [ 0.38711363 -1.31614006  0.84230751]
2026-01-20 10:32:34,276 - position: [ 0.39210275 -1.31540918  0.84278518]
2026-01-20 10:32:34,492 - position: [ 0.39242223 -1.30792451  0.84438843]
2026-01-20 10:32:34,710 - position: [ 0.3922689  -1.30637801  0.8445372 ]
2026-01-20 10:32:34,950 - position: [ 0.39179724 -1.30527711  0.84417921]
2026-01-20 10:32:35,175 - position: [ 0.3924709  -1.30616081  0.84408152]
2026-01-20 10:32:35,460 - position: [ 0.39348343 -1.30589986  0.84515971]
2026-01-20 10:32:35,690 - position: [ 0.39143792 -1.30784166  0.84484494]
2026-01-20 10:32:35,927 - position: [ 0.39195713 -1.30998099  0.8436988 ]
2026-01-20 10:32:36,172 - position: [ 0.39263111 -1.30980718  0.84461755]
2026-01-20 10:32:36,447 - position: [ 0.38926926 -1.30778825  0.84366506]
2026-01-20 10:32:36,678 - position: [ 0.3888281  -1.30225623  0.84499508]
2026-01-20 10:32:36,942 - position: [ 0.39151004 -1.30193567  0.84499866]
2026-01-20 10:32:37,155 - position: [ 0.39133999 -1.30380559  0.84403908]
2026-01-20 10:32:37,359 - position: [ 0.39061886 -1.30675519  0.84287381]
2026-01-20 10:32:37,605 - position: [ 0.39037278 -1.30896401  0.84221601]
2026-01-20 10:32:37,838 - position: [ 0.39021358 -1.30889392  0.84226322]
2026-01-20 10:32:38,089 - position: [ 0.39049354 -1.30903864  0.84329951]
2026-01-20 10:32:38,322 - position: [ 0.39163932 -1.31001043  0.84357852]
2026-01-20 10:32:38,573 - position: [ 0.39091957 -1.30857527  0.84350121]
2026-01-20 10:32:38,816 - position: [ 0.39345425 -1.30601573  0.84433883]
2026-01-20 10:32:39,056 - position: [ 0.39248964 -1.30639863  0.84367782]
2026-01-20 10:32:39,305 - position: [ 0.39129454 -1.30717504  0.84313422]
2026-01-20 10:32:39,650 - position: [ 0.39229029 -1.30765069  0.84336275]
2026-01-20 10:32:39,893 - position: [ 0.39297113 -1.31129992  0.84317029]
2026-01-20 10:32:40,113 - position: [ 0.39512762 -1.3137567   0.84253329]
2026-01-20 10:32:40,362 - position: [ 0.39244455 -1.31386042  0.84071386]
2026-01-20 10:32:40,669 - position: [ 0.3874158  -1.30987489  0.84069353]
2026-01-20 10:32:40,888 - position: [ 0.38669935 -1.30641818  0.84134233]
2026-01-20 10:32:41,110 - position: [ 0.38469163 -1.30426908  0.84080553]
2026-01-20 10:32:41,348 - position: [ 0.38189608 -1.30013025  0.84079301]
2026-01-20 10:32:41,607 - position: [ 0.38231751 -1.29859686  0.8425386 ]
2026-01-20 10:32:41,855 - position: [ 0.38260826 -1.29883242  0.84342629]
2026-01-20 10:32:42,089 - position: [ 0.38260826 -1.29883242  0.84342629]
2026-01-20 10:32:42,337 - position: [ 0.3848924  -1.3008678   0.84389961]
2026-01-20 10:32:42,607 - position: [ 0.38454592 -1.30247819  0.84266466]
2026-01-20 10:32:42,835 - position: [ 0.38454592 -1.30247819  0.84266466]
2026-01-20 10:32:43,056 - position: [ 0.38454592 -1.30247819  0.84266466]
2026-01-20 10:32:43,289 - position: [ 0.38454592 -1.30247819  0.84266466]
2026-01-20 10:32:43,514 - position: [ 0.38454592 -1.30247819  0.84266466]
2026-01-20 10:32:43,752 - position: [ 0.38454592 -1.30247819  0.84266466]
2026-01-20 10:32:43,983 - position: [ 0.38454592 -1.30247819  0.84266466]
2026-01-20 10:32:44,223 - position: [ 0.38454592 -1.30247819  0.84266466]
2026-01-20 10:32:44,448 - position: [ 0.38030753 -1.31019247  0.83473927]
2026-01-20 10:32:44,674 - position: [ 0.37868795 -1.310462    0.83484823]
2026-01-20 10:32:44,895 - position: [ 0.38015282 -1.3092885   0.83582163]
2026-01-20 10:32:45,115 - position: [ 0.37933809 -1.31162465  0.83478588]
2026-01-20 10:32:45,339 - position: [ 0.37933809 -1.31162465  0.83478588]
2026-01-20 10:32:45,567 - position: [ 0.37933809 -1.31162465  0.83478588]
2026-01-20 10:32:45,810 - position: [ 0.37933809 -1.31162465  0.83478588]
2026-01-20 10:32:46,036 - position: [ 0.37933809 -1.31162465  0.83478588]
2026-01-20 10:32:46,262 - position: [ 0.37933809 -1.31162465  0.83478588]
2026-01-20 10:32:46,485 - position: [ 0.37933809 -1.31162465  0.83478588]
2026-01-20 10:32:46,693 - position: [ 0.37933809 -1.31162465  0.83478588]
2026-01-20 10:32:46,923 - position: [ 0.37933809 -1.31162465  0.83478588]
2026-01-20 10:32:47,146 - position: [ 0.37933809 -1.31162465  0.83478588]
2026-01-20 10:32:47,382 - position: [ 0.37933809 -1.31162465  0.83478588]
2026-01-20 10:32:47,599 - position: [ 0.37933809 -1.31162465  0.83478588]
2026-01-20 10:32:47,821 - position: [ 0.37933809 -1.31162465  0.83478588]
2026-01-20 10:32:48,045 - position: [ 0.37933809 -1.31162465  0.83478588]
2026-01-20 10:32:48,292 - position: [ 0.37933809 -1.31162465  0.83478588]
2026-01-20 10:32:48,540 - position: [ 0.37933809 -1.31162465  0.83478588]
2026-01-20 10:32:48,790 - position: [ 0.37933809 -1.31162465  0.83478588]
2026-01-20 10:32:49,000 - position: [ 0.37933809 -1.31162465  0.83478588]
2026-01-20 10:32:49,249 - position: [ 0.37933809 -1.31162465  0.83478588]
2026-01-20 10:32:49,471 - position: [ 0.37481189 -1.3100884   0.83262503]
2026-01-20 10:32:49,708 - position: [ 0.37518463 -1.30915785  0.83417225]
2026-01-20 10:32:49,925 - position: [ 0.37925246 -1.30777347  0.83607578]
2026-01-20 10:32:50,175 - position: [ 0.37901518 -1.30736375  0.83774602]
2026-01-20 10:32:50,390 - position: [ 0.38274112 -1.30012095  0.84030157]
2026-01-20 10:32:50,662 - position: [ 0.37806743 -1.29906058  0.83768028]
2026-01-20 10:32:50,880 - position: [ 0.37647316 -1.29521382  0.83784306]
2026-01-20 10:32:51,130 - position: [ 0.38062149 -1.29165244  0.84081995]
2026-01-20 10:32:51,369 - position: [ 0.38147676 -1.2949456   0.83932948]
2026-01-20 10:32:51,605 - position: [ 0.38245609 -1.29333782  0.83995962]
2026-01-20 10:32:51,867 - position: [ 0.38142586 -1.29296863  0.83975458]
2026-01-20 10:32:52,077 - position: [ 0.38074708 -1.29478049  0.83857071]
2026-01-20 10:32:52,328 - position: [ 0.38373396 -1.29188168  0.83875513]
