2026-01-20 10:00:22,100 - position: [ 0.29416448 -1.29975367  0.79065734]
2026-01-20 10:00:22,335 - position: [ 0.29416448 -1.29975367  0.79065734]
2026-01-20 10:00:22,542 - position: [ 0.29416448 -1.29975367  0.79065734]
2026-01-20 10:00:22,775 - position: [ 0.29416448 -1.29975367  0.79065734]
2026-01-20 10:00:23,048 - position: [ 0.29416448 -1.29975367  0.79065734]
2026-01-20 10:00:23,362 - position: [ 0.29416448 -1.29975367  0.79065734]
2026-01-20 10:00:23,652 - position: [ 0.29416448 -1.29975367  0.79065734]
2026-01-20 10:00:23,889 - position: [ 0.29416448 -1.29975367  0.79065734]
2026-01-20 10:00:24,166 - position: [ 0.29416448 -1.29975367  0.79065734]
2026-01-20 10:00:24,378 - position: [ 0.29416448 -1.29975367  0.79065734]
2026-01-20 10:00:24,594 - position: [ 0.29416448 -1.29975367  0.79065734]
2026-01-20 10:00:24,813 - position: [ 0.29416448 -1.29975367  0.79065734]
2026-01-20 10:00:25,042 - position: [ 0.29416448 -1.29975367  0.79065734]
2026-01-20 10:00:25,337 - position: [ 0.29416448 -1.29975367  0.79065734]
2026-01-20 10:00:25,562 - position: [ 0.29416448 -1.29975367  0.79065734]
2026-01-20 10:00:25,813 - position: [ 0.29416448 -1.29975367  0.79065734]
2026-01-20 10:00:26,045 - position: [ 0.29416448 -1.29975367  0.79065734]
2026-01-20 10:00:26,274 - position: [ 0.29416448 -1.29975367  0.79065734]
2026-01-20 10:00:26,529 - position: [ 0.29416448 -1.29975367  0.79065734]
2026-01-20 10:00:26,746 - position: [ 0.29416448 -1.29975367  0.79065734]
2026-01-20 10:00:27,044 - position: [ 0.29416448 -1.29975367  0.79065734]
2026-01-20 10:00:27,346 - position: [ 0.29416448 -1.29975367  0.79065734]
2026-01-20 10:00:27,604 - position: [ 0.29416448 -1.29975367  0.79065734]
2026-01-20 10:00:27,836 - position: [ 0.29416448 -1.29975367  0.79065734]
2026-01-20 10:00:28,137 - position: [ 0.29416448 -1.29975367  0.79065734]
2026-01-20 10:00:28,370 - position: [ 0.29416448 -1.29975367  0.79065734]
2026-01-20 10:00:28,598 - position: [ 0.29416448 -1.29975367  0.79065734]
2026-01-20 10:00:28,850 - position: [ 0.29416448 -1.29975367  0.79065734]
2026-01-20 10:00:29,129 - position: [ 0.29416448 -1.29975367  0.79065734]
2026-01-20 10:00:29,358 - position: [ 0.29416448 -1.29975367  0.79065734]
2026-01-20 10:00:29,639 - position: [ 0.29416448 -1.29975367  0.79065734]
2026-01-20 10:00:29,883 - position: [ 0.29416448 -1.29975367  0.79065734]
2026-01-20 10:00:30,128 - position: [ 0.29416448 -1.29975367  0.79065734]
2026-01-20 10:00:30,386 - position: [ 0.29416448 -1.29975367  0.79065734]
2026-01-20 10:00:30,629 - position: [ 0.29416448 -1.29975367  0.79065734]
2026-01-20 10:00:30,850 - position: [ 0.29416448 -1.29975367  0.79065734]
2026-01-20 10:00:31,116 - position: [ 0.29416448 -1.29975367  0.79065734]
2026-01-20 10:00:31,345 - position: [ 0.29416448 -1.29975367  0.79065734]
2026-01-20 10:00:31,628 - position: [ 0.29416448 -1.29975367  0.79065734]
2026-01-20 10:00:31,841 - position: [ 0.29416448 -1.29975367  0.79065734]
2026-01-20 10:00:32,088 - position: [ 0.29416448 -1.29975367  0.79065734]
2026-01-20 10:00:32,336 - position: [ 0.29416448 -1.29975367  0.79065734]
2026-01-20 10:00:32,582 - position: [ 0.29416448 -1.29975367  0.79065734]
2026-01-20 10:00:32,791 - position: [ 0.29416448 -1.29975367  0.79065734]
2026-01-20 10:00:33,101 - position: [ 0.29416448 -1.29975367  0.79065734]
2026-01-20 10:00:33,354 - position: [ 0.29416448 -1.29975367  0.79065734]
2026-01-20 10:00:33,644 - position: [ 0.36443663 -1.14044845  1.81954789]
2026-01-20 10:00:33,849 - position: [ 0.28631413 -1.28721738  2.00622439]
2026-01-20 10:00:34,059 - position: [ 0.28045914 -1.30737162  2.02978444]
2026-01-20 10:00:34,287 - position: [ 0.27079707 -1.31896913  2.02993846]
2026-01-20 10:00:34,514 - position: [ 0.24921924 -1.33402407  2.01538277]
2026-01-20 10:00:34,771 - position: [ 0.24473092 -1.33522975  2.01363349]
2026-01-20 10:00:34,997 - position: [ 0.24291362 -1.33499634  2.01234102]
2026-01-20 10:00:35,229 - position: [ 0.23960945 -1.33757162  2.01308417]
2026-01-20 10:00:35,463 - position: [ 0.23919523 -1.34254348  2.01237822]
2026-01-20 10:00:35,706 - position: [ 0.23058209 -1.34312439  2.00914788]
2026-01-20 10:00:35,942 - position: [ 0.22606295 -1.3431381   2.00722551]
2026-01-20 10:00:36,156 - position: [ 0.22606295 -1.3431381   2.00722551]
2026-01-20 10:00:36,389 - position: [ 0.21965918 -1.33876264  2.00466847]
2026-01-20 10:00:36,651 - position: [ 0.22335264 -1.34447181  2.00496769]
2026-01-20 10:00:36,890 - position: [ 0.2237387  -1.34917247  2.00325704]
2026-01-20 10:00:37,141 - position: [ 0.22010508 -1.34809113  2.00010586]
2026-01-20 10:00:37,415 - position: [ 0.21658394 -1.35748911  2.00100851]
2026-01-20 10:00:37,621 - position: [ 0.21526965 -1.35969186  2.00128412]
2026-01-20 10:00:37,847 - position: [ 0.21486647 -1.35906184  2.00157309]
2026-01-20 10:00:38,120 - position: [ 0.21267092 -1.35856521  2.00117111]
2026-01-20 10:00:38,422 - position: [ 0.21241504 -1.35852206  2.00107145]
2026-01-20 10:00:38,674 - position: [ 0.2103267  -1.35933268  1.99918711]
2026-01-20 10:00:38,886 - position: [ 0.21084975 -1.36122322  1.99893856]
2026-01-20 10:00:39,140 - position: [ 0.20828637 -1.36082768  1.99554348]
2026-01-20 10:00:39,408 - position: [ 0.20913374 -1.35468471  1.99493718]
2026-01-20 10:00:39,653 - position: [ 0.20898756 -1.35497904  1.99333191]
2026-01-20 10:00:39,944 - position: [ 0.21522546 -1.3558712   1.9914521 ]
2026-01-20 10:00:40,200 - position: [ 0.2208848  -1.36119759  1.99112952]
2026-01-20 10:00:40,430 - position: [ 0.22124514 -1.36654568  1.98812068]
2026-01-20 10:00:40,712 - position: [ 0.22095612 -1.36583197  1.98706627]
2026-01-20 10:00:40,950 - position: [ 0.2098745  -1.37601292  1.9849664 ]
2026-01-20 10:00:41,173 - position: [ 0.21019043 -1.37651277  1.98501229]
2026-01-20 10:00:41,411 - position: [ 0.21084903 -1.37709475  1.98539817]
2026-01-20 10:00:41,631 - position: [ 0.2135675  -1.37303686  1.98556888]
2026-01-20 10:00:41,880 - position: [ 0.21450113 -1.37191188  1.98610699]
2026-01-20 10:00:42,110 - position: [ 0.21514682 -1.37148798  1.98595476]
2026-01-20 10:00:42,393 - position: [ 0.21071833 -1.36881649  1.98564041]
2026-01-20 10:00:42,643 - position: [ 0.21089059 -1.36863267  1.98470342]
2026-01-20 10:00:42,886 - position: [ 0.21110561 -1.37069702  1.98563683]
2026-01-20 10:00:43,103 - position: [ 0.21110561 -1.37069702  1.98563683]
2026-01-20 10:00:43,324 - position: [ 0.21165237 -1.37045991  1.98373044]
2026-01-20 10:00:43,560 - position: [ 0.21268339 -1.37064135  1.98351753]
2026-01-20 10:00:43,785 - position: [ 0.21009028 -1.3752538   1.98303294]
2026-01-20 10:00:44,053 - position: [ 0.21347336 -1.37757361  1.98409677]
2026-01-20 10:00:44,346 - position: [ 0.20952494 -1.37777925  1.98416257]
2026-01-20 10:00:44,588 - position: [ 0.20706245 -1.37622273  1.98429906]
2026-01-20 10:00:44,837 - position: [ 0.20531845 -1.37986207  1.98481584]
2026-01-20 10:00:45,056 - position: [ 0.20997597 -1.37834179  1.98414314]
2026-01-20 10:00:45,330 - position: [ 0.21030137 -1.37832618  1.98367035]
2026-01-20 10:00:45,556 - position: [ 0.2072214  -1.38034141  1.98493505]
2026-01-20 10:00:45,770 - position: [ 0.20462957 -1.37948632  1.98500347]
2026-01-20 10:00:46,048 - position: [ 0.20475036 -1.37888491  1.98472321]
2026-01-20 10:00:46,364 - position: [ 0.2048426  -1.37712801  1.98400581]
2026-01-20 10:00:46,636 - position: [ 0.20399834 -1.372648    1.98282182]
2026-01-20 10:00:46,890 - position: [ 0.20161147 -1.36922455  1.98172224]
2026-01-20 10:00:47,125 - position: [ 0.20213632 -1.36718023  1.98081791]
2026-01-20 10:00:47,380 - position: [ 0.20280337 -1.36597884  1.97949314]
2026-01-20 10:00:47,642 - position: [ 0.20267248 -1.36449099  1.97931278]
2026-01-20 10:00:47,861 - position: [ 0.20318045 -1.36291468  1.97935164]
2026-01-20 10:00:48,157 - position: [ 0.20371683 -1.36300039  1.97857463]
2026-01-20 10:00:48,381 - position: [ 0.20372291 -1.36106837  1.97860968]
2026-01-20 10:00:48,603 - position: [ 0.20233384 -1.36278415  1.97855997]
2026-01-20 10:00:48,845 - position: [ 0.19812948 -1.35905683  1.97629154]
2026-01-20 10:00:49,163 - position: [ 0.19743459 -1.35887313  1.96946347]
2026-01-20 10:00:49,397 - position: [ 0.1994592  -1.35655582  1.96985769]
2026-01-20 10:00:49,644 - position: [ 0.20507869 -1.35684454  1.96832824]
2026-01-20 10:00:49,857 - position: [ 0.2065229  -1.36282194  1.97049105]
2026-01-20 10:00:50,076 - position: [ 0.20410104 -1.36385822  1.97093475]
2026-01-20 10:00:50,308 - position: [ 0.20066002 -1.36320233  1.97014976]
2026-01-20 10:00:50,524 - position: [ 0.20843101 -1.35208583  1.96836114]
2026-01-20 10:00:50,800 - position: [ 0.20512173 -1.35439992  1.96775556]
2026-01-20 10:00:51,007 - position: [ 0.20191389 -1.3516221   1.96555746]
2026-01-20 10:00:51,287 - position: [ 0.20143563 -1.35262263  1.96769834]
2026-01-20 10:00:51,520 - position: [ 0.20192453 -1.35400224  1.9675982 ]
2026-01-20 10:00:51,751 - position: [ 0.20213696 -1.35403848  1.96793592]
2026-01-20 10:00:51,995 - position: [ 0.20144682 -1.35454559  1.96855247]
2026-01-20 10:00:52,260 - position: [ 0.19604427 -1.35269153  1.96879184]
2026-01-20 10:00:52,535 - position: [ 0.19413298 -1.35181248  1.96947598]
2026-01-20 10:00:52,776 - position: [ 0.19441435 -1.35228252  1.97092116]
2026-01-20 10:00:53,017 - position: [ 0.19375518 -1.34814882  1.97022319]
2026-01-20 10:00:53,264 - position: [ 0.19308744 -1.34771764  1.97097993]
2026-01-20 10:00:53,517 - position: [ 0.19052789 -1.34360838  1.97059572]
2026-01-20 10:00:53,734 - position: [ 0.19011441 -1.34291768  1.97047794]
2026-01-20 10:00:53,985 - position: [ 0.19019657 -1.34243977  1.96961987]
2026-01-20 10:00:54,194 - position: [ 0.19005235 -1.34260869  1.96967673]
2026-01-20 10:00:54,451 - position: [ 0.19193591 -1.34461045  1.96976149]
2026-01-20 10:00:54,740 - position: [ 0.19219823 -1.34612477  1.96978021]
2026-01-20 10:00:55,057 - position: [ 0.1964294  -1.34919631  1.96991479]
2026-01-20 10:00:55,315 - position: [ 0.20035444 -1.35206723  1.96961427]
2026-01-20 10:00:55,562 - position: [ 0.19801039 -1.35347605  1.96870482]
2026-01-20 10:00:55,817 - position: [ 0.19841655 -1.35698223  1.97004187]
2026-01-20 10:00:56,044 - position: [ 0.2005327  -1.35729003  1.97040188]
2026-01-20 10:00:56,280 - position: [ 0.20166329 -1.35561597  1.96955359]
2026-01-20 10:00:56,527 - position: [ 0.20032653 -1.35558009  1.96922815]
2026-01-20 10:00:56,736 - position: [ 0.20010439 -1.35073364  1.96931839]
2026-01-20 10:00:56,976 - position: [ 0.19757749 -1.34510076  1.9692477 ]
2026-01-20 10:00:57,198 - position: [ 0.1979574  -1.34121704  1.97004902]
2026-01-20 10:00:57,423 - position: [ 0.19838996 -1.34008598  1.97045636]
2026-01-20 10:00:57,648 - position: [ 0.19893397 -1.33824265  1.97309244]
2026-01-20 10:00:57,871 - position: [ 0.19817038 -1.33870113  1.9764713 ]
2026-01-20 10:00:58,096 - position: [ 0.19645226 -1.35267055  1.98331869]
2026-01-20 10:00:58,352 - position: [ 0.1896473  -1.37644041  1.98531592]
2026-01-20 10:00:58,632 - position: [ 0.19775854 -1.38522947  1.9877249 ]
2026-01-20 10:00:58,885 - position: [ 0.1932319  -1.38603699  1.98536754]
2026-01-20 10:00:59,119 - position: [ 0.1898537  -1.38734329  1.98749614]
2026-01-20 10:00:59,364 - position: [ 0.18755701 -1.38644838  1.98847353]
2026-01-20 10:00:59,601 - position: [ 0.17898814 -1.37830245  1.98827136]
2026-01-20 10:00:59,862 - position: [ 0.17459372 -1.37671387  1.98739398]
2026-01-20 10:01:00,096 - position: [ 0.17732541 -1.37918353  1.98398912]
2026-01-20 10:01:00,384 - position: [ 0.18567839 -1.3800869   1.98353744]
2026-01-20 10:01:00,640 - position: [ 0.18840903 -1.37583601  1.97887957]
2026-01-20 10:01:00,987 - position: [ 0.18362522 -1.36810708  1.9800874 ]
2026-01-20 10:01:01,196 - position: [ 0.18277825 -1.36638165  1.98077726]
2026-01-20 10:01:01,435 - position: [ 0.17863695 -1.37374556  1.97764111]
2026-01-20 10:01:01,692 - position: [ 0.18339375 -1.37511337  1.97691667]
2026-01-20 10:01:01,914 - position: [ 0.18848871 -1.38072038  1.97789657]
2026-01-20 10:01:02,234 - position: [ 0.19182485 -1.38597548  1.97864175]
2026-01-20 10:01:02,482 - position: [ 0.19271255 -1.3794502   1.97795832]
2026-01-20 10:01:02,770 - position: [ 0.18875928 -1.38059473  1.97810638]
2026-01-20 10:01:03,009 - position: [ 0.18406333 -1.37843907  1.97738194]
2026-01-20 10:01:03,235 - position: [ 0.18157774 -1.37899494  1.97749901]
2026-01-20 10:01:03,494 - position: [ 0.17775907 -1.37385452  1.97761178]
2026-01-20 10:01:03,732 - position: [ 0.17183322 -1.37361884  1.97836816]
2026-01-20 10:01:03,970 - position: [ 0.17104222 -1.37653947  1.98004425]
2026-01-20 10:01:04,253 - position: [ 0.17101066 -1.37656152  1.97958612]
2026-01-20 10:01:04,469 - position: [ 0.1730222  -1.37690723  1.97919571]
2026-01-20 10:01:04,695 - position: [ 0.17259017 -1.37803864  1.97937262]
2026-01-20 10:01:04,990 - position: [ 0.17246899 -1.37774622  1.97961032]
2026-01-20 10:01:05,234 - position: [ 0.17246899 -1.37774622  1.97961032]
2026-01-20 10:01:05,459 - position: [ 0.17117149 -1.37357771  1.97967744]
2026-01-20 10:01:05,730 - position: [ 0.17194748 -1.3747927   1.97983789]
2026-01-20 10:01:05,970 - position: [ 0.17222995 -1.37452686  1.97959054]
2026-01-20 10:01:06,212 - position: [ 0.17110911 -1.37944877  1.97902048]
2026-01-20 10:01:06,449 - position: [ 0.16671343 -1.38230073  1.97804642]
2026-01-20 10:01:06,685 - position: [ 0.16715668 -1.38394415  1.97971106]
2026-01-20 10:01:06,984 - position: [ 0.17429218 -1.37610638  1.97813523]
2026-01-20 10:01:07,250 - position: [ 0.19049339 -1.37746084  1.97852242]
2026-01-20 10:01:07,493 - position: [ 0.19342922 -1.37871778  1.9787221 ]
2026-01-20 10:01:07,768 - position: [ 0.19801666 -1.38398695  1.98247945]
2026-01-20 10:01:08,042 - position: [ 0.20062207 -1.37232232  1.98123765]
2026-01-20 10:01:08,257 - position: [ 0.20210131 -1.36975026  1.98231924]
2026-01-20 10:01:08,480 - position: [ 0.20511685 -1.38348794  1.99371183]
2026-01-20 10:01:08,712 - position: [ 0.20407252 -1.38801837  1.99529922]
2026-01-20 10:01:08,918 - position: [ 0.20467328 -1.39003038  1.99577641]
2026-01-20 10:01:09,160 - position: [ 0.20496261 -1.39261532  1.99659729]
2026-01-20 10:01:09,402 - position: [ 0.20543413 -1.39343584  1.9973017 ]
2026-01-20 10:01:09,636 - position: [ 0.20598388 -1.39054692  1.99890256]
2026-01-20 10:01:09,916 - position: [ 0.20505242 -1.39038754  2.01025581]
2026-01-20 10:01:10,145 - position: [ 0.20261556 -1.39191282  2.02665877]
2026-01-20 10:01:10,377 - position: [ 0.22038387 -1.35438097  1.91858399]
2026-01-20 10:01:10,609 - position: [ 0.23296085 -1.15506828  1.54217136]
2026-01-20 10:01:10,846 - position: [ 0.23296085 -1.15506828  1.54217136]
2026-01-20 10:01:11,083 - position: [ 0.23296085 -1.15506828  1.54217136]
2026-01-20 10:01:11,317 - position: [ 0.23296085 -1.15506828  1.54217136]
2026-01-20 10:01:11,566 - position: [ 0.23296085 -1.15506828  1.54217136]
2026-01-20 10:01:11,810 - position: [ 0.23296085 -1.15506828  1.54217136]
2026-01-20 10:01:12,070 - position: [ 0.23296085 -1.15506828  1.54217136]
2026-01-20 10:01:12,294 - position: [ 0.23296085 -1.15506828  1.54217136]
2026-01-20 10:01:12,572 - position: [ 0.23296085 -1.15506828  1.54217136]
2026-01-20 10:01:12,789 - position: [ 0.23296085 -1.15506828  1.54217136]
2026-01-20 10:01:13,001 - position: [ 0.23296085 -1.15506828  1.54217136]
2026-01-20 10:01:13,256 - position: [ 0.23296085 -1.15506828  1.54217136]
2026-01-20 10:01:13,537 - position: [ 0.23296085 -1.15506828  1.54217136]
2026-01-20 10:01:13,776 - position: [ 0.23296085 -1.15506828  1.54217136]
2026-01-20 10:01:14,032 - position: [ 0.23296085 -1.15506828  1.54217136]
2026-01-20 10:01:14,256 - position: [ 0.23296085 -1.15506828  1.54217136]
2026-01-20 10:01:14,501 - position: [ 0.23296085 -1.15506828  1.54217136]
2026-01-20 10:01:14,792 - position: [ 0.23296085 -1.15506828  1.54217136]
2026-01-20 10:01:15,062 - position: [ 0.23296085 -1.15506828  1.54217136]
2026-01-20 10:01:15,289 - position: [ 0.23296085 -1.15506828  1.54217136]
2026-01-20 10:01:15,536 - position: [ 0.23296085 -1.15506828  1.54217136]
2026-01-20 10:01:15,806 - position: [ 0.23296085 -1.15506828  1.54217136]
2026-01-20 10:01:16,034 - position: [ 0.23296085 -1.15506828  1.54217136]
2026-01-20 10:01:16,265 - position: [ 0.23296085 -1.15506828  1.54217136]
2026-01-20 10:01:16,511 - position: [ 0.23296085 -1.15506828  1.54217136]
2026-01-20 10:01:16,732 - position: [ 0.23296085 -1.15506828  1.54217136]
2026-01-20 10:01:16,969 - position: [ 0.23296085 -1.15506828  1.54217136]
2026-01-20 10:01:17,212 - position: [ 0.23296085 -1.15506828  1.54217136]
2026-01-20 10:01:17,538 - position: [ 0.23296085 -1.15506828  1.54217136]
2026-01-20 10:01:17,811 - position: [ 0.23296085 -1.15506828  1.54217136]
2026-01-20 10:01:18,046 - position: [ 0.23296085 -1.15506828  1.54217136]
2026-01-20 10:01:18,288 - position: [ 0.23296085 -1.15506828  1.54217136]
2026-01-20 10:01:18,507 - position: [ 0.23296085 -1.15506828  1.54217136]
2026-01-20 10:01:18,757 - position: [ 0.23296085 -1.15506828  1.54217136]
2026-01-20 10:01:19,011 - position: [ 0.23296085 -1.15506828  1.54217136]
2026-01-20 10:01:19,254 - position: [ 0.23296085 -1.15506828  1.54217136]
2026-01-20 10:01:19,503 - position: [ 0.23296085 -1.15506828  1.54217136]
2026-01-20 10:01:19,767 - position: [ 0.23296085 -1.15506828  1.54217136]
2026-01-20 10:01:20,101 - position: [ 0.23296085 -1.15506828  1.54217136]
2026-01-20 10:01:20,320 - position: [ 0.23296085 -1.15506828  1.54217136]
2026-01-20 10:01:20,624 - position: [ 0.23296085 -1.15506828  1.54217136]
2026-01-20 10:01:20,831 - position: [ 0.23296085 -1.15506828  1.54217136]
2026-01-20 10:01:21,038 - position: [ 0.23296085 -1.15506828  1.54217136]
2026-01-20 10:01:21,287 - position: [ 0.23296085 -1.15506828  1.54217136]
2026-01-20 10:01:21,600 - position: [ 0.23296085 -1.15506828  1.54217136]
2026-01-20 10:01:21,830 - position: [ 0.23296085 -1.15506828  1.54217136]
2026-01-20 10:01:22,123 - position: [ 0.23296085 -1.15506828  1.54217136]
2026-01-20 10:01:22,369 - position: [ 0.23296085 -1.15506828  1.54217136]
2026-01-20 10:01:22,578 - position: [ 0.32841742 -1.35587919  0.7955389 ]
2026-01-20 10:01:22,817 - position: [ 0.32841742 -1.35587919  0.7955389 ]
2026-01-20 10:01:23,092 - position: [ 0.32841742 -1.35587919  0.7955389 ]
2026-01-20 10:01:23,335 - position: [ 0.32841742 -1.35587919  0.7955389 ]
2026-01-20 10:01:23,588 - position: [ 0.32841742 -1.35587919  0.7955389 ]
2026-01-20 10:01:23,815 - position: [ 0.32841742 -1.35587919  0.7955389 ]
2026-01-20 10:01:24,031 - position: [ 0.32841742 -1.35587919  0.7955389 ]
2026-01-20 10:01:24,283 - position: [ 0.32841742 -1.35587919  0.7955389 ]
2026-01-20 10:01:24,526 - position: [ 0.32841742 -1.35587919  0.7955389 ]
2026-01-20 10:01:24,738 - position: [ 0.32841742 -1.35587919  0.7955389 ]
2026-01-20 10:01:24,952 - position: [ 0.32841742 -1.35587919  0.7955389 ]
2026-01-20 10:01:25,249 - position: [ 0.32841742 -1.35587919  0.7955389 ]
2026-01-20 10:01:25,522 - position: [ 0.32841742 -1.35587919  0.7955389 ]
2026-01-20 10:01:25,760 - position: [ 0.32841742 -1.35587919  0.7955389 ]
2026-01-20 10:01:26,032 - position: [ 0.32841742 -1.35587919  0.7955389 ]
2026-01-20 10:01:26,318 - position: [ 0.32841742 -1.35587919  0.7955389 ]
2026-01-20 10:01:26,550 - position: [ 0.32841742 -1.35587919  0.7955389 ]
2026-01-20 10:01:26,781 - position: [ 0.32841742 -1.35587919  0.7955389 ]
2026-01-20 10:01:27,031 - position: [ 0.32841742 -1.35587919  0.7955389 ]
2026-01-20 10:01:27,269 - position: [ 0.32841742 -1.35587919  0.7955389 ]
2026-01-20 10:01:27,524 - position: [ 0.32841742 -1.35587919  0.7955389 ]
2026-01-20 10:01:27,775 - position: [ 0.43056175 -1.03161252  1.54904675]
2026-01-20 10:01:27,994 - position: [ 0.39294636 -1.13529074  1.83031797]
2026-01-20 10:01:28,234 - position: [ 0.33070394 -1.25812793  2.01978493]
2026-01-20 10:01:28,470 - position: [ 0.30323368 -1.30918586  2.06810594]
2026-01-20 10:01:28,764 - position: [ 0.34111792 -1.19919741  1.81519592]
2026-01-20 10:01:28,991 - position: [ 0.34111792 -1.19919741  1.81519592]
2026-01-20 10:01:29,251 - position: [ 0.34111792 -1.19919741  1.81519592]
2026-01-20 10:01:29,503 - position: [ 0.34111792 -1.19919741  1.81519592]
2026-01-20 10:01:29,755 - position: [ 0.34111792 -1.19919741  1.81519592]
2026-01-20 10:01:29,971 - position: [ 0.34111792 -1.19919741  1.81519592]
2026-01-20 10:01:30,222 - position: [ 0.34111792 -1.19919741  1.81519592]
2026-01-20 10:01:30,451 - position: [ 0.34111792 -1.19919741  1.81519592]
2026-01-20 10:01:30,671 - position: [ 0.34111792 -1.19919741  1.81519592]
2026-01-20 10:01:30,879 - position: [ 0.34111792 -1.19919741  1.81519592]
2026-01-20 10:01:31,112 - position: [ 0.34111792 -1.19919741  1.81519592]
2026-01-20 10:01:31,372 - position: [ 0.34111792 -1.19919741  1.81519592]
2026-01-20 10:01:31,595 - position: [ 0.34111792 -1.19919741  1.81519592]
2026-01-20 10:01:31,874 - position: [ 0.34111792 -1.19919741  1.81519592]
2026-01-20 10:01:32,107 - position: [ 0.34111792 -1.19919741  1.81519592]
2026-01-20 10:01:32,400 - position: [ 0.34111792 -1.19919741  1.81519592]
2026-01-20 10:01:32,643 - position: [ 0.34111792 -1.19919741  1.81519592]
2026-01-20 10:01:32,906 - position: [ 0.34111792 -1.19919741  1.81519592]
2026-01-20 10:01:33,137 - position: [ 0.34111792 -1.19919741  1.81519592]
2026-01-20 10:01:33,364 - position: [ 0.34111792 -1.19919741  1.81519592]
2026-01-20 10:01:33,605 - position: [ 0.34111792 -1.19919741  1.81519592]
2026-01-20 10:01:33,909 - position: [ 0.34111792 -1.19919741  1.81519592]
2026-01-20 10:01:34,131 - position: [ 0.34111792 -1.19919741  1.81519592]
2026-01-20 10:01:34,348 - position: [ 0.34111792 -1.19919741  1.81519592]
2026-01-20 10:01:34,575 - position: [ 0.34111792 -1.19919741  1.81519592]
2026-01-20 10:01:34,793 - position: [ 0.34111792 -1.19919741  1.81519592]
2026-01-20 10:01:35,159 - position: [ 0.34111792 -1.19919741  1.81519592]
2026-01-20 10:01:35,387 - position: [ 0.34111792 -1.19919741  1.81519592]
2026-01-20 10:01:35,634 - position: [ 0.34111792 -1.19919741  1.81519592]
2026-01-20 10:01:35,892 - position: [ 0.34111792 -1.19919741  1.81519592]
2026-01-20 10:01:36,206 - position: [ 0.34111792 -1.19919741  1.81519592]
2026-01-20 10:01:36,466 - position: [ 0.34111792 -1.19919741  1.81519592]
2026-01-20 10:01:36,701 - position: [ 0.34111792 -1.19919741  1.81519592]
2026-01-20 10:01:36,943 - position: [ 0.34111792 -1.19919741  1.81519592]
2026-01-20 10:01:37,172 - position: [ 0.34111792 -1.19919741  1.81519592]
2026-01-20 10:01:37,414 - position: [ 0.34111792 -1.19919741  1.81519592]
2026-01-20 10:01:37,650 - position: [ 0.34111792 -1.19919741  1.81519592]
2026-01-20 10:01:37,854 - position: [ 0.34111792 -1.19919741  1.81519592]
2026-01-20 10:01:38,105 - position: [ 0.34111792 -1.19919741  1.81519592]
2026-01-20 10:01:38,396 - position: [ 0.34111792 -1.19919741  1.81519592]
2026-01-20 10:01:38,786 - position: [ 0.34111792 -1.19919741  1.81519592]
2026-01-20 10:01:39,032 - position: [ 0.34111792 -1.19919741  1.81519592]
2026-01-20 10:01:39,243 - position: [ 0.34111792 -1.19919741  1.81519592]
2026-01-20 10:01:39,527 - position: [ 0.34111792 -1.19919741  1.81519592]
2026-01-20 10:01:39,751 - position: [ 0.34111792 -1.19919741  1.81519592]
2026-01-20 10:01:39,971 - position: [ 0.34111792 -1.19919741  1.81519592]
2026-01-20 10:01:40,215 - position: [ 0.34111792 -1.19919741  1.81519592]
2026-01-20 10:01:40,446 - position: [ 0.34111792 -1.19919741  1.81519592]
2026-01-20 10:01:40,663 - position: [ 0.34111792 -1.19919741  1.81519592]
2026-01-20 10:01:40,916 - position: [ 0.34111792 -1.19919741  1.81519592]
2026-01-20 10:01:41,202 - position: [ 0.34111792 -1.19919741  1.81519592]
2026-01-20 10:01:41,442 - position: [ 0.34111792 -1.19919741  1.81519592]
2026-01-20 10:01:41,685 - position: [ 0.34111792 -1.19919741  1.81519592]
2026-01-20 10:01:41,923 - position: [ 0.34111792 -1.19919741  1.81519592]
2026-01-20 10:01:42,140 - position: [ 0.34111792 -1.19919741  1.81519592]
2026-01-20 10:01:42,372 - position: [ 0.34111792 -1.19919741  1.81519592]
2026-01-20 10:01:42,603 - position: [ 0.34111792 -1.19919741  1.81519592]
2026-01-20 10:01:42,839 - position: [ 0.34111792 -1.19919741  1.81519592]
2026-01-20 10:01:43,070 - position: [ 0.34111792 -1.19919741  1.81519592]
2026-01-20 10:01:43,276 - position: [ 0.34111792 -1.19919741  1.81519592]
2026-01-20 10:01:43,524 - position: [ 0.34111792 -1.19919741  1.81519592]
2026-01-20 10:01:43,769 - position: [ 0.34111792 -1.19919741  1.81519592]
2026-01-20 10:01:44,008 - position: [ 0.34111792 -1.19919741  1.81519592]
2026-01-20 10:01:44,241 - position: [ 0.34111792 -1.19919741  1.81519592]
2026-01-20 10:01:44,467 - position: [ 0.34111792 -1.19919741  1.81519592]
2026-01-20 10:01:44,749 - position: [ 0.34111792 -1.19919741  1.81519592]
2026-01-20 10:01:45,079 - position: [ 0.34111792 -1.19919741  1.81519592]
2026-01-20 10:01:45,310 - position: [ 0.34111792 -1.19919741  1.81519592]
2026-01-20 10:01:45,563 - position: [ 0.34111792 -1.19919741  1.81519592]
2026-01-20 10:01:45,808 - position: [ 0.34111792 -1.19919741  1.81519592]
2026-01-20 10:01:46,055 - position: [ 0.34111792 -1.19919741  1.81519592]
2026-01-20 10:01:46,286 - position: [ 0.34111792 -1.19919741  1.81519592]
2026-01-20 10:01:46,525 - position: [ 0.34111792 -1.19919741  1.81519592]
2026-01-20 10:01:46,743 - position: [ 0.34111792 -1.19919741  1.81519592]
2026-01-20 10:01:46,957 - position: [ 0.34111792 -1.19919741  1.81519592]
2026-01-20 10:01:47,176 - position: [ 0.34168005 -1.33534515  0.78514642]
2026-01-20 10:01:47,418 - position: [ 0.34270531 -1.33453608  0.78520948]
2026-01-20 10:01:47,640 - position: [ 0.34270531 -1.33453608  0.78520948]
2026-01-20 10:01:47,884 - position: [ 0.34270531 -1.33453608  0.78520948]
2026-01-20 10:01:48,122 - position: [ 0.34270531 -1.33453608  0.78520948]
2026-01-20 10:01:48,342 - position: [ 0.34270531 -1.33453608  0.78520948]
2026-01-20 10:01:48,586 - position: [ 0.34270531 -1.33453608  0.78520948]
2026-01-20 10:01:48,865 - position: [ 0.34270531 -1.33453608  0.78520948]
2026-01-20 10:01:49,121 - position: [ 0.34270531 -1.33453608  0.78520948]
2026-01-20 10:01:49,388 - position: [ 0.34270531 -1.33453608  0.78520948]
2026-01-20 10:01:49,611 - position: [ 0.34270531 -1.33453608  0.78520948]
2026-01-20 10:01:49,837 - position: [ 0.34270531 -1.33453608  0.78520948]
2026-01-20 10:01:50,106 - position: [ 0.34270531 -1.33453608  0.78520948]
2026-01-20 10:01:50,392 - position: [ 0.34270531 -1.33453608  0.78520948]
2026-01-20 10:01:50,622 - position: [ 0.34270531 -1.33453608  0.78520948]
2026-01-20 10:01:50,915 - position: [ 0.34270531 -1.33453608  0.78520948]
2026-01-20 10:01:51,183 - position: [ 0.34270531 -1.33453608  0.78520948]
2026-01-20 10:01:51,395 - position: [ 0.34270531 -1.33453608  0.78520948]
2026-01-20 10:01:51,632 - position: [ 0.34270531 -1.33453608  0.78520948]
2026-01-20 10:01:51,896 - position: [ 0.34270531 -1.33453608  0.78520948]
2026-01-20 10:01:52,183 - position: [ 0.34270531 -1.33453608  0.78520948]
2026-01-20 10:01:52,417 - position: [ 0.34270531 -1.33453608  0.78520948]
2026-01-20 10:01:52,727 - position: [ 0.34270531 -1.33453608  0.78520948]
2026-01-20 10:01:52,963 - position: [ 0.34270531 -1.33453608  0.78520948]
2026-01-20 10:01:53,197 - position: [ 0.34270531 -1.33453608  0.78520948]
2026-01-20 10:01:53,445 - position: [ 0.34270531 -1.33453608  0.78520948]
2026-01-20 10:01:53,794 - position: [ 0.34270531 -1.33453608  0.78520948]
2026-01-20 10:01:54,135 - position: [ 0.34270531 -1.33453608  0.78520948]
2026-01-20 10:01:54,351 - position: [ 0.34270531 -1.33453608  0.78520948]
2026-01-20 10:01:54,576 - position: [ 0.34270531 -1.33453608  0.78520948]
2026-01-20 10:01:54,817 - position: [ 0.34270531 -1.33453608  0.78520948]
2026-01-20 10:01:55,069 - position: [ 0.34270531 -1.33453608  0.78520948]
2026-01-20 10:01:55,321 - position: [ 0.34270531 -1.33453608  0.78520948]
2026-01-20 10:01:55,573 - position: [ 0.34270531 -1.33453608  0.78520948]
2026-01-20 10:01:55,786 - position: [ 0.34270531 -1.33453608  0.78520948]
2026-01-20 10:01:56,063 - position: [ 0.34270531 -1.33453608  0.78520948]
2026-01-20 10:01:56,270 - position: [ 0.34270531 -1.33453608  0.78520948]
2026-01-20 10:01:56,515 - position: [ 0.34270531 -1.33453608  0.78520948]
2026-01-20 10:01:56,773 - position: [ 0.34270531 -1.33453608  0.78520948]
2026-01-20 10:01:56,989 - position: [ 0.34270531 -1.33453608  0.78520948]
2026-01-20 10:01:57,225 - position: [ 0.34270531 -1.33453608  0.78520948]
2026-01-20 10:01:57,444 - position: [ 0.34270531 -1.33453608  0.78520948]
2026-01-20 10:01:57,688 - position: [ 0.34270531 -1.33453608  0.78520948]
2026-01-20 10:01:57,924 - position: [ 0.34270531 -1.33453608  0.78520948]
2026-01-20 10:01:58,187 - position: [ 0.34270531 -1.33453608  0.78520948]
2026-01-20 10:01:58,426 - position: [ 0.34270531 -1.33453608  0.78520948]
2026-01-20 10:01:58,641 - position: [ 0.34270531 -1.33453608  0.78520948]
2026-01-20 10:01:58,870 - position: [ 0.34270531 -1.33453608  0.78520948]
2026-01-20 10:01:59,094 - position: [ 0.34270531 -1.33453608  0.78520948]
2026-01-20 10:01:59,323 - position: [ 0.34270531 -1.33453608  0.78520948]
2026-01-20 10:01:59,526 - position: [ 0.34270531 -1.33453608  0.78520948]
2026-01-20 10:01:59,759 - position: [ 0.34270531 -1.33453608  0.78520948]
2026-01-20 10:01:59,983 - position: [ 0.34270531 -1.33453608  0.78520948]
2026-01-20 10:02:00,231 - position: [ 0.34270531 -1.33453608  0.78520948]
2026-01-20 10:02:00,481 - position: [ 0.34270531 -1.33453608  0.78520948]
2026-01-20 10:02:00,754 - position: [ 0.34270531 -1.33453608  0.78520948]
2026-01-20 10:02:00,995 - position: [ 0.34270531 -1.33453608  0.78520948]
2026-01-20 10:02:01,222 - position: [ 0.34270531 -1.33453608  0.78520948]
2026-01-20 10:02:01,489 - position: [ 0.34270531 -1.33453608  0.78520948]
2026-01-20 10:02:01,747 - position: [ 0.34270531 -1.33453608  0.78520948]
2026-01-20 10:02:01,973 - position: [ 0.34270531 -1.33453608  0.78520948]
2026-01-20 10:02:02,255 - position: [ 0.34270531 -1.33453608  0.78520948]
2026-01-20 10:02:02,502 - position: [ 0.34270531 -1.33453608  0.78520948]
2026-01-20 10:02:02,725 - position: [ 0.34270531 -1.33453608  0.78520948]
2026-01-20 10:02:02,945 - position: [ 0.34270531 -1.33453608  0.78520948]
2026-01-20 10:02:03,180 - position: [ 0.34270531 -1.33453608  0.78520948]
2026-01-20 10:02:03,592 - position: [ 0.34270531 -1.33453608  0.78520948]
2026-01-20 10:02:03,859 - position: [ 0.34270531 -1.33453608  0.78520948]
2026-01-20 10:02:04,155 - position: [ 0.34270531 -1.33453608  0.78520948]
2026-01-20 10:02:04,407 - position: [ 0.34270531 -1.33453608  0.78520948]
2026-01-20 10:02:04,659 - position: [ 0.34270531 -1.33453608  0.78520948]
2026-01-20 10:02:04,905 - position: [ 0.34270531 -1.33453608  0.78520948]
2026-01-20 10:02:05,148 - position: [ 0.34270531 -1.33453608  0.78520948]
2026-01-20 10:02:05,419 - position: [ 0.34270531 -1.33453608  0.78520948]
2026-01-20 10:02:05,632 - position: [ 0.34270531 -1.33453608  0.78520948]
2026-01-20 10:02:05,867 - position: [ 0.34270531 -1.33453608  0.78520948]
2026-01-20 10:02:06,087 - position: [ 0.34270531 -1.33453608  0.78520948]
2026-01-20 10:02:06,328 - position: [ 0.34270531 -1.33453608  0.78520948]
2026-01-20 10:02:06,546 - position: [ 0.34270531 -1.33453608  0.78520948]
2026-01-20 10:02:06,781 - position: [ 0.34270531 -1.33453608  0.78520948]
2026-01-20 10:02:07,016 - position: [ 0.33497053 -1.356071    0.77773297]
2026-01-20 10:02:07,302 - position: [ 0.33497053 -1.356071    0.77773297]
2026-01-20 10:02:07,567 - position: [ 0.33283898 -1.3559854   0.77819186]
2026-01-20 10:02:07,863 - position: [ 0.3323428  -1.35590005  0.77826142]
2026-01-20 10:02:08,110 - position: [ 0.3323428  -1.35590005  0.77826142]
2026-01-20 10:02:08,387 - position: [ 0.3323428  -1.35590005  0.77826142]
2026-01-20 10:02:08,618 - position: [ 0.3323428  -1.35590005  0.77826142]
2026-01-20 10:02:08,859 - position: [ 0.3323428  -1.35590005  0.77826142]
2026-01-20 10:02:09,087 - position: [ 0.3323428  -1.35590005  0.77826142]
2026-01-20 10:02:09,327 - position: [ 0.33306941 -1.35255289  0.77902353]
2026-01-20 10:02:09,570 - position: [ 0.33302361 -1.35260558  0.77890748]
2026-01-20 10:02:09,795 - position: [ 0.33302361 -1.35260558  0.77890748]
2026-01-20 10:02:10,028 - position: [ 0.33302361 -1.35260558  0.77890748]
2026-01-20 10:02:10,293 - position: [ 0.33213791 -1.35573602  0.77799141]
2026-01-20 10:02:10,536 - position: [ 0.33129698 -1.35618103  0.7783131 ]
2026-01-20 10:02:10,788 - position: [ 0.33087301 -1.35564351  0.77832842]
2026-01-20 10:02:11,006 - position: [ 0.33087301 -1.35564351  0.77832842]
2026-01-20 10:02:11,293 - position: [ 0.33087301 -1.35564351  0.77832842]
2026-01-20 10:02:11,541 - position: [ 0.33020496 -1.35522294  0.77844214]
2026-01-20 10:02:11,828 - position: [ 0.32914281 -1.35302126  0.77884436]
2026-01-20 10:02:12,073 - position: [ 0.33006269 -1.35251844  0.77933431]
2026-01-20 10:02:12,345 - position: [ 0.33006269 -1.35251844  0.77933431]
2026-01-20 10:02:12,576 - position: [ 0.32883194 -1.35254538  0.77891123]
2026-01-20 10:02:12,853 - position: [ 0.32919565 -1.35288584  0.77897185]
2026-01-20 10:02:13,075 - position: [ 0.32965297 -1.35377324  0.77858424]
2026-01-20 10:02:13,331 - position: [ 0.33162868 -1.35576987  0.77798718]
2026-01-20 10:02:13,553 - position: [ 0.33263853 -1.35623562  0.77749783]
2026-01-20 10:02:13,786 - position: [ 0.33441722 -1.35794401  0.77661622]
2026-01-20 10:02:14,100 - position: [ 0.33441722 -1.35794401  0.77661622]
2026-01-20 10:02:14,360 - position: [ 0.33441722 -1.35794401  0.77661622]
2026-01-20 10:02:14,574 - position: [ 0.33441722 -1.35794401  0.77661622]
2026-01-20 10:02:14,851 - position: [ 0.33441722 -1.35794401  0.77661622]
2026-01-20 10:02:15,137 - position: [ 0.33441722 -1.35794401  0.77661622]
2026-01-20 10:02:15,359 - position: [ 0.33441722 -1.35794401  0.77661622]
2026-01-20 10:02:15,592 - position: [ 0.33441722 -1.35794401  0.77661622]
2026-01-20 10:02:15,880 - position: [ 0.33441722 -1.35794401  0.77661622]
2026-01-20 10:02:16,127 - position: [ 0.33714539 -1.34804153  0.77647728]
2026-01-20 10:02:16,355 - position: [ 0.40497968 -0.99871719  1.4583714 ]
2026-01-20 10:02:16,641 - position: [ 0.35158232 -1.11607623  1.82954204]
2026-01-20 10:02:16,880 - position: [ 0.30790409 -1.20191824  1.97499752]
2026-01-20 10:02:17,086 - position: [ 0.30790409 -1.20191824  1.97499752]
2026-01-20 10:02:17,297 - position: [ 0.30790409 -1.20191824  1.97499752]
2026-01-20 10:02:17,523 - position: [ 0.27469271 -1.33289909  1.96642685]
2026-01-20 10:02:17,769 - position: [ 0.35577905 -1.1934998   1.72694862]
2026-01-20 10:02:18,052 - position: [ 0.35577905 -1.1934998   1.72694862]
2026-01-20 10:02:18,265 - position: [ 0.35577905 -1.1934998   1.72694862]
2026-01-20 10:02:18,512 - position: [ 0.35577905 -1.1934998   1.72694862]
2026-01-20 10:02:18,800 - position: [ 0.35577905 -1.1934998   1.72694862]
2026-01-20 10:02:19,039 - position: [ 0.35577905 -1.1934998   1.72694862]
2026-01-20 10:02:19,273 - position: [ 0.35577905 -1.1934998   1.72694862]
2026-01-20 10:02:19,577 - position: [ 0.35577905 -1.1934998   1.72694862]
2026-01-20 10:02:19,814 - position: [ 0.35577905 -1.1934998   1.72694862]
2026-01-20 10:02:20,079 - position: [ 0.35577905 -1.1934998   1.72694862]
2026-01-20 10:02:20,305 - position: [ 0.35577905 -1.1934998   1.72694862]
2026-01-20 10:02:20,634 - position: [ 0.35577905 -1.1934998   1.72694862]
2026-01-20 10:02:20,894 - position: [ 0.35577905 -1.1934998   1.72694862]
2026-01-20 10:02:21,131 - position: [ 0.35577905 -1.1934998   1.72694862]
2026-01-20 10:02:21,350 - position: [ 0.35577905 -1.1934998   1.72694862]
2026-01-20 10:02:21,589 - position: [ 0.35577905 -1.1934998   1.72694862]
2026-01-20 10:02:21,857 - position: [ 0.35577905 -1.1934998   1.72694862]
2026-01-20 10:02:22,095 - position: [ 0.35577905 -1.1934998   1.72694862]
2026-01-20 10:02:22,366 - position: [ 0.35577905 -1.1934998   1.72694862]
2026-01-20 10:02:22,678 - position: [ 0.35577905 -1.1934998   1.72694862]
2026-01-20 10:02:22,902 - position: [ 0.35577905 -1.1934998   1.72694862]
2026-01-20 10:02:23,144 - position: [ 0.35577905 -1.1934998   1.72694862]
2026-01-20 10:02:23,371 - position: [ 0.35577905 -1.1934998   1.72694862]
2026-01-20 10:02:23,622 - position: [ 0.35577905 -1.1934998   1.72694862]
2026-01-20 10:02:23,868 - position: [ 0.35577905 -1.1934998   1.72694862]
2026-01-20 10:02:24,081 - position: [ 0.35577905 -1.1934998   1.72694862]
2026-01-20 10:02:24,324 - position: [ 0.35577905 -1.1934998   1.72694862]
2026-01-20 10:02:24,581 - position: [ 0.35577905 -1.1934998   1.72694862]
2026-01-20 10:02:24,823 - position: [ 0.35577905 -1.1934998   1.72694862]
2026-01-20 10:02:25,042 - position: [ 0.35577905 -1.1934998   1.72694862]
2026-01-20 10:02:25,282 - position: [ 0.35577905 -1.1934998   1.72694862]
2026-01-20 10:02:25,495 - position: [ 0.35577905 -1.1934998   1.72694862]
2026-01-20 10:02:25,731 - position: [ 0.35577905 -1.1934998   1.72694862]
2026-01-20 10:02:25,994 - position: [ 0.35577905 -1.1934998   1.72694862]
2026-01-20 10:02:26,264 - position: [ 0.35577905 -1.1934998   1.72694862]
2026-01-20 10:02:26,571 - position: [ 0.35577905 -1.1934998   1.72694862]
2026-01-20 10:02:26,796 - position: [ 0.35577905 -1.1934998   1.72694862]
2026-01-20 10:02:27,041 - position: [ 0.35577905 -1.1934998   1.72694862]
2026-01-20 10:02:27,280 - position: [ 0.35577905 -1.1934998   1.72694862]
2026-01-20 10:02:27,535 - position: [ 0.35577905 -1.1934998   1.72694862]
2026-01-20 10:02:27,755 - position: [ 0.35577905 -1.1934998   1.72694862]
2026-01-20 10:02:28,044 - position: [ 0.35577905 -1.1934998   1.72694862]
2026-01-20 10:02:28,284 - position: [ 0.35577905 -1.1934998   1.72694862]
2026-01-20 10:02:28,516 - position: [ 0.35577905 -1.1934998   1.72694862]
2026-01-20 10:02:28,778 - position: [ 0.35577905 -1.1934998   1.72694862]
2026-01-20 10:02:29,027 - position: [ 0.35577905 -1.1934998   1.72694862]
2026-01-20 10:02:29,272 - position: [ 0.35577905 -1.1934998   1.72694862]
2026-01-20 10:02:29,492 - position: [ 0.35577905 -1.1934998   1.72694862]
2026-01-20 10:02:29,726 - position: [ 0.35577905 -1.1934998   1.72694862]
2026-01-20 10:02:29,981 - position: [ 0.35577905 -1.1934998   1.72694862]
2026-01-20 10:02:30,202 - position: [ 0.35577905 -1.1934998   1.72694862]
2026-01-20 10:02:30,437 - position: [ 0.35577905 -1.1934998   1.72694862]
2026-01-20 10:02:30,667 - position: [ 0.35577905 -1.1934998   1.72694862]
2026-01-20 10:02:30,895 - position: [ 0.35577905 -1.1934998   1.72694862]
2026-01-20 10:02:31,126 - position: [ 0.35577905 -1.1934998   1.72694862]
2026-01-20 10:02:31,371 - position: [ 0.35577905 -1.1934998   1.72694862]
2026-01-20 10:02:31,604 - position: [ 0.35577905 -1.1934998   1.72694862]
2026-01-20 10:02:31,838 - position: [ 0.35577905 -1.1934998   1.72694862]
2026-01-20 10:02:32,101 - position: [ 0.35577905 -1.1934998   1.72694862]
2026-01-20 10:02:32,323 - position: [ 0.35577905 -1.1934998   1.72694862]
2026-01-20 10:02:32,552 - position: [ 0.35577905 -1.1934998   1.72694862]
2026-01-20 10:02:32,775 - position: [ 0.35577905 -1.1934998   1.72694862]
2026-01-20 10:02:32,999 - position: [ 0.35577905 -1.1934998   1.72694862]
2026-01-20 10:02:33,242 - position: [ 0.35577905 -1.1934998   1.72694862]
2026-01-20 10:02:33,469 - position: [ 0.35577905 -1.1934998   1.72694862]
2026-01-20 10:02:33,749 - position: [ 0.35577905 -1.1934998   1.72694862]
2026-01-20 10:02:34,054 - position: [ 0.35577905 -1.1934998   1.72694862]
2026-01-20 10:02:34,318 - position: [ 0.35577905 -1.1934998   1.72694862]
2026-01-20 10:02:34,574 - position: [ 0.35577905 -1.1934998   1.72694862]
2026-01-20 10:02:34,811 - position: [ 0.35577905 -1.1934998   1.72694862]
2026-01-20 10:02:35,059 - position: [ 0.35577905 -1.1934998   1.72694862]
2026-01-20 10:02:35,346 - position: [ 0.35577905 -1.1934998   1.72694862]
2026-01-20 10:02:35,622 - position: [ 0.35577905 -1.1934998   1.72694862]
2026-01-20 10:02:35,858 - position: [ 0.35577905 -1.1934998   1.72694862]
2026-01-20 10:02:36,108 - position: [ 0.35577905 -1.1934998   1.72694862]
2026-01-20 10:02:36,360 - position: [ 0.35577905 -1.1934998   1.72694862]
2026-01-20 10:02:36,603 - position: [ 0.35577905 -1.1934998   1.72694862]
2026-01-20 10:02:36,877 - position: [ 0.35577905 -1.1934998   1.72694862]
2026-01-20 10:02:37,135 - position: [ 0.35577905 -1.1934998   1.72694862]
2026-01-20 10:02:37,393 - position: [ 0.35577905 -1.1934998   1.72694862]
2026-01-20 10:02:37,630 - position: [ 0.35577905 -1.1934998   1.72694862]
2026-01-20 10:02:37,878 - position: [ 0.35577905 -1.1934998   1.72694862]
2026-01-20 10:02:38,144 - position: [ 0.35577905 -1.1934998   1.72694862]
2026-01-20 10:02:38,371 - position: [ 0.35577905 -1.1934998   1.72694862]
2026-01-20 10:02:38,634 - position: [ 0.35577905 -1.1934998   1.72694862]
2026-01-20 10:02:38,929 - position: [ 0.35577905 -1.1934998   1.72694862]
2026-01-20 10:02:39,155 - position: [ 0.35577905 -1.1934998   1.72694862]
2026-01-20 10:02:39,428 - position: [ 0.35577905 -1.1934998   1.72694862]
2026-01-20 10:02:39,773 - position: [ 0.35577905 -1.1934998   1.72694862]
2026-01-20 10:02:40,024 - position: [ 0.35577905 -1.1934998   1.72694862]
2026-01-20 10:02:40,256 - position: [ 0.35577905 -1.1934998   1.72694862]
2026-01-20 10:02:40,513 - position: [ 0.35577905 -1.1934998   1.72694862]
2026-01-20 10:02:40,745 - position: [ 0.35577905 -1.1934998   1.72694862]
2026-01-20 10:02:40,947 - position: [ 0.35577905 -1.1934998   1.72694862]
2026-01-20 10:02:41,176 - position: [ 0.35577905 -1.1934998   1.72694862]
2026-01-20 10:02:41,396 - position: [ 0.35577905 -1.1934998   1.72694862]
2026-01-20 10:02:41,636 - position: [ 0.35577905 -1.1934998   1.72694862]
2026-01-20 10:02:41,881 - position: [ 0.35577905 -1.1934998   1.72694862]
2026-01-20 10:02:42,087 - position: [ 0.35577905 -1.1934998   1.72694862]
2026-01-20 10:02:42,322 - position: [ 0.35577905 -1.1934998   1.72694862]
2026-01-20 10:02:42,578 - position: [ 0.35577905 -1.1934998   1.72694862]
2026-01-20 10:02:42,825 - position: [ 0.35577905 -1.1934998   1.72694862]
2026-01-20 10:02:43,077 - position: [ 0.35577905 -1.1934998   1.72694862]
2026-01-20 10:02:43,371 - position: [ 0.35577905 -1.1934998   1.72694862]
2026-01-20 10:02:43,580 - position: [ 0.35577905 -1.1934998   1.72694862]
2026-01-20 10:02:43,814 - position: [ 0.35577905 -1.1934998   1.72694862]
2026-01-20 10:02:44,060 - position: [ 0.35577905 -1.1934998   1.72694862]
2026-01-20 10:02:44,291 - position: [ 0.35577905 -1.1934998   1.72694862]
2026-01-20 10:02:44,523 - position: [ 0.35577905 -1.1934998   1.72694862]
2026-01-20 10:02:44,788 - position: [ 0.35577905 -1.1934998   1.72694862]
2026-01-20 10:02:45,008 - position: [ 0.35577905 -1.1934998   1.72694862]
2026-01-20 10:02:45,227 - position: [ 0.35577905 -1.1934998   1.72694862]
2026-01-20 10:02:45,467 - position: [ 0.35577905 -1.1934998   1.72694862]
2026-01-20 10:02:45,687 - position: [ 0.35577905 -1.1934998   1.72694862]
2026-01-20 10:02:45,899 - position: [ 0.35577905 -1.1934998   1.72694862]
2026-01-20 10:02:46,127 - position: [ 0.35577905 -1.1934998   1.72694862]
2026-01-20 10:02:46,378 - position: [ 0.35577905 -1.1934998   1.72694862]
2026-01-20 10:02:46,583 - position: [ 0.35577905 -1.1934998   1.72694862]
2026-01-20 10:02:46,821 - position: [ 0.35577905 -1.1934998   1.72694862]
2026-01-20 10:02:47,074 - position: [ 0.35577905 -1.1934998   1.72694862]
2026-01-20 10:02:47,301 - position: [ 0.35577905 -1.1934998   1.72694862]
2026-01-20 10:02:47,524 - position: [ 0.35577905 -1.1934998   1.72694862]
2026-01-20 10:02:47,769 - position: [ 0.35577905 -1.1934998   1.72694862]
2026-01-20 10:02:47,983 - position: [ 0.35577905 -1.1934998   1.72694862]
2026-01-20 10:02:48,194 - position: [ 0.2986441  -1.30663002  0.79488748]
2026-01-20 10:02:48,483 - position: [ 0.2986441  -1.30663002  0.79488748]
2026-01-20 10:02:48,711 - position: [ 0.2986441  -1.30663002  0.79488748]
2026-01-20 10:02:49,013 - position: [ 0.2986441  -1.30663002  0.79488748]
2026-01-20 10:02:49,227 - position: [ 0.2986441  -1.30663002  0.79488748]
2026-01-20 10:02:49,444 - position: [ 0.2986441  -1.30663002  0.79488748]
2026-01-20 10:02:49,692 - position: [ 0.2986441  -1.30663002  0.79488748]
2026-01-20 10:02:49,922 - position: [ 0.2986441  -1.30663002  0.79488748]
2026-01-20 10:02:50,141 - position: [ 0.2986441  -1.30663002  0.79488748]
2026-01-20 10:02:50,357 - position: [ 0.2986441  -1.30663002  0.79488748]
2026-01-20 10:02:50,606 - position: [ 0.2986441  -1.30663002  0.79488748]
2026-01-20 10:02:50,816 - position: [ 0.2986441  -1.30663002  0.79488748]
2026-01-20 10:02:51,069 - position: [ 0.2986441  -1.30663002  0.79488748]
2026-01-20 10:02:51,339 - position: [ 0.2986441  -1.30663002  0.79488748]
2026-01-20 10:02:51,625 - position: [ 0.2986441  -1.30663002  0.79488748]
2026-01-20 10:02:51,908 - position: [ 0.2986441  -1.30663002  0.79488748]
2026-01-20 10:02:52,188 - position: [ 0.2986441  -1.30663002  0.79488748]
2026-01-20 10:02:52,470 - position: [ 0.2986441  -1.30663002  0.79488748]
2026-01-20 10:02:52,728 - position: [ 0.2986441  -1.30663002  0.79488748]
2026-01-20 10:02:52,956 - position: [ 0.2986441  -1.30663002  0.79488748]
2026-01-20 10:02:53,215 - position: [ 0.2986441  -1.30663002  0.79488748]
2026-01-20 10:02:53,458 - position: [ 0.2986441  -1.30663002  0.79488748]
2026-01-20 10:02:53,703 - position: [ 0.30300558 -1.31038368  0.79792225]
2026-01-20 10:02:53,905 - position: [ 0.30300558 -1.31038368  0.79792225]
2026-01-20 10:02:54,116 - position: [ 0.30300558 -1.31038368  0.79792225]
2026-01-20 10:02:54,399 - position: [ 0.30300558 -1.31038368  0.79792225]
2026-01-20 10:02:54,686 - position: [ 0.30300558 -1.31038368  0.79792225]
2026-01-20 10:02:54,899 - position: [ 0.30300558 -1.31038368  0.79792225]
2026-01-20 10:02:55,147 - position: [ 0.30300558 -1.31038368  0.79792225]
2026-01-20 10:02:55,397 - position: [ 0.30300558 -1.31038368  0.79792225]
2026-01-20 10:02:55,610 - position: [ 0.30300558 -1.31038368  0.79792225]
2026-01-20 10:02:55,853 - position: [ 0.30300558 -1.31038368  0.79792225]
2026-01-20 10:02:56,070 - position: [ 0.30300558 -1.31038368  0.79792225]
2026-01-20 10:02:56,297 - position: [ 0.30300558 -1.31038368  0.79792225]
2026-01-20 10:02:56,551 - position: [ 0.30300558 -1.31038368  0.79792225]
2026-01-20 10:02:56,787 - position: [ 0.30300558 -1.31038368  0.79792225]
2026-01-20 10:02:57,021 - position: [ 0.30300558 -1.31038368  0.79792225]
2026-01-20 10:02:57,261 - position: [ 0.30300558 -1.31038368  0.79792225]
2026-01-20 10:02:57,509 - position: [ 0.30300558 -1.31038368  0.79792225]
2026-01-20 10:02:57,760 - position: [ 0.30300558 -1.31038368  0.79792225]
2026-01-20 10:02:58,010 - position: [ 0.30300558 -1.31038368  0.79792225]
2026-01-20 10:02:58,303 - position: [ 0.30300558 -1.31038368  0.79792225]
2026-01-20 10:02:58,536 - position: [ 0.30300558 -1.31038368  0.79792225]
2026-01-20 10:02:58,775 - position: [ 0.30300558 -1.31038368  0.79792225]
2026-01-20 10:02:59,027 - position: [ 0.30300558 -1.31038368  0.79792225]
2026-01-20 10:02:59,233 - position: [ 0.30300558 -1.31038368  0.79792225]
2026-01-20 10:02:59,464 - position: [ 0.30300558 -1.31038368  0.79792225]
2026-01-20 10:02:59,730 - position: [ 0.30300558 -1.31038368  0.79792225]
2026-01-20 10:02:59,937 - position: [ 0.30300558 -1.31038368  0.79792225]
2026-01-20 10:03:00,162 - position: [ 0.30300558 -1.31038368  0.79792225]
2026-01-20 10:03:00,371 - position: [ 0.30300558 -1.31038368  0.79792225]
2026-01-20 10:03:00,616 - position: [ 0.30300558 -1.31038368  0.79792225]
2026-01-20 10:03:00,827 - position: [ 0.30300558 -1.31038368  0.79792225]
2026-01-20 10:03:01,055 - position: [ 0.30300558 -1.31038368  0.79792225]
2026-01-20 10:03:01,338 - position: [ 0.30300558 -1.31038368  0.79792225]
2026-01-20 10:03:01,563 - position: [ 0.30300558 -1.31038368  0.79792225]
2026-01-20 10:03:01,799 - position: [ 0.30300558 -1.31038368  0.79792225]
2026-01-20 10:03:02,078 - position: [ 0.30300558 -1.31038368  0.79792225]
2026-01-20 10:03:02,296 - position: [ 0.30300558 -1.31038368  0.79792225]
2026-01-20 10:03:02,543 - position: [ 0.30300558 -1.31038368  0.79792225]
2026-01-20 10:03:02,800 - position: [ 0.30300558 -1.31038368  0.79792225]
2026-01-20 10:03:03,063 - position: [ 0.30300558 -1.31038368  0.79792225]
2026-01-20 10:03:03,291 - position: [ 0.30300558 -1.31038368  0.79792225]
2026-01-20 10:03:03,569 - position: [ 0.30300558 -1.31038368  0.79792225]
2026-01-20 10:03:03,844 - position: [ 0.30300558 -1.31038368  0.79792225]
2026-01-20 10:03:04,107 - position: [ 0.30300558 -1.31038368  0.79792225]
2026-01-20 10:03:04,320 - position: [ 0.30300558 -1.31038368  0.79792225]
2026-01-20 10:03:04,582 - position: [ 0.30300558 -1.31038368  0.79792225]
2026-01-20 10:03:04,798 - position: [ 0.30300558 -1.31038368  0.79792225]
2026-01-20 10:03:05,011 - position: [ 0.30300558 -1.31038368  0.79792225]
2026-01-20 10:03:05,251 - position: [ 0.30300558 -1.31038368  0.79792225]
2026-01-20 10:03:05,511 - position: [ 0.30300558 -1.31038368  0.79792225]
2026-01-20 10:03:05,729 - position: [ 0.30300558 -1.31038368  0.79792225]
2026-01-20 10:03:05,951 - position: [ 0.30300558 -1.31038368  0.79792225]
2026-01-20 10:03:06,166 - position: [ 0.30300558 -1.31038368  0.79792225]
2026-01-20 10:03:06,408 - position: [ 0.30300558 -1.31038368  0.79792225]
2026-01-20 10:03:06,644 - position: [ 0.30300558 -1.31038368  0.79792225]
2026-01-20 10:03:06,860 - position: [ 0.30300558 -1.31038368  0.79792225]
2026-01-20 10:03:07,083 - position: [ 0.30300558 -1.31038368  0.79792225]
2026-01-20 10:03:07,300 - position: [ 0.30300558 -1.31038368  0.79792225]
2026-01-20 10:03:07,522 - position: [ 0.30300558 -1.31038368  0.79792225]
2026-01-20 10:03:07,739 - position: [ 0.30300558 -1.31038368  0.79792225]
2026-01-20 10:03:07,956 - position: [ 0.30300558 -1.31038368  0.79792225]
2026-01-20 10:03:08,193 - position: [ 0.30300558 -1.31038368  0.79792225]
2026-01-20 10:03:08,407 - position: [ 0.30300558 -1.31038368  0.79792225]
2026-01-20 10:03:08,661 - position: [ 0.30300558 -1.31038368  0.79792225]
2026-01-20 10:03:08,886 - position: [ 0.30300558 -1.31038368  0.79792225]
2026-01-20 10:03:09,105 - position: [ 0.30300558 -1.31038368  0.79792225]
2026-01-20 10:03:09,366 - position: [ 0.30300558 -1.31038368  0.79792225]
2026-01-20 10:03:09,605 - position: [ 0.30300558 -1.31038368  0.79792225]
2026-01-20 10:03:09,830 - position: [ 0.30300558 -1.31038368  0.79792225]
2026-01-20 10:03:10,089 - position: [ 0.30300558 -1.31038368  0.79792225]
2026-01-20 10:03:10,354 - position: [ 0.30300558 -1.31038368  0.79792225]
2026-01-20 10:03:10,607 - position: [ 0.30300558 -1.31038368  0.79792225]
2026-01-20 10:03:10,820 - position: [ 0.30300558 -1.31038368  0.79792225]
2026-01-20 10:03:11,045 - position: [ 0.30300558 -1.31038368  0.79792225]
2026-01-20 10:03:11,259 - position: [ 0.30300558 -1.31038368  0.79792225]
2026-01-20 10:03:11,495 - position: [ 0.30300558 -1.31038368  0.79792225]
2026-01-20 10:03:11,729 - position: [ 0.30300558 -1.31038368  0.79792225]
2026-01-20 10:03:11,960 - position: [ 0.30300558 -1.31038368  0.79792225]
2026-01-20 10:03:12,179 - position: [ 0.30300558 -1.31038368  0.79792225]
2026-01-20 10:03:12,434 - position: [ 0.30300558 -1.31038368  0.79792225]
2026-01-20 10:03:12,712 - position: [ 0.30300558 -1.31038368  0.79792225]
2026-01-20 10:03:13,071 - position: [ 0.30300558 -1.31038368  0.79792225]
2026-01-20 10:03:13,321 - position: [ 0.30300558 -1.31038368  0.79792225]
2026-01-20 10:03:13,564 - position: [ 0.30300558 -1.31038368  0.79792225]
2026-01-20 10:03:13,785 - position: [ 0.30300558 -1.31038368  0.79792225]
2026-01-20 10:03:14,002 - position: [ 0.30300558 -1.31038368  0.79792225]
2026-01-20 10:03:14,242 - position: [ 0.30300558 -1.31038368  0.79792225]
2026-01-20 10:03:14,490 - position: [ 0.30300558 -1.31038368  0.79792225]
2026-01-20 10:03:14,707 - position: [ 0.30300558 -1.31038368  0.79792225]
2026-01-20 10:03:14,925 - position: [ 0.30300558 -1.31038368  0.79792225]
2026-01-20 10:03:15,173 - position: [ 0.30300558 -1.31038368  0.79792225]
2026-01-20 10:03:15,412 - position: [ 0.30300558 -1.31038368  0.79792225]
2026-01-20 10:03:15,649 - position: [ 0.30300558 -1.31038368  0.79792225]
2026-01-20 10:03:15,908 - position: [ 0.30300558 -1.31038368  0.79792225]
2026-01-20 10:03:16,211 - position: [ 0.35253027 -1.04760659  1.81480074]
2026-01-20 10:03:16,453 - position: [ 0.3008661  -1.15648079  1.98677599]
2026-01-20 10:03:16,684 - position: [ 0.2351092  -1.32580173  2.13714623]
2026-01-20 10:03:16,930 - position: [ 0.30499297 -1.27091146  2.06986785]
2026-01-20 10:03:17,204 - position: [ 0.41138017 -1.13514698  1.88651776]
2026-01-20 10:03:17,434 - position: [ 0.41138017 -1.13514698  1.88651776]
2026-01-20 10:03:17,674 - position: [ 0.41138017 -1.13514698  1.88651776]
2026-01-20 10:03:17,934 - position: [ 0.41138017 -1.13514698  1.88651776]
2026-01-20 10:03:18,181 - position: [ 0.41138017 -1.13514698  1.88651776]
2026-01-20 10:03:18,393 - position: [ 0.41138017 -1.13514698  1.88651776]
2026-01-20 10:03:18,617 - position: [ 0.41138017 -1.13514698  1.88651776]
2026-01-20 10:03:18,848 - position: [ 0.41138017 -1.13514698  1.88651776]
2026-01-20 10:03:19,097 - position: [ 0.41138017 -1.13514698  1.88651776]
2026-01-20 10:03:19,342 - position: [ 0.41138017 -1.13514698  1.88651776]
2026-01-20 10:03:19,560 - position: [ 0.41138017 -1.13514698  1.88651776]
2026-01-20 10:03:19,771 - position: [ 0.41138017 -1.13514698  1.88651776]
2026-01-20 10:03:20,004 - position: [ 0.41138017 -1.13514698  1.88651776]
2026-01-20 10:03:20,241 - position: [ 0.41138017 -1.13514698  1.88651776]
2026-01-20 10:03:20,475 - position: [ 0.41138017 -1.13514698  1.88651776]
2026-01-20 10:03:20,687 - position: [ 0.41138017 -1.13514698  1.88651776]
2026-01-20 10:03:20,905 - position: [ 0.41138017 -1.13514698  1.88651776]
2026-01-20 10:03:21,141 - position: [ 0.41138017 -1.13514698  1.88651776]
2026-01-20 10:03:21,407 - position: [ 0.41138017 -1.13514698  1.88651776]
2026-01-20 10:03:21,789 - position: [ 0.41138017 -1.13514698  1.88651776]
2026-01-20 10:03:22,074 - position: [ 0.41138017 -1.13514698  1.88651776]
2026-01-20 10:03:22,309 - position: [ 0.41138017 -1.13514698  1.88651776]
2026-01-20 10:03:22,561 - position: [ 0.41138017 -1.13514698  1.88651776]
2026-01-20 10:03:22,768 - position: [ 0.41138017 -1.13514698  1.88651776]
2026-01-20 10:03:23,007 - position: [ 0.41138017 -1.13514698  1.88651776]
2026-01-20 10:03:23,221 - position: [ 0.41138017 -1.13514698  1.88651776]
2026-01-20 10:03:23,506 - position: [ 0.41138017 -1.13514698  1.88651776]
2026-01-20 10:03:23,740 - position: [ 0.41138017 -1.13514698  1.88651776]
2026-01-20 10:03:23,971 - position: [ 0.41138017 -1.13514698  1.88651776]
2026-01-20 10:03:24,238 - position: [ 0.41138017 -1.13514698  1.88651776]
2026-01-20 10:03:24,495 - position: [ 0.41138017 -1.13514698  1.88651776]
2026-01-20 10:03:24,809 - position: [ 0.41138017 -1.13514698  1.88651776]
2026-01-20 10:03:25,081 - position: [ 0.41138017 -1.13514698  1.88651776]
2026-01-20 10:03:25,311 - position: [ 0.41138017 -1.13514698  1.88651776]
2026-01-20 10:03:25,549 - position: [ 0.41138017 -1.13514698  1.88651776]
2026-01-20 10:03:25,813 - position: [ 0.41138017 -1.13514698  1.88651776]
2026-01-20 10:03:26,069 - position: [ 0.41138017 -1.13514698  1.88651776]
2026-01-20 10:03:26,298 - position: [ 0.41138017 -1.13514698  1.88651776]
2026-01-20 10:03:26,529 - position: [ 0.41138017 -1.13514698  1.88651776]
2026-01-20 10:03:26,888 - position: [ 0.41138017 -1.13514698  1.88651776]
2026-01-20 10:03:27,139 - position: [ 0.41138017 -1.13514698  1.88651776]
2026-01-20 10:03:27,381 - position: [ 0.41138017 -1.13514698  1.88651776]
2026-01-20 10:03:27,621 - position: [ 0.41138017 -1.13514698  1.88651776]
2026-01-20 10:03:27,860 - position: [ 0.41138017 -1.13514698  1.88651776]
2026-01-20 10:03:28,102 - position: [ 0.41138017 -1.13514698  1.88651776]
2026-01-20 10:03:28,340 - position: [ 0.41138017 -1.13514698  1.88651776]
2026-01-20 10:03:28,580 - position: [ 0.41138017 -1.13514698  1.88651776]
2026-01-20 10:03:28,820 - position: [ 0.41138017 -1.13514698  1.88651776]
2026-01-20 10:03:29,106 - position: [ 0.41138017 -1.13514698  1.88651776]
2026-01-20 10:03:29,324 - position: [ 0.41138017 -1.13514698  1.88651776]
2026-01-20 10:03:29,587 - position: [ 0.41138017 -1.13514698  1.88651776]
2026-01-20 10:03:29,822 - position: [ 0.41138017 -1.13514698  1.88651776]
2026-01-20 10:03:30,079 - position: [ 0.41138017 -1.13514698  1.88651776]
2026-01-20 10:03:30,352 - position: [ 0.41138017 -1.13514698  1.88651776]
2026-01-20 10:03:30,584 - position: [ 0.41138017 -1.13514698  1.88651776]
2026-01-20 10:03:30,814 - position: [ 0.41138017 -1.13514698  1.88651776]
2026-01-20 10:03:31,062 - position: [ 0.41138017 -1.13514698  1.88651776]
2026-01-20 10:03:31,341 - position: [ 0.41138017 -1.13514698  1.88651776]
2026-01-20 10:03:31,574 - position: [ 0.41138017 -1.13514698  1.88651776]
2026-01-20 10:03:31,796 - position: [ 0.41138017 -1.13514698  1.88651776]
2026-01-20 10:03:32,053 - position: [ 0.31696871 -1.34441411  0.80357903]
2026-01-20 10:03:32,309 - position: [ 0.31696871 -1.34441411  0.80357903]
2026-01-20 10:03:32,520 - position: [ 0.31696871 -1.34441411  0.80357903]
2026-01-20 10:03:32,780 - position: [ 0.31696871 -1.34441411  0.80357903]
2026-01-20 10:03:33,004 - position: [ 0.31696871 -1.34441411  0.80357903]
2026-01-20 10:03:33,235 - position: [ 0.31696871 -1.34441411  0.80357903]
2026-01-20 10:03:33,528 - position: [ 0.31696871 -1.34441411  0.80357903]
2026-01-20 10:03:33,804 - position: [ 0.31696871 -1.34441411  0.80357903]
2026-01-20 10:03:34,020 - position: [ 0.31696871 -1.34441411  0.80357903]
2026-01-20 10:03:34,298 - position: [ 0.31696871 -1.34441411  0.80357903]
2026-01-20 10:03:34,550 - position: [ 0.31696871 -1.34441411  0.80357903]
2026-01-20 10:03:34,784 - position: [ 0.31696871 -1.34441411  0.80357903]
2026-01-20 10:03:35,043 - position: [ 0.31696871 -1.34441411  0.80357903]
2026-01-20 10:03:35,258 - position: [ 0.31696871 -1.34441411  0.80357903]
2026-01-20 10:03:35,491 - position: [ 0.31696871 -1.34441411  0.80357903]
2026-01-20 10:03:35,723 - position: [ 0.31696871 -1.34441411  0.80357903]
2026-01-20 10:03:35,981 - position: [ 0.31696871 -1.34441411  0.80357903]
2026-01-20 10:03:36,190 - position: [ 0.31696871 -1.34441411  0.80357903]
2026-01-20 10:03:36,462 - position: [ 0.31696871 -1.34441411  0.80357903]
2026-01-20 10:03:36,703 - position: [ 0.31696871 -1.34441411  0.80357903]
2026-01-20 10:03:37,030 - position: [ 0.31696871 -1.34441411  0.80357903]
2026-01-20 10:03:37,251 - position: [ 0.31696871 -1.34441411  0.80357903]
2026-01-20 10:03:37,493 - position: [ 0.31696871 -1.34441411  0.80357903]
2026-01-20 10:03:37,722 - position: [ 0.31696871 -1.34441411  0.80357903]
2026-01-20 10:03:37,944 - position: [ 0.31696871 -1.34441411  0.80357903]
2026-01-20 10:03:38,190 - position: [ 0.31696871 -1.34441411  0.80357903]
2026-01-20 10:03:38,417 - position: [ 0.31696871 -1.34441411  0.80357903]
2026-01-20 10:03:38,664 - position: [ 0.31696871 -1.34441411  0.80357903]
2026-01-20 10:03:38,893 - position: [ 0.31696871 -1.34441411  0.80357903]
2026-01-20 10:03:39,124 - position: [ 0.31696871 -1.34441411  0.80357903]
2026-01-20 10:03:39,381 - position: [ 0.31696871 -1.34441411  0.80357903]
2026-01-20 10:03:39,629 - position: [ 0.31696871 -1.34441411  0.80357903]
2026-01-20 10:03:39,855 - position: [ 0.31696871 -1.34441411  0.80357903]
2026-01-20 10:03:40,107 - position: [ 0.31696871 -1.34441411  0.80357903]
2026-01-20 10:03:40,356 - position: [ 0.31696871 -1.34441411  0.80357903]
2026-01-20 10:03:40,596 - position: [ 0.31696871 -1.34441411  0.80357903]
2026-01-20 10:03:40,855 - position: [ 0.31696871 -1.34441411  0.80357903]
2026-01-20 10:03:41,079 - position: [ 0.31696871 -1.34441411  0.80357903]
2026-01-20 10:03:41,317 - position: [ 0.31696871 -1.34441411  0.80357903]
2026-01-20 10:03:41,565 - position: [ 0.31696871 -1.34441411  0.80357903]
2026-01-20 10:03:41,879 - position: [ 0.31696871 -1.34441411  0.80357903]
2026-01-20 10:03:42,081 - position: [ 0.31696871 -1.34441411  0.80357903]
2026-01-20 10:03:42,367 - position: [ 0.31696871 -1.34441411  0.80357903]
2026-01-20 10:03:42,617 - position: [ 0.31696871 -1.34441411  0.80357903]
2026-01-20 10:03:42,879 - position: [ 0.31696871 -1.34441411  0.80357903]
2026-01-20 10:03:43,112 - position: [ 0.31696871 -1.34441411  0.80357903]
2026-01-20 10:03:43,395 - position: [ 0.31696871 -1.34441411  0.80357903]
2026-01-20 10:03:43,650 - position: [ 0.31696871 -1.34441411  0.80357903]
2026-01-20 10:03:43,856 - position: [ 0.31696871 -1.34441411  0.80357903]
2026-01-20 10:03:44,086 - position: [ 0.31696871 -1.34441411  0.80357903]
2026-01-20 10:03:44,317 - position: [ 0.31696871 -1.34441411  0.80357903]
2026-01-20 10:03:44,539 - position: [ 0.31696871 -1.34441411  0.80357903]
2026-01-20 10:03:44,772 - position: [ 0.31696871 -1.34441411  0.80357903]
2026-01-20 10:03:45,029 - position: [ 0.31696871 -1.34441411  0.80357903]
2026-01-20 10:03:45,288 - position: [ 0.31696871 -1.34441411  0.80357903]
2026-01-20 10:03:45,620 - position: [ 0.31696871 -1.34441411  0.80357903]
2026-01-20 10:03:45,834 - position: [ 0.31696871 -1.34441411  0.80357903]
2026-01-20 10:03:46,070 - position: [ 0.31696871 -1.34441411  0.80357903]
2026-01-20 10:03:46,323 - position: [ 0.31696871 -1.34441411  0.80357903]
2026-01-20 10:03:46,545 - position: [ 0.31696871 -1.34441411  0.80357903]
2026-01-20 10:03:46,754 - position: [ 0.31696871 -1.34441411  0.80357903]
2026-01-20 10:03:46,961 - position: [ 0.31696871 -1.34441411  0.80357903]
2026-01-20 10:03:47,271 - position: [ 0.31696871 -1.34441411  0.80357903]
2026-01-20 10:03:47,575 - position: [ 0.31696871 -1.34441411  0.80357903]
2026-01-20 10:03:47,804 - position: [ 0.31696871 -1.34441411  0.80357903]
2026-01-20 10:03:48,046 - position: [ 0.31696871 -1.34441411  0.80357903]
2026-01-20 10:03:48,277 - position: [ 0.31696871 -1.34441411  0.80357903]
2026-01-20 10:03:48,522 - position: [ 0.31696871 -1.34441411  0.80357903]
2026-01-20 10:03:48,760 - position: [ 0.31696871 -1.34441411  0.80357903]
2026-01-20 10:03:49,017 - position: [ 0.31696871 -1.34441411  0.80357903]
2026-01-20 10:03:49,317 - position: [ 0.31696871 -1.34441411  0.80357903]
2026-01-20 10:03:49,535 - position: [ 0.31696871 -1.34441411  0.80357903]
2026-01-20 10:03:49,779 - position: [ 0.31696871 -1.34441411  0.80357903]
2026-01-20 10:03:49,993 - position: [ 0.31696871 -1.34441411  0.80357903]
2026-01-20 10:03:50,243 - position: [ 0.31696871 -1.34441411  0.80357903]
2026-01-20 10:03:50,460 - position: [ 0.31696871 -1.34441411  0.80357903]
2026-01-20 10:03:50,716 - position: [ 0.31696871 -1.34441411  0.80357903]
2026-01-20 10:03:50,956 - position: [ 0.31696871 -1.34441411  0.80357903]
2026-01-20 10:03:51,189 - position: [ 0.31696871 -1.34441411  0.80357903]
2026-01-20 10:03:51,429 - position: [ 0.31696871 -1.34441411  0.80357903]
2026-01-20 10:03:51,643 - position: [ 0.31696871 -1.34441411  0.80357903]
2026-01-20 10:03:51,871 - position: [ 0.31696871 -1.34441411  0.80357903]
2026-01-20 10:03:52,114 - position: [ 0.31696871 -1.34441411  0.80357903]
2026-01-20 10:03:52,328 - position: [ 0.31696871 -1.34441411  0.80357903]
2026-01-20 10:03:52,581 - position: [ 0.31696871 -1.34441411  0.80357903]
2026-01-20 10:03:52,855 - position: [ 0.31696871 -1.34441411  0.80357903]
2026-01-20 10:03:53,150 - position: [ 0.31696871 -1.34441411  0.80357903]
2026-01-20 10:03:53,381 - position: [ 0.31696871 -1.34441411  0.80357903]
2026-01-20 10:03:53,601 - position: [ 0.31696871 -1.34441411  0.80357903]
2026-01-20 10:03:53,864 - position: [ 0.31696871 -1.34441411  0.80357903]
2026-01-20 10:03:54,103 - position: [ 0.31696871 -1.34441411  0.80357903]
2026-01-20 10:03:54,357 - position: [ 0.31696871 -1.34441411  0.80357903]
2026-01-20 10:03:54,578 - position: [ 0.31696871 -1.34441411  0.80357903]
2026-01-20 10:03:54,817 - position: [ 0.31696871 -1.34441411  0.80357903]
2026-01-20 10:03:55,083 - position: [ 0.31696871 -1.34441411  0.80357903]
2026-01-20 10:03:55,331 - position: [ 0.31696871 -1.34441411  0.80357903]
2026-01-20 10:03:55,609 - position: [ 0.31696871 -1.34441411  0.80357903]
2026-01-20 10:03:55,861 - position: [ 0.31696871 -1.34441411  0.80357903]
2026-01-20 10:03:56,078 - position: [ 0.31696871 -1.34441411  0.80357903]
2026-01-20 10:03:56,300 - position: [ 0.31696871 -1.34441411  0.80357903]
2026-01-20 10:03:56,522 - position: [ 0.31696871 -1.34441411  0.80357903]
2026-01-20 10:03:56,738 - position: [ 0.31696871 -1.34441411  0.80357903]
2026-01-20 10:03:56,963 - position: [ 0.31696871 -1.34441411  0.80357903]
2026-01-20 10:03:57,221 - position: [ 0.31696871 -1.34441411  0.80357903]
2026-01-20 10:03:57,454 - position: [ 0.31696871 -1.34441411  0.80357903]
2026-01-20 10:03:57,692 - position: [ 0.31696871 -1.34441411  0.80357903]
2026-01-20 10:03:57,967 - position: [ 0.31696871 -1.34441411  0.80357903]
2026-01-20 10:03:58,179 - position: [ 0.31696871 -1.34441411  0.80357903]
2026-01-20 10:03:58,458 - position: [ 0.31696871 -1.34441411  0.80357903]
2026-01-20 10:03:58,726 - position: [ 0.31696871 -1.34441411  0.80357903]
2026-01-20 10:03:58,965 - position: [ 0.31696871 -1.34441411  0.80357903]
2026-01-20 10:03:59,215 - position: [ 0.31696871 -1.34441411  0.80357903]
2026-01-20 10:03:59,437 - position: [ 0.31696871 -1.34441411  0.80357903]
2026-01-20 10:03:59,662 - position: [ 0.31696871 -1.34441411  0.80357903]
2026-01-20 10:03:59,896 - position: [ 0.31696871 -1.34441411  0.80357903]
2026-01-20 10:04:00,172 - position: [ 0.31696871 -1.34441411  0.80357903]
2026-01-20 10:04:00,385 - position: [ 0.31696871 -1.34441411  0.80357903]
2026-01-20 10:04:00,647 - position: [ 0.31696871 -1.34441411  0.80357903]
2026-01-20 10:04:00,920 - position: [ 0.31696871 -1.34441411  0.80357903]
2026-01-20 10:04:01,162 - position: [ 0.31696871 -1.34441411  0.80357903]
2026-01-20 10:04:01,418 - position: [ 0.31696871 -1.34441411  0.80357903]
2026-01-20 10:04:01,651 - position: [ 0.31696871 -1.34441411  0.80357903]
2026-01-20 10:04:01,873 - position: [ 0.31696871 -1.34441411  0.80357903]
2026-01-20 10:04:02,100 - position: [ 0.31696871 -1.34441411  0.80357903]
2026-01-20 10:04:02,312 - position: [ 0.31696871 -1.34441411  0.80357903]
2026-01-20 10:04:02,548 - position: [ 0.31696871 -1.34441411  0.80357903]
2026-01-20 10:04:02,797 - position: [ 0.31696871 -1.34441411  0.80357903]
2026-01-20 10:04:03,059 - position: [ 0.31696871 -1.34441411  0.80357903]
2026-01-20 10:04:03,287 - position: [ 0.31696871 -1.34441411  0.80357903]
2026-01-20 10:04:03,618 - position: [ 0.31696871 -1.34441411  0.80357903]
2026-01-20 10:04:03,843 - position: [ 0.31696871 -1.34441411  0.80357903]
2026-01-20 10:04:04,072 - position: [ 0.31696871 -1.34441411  0.80357903]
2026-01-20 10:04:04,308 - position: [ 0.31696871 -1.34441411  0.80357903]
2026-01-20 10:04:04,631 - position: [ 0.31696871 -1.34441411  0.80357903]
2026-01-20 10:04:04,873 - position: [ 0.31696871 -1.34441411  0.80357903]
2026-01-20 10:04:05,121 - position: [ 0.31696871 -1.34441411  0.80357903]
2026-01-20 10:04:05,360 - position: [ 0.31696871 -1.34441411  0.80357903]
2026-01-20 10:04:05,592 - position: [ 0.31696871 -1.34441411  0.80357903]
2026-01-20 10:04:05,854 - position: [ 0.31696871 -1.34441411  0.80357903]
2026-01-20 10:04:06,147 - position: [ 0.31696871 -1.34441411  0.80357903]
2026-01-20 10:04:06,399 - position: [ 0.31696871 -1.34441411  0.80357903]
2026-01-20 10:04:06,636 - position: [ 0.31696871 -1.34441411  0.80357903]
2026-01-20 10:04:06,860 - position: [ 0.31696871 -1.34441411  0.80357903]
2026-01-20 10:04:07,093 - position: [ 0.31696871 -1.34441411  0.80357903]
2026-01-20 10:04:07,351 - position: [ 0.31696871 -1.34441411  0.80357903]
2026-01-20 10:04:07,619 - position: [ 0.31696871 -1.34441411  0.80357903]
2026-01-20 10:04:07,907 - position: [ 0.31696871 -1.34441411  0.80357903]
2026-01-20 10:04:08,142 - position: [ 0.31696871 -1.34441411  0.80357903]
2026-01-20 10:04:08,359 - position: [ 0.31696871 -1.34441411  0.80357903]
2026-01-20 10:04:08,572 - position: [ 0.31696871 -1.34441411  0.80357903]
2026-01-20 10:04:08,838 - position: [ 0.31696871 -1.34441411  0.80357903]
2026-01-20 10:04:09,068 - position: [ 0.31696871 -1.34441411  0.80357903]
2026-01-20 10:04:09,303 - position: [ 0.31696871 -1.34441411  0.80357903]
2026-01-20 10:04:09,539 - position: [ 0.31696871 -1.34441411  0.80357903]
2026-01-20 10:04:09,816 - position: [ 0.31696871 -1.34441411  0.80357903]
2026-01-20 10:04:10,109 - position: [ 0.31696871 -1.34441411  0.80357903]
2026-01-20 10:04:10,371 - position: [ 0.31696871 -1.34441411  0.80357903]
2026-01-20 10:04:10,650 - position: [ 0.31696871 -1.34441411  0.80357903]
2026-01-20 10:04:10,870 - position: [ 0.31696871 -1.34441411  0.80357903]
2026-01-20 10:04:11,095 - position: [ 0.31696871 -1.34441411  0.80357903]
2026-01-20 10:04:11,334 - position: [ 0.31696871 -1.34441411  0.80357903]
2026-01-20 10:04:11,551 - position: [ 0.31696871 -1.34441411  0.80357903]
2026-01-20 10:04:11,819 - position: [ 0.31696871 -1.34441411  0.80357903]
2026-01-20 10:04:12,130 - position: [ 0.31696871 -1.34441411  0.80357903]
2026-01-20 10:04:12,377 - position: [ 0.31696871 -1.34441411  0.80357903]
2026-01-20 10:04:12,623 - position: [ 0.31696871 -1.34441411  0.80357903]
2026-01-20 10:04:12,893 - position: [ 0.31696871 -1.34441411  0.80357903]
2026-01-20 10:04:13,111 - position: [ 0.31696871 -1.34441411  0.80357903]
2026-01-20 10:04:13,345 - position: [ 0.31696871 -1.34441411  0.80357903]
2026-01-20 10:04:13,680 - position: [ 0.31696871 -1.34441411  0.80357903]
2026-01-20 10:04:13,912 - position: [ 0.31696871 -1.34441411  0.80357903]
2026-01-20 10:04:14,154 - position: [ 0.31696871 -1.34441411  0.80357903]
2026-01-20 10:04:14,470 - position: [ 0.31696871 -1.34441411  0.80357903]
2026-01-20 10:04:14,707 - position: [ 0.31696871 -1.34441411  0.80357903]
2026-01-20 10:04:14,923 - position: [ 0.31696871 -1.34441411  0.80357903]
2026-01-20 10:04:15,191 - position: [ 0.31696871 -1.34441411  0.80357903]
2026-01-20 10:04:15,456 - position: [ 0.31696871 -1.34441411  0.80357903]
2026-01-20 10:04:15,716 - position: [ 0.31696871 -1.34441411  0.80357903]
2026-01-20 10:04:16,011 - position: [ 0.31696871 -1.34441411  0.80357903]
2026-01-20 10:04:16,233 - position: [ 0.31696871 -1.34441411  0.80357903]
2026-01-20 10:04:16,453 - position: [ 0.31696871 -1.34441411  0.80357903]
2026-01-20 10:04:16,720 - position: [ 0.31696871 -1.34441411  0.80357903]
2026-01-20 10:04:16,970 - position: [ 0.31696871 -1.34441411  0.80357903]
2026-01-20 10:04:17,261 - position: [ 0.31696871 -1.34441411  0.80357903]
2026-01-20 10:04:17,528 - position: [ 0.31696871 -1.34441411  0.80357903]
2026-01-20 10:04:17,760 - position: [ 0.31696871 -1.34441411  0.80357903]
2026-01-20 10:04:17,997 - position: [ 0.31696871 -1.34441411  0.80357903]
2026-01-20 10:04:18,235 - position: [ 0.31696871 -1.34441411  0.80357903]
2026-01-20 10:04:18,444 - position: [ 0.31696871 -1.34441411  0.80357903]
2026-01-20 10:04:18,679 - position: [ 0.31696871 -1.34441411  0.80357903]
2026-01-20 10:04:18,895 - position: [ 0.31696871 -1.34441411  0.80357903]
2026-01-20 10:04:19,175 - position: [ 0.31696871 -1.34441411  0.80357903]
2026-01-20 10:04:19,458 - position: [ 0.31696871 -1.34441411  0.80357903]
2026-01-20 10:04:19,700 - position: [ 0.31696871 -1.34441411  0.80357903]
2026-01-20 10:04:19,934 - position: [ 0.31696871 -1.34441411  0.80357903]
2026-01-20 10:04:20,188 - position: [ 0.31696871 -1.34441411  0.80357903]
2026-01-20 10:04:20,442 - position: [ 0.31696871 -1.34441411  0.80357903]
2026-01-20 10:04:20,674 - position: [ 0.31696871 -1.34441411  0.80357903]
2026-01-20 10:04:20,901 - position: [ 0.31696871 -1.34441411  0.80357903]
2026-01-20 10:04:21,179 - position: [ 0.31696871 -1.34441411  0.80357903]
2026-01-20 10:04:21,424 - position: [ 0.31696871 -1.34441411  0.80357903]
2026-01-20 10:04:21,669 - position: [ 0.31696871 -1.34441411  0.80357903]
2026-01-20 10:04:21,901 - position: [ 0.31696871 -1.34441411  0.80357903]
2026-01-20 10:04:22,151 - position: [ 0.31696871 -1.34441411  0.80357903]
2026-01-20 10:04:22,360 - position: [ 0.31696871 -1.34441411  0.80357903]
2026-01-20 10:04:22,604 - position: [ 0.31696871 -1.34441411  0.80357903]
2026-01-20 10:04:22,839 - position: [ 0.31696871 -1.34441411  0.80357903]
2026-01-20 10:04:23,079 - position: [ 0.31696871 -1.34441411  0.80357903]
2026-01-20 10:04:23,298 - position: [ 0.31696871 -1.34441411  0.80357903]
2026-01-20 10:04:23,532 - position: [ 0.31696871 -1.34441411  0.80357903]
2026-01-20 10:04:23,750 - position: [ 0.40648898 -1.03729248  1.7851845 ]
2026-01-20 10:04:24,004 - position: [ 0.28734306 -1.24691975  2.07084775]
2026-01-20 10:04:24,219 - position: [ 0.23656327 -1.34244967  2.13492846]
2026-01-20 10:04:24,512 - position: [ 0.22896187 -1.36722517  2.14942884]
2026-01-20 10:04:24,742 - position: [ 0.22959626 -1.37622631  2.14926386]
2026-01-20 10:04:24,983 - position: [ 0.23211282 -1.36868548  2.1408937 ]
2026-01-20 10:04:25,204 - position: [ 0.39547738 -1.2460649   1.94201624]
2026-01-20 10:04:25,439 - position: [ 0.50390834 -1.1131742   1.68474579]
2026-01-20 10:04:25,649 - position: [ 0.54871738 -1.05571067  1.47435474]
2026-01-20 10:04:25,881 - position: [ 0.54871738 -1.05571067  1.47435474]
2026-01-20 10:04:26,088 - position: [ 0.54871738 -1.05571067  1.47435474]
2026-01-20 10:04:26,319 - position: [ 0.54871738 -1.05571067  1.47435474]
2026-01-20 10:04:26,540 - position: [ 0.54871738 -1.05571067  1.47435474]
2026-01-20 10:04:26,767 - position: [ 0.54871738 -1.05571067  1.47435474]
2026-01-20 10:04:26,998 - position: [ 0.54871738 -1.05571067  1.47435474]
2026-01-20 10:04:27,243 - position: [ 0.54871738 -1.05571067  1.47435474]
2026-01-20 10:04:27,464 - position: [ 0.54871738 -1.05571067  1.47435474]
2026-01-20 10:04:27,701 - position: [ 0.54871738 -1.05571067  1.47435474]
2026-01-20 10:04:27,921 - position: [ 0.54871738 -1.05571067  1.47435474]
2026-01-20 10:04:28,165 - position: [ 0.54871738 -1.05571067  1.47435474]
2026-01-20 10:04:28,407 - position: [ 0.54871738 -1.05571067  1.47435474]
2026-01-20 10:04:28,626 - position: [ 0.54871738 -1.05571067  1.47435474]
2026-01-20 10:04:28,885 - position: [ 0.54871738 -1.05571067  1.47435474]
2026-01-20 10:04:29,196 - position: [ 0.54871738 -1.05571067  1.47435474]
2026-01-20 10:04:29,399 - position: [ 0.54871738 -1.05571067  1.47435474]
2026-01-20 10:04:29,628 - position: [ 0.54871738 -1.05571067  1.47435474]
2026-01-20 10:04:29,855 - position: [ 0.54871738 -1.05571067  1.47435474]
2026-01-20 10:04:30,128 - position: [ 0.54871738 -1.05571067  1.47435474]
2026-01-20 10:04:30,336 - position: [ 0.54871738 -1.05571067  1.47435474]
2026-01-20 10:04:30,597 - position: [ 0.54871738 -1.05571067  1.47435474]
2026-01-20 10:04:30,854 - position: [ 0.54871738 -1.05571067  1.47435474]
2026-01-20 10:04:31,069 - position: [ 0.54871738 -1.05571067  1.47435474]
2026-01-20 10:04:31,271 - position: [ 0.54871738 -1.05571067  1.47435474]
2026-01-20 10:04:31,549 - position: [ 0.54871738 -1.05571067  1.47435474]
2026-01-20 10:04:31,801 - position: [ 0.54871738 -1.05571067  1.47435474]
2026-01-20 10:04:32,059 - position: [ 0.54871738 -1.05571067  1.47435474]
2026-01-20 10:04:32,326 - position: [ 0.54871738 -1.05571067  1.47435474]
2026-01-20 10:04:32,553 - position: [ 0.54871738 -1.05571067  1.47435474]
2026-01-20 10:04:32,821 - position: [ 0.54871738 -1.05571067  1.47435474]
2026-01-20 10:04:33,056 - position: [ 0.54871738 -1.05571067  1.47435474]
2026-01-20 10:04:33,262 - position: [ 0.54871738 -1.05571067  1.47435474]
2026-01-20 10:04:33,473 - position: [ 0.54871738 -1.05571067  1.47435474]
2026-01-20 10:04:33,754 - position: [ 0.54871738 -1.05571067  1.47435474]
2026-01-20 10:04:33,982 - position: [ 0.54871738 -1.05571067  1.47435474]
2026-01-20 10:04:34,212 - position: [ 0.54871738 -1.05571067  1.47435474]
2026-01-20 10:04:34,451 - position: [ 0.54871738 -1.05571067  1.47435474]
2026-01-20 10:04:34,693 - position: [ 0.54871738 -1.05571067  1.47435474]
2026-01-20 10:04:34,932 - position: [ 0.54871738 -1.05571067  1.47435474]
2026-01-20 10:04:35,222 - position: [ 0.54871738 -1.05571067  1.47435474]
2026-01-20 10:04:35,475 - position: [ 0.54871738 -1.05571067  1.47435474]
2026-01-20 10:04:35,691 - position: [ 0.54871738 -1.05571067  1.47435474]
2026-01-20 10:04:35,919 - position: [ 0.54871738 -1.05571067  1.47435474]
2026-01-20 10:04:36,138 - position: [ 0.54871738 -1.05571067  1.47435474]
2026-01-20 10:04:36,410 - position: [ 0.54871738 -1.05571067  1.47435474]
2026-01-20 10:04:36,648 - position: [ 0.54871738 -1.05571067  1.47435474]
2026-01-20 10:04:36,930 - position: [ 0.54871738 -1.05571067  1.47435474]
2026-01-20 10:04:37,167 - position: [ 0.54871738 -1.05571067  1.47435474]
2026-01-20 10:04:37,405 - position: [ 0.54871738 -1.05571067  1.47435474]
2026-01-20 10:04:37,654 - position: [ 0.54871738 -1.05571067  1.47435474]
2026-01-20 10:04:37,885 - position: [ 0.54871738 -1.05571067  1.47435474]
2026-01-20 10:04:38,116 - position: [ 0.54871738 -1.05571067  1.47435474]
2026-01-20 10:04:38,339 - position: [ 0.54871738 -1.05571067  1.47435474]
2026-01-20 10:04:38,584 - position: [ 0.54871738 -1.05571067  1.47435474]
2026-01-20 10:04:38,797 - position: [ 0.54871738 -1.05571067  1.47435474]
2026-01-20 10:04:39,090 - position: [ 0.54871738 -1.05571067  1.47435474]
2026-01-20 10:04:39,306 - position: [ 0.54871738 -1.05571067  1.47435474]
2026-01-20 10:04:39,527 - position: [ 0.54871738 -1.05571067  1.47435474]
2026-01-20 10:04:39,835 - position: [ 0.54871738 -1.05571067  1.47435474]
2026-01-20 10:04:40,062 - position: [ 0.54871738 -1.05571067  1.47435474]
2026-01-20 10:04:40,268 - position: [ 0.54871738 -1.05571067  1.47435474]
2026-01-20 10:04:40,516 - position: [ 0.54871738 -1.05571067  1.47435474]
2026-01-20 10:04:40,761 - position: [ 0.54871738 -1.05571067  1.47435474]
2026-01-20 10:04:40,989 - position: [ 0.54871738 -1.05571067  1.47435474]
2026-01-20 10:04:41,247 - position: [ 0.54871738 -1.05571067  1.47435474]
2026-01-20 10:04:41,473 - position: [ 0.54871738 -1.05571067  1.47435474]
2026-01-20 10:04:41,760 - position: [ 0.54871738 -1.05571067  1.47435474]
2026-01-20 10:04:41,996 - position: [ 0.54871738 -1.05571067  1.47435474]
2026-01-20 10:04:42,229 - position: [ 0.54871738 -1.05571067  1.47435474]
2026-01-20 10:04:42,451 - position: [ 0.54871738 -1.05571067  1.47435474]
2026-01-20 10:04:42,708 - position: [ 0.54871738 -1.05571067  1.47435474]
2026-01-20 10:04:42,947 - position: [ 0.54871738 -1.05571067  1.47435474]
2026-01-20 10:04:43,212 - position: [ 0.54871738 -1.05571067  1.47435474]
2026-01-20 10:04:43,465 - position: [ 0.54871738 -1.05571067  1.47435474]
2026-01-20 10:04:43,712 - position: [ 0.54871738 -1.05571067  1.47435474]
2026-01-20 10:04:43,977 - position: [ 0.54871738 -1.05571067  1.47435474]
2026-01-20 10:04:44,196 - position: [ 0.54871738 -1.05571067  1.47435474]
2026-01-20 10:04:44,410 - position: [ 0.54871738 -1.05571067  1.47435474]
2026-01-20 10:04:44,722 - position: [ 0.54871738 -1.05571067  1.47435474]
2026-01-20 10:04:44,951 - position: [ 0.54871738 -1.05571067  1.47435474]
2026-01-20 10:04:45,213 - position: [ 0.54871738 -1.05571067  1.47435474]
2026-01-20 10:04:45,469 - position: [ 0.54871738 -1.05571067  1.47435474]
2026-01-20 10:04:45,740 - position: [ 0.54871738 -1.05571067  1.47435474]
2026-01-20 10:04:45,992 - position: [ 0.54871738 -1.05571067  1.47435474]
2026-01-20 10:04:46,209 - position: [ 0.54871738 -1.05571067  1.47435474]
2026-01-20 10:04:46,531 - position: [ 0.54871738 -1.05571067  1.47435474]
2026-01-20 10:04:46,787 - position: [ 0.54871738 -1.05571067  1.47435474]
2026-01-20 10:04:46,997 - position: [ 0.54871738 -1.05571067  1.47435474]
2026-01-20 10:04:47,230 - position: [ 0.54871738 -1.05571067  1.47435474]
2026-01-20 10:04:47,460 - position: [ 0.54871738 -1.05571067  1.47435474]
2026-01-20 10:04:47,745 - position: [ 0.54871738 -1.05571067  1.47435474]
2026-01-20 10:04:47,992 - position: [ 0.54871738 -1.05571067  1.47435474]
2026-01-20 10:04:48,274 - position: [ 0.54871738 -1.05571067  1.47435474]
2026-01-20 10:04:48,508 - position: [ 0.54871738 -1.05571067  1.47435474]
2026-01-20 10:04:48,740 - position: [ 0.54871738 -1.05571067  1.47435474]
2026-01-20 10:04:48,961 - position: [ 0.54871738 -1.05571067  1.47435474]
2026-01-20 10:04:49,173 - position: [ 0.54871738 -1.05571067  1.47435474]
2026-01-20 10:04:49,382 - position: [ 0.54871738 -1.05571067  1.47435474]
2026-01-20 10:04:49,596 - position: [ 0.54871738 -1.05571067  1.47435474]
2026-01-20 10:04:49,845 - position: [ 0.54871738 -1.05571067  1.47435474]
2026-01-20 10:04:50,076 - position: [ 0.54871738 -1.05571067  1.47435474]
2026-01-20 10:04:50,386 - position: [ 0.54871738 -1.05571067  1.47435474]
2026-01-20 10:04:50,649 - position: [ 0.54871738 -1.05571067  1.47435474]
2026-01-20 10:04:50,915 - position: [ 0.54871738 -1.05571067  1.47435474]
2026-01-20 10:04:51,157 - position: [ 0.54871738 -1.05571067  1.47435474]
2026-01-20 10:04:51,386 - position: [ 0.54871738 -1.05571067  1.47435474]
2026-01-20 10:04:51,642 - position: [ 0.54871738 -1.05571067  1.47435474]
2026-01-20 10:04:51,873 - position: [ 0.54871738 -1.05571067  1.47435474]
2026-01-20 10:04:52,135 - position: [ 0.54871738 -1.05571067  1.47435474]
2026-01-20 10:04:52,386 - position: [ 0.54871738 -1.05571067  1.47435474]
2026-01-20 10:04:52,629 - position: [ 0.54871738 -1.05571067  1.47435474]
2026-01-20 10:04:52,862 - position: [ 0.54871738 -1.05571067  1.47435474]
2026-01-20 10:04:53,082 - position: [ 0.54871738 -1.05571067  1.47435474]
2026-01-20 10:04:53,325 - position: [ 0.54871738 -1.05571067  1.47435474]
2026-01-20 10:04:53,574 - position: [ 0.54871738 -1.05571067  1.47435474]
2026-01-20 10:04:53,794 - position: [ 0.54871738 -1.05571067  1.47435474]
2026-01-20 10:04:54,083 - position: [ 0.54871738 -1.05571067  1.47435474]
2026-01-20 10:04:54,315 - position: [ 0.54871738 -1.05571067  1.47435474]
2026-01-20 10:04:54,543 - position: [ 0.54871738 -1.05571067  1.47435474]
2026-01-20 10:04:54,844 - position: [ 0.54871738 -1.05571067  1.47435474]
2026-01-20 10:04:55,053 - position: [ 0.54871738 -1.05571067  1.47435474]
2026-01-20 10:04:55,287 - position: [ 0.54871738 -1.05571067  1.47435474]
2026-01-20 10:04:55,509 - position: [ 0.54871738 -1.05571067  1.47435474]
2026-01-20 10:04:55,731 - position: [ 0.54871738 -1.05571067  1.47435474]
2026-01-20 10:04:55,958 - position: [ 0.54871738 -1.05571067  1.47435474]
2026-01-20 10:04:56,238 - position: [ 0.54871738 -1.05571067  1.47435474]
2026-01-20 10:04:56,474 - position: [ 0.54871738 -1.05571067  1.47435474]
2026-01-20 10:04:56,679 - position: [ 0.54871738 -1.05571067  1.47435474]
2026-01-20 10:04:56,915 - position: [ 0.54871738 -1.05571067  1.47435474]
2026-01-20 10:04:57,134 - position: [ 0.33917791 -1.30029583  0.796094  ]
2026-01-20 10:04:57,336 - position: [ 0.33917791 -1.30029583  0.796094  ]
2026-01-20 10:04:57,572 - position: [ 0.33917791 -1.30029583  0.796094  ]
2026-01-20 10:04:57,843 - position: [ 0.33917791 -1.30029583  0.796094  ]
2026-01-20 10:04:58,081 - position: [ 0.32896805 -1.2895546   0.79202312]
2026-01-20 10:04:58,395 - position: [ 0.32896805 -1.2895546   0.79202312]
2026-01-20 10:04:58,684 - position: [ 0.32896805 -1.2895546   0.79202312]
2026-01-20 10:04:58,929 - position: [ 0.32896805 -1.2895546   0.79202312]
2026-01-20 10:04:59,159 - position: [ 0.32896805 -1.2895546   0.79202312]
2026-01-20 10:04:59,453 - position: [ 0.32896805 -1.2895546   0.79202312]
2026-01-20 10:04:59,684 - position: [ 0.32896805 -1.2895546   0.79202312]
2026-01-20 10:04:59,949 - position: [ 0.32896805 -1.2895546   0.79202312]
2026-01-20 10:05:00,169 - position: [ 0.32896805 -1.2895546   0.79202312]
2026-01-20 10:05:00,499 - position: [ 0.32896805 -1.2895546   0.79202312]
2026-01-20 10:05:00,799 - position: [ 0.32896805 -1.2895546   0.79202312]
2026-01-20 10:05:01,106 - position: [ 0.32896805 -1.2895546   0.79202312]
2026-01-20 10:05:01,334 - position: [ 0.32896805 -1.2895546   0.79202312]
2026-01-20 10:05:01,579 - position: [ 0.32896805 -1.2895546   0.79202312]
2026-01-20 10:05:01,859 - position: [ 0.32896805 -1.2895546   0.79202312]
2026-01-20 10:05:02,073 - position: [ 0.32896805 -1.2895546   0.79202312]
2026-01-20 10:05:02,344 - position: [ 0.32896805 -1.2895546   0.79202312]
2026-01-20 10:05:02,600 - position: [ 0.32896805 -1.2895546   0.79202312]
2026-01-20 10:05:02,807 - position: [ 0.32896805 -1.2895546   0.79202312]
2026-01-20 10:05:03,019 - position: [ 0.32896805 -1.2895546   0.79202312]
2026-01-20 10:05:03,236 - position: [ 0.32896805 -1.2895546   0.79202312]
2026-01-20 10:05:03,485 - position: [ 0.32896805 -1.2895546   0.79202312]
2026-01-20 10:05:03,733 - position: [ 0.32896805 -1.2895546   0.79202312]
2026-01-20 10:05:03,939 - position: [ 0.32896805 -1.2895546   0.79202312]
2026-01-20 10:05:04,218 - position: [ 0.32896805 -1.2895546   0.79202312]
2026-01-20 10:05:04,445 - position: [ 0.32896805 -1.2895546   0.79202312]
2026-01-20 10:05:04,667 - position: [ 0.32896805 -1.2895546   0.79202312]
2026-01-20 10:05:04,933 - position: [ 0.32896805 -1.2895546   0.79202312]
2026-01-20 10:05:05,229 - position: [ 0.32896805 -1.2895546   0.79202312]
2026-01-20 10:05:05,467 - position: [ 0.32896805 -1.2895546   0.79202312]
2026-01-20 10:05:05,714 - position: [ 0.32896805 -1.2895546   0.79202312]
2026-01-20 10:05:05,977 - position: [ 0.32896805 -1.2895546   0.79202312]
2026-01-20 10:05:06,298 - position: [ 0.32896805 -1.2895546   0.79202312]
2026-01-20 10:05:06,546 - position: [ 0.32896805 -1.2895546   0.79202312]
2026-01-20 10:05:06,801 - position: [ 0.32896805 -1.2895546   0.79202312]
2026-01-20 10:05:07,064 - position: [ 0.32896805 -1.2895546   0.79202312]
2026-01-20 10:05:07,337 - position: [ 0.32896805 -1.2895546   0.79202312]
2026-01-20 10:05:07,600 - position: [ 0.32896805 -1.2895546   0.79202312]
2026-01-20 10:05:07,857 - position: [ 0.32896805 -1.2895546   0.79202312]
2026-01-20 10:05:08,141 - position: [ 0.32896805 -1.2895546   0.79202312]
2026-01-20 10:05:08,377 - position: [ 0.32896805 -1.2895546   0.79202312]
2026-01-20 10:05:08,590 - position: [ 0.3361508  -1.30672085  0.78731132]
2026-01-20 10:05:08,820 - position: [ 0.33630404 -1.30648196  0.7872988 ]
2026-01-20 10:05:09,038 - position: [ 0.33630404 -1.30648196  0.7872988 ]
2026-01-20 10:05:09,267 - position: [ 0.33630404 -1.30648196  0.7872988 ]
2026-01-20 10:05:09,508 - position: [ 0.33630404 -1.30648196  0.7872988 ]
2026-01-20 10:05:09,746 - position: [ 0.33630404 -1.30648196  0.7872988 ]
2026-01-20 10:05:10,017 - position: [ 0.33630404 -1.30648196  0.7872988 ]
2026-01-20 10:05:10,279 - position: [ 0.33630404 -1.30648196  0.7872988 ]
2026-01-20 10:05:10,576 - position: [ 0.32341281 -1.31596398  0.7849896 ]
2026-01-20 10:05:10,801 - position: [ 0.32225668 -1.31801736  0.78421646]
2026-01-20 10:05:11,029 - position: [ 0.32686681 -1.32265306  0.78387088]
2026-01-20 10:05:11,288 - position: [ 0.32686681 -1.32265306  0.78387088]
2026-01-20 10:05:11,503 - position: [ 0.32686681 -1.32265306  0.78387088]
2026-01-20 10:05:11,726 - position: [ 0.32686681 -1.32265306  0.78387088]
2026-01-20 10:05:11,971 - position: [ 0.32686681 -1.32265306  0.78387088]
2026-01-20 10:05:12,219 - position: [ 0.32686681 -1.32265306  0.78387088]
2026-01-20 10:05:12,438 - position: [ 0.32686681 -1.32265306  0.78387088]
2026-01-20 10:05:12,677 - position: [ 0.32686681 -1.32265306  0.78387088]
2026-01-20 10:05:12,922 - position: [ 0.32686681 -1.32265306  0.78387088]
2026-01-20 10:05:13,152 - position: [ 0.32686681 -1.32265306  0.78387088]
2026-01-20 10:05:13,401 - position: [ 0.32686681 -1.32265306  0.78387088]
2026-01-20 10:05:13,696 - position: [ 0.32686681 -1.32265306  0.78387088]
2026-01-20 10:05:13,938 - position: [ 0.32686681 -1.32265306  0.78387088]
2026-01-20 10:05:14,229 - position: [ 0.32686681 -1.32265306  0.78387088]
2026-01-20 10:05:14,509 - position: [ 0.32686681 -1.32265306  0.78387088]
2026-01-20 10:05:14,756 - position: [ 0.32686681 -1.32265306  0.78387088]
2026-01-20 10:05:14,994 - position: [ 0.32686681 -1.32265306  0.78387088]
2026-01-20 10:05:15,234 - position: [ 0.32686681 -1.32265306  0.78387088]
2026-01-20 10:05:15,459 - position: [ 0.32686681 -1.32265306  0.78387088]
2026-01-20 10:05:15,676 - position: [ 0.32686681 -1.32265306  0.78387088]
2026-01-20 10:05:15,923 - position: [ 0.32686681 -1.32265306  0.78387088]
