2026-01-20 10:18:46,815 - position: [ 0.1042956  -0.14604537  0.94330323] - angle: -1.5993217453321922
2026-01-20 10:18:47,068 - position: [ 0.10452351 -0.14439079  0.94655949] - angle: -1.600312052410846
2026-01-20 10:18:47,332 - position: [ 0.10529931 -0.14223698  0.94860965] - angle: -1.5988724206928344
2026-01-20 10:18:47,590 - position: [ 0.10805296 -0.14143099  0.94881797] - angle: -1.5992525609335475
2026-01-20 10:18:47,829 - position: [ 0.10981865 -0.14315011  0.94702154] - angle: -1.5994269291686347
2026-01-20 10:18:48,065 - position: [ 0.11128669 -0.14518623  0.94431281] - angle: -1.5987963799915619
2026-01-20 10:18:48,273 - position: [ 0.11158606 -0.14602037  0.94306922] - angle: -1.5989720835487224
2026-01-20 10:18:48,520 - position: [ 0.1115759  -0.14638154  0.94225407] - angle: -1.5988831042443703
2026-01-20 10:18:48,742 - position: [ 0.11137621 -0.14642324  0.94143331] - angle: -1.5990031554063577
2026-01-20 10:18:48,965 - position: [ 0.110662   -0.14452341  0.94124132] - angle: -1.5979612933867848
2026-01-20 10:18:49,176 - position: [ 0.11043376 -0.14352657  0.94324028] - angle: -1.597783679484043
2026-01-20 10:18:49,414 - position: [ 0.10731913 -0.14676812  0.97201842] - angle: -1.598441602761497
2026-01-20 10:18:49,674 - position: [ 0.10676652 -0.15090726  0.98004639] - angle: -1.59788010122361
2026-01-20 10:18:49,905 - position: [ 0.10653348 -0.15692145  0.98629272] - angle: -1.5980015361251274
2026-01-20 10:18:50,153 - position: [ 0.1067351  -0.16021328  0.98797101] - angle: -1.5982535388634638
2026-01-20 10:18:50,413 - position: [ 0.10793972 -0.16637057  0.98767096] - angle: -1.5987539026183057
2026-01-20 10:18:50,683 - position: [ 0.10980669 -0.17061502  0.98536927] - angle: -1.597908550025534
2026-01-20 10:18:50,943 - position: [ 0.11181458 -0.17375705  0.98191917] - angle: -1.5986073367043927
2026-01-20 10:18:51,178 - position: [ 0.11324217 -0.17621379  0.97840703] - angle: -1.5984028140167164
2026-01-20 10:18:51,404 - position: [ 0.11395931 -0.17941949  0.97091001] - angle: -1.5976883542126235
2026-01-20 10:18:51,666 - position: [ 0.11466084 -0.18130329  0.96676612] - angle: -1.5975942142877066
2026-01-20 10:18:51,940 - position: [ 0.11525926 -0.18312038  0.96365219] - angle: -1.5976160548035008
2026-01-20 10:18:52,154 - position: [ 0.11525773 -0.18513715  0.96040958] - angle: -1.5963083567676275
2026-01-20 10:18:52,390 - position: [ 0.11526979 -0.18522905  0.96023387] - angle: -1.596164086415227
2026-01-20 10:18:52,617 - position: [ 0.11462463 -0.18548037  0.9560557 ] - angle: -1.5968619433194498
2026-01-20 10:18:52,870 - position: [ 0.11417731 -0.18563567  0.95449704] - angle: -1.5973593340773684
2026-01-20 10:18:53,083 - position: [ 0.11325881 -0.18583013  0.9523145 ] - angle: -1.5963575451063257
2026-01-20 10:18:53,304 - position: [ 0.11325881 -0.18583013  0.9523145 ] - angle: -1.5963575451063257
2026-01-20 10:18:53,624 - position: [ 0.11056018 -0.18686147  0.95112216] - angle: -1.5964101214152375
2026-01-20 10:18:53,846 - position: [ 0.10943826 -0.1882558   0.95147991] - angle: -1.5966642709476817
2026-01-20 10:18:54,102 - position: [ 0.10890934 -0.19256969  0.95258015] - angle: -1.5951754049775548
2026-01-20 10:18:54,338 - position: [ 0.10784503 -0.19581752  0.95392239] - angle: -1.5958338716641087
2026-01-20 10:18:54,556 - position: [ 0.1072256  -0.19784455  0.95446396] - angle: -1.5954446735121621
2026-01-20 10:18:54,774 - position: [ 0.1067358 -0.2022218  0.9544155] - angle: -1.5953557056367709
2026-01-20 10:18:55,007 - position: [ 0.10721815 -0.20589325  0.95276368] - angle: -1.5952724406344858
2026-01-20 10:18:55,265 - position: [ 0.10732684 -0.20855103  0.94996279] - angle: -1.5947195465898831
2026-01-20 10:18:55,494 - position: [ 0.10690295 -0.21015176  0.94796413] - angle: -1.5945393639196404
2026-01-20 10:18:55,733 - position: [ 0.10600002 -0.21239047  0.94544131] - angle: -1.5943048610038382
2026-01-20 10:18:55,955 - position: [ 0.10570581 -0.21353059  0.94359607] - angle: -1.5944477759329647
2026-01-20 10:18:56,203 - position: [ 0.10572671 -0.2136157   0.94344509] - angle: -1.5945809966533506
2026-01-20 10:18:56,409 - position: [ 0.10681339 -0.21342756  0.94082385] - angle: -1.5940411290547551
2026-01-20 10:18:56,669 - position: [ 0.10655141 -0.21337144  0.94086349] - angle: -1.5940668475237931
2026-01-20 10:18:56,892 - position: [ 0.10642906 -0.21353272  0.94092941] - angle: -1.5940052462523226
2026-01-20 10:18:57,257 - position: [ 0.10700443 -0.21717963  0.93903816] - angle: -1.593966626019233
2026-01-20 10:18:57,480 - position: [ 0.10697105 -0.21980429  0.93756092] - angle: -1.5941270367242897
2026-01-20 10:18:57,896 - position: [ 0.10696284 -0.22203857  0.93631297] - angle: -1.5935940009818683
2026-01-20 10:18:58,163 - position: [ 0.10728788 -0.23097923  0.93274194] - angle: -1.5939929418675653
2026-01-20 10:18:58,407 - position: [ 0.10516274 -0.24086015  0.93048668] - angle: -1.59497109262088
2026-01-20 10:18:58,622 - position: [ 0.10112072 -0.25019515  0.93124038] - angle: -1.5936657203517637
2026-01-20 10:18:58,864 - position: [ 0.09957912 -0.25436026  0.93484795] - angle: -1.593583086762612
2026-01-20 10:18:59,122 - position: [ 0.09775625 -0.25794458  0.93990999] - angle: -1.5931429509067474
2026-01-20 10:18:59,360 - position: [ 0.09748816 -0.25843379  0.94057536] - angle: -1.5932173205535385
2026-01-20 10:18:59,573 - position: [ 0.09604112 -0.26114923  0.94373149] - angle: -1.5931571545394432
2026-01-20 10:18:59,850 - position: [ 0.09503163 -0.26315042  0.94568479] - angle: -1.5922719588102012
2026-01-20 10:19:00,051 - position: [ 0.09337868 -0.26452976  0.94706637] - angle: -1.5916354356042453
2026-01-20 10:19:00,281 - position: [ 0.09277549 -0.26354611  0.94740975] - angle: -1.5906410969072606
2026-01-20 10:19:00,505 - position: [ 0.09231478 -0.26120901  0.94775546] - angle: -1.591370572620721
2026-01-20 10:19:00,737 - position: [ 0.09279256 -0.25890195  0.94818383] - angle: -1.590484424344063
2026-01-20 10:19:00,964 - position: [ 0.09322976 -0.25750959  0.94832218] - angle: -1.590541134212919
2026-01-20 10:19:01,296 - position: [ 0.09434754 -0.25505152  0.94852608] - angle: -1.5906113422196952
2026-01-20 10:19:01,547 - position: [ 0.09465495 -0.25619826  0.94848728] - angle: -1.5903639670262901
2026-01-20 10:19:01,761 - position: [ 0.09452641 -0.25771815  0.94837588] - angle: -1.5891945751097047
2026-01-20 10:19:01,996 - position: [ 0.09458165 -0.25997162  0.9474411 ] - angle: -1.5898275496307175
2026-01-20 10:19:02,201 - position: [ 0.0947329  -0.2603263   0.94705915] - angle: -1.5899866444452204
2026-01-20 10:19:02,468 - position: [ 0.09493607 -0.2608543   0.94587463] - angle: -1.5893431424259559
2026-01-20 10:19:02,721 - position: [ 0.09454781 -0.2616671   0.94493145] - angle: -1.5891643579125336
2026-01-20 10:19:02,970 - position: [ 0.09407078 -0.26449758  0.94297433] - angle: -1.5885846525040428
2026-01-20 10:19:03,199 - position: [ 0.09409497 -0.26532203  0.94238991] - angle: -1.5885151784798008
2026-01-20 10:19:03,408 - position: [ 0.09537084 -0.26856911  0.94015872] - angle: -1.5888961742221923
2026-01-20 10:19:03,653 - position: [ 0.096425   -0.269741    0.93915939] - angle: -1.5887212656697667
2026-01-20 10:19:03,872 - position: [ 0.096425   -0.269741    0.93915939] - angle: -1.5887212656697667
2026-01-20 10:19:04,114 - position: [ 0.09895332 -0.27209383  0.93585002] - angle: -1.5876228418562377
2026-01-20 10:19:04,334 - position: [ 0.09927475 -0.27187461  0.93558705] - angle: -1.5876055881532132
2026-01-20 10:19:04,578 - position: [ 0.09940827 -0.27166283  0.93540519] - angle: -1.5880165498171461
2026-01-20 10:19:04,817 - position: [ 0.09804198 -0.2693356   0.93435717] - angle: -1.5871410501950116
2026-01-20 10:19:05,095 - position: [ 0.09756146 -0.26917973  0.93248254] - angle: -1.5866735270352663
2026-01-20 10:19:05,319 - position: [ 0.0971429  -0.26832697  0.9309001 ] - angle: -1.586765125401116
2026-01-20 10:19:05,533 - position: [ 0.09676321 -0.2684916   0.92985809] - angle: -1.5864579273743526
2026-01-20 10:19:05,767 - position: [ 0.09652846 -0.26863617  0.92928272] - angle: -1.5863340305827416
2026-01-20 10:19:06,008 - position: [ 0.09638759 -0.26872265  0.9255603 ] - angle: -1.5863857930291516
2026-01-20 10:19:06,248 - position: [ 0.09707635 -0.26770133  0.92496109] - angle: -1.5864886000428031
2026-01-20 10:19:06,471 - position: [ 0.09742223 -0.26722813  0.92477876] - angle: -1.586176234560142
2026-01-20 10:19:06,750 - position: [ 0.10292067 -0.25917122  0.92540908] - angle: -1.5852328575511496
2026-01-20 10:19:07,008 - position: [ 0.10300537 -0.25897691  0.9256525 ] - angle: -1.5849541112530119
2026-01-20 10:19:07,223 - position: [ 0.10404459 -0.2591739   0.92702544] - angle: -1.585742258040451
2026-01-20 10:19:07,468 - position: [ 0.10476191 -0.26098883  0.92794365] - angle: -1.5852023356476312
2026-01-20 10:19:07,685 - position: [ 0.10426482 -0.26544824  0.93008333] - angle: -1.5840181910055238
2026-01-20 10:19:07,932 - position: [ 0.10162529 -0.27053219  0.93335891] - angle: -1.5843165413265252
2026-01-20 10:19:08,233 - position: [ 0.09910645 -0.2745795   0.93644124] - angle: -1.5844821086342744
2026-01-20 10:19:08,558 - position: [ 0.09801719 -0.27773869  0.93865043] - angle: -1.5839426264839318
2026-01-20 10:19:08,774 - position: [ 0.09797516 -0.2819204   0.94025171] - angle: -1.584544299052677
2026-01-20 10:19:08,992 - position: [ 0.09836365 -0.28478071  0.94017541] - angle: -1.5836267894947493
2026-01-20 10:19:09,324 - position: [ 0.10023912 -0.2904928   0.93949914] - angle: -1.5830814131799062
2026-01-20 10:19:09,531 - position: [ 0.10234579 -0.2926189   0.93780494] - angle: -1.582490125130751
2026-01-20 10:19:09,740 - position: [ 0.10273851 -0.29239026  0.9372654 ] - angle: -1.582277059485535
2026-01-20 10:19:09,968 - position: [ 0.10318352 -0.29117364  0.93630791] - angle: -1.5824806575138757
2026-01-20 10:19:10,227 - position: [ 0.10336412 -0.29051045  0.93557101] - angle: -1.5818734283565945
2026-01-20 10:19:10,473 - position: [ 0.1033625  -0.28983137  0.93468291] - angle: -1.581750318412647
2026-01-20 10:19:10,747 - position: [ 0.10157125 -0.28642005  0.92968357] - angle: -1.5806163730043554
2026-01-20 10:19:10,996 - position: [ 0.09951242 -0.28297257  0.92127424] - angle: -1.5804755347746475
2026-01-20 10:19:11,217 - position: [ 0.0985271  -0.28003943  0.91925007] - angle: -1.5801604817179253
2026-01-20 10:19:11,489 - position: [ 0.09815057 -0.27820912  0.91765261] - angle: -1.579196332751267
2026-01-20 10:19:11,796 - position: [ 0.0984785  -0.27778602  0.91517937] - angle: -1.5787480617103258
2026-01-20 10:19:11,999 - position: [ 0.09857466 -0.27804607  0.91465265] - angle: -1.5787402912825605
2026-01-20 10:19:12,225 - position: [ 0.09857466 -0.27804607  0.91465265] - angle: -1.5787402912825605
2026-01-20 10:19:12,467 - position: [ 0.09884984 -0.27914435  0.91314888] - angle: -1.5791115941760072
2026-01-20 10:19:12,789 - position: [ 0.09889729 -0.28666019  0.9087196 ] - angle: -1.5783115619601276
2026-01-20 10:19:13,021 - position: [ 0.09803168 -0.28863502  0.9083696 ] - angle: -1.5785580082711812
2026-01-20 10:19:13,244 - position: [ 0.09742388 -0.29011098  0.9082731 ] - angle: -1.5780768142617152
2026-01-20 10:19:13,512 - position: [ 0.09715971 -0.29647568  0.90861356] - angle: -1.577622150498799
2026-01-20 10:19:13,747 - position: [ 0.09902657 -0.3116034   0.91021699] - angle: -1.5772965223957307
2026-01-20 10:19:14,017 - position: [ 0.09914829 -0.31419918  0.90954721] - angle: -1.5768926904394363
2026-01-20 10:19:14,276 - position: [ 0.0984584  -0.31590903  0.90846908] - angle: -1.5772864341158321
2026-01-20 10:19:14,508 - position: [ 0.0976581  -0.31708798  0.90625077] - angle: -1.5767760506786512
2026-01-20 10:19:14,726 - position: [ 0.09789252 -0.31663853  0.90117437] - angle: -1.576434845530157
2026-01-20 10:19:14,946 - position: [ 0.09813577 -0.31590888  0.89935553] - angle: -1.5759991839036473
2026-01-20 10:19:15,160 - position: [ 0.09826016 -0.31545857  0.89840031] - angle: -1.5759069340620142
2026-01-20 10:19:15,382 - position: [ 0.09814374 -0.31465358  0.89688718] - angle: -1.5759387177134503
2026-01-20 10:19:15,607 - position: [ 0.09784573 -0.31460875  0.89702868] - angle: -1.5758880475477692
2026-01-20 10:19:15,866 - position: [ 0.09579258 -0.31416595  0.89907801] - angle: -1.575843083414716
2026-01-20 10:19:16,120 - position: [ 0.09516083 -0.31350639  0.90072894] - angle: -1.5752472838624403
2026-01-20 10:19:16,379 - position: [ 0.09610023 -0.31048882  0.90919071] - angle: -1.57480774635121
2026-01-20 10:19:16,622 - position: [ 0.09611177 -0.31043461  0.90940613] - angle: -1.5748025615977914
2026-01-20 10:19:16,900 - position: [ 0.09577905 -0.31026709  0.92036575] - angle: -1.5739245397811832
2026-01-20 10:19:17,157 - position: [ 0.09472957 -0.311564    0.92313236] - angle: -1.57398782813811
2026-01-20 10:19:17,407 - position: [ 0.0932309  -0.31348905  0.92504835] - angle: -1.5740446678099564
2026-01-20 10:19:17,654 - position: [ 0.0932309  -0.31348905  0.92504835] - angle: -1.5740446678099564
2026-01-20 10:19:17,893 - position: [ 0.0907477  -0.31743726  0.92789572] - angle: -1.5740225690196628
2026-01-20 10:19:18,118 - position: [ 0.08755857 -0.32204896  0.93337798] - angle: -1.5738283467733751
2026-01-20 10:19:18,341 - position: [ 0.08734336 -0.32235464  0.93403757] - angle: -1.5737422081225185
2026-01-20 10:19:18,615 - position: [ 0.08672052 -0.32333302  0.93574578] - angle: -1.5739123613964185
2026-01-20 10:19:18,828 - position: [ 0.08667851 -0.32378289  0.9382515 ] - angle: -1.5728292557046366
2026-01-20 10:19:19,084 - position: [ 0.08678269 -0.32370356  0.93856138] - angle: -1.572954466467932
2026-01-20 10:19:19,351 - position: [ 0.08514229 -0.31959921  0.93820822] - angle: -1.5721843382696363
2026-01-20 10:19:19,579 - position: [ 0.08504907 -0.3193534   0.93810093] - angle: -1.5724670409602712
2026-01-20 10:19:19,813 - position: [ 0.08268832 -0.31182465  0.93580282] - angle: -1.5712903560264557
2026-01-20 10:19:20,063 - position: [ 0.08139174 -0.3023583   0.93244624] - angle: -1.5710874051434196
2026-01-20 10:19:20,297 - position: [ 0.08244503 -0.29813257  0.93069476] - angle: -1.5717889460483896
2026-01-20 10:19:20,512 - position: [ 0.08335235 -0.29558524  0.92919677] - angle: -1.5706477196887305
2026-01-20 10:19:20,759 - position: [ 0.08373447 -0.29348162  0.92770982] - angle: -1.571237286203024
2026-01-20 10:19:20,975 - position: [ 0.08355143 -0.29068363  0.92574853] - angle: -1.5702217450013225
2026-01-20 10:19:21,216 - position: [ 0.0825335  -0.2838335   0.92126298] - angle: -1.5693034912983004
2026-01-20 10:19:21,450 - position: [ 0.08185645 -0.27857262  0.91758454] - angle: -1.5687195291747944
2026-01-20 10:19:21,679 - position: [ 0.08177723 -0.27800152  0.91718894] - angle: -1.5685496470354705
2026-01-20 10:19:21,910 - position: [ 0.08234334 -0.26876807  0.90949517] - angle: -1.5688405388957731
2026-01-20 10:19:22,188 - position: [ 0.08553332 -0.26048055  0.90624863] - angle: -1.5680655071459655
2026-01-20 10:19:22,583 - position: [ 0.08602689 -0.25418669  0.90715647] - angle: -1.5679842410238893
2026-01-20 10:19:22,843 - position: [ 0.08633486 -0.24729484  0.90479505] - angle: -1.5674971563959499
2026-01-20 10:19:23,093 - position: [ 0.08641787 -0.24543506  0.9028002 ] - angle: -1.5675281468093436
2026-01-20 10:19:23,344 - position: [ 0.08658211 -0.24510711  0.90260339] - angle: -1.567807760979398
2026-01-20 10:19:23,587 - position: [ 0.08877851 -0.24104501  0.90525895] - angle: -1.5683704442507227
2026-01-20 10:19:23,845 - position: [ 0.09003222 -0.24029233  0.9081862 ] - angle: -1.5683251533047637
2026-01-20 10:19:24,070 - position: [ 0.09486539 -0.23880234  0.92244095] - angle: -1.567700402950805
2026-01-20 10:19:24,370 - position: [ 0.09577546 -0.23864418  0.92697978] - angle: -1.5674801429930785
2026-01-20 10:19:24,573 - position: [ 0.09590866 -0.23860317  0.9308148 ] - angle: -1.5671239803362265
2026-01-20 10:19:24,784 - position: [ 0.09571625 -0.23810989  0.93312109] - angle: -1.5667337500998921
2026-01-20 10:19:25,019 - position: [ 0.09588084 -0.23801717  0.93357921] - angle: -1.5669108334262902
2026-01-20 10:19:25,251 - position: [ 0.09610679 -0.23734637  0.9345907 ] - angle: -1.5670099240324218
2026-01-20 10:19:25,517 - position: [ 0.0959226  -0.23646216  0.93558413] - angle: -1.5670777424968558
2026-01-20 10:19:25,800 - position: [ 0.09588214 -0.23621695  0.9359082 ] - angle: -1.567412842515934
2026-01-20 10:19:26,040 - position: [ 0.09244122 -0.2348401   0.95687801] - angle: -1.5676146440244985
2026-01-20 10:19:26,266 - position: [ 0.09272306 -0.23625684  0.9658134 ] - angle: -1.5670264016544322
2026-01-20 10:19:26,497 - position: [ 0.09309879 -0.23661831  0.96806955] - angle: -1.566986763168174
2026-01-20 10:19:26,744 - position: [ 0.0941631  -0.23757902  0.97402191] - angle: -1.5666571925036412
2026-01-20 10:19:27,022 - position: [ 0.09515586 -0.23924389  0.97724491] - angle: -1.566334386827708
2026-01-20 10:19:27,243 - position: [ 0.09514621 -0.24084269  0.97661293] - angle: -1.566290613152944
2026-01-20 10:19:27,479 - position: [ 0.09527868 -0.24148621  0.97602904] - angle: -1.5662909520586443
2026-01-20 10:19:27,736 - position: [ 0.0956142  -0.24440099  0.96846879] - angle: -1.567223520781623
2026-01-20 10:19:27,976 - position: [ 0.09429735 -0.24386998  0.96272337] - angle: -1.566684488437387
2026-01-20 10:19:28,230 - position: [ 0.0922476  -0.24359958  0.95406866] - angle: -1.5672302853627365
2026-01-20 10:19:28,473 - position: [ 0.09052418 -0.24386193  0.94785529] - angle: -1.5665376841473306
2026-01-20 10:19:28,715 - position: [ 0.08848192 -0.24449627  0.93994796] - angle: -1.5670409295480705
2026-01-20 10:19:28,964 - position: [ 0.08814746 -0.24462219  0.93911254] - angle: -1.5665540706077836
2026-01-20 10:19:29,171 - position: [ 0.08649901 -0.24556428  0.93480396] - angle: -1.5662363608824128
2026-01-20 10:19:29,432 - position: [ 0.08598691 -0.24746485  0.93258053] - angle: -1.565958518858273
2026-01-20 10:19:29,681 - position: [ 0.08598691 -0.24746485  0.93258053] - angle: -1.565958518858273
2026-01-20 10:19:29,902 - position: [ 0.08598691 -0.24746485  0.93258053] - angle: -1.565958518858273
2026-01-20 10:19:30,120 - position: [ 0.08511286 -0.25171003  0.93783695] - angle: -1.564679163099636
2026-01-20 10:19:30,358 - position: [ 0.08519976 -0.25154647  0.93905354] - angle: -1.5647042599189112
2026-01-20 10:19:30,747 - position: [ 0.08672091 -0.24887827  0.952142  ] - angle: -1.5629440444029363
2026-01-20 10:19:30,959 - position: [ 0.08609942 -0.24672188  0.95378989] - angle: -1.562566682531032
2026-01-20 10:19:31,179 - position: [ 0.08491255 -0.24427788  0.95383453] - angle: -1.5615436962018667
2026-01-20 10:19:31,395 - position: [ 0.08354838 -0.24147284  0.95303488] - angle: -1.5609917736618315
2026-01-20 10:19:31,672 - position: [ 0.08228122 -0.23944692  0.95188612] - angle: -1.5618875702760437
2026-01-20 10:19:31,916 - position: [ 0.07936299 -0.23473789  0.94874251] - angle: -1.562185584101694
2026-01-20 10:19:32,143 - position: [ 0.07871149 -0.22830027  0.94213498] - angle: -1.560804408831642
2026-01-20 10:19:32,428 - position: [ 0.08037622 -0.23075539  0.94064385] - angle: -1.55920164819383
2026-01-20 10:19:32,714 - position: [ 0.08178845 -0.23401849  0.94164085] - angle: -1.558678684315288
2026-01-20 10:19:32,970 - position: [ 0.08191481 -0.23692697  0.9442234 ] - angle: -1.5587221274796907
2026-01-20 10:19:33,214 - position: [ 0.08146331 -0.23787001  0.94609779] - angle: -1.5582692983007025
2026-01-20 10:19:33,429 - position: [ 0.08089555 -0.23800777  0.94809598] - angle: -1.5575791557365144
2026-01-20 10:19:33,649 - position: [ 0.08058423 -0.23794027  0.94915676] - angle: -1.5571428132652434
2026-01-20 10:19:33,894 - position: [ 0.08024102 -0.23780526  0.95099521] - angle: -1.557203872295244
2026-01-20 10:19:34,096 - position: [ 0.07990164 -0.23759565  0.95394045] - angle: -1.5576239681091955
2026-01-20 10:19:34,411 - position: [ 0.07955452 -0.2377288   0.9566642 ] - angle: -1.5578097038853271
2026-01-20 10:19:34,650 - position: [ 0.08340769 -0.24510413  0.97048765] - angle: -1.5579462672418414
2026-01-20 10:19:34,856 - position: [ 0.08415259 -0.24674353  0.97399914] - angle: -1.557568029980489
2026-01-20 10:19:35,075 - position: [ 0.09018883 -0.25331664  0.9859103 ] - angle: -1.5553876917252127
2026-01-20 10:19:35,325 - position: [ 0.09466761 -0.25681439  0.988392  ] - angle: -1.5559890422457303
2026-01-20 10:19:35,533 - position: [ 0.09466761 -0.25681439  0.988392  ] - angle: -1.5559890422457303
2026-01-20 10:19:35,745 - position: [ 0.09558457 -0.25794625  0.98864096] - angle: -1.5563126395994096
2026-01-20 10:19:36,029 - position: [ 0.09692099 -0.26021215  0.98795271] - angle: -1.5569697401931277
2026-01-20 10:19:36,255 - position: [ 0.09996445 -0.26478428  0.98429704] - angle: -1.5567675708963633
2026-01-20 10:19:36,495 - position: [ 0.10027894 -0.26931348  0.98051625] - angle: -1.557401120326746
2026-01-20 10:19:36,757 - position: [ 0.10030565 -0.27048445  0.97993231] - angle: -1.5573132012026614
2026-01-20 10:19:37,051 - position: [ 0.09939763 -0.27270055  0.98026705] - angle: -1.5560673867382628
2026-01-20 10:19:37,278 - position: [ 0.09805575 -0.27228212  0.98155564] - angle: -1.5551645718043332
2026-01-20 10:19:37,512 - position: [ 0.09415489 -0.26985437  0.98532683] - angle: -1.554802228589938
2026-01-20 10:19:37,758 - position: [ 0.09388013 -0.26958126  0.985511  ] - angle: -1.5549170750631833
2026-01-20 10:19:37,987 - position: [ 0.09204757 -0.26760495  0.98274934] - angle: -1.5553514776005324
2026-01-20 10:19:38,245 - position: [ 0.09224363 -0.26790676  0.97861969] - angle: -1.55415437406737
2026-01-20 10:19:38,502 - position: [ 0.09282481 -0.2678262   0.97515833] - angle: -1.5536529410321243
2026-01-20 10:19:38,717 - position: [ 0.09379756 -0.26628053  0.9698469 ] - angle: -1.5528337711661413
2026-01-20 10:19:39,013 - position: [ 0.09452939 -0.26413137  0.9651348 ] - angle: -1.5536399994083783
2026-01-20 10:19:39,244 - position: [ 0.09475856 -0.26031056  0.95233232] - angle: -1.5544844219752432
2026-01-20 10:19:39,481 - position: [ 0.0941753  -0.25928444  0.94770044] - angle: -1.5542341397319017
2026-01-20 10:19:39,689 - position: [ 0.09259392 -0.25533873  0.94129342] - angle: -1.5544017788168265
2026-01-20 10:19:39,900 - position: [ 0.09214474 -0.25109759  0.9394666 ] - angle: -1.554363966667291
2026-01-20 10:19:40,117 - position: [ 0.09227752 -0.24782376  0.93937027] - angle: -1.5535534362253811
2026-01-20 10:19:40,397 - position: [ 0.09316927 -0.2434614   0.94057602] - angle: -1.5534778622528895
2026-01-20 10:19:40,662 - position: [ 0.0955402  -0.24166623  0.94025803] - angle: -1.5533684551799736
2026-01-20 10:19:40,883 - position: [ 0.097325   -0.24216686  0.93984222] - angle: -1.5520190316779336
2026-01-20 10:19:41,149 - position: [ 0.0981214  -0.24318857  0.93846554] - angle: -1.5517404467818823
2026-01-20 10:19:41,371 - position: [ 0.09781478 -0.24419519  0.93731779] - angle: -1.5517438003053163
2026-01-20 10:19:41,647 - position: [ 0.09681078 -0.24576467  0.93594784] - angle: -1.5523311778696618
2026-01-20 10:19:41,879 - position: [ 0.093517   -0.24941185  0.93442005] - angle: -1.5513409590307754
2026-01-20 10:19:42,165 - position: [ 0.09207736 -0.24907663  0.93402332] - angle: -1.5512403018284746
2026-01-20 10:19:42,524 - position: [ 0.09164013 -0.24874288  0.9343729 ] - angle: -1.5508154718501252
2026-01-20 10:19:42,774 - position: [ 0.0923572  -0.24642386  0.93780142] - angle: -1.5496419820023677
2026-01-20 10:19:43,011 - position: [ 0.09318043 -0.24385279  0.94047534] - angle: -1.5490854788350403
2026-01-20 10:19:43,252 - position: [ 0.09338035 -0.24099854  0.94296527] - angle: -1.5493095605973206
2026-01-20 10:19:43,495 - position: [ 0.09320691 -0.23763804  0.9450469 ] - angle: -1.5482911523535607
2026-01-20 10:19:43,715 - position: [ 0.09188778 -0.233412    0.94763178] - angle: -1.5490024777332345
2026-01-20 10:19:43,947 - position: [ 0.09171563 -0.2331026   0.94791162] - angle: -1.5490471806087287
2026-01-20 10:19:44,173 - position: [ 0.09129202 -0.2325328   0.94839376] - angle: -1.54878826780564
2026-01-20 10:19:44,390 - position: [ 0.09023833 -0.23138207  0.94944161] - angle: -1.548166766368225
2026-01-20 10:19:44,597 - position: [ 0.09040964 -0.23147741  0.95147163] - angle: -1.5489128732774677
2026-01-20 10:19:44,839 - position: [ 0.08991159 -0.23309697  0.95283377] - angle: -1.5495028512638291
2026-01-20 10:19:45,055 - position: [ 0.09069903 -0.23533143  0.95343518] - angle: -1.5496348832721054
2026-01-20 10:19:45,282 - position: [ 0.09114283 -0.2377805   0.95334178] - angle: -1.5486809767577832
2026-01-20 10:19:45,562 - position: [ 0.09243277 -0.24398607  0.9523958 ] - angle: -1.5480572953947398
2026-01-20 10:19:45,804 - position: [ 0.09389298 -0.24784397  0.95283526] - angle: -1.547225618554366
2026-01-20 10:19:46,031 - position: [ 0.09544938 -0.25074553  0.95314372] - angle: -1.5468770229778994
2026-01-20 10:19:46,319 - position: [ 0.09648308 -0.25276339  0.95259798] - angle: -1.5459571699844692
2026-01-20 10:19:46,577 - position: [ 0.09755367 -0.25411651  0.95164609] - angle: -1.546741174107252
2026-01-20 10:19:46,787 - position: [ 0.09786373 -0.25442839  0.95129955] - angle: -1.5467986140069079
2026-01-20 10:19:47,010 - position: [ 0.09964969 -0.25589916  0.94927037] - angle: -1.546548938401401
2026-01-20 10:19:47,253 - position: [ 0.10045328 -0.25620195  0.94767547] - angle: -1.545826800079006
2026-01-20 10:19:47,588 - position: [ 0.10058872 -0.2582154   0.94453567] - angle: -1.5461691772522155
2026-01-20 10:19:47,816 - position: [ 0.09932756 -0.26119098  0.94334763] - angle: -1.5459504275934322
2026-01-20 10:19:48,026 - position: [ 0.09786755 -0.26233017  0.94144535] - angle: -1.5453178592178385
2026-01-20 10:19:48,373 - position: [ 0.09732485 -0.26277882  0.93786985] - angle: -1.544945658177935
2026-01-20 10:19:48,597 - position: [ 0.09681355 -0.2634826   0.93348771] - angle: -1.5450354693289166
2026-01-20 10:19:48,850 - position: [ 0.09702204 -0.26614234  0.92651808] - angle: -1.5442967964985042
2026-01-20 10:19:49,096 - position: [ 0.0969779  -0.26676184  0.92383075] - angle: -1.5445954691533412
2026-01-20 10:19:49,341 - position: [ 0.09662512 -0.26512051  0.91683954] - angle: -1.5438234228596643
2026-01-20 10:19:49,602 - position: [ 0.0951202  -0.26162392  0.91203469] - angle: -1.5431567170147988
2026-01-20 10:19:49,903 - position: [ 0.09333134 -0.25422412  0.90881604] - angle: -1.5436164886756711
2026-01-20 10:19:50,109 - position: [ 0.09239243 -0.24379216  0.9086327 ] - angle: -1.5428615209280832
2026-01-20 10:19:50,349 - position: [ 0.09173048 -0.23839651  0.90857404] - angle: -1.5421495582471483
2026-01-20 10:19:50,651 - position: [ 0.09069976 -0.22998759  0.90649784] - angle: -1.5415162099974644
2026-01-20 10:19:50,926 - position: [ 0.09030084 -0.22663359  0.90487212] - angle: -1.5423862972251792
2026-01-20 10:19:51,165 - position: [ 0.09010123 -0.21985579  0.90090692] - angle: -1.5412717510810658
2026-01-20 10:19:51,440 - position: [ 0.08842867 -0.21803957  0.89685917] - angle: -1.5413323083114236
2026-01-20 10:19:51,659 - position: [ 0.08775342 -0.21853696  0.89570206] - angle: -1.5409662412541816
2026-01-20 10:19:51,898 - position: [ 0.08623282 -0.21928741  0.89370847] - angle: -1.5410003248209279
2026-01-20 10:19:52,146 - position: [ 0.08518174 -0.22048147  0.89107317] - angle: -1.5420349992471305
2026-01-20 10:19:52,481 - position: [ 0.08478154 -0.22275527  0.8884151 ] - angle: -1.5410824242515364
2026-01-20 10:19:52,724 - position: [ 0.08475665 -0.224213    0.88644767] - angle: -1.540878988182699
2026-01-20 10:19:52,974 - position: [ 0.08427147 -0.22630234  0.88159972] - angle: -1.5401658612366638
2026-01-20 10:19:53,207 - position: [ 0.08405925 -0.2266442   0.87973124] - angle: -1.539634761883108
2026-01-20 10:19:53,442 - position: [ 0.08388853 -0.22743385  0.87753749] - angle: -1.5385772434701845
2026-01-20 10:19:53,707 - position: [ 0.08469456 -0.22933459  0.87911695] - angle: -1.5382302236866119
2026-01-20 10:19:53,969 - position: [ 0.08728049 -0.2334166   0.88238996] - angle: -1.5375470745515343
2026-01-20 10:19:54,209 - position: [ 0.08739199 -0.23373397  0.88263267] - angle: -1.537572287444935
2026-01-20 10:19:54,449 - position: [ 0.08870735 -0.23806697  0.88719314] - angle: -1.5365197175039076
2026-01-20 10:19:54,698 - position: [ 0.09009352 -0.24121824  0.89845574] - angle: -1.5354290200395941
2026-01-20 10:19:54,946 - position: [ 0.09294654 -0.24245512  0.90666479] - angle: -1.5351702386692683
2026-01-20 10:19:55,178 - position: [ 0.09455122 -0.24296017  0.91060746] - angle: -1.5349122383737748
2026-01-20 10:19:55,415 - position: [ 0.09662479 -0.24349824  0.91966456] - angle: -1.534499031660837
2026-01-20 10:19:55,678 - position: [ 0.09678122 -0.24349645  0.92039418] - angle: -1.5348126434431264
2026-01-20 10:19:56,002 - position: [ 0.09853109 -0.24275769  0.92824095] - angle: -1.5352807417734953
2026-01-20 10:19:56,258 - position: [ 0.09853503 -0.24214169  0.9294197 ] - angle: -1.5350768749409363
2026-01-20 10:19:56,542 - position: [ 0.09324689 -0.23855451  0.93492746] - angle: -1.5343407195237098
2026-01-20 10:19:56,787 - position: [ 0.09095899 -0.23803565  0.93600374] - angle: -1.5341426568839864
2026-01-20 10:19:57,068 - position: [ 0.08994965 -0.2378612   0.93654293] - angle: -1.5340957316211505
2026-01-20 10:19:57,321 - position: [ 0.08866863 -0.23774342  0.93712759] - angle: -1.5343133867117311
2026-01-20 10:19:57,573 - position: [ 0.08753711 -0.23780856  0.93772763] - angle: -1.5336955671200316
2026-01-20 10:19:57,840 - position: [ 0.08624443 -0.23762551  0.9384976 ] - angle: -1.5327100198107577
2026-01-20 10:19:58,076 - position: [ 0.08307867 -0.2352557   0.94029856] - angle: -1.532590902419145
2026-01-20 10:19:58,305 - position: [ 0.08234127 -0.23488264  0.94018698] - angle: -1.5321199743218767
2026-01-20 10:19:58,550 - position: [ 0.0805433  -0.2340388   0.93987167] - angle: -1.5320160339878637
2026-01-20 10:19:58,782 - position: [ 0.07901742 -0.23309895  0.94010079] - angle: -1.532403606599539
2026-01-20 10:19:59,016 - position: [ 0.07804036 -0.23147061  0.94117647] - angle: -1.531766568367631
2026-01-20 10:19:59,348 - position: [ 0.07804036 -0.23147061  0.94117647] - angle: -1.531766568367631
2026-01-20 10:19:59,569 - position: [ 0.07660572 -0.22988865  0.94302499] - angle: -1.5314800064680507
2026-01-20 10:19:59,847 - position: [ 0.07494221 -0.22995855  0.94548637] - angle: -1.5311078198430037
2026-01-20 10:20:00,108 - position: [ 0.074448   -0.23046789  0.94625288] - angle: -1.530677376111106
2026-01-20 10:20:00,355 - position: [ 0.07430001 -0.23084958  0.94677132] - angle: -1.5309869403705743
2026-01-20 10:20:00,603 - position: [ 0.07332271 -0.23432466  0.94969493] - angle: -1.5302059910042902
2026-01-20 10:20:00,839 - position: [ 0.07159264 -0.23633346  0.95199174] - angle: -1.52900227055915
2026-01-20 10:20:01,045 - position: [ 0.07120667 -0.2361678   0.95204937] - angle: -1.52889101217366
2026-01-20 10:20:01,289 - position: [ 0.07148437 -0.23940364  0.94962001] - angle: -1.5275344162078728
2026-01-20 10:20:01,574 - position: [ 0.07271138 -0.24134772  0.94852662] - angle: -1.5274791388187894
2026-01-20 10:20:01,933 - position: [ 0.07771337 -0.24368629  0.94579339] - angle: -1.5267516165835513
2026-01-20 10:20:02,202 - position: [ 0.08143232 -0.24285118  0.94425309] - angle: -1.525758186336995
2026-01-20 10:20:02,435 - position: [ 0.08152417 -0.24278596  0.94424331] - angle: -1.525736710539491
2026-01-20 10:20:02,701 - position: [ 0.08444948 -0.24168049  0.94265854] - angle: -1.5254334794305482
2026-01-20 10:20:02,978 - position: [ 0.08690652 -0.24255872  0.94093275] - angle: -1.5250106742197755
2026-01-20 10:20:03,277 - position: [ 0.08793898 -0.2451262   0.94281113] - angle: -1.524698778894865
2026-01-20 10:20:03,518 - position: [ 0.08964635 -0.24748799  0.94547814] - angle: -1.524926733851078
2026-01-20 10:20:03,739 - position: [ 0.09058365 -0.24948618  0.94741845] - angle: -1.5242465486338674
2026-01-20 10:20:03,996 - position: [ 0.09112393 -0.25182155  0.94995749] - angle: -1.523487561335096
2026-01-20 10:20:04,211 - position: [ 0.09085742 -0.25173396  0.95062983] - angle: -1.5235024241485604
2026-01-20 10:20:04,426 - position: [ 0.09055309 -0.25138506  0.95093721] - angle: -1.5229252489358087
2026-01-20 10:20:04,658 - position: [ 0.09016452 -0.25082833  0.95098388] - angle: -1.5225736547659938
2026-01-20 10:20:04,946 - position: [ 0.0890873  -0.25002542  0.94984907] - angle: -1.5216901557648068
2026-01-20 10:20:05,184 - position: [ 0.08872786 -0.2497863   0.94884461] - angle: -1.5221513225445449
2026-01-20 10:20:05,530 - position: [ 0.08821888 -0.24785775  0.9457258 ] - angle: -1.5215923025341347
2026-01-20 10:20:05,775 - position: [ 0.08650086 -0.24616712  0.94359094] - angle: -1.5218103645504195
2026-01-20 10:20:06,032 - position: [ 0.0858407  -0.24549758  0.94251603] - angle: -1.5214232491436506
2026-01-20 10:20:06,234 - position: [ 0.08410111 -0.24286209  0.94015783] - angle: -1.5215900027088245
2026-01-20 10:20:06,442 - position: [ 0.08410111 -0.24286209  0.94015783] - angle: -1.5215900027088245
2026-01-20 10:20:06,652 - position: [ 0.08202006 -0.23540623  0.93868285] - angle: -1.5213517276508517
2026-01-20 10:20:06,884 - position: [ 0.08089673 -0.23055533  0.93737292] - angle: -1.5203073469703146
2026-01-20 10:20:07,113 - position: [ 0.08052792 -0.22901769  0.93690026] - angle: -1.5206904458173716
2026-01-20 10:20:07,366 - position: [ 0.07988066 -0.22617704  0.93556529] - angle: -1.5209341494745563
2026-01-20 10:20:07,602 - position: [ 0.0811695  -0.22392188  0.9326424 ] - angle: -1.5207435435746248
2026-01-20 10:20:07,829 - position: [ 0.0827702  -0.22335139  0.93171513] - angle: -1.5207145918322595
2026-01-20 10:20:08,064 - position: [ 0.08466841 -0.22316876  0.93173093] - angle: -1.5199309366858764
2026-01-20 10:20:08,307 - position: [ 0.08680902 -0.22365245  0.93220967] - angle: -1.5202533525302862
2026-01-20 10:20:08,570 - position: [ 0.08937047 -0.2240587   0.9331221 ] - angle: -1.518771786271825
2026-01-20 10:20:08,789 - position: [ 0.0900288  -0.22403364  0.93339801] - angle: -1.518417205642828
2026-01-20 10:20:09,038 - position: [ 0.09348808 -0.21972825  0.93684459] - angle: -1.5174607117880385
2026-01-20 10:20:09,282 - position: [ 0.09411896 -0.21681716  0.93896317] - angle: -1.5187756045073315
2026-01-20 10:20:09,554 - position: [ 0.09443256 -0.2144572   0.94032502] - angle: -1.5189521402969128
2026-01-20 10:20:09,829 - position: [ 0.09284488 -0.21192625  0.93864805] - angle: -1.5188575404970863
2026-01-20 10:20:10,077 - position: [ 0.09189707 -0.21140172  0.93753707] - angle: -1.5184509233976278
2026-01-20 10:20:10,285 - position: [ 0.09026457 -0.21017985  0.93519628] - angle: -1.51790921443616
2026-01-20 10:20:10,487 - position: [ 0.08865649 -0.2091271   0.93210709] - angle: -1.5176623241088913
2026-01-20 10:20:10,719 - position: [ 0.08710158 -0.209673    0.92981064] - angle: -1.5174848767526
2026-01-20 10:20:10,969 - position: [ 0.08454936 -0.21183625  0.92846692] - angle: -1.5168630794650526
2026-01-20 10:20:11,217 - position: [ 0.08321281 -0.21296842  0.92864841] - angle: -1.5170636571647989
2026-01-20 10:20:11,457 - position: [ 0.0805274  -0.21586242  0.92960387] - angle: -1.5171355337195354
2026-01-20 10:20:11,707 - position: [ 0.07664556 -0.2235321   0.93183792] - angle: -1.5162760082489122
2026-01-20 10:20:11,964 - position: [ 0.0764988  -0.22930825  0.93232507] - angle: -1.515881895550642
2026-01-20 10:20:12,215 - position: [ 0.07661303 -0.23542525  0.93318051] - angle: -1.5166272369394473
2026-01-20 10:20:12,491 - position: [ 0.07615916 -0.24376558  0.9362359 ] - angle: -1.5159430588275162
2026-01-20 10:20:12,734 - position: [ 0.07558396 -0.24501863  0.93754184] - angle: -1.5156691215262748
2026-01-20 10:20:13,049 - position: [ 0.07558396 -0.24501863  0.93754184] - angle: -1.5156691215262748
2026-01-20 10:20:13,276 - position: [ 0.07345483 -0.24143186  0.94189012] - angle: -1.5144846720690919
2026-01-20 10:20:13,583 - position: [ 0.07422984 -0.2401745   0.94325274] - angle: -1.5133502788091167
2026-01-20 10:20:13,821 - position: [ 0.07496038 -0.24041843  0.94345611] - angle: -1.5133170590654839
2026-01-20 10:20:14,075 - position: [ 0.07752906 -0.24108733  0.94253331] - angle: -1.5132896599715084
2026-01-20 10:20:14,283 - position: [ 0.07912973 -0.23992346  0.94109625] - angle: -1.5129590660918737
2026-01-20 10:20:14,576 - position: [ 0.0836165  -0.23594522  0.93640184] - angle: -1.5132442184175927
2026-01-20 10:20:14,813 - position: [ 0.08427425 -0.23571956  0.93580002] - angle: -1.5130006325228766
2026-01-20 10:20:15,054 - position: [ 0.08330064 -0.23659527  0.93478948] - angle: -1.5124356795114373
2026-01-20 10:20:15,285 - position: [ 0.08068488 -0.23818369  0.93406159] - angle: -1.5120081204251434
2026-01-20 10:20:15,511 - position: [ 0.07847313 -0.23940392  0.93295223] - angle: -1.5117197513513618
2026-01-20 10:20:15,736 - position: [ 0.07753684 -0.24008755  0.9313733 ] - angle: -1.5109923111586032
2026-01-20 10:20:15,956 - position: [ 0.07738159 -0.24108014  0.92802513] - angle: -1.5105796258321988
2026-01-20 10:20:16,188 - position: [ 0.07765017 -0.24129105  0.92689699] - angle: -1.5106015549744671
2026-01-20 10:20:16,421 - position: [ 0.07787579 -0.24141447  0.92596769] - angle: -1.5103199676755783
2026-01-20 10:20:16,693 - position: [ 0.07822996 -0.24154533  0.92464995] - angle: -1.5101929518168755
2026-01-20 10:20:16,931 - position: [ 0.07628501 -0.24189194  0.91374463] - angle: -1.509460405837852
2026-01-20 10:20:17,188 - position: [ 0.07476153 -0.24102759  0.9132421 ] - angle: -1.509837527475777
2026-01-20 10:20:17,434 - position: [ 0.07588546 -0.24232581  0.91447061] - angle: -1.509105420756074
2026-01-20 10:20:17,773 - position: [ 0.07750657 -0.24353375  0.91485775] - angle: -1.5094487040233666
2026-01-20 10:20:18,029 - position: [ 0.0784366  -0.24426918  0.91576415] - angle: -1.5087578328405225
2026-01-20 10:20:18,259 - position: [ 0.07881893 -0.24461736  0.91622722] - angle: -1.5090708618365438
2026-01-20 10:20:18,486 - position: [ 0.08384844 -0.24833742  0.92150605] - angle: -1.508798686034944
2026-01-20 10:20:18,699 - position: [ 0.08500227 -0.24880306  0.92335141] - angle: -1.508398208556371
2026-01-20 10:20:18,960 - position: [ 0.08493434 -0.24888027  0.92662257] - angle: -1.5078311584275532
2026-01-20 10:20:19,323 - position: [ 0.08402527 -0.24793288  0.93033946] - angle: -1.508118678059787
2026-01-20 10:20:19,534 - position: [ 0.08402527 -0.24793288  0.93033946] - angle: -1.508118678059787
2026-01-20 10:20:19,749 - position: [ 0.08402527 -0.24793288  0.93033946] - angle: -1.508118678059787
2026-01-20 10:20:19,990 - position: [ 0.08402527 -0.24793288  0.93033946] - angle: -1.508118678059787
2026-01-20 10:20:20,221 - position: [ 0.08272919 -0.24180052  0.93151498] - angle: -1.507623956403926
2026-01-20 10:20:20,492 - position: [ 0.08336017 -0.24234304  0.92846942] - angle: -1.5069749255241125
2026-01-20 10:20:20,814 - position: [ 0.08322947 -0.24139644  0.92685628] - angle: -1.5054485773422912
2026-01-20 10:20:21,047 - position: [ 0.08275248 -0.23957801  0.9273116 ] - angle: -1.5066704788722132
2026-01-20 10:20:21,301 - position: [ 0.08249017 -0.23815852  0.9274078 ] - angle: -1.5062661873853256
2026-01-20 10:20:21,569 - position: [ 0.08234963 -0.23689827  0.92766762] - angle: -1.5058879146051383
2026-01-20 10:20:21,844 - position: [ 0.0823261  -0.23665656  0.92777717] - angle: -1.5057295725761373
2026-01-20 10:20:22,071 - position: [ 0.08282004 -0.23512687  0.93065745] - angle: -1.507094647080078
2026-01-20 10:20:22,319 - position: [ 0.08345047 -0.23896983  0.93304348] - angle: -1.5061109097705168
2026-01-20 10:20:22,540 - position: [ 0.08428393 -0.24200134  0.93249899] - angle: -1.5059915753376525
2026-01-20 10:20:22,787 - position: [ 0.08431713 -0.24228449  0.93232572] - angle: -1.5061087924084497
2026-01-20 10:20:23,010 - position: [ 0.08431713 -0.24228449  0.93232572] - angle: -1.5061087924084497
2026-01-20 10:20:23,273 - position: [ 0.08337172 -0.25101355  0.92925566] - angle: -1.502640532752773
2026-01-20 10:20:23,522 - position: [ 0.08140617 -0.25345257  0.93121332] - angle: -1.5025840280837883
2026-01-20 10:20:23,770 - position: [ 0.08041272 -0.25478846  0.93335569] - angle: -1.5022540253510033
2026-01-20 10:20:24,021 - position: [ 0.07868449 -0.25680879  0.94124973] - angle: -1.501492332801424
2026-01-20 10:20:24,236 - position: [ 0.07857303 -0.25771219  0.94426328] - angle: -1.5019664865859652
2026-01-20 10:20:24,477 - position: [ 0.07857303 -0.25771219  0.94426328] - angle: -1.5019664865859652
2026-01-20 10:20:24,685 - position: [ 0.07704886 -0.26098561  0.95199001] - angle: -1.5014864172251805
2026-01-20 10:20:24,988 - position: [ 0.07946991 -0.26226497  0.95631582] - angle: -1.5016835534576973
2026-01-20 10:20:25,244 - position: [ 0.0839746  -0.26388961  0.95897466] - angle: -1.5004520859667925
2026-01-20 10:20:25,539 - position: [ 0.0839746  -0.26388961  0.95897466] - angle: -1.5004520859667925
2026-01-20 10:20:25,809 - position: [ 0.09098032 -0.26392093  0.95621723] - angle: -1.5000619996720652
2026-01-20 10:20:26,074 - position: [ 0.09018956 -0.26220766  0.95369339] - angle: -1.5000491244410132
2026-01-20 10:20:26,303 - position: [ 0.08936723 -0.26093024  0.95214033] - angle: -1.5001771554939825
2026-01-20 10:20:26,517 - position: [ 0.08976724 -0.26097062  0.95159572] - angle: -1.499888266267475
2026-01-20 10:20:26,781 - position: [ 0.09018439 -0.26139542  0.9514237 ] - angle: -1.4997023278290662
2026-01-20 10:20:27,018 - position: [ 0.09362426 -0.26500145  0.94946414] - angle: -1.4990025396500481
2026-01-20 10:20:27,266 - position: [ 0.09536123 -0.26629454  0.94857705] - angle: -1.499206463101014
2026-01-20 10:20:27,490 - position: [ 0.09743121 -0.26771775  0.94780588] - angle: -1.4992263681599827
2026-01-20 10:20:27,695 - position: [ 0.09715642 -0.26754105  0.94896823] - angle: -1.4998760769975021
2026-01-20 10:20:27,953 - position: [ 0.09491996 -0.26617563  0.95160365] - angle: -1.499889899578775
2026-01-20 10:20:28,243 - position: [ 0.093601   -0.26597232  0.95325089] - angle: -1.4994597331494108
2026-01-20 10:20:28,529 - position: [ 0.09331003 -0.26612505  0.95387369] - angle: -1.4991020621674092
2026-01-20 10:20:28,840 - position: [ 0.09236292 -0.26804444  0.95303124] - angle: -1.4984909744958843
2026-01-20 10:20:29,150 - position: [ 0.09382828 -0.26705095  0.94797462] - angle: -1.4978558684689065
2026-01-20 10:20:29,379 - position: [ 0.09519763 -0.26641446  0.94709516] - angle: -1.4989380771855476
2026-01-20 10:20:29,596 - position: [ 0.09580713 -0.2656152   0.94682765] - angle: -1.4983847431968713
2026-01-20 10:20:29,853 - position: [ 0.0949837  -0.26279098  0.94734281] - angle: -1.4981569064093585
2026-01-20 10:20:30,160 - position: [ 0.09377196 -0.2604984   0.94676602] - angle: -1.4970395132113365
2026-01-20 10:20:30,453 - position: [ 0.09414597 -0.26143163  0.94547617] - angle: -1.4969154824048139
2026-01-20 10:20:30,692 - position: [ 0.09475894 -0.26474693  0.94212687] - angle: -1.4961083471443053
2026-01-20 10:20:30,951 - position: [ 0.09522485 -0.26635718  0.94092578] - angle: -1.495417390748854
2026-01-20 10:20:31,182 - position: [ 0.09545467 -0.26697159  0.94069767] - angle: -1.4953872006233122
2026-01-20 10:20:31,497 - position: [ 0.09622562 -0.27288303  0.94005632] - angle: -1.4945085178732258
2026-01-20 10:20:31,715 - position: [ 0.09277429 -0.27714768  0.93928039] - angle: -1.4931921093264964
2026-01-20 10:20:31,951 - position: [ 0.09138113 -0.2776987   0.93852836] - angle: -1.4933172456965433
2026-01-20 10:20:32,166 - position: [ 0.09109402 -0.2777428   0.93840092] - angle: -1.4931426557671998
2026-01-20 10:20:32,390 - position: [ 0.08788332 -0.27582583  0.93611139] - angle: -1.491197806902274
2026-01-20 10:20:32,681 - position: [ 0.08654226 -0.27446973  0.93204707] - angle: -1.4916316912363419
2026-01-20 10:20:32,936 - position: [ 0.08555087 -0.27329108  0.9281072 ] - angle: -1.4912019831083203
2026-01-20 10:20:33,178 - position: [ 0.08418826 -0.27141649  0.9257291 ] - angle: -1.4917094670454927
2026-01-20 10:20:33,444 - position: [ 0.0840322  -0.27097669  0.92502344] - angle: -1.4910121300451395
2026-01-20 10:20:33,785 - position: [ 0.08636133 -0.27150133  0.92496967] - angle: -1.4927054073584545
2026-01-20 10:20:34,036 - position: [ 0.08720019 -0.2718688   0.92502886] - angle: -1.4921926457160501
2026-01-20 10:20:34,279 - position: [ 0.08823217 -0.27224335  0.92514986] - angle: -1.4922670458760505
2026-01-20 10:20:34,538 - position: [ 0.09405103 -0.27604216  0.92592907] - angle: -1.4921632786006267
2026-01-20 10:20:34,810 - position: [ 0.09645531 -0.27883688  0.92514479] - angle: -1.4925507302358207
2026-01-20 10:20:35,013 - position: [ 0.09887169 -0.28105676  0.92420483] - angle: -1.492545949948851
2026-01-20 10:20:35,232 - position: [ 0.09938907 -0.28144258  0.92415565] - angle: -1.4924635820784804
2026-01-20 10:20:35,525 - position: [ 0.10362231 -0.28382972  0.92359412] - angle: -1.4929918753103344
2026-01-20 10:20:35,783 - position: [ 0.10667574 -0.28442067  0.9250567 ] - angle: -1.4917325021151187
2026-01-20 10:20:36,036 - position: [ 0.10523463 -0.27472863  0.92704171] - angle: -1.49056926777252
2026-01-20 10:20:36,272 - position: [ 0.10453095 -0.27051765  0.92711872] - angle: -1.4905467459472894
2026-01-20 10:20:36,486 - position: [ 0.10441624 -0.26818803  0.92686653] - angle: -1.4897107609526405
2026-01-20 10:20:36,736 - position: [ 0.10431758 -0.2638976   0.92363673] - angle: -1.489268134198288
2026-01-20 10:20:37,017 - position: [ 0.10370444 -0.26166981  0.9206984 ] - angle: -1.4885386142228803
2026-01-20 10:20:37,238 - position: [ 0.10213527 -0.26050106  0.9189781 ] - angle: -1.4890582082677395
2026-01-20 10:20:37,473 - position: [ 0.10051839 -0.25955346  0.91828281] - angle: -1.488916242845522
2026-01-20 10:20:37,695 - position: [ 0.09949657 -0.25896367  0.9183836 ] - angle: -1.4883485876271267
2026-01-20 10:20:37,949 - position: [ 0.0961903  -0.25773564  0.91798371] - angle: -1.4876360238988302
2026-01-20 10:20:38,214 - position: [ 0.09384076 -0.25743622  0.91743118] - angle: -1.4876425117679277
2026-01-20 10:20:38,482 - position: [ 0.08419783 -0.25565171  0.91333014] - angle: -1.4876757727181253
2026-01-20 10:20:38,747 - position: [ 0.0835277  -0.2551817   0.91273415] - angle: -1.4877531161982889
2026-01-20 10:20:38,993 - position: [ 0.08118492 -0.25349632  0.91027981] - angle: -1.487998064632433
2026-01-20 10:20:39,230 - position: [ 0.08009297 -0.25218567  0.90835243] - angle: -1.486864969985772
2026-01-20 10:20:39,457 - position: [ 0.07985443 -0.25161582  0.90784109] - angle: -1.487030679468179
2026-01-20 10:20:39,695 - position: [ 0.07873701 -0.2483501   0.90661716] - angle: -1.4868770871428043
2026-01-20 10:20:39,905 - position: [ 0.0767661  -0.23565203  0.9018364 ] - angle: -1.4869932857325252
2026-01-20 10:20:40,213 - position: [ 0.07663418 -0.23371504  0.90017557] - angle: -1.4865839034208852
2026-01-20 10:20:40,429 - position: [ 0.07665824 -0.23311301  0.89944428] - angle: -1.4865746545027791
2026-01-20 10:20:40,721 - position: [ 0.07529366 -0.23244995  0.89822286] - angle: -1.4860644371762626
2026-01-20 10:20:40,963 - position: [ 0.06991451 -0.23467839  0.88948733] - angle: -1.4858587960741683
2026-01-20 10:20:41,246 - position: [ 0.06870351 -0.2357749   0.88567269] - angle: -1.4863889990437364
2026-01-20 10:20:41,476 - position: [ 0.06833807 -0.23682299  0.88355029] - angle: -1.4850416594724942
2026-01-20 10:20:41,698 - position: [ 0.0682127  -0.23831503  0.884395  ] - angle: -1.4847203718745838
2026-01-20 10:20:41,962 - position: [ 0.0667873  -0.24051751  0.88937259] - angle: -1.4844303631593165
2026-01-20 10:20:42,252 - position: [ 0.06633638 -0.2403332   0.89404219] - angle: -1.484053885765801
2026-01-20 10:20:42,485 - position: [ 0.06568042 -0.23825467  0.90464973] - angle: -1.4821638522405434
2026-01-20 10:20:42,711 - position: [ 0.06529705 -0.23708521  0.90822607] - angle: -1.4824940553156285
2026-01-20 10:20:42,952 - position: [ 0.06400079 -0.23307192  0.92019153] - angle: -1.4800674011554418
2026-01-20 10:20:43,186 - position: [ 0.06338448 -0.2318673   0.92472148] - angle: -1.480806453387601
2026-01-20 10:20:43,412 - position: [ 0.06283788 -0.23136473  0.92937869] - angle: -1.4806952129876119
2026-01-20 10:20:43,636 - position: [ 0.06225796 -0.23157065  0.93434912] - angle: -1.481074238165836
2026-01-20 10:20:43,864 - position: [ 0.06195148 -0.23267375  0.939641  ] - angle: -1.4804965586312413
2026-01-20 10:20:44,104 - position: [ 0.06323887 -0.23583154  0.94572371] - angle: -1.4795669120938832
2026-01-20 10:20:44,321 - position: [ 0.06431255 -0.23738256  0.94746721] - angle: -1.4801540041250583
2026-01-20 10:20:44,563 - position: [ 0.06594525 -0.23939033  0.94934219] - angle: -1.4809442083198943
2026-01-20 10:20:44,778 - position: [ 0.06683851 -0.24057847  0.95035195] - angle: -1.4810238597329688
2026-01-20 10:20:45,027 - position: [ 0.06843605 -0.24294904  0.95183635] - angle: -1.4815169369403143
2026-01-20 10:20:45,276 - position: [ 0.0708934  -0.24741432  0.95359302] - angle: -1.482054764885163
2026-01-20 10:20:45,524 - position: [ 0.07031849 -0.24791946  0.95045066] - angle: -1.4807711980889882
2026-01-20 10:20:45,770 - position: [ 0.06864884 -0.24702144  0.94769126] - angle: -1.4806231970657953
2026-01-20 10:20:45,977 - position: [ 0.06808067 -0.24660437  0.94706607] - angle: -1.480222282515717
2026-01-20 10:20:46,228 - position: [ 0.06665315 -0.2450912   0.94566536] - angle: -1.4799427585437712
2026-01-20 10:20:46,449 - position: [ 0.06655508 -0.24492012  0.9455359 ] - angle: -1.4797733374328823
2026-01-20 10:20:46,665 - position: [ 0.06591015 -0.24310705  0.94434255] - angle: -1.4809549618645304
2026-01-20 10:20:46,868 - position: [ 0.06584383 -0.24278755  0.94417048] - angle: -1.4809914391112597
2026-01-20 10:20:47,102 - position: [ 0.0657737  -0.24234913  0.94407201] - angle: -1.4812301881617533
2026-01-20 10:20:47,327 - position: [ 0.0657737  -0.24234913  0.94407201] - angle: -1.4812301881617533
2026-01-20 10:20:47,561 - position: [ 0.06547252 -0.24101122  0.94416583] - angle: -1.481192527857662
2026-01-20 10:20:47,801 - position: [ 0.06513651 -0.24028254  0.94475901] - angle: -1.481263591584312
2026-01-20 10:20:48,006 - position: [ 0.06489304 -0.239941    0.94520378] - angle: -1.4813097086492548
2026-01-20 10:20:48,241 - position: [ 0.06432183 -0.23900595  0.94730657] - angle: -1.4810187161449275
2026-01-20 10:20:48,503 - position: [ 0.06421449 -0.23880903  0.94781506] - angle: -1.4807700828990642
2026-01-20 10:20:48,715 - position: [ 0.06220031 -0.23836744  0.9526372 ] - angle: -1.4799171569380523
2026-01-20 10:20:48,958 - position: [ 0.06155248 -0.23890424  0.95386356] - angle: -1.4792082736385148
2026-01-20 10:20:49,240 - position: [ 0.0610854  -0.24025096  0.95513457] - angle: -1.4795405084463131
2026-01-20 10:20:49,486 - position: [ 0.06098264 -0.24641071  0.95488131] - angle: -1.4782656843135005
2026-01-20 10:20:49,749 - position: [ 0.06142746 -0.2497668   0.95432717] - angle: -1.479457992784063
2026-01-20 10:20:49,975 - position: [ 0.07101548 -0.25806782  0.95816261] - angle: -1.47746785998353
2026-01-20 10:20:50,189 - position: [ 0.07238928 -0.25799856  0.95848292] - angle: -1.477656503589246
2026-01-20 10:20:50,432 - position: [ 0.07350017 -0.2579014   0.95882231] - angle: -1.477474247265533
2026-01-20 10:20:50,685 - position: [ 0.09784248 -0.2926259   0.96694499] - angle: -1.4749966338311782
2026-01-20 10:20:50,973 - position: [ 0.10323083 -0.30276141  0.95779926] - angle: -1.4741115793924768
2026-01-20 10:20:51,246 - position: [ 0.10295653 -0.30321756  0.95259571] - angle: -1.473739719934184
2026-01-20 10:20:51,476 - position: [ 0.10133095 -0.30170834  0.95043892] - angle: -1.471608494393037
2026-01-20 10:20:51,759 - position: [ 0.09907788 -0.30035657  0.94994688] - angle: -1.4715025511362114
2026-01-20 10:20:51,970 - position: [ 0.09592056 -0.29865077  0.94955128] - angle: -1.470788374908456
2026-01-20 10:20:52,249 - position: [ 0.09464224 -0.2980336   0.94955909] - angle: -1.4706191425628492
2026-01-20 10:20:52,491 - position: [ 0.08955088 -0.29663822  0.95108384] - angle: -1.4714083972852139
2026-01-20 10:20:52,702 - position: [ 0.0882278  -0.2963675   0.95202333] - angle: -1.4707702118905308
2026-01-20 10:20:52,956 - position: [ 0.0872804  -0.29575616  0.95402586] - angle: -1.470812442932453
2026-01-20 10:20:53,240 - position: [ 0.08658431 -0.29438043  0.95609426] - angle: -1.4708687940242533
2026-01-20 10:20:53,492 - position: [ 0.08591124 -0.29289266  0.95874673] - angle: -1.4706268015111368
2026-01-20 10:20:53,721 - position: [ 0.08591124 -0.29289266  0.95874673] - angle: -1.4706268015111368
2026-01-20 10:20:53,933 - position: [ 0.0857127  -0.29273355  0.96046287] - angle: -1.469775319526898
2026-01-20 10:20:54,177 - position: [ 0.08589859 -0.29263347  0.96158457] - angle: -1.4697599934983865
2026-01-20 10:20:54,420 - position: [ 0.08705467 -0.29202947  0.96044123] - angle: -1.4702287707539168
2026-01-20 10:20:54,661 - position: [ 0.09072645 -0.29027513  0.95445013] - angle: -1.46986823241587
2026-01-20 10:20:54,990 - position: [ 0.0911514  -0.28904817  0.9522562 ] - angle: -1.469116269745268
2026-01-20 10:20:55,232 - position: [ 0.09045659 -0.28648785  0.94956344] - angle: -1.4682284686072413
2026-01-20 10:20:55,508 - position: [ 0.08990243 -0.28526092  0.94845045] - angle: -1.4679114156008528
2026-01-20 10:20:55,806 - position: [ 0.0886298  -0.28255406  0.94486225] - angle: -1.4676059454847596
2026-01-20 10:20:56,062 - position: [ 0.08816498 -0.2820932   0.94322956] - angle: -1.4676724650545827
2026-01-20 10:20:56,403 - position: [ 0.08349382 -0.28109899  0.93499458] - angle: -1.4670180829205224
2026-01-20 10:20:56,683 - position: [ 0.0809192  -0.27929074  0.93133885] - angle: -1.4665879616221313
2026-01-20 10:20:56,963 - position: [ 0.07818202 -0.27339587  0.9272368 ] - angle: -1.466146637443647
2026-01-20 10:20:57,187 - position: [ 0.07665134 -0.2682052   0.92693722] - angle: -1.4658631074834494
2026-01-20 10:20:57,452 - position: [ 0.07677344 -0.26526505  0.92842329] - angle: -1.4659413457283499
2026-01-20 10:20:57,661 - position: [ 0.07774293 -0.26349065  0.93162298] - angle: -1.4641064675541928
2026-01-20 10:20:57,881 - position: [ 0.07917181 -0.2640292   0.93262267] - angle: -1.4644756029755088
2026-01-20 10:20:58,096 - position: [ 0.08070963 -0.26529837  0.93338615] - angle: -1.4637669802944306
2026-01-20 10:20:58,324 - position: [ 0.08103512 -0.26660585  0.93387997] - angle: -1.4626127939344222
2026-01-20 10:20:58,568 - position: [ 0.07950287 -0.26997507  0.93336713] - angle: -1.462224923868022
2026-01-20 10:20:58,788 - position: [ 0.07809994 -0.27216771  0.93237573] - angle: -1.4627878395813707
2026-01-20 10:20:59,028 - position: [ 0.07964604 -0.2766391   0.93154836] - angle: -1.4648893526856588
2026-01-20 10:20:59,301 - position: [ 0.08391427 -0.28277293  0.93031096] - angle: -1.4642259314404877
2026-01-20 10:20:59,547 - position: [ 0.08387719 -0.28316063  0.9272573 ] - angle: -1.4640350214259583
2026-01-20 10:20:59,770 - position: [ 0.08394235 -0.28265589  0.92433834] - angle: -1.4633331164451815
2026-01-20 10:20:59,999 - position: [ 0.08336065 -0.28193814  0.91982764] - angle: -1.4632974972471855
2026-01-20 10:21:00,209 - position: [ 0.0823843  -0.28098539  0.9162426 ] - angle: -1.463359445509643
2026-01-20 10:21:00,494 - position: [ 0.07961964 -0.27818379  0.91252702] - angle: -1.4633606057050312
2026-01-20 10:21:00,758 - position: [ 0.07791856 -0.27681392  0.91186655] - angle: -1.4635341979733947
2026-01-20 10:21:01,031 - position: [ 0.07451283 -0.2733742   0.91168255] - angle: -1.4631204602031467
2026-01-20 10:21:01,240 - position: [ 0.07318928 -0.2708801   0.91374379] - angle: -1.4637510353811578
2026-01-20 10:21:01,478 - position: [ 0.07278262 -0.26940501  0.9153952 ] - angle: -1.4624441360556282
2026-01-20 10:21:01,736 - position: [ 0.07314296 -0.26728493  0.9193154 ] - angle: -1.46329919243801
2026-01-20 10:21:01,989 - position: [ 0.07596215 -0.26833665  0.92026401] - angle: -1.4629063733821512
2026-01-20 10:21:02,219 - position: [ 0.0778765  -0.27029204  0.9202823 ] - angle: -1.4616129002349756
2026-01-20 10:21:02,453 - position: [ 0.0782871  -0.27104414  0.92030156] - angle: -1.4609897516646813
2026-01-20 10:21:02,733 - position: [ 0.07815124 -0.27275726  0.92045802] - angle: -1.4613210422165115
2026-01-20 10:21:03,024 - position: [ 0.07891183 -0.27327293  0.92229438] - angle: -1.4600453555879476
2026-01-20 10:21:03,239 - position: [ 0.07927724 -0.27170482  0.92286861] - angle: -1.4585377262175014
2026-01-20 10:21:03,530 - position: [ 0.07964379 -0.26978436  0.92379069] - angle: -1.4588889769519868
2026-01-20 10:21:03,750 - position: [ 0.08024624 -0.26506472  0.92498982] - angle: -1.4581670614837905
2026-01-20 10:21:03,986 - position: [ 0.08002864 -0.26008889  0.92666674] - angle: -1.4574562028986167
2026-01-20 10:21:04,207 - position: [ 0.07882439 -0.25767592  0.9284544 ] - angle: -1.4556657007382472
2026-01-20 10:21:04,440 - position: [ 0.07822219 -0.25843343  0.92898446] - angle: -1.456378382105497
2026-01-20 10:21:04,664 - position: [ 0.07777356 -0.26026717  0.928895  ] - angle: -1.455982158833335
2026-01-20 10:21:04,904 - position: [ 0.07712755 -0.26320332  0.92723566] - angle: -1.4559823954742592
2026-01-20 10:21:05,118 - position: [ 0.07711532 -0.26349929  0.92705321] - angle: -1.4561107645188267
2026-01-20 10:21:05,340 - position: [ 0.07705268 -0.26434234  0.92697948] - angle: -1.4565888054599432
2026-01-20 10:21:05,569 - position: [ 0.07999855 -0.27074483  0.92483038] - angle: -1.4563238683560704
2026-01-20 10:21:05,836 - position: [ 0.08066127 -0.27655163  0.92288256] - angle: -1.4560253267890406
2026-01-20 10:21:06,084 - position: [ 0.08069985 -0.27665347  0.92269242] - angle: -1.4554934063380385
2026-01-20 10:21:06,294 - position: [ 0.08025719 -0.27829272  0.92255294] - angle: -1.4558635907805701
2026-01-20 10:21:06,631 - position: [ 0.07737837 -0.27970514  0.92452312] - angle: -1.4557038289461883
2026-01-20 10:21:06,943 - position: [ 0.07536359 -0.28074694  0.92496979] - angle: -1.455012262474257
2026-01-20 10:21:07,182 - position: [ 0.07653719 -0.28153834  0.92367661] - angle: -1.4556637852369416
2026-01-20 10:21:07,430 - position: [ 0.07745381 -0.28073978  0.9233495 ] - angle: -1.456084608501794
2026-01-20 10:21:07,690 - position: [ 0.07821186 -0.27983958  0.92484748] - angle: -1.4563874447316265
2026-01-20 10:21:07,928 - position: [ 0.07840186 -0.27945852  0.92551047] - angle: -1.4556046774624445
2026-01-20 10:21:08,174 - position: [ 0.07796014 -0.27792218  0.92679662] - angle: -1.4553363661783294
2026-01-20 10:21:08,399 - position: [ 0.0755945  -0.27545828  0.92640489] - angle: -1.454826348133465
2026-01-20 10:21:08,713 - position: [ 0.0744359  -0.27625284  0.92496556] - angle: -1.4546552546182094
2026-01-20 10:21:08,938 - position: [ 0.07558952 -0.28199077  0.92209828] - angle: -1.4530239307635369
2026-01-20 10:21:09,220 - position: [ 0.07841532 -0.29094642  0.91954267] - angle: -1.4541317475442677
2026-01-20 10:21:09,433 - position: [ 0.08046667 -0.29569343  0.91773486] - angle: -1.4535939578514583
2026-01-20 10:21:09,670 - position: [ 0.08060946 -0.29605016  0.91759348] - angle: -1.453583154212235
2026-01-20 10:21:09,909 - position: [ 0.08225796 -0.30137774  0.91521269] - angle: -1.4537103636159174
2026-01-20 10:21:10,161 - position: [ 0.08241993 -0.30350867  0.91567582] - angle: -1.4525955737087948
2026-01-20 10:21:10,418 - position: [ 0.0824524  -0.30370945  0.91572225] - angle: -1.452383775837644
2026-01-20 10:21:10,651 - position: [ 0.0819325  -0.30475712  0.91635567] - angle: -1.4521793761804997
2026-01-20 10:21:10,894 - position: [ 0.08126639 -0.30445841  0.91697514] - angle: -1.4519346675097085
2026-01-20 10:21:11,115 - position: [ 0.07883459 -0.30378124  0.91763633] - angle: -1.4514479086771201
2026-01-20 10:21:11,362 - position: [ 0.07883459 -0.30378124  0.91763633] - angle: -1.4514479086771201
2026-01-20 10:21:11,576 - position: [ 0.07640541 -0.30221134  0.92175472] - angle: -1.4505139691055944
2026-01-20 10:21:11,794 - position: [ 0.07629389 -0.30213454  0.92194223] - angle: -1.450231673981699
2026-01-20 10:21:12,018 - position: [ 0.07469162 -0.30184492  0.92705059] - angle: -1.449286542464237
2026-01-20 10:21:12,244 - position: [ 0.07505815 -0.30166262  0.92856413] - angle: -1.4481783785935964
2026-01-20 10:21:12,471 - position: [ 0.07620279 -0.302086    0.9295795 ] - angle: -1.4479387577663694
2026-01-20 10:21:12,712 - position: [ 0.07835094 -0.30344865  0.93211204] - angle: -1.448396810197571
2026-01-20 10:21:12,942 - position: [ 0.07997428 -0.30359596  0.93394607] - angle: -1.4485401707175112
2026-01-20 10:21:13,180 - position: [ 0.08044895 -0.3017883   0.9360531 ] - angle: -1.448434734870192
2026-01-20 10:21:13,507 - position: [ 0.08122572 -0.29738063  0.9372251 ] - angle: -1.447704046676797
2026-01-20 10:21:13,750 - position: [ 0.07913814 -0.29353663  0.9371326 ] - angle: -1.4473733104343838
2026-01-20 10:21:13,981 - position: [ 0.07591724 -0.28951919  0.93709004] - angle: -1.4462794468026687
2026-01-20 10:21:14,197 - position: [ 0.07358385 -0.28704953  0.93812394] - angle: -1.445700924819397
2026-01-20 10:21:14,431 - position: [ 0.07209978 -0.28587526  0.93935436] - angle: -1.445146790734234
2026-01-20 10:21:14,668 - position: [ 0.07174549 -0.28551799  0.94075537] - angle: -1.4452697855408512
2026-01-20 10:21:14,886 - position: [ 0.07219759 -0.28466493  0.9417513 ] - angle: -1.4451891982468696
2026-01-20 10:21:15,107 - position: [ 0.07251816 -0.28376579  0.94206893] - angle: -1.4451731579648728
2026-01-20 10:21:15,359 - position: [ 0.07260895 -0.2830801   0.94221294] - angle: -1.445203144100109
2026-01-20 10:21:15,570 - position: [ 0.074855   -0.27360725  0.94454151] - angle: -1.4449259115072528
2026-01-20 10:21:15,835 - position: [ 0.07638503 -0.26701373  0.94570166] - angle: -1.4448274117739914
2026-01-20 10:21:16,057 - position: [ 0.07699628 -0.26445916  0.94574422] - angle: -1.4447299590793383
2026-01-20 10:21:16,272 - position: [ 0.07855736 -0.25846398  0.9450615 ] - angle: -1.4438198707439693
2026-01-20 10:21:16,518 - position: [ 0.07874962 -0.25779909  0.94482154] - angle: -1.44452524812775
2026-01-20 10:21:16,752 - position: [ 0.07555428 -0.25249735  0.93941063] - angle: -1.4432697585658234
2026-01-20 10:21:16,975 - position: [ 0.07341372 -0.25414568  0.93767786] - angle: -1.4426182861812658
2026-01-20 10:21:17,225 - position: [ 0.07110029 -0.25741413  0.93591243] - angle: -1.4404761265021793
2026-01-20 10:21:17,452 - position: [ 0.06790265 -0.26115239  0.93368942] - angle: -1.4412155341878359
2026-01-20 10:21:17,750 - position: [ 0.06535037 -0.26522812  0.93095213] - angle: -1.4410875775153298
2026-01-20 10:21:18,140 - position: [ 0.06344917 -0.2695916   0.92794615] - angle: -1.4397101496622673
2026-01-20 10:21:18,411 - position: [ 0.0621595  -0.27133244  0.92671818] - angle: -1.439821093033419
2026-01-20 10:21:18,680 - position: [ 0.06105077 -0.2709271   0.92605621] - angle: -1.43879707876886
2026-01-20 10:21:18,928 - position: [ 0.06143045 -0.26974261  0.92620927] - angle: -1.439563782160573
2026-01-20 10:21:19,233 - position: [ 0.06338517 -0.26411718  0.92987919] - angle: -1.4393350342638698
2026-01-20 10:21:19,498 - position: [ 0.06452889 -0.26062164  0.93219298] - angle: -1.4399145746374655
2026-01-20 10:21:19,742 - position: [ 0.06661388 -0.2574085   0.93461347] - angle: -1.4396185147069294
2026-01-20 10:21:20,001 - position: [ 0.06678231 -0.25726911  0.93469924] - angle: -1.4396197433469649
2026-01-20 10:21:20,279 - position: [ 0.07118141 -0.2551648   0.93574208] - angle: -1.439586467691365
2026-01-20 10:21:20,515 - position: [ 0.07198163 -0.25436935  0.93629056] - angle: -1.4388470443688637
2026-01-20 10:21:20,751 - position: [ 0.0727561  -0.25326133  0.93722862] - angle: -1.4392228410759982
2026-01-20 10:21:20,974 - position: [ 0.07323201 -0.25129282  0.93889588] - angle: -1.4393854506821677
2026-01-20 10:21:21,241 - position: [ 0.07328887 -0.24985099  0.940795  ] - angle: -1.4394922269287886
2026-01-20 10:21:21,450 - position: [ 0.07328887 -0.24985099  0.940795  ] - angle: -1.4394922269287886
2026-01-20 10:21:21,688 - position: [ 0.07330752 -0.25258508  0.95050734] - angle: -1.4389814106430228
2026-01-20 10:21:21,964 - position: [ 0.07390861 -0.25576296  0.95353049] - angle: -1.4390870005056828
2026-01-20 10:21:22,218 - position: [ 0.07580221 -0.25800297  0.95895666] - angle: -1.4392662821321704
2026-01-20 10:21:22,423 - position: [ 0.07570037 -0.25805405  0.95914513] - angle: -1.4391316030226018
2026-01-20 10:21:22,634 - position: [ 0.07435499 -0.26003093  0.96303332] - angle: -1.4385691586061333
2026-01-20 10:21:22,864 - position: [ 0.07411822 -0.26243439  0.96400523] - angle: -1.4375844378978035
2026-01-20 10:21:23,075 - position: [ 0.07374962 -0.2654556   0.96196049] - angle: -1.436977095818766
2026-01-20 10:21:23,307 - position: [ 0.07197449 -0.2690447   0.95898873] - angle: -1.4365325694857236
2026-01-20 10:21:23,568 - position: [ 0.07113616 -0.27106494  0.95785093] - angle: -1.4360987786378643
2026-01-20 10:21:23,832 - position: [ 0.07053635 -0.27199164  0.95725751] - angle: -1.4367020088589286
2026-01-20 10:21:24,060 - position: [ 0.07005375 -0.27277476  0.9568193 ] - angle: -1.4368336300252262
2026-01-20 10:21:24,320 - position: [ 0.06839585 -0.27530152  0.95597726] - angle: -1.4361753424810413
2026-01-20 10:21:24,631 - position: [ 0.06633131 -0.28026873  0.95461762] - angle: -1.4365420645223423
2026-01-20 10:21:24,903 - position: [ 0.06429765 -0.2843608   0.95279306] - angle: -1.4356662343569662
2026-01-20 10:21:25,155 - position: [ 0.06135099 -0.28635061  0.9499563 ] - angle: -1.43476705441442
2026-01-20 10:21:25,418 - position: [ 0.05820286 -0.29118612  0.93879306] - angle: -1.435257514228275
2026-01-20 10:21:25,647 - position: [ 0.06048301 -0.29346046  0.93448335] - angle: -1.435626887860542
2026-01-20 10:21:25,912 - position: [ 0.06117517 -0.29291028  0.93262732] - angle: -1.43550060142669
2026-01-20 10:21:26,118 - position: [ 0.06125093 -0.2920579   0.93185622] - angle: -1.435794817262542
2026-01-20 10:21:26,322 - position: [ 0.06151274 -0.28954354  0.93078256] - angle: -1.4354718013009764
2026-01-20 10:21:26,595 - position: [ 0.06173231 -0.28715187  0.93077558] - angle: -1.4357272731655528
2026-01-20 10:21:26,830 - position: [ 0.06459638 -0.2808356   0.93335664] - angle: -1.435436759493677
2026-01-20 10:21:27,048 - position: [ 0.06537466 -0.2793003   0.9343701 ] - angle: -1.435815476112245
2026-01-20 10:21:27,325 - position: [ 0.06767571 -0.27716985  0.93601388] - angle: -1.434504982402831
2026-01-20 10:21:27,583 - position: [ 0.06850423 -0.27726129  0.93601167] - angle: -1.4348800341659453
2026-01-20 10:21:27,873 - position: [ 0.07188156 -0.28009528  0.93614215] - angle: -1.4332753112200902
2026-01-20 10:21:28,075 - position: [ 0.07395665 -0.28273177  0.93685657] - angle: -1.4341409556098323
2026-01-20 10:21:28,337 - position: [ 0.07737082 -0.28624451  0.93918353] - angle: -1.43374707988316
2026-01-20 10:21:28,559 - position: [ 0.08190282 -0.2901817   0.9438715 ] - angle: -1.4319993844343482
2026-01-20 10:21:28,790 - position: [ 0.08414645 -0.29404092  0.95002514] - angle: -1.430577779072209
2026-01-20 10:21:29,080 - position: [ 0.08406293 -0.29538256  0.95364189] - angle: -1.430347995298547
2026-01-20 10:21:29,320 - position: [ 0.08307138 -0.29706758  0.95886636] - angle: -1.4301150883326712
2026-01-20 10:21:29,574 - position: [ 0.08304048 -0.2979762   0.96246791] - angle: -1.4290695694011997
2026-01-20 10:21:29,787 - position: [ 0.08377229 -0.29850474  0.96625453] - angle: -1.4280350866976095
2026-01-20 10:21:30,039 - position: [ 0.08473511 -0.29810518  0.96768481] - angle: -1.4272463899506773
2026-01-20 10:21:30,299 - position: [ 0.08716746 -0.29592586  0.96777236] - angle: -1.4264697050001196
2026-01-20 10:21:30,500 - position: [ 0.08913075 -0.29308754  0.9658708 ] - angle: -1.42626617837136
2026-01-20 10:21:30,715 - position: [ 0.08913463 -0.29183429  0.96486771] - angle: -1.4265921481023365
2026-01-20 10:21:30,947 - position: [ 0.0890004  -0.29046592  0.96290338] - angle: -1.4272783733518941
2026-01-20 10:21:31,241 - position: [ 0.09109699 -0.29129043  0.96165538] - angle: -1.428537567976591
2026-01-20 10:21:31,587 - position: [ 0.0926546  -0.29434472  0.96180826] - angle: -1.429198124753532
2026-01-20 10:21:31,837 - position: [ 0.09296416 -0.2968387   0.9620347 ] - angle: -1.428915222874442
2026-01-20 10:21:32,051 - position: [ 0.09272745 -0.29919514  0.96167409] - angle: -1.429276379671439
2026-01-20 10:21:32,310 - position: [ 0.0919112  -0.30143204  0.96116066] - angle: -1.4297074281325188
2026-01-20 10:21:32,582 - position: [ 0.09148584 -0.30305535  0.96220922] - angle: -1.4302351624136524
2026-01-20 10:21:32,817 - position: [ 0.09080113 -0.3039214   0.96450031] - angle: -1.4287002619654467
2026-01-20 10:21:33,080 - position: [ 0.09231712 -0.30597919  0.96310186] - angle: -1.4281155940058476
2026-01-20 10:21:33,325 - position: [ 0.0918211  -0.30655897  0.961842  ] - angle: -1.4279378935461406
2026-01-20 10:21:33,569 - position: [ 0.09030132 -0.31019092  0.95190263] - angle: -1.4280793748630063
2026-01-20 10:21:33,823 - position: [ 0.08903241 -0.31067005  0.94438815] - angle: -1.4276243850933752
2026-01-20 10:21:34,171 - position: [ 0.0872221  -0.30786514  0.93638307] - angle: -1.4262289452487273
2026-01-20 10:21:34,415 - position: [ 0.08593136 -0.30556813  0.93153262] - angle: -1.426537170250727
2026-01-20 10:21:34,631 - position: [ 0.0829769  -0.30356863  0.92555887] - angle: -1.4258200770462057
2026-01-20 10:21:34,859 - position: [ 0.08128047 -0.30313557  0.92162383] - angle: -1.42471250145613
2026-01-20 10:21:35,078 - position: [ 0.07856139 -0.30239129  0.91812152] - angle: -1.4244288321505034
2026-01-20 10:21:35,289 - position: [ 0.07841371 -0.30235401  0.91786283] - angle: -1.424659168981436
2026-01-20 10:21:35,535 - position: [ 0.07466719 -0.30257821  0.91135085] - angle: -1.4251912153434758
2026-01-20 10:21:35,782 - position: [ 0.07466719 -0.30257821  0.91135085] - angle: -1.4251912153434758
2026-01-20 10:21:36,040 - position: [ 0.07248736 -0.30541718  0.90370321] - angle: -1.4254952257037274
2026-01-20 10:21:36,276 - position: [ 0.07248736 -0.30541718  0.90370321] - angle: -1.4254952257037274
2026-01-20 10:21:36,516 - position: [ 0.07461277 -0.31311917  0.89529175] - angle: -1.425851340089241
2026-01-20 10:21:36,741 - position: [ 0.07528628 -0.3149063   0.89513224] - angle: -1.426072488138923
2026-01-20 10:21:36,958 - position: [ 0.07607538 -0.31679064  0.89611465] - angle: -1.4246118444973521
2026-01-20 10:21:37,207 - position: [ 0.07734328 -0.31803271  0.89967823] - angle: -1.4239464331599523
2026-01-20 10:21:37,420 - position: [ 0.07777892 -0.31710216  0.901685  ] - angle: -1.4227901169586552
2026-01-20 10:21:37,644 - position: [ 0.07791081 -0.31246555  0.90659469] - angle: -1.4219743152329203
2026-01-20 10:21:37,868 - position: [ 0.07946733 -0.30995432  0.91240215] - angle: -1.4214614906306555
2026-01-20 10:21:38,087 - position: [ 0.08024824 -0.31076294  0.91545814] - angle: -1.4210659427815169
2026-01-20 10:21:38,315 - position: [ 0.07960641 -0.31197199  0.91799903] - angle: -1.4205162244387144
2026-01-20 10:21:38,539 - position: [ 0.07795597 -0.31313407  0.92086148] - angle: -1.420106935494862
2026-01-20 10:21:38,750 - position: [ 0.07795597 -0.31313407  0.92086148] - angle: -1.420106935494862
2026-01-20 10:21:38,965 - position: [ 0.07741278 -0.31342578  0.92143017] - angle: -1.419570489618144
2026-01-20 10:21:39,230 - position: [ 0.07474449 -0.31427497  0.9244591 ] - angle: -1.4192780347734892
2026-01-20 10:21:39,526 - position: [ 0.07299933 -0.31429136  0.92926574] - angle: -1.4184319356420216
2026-01-20 10:21:39,869 - position: [ 0.07359055 -0.31493759  0.93609953] - angle: -1.4186883051074712
2026-01-20 10:21:40,214 - position: [ 0.07201207 -0.31282771  0.93710357] - angle: -1.4201026630005282
2026-01-20 10:21:40,457 - position: [ 0.07120514 -0.30984628  0.93748617] - angle: -1.4198945623708332
2026-01-20 10:21:40,669 - position: [ 0.07126967 -0.30749473  0.93885517] - angle: -1.4185206720109544
2026-01-20 10:21:40,879 - position: [ 0.07109069 -0.30588847  0.94071364] - angle: -1.418418639331955
2026-01-20 10:21:41,107 - position: [ 0.06920771 -0.30322918  0.94494736] - angle: -1.4192346142594432
2026-01-20 10:21:41,356 - position: [ 0.06914157 -0.30268985  0.94722158] - angle: -1.4187886293579681
2026-01-20 10:21:41,575 - position: [ 0.06958745 -0.30264193  0.94873846] - angle: -1.4188640269486288
2026-01-20 10:21:41,796 - position: [ 0.07033685 -0.3028672   0.94949383] - angle: -1.4187381350133434
2026-01-20 10:21:42,027 - position: [ 0.0709909  -0.30333543  0.95012105] - angle: -1.4184497818985249
2026-01-20 10:21:42,264 - position: [ 0.07140252 -0.3037006   0.95047915] - angle: -1.4181773075995108
2026-01-20 10:21:42,519 - position: [ 0.07272613 -0.30435991  0.95170593] - angle: -1.417332909915614
2026-01-20 10:21:42,745 - position: [ 0.0746911  -0.30393997  0.95121652] - angle: -1.4182420128963602
2026-01-20 10:21:42,983 - position: [ 0.07507552 -0.30366871  0.95080823] - angle: -1.417609248314557
2026-01-20 10:21:43,226 - position: [ 0.07618429 -0.30153757  0.94924134] - angle: -1.4173889360698864
2026-01-20 10:21:43,457 - position: [ 0.07965847 -0.30280173  0.94450074] - angle: -1.416411156284362
2026-01-20 10:21:43,671 - position: [ 0.08028696 -0.30327445  0.94430983] - angle: -1.4166187288748433
2026-01-20 10:21:43,877 - position: [ 0.08127049 -0.30406645  0.94414693] - angle: -1.416149729019319
2026-01-20 10:21:44,129 - position: [ 0.0869913  -0.30923954  0.94477069] - angle: -1.414569770221716
2026-01-20 10:21:44,527 - position: [ 0.08800984 -0.30865937  0.94490635] - angle: -1.4131244412640065
2026-01-20 10:21:44,805 - position: [ 0.0865962  -0.30485189  0.94697815] - angle: -1.4139958279338631
2026-01-20 10:21:45,054 - position: [ 0.0853735  -0.30334407  0.94869739] - angle: -1.413271937836619
2026-01-20 10:21:45,282 - position: [ 0.08266839 -0.30165613  0.95196694] - angle: -1.4126950104118068
2026-01-20 10:21:45,530 - position: [ 0.081299   -0.29932082  0.9554618 ] - angle: -1.4138043440522123
2026-01-20 10:21:45,811 - position: [ 0.08072523 -0.29736504  0.95952761] - angle: -1.413549395890454
2026-01-20 10:21:46,038 - position: [ 0.07890961 -0.29399639  0.96392208] - angle: -1.4128514403240335
2026-01-20 10:21:46,264 - position: [ 0.07811837 -0.29230237  0.96646214] - angle: -1.41203105545409
2026-01-20 10:21:46,494 - position: [ 0.07535707 -0.29143345  0.96734977] - angle: -1.4127233574545044
2026-01-20 10:21:46,761 - position: [ 0.07501335 -0.29211318  0.96835607] - angle: -1.4139093799525804
2026-01-20 10:21:47,023 - position: [ 0.07483888 -0.2922062   0.9686709 ] - angle: -1.4136850487224764
2026-01-20 10:21:47,272 - position: [ 0.07427809 -0.29244205  0.96839416] - angle: -1.4117528313726315
2026-01-20 10:21:47,515 - position: [ 0.0737232  -0.29265553  0.96782738] - angle: -1.4116729499381795
2026-01-20 10:21:47,802 - position: [ 0.0726952  -0.29273048  0.96631503] - angle: -1.4114380402801614
2026-01-20 10:21:48,040 - position: [ 0.07062703 -0.29126251  0.96064818] - angle: -1.4096867862001417
2026-01-20 10:21:48,277 - position: [ 0.06694026 -0.2864629   0.93989551] - angle: -1.4081096425110164
2026-01-20 10:21:48,524 - position: [ 0.0668266 -0.2858229  0.9349435] - angle: -1.407652595390266
2026-01-20 10:21:48,751 - position: [ 0.06804778 -0.28560647  0.93225056] - angle: -1.4070204448180963
2026-01-20 10:21:48,989 - position: [ 0.06969491 -0.28644633  0.93358064] - angle: -1.407588750172268
2026-01-20 10:21:49,222 - position: [ 0.07086158 -0.28842145  0.93770492] - angle: -1.4077768649161335
2026-01-20 10:21:49,458 - position: [ 0.07224433 -0.29233259  0.94843543] - angle: -1.4071806551334443
2026-01-20 10:21:49,681 - position: [ 0.07235572 -0.29278871  0.94944817] - angle: -1.407036427505242
2026-01-20 10:21:49,919 - position: [ 0.07300766 -0.29587054  0.95599818] - angle: -1.4065729882010647
2026-01-20 10:21:50,137 - position: [ 0.07366411 -0.29772142  0.96249473] - angle: -1.4074573923778542
2026-01-20 10:21:50,384 - position: [ 0.07431232 -0.2985158   0.96534932] - angle: -1.4078787219172932
2026-01-20 10:21:50,638 - position: [ 0.07510781 -0.29918751  0.96715009] - angle: -1.4084849471660967
2026-01-20 10:21:50,850 - position: [ 0.07990393 -0.30250373  0.97370034] - angle: -1.4071450185352243
2026-01-20 10:21:51,123 - position: [ 0.08790445 -0.30591905  0.97856027] - angle: -1.4065174155884201
2026-01-20 10:21:51,378 - position: [ 0.08800937 -0.30516046  0.97674   ] - angle: -1.405624934338097
2026-01-20 10:21:51,632 - position: [ 0.08759376 -0.30401728  0.97586924] - angle: -1.4050976515493039
2026-01-20 10:21:51,839 - position: [ 0.08620769 -0.30022806  0.97396946] - angle: -1.4052869709767308
2026-01-20 10:21:52,114 - position: [ 0.085505   -0.29836076  0.97107655] - angle: -1.4046377056796566
2026-01-20 10:21:52,322 - position: [ 0.08581373 -0.29814389  0.97000915] - angle: -1.4055510226430195
2026-01-20 10:21:52,559 - position: [ 0.08546562 -0.29876763  0.96855557] - angle: -1.4047945087353515
2026-01-20 10:21:52,765 - position: [ 0.08487291 -0.30000359  0.96648419] - angle: -1.4042548219991549
2026-01-20 10:21:53,015 - position: [ 0.08407106 -0.30170467  0.96279287] - angle: -1.403991631464279
2026-01-20 10:21:53,265 - position: [ 0.08376117 -0.30146599  0.96182132] - angle: -1.4041192266586617
2026-01-20 10:21:53,492 - position: [ 0.08205863 -0.30042267  0.95929813] - angle: -1.4035294895594865
2026-01-20 10:21:53,756 - position: [ 0.08005697 -0.29932311  0.95847613] - angle: -1.4027400536772787
2026-01-20 10:21:53,993 - position: [ 0.07854798 -0.29828036  0.95832467] - angle: -1.4024617315858148
2026-01-20 10:21:54,203 - position: [ 0.07672482 -0.29729766  0.95751923] - angle: -1.403274337730338
2026-01-20 10:21:54,433 - position: [ 0.07486668 -0.29714113  0.95602971] - angle: -1.4025310092401941
2026-01-20 10:21:54,660 - position: [ 0.07269631 -0.29748315  0.95380163] - angle: -1.4027699123601356
2026-01-20 10:21:54,881 - position: [ 0.06952627 -0.29820642  0.95107412] - angle: -1.4018665760937306
2026-01-20 10:21:55,104 - position: [ 0.06942462 -0.29824764  0.95087993] - angle: -1.4018985371353776
2026-01-20 10:21:55,374 - position: [ 0.06573601 -0.30163026  0.94154572] - angle: -1.3992172578269662
2026-01-20 10:21:55,580 - position: [ 0.06762314 -0.30191666  0.94013762] - angle: -1.398170197401238
2026-01-20 10:21:55,825 - position: [ 0.07015177 -0.30198357  0.93851995] - angle: -1.3986024964498096
2026-01-20 10:21:56,067 - position: [ 0.07049314 -0.30104077  0.93720984] - angle: -1.3980444766664823
2026-01-20 10:21:56,310 - position: [ 0.07067838 -0.30021209  0.93620032] - angle: -1.3971877481102943
2026-01-20 10:21:56,546 - position: [ 0.07099284 -0.2979449   0.9358902 ] - angle: -1.3983927584727027
2026-01-20 10:21:56,749 - position: [ 0.07053595 -0.29709429  0.93735075] - angle: -1.3974170106535655
2026-01-20 10:21:56,966 - position: [ 0.06973316 -0.29728538  0.93898064] - angle: -1.396746399984047
2026-01-20 10:21:57,197 - position: [ 0.0688475  -0.29812497  0.94084603] - angle: -1.3971053887097802
2026-01-20 10:21:57,439 - position: [ 0.06916172 -0.30018243  0.94412917] - angle: -1.396220433716369
2026-01-20 10:21:57,644 - position: [ 0.06925818 -0.30030584  0.94433618] - angle: -1.3961692874496419
2026-01-20 10:21:57,863 - position: [ 0.07013638 -0.30130872  0.94778377] - angle: -1.3951427801753344
2026-01-20 10:21:58,110 - position: [ 0.07054323 -0.30057129  0.94965822] - angle: -1.3951224568844296
2026-01-20 10:21:58,352 - position: [ 0.07261469 -0.29950505  0.95203167] - angle: -1.39511103703094
2026-01-20 10:21:58,565 - position: [ 0.074689   -0.30003792  0.95420206] - angle: -1.3950788596577595
2026-01-20 10:21:58,833 - position: [ 0.07683957 -0.30181777  0.95582205] - angle: -1.394694141512745
2026-01-20 10:21:59,044 - position: [ 0.07768169 -0.30302662  0.95645571] - angle: -1.3950278985914255
2026-01-20 10:21:59,289 - position: [ 0.07798508 -0.30351281  0.95664179] - angle: -1.3950894412337709
2026-01-20 10:21:59,544 - position: [ 0.07971377 -0.30606934  0.95743668] - angle: -1.3939291517531562
2026-01-20 10:21:59,806 - position: [ 0.08157881 -0.31051826  0.95880723] - angle: -1.3935893477942773
2026-01-20 10:22:00,050 - position: [ 0.08242781 -0.31424457  0.96042514] - angle: -1.3935233407566838
2026-01-20 10:22:00,304 - position: [ 0.08307615 -0.31642765  0.96181935] - angle: -1.3940561411549846
2026-01-20 10:22:00,708 - position: [ 0.08363849 -0.31710783  0.96279526] - angle: -1.393770044790997
2026-01-20 10:22:00,926 - position: [ 0.08477527 -0.31555909  0.96103525] - angle: -1.394237470053762
2026-01-20 10:22:01,229 - position: [ 0.08497553 -0.31489649  0.9605763 ] - angle: -1.3936202374414606
2026-01-20 10:22:01,462 - position: [ 0.08523256 -0.31227595  0.95801741] - angle: -1.393147941992757
2026-01-20 10:22:01,696 - position: [ 0.08612327 -0.31214309  0.95687574] - angle: -1.3933693226929793
2026-01-20 10:22:01,923 - position: [ 0.08613931 -0.3126277   0.95583367] - angle: -1.3934081189587446
2026-01-20 10:22:02,145 - position: [ 0.08610614 -0.31310225  0.9548139 ] - angle: -1.3937764300038196
2026-01-20 10:22:02,409 - position: [ 0.08601432 -0.31379277  0.95365894] - angle: -1.3935301772504052
2026-01-20 10:22:02,639 - position: [ 0.08577535 -0.31359008  0.95233077] - angle: -1.3937343739405823
2026-01-20 10:22:02,863 - position: [ 0.08577535 -0.31359008  0.95233077] - angle: -1.3937343739405823
2026-01-20 10:22:03,105 - position: [ 0.08702255 -0.30914107  0.94951606] - angle: -1.392457094518774
2026-01-20 10:22:03,339 - position: [ 0.08654621 -0.30634138  0.94794005] - angle: -1.391500156741948
2026-01-20 10:22:03,578 - position: [ 0.08621667 -0.30329308  0.94559699] - angle: -1.3904205718798401
2026-01-20 10:22:03,791 - position: [ 0.08637242 -0.30375239  0.94438279] - angle: -1.3897416339425628
2026-01-20 10:22:04,007 - position: [ 0.08583233 -0.30575868  0.94285744] - angle: -1.3905906286548113
2026-01-20 10:22:04,230 - position: [ 0.08544572 -0.30790952  0.94186962] - angle: -1.389945212852373
2026-01-20 10:22:04,473 - position: [ 0.0833597  -0.31183374  0.93830377] - angle: -1.3884070409191427
2026-01-20 10:22:04,694 - position: [ 0.08269069 -0.31261799  0.93606371] - angle: -1.3881843838201524
2026-01-20 10:22:04,952 - position: [ 0.0817715  -0.31055179  0.93645817] - angle: -1.3878006388888933
2026-01-20 10:22:05,229 - position: [ 0.08099747 -0.30822787  0.9398517 ] - angle: -1.388156646160612
2026-01-20 10:22:05,453 - position: [ 0.0805035  -0.30772248  0.94195396] - angle: -1.3873027078343836
2026-01-20 10:22:05,694 - position: [ 0.07879969 -0.30858305  0.94561297] - angle: -1.3874968585859895
2026-01-20 10:22:05,931 - position: [ 0.07682204 -0.31025985  0.94715089] - angle: -1.3873690801992478
2026-01-20 10:22:06,148 - position: [ 0.07449391 -0.31217539  0.9479515 ] - angle: -1.3870526685201252
2026-01-20 10:22:06,353 - position: [ 0.07421228 -0.31270143  0.94831932] - angle: -1.3872033564072552
2026-01-20 10:22:06,612 - position: [ 0.07351093 -0.31300619  0.9486289 ] - angle: -1.3867907132777497
2026-01-20 10:22:06,834 - position: [ 0.072694   -0.31162813  0.94831795] - angle: -1.3871655930279898
2026-01-20 10:22:07,067 - position: [ 0.07323237 -0.30825177  0.94329953] - angle: -1.3876042562196638
2026-01-20 10:22:07,314 - position: [ 0.07424229 -0.30675405  0.94087613] - angle: -1.3870409262227352
2026-01-20 10:22:07,563 - position: [ 0.077298   -0.30337921  0.93352079] - angle: -1.3857448046590704
2026-01-20 10:22:07,772 - position: [ 0.07833786 -0.30173782  0.93148577] - angle: -1.386389787477377
2026-01-20 10:22:08,014 - position: [ 0.07937434 -0.3001824   0.92982411] - angle: -1.3869024888833925
2026-01-20 10:22:08,234 - position: [ 0.08040304 -0.29859236  0.92912883] - angle: -1.386531510717755
2026-01-20 10:22:08,497 - position: [ 0.08062854 -0.29832813  0.92909259] - angle: -1.386575700176027
2026-01-20 10:22:08,739 - position: [ 0.08212987 -0.29710475  0.92936522] - angle: -1.3854246737736178
2026-01-20 10:22:08,982 - position: [ 0.08217382 -0.29693189  0.92976671] - angle: -1.3854610047422984
2026-01-20 10:22:09,213 - position: [ 0.07990097 -0.299288    0.92769861] - angle: -1.3849322618695807
2026-01-20 10:22:09,438 - position: [ 0.07862053 -0.30089903  0.92627567] - angle: -1.384534877530935
2026-01-20 10:22:09,670 - position: [ 0.07790321 -0.30200827  0.92493147] - angle: -1.3846589394019522
2026-01-20 10:22:09,922 - position: [ 0.07498413 -0.30721033  0.9161002 ] - angle: -1.3837778989113536
2026-01-20 10:22:10,170 - position: [ 0.07324025 -0.30798391  0.91409326] - angle: -1.3830975817652016
2026-01-20 10:22:10,395 - position: [ 0.07180648 -0.30847529  0.91350132] - angle: -1.383382204933704
2026-01-20 10:22:10,614 - position: [ 0.0699095  -0.30845001  0.9143492 ] - angle: -1.3832782072156373
2026-01-20 10:22:10,843 - position: [ 0.06831384 -0.30881199  0.91602373] - angle: -1.3828060011619594
2026-01-20 10:22:11,106 - position: [ 0.06745546 -0.30942878  0.91734892] - angle: -1.382723191446905
2026-01-20 10:22:11,335 - position: [ 0.06802012 -0.31017193  0.918603  ] - angle: -1.3829940233782794
2026-01-20 10:22:11,559 - position: [ 0.06852584 -0.31083575  0.91929066] - angle: -1.3831429899136727
2026-01-20 10:22:11,777 - position: [ 0.06877594 -0.31145504  0.91986513] - angle: -1.3832255216418292
2026-01-20 10:22:12,003 - position: [ 0.07057752 -0.3155376   0.92837119] - angle: -1.3822322254958181
2026-01-20 10:22:12,272 - position: [ 0.06970883 -0.31705487  0.93162721] - angle: -1.3821851202476156
2026-01-20 10:22:12,554 - position: [ 0.06576712 -0.31924686  0.93685758] - angle: -1.3824226536375708
2026-01-20 10:22:12,778 - position: [ 0.06496155 -0.31987065  0.93790394] - angle: -1.3817915257895717
2026-01-20 10:22:13,075 - position: [ 0.06505158 -0.32231349  0.93992108] - angle: -1.3817287831974343
2026-01-20 10:22:13,342 - position: [ 0.06688467 -0.32330748  0.93882793] - angle: -1.3812899632913846
2026-01-20 10:22:13,582 - position: [ 0.06847117 -0.32409665  0.93810713] - angle: -1.3808317982206253
2026-01-20 10:22:13,839 - position: [ 0.07217112 -0.32649747  0.93716437] - angle: -1.3821206004181814
2026-01-20 10:22:14,067 - position: [ 0.07440341 -0.32844061  0.93812573] - angle: -1.3808980962531918
2026-01-20 10:22:14,319 - position: [ 0.07620399 -0.32990447  0.93884194] - angle: -1.3807950981714354
2026-01-20 10:22:14,568 - position: [ 0.07793277 -0.33132741  0.93845183] - angle: -1.3807608527297712
2026-01-20 10:22:14,788 - position: [ 0.07867302 -0.33190528  0.93826282] - angle: -1.3804585833398724
2026-01-20 10:22:15,021 - position: [ 0.08088482 -0.33201635  0.93911237] - angle: -1.3807133244725232
2026-01-20 10:22:15,249 - position: [ 0.08324485 -0.33132794  0.94047314] - angle: -1.3806482629888506
2026-01-20 10:22:15,519 - position: [ 0.08744545 -0.33180055  0.94208044] - angle: -1.3804665856364058
2026-01-20 10:22:15,871 - position: [ 0.0920655  -0.33308733  0.94324422] - angle: -1.3807533792887425
2026-01-20 10:22:16,147 - position: [ 0.09473175 -0.33595434  0.94512701] - angle: -1.3803897405211933
2026-01-20 10:22:16,381 - position: [ 0.09501985 -0.33692867  0.94654512] - angle: -1.380094929643314
2026-01-20 10:22:16,604 - position: [ 0.09510586 -0.33746302  0.94716632] - angle: -1.3797597805486053
2026-01-20 10:22:16,839 - position: [ 0.09367152 -0.33905682  0.95171261] - angle: -1.3794355311460222
2026-01-20 10:22:17,100 - position: [ 0.09179751 -0.33920431  0.95538241] - angle: -1.3785466167685954
2026-01-20 10:22:17,399 - position: [ 0.08880063 -0.33877444  0.95856893] - angle: -1.378224463897662
2026-01-20 10:22:17,679 - position: [ 0.08645344 -0.3366845   0.96019351] - angle: -1.3770629750571661
2026-01-20 10:22:17,934 - position: [ 0.08552063 -0.3355971   0.96052885] - angle: -1.3764381556965484
2026-01-20 10:22:18,229 - position: [ 0.08409981 -0.33149862  0.96300679] - angle: -1.3773152968355031
2026-01-20 10:22:18,444 - position: [ 0.08375952 -0.32960966  0.96459955] - angle: -1.377068161898615
2026-01-20 10:22:18,677 - position: [ 0.08320267 -0.32753071  0.96651429] - angle: -1.3770330504651662
2026-01-20 10:22:18,902 - position: [ 0.0831346  -0.32720539  0.96683675] - angle: -1.376739011634316
2026-01-20 10:22:19,122 - position: [ 0.08295756 -0.32502246  0.96878326] - angle: -1.3771930442367357
2026-01-20 10:22:19,349 - position: [ 0.08229275 -0.32303461  0.96812898] - angle: -1.3767840726157878
2026-01-20 10:22:19,576 - position: [ 0.08219385 -0.32285607  0.96783912] - angle: -1.3767354684186888
2026-01-20 10:22:19,814 - position: [ 0.08140495 -0.32224584  0.96615243] - angle: -1.3767206631832534
2026-01-20 10:22:20,128 - position: [ 0.07845609 -0.32045794  0.95883083] - angle: -1.3766583640916776
2026-01-20 10:22:20,562 - position: [ 0.07869074 -0.31922656  0.94852364] - angle: -1.3767887434345414
2026-01-20 10:22:20,819 - position: [ 0.08150368 -0.31899875  0.94719601] - angle: -1.37650733522424
2026-01-20 10:22:21,095 - position: [ 0.08449865 -0.31605133  0.94785422] - angle: -1.3752688882436872
2026-01-20 10:22:21,340 - position: [ 0.08449865 -0.31605133  0.94785422] - angle: -1.3752688882436872
2026-01-20 10:22:21,587 - position: [ 0.08642361 -0.3101382   0.9506771 ] - angle: -1.3757471862103743
2026-01-20 10:22:21,837 - position: [ 0.08642361 -0.3101382   0.9506771 ] - angle: -1.3757471862103743
2026-01-20 10:22:22,087 - position: [ 0.09314796 -0.30060145  0.95350492] - angle: -1.3757684824865928
2026-01-20 10:22:22,327 - position: [ 0.09423804 -0.29920188  0.95348382] - angle: -1.3754652433686827
2026-01-20 10:22:22,555 - position: [ 0.09513577 -0.29767665  0.95297372] - angle: -1.3745072174168098
2026-01-20 10:22:22,837 - position: [ 0.09935091 -0.2961401   0.95028037] - angle: -1.3748605865851382
2026-01-20 10:22:23,157 - position: [ 0.10164272 -0.29313627  0.9511373 ] - angle: -1.3747976609917725
2026-01-20 10:22:23,406 - position: [ 0.10296493 -0.29086271  0.9518953 ] - angle: -1.3740725904469184
2026-01-20 10:22:23,655 - position: [ 0.10408992 -0.28855187  0.95222217] - angle: -1.3745680253222017
2026-01-20 10:22:23,901 - position: [ 0.10408992 -0.28855187  0.95222217] - angle: -1.3745680253222017
2026-01-20 10:22:24,146 - position: [ 0.10582369 -0.28475976  0.95436561] - angle: -1.3741187531864667
2026-01-20 10:22:24,376 - position: [ 0.1117598  -0.28677991  0.96003556] - angle: -1.3745103567024302
2026-01-20 10:22:24,658 - position: [ 0.11471684 -0.28819287  0.964742  ] - angle: -1.374226658189694
2026-01-20 10:22:24,960 - position: [ 0.1169795  -0.29061118  0.97033072] - angle: -1.3726686925493388
2026-01-20 10:22:25,212 - position: [ 0.11788652 -0.29365847  0.97216487] - angle: -1.3722905362042757
2026-01-20 10:22:25,437 - position: [ 0.11894017 -0.29992229  0.97367102] - angle: -1.37228060825562
2026-01-20 10:22:25,665 - position: [ 0.11925608 -0.30341655  0.97399497] - angle: -1.3716228241587287
2026-01-20 10:22:25,912 - position: [ 0.11934845 -0.30425152  0.97402644] - angle: -1.372243907546145
2026-01-20 10:22:26,125 - position: [ 0.11952293 -0.30740961  0.9737407 ] - angle: -1.371059568344025
2026-01-20 10:22:26,385 - position: [ 0.11666714 -0.32115576  0.96672326] - angle: -1.3718231596423043
2026-01-20 10:22:26,684 - position: [ 0.11408367 -0.322335    0.96115458] - angle: -1.372047288459357
2026-01-20 10:22:26,900 - position: [ 0.11504859 -0.32240766  0.9553535 ] - angle: -1.3715806424310708
2026-01-20 10:22:27,119 - position: [ 0.11562277 -0.32246682  0.95236433] - angle: -1.3722146187948452
2026-01-20 10:22:27,363 - position: [ 0.11517923 -0.32188907  0.9467482 ] - angle: -1.371159837736299
2026-01-20 10:22:27,622 - position: [ 0.11465377 -0.32122549  0.94437367] - angle: -1.3701542557013573
2026-01-20 10:22:27,892 - position: [ 0.11445594 -0.3213701   0.9425087 ] - angle: -1.3703332583317502
2026-01-20 10:22:28,165 - position: [ 0.11407678 -0.32198328  0.94059044] - angle: -1.3705168966124512
2026-01-20 10:22:28,392 - position: [ 0.1133666  -0.32170153  0.93966866] - angle: -1.3699814640766568
2026-01-20 10:22:28,597 - position: [ 0.11040507 -0.31979167  0.93695182] - angle: -1.3703954506833944
2026-01-20 10:22:28,846 - position: [ 0.1074699  -0.31768143  0.93472904] - angle: -1.3693754267331948
2026-01-20 10:22:29,077 - position: [ 0.10450497 -0.31564727  0.93281835] - angle: -1.3694892639743026
2026-01-20 10:22:29,279 - position: [ 0.10450497 -0.31564727  0.93281835] - angle: -1.3694892639743026
2026-01-20 10:22:29,537 - position: [ 0.0962209  -0.30782211  0.92530161] - angle: -1.3688253869445433
2026-01-20 10:22:29,757 - position: [ 0.09343575 -0.30604196  0.92309004] - angle: -1.3682612300156944
2026-01-20 10:22:29,987 - position: [ 0.09126721 -0.30531684  0.92197162] - angle: -1.367063791708707
2026-01-20 10:22:30,306 - position: [ 0.07727613 -0.30397776  0.91479266] - angle: -1.3668679761876499
2026-01-20 10:22:30,557 - position: [ 0.07351513 -0.30366853  0.91307491] - angle: -1.3665343032486104
2026-01-20 10:22:30,793 - position: [ 0.06803585 -0.30286279  0.91456813] - angle: -1.3660186073398202
2026-01-20 10:22:31,002 - position: [ 0.06545261 -0.3017287   0.91693336] - angle: -1.3654538732059147
2026-01-20 10:22:31,281 - position: [ 0.06402094 -0.30056414  0.91973841] - angle: -1.365404429160776
2026-01-20 10:22:31,539 - position: [ 0.06516185 -0.30080169  0.92227417] - angle: -1.3649148976206589
2026-01-20 10:22:31,807 - position: [ 0.06709652 -0.30097106  0.92347491] - angle: -1.36360090509806
2026-01-20 10:22:32,035 - position: [ 0.07017954 -0.30279496  0.92206675] - angle: -1.3631606840441948
2026-01-20 10:22:32,258 - position: [ 0.07092222 -0.30356625  0.92140907] - angle: -1.3625475156543558
2026-01-20 10:22:32,476 - position: [ 0.07179489 -0.30420229  0.92086518] - angle: -1.362146030717153
2026-01-20 10:22:32,728 - position: [ 0.07591148 -0.30785453  0.91699028] - angle: -1.3615938273080261
2026-01-20 10:22:32,963 - position: [ 0.07680057 -0.30996871  0.91667169] - angle: -1.3609874849213162
2026-01-20 10:22:33,185 - position: [ 0.07795537 -0.31165802  0.91855824] - angle: -1.359810963498008
2026-01-20 10:22:33,497 - position: [ 0.07870358 -0.31299406  0.92447782] - angle: -1.3601272163535305
2026-01-20 10:22:33,805 - position: [ 0.07908081 -0.31338528  0.92807734] - angle: -1.3605087292585423
2026-01-20 10:22:34,028 - position: [ 0.07936148 -0.31326371  0.92863959] - angle: -1.3608904862870719
2026-01-20 10:22:34,288 - position: [ 0.07934175 -0.31233391  0.92886031] - angle: -1.3613108181972589
2026-01-20 10:22:34,579 - position: [ 0.07954714 -0.31060788  0.92899853] - angle: -1.3619886590237051
2026-01-20 10:22:34,810 - position: [ 0.07887202 -0.30759317  0.92905396] - angle: -1.3621306591364224
2026-01-20 10:22:35,033 - position: [ 0.07856404 -0.30650461  0.92916924] - angle: -1.3620738219587167
2026-01-20 10:22:35,267 - position: [ 0.07798532 -0.30228928  0.92959976] - angle: -1.3625335456305718
