2026-01-20 10:00:22,012 - position: [ 0.09571823 -1.34185445  1.81085122]
2026-01-20 10:00:22,335 - position: [ 0.09626455 -1.34112489  1.81052125]
2026-01-20 10:00:22,542 - position: [ 0.09581621 -1.33997655  1.81029284]
2026-01-20 10:00:22,770 - position: [ 0.09617167 -1.34016645  1.81038928]
2026-01-20 10:00:23,039 - position: [ 0.09662578 -1.34023035  1.81043994]
2026-01-20 10:00:23,362 - position: [ 0.09931695 -1.33927226  1.81015384]
2026-01-20 10:00:23,647 - position: [ 0.10231484 -1.33915198  1.81038821]
2026-01-20 10:00:23,884 - position: [ 0.10499587 -1.3370024   1.80988503]
2026-01-20 10:00:24,161 - position: [ 0.1063075  -1.33549285  1.80969834]
2026-01-20 10:00:24,378 - position: [ 0.10738493 -1.33455682  1.80942667]
2026-01-20 10:00:24,594 - position: [ 0.10774446 -1.33414614  1.80939996]
2026-01-20 10:00:24,808 - position: [ 0.109217   -1.33256161  1.80968213]
2026-01-20 10:00:25,042 - position: [ 0.11176403 -1.33026052  1.81025982]
2026-01-20 10:00:25,295 - position: [ 0.11337983 -1.33237839  1.81111109]
2026-01-20 10:00:25,562 - position: [ 0.11447372 -1.34685767  1.81694353]
2026-01-20 10:00:25,808 - position: [ 0.10939302 -1.36533523  1.82127666]
2026-01-20 10:00:26,045 - position: [ 0.10804636 -1.36766505  1.82155001]
2026-01-20 10:00:26,274 - position: [ 0.10767595 -1.36763942  1.8214047 ]
2026-01-20 10:00:26,493 - position: [ 0.11009988 -1.35999918  1.82036972]
2026-01-20 10:00:26,746 - position: [ 0.10940681 -1.35912895  1.82010555]
2026-01-20 10:00:27,044 - position: [ 0.10886364 -1.35598433  1.81982672]
2026-01-20 10:00:27,315 - position: [ 0.10601965 -1.35280812  1.81957376]
2026-01-20 10:00:27,585 - position: [ 0.10229386 -1.3511132   1.8192395 ]
2026-01-20 10:00:27,830 - position: [ 0.1024021  -1.35059941  1.8191632 ]
2026-01-20 10:00:28,115 - position: [ 0.10228862 -1.35029566  1.81910491]
2026-01-20 10:00:28,365 - position: [ 0.10172266 -1.35045171  1.8191427 ]
2026-01-20 10:00:28,598 - position: [ 0.10075103 -1.35043144  1.81926405]
2026-01-20 10:00:28,844 - position: [ 0.10053482 -1.35043204  1.81924748]
2026-01-20 10:00:29,109 - position: [ 0.101119   -1.35036623  1.81935763]
2026-01-20 10:00:29,342 - position: [ 0.10200956 -1.35112894  1.81927752]
2026-01-20 10:00:29,629 - position: [ 0.10352127 -1.35376382  1.81929946]
2026-01-20 10:00:29,878 - position: [ 0.10470916 -1.35783494  1.81954455]
2026-01-20 10:00:30,124 - position: [ 0.10613894 -1.35660124  1.81954849]
2026-01-20 10:00:30,370 - position: [ 0.10588112 -1.35589814  1.81921899]
2026-01-20 10:00:30,628 - position: [ 0.05277324 -1.35751092  1.81117749]
2026-01-20 10:00:30,850 - position: [ 0.0458147  -1.35926688  1.81015122]
2026-01-20 10:00:31,111 - position: [ 0.02502634 -1.36622024  1.80530727]
2026-01-20 10:00:31,344 - position: [ 0.01271573 -1.37237251  1.80128157]
2026-01-20 10:00:31,623 - position: [ 0.01271573 -1.37237251  1.80128157]
2026-01-20 10:00:31,841 - position: [ 0.01271573 -1.37237251  1.80128157]
2026-01-20 10:00:32,073 - position: [ 0.08316537 -1.36821783  1.81853843]
2026-01-20 10:00:32,331 - position: [ 0.08822891 -1.36885774  1.81890547]
2026-01-20 10:00:32,582 - position: [ 0.0975475  -1.36725211  1.81862378]
2026-01-20 10:00:32,786 - position: [ 0.1007534  -1.36698723  1.81889558]
2026-01-20 10:00:33,101 - position: [ 0.10060639 -1.36650777  1.81869376]
2026-01-20 10:00:33,349 - position: [ 0.09432486 -1.37828302  1.82019377]
2026-01-20 10:00:33,640 - position: [ 0.08637162 -1.38395119  1.82153261]
2026-01-20 10:00:33,849 - position: [ 0.08619401 -1.37844384  1.82122695]
2026-01-20 10:00:34,059 - position: [ 0.08438447 -1.37668598  1.82114196]
2026-01-20 10:00:34,287 - position: [ 0.08594716 -1.37645519  1.82020676]
2026-01-20 10:00:34,514 - position: [ 0.0806371  -1.38122034  1.82033372]
2026-01-20 10:00:34,771 - position: [ 0.08148246 -1.3827219   1.82110679]
2026-01-20 10:00:34,994 - position: [ 0.08194099 -1.38191688  1.8210628 ]
2026-01-20 10:00:35,229 - position: [ 0.07901964 -1.38098335  1.82106042]
2026-01-20 10:00:35,463 - position: [ 0.06436426 -1.38166273  1.82092035]
2026-01-20 10:00:35,701 - position: [ 0.07776661 -1.37856054  1.82107735]
2026-01-20 10:00:35,942 - position: [ 0.07831857 -1.37787724  1.82123971]
2026-01-20 10:00:36,151 - position: [ 0.07831857 -1.37787724  1.82123971]
2026-01-20 10:00:36,389 - position: [ 0.07287831 -1.37871957  1.82071078]
2026-01-20 10:00:36,629 - position: [ 0.07248552 -1.37959135  1.82068038]
2026-01-20 10:00:36,890 - position: [ 0.07194397 -1.38056207  1.82050502]
2026-01-20 10:00:37,125 - position: [ 0.07310633 -1.3812511   1.82047522]
2026-01-20 10:00:37,393 - position: [ 0.06994585 -1.38590455  1.82083941]
2026-01-20 10:00:37,620 - position: [ 0.06835355 -1.38777328  1.82090652]
2026-01-20 10:00:37,842 - position: [ 0.06771612 -1.38827288  1.82101107]
2026-01-20 10:00:38,115 - position: [ 0.06703413 -1.38747227  1.82073879]
2026-01-20 10:00:38,359 - position: [ 0.06692175 -1.38714707  1.82075012]
2026-01-20 10:00:38,669 - position: [ 0.06639743 -1.38897967  1.82041728]
2026-01-20 10:00:38,881 - position: [ 0.06539719 -1.3897258   1.81986141]
2026-01-20 10:00:39,106 - position: [ 0.03031403 -1.39420044  1.80982649]
2026-01-20 10:00:39,403 - position: [ 0.05918923 -1.38626885  1.81654513]
2026-01-20 10:00:39,635 - position: [ 0.07446515 -1.38551605  1.82021976]
2026-01-20 10:00:39,931 - position: [ 0.06373543 -1.38855124  1.8181808 ]
2026-01-20 10:00:40,195 - position: [ 0.02182072 -1.40310228  1.80870497]
2026-01-20 10:00:40,430 - position: [ 0.00511145 -1.41113877  1.79909134]
2026-01-20 10:00:40,712 - position: [ 0.00429043 -1.41049707  1.79777157]
2026-01-20 10:00:40,950 - position: [ 0.08025163 -1.39246905  1.81517029]
2026-01-20 10:00:41,173 - position: [ 0.08269566 -1.3958385   1.81792891]
2026-01-20 10:00:41,411 - position: [ 0.08239715 -1.39627779  1.81777894]
2026-01-20 10:00:41,631 - position: [ 0.07933678 -1.39181042  1.81671143]
2026-01-20 10:00:41,880 - position: [ 0.08952723 -1.39074934  1.81834495]
2026-01-20 10:00:42,105 - position: [ 0.08945327 -1.39141619  1.81830442]
2026-01-20 10:00:42,393 - position: [ 0.08785547 -1.39201665  1.81882226]
2026-01-20 10:00:42,630 - position: [ 0.08646086 -1.39046359  1.81882846]
2026-01-20 10:00:42,881 - position: [ 0.08668654 -1.39006102  1.81869793]
2026-01-20 10:00:43,098 - position: [ 0.08706893 -1.38994205  1.81864488]
2026-01-20 10:00:43,324 - position: [ 0.08787222 -1.39031696  1.8185997 ]
2026-01-20 10:00:43,560 - position: [ 0.07469393 -1.39657426  1.82000029]
2026-01-20 10:00:43,784 - position: [ 0.08031134 -1.4000634   1.82158434]
2026-01-20 10:00:44,053 - position: [ 0.08184462 -1.40140331  1.82256389]
2026-01-20 10:00:44,319 - position: [ 0.08575571 -1.39744532  1.82090056]
2026-01-20 10:00:44,573 - position: [ 0.0813989  -1.39910936  1.82201982]
2026-01-20 10:00:44,837 - position: [ 0.08316428 -1.398417    1.82229543]
2026-01-20 10:00:45,056 - position: [ 0.08431359 -1.39818037  1.82232118]
2026-01-20 10:00:45,325 - position: [ 0.08425703 -1.39817643  1.82208133]
2026-01-20 10:00:45,541 - position: [ 0.0815669  -1.39850235  1.82182348]
2026-01-20 10:00:45,770 - position: [ 0.08018545 -1.39864802  1.82192016]
2026-01-20 10:00:46,043 - position: [ 0.0794585 -1.3984971  1.8217715]
2026-01-20 10:00:46,358 - position: [ 0.07910677 -1.39754546  1.82180333]
2026-01-20 10:00:46,635 - position: [ 0.07762815 -1.3966831   1.82190108]
2026-01-20 10:00:46,880 - position: [ 0.07599413 -1.39336431  1.8208853 ]
2026-01-20 10:00:47,125 - position: [ 0.0743416  -1.39337897  1.82094598]
2026-01-20 10:00:47,361 - position: [ 0.0693625  -1.39385688  1.8199631 ]
2026-01-20 10:00:47,637 - position: [ 0.06098963 -1.39430499  1.81847215]
2026-01-20 10:00:47,855 - position: [ 0.05955607 -1.3931067   1.81740034]
2026-01-20 10:00:48,157 - position: [ 0.05906045 -1.39498711  1.81806207]
2026-01-20 10:00:48,372 - position: [ 0.05911823 -1.39555264  1.81828582]
2026-01-20 10:00:48,598 - position: [ 0.06006128 -1.39547527  1.81830883]
2026-01-20 10:00:48,845 - position: [ 0.0488727  -1.39554143  1.81893873]
2026-01-20 10:00:49,153 - position: [ 0.0740374  -1.38346279  1.81975698]
2026-01-20 10:00:49,392 - position: [ 0.07407455 -1.3846097   1.81954086]
2026-01-20 10:00:49,640 - position: [ 0.07869841 -1.3876313   1.82060456]
2026-01-20 10:00:49,857 - position: [ 0.07646593 -1.39212406  1.82100046]
2026-01-20 10:00:50,071 - position: [ 0.07741217 -1.39122045  1.82096648]
2026-01-20 10:00:50,307 - position: [ 0.07539194 -1.38840055  1.81966496]
2026-01-20 10:00:50,524 - position: [ 0.07124895 -1.38781786  1.81881726]
2026-01-20 10:00:50,794 - position: [ 0.06857371 -1.38533342  1.81716478]
2026-01-20 10:00:51,007 - position: [ 0.07495926 -1.38045394  1.81748796]
2026-01-20 10:00:51,245 - position: [ 0.07544457 -1.38023508  1.81735504]
2026-01-20 10:00:51,497 - position: [ 0.07591425 -1.37995756  1.81704223]
2026-01-20 10:00:51,751 - position: [ 0.07653718 -1.37968349  1.81673777]
2026-01-20 10:00:51,995 - position: [ 0.07542142 -1.37917554  1.81649089]
2026-01-20 10:00:52,231 - position: [ 0.07128759 -1.37648189  1.81619811]
2026-01-20 10:00:52,535 - position: [ 0.07029399 -1.37586045  1.81625843]
2026-01-20 10:00:52,771 - position: [ 0.07106914 -1.37495959  1.81684291]
2026-01-20 10:00:53,012 - position: [ 0.07022581 -1.37159157  1.81648266]
2026-01-20 10:00:53,259 - position: [ 0.06986629 -1.37081611  1.81630898]
2026-01-20 10:00:53,516 - position: [ 0.06763849 -1.36864269  1.8164078 ]
2026-01-20 10:00:53,733 - position: [ 0.06730985 -1.36827588  1.81649244]
2026-01-20 10:00:53,980 - position: [ 0.06714493 -1.36844444  1.81640232]
2026-01-20 10:00:54,194 - position: [ 0.06770957 -1.3697933   1.81667674]
2026-01-20 10:00:54,446 - position: [ 0.06870622 -1.37081766  1.81651533]
2026-01-20 10:00:54,716 - position: [ 0.06937314 -1.37358499  1.81683946]
2026-01-20 10:00:55,057 - position: [ 0.06493208 -1.37804675  1.81698048]
2026-01-20 10:00:55,314 - position: [ 0.0604809  -1.38626707  1.8183744 ]
2026-01-20 10:00:55,562 - position: [ 0.07303781 -1.38630664  1.82003641]
2026-01-20 10:00:55,811 - position: [ 0.07575216 -1.38637114  1.81998813]
2026-01-20 10:00:56,044 - position: [ 0.07518087 -1.38743877  1.82033503]
2026-01-20 10:00:56,275 - position: [ 0.07472413 -1.3883127   1.81999028]
2026-01-20 10:00:56,517 - position: [ 0.07271499 -1.38876724  1.81986713]
2026-01-20 10:00:56,736 - position: [ 0.0413277  -1.39602828  1.81595576]
2026-01-20 10:00:56,971 - position: [ 0.05092273 -1.3868587   1.81716406]
2026-01-20 10:00:57,198 - position: [ 0.05917842 -1.38090563  1.8193897 ]
2026-01-20 10:00:57,417 - position: [ 0.0781199  -1.37731779  1.8207823 ]
2026-01-20 10:00:57,648 - position: [ 0.08652294 -1.37842286  1.82206857]
2026-01-20 10:00:57,871 - position: [ 0.08652294 -1.37842286  1.82206857]
2026-01-20 10:00:58,091 - position: [ 0.09704143 -1.38436413  1.82242811]
2026-01-20 10:00:58,336 - position: [ 0.06717632 -1.40231335  1.81853271]
2026-01-20 10:00:58,632 - position: [ 0.0516786  -1.41555858  1.81717956]
2026-01-20 10:00:58,885 - position: [ 0.04686125 -1.41942394  1.81577766]
2026-01-20 10:00:59,119 - position: [ 0.03254897 -1.42585659  1.81248295]
2026-01-20 10:00:59,364 - position: [ 0.03193616 -1.42781985  1.81263018]
2026-01-20 10:00:59,601 - position: [ 0.0308577  -1.43238091  1.81216395]
2026-01-20 10:00:59,857 - position: [ 0.02953301 -1.43492019  1.81174803]
2026-01-20 10:01:00,091 - position: [ 0.03069912 -1.43495095  1.81221294]
2026-01-20 10:01:00,384 - position: [ 0.0325767  -1.43358409  1.81259549]
2026-01-20 10:01:00,634 - position: [ 0.02350816 -1.43651831  1.81006038]
2026-01-20 10:01:00,987 - position: [ 0.02350816 -1.43651831  1.81006038]
2026-01-20 10:01:01,196 - position: [ 0.04055061 -1.41699958  1.81497371]
2026-01-20 10:01:01,430 - position: [ 0.07951035 -1.41096687  1.82299089]
2026-01-20 10:01:01,671 - position: [ 0.08431443 -1.41056633  1.82263947]
2026-01-20 10:01:01,914 - position: [ 0.08568015 -1.41064882  1.82288098]
2026-01-20 10:01:02,229 - position: [ 0.08568015 -1.41064882  1.82288098]
2026-01-20 10:01:02,482 - position: [ 0.09087259 -1.41714752  1.82570946]
2026-01-20 10:01:02,765 - position: [ 0.08946142 -1.41676366  1.82514155]
2026-01-20 10:01:03,009 - position: [ 0.08582044 -1.41750681  1.82535207]
2026-01-20 10:01:03,230 - position: [ 0.08464429 -1.4172641   1.824772  ]
2026-01-20 10:01:03,494 - position: [ 0.0832407  -1.42527461  1.82725012]
2026-01-20 10:01:03,732 - position: [ 0.0783015  -1.42125869  1.8261404 ]
2026-01-20 10:01:03,970 - position: [ 0.07682189 -1.41954172  1.82615769]
2026-01-20 10:01:04,202 - position: [ 0.07672243 -1.4180485   1.82559359]
2026-01-20 10:01:04,462 - position: [ 0.07704718 -1.41800261  1.82542479]
2026-01-20 10:01:04,695 - position: [ 0.07727049 -1.41773164  1.82517827]
2026-01-20 10:01:04,990 - position: [ 0.07672149 -1.41698122  1.82611084]
2026-01-20 10:01:05,207 - position: [ 0.07672149 -1.41698122  1.82611084]
2026-01-20 10:01:05,459 - position: [ 0.07610793 -1.41247344  1.82445419]
2026-01-20 10:01:05,725 - position: [ 0.07622252 -1.41155171  1.82449162]
2026-01-20 10:01:05,965 - position: [ 0.07630084 -1.41174996  1.82453811]
2026-01-20 10:01:06,202 - position: [ 0.07505128 -1.4137193   1.82287383]
2026-01-20 10:01:06,449 - position: [ 0.01629935 -1.43052721  1.81115878]
2026-01-20 10:01:06,675 - position: [-0.00680336 -1.44319093  1.80042005]
2026-01-20 10:01:06,979 - position: [-0.00680336 -1.44319093  1.80042005]
2026-01-20 10:01:07,250 - position: [-0.00680336 -1.44319093  1.80042005]
2026-01-20 10:01:07,488 - position: [-0.00450141 -1.42453825  1.79718423]
2026-01-20 10:01:07,740 - position: [ 0.08832525 -1.3960861   1.81955791]
2026-01-20 10:01:08,042 - position: [ 0.09229586 -1.39635885  1.82128108]
2026-01-20 10:01:08,252 - position: [ 0.09192716 -1.39427042  1.82114518]
2026-01-20 10:01:08,470 - position: [ 0.0962652  -1.3881408   1.81956792]
2026-01-20 10:01:08,701 - position: [ 0.09617518 -1.39175487  1.81814718]
2026-01-20 10:01:08,918 - position: [ 0.09730452 -1.39087558  1.818313  ]
2026-01-20 10:01:09,153 - position: [ 0.09788154 -1.39200795  1.8184222 ]
2026-01-20 10:01:09,386 - position: [ 0.09788232 -1.39248431  1.81865966]
2026-01-20 10:01:09,636 - position: [ 0.08583844 -1.39503217  1.81813002]
2026-01-20 10:01:09,910 - position: [ 0.06202926 -1.40150332  1.81647551]
2026-01-20 10:01:10,145 - position: [ 0.05869418 -1.4021281   1.81646585]
2026-01-20 10:01:10,371 - position: [ 0.04979903 -1.40242231  1.81337118]
2026-01-20 10:01:10,609 - position: [ 0.03957302 -1.40093541  1.81250668]
2026-01-20 10:01:10,846 - position: [ 0.04830927 -1.39686382  1.81549191]
2026-01-20 10:01:11,083 - position: [ 0.09647752 -1.37456572  1.81966102]
2026-01-20 10:01:11,317 - position: [ 0.10568702 -1.37128603  1.81986856]
2026-01-20 10:01:11,561 - position: [ 0.10859375 -1.37175477  1.82004964]
2026-01-20 10:01:11,805 - position: [ 0.11304047 -1.37333548  1.82022321]
2026-01-20 10:01:12,064 - position: [ 0.08199856 -1.37821174  1.81585133]
2026-01-20 10:01:12,284 - position: [ 0.06815649 -1.37915301  1.81373346]
2026-01-20 10:01:12,566 - position: [ 0.06242434 -1.38113427  1.81356382]
2026-01-20 10:01:12,789 - position: [ 0.07469859 -1.37945175  1.81667686]
2026-01-20 10:01:13,001 - position: [ 0.11161677 -1.37930787  1.82540286]
2026-01-20 10:01:13,251 - position: [ 0.10762972 -1.37128162  1.82175994]
2026-01-20 10:01:13,536 - position: [ 0.09224416 -1.37728608  1.82232714]
2026-01-20 10:01:13,776 - position: [ 0.09223893 -1.37747633  1.82235157]
2026-01-20 10:01:14,027 - position: [ 0.09338081 -1.37766397  1.82227862]
2026-01-20 10:01:14,240 - position: [ 0.09363434 -1.37774241  1.82219088]
2026-01-20 10:01:14,493 - position: [ 0.09421049 -1.37716484  1.82122529]
2026-01-20 10:01:14,775 - position: [ 0.09350708 -1.37742031  1.82106864]
2026-01-20 10:01:15,057 - position: [ 0.09144432 -1.3754456   1.82076359]
2026-01-20 10:01:15,289 - position: [ 0.09144432 -1.3754456   1.82076359]
2026-01-20 10:01:15,536 - position: [ 0.0856235  -1.37185407  1.82035172]
2026-01-20 10:01:15,783 - position: [ 0.08554246 -1.37182021  1.82031727]
2026-01-20 10:01:16,034 - position: [ 0.08013825 -1.37155426  1.81978273]
2026-01-20 10:01:16,265 - position: [ 0.07412023 -1.37154007  1.81827378]
2026-01-20 10:01:16,499 - position: [ 0.02879959 -1.37835753  1.80828333]
2026-01-20 10:01:16,732 - position: [ 0.02387485 -1.38053441  1.80741417]
2026-01-20 10:01:16,969 - position: [-0.01048738 -1.4055469   1.79419911]
2026-01-20 10:01:17,212 - position: [-0.01048738 -1.4055469   1.79419911]
2026-01-20 10:01:17,518 - position: [-0.01048738 -1.4055469   1.79419911]
2026-01-20 10:01:17,811 - position: [-0.01048738 -1.4055469   1.79419911]
2026-01-20 10:01:18,046 - position: [-0.01048738 -1.4055469   1.79419911]
2026-01-20 10:01:18,283 - position: [-0.01048738 -1.4055469   1.79419911]
2026-01-20 10:01:18,507 - position: [-0.01048738 -1.4055469   1.79419911]
2026-01-20 10:01:18,752 - position: [ 0.02476223 -1.38667226  1.8170234 ]
2026-01-20 10:01:18,999 - position: [ 0.05387437 -1.39353883  1.82182431]
2026-01-20 10:01:19,254 - position: [ 0.05508453 -1.39339995  1.82101989]
2026-01-20 10:01:19,498 - position: [ 0.05879371 -1.39502835  1.8220309 ]
2026-01-20 10:01:19,762 - position: [ 0.05817111 -1.39630401  1.82233512]
2026-01-20 10:01:20,096 - position: [ 0.0585719  -1.40046501  1.82275832]
2026-01-20 10:01:20,315 - position: [ 0.05844099 -1.40078354  1.82280505]
2026-01-20 10:01:20,624 - position: [ 0.05998905 -1.4031148   1.8231703 ]
2026-01-20 10:01:20,830 - position: [ 0.0591396  -1.40550661  1.8230511 ]
2026-01-20 10:01:21,038 - position: [ 0.06179091 -1.40358627  1.82307148]
2026-01-20 10:01:21,282 - position: [ 0.06370734 -1.39991522  1.82295883]
2026-01-20 10:01:21,559 - position: [ 0.06838409 -1.39525485  1.82243669]
2026-01-20 10:01:21,830 - position: [ 0.06300852 -1.39442456  1.82195055]
2026-01-20 10:01:22,123 - position: [ 0.05898704 -1.39276481  1.82063806]
2026-01-20 10:01:22,363 - position: [ 0.0480523  -1.39839756  1.82012916]
2026-01-20 10:01:22,578 - position: [ 0.008514   -1.41086149  1.80837011]
2026-01-20 10:01:22,812 - position: [ 1.41922385e-04 -1.41958547e+00  1.80467451e+00]
2026-01-20 10:01:23,092 - position: [ 1.41922385e-04 -1.41958547e+00  1.80467451e+00]
2026-01-20 10:01:23,335 - position: [ 0.00801974 -1.39706194  1.80385268]
2026-01-20 10:01:23,583 - position: [ 0.01356879 -1.39376485  1.80508602]
2026-01-20 10:01:23,814 - position: [ 0.0777928 -1.3803426  1.8171711]
2026-01-20 10:01:24,026 - position: [ 0.07789598 -1.37875712  1.81675541]
2026-01-20 10:01:24,278 - position: [ 0.07995925 -1.37753236  1.81597924]
2026-01-20 10:01:24,526 - position: [ 0.0801388  -1.37456369  1.8158164 ]
2026-01-20 10:01:24,738 - position: [ 0.07935612 -1.37289107  1.8164295 ]
2026-01-20 10:01:24,952 - position: [ 0.07969408 -1.36976969  1.81650519]
2026-01-20 10:01:25,244 - position: [ 0.07911009 -1.36994958  1.8163991 ]
2026-01-20 10:01:25,517 - position: [ 0.0790301  -1.37048459  1.81612492]
2026-01-20 10:01:25,755 - position: [ 0.07880854 -1.37294078  1.81711018]
2026-01-20 10:01:26,026 - position: [ 0.07769008 -1.37263739  1.81684649]
2026-01-20 10:01:26,318 - position: [ 0.07262526 -1.370134    1.81676888]
2026-01-20 10:01:26,530 - position: [ 0.07092971 -1.36939192  1.81765389]
2026-01-20 10:01:26,781 - position: [ 0.07037132 -1.36862588  1.81705666]
2026-01-20 10:01:27,031 - position: [ 0.06939396 -1.36880386  1.81692493]
2026-01-20 10:01:27,269 - position: [ 0.07004395 -1.37063777  1.81798446]
2026-01-20 10:01:27,518 - position: [ 0.06809494 -1.37578833  1.81861401]
2026-01-20 10:01:27,775 - position: [ 0.068721   -1.37747896  1.81830406]
2026-01-20 10:01:27,989 - position: [ 0.07068928 -1.38161945  1.82037699]
2026-01-20 10:01:28,234 - position: [ 0.07604457 -1.37948799  1.82158005]
2026-01-20 10:01:28,470 - position: [ 0.07971014 -1.37157834  1.82154608]
2026-01-20 10:01:28,764 - position: [ 0.07236937 -1.37327039  1.82073247]
2026-01-20 10:01:28,976 - position: [ 0.06400253 -1.36971653  1.82062042]
2026-01-20 10:01:29,246 - position: [ 0.07082888 -1.36212349  1.82061052]
2026-01-20 10:01:29,480 - position: [ 0.07012694 -1.36324477  1.82032919]
2026-01-20 10:01:29,755 - position: [ 0.06601889 -1.368958    1.82051086]
2026-01-20 10:01:29,971 - position: [ 0.05373544 -1.37255681  1.81759346]
2026-01-20 10:01:30,217 - position: [ 0.04921637 -1.37928331  1.8171916 ]
2026-01-20 10:01:30,451 - position: [ 0.04396169 -1.38256741  1.81654835]
2026-01-20 10:01:30,671 - position: [ 0.0457994  -1.38134432  1.81625247]
2026-01-20 10:01:30,879 - position: [ 0.06031124 -1.37593782  1.817783  ]
2026-01-20 10:01:31,107 - position: [ 0.06292444 -1.3769598   1.81824267]
2026-01-20 10:01:31,367 - position: [ 0.06410966 -1.3785764   1.81831884]
2026-01-20 10:01:31,595 - position: [ 0.06587528 -1.37931907  1.8190372 ]
2026-01-20 10:01:31,871 - position: [ 0.06643236 -1.37976015  1.81934655]
2026-01-20 10:01:32,103 - position: [ 0.06613383 -1.37729359  1.81889665]
2026-01-20 10:01:32,395 - position: [ 0.06614958 -1.37375927  1.81891358]
2026-01-20 10:01:32,638 - position: [ 0.06661268 -1.37366402  1.81892467]
2026-01-20 10:01:32,901 - position: [ 0.06668111 -1.37466335  1.81876266]
2026-01-20 10:01:33,132 - position: [ 0.06526816 -1.37611067  1.81864274]
2026-01-20 10:01:33,364 - position: [ 0.06507766 -1.37861562  1.8182292 ]
2026-01-20 10:01:33,588 - position: [ 0.06169918 -1.39473307  1.82179558]
2026-01-20 10:01:33,897 - position: [ 0.06207506 -1.39818203  1.82253134]
2026-01-20 10:01:34,131 - position: [ 0.06404367 -1.39636064  1.82272708]
2026-01-20 10:01:34,348 - position: [ 0.06589994 -1.39501846  1.82256019]
2026-01-20 10:01:34,568 - position: [ 0.06619753 -1.39490497  1.8226192 ]
2026-01-20 10:01:34,793 - position: [ 0.06929661 -1.39151716  1.82239044]
2026-01-20 10:01:35,144 - position: [ 0.06781129 -1.38860166  1.82184887]
2026-01-20 10:01:35,361 - position: [ 0.06875855 -1.38905358  1.82185578]
2026-01-20 10:01:35,634 - position: [ 0.06737027 -1.38863897  1.82186115]
2026-01-20 10:01:35,892 - position: [ 0.06733684 -1.38863015  1.82185435]
2026-01-20 10:01:36,205 - position: [ 0.05912908 -1.39144039  1.82147169]
2026-01-20 10:01:36,466 - position: [ 0.05765952 -1.39085233  1.82123995]
2026-01-20 10:01:36,690 - position: [ 0.05528633 -1.39092398  1.82116425]
2026-01-20 10:01:36,933 - position: [ 0.0534633  -1.38868332  1.82087874]
2026-01-20 10:01:37,167 - position: [ 0.05320208 -1.38830137  1.82077754]
2026-01-20 10:01:37,408 - position: [ 0.05462727 -1.3864733   1.82214689]
2026-01-20 10:01:37,650 - position: [ 0.05488101 -1.38605738  1.82201946]
2026-01-20 10:01:37,854 - position: [ 0.05488101 -1.38605738  1.82201946]
2026-01-20 10:01:38,105 - position: [ 0.05609456 -1.37677896  1.81910861]
2026-01-20 10:01:38,396 - position: [ 0.05680464 -1.37593126  1.81873429]
2026-01-20 10:01:38,738 - position: [ 0.05680464 -1.37593126  1.81873429]
2026-01-20 10:01:39,032 - position: [ 0.06459408 -1.37442362  1.81785166]
2026-01-20 10:01:39,238 - position: [ 0.06413682 -1.37428772  1.81782687]
2026-01-20 10:01:39,522 - position: [ 0.06689044 -1.37295806  1.81817794]
2026-01-20 10:01:39,750 - position: [ 0.06609849 -1.37475562  1.81833053]
2026-01-20 10:01:39,971 - position: [ 0.06658205 -1.37538683  1.81845641]
2026-01-20 10:01:40,215 - position: [ 0.06493997 -1.37645721  1.8182193 ]
2026-01-20 10:01:40,441 - position: [ 0.06352834 -1.37672937  1.81824136]
2026-01-20 10:01:40,663 - position: [ 0.06226292 -1.37544787  1.81815863]
2026-01-20 10:01:40,911 - position: [ 0.06125256 -1.37451482  1.81810999]
2026-01-20 10:01:41,197 - position: [ 0.05878995 -1.37685883  1.81886458]
2026-01-20 10:01:41,431 - position: [ 0.05704669 -1.37882233  1.81863904]
2026-01-20 10:01:41,684 - position: [ 0.0522542  -1.38109565  1.81790221]
2026-01-20 10:01:41,912 - position: [ 0.04584642 -1.38389039  1.81724381]
2026-01-20 10:01:42,140 - position: [ 0.04756117 -1.38416493  1.81739724]
2026-01-20 10:01:42,372 - position: [ 0.04852007 -1.38452697  1.81793177]
2026-01-20 10:01:42,603 - position: [ 0.04861779 -1.3847177   1.81801403]
2026-01-20 10:01:42,833 - position: [ 0.04874258 -1.38467956  1.81794703]
2026-01-20 10:01:43,070 - position: [ 0.04866981 -1.38412976  1.81739283]
2026-01-20 10:01:43,276 - position: [ 0.04846644 -1.38404799  1.81725812]
2026-01-20 10:01:43,523 - position: [ 0.04707154 -1.38242638  1.81594229]
2026-01-20 10:01:43,764 - position: [ 0.03872113 -1.38548648  1.81419122]
2026-01-20 10:01:44,003 - position: [ 0.04531218 -1.3856312   1.81407809]
2026-01-20 10:01:44,230 - position: [ 0.04462238 -1.38755393  1.8126514 ]
2026-01-20 10:01:44,462 - position: [ 0.04496569 -1.39009941  1.81314397]
2026-01-20 10:01:44,702 - position: [ 0.04057802 -1.395311    1.8123877 ]
2026-01-20 10:01:45,071 - position: [ 0.03572436 -1.39933085  1.81131434]
2026-01-20 10:01:45,310 - position: [ 0.02615627 -1.41161752  1.81267166]
2026-01-20 10:01:45,563 - position: [ 0.07092633 -1.39297628  1.81549084]
2026-01-20 10:01:45,803 - position: [ 0.07898462 -1.384817    1.81681466]
2026-01-20 10:01:46,050 - position: [ 0.08044107 -1.38030028  1.81751919]
2026-01-20 10:01:46,286 - position: [ 0.08361158 -1.37981701  1.81781399]
2026-01-20 10:01:46,502 - position: [ 0.08531452 -1.3796066   1.81753623]
2026-01-20 10:01:46,738 - position: [ 0.07660266 -1.37936068  1.81534493]
2026-01-20 10:01:46,951 - position: [ 0.04380286 -1.38993847  1.80916071]
2026-01-20 10:01:47,175 - position: [ 0.01440966 -1.40321648  1.79938173]
2026-01-20 10:01:47,407 - position: [ 0.0118558  -1.40359974  1.79779172]
2026-01-20 10:01:47,640 - position: [ 0.08006875 -1.3736254   1.81309974]
2026-01-20 10:01:47,884 - position: [ 0.09179386 -1.3787142   1.81686997]
2026-01-20 10:01:48,122 - position: [ 0.09291069 -1.38283491  1.8200475 ]
2026-01-20 10:01:48,342 - position: [ 0.08837115 -1.3837297   1.81993341]
2026-01-20 10:01:48,581 - position: [ 0.0848606  -1.38045561  1.81861734]
2026-01-20 10:01:48,852 - position: [ 0.08830829 -1.37683332  1.81851542]
2026-01-20 10:01:49,120 - position: [ 0.08927459 -1.37078452  1.81857991]
2026-01-20 10:01:49,388 - position: [ 0.08742528 -1.36690104  1.81968749]
2026-01-20 10:01:49,611 - position: [ 0.08112244 -1.37187243  1.8203342 ]
2026-01-20 10:01:49,837 - position: [ 0.07797151 -1.37512255  1.82000828]
2026-01-20 10:01:50,100 - position: [ 0.08021467 -1.37248433  1.81900215]
2026-01-20 10:01:50,391 - position: [ 0.08171079 -1.37001741  1.8196069 ]
2026-01-20 10:01:50,622 - position: [ 0.07996035 -1.36811423  1.81844735]
2026-01-20 10:01:50,915 - position: [ 0.0762307  -1.36692321  1.81827831]
2026-01-20 10:01:51,183 - position: [ 0.05917296 -1.36129463  1.8149091 ]
2026-01-20 10:01:51,395 - position: [ 0.05257807 -1.36055636  1.81476438]
2026-01-20 10:01:51,627 - position: [ 0.10064699 -1.35745025  1.82017064]
2026-01-20 10:01:51,896 - position: [ 0.06038711 -1.36704266  1.81923151]
2026-01-20 10:01:52,178 - position: [ 0.04328241 -1.37003314  1.81679916]
2026-01-20 10:01:52,417 - position: [ 0.06300983 -1.37653375  1.81957543]
2026-01-20 10:01:52,706 - position: [ 0.07478112 -1.37899411  1.82174885]
2026-01-20 10:01:52,963 - position: [ 0.0780661  -1.37971842  1.82193112]
2026-01-20 10:01:53,197 - position: [ 0.08081211 -1.37809479  1.82123864]
2026-01-20 10:01:53,435 - position: [ 0.07960714 -1.37220895  1.82109952]
2026-01-20 10:01:53,794 - position: [ 0.07961705 -1.36920404  1.82106352]
2026-01-20 10:01:54,130 - position: [ 0.07993572 -1.36764932  1.82117248]
2026-01-20 10:01:54,350 - position: [ 0.08077595 -1.36846852  1.82128406]
2026-01-20 10:01:54,570 - position: [ 0.07822105 -1.36996794  1.82153618]
2026-01-20 10:01:54,811 - position: [ 0.07820545 -1.3716892   1.82178581]
2026-01-20 10:01:55,033 - position: [ 0.07820545 -1.3716892   1.82178581]
2026-01-20 10:01:55,316 - position: [ 0.07720493 -1.37189317  1.82180321]
2026-01-20 10:01:55,573 - position: [ 0.07612248 -1.37632585  1.82267082]
2026-01-20 10:01:55,781 - position: [ 0.07563873 -1.37578499  1.82243466]
2026-01-20 10:01:56,039 - position: [ 0.07635111 -1.37505496  1.82219076]
2026-01-20 10:01:56,270 - position: [ 0.07507314 -1.37596071  1.82261586]
2026-01-20 10:01:56,508 - position: [ 0.07567055 -1.37494969  1.82226646]
2026-01-20 10:01:56,773 - position: [ 0.07451115 -1.37313652  1.82226372]
2026-01-20 10:01:56,989 - position: [ 0.07456012 -1.3733573   1.82237363]
2026-01-20 10:01:57,225 - position: [ 0.07386502 -1.37345195  1.82208467]
2026-01-20 10:01:57,443 - position: [ 0.07375462 -1.3736757   1.82200122]
2026-01-20 10:01:57,688 - position: [ 0.07423319 -1.3740437   1.82203126]
2026-01-20 10:01:57,908 - position: [ 0.07198527 -1.3739574   1.82209301]
2026-01-20 10:01:58,187 - position: [ 0.0705567  -1.37364936  1.82209229]
2026-01-20 10:01:58,426 - position: [ 0.0705567  -1.37364936  1.82209229]
2026-01-20 10:01:58,635 - position: [ 0.07034589 -1.37297761  1.82209861]
2026-01-20 10:01:58,865 - position: [ 0.07042756 -1.37329388  1.82192898]
2026-01-20 10:01:59,094 - position: [ 0.06948935 -1.37342834  1.82196176]
2026-01-20 10:01:59,323 - position: [ 0.06810918 -1.37389183  1.82219672]
2026-01-20 10:01:59,525 - position: [ 0.06764089 -1.37364972  1.82205391]
2026-01-20 10:01:59,748 - position: [ 0.0672168  -1.37264287  1.82201695]
2026-01-20 10:01:59,983 - position: [ 0.06533872 -1.37093818  1.82186472]
2026-01-20 10:02:00,226 - position: [ 0.04398811 -1.3766706   1.820907  ]
2026-01-20 10:02:00,481 - position: [ 0.05298399 -1.37723827  1.82264149]
2026-01-20 10:02:00,749 - position: [ 0.05347149 -1.37801158  1.82267034]
2026-01-20 10:02:00,995 - position: [ 0.0529572  -1.37844038  1.8225646 ]
2026-01-20 10:02:01,216 - position: [ 0.05385778 -1.37843406  1.82208061]
2026-01-20 10:02:01,478 - position: [ 0.05558347 -1.37779593  1.82194877]
2026-01-20 10:02:01,726 - position: [ 0.06147421 -1.3750782   1.82162178]
2026-01-20 10:02:01,961 - position: [ 0.06433406 -1.37265968  1.82152009]
2026-01-20 10:02:02,249 - position: [ 0.07073841 -1.37143922  1.82142758]
2026-01-20 10:02:02,497 - position: [ 0.07260481 -1.37310624  1.82168436]
2026-01-20 10:02:02,719 - position: [ 0.07299571 -1.37308121  1.82182992]
2026-01-20 10:02:02,940 - position: [ 0.07267258 -1.37409627  1.82199895]
2026-01-20 10:02:03,180 - position: [ 0.07364332 -1.3745445   1.8223834 ]
2026-01-20 10:02:03,592 - position: [ 0.07344321 -1.37340212  1.82195628]
2026-01-20 10:02:03,854 - position: [ 0.07308431 -1.37383115  1.82209086]
2026-01-20 10:02:04,154 - position: [ 0.07077768 -1.37519586  1.82240331]
2026-01-20 10:02:04,381 - position: [ 0.06921206 -1.3754065   1.8222183 ]
2026-01-20 10:02:04,659 - position: [ 0.06911479 -1.37573588  1.82248998]
2026-01-20 10:02:04,905 - position: [ 0.06911479 -1.37573588  1.82248998]
2026-01-20 10:02:05,147 - position: [ 0.06843713 -1.37531972  1.82260776]
2026-01-20 10:02:05,419 - position: [ 0.06875905 -1.37477958  1.82262528]
2026-01-20 10:02:05,627 - position: [ 0.07300451 -1.37191534  1.82241964]
2026-01-20 10:02:05,867 - position: [ 0.07307309 -1.37186635  1.82247961]
2026-01-20 10:02:06,087 - position: [ 0.07935961 -1.37149251  1.82282007]
2026-01-20 10:02:06,323 - position: [ 0.08114523 -1.37069321  1.82283735]
2026-01-20 10:02:06,546 - position: [ 0.08142066 -1.36942363  1.82265258]
2026-01-20 10:02:06,780 - position: [ 0.08217005 -1.36675549  1.82240403]
2026-01-20 10:02:07,016 - position: [ 0.08189113 -1.36476576  1.82201672]
2026-01-20 10:02:07,243 - position: [ 0.07918106 -1.36538839  1.82213438]
2026-01-20 10:02:07,539 - position: [ 0.07717793 -1.36462772  1.82196677]
2026-01-20 10:02:07,784 - position: [ 0.07579156 -1.3640945   1.82190669]
2026-01-20 10:02:08,104 - position: [ 0.0760067  -1.36347377  1.82197452]
2026-01-20 10:02:08,382 - position: [ 0.07728185 -1.36427975  1.82220161]
2026-01-20 10:02:08,618 - position: [ 0.07750144 -1.36445594  1.82218945]
2026-01-20 10:02:08,839 - position: [ 0.07768001 -1.36597538  1.82245648]
2026-01-20 10:02:09,086 - position: [ 0.07704713 -1.36661768  1.82256699]
2026-01-20 10:02:09,307 - position: [ 0.07704713 -1.36661768  1.82256699]
2026-01-20 10:02:09,570 - position: [ 0.07810291 -1.36414099  1.82237005]
2026-01-20 10:02:09,795 - position: [ 0.07936965 -1.36267149  1.82226062]
2026-01-20 10:02:10,017 - position: [ 0.07936619 -1.36335909  1.82243931]
2026-01-20 10:02:10,239 - position: [ 0.0783577  -1.36336136  1.8224411 ]
2026-01-20 10:02:10,536 - position: [ 0.07517394 -1.36337018  1.82220602]
2026-01-20 10:02:10,781 - position: [ 0.07387872 -1.36314678  1.82334876]
2026-01-20 10:02:11,006 - position: [ 0.07359218 -1.36268854  1.82285738]
2026-01-20 10:02:11,282 - position: [ 0.07323074 -1.36196816  1.82249117]
2026-01-20 10:02:11,541 - position: [ 0.07235771 -1.36150169  1.82293499]
2026-01-20 10:02:11,822 - position: [ 0.07247639 -1.3619529   1.82337296]
2026-01-20 10:02:12,073 - position: [ 0.07270671 -1.36301887  1.82307267]
2026-01-20 10:02:12,340 - position: [ 0.07194663 -1.36404574  1.82371879]
2026-01-20 10:02:12,576 - position: [ 0.07282326 -1.3658123   1.82381809]
2026-01-20 10:02:12,853 - position: [ 0.07293057 -1.36602581  1.82396603]
2026-01-20 10:02:13,075 - position: [ 0.07400624 -1.36606205  1.82392049]
2026-01-20 10:02:13,326 - position: [ 0.07783397 -1.36541724  1.82333589]
2026-01-20 10:02:13,548 - position: [ 0.08037516 -1.36448932  1.82347739]
2026-01-20 10:02:13,786 - position: [ 0.08476337 -1.36387837  1.82283401]
2026-01-20 10:02:14,094 - position: [ 0.08637339 -1.36365652  1.82319558]
2026-01-20 10:02:14,355 - position: [ 0.08730736 -1.364622    1.82346451]
2026-01-20 10:02:14,569 - position: [ 0.08724491 -1.36718142  1.82397628]
2026-01-20 10:02:14,846 - position: [ 0.08811257 -1.3689996   1.82357419]
2026-01-20 10:02:15,118 - position: [ 0.0886865  -1.36759591  1.8237468 ]
2026-01-20 10:02:15,353 - position: [ 0.0888434  -1.36612022  1.82381189]
2026-01-20 10:02:15,587 - position: [ 0.089046   -1.3658675   1.82379496]
2026-01-20 10:02:15,837 - position: [ 0.09047316 -1.36530352  1.82421863]
2026-01-20 10:02:16,122 - position: [ 0.08668695 -1.36747968  1.82387078]
2026-01-20 10:02:16,355 - position: [ 0.08032553 -1.37943971  1.82523489]
2026-01-20 10:02:16,639 - position: [ 0.08270361 -1.38704991  1.82670891]
2026-01-20 10:02:16,880 - position: [ 0.08491734 -1.38465095  1.82870781]
2026-01-20 10:02:17,080 - position: [ 0.08491734 -1.38465095  1.82870781]
2026-01-20 10:02:17,297 - position: [ 0.08491734 -1.38465095  1.82870781]
2026-01-20 10:02:17,523 - position: [ 0.07365864 -1.39033282  1.82604098]
2026-01-20 10:02:17,752 - position: [ 0.0626334  -1.38973856  1.82488656]
2026-01-20 10:02:18,046 - position: [ 0.07646479 -1.38885891  1.82551312]
2026-01-20 10:02:18,260 - position: [ 0.08273833 -1.38502169  1.82585037]
2026-01-20 10:02:18,512 - position: [ 0.08390263 -1.38321948  1.82513344]
2026-01-20 10:02:18,795 - position: [ 0.08175565 -1.39067948  1.82731724]
2026-01-20 10:02:19,038 - position: [ 0.07862005 -1.40293992  1.8294934 ]
2026-01-20 10:02:19,273 - position: [ 0.07807008 -1.40344858  1.82934701]
2026-01-20 10:02:19,571 - position: [ 0.07592875 -1.39489901  1.82832515]
2026-01-20 10:02:19,810 - position: [ 0.07687199 -1.39411592  1.82785666]
2026-01-20 10:02:20,069 - position: [ 0.06625134 -1.38589871  1.82446706]
2026-01-20 10:02:20,294 - position: [ 0.06163409 -1.39083338  1.82454872]
2026-01-20 10:02:20,634 - position: [ 0.06280629 -1.39305365  1.82500517]
2026-01-20 10:02:20,861 - position: [ 0.06336508 -1.39541769  1.8260299 ]
2026-01-20 10:02:21,131 - position: [ 0.06384326 -1.39479351  1.82554483]
2026-01-20 10:02:21,350 - position: [ 0.06307561 -1.3942436   1.82525468]
2026-01-20 10:02:21,574 - position: [ 0.05842724 -1.39384139  1.8247422 ]
2026-01-20 10:02:21,857 - position: [ 0.0591181  -1.3961364   1.82590187]
2026-01-20 10:02:22,079 - position: [ 0.05798905 -1.3969413   1.82599664]
2026-01-20 10:02:22,350 - position: [ 0.06168466 -1.39576221  1.82461977]
2026-01-20 10:02:22,602 - position: [ 0.06588931 -1.39284444  1.82432818]
2026-01-20 10:02:22,897 - position: [ 0.06896526 -1.39041126  1.82389009]
2026-01-20 10:02:23,144 - position: [ 0.06987219 -1.39021873  1.82385302]
2026-01-20 10:02:23,366 - position: [ 0.07051319 -1.39074481  1.82356644]
2026-01-20 10:02:23,583 - position: [ 0.07059703 -1.39149058  1.82379651]
2026-01-20 10:02:23,863 - position: [ 0.06896815 -1.39224398  1.82364142]
2026-01-20 10:02:24,081 - position: [ 0.06692147 -1.39318168  1.82391095]
2026-01-20 10:02:24,319 - position: [ 0.06638338 -1.39309084  1.82388365]
2026-01-20 10:02:24,581 - position: [ 0.06488845 -1.3919853   1.82395768]
2026-01-20 10:02:24,818 - position: [ 0.06492814 -1.38992488  1.82385182]
2026-01-20 10:02:25,037 - position: [ 0.06474082 -1.38930488  1.82386529]
2026-01-20 10:02:25,277 - position: [ 0.06672384 -1.38652945  1.82457304]
2026-01-20 10:02:25,490 - position: [ 0.06707504 -1.38548315  1.82431448]
2026-01-20 10:02:25,731 - position: [ 0.06644157 -1.38508153  1.82399476]
2026-01-20 10:02:25,989 - position: [ 0.06644157 -1.38508153  1.82399476]
2026-01-20 10:02:26,264 - position: [ 0.06126637 -1.38875973  1.82391393]
2026-01-20 10:02:26,565 - position: [ 0.05615769 -1.39005172  1.82390296]
2026-01-20 10:02:26,796 - position: [ 0.06033281 -1.38553381  1.82111478]
2026-01-20 10:02:27,030 - position: [ 0.05672381 -1.37856102  1.81588089]
2026-01-20 10:02:27,275 - position: [ 0.06006623 -1.38125181  1.81744385]
2026-01-20 10:02:27,530 - position: [ 0.06341304 -1.38805282  1.81953788]
2026-01-20 10:02:27,750 - position: [ 0.06339875 -1.3931762   1.8214128 ]
2026-01-20 10:02:28,023 - position: [ 0.06168842 -1.39382529  1.8212384 ]
2026-01-20 10:02:28,284 - position: [ 0.06215931 -1.3952632   1.82249248]
2026-01-20 10:02:28,511 - position: [ 0.06270219 -1.39218354  1.82127213]
2026-01-20 10:02:28,778 - position: [ 0.06427766 -1.38602304  1.82028365]
2026-01-20 10:02:29,016 - position: [ 0.05838238 -1.3922255   1.82183063]
2026-01-20 10:02:29,271 - position: [ 0.06495762 -1.3934375   1.82336128]
2026-01-20 10:02:29,487 - position: [ 0.07001507 -1.39233887  1.8235234 ]
2026-01-20 10:02:29,721 - position: [ 0.0696931  -1.39144719  1.82321227]
2026-01-20 10:02:29,966 - position: [ 0.06848606 -1.390149    1.82270944]
2026-01-20 10:02:30,202 - position: [ 0.06406408 -1.38982558  1.82239938]
2026-01-20 10:02:30,437 - position: [ 0.06313451 -1.39038932  1.82196701]
2026-01-20 10:02:30,666 - position: [ 0.06320954 -1.39041066  1.82203305]
2026-01-20 10:02:30,895 - position: [ 0.06547841 -1.39140594  1.8222307 ]
2026-01-20 10:02:31,126 - position: [ 0.0662914  -1.39137924  1.82242405]
2026-01-20 10:02:31,371 - position: [ 0.06783716 -1.38988245  1.82247305]
2026-01-20 10:02:31,598 - position: [ 0.06727429 -1.38953674  1.8223393 ]
2026-01-20 10:02:31,833 - position: [ 0.06487209 -1.38906538  1.82196248]
2026-01-20 10:02:32,090 - position: [ 0.06038215 -1.38992906  1.82183635]
2026-01-20 10:02:32,323 - position: [ 0.05979466 -1.391137    1.82175946]
2026-01-20 10:02:32,547 - position: [ 0.05698173 -1.39590585  1.82151592]
2026-01-20 10:02:32,775 - position: [ 0.05668885 -1.39590836  1.8213135 ]
2026-01-20 10:02:32,993 - position: [ 0.05258724 -1.39769471  1.82058012]
2026-01-20 10:02:33,242 - position: [ 0.05211763 -1.40421259  1.82241595]
2026-01-20 10:02:33,464 - position: [ 0.05463977 -1.40369046  1.82312131]
2026-01-20 10:02:33,749 - position: [ 0.05220048 -1.4017055   1.82129109]
2026-01-20 10:02:33,998 - position: [ 0.05525231 -1.4005779   1.81931353]
2026-01-20 10:02:34,302 - position: [ 0.06289429 -1.40527189  1.82128036]
2026-01-20 10:02:34,574 - position: [ 0.06429046 -1.40664148  1.8214705 ]
2026-01-20 10:02:34,811 - position: [ 0.06495347 -1.4027338   1.82422197]
2026-01-20 10:02:35,054 - position: [ 0.06495347 -1.4027338   1.82422197]
2026-01-20 10:02:35,346 - position: [ 0.06377736 -1.38640487  1.82349336]
2026-01-20 10:02:35,622 - position: [ 0.06035724 -1.37312698  1.8241384 ]
2026-01-20 10:02:35,858 - position: [ 0.05256276 -1.37247384  1.82448637]
2026-01-20 10:02:36,084 - position: [ 0.05322685 -1.37440038  1.8253051 ]
2026-01-20 10:02:36,359 - position: [ 0.05506949 -1.37592471  1.82525194]
2026-01-20 10:02:36,603 - position: [ 0.05611086 -1.37706912  1.82560945]
2026-01-20 10:02:36,866 - position: [ 0.05692641 -1.37783575  1.82560921]
2026-01-20 10:02:37,135 - position: [ 0.06092514 -1.37501311  1.82603741]
2026-01-20 10:02:37,393 - position: [ 0.06645396 -1.37374341  1.82663488]
2026-01-20 10:02:37,630 - position: [ 0.06698792 -1.37256372  1.826249  ]
2026-01-20 10:02:37,861 - position: [ 0.06691589 -1.3713057   1.82543612]
2026-01-20 10:02:38,137 - position: [ 0.06628775 -1.36940658  1.82434082]
2026-01-20 10:02:38,366 - position: [ 0.06519058 -1.36838281  1.82369781]
2026-01-20 10:02:38,634 - position: [ 0.06506356 -1.37120092  1.82393909]
2026-01-20 10:02:38,914 - position: [ 0.06319312 -1.37079382  1.82343948]
2026-01-20 10:02:39,149 - position: [ 0.06305779 -1.3708632   1.82347155]
2026-01-20 10:02:39,428 - position: [ 0.06254889 -1.37060714  1.82359779]
2026-01-20 10:02:39,773 - position: [ 0.05956902 -1.37290204  1.82332253]
2026-01-20 10:02:40,024 - position: [ 0.05951043 -1.37291491  1.82321978]
2026-01-20 10:02:40,250 - position: [ 0.06025928 -1.37201917  1.82233775]
2026-01-20 10:02:40,508 - position: [ 0.0604688  -1.37181008  1.8219161 ]
2026-01-20 10:02:40,740 - position: [ 0.05841439 -1.37307656  1.82131255]
2026-01-20 10:02:40,947 - position: [ 0.05701666 -1.37359142  1.82104826]
2026-01-20 10:02:41,176 - position: [ 0.05698787 -1.37397277  1.82098079]
2026-01-20 10:02:41,391 - position: [ 0.05650865 -1.37460387  1.82097566]
2026-01-20 10:02:41,635 - position: [ 0.05547554 -1.37469184  1.8207562 ]
2026-01-20 10:02:41,875 - position: [ 0.05730323 -1.37373936  1.82071459]
2026-01-20 10:02:42,087 - position: [ 0.05550408 -1.37020302  1.81874859]
2026-01-20 10:02:42,322 - position: [ 0.03259699 -1.36989379  1.81154168]
2026-01-20 10:02:42,578 - position: [ 0.0964592  -1.3588593   1.82454014]
2026-01-20 10:02:42,825 - position: [ 0.09341495 -1.36562037  1.82287538]
2026-01-20 10:02:43,077 - position: [ 0.0949291  -1.36247039  1.8216188 ]
2026-01-20 10:02:43,334 - position: [ 0.09452355 -1.36546826  1.82243359]
2026-01-20 10:02:43,578 - position: [ 0.09423832 -1.36568046  1.82244015]
2026-01-20 10:02:43,801 - position: [ 0.08529729 -1.36905146  1.8225323 ]
2026-01-20 10:02:44,054 - position: [ 0.08410084 -1.36957586  1.82261086]
2026-01-20 10:02:44,291 - position: [ 0.07278006 -1.37230039  1.82244885]
2026-01-20 10:02:44,518 - position: [ 0.07228009 -1.37221301  1.82248163]
2026-01-20 10:02:44,761 - position: [ 0.07202984 -1.37125921  1.82282305]
2026-01-20 10:02:45,008 - position: [ 0.06971934 -1.36940193  1.8226645 ]
2026-01-20 10:02:45,226 - position: [ 0.06639632 -1.36867559  1.82275522]
2026-01-20 10:02:45,467 - position: [ 0.06418462 -1.36882913  1.82273495]
2026-01-20 10:02:45,687 - position: [ 0.06144819 -1.37153471  1.82280648]
2026-01-20 10:02:45,893 - position: [ 0.06125571 -1.37200165  1.82283628]
2026-01-20 10:02:46,126 - position: [ 0.06015704 -1.37129819  1.82151067]
2026-01-20 10:02:46,377 - position: [ 0.06471286 -1.36928117  1.82273757]
2026-01-20 10:02:46,583 - position: [ 0.05884    -1.3691535   1.82175553]
2026-01-20 10:02:46,815 - position: [ 0.04891154 -1.37234986  1.82100081]
2026-01-20 10:02:47,065 - position: [ 0.07295536 -1.36882448  1.82625699]
2026-01-20 10:02:47,280 - position: [ 0.0686437  -1.36866939  1.82652414]
2026-01-20 10:02:47,524 - position: [ 0.06620556 -1.36960948  1.82558215]
2026-01-20 10:02:47,764 - position: [ 0.06766003 -1.36911201  1.82533431]
2026-01-20 10:02:47,983 - position: [ 0.0727175  -1.3714819   1.82492959]
2026-01-20 10:02:48,193 - position: [ 0.07032512 -1.37480772  1.82530808]
2026-01-20 10:02:48,483 - position: [ 0.06754456 -1.38318145  1.82450855]
2026-01-20 10:02:48,711 - position: [ 0.06681398 -1.38525748  1.82451391]
2026-01-20 10:02:49,013 - position: [ 0.07052702 -1.38701272  1.82549953]
2026-01-20 10:02:49,222 - position: [ 0.06664919 -1.38743579  1.82554293]
2026-01-20 10:02:49,439 - position: [ 0.0657993  -1.38748455  1.82550991]
2026-01-20 10:02:49,692 - position: [ 0.06485537 -1.38702118  1.82487583]
2026-01-20 10:02:49,922 - position: [ 0.06507901 -1.38944328  1.82567155]
2026-01-20 10:02:50,136 - position: [ 0.0668022  -1.38932943  1.82518613]
2026-01-20 10:02:50,357 - position: [ 0.0695557  -1.38751483  1.82532752]
2026-01-20 10:02:50,606 - position: [ 0.07003842 -1.38417816  1.82427299]
2026-01-20 10:02:50,816 - position: [ 0.06927174 -1.3819412   1.82437718]
2026-01-20 10:02:51,058 - position: [ 0.06874651 -1.37928212  1.82408905]
2026-01-20 10:02:51,339 - position: [ 0.06681178 -1.37769091  1.82378113]
2026-01-20 10:02:51,623 - position: [ 0.06363046 -1.37751257  1.8242594 ]
2026-01-20 10:02:51,844 - position: [ 0.06302668 -1.37611628  1.82417858]
2026-01-20 10:02:52,187 - position: [ 0.06180963 -1.37516487  1.82374918]
2026-01-20 10:02:52,464 - position: [ 0.05958674 -1.37775457  1.82400727]
2026-01-20 10:02:52,728 - position: [ 0.05653913 -1.38018072  1.82400727]
2026-01-20 10:02:52,951 - position: [ 0.05687137 -1.38140202  1.82376575]
2026-01-20 10:02:53,210 - position: [ 0.06114385 -1.38593113  1.82454717]
2026-01-20 10:02:53,457 - position: [ 0.06218227 -1.38667798  1.82447565]
2026-01-20 10:02:53,703 - position: [ 0.06675206 -1.39110279  1.82542956]
2026-01-20 10:02:53,905 - position: [ 0.06675206 -1.39110279  1.82542956]
2026-01-20 10:02:54,116 - position: [ 0.06675206 -1.39110279  1.82542956]
2026-01-20 10:02:54,399 - position: [ 0.06954193 -1.39047456  1.82467735]
2026-01-20 10:02:54,682 - position: [ 0.06850537 -1.38584459  1.82422078]
2026-01-20 10:02:54,894 - position: [ 0.06885004 -1.3824383   1.82371414]
2026-01-20 10:02:55,142 - position: [ 0.06920372 -1.38286257  1.82387531]
2026-01-20 10:02:55,386 - position: [ 0.07007143 -1.38334012  1.82409608]
2026-01-20 10:02:55,610 - position: [ 0.06718361 -1.38398862  1.8238883 ]
2026-01-20 10:02:55,847 - position: [ 0.05650876 -1.3875742   1.82285511]
2026-01-20 10:02:56,064 - position: [ 0.0328612  -1.38959825  1.81615341]
2026-01-20 10:02:56,292 - position: [ 0.03531241 -1.38767481  1.81579936]
2026-01-20 10:02:56,525 - position: [ 0.04245406 -1.38679385  1.81663334]
2026-01-20 10:02:56,787 - position: [ 0.05932137 -1.38778186  1.82183957]
2026-01-20 10:02:57,021 - position: [ 0.07690844 -1.38699067  1.82682681]
2026-01-20 10:02:57,256 - position: [ 0.07062599 -1.39156759  1.82715738]
2026-01-20 10:02:57,509 - position: [ 0.06774737 -1.39409041  1.82751286]
2026-01-20 10:02:57,754 - position: [ 0.06614378 -1.39442503  1.82653701]
2026-01-20 10:02:58,004 - position: [ 0.06585637 -1.39420509  1.82603359]
2026-01-20 10:02:58,303 - position: [ 0.06024429 -1.39850366  1.82711411]
2026-01-20 10:02:58,530 - position: [ 0.06125118 -1.39784658  1.82698715]
2026-01-20 10:02:58,769 - position: [ 0.06075187 -1.39854658  1.82702851]
2026-01-20 10:02:59,027 - position: [ 0.05905493 -1.39871299  1.82676208]
2026-01-20 10:02:59,233 - position: [ 0.05858465 -1.39884853  1.82709754]
2026-01-20 10:02:59,459 - position: [ 0.05894335 -1.39705837  1.8266176 ]
2026-01-20 10:02:59,712 - position: [ 0.05781713 -1.39547074  1.82477057]
2026-01-20 10:02:59,937 - position: [ 0.05935451 -1.39457595  1.82436717]
2026-01-20 10:03:00,162 - position: [ 0.05922931 -1.39457762  1.82419252]
2026-01-20 10:03:00,370 - position: [ 0.05812568 -1.39627635  1.82397223]
2026-01-20 10:03:00,611 - position: [ 0.05640303 -1.39687562  1.82342649]
2026-01-20 10:03:00,826 - position: [ 0.05340595 -1.40257502  1.82247543]
2026-01-20 10:03:01,055 - position: [ 0.05184079 -1.40593445  1.82262599]
2026-01-20 10:03:01,328 - position: [ 0.09367919 -1.40702641  1.83063817]
2026-01-20 10:03:01,558 - position: [ 0.08927114 -1.40695107  1.83093977]
2026-01-20 10:03:01,794 - position: [ 0.08922819 -1.40704024  1.8315953 ]
2026-01-20 10:03:02,062 - position: [ 0.09082022 -1.40783501  1.83233392]
2026-01-20 10:03:02,284 - position: [ 0.09343195 -1.40776479  1.83251405]
2026-01-20 10:03:02,538 - position: [ 0.0845963  -1.40660059  1.83196104]
2026-01-20 10:03:02,800 - position: [ 0.06450035 -1.40309179  1.82780933]
2026-01-20 10:03:03,063 - position: [ 0.05658445 -1.39914572  1.82627535]
2026-01-20 10:03:03,291 - position: [ 0.05494975 -1.40425479  1.82591021]
2026-01-20 10:03:03,558 - position: [ 0.08475044 -1.40124333  1.82821286]
2026-01-20 10:03:03,844 - position: [ 0.10358587 -1.39565206  1.82409704]
2026-01-20 10:03:04,100 - position: [ 0.10494716 -1.39811909  1.82542312]
2026-01-20 10:03:04,320 - position: [ 0.10206831 -1.39996386  1.82568681]
2026-01-20 10:03:04,573 - position: [ 0.10088681 -1.40137148  1.82707512]
2026-01-20 10:03:04,798 - position: [ 0.0958091  -1.40010321  1.82833171]
2026-01-20 10:03:05,011 - position: [ 0.0958091  -1.40010321  1.82833171]
2026-01-20 10:03:05,251 - position: [ 0.09918816 -1.39796734  1.82822871]
2026-01-20 10:03:05,500 - position: [ 0.10295372 -1.39551342  1.82731533]
2026-01-20 10:03:05,729 - position: [ 0.10740817 -1.39026988  1.82685006]
2026-01-20 10:03:05,951 - position: [ 0.10550667 -1.38925576  1.82687783]
2026-01-20 10:03:06,161 - position: [ 0.10029787 -1.38958597  1.8276391 ]
2026-01-20 10:03:06,397 - position: [ 0.09812284 -1.38792276  1.8277719 ]
2026-01-20 10:03:06,644 - position: [ 0.09903961 -1.38574851  1.82782638]
2026-01-20 10:03:06,860 - position: [ 0.10017645 -1.38292384  1.82772815]
2026-01-20 10:03:07,083 - position: [ 0.10165073 -1.38276696  1.82773089]
2026-01-20 10:03:07,295 - position: [ 0.10165073 -1.38276696  1.82773089]
2026-01-20 10:03:07,517 - position: [ 0.10339576 -1.38057244  1.82812965]
2026-01-20 10:03:07,739 - position: [ 0.10193546 -1.38197505  1.82802546]
2026-01-20 10:03:07,956 - position: [ 0.10214207 -1.38183427  1.8281256 ]
2026-01-20 10:03:08,182 - position: [ 0.10333896 -1.38017583  1.82781315]
2026-01-20 10:03:08,407 - position: [ 0.10245374 -1.37987244  1.82813597]
2026-01-20 10:03:08,656 - position: [ 0.10368895 -1.37858021  1.82717097]
2026-01-20 10:03:08,881 - position: [ 0.10443414 -1.37425315  1.82658482]
2026-01-20 10:03:09,098 - position: [ 0.10347309 -1.37379527  1.82672405]
2026-01-20 10:03:09,361 - position: [ 0.10203735 -1.37372363  1.82798529]
2026-01-20 10:03:09,605 - position: [ 0.10203735 -1.37372363  1.82798529]
2026-01-20 10:03:09,830 - position: [ 0.10203735 -1.37372363  1.82798529]
2026-01-20 10:03:10,084 - position: [ 0.09981585 -1.37443364  1.82765305]
2026-01-20 10:03:10,349 - position: [ 0.09926176 -1.37533712  1.82751739]
2026-01-20 10:03:10,607 - position: [ 0.09817794 -1.37572932  1.82758212]
2026-01-20 10:03:10,812 - position: [ 0.09652206 -1.3753618   1.82875443]
2026-01-20 10:03:11,045 - position: [ 0.09652206 -1.3753618   1.82875443]
2026-01-20 10:03:11,259 - position: [ 0.09528345 -1.37371552  1.82656515]
2026-01-20 10:03:11,495 - position: [ 0.09446013 -1.37300599  1.82763326]
2026-01-20 10:03:11,724 - position: [ 0.09376626 -1.37245715  1.82775831]
2026-01-20 10:03:11,955 - position: [ 0.0919954  -1.37164474  1.82783282]
2026-01-20 10:03:12,179 - position: [ 0.09112954 -1.37078655  1.82671523]
2026-01-20 10:03:12,429 - position: [ 0.09141793 -1.37054706  1.82673454]
2026-01-20 10:03:12,682 - position: [ 0.0917256  -1.37029219  1.82782257]
2026-01-20 10:03:13,055 - position: [ 0.09177239 -1.36910975  1.82622409]
2026-01-20 10:03:13,321 - position: [ 0.09270905 -1.36852908  1.82787001]
2026-01-20 10:03:13,559 - position: [ 0.09148712 -1.37099695  1.82784212]
2026-01-20 10:03:13,780 - position: [ 0.09218834 -1.37110758  1.82772243]
2026-01-20 10:03:14,002 - position: [ 0.09273961 -1.3715508   1.82778919]
2026-01-20 10:03:14,237 - position: [ 0.09332952 -1.37006164  1.82865977]
2026-01-20 10:03:14,485 - position: [ 0.09497799 -1.36938214  1.82870317]
2026-01-20 10:03:14,706 - position: [ 0.09649669 -1.36949122  1.82757664]
2026-01-20 10:03:14,920 - position: [ 0.09941807 -1.3674556   1.82754314]
2026-01-20 10:03:15,168 - position: [ 0.09964249 -1.36941183  1.82651925]
2026-01-20 10:03:15,412 - position: [ 0.10601001 -1.36986578  1.82591963]
2026-01-20 10:03:15,639 - position: [ 0.10732411 -1.36999524  1.82580829]
2026-01-20 10:03:15,903 - position: [ 0.10215902 -1.37463534  1.82715833]
2026-01-20 10:03:16,211 - position: [ 0.09866107 -1.37912273  1.82915127]
2026-01-20 10:03:16,453 - position: [ 0.10050719 -1.37882459  1.82985294]
2026-01-20 10:03:16,684 - position: [ 0.09948059 -1.37090862  1.83088958]
2026-01-20 10:03:16,930 - position: [ 0.09661646 -1.36962426  1.83166206]
2026-01-20 10:03:17,186 - position: [ 0.08356352 -1.37911654  1.83056021]
2026-01-20 10:03:17,434 - position: [ 0.07874047 -1.38122201  1.83018589]
2026-01-20 10:03:17,669 - position: [ 0.0850246  -1.37208533  1.82839012]
2026-01-20 10:03:17,929 - position: [ 0.08983562 -1.3648243   1.82627702]
2026-01-20 10:03:18,171 - position: [ 0.09581812 -1.36029017  1.82467854]
2026-01-20 10:03:18,393 - position: [ 0.09149969 -1.36020911  1.82305646]
2026-01-20 10:03:18,617 - position: [ 0.08543127 -1.36758232  1.82359779]
2026-01-20 10:03:18,843 - position: [ 0.08540139 -1.37557518  1.82527816]
2026-01-20 10:03:19,092 - position: [ 0.08669856 -1.37910628  1.82585561]
2026-01-20 10:03:19,342 - position: [ 0.0865194  -1.38313854  1.82668769]
2026-01-20 10:03:19,560 - position: [ 0.08717891 -1.38347912  1.82614899]
2026-01-20 10:03:19,771 - position: [ 0.08214755 -1.38441193  1.82561576]
2026-01-20 10:03:19,999 - position: [ 0.07952185 -1.38374889  1.82441187]
2026-01-20 10:03:20,236 - position: [ 0.07949194 -1.38377273  1.82447124]
2026-01-20 10:03:20,474 - position: [ 0.07976118 -1.38517499  1.82573569]
2026-01-20 10:03:20,687 - position: [ 0.07014731 -1.38226044  1.8231132 ]
2026-01-20 10:03:20,900 - position: [ 0.07246102 -1.38298357  1.8238337 ]
2026-01-20 10:03:21,141 - position: [ 0.07846504 -1.38129604  1.82353699]
2026-01-20 10:03:21,394 - position: [ 0.07869039 -1.38540101  1.82296765]
2026-01-20 10:03:21,727 - position: [ 0.07658324 -1.39606261  1.82349753]
2026-01-20 10:03:22,069 - position: [ 0.07547233 -1.39784348  1.82486129]
2026-01-20 10:03:22,309 - position: [ 0.07547233 -1.39784348  1.82486129]
2026-01-20 10:03:22,550 - position: [ 0.07808963 -1.39551294  1.82557452]
2026-01-20 10:03:22,763 - position: [ 0.07822886 -1.39562762  1.82577217]
2026-01-20 10:03:23,007 - position: [ 0.07765833 -1.39452839  1.82570255]
2026-01-20 10:03:23,216 - position: [ 0.07657391 -1.3912636   1.82449532]
2026-01-20 10:03:23,506 - position: [ 0.07499523 -1.3898623   1.8253994 ]
2026-01-20 10:03:23,734 - position: [ 0.07414378 -1.38966179  1.82523453]
2026-01-20 10:03:23,971 - position: [ 0.0728073  -1.38909304  1.82368207]
2026-01-20 10:03:24,238 - position: [ 0.07114534 -1.38941288  1.82344401]
2026-01-20 10:03:24,493 - position: [ 0.07118609 -1.389382    1.82344353]
2026-01-20 10:03:24,804 - position: [ 0.07117506 -1.38927412  1.82343364]
2026-01-20 10:03:25,058 - position: [ 0.0743091  -1.38375342  1.82229137]
2026-01-20 10:03:25,305 - position: [ 0.05524471 -1.38624287  1.81987977]
2026-01-20 10:03:25,548 - position: [ 0.05436636 -1.38680792  1.82050526]
2026-01-20 10:03:25,807 - position: [ 0.06150717 -1.38435888  1.82196975]
2026-01-20 10:03:26,069 - position: [ 0.06516335 -1.38494778  1.82290244]
2026-01-20 10:03:26,298 - position: [ 0.06484408 -1.38727558  1.82308936]
2026-01-20 10:03:26,529 - position: [ 0.06428444 -1.38788772  1.82305884]
2026-01-20 10:03:26,881 - position: [ 0.06273484 -1.38709497  1.82278192]
2026-01-20 10:03:27,139 - position: [ 0.06815208 -1.38442361  1.82316208]
2026-01-20 10:03:27,376 - position: [ 0.07082091 -1.3818481   1.82290959]
2026-01-20 10:03:27,614 - position: [ 0.07031439 -1.38164353  1.82297134]
2026-01-20 10:03:27,854 - position: [ 0.07244848 -1.38214254  1.82339048]
2026-01-20 10:03:28,097 - position: [ 0.07213974 -1.38239634  1.82326221]
2026-01-20 10:03:28,335 - position: [ 0.06985662 -1.38373637  1.82342863]
2026-01-20 10:03:28,564 - position: [ 0.06887744 -1.38455772  1.82340527]
2026-01-20 10:03:28,815 - position: [ 0.06887744 -1.38455772  1.82340527]
2026-01-20 10:03:29,095 - position: [ 0.05161057 -1.39094067  1.82213151]
2026-01-20 10:03:29,314 - position: [ 0.05972891 -1.39129066  1.82353699]
2026-01-20 10:03:29,582 - position: [ 0.06398266 -1.39143133  1.82426453]
2026-01-20 10:03:29,817 - position: [ 0.07454616 -1.38993835  1.82567298]
2026-01-20 10:03:30,079 - position: [ 0.08040205 -1.38757539  1.8260653 ]
2026-01-20 10:03:30,336 - position: [ 0.07940304 -1.38752019  1.82618713]
2026-01-20 10:03:30,578 - position: [ 0.07476956 -1.38805985  1.82740152]
2026-01-20 10:03:30,814 - position: [ 0.07088947 -1.38951504  1.82688427]
2026-01-20 10:03:31,062 - position: [ 0.07132817 -1.39005077  1.8272419 ]
2026-01-20 10:03:31,336 - position: [ 0.06818025 -1.39128935  1.82793832]
2026-01-20 10:03:31,564 - position: [ 0.06821939 -1.39160335  1.82722068]
2026-01-20 10:03:31,796 - position: [ 0.06802903 -1.39185715  1.82825792]
2026-01-20 10:03:32,048 - position: [ 0.06882132 -1.39135981  1.82737303]
2026-01-20 10:03:32,309 - position: [ 0.06882132 -1.39135981  1.82737303]
2026-01-20 10:03:32,520 - position: [ 0.06720309 -1.39197683  1.82762074]
2026-01-20 10:03:32,778 - position: [ 0.06720309 -1.39197683  1.82762074]
2026-01-20 10:03:33,004 - position: [ 0.06749678 -1.39138937  1.82843018]
2026-01-20 10:03:33,230 - position: [ 0.06738093 -1.39190114  1.82865393]
2026-01-20 10:03:33,513 - position: [ 0.06765793 -1.39103079  1.82845652]
2026-01-20 10:03:33,799 - position: [ 0.06952728 -1.38976359  1.82847059]
2026-01-20 10:03:34,019 - position: [ 0.07185133 -1.38854206  1.82756925]
2026-01-20 10:03:34,248 - position: [ 0.06630466 -1.38813066  1.82781005]
2026-01-20 10:03:34,549 - position: [ 0.04549671 -1.38939416  1.82398772]
2026-01-20 10:03:34,778 - position: [ 0.04549671 -1.38939416  1.82398772]
2026-01-20 10:03:35,037 - position: [ 0.06801135 -1.38540292  1.82756066]
2026-01-20 10:03:35,258 - position: [ 0.07445857 -1.38660586  1.82878613]
2026-01-20 10:03:35,486 - position: [ 0.0775411  -1.38683259  1.82876718]
2026-01-20 10:03:35,723 - position: [ 0.07887011 -1.38847828  1.82971668]
2026-01-20 10:03:35,976 - position: [ 0.07512575 -1.38406539  1.82880962]
2026-01-20 10:03:36,190 - position: [ 0.07363    -1.3836385   1.82900417]
2026-01-20 10:03:36,449 - position: [ 0.07223529 -1.38311589  1.82886815]
2026-01-20 10:03:36,698 - position: [ 0.07042182 -1.38303542  1.82907844]
2026-01-20 10:03:36,984 - position: [ 0.06977832 -1.3800199   1.82896173]
2026-01-20 10:03:37,249 - position: [ 0.07338153 -1.37745786  1.82817197]
2026-01-20 10:03:37,488 - position: [ 0.07413251 -1.37767053  1.82774091]
2026-01-20 10:03:37,717 - position: [ 0.08102487 -1.37839472  1.82803512]
2026-01-20 10:03:37,939 - position: [ 0.08356705 -1.37475514  1.82717943]
2026-01-20 10:03:38,189 - position: [ 0.08527103 -1.37113476  1.82642591]
2026-01-20 10:03:38,417 - position: [ 0.08382571 -1.37689567  1.82709086]
2026-01-20 10:03:38,645 - position: [ 0.08390868 -1.37740135  1.82722008]
2026-01-20 10:03:38,888 - position: [ 0.08206553 -1.3744061   1.82666087]
2026-01-20 10:03:39,124 - position: [ 0.08107734 -1.37332714  1.82639122]
2026-01-20 10:03:39,364 - position: [ 0.08007576 -1.37261057  1.82634115]
2026-01-20 10:03:39,624 - position: [ 0.07704134 -1.37178588  1.82613683]
2026-01-20 10:03:39,850 - position: [ 0.07471134 -1.37139809  1.82620025]
2026-01-20 10:03:40,107 - position: [ 0.07342861 -1.37044609  1.82589793]
2026-01-20 10:03:40,351 - position: [ 0.0724219  -1.37129939  1.8261596 ]
2026-01-20 10:03:40,596 - position: [ 0.06787668 -1.37750614  1.82628858]
2026-01-20 10:03:40,850 - position: [ 0.06949405 -1.38310373  1.8269366 ]
2026-01-20 10:03:41,079 - position: [ 0.07222646 -1.3814677   1.82655728]
2026-01-20 10:03:41,317 - position: [ 0.07269222 -1.38164496  1.82652223]
2026-01-20 10:03:41,554 - position: [ 0.07300698 -1.38171554  1.82666087]
2026-01-20 10:03:41,878 - position: [ 0.07545765 -1.37687624  1.8253938 ]
2026-01-20 10:03:42,081 - position: [ 0.07872552 -1.37581265  1.82590508]
2026-01-20 10:03:42,366 - position: [ 0.08102066 -1.37660289  1.8260715 ]
2026-01-20 10:03:42,606 - position: [ 0.0805402  -1.3775903   1.82610476]
2026-01-20 10:03:42,873 - position: [ 0.07890669 -1.37730837  1.82577002]
2026-01-20 10:03:43,112 - position: [ 0.07735021 -1.3785491   1.82608879]
2026-01-20 10:03:43,395 - position: [ 0.074378   -1.37933981  1.82668459]
2026-01-20 10:03:43,639 - position: [ 0.07266371 -1.37972295  1.82574749]
2026-01-20 10:03:43,856 - position: [ 0.07179531 -1.38070261  1.82584047]
2026-01-20 10:03:44,081 - position: [ 0.06985869 -1.38013816  1.82546782]
2026-01-20 10:03:44,317 - position: [ 0.06682642 -1.37969863  1.82493091]
2026-01-20 10:03:44,539 - position: [ 0.06744576 -1.3799206   1.82514608]
2026-01-20 10:03:44,772 - position: [ 0.06700651 -1.38139045  1.82583296]
2026-01-20 10:03:45,029 - position: [ 0.06699068 -1.38299847  1.82581186]
2026-01-20 10:03:45,273 - position: [ 0.06884111 -1.38613045  1.82669818]
2026-01-20 10:03:45,609 - position: [ 0.06751876 -1.38572741  1.82593608]
2026-01-20 10:03:45,834 - position: [ 0.06398049 -1.38718522  1.82523572]
2026-01-20 10:03:46,064 - position: [ 0.07010984 -1.3874141   1.8266263 ]
2026-01-20 10:03:46,313 - position: [ 0.07277454 -1.38361275  1.82551634]
2026-01-20 10:03:46,545 - position: [ 0.07317805 -1.38703609  1.82668102]
2026-01-20 10:03:46,754 - position: [ 0.07190999 -1.38865578  1.82688141]
2026-01-20 10:03:46,961 - position: [ 0.07031885 -1.38832426  1.82678843]
2026-01-20 10:03:47,261 - position: [ 0.06840485 -1.38958192  1.82752585]
2026-01-20 10:03:47,572 - position: [ 0.05860832 -1.38683426  1.82579577]
2026-01-20 10:03:47,798 - position: [ 0.05756148 -1.38593769  1.82535827]
2026-01-20 10:03:48,046 - position: [ 0.0571633  -1.382954    1.82520068]
2026-01-20 10:03:48,277 - position: [ 0.05732724 -1.37988615  1.82450914]
2026-01-20 10:03:48,516 - position: [ 0.05864896 -1.38016737  1.82484317]
2026-01-20 10:03:48,740 - position: [ 0.06868562 -1.38265383  1.82609093]
2026-01-20 10:03:49,012 - position: [ 0.06796475 -1.38686478  1.82659519]
2026-01-20 10:03:49,311 - position: [ 0.06734526 -1.38870263  1.82584763]
2026-01-20 10:03:49,531 - position: [ 0.06338267 -1.39172518  1.82595396]
2026-01-20 10:03:49,774 - position: [ 0.06698912 -1.40095103  1.83020568]
2026-01-20 10:03:49,993 - position: [ 0.07828486 -1.39932418  1.83107603]
2026-01-20 10:03:50,243 - position: [ 0.07995977 -1.39899325  1.83111691]
2026-01-20 10:03:50,454 - position: [ 0.08162343 -1.39824808  1.83123124]
2026-01-20 10:03:50,711 - position: [ 0.08869922 -1.3983866   1.83091009]
2026-01-20 10:03:50,948 - position: [ 0.08869922 -1.3983866   1.83091009]
2026-01-20 10:03:51,189 - position: [ 0.08314027 -1.40045106  1.82945526]
2026-01-20 10:03:51,429 - position: [ 0.08235668 -1.40224195  1.83082604]
2026-01-20 10:03:51,643 - position: [ 0.08233441 -1.40109193  1.83031559]
2026-01-20 10:03:51,871 - position: [ 0.08123225 -1.39985478  1.82976961]
2026-01-20 10:03:52,114 - position: [ 0.08068103 -1.39956307  1.8298496 ]
2026-01-20 10:03:52,323 - position: [ 0.07316147 -1.39510012  1.82902038]
2026-01-20 10:03:52,576 - position: [ 0.06971169 -1.39428771  1.82785332]
2026-01-20 10:03:52,850 - position: [ 0.06996524 -1.39103901  1.82741475]
2026-01-20 10:03:53,144 - position: [ 0.07195475 -1.38677275  1.82700086]
2026-01-20 10:03:53,376 - position: [ 0.07285433 -1.38474011  1.82703745]
2026-01-20 10:03:53,601 - position: [ 0.07436755 -1.38331568  1.82703304]
2026-01-20 10:03:53,858 - position: [ 0.07420017 -1.38181078  1.82658482]
2026-01-20 10:03:54,103 - position: [ 0.07489038 -1.38027537  1.8263911 ]
2026-01-20 10:03:54,357 - position: [ 0.07519735 -1.37970924  1.8264457 ]
2026-01-20 10:03:54,578 - position: [ 0.07574452 -1.3752073   1.82616735]
2026-01-20 10:03:54,803 - position: [ 0.07696541 -1.37389767  1.82624197]
2026-01-20 10:03:55,083 - position: [ 0.07730215 -1.37401927  1.82636297]
2026-01-20 10:03:55,326 - position: [ 0.07727329 -1.37247026  1.82648671]
2026-01-20 10:03:55,573 - position: [ 0.07648306 -1.36826408  1.82652819]
2026-01-20 10:03:55,860 - position: [ 0.07582404 -1.3641181   1.82569671]
2026-01-20 10:03:56,067 - position: [ 0.07448664 -1.36168206  1.82528567]
2026-01-20 10:03:56,300 - position: [ 0.07391223 -1.3608824   1.82524514]
2026-01-20 10:03:56,522 - position: [ 0.07005239 -1.35782552  1.82423234]
2026-01-20 10:03:56,738 - position: [ 0.06837628 -1.35617971  1.82406557]
2026-01-20 10:03:56,953 - position: [ 0.06657591 -1.35433424  1.82386637]
2026-01-20 10:03:57,217 - position: [ 0.06576724 -1.35411966  1.82370031]
2026-01-20 10:03:57,448 - position: [ 0.0667034  -1.3539598   1.82395959]
2026-01-20 10:03:57,687 - position: [ 0.06818216 -1.35434449  1.82399237]
2026-01-20 10:03:57,967 - position: [ 0.06673438 -1.36018038  1.82497573]
2026-01-20 10:03:58,174 - position: [ 0.06673438 -1.36018038  1.82497573]
2026-01-20 10:03:58,454 - position: [ 0.0686073  -1.36155343  1.82467973]
2026-01-20 10:03:58,714 - position: [ 0.07308766 -1.36263454  1.82529199]
2026-01-20 10:03:58,965 - position: [ 0.07922485 -1.36405146  1.82621813]
2026-01-20 10:03:59,209 - position: [ 0.07649428 -1.36639118  1.82550406]
2026-01-20 10:03:59,432 - position: [ 0.05787316 -1.36699653  1.82441604]
2026-01-20 10:03:59,662 - position: [ 0.04992143 -1.36615729  1.82459641]
2026-01-20 10:03:59,891 - position: [ 0.06502792 -1.36349046  1.82632434]
2026-01-20 10:04:00,139 - position: [ 0.07685831 -1.36025834  1.82568192]
2026-01-20 10:04:00,380 - position: [ 0.06168123 -1.36060226  1.82450247]
2026-01-20 10:04:00,641 - position: [ 0.05981302 -1.36092985  1.82471025]
2026-01-20 10:04:00,915 - position: [ 0.08294737 -1.36288178  1.82645404]
2026-01-20 10:04:01,161 - position: [ 0.08251239 -1.36655152  1.82549047]
2026-01-20 10:04:01,412 - position: [ 0.08272196 -1.36813331  1.82552266]
2026-01-20 10:04:01,650 - position: [ 0.09133393 -1.36782086  1.8257494 ]
2026-01-20 10:04:01,873 - position: [ 0.0920683  -1.36740577  1.82561958]
2026-01-20 10:04:02,095 - position: [ 0.08247052 -1.36868191  1.82533085]
2026-01-20 10:04:02,312 - position: [ 0.09442835 -1.36964595  1.82563698]
2026-01-20 10:04:02,547 - position: [ 0.09400211 -1.36992311  1.82559907]
2026-01-20 10:04:02,797 - position: [ 0.0782506  -1.37097025  1.82484698]
2026-01-20 10:04:03,059 - position: [ 0.05477036 -1.3753469   1.81897283]
2026-01-20 10:04:03,282 - position: [ 0.03704578 -1.3796308   1.81082976]
2026-01-20 10:04:03,618 - position: [ 0.0137311  -1.38111258  1.80304682]
2026-01-20 10:04:03,842 - position: [ 0.0446532  -1.36919856  1.81093216]
2026-01-20 10:04:04,072 - position: [ 0.08758076 -1.37178397  1.82129455]
2026-01-20 10:04:04,302 - position: [ 0.09060907 -1.37549806  1.82298315]
2026-01-20 10:04:04,626 - position: [ 0.0947829  -1.37599719  1.82366252]
2026-01-20 10:04:04,873 - position: [ 0.08894943 -1.37617612  1.82234657]
2026-01-20 10:04:05,121 - position: [ 0.08898895 -1.37548864  1.82245708]
2026-01-20 10:04:05,355 - position: [ 0.08949956 -1.37543261  1.82255721]
2026-01-20 10:04:05,585 - position: [ 0.09101022 -1.37648392  1.82473719]
2026-01-20 10:04:05,839 - position: [ 0.08773693 -1.37286556  1.82484305]
2026-01-20 10:04:06,142 - position: [ 0.08408576 -1.37696517  1.82603347]
2026-01-20 10:04:06,399 - position: [ 0.08430523 -1.37538087  1.82574153]
2026-01-20 10:04:06,636 - position: [ 0.08431706 -1.37521529  1.82532322]
2026-01-20 10:04:06,849 - position: [ 0.08467522 -1.37519813  1.82534134]
2026-01-20 10:04:07,088 - position: [ 0.08723096 -1.37465835  1.82547724]
2026-01-20 10:04:07,346 - position: [ 0.08872505 -1.37399518  1.82536137]
2026-01-20 10:04:07,619 - position: [ 0.08813073 -1.37345946  1.82517445]
2026-01-20 10:04:07,841 - position: [ 0.08756578 -1.37357175  1.82508171]
2026-01-20 10:04:08,142 - position: [ 0.08684713 -1.37440968  1.82519758]
2026-01-20 10:04:08,359 - position: [ 0.0848918  -1.37531579  1.82527256]
2026-01-20 10:04:08,572 - position: [ 0.0849592  -1.37527084  1.82515502]
2026-01-20 10:04:08,832 - position: [ 0.08460315 -1.37681413  1.82504773]
2026-01-20 10:04:09,063 - position: [ 0.08382623 -1.37784553  1.82540417]
2026-01-20 10:04:09,303 - position: [ 0.08307756 -1.37801468  1.82528865]
2026-01-20 10:04:09,539 - position: [ 0.0814458  -1.37775683  1.82500112]
2026-01-20 10:04:09,811 - position: [ 0.07949527 -1.37654877  1.82494998]
2026-01-20 10:04:10,078 - position: [ 0.07600503 -1.37969255  1.8252598 ]
2026-01-20 10:04:10,371 - position: [ 0.07626972 -1.38029909  1.8253442 ]
2026-01-20 10:04:10,635 - position: [ 0.0778534  -1.38018751  1.8255626 ]
2026-01-20 10:04:10,860 - position: [ 0.07890955 -1.38012671  1.82519758]
2026-01-20 10:04:11,095 - position: [ 0.07891048 -1.37970865  1.82569754]
2026-01-20 10:04:11,334 - position: [ 0.07926854 -1.3800143   1.82561541]
2026-01-20 10:04:11,551 - position: [ 0.08068054 -1.38016391  1.82509482]
2026-01-20 10:04:11,819 - position: [ 0.08034885 -1.3799752   1.82557511]
2026-01-20 10:04:12,130 - position: [ 0.0800174  -1.38034618  1.82604659]
2026-01-20 10:04:12,377 - position: [ 0.07287131 -1.37769401  1.82526302]
2026-01-20 10:04:12,623 - position: [ 0.07419447 -1.37673318  1.82508481]
2026-01-20 10:04:12,880 - position: [ 0.07623654 -1.37402296  1.82491338]
2026-01-20 10:04:13,106 - position: [ 0.07599361 -1.37345147  1.82486451]
2026-01-20 10:04:13,340 - position: [ 0.06767023 -1.37567675  1.82506824]
2026-01-20 10:04:13,664 - position: [ 0.06160867 -1.38058245  1.82563388]
2026-01-20 10:04:13,912 - position: [ 0.06278952 -1.38263321  1.8260808 ]
2026-01-20 10:04:14,154 - position: [ 0.06331182 -1.38190043  1.82506526]
2026-01-20 10:04:14,465 - position: [ 0.06597094 -1.38317561  1.8264091 ]
2026-01-20 10:04:14,707 - position: [ 0.06721672 -1.37956977  1.82487774]
2026-01-20 10:04:14,918 - position: [ 0.06861275 -1.3739984   1.82442832]
2026-01-20 10:04:15,175 - position: [ 0.069039   -1.37271512  1.82441652]
2026-01-20 10:04:15,446 - position: [ 0.06743281 -1.37422395  1.82474315]
2026-01-20 10:04:15,716 - position: [ 0.06389673 -1.37435317  1.82430041]
2026-01-20 10:04:15,979 - position: [ 0.06184347 -1.37520301  1.82434475]
2026-01-20 10:04:16,231 - position: [ 0.0605597  -1.37604511  1.82452607]
2026-01-20 10:04:16,447 - position: [ 0.05782418 -1.37772453  1.82448471]
2026-01-20 10:04:16,707 - position: [ 0.05693185 -1.38012671  1.8247565 ]
2026-01-20 10:04:16,970 - position: [ 0.05873341 -1.37753487  1.82459927]
2026-01-20 10:04:17,253 - position: [ 0.05978521 -1.37508297  1.82419491]
2026-01-20 10:04:17,507 - position: [ 0.05790674 -1.37466633  1.82425892]
2026-01-20 10:04:17,755 - position: [ 0.05790674 -1.37466633  1.82425892]
2026-01-20 10:04:17,997 - position: [ 0.05685928 -1.37425971  1.82465136]
2026-01-20 10:04:18,235 - position: [ 0.05657415 -1.37400186  1.82421589]
2026-01-20 10:04:18,444 - position: [ 0.05469783 -1.37582231  1.82508945]
2026-01-20 10:04:18,679 - position: [ 0.05478727 -1.37531602  1.82468021]
2026-01-20 10:04:18,894 - position: [ 0.05384193 -1.37556541  1.82469821]
2026-01-20 10:04:19,170 - position: [ 0.05528921 -1.37523448  1.82418501]
2026-01-20 10:04:19,452 - position: [ 0.05769843 -1.37506342  1.82503343]
2026-01-20 10:04:19,700 - position: [ 0.05982186 -1.37514329  1.82480514]
2026-01-20 10:04:19,929 - position: [ 0.06141089 -1.37467134  1.82492149]
2026-01-20 10:04:20,183 - position: [ 0.06468511 -1.36969018  1.82415748]
2026-01-20 10:04:20,442 - position: [ 0.0648839  -1.36935937  1.8241291 ]
2026-01-20 10:04:20,669 - position: [ 0.06585672 -1.36864543  1.82484233]
2026-01-20 10:04:20,896 - position: [ 0.06627436 -1.36874497  1.82511961]
2026-01-20 10:04:21,179 - position: [ 0.06866261 -1.37004113  1.82490909]
2026-01-20 10:04:21,419 - position: [ 0.07028256 -1.372352    1.82559919]
2026-01-20 10:04:21,664 - position: [ 0.0715638  -1.37416816  1.82539892]
2026-01-20 10:04:21,894 - position: [ 0.07346824 -1.37580979  1.82569015]
2026-01-20 10:04:22,146 - position: [ 0.07508343 -1.37713742  1.82586968]
2026-01-20 10:04:22,360 - position: [ 0.07739232 -1.3769058   1.82590973]
2026-01-20 10:04:22,604 - position: [ 0.07938403 -1.37473357  1.82558918]
2026-01-20 10:04:22,839 - position: [ 0.08124679 -1.37223113  1.82558727]
2026-01-20 10:04:23,079 - position: [ 0.08200838 -1.36954343  1.82543552]
2026-01-20 10:04:23,292 - position: [ 0.08000702 -1.36954999  1.82540286]
2026-01-20 10:04:23,532 - position: [ 0.07623967 -1.37150896  1.82562625]
2026-01-20 10:04:23,739 - position: [ 0.07306147 -1.37953687  1.82615161]
2026-01-20 10:04:24,004 - position: [ 0.07086653 -1.37842691  1.82673132]
2026-01-20 10:04:24,213 - position: [ 0.07133264 -1.37675214  1.82591343]
2026-01-20 10:04:24,496 - position: [ 0.07163674 -1.37664747  1.82658172]
2026-01-20 10:04:24,737 - position: [ 0.07404843 -1.3784039   1.82681656]
2026-01-20 10:04:24,978 - position: [ 0.06800857 -1.38779008  1.8282609 ]
2026-01-20 10:04:25,204 - position: [ 0.05841969 -1.38848293  1.82758522]
2026-01-20 10:04:25,434 - position: [ 0.05545191 -1.38817656  1.82716107]
2026-01-20 10:04:25,649 - position: [ 0.05556775 -1.38650739  1.82736576]
2026-01-20 10:04:25,881 - position: [ 0.0663013  -1.37681878  1.82680178]
2026-01-20 10:04:26,087 - position: [ 0.0654531  -1.37498808  1.82694924]
2026-01-20 10:04:26,319 - position: [ 0.07054871 -1.37379229  1.82575083]
2026-01-20 10:04:26,540 - position: [ 0.06884853 -1.37733734  1.8259114 ]
2026-01-20 10:04:26,750 - position: [ 0.07003662 -1.37722826  1.82576096]
2026-01-20 10:04:26,998 - position: [ 0.06968305 -1.36922419  1.8234117 ]
2026-01-20 10:04:27,233 - position: [ 0.06813666 -1.37291718  1.82383513]
2026-01-20 10:04:27,464 - position: [ 0.07309353 -1.37815583  1.82433724]
2026-01-20 10:04:27,701 - position: [ 0.07583466 -1.38079786  1.82515013]
2026-01-20 10:04:27,921 - position: [ 0.07815238 -1.38365352  1.82442081]
2026-01-20 10:04:28,165 - position: [ 0.07658285 -1.38450074  1.8239702 ]
2026-01-20 10:04:28,401 - position: [ 0.07483398 -1.38605309  1.82399714]
2026-01-20 10:04:28,626 - position: [ 0.07200707 -1.38725913  1.82411158]
2026-01-20 10:04:28,879 - position: [ 0.06971829 -1.3881911   1.82400668]
2026-01-20 10:04:29,183 - position: [ 0.06673363 -1.38757133  1.82378817]
2026-01-20 10:04:29,399 - position: [ 0.06832223 -1.38474059  1.82433748]
2026-01-20 10:04:29,628 - position: [ 0.07533733 -1.38065326  1.82398665]
2026-01-20 10:04:29,844 - position: [ 0.07800929 -1.38138056  1.82439601]
2026-01-20 10:04:30,107 - position: [ 0.07923207 -1.38198304  1.82458615]
2026-01-20 10:04:30,336 - position: [ 0.07705532 -1.38436902  1.82469368]
2026-01-20 10:04:30,591 - position: [ 0.07618178 -1.38490582  1.82425773]
2026-01-20 10:04:30,838 - position: [ 0.07436957 -1.39121008  1.82554984]
2026-01-20 10:04:31,069 - position: [ 0.07446288 -1.39159632  1.82553518]
2026-01-20 10:04:31,271 - position: [ 0.07567833 -1.39011538  1.82548106]
2026-01-20 10:04:31,549 - position: [ 0.07594651 -1.39004111  1.82552707]
2026-01-20 10:04:31,801 - position: [ 0.08317077 -1.39002192  1.82587183]
2026-01-20 10:04:32,059 - position: [ 0.08448811 -1.3901726   1.8260361 ]
2026-01-20 10:04:32,326 - position: [ 0.08459022 -1.39022148  1.82590938]
2026-01-20 10:04:32,547 - position: [ 0.08459022 -1.39022148  1.82590938]
2026-01-20 10:04:32,795 - position: [ 0.08049206 -1.39161909  1.82544923]
2026-01-20 10:04:33,056 - position: [ 0.07828218 -1.39264894  1.8257556 ]
2026-01-20 10:04:33,259 - position: [ 0.07433913 -1.39324033  1.82486284]
2026-01-20 10:04:33,473 - position: [ 0.07312229 -1.39231873  1.82424796]
2026-01-20 10:04:33,739 - position: [ 0.06986899 -1.3895154   1.8238585 ]
2026-01-20 10:04:33,966 - position: [ 0.07001656 -1.38963461  1.82388973]
2026-01-20 10:04:34,212 - position: [ 0.06982535 -1.39230573  1.82410789]
2026-01-20 10:04:34,446 - position: [ 0.07108282 -1.39260435  1.82434034]
2026-01-20 10:04:34,687 - position: [ 0.06962138 -1.39160419  1.82364786]
2026-01-20 10:04:34,927 - position: [ 0.06847012 -1.3924216   1.82375765]
2026-01-20 10:04:35,147 - position: [ 0.06598896 -1.39312291  1.82462978]
2026-01-20 10:04:35,475 - position: [ 0.06387212 -1.38951099  1.82365382]
2026-01-20 10:04:35,686 - position: [ 0.06432485 -1.38859272  1.82355535]
2026-01-20 10:04:35,919 - position: [ 0.06491925 -1.38954425  1.82398462]
2026-01-20 10:04:36,132 - position: [ 0.06526196 -1.38994849  1.82414949]
2026-01-20 10:04:36,404 - position: [ 0.06613459 -1.39033401  1.82394755]
2026-01-20 10:04:36,630 - position: [ 0.06379598 -1.38695633  1.8241123 ]
2026-01-20 10:04:36,920 - position: [ 0.06504776 -1.38662958  1.82443953]
2026-01-20 10:04:37,162 - position: [ 0.07016089 -1.38397384  1.82490849]
2026-01-20 10:04:37,400 - position: [ 0.06961712 -1.38351154  1.82535589]
2026-01-20 10:04:37,649 - position: [ 0.04949757 -1.38742518  1.82212102]
2026-01-20 10:04:37,880 - position: [ 0.04129227 -1.39088607  1.82114983]
2026-01-20 10:04:38,116 - position: [ 0.04479387 -1.38896775  1.8209213 ]
2026-01-20 10:04:38,334 - position: [ 0.05809864 -1.38720822  1.82292521]
2026-01-20 10:04:38,584 - position: [ 0.0562175  -1.3871789   1.82211649]
2026-01-20 10:04:38,797 - position: [ 0.05181644 -1.38743794  1.82269931]
2026-01-20 10:04:39,090 - position: [ 0.05091475 -1.38589799  1.822317  ]
2026-01-20 10:04:39,305 - position: [ 0.05091475 -1.38589799  1.822317  ]
2026-01-20 10:04:39,527 - position: [ 0.05292698 -1.37935328  1.82203221]
2026-01-20 10:04:39,829 - position: [ 0.06627679 -1.37411261  1.82337606]
2026-01-20 10:04:40,062 - position: [ 0.06174852 -1.37550437  1.82388675]
2026-01-20 10:04:40,263 - position: [ 0.06051476 -1.37685013  1.82385826]
2026-01-20 10:04:40,516 - position: [ 0.0563992  -1.37678742  1.82287836]
2026-01-20 10:04:40,761 - position: [ 0.05051469 -1.37591422  1.82174647]
2026-01-20 10:04:40,983 - position: [ 0.04368018 -1.37938702  1.82137167]
2026-01-20 10:04:41,242 - position: [ 0.03508812 -1.37243783  1.81846273]
2026-01-20 10:04:41,472 - position: [ 0.03773016 -1.37057829  1.8185935 ]
2026-01-20 10:04:41,744 - position: [ 0.04099898 -1.37028706  1.81894195]
2026-01-20 10:04:41,996 - position: [ 0.04334949 -1.37062955  1.81934714]
2026-01-20 10:04:42,223 - position: [ 0.05114478 -1.37109387  1.82038033]
2026-01-20 10:04:42,450 - position: [ 0.07423637 -1.37089252  1.8237083 ]
2026-01-20 10:04:42,708 - position: [ 0.08538393 -1.37170136  1.82398701]
2026-01-20 10:04:42,942 - position: [ 0.08103664 -1.37231731  1.82355928]
2026-01-20 10:04:43,212 - position: [ 0.07144604 -1.37412846  1.82330751]
2026-01-20 10:04:43,465 - position: [ 0.0701056  -1.37553966  1.82346928]
2026-01-20 10:04:43,712 - position: [ 0.07068981 -1.37653399  1.82367516]
2026-01-20 10:04:43,976 - position: [ 0.0694766  -1.37708747  1.82427931]
2026-01-20 10:04:44,196 - position: [ 0.0651975  -1.37658882  1.8232739 ]
2026-01-20 10:04:44,410 - position: [ 0.06411479 -1.37245071  1.82211709]
2026-01-20 10:04:44,717 - position: [ 0.06337603 -1.36998618  1.82131016]
2026-01-20 10:04:44,951 - position: [ 0.06451146 -1.36959004  1.82067168]
2026-01-20 10:04:45,213 - position: [ 0.06439132 -1.37125051  1.82113469]
2026-01-20 10:04:45,469 - position: [ 0.05397383 -1.36346054  1.81818008]
2026-01-20 10:04:45,735 - position: [ 0.05726348 -1.36208045  1.81805396]
2026-01-20 10:04:45,987 - position: [ 0.05626963 -1.36240435  1.81835842]
2026-01-20 10:04:46,209 - position: [ 0.05497304 -1.36145711  1.81800818]
2026-01-20 10:04:46,525 - position: [ 0.05205273 -1.35911536  1.81799388]
2026-01-20 10:04:46,779 - position: [ 0.05073893 -1.35647118  1.81764233]
2026-01-20 10:04:46,997 - position: [ 0.04973669 -1.35251439  1.81729364]
2026-01-20 10:04:47,230 - position: [ 0.04978403 -1.35160995  1.81712437]
2026-01-20 10:04:47,460 - position: [ 0.04730794 -1.35264945  1.8172977 ]
2026-01-20 10:04:47,740 - position: [ 0.0453099  -1.35312915  1.81734097]
2026-01-20 10:04:47,991 - position: [ 0.04675926 -1.35381758  1.81764114]
2026-01-20 10:04:48,274 - position: [ 0.04907462 -1.35426962  1.81789649]
2026-01-20 10:04:48,507 - position: [ 0.05135688 -1.35417223  1.81803322]
2026-01-20 10:04:48,740 - position: [ 0.05744005 -1.35561001  1.81821299]
2026-01-20 10:04:48,960 - position: [ 0.06173709 -1.35505092  1.81818211]
2026-01-20 10:04:49,173 - position: [ 0.06766093 -1.35399199  1.81809354]
2026-01-20 10:04:49,376 - position: [ 0.06969514 -1.35446513  1.81810725]
2026-01-20 10:04:49,596 - position: [ 0.06732214 -1.3543663   1.81781161]
2026-01-20 10:04:49,845 - position: [ 0.06255723 -1.35614836  1.81789923]
2026-01-20 10:04:50,071 - position: [ 0.0532186  -1.35712063  1.81636429]
2026-01-20 10:04:50,385 - position: [ 0.06991673 -1.35073435  1.8178916 ]
2026-01-20 10:04:50,644 - position: [ 0.06976832 -1.35161304  1.81876516]
2026-01-20 10:04:50,915 - position: [ 0.06628498 -1.35204315  1.81818271]
2026-01-20 10:04:51,152 - position: [ 0.06631329 -1.35348523  1.81887531]
2026-01-20 10:04:51,386 - position: [ 0.06699796 -1.35721862  1.81996119]
2026-01-20 10:04:51,636 - position: [ 0.06483261 -1.36229897  1.82108605]
2026-01-20 10:04:51,868 - position: [ 0.06375814 -1.36494303  1.8213805 ]
2026-01-20 10:04:52,118 - position: [ 0.06815315 -1.36638021  1.82131708]
2026-01-20 10:04:52,381 - position: [ 0.07115206 -1.36697114  1.82217658]
2026-01-20 10:04:52,623 - position: [ 0.0713345  -1.37042427  1.82306468]
2026-01-20 10:04:52,861 - position: [ 0.07207232 -1.37148976  1.82348502]
2026-01-20 10:04:53,082 - position: [ 0.07246102 -1.3689872   1.82264006]
2026-01-20 10:04:53,320 - position: [ 0.07324636 -1.36842155  1.82241797]
2026-01-20 10:04:53,563 - position: [ 0.07396211 -1.36756098  1.82236362]
2026-01-20 10:04:53,789 - position: [ 0.07420434 -1.36680305  1.82215011]
2026-01-20 10:04:54,070 - position: [ 0.07590735 -1.36503565  1.8218565 ]
2026-01-20 10:04:54,315 - position: [ 0.0768352  -1.36672878  1.8217845 ]
2026-01-20 10:04:54,542 - position: [ 0.0768352  -1.36672878  1.8217845 ]
2026-01-20 10:04:54,843 - position: [ 0.07335688 -1.36913121  1.82151461]
2026-01-20 10:04:55,053 - position: [ 0.07029489 -1.37192965  1.82145548]
2026-01-20 10:04:55,281 - position: [ 0.07087776 -1.37231076  1.82161927]
2026-01-20 10:04:55,509 - position: [ 0.07095616 -1.37143683  1.82152843]
2026-01-20 10:04:55,731 - position: [ 0.07119746 -1.3703059   1.82128954]
2026-01-20 10:04:55,958 - position: [ 0.07263205 -1.37022924  1.82128847]
2026-01-20 10:04:56,238 - position: [ 0.06816021 -1.36877811  1.82063591]
2026-01-20 10:04:56,474 - position: [ 0.07023878 -1.36546922  1.81987107]
2026-01-20 10:04:56,679 - position: [ 0.07348138 -1.36117041  1.81916749]
2026-01-20 10:04:56,915 - position: [ 0.07037757 -1.36128104  1.81896889]
2026-01-20 10:04:57,134 - position: [ 0.04779831 -1.36151719  1.81429589]
2026-01-20 10:04:57,336 - position: [ 0.05611588 -1.36340189  1.81570756]
2026-01-20 10:04:57,572 - position: [ 0.09751397 -1.36638546  1.81732881]
2026-01-20 10:04:57,838 - position: [ 0.09878014 -1.36956346  1.81847858]
2026-01-20 10:04:58,076 - position: [ 0.09463902 -1.37380278  1.81988406]
2026-01-20 10:04:58,385 - position: [ 0.08306476 -1.37625766  1.82104111]
2026-01-20 10:04:58,684 - position: [ 0.08548579 -1.37573659  1.8212055 ]
2026-01-20 10:04:58,929 - position: [ 0.08479804 -1.37348115  1.8220793 ]
2026-01-20 10:04:59,154 - position: [ 0.07866094 -1.36875844  1.82230806]
2026-01-20 10:04:59,448 - position: [ 0.0783642  -1.36889815  1.82240963]
2026-01-20 10:04:59,684 - position: [ 0.07771917 -1.37059927  1.82242632]
2026-01-20 10:04:59,948 - position: [ 0.07655288 -1.37164652  1.82211435]
2026-01-20 10:05:00,164 - position: [ 0.07560139 -1.37320828  1.8223623 ]
2026-01-20 10:05:00,493 - position: [ 0.07362799 -1.37256479  1.82207906]
2026-01-20 10:05:00,799 - position: [ 0.07358716 -1.36865652  1.82156265]
2026-01-20 10:05:01,106 - position: [ 0.07339633 -1.36676764  1.82157183]
2026-01-20 10:05:01,328 - position: [ 0.07339633 -1.36676764  1.82157183]
2026-01-20 10:05:01,579 - position: [ 0.07115682 -1.36388648  1.82093859]
2026-01-20 10:05:01,837 - position: [ 0.07423279 -1.36452806  1.82062542]
2026-01-20 10:05:02,073 - position: [ 0.07423279 -1.36452806  1.82062542]
2026-01-20 10:05:02,322 - position: [ 0.07912529 -1.36809564  1.82126319]
2026-01-20 10:05:02,600 - position: [ 0.07939816 -1.36905193  1.82135046]
2026-01-20 10:05:02,807 - position: [ 0.07902975 -1.37099338  1.82137024]
2026-01-20 10:05:03,019 - position: [ 0.08138406 -1.37300444  1.8220166 ]
2026-01-20 10:05:03,231 - position: [ 0.0824056  -1.37301946  1.82189035]
2026-01-20 10:05:03,480 - position: [ 0.08413906 -1.37411439  1.82243776]
2026-01-20 10:05:03,727 - position: [ 0.08446806 -1.37254488  1.82227409]
2026-01-20 10:05:03,939 - position: [ 0.08395342 -1.37058508  1.82186532]
2026-01-20 10:05:04,213 - position: [ 0.08182729 -1.37019336  1.82181108]
2026-01-20 10:05:04,445 - position: [ 0.07936987 -1.37098503  1.82190335]
2026-01-20 10:05:04,667 - position: [ 0.07842268 -1.37097418  1.82188129]
2026-01-20 10:05:04,933 - position: [ 0.0778586  -1.37150133  1.82190728]
2026-01-20 10:05:05,191 - position: [ 0.07743254 -1.37177527  1.82195413]
2026-01-20 10:05:05,464 - position: [ 0.07472695 -1.37293303  1.82242095]
2026-01-20 10:05:05,703 - position: [ 0.07488158 -1.37251997  1.82238901]
2026-01-20 10:05:05,976 - position: [ 0.07658683 -1.36976862  1.82232559]
2026-01-20 10:05:06,277 - position: [ 0.07701795 -1.3687222   1.82244682]
2026-01-20 10:05:06,540 - position: [ 0.08045285 -1.36799109  1.82248807]
2026-01-20 10:05:06,801 - position: [ 0.08017782 -1.36832154  1.82202637]
2026-01-20 10:05:07,064 - position: [ 0.08114607 -1.36870468  1.82238591]
2026-01-20 10:05:07,332 - position: [ 0.08209959 -1.36742043  1.82169843]
2026-01-20 10:05:07,590 - position: [ 0.0837661  -1.36551952  1.82127512]
2026-01-20 10:05:07,857 - position: [ 0.08446056 -1.36599314  1.8215425 ]
2026-01-20 10:05:08,141 - position: [ 0.0842247  -1.36545229  1.82144594]
2026-01-20 10:05:08,361 - position: [ 0.08276183 -1.36615181  1.82117355]
2026-01-20 10:05:08,590 - position: [ 0.08256842 -1.36649418  1.82113767]
2026-01-20 10:05:08,820 - position: [ 0.08255867 -1.36654031  1.82113326]
2026-01-20 10:05:09,033 - position: [ 0.08235139 -1.36675537  1.82129788]
2026-01-20 10:05:09,261 - position: [ 0.08152333 -1.36564624  1.82148659]
2026-01-20 10:05:09,503 - position: [ 0.06042222 -1.37104714  1.82107186]
2026-01-20 10:05:09,740 - position: [ 0.06411294 -1.36771035  1.82091415]
2026-01-20 10:05:10,004 - position: [ 0.06293287 -1.36952519  1.82196259]
2026-01-20 10:05:10,269 - position: [ 0.06128442 -1.36827326  1.82128787]
2026-01-20 10:05:10,562 - position: [ 0.06194531 -1.37204409  1.82174897]
2026-01-20 10:05:10,801 - position: [ 0.06391643 -1.37140477  1.82086957]
2026-01-20 10:05:11,029 - position: [ 0.06558288 -1.37344527  1.82194781]
2026-01-20 10:05:11,255 - position: [ 0.06653079 -1.3734498   1.82170868]
2026-01-20 10:05:11,503 - position: [ 0.06698477 -1.37359059  1.82190013]
2026-01-20 10:05:11,715 - position: [ 0.06785521 -1.37300444  1.82213306]
2026-01-20 10:05:11,971 - position: [ 0.07139657 -1.37095273  1.82226551]
2026-01-20 10:05:12,219 - position: [ 0.07409294 -1.37182605  1.82262087]
2026-01-20 10:05:12,438 - position: [ 0.07499026 -1.37172282  1.82254386]
2026-01-20 10:05:12,672 - position: [ 0.08166358 -1.37136495  1.82225931]
2026-01-20 10:05:12,922 - position: [ 0.08759244 -1.371364    1.82177794]
2026-01-20 10:05:13,152 - position: [ 0.086911   -1.37030983  1.82136309]
2026-01-20 10:05:13,387 - position: [ 0.08576873 -1.37261569  1.82162738]
2026-01-20 10:05:13,690 - position: [ 0.08344024 -1.37452757  1.82159925]
2026-01-20 10:05:13,938 - position: [ 0.08194617 -1.37338793  1.82128477]
2026-01-20 10:05:14,216 - position: [ 0.07936644 -1.37136781  1.82112741]
2026-01-20 10:05:14,504 - position: [ 0.07964362 -1.36956763  1.82154036]
2026-01-20 10:05:14,751 - position: [ 0.07934398 -1.3678      1.82154131]
2026-01-20 10:05:14,984 - position: [ 0.0794129  -1.36584473  1.82200098]
2026-01-20 10:05:15,234 - position: [ 0.0794129  -1.36584473  1.82200098]
2026-01-20 10:05:15,459 - position: [ 0.08069111 -1.36301255  1.82118213]
2026-01-20 10:05:15,676 - position: [ 0.08153871 -1.36211109  1.82111561]
2026-01-20 10:05:15,912 - position: [ 0.08190891 -1.36174631  1.82103896]
