2026-01-20 10:06:44,136 - position: [ 0.08586917 -1.30003953  0.85664493]
2026-01-20 10:06:44,363 - position: [ 0.08631837 -1.30058813  0.85695767]
2026-01-20 10:06:44,610 - position: [ 0.08614156 -1.29994512  0.85665923]
2026-01-20 10:06:44,879 - position: [ 0.08592597 -1.30032265  0.85673952]
2026-01-20 10:06:45,096 - position: [ 0.08612953 -1.3010354   0.85691613]
2026-01-20 10:06:45,330 - position: [ 0.08664226 -1.30123186  0.85710764]
2026-01-20 10:06:45,571 - position: [ 0.08667872 -1.30108011  0.85704935]
2026-01-20 10:06:45,793 - position: [ 0.08687384 -1.30091083  0.85698646]
2026-01-20 10:06:46,057 - position: [ 0.08691896 -1.30107021  0.8569687 ]
2026-01-20 10:06:46,363 - position: [ 0.08679564 -1.30147207  0.85729551]
2026-01-20 10:06:46,642 - position: [ 0.08683858 -1.30099475  0.85707593]
2026-01-20 10:06:46,893 - position: [ 0.08693101 -1.30160809  0.85726482]
2026-01-20 10:06:47,128 - position: [ 0.08684239 -1.30073214  0.85697252]
2026-01-20 10:06:47,442 - position: [ 0.08682479 -1.300771    0.85684556]
2026-01-20 10:06:47,677 - position: [ 0.08704148 -1.30197883  0.85739464]
2026-01-20 10:06:47,910 - position: [ 0.08567805 -1.30808091  0.8599329 ]
2026-01-20 10:06:48,163 - position: [ 0.08105965 -1.31007957  0.86129862]
2026-01-20 10:06:48,425 - position: [ 0.07557202 -1.31539965  0.86384463]
2026-01-20 10:06:48,733 - position: [ 0.0704108  -1.3568542   0.88297415]
2026-01-20 10:06:48,955 - position: [ 0.07058117 -1.35836172  0.88418591]
2026-01-20 10:06:49,216 - position: [ 0.06480552 -1.35871732  0.88439012]
2026-01-20 10:06:49,436 - position: [ 0.06185591 -1.36638677  0.88744253]
2026-01-20 10:06:49,746 - position: [ 0.06172919 -1.3662802   0.88735908]
2026-01-20 10:06:49,983 - position: [ 0.05024359 -1.36977148  0.88878882]
2026-01-20 10:06:50,233 - position: [ 0.03490654 -1.36487186  0.88500696]
2026-01-20 10:06:50,473 - position: [ 0.03399476 -1.36466527  0.88473368]
2026-01-20 10:06:50,714 - position: [ 0.05211065 -1.35669959  0.88285714]
2026-01-20 10:06:50,952 - position: [ 0.06459486 -1.35102236  0.88162577]
2026-01-20 10:06:51,224 - position: [ 0.06616493 -1.34811902  0.88071483]
2026-01-20 10:06:51,604 - position: [ 0.0687297  -1.34456122  0.87926787]
2026-01-20 10:06:51,851 - position: [ 0.06886698 -1.34408486  0.87815964]
2026-01-20 10:06:52,109 - position: [ 0.06869054 -1.34186804  0.87753636]
2026-01-20 10:06:52,339 - position: [ 0.06869054 -1.34186804  0.87753636]
2026-01-20 10:06:52,574 - position: [ 0.06680528 -1.33830965  0.87635773]
2026-01-20 10:06:52,875 - position: [ 0.0628949  -1.33451331  0.87512374]
2026-01-20 10:06:53,197 - position: [ 0.0642859  -1.33534348  0.87603205]
2026-01-20 10:06:53,529 - position: [ 0.06475289 -1.33988523  0.87746114]
2026-01-20 10:06:53,761 - position: [ 0.06566933 -1.34125984  0.87789464]
2026-01-20 10:06:54,052 - position: [ 0.06737085 -1.34060264  0.87762511]
2026-01-20 10:06:54,291 - position: [ 0.06857338 -1.34024262  0.87746483]
2026-01-20 10:06:54,513 - position: [ 0.06845966 -1.34119642  0.87746948]
2026-01-20 10:06:54,756 - position: [ 0.06842905 -1.34207177  0.8777864 ]
2026-01-20 10:06:54,993 - position: [ 0.06730803 -1.34111631  0.87726676]
2026-01-20 10:06:55,248 - position: [ 0.06666171 -1.34119749  0.87752312]
2026-01-20 10:06:55,463 - position: [ 0.06669686 -1.33987772  0.87699014]
2026-01-20 10:06:55,703 - position: [ 0.06519273 -1.33922863  0.87674296]
2026-01-20 10:06:55,931 - position: [ 0.06470916 -1.33929777  0.87761009]
2026-01-20 10:06:56,151 - position: [ 0.06356225 -1.33855844  0.87720859]
2026-01-20 10:06:56,497 - position: [ 0.05784364 -1.33112764  0.87328291]
2026-01-20 10:06:56,719 - position: [ 0.05784364 -1.33112764  0.87328291]
2026-01-20 10:06:56,955 - position: [ 0.05964733 -1.33168375  0.87367463]
2026-01-20 10:06:57,212 - position: [ 0.06232365 -1.33343732  0.87398815]
2026-01-20 10:06:57,464 - position: [ 0.06170335 -1.333202    0.87349594]
2026-01-20 10:06:57,679 - position: [ 0.06130081 -1.33498287  0.87406868]
2026-01-20 10:06:57,934 - position: [ 0.061578   -1.33420801  0.87369835]
2026-01-20 10:06:58,188 - position: [ 0.06122954 -1.33539402  0.87407726]
2026-01-20 10:06:58,663 - position: [ 0.06343877 -1.33555818  0.87417734]
2026-01-20 10:06:58,899 - position: [ 0.06234558 -1.33541954  0.87395442]
2026-01-20 10:06:59,135 - position: [ 0.06227941 -1.33525574  0.87382942]
2026-01-20 10:06:59,381 - position: [ 0.06210558 -1.33542252  0.87386298]
2026-01-20 10:06:59,653 - position: [ 0.04808708 -1.33454716  0.87105298]
2026-01-20 10:06:59,904 - position: [ 0.0334701  -1.33617365  0.87086952]
2026-01-20 10:07:00,152 - position: [ 0.03537722 -1.3358562   0.87005353]
2026-01-20 10:07:00,388 - position: [ 0.03235131 -1.33437741  0.86968446]
2026-01-20 10:07:00,604 - position: [ 0.05961758 -1.31633759  0.86598718]
2026-01-20 10:07:00,844 - position: [ 0.06108533 -1.31644261  0.86686301]
2026-01-20 10:07:01,083 - position: [ 0.06207411 -1.31682551  0.86704767]
2026-01-20 10:07:01,304 - position: [ 0.06272764 -1.31620383  0.86627811]
2026-01-20 10:07:01,542 - position: [ 0.06343099 -1.31548703  0.86561006]
2026-01-20 10:07:01,774 - position: [ 0.06553183 -1.31443214  0.86512262]
2026-01-20 10:07:02,000 - position: [ 0.06401329 -1.31611729  0.86567938]
2026-01-20 10:07:02,202 - position: [ 0.06524387 -1.31670642  0.86557138]
2026-01-20 10:07:02,422 - position: [ 0.06480316 -1.31617284  0.8656069 ]
2026-01-20 10:07:02,640 - position: [ 0.06242681 -1.31674004  0.86580801]
2026-01-20 10:07:02,874 - position: [ 0.06245622 -1.31765616  0.86644965]
2026-01-20 10:07:03,117 - position: [ 0.06225106 -1.3189075   0.86714679]
2026-01-20 10:07:03,335 - position: [ 0.0638058  -1.32244658  0.86856204]
2026-01-20 10:07:03,614 - position: [ 0.06298558 -1.32387376  0.86857778]
2026-01-20 10:07:03,864 - position: [ 0.0648376  -1.32262909  0.8680585 ]
2026-01-20 10:07:04,148 - position: [ 0.06287412 -1.32323253  0.86811894]
2026-01-20 10:07:04,395 - position: [ 0.06048432 -1.3221457   0.8675015 ]
2026-01-20 10:07:04,619 - position: [ 0.06068913 -1.32212937  0.86751437]
2026-01-20 10:07:04,847 - position: [ 0.06084606 -1.32237959  0.86762506]
2026-01-20 10:07:05,093 - position: [ 0.06145676 -1.32267821  0.86771595]
2026-01-20 10:07:05,318 - position: [ 0.06169598 -1.32357609  0.86809677]
2026-01-20 10:07:05,612 - position: [ 0.06302039 -1.32323384  0.86789918]
2026-01-20 10:07:05,845 - position: [ 0.06284224 -1.32338226  0.86782795]
2026-01-20 10:07:06,050 - position: [ 0.06366115 -1.32424533  0.86824203]
2026-01-20 10:07:06,357 - position: [ 0.06311905 -1.32327235  0.86756724]
2026-01-20 10:07:06,597 - position: [ 0.06188134 -1.32171357  0.86701488]
2026-01-20 10:07:06,865 - position: [ 0.04904924 -1.32378411  0.86641496]
2026-01-20 10:07:07,168 - position: [ 0.04851537 -1.32611012  0.86733842]
2026-01-20 10:07:07,415 - position: [ 0.04997388 -1.32475424  0.8669675 ]
2026-01-20 10:07:07,692 - position: [ 0.05105576 -1.32492912  0.86752236]
2026-01-20 10:07:07,939 - position: [ 0.03867447 -1.32392204  0.86475086]
2026-01-20 10:07:08,160 - position: [ 0.04383753 -1.32322538  0.86601484]
2026-01-20 10:07:08,391 - position: [ 0.04923012 -1.32415915  0.86754417]
2026-01-20 10:07:08,632 - position: [ 0.04746781 -1.32483304  0.8674804 ]
2026-01-20 10:07:08,869 - position: [ 0.04597403 -1.32560253  0.86757928]
2026-01-20 10:07:09,086 - position: [ 0.04597403 -1.32560253  0.86757928]
2026-01-20 10:07:09,347 - position: [ 0.04989304 -1.32546461  0.86793637]
2026-01-20 10:07:09,591 - position: [ 0.0501612  -1.32542336  0.86795497]
2026-01-20 10:07:09,847 - position: [ 0.05289545 -1.3279388   0.86900508]
2026-01-20 10:07:10,104 - position: [ 0.05247872 -1.32690692  0.8684898 ]
2026-01-20 10:07:10,322 - position: [ 0.05326633 -1.32692933  0.86835992]
2026-01-20 10:07:10,537 - position: [ 0.05372243 -1.32750857  0.86856145]
2026-01-20 10:07:10,783 - position: [ 0.05280487 -1.32732022  0.86839038]
2026-01-20 10:07:11,036 - position: [ 0.05352329 -1.32671976  0.86824346]
2026-01-20 10:07:11,283 - position: [ 0.05399216 -1.32769942  0.86860996]
2026-01-20 10:07:11,521 - position: [ 0.05292409 -1.32909226  0.86901426]
2026-01-20 10:07:11,771 - position: [ 0.05232329 -1.32788503  0.86844897]
2026-01-20 10:07:12,004 - position: [ 0.05221698 -1.32770753  0.86828095]
2026-01-20 10:07:12,224 - position: [ 0.0533416  -1.3288188   0.86888891]
2026-01-20 10:07:12,460 - position: [ 0.0533416  -1.3288188   0.86888891]
2026-01-20 10:07:12,785 - position: [ 0.05363981 -1.32897043  0.86885965]
2026-01-20 10:07:13,070 - position: [ 0.05315793 -1.32895899  0.86869466]
2026-01-20 10:07:13,371 - position: [ 0.0524494  -1.32892883  0.86846143]
2026-01-20 10:07:13,678 - position: [ 0.05302078 -1.32965863  0.86875188]
2026-01-20 10:07:13,925 - position: [ 0.05303119 -1.32968211  0.86872494]
2026-01-20 10:07:14,146 - position: [ 0.04908266 -1.33048546  0.86841697]
2026-01-20 10:07:14,393 - position: [ 0.02284376 -1.33977914  0.86627954]
2026-01-20 10:07:14,646 - position: [ 0.02211283 -1.33964241  0.86636198]
2026-01-20 10:07:14,868 - position: [ 0.02079975 -1.33902204  0.8671245 ]
2026-01-20 10:07:15,136 - position: [ 0.03097736 -1.33490026  0.86774117]
2026-01-20 10:07:15,363 - position: [ 0.03773293 -1.3307147   0.86679167]
2026-01-20 10:07:15,694 - position: [ 0.04101235 -1.333179    0.86940295]
2026-01-20 10:07:15,980 - position: [ 0.0455138  -1.33315015  0.86969459]
2026-01-20 10:07:16,271 - position: [ 0.05545146 -1.33166826  0.86992061]
2026-01-20 10:07:16,503 - position: [ 0.05361697 -1.33059597  0.86957753]
2026-01-20 10:07:16,754 - position: [ 0.05392085 -1.3301394   0.86934119]
2026-01-20 10:07:16,976 - position: [ 0.05447062 -1.33049512  0.86946952]
2026-01-20 10:07:17,245 - position: [ 0.05226827 -1.33055925  0.86925477]
2026-01-20 10:07:17,455 - position: [ 0.0509643  -1.33028865  0.86909997]
2026-01-20 10:07:17,703 - position: [ 0.03667944 -1.33203471  0.86660874]
2026-01-20 10:07:18,011 - position: [ 0.06561917 -1.32810235  0.87119865]
2026-01-20 10:07:18,244 - position: [ 0.06913928 -1.32925034  0.87204093]
2026-01-20 10:07:18,468 - position: [ 0.07224114 -1.3364414   0.87410289]
2026-01-20 10:07:18,737 - position: [ 0.0707858  -1.33554602  0.87343186]
2026-01-20 10:07:18,978 - position: [ 0.06988145 -1.33573806  0.87338722]
2026-01-20 10:07:19,184 - position: [ 0.06941494 -1.33553863  0.87297255]
2026-01-20 10:07:19,397 - position: [ 0.07057823 -1.3359015   0.87288922]
2026-01-20 10:07:19,675 - position: [ 0.07205208 -1.33673692  0.87317747]
2026-01-20 10:07:19,885 - position: [ 0.07205208 -1.33673692  0.87317747]
2026-01-20 10:07:20,122 - position: [ 0.07288439 -1.34145021  0.87459379]
2026-01-20 10:07:20,351 - position: [ 0.07360695 -1.34343719  0.87531465]
2026-01-20 10:07:20,614 - position: [ 0.07345068 -1.3402586   0.87458372]
2026-01-20 10:07:20,829 - position: [ 0.0724346  -1.33922648  0.87415057]
2026-01-20 10:07:21,085 - position: [ 0.07257856 -1.34013498  0.8744157 ]
2026-01-20 10:07:21,316 - position: [ 0.07300351 -1.34046555  0.87452155]
2026-01-20 10:07:21,565 - position: [ 0.0729904  -1.33987176  0.87436092]
2026-01-20 10:07:21,806 - position: [ 0.0731554  -1.3401252   0.87439477]
2026-01-20 10:07:22,079 - position: [ 0.0738276  -1.33955729  0.87423742]
2026-01-20 10:07:22,392 - position: [ 0.07357435 -1.33873391  0.87386167]
2026-01-20 10:07:22,652 - position: [ 0.07370982 -1.33878219  0.8738597 ]
2026-01-20 10:07:22,870 - position: [ 0.07387183 -1.33903205  0.87397331]
2026-01-20 10:07:23,088 - position: [ 0.0742505  -1.33883667  0.87388378]
2026-01-20 10:07:23,334 - position: [ 0.07455844 -1.33833241  0.87374872]
2026-01-20 10:07:23,568 - position: [ 0.07475989 -1.33909512  0.87400055]
2026-01-20 10:07:23,800 - position: [ 0.07505728 -1.33947384  0.87424725]
2026-01-20 10:07:24,062 - position: [ 0.07503778 -1.33906245  0.87392825]
2026-01-20 10:07:24,329 - position: [ 0.07490015 -1.33889842  0.87385184]
2026-01-20 10:07:24,582 - position: [ 0.07486845 -1.33899558  0.87402827]
2026-01-20 10:07:24,899 - position: [ 0.07574236 -1.33907771  0.87388498]
2026-01-20 10:07:25,150 - position: [ 0.07548762 -1.33870065  0.87373304]
2026-01-20 10:07:25,378 - position: [ 0.07557466 -1.3382808   0.8734929 ]
2026-01-20 10:07:25,695 - position: [ 0.07551141 -1.33805358  0.87344265]
2026-01-20 10:07:26,026 - position: [ 0.07547132 -1.33804297  0.87335747]
2026-01-20 10:07:26,256 - position: [ 0.07547132 -1.33804297  0.87335747]
2026-01-20 10:07:26,632 - position: [ 0.07581592 -1.33794451  0.87330443]
2026-01-20 10:07:26,856 - position: [ 0.07572979 -1.33803785  0.87327319]
2026-01-20 10:07:27,086 - position: [ 0.04142323 -1.36330962  0.8802886 ]
2026-01-20 10:07:27,296 - position: [ 0.0445359  -1.3669889   0.88201249]
2026-01-20 10:07:27,531 - position: [ 0.05254846 -1.36948144  0.88373917]
2026-01-20 10:07:27,809 - position: [ 0.06527366 -1.37350929  0.88543361]
2026-01-20 10:07:28,048 - position: [ 0.06672183 -1.37132812  0.88510805]
2026-01-20 10:07:28,284 - position: [ 0.05661004 -1.36862338  0.88481212]
2026-01-20 10:07:28,581 - position: [ 0.0378073  -1.3798604   0.88721967]
2026-01-20 10:07:28,852 - position: [ 0.03658237 -1.39014351  0.88992488]
2026-01-20 10:07:29,078 - position: [ 0.04891491 -1.38754225  0.88958734]
2026-01-20 10:07:29,327 - position: [ 0.04891491 -1.38754225  0.88958734]
2026-01-20 10:07:29,543 - position: [ 0.0624357  -1.35661685  0.88155955]
2026-01-20 10:07:29,758 - position: [ 0.06023398 -1.34761488  0.87818921]
2026-01-20 10:07:30,020 - position: [ 0.05866235 -1.34625924  0.87726456]
2026-01-20 10:07:30,245 - position: [ 0.05818249 -1.34630871  0.87719321]
2026-01-20 10:07:30,466 - position: [ 0.06251152 -1.3392309   0.87516606]
2026-01-20 10:07:30,782 - position: [ 0.05997951 -1.33843267  0.87552232]
2026-01-20 10:07:31,111 - position: [ 0.06165335 -1.34177005  0.87634361]
2026-01-20 10:07:31,340 - position: [ 0.06194413 -1.34198821  0.87638777]
2026-01-20 10:07:31,585 - position: [ 0.06227818 -1.34211552  0.87635118]
2026-01-20 10:07:31,833 - position: [ 0.06252132 -1.34214437  0.87628239]
2026-01-20 10:07:32,114 - position: [ 0.06259678 -1.34206474  0.87619901]
2026-01-20 10:07:32,369 - position: [ 0.0595005  -1.34109056  0.87549579]
2026-01-20 10:07:32,589 - position: [ 0.06084535 -1.33999097  0.87473518]
2026-01-20 10:07:32,825 - position: [ 0.06115711 -1.34045911  0.87484592]
2026-01-20 10:07:33,080 - position: [ 0.06134795 -1.34128678  0.87506717]
2026-01-20 10:07:33,307 - position: [ 0.06346708 -1.34000635  0.87477529]
2026-01-20 10:07:33,530 - position: [ 0.06530812 -1.33995724  0.87480623]
2026-01-20 10:07:33,742 - position: [ 0.06545916 -1.33971059  0.87475979]
2026-01-20 10:07:33,963 - position: [ 0.06545916 -1.33971059  0.87475979]
2026-01-20 10:07:34,176 - position: [ 0.06615295 -1.34075654  0.87507594]
2026-01-20 10:07:34,429 - position: [ 0.06666905 -1.3415072   0.87537408]
2026-01-20 10:07:34,645 - position: [ 0.06646177 -1.33843374  0.87472832]
2026-01-20 10:07:34,926 - position: [ 0.06562557 -1.33720589  0.87441272]
2026-01-20 10:07:35,156 - position: [ 0.06551643 -1.33719265  0.87438858]
2026-01-20 10:07:35,417 - position: [ 0.0619688  -1.33690631  0.87412459]
2026-01-20 10:07:35,650 - position: [ 0.06212956 -1.33695364  0.87414896]
2026-01-20 10:07:35,888 - position: [ 0.06263573 -1.33594763  0.87362456]
2026-01-20 10:07:36,142 - position: [ 0.062557   -1.33578634  0.87355292]
2026-01-20 10:07:36,399 - position: [ 0.0620157 -1.3365016  0.8739363]
2026-01-20 10:07:36,614 - position: [ 0.06174888 -1.33774197  0.87498164]
2026-01-20 10:07:36,850 - position: [ 0.05933772 -1.34111643  0.87575275]
2026-01-20 10:07:37,073 - position: [ 0.05911077 -1.34176683  0.87576586]
2026-01-20 10:07:37,455 - position: [ 0.05755702 -1.34141672  0.87568355]
2026-01-20 10:07:37,755 - position: [ 0.05196114 -1.35509479  0.88202012]
2026-01-20 10:07:37,996 - position: [ 0.06149159 -1.34922075  0.87790263]
2026-01-20 10:07:38,288 - position: [ 0.06327949 -1.34763098  0.87814122]
2026-01-20 10:07:38,506 - position: [ 0.06134087 -1.34296012  0.87596256]
2026-01-20 10:07:38,723 - position: [ 0.06161484 -1.3435384   0.87613666]
2026-01-20 10:07:38,954 - position: [ 0.06409083 -1.34460044  0.87693542]
2026-01-20 10:07:39,175 - position: [ 0.06788163 -1.34285426  0.87571335]
2026-01-20 10:07:39,399 - position: [ 0.06879943 -1.34243309  0.87555218]
2026-01-20 10:07:39,603 - position: [ 0.06794345 -1.34197986  0.87529433]
2026-01-20 10:07:39,841 - position: [ 0.0659342  -1.34178281  0.875063  ]
2026-01-20 10:07:40,112 - position: [ 0.06401099 -1.33804989  0.87305629]
2026-01-20 10:07:40,388 - position: [ 0.06234686 -1.3365016   0.87196738]
2026-01-20 10:07:40,607 - position: [ 0.06190221 -1.33763373  0.87255311]
2026-01-20 10:07:40,884 - position: [ 0.06079648 -1.33761442  0.8727901 ]
2026-01-20 10:07:41,098 - position: [ 0.06110417 -1.33697116  0.87256485]
2026-01-20 10:07:41,323 - position: [ 0.06143489 -1.33722556  0.87283462]
2026-01-20 10:07:41,568 - position: [ 0.0612736  -1.33749139  0.87294376]
2026-01-20 10:07:41,833 - position: [ 0.06281678 -1.33909428  0.87387556]
2026-01-20 10:07:42,142 - position: [ 0.06444494 -1.33869147  0.87368256]
2026-01-20 10:07:42,409 - position: [ 0.06432908 -1.33811319  0.87341464]
2026-01-20 10:07:42,653 - position: [ 0.06350286 -1.33825648  0.87355936]
2026-01-20 10:07:42,878 - position: [ 0.06330642 -1.33834112  0.87341022]
2026-01-20 10:07:43,092 - position: [ 0.06402209 -1.33921349  0.87374681]
2026-01-20 10:07:43,317 - position: [ 0.06281094 -1.33924413  0.87356341]
2026-01-20 10:07:43,565 - position: [ 0.06361184 -1.33920956  0.87354869]
2026-01-20 10:07:43,831 - position: [ 0.06368441 -1.33918262  0.87354273]
2026-01-20 10:07:44,123 - position: [ 0.06484468 -1.33918738  0.87362093]
2026-01-20 10:07:44,368 - position: [ 0.06484116 -1.33829904  0.8733905 ]
2026-01-20 10:07:44,682 - position: [ 0.06378031 -1.33759904  0.87310582]
2026-01-20 10:07:44,914 - position: [ 0.06354898 -1.33798838  0.87313312]
2026-01-20 10:07:45,203 - position: [ 0.06336108 -1.33747506  0.87281758]
2026-01-20 10:07:45,444 - position: [ 0.06274988 -1.33792222  0.87293625]
2026-01-20 10:07:45,742 - position: [ 0.06141069 -1.34067202  0.87478966]
2026-01-20 10:07:46,004 - position: [ 0.05884752 -1.33980882  0.87331766]
2026-01-20 10:07:46,249 - position: [ 0.05811497 -1.33718443  0.87174588]
2026-01-20 10:07:46,478 - position: [ 0.056749   -1.33860505  0.87206358]
2026-01-20 10:07:46,725 - position: [ 0.05779662 -1.33891428  0.87267071]
2026-01-20 10:07:46,973 - position: [ 0.06198696 -1.33903527  0.87388492]
2026-01-20 10:07:47,200 - position: [ 0.06096383 -1.33838117  0.87356859]
2026-01-20 10:07:47,438 - position: [ 0.06130489 -1.33780706  0.87387294]
2026-01-20 10:07:47,718 - position: [ 0.06231427 -1.33781266  0.87392288]
2026-01-20 10:07:48,000 - position: [ 0.06219219 -1.3380475   0.87380397]
2026-01-20 10:07:48,226 - position: [ 0.062293   -1.33803606  0.8738271 ]
2026-01-20 10:07:48,448 - position: [ 0.06258504 -1.33887422  0.8739661 ]
2026-01-20 10:07:48,677 - position: [ 0.0619342  -1.33851206  0.87372094]
2026-01-20 10:07:48,903 - position: [ 0.06151083 -1.3387351   0.8736586 ]
2026-01-20 10:07:49,158 - position: [ 0.06181645 -1.33976805  0.87399757]
2026-01-20 10:07:49,439 - position: [ 0.0618126  -1.33963168  0.87387693]
2026-01-20 10:07:49,699 - position: [ 0.0618126  -1.33963168  0.87387693]
2026-01-20 10:07:49,924 - position: [ 0.08430367 -1.3365227   0.87486058]
2026-01-20 10:07:50,165 - position: [ 0.10087738 -1.33925271  0.87557405]
2026-01-20 10:07:50,435 - position: [ 0.115592   -1.33891273  0.87522286]
2026-01-20 10:07:50,721 - position: [ 0.11773594 -1.33885109  0.87493521]
2026-01-20 10:07:51,065 - position: [ 0.09934025 -1.34092116  0.87569356]
2026-01-20 10:07:51,306 - position: [ 0.09457456 -1.34078968  0.87567991]
2026-01-20 10:07:51,535 - position: [ 0.09554923 -1.34114075  0.8756035 ]
2026-01-20 10:07:51,780 - position: [ 0.09549769 -1.34065187  0.87508601]
2026-01-20 10:07:52,052 - position: [ 0.09102307 -1.34155393  0.87565035]
2026-01-20 10:07:52,278 - position: [ 0.09102307 -1.34155393  0.87565035]
2026-01-20 10:07:52,578 - position: [ 0.08827316 -1.34277463  0.87598735]
2026-01-20 10:07:52,799 - position: [ 0.08658101 -1.34283113  0.87578553]
2026-01-20 10:07:53,028 - position: [ 0.08638568 -1.34286118  0.87579119]
2026-01-20 10:07:53,258 - position: [ 0.08482672 -1.34211099  0.87541181]
2026-01-20 10:07:53,566 - position: [ 0.08304793 -1.34187996  0.87521106]
2026-01-20 10:07:53,790 - position: [ 0.08299507 -1.34113359  0.87494922]
2026-01-20 10:07:54,054 - position: [ 0.08264145 -1.34122527  0.87512696]
2026-01-20 10:07:54,292 - position: [ 0.08215319 -1.34075689  0.87487978]
2026-01-20 10:07:54,559 - position: [ 0.08368791 -1.34095001  0.87510723]
2026-01-20 10:07:54,832 - position: [ 0.08299772 -1.34128022  0.87520736]
2026-01-20 10:07:55,082 - position: [ 0.08189489 -1.3395437   0.8742801 ]
2026-01-20 10:07:55,347 - position: [ 0.08246788 -1.33974409  0.87428361]
2026-01-20 10:07:55,571 - position: [ 0.07809143 -1.34064555  0.87460464]
2026-01-20 10:07:55,816 - position: [ 0.07161505 -1.34119701  0.87446225]
2026-01-20 10:07:56,036 - position: [ 0.06993017 -1.34037614  0.87408352]
2026-01-20 10:07:56,349 - position: [ 0.06975562 -1.33965147  0.87372315]
2026-01-20 10:07:56,567 - position: [ 0.07047191 -1.33930814  0.87367201]
2026-01-20 10:07:56,786 - position: [ 0.07011445 -1.3387078   0.87327242]
2026-01-20 10:07:57,040 - position: [ 0.06784634 -1.3394357   0.87338334]
2026-01-20 10:07:57,297 - position: [ 0.06784634 -1.3394357   0.87338334]
2026-01-20 10:07:57,530 - position: [ 0.05687138 -1.33522391  0.87167132]
2026-01-20 10:07:57,767 - position: [ 0.05787298 -1.33406222  0.8712346 ]
2026-01-20 10:07:57,986 - position: [ 0.0591769  -1.3353802   0.87194914]
2026-01-20 10:07:58,202 - position: [ 0.0592599  -1.33547652  0.87202632]
2026-01-20 10:07:58,478 - position: [ 0.059424   -1.33428729  0.87136483]
2026-01-20 10:07:58,723 - position: [ 0.06006709 -1.33424568  0.87111312]
2026-01-20 10:07:58,961 - position: [ 0.06266108 -1.33409834  0.87138057]
2026-01-20 10:07:59,207 - position: [ 0.06265073 -1.33423769  0.87134659]
2026-01-20 10:07:59,460 - position: [ 0.06209726 -1.33481455  0.87146789]
2026-01-20 10:07:59,699 - position: [ 0.06134817 -1.33590126  0.87178838]
2026-01-20 10:07:59,921 - position: [ 0.06069347 -1.33657527  0.87197942]
2026-01-20 10:08:00,136 - position: [ 0.06061953 -1.33659184  0.87212729]
2026-01-20 10:08:00,376 - position: [ 0.06075577 -1.33726978  0.87232745]
2026-01-20 10:08:00,625 - position: [ 0.06049501 -1.33697414  0.87216169]
2026-01-20 10:08:00,908 - position: [ 0.06240482 -1.33430851  0.87128836]
2026-01-20 10:08:01,132 - position: [ 0.06187082 -1.3348428   0.87157506]
2026-01-20 10:08:01,411 - position: [ 0.06172003 -1.33499277  0.8715983 ]
2026-01-20 10:08:01,646 - position: [ 0.0614042  -1.33520567  0.87135834]
2026-01-20 10:08:01,856 - position: [ 0.06114737 -1.33576524  0.87151068]
2026-01-20 10:08:02,101 - position: [ 0.06094851 -1.33605421  0.87159395]
2026-01-20 10:08:02,328 - position: [ 0.06032114 -1.33730805  0.87204611]
2026-01-20 10:08:02,544 - position: [ 0.06023743 -1.33721936  0.8719371 ]
2026-01-20 10:08:02,800 - position: [ 0.06111838 -1.33707547  0.87189704]
2026-01-20 10:08:03,035 - position: [ 0.06039706 -1.33741176  0.87196833]
2026-01-20 10:08:03,272 - position: [ 0.06025093 -1.33743858  0.87203008]
2026-01-20 10:08:03,559 - position: [ 0.06027349 -1.33667898  0.87175745]
2026-01-20 10:08:03,775 - position: [ 0.06010877 -1.33667052  0.87179834]
2026-01-20 10:08:04,039 - position: [ 0.06018364 -1.33681345  0.87223101]
2026-01-20 10:08:04,359 - position: [ 0.06002507 -1.33638561  0.87215626]
2026-01-20 10:08:04,616 - position: [ 0.05263134 -1.33874965  0.87288272]
2026-01-20 10:08:04,875 - position: [ 0.04202478 -1.34240496  0.87219495]
2026-01-20 10:08:05,106 - position: [ 0.04202478 -1.34240496  0.87219495]
2026-01-20 10:08:05,460 - position: [ 0.04173869 -1.34442246  0.87305075]
2026-01-20 10:08:05,738 - position: [ 0.03799128 -1.34265816  0.87169397]
2026-01-20 10:08:05,973 - position: [ 0.03267157 -1.34221554  0.87067044]
2026-01-20 10:08:06,224 - position: [ 0.03967699 -1.34506249  0.87296462]
2026-01-20 10:08:06,577 - position: [ 0.05931002 -1.34118116  0.87375575]
2026-01-20 10:08:06,839 - position: [ 0.05868664 -1.34229064  0.87440473]
2026-01-20 10:08:07,087 - position: [ 0.05605546 -1.34099138  0.8734467 ]
2026-01-20 10:08:07,312 - position: [ 0.05328136 -1.34019768  0.8731035 ]
2026-01-20 10:08:07,530 - position: [ 0.04017053 -1.35952508  0.87812066]
2026-01-20 10:08:07,765 - position: [ 0.04992646 -1.35482836  0.87755078]
2026-01-20 10:08:08,040 - position: [ 0.06821421 -1.3725307   0.88514954]
2026-01-20 10:08:08,281 - position: [ 0.07082477 -1.37324727  0.88506848]
2026-01-20 10:08:08,542 - position: [ 0.07276304 -1.36894405  0.88428706]
2026-01-20 10:08:08,785 - position: [ 0.07002147 -1.36532295  0.88277096]
2026-01-20 10:08:09,001 - position: [ 0.07084677 -1.36489546  0.88269681]
2026-01-20 10:08:09,350 - position: [ 0.07092482 -1.36350632  0.88205475]
2026-01-20 10:08:09,695 - position: [ 0.07075007 -1.36328816  0.88233775]
2026-01-20 10:08:09,897 - position: [ 0.06704692 -1.36381662  0.88228273]
2026-01-20 10:08:10,125 - position: [ 0.06706217 -1.36306489  0.88217735]
2026-01-20 10:08:10,347 - position: [ 0.06847931 -1.3614614   0.88190126]
2026-01-20 10:08:10,583 - position: [ 0.06904796 -1.36014605  0.88161796]
2026-01-20 10:08:10,860 - position: [ 0.06908929 -1.36023307  0.88169014]
2026-01-20 10:08:11,094 - position: [ 0.06897847 -1.35982645  0.88156199]
2026-01-20 10:08:11,315 - position: [ 0.06810461 -1.35851896  0.88100219]
2026-01-20 10:08:11,561 - position: [ 0.06856363 -1.359303    0.88128442]
2026-01-20 10:08:11,781 - position: [ 0.06820466 -1.35815799  0.88096255]
2026-01-20 10:08:12,025 - position: [ 0.06752568 -1.35788131  0.88070345]
2026-01-20 10:08:12,391 - position: [ 0.0673826  -1.35786951  0.88055956]
2026-01-20 10:08:12,604 - position: [ 0.06705563 -1.35743809  0.88040638]
2026-01-20 10:08:12,870 - position: [ 0.06685044 -1.35757554  0.88038737]
2026-01-20 10:08:13,121 - position: [ 0.06724858 -1.35685873  0.88012767]
2026-01-20 10:08:13,354 - position: [ 0.06807445 -1.35608542  0.87977952]
2026-01-20 10:08:13,573 - position: [ 0.06798692 -1.35668671  0.88015139]
2026-01-20 10:08:13,791 - position: [ 0.06733119 -1.35558748  0.87961131]
2026-01-20 10:08:14,015 - position: [ 0.06752718 -1.35491812  0.87935555]
2026-01-20 10:08:14,246 - position: [ 0.06807198 -1.35546184  0.87948787]
2026-01-20 10:08:14,460 - position: [ 0.06826063 -1.35567224  0.87952012]
2026-01-20 10:08:14,683 - position: [ 0.06850503 -1.35510027  0.87933695]
2026-01-20 10:08:14,932 - position: [ 0.06985152 -1.35445082  0.87937415]
2026-01-20 10:08:15,215 - position: [ 0.07169922 -1.35573006  0.87994516]
2026-01-20 10:08:15,488 - position: [ 0.0711276  -1.35696387  0.88016313]
2026-01-20 10:08:15,755 - position: [ 0.06882151 -1.3573947   0.88030106]
2026-01-20 10:08:16,033 - position: [ 0.06882151 -1.3573947   0.88030106]
2026-01-20 10:08:16,320 - position: [ 0.06736318 -1.35617793  0.87993658]
2026-01-20 10:08:16,588 - position: [ 0.06766292 -1.35424972  0.87912005]
2026-01-20 10:08:16,860 - position: [ 0.06752836 -1.35407364  0.8789705 ]
2026-01-20 10:08:17,102 - position: [ 0.0668416  -1.35418522  0.87902486]
2026-01-20 10:08:17,330 - position: [ 0.06651658 -1.35398459  0.87893039]
2026-01-20 10:08:17,556 - position: [ 0.06568039 -1.35223794  0.87840116]
2026-01-20 10:08:17,796 - position: [ 0.06674419 -1.35225606  0.87837213]
2026-01-20 10:08:18,012 - position: [ 0.06675515 -1.35205853  0.87822276]
2026-01-20 10:08:18,261 - position: [ 0.06675515 -1.35205853  0.87822276]
2026-01-20 10:08:18,486 - position: [ 0.0675973  -1.35133648  0.87816662]
2026-01-20 10:08:18,758 - position: [ 0.06777225 -1.35168552  0.87830311]
2026-01-20 10:08:19,084 - position: [ 0.06772618 -1.35156858  0.87836361]
2026-01-20 10:08:19,304 - position: [ 0.06776901 -1.35077643  0.87800163]
2026-01-20 10:08:19,516 - position: [ 0.06762425 -1.35153162  0.87815309]
2026-01-20 10:08:19,741 - position: [ 0.06749097 -1.35074568  0.87787849]
2026-01-20 10:08:19,988 - position: [ 0.06747216 -1.34984791  0.87768257]
2026-01-20 10:08:20,211 - position: [ 0.06734073 -1.34958029  0.87753564]
2026-01-20 10:08:20,428 - position: [ 0.06758975 -1.35010004  0.87766838]
2026-01-20 10:08:20,661 - position: [ 0.06766775 -1.34991229  0.87758553]
2026-01-20 10:08:20,939 - position: [ 0.06805457 -1.34939551  0.87744766]
2026-01-20 10:08:21,171 - position: [ 0.06802069 -1.34933281  0.87741613]
2026-01-20 10:08:21,403 - position: [ 0.0681923  -1.34965718  0.87740046]
2026-01-20 10:08:21,620 - position: [ 0.0686592  -1.34921467  0.87730139]
2026-01-20 10:08:21,849 - position: [ 0.0700038  -1.34992409  0.877738  ]
2026-01-20 10:08:22,074 - position: [ 0.06941073 -1.34881699  0.87720311]
2026-01-20 10:08:22,327 - position: [ 0.06871875 -1.34796917  0.87678725]
2026-01-20 10:08:22,564 - position: [ 0.06859452 -1.3489722   0.87714893]
2026-01-20 10:08:22,774 - position: [ 0.06851634 -1.34848332  0.87688094]
2026-01-20 10:08:23,030 - position: [ 0.0680983  -1.34812772  0.87666404]
2026-01-20 10:08:23,286 - position: [ 0.06835915 -1.34923959  0.87716275]
2026-01-20 10:08:23,519 - position: [ 0.06836671 -1.34934807  0.87720054]
2026-01-20 10:08:23,761 - position: [ 0.06841975 -1.34947991  0.87716055]
2026-01-20 10:08:24,041 - position: [ 0.06803459 -1.34805977  0.87650865]
2026-01-20 10:08:24,252 - position: [ 0.06829798 -1.34942627  0.87731123]
2026-01-20 10:08:24,494 - position: [ 0.06830133 -1.34934831  0.87724853]
2026-01-20 10:08:24,740 - position: [ 0.06792766 -1.34871769  0.87707305]
2026-01-20 10:08:24,957 - position: [ 0.06808031 -1.34987676  0.87729788]
2026-01-20 10:08:25,192 - position: [ 0.06827631 -1.35007429  0.87751889]
2026-01-20 10:08:25,422 - position: [ 0.06794268 -1.34977913  0.87738425]
2026-01-20 10:08:25,677 - position: [ 0.06746669 -1.34955215  0.87724543]
2026-01-20 10:08:25,911 - position: [ 0.06811721 -1.35059106  0.87748957]
2026-01-20 10:08:26,134 - position: [ 0.06808888 -1.35022402  0.87737185]
2026-01-20 10:08:26,351 - position: [ 0.06809207 -1.34918761  0.87704778]
2026-01-20 10:08:26,577 - position: [ 0.0685359  -1.35002923  0.87731016]
2026-01-20 10:08:26,838 - position: [ 0.0686337  -1.35001242  0.87734884]
2026-01-20 10:08:27,112 - position: [ 0.0685167  -1.34978449  0.8773334 ]
2026-01-20 10:08:27,418 - position: [ 0.06821273 -1.34881651  0.87703526]
2026-01-20 10:08:27,690 - position: [ 0.0692608  -1.35040259  0.87757468]
2026-01-20 10:08:27,974 - position: [ 0.06934602 -1.35042417  0.87758052]
2026-01-20 10:08:28,217 - position: [ 0.06951377 -1.35013127  0.87744075]
2026-01-20 10:08:28,449 - position: [ 0.06983761 -1.35108125  0.87781191]
2026-01-20 10:08:28,672 - position: [ 0.06983761 -1.35108125  0.87781191]
2026-01-20 10:08:28,910 - position: [ 0.06944922 -1.35079503  0.87762922]
2026-01-20 10:08:29,156 - position: [ 0.06903422 -1.34993327  0.87720841]
2026-01-20 10:08:29,400 - position: [ 0.06913622 -1.35029387  0.87729532]
2026-01-20 10:08:29,675 - position: [ 0.06876685 -1.34969556  0.87700444]
2026-01-20 10:08:29,923 - position: [ 0.06866907 -1.34939754  0.87694252]
2026-01-20 10:08:30,151 - position: [ 0.06974439 -1.35020149  0.87713134]
2026-01-20 10:08:30,378 - position: [ 0.06967057 -1.34975278  0.87686944]
2026-01-20 10:08:30,662 - position: [ 0.06916962 -1.34915257  0.8766371 ]
2026-01-20 10:08:30,885 - position: [ 0.069171   -1.35039914  0.87731427]
2026-01-20 10:08:31,097 - position: [ 0.06911992 -1.35084295  0.87752718]
2026-01-20 10:08:31,352 - position: [ 0.06854773 -1.35093331  0.87759852]
2026-01-20 10:08:31,564 - position: [ 0.0677021  -1.35099268  0.87768656]
2026-01-20 10:08:31,826 - position: [ 0.06694148 -1.35273194  0.87823582]
2026-01-20 10:08:32,055 - position: [ 0.0621884  -1.35740542  0.87919521]
2026-01-20 10:08:32,302 - position: [ 0.05498824 -1.37187839  0.88286549]
2026-01-20 10:08:32,532 - position: [ 0.05807409 -1.38787341  0.88910747]
2026-01-20 10:08:32,802 - position: [ 0.05999091 -1.37814558  0.88706553]
2026-01-20 10:08:33,054 - position: [ 0.05993704 -1.3739506   0.88488978]
2026-01-20 10:08:33,282 - position: [ 0.05842228 -1.37393296  0.88493496]
2026-01-20 10:08:33,524 - position: [ 0.05842228 -1.37393296  0.88493496]
2026-01-20 10:08:33,767 - position: [ 0.03002179 -1.38436544  0.886926  ]
2026-01-20 10:08:34,050 - position: [ 0.05018924 -1.37773383  0.88477677]
2026-01-20 10:08:34,279 - position: [ 0.05213262 -1.37614882  0.88432944]
2026-01-20 10:08:34,537 - position: [ 0.06470104 -1.36466217  0.88226265]
2026-01-20 10:08:34,828 - position: [ 0.0654883  -1.35317969  0.87876695]
2026-01-20 10:08:35,109 - position: [ 0.05700963 -1.35018158  0.87835455]
2026-01-20 10:08:35,369 - position: [ 0.05304618 -1.34037411  0.87449169]
2026-01-20 10:08:35,571 - position: [ 0.05304618 -1.34037411  0.87449169]
2026-01-20 10:08:35,801 - position: [ 0.05494542 -1.33595777  0.87236476]
2026-01-20 10:08:36,029 - position: [ 0.06147024 -1.33523285  0.87355793]
2026-01-20 10:08:36,253 - position: [ 0.06051712 -1.33371043  0.8730579 ]
2026-01-20 10:08:36,478 - position: [ 0.06097439 -1.33582032  0.87313306]
2026-01-20 10:08:36,741 - position: [ 0.06403108 -1.34299731  0.8770026 ]
2026-01-20 10:08:37,011 - position: [ 0.06974237 -1.35137546  0.87850881]
2026-01-20 10:08:37,233 - position: [ 0.07048009 -1.35307562  0.87834686]
2026-01-20 10:08:37,508 - position: [ 0.06696425 -1.34895861  0.87685692]
2026-01-20 10:08:37,721 - position: [ 0.06477378 -1.34658623  0.87591052]
2026-01-20 10:08:37,987 - position: [ 0.05758962 -1.34340572  0.87329179]
2026-01-20 10:08:38,292 - position: [ 0.05168305 -1.34004319  0.87242186]
2026-01-20 10:08:38,557 - position: [ 0.05509402 -1.34036434  0.87276334]
2026-01-20 10:08:38,783 - position: [ 0.05703088 -1.34193039  0.87352943]
2026-01-20 10:08:39,075 - position: [ 0.05732437 -1.34213352  0.87364411]
2026-01-20 10:08:39,346 - position: [ 0.05852094 -1.34272075  0.87412596]
2026-01-20 10:08:39,590 - position: [ 0.05795285 -1.34511518  0.87541938]
2026-01-20 10:08:39,832 - position: [ 0.05770962 -1.34409225  0.87487972]
2026-01-20 10:08:40,104 - position: [ 0.0561724  -1.34330571  0.87447047]
2026-01-20 10:08:40,361 - position: [ 0.05610381 -1.34355593  0.87470371]
2026-01-20 10:08:40,593 - position: [ 0.0558476  -1.34369862  0.87441641]
2026-01-20 10:08:40,860 - position: [ 0.05546832 -1.34342206  0.87427157]
2026-01-20 10:08:41,162 - position: [ 0.05389321 -1.34341002  0.87388867]
2026-01-20 10:08:41,412 - position: [ 0.05553568 -1.3445636   0.87491024]
2026-01-20 10:08:41,652 - position: [ 0.05479389 -1.34515655  0.87531751]
2026-01-20 10:08:42,007 - position: [ 0.05116712 -1.34368765  0.87446707]
2026-01-20 10:08:42,262 - position: [ 0.04766122 -1.34060264  0.87373561]
2026-01-20 10:08:42,529 - position: [ 0.0477022  -1.34110677  0.87351251]
2026-01-20 10:08:42,757 - position: [ 0.04928416 -1.33293653  0.86997193]
2026-01-20 10:08:42,977 - position: [ 0.05075681 -1.3336122   0.87008446]
2026-01-20 10:08:43,206 - position: [ 0.05538866 -1.33479118  0.87096536]
2026-01-20 10:08:43,450 - position: [ 0.05923724 -1.334319    0.87108171]
2026-01-20 10:08:43,708 - position: [ 0.05807035 -1.33420813  0.87111866]
2026-01-20 10:08:44,006 - position: [ 0.05549345 -1.3368423   0.87215298]
2026-01-20 10:08:44,221 - position: [ 0.05758823 -1.33689451  0.87256426]
2026-01-20 10:08:44,461 - position: [ 0.06045486 -1.33995867  0.87382245]
2026-01-20 10:08:44,705 - position: [ 0.06053051 -1.34364808  0.87483591]
2026-01-20 10:08:45,051 - position: [ 0.05675665 -1.33987129  0.87366557]
2026-01-20 10:08:45,362 - position: [ 0.05904388 -1.33811283  0.87293851]
2026-01-20 10:08:45,586 - position: [ 0.05917706 -1.33924353  0.87305808]
2026-01-20 10:08:45,806 - position: [ 0.0605998  -1.33862436  0.87301332]
2026-01-20 10:08:46,073 - position: [ 0.06105389 -1.33807445  0.87280613]
2026-01-20 10:08:46,383 - position: [ 0.06274241 -1.3391391   0.87321544]
2026-01-20 10:08:46,678 - position: [ 0.06271394 -1.33984578  0.87382513]
2026-01-20 10:08:46,911 - position: [ 0.06222318 -1.34003592  0.87400818]
2026-01-20 10:08:47,160 - position: [ 0.06176046 -1.3385427   0.87331939]
2026-01-20 10:08:47,415 - position: [ 0.06249339 -1.33996975  0.87390149]
2026-01-20 10:08:47,695 - position: [ 0.06165509 -1.34064913  0.87409955]
2026-01-20 10:08:47,943 - position: [ 0.06039541 -1.34048903  0.8739751 ]
2026-01-20 10:08:48,185 - position: [ 0.06126546 -1.34087086  0.87408215]
2026-01-20 10:08:48,415 - position: [ 0.06126546 -1.34087086  0.87408215]
2026-01-20 10:08:48,685 - position: [ 0.06126546 -1.34087086  0.87408215]
2026-01-20 10:08:49,008 - position: [ 0.04015353 -1.34373701  0.87049317]
2026-01-20 10:08:49,253 - position: [ 0.03903721 -1.34657466  0.87238216]
2026-01-20 10:08:49,496 - position: [ 0.03751148 -1.34497201  0.87139153]
2026-01-20 10:08:49,723 - position: [ 0.02648977 -1.34173083  0.86867195]
2026-01-20 10:08:49,994 - position: [ 0.04197349 -1.33486044  0.87114507]
2026-01-20 10:08:50,254 - position: [ 0.05125598 -1.33622611  0.87205267]
2026-01-20 10:08:50,522 - position: [ 0.06215301 -1.3375777   0.87305713]
2026-01-20 10:08:50,764 - position: [ 0.06545682 -1.33759677  0.87326324]
2026-01-20 10:08:51,012 - position: [ 0.06620901 -1.33682597  0.87348694]
2026-01-20 10:08:51,239 - position: [ 0.06465752 -1.33306682  0.87222785]
2026-01-20 10:08:51,521 - position: [ 0.07456846 -1.33388925  0.87316859]
2026-01-20 10:08:51,841 - position: [ 0.07025133 -1.33294117  0.87210071]
2026-01-20 10:08:52,048 - position: [ 0.06950313 -1.3336823   0.87200975]
2026-01-20 10:08:52,269 - position: [ 0.06843562 -1.33503139  0.87238294]
2026-01-20 10:08:52,608 - position: [ 0.06906082 -1.33580899  0.87265128]
2026-01-20 10:08:52,864 - position: [ 0.06834882 -1.33529532  0.87242985]
2026-01-20 10:08:53,114 - position: [ 0.0702209  -1.33398926  0.87206542]
2026-01-20 10:08:53,371 - position: [ 0.07114918 -1.33655226  0.87295592]
2026-01-20 10:08:53,595 - position: [ 0.07207499 -1.33698654  0.87320524]
2026-01-20 10:08:53,814 - position: [ 0.06978879 -1.33649659  0.87251133]
2026-01-20 10:08:54,063 - position: [ 0.06922344 -1.33891082  0.87346441]
2026-01-20 10:08:54,324 - position: [ 0.06704044 -1.34009433  0.87440795]
2026-01-20 10:08:54,557 - position: [ 0.06521467 -1.33981597  0.8740592 ]
2026-01-20 10:08:54,908 - position: [ 0.0627082  -1.33863151  0.87330073]
2026-01-20 10:08:55,174 - position: [ 0.06295858 -1.34054697  0.87386924]
2026-01-20 10:08:55,386 - position: [ 0.06293114 -1.34084511  0.87400532]
2026-01-20 10:08:55,651 - position: [ 0.06284513 -1.34081757  0.87394983]
2026-01-20 10:08:55,863 - position: [ 0.05954121 -1.33917642  0.87243354]
2026-01-20 10:08:56,073 - position: [ 0.0600267  -1.33716846  0.87236881]
2026-01-20 10:08:56,289 - position: [ 0.05434015 -1.33319843  0.86883509]
2026-01-20 10:08:56,541 - position: [ 0.06239698 -1.33336699  0.87002385]
2026-01-20 10:08:56,759 - position: [ 0.06257739 -1.33337688  0.87002671]
2026-01-20 10:08:56,972 - position: [ 0.05954958 -1.3342936   0.86975604]
2026-01-20 10:08:57,214 - position: [ 0.05934262 -1.33478451  0.86965591]
2026-01-20 10:08:57,447 - position: [ 0.06366687 -1.33729339  0.87093318]
2026-01-20 10:08:57,672 - position: [ 0.06576558 -1.34204721  0.87279552]
2026-01-20 10:08:57,914 - position: [ 0.07490034 -1.34579384  0.87509245]
2026-01-20 10:08:58,175 - position: [ 0.07518063 -1.3454057   0.87483776]
2026-01-20 10:08:58,412 - position: [ 0.07344973 -1.34342694  0.87376672]
2026-01-20 10:08:58,646 - position: [ 0.0715942  -1.34310496  0.87350202]
2026-01-20 10:08:58,869 - position: [ 0.0732884  -1.34164596  0.87267852]
2026-01-20 10:08:59,109 - position: [ 0.07828606 -1.34281802  0.8726567 ]
2026-01-20 10:08:59,328 - position: [ 0.07791016 -1.34442008  0.87318915]
2026-01-20 10:08:59,597 - position: [ 0.07315987 -1.34343517  0.87322867]
2026-01-20 10:08:59,835 - position: [ 0.07288282 -1.34211695  0.87287241]
2026-01-20 10:09:00,072 - position: [ 0.07245364 -1.34257686  0.87305593]
2026-01-20 10:09:00,337 - position: [ 0.07235043 -1.34215558  0.87269425]
2026-01-20 10:09:00,642 - position: [ 0.07232563 -1.34288907  0.87287813]
2026-01-20 10:09:00,906 - position: [ 0.07230215 -1.34293866  0.87285805]
2026-01-20 10:09:01,171 - position: [ 0.07188631 -1.34278834  0.87275547]
2026-01-20 10:09:01,469 - position: [ 0.07115156 -1.34267056  0.87267494]
2026-01-20 10:09:01,694 - position: [ 0.06971188 -1.34291339  0.87260711]
2026-01-20 10:09:01,957 - position: [ 0.07046428 -1.34230387  0.87266976]
2026-01-20 10:09:02,222 - position: [ 0.07070179 -1.34251547  0.87272209]
2026-01-20 10:09:02,434 - position: [ 0.06370254 -1.3450402   0.8740679 ]
2026-01-20 10:09:02,685 - position: [ 0.05835565 -1.34631252  0.87524372]
2026-01-20 10:09:02,933 - position: [ 0.05655961 -1.34774756  0.87574649]
2026-01-20 10:09:03,155 - position: [ 0.05652886 -1.34954536  0.87637937]
2026-01-20 10:09:03,401 - position: [ 0.06237682 -1.34912455  0.8762567 ]
2026-01-20 10:09:03,649 - position: [ 0.07060174 -1.34661996  0.87575185]
2026-01-20 10:09:03,878 - position: [ 0.06807539 -1.34687853  0.87536168]
2026-01-20 10:09:04,101 - position: [ 0.06790338 -1.34644806  0.87486798]
2026-01-20 10:09:04,335 - position: [ 0.06788585 -1.34605014  0.87460959]
2026-01-20 10:09:04,570 - position: [ 0.06847195 -1.34639359  0.87478155]
2026-01-20 10:09:04,813 - position: [ 0.0686336  -1.34656239  0.87485337]
2026-01-20 10:09:05,025 - position: [ 0.06907354 -1.34676576  0.87489289]
2026-01-20 10:09:05,268 - position: [ 0.06984966 -1.34747076  0.87524498]
2026-01-20 10:09:05,501 - position: [ 0.07091652 -1.34610415  0.87450063]
2026-01-20 10:09:05,805 - position: [ 0.07075745 -1.3481257   0.8751421 ]
2026-01-20 10:09:06,014 - position: [ 0.07064825 -1.34858346  0.87545085]
2026-01-20 10:09:06,233 - position: [ 0.07094079 -1.34991121  0.87567657]
2026-01-20 10:09:06,486 - position: [ 0.06959272 -1.35028005  0.87571806]
2026-01-20 10:09:06,807 - position: [ 0.06796803 -1.34811735  0.87492055]
2026-01-20 10:09:07,023 - position: [ 0.06886917 -1.34783375  0.87479842]
2026-01-20 10:09:07,248 - position: [ 0.06898048 -1.34788191  0.87474787]
2026-01-20 10:09:07,471 - position: [ 0.06893606 -1.34786558  0.87472868]
2026-01-20 10:09:07,699 - position: [ 0.06916914 -1.34685886  0.87432218]
2026-01-20 10:09:07,934 - position: [ 0.07006533 -1.34747767  0.87461746]
2026-01-20 10:09:08,169 - position: [ 0.07026126 -1.34809589  0.87519062]
2026-01-20 10:09:08,398 - position: [ 0.07124202 -1.35227227  0.87699944]
2026-01-20 10:09:08,604 - position: [ 0.0717882  -1.35478127  0.87775868]
2026-01-20 10:09:08,819 - position: [ 0.07143901 -1.35491514  0.87756991]
2026-01-20 10:09:09,052 - position: [ 0.07155796 -1.35476756  0.87760538]
2026-01-20 10:09:09,271 - position: [ 0.07163697 -1.35473895  0.87754381]
2026-01-20 10:09:09,493 - position: [ 0.07163697 -1.35473895  0.87754381]
2026-01-20 10:09:09,725 - position: [ 0.07153969 -1.35545933  0.8778984 ]
2026-01-20 10:09:09,989 - position: [ 0.07113329 -1.35392213  0.87721902]
2026-01-20 10:09:10,220 - position: [ 0.07124937 -1.35393119  0.87707877]
2026-01-20 10:09:10,474 - position: [ 0.07135197 -1.35252845  0.87636787]
2026-01-20 10:09:10,678 - position: [ 0.07119483 -1.35224485  0.8762508 ]
2026-01-20 10:09:10,905 - position: [ 0.07120496 -1.35257602  0.87627292]
2026-01-20 10:09:11,110 - position: [ 0.07121621 -1.35234737  0.87620634]
2026-01-20 10:09:11,336 - position: [ 0.07176215 -1.35280824  0.87629896]
2026-01-20 10:09:11,560 - position: [ 0.07149545 -1.35284138  0.87630647]
2026-01-20 10:09:11,819 - position: [ 0.07142109 -1.35303903  0.8764407 ]
2026-01-20 10:09:12,042 - position: [ 0.07070423 -1.35257161  0.87622547]
2026-01-20 10:09:12,295 - position: [ 0.07053652 -1.35261369  0.87608325]
2026-01-20 10:09:12,519 - position: [ 0.07099363 -1.35266483  0.87608314]
2026-01-20 10:09:12,726 - position: [ 0.0706878  -1.35252655  0.8759234 ]
2026-01-20 10:09:12,959 - position: [ 0.07039972 -1.35215855  0.87575257]
2026-01-20 10:09:13,185 - position: [ 0.07099988 -1.35215724  0.87586033]
2026-01-20 10:09:13,395 - position: [ 0.07170168 -1.35260999  0.87610072]
2026-01-20 10:09:13,628 - position: [ 0.0712498  -1.3517915   0.87587357]
2026-01-20 10:09:13,888 - position: [ 0.07116418 -1.35207093  0.87587744]
2026-01-20 10:09:14,276 - position: [ 0.07165601 -1.35246491  0.87594384]
2026-01-20 10:09:14,553 - position: [ 0.07165601 -1.35246491  0.87594384]
2026-01-20 10:09:14,769 - position: [ 0.07175022 -1.35240781  0.87596303]
2026-01-20 10:09:14,987 - position: [ 0.07202929 -1.35265613  0.87610334]
2026-01-20 10:09:15,254 - position: [ 0.07175281 -1.35172427  0.87585598]
2026-01-20 10:09:15,505 - position: [ 0.0716481  -1.35144901  0.87565857]
2026-01-20 10:09:15,726 - position: [ 0.07190432 -1.35149455  0.87563515]
2026-01-20 10:09:15,942 - position: [ 0.07168981 -1.35092199  0.87536448]
2026-01-20 10:09:16,153 - position: [ 0.07163722 -1.35024416  0.87514424]
2026-01-20 10:09:16,439 - position: [ 0.07186394 -1.35106146  0.87530583]
2026-01-20 10:09:16,767 - position: [ 0.07186028 -1.35006583  0.87502599]
2026-01-20 10:09:17,042 - position: [ 0.07172673 -1.3499074   0.87493819]
2026-01-20 10:09:17,350 - position: [ 0.07194533 -1.35060644  0.87508011]
2026-01-20 10:09:17,596 - position: [ 0.0723118  -1.35076559  0.87526214]
2026-01-20 10:09:17,827 - position: [ 0.07195073 -1.34974742  0.87490386]
2026-01-20 10:09:18,091 - position: [ 0.07173311 -1.34982908  0.8748492 ]
2026-01-20 10:09:18,306 - position: [ 0.07216102 -1.35006404  0.87498528]
2026-01-20 10:09:18,536 - position: [ 0.07165506 -1.34994292  0.87490356]
2026-01-20 10:09:18,754 - position: [ 0.07137489 -1.35002828  0.87488353]
2026-01-20 10:09:18,989 - position: [ 0.07166535 -1.34990799  0.87487292]
2026-01-20 10:09:19,217 - position: [ 0.07160997 -1.34971666  0.87476408]
2026-01-20 10:09:19,433 - position: [ 0.07153311 -1.34940982  0.87462282]
2026-01-20 10:09:19,657 - position: [ 0.07124344 -1.3489722   0.87442279]
2026-01-20 10:09:19,896 - position: [ 0.07162004 -1.34960127  0.87465119]
2026-01-20 10:09:20,145 - position: [ 0.0717006  -1.34931016  0.87449139]
2026-01-20 10:09:20,373 - position: [ 0.0713145  -1.34934139  0.8744002 ]
2026-01-20 10:09:20,597 - position: [ 0.07166293 -1.34962094  0.87455422]
2026-01-20 10:09:20,863 - position: [ 0.0721376  -1.349617    0.87456268]
2026-01-20 10:09:21,105 - position: [ 0.0714223  -1.34939826  0.87453145]
2026-01-20 10:09:21,351 - position: [ 0.07162418 -1.34985209  0.87471306]
2026-01-20 10:09:21,572 - position: [ 0.07175425 -1.35010231  0.87483108]
2026-01-20 10:09:21,820 - position: [ 0.07136378 -1.34930027  0.87449652]
2026-01-20 10:09:22,062 - position: [ 0.07142884 -1.34955704  0.87451416]
2026-01-20 10:09:22,279 - position: [ 0.07172339 -1.34993911  0.87467515]
2026-01-20 10:09:22,517 - position: [ 0.07135361 -1.34917772  0.87435472]
2026-01-20 10:09:22,744 - position: [ 0.07130081 -1.3487972   0.87428439]
2026-01-20 10:09:23,010 - position: [ 0.07175653 -1.34956014  0.87449777]
2026-01-20 10:09:23,226 - position: [ 0.07164611 -1.3496666   0.87445766]
2026-01-20 10:09:23,571 - position: [ 0.07138343 -1.34860921  0.8741526 ]
2026-01-20 10:09:23,816 - position: [ 0.0713948  -1.34942555  0.87430322]
2026-01-20 10:09:24,144 - position: [ 0.07130782 -1.34958625  0.87439579]
2026-01-20 10:09:24,422 - position: [ 0.0696468  -1.35136795  0.87500274]
2026-01-20 10:09:24,656 - position: [ 0.05926828 -1.35974622  0.87680435]
2026-01-20 10:09:24,886 - position: [ 0.04994627 -1.3743664   0.88054031]
2026-01-20 10:09:25,155 - position: [ 0.05005521 -1.38529444  0.88313073]
2026-01-20 10:09:25,393 - position: [ 0.0529906  -1.38301754  0.8828783 ]
2026-01-20 10:09:25,631 - position: [ 0.05988849 -1.37446177  0.88369161]
2026-01-20 10:09:25,934 - position: [ 0.05953692 -1.37246037  0.8824656 ]
2026-01-20 10:09:26,168 - position: [ 0.05765998 -1.36986291  0.88186252]
2026-01-20 10:09:26,418 - position: [ 0.05720907 -1.36844492  0.88137001]
2026-01-20 10:09:26,652 - position: [ 0.04245335 -1.36676383  0.88011503]
2026-01-20 10:09:26,865 - position: [ 0.03151753 -1.36795425  0.87941909]
2026-01-20 10:09:27,088 - position: [ 0.04084284 -1.36647606  0.87951314]
2026-01-20 10:09:27,325 - position: [ 0.05084606 -1.36331379  0.87924355]
2026-01-20 10:09:27,558 - position: [ 0.05801971 -1.36174119  0.87906116]
2026-01-20 10:09:27,778 - position: [ 0.06167665 -1.35701668  0.87769133]
2026-01-20 10:09:28,006 - position: [ 0.05940313 -1.35573292  0.87676972]
2026-01-20 10:09:28,246 - position: [ 0.05787295 -1.35680914  0.87717593]
2026-01-20 10:09:28,493 - position: [ 0.05932423 -1.35566795  0.87692046]
2026-01-20 10:09:28,815 - position: [ 0.05687448 -1.35381937  0.87587798]
2026-01-20 10:09:29,063 - position: [ 0.05576497 -1.35097075  0.87543827]
2026-01-20 10:09:29,293 - position: [ 0.0499445  -1.34537756  0.87312877]
2026-01-20 10:09:29,587 - position: [ 0.04984972 -1.3501693   0.87556863]
2026-01-20 10:09:29,821 - position: [ 0.05229279 -1.35180545  0.87581652]
2026-01-20 10:09:30,027 - position: [ 0.05472188 -1.35188639  0.87591439]
2026-01-20 10:09:30,285 - position: [ 0.05758154 -1.35045564  0.87570816]
2026-01-20 10:09:30,515 - position: [ 0.05774106 -1.35072505  0.87575746]
2026-01-20 10:09:30,746 - position: [ 0.05776157 -1.35106897  0.87582338]
2026-01-20 10:09:30,979 - position: [ 0.0573589  -1.35275853  0.87627965]
2026-01-20 10:09:31,196 - position: [ 0.05764253 -1.35160315  0.87595546]
2026-01-20 10:09:31,411 - position: [ 0.05709202 -1.35129511  0.87585574]
2026-01-20 10:09:31,671 - position: [ 0.05574895 -1.35534465  0.87719095]
2026-01-20 10:09:31,902 - position: [ 0.05695972 -1.35693383  0.87779868]
2026-01-20 10:09:32,159 - position: [ 0.05800114 -1.35864067  0.87839508]
2026-01-20 10:09:32,434 - position: [ 0.05747314 -1.35845256  0.87824279]
2026-01-20 10:09:32,791 - position: [ 0.0581802  -1.35641778  0.87727374]
2026-01-20 10:09:33,045 - position: [ 0.0585498  -1.35578978  0.87710506]
2026-01-20 10:09:33,301 - position: [ 0.05779192 -1.35484958  0.8765859 ]
2026-01-20 10:09:33,511 - position: [ 0.05754014 -1.35437179  0.87638199]
2026-01-20 10:09:33,727 - position: [ 0.05742828 -1.35380363  0.8760187 ]
2026-01-20 10:09:33,948 - position: [ 0.05852399 -1.35406995  0.87608069]
2026-01-20 10:09:34,166 - position: [ 0.05878723 -1.353809    0.87589628]
2026-01-20 10:09:34,435 - position: [ 0.05958476 -1.35224223  0.87553424]
2026-01-20 10:09:34,672 - position: [ 0.05840386 -1.35254443  0.87579978]
2026-01-20 10:09:34,902 - position: [ 0.05873717 -1.35336661  0.87607968]
2026-01-20 10:09:35,129 - position: [ 0.05814449 -1.35316229  0.87602401]
2026-01-20 10:09:35,434 - position: [ 0.05816561 -1.35204971  0.8758533 ]
2026-01-20 10:09:35,737 - position: [ 0.05789641 -1.35249925  0.8762176 ]
2026-01-20 10:09:35,986 - position: [ 0.05787001 -1.35374403  0.87699866]
2026-01-20 10:09:36,193 - position: [ 0.05770054 -1.35343933  0.87658978]
2026-01-20 10:09:36,405 - position: [ 0.0572462  -1.35278177  0.87607515]
2026-01-20 10:09:36,647 - position: [ 0.05597065 -1.35348785  0.87635916]
2026-01-20 10:09:36,898 - position: [ 0.05640017 -1.35334373  0.87640858]
2026-01-20 10:09:37,142 - position: [ 0.05952598 -1.35315287  0.87671363]
2026-01-20 10:09:37,410 - position: [ 0.05921593 -1.35113132  0.8758046 ]
2026-01-20 10:09:37,650 - position: [ 0.05444592 -1.35313165  0.87573487]
2026-01-20 10:09:37,912 - position: [ 0.05306345 -1.35038698  0.87432259]
2026-01-20 10:09:38,152 - position: [ 0.05372684 -1.35057688  0.87427759]
2026-01-20 10:09:38,394 - position: [ 0.05376188 -1.35032082  0.87415665]
2026-01-20 10:09:38,600 - position: [ 0.05402747 -1.34968221  0.87405908]
2026-01-20 10:09:38,849 - position: [ 0.05373066 -1.3491236   0.87425637]
2026-01-20 10:09:39,081 - position: [ 0.05182101 -1.35071564  0.87412518]
2026-01-20 10:09:39,309 - position: [ 0.0522511  -1.35062122  0.87422854]
2026-01-20 10:09:39,657 - position: [ 0.05366866 -1.34974408  0.87397331]
2026-01-20 10:09:39,897 - position: [ 0.053804   -1.34964573  0.873945  ]
2026-01-20 10:09:40,138 - position: [ 0.05840518 -1.34814703  0.87392259]
2026-01-20 10:09:40,365 - position: [ 0.05909212 -1.35033548  0.87480611]
2026-01-20 10:09:40,590 - position: [ 0.0594788  -1.35095692  0.87519407]
2026-01-20 10:09:40,825 - position: [ 0.05829618 -1.35040176  0.87481707]
2026-01-20 10:09:41,053 - position: [ 0.05840937 -1.35079372  0.8749457 ]
2026-01-20 10:09:41,299 - position: [ 0.05826052 -1.35031116  0.87481439]
2026-01-20 10:09:41,518 - position: [ 0.05802654 -1.3500129   0.87472367]
2026-01-20 10:09:41,748 - position: [ 0.05802654 -1.3500129   0.87472367]
2026-01-20 10:09:42,024 - position: [ 0.05838854 -1.35057187  0.87487757]
2026-01-20 10:09:42,258 - position: [ 0.05799913 -1.34998834  0.87468261]
2026-01-20 10:09:42,488 - position: [ 0.05752631 -1.34989405  0.87446141]
2026-01-20 10:09:42,689 - position: [ 0.05753742 -1.35027707  0.87459868]
2026-01-20 10:09:42,929 - position: [ 0.05755929 -1.35031915  0.87461907]
2026-01-20 10:09:43,168 - position: [ 0.05782611 -1.35041249  0.87460226]
2026-01-20 10:09:43,418 - position: [ 0.05864687 -1.34967279  0.87451309]
2026-01-20 10:09:43,658 - position: [ 0.05853521 -1.34958541  0.87439156]
2026-01-20 10:09:43,868 - position: [ 0.05874196 -1.34984505  0.87450171]
2026-01-20 10:09:44,139 - position: [ 0.05906983 -1.35017061  0.87499988]
2026-01-20 10:09:44,377 - position: [ 0.05864417 -1.35086811  0.87520504]
2026-01-20 10:09:44,597 - position: [ 0.05872323 -1.35033739  0.87495947]
2026-01-20 10:09:44,869 - position: [ 0.05882548 -1.35027838  0.87495404]
2026-01-20 10:09:45,093 - position: [ 0.05836894 -1.3516891   0.87529641]
2026-01-20 10:09:45,347 - position: [ 0.05826654 -1.35203445  0.87542009]
2026-01-20 10:09:45,570 - position: [ 0.0580249  -1.35096157  0.8750124 ]
2026-01-20 10:09:45,830 - position: [ 0.05867692 -1.34986174  0.87456715]
2026-01-20 10:09:46,062 - position: [ 0.0578791  -1.3494333   0.87441176]
2026-01-20 10:09:46,325 - position: [ 0.05793134 -1.34887958  0.87422097]
2026-01-20 10:09:46,534 - position: [ 0.05888567 -1.34812438  0.87382811]
2026-01-20 10:09:46,767 - position: [ 0.05981552 -1.34879935  0.87418139]
2026-01-20 10:09:47,006 - position: [ 0.06018294 -1.34899068  0.87425023]
2026-01-20 10:09:47,234 - position: [ 0.06075821 -1.34890401  0.87411273]
2026-01-20 10:09:47,474 - position: [ 0.06174577 -1.34878528  0.87438297]
2026-01-20 10:09:47,766 - position: [ 0.06166101 -1.34910381  0.87470406]
2026-01-20 10:09:48,005 - position: [ 0.05414573 -1.35163856  0.87478822]
2026-01-20 10:09:48,259 - position: [ 0.03897983 -1.36182988  0.87652987]
2026-01-20 10:09:48,502 - position: [ 0.03254045 -1.36809111  0.87778503]
2026-01-20 10:09:48,737 - position: [ 0.03441206 -1.36750424  0.87819135]
2026-01-20 10:09:49,002 - position: [ 0.05414548 -1.35441232  0.87734336]
2026-01-20 10:09:49,272 - position: [ 0.05899    -1.35747659  0.87843096]
2026-01-20 10:09:49,487 - position: [ 0.05856537 -1.35886228  0.87900084]
2026-01-20 10:09:49,711 - position: [ 0.05748492 -1.3569175   0.8779735 ]
2026-01-20 10:09:49,925 - position: [ 0.05766655 -1.35483408  0.87706584]
2026-01-20 10:09:50,151 - position: [ 0.05794136 -1.35413623  0.87663281]
2026-01-20 10:09:50,424 - position: [ 0.05790706 -1.3528322   0.87601274]
2026-01-20 10:09:50,715 - position: [ 0.05805115 -1.35276282  0.87566513]
2026-01-20 10:09:50,978 - position: [ 0.05803163 -1.3512361   0.87490046]
2026-01-20 10:09:51,277 - position: [ 0.0574432  -1.35101819  0.87499708]
2026-01-20 10:09:51,497 - position: [ 0.05643834 -1.35041142  0.87443924]
2026-01-20 10:09:51,740 - position: [ 0.05589948 -1.35085845  0.87435782]
2026-01-20 10:09:51,981 - position: [ 0.05599228 -1.3509804   0.87443423]
2026-01-20 10:09:52,236 - position: [ 0.05594022 -1.35077512  0.87447977]
2026-01-20 10:09:52,463 - position: [ 0.05359185 -1.34991467  0.87332088]
2026-01-20 10:09:52,722 - position: [ 0.05019765 -1.34721696  0.87215203]
2026-01-20 10:09:52,949 - position: [ 0.04909628 -1.34747565  0.87310618]
2026-01-20 10:09:53,162 - position: [ 0.04953157 -1.34673619  0.87282288]
2026-01-20 10:09:53,422 - position: [ 0.05166461 -1.34673774  0.87304556]
2026-01-20 10:09:53,661 - position: [ 0.05185077 -1.3475585   0.87331146]
2026-01-20 10:09:53,883 - position: [ 0.05164555 -1.34905946  0.87393391]
2026-01-20 10:09:54,086 - position: [ 0.05069576 -1.35007381  0.874327  ]
2026-01-20 10:09:54,311 - position: [ 0.05176145 -1.34974158  0.87418181]
2026-01-20 10:09:54,560 - position: [ 0.05176145 -1.34974158  0.87418181]
2026-01-20 10:09:54,839 - position: [ 0.05058439 -1.35203469  0.87496668]
2026-01-20 10:09:55,066 - position: [ 0.05246765 -1.35252512  0.87523782]
2026-01-20 10:09:55,310 - position: [ 0.04978887 -1.35297287  0.87502521]
2026-01-20 10:09:55,541 - position: [ 0.04927833 -1.35243368  0.87471145]
2026-01-20 10:09:55,760 - position: [ 0.04930787 -1.3524847   0.874663  ]
2026-01-20 10:09:55,981 - position: [ 0.05118924 -1.3520577   0.87475604]
2026-01-20 10:09:56,215 - position: [ 0.05158378 -1.35173488  0.87456232]
2026-01-20 10:09:56,443 - position: [ 0.05100985 -1.35263383  0.87495333]
2026-01-20 10:09:56,687 - position: [ 0.05227711 -1.35211313  0.8749299 ]
2026-01-20 10:09:56,963 - position: [ 0.05427343 -1.35157073  0.87477124]
2026-01-20 10:09:57,201 - position: [ 0.05411235 -1.35156083  0.87472302]
2026-01-20 10:09:57,504 - position: [ 0.05525801 -1.35101092  0.87462121]
2026-01-20 10:09:57,765 - position: [ 0.05668882 -1.35173011  0.87480855]
2026-01-20 10:09:57,996 - position: [ 0.05668406 -1.35169315  0.87483203]
2026-01-20 10:09:58,229 - position: [ 0.05633803 -1.35100424  0.87460971]
2026-01-20 10:09:58,487 - position: [ 0.05633758 -1.3501215   0.87420326]
2026-01-20 10:09:58,724 - position: [ 0.05639386 -1.35011315  0.87416506]
2026-01-20 10:09:58,937 - position: [ 0.05635114 -1.34901619  0.87354755]
2026-01-20 10:09:59,182 - position: [ 0.05709505 -1.34958208  0.87346059]
2026-01-20 10:09:59,451 - position: [ 0.05673978 -1.34979725  0.87376153]
2026-01-20 10:09:59,713 - position: [ 0.05742976 -1.35164821  0.87443119]
2026-01-20 10:09:59,962 - position: [ 0.05718593 -1.35215461  0.87459886]
2026-01-20 10:10:00,237 - position: [ 0.05754765 -1.35160899  0.87436283]
2026-01-20 10:10:00,449 - position: [ 0.0573034  -1.35151982  0.87432313]
2026-01-20 10:10:00,697 - position: [ 0.05725408 -1.35158741  0.8742367 ]
2026-01-20 10:10:00,934 - position: [ 0.05772458 -1.35156643  0.87432826]
2026-01-20 10:10:01,163 - position: [ 0.05785075 -1.3514713   0.87434179]
2026-01-20 10:10:01,380 - position: [ 0.058635   -1.35136998  0.87443846]
2026-01-20 10:10:01,655 - position: [ 0.05829452 -1.35228145  0.87522656]
2026-01-20 10:10:01,893 - position: [ 0.05806691 -1.35313225  0.87555128]
2026-01-20 10:10:02,141 - position: [ 0.05819091 -1.35009015  0.87502778]
2026-01-20 10:10:02,370 - position: [ 0.05595454 -1.3506794   0.87512356]
2026-01-20 10:10:02,590 - position: [ 0.05597042 -1.35146666  0.87511581]
2026-01-20 10:10:02,813 - position: [ 0.05640192 -1.35119414  0.87503004]
2026-01-20 10:10:03,064 - position: [ 0.05637181 -1.3499583   0.87447119]
2026-01-20 10:10:03,312 - position: [ 0.05635133 -1.34860599  0.87362951]
2026-01-20 10:10:03,550 - position: [ 0.05695259 -1.34992909  0.87424493]
2026-01-20 10:10:03,769 - position: [ 0.05726606 -1.34982872  0.87431645]
2026-01-20 10:10:03,997 - position: [ 0.05762827 -1.35036552  0.87445271]
2026-01-20 10:10:04,212 - position: [ 0.05735695 -1.35079813  0.87462449]
2026-01-20 10:10:04,430 - position: [ 0.05695654 -1.350366    0.8745501 ]
2026-01-20 10:10:04,655 - position: [ 0.05680984 -1.35031891  0.87441432]
2026-01-20 10:10:04,888 - position: [ 0.05724499 -1.3514787   0.8747586 ]
2026-01-20 10:10:05,116 - position: [ 0.05731106 -1.35072255  0.87450969]
2026-01-20 10:10:05,337 - position: [ 0.05715296 -1.35031223  0.87432468]
2026-01-20 10:10:05,559 - position: [ 0.05749161 -1.35042357  0.87436551]
2026-01-20 10:10:05,804 - position: [ 0.05740973 -1.35001242  0.8740893 ]
2026-01-20 10:10:06,048 - position: [ 0.05650872 -1.34962559  0.8738271 ]
2026-01-20 10:10:06,286 - position: [ 0.05693886 -1.34975839  0.87388521]
2026-01-20 10:10:06,492 - position: [ 0.05742818 -1.34964693  0.8737312 ]
2026-01-20 10:10:06,715 - position: [ 0.05694747 -1.34940004  0.87363708]
2026-01-20 10:10:06,936 - position: [ 0.05734662 -1.35028946  0.87398726]
2026-01-20 10:10:07,192 - position: [ 0.05777606 -1.35062253  0.87414467]
2026-01-20 10:10:07,423 - position: [ 0.05759959 -1.35040843  0.87407631]
2026-01-20 10:10:07,662 - position: [ 0.05759959 -1.35040843  0.87407631]
2026-01-20 10:10:07,871 - position: [ 0.05795818 -1.35089397  0.87428701]
2026-01-20 10:10:08,133 - position: [ 0.05781867 -1.35002244  0.87394679]
2026-01-20 10:10:08,374 - position: [ 0.05751611 -1.35028434  0.87398523]
2026-01-20 10:10:08,589 - position: [ 0.05863184 -1.35159659  0.8746208 ]
2026-01-20 10:10:08,816 - position: [ 0.05866836 -1.35052788  0.87430376]
2026-01-20 10:10:09,081 - position: [ 0.05819636 -1.35023129  0.87413996]
2026-01-20 10:10:09,322 - position: [ 0.05855335 -1.35034478  0.87407559]
2026-01-20 10:10:09,615 - position: [ 0.0589813  -1.34931517  0.87374002]
2026-01-20 10:10:09,847 - position: [ 0.05866658 -1.3497802   0.8737967 ]
2026-01-20 10:10:10,054 - position: [ 0.05847485 -1.34920335  0.87366086]
2026-01-20 10:10:10,292 - position: [ 0.05818578 -1.3488704   0.87355369]
2026-01-20 10:10:10,513 - position: [ 0.05765045 -1.34935892  0.8737359 ]
2026-01-20 10:10:10,736 - position: [ 0.05751524 -1.34957802  0.87372237]
2026-01-20 10:10:10,983 - position: [ 0.05817869 -1.34877801  0.87335175]
2026-01-20 10:10:11,214 - position: [ 0.05840352 -1.3489573   0.873478  ]
2026-01-20 10:10:11,482 - position: [ 0.0589233  -1.35013318  0.87396258]
2026-01-20 10:10:11,716 - position: [ 0.05850934 -1.34968174  0.87372172]
2026-01-20 10:10:11,968 - position: [ 0.05879281 -1.348557    0.87312609]
2026-01-20 10:10:12,252 - position: [ 0.05856667 -1.34926081  0.87339193]
2026-01-20 10:10:12,480 - position: [ 0.05861293 -1.34923029  0.87331367]
2026-01-20 10:10:12,716 - position: [ 0.05922153 -1.34894288  0.87352878]
2026-01-20 10:10:12,983 - position: [ 0.05540722 -1.35051453  0.87495589]
2026-01-20 10:10:13,225 - position: [ 0.05498497 -1.35119176  0.87494433]
2026-01-20 10:10:13,457 - position: [ 0.05198611 -1.35500526  0.87578607]
2026-01-20 10:10:13,683 - position: [ 0.05079446 -1.3811692   0.88364291]
2026-01-20 10:10:13,907 - position: [ 0.0525175  -1.40221274  0.88930225]
2026-01-20 10:10:14,150 - position: [ 0.05929534 -1.43892217  0.89595574]
2026-01-20 10:10:14,383 - position: [ 0.05710243 -1.43623388  0.894315  ]
2026-01-20 10:10:14,595 - position: [ 0.05175151 -1.42723966  0.89184612]
2026-01-20 10:10:14,832 - position: [ 0.0510728  -1.41506314  0.88877755]
2026-01-20 10:10:15,108 - position: [ 0.07524474 -1.39586401  0.88593388]
2026-01-20 10:10:15,340 - position: [ 0.07283161 -1.37726688  0.88186926]
2026-01-20 10:10:15,560 - position: [ 0.06884742 -1.36954057  0.8796761 ]
2026-01-20 10:10:15,826 - position: [ 0.06785996 -1.36504543  0.8782199 ]
2026-01-20 10:10:16,063 - position: [ 0.06731901 -1.36438465  0.87797242]
2026-01-20 10:10:16,288 - position: [ 0.06980875 -1.36399698  0.87776184]
2026-01-20 10:10:16,521 - position: [ 0.06978057 -1.36708617  0.87967443]
2026-01-20 10:10:16,763 - position: [ 0.07041264 -1.36835134  0.88001972]
2026-01-20 10:10:17,001 - position: [ 0.06899317 -1.36760116  0.87988144]
2026-01-20 10:10:17,266 - position: [ 0.06895235 -1.36436272  0.87824291]
2026-01-20 10:10:17,494 - position: [ 0.06870583 -1.36402619  0.87802136]
2026-01-20 10:10:17,723 - position: [ 0.0666333  -1.36091983  0.87653375]
2026-01-20 10:10:17,961 - position: [ 0.06688511 -1.36098289  0.87658244]
2026-01-20 10:10:18,195 - position: [ 0.06694072 -1.36189306  0.87677443]
2026-01-20 10:10:18,421 - position: [ 0.06634773 -1.36110008  0.87642848]
2026-01-20 10:10:18,684 - position: [ 0.06613021 -1.36063433  0.87608016]
2026-01-20 10:10:18,920 - position: [ 0.06614792 -1.36068594  0.87606591]
2026-01-20 10:10:19,155 - position: [ 0.06638559 -1.36115599  0.87620169]
2026-01-20 10:10:19,439 - position: [ 0.06659259 -1.36073232  0.8761332 ]
2026-01-20 10:10:19,698 - position: [ 0.06691085 -1.36277211  0.87646753]
2026-01-20 10:10:19,939 - position: [ 0.06646809 -1.36254728  0.87630039]
2026-01-20 10:10:20,174 - position: [ 0.06541433 -1.36170769  0.87600774]
2026-01-20 10:10:20,407 - position: [ 0.06543269 -1.36160779  0.87586141]
2026-01-20 10:10:20,636 - position: [ 0.06561967 -1.36173236  0.87591392]
2026-01-20 10:10:20,877 - position: [ 0.06556378 -1.36143303  0.87570083]
2026-01-20 10:10:21,161 - position: [ 0.06556378 -1.36143303  0.87570083]
2026-01-20 10:10:21,393 - position: [ 0.06529565 -1.36092174  0.87551719]
2026-01-20 10:10:21,666 - position: [ 0.06562395 -1.36061132  0.87551779]
2026-01-20 10:10:21,940 - position: [ 0.06497882 -1.36021352  0.87522721]
2026-01-20 10:10:22,194 - position: [ 0.06535627 -1.36026096  0.87524855]
2026-01-20 10:10:22,412 - position: [ 0.06563701 -1.36000812  0.87515402]
2026-01-20 10:10:22,647 - position: [ 0.06614792 -1.36065805  0.87533295]
2026-01-20 10:10:22,863 - position: [ 0.06675252 -1.35995317  0.87527388]
2026-01-20 10:10:23,105 - position: [ 0.0673327  -1.35919857  0.87484074]
2026-01-20 10:10:23,313 - position: [ 0.068046   -1.36034381  0.87522912]
2026-01-20 10:10:23,535 - position: [ 0.06788871 -1.36073744  0.87548381]
2026-01-20 10:10:23,758 - position: [ 0.06788871 -1.36073744  0.87548381]
2026-01-20 10:10:23,979 - position: [ 0.06698776 -1.35945535  0.87483227]
2026-01-20 10:10:24,236 - position: [ 0.06698266 -1.3598628   0.87503511]
2026-01-20 10:10:24,439 - position: [ 0.06670655 -1.35970986  0.87482214]
2026-01-20 10:10:24,655 - position: [ 0.06631786 -1.35988295  0.87490273]
2026-01-20 10:10:24,873 - position: [ 0.06620792 -1.36021471  0.87505579]
2026-01-20 10:10:25,103 - position: [ 0.0669851  -1.35992134  0.87499803]
2026-01-20 10:10:25,348 - position: [ 0.06648884 -1.35911071  0.87461323]
2026-01-20 10:10:25,587 - position: [ 0.06666183 -1.35980642  0.87487781]
2026-01-20 10:10:25,823 - position: [ 0.06710194 -1.3592943   0.87465996]
2026-01-20 10:10:26,066 - position: [ 0.0672064  -1.35910749  0.87458819]
2026-01-20 10:10:26,282 - position: [ 0.0672064  -1.35910749  0.87458819]
2026-01-20 10:10:26,509 - position: [ 0.06664292 -1.3600843   0.87479663]
2026-01-20 10:10:26,755 - position: [ 0.06683013 -1.35968804  0.87471455]
2026-01-20 10:10:26,990 - position: [ 0.06634043 -1.35938001  0.87463957]
2026-01-20 10:10:27,228 - position: [ 0.0660445  -1.35990059  0.87476605]
2026-01-20 10:10:27,451 - position: [ 0.06605204 -1.36024356  0.87478489]
2026-01-20 10:10:27,678 - position: [ 0.06609552 -1.35997379  0.87472999]
2026-01-20 10:10:27,947 - position: [ 0.06553061 -1.35954618  0.87449491]
2026-01-20 10:10:28,232 - position: [ 0.06547739 -1.36008132  0.87464947]
2026-01-20 10:10:28,459 - position: [ 0.05503218 -1.36807024  0.87665677]
2026-01-20 10:10:28,687 - position: [ 0.06657477 -1.38441849  0.88400745]
2026-01-20 10:10:28,930 - position: [ 0.0673952  -1.38277245  0.88345414]
2026-01-20 10:10:29,183 - position: [ 0.0673952  -1.38277245  0.88345414]
2026-01-20 10:10:29,467 - position: [ 0.07293486 -1.38110495  0.88356328]
2026-01-20 10:10:29,718 - position: [ 0.0726007  -1.37726104  0.88250601]
2026-01-20 10:10:30,012 - position: [ 0.07176786 -1.37743711  0.88250673]
2026-01-20 10:10:30,249 - position: [ 0.06576571 -1.37799203  0.88237071]
2026-01-20 10:10:30,500 - position: [ 0.05527647 -1.37803423  0.88214689]
2026-01-20 10:10:30,800 - position: [ 0.05214921 -1.37798131  0.88187921]
2026-01-20 10:10:31,034 - position: [ 0.05295354 -1.37801325  0.88154495]
2026-01-20 10:10:31,290 - position: [ 0.05353952 -1.37569988  0.88060129]
2026-01-20 10:10:31,502 - position: [ 0.05386482 -1.37433457  0.88028985]
2026-01-20 10:10:31,737 - position: [ 0.05652539 -1.37162149  0.87945229]
2026-01-20 10:10:32,029 - position: [ 0.05549319 -1.37065947  0.87913412]
2026-01-20 10:10:32,272 - position: [ 0.05262941 -1.37108934  0.8791337 ]
2026-01-20 10:10:32,501 - position: [ 0.05183883 -1.37111199  0.87908584]
2026-01-20 10:10:32,777 - position: [ 0.05307503 -1.37063122  0.87885916]
2026-01-20 10:10:33,028 - position: [ 0.05353376 -1.36913419  0.87825024]
2026-01-20 10:10:33,306 - position: [ 0.05538888 -1.36882019  0.87827581]
2026-01-20 10:10:33,604 - position: [ 0.05527142 -1.36806929  0.87784559]
2026-01-20 10:10:33,825 - position: [ 0.05667505 -1.3662529   0.8775382 ]
2026-01-20 10:10:34,036 - position: [ 0.05730719 -1.36544228  0.87733793]
2026-01-20 10:10:34,295 - position: [ 0.05666697 -1.36329997  0.87661129]
2026-01-20 10:10:34,537 - position: [ 0.05716914 -1.35819471  0.87575275]
2026-01-20 10:10:34,791 - position: [ 0.05250548 -1.35469186  0.87431324]
2026-01-20 10:10:35,024 - position: [ 0.05632569 -1.35264218  0.87349153]
2026-01-20 10:10:35,275 - position: [ 0.05592149 -1.35234678  0.87345052]
2026-01-20 10:10:35,499 - position: [ 0.05633723 -1.35396802  0.8739782 ]
2026-01-20 10:10:35,746 - position: [ 0.05703614 -1.35479283  0.87430799]
2026-01-20 10:10:35,987 - position: [ 0.05727478 -1.35501659  0.87432194]
2026-01-20 10:10:36,198 - position: [ 0.05930055 -1.35704184  0.87491137]
2026-01-20 10:10:36,437 - position: [ 0.0596332  -1.3571353   0.87496036]
2026-01-20 10:10:36,667 - position: [ 0.05995723 -1.35583973  0.87444597]
2026-01-20 10:10:36,941 - position: [ 0.06004959 -1.35599625  0.87438816]
2026-01-20 10:10:37,229 - position: [ 0.06042738 -1.35771716  0.87503314]
2026-01-20 10:10:37,493 - position: [ 0.06015958 -1.35627091  0.87467164]
2026-01-20 10:10:37,795 - position: [ 0.06041985 -1.35560858  0.87470144]
2026-01-20 10:10:38,059 - position: [ 0.0593874  -1.35090923  0.87315714]
2026-01-20 10:10:38,295 - position: [ 0.06010301 -1.34969068  0.87295675]
2026-01-20 10:10:38,552 - position: [ 0.06035895 -1.3504616   0.87320179]
2026-01-20 10:10:38,780 - position: [ 0.05975151 -1.35197783  0.87365717]
2026-01-20 10:10:39,028 - position: [ 0.05927462 -1.35351682  0.8741436 ]
2026-01-20 10:10:39,264 - position: [ 0.05974979 -1.35484087  0.87464672]
2026-01-20 10:10:39,523 - position: [ 0.05923843 -1.35501468  0.87472802]
2026-01-20 10:10:39,742 - position: [ 0.05859241 -1.35401976  0.87436259]
2026-01-20 10:10:39,981 - position: [ 0.05859241 -1.35401976  0.87436259]
2026-01-20 10:10:40,215 - position: [ 0.05785872 -1.35605097  0.8755241 ]
2026-01-20 10:10:40,454 - position: [ 0.05789806 -1.3571322   0.87528223]
2026-01-20 10:10:40,688 - position: [ 0.05870098 -1.35615861  0.87488163]
2026-01-20 10:10:40,936 - position: [ 0.05807112 -1.35695887  0.87508613]
2026-01-20 10:10:41,168 - position: [ 0.05796974 -1.35689545  0.87505639]
2026-01-20 10:10:41,431 - position: [ 0.05785311 -1.35675395  0.87498933]
2026-01-20 10:10:41,634 - position: [ 0.05783805 -1.35673976  0.87495142]
2026-01-20 10:10:41,879 - position: [ 0.05784678 -1.35667574  0.87496251]
2026-01-20 10:10:42,142 - position: [ 0.05720646 -1.35641682  0.87473726]
2026-01-20 10:10:42,392 - position: [ 0.05691713 -1.35642183  0.87468654]
2026-01-20 10:10:42,707 - position: [ 0.05484762 -1.35367143  0.87417871]
2026-01-20 10:10:42,936 - position: [ 0.05156143 -1.36119759  0.8762598 ]
2026-01-20 10:10:43,144 - position: [ 0.05156143 -1.36119759  0.8762598 ]
2026-01-20 10:10:43,371 - position: [ 0.04979324 -1.36173797  0.87587661]
2026-01-20 10:10:43,614 - position: [ 0.05011772 -1.3628124   0.87609231]
2026-01-20 10:10:43,867 - position: [ 0.05204591 -1.36155057  0.87581128]
2026-01-20 10:10:44,087 - position: [ 0.05197009 -1.36131871  0.87567341]
2026-01-20 10:10:44,380 - position: [ 0.05055669 -1.36122453  0.87530196]
2026-01-20 10:10:44,607 - position: [ 0.05055669 -1.36122453  0.87530196]
2026-01-20 10:10:44,840 - position: [ 0.05124392 -1.35895336  0.87439454]
2026-01-20 10:10:45,063 - position: [ 0.05173698 -1.35717297  0.87381959]
2026-01-20 10:10:45,315 - position: [ 0.0517834  -1.35627639  0.87390643]
2026-01-20 10:10:45,642 - position: [ 0.04217261 -1.35758519  0.87307507]
2026-01-20 10:10:45,939 - position: [ 0.05047031 -1.35652363  0.87369543]
2026-01-20 10:10:46,143 - position: [ 0.05047031 -1.35652363  0.87369543]
2026-01-20 10:10:46,378 - position: [ 0.05226693 -1.35569763  0.87316555]
2026-01-20 10:10:46,620 - position: [ 0.05348926 -1.35478723  0.87296069]
2026-01-20 10:10:46,837 - position: [ 0.05495674 -1.3541919   0.87336129]
2026-01-20 10:10:47,059 - position: [ 0.05432582 -1.35482657  0.87331623]
2026-01-20 10:10:47,355 - position: [ 0.05516148 -1.35427999  0.87304026]
2026-01-20 10:10:47,574 - position: [ 0.05577835 -1.35416341  0.87302691]
2026-01-20 10:10:47,810 - position: [ 0.05586192 -1.35410702  0.87307006]
2026-01-20 10:10:48,028 - position: [ 0.05586192 -1.35410702  0.87307006]
2026-01-20 10:10:48,253 - position: [ 0.05602137 -1.35335195  0.87280226]
2026-01-20 10:10:48,460 - position: [ 0.05587332 -1.35312319  0.87268341]
2026-01-20 10:10:48,699 - position: [ 0.05603984 -1.3526901   0.87248886]
2026-01-20 10:10:48,941 - position: [ 0.05693229 -1.35374558  0.87291932]
2026-01-20 10:10:49,181 - position: [ 0.05738809 -1.35249519  0.87252927]
2026-01-20 10:10:49,414 - position: [ 0.05731336 -1.35232008  0.87245077]
2026-01-20 10:10:49,661 - position: [ 0.05846621 -1.35119534  0.87189054]
2026-01-20 10:10:49,868 - position: [ 0.05806237 -1.3505367   0.87172276]
2026-01-20 10:10:50,112 - position: [ 0.05792033 -1.35043275  0.87163478]
2026-01-20 10:10:50,371 - position: [ 0.05778558 -1.35030472  0.87151909]
2026-01-20 10:10:50,631 - position: [ 0.05862047 -1.35081446  0.87166864]
2026-01-20 10:10:50,899 - position: [ 0.0586928  -1.35117805  0.87184894]
2026-01-20 10:10:51,161 - position: [ 0.05862032 -1.35106349  0.87167823]
2026-01-20 10:10:51,403 - position: [ 0.05858525 -1.35103691  0.87172246]
2026-01-20 10:10:51,639 - position: [ 0.05854503 -1.35088551  0.87177211]
2026-01-20 10:10:51,846 - position: [ 0.05860542 -1.35001242  0.87128329]
2026-01-20 10:10:52,066 - position: [ 0.0581535  -1.34901083  0.87084466]
2026-01-20 10:10:52,284 - position: [ 0.05841607 -1.34866095  0.87072945]
2026-01-20 10:10:52,509 - position: [ 0.05856382 -1.34851217  0.87053895]
2026-01-20 10:10:52,742 - position: [ 0.0587449  -1.34876597  0.87065125]
2026-01-20 10:10:52,979 - position: [ 0.0590801  -1.34806168  0.87034768]
2026-01-20 10:10:53,192 - position: [ 0.05987956 -1.34867024  0.87062329]
2026-01-20 10:10:53,434 - position: [ 0.06033625 -1.34907293  0.87091643]
2026-01-20 10:10:53,639 - position: [ 0.06235395 -1.34824586  0.87063187]
2026-01-20 10:10:53,909 - position: [ 0.06284188 -1.34807003  0.87065077]
2026-01-20 10:10:54,124 - position: [ 0.0624762  -1.34698105  0.8700822 ]
2026-01-20 10:10:54,362 - position: [ 0.06276506 -1.3478719   0.87048608]
2026-01-20 10:10:54,609 - position: [ 0.06321797 -1.34724236  0.87026262]
2026-01-20 10:10:54,858 - position: [ 0.06332856 -1.34710538  0.87022603]
2026-01-20 10:10:55,081 - position: [ 0.06269298 -1.34800982  0.87086487]
2026-01-20 10:10:55,458 - position: [ 0.0605077  -1.34830308  0.87085706]
2026-01-20 10:10:55,734 - position: [ 0.05953755 -1.34836817  0.87054265]
2026-01-20 10:10:55,941 - position: [ 0.05969878 -1.34883404  0.87078273]
2026-01-20 10:10:56,248 - position: [ 0.05979694 -1.3490696   0.87107402]
2026-01-20 10:10:56,526 - position: [ 0.06065693 -1.34918511  0.87113434]
2026-01-20 10:10:56,796 - position: [ 0.06007972 -1.34888268  0.87108123]
2026-01-20 10:10:57,056 - position: [ 0.0604725  -1.34700811  0.87085634]
2026-01-20 10:10:57,349 - position: [ 0.0584531  -1.34763813  0.87171048]
2026-01-20 10:10:57,607 - position: [ 0.05804211 -1.34687114  0.87112755]
2026-01-20 10:10:57,912 - position: [ 0.06022732 -1.34747922  0.87147433]
2026-01-20 10:10:58,199 - position: [ 0.06016879 -1.34739792  0.87114716]
2026-01-20 10:10:58,500 - position: [ 0.06076114 -1.34718323  0.87089044]
2026-01-20 10:10:58,706 - position: [ 0.06435674 -1.34805644  0.87166423]
2026-01-20 10:10:58,933 - position: [ 0.06586279 -1.34822118  0.87156063]
2026-01-20 10:10:59,144 - position: [ 0.06379969 -1.34792292  0.87114352]
2026-01-20 10:10:59,361 - position: [ 0.0624142  -1.34733629  0.8707611 ]
2026-01-20 10:10:59,578 - position: [ 0.06244724 -1.34696162  0.87052298]
2026-01-20 10:10:59,875 - position: [ 0.06370738 -1.34789824  0.87074935]
2026-01-20 10:11:00,158 - position: [ 0.06375916 -1.34770441  0.87057126]
2026-01-20 10:11:00,403 - position: [ 0.06335925 -1.34623611  0.86990047]
2026-01-20 10:11:00,615 - position: [ 0.06358428 -1.34683645  0.87012357]
2026-01-20 10:11:00,901 - position: [ 0.06356853 -1.34606564  0.86972499]
2026-01-20 10:11:01,133 - position: [ 0.06375338 -1.34539175  0.86946946]
2026-01-20 10:11:01,377 - position: [ 0.06379703 -1.34650743  0.86980379]
2026-01-20 10:11:01,626 - position: [ 0.06299814 -1.34531903  0.86912262]
2026-01-20 10:11:01,847 - position: [ 0.06211923 -1.34427214  0.86875135]
2026-01-20 10:11:02,058 - position: [ 0.06200987 -1.34552586  0.86902964]
2026-01-20 10:11:02,302 - position: [ 0.06298024 -1.34671247  0.86961776]
2026-01-20 10:11:02,514 - position: [ 0.06309056 -1.34590995  0.86930716]
2026-01-20 10:11:02,731 - position: [ 0.06186524 -1.34541118  0.86896867]
2026-01-20 10:11:02,987 - position: [ 0.05991183 -1.34706306  0.86956322]
2026-01-20 10:11:03,218 - position: [ 0.06011947 -1.34698915  0.86949605]
2026-01-20 10:11:03,445 - position: [ 0.06142865 -1.34676957  0.86966515]
2026-01-20 10:11:03,646 - position: [ 0.05945625 -1.34638691  0.86911952]
2026-01-20 10:11:03,891 - position: [ 0.06678656 -1.34578538  0.86941445]
2026-01-20 10:11:04,127 - position: [ 0.06473043 -1.34570158  0.86919349]
2026-01-20 10:11:04,354 - position: [ 0.06444822 -1.3457036   0.8691687 ]
2026-01-20 10:11:04,568 - position: [ 0.06644104 -1.34638333  0.86997831]
2026-01-20 10:11:04,778 - position: [ 0.06239018 -1.34750295  0.87049901]
2026-01-20 10:11:05,034 - position: [ 0.05639611 -1.34810364  0.87044263]
2026-01-20 10:11:05,292 - position: [ 0.06205452 -1.34578097  0.87107402]
2026-01-20 10:11:05,528 - position: [ 0.05957734 -1.34937274  0.87178999]
2026-01-20 10:11:05,766 - position: [ 0.06029961 -1.34781992  0.87140203]
2026-01-20 10:11:06,001 - position: [ 0.06221702 -1.34598386  0.87069464]
2026-01-20 10:11:06,221 - position: [ 0.06283183 -1.34511173  0.87000638]
2026-01-20 10:11:06,487 - position: [ 0.06527539 -1.34540176  0.8701871 ]
2026-01-20 10:11:06,728 - position: [ 0.06566602 -1.34577572  0.87037927]
2026-01-20 10:11:06,961 - position: [ 0.06687875 -1.34573531  0.87045354]
2026-01-20 10:11:07,194 - position: [ 0.06700903 -1.34593916  0.87048835]
2026-01-20 10:11:07,403 - position: [ 0.06622638 -1.3450985   0.86990827]
2026-01-20 10:11:07,641 - position: [ 0.06594288 -1.34490347  0.86960971]
2026-01-20 10:11:07,901 - position: [ 0.06382137 -1.34445429  0.86898488]
2026-01-20 10:11:08,164 - position: [ 0.06448448 -1.34319234  0.86844659]
2026-01-20 10:11:08,368 - position: [ 0.06589399 -1.34349239  0.86876988]
2026-01-20 10:11:08,606 - position: [ 0.06483882 -1.34270787  0.86823893]
2026-01-20 10:11:08,874 - position: [ 0.06481884 -1.34235191  0.86824715]
2026-01-20 10:11:09,234 - position: [ 0.06625479 -1.34202003  0.86804539]
2026-01-20 10:11:09,479 - position: [ 0.06644905 -1.34144413  0.86785525]
2026-01-20 10:11:09,696 - position: [ 0.06654027 -1.34079576  0.86758322]
2026-01-20 10:11:09,916 - position: [ 0.06568646 -1.34188783  0.8680293 ]
2026-01-20 10:11:10,135 - position: [ 0.06536294 -1.34206748  0.86805022]
2026-01-20 10:11:10,363 - position: [ 0.06531047 -1.34181929  0.86796057]
2026-01-20 10:11:10,595 - position: [ 0.06644896 -1.34094894  0.867908  ]
2026-01-20 10:11:10,842 - position: [ 0.06659831 -1.34266007  0.8683778 ]
2026-01-20 10:11:11,086 - position: [ 0.06745143 -1.34113526  0.86796123]
2026-01-20 10:11:11,299 - position: [ 0.06659067 -1.34068871  0.86757696]
2026-01-20 10:11:11,508 - position: [ 0.06681648 -1.34150183  0.86792511]
2026-01-20 10:11:11,747 - position: [ 0.06594137 -1.34069121  0.86752003]
2026-01-20 10:11:11,979 - position: [ 0.06568334 -1.33974385  0.86711979]
2026-01-20 10:11:12,201 - position: [ 0.06610233 -1.34065449  0.86743331]
2026-01-20 10:11:12,479 - position: [ 0.0660726  -1.34076738  0.86747372]
2026-01-20 10:11:12,717 - position: [ 0.06717562 -1.34034383  0.86737049]
2026-01-20 10:11:12,965 - position: [ 0.06803915 -1.34224737  0.86795771]
2026-01-20 10:11:13,231 - position: [ 0.06800414 -1.34236109  0.86817449]
2026-01-20 10:11:13,443 - position: [ 0.06752986 -1.34176147  0.86789978]
2026-01-20 10:11:13,670 - position: [ 0.06755474 -1.34117651  0.86778808]
2026-01-20 10:11:13,904 - position: [ 0.06839201 -1.34138465  0.867935  ]
2026-01-20 10:11:14,106 - position: [ 0.06752733 -1.34138966  0.86794269]
2026-01-20 10:11:14,334 - position: [ 0.06758515 -1.34098911  0.86778474]
2026-01-20 10:11:14,595 - position: [ 0.06768783 -1.34173477  0.86804569]
2026-01-20 10:11:14,815 - position: [ 0.06719819 -1.34148455  0.86792743]
2026-01-20 10:11:15,061 - position: [ 0.06498595 -1.34119999  0.86788666]
2026-01-20 10:11:15,276 - position: [ 0.06498595 -1.34119999  0.86788666]
2026-01-20 10:11:15,509 - position: [ 0.05951679 -1.34622717  0.87057501]
2026-01-20 10:11:15,722 - position: [ 0.06503028 -1.34391236  0.86970741]
2026-01-20 10:11:15,952 - position: [ 0.06849723 -1.34404361  0.87082165]
2026-01-20 10:11:16,191 - position: [ 0.0668488  -1.34419429  0.8703419 ]
2026-01-20 10:11:16,435 - position: [ 0.06609773 -1.34507918  0.87063044]
2026-01-20 10:11:16,658 - position: [ 0.06677141 -1.34502506  0.87080473]
2026-01-20 10:11:16,949 - position: [ 0.0662168  -1.34601581  0.87120962]
2026-01-20 10:11:17,191 - position: [ 0.06531562 -1.35378635  0.87516207]
2026-01-20 10:11:17,412 - position: [ 0.06502358 -1.35292363  0.87419009]
2026-01-20 10:11:17,657 - position: [ 0.06508435 -1.35261369  0.87406546]
2026-01-20 10:11:17,880 - position: [ 0.06563219 -1.35168743  0.87354851]
2026-01-20 10:11:18,119 - position: [ 0.06630433 -1.3505317   0.87267035]
2026-01-20 10:11:18,364 - position: [ 0.06625839 -1.35308075  0.87329531]
2026-01-20 10:11:18,585 - position: [ 0.0666274  -1.3526808   0.87289041]
2026-01-20 10:11:18,800 - position: [ 0.0668264  -1.35297775  0.87294716]
2026-01-20 10:11:19,059 - position: [ 0.06642425 -1.3532908   0.87294817]
2026-01-20 10:11:19,269 - position: [ 0.06497356 -1.3537761   0.87295753]
2026-01-20 10:11:19,512 - position: [ 0.06720964 -1.3528353   0.87267858]
2026-01-20 10:11:19,752 - position: [ 0.06683011 -1.35136092  0.87220985]
2026-01-20 10:11:19,989 - position: [ 0.06811775 -1.35186946  0.87233418]
2026-01-20 10:11:20,264 - position: [ 0.06901863 -1.35134649  0.87221777]
2026-01-20 10:11:20,490 - position: [ 0.06971908 -1.35062397  0.87199014]
2026-01-20 10:11:20,734 - position: [ 0.07032635 -1.35051382  0.87200439]
2026-01-20 10:11:20,953 - position: [ 0.07045764 -1.35030246  0.87192827]
2026-01-20 10:11:21,212 - position: [ 0.07045764 -1.35030246  0.87192827]
2026-01-20 10:11:21,462 - position: [ 0.07089347 -1.34988487  0.87168443]
2026-01-20 10:11:21,707 - position: [ 0.07037843 -1.3498832   0.87175953]
2026-01-20 10:11:21,958 - position: [ 0.07116317 -1.34892368  0.87141907]
2026-01-20 10:11:22,182 - position: [ 0.07157022 -1.34965193  0.87166148]
