2026-01-21 13:59:51,797 - position: [ 0.12871303 -1.29886794  0.16835545]
2026-01-21 13:59:52,061 - position: [ 0.1280835  -1.29966855  0.16632542]
2026-01-21 13:59:52,304 - position: [ 0.12875989 -1.29946327  0.16569732]
2026-01-21 13:59:52,597 - position: [ 0.12884162 -1.29979229  0.16585426]
2026-01-21 13:59:52,809 - position: [ 0.13946876 -1.29030347  0.17390245]
2026-01-21 13:59:53,037 - position: [ 0.16427159 -1.27271259  0.21968433]
2026-01-21 13:59:53,287 - position: [ 0.1853918  -1.25997365  0.24972199]
2026-01-21 13:59:53,499 - position: [ 0.45530164 -1.22606933  0.47713587]
2026-01-21 13:59:53,849 - position: [ 0.45530164 -1.22606933  0.47713587]
2026-01-21 13:59:54,090 - position: [ 0.45530164 -1.22606933  0.47713587]
2026-01-21 13:59:54,380 - position: [ 0.45530164 -1.22606933  0.47713587]
2026-01-21 13:59:54,611 - position: [ 0.45530164 -1.22606933  0.47713587]
2026-01-21 13:59:54,868 - position: [ 0.45530164 -1.22606933  0.47713587]
2026-01-21 13:59:55,136 - position: [ 0.45530164 -1.22606933  0.47713587]
2026-01-21 13:59:55,387 - position: [ 0.35372531 -1.30559957  0.77175105]
2026-01-21 13:59:55,615 - position: [ 0.30443791 -1.16347349  0.25496221]
2026-01-21 13:59:55,823 - position: [ 0.18509725 -1.19982624  0.16924392]
2026-01-21 13:59:56,040 - position: [ 0.11895174 -1.28672779  0.14409766]
2026-01-21 13:59:56,280 - position: [ 0.13358296 -1.29501092  0.15256143]
2026-01-21 13:59:56,490 - position: [ 0.14646266 -1.30097961  0.17704986]
2026-01-21 13:59:56,724 - position: [ 0.15875322 -1.27269614  0.21803248]
2026-01-21 13:59:56,925 - position: [ 0.15989639 -1.26446342  0.23074944]
2026-01-21 13:59:57,154 - position: [ 0.17351736 -1.26216578  0.23602451]
2026-01-21 13:59:57,435 - position: [ 0.16791424 -1.2486279   0.25515473]
2026-01-21 13:59:57,680 - position: [ 0.15956379 -1.26479411  0.23521163]
2026-01-21 13:59:57,933 - position: [ 0.17113593 -1.25885713  0.26403272]
2026-01-21 13:59:58,155 - position: [ 0.16301855 -1.26202977  0.22632641]
2026-01-21 13:59:58,421 - position: [ 0.16253343 -1.26480472  0.23806018]
2026-01-21 13:59:58,662 - position: [ 0.16829041 -1.26550388  0.25394568]
2026-01-21 13:59:58,887 - position: [ 0.14123276 -1.27428138  0.22301072]
2026-01-21 13:59:59,159 - position: [ 0.13711862 -1.26089585  0.24492159]
2026-01-21 13:59:59,480 - position: [ 0.13122217 -1.27881432  0.18222219]
2026-01-21 13:59:59,716 - position: [ 0.13142045 -1.28421402  0.17967403]
2026-01-21 13:59:59,999 - position: [ 0.13381557 -1.2880919   0.17683674]
2026-01-21 14:00:00,394 - position: [ 0.13289098 -1.28423119  0.18314092]
2026-01-21 14:00:00,661 - position: [ 0.13674332 -1.28537905  0.17819674]
2026-01-21 14:00:00,900 - position: [ 0.13830225 -1.28448212  0.17396088]
2026-01-21 14:00:01,108 - position: [ 0.13800678 -1.28380048  0.17510045]
2026-01-21 14:00:01,382 - position: [ 0.14004776 -1.28613114  0.17498262]
2026-01-21 14:00:01,605 - position: [ 0.14050576 -1.28594685  0.17433454]
2026-01-21 14:00:01,823 - position: [ 0.13693124 -1.28357887  0.17068063]
2026-01-21 14:00:02,143 - position: [ 0.13887829 -1.28847885  0.17078221]
2026-01-21 14:00:02,363 - position: [ 0.13303116 -1.28813362  0.17224485]
2026-01-21 14:00:02,573 - position: [ 0.1327616  -1.28958642  0.17532344]
2026-01-21 14:00:02,805 - position: [ 0.13658357 -1.28868425  0.179958  ]
2026-01-21 14:00:03,034 - position: [ 0.13649666 -1.28869617  0.1799515 ]
2026-01-21 14:00:03,244 - position: [ 0.13426565 -1.28673804  0.17061274]
2026-01-21 14:00:03,448 - position: [ 0.13414697 -1.28715003  0.17064252]
2026-01-21 14:00:03,737 - position: [ 0.13382384 -1.28712511  0.17118251]
2026-01-21 14:00:04,088 - position: [ 0.13357337 -1.28702068  0.17109954]
2026-01-21 14:00:04,357 - position: [ 0.13337575 -1.28687727  0.17062883]
2026-01-21 14:00:04,590 - position: [ 0.13291463 -1.28661036  0.17012978]
2026-01-21 14:00:04,800 - position: [ 0.13310294 -1.28650331  0.16998167]
2026-01-21 14:00:05,037 - position: [ 0.13320446 -1.28671062  0.17042392]
2026-01-21 14:00:05,254 - position: [ 0.12379693 -1.28224373  0.19231457]
2026-01-21 14:00:05,487 - position: [ 0.12557986 -1.28405213  0.19500059]
2026-01-21 14:00:05,738 - position: [ 0.12418535 -1.28594553  0.19504763]
2026-01-21 14:00:05,981 - position: [ 0.12584493 -1.28919208  0.19426854]
2026-01-21 14:00:06,225 - position: [ 0.12797831 -1.28900981  0.18790017]
2026-01-21 14:00:06,458 - position: [ 0.13229269 -1.29247296  0.18685418]
2026-01-21 14:00:06,691 - position: [ 0.13061087 -1.29876935  0.20586917]
2026-01-21 14:00:06,919 - position: [ 0.13061087 -1.29876935  0.20586917]
2026-01-21 14:00:07,177 - position: [ 0.1303592  -1.30851221  0.18134196]
2026-01-21 14:00:07,410 - position: [ 0.1222655  -1.30984569  0.1812066 ]
2026-01-21 14:00:07,675 - position: [ 0.12020227 -1.31087089  0.18495294]
2026-01-21 14:00:07,917 - position: [ 0.11381784 -1.31696415  0.17581086]
2026-01-21 14:00:08,125 - position: [ 0.10717513 -1.32566607  0.16756982]
2026-01-21 14:00:08,339 - position: [ 0.10898704 -1.32383728  0.16410188]
2026-01-21 14:00:08,581 - position: [ 0.10924946 -1.31469584  0.17178129]
2026-01-21 14:00:08,804 - position: [ 0.12502511 -1.2783066   0.23534931]
2026-01-21 14:00:09,043 - position: [ 0.1263579  -1.28273904  0.21419854]
2026-01-21 14:00:09,256 - position: [ 0.12704228 -1.2859453   0.20106676]
2026-01-21 14:00:09,522 - position: [ 0.14377935 -1.27418745  0.20828716]
2026-01-21 14:00:09,748 - position: [ 0.1378779  -1.27977824  0.19283791]
2026-01-21 14:00:10,001 - position: [ 0.1365502  -1.28301823  0.18430525]
2026-01-21 14:00:10,254 - position: [ 0.13645481 -1.28357267  0.18428423]
2026-01-21 14:00:10,528 - position: [ 0.14082275 -1.27286696  0.19600296]
2026-01-21 14:00:10,847 - position: [ 0.15918116 -1.23318648  0.26415417]
2026-01-21 14:00:11,075 - position: [ 0.185238   -1.19035661  0.33402583]
2026-01-21 14:00:11,312 - position: [ 0.185238   -1.19035661  0.33402583]
2026-01-21 14:00:11,577 - position: [ 0.185238   -1.19035661  0.33402583]
2026-01-21 14:00:11,807 - position: [ 0.185238   -1.19035661  0.33402583]
2026-01-21 14:00:12,073 - position: [ 0.185238   -1.19035661  0.33402583]
2026-01-21 14:00:12,325 - position: [ 0.185238   -1.19035661  0.33402583]
2026-01-21 14:00:12,547 - position: [ 0.185238   -1.19035661  0.33402583]
2026-01-21 14:00:12,770 - position: [ 0.185238   -1.19035661  0.33402583]
2026-01-21 14:00:13,013 - position: [ 0.22136086 -1.53995597  0.85272777]
2026-01-21 14:00:13,264 - position: [ 0.23779379 -1.35117662  0.63341606]
2026-01-21 14:00:13,527 - position: [ 0.22581995 -1.24600506  0.23128407]
2026-01-21 14:00:13,784 - position: [ 0.14765745 -1.29560697  0.15005146]
2026-01-21 14:00:14,032 - position: [ 0.1729428  -1.27897787  0.16576283]
2026-01-21 14:00:14,314 - position: [ 0.19100413 -1.2949506   0.17511433]
2026-01-21 14:00:14,543 - position: [ 0.17462462 -1.30276597  0.16955788]
2026-01-21 14:00:14,769 - position: [ 0.17511781 -1.29937291  0.17427157]
2026-01-21 14:00:15,021 - position: [ 0.17964323 -1.3025347   0.17857051]
2026-01-21 14:00:15,274 - position: [ 0.17941594 -1.30346584  0.17745572]
2026-01-21 14:00:15,479 - position: [ 0.17941594 -1.30346584  0.17745572]
2026-01-21 14:00:15,696 - position: [ 0.15157115 -1.30246294  0.16664194]
2026-01-21 14:00:15,946 - position: [ 0.14590079 -1.2939465   0.16040054]
2026-01-21 14:00:16,243 - position: [ 0.13602312 -1.29703295  0.16065124]
2026-01-21 14:00:16,509 - position: [ 0.12861046 -1.30002558  0.16222718]
2026-01-21 14:00:16,768 - position: [ 0.12468863 -1.28697526  0.15949534]
2026-01-21 14:00:16,978 - position: [ 0.1261268  -1.28727794  0.1609143 ]
2026-01-21 14:00:17,235 - position: [ 0.12319657 -1.28606391  0.1726449 ]
2026-01-21 14:00:17,469 - position: [ 0.11649022 -1.28938186  0.16799772]
2026-01-21 14:00:17,694 - position: [ 0.11272223 -1.2905308   0.16722238]
2026-01-21 14:00:17,932 - position: [ 0.11284701 -1.29081845  0.16507113]
2026-01-21 14:00:18,175 - position: [ 0.11284701 -1.29081845  0.16507113]
2026-01-21 14:00:18,406 - position: [ 0.10748588 -1.29201686  0.16437837]
2026-01-21 14:00:18,729 - position: [ 0.11587574 -1.28651059  0.15553251]
2026-01-21 14:00:18,977 - position: [ 0.10959709 -1.28767264  0.15678579]
2026-01-21 14:00:19,214 - position: [ 0.11312943 -1.29170167  0.16428003]
2026-01-21 14:00:19,452 - position: [ 0.11555334 -1.29436135  0.16529121]
2026-01-21 14:00:19,716 - position: [ 0.10895679 -1.30308449  0.16489361]
2026-01-21 14:00:19,954 - position: [ 0.10407658 -1.30258238  0.16973612]
2026-01-21 14:00:20,239 - position: [ 0.11890054 -1.29671121  0.19182558]
2026-01-21 14:00:20,506 - position: [ 0.12051088 -1.30139709  0.18937586]
2026-01-21 14:00:20,766 - position: [ 0.10864016 -1.29400671  0.19133198]
2026-01-21 14:00:20,977 - position: [ 0.09742206 -1.3009907   0.18436667]
2026-01-21 14:00:21,196 - position: [ 0.08513831 -1.31039381  0.17121935]
2026-01-21 14:00:21,408 - position: [ 0.08513831 -1.31039381  0.17121935]
2026-01-21 14:00:21,654 - position: [ 0.03967017 -1.31580412  0.15723017]
2026-01-21 14:00:21,865 - position: [ 0.04640212 -1.3120743   0.1912452 ]
2026-01-21 14:00:22,091 - position: [ 0.06035809 -1.30250978  0.20768127]
2026-01-21 14:00:22,310 - position: [ 0.08806146 -1.29509485  0.15583025]
2026-01-21 14:00:22,527 - position: [ 0.08407067 -1.29131746  0.1430818 ]
2026-01-21 14:00:22,818 - position: [ 0.08244341 -1.28300548  0.13266578]
2026-01-21 14:00:23,035 - position: [ 0.07971551 -1.2826612   0.12810767]
2026-01-21 14:00:23,266 - position: [ 0.07982886 -1.28390121  0.13042176]
2026-01-21 14:00:23,532 - position: [ 0.07466164 -1.28454268  0.13502026]
2026-01-21 14:00:23,774 - position: [ 0.06096101 -1.29022563  0.14935036]
2026-01-21 14:00:24,065 - position: [ 0.05383652 -1.29370451  0.15337794]
2026-01-21 14:00:24,302 - position: [ 0.05323837 -1.29448032  0.15101865]
2026-01-21 14:00:24,539 - position: [ 0.04598227 -1.29743707  0.15211408]
2026-01-21 14:00:24,767 - position: [ 0.0453678  -1.29704678  0.15091211]
2026-01-21 14:00:25,079 - position: [ 0.06241272 -1.2894876   0.13886718]
2026-01-21 14:00:25,322 - position: [ 0.07604846 -1.28026879  0.1293592 ]
2026-01-21 14:00:25,555 - position: [ 0.06744067 -1.28825068  0.13314822]
2026-01-21 14:00:25,809 - position: [ 0.0675495  -1.28541434  0.13661289]
2026-01-21 14:00:26,082 - position: [ 0.069314   -1.28333938  0.13689424]
2026-01-21 14:00:26,368 - position: [ 0.06562752 -1.27930474  0.14417104]
2026-01-21 14:00:26,587 - position: [ 0.07627295 -1.2764256   0.13339448]
2026-01-21 14:00:26,840 - position: [ 0.07310937 -1.2777406   0.13278268]
2026-01-21 14:00:27,048 - position: [ 0.07334918 -1.28039944  0.13091654]
2026-01-21 14:00:27,290 - position: [ 0.07383651 -1.28064251  0.13127744]
2026-01-21 14:00:27,503 - position: [ 0.0729287  -1.28046393  0.13052222]
2026-01-21 14:00:27,714 - position: [ 0.07254678 -1.28009939  0.13005392]
2026-01-21 14:00:27,996 - position: [ 0.07247924 -1.27979529  0.12971127]
2026-01-21 14:00:28,372 - position: [ 0.07240561 -1.27979171  0.12955584]
2026-01-21 14:00:28,593 - position: [ 0.07389613 -1.27890718  0.13023701]
2026-01-21 14:00:28,827 - position: [ 0.07477747 -1.27807379  0.13036764]
2026-01-21 14:00:29,102 - position: [ 0.07493227 -1.27800071  0.1303208 ]
2026-01-21 14:00:29,342 - position: [ 0.07838488 -1.2764914   0.1302685 ]
2026-01-21 14:00:29,565 - position: [ 0.07427946 -1.27929342  0.13624819]
2026-01-21 14:00:29,859 - position: [ 0.07314576 -1.28051662  0.13841547]
2026-01-21 14:00:30,089 - position: [ 0.07582486 -1.27889276  0.1320103 ]
2026-01-21 14:00:30,340 - position: [ 0.06938247 -1.28175378  0.13167036]
2026-01-21 14:00:30,610 - position: [ 0.05574221 -1.2943238   0.14876974]
2026-01-21 14:00:30,851 - position: [ 0.05891828 -1.30220377  0.14670248]
2026-01-21 14:00:31,151 - position: [ 0.05448618 -1.31160569  0.14414996]
2026-01-21 14:00:31,446 - position: [ 0.04164252 -1.32825017  0.14968173]
2026-01-21 14:00:31,680 - position: [ 0.04771795 -1.32335567  0.13872802]
2026-01-21 14:00:31,900 - position: [ 0.04752042 -1.32344007  0.13887732]
2026-01-21 14:00:32,164 - position: [ 0.04599441 -1.31888866  0.13979778]
2026-01-21 14:00:32,407 - position: [ 0.04551169 -1.31251597  0.14757654]
2026-01-21 14:00:32,631 - position: [ 0.04792776 -1.30920947  0.14518134]
2026-01-21 14:00:32,848 - position: [ 0.04958256 -1.30647445  0.14273226]
2026-01-21 14:00:33,119 - position: [ 0.04933351 -1.30546129  0.13943076]
2026-01-21 14:00:33,361 - position: [ 0.03619309 -1.29543364  0.12022223]
2026-01-21 14:00:33,597 - position: [ 0.05042489 -1.28202605  0.1149692 ]
2026-01-21 14:00:33,848 - position: [ 0.04228193 -1.28776228  0.11613976]
2026-01-21 14:00:34,074 - position: [ 0.04570857 -1.28664708  0.11503679]
2026-01-21 14:00:34,291 - position: [ 0.0481404  -1.28592598  0.11377592]
2026-01-21 14:00:34,523 - position: [ 0.04802179 -1.2859863   0.11400473]
2026-01-21 14:00:34,746 - position: [ 0.04810274 -1.28599072  0.11369497]
2026-01-21 14:00:34,996 - position: [ 0.05187371 -1.28571188  0.10760196]
2026-01-21 14:00:35,238 - position: [ 0.05183137 -1.28566444  0.10768092]
2026-01-21 14:00:35,485 - position: [ 0.05169812 -1.28537655  0.10774903]
2026-01-21 14:00:35,728 - position: [ 0.05177069 -1.28536618  0.10798814]
2026-01-21 14:00:35,991 - position: [ 0.05177759 -1.28536975  0.10828046]
2026-01-21 14:00:36,231 - position: [ 0.05235812 -1.28540194  0.10875925]
2026-01-21 14:00:36,467 - position: [ 0.05312153 -1.28443336  0.10878485]
2026-01-21 14:00:36,707 - position: [ 0.05323756 -1.28433907  0.10902634]
2026-01-21 14:00:36,966 - position: [ 0.05323756 -1.28433907  0.10902634]
2026-01-21 14:00:37,198 - position: [ 0.0531573  -1.28453529  0.10889063]
2026-01-21 14:00:37,429 - position: [ 0.0533279  -1.28446901  0.1089785 ]
2026-01-21 14:00:37,664 - position: [ 0.05328152 -1.28444862  0.1090249 ]
2026-01-21 14:00:37,901 - position: [ 0.05279169 -1.28444946  0.10899994]
2026-01-21 14:00:38,154 - position: [ 0.05297939 -1.28406286  0.10832189]
2026-01-21 14:00:38,431 - position: [ 0.05273924 -1.2835288   0.10773233]
2026-01-21 14:00:38,656 - position: [ 0.05319942 -1.28434324  0.10723472]
2026-01-21 14:00:38,909 - position: [ 0.05311129 -1.28377318  0.10645139]
2026-01-21 14:00:39,120 - position: [ 0.05208543 -1.28404784  0.106688  ]
2026-01-21 14:00:39,327 - position: [ 0.04894647 -1.28384948  0.11039756]
2026-01-21 14:00:39,541 - position: [ 0.0486382  -1.28386211  0.1113494 ]
2026-01-21 14:00:39,775 - position: [ 0.04670772 -1.28428948  0.11176167]
2026-01-21 14:00:40,020 - position: [ 0.04571456 -1.28431451  0.11116967]
2026-01-21 14:00:40,249 - position: [ 0.04564417 -1.28423381  0.11120909]
2026-01-21 14:00:40,474 - position: [ 0.04572198 -1.28408134  0.11109072]
2026-01-21 14:00:40,752 - position: [ 0.04598802 -1.28352416  0.1103175 ]
2026-01-21 14:00:40,960 - position: [ 0.04619351 -1.28341126  0.10975972]
2026-01-21 14:00:41,173 - position: [ 0.04635583 -1.28348899  0.10971228]
2026-01-21 14:00:41,526 - position: [ 0.27153194 -1.21378887  0.32750168]
2026-01-21 14:00:41,766 - position: [ 0.39109039 -1.26883185  0.37287048]
2026-01-21 14:00:41,980 - position: [ 0.42507347 -1.32730699  0.34476259]
2026-01-21 14:00:42,244 - position: [ 0.43815148 -1.35828757  0.33603644]
2026-01-21 14:00:42,483 - position: [ 0.49292907 -1.36299443  0.34697926]
2026-01-21 14:00:42,697 - position: [ 0.49292907 -1.36299443  0.34697926]
2026-01-21 14:00:42,923 - position: [ 0.49292907 -1.36299443  0.34697926]
2026-01-21 14:00:43,206 - position: [ 0.49292907 -1.36299443  0.34697926]
2026-01-21 14:00:43,413 - position: [ 0.49292907 -1.36299443  0.34697926]
2026-01-21 14:00:43,619 - position: [ 0.49292907 -1.36299443  0.34697926]
2026-01-21 14:00:43,846 - position: [ 0.49292907 -1.36299443  0.34697926]
2026-01-21 14:00:44,092 - position: [ 0.49292907 -1.36299443  0.34697926]
2026-01-21 14:00:44,346 - position: [ 0.49292907 -1.36299443  0.34697926]
2026-01-21 14:00:44,570 - position: [ 0.29374453 -1.46116626  0.69193232]
2026-01-21 14:00:44,785 - position: [ 0.30109355 -1.27584493  0.39672282]
2026-01-21 14:00:45,034 - position: [ 0.13599031 -1.22762847  0.1521782 ]
2026-01-21 14:00:45,265 - position: [ 0.12676929 -1.24065268  0.17668054]
2026-01-21 14:00:45,512 - position: [ 0.16577439 -1.24375808  0.18787663]
2026-01-21 14:00:45,758 - position: [ 0.1512398  -1.24332404  0.18995066]
2026-01-21 14:00:46,018 - position: [ 0.13996686 -1.25321472  0.18410504]
2026-01-21 14:00:46,272 - position: [ 0.12182548 -1.26589298  0.17900389]
2026-01-21 14:00:46,491 - position: [ 0.12811191 -1.2645843   0.19974981]
2026-01-21 14:00:46,753 - position: [ 0.12450012 -1.26910675  0.21261366]
2026-01-21 14:00:47,029 - position: [ 0.12935595 -1.26694655  0.20698637]
2026-01-21 14:00:47,275 - position: [ 0.13666289 -1.26123488  0.19473965]
2026-01-21 14:00:47,503 - position: [ 0.12777504 -1.27128959  0.17845412]
2026-01-21 14:00:47,800 - position: [ 0.14464733 -1.25588691  0.18637399]
2026-01-21 14:00:48,052 - position: [ 0.13114777 -1.26102245  0.17809483]
2026-01-21 14:00:48,316 - position: [ 0.1306802  -1.26266062  0.17515405]
2026-01-21 14:00:48,545 - position: [ 0.13020669 -1.26164973  0.17636104]
2026-01-21 14:00:48,818 - position: [ 0.13036625 -1.2625463   0.17637154]
2026-01-21 14:00:49,025 - position: [ 0.13116299 -1.26245081  0.17650427]
2026-01-21 14:00:49,282 - position: [ 0.13118885 -1.26189971  0.17432407]
2026-01-21 14:00:49,484 - position: [ 0.13065118 -1.26191759  0.17122364]
2026-01-21 14:00:49,694 - position: [ 0.12698741 -1.26406407  0.16607219]
2026-01-21 14:00:49,924 - position: [ 0.13052213 -1.26531911  0.16696282]
2026-01-21 14:00:50,137 - position: [ 0.13024288 -1.26540649  0.1670554 ]
2026-01-21 14:00:50,404 - position: [ 0.12672584 -1.26302826  0.17151235]
2026-01-21 14:00:50,638 - position: [ 0.13142979 -1.26482034  0.17013898]
2026-01-21 14:00:50,866 - position: [ 0.13271633 -1.26975667  0.17506653]
2026-01-21 14:00:51,156 - position: [ 0.13073936 -1.27716196  0.18780026]
2026-01-21 14:00:51,419 - position: [ 0.12481751 -1.28326178  0.2004005 ]
2026-01-21 14:00:51,640 - position: [ 0.126845   -1.28121042  0.20530643]
2026-01-21 14:00:51,857 - position: [ 0.13231868 -1.27367961  0.19899467]
2026-01-21 14:00:52,097 - position: [ 0.13193506 -1.2721771   0.19265717]
2026-01-21 14:00:52,326 - position: [ 0.14811176 -1.26842952  0.20527112]
2026-01-21 14:00:52,542 - position: [ 0.14861931 -1.27414632  0.19957253]
2026-01-21 14:00:52,804 - position: [ 0.13723315 -1.27528751  0.20831667]
2026-01-21 14:00:53,023 - position: [ 0.15188971 -1.26972282  0.19469185]
2026-01-21 14:00:53,228 - position: [ 0.1487889  -1.26504576  0.19213329]
2026-01-21 14:00:53,448 - position: [ 0.1463647  -1.26496065  0.19255587]
2026-01-21 14:00:53,708 - position: [ 0.14221698 -1.26667774  0.18567416]
2026-01-21 14:00:53,935 - position: [ 0.14042144 -1.2675519   0.18285817]
2026-01-21 14:00:54,201 - position: [ 0.12870558 -1.27417123  0.21233968]
2026-01-21 14:00:54,431 - position: [ 0.10724407 -1.28230405  0.21517335]
2026-01-21 14:00:54,646 - position: [ 0.11393562 -1.28063846  0.18971665]
2026-01-21 14:00:54,882 - position: [ 0.12000882 -1.27536869  0.17693333]
2026-01-21 14:00:55,108 - position: [ 0.12036394 -1.2751087   0.1801603 ]
2026-01-21 14:00:55,397 - position: [ 0.11928529 -1.27266383  0.17823376]
2026-01-21 14:00:55,621 - position: [ 0.10843296 -1.28034008  0.16389069]
2026-01-21 14:00:55,863 - position: [ 0.10460465 -1.28714442  0.14949651]
2026-01-21 14:00:56,077 - position: [ 0.10423545 -1.27894831  0.14884825]
2026-01-21 14:00:56,330 - position: [ 0.09139533 -1.27499437  0.13470738]
2026-01-21 14:00:56,575 - position: [ 0.09004859 -1.26767182  0.13641611]
2026-01-21 14:00:56,835 - position: [ 0.09104335 -1.26700568  0.13085432]
2026-01-21 14:00:57,073 - position: [ 0.09083894 -1.26746619  0.12632437]
2026-01-21 14:00:57,297 - position: [ 0.09195435 -1.26878214  0.1202452 ]
2026-01-21 14:00:57,515 - position: [ 0.09845154 -1.27138102  0.11595799]
2026-01-21 14:00:57,754 - position: [ 0.10277438 -1.27170312  0.11694594]
2026-01-21 14:00:58,021 - position: [ 0.10141274 -1.26850092  0.11898825]
2026-01-21 14:00:58,256 - position: [ 0.09708457 -1.2651329   0.12336632]
2026-01-21 14:00:58,585 - position: [ 0.09471291 -1.26499557  0.1251207 ]
2026-01-21 14:00:58,826 - position: [ 0.09581298 -1.26616812  0.12069222]
2026-01-21 14:00:59,066 - position: [ 0.0948514  -1.2643317   0.12505463]
2026-01-21 14:00:59,313 - position: [ 0.09402268 -1.26414633  0.12316586]
2026-01-21 14:00:59,573 - position: [ 0.09470739 -1.26350033  0.12429804]
2026-01-21 14:00:59,794 - position: [ 0.09766965 -1.26194763  0.12613997]
2026-01-21 14:01:00,008 - position: [ 0.09978327 -1.26018822  0.12857765]
2026-01-21 14:01:00,232 - position: [ 0.09972236 -1.26040399  0.12803191]
2026-01-21 14:01:00,481 - position: [ 0.09641204 -1.26233983  0.12384448]
2026-01-21 14:01:00,716 - position: [ 0.09509905 -1.26269913  0.12248454]
2026-01-21 14:01:00,981 - position: [ 0.09354926 -1.26491725  0.12157134]
2026-01-21 14:01:01,227 - position: [ 0.09210287 -1.26407182  0.12377691]
2026-01-21 14:01:01,481 - position: [ 0.09136745 -1.26316595  0.12315283]
2026-01-21 14:01:01,742 - position: [ 0.09107067 -1.26308322  0.12276122]
2026-01-21 14:01:01,958 - position: [ 0.0906285  -1.26319277  0.1219842 ]
2026-01-21 14:01:02,250 - position: [ 0.08849289 -1.26386702  0.1226524 ]
2026-01-21 14:01:02,473 - position: [ 0.08886238 -1.26378119  0.12273365]
2026-01-21 14:01:02,711 - position: [ 0.09507225 -1.25971293  0.12534076]
2026-01-21 14:01:02,984 - position: [ 0.09271564 -1.25749815  0.12571257]
2026-01-21 14:01:03,203 - position: [ 0.0875212  -1.26227617  0.13445224]
2026-01-21 14:01:03,450 - position: [ 0.09211165 -1.26777935  0.1322936 ]
2026-01-21 14:01:03,656 - position: [ 0.08276801 -1.26842558  0.13277553]
2026-01-21 14:01:03,891 - position: [ 0.07584161 -1.26522171  0.13398488]
2026-01-21 14:01:04,109 - position: [ 0.07631234 -1.27129149  0.11769582]
2026-01-21 14:01:04,351 - position: [ 0.05226557 -1.26509786  0.14497744]
2026-01-21 14:01:04,602 - position: [ 0.03843921 -1.28105366  0.13599247]
2026-01-21 14:01:04,817 - position: [ 0.03127341 -1.28469324  0.13872682]
2026-01-21 14:01:05,042 - position: [ 0.03300527 -1.28365052  0.13504219]
2026-01-21 14:01:05,316 - position: [ 0.05274091 -1.27189958  0.11688855]
2026-01-21 14:01:05,550 - position: [ 0.05388734 -1.2719475   0.11591184]
2026-01-21 14:01:05,777 - position: [ 0.05356495 -1.27224684  0.11778163]
2026-01-21 14:01:06,042 - position: [ 0.05595569 -1.2717669   0.11584756]
2026-01-21 14:01:06,270 - position: [ 0.06174462 -1.27060008  0.11343987]
2026-01-21 14:01:06,475 - position: [ 0.06482793 -1.2693615   0.11354686]
2026-01-21 14:01:06,699 - position: [ 0.06632591 -1.26811802  0.11309223]
2026-01-21 14:01:06,959 - position: [ 0.07243    -1.26300097  0.11186753]
2026-01-21 14:01:07,196 - position: [ 0.0669221  -1.26757002  0.10982196]
2026-01-21 14:01:07,415 - position: [ 0.06663967 -1.26756573  0.1100419 ]
2026-01-21 14:01:07,629 - position: [ 0.06661936 -1.26772487  0.11002211]
2026-01-21 14:01:07,840 - position: [ 0.06637235 -1.26787746  0.10972118]
2026-01-21 14:01:08,054 - position: [ 0.06636455 -1.26813722  0.10938389]
2026-01-21 14:01:08,296 - position: [ 0.06625983 -1.26796329  0.10953236]
2026-01-21 14:01:08,505 - position: [ 0.06644063 -1.26791763  0.10923274]
2026-01-21 14:01:08,718 - position: [ 0.06677727 -1.26797712  0.10898106]
2026-01-21 14:01:08,932 - position: [ 0.06677727 -1.26797712  0.10898106]
2026-01-21 14:01:09,153 - position: [ 0.0675222  -1.26818931  0.10815565]
2026-01-21 14:01:09,394 - position: [ 0.06821419 -1.26816869  0.10778461]
2026-01-21 14:01:09,649 - position: [ 0.06843723 -1.26792467  0.10788479]
2026-01-21 14:01:09,903 - position: [ 0.06824943 -1.26804566  0.10841899]
2026-01-21 14:01:10,148 - position: [ 0.06810522 -1.26835632  0.10929363]
2026-01-21 14:01:10,400 - position: [ 0.06768683 -1.26847172  0.10945921]
2026-01-21 14:01:10,624 - position: [ 0.06693472 -1.26840496  0.11024794]
2026-01-21 14:01:10,854 - position: [ 0.06691052 -1.26849902  0.11086129]
2026-01-21 14:01:11,076 - position: [ 0.0673689  -1.26888788  0.11088783]
2026-01-21 14:01:11,375 - position: [ 0.06759227 -1.26813471  0.11118495]
2026-01-21 14:01:11,611 - position: [ 0.06831395 -1.26790822  0.11142693]
2026-01-21 14:01:11,842 - position: [ 0.07217108 -1.26679575  0.11176901]
2026-01-21 14:01:12,125 - position: [ 0.07405923 -1.2651912   0.11245932]
2026-01-21 14:01:12,349 - position: [ 0.07251357 -1.26704288  0.11183312]
2026-01-21 14:01:12,589 - position: [ 0.07244148 -1.26818419  0.11294049]
2026-01-21 14:01:12,816 - position: [ 0.07572667 -1.26416337  0.11773068]
2026-01-21 14:01:13,020 - position: [ 0.07303404 -1.26534796  0.11669664]
2026-01-21 14:01:13,239 - position: [ 0.06776711 -1.26285231  0.13338843]
2026-01-21 14:01:13,441 - position: [ 0.06923118 -1.26321387  0.12874287]
2026-01-21 14:01:13,653 - position: [ 0.06372992 -1.26563454  0.1271898 ]
2026-01-21 14:01:13,901 - position: [ 0.06560428 -1.26966572  0.12576669]
2026-01-21 14:01:14,115 - position: [ 0.07012705 -1.27537322  0.13342175]
2026-01-21 14:01:14,416 - position: [ 0.06960437 -1.28742397  0.12818281]
2026-01-21 14:01:14,650 - position: [ 0.05823559 -1.3021313   0.12877129]
2026-01-21 14:01:14,929 - position: [ 0.07028813 -1.29084742  0.12943676]
2026-01-21 14:01:15,169 - position: [ 0.06323141 -1.2850517   0.12434205]
2026-01-21 14:01:15,375 - position: [ 0.06858747 -1.26882291  0.14197959]
2026-01-21 14:01:15,584 - position: [ 0.08251289 -1.26139593  0.14660521]
2026-01-21 14:01:15,847 - position: [ 0.09492484 -1.25732565  0.16120158]
2026-01-21 14:01:16,064 - position: [ 0.09148247 -1.26268375  0.14426181]
2026-01-21 14:01:16,337 - position: [ 0.08696469 -1.26315486  0.14611059]
2026-01-21 14:01:16,562 - position: [ 0.08648112 -1.26457632  0.1457157 ]
2026-01-21 14:01:16,814 - position: [ 0.06979474 -1.26823235  0.11245233]
2026-01-21 14:01:17,030 - position: [ 0.07576031 -1.26780546  0.09656749]
2026-01-21 14:01:17,264 - position: [ 0.07462254 -1.26876402  0.09168369]
2026-01-21 14:01:17,467 - position: [ 0.07464697 -1.26748145  0.08907272]
2026-01-21 14:01:17,697 - position: [ 0.07023233 -1.26734555  0.0804169 ]
2026-01-21 14:01:17,945 - position: [ 0.08086158 -1.27267921  0.08405957]
2026-01-21 14:01:18,162 - position: [ 0.08101593 -1.2763133   0.09441024]
2026-01-21 14:01:18,385 - position: [ 0.07063502 -1.28243411  0.08849891]
2026-01-21 14:01:18,615 - position: [ 0.07510837 -1.27725554  0.08427762]
2026-01-21 14:01:18,842 - position: [ 0.06806522 -1.27724266  0.08377308]
2026-01-21 14:01:19,085 - position: [ 0.07430453 -1.27607     0.08123063]
2026-01-21 14:01:19,327 - position: [ 0.07417104 -1.27629042  0.08535843]
2026-01-21 14:01:19,555 - position: [ 0.06975868 -1.27758086  0.08529015]
2026-01-21 14:01:19,792 - position: [ 0.06386001 -1.27751184  0.08518998]
2026-01-21 14:01:20,103 - position: [ 0.06177093 -1.27950072  0.08785701]
2026-01-21 14:01:20,311 - position: [ 0.0620362  -1.27829647  0.08855061]
2026-01-21 14:01:20,588 - position: [ 0.06387547 -1.27705097  0.08617356]
2026-01-21 14:01:20,791 - position: [ 0.06472237 -1.2773211   0.08596503]
2026-01-21 14:01:20,998 - position: [ 0.0647949  -1.27606297  0.08573876]
2026-01-21 14:01:21,236 - position: [ 0.06650239 -1.27490926  0.08356445]
2026-01-21 14:01:21,457 - position: [ 0.06650239 -1.27490926  0.08356445]
2026-01-21 14:01:21,684 - position: [ 0.06670918 -1.27451324  0.08353376]
2026-01-21 14:01:21,900 - position: [ 0.06642514 -1.274719    0.08360751]
2026-01-21 14:01:22,144 - position: [ 0.06647215 -1.27469575  0.08322999]
2026-01-21 14:01:22,414 - position: [ 0.06653899 -1.27431512  0.08323783]
2026-01-21 14:01:22,631 - position: [ 0.06727881 -1.27308798  0.08257067]
2026-01-21 14:01:22,856 - position: [ 0.06763848 -1.27271199  0.08207511]
2026-01-21 14:01:23,088 - position: [ 0.06857559 -1.27244318  0.08219203]
2026-01-21 14:01:23,296 - position: [ 0.06602145 -1.27432263  0.08293159]
2026-01-21 14:01:23,514 - position: [ 0.07237734 -1.26912713  0.07713872]
2026-01-21 14:01:23,734 - position: [ 0.0693401  -1.26652312  0.07989899]
2026-01-21 14:01:24,025 - position: [ 0.06910233 -1.26705241  0.08130971]
2026-01-21 14:01:24,249 - position: [ 0.06932921 -1.26697826  0.08030113]
2026-01-21 14:01:24,461 - position: [ 0.06581511 -1.26638246  0.09426157]
2026-01-21 14:01:24,672 - position: [ 0.07132752 -1.26292527  0.13055308]
2026-01-21 14:01:24,900 - position: [ 0.09051924 -1.25802433  0.15359363]
2026-01-21 14:01:25,110 - position: [ 0.14697234 -1.28299236  0.15908918]
2026-01-21 14:01:25,364 - position: [ 0.12562254 -1.27818799  0.14208412]
2026-01-21 14:01:25,673 - position: [ 0.1171605  -1.27532017  0.14011639]
2026-01-21 14:01:25,946 - position: [ 0.11276457 -1.27183163  0.12824297]
2026-01-21 14:01:26,201 - position: [ 0.11245701 -1.27166235  0.1292423 ]
2026-01-21 14:01:26,436 - position: [ 0.1123046  -1.27157545  0.12951383]
2026-01-21 14:01:26,665 - position: [ 0.11200324 -1.27154052  0.12973696]
2026-01-21 14:01:26,925 - position: [ 0.11234564 -1.27178419  0.1294865 ]
2026-01-21 14:01:27,185 - position: [ 0.11284454 -1.27261424  0.12899846]
2026-01-21 14:01:27,413 - position: [ 0.11293329 -1.27259123  0.12889677]
2026-01-21 14:01:27,623 - position: [ 0.11545064 -1.27309513  0.12778614]
2026-01-21 14:01:27,849 - position: [ 0.11939882 -1.27329206  0.12977751]
2026-01-21 14:01:28,054 - position: [ 0.12149737 -1.27619314  0.12864408]
2026-01-21 14:01:28,287 - position: [ 0.19941998 -1.23935986  0.2813006 ]
2026-01-21 14:01:28,543 - position: [ 0.37221301 -1.41575158  0.80325103]
2026-01-21 14:01:28,773 - position: [ 0.37221301 -1.41575158  0.80325103]
2026-01-21 14:01:29,044 - position: [ 0.37221301 -1.41575158  0.80325103]
2026-01-21 14:01:29,263 - position: [ 0.37221301 -1.41575158  0.80325103]
2026-01-21 14:01:29,527 - position: [ 0.37221301 -1.41575158  0.80325103]
2026-01-21 14:01:29,764 - position: [ 0.37221301 -1.41575158  0.80325103]
2026-01-21 14:01:30,013 - position: [ 0.37221301 -1.41575158  0.80325103]
2026-01-21 14:01:30,247 - position: [ 0.37221301 -1.41575158  0.80325103]
2026-01-21 14:01:30,466 - position: [ 0.25279146 -1.47706139  0.85159785]
2026-01-21 14:01:30,745 - position: [ 0.23669623 -1.19747055  0.35881895]
2026-01-21 14:01:31,003 - position: [ 0.07690267 -1.28792393  0.15282881]
2026-01-21 14:01:31,226 - position: [ 0.06353253 -1.29648924  0.14671293]
2026-01-21 14:01:31,437 - position: [ 0.06353253 -1.29648924  0.14671293]
2026-01-21 14:01:31,696 - position: [ 0.06081338 -1.29122424  0.13381745]
2026-01-21 14:01:31,920 - position: [ 0.06347719 -1.29228663  0.13715498]
2026-01-21 14:01:32,192 - position: [ 0.0626665  -1.29277146  0.13804094]
2026-01-21 14:01:32,413 - position: [ 0.0657919  -1.29782891  0.14290871]
2026-01-21 14:01:32,639 - position: [ 0.06886613 -1.28887749  0.15003024]
2026-01-21 14:01:32,874 - position: [ 0.0676426  -1.29645514  0.14158103]
2026-01-21 14:01:33,084 - position: [ 0.0666277  -1.29691577  0.14248277]
2026-01-21 14:01:33,309 - position: [ 0.06846012 -1.29473794  0.14666839]
2026-01-21 14:01:33,570 - position: [ 0.06976462 -1.29281223  0.14933178]
2026-01-21 14:01:33,805 - position: [ 0.08634093 -1.28341305  0.16620229]
2026-01-21 14:01:34,027 - position: [ 0.11336771 -1.26373172  0.18883088]
2026-01-21 14:01:34,253 - position: [ 0.12959027 -1.25790906  0.18479501]
2026-01-21 14:01:34,466 - position: [ 0.18388815 -1.23649299  0.23338887]
2026-01-21 14:01:34,707 - position: [ 0.39285403 -1.26909864  0.40637377]
2026-01-21 14:01:34,977 - position: [ 0.39285403 -1.26909864  0.40637377]
2026-01-21 14:01:35,189 - position: [ 0.39285403 -1.26909864  0.40637377]
2026-01-21 14:01:35,417 - position: [ 0.265086   -1.55534303  0.64296156]
2026-01-21 14:01:35,645 - position: [ 0.26942909 -1.54825497  0.64118689]
2026-01-21 14:01:35,902 - position: [ 0.26942909 -1.54825497  0.64118689]
2026-01-21 14:01:36,106 - position: [ 0.19012026 -1.30674016  0.17623128]
2026-01-21 14:01:36,317 - position: [ 0.19192122 -1.30504143  0.17920807]
2026-01-21 14:01:36,546 - position: [ 0.19141136 -1.30521834  0.18219002]
2026-01-21 14:01:36,783 - position: [ 0.19968443 -1.29930317  0.18813279]
2026-01-21 14:01:37,052 - position: [ 0.19118895 -1.29736066  0.17935754]
2026-01-21 14:01:37,275 - position: [ 0.18404655 -1.30369043  0.16344984]
2026-01-21 14:01:37,513 - position: [ 0.18162179 -1.30891395  0.15705664]
2026-01-21 14:01:37,731 - position: [ 0.17992511 -1.31213689  0.15685052]
2026-01-21 14:01:37,950 - position: [ 0.17958051 -1.31005728  0.15498964]
2026-01-21 14:01:38,186 - position: [ 0.18107784 -1.30662394  0.15246053]
2026-01-21 14:01:38,422 - position: [ 0.17985478 -1.30321527  0.15145762]
2026-01-21 14:01:38,645 - position: [ 0.17932375 -1.30196106  0.15179379]
2026-01-21 14:01:38,890 - position: [ 0.17667164 -1.30243647  0.15424149]
2026-01-21 14:01:39,123 - position: [ 0.17626134 -1.30244112  0.15543225]
2026-01-21 14:01:39,328 - position: [ 0.17493358 -1.3018316   0.1523966 ]
2026-01-21 14:01:39,581 - position: [ 0.17493358 -1.3018316   0.1523966 ]
2026-01-21 14:01:39,839 - position: [ 0.16747627 -1.30342364  0.14975339]
2026-01-21 14:01:40,118 - position: [ 0.16637522 -1.302127    0.15019061]
2026-01-21 14:01:40,335 - position: [ 0.16527255 -1.30017996  0.15020655]
2026-01-21 14:01:40,561 - position: [ 0.16504927 -1.30004907  0.14975488]
2026-01-21 14:01:40,836 - position: [ 0.16490923 -1.30045295  0.14936456]
2026-01-21 14:01:41,070 - position: [ 0.16476081 -1.3005805   0.14927834]
2026-01-21 14:01:41,272 - position: [ 0.16476081 -1.3005805   0.14927834]
2026-01-21 14:01:41,536 - position: [ 0.16476081 -1.3005805   0.14927834]
2026-01-21 14:01:41,795 - position: [ 0.16589186 -1.3056339   0.14954324]
2026-01-21 14:01:42,041 - position: [ 0.16380873 -1.30564165  0.14790769]
2026-01-21 14:01:42,339 - position: [ 0.16340767 -1.30481219  0.14627825]
2026-01-21 14:01:42,578 - position: [ 0.16310804 -1.30435133  0.14581247]
2026-01-21 14:01:42,857 - position: [ 0.16357775 -1.30448115  0.14597568]
2026-01-21 14:01:43,144 - position: [ 0.16855474 -1.30533516  0.14434519]
2026-01-21 14:01:43,389 - position: [ 0.16834523 -1.30663276  0.14561322]
2026-01-21 14:01:43,646 - position: [ 0.16861644 -1.30751598  0.1459503 ]
2026-01-21 14:01:43,884 - position: [ 0.16317335 -1.30707252  0.14928022]
2026-01-21 14:01:44,105 - position: [ 0.14931881 -1.31528485  0.16838513]
2026-01-21 14:01:44,335 - position: [ 0.14280248 -1.32045102  0.17496154]
2026-01-21 14:01:44,574 - position: [ 0.14768985 -1.32386565  0.18218778]
2026-01-21 14:01:44,788 - position: [ 0.15414871 -1.31944013  0.18606314]
2026-01-21 14:01:45,015 - position: [ 0.15418439 -1.31971443  0.1860055 ]
2026-01-21 14:01:45,273 - position: [ 0.1561158  -1.31795692  0.18422395]
2026-01-21 14:01:45,495 - position: [ 0.16075203 -1.318331    0.18697712]
2026-01-21 14:01:45,743 - position: [ 0.16066919 -1.31957698  0.18777935]
2026-01-21 14:01:45,989 - position: [ 0.15882213 -1.32243752  0.19149701]
2026-01-21 14:01:46,217 - position: [ 0.15847722 -1.32371199  0.19431593]
2026-01-21 14:01:46,443 - position: [ 0.157024   -1.3240571   0.19769485]
2026-01-21 14:01:46,716 - position: [ 0.15306279 -1.31634247  0.1678711 ]
2026-01-21 14:01:46,986 - position: [ 0.15243869 -1.30647647  0.15439796]
2026-01-21 14:01:47,207 - position: [ 0.15831591 -1.30491054  0.15080445]
2026-01-21 14:01:47,454 - position: [ 0.16306368 -1.30110288  0.14265925]
2026-01-21 14:01:47,661 - position: [ 0.16597494 -1.30055666  0.13843609]
2026-01-21 14:01:47,893 - position: [ 0.16185196 -1.29987657  0.13739012]
2026-01-21 14:01:48,121 - position: [ 0.15166345 -1.29839134  0.14215353]
2026-01-21 14:01:48,395 - position: [ 0.14227107 -1.30851388  0.14476372]
2026-01-21 14:01:48,628 - position: [ 0.13587265 -1.29637182  0.12771004]
2026-01-21 14:01:48,842 - position: [ 0.14019297 -1.29728746  0.1319693 ]
2026-01-21 14:01:49,056 - position: [ 0.14019297 -1.29728746  0.1319693 ]
2026-01-21 14:01:49,276 - position: [ 0.12846734 -1.29709959  0.13319696]
2026-01-21 14:01:49,600 - position: [ 0.13527708 -1.29442525  0.13621198]
2026-01-21 14:01:49,811 - position: [ 0.18032706 -1.27520621  0.1733132 ]
2026-01-21 14:01:50,091 - position: [ 0.17756687 -1.28239703  0.16938329]
2026-01-21 14:01:50,361 - position: [ 0.17578261 -1.28038132  0.16872028]
2026-01-21 14:01:50,599 - position: [ 0.16618659 -1.27685773  0.17199263]
2026-01-21 14:01:50,822 - position: [ 0.14975438 -1.28118789  0.16581593]
2026-01-21 14:01:51,070 - position: [ 0.15451409 -1.28090453  0.1554738 ]
2026-01-21 14:01:51,293 - position: [ 0.15747678 -1.27802992  0.15786186]
2026-01-21 14:01:51,526 - position: [ 0.15760963 -1.2773205   0.15740795]
2026-01-21 14:01:51,772 - position: [ 0.15760963 -1.2773205   0.15740795]
2026-01-21 14:01:51,991 - position: [ 0.12934636 -1.28663969  0.1726307 ]
2026-01-21 14:01:52,232 - position: [ 0.12752996 -1.2879796   0.17523788]
2026-01-21 14:01:52,439 - position: [ 0.12704983 -1.28846526  0.17478327]
2026-01-21 14:01:52,674 - position: [ 0.12439083 -1.28906929  0.17527904]
2026-01-21 14:01:52,885 - position: [ 0.12460043 -1.28907299  0.17546143]
2026-01-21 14:01:53,172 - position: [ 0.12499829 -1.28920197  0.17417455]
2026-01-21 14:01:53,383 - position: [ 0.12498926 -1.28893113  0.17451364]
2026-01-21 14:01:53,684 - position: [ 0.12507653 -1.28832638  0.17440283]
2026-01-21 14:01:53,897 - position: [ 0.12430912 -1.28615177  0.17585059]
2026-01-21 14:01:54,130 - position: [ 0.12457931 -1.28552377  0.17729767]
2026-01-21 14:01:54,359 - position: [ 0.1267152  -1.28423822  0.1774648 ]
2026-01-21 14:01:54,602 - position: [ 0.12707703 -1.28344929  0.1760574 ]
2026-01-21 14:01:54,840 - position: [ 0.1271413  -1.28236747  0.17763609]
2026-01-21 14:01:55,059 - position: [ 0.12700468 -1.2815305   0.17911702]
2026-01-21 14:01:55,306 - position: [ 0.12616754 -1.28195131  0.17785898]
2026-01-21 14:01:55,536 - position: [ 0.1324731  -1.2781719   0.17311341]
2026-01-21 14:01:55,748 - position: [ 0.13420697 -1.27628708  0.17043397]
2026-01-21 14:01:55,979 - position: [ 0.13827622 -1.27493703  0.16467623]
2026-01-21 14:01:56,203 - position: [ 0.13899356 -1.27687633  0.16252831]
2026-01-21 14:01:56,453 - position: [ 0.13903747 -1.27648199  0.16219451]
2026-01-21 14:01:56,782 - position: [ 0.13831678 -1.27676046  0.16180731]
2026-01-21 14:01:57,015 - position: [ 0.14025638 -1.27629995  0.1649214 ]
2026-01-21 14:01:57,237 - position: [ 0.13776737 -1.27683067  0.16340986]
2026-01-21 14:01:57,446 - position: [ 0.13761137 -1.27724063  0.16306312]
2026-01-21 14:01:57,662 - position: [ 0.13606586 -1.27745712  0.16284277]
2026-01-21 14:01:57,892 - position: [ 0.13496622 -1.27844918  0.16417198]
2026-01-21 14:01:58,101 - position: [ 0.13960187 -1.28517795  0.1586083 ]
2026-01-21 14:01:58,315 - position: [ 0.14118062 -1.28670585  0.15482999]
2026-01-21 14:01:58,530 - position: [ 0.14024834 -1.29723573  0.14593127]
2026-01-21 14:01:58,879 - position: [ 0.14093067 -1.2916404   0.1533622 ]
2026-01-21 14:01:59,148 - position: [ 0.14298166 -1.29285836  0.15409887]
2026-01-21 14:01:59,359 - position: [ 0.14302582 -1.2993108   0.16426004]
2026-01-21 14:01:59,597 - position: [ 0.14169258 -1.30104411  0.16412401]
2026-01-21 14:01:59,827 - position: [ 0.14403884 -1.29793227  0.17729892]
2026-01-21 14:02:00,096 - position: [ 0.14329243 -1.29658985  0.16894133]
2026-01-21 14:02:00,485 - position: [ 0.14476797 -1.29452908  0.15954429]
2026-01-21 14:02:00,745 - position: [ 0.14381169 -1.29226875  0.15787855]
2026-01-21 14:02:00,977 - position: [ 0.14385028 -1.29236495  0.15755086]
2026-01-21 14:02:01,197 - position: [ 0.14421636 -1.29244423  0.15688083]
2026-01-21 14:02:01,432 - position: [ 0.14452529 -1.29178381  0.15648331]
2026-01-21 14:02:01,661 - position: [ 0.14452529 -1.29178381  0.15648331]
2026-01-21 14:02:01,909 - position: [ 0.14565353 -1.28958046  0.15920009]
2026-01-21 14:02:02,142 - position: [ 0.14429602 -1.2886157   0.15863472]
2026-01-21 14:02:02,398 - position: [ 0.14417019 -1.28861105  0.15945217]
2026-01-21 14:02:02,626 - position: [ 0.14370714 -1.28848231  0.1595809 ]
2026-01-21 14:02:02,833 - position: [ 0.14364776 -1.28596461  0.15569073]
2026-01-21 14:02:03,041 - position: [ 0.14395377 -1.28443503  0.15284823]
2026-01-21 14:02:03,261 - position: [ 0.14341103 -1.28468442  0.15211667]
2026-01-21 14:02:03,496 - position: [ 0.14178278 -1.28475845  0.15081835]
2026-01-21 14:02:03,734 - position: [ 0.14261436 -1.28461015  0.15081942]
2026-01-21 14:02:03,981 - position: [ 0.14125653 -1.28443575  0.14899473]
2026-01-21 14:02:04,183 - position: [ 0.1409632 -1.2846328  0.148352 ]
2026-01-21 14:02:04,455 - position: [ 0.1412138  -1.28442693  0.14797314]
2026-01-21 14:02:04,686 - position: [ 0.14461875 -1.28560221  0.14950618]
2026-01-21 14:02:04,936 - position: [ 0.14348008 -1.28627157  0.15140608]
2026-01-21 14:02:05,165 - position: [ 0.14926025 -1.29245293  0.15752697]
2026-01-21 14:02:05,373 - position: [ 0.16634895 -1.27608395  0.16606037]
2026-01-21 14:02:05,595 - position: [ 0.17023003 -1.2700243   0.16840789]
2026-01-21 14:02:05,949 - position: [ 0.14599013 -1.28676248  0.15737021]
2026-01-21 14:02:06,221 - position: [ 0.15068634 -1.28672123  0.17221998]
2026-01-21 14:02:06,490 - position: [ 0.13976169 -1.28717411  0.16313225]
2026-01-21 14:02:06,767 - position: [ 0.13576116 -1.28872228  0.16147299]
2026-01-21 14:02:07,038 - position: [ 0.11278631 -1.30329955  0.15223587]
2026-01-21 14:02:07,261 - position: [ 0.11704946 -1.3010993   0.15081826]
2026-01-21 14:02:07,511 - position: [ 0.12219658 -1.29385018  0.15696293]
2026-01-21 14:02:07,733 - position: [ 0.11688709 -1.2980926   0.156819  ]
2026-01-21 14:02:07,969 - position: [ 0.12187874 -1.29441595  0.1540401 ]
2026-01-21 14:02:08,229 - position: [ 0.12732883 -1.28981936  0.15534441]
2026-01-21 14:02:08,431 - position: [ 0.1283019  -1.28957856  0.15241358]
2026-01-21 14:02:08,654 - position: [ 0.12696223 -1.29120982  0.15078591]
2026-01-21 14:02:08,857 - position: [ 0.12732559 -1.28989482  0.15036237]
2026-01-21 14:02:09,092 - position: [ 0.12771873 -1.28936291  0.15016338]
2026-01-21 14:02:09,377 - position: [ 0.12701653 -1.28951228  0.14971671]
2026-01-21 14:02:09,631 - position: [ 0.12705417 -1.28963625  0.14938898]
2026-01-21 14:02:09,853 - position: [ 0.12659532 -1.28983545  0.14966595]
2026-01-21 14:02:10,059 - position: [ 0.12682483 -1.28962541  0.14961539]
2026-01-21 14:02:10,293 - position: [ 0.12666307 -1.28950334  0.15008231]
2026-01-21 14:02:10,515 - position: [ 0.12666307 -1.28950334  0.15008231]
2026-01-21 14:02:10,777 - position: [ 0.12585449 -1.2893213   0.15109068]
2026-01-21 14:02:11,044 - position: [ 0.12570375 -1.28921831  0.15086971]
2026-01-21 14:02:11,272 - position: [ 0.12581092 -1.28893387  0.15079287]
2026-01-21 14:02:11,482 - position: [ 0.12565728 -1.28879535  0.15124142]
2026-01-21 14:02:11,719 - position: [ 0.12571266 -1.28872371  0.15151814]
2026-01-21 14:02:12,015 - position: [ 0.12574562 -1.28858006  0.15151885]
2026-01-21 14:02:12,265 - position: [ 0.12562488 -1.28840828  0.15184301]
2026-01-21 14:02:12,546 - position: [ 0.12570506 -1.28831589  0.15188538]
2026-01-21 14:02:12,816 - position: [ 0.12560333 -1.28823292  0.15203138]
2026-01-21 14:02:13,028 - position: [ 0.1254282  -1.2883215   0.15182558]
2026-01-21 14:02:13,290 - position: [ 0.12536664 -1.2883234   0.15146102]
2026-01-21 14:02:13,533 - position: [ 0.12564729 -1.28851485  0.15134601]
2026-01-21 14:02:13,758 - position: [ 0.12560412 -1.28851628  0.15141489]
2026-01-21 14:02:14,014 - position: [ 0.12510005 -1.28833616  0.15152824]
2026-01-21 14:02:14,227 - position: [ 0.12456968 -1.28831375  0.15116246]
2026-01-21 14:02:14,437 - position: [ 0.12457164 -1.28811622  0.1514056 ]
2026-01-21 14:02:14,654 - position: [ 0.12452421 -1.28827095  0.15194686]
2026-01-21 14:02:14,882 - position: [ 0.12550047 -1.28756285  0.15230738]
2026-01-21 14:02:15,104 - position: [ 0.14173283 -1.27456772  0.1698    ]
2026-01-21 14:02:15,333 - position: [ 0.1505961  -1.26863086  0.18061629]
2026-01-21 14:02:15,590 - position: [ 0.35576174 -1.30011511  0.29311329]
2026-01-21 14:02:15,853 - position: [ 0.36972106 -1.33893573  0.29467061]
2026-01-21 14:02:16,096 - position: [ 0.36662623 -1.33178031  0.29452249]
2026-01-21 14:02:16,378 - position: [ 0.36387628 -1.33127403  0.29702094]
2026-01-21 14:02:16,586 - position: [ 0.36330849 -1.33181119  0.29749712]
2026-01-21 14:02:16,801 - position: [ 0.36176965 -1.33290565  0.29925662]
2026-01-21 14:02:17,037 - position: [ 0.36173645 -1.33292663  0.29930931]
2026-01-21 14:02:17,283 - position: [ 0.36931863 -1.33522391  0.29892564]
2026-01-21 14:02:17,499 - position: [ 0.39454845 -1.33946943  0.32552877]
2026-01-21 14:02:17,715 - position: [ 0.43118766 -1.34461391  0.40435916]
2026-01-21 14:02:17,969 - position: [ 0.44245639 -1.34959424  0.43869397]
2026-01-21 14:02:18,232 - position: [ 0.4448458  -1.36282444  0.47895077]
2026-01-21 14:02:18,456 - position: [ 0.44206107 -1.36628759  0.4826887 ]
2026-01-21 14:02:18,682 - position: [ 0.44330007 -1.36872637  0.48554653]
2026-01-21 14:02:18,934 - position: [ 0.49665859 -1.42067552  0.57811588]
2026-01-21 14:02:19,151 - position: [ 0.49665859 -1.42067552  0.57811588]
2026-01-21 14:02:19,372 - position: [ 0.49665859 -1.42067552  0.57811588]
2026-01-21 14:02:19,631 - position: [ 0.49665859 -1.42067552  0.57811588]
2026-01-21 14:02:19,932 - position: [ 0.49665859 -1.42067552  0.57811588]
2026-01-21 14:02:20,179 - position: [ 0.49665859 -1.42067552  0.57811588]
2026-01-21 14:02:20,419 - position: [ 0.49665859 -1.42067552  0.57811588]
2026-01-21 14:02:20,654 - position: [ 0.2668089  -1.27678061  0.52646023]
2026-01-21 14:02:20,881 - position: [ 0.19665679 -1.20416331  0.26121381]
2026-01-21 14:02:21,137 - position: [ 0.10933819 -1.26484871  0.17600003]
2026-01-21 14:02:21,361 - position: [ 0.11325312 -1.2709868   0.17316942]
2026-01-21 14:02:21,581 - position: [ 0.13535009 -1.27270091  0.17474328]
2026-01-21 14:02:21,831 - position: [ 0.13427551 -1.27336395  0.16631764]
2026-01-21 14:02:22,177 - position: [ 0.13011658 -1.27358186  0.16058592]
2026-01-21 14:02:22,455 - position: [ 0.14457482 -1.26628578  0.15125835]
2026-01-21 14:02:22,661 - position: [ 0.13777897 -1.26941466  0.16732757]
2026-01-21 14:02:22,868 - position: [ 0.11368592 -1.29235518  0.16834326]
2026-01-21 14:02:23,109 - position: [ 0.11368592 -1.29235518  0.16834326]
2026-01-21 14:02:23,423 - position: [ 0.12331955 -1.2553004   0.22903095]
2026-01-21 14:02:23,653 - position: [ 0.12199252 -1.27685535  0.2267957 ]
2026-01-21 14:02:23,886 - position: [ 0.12042261 -1.27830565  0.2301725 ]
2026-01-21 14:02:24,098 - position: [ 0.12311983 -1.28082478  0.22805829]
2026-01-21 14:02:24,367 - position: [ 0.13817471 -1.27637744  0.21973085]
2026-01-21 14:02:24,602 - position: [ 0.14432855 -1.27485931  0.21212701]
2026-01-21 14:02:24,827 - position: [ 0.14476442 -1.27558279  0.21318598]
2026-01-21 14:02:25,033 - position: [ 0.14352587 -1.2764982   0.22153674]
2026-01-21 14:02:25,254 - position: [ 0.14869367 -1.27217424  0.21448767]
2026-01-21 14:02:25,535 - position: [ 0.1607511  -1.27929449  0.17106202]
2026-01-21 14:02:25,844 - position: [ 0.15329185 -1.27673113  0.15550722]
2026-01-21 14:02:26,113 - position: [ 0.14995469 -1.27752042  0.15251495]
2026-01-21 14:02:26,340 - position: [ 0.14799969 -1.2781322   0.14956106]
2026-01-21 14:02:26,588 - position: [ 0.14801085 -1.27851462  0.14996822]
2026-01-21 14:02:26,818 - position: [ 0.14969976 -1.27943075  0.15191792]
2026-01-21 14:02:27,061 - position: [ 0.15000212 -1.28308797  0.15602119]
2026-01-21 14:02:27,314 - position: [ 0.14798738 -1.28600323  0.16684227]
2026-01-21 14:02:27,555 - position: [ 0.14874455 -1.28403032  0.17097501]
2026-01-21 14:02:27,790 - position: [ 0.14781666 -1.28420806  0.17231105]
2026-01-21 14:02:28,022 - position: [ 0.14712687 -1.2842164   0.17204563]
2026-01-21 14:02:28,241 - position: [ 0.14745043 -1.28471887  0.17177819]
2026-01-21 14:02:28,470 - position: [ 0.14812467 -1.28284025  0.1698779 ]
2026-01-21 14:02:28,735 - position: [ 0.14740366 -1.28207552  0.17158592]
2026-01-21 14:02:28,975 - position: [ 0.14674966 -1.2816596   0.1703697 ]
2026-01-21 14:02:29,228 - position: [ 0.14437526 -1.28161705  0.16888088]
2026-01-21 14:02:29,459 - position: [ 0.1446555  -1.28127444  0.16865066]
2026-01-21 14:02:29,721 - position: [ 0.14427178 -1.28094614  0.16860355]
2026-01-21 14:02:29,957 - position: [ 0.14488031 -1.28052616  0.16731068]
2026-01-21 14:02:30,192 - position: [ 0.14468712 -1.28046978  0.16632083]
2026-01-21 14:02:30,439 - position: [ 0.14368376 -1.28039479  0.1668081 ]
2026-01-21 14:02:30,650 - position: [ 0.14406236 -1.27991641  0.1662219 ]
2026-01-21 14:02:30,904 - position: [ 0.14406987 -1.27884567  0.16640207]
2026-01-21 14:02:31,121 - position: [ 0.14412254 -1.2786566   0.16655999]
2026-01-21 14:02:31,354 - position: [ 0.14397892 -1.27856529  0.16680722]
2026-01-21 14:02:31,638 - position: [ 0.14368759 -1.27840221  0.16647786]
2026-01-21 14:02:31,888 - position: [ 0.14407969 -1.27782834  0.16591355]
2026-01-21 14:02:32,134 - position: [ 0.14408302 -1.27803814  0.16538133]
2026-01-21 14:02:32,400 - position: [ 0.14454542 -1.27898729  0.16482528]
2026-01-21 14:02:32,633 - position: [ 0.14444293 -1.27846527  0.16501293]
2026-01-21 14:02:32,872 - position: [ 0.14446419 -1.27812016  0.16486743]
2026-01-21 14:02:33,097 - position: [ 0.14568228 -1.27751648  0.16441014]
2026-01-21 14:02:33,327 - position: [ 0.14568353 -1.27709663  0.16489646]
2026-01-21 14:02:33,551 - position: [ 0.14559649 -1.27635181  0.16537428]
2026-01-21 14:02:33,771 - position: [ 0.14577606 -1.2761606   0.16495021]
2026-01-21 14:02:34,072 - position: [ 0.14640763 -1.27538919  0.16512996]
2026-01-21 14:02:34,288 - position: [ 0.1465939  -1.27495205  0.16608042]
2026-01-21 14:02:34,539 - position: [ 0.1486764  -1.27367258  0.1650928 ]
2026-01-21 14:02:34,814 - position: [ 0.15216495 -1.27179062  0.16335803]
2026-01-21 14:02:35,151 - position: [ 0.15268053 -1.2709645   0.16431366]
2026-01-21 14:02:35,427 - position: [ 0.152804   -1.27064407  0.16393785]
2026-01-21 14:02:35,684 - position: [ 0.15309687 -1.27040386  0.16335261]
2026-01-21 14:02:35,899 - position: [ 0.15296343 -1.27018666  0.16339035]
2026-01-21 14:02:36,172 - position: [ 0.15296823 -1.26997352  0.16363892]
2026-01-21 14:02:36,459 - position: [ 0.15294656 -1.26991832  0.16365689]
2026-01-21 14:02:36,695 - position: [ 0.15262678 -1.27058947  0.16259472]
2026-01-21 14:02:36,933 - position: [ 0.15245196 -1.27083242  0.16170332]
2026-01-21 14:02:37,181 - position: [ 0.15245196 -1.27083242  0.16170332]
2026-01-21 14:02:37,490 - position: [ 0.15320915 -1.27013767  0.16074128]
2026-01-21 14:02:37,724 - position: [ 0.15326793 -1.26951599  0.16034159]
2026-01-21 14:02:37,938 - position: [ 0.15338242 -1.26927304  0.16076922]
2026-01-21 14:02:38,144 - position: [ 0.15335213 -1.26941204  0.16062652]
2026-01-21 14:02:38,413 - position: [ 0.15338837 -1.26935172  0.16059306]
2026-01-21 14:02:38,645 - position: [ 0.15387161 -1.26929867  0.15969393]
2026-01-21 14:02:38,858 - position: [ 0.15387705 -1.26919246  0.15947232]
2026-01-21 14:02:39,103 - position: [ 0.1538274  -1.2692771   0.15973337]
2026-01-21 14:02:39,365 - position: [ 0.15345684 -1.26947331  0.15866345]
2026-01-21 14:02:39,613 - position: [ 0.15313771 -1.26956058  0.15841237]
2026-01-21 14:02:39,848 - position: [ 0.15340678 -1.27001929  0.15678748]
2026-01-21 14:02:40,100 - position: [ 0.15282199 -1.27228034  0.1569813 ]
2026-01-21 14:02:40,320 - position: [ 0.14667641 -1.27356339  0.15791377]
2026-01-21 14:02:40,611 - position: [ 0.13989259 -1.2744      0.15642527]
2026-01-21 14:02:40,828 - position: [ 0.13586238 -1.27628255  0.16283615]
2026-01-21 14:02:41,115 - position: [ 0.13408475 -1.27747071  0.16222449]
2026-01-21 14:02:41,348 - position: [ 0.13730583 -1.27702153  0.16437159]
2026-01-21 14:02:41,583 - position: [ 0.14100854 -1.27711105  0.16556469]
2026-01-21 14:02:41,808 - position: [ 0.14154388 -1.27489507  0.1654785 ]
2026-01-21 14:02:42,022 - position: [ 0.14130691 -1.27704859  0.16415136]
2026-01-21 14:02:42,253 - position: [ 0.14137955 -1.27767909  0.16554797]
2026-01-21 14:02:42,540 - position: [ 0.14073375 -1.27595603  0.16830625]
2026-01-21 14:02:42,799 - position: [ 0.1413886  -1.27587426  0.16622517]
2026-01-21 14:02:43,043 - position: [ 0.14229648 -1.275612    0.1654574 ]
2026-01-21 14:02:43,291 - position: [ 0.14248146 -1.27559543  0.16552396]
2026-01-21 14:02:43,531 - position: [ 0.14290869 -1.2753998   0.16570173]
2026-01-21 14:02:43,756 - position: [ 0.14333689 -1.27518928  0.16458257]
2026-01-21 14:02:43,992 - position: [ 0.14451148 -1.27484763  0.16354753]
2026-01-21 14:02:44,220 - position: [ 0.14427686 -1.27563548  0.16387893]
2026-01-21 14:02:44,442 - position: [ 0.143777   -1.27541876  0.16386539]
2026-01-21 14:02:44,709 - position: [ 0.14861044 -1.27329624  0.17091085]
2026-01-21 14:02:44,968 - position: [ 0.14752173 -1.27539682  0.17126845]
2026-01-21 14:02:45,209 - position: [ 0.14594212 -1.27326155  0.17028685]
2026-01-21 14:02:45,439 - position: [ 0.14472638 -1.27429116  0.16624527]
2026-01-21 14:02:45,666 - position: [ 0.14397202 -1.27589333  0.16602422]
2026-01-21 14:02:45,883 - position: [ 0.14290068 -1.2768749   0.16590369]
2026-01-21 14:02:46,120 - position: [ 0.14379141 -1.27562213  0.16651438]
2026-01-21 14:02:46,335 - position: [ 0.14508626 -1.27058256  0.1718343 ]
2026-01-21 14:02:46,588 - position: [ 0.14378393 -1.27096128  0.17510512]
2026-01-21 14:02:46,859 - position: [ 0.1396583  -1.27356493  0.17219429]
2026-01-21 14:02:47,139 - position: [ 0.1415318  -1.27136433  0.17535019]
2026-01-21 14:02:47,466 - position: [ 0.14189352 -1.27131176  0.17540357]
2026-01-21 14:02:47,699 - position: [ 0.14601529 -1.26736927  0.17790221]
2026-01-21 14:02:47,931 - position: [ 0.15124869 -1.26567554  0.18075596]
2026-01-21 14:02:48,179 - position: [ 0.15121102 -1.26859879  0.17755897]
2026-01-21 14:02:48,429 - position: [ 0.15099975 -1.26788485  0.18088129]
2026-01-21 14:02:48,672 - position: [ 0.14847782 -1.27395058  0.18579569]
2026-01-21 14:02:48,891 - position: [ 0.14619642 -1.27695692  0.19323218]
2026-01-21 14:02:49,098 - position: [ 0.14356348 -1.27848995  0.20590007]
2026-01-21 14:02:49,314 - position: [ 0.1312822  -1.28536189  0.21597548]
2026-01-21 14:02:49,568 - position: [ 0.12568128 -1.28319728  0.17526007]
2026-01-21 14:02:49,789 - position: [ 0.12334665 -1.28453708  0.17221278]
2026-01-21 14:02:50,010 - position: [ 0.12338158 -1.28471386  0.17221253]
2026-01-21 14:02:50,240 - position: [ 0.1424979  -1.27459598  0.1678634 ]
2026-01-21 14:02:50,491 - position: [ 0.14814995 -1.27294934  0.16993573]
2026-01-21 14:02:50,791 - position: [ 0.14910272 -1.27217615  0.17011155]
2026-01-21 14:02:51,016 - position: [ 0.14910272 -1.27217615  0.17011155]
2026-01-21 14:02:51,263 - position: [ 0.15092732 -1.27059865  0.17322373]
2026-01-21 14:02:51,473 - position: [ 0.15408397 -1.26885962  0.18105203]
2026-01-21 14:02:51,767 - position: [ 0.14829382 -1.27010655  0.19852275]
2026-01-21 14:02:52,034 - position: [ 0.14989151 -1.27005637  0.19025435]
2026-01-21 14:02:52,251 - position: [ 0.15429421 -1.26434612  0.20543192]
2026-01-21 14:02:52,503 - position: [ 0.1432433  -1.27196527  0.20517404]
2026-01-21 14:02:52,755 - position: [ 0.14088862 -1.27423     0.20235902]
2026-01-21 14:02:53,027 - position: [ 0.14829439 -1.27509069  0.20517093]
2026-01-21 14:02:53,251 - position: [ 0.15129448 -1.27456594  0.20501396]
2026-01-21 14:02:53,472 - position: [ 0.15538548 -1.27721751  0.20136376]
2026-01-21 14:02:53,711 - position: [ 0.15639366 -1.27803659  0.1998951 ]
2026-01-21 14:02:53,945 - position: [ 0.16165604 -1.2790792   0.20141263]
2026-01-21 14:02:54,163 - position: [ 0.16151747 -1.27593732  0.19851062]
2026-01-21 14:02:54,404 - position: [ 0.15044269 -1.27685797  0.18298063]
2026-01-21 14:02:54,646 - position: [ 0.13626559 -1.27973199  0.16706134]
2026-01-21 14:02:54,866 - position: [ 0.13866092 -1.27913284  0.16910215]
2026-01-21 14:02:55,086 - position: [ 0.13938096 -1.27957547  0.16954593]
2026-01-21 14:02:55,344 - position: [ 0.13791299 -1.28053105  0.17114057]
2026-01-21 14:02:55,560 - position: [ 0.13731374 -1.28093457  0.17416695]
2026-01-21 14:02:55,778 - position: [ 0.14062092 -1.28290188  0.17611109]
2026-01-21 14:02:56,033 - position: [ 0.13897786 -1.28213596  0.17479955]
2026-01-21 14:02:56,278 - position: [ 0.14360587 -1.28315794  0.17516901]
2026-01-21 14:02:56,522 - position: [ 0.14184552 -1.28147757  0.17290354]
2026-01-21 14:02:56,760 - position: [ 0.14092866 -1.28326607  0.17284538]
2026-01-21 14:02:56,978 - position: [ 0.14231677 -1.28068697  0.17086746]
2026-01-21 14:02:57,206 - position: [ 0.14053097 -1.28007841  0.17015065]
2026-01-21 14:02:57,437 - position: [ 0.1396863  -1.27958798  0.16967183]
2026-01-21 14:02:57,667 - position: [ 0.13787234 -1.27994418  0.17003165]
2026-01-21 14:02:57,873 - position: [ 0.13697095 -1.27983439  0.17058919]
2026-01-21 14:02:58,087 - position: [ 0.13477635 -1.27970636  0.17049164]
2026-01-21 14:02:58,302 - position: [ 0.13117477 -1.27995706  0.16919549]
2026-01-21 14:02:58,534 - position: [ 0.1302996  -1.2795639   0.16853859]
2026-01-21 14:02:58,817 - position: [ 0.12963475 -1.27883828  0.16904438]
2026-01-21 14:02:59,106 - position: [ 0.12841448 -1.27857232  0.16908416]
2026-01-21 14:02:59,357 - position: [ 0.12836665 -1.27875042  0.16872823]
2026-01-21 14:02:59,576 - position: [ 0.12848124 -1.2788111   0.16846991]
2026-01-21 14:02:59,800 - position: [ 0.12848124 -1.2788111   0.16846991]
2026-01-21 14:03:00,077 - position: [ 0.12903047 -1.27846098  0.16741368]
2026-01-21 14:03:00,311 - position: [ 0.12809514 -1.27883291  0.16731702]
2026-01-21 14:03:00,539 - position: [ 0.12838611 -1.27883446  0.16721874]
2026-01-21 14:03:00,777 - position: [ 0.12825412 -1.27859211  0.16709456]
2026-01-21 14:03:01,029 - position: [ 0.12832625 -1.27862477  0.16678868]
2026-01-21 14:03:01,333 - position: [ 0.12850738 -1.27827239  0.16557759]
2026-01-21 14:03:01,549 - position: [ 0.1286495  -1.27814877  0.16524068]
2026-01-21 14:03:01,800 - position: [ 0.13002682 -1.27717519  0.1632214 ]
2026-01-21 14:03:02,026 - position: [ 0.13040869 -1.27548373  0.16077584]
2026-01-21 14:03:02,233 - position: [ 0.12834324 -1.27759123  0.16153491]
2026-01-21 14:03:02,455 - position: [ 0.12414028 -1.27744007  0.16794062]
2026-01-21 14:03:02,715 - position: [ 0.12215367 -1.28278112  0.16973087]
2026-01-21 14:03:02,924 - position: [ 0.12141591 -1.29345691  0.1744599 ]
2026-01-21 14:03:03,179 - position: [ 0.12226269 -1.30110514  0.18257867]
2026-01-21 14:03:03,466 - position: [ 0.12680571 -1.30013537  0.19326381]
2026-01-21 14:03:03,708 - position: [ 0.12626798 -1.30147684  0.19110294]
2026-01-21 14:03:03,933 - position: [ 0.11960912 -1.29787314  0.18260098]
2026-01-21 14:03:04,203 - position: [ 0.11959589 -1.28656685  0.17637284]
2026-01-21 14:03:04,430 - position: [ 0.11959589 -1.28656685  0.17637284]
2026-01-21 14:03:04,631 - position: [ 0.12108262 -1.28336012  0.17531072]
2026-01-21 14:03:04,897 - position: [ 0.12131597 -1.28325248  0.17477563]
2026-01-21 14:03:05,124 - position: [ 0.12150276 -1.28317022  0.17443381]
2026-01-21 14:03:05,367 - position: [ 0.12187681 -1.28275931  0.17355917]
2026-01-21 14:03:05,607 - position: [ 0.12208658 -1.28262866  0.17316373]
2026-01-21 14:03:05,827 - position: [ 0.12216236 -1.28248692  0.17300829]
2026-01-21 14:03:06,101 - position: [ 0.12415858 -1.28118193  0.16972882]
2026-01-21 14:03:06,376 - position: [ 0.12475472 -1.28069651  0.16891021]
2026-01-21 14:03:06,595 - position: [ 0.12447315 -1.2809751   0.16924569]
2026-01-21 14:03:06,828 - position: [ 0.12299403 -1.28060007  0.16976494]
2026-01-21 14:03:07,094 - position: [ 0.12250642 -1.28049541  0.17004412]
2026-01-21 14:03:07,309 - position: [ 0.12239981 -1.27989495  0.16938357]
2026-01-21 14:03:07,564 - position: [ 0.12263455 -1.27871406  0.16823308]
2026-01-21 14:03:07,799 - position: [ 0.12363411 -1.27824163  0.16700824]
2026-01-21 14:03:08,044 - position: [ 0.12437134 -1.27838862  0.1662316 ]
2026-01-21 14:03:08,306 - position: [ 0.12751386 -1.27754736  0.16252604]
2026-01-21 14:03:08,524 - position: [ 0.12758821 -1.2782501   0.16419514]
2026-01-21 14:03:08,763 - position: [ 0.12615566 -1.27991223  0.1642559 ]
2026-01-21 14:03:08,965 - position: [ 0.12645093 -1.28103137  0.16189039]
2026-01-21 14:03:09,200 - position: [ 0.12052277 -1.29599965  0.14982612]
2026-01-21 14:03:09,442 - position: [ 0.12052277 -1.29599965  0.14982612]
2026-01-21 14:03:09,765 - position: [ 0.13112904 -1.2865901   0.16004777]
2026-01-21 14:03:09,985 - position: [ 0.12952755 -1.28607297  0.16246569]
2026-01-21 14:03:10,223 - position: [ 0.13314252 -1.28217292  0.14626698]
2026-01-21 14:03:10,438 - position: [ 0.137677   -1.27848661  0.1436369 ]
2026-01-21 14:03:10,654 - position: [ 0.13963351 -1.27716029  0.14211558]
2026-01-21 14:03:10,859 - position: [ 0.13691556 -1.27643514  0.13980988]
2026-01-21 14:03:11,085 - position: [ 0.12893187 -1.28316891  0.13478404]
2026-01-21 14:03:11,329 - position: [ 0.13030255 -1.27913415  0.13344866]
2026-01-21 14:03:11,566 - position: [ 0.12422837 -1.27885854  0.13689102]
2026-01-21 14:03:11,814 - position: [ 0.11504498 -1.27897012  0.16687638]
2026-01-21 14:03:12,026 - position: [ 0.1254991  -1.27701592  0.15848997]
2026-01-21 14:03:12,301 - position: [ 0.13232794 -1.2735399   0.15603764]
