2026-01-21 13:55:17,772 - position: [ 0.72809994 -1.86140037  0.02557077]
2026-01-21 13:55:17,987 - position: [ 0.72797358 -1.86140049  0.02557365]
2026-01-21 13:55:18,195 - position: [ 0.72805738 -1.86153483  0.02566398]
2026-01-21 13:55:18,416 - position: [ 0.72810584 -1.86156964  0.02568359]
2026-01-21 13:55:18,624 - position: [ 0.72807974 -1.86159694  0.02567669]
2026-01-21 13:55:18,830 - position: [ 0.72803169 -1.86154568  0.02561891]
2026-01-21 13:55:19,034 - position: [ 0.72826767 -1.86141312  0.02658961]
2026-01-21 13:55:19,266 - position: [ 0.64025396 -1.93558991  0.2918739 ]
2026-01-21 13:55:19,541 - position: [ 0.48982129 -1.97671843  0.44946831]
2026-01-21 13:55:19,767 - position: [ 0.45187131 -1.98755956  0.47861236]
2026-01-21 13:55:19,971 - position: [ 0.40893388 -1.99787474  0.4953559 ]
2026-01-21 13:55:20,230 - position: [ 0.58336598 -1.96675098  0.34648231]
2026-01-21 13:55:20,479 - position: [ 0.59837019 -1.96307421  0.32852143]
2026-01-21 13:55:20,775 - position: [ 0.57132727 -1.97373199  0.37094483]
2026-01-21 13:55:21,019 - position: [ 0.57132727 -1.97373199  0.37094483]
2026-01-21 13:55:21,233 - position: [ 0.57132727 -1.97373199  0.37094483]
2026-01-21 13:55:21,528 - position: [ 0.57132727 -1.97373199  0.37094483]
2026-01-21 13:55:21,752 - position: [ 0.57132727 -1.97373199  0.37094483]
2026-01-21 13:55:21,982 - position: [ 0.57132727 -1.97373199  0.37094483]
2026-01-21 13:55:22,229 - position: [ 0.57132727 -1.97373199  0.37094483]
2026-01-21 13:55:22,459 - position: [ 0.57132727 -1.97373199  0.37094483]
2026-01-21 13:55:22,674 - position: [ 0.57132727 -1.97373199  0.37094483]
2026-01-21 13:55:22,915 - position: [ 0.57132727 -1.97373199  0.37094483]
2026-01-21 13:55:23,187 - position: [ 0.7180196  -1.79744875  0.12880254]
2026-01-21 13:55:23,410 - position: [ 0.74019831 -1.7555995   0.06320583]
2026-01-21 13:55:23,705 - position: [ 0.73928785 -1.73738086  0.04127196]
2026-01-21 13:55:23,953 - position: [ 0.73947138 -1.73818469  0.04284396]
2026-01-21 13:55:24,181 - position: [ 0.74135923 -1.75671685  0.04559074]
2026-01-21 13:55:24,399 - position: [ 0.74104583 -1.75187826  0.04579008]
2026-01-21 13:55:24,659 - position: [ 0.74275714 -1.75228667  0.04576955]
2026-01-21 13:55:24,884 - position: [ 0.74254721 -1.75930452  0.03998633]
2026-01-21 13:55:25,119 - position: [ 0.74278718 -1.75983655  0.03998373]
2026-01-21 13:55:25,367 - position: [ 0.74249405 -1.76013207  0.03964276]
2026-01-21 13:55:25,638 - position: [ 0.74249405 -1.76013207  0.03964276]
2026-01-21 13:55:25,851 - position: [ 0.74072939 -1.7646482   0.03746537]
2026-01-21 13:55:26,070 - position: [ 0.74079013 -1.76754034  0.03773073]
2026-01-21 13:55:26,320 - position: [ 0.74088156 -1.76731825  0.03785925]
2026-01-21 13:55:26,534 - position: [ 0.74052858 -1.76690531  0.03765777]
2026-01-21 13:55:26,911 - position: [ 0.74159855 -1.76688671  0.03846899]
2026-01-21 13:55:27,152 - position: [ 0.74218178 -1.76689315  0.04063879]
2026-01-21 13:55:27,462 - position: [ 0.74208438 -1.778144    0.05026022]
2026-01-21 13:55:27,687 - position: [ 0.74399865 -1.77084231  0.041531  ]
2026-01-21 13:55:27,948 - position: [ 0.74401492 -1.77088141  0.04147233]
2026-01-21 13:55:28,187 - position: [ 0.74396503 -1.7708354   0.04122752]
2026-01-21 13:55:28,444 - position: [ 0.74402112 -1.77124941  0.04117782]
2026-01-21 13:55:28,693 - position: [ 0.74355882 -1.77179408  0.04070922]
2026-01-21 13:55:28,915 - position: [ 0.74370664 -1.77161849  0.04072792]
2026-01-21 13:55:29,150 - position: [ 0.74356461 -1.77162826  0.0406392 ]
2026-01-21 13:55:29,413 - position: [ 0.74357182 -1.77192986  0.04049847]
2026-01-21 13:55:29,620 - position: [ 0.74369323 -1.77206516  0.04055648]
2026-01-21 13:55:29,911 - position: [ 0.74334973 -1.77274573  0.04014071]
2026-01-21 13:55:30,134 - position: [ 0.74357319 -1.77317059  0.04000826]
2026-01-21 13:55:30,461 - position: [ 0.74300969 -1.77420545  0.03945288]
2026-01-21 13:55:30,711 - position: [ 0.7433399  -1.77440166  0.03970713]
2026-01-21 13:55:30,930 - position: [ 0.74381977 -1.77518082  0.04011964]
2026-01-21 13:55:31,205 - position: [ 0.74388677 -1.77649391  0.04003463]
2026-01-21 13:55:31,441 - position: [ 0.74436104 -1.7765044   0.04031452]
2026-01-21 13:55:31,693 - position: [ 0.74413675 -1.77731538  0.04019963]
2026-01-21 13:55:31,901 - position: [ 0.74439794 -1.77817345  0.04011794]
2026-01-21 13:55:32,145 - position: [ 0.74445689 -1.77806699  0.04010703]
2026-01-21 13:55:32,358 - position: [ 0.74446219 -1.7780416   0.04011386]
2026-01-21 13:55:32,611 - position: [ 0.74438691 -1.77782393  0.04011141]
2026-01-21 13:55:32,887 - position: [ 0.74432421 -1.77763271  0.04009899]
2026-01-21 13:55:33,128 - position: [ 0.74472696 -1.77747464  0.04031864]
2026-01-21 13:55:33,403 - position: [ 0.74357367 -1.77728629  0.0396172 ]
2026-01-21 13:55:33,656 - position: [ 0.74369472 -1.77722228  0.03971398]
2026-01-21 13:55:33,868 - position: [ 0.7437675  -1.77711225  0.03976552]
2026-01-21 13:55:34,221 - position: [ 0.74399602 -1.7770896   0.03989009]
2026-01-21 13:55:34,483 - position: [ 0.74456489 -1.77785623  0.0402767 ]
2026-01-21 13:55:34,731 - position: [ 0.74421644 -1.77802968  0.0400929 ]
2026-01-21 13:55:34,953 - position: [ 0.7441628  -1.77777815  0.04014561]
2026-01-21 13:55:35,209 - position: [ 0.74345857 -1.77685869  0.03976641]
2026-01-21 13:55:35,441 - position: [ 0.74430698 -1.77739978  0.04032663]
2026-01-21 13:55:35,667 - position: [ 0.74430698 -1.77739978  0.04032663]
2026-01-21 13:55:35,924 - position: [ 0.74357283 -1.77657902  0.03979803]
2026-01-21 13:55:36,135 - position: [ 0.74369317 -1.77648139  0.03978525]
2026-01-21 13:55:36,399 - position: [ 0.74344754 -1.77643168  0.0397118 ]
2026-01-21 13:55:36,615 - position: [ 0.74320239 -1.77637053  0.03953084]
2026-01-21 13:55:36,924 - position: [ 0.74322581 -1.77628243  0.03953413]
2026-01-21 13:55:37,184 - position: [ 0.7434141  -1.77639139  0.03973508]
2026-01-21 13:55:37,391 - position: [ 0.74333239 -1.77635384  0.03985027]
2026-01-21 13:55:37,602 - position: [ 0.74341285 -1.77633274  0.03988129]
2026-01-21 13:55:37,828 - position: [ 0.743393   -1.77636409  0.03994187]
2026-01-21 13:55:38,055 - position: [ 0.74352139 -1.77636158  0.0399739 ]
2026-01-21 13:55:38,279 - position: [ 0.74352086 -1.77633965  0.03998891]
2026-01-21 13:55:38,496 - position: [ 0.74321759 -1.77620637  0.03982911]
2026-01-21 13:55:38,751 - position: [ 0.7438702  -1.7762711   0.04024441]
2026-01-21 13:55:38,975 - position: [ 0.7438218  -1.77610683  0.04025142]
2026-01-21 13:55:39,206 - position: [ 0.74364936 -1.77593565  0.04027954]
2026-01-21 13:55:39,521 - position: [ 0.74341631 -1.77547431  0.04048908]
2026-01-21 13:55:39,752 - position: [ 0.74367958 -1.77448618  0.04137952]
2026-01-21 13:55:40,012 - position: [ 0.6817953  -1.81271017  0.23493871]
2026-01-21 13:55:40,232 - position: [ 0.67027807 -1.82183242  0.26218194]
2026-01-21 13:55:40,470 - position: [ 0.51288843 -1.86336613  0.46823478]
2026-01-21 13:55:40,709 - position: [ 0.38553229 -1.88358021  0.56938046]
2026-01-21 13:55:40,999 - position: [ 0.38553229 -1.88358021  0.56938046]
2026-01-21 13:55:41,234 - position: [ 0.38553229 -1.88358021  0.56938046]
2026-01-21 13:55:41,477 - position: [ 0.38553229 -1.88358021  0.56938046]
2026-01-21 13:55:41,684 - position: [ 0.38553229 -1.88358021  0.56938046]
2026-01-21 13:55:41,921 - position: [ 0.38553229 -1.88358021  0.56938046]
2026-01-21 13:55:42,175 - position: [ 0.38553229 -1.88358021  0.56938046]
2026-01-21 13:55:42,402 - position: [ 0.27214098 -1.82873189  0.59735471]
2026-01-21 13:55:42,671 - position: [ 0.64746565 -1.81881452  0.33589238]
2026-01-21 13:55:42,896 - position: [ 0.74789107 -1.76844776  0.06021862]
2026-01-21 13:55:43,115 - position: [ 0.75065434 -1.76292515  0.04278915]
2026-01-21 13:55:43,343 - position: [ 0.74963355 -1.76098251  0.04239938]
2026-01-21 13:55:43,550 - position: [ 0.74961734 -1.76203847  0.04218726]
2026-01-21 13:55:43,808 - position: [ 0.75045997 -1.76215994  0.04268303]
2026-01-21 13:55:44,025 - position: [ 0.7504102  -1.76259565  0.04273358]
2026-01-21 13:55:44,327 - position: [ 0.75087142 -1.7624948   0.04298969]
2026-01-21 13:55:44,661 - position: [ 0.75046581 -1.76344764  0.04267063]
2026-01-21 13:55:44,891 - position: [ 0.75053453 -1.76422107  0.04248984]
2026-01-21 13:55:45,134 - position: [ 0.75055456 -1.76447868  0.04244471]
2026-01-21 13:55:45,380 - position: [ 0.7505964  -1.76456535  0.04237451]
2026-01-21 13:55:45,593 - position: [ 0.7505933  -1.76623368  0.04125135]
2026-01-21 13:55:45,819 - position: [ 0.75107729 -1.76716435  0.04138255]
2026-01-21 13:55:46,082 - position: [ 0.75105828 -1.76722336  0.04137453]
2026-01-21 13:55:46,299 - position: [ 0.75122571 -1.76710236  0.04148678]
2026-01-21 13:55:46,563 - position: [ 0.75096548 -1.76674569  0.04142677]
2026-01-21 13:55:46,801 - position: [ 0.75092638 -1.76699066  0.04107876]
2026-01-21 13:55:47,043 - position: [ 0.75092638 -1.76699066  0.04107876]
2026-01-21 13:55:47,324 - position: [ 0.75076813 -1.76701641  0.04065247]
2026-01-21 13:55:47,562 - position: [ 0.75090069 -1.76695025  0.04062091]
2026-01-21 13:55:47,790 - position: [ 0.75089097 -1.76702988  0.04056241]
2026-01-21 13:55:48,023 - position: [ 0.75094992 -1.76714027  0.04055633]
2026-01-21 13:55:48,241 - position: [ 0.75119328 -1.76801527  0.0403977 ]
2026-01-21 13:55:48,474 - position: [ 0.75051421 -1.76802957  0.04003362]
2026-01-21 13:55:48,693 - position: [ 0.75078565 -1.76840985  0.04025764]
2026-01-21 13:55:48,978 - position: [ 0.75049812 -1.7682178   0.04014378]
2026-01-21 13:55:49,216 - position: [ 0.7507118  -1.76837552  0.04013157]
2026-01-21 13:55:49,463 - position: [ 0.750691   -1.7680577   0.04017122]
2026-01-21 13:55:49,726 - position: [ 0.75086391 -1.7676661   0.04043625]
2026-01-21 13:55:49,981 - position: [ 0.75074947 -1.76769567  0.04030043]
2026-01-21 13:55:50,199 - position: [ 0.75077885 -1.7677635   0.04042598]
2026-01-21 13:55:50,427 - position: [ 0.75090778 -1.76776433  0.04048494]
2026-01-21 13:55:50,670 - position: [ 0.7509954  -1.76776838  0.04050167]
2026-01-21 13:55:50,908 - position: [ 0.75115305 -1.7680124   0.04053814]
2026-01-21 13:55:51,162 - position: [ 0.75088185 -1.76822531  0.0402572 ]
2026-01-21 13:55:51,386 - position: [ 0.75118715 -1.76868391  0.04036481]
2026-01-21 13:55:51,593 - position: [ 0.75117254 -1.76871157  0.0403877 ]
2026-01-21 13:55:51,814 - position: [ 0.75084054 -1.76986718  0.04001661]
2026-01-21 13:55:52,026 - position: [ 0.75104243 -1.76962018  0.04034121]
2026-01-21 13:55:52,249 - position: [ 0.75091982 -1.76953018  0.04036049]
2026-01-21 13:55:52,481 - position: [ 0.75089395 -1.76936281  0.04046049]
2026-01-21 13:55:52,739 - position: [ 0.75093365 -1.76933134  0.04048384]
2026-01-21 13:55:52,983 - position: [ 0.75094408 -1.7693454   0.04047187]
2026-01-21 13:55:53,216 - position: [ 0.75093204 -1.76939964  0.04041126]
2026-01-21 13:55:53,465 - position: [ 0.75090814 -1.76961088  0.04032317]
2026-01-21 13:55:53,734 - position: [ 0.75103199 -1.76964843  0.04032924]
2026-01-21 13:55:53,952 - position: [ 0.75102472 -1.76963615  0.04039722]
2026-01-21 13:55:54,222 - position: [ 0.75088745 -1.76948428  0.04030968]
2026-01-21 13:55:54,476 - position: [ 0.75097406 -1.76948333  0.04033243]
2026-01-21 13:55:54,709 - position: [ 0.75104964 -1.76950359  0.04033844]
2026-01-21 13:55:54,945 - position: [ 0.75109786 -1.76946056  0.04036684]
2026-01-21 13:55:55,173 - position: [ 0.75109786 -1.76946056  0.04036684]
2026-01-21 13:55:55,377 - position: [ 0.75098413 -1.76949978  0.0403    ]
2026-01-21 13:55:55,600 - position: [ 0.75093126 -1.7694515   0.03999868]
2026-01-21 13:55:55,855 - position: [ 0.75104702 -1.76947069  0.04000564]
2026-01-21 13:55:56,176 - position: [ 0.75086808 -1.76911926  0.03999433]
2026-01-21 13:55:56,408 - position: [ 0.7507782  -1.76884317  0.03995481]
2026-01-21 13:55:56,653 - position: [ 0.75073981 -1.76879478  0.03997598]
2026-01-21 13:55:56,912 - position: [ 0.75066662 -1.76869905  0.03991407]
2026-01-21 13:55:57,217 - position: [ 0.75074846 -1.76868379  0.03990815]
2026-01-21 13:55:57,462 - position: [ 0.75069451 -1.7686491   0.0398734 ]
2026-01-21 13:55:57,781 - position: [ 0.75034791 -1.76901579  0.03943766]
2026-01-21 13:55:57,996 - position: [ 0.75032496 -1.76906061  0.03941942]
2026-01-21 13:55:58,269 - position: [ 0.74876285 -1.77040434  0.03799476]
2026-01-21 13:55:58,586 - position: [ 0.74763465 -1.77178538  0.03700461]
2026-01-21 13:55:58,848 - position: [ 0.74836022 -1.77154624  0.03771011]
2026-01-21 13:55:59,087 - position: [ 0.74845487 -1.77155018  0.03776138]
2026-01-21 13:55:59,307 - position: [ 0.74863261 -1.77161348  0.03777486]
2026-01-21 13:55:59,539 - position: [ 0.74874866 -1.77174139  0.03793539]
2026-01-21 13:55:59,760 - position: [ 0.74905068 -1.77171183  0.03815307]
2026-01-21 13:55:59,990 - position: [ 0.74893719 -1.77167571  0.03786644]
2026-01-21 13:56:00,212 - position: [ 0.74879467 -1.77149081  0.03788128]
2026-01-21 13:56:00,421 - position: [ 0.7490561  -1.77151716  0.037976  ]
2026-01-21 13:56:00,680 - position: [ 0.74913031 -1.7714324   0.03807145]
2026-01-21 13:56:00,896 - position: [ 0.74899608 -1.77136195  0.03788958]
2026-01-21 13:56:01,182 - position: [ 0.74887824 -1.77144933  0.03781497]
2026-01-21 13:56:01,401 - position: [ 0.74854463 -1.77144194  0.03751207]
2026-01-21 13:56:01,644 - position: [ 0.74886787 -1.77180433  0.03760161]
2026-01-21 13:56:01,872 - position: [ 0.7491399  -1.77171969  0.03772192]
2026-01-21 13:56:02,078 - position: [ 0.74897605 -1.7716707   0.03757864]
2026-01-21 13:56:02,285 - position: [ 0.74868852 -1.77207005  0.03759722]
2026-01-21 13:56:02,507 - position: [ 0.74901664 -1.77208233  0.03780466]
2026-01-21 13:56:02,731 - position: [ 0.74927729 -1.77232301  0.038095  ]
2026-01-21 13:56:02,947 - position: [ 0.74900162 -1.77240002  0.03772705]
2026-01-21 13:56:03,171 - position: [ 0.74926698 -1.77344382  0.03770237]
2026-01-21 13:56:03,396 - position: [ 0.7490989  -1.77380371  0.03752443]
2026-01-21 13:56:03,730 - position: [ 0.74913323 -1.77398109  0.03749967]
2026-01-21 13:56:03,972 - position: [ 0.74915212 -1.77411461  0.0373213 ]
2026-01-21 13:56:04,190 - position: [ 0.74907464 -1.77402961  0.03719788]
2026-01-21 13:56:04,419 - position: [ 0.74899501 -1.77406764  0.03713499]
2026-01-21 13:56:04,656 - position: [ 0.74853671 -1.77421045  0.03640911]
2026-01-21 13:56:04,880 - position: [ 0.74842155 -1.77428126  0.03605177]
2026-01-21 13:56:05,105 - position: [ 0.74837601 -1.77421784  0.03606896]
2026-01-21 13:56:05,317 - position: [ 0.74841976 -1.77422643  0.03609272]
2026-01-21 13:56:05,575 - position: [ 0.74839211 -1.77419972  0.03578511]
2026-01-21 13:56:05,815 - position: [ 0.74836451 -1.77414489  0.03580698]
2026-01-21 13:56:06,042 - position: [ 0.74848133 -1.77413023  0.0358015 ]
2026-01-21 13:56:06,297 - position: [ 0.7487011  -1.77388     0.03614783]
2026-01-21 13:56:06,525 - position: [ 0.74881887 -1.77385342  0.03621209]
2026-01-21 13:56:06,779 - position: [ 0.74910021 -1.77369273  0.03644926]
2026-01-21 13:56:06,997 - position: [ 0.74943793 -1.77360833  0.03659363]
2026-01-21 13:56:07,253 - position: [ 0.74952823 -1.77349138  0.03681024]
2026-01-21 13:56:07,459 - position: [ 0.74949098 -1.77343678  0.03682484]
2026-01-21 13:56:07,696 - position: [ 0.74952656 -1.77349555  0.03676096]
2026-01-21 13:56:07,950 - position: [ 0.7494728  -1.77340794  0.03678302]
2026-01-21 13:56:08,197 - position: [ 0.74949294 -1.77331829  0.03681704]
2026-01-21 13:56:08,436 - position: [ 0.74952978 -1.77345407  0.03685495]
2026-01-21 13:56:08,667 - position: [ 0.7492938  -1.77343464  0.03669177]
2026-01-21 13:56:08,906 - position: [ 0.74925196 -1.77349925  0.0366293 ]
2026-01-21 13:56:09,196 - position: [ 0.74903566 -1.77337682  0.03652577]
2026-01-21 13:56:09,428 - position: [ 0.74895179 -1.7732718   0.03644589]
2026-01-21 13:56:09,691 - position: [ 0.74920106 -1.77329767  0.0365266 ]
2026-01-21 13:56:09,897 - position: [ 0.74910438 -1.77355587  0.0365746 ]
2026-01-21 13:56:10,201 - position: [ 0.74924952 -1.77367651  0.03669522]
2026-01-21 13:56:10,453 - position: [ 0.74902034 -1.7738744   0.03640207]
2026-01-21 13:56:10,674 - position: [ 0.74838036 -1.77525556  0.03566014]
2026-01-21 13:56:10,956 - position: [ 0.74833763 -1.77505314  0.03574418]
2026-01-21 13:56:11,196 - position: [ 0.74813801 -1.77491856  0.03565099]
2026-01-21 13:56:11,468 - position: [ 0.74829698 -1.77502561  0.03574665]
2026-01-21 13:56:11,694 - position: [ 0.74826699 -1.77528286  0.03585398]
2026-01-21 13:56:12,078 - position: [ 0.74847019 -1.7751981   0.03619478]
2026-01-21 13:56:12,321 - position: [ 0.7484268  -1.77507889  0.03624983]
2026-01-21 13:56:12,601 - position: [ 0.74864531 -1.77512455  0.03634129]
2026-01-21 13:56:12,908 - position: [ 0.74797374 -1.77513313  0.03578342]
2026-01-21 13:56:13,129 - position: [ 0.74795592 -1.7751509   0.03575603]
2026-01-21 13:56:13,355 - position: [ 0.7481153  -1.77521181  0.03577799]
2026-01-21 13:56:13,673 - position: [ 0.74830651 -1.77506399  0.03589339]
2026-01-21 13:56:13,925 - position: [ 0.74835181 -1.77511072  0.03593267]
2026-01-21 13:56:14,158 - position: [ 0.74827284 -1.77510619  0.03589781]
2026-01-21 13:56:14,372 - position: [ 0.74824047 -1.77513611  0.03585216]
2026-01-21 13:56:14,633 - position: [ 0.74816585 -1.77508652  0.03581987]
2026-01-21 13:56:14,886 - position: [ 0.74832606 -1.77520657  0.03591951]
2026-01-21 13:56:15,152 - position: [ 0.74830329 -1.77524877  0.03591464]
2026-01-21 13:56:15,452 - position: [ 0.74819469 -1.77520823  0.03582036]
2026-01-21 13:56:15,710 - position: [ 0.74803793 -1.77520454  0.0356732 ]
2026-01-21 13:56:15,971 - position: [ 0.74802262 -1.77520216  0.03564698]
2026-01-21 13:56:16,197 - position: [ 0.74786133 -1.77515578  0.03558986]
2026-01-21 13:56:16,482 - position: [ 0.74800467 -1.77511001  0.035737  ]
2026-01-21 13:56:16,720 - position: [ 0.74815381 -1.77497077  0.035808  ]
2026-01-21 13:56:16,954 - position: [ 0.74815381 -1.77497077  0.035808  ]
2026-01-21 13:56:17,194 - position: [ 0.7481882  -1.77498341  0.03577531]
2026-01-21 13:56:17,446 - position: [ 0.74821663 -1.77511978  0.03561514]
2026-01-21 13:56:17,690 - position: [ 0.74798954 -1.77528179  0.03547103]
2026-01-21 13:56:17,902 - position: [ 0.74809504 -1.77514493  0.03549084]
2026-01-21 13:56:18,113 - position: [ 0.74810654 -1.77508521  0.03568975]
2026-01-21 13:56:18,317 - position: [ 0.74796003 -1.77492595  0.0357258 ]
2026-01-21 13:56:18,587 - position: [ 0.74806035 -1.77529395  0.04560766]
2026-01-21 13:56:18,798 - position: [ 0.7195732  -1.78088045  0.14413187]
2026-01-21 13:56:19,004 - position: [ 0.66769153 -1.79194021  0.25278684]
2026-01-21 13:56:19,250 - position: [ 0.62306893 -1.80539691  0.33055773]
2026-01-21 13:56:19,544 - position: [ 0.58138722 -1.81271875  0.37865227]
2026-01-21 13:56:19,791 - position: [ 0.55256635 -1.82238758  0.41317254]
2026-01-21 13:56:20,121 - position: [ 0.43357837 -1.85119593  0.52751064]
2026-01-21 13:56:20,325 - position: [ 0.43357837 -1.85119593  0.52751064]
2026-01-21 13:56:20,579 - position: [ 0.43357837 -1.85119593  0.52751064]
2026-01-21 13:56:20,808 - position: [ 0.43357837 -1.85119593  0.52751064]
2026-01-21 13:56:21,064 - position: [ 0.43357837 -1.85119593  0.52751064]
2026-01-21 13:56:21,286 - position: [ 0.43357837 -1.85119593  0.52751064]
2026-01-21 13:56:21,522 - position: [ 0.43357837 -1.85119593  0.52751064]
2026-01-21 13:56:21,774 - position: [ 0.65259296 -1.8508085   0.28665316]
2026-01-21 13:56:22,014 - position: [ 0.74654305 -1.77497792  0.0517026 ]
2026-01-21 13:56:22,298 - position: [ 0.74501908 -1.7655313   0.04624593]
2026-01-21 13:56:22,648 - position: [ 0.74407101 -1.76648057  0.04575684]
2026-01-21 13:56:22,897 - position: [ 0.74427921 -1.76749647  0.0460181 ]
2026-01-21 13:56:23,175 - position: [ 0.74399167 -1.76769781  0.04589472]
2026-01-21 13:56:23,486 - position: [ 0.74421459 -1.76777899  0.04607344]
2026-01-21 13:56:23,694 - position: [ 0.74439675 -1.76765108  0.04612425]
2026-01-21 13:56:23,901 - position: [ 0.74424016 -1.76818728  0.04606897]
2026-01-21 13:56:24,117 - position: [ 0.74463457 -1.76737821  0.04552338]
2026-01-21 13:56:24,463 - position: [ 0.74422461 -1.76817966  0.04548291]
2026-01-21 13:56:24,720 - position: [ 0.74438792 -1.7686826   0.0454918 ]
2026-01-21 13:56:24,931 - position: [ 0.74450284 -1.76873529  0.04557341]
2026-01-21 13:56:25,225 - position: [ 0.74415684 -1.76865387  0.04531503]
2026-01-21 13:56:25,486 - position: [ 0.74405074 -1.76874626  0.04519439]
2026-01-21 13:56:25,739 - position: [ 0.74403566 -1.7691803   0.0452508 ]
2026-01-21 13:56:25,958 - position: [ 0.74417061 -1.7690835   0.04529906]
2026-01-21 13:56:26,225 - position: [ 0.74380171 -1.76897454  0.04511924]
2026-01-21 13:56:26,459 - position: [ 0.74408561 -1.7690171   0.04525709]
2026-01-21 13:56:26,686 - position: [ 0.74368924 -1.7689997   0.04506196]
2026-01-21 13:56:26,913 - position: [ 0.74356812 -1.76879942  0.04493708]
2026-01-21 13:56:27,138 - position: [ 0.74330133 -1.76874125  0.04477949]
2026-01-21 13:56:27,384 - position: [ 0.74343204 -1.76872718  0.04478475]
2026-01-21 13:56:27,632 - position: [ 0.74328738 -1.76904845  0.04472177]
2026-01-21 13:56:27,905 - position: [ 0.74308515 -1.76983857  0.04482132]
2026-01-21 13:56:28,107 - position: [ 0.74338305 -1.77026379  0.04513841]
2026-01-21 13:56:28,332 - position: [ 0.74345857 -1.77078533  0.04530692]
2026-01-21 13:56:28,541 - position: [ 0.74326414 -1.77105093  0.04523418]
2026-01-21 13:56:28,800 - position: [ 0.74356878 -1.77165163  0.04580117]
2026-01-21 13:56:29,094 - position: [ 0.74336535 -1.77160084  0.04565249]
2026-01-21 13:56:29,348 - position: [ 0.74342352 -1.77160633  0.04557979]
2026-01-21 13:56:29,585 - position: [ 0.74360853 -1.77187121  0.04561032]
2026-01-21 13:56:29,811 - position: [ 0.74356145 -1.77224362  0.04585021]
2026-01-21 13:56:30,044 - position: [ 0.74223453 -1.77251887  0.04482333]
2026-01-21 13:56:30,272 - position: [ 0.74276477 -1.77206087  0.04506832]
2026-01-21 13:56:30,600 - position: [ 0.74229538 -1.7721417   0.04449771]
2026-01-21 13:56:30,834 - position: [ 0.74272275 -1.77252567  0.04459504]
2026-01-21 13:56:31,108 - position: [ 0.7426948  -1.77207541  0.04448519]
2026-01-21 13:56:31,382 - position: [ 0.74286991 -1.77228713  0.04445225]
2026-01-21 13:56:31,607 - position: [ 0.74295074 -1.77241123  0.04441967]
2026-01-21 13:56:31,913 - position: [ 0.74271053 -1.77226925  0.04425982]
2026-01-21 13:56:32,136 - position: [ 0.74236095 -1.77208579  0.04405668]
2026-01-21 13:56:32,361 - position: [ 0.74277943 -1.7720294   0.04434601]
2026-01-21 13:56:32,572 - position: [ 0.74287319 -1.7720176   0.04430667]
2026-01-21 13:56:32,795 - position: [ 0.74287319 -1.7720176   0.04430667]
2026-01-21 13:56:33,038 - position: [ 0.74289185 -1.77317166  0.04419803]
2026-01-21 13:56:33,277 - position: [ 0.74296486 -1.77429652  0.04433938]
2026-01-21 13:56:33,522 - position: [ 0.74245691 -1.77557802  0.04410784]
2026-01-21 13:56:33,752 - position: [ 0.74275768 -1.77622151  0.04442374]
2026-01-21 13:56:34,086 - position: [ 0.74199414 -1.77706683  0.04366174]
2026-01-21 13:56:34,347 - position: [ 0.7411539  -1.77907908  0.04270094]
2026-01-21 13:56:34,568 - position: [ 0.74172258 -1.77894568  0.04337402]
2026-01-21 13:56:34,860 - position: [ 0.74189848 -1.77886307  0.04368877]
2026-01-21 13:56:35,084 - position: [ 0.74183947 -1.77879047  0.0436995 ]
2026-01-21 13:56:35,334 - position: [ 0.7421726  -1.77859867  0.0437902 ]
2026-01-21 13:56:35,564 - position: [ 0.74212122 -1.77880526  0.04370643]
2026-01-21 13:56:35,820 - position: [ 0.74219829 -1.77802658  0.04387319]
2026-01-21 13:56:36,071 - position: [ 0.74239588 -1.7780844   0.04397643]
2026-01-21 13:56:36,335 - position: [ 0.74237341 -1.77804172  0.043924  ]
2026-01-21 13:56:36,594 - position: [ 0.74215901 -1.7778405   0.04383821]
2026-01-21 13:56:36,819 - position: [ 0.74224943 -1.7767539   0.04423566]
2026-01-21 13:56:37,074 - position: [ 0.74216813 -1.77678072  0.04410597]
2026-01-21 13:56:37,334 - position: [ 0.74230975 -1.77687287  0.04407339]
2026-01-21 13:56:37,545 - position: [ 0.74235559 -1.77794731  0.04369016]
2026-01-21 13:56:37,781 - position: [ 0.74213266 -1.77843499  0.04343014]
2026-01-21 13:56:38,006 - position: [ 0.74199891 -1.77864003  0.04325038]
2026-01-21 13:56:38,220 - position: [ 0.74199486 -1.7787087   0.0432158 ]
2026-01-21 13:56:38,441 - position: [ 0.74202615 -1.77877545  0.04322438]
2026-01-21 13:56:38,683 - position: [ 0.74205482 -1.77889061  0.04317208]
2026-01-21 13:56:38,912 - position: [ 0.74196851 -1.77888167  0.04306238]
2026-01-21 13:56:39,119 - position: [ 0.74189192 -1.77892804  0.04298492]
2026-01-21 13:56:39,321 - position: [ 0.7418108  -1.77913952  0.04266321]
2026-01-21 13:56:39,565 - position: [ 0.74151975 -1.77905369  0.04222738]
2026-01-21 13:56:39,808 - position: [ 0.7417677  -1.77892148  0.04206178]
2026-01-21 13:56:40,037 - position: [ 0.74199754 -1.77765787  0.04352795]
2026-01-21 13:56:40,262 - position: [ 0.74173051 -1.77740645  0.04345866]
2026-01-21 13:56:40,515 - position: [ 0.74011987 -1.76912141  0.05386976]
2026-01-21 13:56:40,762 - position: [ 0.7186842  -1.71722829  0.09587205]
2026-01-21 13:56:40,990 - position: [ 0.70033669 -1.69220901  0.11928944]
2026-01-21 13:56:41,231 - position: [ 0.68890041 -1.69223905  0.13410328]
2026-01-21 13:56:41,463 - position: [ 0.68681926 -1.69293571  0.13716173]
2026-01-21 13:56:41,721 - position: [ 0.67449158 -1.69496596  0.17719972]
2026-01-21 13:56:41,991 - position: [ 0.6755473  -1.6921016   0.17026718]
2026-01-21 13:56:42,278 - position: [ 0.67877841 -1.69346869  0.1650275 ]
2026-01-21 13:56:42,549 - position: [ 0.67776519 -1.69230318  0.16477495]
2026-01-21 13:56:42,784 - position: [ 0.67821205 -1.69227397  0.16238359]
2026-01-21 13:56:43,015 - position: [ 0.68172359 -1.69363594  0.15747352]
2026-01-21 13:56:43,226 - position: [ 0.70872074 -1.70796919  0.12077536]
2026-01-21 13:56:43,479 - position: [ 0.73557121 -1.74877799  0.06697515]
2026-01-21 13:56:43,707 - position: [ 0.73689437 -1.75058997  0.05686097]
2026-01-21 13:56:43,954 - position: [ 0.73551452 -1.74767935  0.05646353]
2026-01-21 13:56:44,197 - position: [ 0.73610562 -1.75150859  0.05597985]
2026-01-21 13:56:44,421 - position: [ 0.73614097 -1.75094283  0.05602772]
2026-01-21 13:56:44,671 - position: [ 0.73626202 -1.75135124  0.05594595]
2026-01-21 13:56:44,939 - position: [ 0.73473668 -1.74359024  0.0561235 ]
2026-01-21 13:56:45,170 - position: [ 0.72154546 -1.69612634  0.09022917]
2026-01-21 13:56:45,411 - position: [ 0.72675729 -1.69700718  0.0739409 ]
2026-01-21 13:56:45,646 - position: [ 0.72511178 -1.69850886  0.0602448 ]
2026-01-21 13:56:45,885 - position: [ 0.72389686 -1.68955719  0.07099714]
2026-01-21 13:56:46,109 - position: [ 0.72057605 -1.68767381  0.07623924]
2026-01-21 13:56:46,336 - position: [ 0.72369868 -1.68834627  0.05994414]
2026-01-21 13:56:46,562 - position: [ 0.71169478 -1.68081844  0.09865051]
2026-01-21 13:56:46,797 - position: [ 0.70363367 -1.68334091  0.12004957]
2026-01-21 13:56:47,013 - position: [ 0.6686883  -1.69000542  0.18528678]
2026-01-21 13:56:47,224 - position: [ 0.55947292 -1.63230658  0.24809048]
2026-01-21 13:56:47,488 - position: [ 0.52522206 -1.60714114  0.24959005]
2026-01-21 13:56:47,729 - position: [ 0.49912626 -1.580881    0.24036063]
2026-01-21 13:56:47,956 - position: [ 0.49427727 -1.58265352  0.24281718]
2026-01-21 13:56:48,245 - position: [ 0.4949401  -1.58305776  0.24192347]
2026-01-21 13:56:48,534 - position: [ 0.4959034  -1.58294582  0.24020189]
2026-01-21 13:56:48,762 - position: [ 0.49633288 -1.58276618  0.23975056]
2026-01-21 13:56:48,974 - position: [ 0.49710581 -1.58297181  0.23969078]
2026-01-21 13:56:49,207 - position: [ 0.49749497 -1.58429158  0.23971659]
2026-01-21 13:56:49,458 - position: [ 0.49780098 -1.58425188  0.2398746 ]
2026-01-21 13:56:49,676 - position: [ 0.49794757 -1.58418798  0.23971857]
2026-01-21 13:56:49,883 - position: [ 0.49816859 -1.58420074  0.23965997]
2026-01-21 13:56:50,110 - position: [ 0.49814877 -1.58421576  0.23962757]
2026-01-21 13:56:50,383 - position: [ 0.49808359 -1.58419597  0.23949875]
2026-01-21 13:56:50,603 - position: [ 0.49826929 -1.58468533  0.23979098]
2026-01-21 13:56:50,820 - position: [ 0.49895439 -1.58577001  0.23964694]
2026-01-21 13:56:51,083 - position: [ 0.5001446  -1.58655763  0.24002835]
2026-01-21 13:56:51,313 - position: [ 0.50041217 -1.58736944  0.24026699]
2026-01-21 13:56:51,559 - position: [ 0.50489408 -1.59111202  0.24032785]
2026-01-21 13:56:51,847 - position: [ 0.50506699 -1.59077346  0.23972577]
2026-01-21 13:56:52,074 - position: [ 0.5050689  -1.59067118  0.2396154 ]
2026-01-21 13:56:52,334 - position: [ 0.50476849 -1.59061563  0.23937073]
2026-01-21 13:56:52,594 - position: [ 0.50526911 -1.5904361   0.23925851]
2026-01-21 13:56:52,818 - position: [ 0.50509071 -1.59045172  0.23924918]
2026-01-21 13:56:53,026 - position: [ 0.50497365 -1.59047139  0.23885122]
2026-01-21 13:56:53,235 - position: [ 0.50539047 -1.59022689  0.23916058]
2026-01-21 13:56:53,442 - position: [ 0.50481683 -1.5903399   0.23877007]
2026-01-21 13:56:53,700 - position: [ 0.51344502 -1.60525942  0.24784164]
2026-01-21 13:56:54,001 - position: [ 0.58154553 -1.64637601  0.23902944]
2026-01-21 13:56:54,262 - position: [ 0.61855811 -1.64976394  0.21203889]
2026-01-21 13:56:54,526 - position: [ 0.61860013 -1.64748931  0.21002389]
2026-01-21 13:56:54,791 - position: [ 0.62218791 -1.649266    0.20863882]
2026-01-21 13:56:55,034 - position: [ 0.62236601 -1.6494391   0.20840375]
2026-01-21 13:56:55,272 - position: [ 0.62263519 -1.64952171  0.20829234]
2026-01-21 13:56:55,544 - position: [ 0.62270385 -1.64959335  0.20826015]
2026-01-21 13:56:55,765 - position: [ 0.62475103 -1.6516794   0.20655291]
2026-01-21 13:56:55,978 - position: [ 0.62478667 -1.65324962  0.20776823]
2026-01-21 13:56:56,205 - position: [ 0.61166793 -1.6750015   0.23602901]
2026-01-21 13:56:56,441 - position: [ 0.57248425 -1.71286678  0.30792806]
2026-01-21 13:56:56,762 - position: [ 0.42752537 -1.79338527  0.46309713]
2026-01-21 13:56:57,015 - position: [ 0.42752537 -1.79338527  0.46309713]
2026-01-21 13:56:57,246 - position: [ 0.42752537 -1.79338527  0.46309713]
2026-01-21 13:56:57,476 - position: [ 0.42752537 -1.79338527  0.46309713]
2026-01-21 13:56:57,687 - position: [ 0.42752537 -1.79338527  0.46309713]
2026-01-21 13:56:57,955 - position: [ 0.42752537 -1.79338527  0.46309713]
2026-01-21 13:56:58,181 - position: [ 0.42752537 -1.79338527  0.46309713]
2026-01-21 13:56:58,394 - position: [ 0.21116497 -1.75274098  0.42637432]
2026-01-21 13:56:58,708 - position: [ 0.5822084  -1.61878037  0.23713306]
2026-01-21 13:56:58,987 - position: [ 0.58812922 -1.63895261  0.23789404]
2026-01-21 13:56:59,217 - position: [ 0.61181802 -1.65486336  0.22423515]
2026-01-21 13:56:59,518 - position: [ 0.60896909 -1.65285599  0.22616686]
2026-01-21 13:56:59,779 - position: [ 0.60959077 -1.65634787  0.22281291]
2026-01-21 13:56:59,995 - position: [ 0.61000729 -1.65693605  0.22115405]
2026-01-21 13:57:00,264 - position: [ 0.61024904 -1.65715897  0.22033264]
2026-01-21 13:57:00,511 - position: [ 0.6108017  -1.65783846  0.21977258]
2026-01-21 13:57:00,772 - position: [ 0.61450601 -1.66294789  0.21768159]
2026-01-21 13:57:00,979 - position: [ 0.61466217 -1.66021872  0.21568866]
2026-01-21 13:57:01,222 - position: [ 0.61721987 -1.64809513  0.21261999]
2026-01-21 13:57:01,472 - position: [ 0.62631291 -1.66256893  0.20951882]
2026-01-21 13:57:01,682 - position: [ 0.57045954 -1.67865038  0.26560125]
2026-01-21 13:57:01,900 - position: [ 0.34824377 -1.66784406  0.33897877]
2026-01-21 13:57:02,150 - position: [ 0.10179166 -1.61566758  0.26599705]
2026-01-21 13:57:02,378 - position: [ 0.07245821 -1.59172547  0.23362117]
2026-01-21 13:57:02,628 - position: [ 0.07021965 -1.5939399   0.23285837]
2026-01-21 13:57:02,857 - position: [ 0.08073609 -1.60395801  0.2286907 ]
2026-01-21 13:57:03,096 - position: [ 0.0974478  -1.60373533  0.23624729]
2026-01-21 13:57:03,306 - position: [ 0.09709883 -1.60542202  0.23108275]
2026-01-21 13:57:03,541 - position: [ 0.09515791 -1.60237932  0.23017026]
2026-01-21 13:57:03,795 - position: [ 0.09316874 -1.60796762  0.23092096]
2026-01-21 13:57:04,025 - position: [ 0.08750191 -1.60887909  0.22975321]
2026-01-21 13:57:04,226 - position: [ 0.0930803  -1.61195874  0.2289986 ]
2026-01-21 13:57:04,456 - position: [ 0.0930803  -1.61195874  0.2289986 ]
2026-01-21 13:57:04,697 - position: [ 0.17686048 -1.61226666  0.2813935 ]
2026-01-21 13:57:04,917 - position: [ 0.45459047 -1.63050127  0.27858317]
2026-01-21 13:57:05,141 - position: [ 0.4776586  -1.62845552  0.27115408]
2026-01-21 13:57:05,371 - position: [ 0.61079901 -1.63601649  0.21138088]
2026-01-21 13:57:05,645 - position: [ 0.61571383 -1.63380921  0.21721677]
2026-01-21 13:57:05,889 - position: [ 0.6188032  -1.63565373  0.20863861]
2026-01-21 13:57:06,152 - position: [ 0.61936218 -1.63493192  0.20793451]
2026-01-21 13:57:06,406 - position: [ 0.6203298  -1.63591456  0.20651834]
2026-01-21 13:57:06,636 - position: [ 0.6203298  -1.63591456  0.20651834]
2026-01-21 13:57:06,869 - position: [ 0.64625782 -1.64871418  0.19109656]
2026-01-21 13:57:07,159 - position: [ 0.65224767 -1.65503275  0.18953913]
2026-01-21 13:57:07,366 - position: [ 0.65774596 -1.67112577  0.18231845]
2026-01-21 13:57:07,652 - position: [ 0.66002131 -1.66894913  0.18206325]
2026-01-21 13:57:07,857 - position: [ 0.66002131 -1.66894913  0.18206325]
2026-01-21 13:57:08,061 - position: [ 0.66447634 -1.6728766   0.17883158]
2026-01-21 13:57:08,282 - position: [ 0.66490144 -1.67275643  0.17873549]
2026-01-21 13:57:08,544 - position: [ 0.66437781 -1.67255783  0.17923051]
2026-01-21 13:57:08,791 - position: [ 0.66413105 -1.67209566  0.17943801]
2026-01-21 13:57:09,008 - position: [ 0.66375184 -1.67182124  0.1797706 ]
2026-01-21 13:57:09,222 - position: [ 0.66386843 -1.67099762  0.17885479]
2026-01-21 13:57:09,445 - position: [ 0.66389447 -1.67052341  0.17827339]
2026-01-21 13:57:09,672 - position: [ 0.66441578 -1.67107248  0.1783269 ]
2026-01-21 13:57:09,884 - position: [ 0.66315651 -1.67342603  0.17840596]
2026-01-21 13:57:10,096 - position: [ 0.6620543  -1.67282867  0.17849569]
2026-01-21 13:57:10,343 - position: [ 0.66160035 -1.67172945  0.17861383]
2026-01-21 13:57:10,580 - position: [ 0.6615057  -1.67387986  0.17725579]
2026-01-21 13:57:10,813 - position: [ 0.66196835 -1.67253685  0.17720185]
2026-01-21 13:57:11,045 - position: [ 0.66239572 -1.6726526   0.17621312]
2026-01-21 13:57:11,276 - position: [ 0.66250455 -1.67347324  0.17681688]
2026-01-21 13:57:11,506 - position: [ 0.66259676 -1.67422414  0.17740051]
2026-01-21 13:57:11,774 - position: [ 0.66141957 -1.67569208  0.17853315]
2026-01-21 13:57:12,028 - position: [ 0.65523177 -1.67301023  0.1854348 ]
2026-01-21 13:57:12,279 - position: [ 0.65320003 -1.67204356  0.18767773]
2026-01-21 13:57:12,498 - position: [ 0.65492719 -1.67080772  0.18310881]
2026-01-21 13:57:12,723 - position: [ 0.65458703 -1.66916919  0.18231058]
2026-01-21 13:57:12,924 - position: [ 0.65508085 -1.66920292  0.18146892]
2026-01-21 13:57:13,136 - position: [ 0.65728229 -1.66884267  0.18053171]
2026-01-21 13:57:13,363 - position: [ 0.65889287 -1.66902792  0.17838924]
2026-01-21 13:57:13,566 - position: [ 0.65978175 -1.66880071  0.17603493]
2026-01-21 13:57:13,822 - position: [ 0.65989101 -1.67194843  0.17564104]
2026-01-21 13:57:14,044 - position: [ 0.66077358 -1.67289352  0.17646408]
2026-01-21 13:57:14,305 - position: [ 0.65954232 -1.67073333  0.17781019]
2026-01-21 13:57:14,561 - position: [ 0.66163141 -1.67396331  0.17524303]
2026-01-21 13:57:14,789 - position: [ 0.66221142 -1.67222917  0.17549157]
2026-01-21 13:57:15,039 - position: [ 0.66229004 -1.67393005  0.17858468]
2026-01-21 13:57:15,271 - position: [ 0.66322458 -1.67601514  0.17895354]
2026-01-21 13:57:15,482 - position: [ 0.66407901 -1.67602742  0.17817231]
2026-01-21 13:57:15,706 - position: [ 0.66491145 -1.6768173   0.17682347]
2026-01-21 13:57:15,962 - position: [ 0.66524935 -1.67687309  0.1765078 ]
2026-01-21 13:57:16,170 - position: [ 0.66578764 -1.67749751  0.17623638]
2026-01-21 13:57:16,479 - position: [ 0.66609967 -1.67690432  0.17542607]
2026-01-21 13:57:16,724 - position: [ 0.66630799 -1.67590499  0.17421271]
2026-01-21 13:57:16,957 - position: [ 0.66625762 -1.67582822  0.17399283]
2026-01-21 13:57:17,179 - position: [ 0.66648227 -1.67586195  0.17386264]
2026-01-21 13:57:17,431 - position: [ 0.66740519 -1.67658484  0.17321278]
2026-01-21 13:57:17,650 - position: [ 0.66785491 -1.67674303  0.17281164]
2026-01-21 13:57:17,890 - position: [ 0.6683439  -1.67697906  0.17237189]
2026-01-21 13:57:18,099 - position: [ 0.66946107 -1.67745876  0.17123176]
2026-01-21 13:57:18,368 - position: [ 0.67016357 -1.67778385  0.17052642]
2026-01-21 13:57:18,594 - position: [ 0.67066294 -1.67746949  0.16896515]
2026-01-21 13:57:18,817 - position: [ 0.67076904 -1.67829514  0.16832966]
2026-01-21 13:57:19,037 - position: [ 0.67113465 -1.67830276  0.1679787 ]
2026-01-21 13:57:19,276 - position: [ 0.67141759 -1.67836034  0.16784433]
2026-01-21 13:57:19,502 - position: [ 0.67203373 -1.67937541  0.16781898]
2026-01-21 13:57:19,726 - position: [ 0.67209446 -1.67938685  0.16794537]
2026-01-21 13:57:19,999 - position: [ 0.6721909  -1.67939377  0.1679396 ]
2026-01-21 13:57:20,212 - position: [ 0.67213094 -1.67921793  0.16811675]
2026-01-21 13:57:20,505 - position: [ 0.67190129 -1.67917597  0.16816196]
2026-01-21 13:57:20,740 - position: [ 0.67143488 -1.67909276  0.16792567]
2026-01-21 13:57:20,942 - position: [ 0.67134738 -1.67903674  0.16784479]
2026-01-21 13:57:21,178 - position: [ 0.67092335 -1.67881882  0.1675183 ]
2026-01-21 13:57:21,415 - position: [ 0.67044955 -1.67894018  0.16747187]
2026-01-21 13:57:21,621 - position: [ 0.66986346 -1.67862761  0.16829589]
2026-01-21 13:57:21,881 - position: [ 0.66925722 -1.67854702  0.16911498]
2026-01-21 13:57:22,082 - position: [ 0.66894257 -1.67911291  0.16926078]
2026-01-21 13:57:22,324 - position: [ 0.66946137 -1.67954123  0.16938779]
2026-01-21 13:57:22,568 - position: [ 0.66992825 -1.67979217  0.16823237]
2026-01-21 13:57:22,804 - position: [ 0.67008382 -1.67988074  0.1688074 ]
2026-01-21 13:57:23,025 - position: [ 0.67025512 -1.67841506  0.16869518]
2026-01-21 13:57:23,318 - position: [ 0.67019874 -1.67926896  0.168705  ]
2026-01-21 13:57:23,543 - position: [ 0.67027247 -1.67864275  0.1690723 ]
2026-01-21 13:57:23,792 - position: [ 0.67074567 -1.6788764   0.16871956]
2026-01-21 13:57:24,010 - position: [ 0.67143697 -1.67830884  0.16911335]
2026-01-21 13:57:24,219 - position: [ 0.67136872 -1.67851472  0.16904916]
2026-01-21 13:57:24,522 - position: [ 0.6716904  -1.67850471  0.1687521 ]
2026-01-21 13:57:24,734 - position: [ 0.6717484  -1.67865503  0.16874008]
2026-01-21 13:57:24,987 - position: [ 0.67174828 -1.6786586   0.16867284]
2026-01-21 13:57:25,261 - position: [ 0.6717838  -1.67847812  0.1686614 ]
2026-01-21 13:57:25,474 - position: [ 0.67175943 -1.67850709  0.16865346]
2026-01-21 13:57:25,716 - position: [ 0.67253613 -1.67910826  0.16853838]
2026-01-21 13:57:25,928 - position: [ 0.67237562 -1.67907393  0.16883847]
2026-01-21 13:57:26,154 - position: [ 0.67243207 -1.67921472  0.16918981]
2026-01-21 13:57:26,373 - position: [ 0.67211533 -1.67903495  0.16914041]
2026-01-21 13:57:26,650 - position: [ 0.67204309 -1.67892432  0.16925956]
2026-01-21 13:57:26,887 - position: [ 0.67196935 -1.6788367   0.16942348]
2026-01-21 13:57:27,150 - position: [ 0.67125064 -1.67921472  0.16998422]
2026-01-21 13:57:27,403 - position: [ 0.67091572 -1.67910624  0.17006584]
2026-01-21 13:57:27,649 - position: [ 0.66947472 -1.68043303  0.16992669]
2026-01-21 13:57:27,889 - position: [ 0.66930723 -1.68038225  0.16942228]
2026-01-21 13:57:28,138 - position: [ 0.66987562 -1.68111312  0.17042805]
2026-01-21 13:57:28,364 - position: [ 0.66942561 -1.68169069  0.16916296]
2026-01-21 13:57:28,613 - position: [ 0.66880685 -1.67994571  0.1704673 ]
2026-01-21 13:57:28,854 - position: [ 0.66909742 -1.68053973  0.17169079]
2026-01-21 13:57:29,075 - position: [ 0.66971743 -1.6813674   0.17130363]
2026-01-21 13:57:29,288 - position: [ 0.67089933 -1.68481541  0.17218825]
2026-01-21 13:57:29,509 - position: [ 0.67188799 -1.68627989  0.17226478]
2026-01-21 13:57:29,763 - position: [ 0.66929197 -1.67941582  0.17251149]
2026-01-21 13:57:29,964 - position: [ 0.66901857 -1.6767745   0.17306378]
2026-01-21 13:57:30,179 - position: [ 0.66998863 -1.6774826   0.17727675]
2026-01-21 13:57:30,405 - position: [ 0.67044014 -1.67592895  0.17656022]
2026-01-21 13:57:30,633 - position: [ 0.66783583 -1.67355561  0.17796408]
2026-01-21 13:57:30,835 - position: [ 0.66783583 -1.67355561  0.17796408]
2026-01-21 13:57:31,056 - position: [ 0.66724193 -1.67283189  0.17751722]
2026-01-21 13:57:31,269 - position: [ 0.66909969 -1.67425573  0.17601374]
2026-01-21 13:57:31,519 - position: [ 0.67052495 -1.67404091  0.17402183]
2026-01-21 13:57:31,766 - position: [ 0.67045414 -1.67368221  0.17398387]
2026-01-21 13:57:32,020 - position: [ 0.67016524 -1.67377543  0.17347382]
2026-01-21 13:57:32,336 - position: [ 0.6703034  -1.67385614  0.17341675]
2026-01-21 13:57:32,579 - position: [ 0.67063862 -1.67447925  0.17279385]
2026-01-21 13:57:32,867 - position: [ 0.67069167 -1.67483914  0.17243111]
2026-01-21 13:57:33,108 - position: [ 0.67118281 -1.67490852  0.17184602]
2026-01-21 13:57:33,339 - position: [ 0.67175746 -1.67544973  0.17086892]
2026-01-21 13:57:33,609 - position: [ 0.67169631 -1.6754185   0.17080741]
2026-01-21 13:57:33,829 - position: [ 0.67167205 -1.67525339  0.17087491]
2026-01-21 13:57:34,070 - position: [ 0.6715095 -1.6751529  0.1709948]
2026-01-21 13:57:34,321 - position: [ 0.67158121 -1.67512107  0.17098424]
2026-01-21 13:57:34,565 - position: [ 0.67158848 -1.67508829  0.17099877]
2026-01-21 13:57:34,795 - position: [ 0.67160958 -1.67515373  0.17096172]
2026-01-21 13:57:35,047 - position: [ 0.67159796 -1.67520833  0.17090246]
2026-01-21 13:57:35,302 - position: [ 0.67175758 -1.67522073  0.17086773]
2026-01-21 13:57:35,548 - position: [ 0.67187673 -1.67508829  0.17098796]
2026-01-21 13:57:35,767 - position: [ 0.67191565 -1.67529178  0.17085244]
2026-01-21 13:57:36,063 - position: [ 0.67218721 -1.67515397  0.17074218]
2026-01-21 13:57:36,299 - position: [ 0.67218363 -1.6753912   0.17068204]
2026-01-21 13:57:36,557 - position: [ 0.67256117 -1.67814207  0.17444611]
2026-01-21 13:57:36,807 - position: [ 0.67177188 -1.67721879  0.17432134]
2026-01-21 13:57:37,038 - position: [ 0.67156267 -1.67702401  0.17407036]
2026-01-21 13:57:37,294 - position: [ 0.67139488 -1.67689466  0.17396876]
2026-01-21 13:57:37,500 - position: [ 0.67142028 -1.67679656  0.17389567]
2026-01-21 13:57:37,711 - position: [ 0.67138362 -1.6767329   0.17384133]
2026-01-21 13:57:37,938 - position: [ 0.67138511 -1.67673969  0.17387132]
2026-01-21 13:57:38,201 - position: [ 0.6714617  -1.67669022  0.17374353]
2026-01-21 13:57:38,450 - position: [ 0.6714685  -1.67667651  0.17371565]
2026-01-21 13:57:38,702 - position: [ 0.67151809 -1.6766957   0.17370167]
2026-01-21 13:57:38,947 - position: [ 0.67146659 -1.67664611  0.1736251 ]
2026-01-21 13:57:39,167 - position: [ 0.6714558  -1.67668271  0.17355603]
2026-01-21 13:57:39,406 - position: [ 0.67146766 -1.67665327  0.17356113]
2026-01-21 13:57:39,674 - position: [ 0.67230505 -1.67896819  0.17533296]
2026-01-21 13:57:39,896 - position: [ 0.67073375 -1.69517756  0.19378714]
2026-01-21 13:57:40,122 - position: [ 0.61551392 -1.77018535  0.3442294 ]
2026-01-21 13:57:40,347 - position: [ 0.46756533 -1.85375655  0.5109365 ]
2026-01-21 13:57:40,559 - position: [ 0.46756533 -1.85375655  0.5109365 ]
2026-01-21 13:57:40,799 - position: [ 0.46756533 -1.85375655  0.5109365 ]
2026-01-21 13:57:41,055 - position: [ 0.46756533 -1.85375655  0.5109365 ]
2026-01-21 13:57:41,305 - position: [ 0.46756533 -1.85375655  0.5109365 ]
2026-01-21 13:57:41,551 - position: [ 0.46756533 -1.85375655  0.5109365 ]
2026-01-21 13:57:41,770 - position: [ 0.46756533 -1.85375655  0.5109365 ]
2026-01-21 13:57:41,993 - position: [ 0.46756533 -1.85375655  0.5109365 ]
2026-01-21 13:57:42,254 - position: [ 0.58492422 -1.6914506   0.30698937]
2026-01-21 13:57:42,517 - position: [ 0.64946139 -1.66286945  0.19684975]
2026-01-21 13:57:42,732 - position: [ 0.65091956 -1.66991436  0.19442804]
2026-01-21 13:57:42,963 - position: [ 0.65369385 -1.67426813  0.18980315]
2026-01-21 13:57:43,240 - position: [ 0.65375638 -1.67475474  0.18838191]
2026-01-21 13:57:43,458 - position: [ 0.65504616 -1.67338133  0.18719056]
2026-01-21 13:57:43,689 - position: [ 0.65514308 -1.67378449  0.18686262]
2026-01-21 13:57:43,940 - position: [ 0.65517551 -1.67402065  0.18690205]
2026-01-21 13:57:44,184 - position: [ 0.65651506 -1.67428267  0.18593468]
2026-01-21 13:57:44,437 - position: [ 0.65588218 -1.67352962  0.18674065]
2026-01-21 13:57:44,671 - position: [ 0.65579724 -1.67349017  0.18558453]
2026-01-21 13:57:44,979 - position: [ 0.65514433 -1.67349374  0.18718804]
2026-01-21 13:57:45,205 - position: [ 0.65795887 -1.67873597  0.18674928]
2026-01-21 13:57:45,423 - position: [ 0.66131318 -1.68173432  0.18461519]
2026-01-21 13:57:45,626 - position: [ 0.66452712 -1.67687404  0.18530442]
2026-01-21 13:57:45,905 - position: [ 0.66574192 -1.68065977  0.18428773]
2026-01-21 13:57:46,130 - position: [ 0.66907489 -1.67418647  0.17281339]
2026-01-21 13:57:46,382 - position: [ 0.66828275 -1.67566133  0.17434111]
2026-01-21 13:57:46,632 - position: [ 0.66810524 -1.67565238  0.17438084]
2026-01-21 13:57:46,865 - position: [ 0.66836256 -1.67840099  0.1788594 ]
2026-01-21 13:57:47,096 - position: [ 0.66389376 -1.66983485  0.18743621]
2026-01-21 13:57:47,325 - position: [ 0.66669273 -1.67147982  0.18196929]
2026-01-21 13:57:47,528 - position: [ 0.66861433 -1.67188251  0.1778792 ]
2026-01-21 13:57:47,786 - position: [ 0.66898865 -1.6730715   0.17743218]
2026-01-21 13:57:48,018 - position: [ 0.66857618 -1.67244589  0.17712507]
2026-01-21 13:57:48,265 - position: [ 0.66830057 -1.67322731  0.17705369]
2026-01-21 13:57:48,474 - position: [ 0.66827577 -1.67301977  0.17704703]
2026-01-21 13:57:48,702 - position: [ 0.66769534 -1.6728406   0.17713125]
2026-01-21 13:57:48,949 - position: [ 0.66771978 -1.67279994  0.17730196]
2026-01-21 13:57:49,202 - position: [ 0.66785783 -1.67293322  0.17719968]
2026-01-21 13:57:49,441 - position: [ 0.66795361 -1.67287958  0.1771774 ]
2026-01-21 13:57:49,660 - position: [ 0.66794556 -1.67288864  0.17718922]
2026-01-21 13:57:49,873 - position: [ 0.66815859 -1.67304313  0.17736121]
2026-01-21 13:57:50,111 - position: [ 0.66819656 -1.67304826  0.17747237]
2026-01-21 13:57:50,350 - position: [ 0.66818345 -1.67297471  0.17739497]
2026-01-21 13:57:50,630 - position: [ 0.66813135 -1.67295885  0.17738371]
2026-01-21 13:57:50,853 - position: [ 0.66790628 -1.67310512  0.17692983]
2026-01-21 13:57:51,095 - position: [ 0.66748995 -1.67236936  0.1771574 ]
2026-01-21 13:57:51,349 - position: [ 0.66770953 -1.67283452  0.17693266]
2026-01-21 13:57:51,596 - position: [ 0.66771394 -1.6726172   0.17717494]
2026-01-21 13:57:51,822 - position: [ 0.66803074 -1.6729033   0.17708895]
2026-01-21 13:57:52,107 - position: [ 0.66817665 -1.67295742  0.17707084]
2026-01-21 13:57:52,376 - position: [ 0.66794634 -1.6726371   0.17699611]
2026-01-21 13:57:52,626 - position: [ 0.66810542 -1.67343318  0.17693268]
2026-01-21 13:57:52,859 - position: [ 0.6684171  -1.67306828  0.17688914]
2026-01-21 13:57:53,089 - position: [ 0.66846377 -1.67316651  0.17689821]
2026-01-21 13:57:53,329 - position: [ 0.66847301 -1.67322373  0.17604789]
2026-01-21 13:57:53,589 - position: [ 0.66858768 -1.67303371  0.17654182]
2026-01-21 13:57:53,844 - position: [ 0.66850859 -1.67260933  0.1765836 ]
2026-01-21 13:57:54,054 - position: [ 0.66912204 -1.6738894   0.17590073]
2026-01-21 13:57:54,288 - position: [ 0.66906726 -1.67297018  0.17575288]
2026-01-21 13:57:54,549 - position: [ 0.6689707  -1.67309678  0.17604335]
2026-01-21 13:57:54,754 - position: [ 0.66875213 -1.67265368  0.17621833]
2026-01-21 13:57:54,957 - position: [ 0.66847914 -1.67351973  0.17609365]
2026-01-21 13:57:55,173 - position: [ 0.66871464 -1.67363727  0.17631985]
2026-01-21 13:57:55,416 - position: [ 0.66862512 -1.67368412  0.17645589]
2026-01-21 13:57:55,634 - position: [ 0.66896611 -1.6747098   0.1760917 ]
2026-01-21 13:57:55,864 - position: [ 0.67004049 -1.67300546  0.17521149]
2026-01-21 13:57:56,101 - position: [ 0.67035323 -1.67789149  0.17557321]
2026-01-21 13:57:56,351 - position: [ 0.66927391 -1.67622578  0.17590466]
2026-01-21 13:57:56,626 - position: [ 0.66739118 -1.67551136  0.17764208]
2026-01-21 13:57:56,847 - position: [ 0.66948879 -1.67491817  0.17609477]
2026-01-21 13:57:57,140 - position: [ 0.66967136 -1.67500782  0.17587328]
2026-01-21 13:57:57,358 - position: [ 0.66846198 -1.67477393  0.17652436]
2026-01-21 13:57:57,618 - position: [ 0.66902506 -1.67512     0.17633218]
2026-01-21 13:57:57,872 - position: [ 0.66951531 -1.67553592  0.17645638]
2026-01-21 13:57:58,113 - position: [ 0.66982901 -1.67442548  0.17518628]
2026-01-21 13:57:58,331 - position: [ 0.67027855 -1.67431748  0.1743947 ]
2026-01-21 13:57:58,563 - position: [ 0.6701408  -1.67432797  0.17437351]
2026-01-21 13:57:58,812 - position: [ 0.67128348 -1.67447627  0.17215168]
2026-01-21 13:57:59,030 - position: [ 0.67119044 -1.67438364  0.17226395]
2026-01-21 13:57:59,247 - position: [ 0.67120212 -1.67435122  0.17216554]
2026-01-21 13:57:59,477 - position: [ 0.67127013 -1.67429626  0.17204222]
2026-01-21 13:57:59,721 - position: [ 0.67132294 -1.67430055  0.17187725]
2026-01-21 13:58:00,015 - position: [ 0.67169589 -1.67444921  0.17150749]
2026-01-21 13:58:00,292 - position: [ 0.67157197 -1.67443275  0.17159311]
2026-01-21 13:58:00,533 - position: [ 0.6713326  -1.67389667  0.17173192]
2026-01-21 13:58:00,782 - position: [ 0.67138845 -1.67389369  0.17170863]
2026-01-21 13:58:01,026 - position: [ 0.6714716  -1.67396605  0.17174198]
2026-01-21 13:58:01,328 - position: [ 0.67149001 -1.67405152  0.17178474]
2026-01-21 13:58:01,539 - position: [ 0.67149168 -1.67400289  0.17175309]
2026-01-21 13:58:01,769 - position: [ 0.67144686 -1.67397141  0.17178893]
2026-01-21 13:58:02,013 - position: [ 0.67145485 -1.67396605  0.17176315]
2026-01-21 13:58:02,250 - position: [ 0.67157149 -1.67401636  0.17185816]
2026-01-21 13:58:02,469 - position: [ 0.67153537 -1.67398906  0.17180994]
2026-01-21 13:58:02,748 - position: [ 0.67145175 -1.67392576  0.17175905]
2026-01-21 13:58:02,979 - position: [ 0.67142266 -1.67376554  0.1718913 ]
2026-01-21 13:58:03,200 - position: [ 0.67180908 -1.67379081  0.17171052]
2026-01-21 13:58:03,418 - position: [ 0.671745   -1.67377937  0.17195059]
2026-01-21 13:58:03,642 - position: [ 0.67145669 -1.67358077  0.17218812]
2026-01-21 13:58:03,848 - position: [ 0.67206061 -1.67423975  0.17189859]
2026-01-21 13:58:04,070 - position: [ 0.67245644 -1.67397344  0.17171951]
2026-01-21 13:58:04,295 - position: [ 0.67202139 -1.67428827  0.17113513]
2026-01-21 13:58:04,530 - position: [ 0.67211807 -1.67454851  0.17070939]
2026-01-21 13:58:04,762 - position: [ 0.67276335 -1.67531013  0.17024806]
2026-01-21 13:58:05,027 - position: [ 0.67333359 -1.67433023  0.16978604]
2026-01-21 13:58:05,290 - position: [ 0.6685946  -1.67259359  0.17511651]
2026-01-21 13:58:05,535 - position: [ 0.64731079 -1.6602515   0.19991666]
2026-01-21 13:58:05,757 - position: [ 0.65052819 -1.65737927  0.19645083]
2026-01-21 13:58:05,969 - position: [ 0.65254271 -1.65824378  0.19403401]
2026-01-21 13:58:06,210 - position: [ 0.65330422 -1.65807223  0.19318061]
2026-01-21 13:58:06,470 - position: [ 0.65561932 -1.66024649  0.19139551]
2026-01-21 13:58:06,698 - position: [ 0.65569258 -1.65985894  0.19209822]
2026-01-21 13:58:06,933 - position: [ 0.65603429 -1.66117406  0.19219546]
2026-01-21 13:58:07,171 - position: [ 0.65476954 -1.65933383  0.19239606]
2026-01-21 13:58:07,415 - position: [ 0.6559481  -1.66103244  0.19176959]
2026-01-21 13:58:07,661 - position: [ 0.65362942 -1.65899932  0.19263904]
2026-01-21 13:58:07,883 - position: [ 0.65498614 -1.66084993  0.19267298]
2026-01-21 13:58:08,101 - position: [ 0.65482783 -1.66074085  0.19263676]
2026-01-21 13:58:08,424 - position: [ 0.65410578 -1.66040528  0.19268145]
2026-01-21 13:58:08,746 - position: [ 0.65404183 -1.66080034  0.19196747]
2026-01-21 13:58:09,001 - position: [ 0.65551287 -1.65905094  0.18715259]
2026-01-21 13:58:09,238 - position: [ 0.66228515 -1.66022217  0.1787558 ]
2026-01-21 13:58:09,462 - position: [ 0.6631133  -1.66152239  0.17859513]
2026-01-21 13:58:09,687 - position: [ 0.66243821 -1.66073692  0.17842107]
2026-01-21 13:58:09,911 - position: [ 0.66226214 -1.66074491  0.17822915]
2026-01-21 13:58:10,146 - position: [ 0.66261047 -1.66111422  0.17860048]
2026-01-21 13:58:10,384 - position: [ 0.66250551 -1.66100037  0.17861271]
2026-01-21 13:58:10,589 - position: [ 0.66167188 -1.6607312   0.17886245]
2026-01-21 13:58:10,802 - position: [ 0.66235524 -1.66079235  0.17916946]
2026-01-21 13:58:11,010 - position: [ 0.66240937 -1.66083586  0.17916195]
2026-01-21 13:58:11,222 - position: [ 0.66221893 -1.66086483  0.17906553]
2026-01-21 13:58:11,481 - position: [ 0.66271305 -1.66125882  0.17882371]
2026-01-21 13:58:11,719 - position: [ 0.66306871 -1.66125596  0.17892596]
2026-01-21 13:58:11,926 - position: [ 0.66314346 -1.66148734  0.17889941]
2026-01-21 13:58:12,177 - position: [ 0.66317713 -1.66148019  0.17891587]
2026-01-21 13:58:12,427 - position: [ 0.66323924 -1.66140378  0.17879939]
2026-01-21 13:58:12,712 - position: [ 0.6631853  -1.66139758  0.17870165]
2026-01-21 13:58:12,951 - position: [ 0.66335678 -1.66169751  0.17864536]
2026-01-21 13:58:13,163 - position: [ 0.66335428 -1.66165602  0.17862162]
2026-01-21 13:58:13,373 - position: [ 0.66342551 -1.66177547  0.17862728]
2026-01-21 13:58:13,628 - position: [ 0.66334462 -1.66173017  0.17862351]
2026-01-21 13:58:13,860 - position: [ 0.66345173 -1.66177702  0.1786326 ]
2026-01-21 13:58:14,077 - position: [ 0.66349894 -1.66186917  0.17873059]
