2026-01-21 13:50:49,687 - position: [ 0.32222012 -1.39722228  0.76812464]
2026-01-21 13:50:49,895 - position: [ 0.31945467 -1.34787095  0.7798903 ]
2026-01-21 13:50:50,141 - position: [ 0.31293374 -1.32448113  0.78540683]
2026-01-21 13:50:50,387 - position: [ 0.28650942 -1.30694664  0.78832382]
2026-01-21 13:50:50,612 - position: [ 0.31269655 -1.31377244  0.78972888]
2026-01-21 13:50:50,859 - position: [ 0.36294475 -1.26964295  0.82661283]
2026-01-21 13:50:51,117 - position: [ 0.36294475 -1.26964295  0.82661283]
2026-01-21 13:50:51,420 - position: [ 0.36294475 -1.26964295  0.82661283]
2026-01-21 13:50:51,643 - position: [ 0.61934972 -1.15641868  1.65947747]
2026-01-21 13:50:51,860 - position: [ 0.61934972 -1.15641868  1.65947747]
2026-01-21 13:50:52,072 - position: [ 0.61934972 -1.15641868  1.65947747]
2026-01-21 13:50:52,315 - position: [ 0.61934972 -1.15641868  1.65947747]
2026-01-21 13:50:52,580 - position: [ 0.61934972 -1.15641868  1.65947747]
2026-01-21 13:50:52,827 - position: [ 0.47812089 -1.35318303  0.84397143]
2026-01-21 13:50:53,042 - position: [ 0.47812089 -1.35318303  0.84397143]
2026-01-21 13:50:53,273 - position: [ 0.47812089 -1.35318303  0.84397143]
2026-01-21 13:50:53,510 - position: [ 0.47812089 -1.35318303  0.84397143]
2026-01-21 13:50:53,716 - position: [ 0.47812089 -1.35318303  0.84397143]
2026-01-21 13:50:53,947 - position: [ 0.47812089 -1.35318303  0.84397143]
2026-01-21 13:50:54,178 - position: [ 0.3750436  -1.41512477  1.76740742]
2026-01-21 13:50:54,434 - position: [ 0.3750436  -1.41512477  1.76740742]
2026-01-21 13:50:54,669 - position: [ 0.61467975 -1.26707888  1.08768785]
2026-01-21 13:50:54,888 - position: [ 0.61467975 -1.26707888  1.08768785]
2026-01-21 13:50:55,127 - position: [ 0.61467975 -1.26707888  1.08768785]
2026-01-21 13:50:55,417 - position: [ 0.38017806 -1.20043874  0.83249664]
2026-01-21 13:50:55,665 - position: [ 0.24702972 -1.21832991  0.81997603]
2026-01-21 13:50:55,899 - position: [ 0.24702972 -1.21832991  0.81997603]
2026-01-21 13:50:56,113 - position: [ 0.37808838 -1.25945151  0.7996707 ]
2026-01-21 13:50:56,370 - position: [ 0.31335151 -1.23339796  0.80962181]
2026-01-21 13:50:56,613 - position: [ 0.29149801 -1.23257697  0.80818933]
2026-01-21 13:50:56,843 - position: [ 0.29067737 -1.22291017  0.80641317]
2026-01-21 13:50:57,110 - position: [ 0.32449615 -1.23699248  0.79960668]
2026-01-21 13:50:57,347 - position: [ 0.32202679 -1.28845704  0.7819432 ]
2026-01-21 13:50:57,569 - position: [ 0.30756617 -1.27876866  0.78787178]
2026-01-21 13:50:57,776 - position: [ 0.30718887 -1.26587033  0.79256785]
2026-01-21 13:50:57,987 - position: [ 0.30099744 -1.26853275  0.79464412]
2026-01-21 13:50:58,202 - position: [ 0.30031931 -1.27215362  0.79523331]
2026-01-21 13:50:58,487 - position: [ 0.30875212 -1.25777805  0.80520874]
2026-01-21 13:50:58,709 - position: [ 0.30701602 -1.24280047  0.81258708]
2026-01-21 13:50:58,964 - position: [ 0.30248022 -1.23547482  0.8152653 ]
2026-01-21 13:50:59,230 - position: [ 0.16648786 -1.20054185  0.86156273]
2026-01-21 13:50:59,532 - position: [ 0.13594601 -1.2251935   0.85744041]
2026-01-21 13:50:59,743 - position: [ 0.13594601 -1.2251935   0.85744041]
2026-01-21 13:50:59,966 - position: [ 0.13594601 -1.2251935   0.85744041]
2026-01-21 13:51:00,216 - position: [ 0.13914442 -1.24563146  0.85471612]
2026-01-21 13:51:00,473 - position: [ 0.13909271 -1.24396932  0.86057097]
2026-01-21 13:51:00,683 - position: [ 0.16113818 -1.24309158  0.85130072]
2026-01-21 13:51:00,947 - position: [ 0.15820964 -1.22710252  0.87117672]
2026-01-21 13:51:01,215 - position: [ 0.15549754 -1.23274612  0.87032741]
2026-01-21 13:51:01,460 - position: [ 0.15549754 -1.23274612  0.87032741]
2026-01-21 13:51:01,685 - position: [ 0.13089095 -1.23038125  0.85742849]
2026-01-21 13:51:01,918 - position: [ 0.12467945 -1.21893775  0.86372501]
2026-01-21 13:51:02,163 - position: [ 0.12079939 -1.22433019  0.859918  ]
2026-01-21 13:51:02,404 - position: [ 0.1225717  -1.22419679  0.85665172]
2026-01-21 13:51:02,632 - position: [ 0.12484145 -1.22177744  0.84742326]
2026-01-21 13:51:02,849 - position: [ 0.12477244 -1.21957469  0.84757364]
2026-01-21 13:51:03,086 - position: [ 0.12400903 -1.21260059  0.85146952]
2026-01-21 13:51:03,334 - position: [ 0.13133359 -1.21140528  0.86052191]
2026-01-21 13:51:03,561 - position: [ 0.16550794 -1.22983265  0.85552514]
2026-01-21 13:51:03,781 - position: [ 0.1548178  -1.24976289  0.86693132]
2026-01-21 13:51:03,982 - position: [ 0.1386538  -1.24468148  0.87094921]
2026-01-21 13:51:04,227 - position: [ 0.12513271 -1.24108815  0.87194031]
2026-01-21 13:51:04,467 - position: [ 0.1242863  -1.24750328  0.85983801]
2026-01-21 13:51:04,750 - position: [ 0.12943888 -1.2497586   0.85864532]
2026-01-21 13:51:04,957 - position: [ 0.12943888 -1.2497586   0.85864532]
2026-01-21 13:51:05,184 - position: [ 0.12943888 -1.2497586   0.85864532]
2026-01-21 13:51:05,415 - position: [ 0.12943888 -1.2497586   0.85864532]
2026-01-21 13:51:05,672 - position: [ 0.12943888 -1.2497586   0.85864532]
2026-01-21 13:51:05,966 - position: [ 0.12943888 -1.2497586   0.85864532]
2026-01-21 13:51:06,237 - position: [ 0.12943888 -1.2497586   0.85864532]
2026-01-21 13:51:06,480 - position: [ 0.22621877 -1.24712873  0.82631922]
2026-01-21 13:51:06,758 - position: [ 0.28161162 -1.26188159  0.80540025]
2026-01-21 13:51:06,985 - position: [ 0.25004596 -1.2423526   0.82023036]
2026-01-21 13:51:07,220 - position: [ 0.132414   -1.21715462  0.8702693 ]
2026-01-21 13:51:07,639 - position: [ 0.11612453 -1.21857178  0.86554503]
2026-01-21 13:51:07,980 - position: [ 0.10609145 -1.21548486  0.87907922]
2026-01-21 13:51:08,227 - position: [ 0.10586782 -1.21332252  0.8822453 ]
2026-01-21 13:51:08,453 - position: [ 0.09232871 -1.20687246  0.87857616]
2026-01-21 13:51:08,716 - position: [ 0.09578887 -1.22916842  0.85374993]
2026-01-21 13:51:08,956 - position: [ 0.09578887 -1.22916842  0.85374993]
2026-01-21 13:51:09,198 - position: [ 0.09578887 -1.22916842  0.85374993]
2026-01-21 13:51:09,446 - position: [ 0.09578887 -1.22916842  0.85374993]
2026-01-21 13:51:09,665 - position: [ 0.09578887 -1.22916842  0.85374993]
2026-01-21 13:51:09,879 - position: [ 0.09578887 -1.22916842  0.85374993]
2026-01-21 13:51:10,132 - position: [ 0.13447505 -1.24326682  0.84538454]
2026-01-21 13:51:10,380 - position: [ 0.13281383 -1.24785221  0.84511828]
2026-01-21 13:51:10,615 - position: [ 0.13358915 -1.24858618  0.84583753]
2026-01-21 13:51:10,839 - position: [ 0.13219771 -1.25618851  0.84487939]
2026-01-21 13:51:11,048 - position: [ 0.13204087 -1.26020551  0.84141564]
2026-01-21 13:51:11,260 - position: [ 0.13174006 -1.26214695  0.83979642]
2026-01-21 13:51:11,547 - position: [ 0.1335834  -1.26236618  0.83878982]
2026-01-21 13:51:11,807 - position: [ 0.13462417 -1.261742    0.83855176]
2026-01-21 13:51:12,018 - position: [ 0.13462417 -1.261742    0.83855176]
2026-01-21 13:51:12,241 - position: [ 0.13462417 -1.261742    0.83855176]
2026-01-21 13:51:12,510 - position: [ 0.13462417 -1.261742    0.83855176]
2026-01-21 13:51:12,712 - position: [ 0.13462417 -1.261742    0.83855176]
2026-01-21 13:51:12,944 - position: [ 0.13462417 -1.261742    0.83855176]
2026-01-21 13:51:13,183 - position: [ 0.13462417 -1.261742    0.83855176]
2026-01-21 13:51:13,403 - position: [ 0.13462417 -1.261742    0.83855176]
2026-01-21 13:51:13,658 - position: [ 0.13462417 -1.261742    0.83855176]
2026-01-21 13:51:13,912 - position: [ 0.13462417 -1.261742    0.83855176]
2026-01-21 13:51:14,150 - position: [ 0.13462417 -1.261742    0.83855176]
2026-01-21 13:51:14,382 - position: [ 0.13462417 -1.261742    0.83855176]
2026-01-21 13:51:14,641 - position: [ 0.13462417 -1.261742    0.83855176]
2026-01-21 13:51:14,888 - position: [ 0.13462417 -1.261742    0.83855176]
2026-01-21 13:51:15,144 - position: [ 0.13462417 -1.261742    0.83855176]
2026-01-21 13:51:15,362 - position: [ 0.13462417 -1.261742    0.83855176]
2026-01-21 13:51:15,598 - position: [ 0.13462417 -1.261742    0.83855176]
2026-01-21 13:51:15,824 - position: [ 0.13462417 -1.261742    0.83855176]
2026-01-21 13:51:16,056 - position: [ 0.13462417 -1.261742    0.83855176]
2026-01-21 13:51:16,363 - position: [ 0.13462417 -1.261742    0.83855176]
2026-01-21 13:51:16,608 - position: [ 0.13462417 -1.261742    0.83855176]
2026-01-21 13:51:16,833 - position: [ 0.13462417 -1.261742    0.83855176]
2026-01-21 13:51:17,072 - position: [ 0.13462417 -1.261742    0.83855176]
2026-01-21 13:51:17,277 - position: [ 0.13462417 -1.261742    0.83855176]
2026-01-21 13:51:17,566 - position: [ 0.13462417 -1.261742    0.83855176]
2026-01-21 13:51:17,812 - position: [ 0.13462417 -1.261742    0.83855176]
2026-01-21 13:51:18,038 - position: [ 0.13462417 -1.261742    0.83855176]
2026-01-21 13:51:18,280 - position: [ 0.13462417 -1.261742    0.83855176]
2026-01-21 13:51:18,505 - position: [ 0.13462417 -1.261742    0.83855176]
2026-01-21 13:51:18,724 - position: [ 0.13462417 -1.261742    0.83855176]
2026-01-21 13:51:18,951 - position: [ 0.13462417 -1.261742    0.83855176]
2026-01-21 13:51:19,183 - position: [ 0.13462417 -1.261742    0.83855176]
2026-01-21 13:51:19,420 - position: [ 0.13462417 -1.261742    0.83855176]
2026-01-21 13:51:19,621 - position: [ 0.13462417 -1.261742    0.83855176]
2026-01-21 13:51:19,856 - position: [ 0.13462417 -1.261742    0.83855176]
2026-01-21 13:51:20,103 - position: [ 0.13462417 -1.261742    0.83855176]
2026-01-21 13:51:20,304 - position: [ 0.13462417 -1.261742    0.83855176]
2026-01-21 13:51:20,532 - position: [ 0.13462417 -1.261742    0.83855176]
2026-01-21 13:51:20,798 - position: [ 0.13462417 -1.261742    0.83855176]
2026-01-21 13:51:21,026 - position: [ 0.13462417 -1.261742    0.83855176]
2026-01-21 13:51:21,243 - position: [ 0.13462417 -1.261742    0.83855176]
2026-01-21 13:51:21,450 - position: [ 0.13462417 -1.261742    0.83855176]
2026-01-21 13:51:21,734 - position: [ 0.13462417 -1.261742    0.83855176]
2026-01-21 13:51:21,984 - position: [ 0.13462417 -1.261742    0.83855176]
2026-01-21 13:51:22,224 - position: [ 0.13462417 -1.261742    0.83855176]
2026-01-21 13:51:22,519 - position: [ 0.13462417 -1.261742    0.83855176]
2026-01-21 13:51:22,770 - position: [ 0.13462417 -1.261742    0.83855176]
2026-01-21 13:51:23,022 - position: [ 0.13462417 -1.261742    0.83855176]
2026-01-21 13:51:23,275 - position: [ 0.13462417 -1.261742    0.83855176]
2026-01-21 13:51:23,544 - position: [ 0.13462417 -1.261742    0.83855176]
2026-01-21 13:51:23,754 - position: [ 0.13462417 -1.261742    0.83855176]
2026-01-21 13:51:24,025 - position: [ 0.13462417 -1.261742    0.83855176]
2026-01-21 13:51:24,232 - position: [ 0.13094647 -1.20833242  0.85036552]
2026-01-21 13:51:24,494 - position: [ 0.13084692 -1.18661213  0.87151331]
2026-01-21 13:51:24,798 - position: [ 0.13416818 -1.19057763  0.86255783]
2026-01-21 13:51:25,009 - position: [ 0.13416818 -1.19057763  0.86255783]
2026-01-21 13:51:25,225 - position: [ 0.13416818 -1.19057763  0.86255783]
2026-01-21 13:51:25,440 - position: [ 0.13416818 -1.19057763  0.86255783]
2026-01-21 13:51:25,739 - position: [ 0.13416818 -1.19057763  0.86255783]
2026-01-21 13:51:25,953 - position: [ 0.13416818 -1.19057763  0.86255783]
2026-01-21 13:51:26,187 - position: [ 0.13416818 -1.19057763  0.86255783]
2026-01-21 13:51:26,404 - position: [ 0.13416818 -1.19057763  0.86255783]
2026-01-21 13:51:26,655 - position: [ 0.13416818 -1.19057763  0.86255783]
2026-01-21 13:51:26,862 - position: [ 0.13416818 -1.19057763  0.86255783]
2026-01-21 13:51:27,087 - position: [ 0.13416818 -1.19057763  0.86255783]
2026-01-21 13:51:27,316 - position: [ 0.13416818 -1.19057763  0.86255783]
2026-01-21 13:51:27,547 - position: [ 0.13416818 -1.19057763  0.86255783]
2026-01-21 13:51:27,755 - position: [ 0.13416818 -1.19057763  0.86255783]
2026-01-21 13:51:27,989 - position: [ 0.13416818 -1.19057763  0.86255783]
2026-01-21 13:51:28,217 - position: [ 0.13416818 -1.19057763  0.86255783]
2026-01-21 13:51:28,442 - position: [ 0.13416818 -1.19057763  0.86255783]
2026-01-21 13:51:28,660 - position: [ 0.13416818 -1.19057763  0.86255783]
2026-01-21 13:51:28,894 - position: [ 0.13416818 -1.19057763  0.86255783]
2026-01-21 13:51:29,143 - position: [ 0.13416818 -1.19057763  0.86255783]
2026-01-21 13:51:29,420 - position: [ 0.13416818 -1.19057763  0.86255783]
2026-01-21 13:51:29,708 - position: [ 0.13416818 -1.19057763  0.86255783]
2026-01-21 13:51:29,937 - position: [ 0.13416818 -1.19057763  0.86255783]
2026-01-21 13:51:30,140 - position: [ 0.13416818 -1.19057763  0.86255783]
2026-01-21 13:51:30,381 - position: [ 0.13416818 -1.19057763  0.86255783]
2026-01-21 13:51:30,624 - position: [ 0.13416818 -1.19057763  0.86255783]
2026-01-21 13:51:30,851 - position: [ 0.13416818 -1.19057763  0.86255783]
2026-01-21 13:51:31,099 - position: [ 0.13416818 -1.19057763  0.86255783]
2026-01-21 13:51:31,384 - position: [ 0.13416818 -1.19057763  0.86255783]
2026-01-21 13:51:31,612 - position: [ 0.13416818 -1.19057763  0.86255783]
2026-01-21 13:51:31,860 - position: [ 0.13416818 -1.19057763  0.86255783]
2026-01-21 13:51:32,078 - position: [ 0.13416818 -1.19057763  0.86255783]
2026-01-21 13:51:32,322 - position: [ 0.13416818 -1.19057763  0.86255783]
2026-01-21 13:51:32,542 - position: [ 0.13416818 -1.19057763  0.86255783]
2026-01-21 13:51:32,783 - position: [ 0.13416818 -1.19057763  0.86255783]
2026-01-21 13:51:33,146 - position: [ 0.13416818 -1.19057763  0.86255783]
2026-01-21 13:51:33,370 - position: [ 0.13416818 -1.19057763  0.86255783]
2026-01-21 13:51:33,573 - position: [ 0.13416818 -1.19057763  0.86255783]
2026-01-21 13:51:33,811 - position: [ 0.13416818 -1.19057763  0.86255783]
2026-01-21 13:51:34,061 - position: [ 0.13416818 -1.19057763  0.86255783]
2026-01-21 13:51:34,274 - position: [ 0.13416818 -1.19057763  0.86255783]
2026-01-21 13:51:34,519 - position: [ 0.13416818 -1.19057763  0.86255783]
2026-01-21 13:51:34,735 - position: [ 0.13416818 -1.19057763  0.86255783]
2026-01-21 13:51:34,991 - position: [ 0.13416818 -1.19057763  0.86255783]
2026-01-21 13:51:35,199 - position: [ 0.13416818 -1.19057763  0.86255783]
2026-01-21 13:51:35,421 - position: [ 0.13416818 -1.19057763  0.86255783]
2026-01-21 13:51:35,680 - position: [ 0.13416818 -1.19057763  0.86255783]
2026-01-21 13:51:35,889 - position: [ 0.13416818 -1.19057763  0.86255783]
2026-01-21 13:51:36,147 - position: [ 0.13416818 -1.19057763  0.86255783]
2026-01-21 13:51:36,374 - position: [ 0.13416818 -1.19057763  0.86255783]
2026-01-21 13:51:36,588 - position: [ 0.13416818 -1.19057763  0.86255783]
2026-01-21 13:51:36,819 - position: [ 0.13416818 -1.19057763  0.86255783]
2026-01-21 13:51:37,057 - position: [ 0.13416818 -1.19057763  0.86255783]
2026-01-21 13:51:37,327 - position: [ 0.13416818 -1.19057763  0.86255783]
2026-01-21 13:51:37,536 - position: [ 0.13416818 -1.19057763  0.86255783]
2026-01-21 13:51:37,760 - position: [ 0.13416818 -1.19057763  0.86255783]
2026-01-21 13:51:38,081 - position: [ 0.13416818 -1.19057763  0.86255783]
2026-01-21 13:51:38,320 - position: [ 0.13416818 -1.19057763  0.86255783]
2026-01-21 13:51:38,572 - position: [ 0.13416818 -1.19057763  0.86255783]
2026-01-21 13:51:38,782 - position: [ 0.13416818 -1.19057763  0.86255783]
2026-01-21 13:51:39,008 - position: [ 0.13823479 -1.20973253  0.86974663]
2026-01-21 13:51:39,235 - position: [ 0.14075842 -1.20806611  0.87407809]
2026-01-21 13:51:39,480 - position: [ 0.14075842 -1.20806611  0.87407809]
2026-01-21 13:51:39,775 - position: [ 0.14075842 -1.20806611  0.87407809]
2026-01-21 13:51:40,000 - position: [ 0.14301094 -1.22725224  0.85287392]
2026-01-21 13:51:40,216 - position: [ 0.14558958 -1.2308358   0.86711758]
2026-01-21 13:51:40,459 - position: [ 0.14510496 -1.23014712  0.86777598]
2026-01-21 13:51:40,683 - position: [ 0.14510496 -1.23014712  0.86777598]
2026-01-21 13:51:40,890 - position: [ 0.14510496 -1.23014712  0.86777598]
2026-01-21 13:51:41,142 - position: [ 0.14510496 -1.23014712  0.86777598]
2026-01-21 13:51:41,386 - position: [ 0.14510496 -1.23014712  0.86777598]
2026-01-21 13:51:41,638 - position: [ 0.14510496 -1.23014712  0.86777598]
2026-01-21 13:51:41,895 - position: [ 0.14510496 -1.23014712  0.86777598]
2026-01-21 13:51:42,126 - position: [ 0.14510496 -1.23014712  0.86777598]
2026-01-21 13:51:42,332 - position: [ 0.14510496 -1.23014712  0.86777598]
2026-01-21 13:51:42,555 - position: [ 0.14510496 -1.23014712  0.86777598]
2026-01-21 13:51:42,793 - position: [ 0.14510496 -1.23014712  0.86777598]
2026-01-21 13:51:43,208 - position: [ 0.14510496 -1.23014712  0.86777598]
2026-01-21 13:51:43,485 - position: [ 0.14510496 -1.23014712  0.86777598]
2026-01-21 13:51:43,717 - position: [ 0.14510496 -1.23014712  0.86777598]
2026-01-21 13:51:43,948 - position: [ 0.14510496 -1.23014712  0.86777598]
2026-01-21 13:51:44,159 - position: [ 0.14510496 -1.23014712  0.86777598]
2026-01-21 13:51:44,419 - position: [ 0.14510496 -1.23014712  0.86777598]
2026-01-21 13:51:44,657 - position: [ 0.14510496 -1.23014712  0.86777598]
2026-01-21 13:51:44,863 - position: [ 0.14510496 -1.23014712  0.86777598]
2026-01-21 13:51:45,096 - position: [ 0.14510496 -1.23014712  0.86777598]
2026-01-21 13:51:45,313 - position: [ 0.14510496 -1.23014712  0.86777598]
2026-01-21 13:51:45,536 - position: [ 0.14510496 -1.23014712  0.86777598]
2026-01-21 13:51:45,767 - position: [ 0.14510496 -1.23014712  0.86777598]
2026-01-21 13:51:46,031 - position: [ 0.14510496 -1.23014712  0.86777598]
2026-01-21 13:51:46,281 - position: [ 0.14510496 -1.23014712  0.86777598]
2026-01-21 13:51:46,498 - position: [ 0.14510496 -1.23014712  0.86777598]
2026-01-21 13:51:46,767 - position: [ 0.14510496 -1.23014712  0.86777598]
2026-01-21 13:51:47,101 - position: [ 0.14510496 -1.23014712  0.86777598]
2026-01-21 13:51:47,342 - position: [ 0.14510496 -1.23014712  0.86777598]
2026-01-21 13:51:47,579 - position: [ 0.14510496 -1.23014712  0.86777598]
2026-01-21 13:51:47,872 - position: [ 0.14510496 -1.23014712  0.86777598]
2026-01-21 13:51:48,074 - position: [ 0.14510496 -1.23014712  0.86777598]
2026-01-21 13:51:48,304 - position: [ 0.14510496 -1.23014712  0.86777598]
2026-01-21 13:51:48,521 - position: [ 0.14510496 -1.23014712  0.86777598]
2026-01-21 13:51:48,755 - position: [ 0.14510496 -1.23014712  0.86777598]
2026-01-21 13:51:48,990 - position: [ 0.14510496 -1.23014712  0.86777598]
2026-01-21 13:51:49,226 - position: [ 0.14510496 -1.23014712  0.86777598]
2026-01-21 13:51:49,500 - position: [ 0.14510496 -1.23014712  0.86777598]
2026-01-21 13:51:49,744 - position: [ 0.14510496 -1.23014712  0.86777598]
2026-01-21 13:51:49,959 - position: [ 0.14510496 -1.23014712  0.86777598]
2026-01-21 13:51:50,171 - position: [ 0.14510496 -1.23014712  0.86777598]
2026-01-21 13:51:50,420 - position: [ 0.14510496 -1.23014712  0.86777598]
2026-01-21 13:51:50,647 - position: [ 0.14510496 -1.23014712  0.86777598]
2026-01-21 13:51:50,870 - position: [ 0.14510496 -1.23014712  0.86777598]
2026-01-21 13:51:51,115 - position: [ 0.14510496 -1.23014712  0.86777598]
2026-01-21 13:51:51,328 - position: [ 0.14510496 -1.23014712  0.86777598]
2026-01-21 13:51:51,567 - position: [ 0.14510496 -1.23014712  0.86777598]
2026-01-21 13:51:51,802 - position: [ 0.14510496 -1.23014712  0.86777598]
2026-01-21 13:51:52,017 - position: [ 0.14510496 -1.23014712  0.86777598]
2026-01-21 13:51:52,356 - position: [ 0.14510496 -1.23014712  0.86777598]
2026-01-21 13:51:52,609 - position: [ 0.14510496 -1.23014712  0.86777598]
2026-01-21 13:51:52,869 - position: [ 0.14510496 -1.23014712  0.86777598]
2026-01-21 13:51:53,100 - position: [ 0.14510496 -1.23014712  0.86777598]
2026-01-21 13:51:53,339 - position: [ 0.14510496 -1.23014712  0.86777598]
2026-01-21 13:51:53,610 - position: [ 0.14510496 -1.23014712  0.86777598]
2026-01-21 13:51:53,820 - position: [ 0.14510496 -1.23014712  0.86777598]
2026-01-21 13:51:54,045 - position: [ 0.14510496 -1.23014712  0.86777598]
2026-01-21 13:51:54,285 - position: [ 0.14510496 -1.23014712  0.86777598]
2026-01-21 13:51:54,503 - position: [ 0.14510496 -1.23014712  0.86777598]
2026-01-21 13:51:54,761 - position: [ 0.14510496 -1.23014712  0.86777598]
2026-01-21 13:51:54,993 - position: [ 0.14510496 -1.23014712  0.86777598]
2026-01-21 13:51:55,256 - position: [ 0.14510496 -1.23014712  0.86777598]
2026-01-21 13:51:55,513 - position: [ 0.14510496 -1.23014712  0.86777598]
2026-01-21 13:51:55,777 - position: [ 0.14510496 -1.23014712  0.86777598]
2026-01-21 13:51:56,084 - position: [ 0.14510496 -1.23014712  0.86777598]
2026-01-21 13:51:56,335 - position: [ 0.14510496 -1.23014712  0.86777598]
2026-01-21 13:51:56,569 - position: [ 0.14510496 -1.23014712  0.86777598]
2026-01-21 13:51:56,855 - position: [ 0.14510496 -1.23014712  0.86777598]
2026-01-21 13:51:57,122 - position: [ 0.14510496 -1.23014712  0.86777598]
2026-01-21 13:51:57,347 - position: [ 0.14510496 -1.23014712  0.86777598]
2026-01-21 13:51:57,573 - position: [ 0.14510496 -1.23014712  0.86777598]
2026-01-21 13:51:57,796 - position: [ 0.14510496 -1.23014712  0.86777598]
2026-01-21 13:51:58,002 - position: [ 0.14510496 -1.23014712  0.86777598]
2026-01-21 13:51:58,235 - position: [ 0.14510496 -1.23014712  0.86777598]
2026-01-21 13:51:58,463 - position: [ 0.14510496 -1.23014712  0.86777598]
2026-01-21 13:51:58,714 - position: [ 0.14510496 -1.23014712  0.86777598]
2026-01-21 13:51:58,948 - position: [ 0.14510496 -1.23014712  0.86777598]
2026-01-21 13:51:59,174 - position: [ 0.14510496 -1.23014712  0.86777598]
2026-01-21 13:51:59,413 - position: [ 0.14510496 -1.23014712  0.86777598]
2026-01-21 13:51:59,645 - position: [ 0.14510496 -1.23014712  0.86777598]
2026-01-21 13:51:59,874 - position: [ 0.14510496 -1.23014712  0.86777598]
2026-01-21 13:52:00,120 - position: [ 0.14510496 -1.23014712  0.86777598]
2026-01-21 13:52:00,362 - position: [ 0.14510496 -1.23014712  0.86777598]
2026-01-21 13:52:00,589 - position: [ 0.14510496 -1.23014712  0.86777598]
2026-01-21 13:52:00,808 - position: [ 0.14510496 -1.23014712  0.86777598]
2026-01-21 13:52:01,024 - position: [ 0.14510496 -1.23014712  0.86777598]
2026-01-21 13:52:01,275 - position: [ 0.14510496 -1.23014712  0.86777598]
2026-01-21 13:52:01,492 - position: [ 0.39451194 -1.28288567  1.57558274]
2026-01-21 13:52:01,712 - position: [ 0.42220536 -1.16042662  1.16936111]
2026-01-21 13:52:01,959 - position: [ 0.42220536 -1.16042662  1.16936111]
2026-01-21 13:52:02,257 - position: [ 0.42220536 -1.16042662  1.16936111]
2026-01-21 13:52:02,493 - position: [ 0.42220536 -1.16042662  1.16936111]
2026-01-21 13:52:02,734 - position: [ 0.42220536 -1.16042662  1.16936111]
2026-01-21 13:52:03,014 - position: [ 0.42220536 -1.16042662  1.16936111]
2026-01-21 13:52:03,223 - position: [ 0.42220536 -1.16042662  1.16936111]
2026-01-21 13:52:03,513 - position: [ 0.42220536 -1.16042662  1.16936111]
2026-01-21 13:52:03,769 - position: [ 0.42220536 -1.16042662  1.16936111]
2026-01-21 13:52:03,988 - position: [ 0.42220536 -1.16042662  1.16936111]
2026-01-21 13:52:04,204 - position: [ 0.42220536 -1.16042662  1.16936111]
2026-01-21 13:52:04,426 - position: [ 0.42220536 -1.16042662  1.16936111]
2026-01-21 13:52:04,681 - position: [ 0.42220536 -1.16042662  1.16936111]
2026-01-21 13:52:04,893 - position: [ 0.42220536 -1.16042662  1.16936111]
2026-01-21 13:52:05,106 - position: [ 0.42220536 -1.16042662  1.16936111]
2026-01-21 13:52:05,318 - position: [ 0.42220536 -1.16042662  1.16936111]
2026-01-21 13:52:05,550 - position: [ 0.42220536 -1.16042662  1.16936111]
2026-01-21 13:52:05,827 - position: [ 0.16657399 -1.23816442  0.86538756]
2026-01-21 13:52:06,065 - position: [ 0.16657399 -1.23816442  0.86538756]
2026-01-21 13:52:06,274 - position: [ 0.16657399 -1.23816442  0.86538756]
2026-01-21 13:52:06,500 - position: [ 0.16657399 -1.23816442  0.86538756]
2026-01-21 13:52:06,707 - position: [ 0.16657399 -1.23816442  0.86538756]
2026-01-21 13:52:06,955 - position: [ 0.16657399 -1.23816442  0.86538756]
2026-01-21 13:52:07,163 - position: [ 0.14338896 -1.22970021  0.8521477 ]
2026-01-21 13:52:07,394 - position: [ 0.1211408  -1.23077321  0.8671326 ]
2026-01-21 13:52:07,630 - position: [ 0.11105442 -1.23782384  0.86355215]
2026-01-21 13:52:07,857 - position: [ 0.10349408 -1.24320102  0.86419624]
2026-01-21 13:52:08,072 - position: [ 0.08996256 -1.25826347  0.86556935]
2026-01-21 13:52:08,433 - position: [ 0.14065322 -1.24908161  0.87395281]
2026-01-21 13:52:08,670 - position: [ 0.13998291 -1.22646844  0.87007463]
2026-01-21 13:52:08,875 - position: [ 0.14558372 -1.21614921  0.86964184]
2026-01-21 13:52:09,112 - position: [ 0.14558372 -1.21614921  0.86964184]
2026-01-21 13:52:09,356 - position: [ 0.14558372 -1.21614921  0.86964184]
2026-01-21 13:52:09,578 - position: [ 0.14558372 -1.21614921  0.86964184]
2026-01-21 13:52:09,791 - position: [ 0.14558372 -1.21614921  0.86964184]
2026-01-21 13:52:10,018 - position: [ 0.14558372 -1.21614921  0.86964184]
2026-01-21 13:52:10,258 - position: [ 0.14558372 -1.21614921  0.86964184]
2026-01-21 13:52:10,488 - position: [ 0.14558372 -1.21614921  0.86964184]
2026-01-21 13:52:10,692 - position: [ 0.14558372 -1.21614921  0.86964184]
2026-01-21 13:52:10,905 - position: [ 0.14558372 -1.21614921  0.86964184]
2026-01-21 13:52:11,159 - position: [ 0.14558372 -1.21614921  0.86964184]
2026-01-21 13:52:11,391 - position: [ 0.14558372 -1.21614921  0.86964184]
2026-01-21 13:52:11,639 - position: [ 0.14558372 -1.21614921  0.86964184]
2026-01-21 13:52:11,921 - position: [ 0.14558372 -1.21614921  0.86964184]
2026-01-21 13:52:12,195 - position: [ 0.14558372 -1.21614921  0.86964184]
2026-01-21 13:52:12,415 - position: [ 0.14558372 -1.21614921  0.86964184]
2026-01-21 13:52:12,644 - position: [ 0.14558372 -1.21614921  0.86964184]
2026-01-21 13:52:12,863 - position: [ 0.14558372 -1.21614921  0.86964184]
2026-01-21 13:52:13,095 - position: [ 0.14558372 -1.21614921  0.86964184]
2026-01-21 13:52:13,316 - position: [ 0.14558372 -1.21614921  0.86964184]
2026-01-21 13:52:13,698 - position: [ 0.14558372 -1.21614921  0.86964184]
2026-01-21 13:52:13,919 - position: [ 0.14558372 -1.21614921  0.86964184]
2026-01-21 13:52:14,126 - position: [ 0.14558372 -1.21614921  0.86964184]
2026-01-21 13:52:14,335 - position: [ 0.14558372 -1.21614921  0.86964184]
2026-01-21 13:52:14,598 - position: [ 0.14558372 -1.21614921  0.86964184]
2026-01-21 13:52:14,826 - position: [ 0.14558372 -1.21614921  0.86964184]
2026-01-21 13:52:15,058 - position: [ 0.14558372 -1.21614921  0.86964184]
2026-01-21 13:52:15,305 - position: [ 0.14558372 -1.21614921  0.86964184]
2026-01-21 13:52:15,549 - position: [ 0.14558372 -1.21614921  0.86964184]
2026-01-21 13:52:15,770 - position: [ 0.14558372 -1.21614921  0.86964184]
2026-01-21 13:52:16,007 - position: [ 0.15250255 -1.23693502  0.86338204]
2026-01-21 13:52:16,217 - position: [ 0.145814   -1.23453963  0.87437457]
2026-01-21 13:52:16,457 - position: [ 0.145814   -1.23453963  0.87437457]
2026-01-21 13:52:16,693 - position: [ 0.145814   -1.23453963  0.87437457]
2026-01-21 13:52:16,911 - position: [ 0.145814   -1.23453963  0.87437457]
2026-01-21 13:52:17,148 - position: [ 0.145814   -1.23453963  0.87437457]
2026-01-21 13:52:17,384 - position: [ 0.145814   -1.23453963  0.87437457]
2026-01-21 13:52:17,601 - position: [ 0.145814   -1.23453963  0.87437457]
2026-01-21 13:52:17,841 - position: [ 0.145814   -1.23453963  0.87437457]
2026-01-21 13:52:18,127 - position: [ 0.145814   -1.23453963  0.87437457]
2026-01-21 13:52:18,384 - position: [ 0.145814   -1.23453963  0.87437457]
2026-01-21 13:52:18,595 - position: [ 0.145814   -1.23453963  0.87437457]
2026-01-21 13:52:18,857 - position: [ 0.145814   -1.23453963  0.87437457]
2026-01-21 13:52:19,063 - position: [ 0.145814   -1.23453963  0.87437457]
2026-01-21 13:52:19,295 - position: [ 0.145814   -1.23453963  0.87437457]
2026-01-21 13:52:19,549 - position: [ 0.145814   -1.23453963  0.87437457]
2026-01-21 13:52:19,786 - position: [ 0.1451304  -1.20700526  0.87311429]
2026-01-21 13:52:19,996 - position: [ 0.16803756 -1.21775854  0.87114567]
2026-01-21 13:52:20,216 - position: [ 0.16803756 -1.21775854  0.87114567]
2026-01-21 13:52:20,466 - position: [ 0.16803756 -1.21775854  0.87114567]
2026-01-21 13:52:20,718 - position: [ 0.16803756 -1.21775854  0.87114567]
2026-01-21 13:52:20,952 - position: [ 0.16803756 -1.21775854  0.87114567]
2026-01-21 13:52:21,186 - position: [ 0.16803756 -1.21775854  0.87114567]
2026-01-21 13:52:21,517 - position: [ 0.16093528 -1.21946204  0.86571717]
2026-01-21 13:52:21,756 - position: [ 0.16215627 -1.22274601  0.86402696]
2026-01-21 13:52:22,049 - position: [ 0.18857656 -1.22176266  0.8552407 ]
2026-01-21 13:52:22,287 - position: [ 0.18956751 -1.21824336  0.86230189]
2026-01-21 13:52:22,502 - position: [ 0.18848129 -1.21898508  0.86211479]
2026-01-21 13:52:22,728 - position: [ 0.17778525 -1.22989595  0.8537674 ]
2026-01-21 13:52:22,938 - position: [ 0.17735213 -1.23071265  0.85253245]
2026-01-21 13:52:23,169 - position: [ 0.17744035 -1.23123443  0.85130322]
2026-01-21 13:52:23,378 - position: [ 0.17651138 -1.23176694  0.84931296]
2026-01-21 13:52:23,606 - position: [ 0.17568906 -1.23135757  0.84911382]
2026-01-21 13:52:23,850 - position: [ 0.16634522 -1.22732997  0.84859127]
2026-01-21 13:52:24,106 - position: [ 0.15647975 -1.21888137  0.85477722]
2026-01-21 13:52:24,348 - position: [ 0.1596061  -1.21297002  0.86054844]
2026-01-21 13:52:24,628 - position: [ 0.16383116 -1.21421695  0.85722286]
2026-01-21 13:52:24,849 - position: [ 0.15913257 -1.21525657  0.85466647]
2026-01-21 13:52:25,079 - position: [ 0.15747394 -1.21654117  0.8523252 ]
2026-01-21 13:52:25,290 - position: [ 0.13729657 -1.21405578  0.86664081]
2026-01-21 13:52:25,620 - position: [ 0.13497968 -1.21404278  0.87314618]
2026-01-21 13:52:25,822 - position: [ 0.14632116 -1.21082246  0.8729825 ]
2026-01-21 13:52:26,040 - position: [ 0.14250419 -1.21128416  0.87518984]
2026-01-21 13:52:26,318 - position: [ 0.15089345 -1.21299303  0.86431801]
2026-01-21 13:52:26,564 - position: [ 0.15089345 -1.21299303  0.86431801]
2026-01-21 13:52:26,812 - position: [ 0.15089345 -1.21299303  0.86431801]
2026-01-21 13:52:27,034 - position: [ 0.15089345 -1.21299303  0.86431801]
2026-01-21 13:52:27,262 - position: [ 0.15089345 -1.21299303  0.86431801]
2026-01-21 13:52:27,492 - position: [ 0.15089345 -1.21299303  0.86431801]
2026-01-21 13:52:27,728 - position: [ 0.15089345 -1.21299303  0.86431801]
2026-01-21 13:52:27,943 - position: [ 0.15089345 -1.21299303  0.86431801]
2026-01-21 13:52:28,186 - position: [ 0.15089345 -1.21299303  0.86431801]
2026-01-21 13:52:28,415 - position: [ 0.15089345 -1.21299303  0.86431801]
2026-01-21 13:52:28,675 - position: [ 0.15089345 -1.21299303  0.86431801]
2026-01-21 13:52:28,884 - position: [ 0.15089345 -1.21299303  0.86431801]
2026-01-21 13:52:29,098 - position: [ 0.15089345 -1.21299303  0.86431801]
2026-01-21 13:52:29,318 - position: [ 0.15089345 -1.21299303  0.86431801]
2026-01-21 13:52:29,597 - position: [ 0.15089345 -1.21299303  0.86431801]
2026-01-21 13:52:29,859 - position: [ 0.15089345 -1.21299303  0.86431801]
2026-01-21 13:52:30,122 - position: [ 0.15089345 -1.21299303  0.86431801]
2026-01-21 13:52:30,372 - position: [ 0.23704681 -1.22843015  0.82951784]
2026-01-21 13:52:30,610 - position: [ 0.30516323 -1.23355079  0.81729203]
2026-01-21 13:52:30,853 - position: [ 0.35804012 -1.20517564  0.85059404]
2026-01-21 13:52:31,087 - position: [ 0.35804012 -1.20517564  0.85059404]
2026-01-21 13:52:31,319 - position: [ 0.35804012 -1.20517564  0.85059404]
2026-01-21 13:52:31,525 - position: [ 0.35804012 -1.20517564  0.85059404]
2026-01-21 13:52:31,741 - position: [ 0.35804012 -1.20517564  0.85059404]
2026-01-21 13:52:31,974 - position: [ 0.35804012 -1.20517564  0.85059404]
2026-01-21 13:52:32,180 - position: [ 0.35804012 -1.20517564  0.85059404]
2026-01-21 13:52:32,463 - position: [ 0.35804012 -1.20517564  0.85059404]
2026-01-21 13:52:32,732 - position: [ 0.39539686 -1.43366086  1.83787322]
2026-01-21 13:52:32,992 - position: [ 0.39539686 -1.43366086  1.83787322]
2026-01-21 13:52:33,228 - position: [ 0.52883065 -1.19797039  1.01886797]
2026-01-21 13:52:33,451 - position: [ 0.19220093 -1.21893036  0.87441862]
2026-01-21 13:52:33,697 - position: [ 0.18581079 -1.22153842  0.87103623]
2026-01-21 13:52:33,934 - position: [ 0.18558715 -1.21771395  0.87301141]
2026-01-21 13:52:34,154 - position: [ 0.18558715 -1.21771395  0.87301141]
2026-01-21 13:52:34,367 - position: [ 0.18558715 -1.21771395  0.87301141]
2026-01-21 13:52:34,599 - position: [ 0.18558715 -1.21771395  0.87301141]
2026-01-21 13:52:34,826 - position: [ 0.18558715 -1.21771395  0.87301141]
2026-01-21 13:52:35,048 - position: [ 0.18558715 -1.21771395  0.87301141]
2026-01-21 13:52:35,267 - position: [ 0.18558715 -1.21771395  0.87301141]
2026-01-21 13:52:35,489 - position: [ 0.18558715 -1.21771395  0.87301141]
2026-01-21 13:52:35,787 - position: [ 0.18558715 -1.21771395  0.87301141]
2026-01-21 13:52:36,042 - position: [ 0.18558715 -1.21771395  0.87301141]
2026-01-21 13:52:36,244 - position: [ 0.18558715 -1.21771395  0.87301141]
2026-01-21 13:52:36,481 - position: [ 0.18558715 -1.21771395  0.87301141]
2026-01-21 13:52:36,692 - position: [ 0.18558715 -1.21771395  0.87301141]
2026-01-21 13:52:36,919 - position: [ 0.18558715 -1.21771395  0.87301141]
2026-01-21 13:52:37,202 - position: [ 0.18558715 -1.21771395  0.87301141]
2026-01-21 13:52:37,436 - position: [ 0.18558715 -1.21771395  0.87301141]
2026-01-21 13:52:37,648 - position: [ 0.18558715 -1.21771395  0.87301141]
2026-01-21 13:52:37,873 - position: [ 0.18558715 -1.21771395  0.87301141]
2026-01-21 13:52:38,123 - position: [ 0.18558715 -1.21771395  0.87301141]
2026-01-21 13:52:38,367 - position: [ 0.18558715 -1.21771395  0.87301141]
2026-01-21 13:52:38,652 - position: [ 0.18558715 -1.21771395  0.87301141]
2026-01-21 13:52:38,902 - position: [ 0.18558715 -1.21771395  0.87301141]
2026-01-21 13:52:39,139 - position: [ 0.18558715 -1.21771395  0.87301141]
2026-01-21 13:52:39,367 - position: [ 0.13845652 -1.22651219  0.86753601]
2026-01-21 13:52:39,611 - position: [ 0.14116059 -1.2268914   0.86327058]
2026-01-21 13:52:39,892 - position: [ 0.14116059 -1.2268914   0.86327058]
2026-01-21 13:52:40,104 - position: [ 0.14116059 -1.2268914   0.86327058]
2026-01-21 13:52:40,306 - position: [ 0.14071389 -1.21872032  0.86236733]
2026-01-21 13:52:40,584 - position: [ 0.13887012 -1.20951939  0.87009835]
2026-01-21 13:52:40,836 - position: [ 0.1424921  -1.2177372   0.85650158]
2026-01-21 13:52:41,083 - position: [ 0.1451268  -1.22530496  0.85023683]
2026-01-21 13:52:41,321 - position: [ 0.14650527 -1.22585082  0.85027319]
2026-01-21 13:52:41,605 - position: [ 0.14951131 -1.22445095  0.85125256]
2026-01-21 13:52:41,840 - position: [ 0.1558326  -1.223001    0.85323536]
2026-01-21 13:52:42,122 - position: [ 0.16073155 -1.2277832   0.85370982]
2026-01-21 13:52:42,357 - position: [ 0.16134758 -1.23679626  0.84850204]
2026-01-21 13:52:42,575 - position: [ 0.15347385 -1.2352134   0.84937268]
2026-01-21 13:52:42,835 - position: [ 0.13799076 -1.2262361   0.85713303]
2026-01-21 13:52:43,051 - position: [ 0.1385276  -1.22366631  0.85805362]
2026-01-21 13:52:43,275 - position: [ 0.14409186 -1.21780026  0.85678613]
2026-01-21 13:52:43,510 - position: [ 0.16092058 -1.22478199  0.84806418]
2026-01-21 13:52:43,769 - position: [ 0.16974413 -1.22473335  0.84822488]
2026-01-21 13:52:44,064 - position: [ 0.16974413 -1.22473335  0.84822488]
2026-01-21 13:52:44,295 - position: [ 0.15348265 -1.22224224  0.85835654]
2026-01-21 13:52:44,541 - position: [ 0.16914369 -1.23751116  0.85745192]
2026-01-21 13:52:44,777 - position: [ 0.17837259 -1.2526232   0.85334253]
2026-01-21 13:52:44,998 - position: [ 0.19083937 -1.26727426  0.84773672]
2026-01-21 13:52:45,226 - position: [ 0.19344568 -1.26439786  0.85044843]
2026-01-21 13:52:45,465 - position: [ 0.16828859 -1.23472619  0.88519031]
2026-01-21 13:52:45,672 - position: [ 0.13874763 -1.22958887  0.86841995]
2026-01-21 13:52:45,908 - position: [ 0.13874763 -1.22958887  0.86841995]
2026-01-21 13:52:46,160 - position: [ 0.13874763 -1.22958887  0.86841995]
2026-01-21 13:52:46,405 - position: [ 0.13874763 -1.22958887  0.86841995]
2026-01-21 13:52:46,647 - position: [ 0.13874763 -1.22958887  0.86841995]
2026-01-21 13:52:46,889 - position: [ 0.13874763 -1.22958887  0.86841995]
2026-01-21 13:52:47,114 - position: [ 0.13874763 -1.22958887  0.86841995]
2026-01-21 13:52:47,372 - position: [ 0.13874763 -1.22958887  0.86841995]
2026-01-21 13:52:47,596 - position: [ 0.13874763 -1.22958887  0.86841995]
2026-01-21 13:52:47,820 - position: [ 0.13874763 -1.22958887  0.86841995]
2026-01-21 13:52:48,039 - position: [ 0.13874763 -1.22958887  0.86841995]
2026-01-21 13:52:48,301 - position: [ 0.13874763 -1.22958887  0.86841995]
2026-01-21 13:52:48,520 - position: [ 0.13874763 -1.22958887  0.86841995]
2026-01-21 13:52:48,789 - position: [ 0.13874763 -1.22958887  0.86841995]
2026-01-21 13:52:49,019 - position: [ 0.13874763 -1.22958887  0.86841995]
2026-01-21 13:52:49,242 - position: [ 0.13874763 -1.22958887  0.86841995]
2026-01-21 13:52:49,476 - position: [ 0.15576114 -1.20188212  0.86585414]
2026-01-21 13:52:49,710 - position: [ 0.15254058 -1.20719671  0.86224157]
2026-01-21 13:52:49,934 - position: [ 0.15254058 -1.20719671  0.86224157]
2026-01-21 13:52:50,156 - position: [ 0.15254058 -1.20719671  0.86224157]
2026-01-21 13:52:50,410 - position: [ 0.15254058 -1.20719671  0.86224157]
2026-01-21 13:52:50,675 - position: [ 0.1400815  -1.1961596   0.87361252]
2026-01-21 13:52:50,891 - position: [ 0.14762007 -1.20255697  0.87399369]
2026-01-21 13:52:51,099 - position: [ 0.15165913 -1.20987332  0.86039591]
2026-01-21 13:52:51,342 - position: [ 0.15165913 -1.20987332  0.86039591]
2026-01-21 13:52:51,639 - position: [ 0.15165913 -1.20987332  0.86039591]
2026-01-21 13:52:51,877 - position: [ 0.15165913 -1.20987332  0.86039591]
2026-01-21 13:52:52,120 - position: [ 0.15165913 -1.20987332  0.86039591]
2026-01-21 13:52:52,377 - position: [ 0.15165913 -1.20987332  0.86039591]
2026-01-21 13:52:52,633 - position: [ 0.15165913 -1.20987332  0.86039591]
2026-01-21 13:52:52,865 - position: [ 0.15165913 -1.20987332  0.86039591]
2026-01-21 13:52:53,105 - position: [ 0.15165913 -1.20987332  0.86039591]
2026-01-21 13:52:53,350 - position: [ 0.15165913 -1.20987332  0.86039591]
2026-01-21 13:52:53,580 - position: [ 0.15165913 -1.20987332  0.86039591]
2026-01-21 13:52:53,827 - position: [ 0.15165913 -1.20987332  0.86039591]
2026-01-21 13:52:54,057 - position: [ 0.15165913 -1.20987332  0.86039591]
2026-01-21 13:52:54,270 - position: [ 0.15165913 -1.20987332  0.86039591]
2026-01-21 13:52:54,509 - position: [ 0.15165913 -1.20987332  0.86039591]
2026-01-21 13:52:54,776 - position: [ 0.15165913 -1.20987332  0.86039591]
2026-01-21 13:52:55,017 - position: [ 0.15165913 -1.20987332  0.86039591]
2026-01-21 13:52:55,258 - position: [ 0.15165913 -1.20987332  0.86039591]
2026-01-21 13:52:55,522 - position: [ 0.15165913 -1.20987332  0.86039591]
2026-01-21 13:52:55,754 - position: [ 0.15165913 -1.20987332  0.86039591]
2026-01-21 13:52:55,991 - position: [ 0.15165913 -1.20987332  0.86039591]
2026-01-21 13:52:56,205 - position: [ 0.17216957 -1.22815216  0.85500932]
2026-01-21 13:52:56,450 - position: [ 0.17490293 -1.22622001  0.85972911]
2026-01-21 13:52:56,700 - position: [ 0.15504301 -1.21905923  0.86575764]
2026-01-21 13:52:56,929 - position: [ 0.15161514 -1.22427738  0.85712868]
2026-01-21 13:52:57,161 - position: [ 0.16135779 -1.22837472  0.86137503]
2026-01-21 13:52:57,390 - position: [ 0.16940169 -1.22740436  0.86427915]
2026-01-21 13:52:57,631 - position: [ 0.17780526 -1.2317344   0.87286294]
2026-01-21 13:52:57,882 - position: [ 0.17780526 -1.2317344   0.87286294]
2026-01-21 13:52:58,147 - position: [ 0.17780526 -1.2317344   0.87286294]
2026-01-21 13:52:58,351 - position: [ 0.17780526 -1.2317344   0.87286294]
2026-01-21 13:52:58,601 - position: [ 0.17780526 -1.2317344   0.87286294]
2026-01-21 13:52:58,821 - position: [ 0.17780526 -1.2317344   0.87286294]
2026-01-21 13:52:59,035 - position: [ 0.17780526 -1.2317344   0.87286294]
2026-01-21 13:52:59,327 - position: [ 0.17780526 -1.2317344   0.87286294]
2026-01-21 13:52:59,562 - position: [ 0.17780526 -1.2317344   0.87286294]
2026-01-21 13:52:59,794 - position: [ 0.17780526 -1.2317344   0.87286294]
2026-01-21 13:53:00,004 - position: [ 0.17780526 -1.2317344   0.87286294]
2026-01-21 13:53:00,235 - position: [ 0.17780526 -1.2317344   0.87286294]
2026-01-21 13:53:00,468 - position: [ 0.17780526 -1.2317344   0.87286294]
2026-01-21 13:53:00,720 - position: [ 0.17780526 -1.2317344   0.87286294]
2026-01-21 13:53:00,995 - position: [ 0.17780526 -1.2317344   0.87286294]
2026-01-21 13:53:01,247 - position: [ 0.17780526 -1.2317344   0.87286294]
2026-01-21 13:53:01,506 - position: [ 0.17780526 -1.2317344   0.87286294]
2026-01-21 13:53:01,754 - position: [ 0.17780526 -1.2317344   0.87286294]
2026-01-21 13:53:01,998 - position: [ 0.17780526 -1.2317344   0.87286294]
2026-01-21 13:53:02,218 - position: [ 0.17780526 -1.2317344   0.87286294]
2026-01-21 13:53:02,454 - position: [ 0.17780526 -1.2317344   0.87286294]
2026-01-21 13:53:02,669 - position: [ 0.17780526 -1.2317344   0.87286294]
2026-01-21 13:53:02,892 - position: [ 0.17780526 -1.2317344   0.87286294]
2026-01-21 13:53:03,133 - position: [ 0.17780526 -1.2317344   0.87286294]
2026-01-21 13:53:03,380 - position: [ 0.17780526 -1.2317344   0.87286294]
2026-01-21 13:53:03,614 - position: [ 0.17780526 -1.2317344   0.87286294]
2026-01-21 13:53:03,841 - position: [ 0.17780526 -1.2317344   0.87286294]
2026-01-21 13:53:04,102 - position: [ 0.17780526 -1.2317344   0.87286294]
2026-01-21 13:53:04,336 - position: [ 0.17780526 -1.2317344   0.87286294]
2026-01-21 13:53:04,554 - position: [ 0.17780526 -1.2317344   0.87286294]
2026-01-21 13:53:04,799 - position: [ 0.17780526 -1.2317344   0.87286294]
2026-01-21 13:53:05,032 - position: [ 0.17780526 -1.2317344   0.87286294]
2026-01-21 13:53:05,277 - position: [ 0.17780526 -1.2317344   0.87286294]
2026-01-21 13:53:05,515 - position: [ 0.17780526 -1.2317344   0.87286294]
2026-01-21 13:53:05,753 - position: [ 0.17780526 -1.2317344   0.87286294]
2026-01-21 13:53:05,975 - position: [ 0.17780526 -1.2317344   0.87286294]
2026-01-21 13:53:06,242 - position: [ 0.17780526 -1.2317344   0.87286294]
2026-01-21 13:53:06,498 - position: [ 0.17780526 -1.2317344   0.87286294]
2026-01-21 13:53:06,730 - position: [ 0.17780526 -1.2317344   0.87286294]
2026-01-21 13:53:06,979 - position: [ 0.17780526 -1.2317344   0.87286294]
2026-01-21 13:53:07,200 - position: [ 0.17780526 -1.2317344   0.87286294]
2026-01-21 13:53:07,436 - position: [ 0.17780526 -1.2317344   0.87286294]
2026-01-21 13:53:07,667 - position: [ 0.17780526 -1.2317344   0.87286294]
2026-01-21 13:53:07,904 - position: [ 0.17780526 -1.2317344   0.87286294]
2026-01-21 13:53:08,153 - position: [ 0.17780526 -1.2317344   0.87286294]
2026-01-21 13:53:08,378 - position: [ 0.17780526 -1.2317344   0.87286294]
2026-01-21 13:53:08,581 - position: [ 0.17780526 -1.2317344   0.87286294]
2026-01-21 13:53:08,815 - position: [ 0.17780526 -1.2317344   0.87286294]
2026-01-21 13:53:09,065 - position: [ 0.17780526 -1.2317344   0.87286294]
2026-01-21 13:53:09,298 - position: [ 0.17780526 -1.2317344   0.87286294]
2026-01-21 13:53:09,523 - position: [ 0.17780526 -1.2317344   0.87286294]
2026-01-21 13:53:09,754 - position: [ 0.17780526 -1.2317344   0.87286294]
2026-01-21 13:53:09,964 - position: [ 0.17780526 -1.2317344   0.87286294]
2026-01-21 13:53:10,175 - position: [ 0.17780526 -1.2317344   0.87286294]
2026-01-21 13:53:10,412 - position: [ 0.17780526 -1.2317344   0.87286294]
2026-01-21 13:53:10,666 - position: [ 0.17780526 -1.2317344   0.87286294]
2026-01-21 13:53:10,897 - position: [ 0.17780526 -1.2317344   0.87286294]
2026-01-21 13:53:11,161 - position: [ 0.17780526 -1.2317344   0.87286294]
2026-01-21 13:53:11,425 - position: [ 0.17780526 -1.2317344   0.87286294]
2026-01-21 13:53:11,678 - position: [ 0.38392279 -1.16825879  1.3958472 ]
2026-01-21 13:53:11,894 - position: [ 0.25599781 -1.18811095  0.89211434]
2026-01-21 13:53:12,108 - position: [ 0.19042099 -1.23225725  0.87617749]
2026-01-21 13:53:12,365 - position: [ 0.20067152 -1.21489799  0.8684271 ]
2026-01-21 13:53:12,576 - position: [ 0.17816387 -1.21278489  0.88053864]
2026-01-21 13:53:12,814 - position: [ 0.16795106 -1.21263623  0.87464947]
2026-01-21 13:53:13,069 - position: [ 0.16630515 -1.2023772   0.88443035]
2026-01-21 13:53:13,298 - position: [ 0.16692789 -1.20795643  0.88030112]
2026-01-21 13:53:13,530 - position: [ 0.17141564 -1.22086751  0.86462277]
2026-01-21 13:53:13,744 - position: [ 0.16796741 -1.21784544  0.8666355 ]
2026-01-21 13:53:14,024 - position: [ 0.14318258 -1.2289722   0.86052448]
2026-01-21 13:53:14,306 - position: [ 0.11999452 -1.23602927  0.87005621]
2026-01-21 13:53:14,603 - position: [ 0.10017134 -1.23242176  0.87725258]
2026-01-21 13:53:14,828 - position: [ 0.1132554  -1.22298253  0.8654992 ]
2026-01-21 13:53:15,057 - position: [ 0.13404632 -1.20446301  0.87744451]
2026-01-21 13:53:15,266 - position: [ 0.15112583 -1.20512283  0.88696241]
2026-01-21 13:53:15,504 - position: [ 0.15498403 -1.20977485  0.87619728]
2026-01-21 13:53:15,723 - position: [ 0.15376276 -1.2156837   0.86032945]
2026-01-21 13:53:15,944 - position: [ 0.11380092 -1.22643292  0.86272001]
2026-01-21 13:53:16,175 - position: [ 0.0933954  -1.22823     0.86987734]
2026-01-21 13:53:16,392 - position: [ 0.08976731 -1.22580934  0.86871976]
2026-01-21 13:53:16,609 - position: [ 0.11077231 -1.23884821  0.85141695]
2026-01-21 13:53:16,875 - position: [ 0.10721694 -1.23243809  0.87527913]
2026-01-21 13:53:17,132 - position: [ 0.1272762  -1.23948765  0.85522455]
2026-01-21 13:53:17,356 - position: [ 0.13652183 -1.22984326  0.86859673]
2026-01-21 13:53:17,622 - position: [ 0.13044567 -1.22626603  0.88913256]
2026-01-21 13:53:17,858 - position: [ 0.13434859 -1.23207057  0.87855661]
2026-01-21 13:53:18,125 - position: [ 0.13434859 -1.23207057  0.87855661]
2026-01-21 13:53:18,342 - position: [ 0.13434859 -1.23207057  0.87855661]
2026-01-21 13:53:18,551 - position: [ 0.13434859 -1.23207057  0.87855661]
2026-01-21 13:53:18,791 - position: [ 0.13434859 -1.23207057  0.87855661]
2026-01-21 13:53:19,035 - position: [ 0.13434859 -1.23207057  0.87855661]
2026-01-21 13:53:19,320 - position: [ 0.13494739 -1.20252883  0.88834703]
2026-01-21 13:53:19,582 - position: [ 0.14067626 -1.19791377  0.88672107]
2026-01-21 13:53:19,814 - position: [ 0.14263518 -1.20340919  0.88951099]
2026-01-21 13:53:20,060 - position: [ 0.15198494 -1.2014209   0.88848972]
2026-01-21 13:53:20,300 - position: [ 0.15311033 -1.20075142  0.88623792]
2026-01-21 13:53:20,522 - position: [ 0.14382288 -1.20584524  0.8847425 ]
2026-01-21 13:53:20,753 - position: [ 0.14425574 -1.20532775  0.87963527]
2026-01-21 13:53:20,963 - position: [ 0.13935693 -1.20453393  0.87847006]
2026-01-21 13:53:21,177 - position: [ 0.13935693 -1.20453393  0.87847006]
2026-01-21 13:53:21,393 - position: [ 0.13905779 -1.18904543  0.89832991]
2026-01-21 13:53:21,665 - position: [ 0.15433452 -1.21389711  0.87034035]
2026-01-21 13:53:21,887 - position: [ 0.16913977 -1.21760917  0.87501079]
2026-01-21 13:53:22,124 - position: [ 0.17968865 -1.19869947  0.89419049]
2026-01-21 13:53:22,351 - position: [ 0.16279146 -1.20409465  0.89292073]
2026-01-21 13:53:22,574 - position: [ 0.15803692 -1.21447921  0.87587273]
2026-01-21 13:53:22,825 - position: [ 0.15963645 -1.2195003   0.8706395 ]
2026-01-21 13:53:23,041 - position: [ 0.15963645 -1.2195003   0.8706395 ]
2026-01-21 13:53:23,245 - position: [ 0.15963645 -1.2195003   0.8706395 ]
2026-01-21 13:53:23,516 - position: [ 0.16296947 -1.22011876  0.86167228]
2026-01-21 13:53:23,811 - position: [ 0.16124807 -1.22119629  0.86080861]
2026-01-21 13:53:24,045 - position: [ 0.1552003  -1.22144175  0.86371762]
2026-01-21 13:53:24,257 - position: [ 0.15384325 -1.2149508   0.86834097]
2026-01-21 13:53:24,491 - position: [ 0.14754154 -1.20856893  0.87507761]
2026-01-21 13:53:24,756 - position: [ 0.14569661 -1.20729601  0.87948173]
2026-01-21 13:53:25,012 - position: [ 0.14905456 -1.20712328  0.8841005 ]
2026-01-21 13:53:25,247 - position: [ 0.15242797 -1.21699417  0.8681199 ]
2026-01-21 13:53:25,490 - position: [ 0.15242797 -1.21699417  0.8681199 ]
2026-01-21 13:53:25,725 - position: [ 0.15242797 -1.21699417  0.8681199 ]
2026-01-21 13:53:25,962 - position: [ 0.15242797 -1.21699417  0.8681199 ]
2026-01-21 13:53:26,196 - position: [ 0.15242797 -1.21699417  0.8681199 ]
2026-01-21 13:53:26,421 - position: [ 0.15242797 -1.21699417  0.8681199 ]
2026-01-21 13:53:26,679 - position: [ 0.15242797 -1.21699417  0.8681199 ]
2026-01-21 13:53:26,920 - position: [ 0.15242797 -1.21699417  0.8681199 ]
2026-01-21 13:53:27,160 - position: [ 0.15242797 -1.21699417  0.8681199 ]
2026-01-21 13:53:27,424 - position: [ 0.15242797 -1.21699417  0.8681199 ]
2026-01-21 13:53:27,707 - position: [ 0.15242797 -1.21699417  0.8681199 ]
2026-01-21 13:53:27,961 - position: [ 0.15242797 -1.21699417  0.8681199 ]
2026-01-21 13:53:28,197 - position: [ 0.15242797 -1.21699417  0.8681199 ]
2026-01-21 13:53:28,410 - position: [ 0.15242797 -1.21699417  0.8681199 ]
2026-01-21 13:53:28,693 - position: [ 0.13316962 -1.23805702  0.87488067]
2026-01-21 13:53:28,931 - position: [ 0.13108939 -1.23645365  0.88052368]
2026-01-21 13:53:29,160 - position: [ 0.16870221 -1.2375108   0.86770886]
2026-01-21 13:53:29,390 - position: [ 0.16870221 -1.2375108   0.86770886]
2026-01-21 13:53:29,603 - position: [ 0.16870221 -1.2375108   0.86770886]
2026-01-21 13:53:29,890 - position: [ 0.16870221 -1.2375108   0.86770886]
2026-01-21 13:53:30,129 - position: [ 0.16870221 -1.2375108   0.86770886]
2026-01-21 13:53:30,358 - position: [ 0.10821795 -1.23428547  0.86507273]
2026-01-21 13:53:30,603 - position: [ 0.11954812 -1.22859418  0.863626  ]
2026-01-21 13:53:30,869 - position: [ 0.12182879 -1.23534882  0.85592878]
2026-01-21 13:53:31,100 - position: [ 0.12201054 -1.2361815   0.85370696]
2026-01-21 13:53:31,361 - position: [ 0.12608552 -1.24119508  0.84719062]
2026-01-21 13:53:31,583 - position: [ 0.12608552 -1.24119508  0.84719062]
2026-01-21 13:53:31,793 - position: [ 0.137593   -1.25068903  0.86986089]
2026-01-21 13:53:32,009 - position: [ 0.14911409 -1.25575316  0.87058461]
2026-01-21 13:53:32,264 - position: [ 0.15111481 -1.25649524  0.85952371]
2026-01-21 13:53:32,504 - position: [ 0.1414561  -1.24915326  0.85848475]
2026-01-21 13:53:32,729 - position: [ 0.13242111 -1.2455405   0.85676473]
2026-01-21 13:53:32,968 - position: [ 0.12913682 -1.24324465  0.85711402]
2026-01-21 13:53:33,200 - position: [ 0.12315749 -1.23829365  0.85810053]
2026-01-21 13:53:33,433 - position: [ 0.12521273 -1.22874618  0.86076087]
2026-01-21 13:53:33,723 - position: [ 0.13537879 -1.21380174  0.85997009]
2026-01-21 13:53:33,964 - position: [ 0.14345044 -1.21245408  0.85525143]
2026-01-21 13:53:34,198 - position: [ 0.15641147 -1.21686685  0.85355711]
2026-01-21 13:53:34,431 - position: [ 0.23917763 -1.23141658  0.81337911]
2026-01-21 13:53:34,666 - position: [ 0.30659631 -1.25820935  0.79164857]
2026-01-21 13:53:34,898 - position: [ 0.37548667 -1.31584823  0.77851474]
2026-01-21 13:53:35,136 - position: [ 0.30032122 -1.25000691  0.80897593]
2026-01-21 13:53:35,348 - position: [ 0.30032122 -1.25000691  0.80897593]
2026-01-21 13:53:35,699 - position: [ 0.30032122 -1.25000691  0.80897593]
2026-01-21 13:53:35,963 - position: [ 0.30032122 -1.25000691  0.80897593]
2026-01-21 13:53:36,213 - position: [ 0.30032122 -1.25000691  0.80897593]
2026-01-21 13:53:36,425 - position: [ 0.30032122 -1.25000691  0.80897593]
2026-01-21 13:53:36,658 - position: [ 0.30032122 -1.25000691  0.80897593]
2026-01-21 13:53:36,875 - position: [ 0.30032122 -1.25000691  0.80897593]
2026-01-21 13:53:37,112 - position: [ 0.30032122 -1.25000691  0.80897593]
2026-01-21 13:53:37,357 - position: [ 0.30032122 -1.25000691  0.80897593]
2026-01-21 13:53:37,583 - position: [ 0.30032122 -1.25000691  0.80897593]
2026-01-21 13:53:37,807 - position: [ 0.30032122 -1.25000691  0.80897593]
2026-01-21 13:53:38,049 - position: [ 0.30032122 -1.25000691  0.80897593]
2026-01-21 13:53:38,331 - position: [ 0.30032122 -1.25000691  0.80897593]
2026-01-21 13:53:38,572 - position: [ 0.30032122 -1.25000691  0.80897593]
2026-01-21 13:53:38,833 - position: [ 0.30032122 -1.25000691  0.80897593]
2026-01-21 13:53:39,081 - position: [ 0.30032122 -1.25000691  0.80897593]
2026-01-21 13:53:39,371 - position: [ 0.30032122 -1.25000691  0.80897593]
2026-01-21 13:53:39,583 - position: [ 0.30032122 -1.25000691  0.80897593]
2026-01-21 13:53:39,791 - position: [ 0.30032122 -1.25000691  0.80897593]
2026-01-21 13:53:40,072 - position: [ 0.30032122 -1.25000691  0.80897593]
2026-01-21 13:53:40,295 - position: [ 0.30032122 -1.25000691  0.80897593]
2026-01-21 13:53:40,528 - position: [ 0.30032122 -1.25000691  0.80897593]
2026-01-21 13:53:40,768 - position: [ 0.30032122 -1.25000691  0.80897593]
2026-01-21 13:53:41,018 - position: [ 0.20672478 -1.25673008  0.85050869]
2026-01-21 13:53:41,251 - position: [ 0.2073514  -1.26100814  0.84379977]
2026-01-21 13:53:41,494 - position: [ 0.2073514  -1.26100814  0.84379977]
2026-01-21 13:53:41,727 - position: [ 0.2073514  -1.26100814  0.84379977]
2026-01-21 13:53:41,977 - position: [ 0.2073514  -1.26100814  0.84379977]
2026-01-21 13:53:42,215 - position: [ 0.2073514  -1.26100814  0.84379977]
2026-01-21 13:53:42,448 - position: [ 0.2073514  -1.26100814  0.84379977]
2026-01-21 13:53:42,701 - position: [ 0.16615541 -1.24677527  0.84799629]
2026-01-21 13:53:42,941 - position: [ 0.16615541 -1.24677527  0.84799629]
2026-01-21 13:53:43,168 - position: [ 0.14470397 -1.2371217   0.85444295]
2026-01-21 13:53:43,423 - position: [ 0.14123969 -1.22174489  0.87792456]
2026-01-21 13:53:43,661 - position: [ 0.14123969 -1.22174489  0.87792456]
2026-01-21 13:53:43,915 - position: [ 0.14123969 -1.22174489  0.87792456]
2026-01-21 13:53:44,161 - position: [ 0.14123969 -1.22174489  0.87792456]
2026-01-21 13:53:44,415 - position: [ 0.14123969 -1.22174489  0.87792456]
2026-01-21 13:53:44,626 - position: [ 0.14123969 -1.22174489  0.87792456]
