2026-01-21 13:50:49,665 - position: [ 0.1234534  -0.21513607  0.83668274] - angle: -1.594244769393237
2026-01-21 13:50:49,889 - position: [ 0.12103274 -0.21731666  0.84389591] - angle: -1.5941828588011395
2026-01-21 13:50:50,101 - position: [ 0.12020094 -0.21812581  0.84700936] - angle: -1.5940647442204572
2026-01-21 13:50:50,387 - position: [ 0.11837454 -0.22087477  0.85730731] - angle: -1.594084315575783
2026-01-21 13:50:50,609 - position: [ 0.11814886 -0.22256169  0.86348653] - angle: -1.5948091193317584
2026-01-21 13:50:50,859 - position: [ 0.11828078 -0.22334962  0.86652255] - angle: -1.5944927891470346
2026-01-21 13:50:51,098 - position: [ 0.11985084 -0.22515853  0.86922145] - angle: -1.594739612373088
2026-01-21 13:50:51,363 - position: [ 0.12209993 -0.22778253  0.87381858] - angle: -1.5936229511085962
2026-01-21 13:50:51,643 - position: [ 0.12563139 -0.22921699  0.97276938] - angle: -1.592897147129098
2026-01-21 13:50:51,860 - position: [ 0.12563132 -0.22952162  1.18186057] - angle: -1.5942476015906895
2026-01-21 13:50:52,067 - position: [ 0.12542999 -0.22947821  1.24599433] - angle: -1.5949022312009582
2026-01-21 13:50:52,315 - position: [ 0.12846443 -0.23059647  1.44734931] - angle: -1.5948481041959655
2026-01-21 13:50:52,579 - position: [ 0.14017311 -0.23825434  1.64435208] - angle: -1.596386655533026
2026-01-21 13:50:52,811 - position: [ 0.14791049 -0.24718648  1.71494997] - angle: -1.6007318394165218
2026-01-21 13:50:53,041 - position: [ 0.15263   -0.2553961  1.7405504] - angle: -1.5975333202205082
2026-01-21 13:50:53,273 - position: [ 0.16134988 -0.27060974  1.75137758] - angle: -1.6002709970120685
2026-01-21 13:50:53,510 - position: [ 0.16299723 -0.27528074  1.74856007] - angle: -1.5986087178102117
2026-01-21 13:50:53,711 - position: [ 0.16304594 -0.2788651   1.74367058] - angle: -1.597390249063129
2026-01-21 13:50:53,942 - position: [ 0.16166081 -0.27963808  1.74101055] - angle: -1.5978490776509089
2026-01-21 13:50:54,173 - position: [ 0.16066663 -0.27906147  1.73990679] - angle: -1.5977123873248082
2026-01-21 13:50:54,427 - position: [ 0.15706462 -0.26864833  1.74317205] - angle: -1.5992084938027116
2026-01-21 13:50:54,658 - position: [ 0.15610471 -0.26502636  1.74590838] - angle: -1.598002029417982
2026-01-21 13:50:54,888 - position: [ 0.15394577 -0.26139125  1.75287938] - angle: -1.597009221196215
2026-01-21 13:50:55,127 - position: [ 0.15403312 -0.2612873   1.75327706] - angle: -1.5984054415794002
2026-01-21 13:50:55,367 - position: [ 0.15125722 -0.26057354  1.75854921] - angle: -1.5975530258701367
2026-01-21 13:50:55,644 - position: [ 0.14999862 -0.25946206  1.76105845] - angle: -1.5977302918672853
2026-01-21 13:50:55,882 - position: [ 0.15007766 -0.25738001  1.7628932 ] - angle: -1.5969083645186481
2026-01-21 13:50:56,113 - position: [ 0.15182823 -0.25210062  1.76549661] - angle: -1.5976096350973918
2026-01-21 13:50:56,364 - position: [ 0.15490162 -0.24801606  1.76846826] - angle: -1.5998778419396036
2026-01-21 13:50:56,607 - position: [ 0.1551359  -0.24787183  1.76880074] - angle: -1.5990852942405596
2026-01-21 13:50:56,843 - position: [ 0.15538521 -0.25393596  1.76842082] - angle: -1.5987205547595407
2026-01-21 13:50:57,110 - position: [ 0.15459834 -0.25756893  1.76702917] - angle: -1.5983150299161393
2026-01-21 13:50:57,331 - position: [ 0.15320574 -0.26108095  1.76694965] - angle: -1.595684417499073
2026-01-21 13:50:57,564 - position: [ 0.1532653  -0.26498869  1.76661277] - angle: -1.5980432790539094
2026-01-21 13:50:57,776 - position: [ 0.15390667 -0.27005091  1.76591718] - angle: -1.5957025812449013
2026-01-21 13:50:57,980 - position: [ 0.15486924 -0.27519965  1.76490712] - angle: -1.595621186818935
2026-01-21 13:50:58,191 - position: [ 0.15551262 -0.28174913  1.76322031] - angle: -1.598014445435611
2026-01-21 13:50:58,471 - position: [ 0.15341914 -0.29973015  1.75872028] - angle: -1.5983289783203514
2026-01-21 13:50:58,703 - position: [ 0.1521235  -0.30840224  1.75503182] - angle: -1.5981611695990123
2026-01-21 13:50:58,916 - position: [ 0.15177585 -0.31102845  1.75375998] - angle: -1.5988555113674376
2026-01-21 13:50:59,217 - position: [ 0.15272327 -0.32758707  1.74311006] - angle: -1.5975764814456221
2026-01-21 13:50:59,532 - position: [ 0.15302099 -0.3366344   1.74149919] - angle: -1.5990347862505976
2026-01-21 13:50:59,742 - position: [ 0.15223746 -0.33842698  1.74290085] - angle: -1.597987742933407
2026-01-21 13:50:59,958 - position: [ 0.15223746 -0.33842698  1.74290085] - angle: -1.597987742933407
2026-01-21 13:51:00,216 - position: [ 0.14971714 -0.33711255  1.74208724] - angle: -1.600536766553839
2026-01-21 13:51:00,431 - position: [ 0.14942056 -0.33663616  1.7415123 ] - angle: -1.5993587323632337
2026-01-21 13:51:00,683 - position: [ 0.15077649 -0.33166105  1.73628366] - angle: -1.5992017171670456
2026-01-21 13:51:00,932 - position: [ 0.15141436 -0.31853166  1.72858143] - angle: -1.5988660322732304
2026-01-21 13:51:01,204 - position: [ 0.15146022 -0.31219387  1.72723961] - angle: -1.5971310190953076
2026-01-21 13:51:01,460 - position: [ 0.15267    -0.30892098  1.72660458] - angle: -1.597450282979164
2026-01-21 13:51:01,685 - position: [ 0.15350492 -0.30930436  1.72789609] - angle: -1.5977020294440614
2026-01-21 13:51:01,918 - position: [ 0.15341938 -0.31391448  1.73201394] - angle: -1.5977078298172671
2026-01-21 13:51:02,163 - position: [ 0.15307423 -0.31725669  1.73406541] - angle: -1.5970936659124035
2026-01-21 13:51:02,399 - position: [ 0.1525818  -0.32260391  1.73552322] - angle: -1.598191752548507
2026-01-21 13:51:02,632 - position: [ 0.15156062 -0.32901806  1.73514903] - angle: -1.5985190959649191
2026-01-21 13:51:02,844 - position: [ 0.15139914 -0.33021629  1.73447156] - angle: -1.5983687839516385
2026-01-21 13:51:03,081 - position: [ 0.15109712 -0.33225703  1.73329663] - angle: -1.5983570499038855
2026-01-21 13:51:03,323 - position: [ 0.15095754 -0.3330994   1.73136759] - angle: -1.5984211591687805
2026-01-21 13:51:03,561 - position: [ 0.15160702 -0.33261403  1.73048031] - angle: -1.5984775719928814
2026-01-21 13:51:03,781 - position: [ 0.15192725 -0.33135489  1.72575593] - angle: -1.5962322298074225
2026-01-21 13:51:03,982 - position: [ 0.15121496 -0.33160499  1.7238692 ] - angle: -1.595150299721098
2026-01-21 13:51:04,195 - position: [ 0.15084942 -0.33223212  1.72158766] - angle: -1.5960061898448092
2026-01-21 13:51:04,467 - position: [ 0.15099189 -0.33416882  1.71924865] - angle: -1.5971285932790433
2026-01-21 13:51:04,749 - position: [ 0.1515846  -0.34206921  1.71685219] - angle: -1.5953430865265616
2026-01-21 13:51:04,952 - position: [ 0.15140721 -0.3435241   1.71655989] - angle: -1.594738578387565
2026-01-21 13:51:05,167 - position: [ 0.14874986 -0.34715295  1.71571612] - angle: -1.5960778265719302
2026-01-21 13:51:05,410 - position: [ 0.14718056 -0.34858346  1.71540332] - angle: -1.5973804835976289
2026-01-21 13:51:05,672 - position: [ 0.1404323  -0.35291177  1.71327341] - angle: -1.595379270122172
2026-01-21 13:51:05,909 - position: [ 0.13838853 -0.35542819  1.71200383] - angle: -1.5958691265850806
2026-01-21 13:51:06,237 - position: [ 0.14205825 -0.35940143  1.71052623] - angle: -1.5940325691000083
2026-01-21 13:51:06,462 - position: [ 0.14252548 -0.35983467  1.71054578] - angle: -1.595254234074976
2026-01-21 13:51:06,749 - position: [ 0.14822845 -0.35748655  1.70953023] - angle: -1.5963630309173942
2026-01-21 13:51:06,980 - position: [ 0.14948423 -0.35363939  1.71124566] - angle: -1.5961660714269392
2026-01-21 13:51:07,215 - position: [ 0.15032975 -0.3484897   1.71366644] - angle: -1.5957906159742947
2026-01-21 13:51:07,463 - position: [ 0.15080309 -0.34601304  1.71448076] - angle: -1.5963876783262787
2026-01-21 13:51:07,979 - position: [ 0.14892328 -0.34507051  1.71672499] - angle: -1.5946639327885244
2026-01-21 13:51:08,214 - position: [ 0.14863186 -0.34538248  1.71712101] - angle: -1.5948921087222345
2026-01-21 13:51:08,431 - position: [ 0.145014   -0.34943876  1.72143853] - angle: -1.59468043929179
2026-01-21 13:51:08,706 - position: [ 0.1380427  -0.35766411  1.72621238] - angle: -1.5944265153729065
2026-01-21 13:51:08,956 - position: [ 0.13627446 -0.36339372  1.7278924 ] - angle: -1.594879068469858
2026-01-21 13:51:09,176 - position: [ 0.13529165 -0.36818931  1.728616  ] - angle: -1.5950208495913438
2026-01-21 13:51:09,430 - position: [ 0.13498831 -0.37351149  1.72985077] - angle: -1.5958494165379449
2026-01-21 13:51:09,665 - position: [ 0.13469313 -0.37771544  1.73046172] - angle: -1.5959813154945266
2026-01-21 13:51:09,879 - position: [ 0.13488784 -0.38385406  1.73036444] - angle: -1.5944070883938686
2026-01-21 13:51:10,127 - position: [ 0.13624491 -0.38946241  1.72901154] - angle: -1.5946519003227468
2026-01-21 13:51:10,369 - position: [ 0.13689326 -0.39099312  1.72818172] - angle: -1.5950046018353632
2026-01-21 13:51:10,604 - position: [ 0.13748085 -0.39216152  1.72748733] - angle: -1.5958403017676508
2026-01-21 13:51:10,835 - position: [ 0.13867037 -0.39007539  1.72510493] - angle: -1.5957160153452055
2026-01-21 13:51:11,048 - position: [ 0.13906994 -0.38110256  1.72431326] - angle: -1.5943524229758204
2026-01-21 13:51:11,260 - position: [ 0.13970259 -0.37318113  1.72517598] - angle: -1.5950729642633492
2026-01-21 13:51:11,494 - position: [ 0.13966623 -0.36814687  1.72564805] - angle: -1.5956348502599287
2026-01-21 13:51:11,802 - position: [ 0.13709004 -0.35644111  1.72564983] - angle: -1.5937022123953035
2026-01-21 13:51:12,018 - position: [ 0.13482501 -0.35071924  1.72634482] - angle: -1.5955179726551698
2026-01-21 13:51:12,228 - position: [ 0.13323843 -0.34838983  1.72655809] - angle: -1.594462330274836
2026-01-21 13:51:12,505 - position: [ 0.12990505 -0.34458491  1.7257179 ] - angle: -1.595134195543169
2026-01-21 13:51:12,712 - position: [ 0.12753116 -0.34380135  1.7248385 ] - angle: -1.5943585681254078
2026-01-21 13:51:12,933 - position: [ 0.12578171 -0.34393537  1.72439623] - angle: -1.5928613388911685
2026-01-21 13:51:13,178 - position: [ 0.12132517 -0.34481126  1.72478187] - angle: -1.5936170948572048
2026-01-21 13:51:13,396 - position: [ 0.11942191 -0.34562871  1.72581363] - angle: -1.592209360367204
2026-01-21 13:51:13,652 - position: [ 0.11802515 -0.34609935  1.73104012] - angle: -1.591999943688986
2026-01-21 13:51:13,901 - position: [ 0.11930418 -0.34485134  1.73400116] - angle: -1.5945066841483735
2026-01-21 13:51:14,145 - position: [ 0.11930418 -0.34485134  1.73400116] - angle: -1.5945066841483735
2026-01-21 13:51:14,382 - position: [ 0.12450979 -0.33719119  1.73841226] - angle: -1.5936230275088885
2026-01-21 13:51:14,635 - position: [ 0.12611793 -0.33221248  1.7388413 ] - angle: -1.5937227175291575
2026-01-21 13:51:14,877 - position: [ 0.12611793 -0.33221248  1.7388413 ] - angle: -1.5937227175291575
2026-01-21 13:51:15,105 - position: [ 0.12777555 -0.32469872  1.7382158 ] - angle: -1.593706573853055
2026-01-21 13:51:15,362 - position: [ 0.13083407 -0.31491867  1.73665631] - angle: -1.5931960962502707
2026-01-21 13:51:15,598 - position: [ 0.13479318 -0.30636406  1.73418665] - angle: -1.5936097432216183
2026-01-21 13:51:15,824 - position: [ 0.13824017 -0.30129945  1.7329787 ] - angle: -1.590640519248769
2026-01-21 13:51:16,051 - position: [ 0.14236954 -0.29826343  1.73130059] - angle: -1.5924007827630913
2026-01-21 13:51:16,307 - position: [ 0.14236954 -0.29826343  1.73130059] - angle: -1.5924007827630913
2026-01-21 13:51:16,592 - position: [ 0.15210713 -0.29019809  1.72996485] - angle: -1.592182061906712
2026-01-21 13:51:16,822 - position: [ 0.15462424 -0.28520218  1.73184419] - angle: -1.5922460407730696
2026-01-21 13:51:17,071 - position: [ 0.15630284 -0.28140783  1.73460925] - angle: -1.591945378056403
2026-01-21 13:51:17,276 - position: [ 0.15661529 -0.28027335  1.73756528] - angle: -1.5922287241206483
2026-01-21 13:51:17,566 - position: [ 0.15674445 -0.27933082  1.73957443] - angle: -1.5926987194279256
2026-01-21 13:51:17,812 - position: [ 0.1572229  -0.27715316  1.74170601] - angle: -1.5919339480301398
2026-01-21 13:51:18,032 - position: [ 0.15775673 -0.26740196  1.74177504] - angle: -1.591357233373408
2026-01-21 13:51:18,266 - position: [ 0.15643433 -0.25605991  1.74013615] - angle: -1.5890749617416908
2026-01-21 13:51:18,505 - position: [ 0.15449502 -0.24783625  1.7383647 ] - angle: -1.5919702694543014
2026-01-21 13:51:18,723 - position: [ 0.15355395 -0.2455532   1.73798358] - angle: -1.591605043224975
2026-01-21 13:51:18,941 - position: [ 0.1502243  -0.23753747  1.7330755 ] - angle: -1.5900931768645767
2026-01-21 13:51:19,181 - position: [ 0.14995509 -0.2362069   1.72927237] - angle: -1.5905685596657797
2026-01-21 13:51:19,399 - position: [ 0.15043929 -0.23809823  1.72475684] - angle: -1.590247661838129
2026-01-21 13:51:19,621 - position: [ 0.15130304 -0.24037363  1.72105789] - angle: -1.5912020802325593
2026-01-21 13:51:19,850 - position: [ 0.15142335 -0.24360707  1.71615243] - angle: -1.5902473859582171
2026-01-21 13:51:20,096 - position: [ 0.15060484 -0.24549448  1.71244967] - angle: -1.588948865114192
2026-01-21 13:51:20,304 - position: [ 0.14964135 -0.2464585   1.70755136] - angle: -1.5886556150810236
2026-01-21 13:51:20,532 - position: [ 0.14927597 -0.24486174  1.70298231] - angle: -1.589327666353472
2026-01-21 13:51:20,735 - position: [ 0.14961654 -0.24401699  1.70204008] - angle: -1.589729080402952
2026-01-21 13:51:21,023 - position: [ 0.15187755 -0.22507165  1.69119823] - angle: -1.5885373778096001
2026-01-21 13:51:21,232 - position: [ 0.15361804 -0.21617962  1.68770134] - angle: -1.5885563871871398
2026-01-21 13:51:21,444 - position: [ 0.15438977 -0.20979862  1.6858542 ] - angle: -1.5910283321418923
2026-01-21 13:51:21,733 - position: [ 0.15447555 -0.20504388  1.68513203] - angle: -1.5885453495634083
2026-01-21 13:51:21,978 - position: [ 0.15497026 -0.18856592  1.68433321] - angle: -1.5883400588160193
2026-01-21 13:51:22,213 - position: [ 0.15500945 -0.1848346   1.68440819] - angle: -1.5882299127422836
2026-01-21 13:51:22,511 - position: [ 0.15399756 -0.18335056  1.68386292] - angle: -1.5872530760801622
2026-01-21 13:51:22,765 - position: [ 0.15085837 -0.18306592  1.68194258] - angle: -1.5872039258877537
2026-01-21 13:51:22,987 - position: [ 0.15038149 -0.18289556  1.68188226] - angle: -1.587229598033006
2026-01-21 13:51:23,265 - position: [ 0.14491694 -0.17437719  1.68450344] - angle: -1.587728979829543
2026-01-21 13:51:23,528 - position: [ 0.14204496 -0.16909093  1.68772292] - angle: -1.5854294055626932
2026-01-21 13:51:23,754 - position: [ 0.14138259 -0.16831     1.68866742] - angle: -1.5861178266256575
2026-01-21 13:51:24,019 - position: [ 0.14186509 -0.1682146   1.69219899] - angle: -1.5857060674292978
2026-01-21 13:51:24,227 - position: [ 0.14254259 -0.16861206  1.69518554] - angle: -1.5877703898596929
2026-01-21 13:51:24,493 - position: [ 0.14132588 -0.17036046  1.69800246] - angle: -1.5851365321272706
2026-01-21 13:51:24,797 - position: [ 0.14015873 -0.17630295  1.69908285] - angle: -1.585436205935359
2026-01-21 13:51:25,009 - position: [ 0.13971573 -0.18783268  1.6963805 ] - angle: -1.5856475760512705
2026-01-21 13:51:25,215 - position: [ 0.14041953 -0.19326621  1.69461238] - angle: -1.5872673439716305
2026-01-21 13:51:25,434 - position: [ 0.14117433 -0.2056179   1.69357383] - angle: -1.587241794585326
2026-01-21 13:51:25,708 - position: [ 0.14167859 -0.21431899  1.69427764] - angle: -1.5843557012629796
2026-01-21 13:51:25,953 - position: [ 0.14272337 -0.21698056  1.69474614] - angle: -1.5848232972225542
2026-01-21 13:51:26,187 - position: [ 0.14337519 -0.21789889  1.69502997] - angle: -1.5841688061460992
2026-01-21 13:51:26,404 - position: [ 0.14636813 -0.21991821  1.69568992] - angle: -1.584356644565645
2026-01-21 13:51:26,655 - position: [ 0.14711648 -0.22027455  1.69566274] - angle: -1.5834887804479418
2026-01-21 13:51:26,862 - position: [ 0.15001412 -0.22265515  1.69735754] - angle: -1.5828532359275727
2026-01-21 13:51:27,087 - position: [ 0.15596189 -0.23112126  1.70278716] - angle: -1.5857363349812488
2026-01-21 13:51:27,296 - position: [ 0.15693454 -0.2350145   1.70750153] - angle: -1.5851950791311555
2026-01-21 13:51:27,547 - position: [ 0.15780102 -0.2403599   1.71437812] - angle: -1.5811534025847056
2026-01-21 13:51:27,754 - position: [ 0.15805212 -0.24336421  1.71813095] - angle: -1.5843403996513494
2026-01-21 13:51:27,989 - position: [ 0.15671131 -0.25003982  1.72466123] - angle: -1.5829169790435165
2026-01-21 13:51:28,217 - position: [ 0.15445463 -0.25615031  1.73118436] - angle: -1.5818251685160556
2026-01-21 13:51:28,441 - position: [ 0.15210383 -0.25856492  1.73488975] - angle: -1.5813913954875822
2026-01-21 13:51:28,659 - position: [ 0.15097648 -0.25963026  1.73681581] - angle: -1.5823167146833281
2026-01-21 13:51:28,892 - position: [ 0.14973068 -0.2613506   1.73909616] - angle: -1.5853043999268905
2026-01-21 13:51:29,122 - position: [ 0.14832503 -0.25993881  1.74063325] - angle: -1.582065199111785
2026-01-21 13:51:29,376 - position: [ 0.14854066 -0.25764316  1.74150896] - angle: -1.5827354800978206
2026-01-21 13:51:29,642 - position: [ 0.15012883 -0.25630462  1.74113691] - angle: -1.5823581157720579
2026-01-21 13:51:29,932 - position: [ 0.15024887 -0.25587779  1.74117994] - angle: -1.583185505024737
2026-01-21 13:51:30,140 - position: [ 0.15025142 -0.25427616  1.74024808] - angle: -1.584236893928459
2026-01-21 13:51:30,381 - position: [ 0.15011914 -0.25275782  1.74078465] - angle: -1.5820137886043106
2026-01-21 13:51:30,624 - position: [ 0.15078354 -0.25118187  1.7412864 ] - angle: -1.5839696245085033
2026-01-21 13:51:30,840 - position: [ 0.14949438 -0.25236261  1.74243104] - angle: -1.5822307088755636
2026-01-21 13:51:31,072 - position: [ 0.14726521 -0.25715068  1.73989904] - angle: -1.5843677768161673
2026-01-21 13:51:31,379 - position: [ 0.14632557 -0.26088372  1.73840261] - angle: -1.5822506652121433
2026-01-21 13:51:31,600 - position: [ 0.1462191  -0.26165009  1.73827064] - angle: -1.5847353900200645
2026-01-21 13:51:31,838 - position: [ 0.14426821 -0.26499012  1.74155188] - angle: -1.5842554391778583
2026-01-21 13:51:32,078 - position: [ 0.14335431 -0.26949477  1.74362516] - angle: -1.5834149215942288
2026-01-21 13:51:32,317 - position: [ 0.14511089 -0.27455837  1.74587452] - angle: -1.5814084415032648
2026-01-21 13:51:32,537 - position: [ 0.1488447  -0.28095636  1.74812257] - angle: -1.5828855299314988
2026-01-21 13:51:32,747 - position: [ 0.14924352 -0.28714877  1.74980783] - angle: -1.5834055438524413
2026-01-21 13:51:33,096 - position: [ 0.14904228 -0.29635933  1.75182617] - angle: -1.5827788162914693
2026-01-21 13:51:33,364 - position: [ 0.14950134 -0.30190417  1.75282955] - angle: -1.5834042042166248
2026-01-21 13:51:33,573 - position: [ 0.15037143 -0.31576088  1.75406861] - angle: -1.5822435932920804
2026-01-21 13:51:33,805 - position: [ 0.15130323 -0.33087599  1.75358558] - angle: -1.5819268931698307
2026-01-21 13:51:34,056 - position: [ 0.15253672 -0.33864275  1.75215828] - angle: -1.5816125513822623
2026-01-21 13:51:34,263 - position: [ 0.15420327 -0.34235749  1.75158024] - angle: -1.5829843526343161
2026-01-21 13:51:34,514 - position: [ 0.15420327 -0.34235749  1.75158024] - angle: -1.5829843526343161
2026-01-21 13:51:34,735 - position: [ 0.15607877 -0.35183117  1.74605083] - angle: -1.5819429669511509
2026-01-21 13:51:34,991 - position: [ 0.15519331 -0.35327724  1.74343145] - angle: -1.581651040730633
2026-01-21 13:51:35,194 - position: [ 0.15401855 -0.35052836  1.74238658] - angle: -1.5813063754752328
2026-01-21 13:51:35,405 - position: [ 0.15337767 -0.34690288  1.74273753] - angle: -1.5809797431631818
2026-01-21 13:51:35,673 - position: [ 0.15306379 -0.34495711  1.74307537] - angle: -1.5805650114438556
2026-01-21 13:51:35,889 - position: [ 0.1520509  -0.33588153  1.74197245] - angle: -1.5810275702334735
2026-01-21 13:51:36,142 - position: [ 0.15226772 -0.3318333   1.74069428] - angle: -1.5805806111336178
2026-01-21 13:51:36,374 - position: [ 0.15236011 -0.33099169  1.74034321] - angle: -1.5814806206836582
2026-01-21 13:51:36,577 - position: [ 0.15226321 -0.33003756  1.73993337] - angle: -1.5801030425700606
2026-01-21 13:51:36,819 - position: [ 0.15240279 -0.32963169  1.7398541 ] - angle: -1.5803926487060442
2026-01-21 13:51:37,056 - position: [ 0.15286651 -0.32317716  1.74215651] - angle: -1.580098342800067
2026-01-21 13:51:37,322 - position: [ 0.15321623 -0.3199043   1.74340677] - angle: -1.580426167668934
2026-01-21 13:51:37,535 - position: [ 0.15375952 -0.32034078  1.744048  ] - angle: -1.5798651722363068
2026-01-21 13:51:37,760 - position: [ 0.15398988 -0.32108802  1.74404275] - angle: -1.5802769088459145
2026-01-21 13:51:38,075 - position: [ 0.15637936 -0.3300359   1.74405956] - angle: -1.5812346383136058
2026-01-21 13:51:38,315 - position: [ 0.15601653 -0.33190832  1.74297547] - angle: -1.5802716646943722
2026-01-21 13:51:38,567 - position: [ 0.15583022 -0.33321634  1.74140728] - angle: -1.5804502076606068
2026-01-21 13:51:38,782 - position: [ 0.15593028 -0.3334696   1.74058247] - angle: -1.5800838587694326
2026-01-21 13:51:39,007 - position: [ 0.1566048  -0.32974133  1.73371255] - angle: -1.5801762167716493
2026-01-21 13:51:39,225 - position: [ 0.15676132 -0.32295036  1.73045421] - angle: -1.5804183928829536
2026-01-21 13:51:39,463 - position: [ 0.15689388 -0.31753808  1.72941363] - angle: -1.5803367006557867
2026-01-21 13:51:39,759 - position: [ 0.15759723 -0.31511694  1.73088908] - angle: -1.5803370440345743
2026-01-21 13:51:40,000 - position: [ 0.15861237 -0.31444126  1.73245203] - angle: -1.5805485305810523
2026-01-21 13:51:40,216 - position: [ 0.15955158 -0.31382397  1.73246479] - angle: -1.5797033868627972
2026-01-21 13:51:40,454 - position: [ 0.15895797 -0.31257895  1.73122406] - angle: -1.5808491811664247
2026-01-21 13:51:40,682 - position: [ 0.15788727 -0.31085941  1.73053455] - angle: -1.5807516254661493
2026-01-21 13:51:40,885 - position: [ 0.15691273 -0.30962712  1.72999322] - angle: -1.5800190039290811
2026-01-21 13:51:41,129 - position: [ 0.15427247 -0.30782172  1.72950304] - angle: -1.5803590497294557
2026-01-21 13:51:41,370 - position: [ 0.15304193 -0.30874723  1.72964489] - angle: -1.5808807223621058
2026-01-21 13:51:41,637 - position: [ 0.15301327 -0.30904472  1.72956681] - angle: -1.5800521983654061
2026-01-21 13:51:41,885 - position: [ 0.15301327 -0.30904472  1.72956681] - angle: -1.5800521983654061
2026-01-21 13:51:42,119 - position: [ 0.15445347 -0.3183507   1.73249197] - angle: -1.579669151268675
2026-01-21 13:51:42,332 - position: [ 0.15449402 -0.3215552   1.73305285] - angle: -1.5791812498651518
2026-01-21 13:51:42,544 - position: [ 0.15449402 -0.3215552   1.73305285] - angle: -1.5791812498651518
2026-01-21 13:51:42,788 - position: [ 0.15418185 -0.3267459   1.73370075] - angle: -1.57879383089894
2026-01-21 13:51:43,090 - position: [ 0.15356231 -0.34059981  1.73330939] - angle: -1.5791006532180614
2026-01-21 13:51:43,460 - position: [ 0.15172021 -0.35659215  1.72858226] - angle: -1.579963593667899
2026-01-21 13:51:43,712 - position: [ 0.15159893 -0.3578482   1.7282635 ] - angle: -1.5788196744028706
2026-01-21 13:51:43,938 - position: [ 0.15181221 -0.35885727  1.72945011] - angle: -1.579799042223911
2026-01-21 13:51:44,154 - position: [ 0.15336441 -0.3565037   1.73056769] - angle: -1.5796118614451284
2026-01-21 13:51:44,363 - position: [ 0.15553303 -0.35097378  1.73315585] - angle: -1.5792171092942269
2026-01-21 13:51:44,627 - position: [ 0.15819936 -0.34148464  1.73711383] - angle: -1.5791812493753863
2026-01-21 13:51:44,863 - position: [ 0.15941755 -0.33690578  1.73885548] - angle: -1.5804229629890623
2026-01-21 13:51:45,096 - position: [ 0.16018449 -0.33253375  1.74101305] - angle: -1.578131945490485
2026-01-21 13:51:45,313 - position: [ 0.15960968 -0.32087019  1.7452668 ] - angle: -1.5791844834741147
2026-01-21 13:51:45,536 - position: [ 0.15939911 -0.3167097   1.74652612] - angle: -1.5789059131506331
2026-01-21 13:51:45,766 - position: [ 0.15923765 -0.30974889  1.74783778] - angle: -1.579987907763269
2026-01-21 13:51:46,016 - position: [ 0.15919597 -0.30745625  1.74821866] - angle: -1.577998781756012
2026-01-21 13:51:46,276 - position: [ 0.15839463 -0.30314001  1.74894857] - angle: -1.5782598620637067
2026-01-21 13:51:46,487 - position: [ 0.15833862 -0.30135116  1.74983025] - angle: -1.5789594427178777
2026-01-21 13:51:46,744 - position: [ 0.15951914 -0.29931983  1.75036454] - angle: -1.5796034720126153
2026-01-21 13:51:47,003 - position: [ 0.16247082 -0.29661041  1.74882102] - angle: -1.5780028809099012
2026-01-21 13:51:47,320 - position: [ 0.16763994 -0.29399377  1.74826658] - angle: -1.5780531131536044
2026-01-21 13:51:47,563 - position: [ 0.1692834  -0.29404935  1.74896884] - angle: -1.578727613661667
2026-01-21 13:51:47,851 - position: [ 0.16893034 -0.29793036  1.74941218] - angle: -1.5772357737220801
2026-01-21 13:51:48,074 - position: [ 0.16877982 -0.30060515  1.74962056] - angle: -1.5778188699884517
2026-01-21 13:51:48,299 - position: [ 0.16850436 -0.30224237  1.74956834] - angle: -1.5749506836112808
2026-01-21 13:51:48,520 - position: [ 0.16874787 -0.3027128   1.74936283] - angle: -1.5772370597563965
2026-01-21 13:51:48,750 - position: [ 0.16661194 -0.30413637  1.74409461] - angle: -1.5776156075843941
2026-01-21 13:51:48,985 - position: [ 0.16586283 -0.30412227  1.74206519] - angle: -1.577443892296662
2026-01-21 13:51:49,226 - position: [ 0.16343451 -0.30304122  1.73437893] - angle: -1.5771147940038954
2026-01-21 13:51:49,495 - position: [ 0.1617213  -0.29959658  1.7317102 ] - angle: -1.576107013115477
2026-01-21 13:51:49,739 - position: [ 0.16037181 -0.29500875  1.73051059] - angle: -1.5759055573115983
2026-01-21 13:51:49,954 - position: [ 0.16037181 -0.29500875  1.73051059] - angle: -1.5759055573115983
2026-01-21 13:51:50,166 - position: [ 0.1603367  -0.28961939  1.7292726 ] - angle: -1.576484873057856
2026-01-21 13:51:50,420 - position: [ 0.16066802 -0.27878916  1.72744632] - angle: -1.5755893337041789
2026-01-21 13:51:50,641 - position: [ 0.16028622 -0.27662107  1.72738898] - angle: -1.5755370400417688
2026-01-21 13:51:50,869 - position: [ 0.15991734 -0.27643222  1.7278173 ] - angle: -1.573777065715662
2026-01-21 13:51:51,109 - position: [ 0.16053475 -0.27745593  1.72796726] - angle: -1.575598014946677
2026-01-21 13:51:51,328 - position: [ 0.16260824 -0.28257245  1.72715247] - angle: -1.5738725737630421
2026-01-21 13:51:51,562 - position: [ 0.16375041 -0.28784794  1.72364163] - angle: -1.5755021823503466
2026-01-21 13:51:51,801 - position: [ 0.16388924 -0.29130629  1.72111356] - angle: -1.5753439396852968
2026-01-21 13:51:52,017 - position: [ 0.16354926 -0.2945593   1.71762574] - angle: -1.5759459737416828
2026-01-21 13:51:52,290 - position: [ 0.16256888 -0.29516906  1.7149049 ] - angle: -1.5746649010787994
2026-01-21 13:51:52,609 - position: [ 0.16148978 -0.29623032  1.71299398] - angle: -1.574007776015228
2026-01-21 13:51:52,853 - position: [ 0.16197081 -0.29872251  1.71222746] - angle: -1.574933824278899
2026-01-21 13:51:53,089 - position: [ 0.16235301 -0.30003095  1.71206713] - angle: -1.574044043704692
2026-01-21 13:51:53,328 - position: [ 0.16514307 -0.30797827  1.71104252] - angle: -1.573225191248813
2026-01-21 13:51:53,582 - position: [ 0.16300288 -0.31286132  1.71011114] - angle: -1.574006540577173
2026-01-21 13:51:53,820 - position: [ 0.16103534 -0.31644732  1.7096231 ] - angle: -1.5737686099575159
2026-01-21 13:51:54,045 - position: [ 0.15972006 -0.3220492   1.7088716 ] - angle: -1.5750359334038357
2026-01-21 13:51:54,285 - position: [ 0.15903679 -0.32495412  1.70830119] - angle: -1.5736729408719885
2026-01-21 13:51:54,503 - position: [ 0.15815833 -0.32944536  1.70745611] - angle: -1.5734161278661958
2026-01-21 13:51:54,751 - position: [ 0.15798488 -0.33093038  1.70663857] - angle: -1.5717203344722632
2026-01-21 13:51:54,981 - position: [ 0.15824005 -0.32918099  1.70515013] - angle: -1.5726655511017125
2026-01-21 13:51:55,251 - position: [ 0.15862529 -0.32728744  1.70423317] - angle: -1.5724843125759094
2026-01-21 13:51:55,484 - position: [ 0.15861635 -0.3255071   1.70315921] - angle: -1.572173170195093
2026-01-21 13:51:55,732 - position: [ 0.15766746 -0.32355437  1.701213  ] - angle: -1.5707716786222692
2026-01-21 13:51:56,061 - position: [ 0.15560955 -0.32164305  1.69858694] - angle: -1.571939190510907
2026-01-21 13:51:56,297 - position: [ 0.15359911 -0.32075033  1.69749308] - angle: -1.5703218346389267
2026-01-21 13:51:56,569 - position: [ 0.15029845 -0.3202737   1.69380248] - angle: -1.5711814909951238
2026-01-21 13:51:56,819 - position: [ 0.14808847 -0.32039025  1.6921593 ] - angle: -1.5714370465602503
2026-01-21 13:51:57,081 - position: [ 0.14729773 -0.31997645  1.69122922] - angle: -1.5704908462689482
2026-01-21 13:51:57,347 - position: [ 0.14699298 -0.31984216  1.68943512] - angle: -1.5708368732892941
2026-01-21 13:51:57,568 - position: [ 0.14655367 -0.3216475   1.68936479] - angle: -1.5712317208162085
2026-01-21 13:51:57,785 - position: [ 0.14643358 -0.32498515  1.69010842] - angle: -1.5711149898020054
2026-01-21 13:51:57,997 - position: [ 0.14641495 -0.32970038  1.69132888] - angle: -1.5708597253223129
2026-01-21 13:51:58,235 - position: [ 0.14639471 -0.33303609  1.69226062] - angle: -1.5705549436713437
2026-01-21 13:51:58,463 - position: [ 0.14675355 -0.33576936  1.69329214] - angle: -1.5700910992365276
2026-01-21 13:51:58,703 - position: [ 0.14734226 -0.33876351  1.69504571] - angle: -1.570058051973633
2026-01-21 13:51:58,942 - position: [ 0.14639726 -0.33942357  1.69693851] - angle: -1.570013463659421
2026-01-21 13:51:59,168 - position: [ 0.14575751 -0.33912435  1.69762158] - angle: -1.5699567259239058
2026-01-21 13:51:59,404 - position: [ 0.14350747 -0.33808354  1.70226705] - angle: -1.5714831122153194
2026-01-21 13:51:59,645 - position: [ 0.14254461 -0.33733857  1.70487702] - angle: -1.5712354836220515
2026-01-21 13:51:59,854 - position: [ 0.1424007  -0.3356078   1.70588803] - angle: -1.570993563037197
2026-01-21 13:52:00,120 - position: [ 0.14312762 -0.33393776  1.70598102] - angle: -1.5711196636972788
2026-01-21 13:52:00,362 - position: [ 0.14543974 -0.33370703  1.70491314] - angle: -1.5706622003223396
2026-01-21 13:52:00,581 - position: [ 0.14734229 -0.33374521  1.70412827] - angle: -1.571170608428913
2026-01-21 13:52:00,808 - position: [ 0.15106446 -0.33129126  1.70316052] - angle: -1.5711016408976928
2026-01-21 13:52:01,024 - position: [ 0.15064587 -0.32547173  1.70297146] - angle: -1.5704688192117575
2026-01-21 13:52:01,275 - position: [ 0.1490075  -0.31925705  1.70317173] - angle: -1.5707244136561096
2026-01-21 13:52:01,478 - position: [ 0.14576609 -0.3117578   1.70468938] - angle: -1.5694799297866524
2026-01-21 13:52:01,712 - position: [ 0.143141   -0.30371442  1.70717609] - angle: -1.5710686730124976
2026-01-21 13:52:01,959 - position: [ 0.13997698 -0.29473677  1.71187842] - angle: -1.5686343867341646
2026-01-21 13:52:02,221 - position: [ 0.13914286 -0.29231614  1.71387136] - angle: -1.5680442122665093
2026-01-21 13:52:02,488 - position: [ 0.13749069 -0.28696615  1.72164166] - angle: -1.569720159629767
2026-01-21 13:52:02,723 - position: [ 0.13759427 -0.28999782  1.7234478 ] - angle: -1.5697554331547168
2026-01-21 13:52:02,969 - position: [ 0.13890621 -0.29464564  1.72403288] - angle: -1.5692963461557135
2026-01-21 13:52:03,223 - position: [ 0.14199205 -0.30128214  1.72425354] - angle: -1.5709772745416508
2026-01-21 13:52:03,513 - position: [ 0.14402834 -0.3060275   1.72247231] - angle: -1.5683403557626527
2026-01-21 13:52:03,762 - position: [ 0.1468401  -0.31194782  1.71860814] - angle: -1.5690333584150533
2026-01-21 13:52:03,983 - position: [ 0.14761887 -0.31721422  1.71566594] - angle: -1.5687512465986613
2026-01-21 13:52:04,204 - position: [ 0.14697447 -0.32186091  1.71439087] - angle: -1.5688531245201558
2026-01-21 13:52:04,420 - position: [ 0.14646555 -0.32652244  1.71458101] - angle: -1.5678154636660433
2026-01-21 13:52:04,649 - position: [ 0.14706229 -0.32964948  1.71465278] - angle: -1.5694464259454004
2026-01-21 13:52:04,887 - position: [ 0.14900194 -0.33687946  1.71434057] - angle: -1.568287564740082
2026-01-21 13:52:05,106 - position: [ 0.15125586 -0.34398586  1.71380091] - angle: -1.568193653775316
2026-01-21 13:52:05,318 - position: [ 0.15432271 -0.35207787  1.71386981] - angle: -1.5681495580504659
2026-01-21 13:52:05,549 - position: [ 0.15580028 -0.35615766  1.71427166] - angle: -1.5684007457083222
2026-01-21 13:52:05,772 - position: [ 0.15881354 -0.36476535  1.71550286] - angle: -1.5680807259450793
2026-01-21 13:52:06,064 - position: [ 0.16028436 -0.37083232  1.71749771] - angle: -1.5680941323340898
2026-01-21 13:52:06,274 - position: [ 0.15912384 -0.37184229  1.71930587] - angle: -1.5681948362745395
2026-01-21 13:52:06,495 - position: [ 0.15604384 -0.37035081  1.72140539] - angle: -1.567622202740723
2026-01-21 13:52:06,702 - position: [ 0.15395136 -0.3689248   1.7225523 ] - angle: -1.5678250030181102
2026-01-21 13:52:06,933 - position: [ 0.15160292 -0.3672685   1.7234931 ] - angle: -1.5681989459051389
2026-01-21 13:52:07,163 - position: [ 0.14996581 -0.36532304  1.72418559] - angle: -1.5679342431606513
2026-01-21 13:52:07,394 - position: [ 0.14965972 -0.35604337  1.72378445] - angle: -1.5672745365335983
2026-01-21 13:52:07,629 - position: [ 0.15045933 -0.35069436  1.7213459 ] - angle: -1.5664455300777491
2026-01-21 13:52:07,856 - position: [ 0.15116496 -0.34520996  1.71894872] - angle: -1.5665584782725865
2026-01-21 13:52:08,066 - position: [ 0.1520841  -0.33811969  1.71569145] - angle: -1.566870564426913
2026-01-21 13:52:08,422 - position: [ 0.15020132 -0.32134449  1.7093364 ] - angle: -1.5673284151138351
2026-01-21 13:52:08,659 - position: [ 0.1495018  -0.31398529  1.70658207] - angle: -1.5676197745238607
2026-01-21 13:52:08,875 - position: [ 0.14838344 -0.30861184  1.70481718] - angle: -1.5669854319610264
2026-01-21 13:52:09,112 - position: [ 0.1470841  -0.30261984  1.70286858] - angle: -1.5661541174694662
2026-01-21 13:52:09,351 - position: [ 0.14805132 -0.30102527  1.70230234] - angle: -1.566931238613245
2026-01-21 13:52:09,572 - position: [ 0.1486883  -0.30039728  1.70234203] - angle: -1.5664381952966142
2026-01-21 13:52:09,791 - position: [ 0.14909621 -0.29276985  1.70564759] - angle: -1.565683302035894
2026-01-21 13:52:10,013 - position: [ 0.14896645 -0.29222515  1.70567012] - angle: -1.5649991443544962
2026-01-21 13:52:10,257 - position: [ 0.14711705 -0.28482032  1.70986986] - angle: -1.5679374049438115
2026-01-21 13:52:10,488 - position: [ 0.1465831  -0.28377715  1.71445084] - angle: -1.5675032381530003
2026-01-21 13:52:10,692 - position: [ 0.14555576 -0.28997999  1.71606183] - angle: -1.5675132627323638
2026-01-21 13:52:10,904 - position: [ 0.14194605 -0.29775754  1.71689403] - angle: -1.5671354073321804
2026-01-21 13:52:11,133 - position: [ 0.14009218 -0.30029926  1.71785367] - angle: -1.5645771953402994
2026-01-21 13:52:11,390 - position: [ 0.13639593 -0.3004514   1.71982431] - angle: -1.5665423032369241
2026-01-21 13:52:11,628 - position: [ 0.1317071  -0.29878771  1.72256398] - angle: -1.5676110113132102
2026-01-21 13:52:11,885 - position: [ 0.13116942 -0.29772964  1.72421503] - angle: -1.567993950768046
2026-01-21 13:52:12,143 - position: [ 0.13165018 -0.29759488  1.72436523] - angle: -1.567497613986546
2026-01-21 13:52:12,410 - position: [ 0.14118555 -0.29689205  1.72399867] - angle: -1.5657273817657433
2026-01-21 13:52:12,644 - position: [ 0.14347723 -0.2953684   1.72322178] - angle: -1.5670624521116534
2026-01-21 13:52:12,863 - position: [ 0.1438316  -0.29448044  1.72341239] - angle: -1.5685522960079328
2026-01-21 13:52:13,095 - position: [ 0.14440371 -0.29314566  1.72346485] - angle: -1.5672849134544804
2026-01-21 13:52:13,310 - position: [ 0.14416759 -0.292227    1.72362483] - angle: -1.5667996205958077
2026-01-21 13:52:13,667 - position: [ 0.14166568 -0.29458565  1.72486615] - angle: -1.5663907784049123
2026-01-21 13:52:13,919 - position: [ 0.14135084 -0.30009657  1.72618628] - angle: -1.5671235666866319
2026-01-21 13:52:14,126 - position: [ 0.14022112 -0.30192718  1.72675467] - angle: -1.5660258831809282
2026-01-21 13:52:14,335 - position: [ 0.13886409 -0.30381161  1.72683394] - angle: -1.5668688308919574
2026-01-21 13:52:14,598 - position: [ 0.13638778 -0.30549556  1.72749996] - angle: -1.5656384555376586
2026-01-21 13:52:14,814 - position: [ 0.13412237 -0.30693939  1.72987616] - angle: -1.566197182963458
2026-01-21 13:52:15,058 - position: [ 0.13305822 -0.30681723  1.73055613] - angle: -1.5660594531878664
2026-01-21 13:52:15,299 - position: [ 0.13208891 -0.30703831  1.73126042] - angle: -1.5670727395314028
2026-01-21 13:52:15,543 - position: [ 0.1297373  -0.31023774  1.73248804] - angle: -1.5669896269766648
2026-01-21 13:52:15,764 - position: [ 0.1297373  -0.31023774  1.73248804] - angle: -1.5669896269766648
2026-01-21 13:52:16,006 - position: [ 0.12858704 -0.31227401  1.73321486] - angle: -1.5661132449484838
2026-01-21 13:52:16,210 - position: [ 0.12918916 -0.31559989  1.73185742] - angle: -1.566221227311853
2026-01-21 13:52:16,457 - position: [ 0.13377997 -0.31611055  1.73027754] - angle: -1.5655101971569803
2026-01-21 13:52:16,693 - position: [ 0.13422404 -0.31415755  1.73043072] - angle: -1.5662240219191892
2026-01-21 13:52:16,911 - position: [ 0.13388653 -0.31282139  1.73067451] - angle: -1.567156135158723
2026-01-21 13:52:17,148 - position: [ 0.13601053 -0.3118009   1.73111475] - angle: -1.5661987764782554
2026-01-21 13:52:17,363 - position: [ 0.13659123 -0.31216481  1.73106909] - angle: -1.5661858462414444
2026-01-21 13:52:17,601 - position: [ 0.14286242 -0.31727281  1.73022366] - angle: -1.565019315447027
2026-01-21 13:52:17,831 - position: [ 0.14654642 -0.32199723  1.72934043] - angle: -1.5654496976054642
2026-01-21 13:52:18,078 - position: [ 0.14913088 -0.32408142  1.72728145] - angle: -1.5652051766487682
2026-01-21 13:52:18,379 - position: [ 0.15010378 -0.32446232  1.72559702] - angle: -1.5657549678251184
2026-01-21 13:52:18,595 - position: [ 0.15010378 -0.32446232  1.72559702] - angle: -1.5657549678251184
2026-01-21 13:52:18,837 - position: [ 0.14534988 -0.32225493  1.71328366] - angle: -1.5639715146170508
2026-01-21 13:52:19,063 - position: [ 0.14209981 -0.32014757  1.70907664] - angle: -1.5639519970390916
2026-01-21 13:52:19,295 - position: [ 0.14170599 -0.31993657  1.70877755] - angle: -1.5640846684103362
2026-01-21 13:52:19,533 - position: [ 0.1399135  -0.31886765  1.70684361] - angle: -1.5635750299241988
2026-01-21 13:52:19,780 - position: [ 0.13807216 -0.31784442  1.70536351] - angle: -1.5627631476164558
2026-01-21 13:52:19,996 - position: [ 0.13757885 -0.31556901  1.70417905] - angle: -1.563638762015068
2026-01-21 13:52:20,210 - position: [ 0.13540104 -0.31263831  1.70607948] - angle: -1.5632848726531652
2026-01-21 13:52:20,466 - position: [ 0.13373262 -0.31179032  1.70696807] - angle: -1.5626085740379434
2026-01-21 13:52:20,717 - position: [ 0.12987821 -0.3116546   1.70753992] - angle: -1.5627846965196386
2026-01-21 13:52:20,952 - position: [ 0.12569378 -0.31279331  1.70678008] - angle: -1.5618751666335884
2026-01-21 13:52:21,186 - position: [ 0.12367949 -0.3144995   1.70715022] - angle: -1.5624182731584235
2026-01-21 13:52:21,517 - position: [ 0.1232701  -0.31637767  1.70797336] - angle: -1.5622536793889883
2026-01-21 13:52:21,734 - position: [ 0.12457054 -0.31697825  1.70882905] - angle: -1.562289272276153
2026-01-21 13:52:22,038 - position: [ 0.12812211 -0.31777617  1.70939088] - angle: -1.5613622498364341
2026-01-21 13:52:22,282 - position: [ 0.13045435 -0.3196429   1.70913732] - angle: -1.5621186834679923
2026-01-21 13:52:22,502 - position: [ 0.13032518 -0.31993353  1.7092557 ] - angle: -1.5600536804817615
2026-01-21 13:52:22,717 - position: [ 0.1318669  -0.3241955   1.70925236] - angle: -1.5609117924015679
2026-01-21 13:52:22,933 - position: [ 0.13114554 -0.32919571  1.71113133] - angle: -1.5607921653955863
2026-01-21 13:52:23,168 - position: [ 0.13088925 -0.33135158  1.7115345 ] - angle: -1.5603039031227484
2026-01-21 13:52:23,377 - position: [ 0.13152081 -0.34246221  1.71084654] - angle: -1.5602298062763138
2026-01-21 13:52:23,600 - position: [ 0.13159703 -0.34503028  1.71027899] - angle: -1.5613962841066469
2026-01-21 13:52:23,849 - position: [ 0.1297475  -0.35719478  1.70865011] - angle: -1.5607402599570768
2026-01-21 13:52:24,106 - position: [ 0.12849852 -0.36195415  1.70888817] - angle: -1.5596543526773292
2026-01-21 13:52:24,322 - position: [ 0.12749767 -0.36341411  1.70941472] - angle: -1.5615806309108327
2026-01-21 13:52:24,626 - position: [ 0.12700194 -0.36393192  1.70935464] - angle: -1.5606836432461315
2026-01-21 13:52:24,844 - position: [ 0.12623708 -0.36437386  1.71093357] - angle: -1.5612144084071145
2026-01-21 13:52:25,079 - position: [ 0.1258083  -0.36412644  1.7116338 ] - angle: -1.5612131406287926
2026-01-21 13:52:25,289 - position: [ 0.12845743 -0.36640736  1.71434546] - angle: -1.5606285208076378
2026-01-21 13:52:25,556 - position: [ 0.13073058 -0.36909026  1.71459484] - angle: -1.5598166783001903
2026-01-21 13:52:25,822 - position: [ 0.13215137 -0.37176707  1.71372008] - angle: -1.5602755323804702
2026-01-21 13:52:26,040 - position: [ 0.13384467 -0.37073907  1.71515679] - angle: -1.5592265990787832
2026-01-21 13:52:26,312 - position: [ 0.13570011 -0.36841801  1.71797538] - angle: -1.561096598775642
2026-01-21 13:52:26,530 - position: [ 0.13477553 -0.36635512  1.72196937] - angle: -1.5588079125278993
2026-01-21 13:52:26,797 - position: [ 0.13212129 -0.36895198  1.72645056] - angle: -1.5603912229219814
2026-01-21 13:52:27,022 - position: [ 0.13167365 -0.37109646  1.7274791 ] - angle: -1.5592136248771715
2026-01-21 13:52:27,262 - position: [ 0.13078468 -0.37680709  1.7302357 ] - angle: -1.559337924176944
2026-01-21 13:52:27,470 - position: [ 0.1303314  -0.37829122  1.73069501] - angle: -1.5601143459548124
2026-01-21 13:52:27,721 - position: [ 0.13000995 -0.37881145  1.7304529 ] - angle: -1.5604467951198613
2026-01-21 13:52:27,937 - position: [ 0.1294262  -0.37733087  1.72998929] - angle: -1.560230019193769
2026-01-21 13:52:28,169 - position: [ 0.12932795 -0.37689033  1.73013926] - angle: -1.559335335910602
2026-01-21 13:52:28,414 - position: [ 0.12980504 -0.37384385  1.7312144 ] - angle: -1.5602182966575016
2026-01-21 13:52:28,655 - position: [ 0.13008665 -0.36323407  1.73212194] - angle: -1.558424139823814
2026-01-21 13:52:28,879 - position: [ 0.1305232  -0.35824224  1.73276114] - angle: -1.5589859037189333
2026-01-21 13:52:29,093 - position: [ 0.13124198 -0.35627386  1.73286188] - angle: -1.558099281306267
2026-01-21 13:52:29,307 - position: [ 0.13148689 -0.35564736  1.73310173] - angle: -1.5583092869283979
2026-01-21 13:52:29,544 - position: [ 0.13157791 -0.35514721  1.73329818] - angle: -1.5585800629743973
2026-01-21 13:52:29,859 - position: [ 0.13360742 -0.35660726  1.73674417] - angle: -1.558931697170176
2026-01-21 13:52:30,090 - position: [ 0.13349991 -0.35834661  1.73802984] - angle: -1.558608966051974
2026-01-21 13:52:30,357 - position: [ 0.13164487 -0.35939482  1.73963368] - angle: -1.5595302522456609
2026-01-21 13:52:30,610 - position: [ 0.13072674 -0.35994017  1.74066186] - angle: -1.5611790135451895
2026-01-21 13:52:30,853 - position: [ 0.12926912 -0.3602736   1.7432375 ] - angle: -1.5591929049537376
2026-01-21 13:52:31,082 - position: [ 0.12942025 -0.35858977  1.74480665] - angle: -1.5595473651845881
2026-01-21 13:52:31,314 - position: [ 0.12942436 -0.35320282  1.74524915] - angle: -1.5589382338328583
2026-01-21 13:52:31,525 - position: [ 0.12891024 -0.34879866  1.74408579] - angle: -1.5576847170651713
2026-01-21 13:52:31,736 - position: [ 0.12885001 -0.34375948  1.74239683] - angle: -1.559282874406546
2026-01-21 13:52:31,973 - position: [ 0.12941504 -0.3384245   1.74062335] - angle: -1.558587028562314
2026-01-21 13:52:32,180 - position: [ 0.13145268 -0.33241251  1.73842037] - angle: -1.558216978374345
2026-01-21 13:52:32,415 - position: [ 0.1332925  -0.32575905  1.73777425] - angle: -1.557768969569608
2026-01-21 13:52:32,691 - position: [ 0.13618039 -0.31870848  1.7389859 ] - angle: -1.557772532901716
2026-01-21 13:52:32,986 - position: [ 0.13990423 -0.30242184  1.74176812] - angle: -1.55778555322577
2026-01-21 13:52:33,211 - position: [ 0.14088143 -0.29828221  1.74243903] - angle: -1.5582876524164213
2026-01-21 13:52:33,451 - position: [ 0.14463244 -0.283115    1.74492979] - angle: -1.5579982962810228
2026-01-21 13:52:33,681 - position: [ 0.14647983 -0.27434078  1.7467581 ] - angle: -1.5574758650909901
2026-01-21 13:52:33,933 - position: [ 0.1482769  -0.26669475  1.74846876] - angle: -1.557341215061073
2026-01-21 13:52:34,154 - position: [ 0.14915973 -0.26144332  1.74937916] - angle: -1.556879307960414
2026-01-21 13:52:34,367 - position: [ 0.15000123 -0.25883448  1.74980605] - angle: -1.5571051377100855
2026-01-21 13:52:34,593 - position: [ 0.15041482 -0.25556102  1.7501893 ] - angle: -1.5573520402744676
2026-01-21 13:52:34,805 - position: [ 0.15029241 -0.25499937  1.74995577] - angle: -1.5570563878594292
2026-01-21 13:52:35,036 - position: [ 0.14719211 -0.25646818  1.74635184] - angle: -1.5570298842309107
2026-01-21 13:52:35,261 - position: [ 0.14396471 -0.25551775  1.74339664] - angle: -1.5567878096216172
2026-01-21 13:52:35,474 - position: [ 0.14050241 -0.25312492  1.74058414] - angle: -1.5543669887731268
2026-01-21 13:52:35,781 - position: [ 0.13427688 -0.24475798  1.73580456] - angle: -1.5571523604753565
2026-01-21 13:52:36,042 - position: [ 0.12984896 -0.23661588  1.73468292] - angle: -1.5541612226393977
2026-01-21 13:52:36,243 - position: [ 0.12755695 -0.23091994  1.73451078] - angle: -1.5544530590603474
2026-01-21 13:52:36,481 - position: [ 0.1237139  -0.22032085  1.73450112] - angle: -1.5565505381634974
2026-01-21 13:52:36,692 - position: [ 0.1214996  -0.2154166   1.73562193] - angle: -1.5536766617945221
2026-01-21 13:52:36,914 - position: [ 0.1205951  -0.21362926  1.73676169] - angle: -1.5537368075754125
2026-01-21 13:52:37,191 - position: [ 0.12111472 -0.21512359  1.73857713] - angle: -1.5541047363205744
2026-01-21 13:52:37,436 - position: [ 0.1222259  -0.21795911  1.73809159] - angle: -1.5552771015194136
2026-01-21 13:52:37,648 - position: [ 0.12267162 -0.22062235  1.73677397] - angle: -1.553608834516281
2026-01-21 13:52:37,868 - position: [ 0.12274427 -0.2210032   1.73622596] - angle: -1.553219480653567
2026-01-21 13:52:38,117 - position: [ 0.12291005 -0.2249237   1.73103189] - angle: -1.552257976577195
2026-01-21 13:52:38,355 - position: [ 0.12218427 -0.22994328  1.72688997] - angle: -1.5519956736677
2026-01-21 13:52:38,603 - position: [ 0.12207001 -0.23426971  1.72448325] - angle: -1.5532800981106618
2026-01-21 13:52:38,884 - position: [ 0.1218679  -0.23809235  1.72302449] - angle: -1.553519879540779
2026-01-21 13:52:39,139 - position: [ 0.12136234 -0.23879018  1.72281027] - angle: -1.5533184650351397
2026-01-21 13:52:39,362 - position: [ 0.11995009 -0.23728453  1.72430742] - angle: -1.5530321459904193
2026-01-21 13:52:39,577 - position: [ 0.11958095 -0.23674974  1.72537935] - angle: -1.5503198591251812
2026-01-21 13:52:39,855 - position: [ 0.12084295 -0.2397245   1.72629523] - angle: -1.550512027702982
2026-01-21 13:52:40,104 - position: [ 0.12228364 -0.24401233  1.72691929] - angle: -1.5528216256877974
2026-01-21 13:52:40,306 - position: [ 0.12236642 -0.24574925  1.72725499] - angle: -1.5526713735974451
2026-01-21 13:52:40,529 - position: [ 0.1219802  -0.25065735  1.72968423] - angle: -1.5524303068400838
2026-01-21 13:52:40,829 - position: [ 0.12190256 -0.25915423  1.73282981] - angle: -1.5521982884134298
2026-01-21 13:52:41,056 - position: [ 0.12238821 -0.26452088  1.73516929] - angle: -1.5493368099474427
2026-01-21 13:52:41,314 - position: [ 0.12273927 -0.26946148  1.7361182 ] - angle: -1.5511225226245569
2026-01-21 13:52:41,589 - position: [ 0.12212829 -0.27155629  1.73550057] - angle: -1.5508986373102438
2026-01-21 13:52:41,830 - position: [ 0.12167034 -0.27453315  1.73413968] - angle: -1.548511392904405
2026-01-21 13:52:42,107 - position: [ 0.12282497 -0.27598396  1.73277116] - angle: -1.5498748991005922
2026-01-21 13:52:42,357 - position: [ 0.12379823 -0.275132    1.73363316] - angle: -1.548072083341912
2026-01-21 13:52:42,574 - position: [ 0.12505604 -0.27555987  1.73418653] - angle: -1.5502791245322656
2026-01-21 13:52:42,830 - position: [ 0.1266859  -0.27853557  1.73514116] - angle: -1.5507084411395713
2026-01-21 13:52:43,046 - position: [ 0.12788494 -0.28183484  1.73536921] - angle: -1.5499572893231384
2026-01-21 13:52:43,269 - position: [ 0.13116217 -0.29242352  1.73452401] - angle: -1.5499643851006883
2026-01-21 13:52:43,484 - position: [ 0.13249061 -0.29961395  1.73392022] - angle: -1.549462728982006
2026-01-21 13:52:43,763 - position: [ 0.13427937 -0.31578061  1.73130774] - angle: -1.5496947880624234
2026-01-21 13:52:44,009 - position: [ 0.13413262 -0.31869555  1.73038566] - angle: -1.5490901118648783
2026-01-21 13:52:44,295 - position: [ 0.13282999 -0.32680047  1.72317791] - angle: -1.5488227085413753
2026-01-21 13:52:44,519 - position: [ 0.13180566 -0.32417238  1.71930242] - angle: -1.5483931741774968
2026-01-21 13:52:44,777 - position: [ 0.13116746 -0.3220402   1.7173872 ] - angle: -1.5479095643268508
2026-01-21 13:52:44,986 - position: [ 0.13009523 -0.32004192  1.71601093] - angle: -1.5483419355822843
2026-01-21 13:52:45,226 - position: [ 0.12845773 -0.31923482  1.71464348] - angle: -1.548366011335533
2026-01-21 13:52:45,458 - position: [ 0.1268869  -0.31851509  1.71367168] - angle: -1.548611541128936
2026-01-21 13:52:45,672 - position: [ 0.12699698 -0.31898251  1.71321261] - angle: -1.5478077149690117
2026-01-21 13:52:45,897 - position: [ 0.12721181 -0.32031643  1.71295393] - angle: -1.5469569166209656
2026-01-21 13:52:46,146 - position: [ 0.12780321 -0.32313636  1.71187723] - angle: -1.5470383663744878
2026-01-21 13:52:46,399 - position: [ 0.12894616 -0.32428843  1.71093798] - angle: -1.5476855904434879
2026-01-21 13:52:46,630 - position: [ 0.12894616 -0.32428843  1.71093798] - angle: -1.5476855904434879
2026-01-21 13:52:46,876 - position: [ 0.13821293 -0.32384494  1.70356572] - angle: -1.5464026435974545
2026-01-21 13:52:47,106 - position: [ 0.13927384 -0.32073951  1.70171523] - angle: -1.5456250052194314
2026-01-21 13:52:47,365 - position: [ 0.13856599 -0.31496534  1.70048964] - angle: -1.5452619770510188
2026-01-21 13:52:47,596 - position: [ 0.13570254 -0.3127104   1.69969094] - angle: -1.5451790114190764
2026-01-21 13:52:47,820 - position: [ 0.13449168 -0.31285989  1.6996088 ] - angle: -1.5448662938431004
2026-01-21 13:52:48,022 - position: [ 0.13185163 -0.31414241  1.69931328] - angle: -1.5448723055691311
2026-01-21 13:52:48,295 - position: [ 0.12610389 -0.32080865  1.69950163] - angle: -1.544805821914573
2026-01-21 13:52:48,519 - position: [ 0.12317397 -0.32675946  1.70060039] - angle: -1.543827278990579
2026-01-21 13:52:48,783 - position: [ 0.12178519 -0.33157825  1.70314348] - angle: -1.5442324021125793
2026-01-21 13:52:49,008 - position: [ 0.1216557  -0.33327797  1.70540357] - angle: -1.5437938029433589
2026-01-21 13:52:49,226 - position: [ 0.12212833 -0.33394188  1.70930934] - angle: -1.5440433479213644
2026-01-21 13:52:49,461 - position: [ 0.12461317 -0.33629653  1.71299875] - angle: -1.544766944536252
2026-01-21 13:52:49,709 - position: [ 0.12578939 -0.33814889  1.71320486] - angle: -1.5441893934857944
2026-01-21 13:52:49,929 - position: [ 0.1295774  -0.34379503  1.71204269] - angle: -1.5433359046482975
2026-01-21 13:52:50,150 - position: [ 0.13047251 -0.34395599  1.71095538] - angle: -1.5433061250483213
2026-01-21 13:52:50,405 - position: [ 0.1310894  -0.34259188  1.70825434] - angle: -1.5424922004424837
2026-01-21 13:52:50,633 - position: [ 0.13085935 -0.34239358  1.70569098] - angle: -1.542500721807031
2026-01-21 13:52:50,891 - position: [ 0.13054597 -0.3448377   1.7039901 ] - angle: -1.5424953319263115
2026-01-21 13:52:51,099 - position: [ 0.13043278 -0.34877655  1.70199633] - angle: -1.5426412059485135
2026-01-21 13:52:51,332 - position: [ 0.12999456 -0.35273963  1.70102584] - angle: -1.5421696095682211
2026-01-21 13:52:51,585 - position: [ 0.12736937 -0.3641791   1.69802046] - angle: -1.542418193962297
2026-01-21 13:52:51,871 - position: [ 0.12524229 -0.36782959  1.6967442 ] - angle: -1.5423051869494069
2026-01-21 13:52:52,120 - position: [ 0.12260813 -0.37010998  1.69592094] - angle: -1.5432526299789413
2026-01-21 13:52:52,372 - position: [ 0.12182222 -0.36959657  1.6971854 ] - angle: -1.5433351350606048
2026-01-21 13:52:52,583 - position: [ 0.1212086  -0.36877492  1.69873273] - angle: -1.5439318183476698
2026-01-21 13:52:52,848 - position: [ 0.12044373 -0.36458415  1.70453238] - angle: -1.5444099878608784
2026-01-21 13:52:53,091 - position: [ 0.12039532 -0.36201504  1.70573103] - angle: -1.5438866061430563
2026-01-21 13:52:53,334 - position: [ 0.11953261 -0.35156161  1.71001256] - angle: -1.5441510517119879
2026-01-21 13:52:53,554 - position: [ 0.11693105 -0.34021884  1.71475935] - angle: -1.5442820618204207
2026-01-21 13:52:53,827 - position: [ 0.11545752 -0.3363218   1.71867418] - angle: -1.5434637827472608
2026-01-21 13:52:54,057 - position: [ 0.11545685 -0.33636969  1.7220962 ] - angle: -1.5428397604368906
2026-01-21 13:52:54,264 - position: [ 0.11531224 -0.33671099  1.72304928] - angle: -1.542432994680865
2026-01-21 13:52:54,509 - position: [ 0.11475457 -0.34181225  1.72808599] - angle: -1.5426183016994246
2026-01-21 13:52:54,770 - position: [ 0.11621398 -0.3508119   1.73097861] - angle: -1.5415090666935525
2026-01-21 13:52:55,007 - position: [ 0.11702089 -0.35664612  1.73204041] - angle: -1.5427102292097605
2026-01-21 13:52:55,252 - position: [ 0.11957648 -0.36471736  1.73271155] - angle: -1.5419951498228448
2026-01-21 13:52:55,473 - position: [ 0.12124782 -0.36694238  1.73219979] - angle: -1.5414769241896114
2026-01-21 13:52:55,744 - position: [ 0.12215203 -0.36678037  1.73139608] - angle: -1.5424932935490308
2026-01-21 13:52:55,980 - position: [ 0.12119929 -0.36080679  1.72949386] - angle: -1.5417665219812573
2026-01-21 13:52:56,200 - position: [ 0.11950088 -0.35547942  1.7294935 ] - angle: -1.5415793195802427
2026-01-21 13:52:56,450 - position: [ 0.11824667 -0.35238183  1.72950661] - angle: -1.5409947944772249
2026-01-21 13:52:56,657 - position: [ 0.11548638 -0.34667057  1.7305994 ] - angle: -1.5405534908843062
2026-01-21 13:52:56,929 - position: [ 0.11071958 -0.33973467  1.73225129] - angle: -1.5404547068312788
2026-01-21 13:52:57,161 - position: [ 0.11032362 -0.34182435  1.733307  ] - angle: -1.5403210666928295
2026-01-21 13:52:57,384 - position: [ 0.11022116 -0.34537056  1.73444736] - angle: -1.5397608844059225
2026-01-21 13:52:57,620 - position: [ 0.10971782 -0.34932443  1.73545671] - angle: -1.5396198579503197
2026-01-21 13:52:57,843 - position: [ 0.10818137 -0.3567751   1.73631251] - angle: -1.5394555582349039
2026-01-21 13:52:58,116 - position: [ 0.10628971 -0.37378991  1.7380085 ] - angle: -1.5391782467107613
2026-01-21 13:52:58,351 - position: [ 0.10607512 -0.38233122  1.73830569] - angle: -1.538969408795202
2026-01-21 13:52:58,601 - position: [ 0.10514417 -0.40059429  1.73698878] - angle: -1.5390291959124576
2026-01-21 13:52:58,820 - position: [ 0.10488339 -0.40387473  1.73637927] - angle: -1.5387852973575504
2026-01-21 13:52:59,035 - position: [ 0.10468064 -0.40831655  1.73564517] - angle: -1.5387118245165032
2026-01-21 13:52:59,291 - position: [ 0.10430442 -0.41117004  1.73462832] - angle: -1.539086030109467
2026-01-21 13:52:59,560 - position: [ 0.10372858 -0.41459197  1.7319895 ] - angle: -1.5388978467119392
2026-01-21 13:52:59,789 - position: [ 0.10272941 -0.41447499  1.72763765] - angle: -1.5380962575762802
2026-01-21 13:52:59,999 - position: [ 0.10206015 -0.41331837  1.72557199] - angle: -1.537577802216401
2026-01-21 13:53:00,215 - position: [ 0.10206015 -0.41331837  1.72557199] - angle: -1.537577802216401
2026-01-21 13:53:00,452 - position: [ 0.10272722 -0.41453674  1.72489619] - angle: -1.5377148131900311
2026-01-21 13:53:00,709 - position: [ 0.10475791 -0.41509861  1.72636569] - angle: -1.5380434348555387
2026-01-21 13:53:00,985 - position: [ 0.10774126 -0.41474235  1.72790635] - angle: -1.537737739597278
2026-01-21 13:53:01,242 - position: [ 0.11411747 -0.41353929  1.72932196] - angle: -1.5370243427018067
2026-01-21 13:53:01,506 - position: [ 0.11549126 -0.41313231  1.72939956] - angle: -1.5386586171063938
2026-01-21 13:53:01,752 - position: [ 0.11692446 -0.41278544  1.72947514] - angle: -1.5383371917782003
2026-01-21 13:53:01,993 - position: [ 0.11711638 -0.41249365  1.73019493] - angle: -1.536648717657394
2026-01-21 13:53:02,212 - position: [ 0.11702199 -0.4097963   1.73297501] - angle: -1.5367446690302597
2026-01-21 13:53:02,449 - position: [ 0.11821991 -0.40757629  1.73382604] - angle: -1.536349953770154
2026-01-21 13:53:02,664 - position: [ 0.11853068 -0.4061178   1.73402309] - angle: -1.5363542628238478
2026-01-21 13:53:02,892 - position: [ 0.11857928 -0.39855146  1.73511255] - angle: -1.5369036858458212
2026-01-21 13:53:03,117 - position: [ 0.11905576 -0.39416614  1.73534489] - angle: -1.5368832349253165
2026-01-21 13:53:03,370 - position: [ 0.11953337 -0.39127278  1.73560309] - angle: -1.5364375298918325
2026-01-21 13:53:03,608 - position: [ 0.11953337 -0.39127278  1.73560309] - angle: -1.5364375298918325
2026-01-21 13:53:03,836 - position: [ 0.1203274  -0.38426492  1.73647141] - angle: -1.537237799065867
2026-01-21 13:53:04,102 - position: [ 0.12219448 -0.38056257  1.7372247 ] - angle: -1.5366183127990394
2026-01-21 13:53:04,325 - position: [ 0.12604685 -0.38182089  1.73878002] - angle: -1.537626916775749
2026-01-21 13:53:04,543 - position: [ 0.12593004 -0.3902407   1.73813665] - angle: -1.536187638466974
2026-01-21 13:53:04,782 - position: [ 0.12554251 -0.39889669  1.73669648] - angle: -1.535619526887154
2026-01-21 13:53:05,032 - position: [ 0.12535146 -0.40204549  1.73630226] - angle: -1.5361369434801038
2026-01-21 13:53:05,266 - position: [ 0.12428157 -0.41347513  1.7361958 ] - angle: -1.5370067110405703
2026-01-21 13:53:05,515 - position: [ 0.12341527 -0.41717643  1.73804533] - angle: -1.536287012549518
2026-01-21 13:53:05,731 - position: [ 0.12408405 -0.41915613  1.73939359] - angle: -1.5362542013461078
2026-01-21 13:53:05,970 - position: [ 0.12512439 -0.42082998  1.74065781] - angle: -1.5362836671564462
2026-01-21 13:53:06,231 - position: [ 0.12676325 -0.42103723  1.74174356] - angle: -1.5364428180887293
2026-01-21 13:53:06,492 - position: [ 0.12736839 -0.42079955  1.74173498] - angle: -1.5364967428433474
2026-01-21 13:53:06,714 - position: [ 0.13096522 -0.41811383  1.74112093] - angle: -1.5364419272122012
2026-01-21 13:53:06,953 - position: [ 0.13335238 -0.41441384  1.74072206] - angle: -1.5360943731455192
2026-01-21 13:53:07,200 - position: [ 0.13511863 -0.41108087  1.74014866] - angle: -1.5358220808410121
2026-01-21 13:53:07,425 - position: [ 0.1385657  -0.40323874  1.73976755] - angle: -1.536681696062152
2026-01-21 13:53:07,652 - position: [ 0.13907722 -0.3997767   1.73961568] - angle: -1.5367807829668054
2026-01-21 13:53:07,904 - position: [ 0.13826224 -0.39707005  1.74029148] - angle: -1.5361998589178234
2026-01-21 13:53:08,142 - position: [ 0.13737682 -0.39679021  1.74088371] - angle: -1.5369150833034513
2026-01-21 13:53:08,367 - position: [ 0.13601264 -0.39839479  1.74204206] - angle: -1.536832638828617
2026-01-21 13:53:08,579 - position: [ 0.13508102 -0.40079522  1.74249756] - angle: -1.5365238335952363
2026-01-21 13:53:08,808 - position: [ 0.1332968  -0.40847281  1.7421962 ] - angle: -1.536686984272067
2026-01-21 13:53:09,053 - position: [ 0.1324643  -0.41049588  1.74161601] - angle: -1.536606683474603
2026-01-21 13:53:09,298 - position: [ 0.13151529 -0.41073459  1.74136949] - angle: -1.5365012430057101
2026-01-21 13:53:09,506 - position: [ 0.13004489 -0.41073397  1.74135149] - angle: -1.5363973319940696
2026-01-21 13:53:09,754 - position: [ 0.13013755 -0.40989238  1.7411803 ] - angle: -1.5362697760587105
2026-01-21 13:53:09,958 - position: [ 0.13059577 -0.40881407  1.74082446] - angle: -1.5355084506878636
2026-01-21 13:53:10,175 - position: [ 0.13207148 -0.40378624  1.74008703] - angle: -1.5366686169678307
2026-01-21 13:53:10,401 - position: [ 0.13241841 -0.39039809  1.73817229] - angle: -1.5359860789338224
2026-01-21 13:53:10,665 - position: [ 0.13324986 -0.38026693  1.73740876] - angle: -1.5373040185697184
2026-01-21 13:53:10,881 - position: [ 0.13405789 -0.37246785  1.73733342] - angle: -1.5365490108700803
2026-01-21 13:53:11,132 - position: [ 0.13431364 -0.3673628   1.73742819] - angle: -1.5361986952144626
2026-01-21 13:53:11,419 - position: [ 0.13135898 -0.35804936  1.73777139] - angle: -1.5365208480514152
2026-01-21 13:53:11,678 - position: [ 0.12724692 -0.35527804  1.73700905] - angle: -1.5364151480668458
2026-01-21 13:53:11,894 - position: [ 0.12449216 -0.35565001  1.73582888] - angle: -1.5364350108308176
2026-01-21 13:53:12,108 - position: [ 0.12414587 -0.35577118  1.73561931] - angle: -1.5363714807753572
2026-01-21 13:53:12,360 - position: [ 0.11921376 -0.35692111  1.73316014] - angle: -1.5363274209465376
2026-01-21 13:53:12,571 - position: [ 0.11774919 -0.3567839   1.73162186] - angle: -1.5358776295695802
2026-01-21 13:53:12,809 - position: [ 0.11747801 -0.3560622   1.73062921] - angle: -1.5362560995701178
2026-01-21 13:53:13,069 - position: [ 0.11853298 -0.35275298  1.72839689] - angle: -1.5356991503306388
2026-01-21 13:53:13,276 - position: [ 0.11874179 -0.35184968  1.72786212] - angle: -1.5353593777378154
2026-01-21 13:53:13,517 - position: [ 0.1196475  -0.35050142  1.72678447] - angle: -1.534912851750637
2026-01-21 13:53:13,739 - position: [ 0.12085846 -0.34955108  1.72568679] - angle: -1.5349570296629516
2026-01-21 13:53:14,002 - position: [ 0.12144598 -0.34859496  1.72532797] - angle: -1.5339667702953115
2026-01-21 13:53:14,276 - position: [ 0.12180117 -0.34806463  1.72542489] - angle: -1.5342782429166957
2026-01-21 13:53:14,584 - position: [ 0.12330309 -0.34790397  1.72519374] - angle: -1.5346417962761256
2026-01-21 13:53:14,823 - position: [ 0.12512934 -0.34824258  1.72518659] - angle: -1.5341816869390774
2026-01-21 13:53:15,050 - position: [ 0.12596548 -0.34850526  1.72521746] - angle: -1.5346193249483555
2026-01-21 13:53:15,266 - position: [ 0.12555942 -0.34823883  1.72538841] - angle: -1.5343523593806583
2026-01-21 13:53:15,481 - position: [ 0.12520568 -0.3482579   1.72511697] - angle: -1.5349711146432714
2026-01-21 13:53:15,723 - position: [ 0.12389864 -0.3486329   1.72402215] - angle: -1.5343324910726657
2026-01-21 13:53:15,944 - position: [ 0.11974072 -0.34868276  1.72301209] - angle: -1.5338532808235583
2026-01-21 13:53:16,174 - position: [ 0.11761829 -0.34825408  1.72335231] - angle: -1.5340223096764531
2026-01-21 13:53:16,392 - position: [ 0.11318976 -0.34498698  1.7251116 ] - angle: -1.534336234440174
2026-01-21 13:53:16,603 - position: [ 0.11200276 -0.34218699  1.72670496] - angle: -1.5338059906882857
2026-01-21 13:53:16,832 - position: [ 0.11257955 -0.33856827  1.72915506] - angle: -1.5338743110366173
2026-01-21 13:53:17,120 - position: [ 0.11561841 -0.33389869  1.73153567] - angle: -1.5337095123755016
2026-01-21 13:53:17,355 - position: [ 0.11737935 -0.32963258  1.73350656] - angle: -1.5343052675618658
2026-01-21 13:53:17,593 - position: [ 0.1181381  -0.32783055  1.7346257 ] - angle: -1.5337733860944387
2026-01-21 13:53:17,853 - position: [ 0.11914042 -0.32728982  1.73525059] - angle: -1.534113471076311
2026-01-21 13:53:18,080 - position: [ 0.12126325 -0.33067882  1.73546553] - angle: -1.5333990881354262
2026-01-21 13:53:18,336 - position: [ 0.12212174 -0.3321459   1.73527133] - angle: -1.5330920438326836
2026-01-21 13:53:18,550 - position: [ 0.12535818 -0.33509693  1.73439038] - angle: -1.5317575733187474
2026-01-21 13:53:18,781 - position: [ 0.12862618 -0.33552623  1.7331847 ] - angle: -1.5321597581810948
2026-01-21 13:53:19,035 - position: [ 0.13216643 -0.33365229  1.73141992] - angle: -1.5310334637118448
2026-01-21 13:53:19,285 - position: [ 0.13469642 -0.33113873  1.72915685] - angle: -1.5314711062126038
2026-01-21 13:53:19,582 - position: [ 0.1365793  -0.3319574   1.72806776] - angle: -1.5309154659437714
2026-01-21 13:53:19,809 - position: [ 0.137407   -0.33404076  1.72759771] - angle: -1.5312812260213158
2026-01-21 13:53:20,054 - position: [ 0.1379685  -0.33744186  1.72700262] - angle: -1.5311521445103953
2026-01-21 13:53:20,299 - position: [ 0.13810757 -0.33898205  1.72720671] - angle: -1.5307794918949909
2026-01-21 13:53:20,522 - position: [ 0.13760976 -0.34354901  1.72823942] - angle: -1.5307636304427072
2026-01-21 13:53:20,753 - position: [ 0.13755621 -0.3452242   1.72850907] - angle: -1.530458840207587
2026-01-21 13:53:20,962 - position: [ 0.13716494 -0.34750938  1.72861218] - angle: -1.5304874196862865
2026-01-21 13:53:21,166 - position: [ 0.13716494 -0.34750938  1.72861218] - angle: -1.5304874196862865
2026-01-21 13:53:21,391 - position: [ 0.13551943 -0.35322145  1.7284863 ] - angle: -1.530149777077182
2026-01-21 13:53:21,665 - position: [ 0.13551575 -0.35303634  1.72786713] - angle: -1.530006844574065
2026-01-21 13:53:21,876 - position: [ 0.13657594 -0.3509886   1.72701454] - angle: -1.5301808941193915
2026-01-21 13:53:22,119 - position: [ 0.13853124 -0.34917453  1.7275337 ] - angle: -1.5298372235413087
2026-01-21 13:53:22,335 - position: [ 0.14003058 -0.34771082  1.72833085] - angle: -1.5305066729635879
2026-01-21 13:53:22,574 - position: [ 0.13985673 -0.34431717  1.72966838] - angle: -1.5301996337532926
2026-01-21 13:53:22,824 - position: [ 0.13767387 -0.34062707  1.73066795] - angle: -1.530097946509716
2026-01-21 13:53:23,040 - position: [ 0.13644327 -0.33932558  1.73099816] - angle: -1.5299839348473143
2026-01-21 13:53:23,245 - position: [ 0.13601992 -0.34021425  1.73094857] - angle: -1.5294700330816466
2026-01-21 13:53:23,481 - position: [ 0.13632265 -0.34054512  1.7309649 ] - angle: -1.530010872942872
2026-01-21 13:53:23,799 - position: [ 0.13909331 -0.34222668  1.73121464] - angle: -1.5293915315620863
2026-01-21 13:53:24,039 - position: [ 0.14085183 -0.34208235  1.73137057] - angle: -1.5298674632429843
2026-01-21 13:53:24,251 - position: [ 0.14171743 -0.34269276  1.73118842] - angle: -1.529940810852446
2026-01-21 13:53:24,480 - position: [ 0.14252947 -0.34387857  1.73056579] - angle: -1.5295913095687435
2026-01-21 13:53:24,718 - position: [ 0.1422721  -0.34491417  1.72978663] - angle: -1.5296186916301169
2026-01-21 13:53:24,990 - position: [ 0.14168814 -0.34567854  1.72914481] - angle: -1.5294259884352281
2026-01-21 13:53:25,225 - position: [ 0.14201725 -0.34695029  1.72895992] - angle: -1.5288456840630045
2026-01-21 13:53:25,477 - position: [ 0.14441726 -0.35245982  1.72858632] - angle: -1.5293791617309012
2026-01-21 13:53:25,725 - position: [ 0.14658876 -0.35815105  1.72783864] - angle: -1.5286660747781227
2026-01-21 13:53:25,956 - position: [ 0.14822197 -0.36148989  1.72741091] - angle: -1.5289523174860573
2026-01-21 13:53:26,191 - position: [ 0.1489307  -0.36404619  1.72701705] - angle: -1.5287663249569174
2026-01-21 13:53:26,420 - position: [ 0.14863248 -0.37098393  1.72488773] - angle: -1.5276563837172654
2026-01-21 13:53:26,657 - position: [ 0.14835985 -0.37356406  1.72397482] - angle: -1.527334373684703
2026-01-21 13:53:26,920 - position: [ 0.14850235 -0.37558749  1.72317731] - angle: -1.5274090116744459
2026-01-21 13:53:27,160 - position: [ 0.14829947 -0.37744918  1.72160828] - angle: -1.5271826997503144
2026-01-21 13:53:27,397 - position: [ 0.14818539 -0.37924352  1.72030604] - angle: -1.5270789656969188
2026-01-21 13:53:27,657 - position: [ 0.14775358 -0.38024145  1.71881557] - angle: -1.5270754737067098
2026-01-21 13:53:27,961 - position: [ 0.14723681 -0.37810963  1.71770597] - angle: -1.5264089166100412
2026-01-21 13:53:28,192 - position: [ 0.14669032 -0.37592232  1.71710849] - angle: -1.526873029074061
2026-01-21 13:53:28,399 - position: [ 0.14639568 -0.37270096  1.71500456] - angle: -1.5268186863049613
2026-01-21 13:53:28,637 - position: [ 0.14504433 -0.37146831  1.71299863] - angle: -1.5258700816680757
2026-01-21 13:53:28,931 - position: [ 0.14470175 -0.3713412   1.71252215] - angle: -1.5255963560989048
2026-01-21 13:53:29,155 - position: [ 0.14368135 -0.37223414  1.70873129] - angle: -1.5256451844800916
2026-01-21 13:53:29,373 - position: [ 0.1447351  -0.37333167  1.70671797] - angle: -1.5262391364947017
2026-01-21 13:53:29,602 - position: [ 0.14538847 -0.37456474  1.70486474] - angle: -1.5253050255037297
2026-01-21 13:53:29,889 - position: [ 0.14538847 -0.37456474  1.70486474] - angle: -1.5253050255037297
2026-01-21 13:53:30,124 - position: [ 0.14700724 -0.37798628  1.70298481] - angle: -1.5254746435211133
2026-01-21 13:53:30,347 - position: [ 0.14589898 -0.37929136  1.70187283] - angle: -1.5245384555211614
2026-01-21 13:53:30,587 - position: [ 0.14264227 -0.37983349  1.69972742] - angle: -1.5244751109759154
2026-01-21 13:53:30,859 - position: [ 0.14111911 -0.37934497  1.69899619] - angle: -1.5246197534021073
2026-01-21 13:53:31,085 - position: [ 0.13963561 -0.37851274  1.69797862] - angle: -1.5261753891332397
2026-01-21 13:53:31,351 - position: [ 0.13761555 -0.37767234  1.69674993] - angle: -1.525875911941505
2026-01-21 13:53:31,583 - position: [ 0.13761555 -0.37767234  1.69674993] - angle: -1.525875911941505
2026-01-21 13:53:31,787 - position: [ 0.13529006 -0.37907308  1.69108367] - angle: -1.525297391093329
2026-01-21 13:53:31,996 - position: [ 0.13565062 -0.38068819  1.6904074 ] - angle: -1.5262358091031758
2026-01-21 13:53:32,258 - position: [ 0.13509229 -0.38165873  1.69155359] - angle: -1.5266871745489845
2026-01-21 13:53:32,478 - position: [ 0.13441756 -0.3805404   1.69343162] - angle: -1.5265759416947473
2026-01-21 13:53:32,723 - position: [ 0.13333222 -0.37849918  1.69588304] - angle: -1.525760946471252
2026-01-21 13:53:32,957 - position: [ 0.13307017 -0.37753841  1.69692492] - angle: -1.5264675984933662
2026-01-21 13:53:33,200 - position: [ 0.13310844 -0.37480074  1.69983256] - angle: -1.525563079093906
2026-01-21 13:53:33,412 - position: [ 0.13438864 -0.37303358  1.70132172] - angle: -1.5259273225528696
2026-01-21 13:53:33,718 - position: [ 0.13377152 -0.36949193  1.70150626] - angle: -1.5254870913748744
2026-01-21 13:53:33,953 - position: [ 0.13258548 -0.36707634  1.69941497] - angle: -1.52617606426067
2026-01-21 13:53:34,193 - position: [ 0.13158955 -0.36630225  1.69739377] - angle: -1.5261915167876352
2026-01-21 13:53:34,426 - position: [ 0.13088726 -0.36721584  1.69590032] - angle: -1.5258324418310099
2026-01-21 13:53:34,665 - position: [ 0.13047305 -0.3681739   1.69541609] - angle: -1.5265857491198673
2026-01-21 13:53:34,884 - position: [ 0.12922588 -0.37207943  1.69479227] - angle: -1.526424565232018
2026-01-21 13:53:35,128 - position: [ 0.12798701 -0.37530339  1.69504821] - angle: -1.5266232215630442
2026-01-21 13:53:35,348 - position: [ 0.12802286 -0.3778213   1.69556868] - angle: -1.5259956650681827
2026-01-21 13:53:35,651 - position: [ 0.12872137 -0.379336    1.69658697] - angle: -1.5281038102304327
2026-01-21 13:53:35,937 - position: [ 0.13110514 -0.3766143   1.69968128] - angle: -1.5278470220858762
2026-01-21 13:53:36,191 - position: [ 0.13307931 -0.37439469  1.7029165 ] - angle: -1.526765115972304
2026-01-21 13:53:36,425 - position: [ 0.13543878 -0.37438205  1.70650589] - angle: -1.5265756805339135
2026-01-21 13:53:36,658 - position: [ 0.13690542 -0.37627655  1.70800734] - angle: -1.5256766534199802
2026-01-21 13:53:36,875 - position: [ 0.13725737 -0.37786961  1.70912647] - angle: -1.5250444839405004
2026-01-21 13:53:37,107 - position: [ 0.13721997 -0.37920919  1.71025681] - angle: -1.5248838084425747
2026-01-21 13:53:37,357 - position: [ 0.13675062 -0.38273671  1.71147227] - angle: -1.5253437927157303
2026-01-21 13:53:37,578 - position: [ 0.1361856 -0.3841511  1.7117511] - angle: -1.5253639881330483
2026-01-21 13:53:37,796 - position: [ 0.13411835 -0.38546699  1.7133956 ] - angle: -1.5256313993710018
2026-01-21 13:53:38,028 - position: [ 0.13356923 -0.38222045  1.71521366] - angle: -1.5251774115546906
2026-01-21 13:53:38,292 - position: [ 0.13342236 -0.37488899  1.71684992] - angle: -1.5242501232368841
2026-01-21 13:53:38,563 - position: [ 0.13374116 -0.37142587  1.71689951] - angle: -1.5240238785796647
2026-01-21 13:53:38,833 - position: [ 0.13440514 -0.37100187  1.71740258] - angle: -1.5242199104816239
2026-01-21 13:53:39,058 - position: [ 0.13456731 -0.37387946  1.71915829] - angle: -1.524462114726703
2026-01-21 13:53:39,366 - position: [ 0.1341653  -0.37527049  1.72024941] - angle: -1.5237959634645364
2026-01-21 13:53:39,583 - position: [ 0.12889716 -0.37706077  1.72537732] - angle: -1.523562581627751
2026-01-21 13:53:39,791 - position: [ 0.12685566 -0.37670776  1.72644079] - angle: -1.5233792089870115
2026-01-21 13:53:40,071 - position: [ 0.12377445 -0.37762558  1.7285893 ] - angle: -1.523142767343781
2026-01-21 13:53:40,295 - position: [ 0.12333348 -0.37899563  1.72920334] - angle: -1.5227811483590363
2026-01-21 13:53:40,512 - position: [ 0.1231982  -0.37983203  1.72946346] - angle: -1.523156404667958
2026-01-21 13:53:40,730 - position: [ 0.1218759  -0.37929314  1.73030341] - angle: -1.5231688641875696
2026-01-21 13:53:41,013 - position: [ 0.11751568 -0.37588233  1.73198593] - angle: -1.5232470906455027
2026-01-21 13:53:41,227 - position: [ 0.11653364 -0.37524658  1.73236322] - angle: -1.5229837856850956
2026-01-21 13:53:41,488 - position: [ 0.11026347 -0.37085164  1.73629153] - angle: -1.5230183282995338
2026-01-21 13:53:41,722 - position: [ 0.10969989 -0.36786047  1.73999548] - angle: -1.5227461778380267
2026-01-21 13:53:41,969 - position: [ 0.11166187 -0.36508077  1.74327672] - angle: -1.5219907100052978
2026-01-21 13:53:42,215 - position: [ 0.11385546 -0.36294669  1.74552727] - angle: -1.5226399001410291
2026-01-21 13:53:42,443 - position: [ 0.11437314 -0.36224547  1.74615753] - angle: -1.522148942763382
2026-01-21 13:53:42,689 - position: [ 0.11593039 -0.35578695  1.74907339] - angle: -1.522403046779349
2026-01-21 13:53:42,940 - position: [ 0.11585984 -0.35430244  1.7492137 ] - angle: -1.5220365536980411
2026-01-21 13:53:43,149 - position: [ 0.11541151 -0.35075429  1.74754858] - angle: -1.5215035292337342
2026-01-21 13:53:43,401 - position: [ 0.11525401 -0.35080835  1.74346602] - angle: -1.5206597687260803
2026-01-21 13:53:43,655 - position: [ 0.1153178  -0.35238224  1.74030447] - angle: -1.520537657262457
2026-01-21 13:53:43,893 - position: [ 0.11514743 -0.35309428  1.73832786] - angle: -1.5206294833087401
2026-01-21 13:53:44,150 - position: [ 0.1135368  -0.35168013  1.7369734 ] - angle: -1.520297894484297
2026-01-21 13:53:44,405 - position: [ 0.11211824 -0.34983242  1.73667455] - angle: -1.5206111326443823
2026-01-21 13:53:44,626 - position: [ 0.10936683 -0.34670562  1.73694015] - angle: -1.5204667400414458
