2026-01-21 13:45:43,557 - position: [0.02536243 2.14837599 0.94834143] - angle: -1.697864729613893
2026-01-21 13:45:43,796 - position: [0.02484299 2.14641094 0.95084524] - angle: -1.6972222116160909
2026-01-21 13:45:44,018 - position: [0.02408119 2.14252543 0.95660472] - angle: -1.6969371290775523
2026-01-21 13:45:44,259 - position: [0.02049271 2.13714218 0.9762798 ] - angle: -1.6966529778845754
2026-01-21 13:45:44,498 - position: [0.01864415 2.13897061 0.98527503] - angle: -1.6968165033091047
2026-01-21 13:45:44,745 - position: [0.01595064 2.14114285 0.99460614] - angle: -1.696814502626422
2026-01-21 13:45:44,978 - position: [0.01482372 2.14155459 0.99770302] - angle: -1.697121851522076
2026-01-21 13:45:45,215 - position: [0.01260679 2.14126253 1.01932108] - angle: -1.6954075846629753
2026-01-21 13:45:45,456 - position: [0.01274244 2.14129567 1.04108107] - angle: -1.6947730249103845
2026-01-21 13:45:45,680 - position: [0.01386755 2.13557649 1.22353971] - angle: -1.6961849074273854
2026-01-21 13:45:45,916 - position: [0.01380681 2.13013697 1.34648502] - angle: -1.6961031867709755
2026-01-21 13:45:46,150 - position: [0.01380681 2.13013697 1.34648502] - angle: -1.6961031867709755
2026-01-21 13:45:46,394 - position: [0.01451927 2.11919665 1.51717389] - angle: -1.6998218831203848
2026-01-21 13:45:46,618 - position: [0.01747716 2.10661674 1.64003849] - angle: -1.70199350658452
2026-01-21 13:45:46,825 - position: [0.01982033 2.09876299 1.69857764] - angle: -1.7015646698888958
2026-01-21 13:45:47,056 - position: [0.02640313 2.07777023 1.79864359] - angle: -1.6993959257816051
2026-01-21 13:45:47,277 - position: [0.03214019 2.0670023  1.82511759] - angle: -1.7010650434034211
2026-01-21 13:45:47,519 - position: [0.03564569 2.06106782 1.82824719] - angle: -1.7001917809085025
2026-01-21 13:45:47,777 - position: [0.03673791 2.05959177 1.82787299] - angle: -1.700168178111686
2026-01-21 13:45:48,017 - position: [0.03925253 2.05410409 1.82290125] - angle: -1.6992083464426289
2026-01-21 13:45:48,272 - position: [0.03925253 2.05410409 1.82290125] - angle: -1.6992083464426289
2026-01-21 13:45:48,571 - position: [0.03087015 2.02239108 1.8014729 ] - angle: -1.699087098090577
2026-01-21 13:45:48,802 - position: [0.02651341 2.01547861 1.80173361] - angle: -1.699068449904403
2026-01-21 13:45:49,038 - position: [0.02318515 2.00974584 1.80352151] - angle: -1.6989934072130506
2026-01-21 13:45:49,258 - position: [0.02095894 2.0055573  1.80588019] - angle: -1.6996086239368173
2026-01-21 13:45:49,525 - position: [0.01947368 2.00365877 1.80869663] - angle: -1.6992709693548083
2026-01-21 13:45:49,773 - position: [0.01943875 2.00627947 1.81087291] - angle: -1.698811675235337
2026-01-21 13:45:50,007 - position: [0.01972241 2.00754786 1.81106007] - angle: -1.6983717243055434
2026-01-21 13:45:50,217 - position: [0.0208596  2.01243258 1.81090081] - angle: -1.6991801524720493
2026-01-21 13:45:50,444 - position: [0.02300787 2.01653981 1.8085891 ] - angle: -1.6996956896767692
2026-01-21 13:45:50,653 - position: [0.02393827 2.01746082 1.80651045] - angle: -1.6998880355717407
2026-01-21 13:45:50,894 - position: [0.0241258  2.01992035 1.80123556] - angle: -1.6994545738338438
2026-01-21 13:45:51,125 - position: [0.02397261 2.02024531 1.80085933] - angle: -1.6992245345553645
2026-01-21 13:45:51,350 - position: [0.02076036 2.02521086 1.79564464] - angle: -1.6990694896478065
2026-01-21 13:45:51,589 - position: [0.01713997 2.02799964 1.79185903] - angle: -1.6983006317783733
2026-01-21 13:45:51,827 - position: [0.01487022 2.02773166 1.79010224] - angle: -1.698550340413295
2026-01-21 13:45:52,044 - position: [0.01495071 2.02200627 1.78806365] - angle: -1.6975242903959824
2026-01-21 13:45:52,278 - position: [0.01550126 2.01961827 1.78775895] - angle: -1.6987354004695083
2026-01-21 13:45:52,484 - position: [0.01765999 2.01088285 1.78680098] - angle: -1.697468798132519
2026-01-21 13:45:52,720 - position: [0.02149722 1.99906754 1.78753006] - angle: -1.6970551227561739
2026-01-21 13:45:52,935 - position: [0.02222848 1.9954313  1.78846741] - angle: -1.6967532756414698
2026-01-21 13:45:53,172 - position: [0.02275326 1.99025595 1.79076993] - angle: -1.697633146155379
2026-01-21 13:45:53,407 - position: [0.02253076 1.98937273 1.79110825] - angle: -1.6973147602823726
2026-01-21 13:45:53,652 - position: [0.01995601 1.98644996 1.79202545] - angle: -1.6968718297612764
2026-01-21 13:45:53,873 - position: [0.01405057 1.98325729 1.79342079] - angle: -1.6964889986018923
2026-01-21 13:45:54,128 - position: [0.00966714 1.98352075 1.79471588] - angle: -1.6964532500707117
2026-01-21 13:45:54,330 - position: [0.00637837 1.98573887 1.79539669] - angle: -1.6971570809019685
2026-01-21 13:45:54,555 - position: [0.0054996  1.98663437 1.7956121 ] - angle: -1.6967037370934497
2026-01-21 13:45:54,777 - position: [0.00597144 1.98826313 1.79622042] - angle: -1.6971741242340377
2026-01-21 13:45:54,982 - position: [0.0073237  1.99072957 1.79729307] - angle: -1.6965278977298244
2026-01-21 13:45:55,221 - position: [0.01082186 1.99442172 1.79875541] - angle: -1.6966519863002265
2026-01-21 13:45:55,451 - position: [0.01241552 1.99549592 1.7992487 ] - angle: -1.695947859334046
2026-01-21 13:45:55,700 - position: [0.01832512 1.99821067 1.80020845] - angle: -1.6959243625224527
2026-01-21 13:45:55,941 - position: [0.02147978 1.99918473 1.80099058] - angle: -1.6951943086401418
2026-01-21 13:45:56,223 - position: [0.02320301 2.0019505  1.80245686] - angle: -1.696019470501751
2026-01-21 13:45:56,532 - position: [0.02380929 2.00646234 1.8045907 ] - angle: -1.6952594643916719
2026-01-21 13:45:56,754 - position: [0.02451511 2.01016951 1.80578578] - angle: -1.6949885644233182
2026-01-21 13:45:56,991 - position: [0.0260286  2.01587677 1.80773962] - angle: -1.694095739168202
2026-01-21 13:45:57,201 - position: [0.02580586 2.0162344  1.80708671] - angle: -1.693911706125113
2026-01-21 13:45:57,441 - position: [0.02397871 2.01262021 1.80500972] - angle: -1.6935558825365744
2026-01-21 13:45:57,675 - position: [0.02199605 2.00683689 1.80286491] - angle: -1.6942069614365547
2026-01-21 13:45:57,909 - position: [0.02111443 1.99999535 1.80062044] - angle: -1.6924106638890972
2026-01-21 13:45:58,113 - position: [0.02115329 1.99704206 1.80019736] - angle: -1.6933132923663532
2026-01-21 13:45:58,345 - position: [0.02143883 1.99594975 1.80045295] - angle: -1.693425770141502
2026-01-21 13:45:58,627 - position: [0.02476182 1.99508488 1.80323577] - angle: -1.6925913545172122
2026-01-21 13:45:58,865 - position: [0.02620584 1.9948765  1.80433071] - angle: -1.6928825648651387
2026-01-21 13:45:59,097 - position: [0.030106   1.9943229  1.80701423] - angle: -1.6932811007094477
2026-01-21 13:45:59,326 - position: [0.03430804 1.99185956 1.80852926] - angle: -1.6937958952372405
2026-01-21 13:45:59,631 - position: [0.04057875 1.98396623 1.81021237] - angle: -1.6933320223982138
2026-01-21 13:45:59,920 - position: [0.04410332 1.97620511 1.81165552] - angle: -1.6937731009525017
2026-01-21 13:46:00,171 - position: [0.04374652 1.97197199 1.81335938] - angle: -1.6920498133166237
2026-01-21 13:46:00,411 - position: [0.04281913 1.97098327 1.81444073] - angle: -1.6921857467104964
2026-01-21 13:46:00,674 - position: [0.04159438 1.97240663 1.81537116] - angle: -1.6927735267061106
2026-01-21 13:46:00,910 - position: [0.04062475 1.97345662 1.81472492] - angle: -1.691817388625485
2026-01-21 13:46:01,134 - position: [0.04091661 1.97365987 1.81396306] - angle: -1.6915500045683718
2026-01-21 13:46:01,379 - position: [0.04270215 1.97258365 1.81370652] - angle: -1.6912267185533993
2026-01-21 13:46:01,682 - position: [0.04552456 1.96942031 1.81368065] - angle: -1.6899355189179648
2026-01-21 13:46:01,948 - position: [0.04395606 1.96763957 1.81156242] - angle: -1.6892869190476762
2026-01-21 13:46:02,274 - position: [0.04269941 1.96567953 1.80853045] - angle: -1.6889782001556597
2026-01-21 13:46:02,515 - position: [0.03682147 1.95888722 1.80115294] - angle: -1.6889026216231695
2026-01-21 13:46:02,762 - position: [0.03517877 1.95384967 1.7971983 ] - angle: -1.6880176600686259
2026-01-21 13:46:03,035 - position: [0.03481594 1.94061399 1.78878736] - angle: -1.688780257362568
2026-01-21 13:46:03,288 - position: [0.03722858 1.93228531 1.7854135 ] - angle: -1.6888860476064291
2026-01-21 13:46:03,557 - position: [0.03834168 1.92886674 1.78440547] - angle: -1.689278109954131
2026-01-21 13:46:03,788 - position: [0.03991555 1.92344701 1.78254819] - angle: -1.6886351514650544
2026-01-21 13:46:04,000 - position: [0.03991555 1.92344701 1.78254819] - angle: -1.6886351514650544
2026-01-21 13:46:04,227 - position: [0.04455411 1.91735899 1.77570796] - angle: -1.6892168428738348
2026-01-21 13:46:04,453 - position: [0.05080325 1.93015969 1.76766503] - angle: -1.6917911327510815
2026-01-21 13:46:04,685 - position: [0.0525596  1.93842435 1.76423907] - angle: -1.6894826132968266
2026-01-21 13:46:04,924 - position: [0.05194531 1.95294106 1.7594986 ] - angle: -1.6930636851772807
2026-01-21 13:46:05,178 - position: [0.05168711 1.96303046 1.75807416] - angle: -1.6937856540988072
2026-01-21 13:46:05,419 - position: [0.05402419 1.97049761 1.75831306] - angle: -1.6920088294657427
2026-01-21 13:46:05,635 - position: [0.05437791 1.97345531 1.75905204] - angle: -1.693334592159058
2026-01-21 13:46:05,883 - position: [0.0519964  1.97739947 1.76033461] - angle: -1.6927233143230733
2026-01-21 13:46:06,125 - position: [0.04811811 1.9786483  1.76041996] - angle: -1.6929569691920072
2026-01-21 13:46:06,346 - position: [0.04568078 1.97914493 1.76023555] - angle: -1.690104470133007
2026-01-21 13:46:06,577 - position: [0.03996982 1.97955906 1.75972247] - angle: -1.6922238364250326
2026-01-21 13:46:06,820 - position: [0.03200192 1.9794935  1.75835562] - angle: -1.6887350849595304
2026-01-21 13:46:07,042 - position: [0.02065616 1.97955537 1.75638843] - angle: -1.6910271632131701
2026-01-21 13:46:07,252 - position: [0.01887991 1.97987175 1.75673127] - angle: -1.6886447296210099
2026-01-21 13:46:07,463 - position: [0.01716087 1.97797489 1.75726402] - angle: -1.6885718408827124
2026-01-21 13:46:07,666 - position: [0.02209928 1.96886742 1.75721645] - angle: -1.688481369618219
2026-01-21 13:46:07,901 - position: [0.02505097 1.96147752 1.75620246] - angle: -1.6895377854092288
2026-01-21 13:46:08,130 - position: [0.0286498  1.95422649 1.75483274] - angle: -1.6873790456789344
2026-01-21 13:46:08,337 - position: [0.03021658 1.95061469 1.75450337] - angle: -1.6878690840487938
2026-01-21 13:46:08,552 - position: [0.031243   1.94244254 1.75737035] - angle: -1.688306962784134
2026-01-21 13:46:08,794 - position: [0.031243   1.94244254 1.75737035] - angle: -1.688306962784134
2026-01-21 13:46:09,019 - position: [0.03070704 1.939031   1.76197469] - angle: -1.6876807781982084
2026-01-21 13:46:09,257 - position: [0.03121502 1.94051576 1.76536584] - angle: -1.6871014702654685
2026-01-21 13:46:09,521 - position: [0.03286425 1.9458338  1.76632619] - angle: -1.6897306406789134
2026-01-21 13:46:09,813 - position: [0.03324847 1.95028162 1.76590276] - angle: -1.6870334073479132
2026-01-21 13:46:10,036 - position: [0.03189828 1.95733261 1.76530778] - angle: -1.6862850152138416
2026-01-21 13:46:10,318 - position: [0.02963009 1.96426046 1.76480544] - angle: -1.6866867380159736
2026-01-21 13:46:10,570 - position: [0.02835274 1.96903312 1.7648654 ] - angle: -1.6862523938471057
2026-01-21 13:46:10,860 - position: [0.02636381 1.9732796  1.76662695] - angle: -1.6854932789618413
2026-01-21 13:46:11,094 - position: [0.0250178  1.97471607 1.76867163] - angle: -1.6854726688010668
2026-01-21 13:46:11,355 - position: [0.02408881 1.97596371 1.77198386] - angle: -1.6848473874492713
2026-01-21 13:46:11,557 - position: [0.0235811  1.97673726 1.77342391] - angle: -1.6841707442469387
2026-01-21 13:46:11,771 - position: [0.0235811  1.97673726 1.77342391] - angle: -1.6841707442469387
2026-01-21 13:46:12,004 - position: [0.02257699 1.97879052 1.77583206] - angle: -1.6839529875028738
2026-01-21 13:46:12,214 - position: [0.02333118 1.98011601 1.77698946] - angle: -1.6839297239182391
2026-01-21 13:46:12,462 - position: [0.02286161 1.97938228 1.77728772] - angle: -1.6833384832821503
2026-01-21 13:46:12,700 - position: [0.02121162 1.97838712 1.77645159] - angle: -1.6839711289709758
2026-01-21 13:46:12,930 - position: [0.02176797 1.982687   1.77667069] - angle: -1.6830575999296338
2026-01-21 13:46:13,148 - position: [0.02192915 1.98882282 1.7769208 ] - angle: -1.6833916649634055
2026-01-21 13:46:13,381 - position: [0.02231532 1.99571836 1.77651012] - angle: -1.6828212612618723
2026-01-21 13:46:13,604 - position: [0.02371099 2.00140619 1.77732444] - angle: -1.6825507017098564
2026-01-21 13:46:13,828 - position: [0.02428684 2.00254345 1.77780402] - angle: -1.6822958859415733
2026-01-21 13:46:14,034 - position: [0.0257819  2.00738859 1.78060842] - angle: -1.6822311528572982
2026-01-21 13:46:14,245 - position: [0.02588653 2.00837183 1.78129876] - angle: -1.6815958677706044
2026-01-21 13:46:14,464 - position: [0.02588653 2.00837183 1.78129876] - angle: -1.6815958677706044
2026-01-21 13:46:14,686 - position: [0.0273171  2.00841665 1.77905214] - angle: -1.6806804103354613
2026-01-21 13:46:14,919 - position: [0.02824494 2.00703883 1.77759624] - angle: -1.6802776403255315
2026-01-21 13:46:15,132 - position: [0.03106246 2.00327349 1.77450669] - angle: -1.6802486671706598
2026-01-21 13:46:15,346 - position: [0.03213994 2.00207949 1.77215075] - angle: -1.6800672042505003
2026-01-21 13:46:15,612 - position: [0.03193437 2.00248122 1.77034855] - angle: -1.6796582623467629
2026-01-21 13:46:15,868 - position: [0.03137522 2.00863576 1.76865304] - angle: -1.6798555996858413
2026-01-21 13:46:16,096 - position: [0.03167586 2.01158953 1.76912737] - angle: -1.6790541026068047
2026-01-21 13:46:16,314 - position: [0.03301641 2.01679754 1.77096558] - angle: -1.6792470785819935
2026-01-21 13:46:16,574 - position: [0.0339704  2.02023983 1.7723341 ] - angle: -1.679462488671259
2026-01-21 13:46:16,803 - position: [0.03556253 2.03521538 1.78132439] - angle: -1.6784579472615562
2026-01-21 13:46:17,048 - position: [0.03503704 2.03817654 1.78341877] - angle: -1.6783920871003133
2026-01-21 13:46:17,327 - position: [0.03367814 2.04272866 1.78603268] - angle: -1.6779209010335094
2026-01-21 13:46:17,582 - position: [0.03405247 2.04284883 1.78666306] - angle: -1.678240050691791
2026-01-21 13:46:17,802 - position: [0.03689962 2.03879595 1.78801012] - angle: -1.6781634679288153
2026-01-21 13:46:18,038 - position: [0.03822466 2.03434181 1.78851032] - angle: -1.6776368364258403
2026-01-21 13:46:18,301 - position: [0.03875733 2.0297544  1.78936386] - angle: -1.6768521638560347
2026-01-21 13:46:18,593 - position: [0.04026809 2.02424765 1.79102623] - angle: -1.6772255204440087
2026-01-21 13:46:18,837 - position: [0.0421213  2.01937294 1.79252303] - angle: -1.6764753920814206
2026-01-21 13:46:19,126 - position: [0.04295832 2.0149107  1.79321718] - angle: -1.6763872748476292
2026-01-21 13:46:19,334 - position: [0.04285562 2.0144701  1.79336965] - angle: -1.6764831564600975
2026-01-21 13:46:19,579 - position: [0.04218763 2.0130384  1.79297042] - angle: -1.676363620025171
2026-01-21 13:46:19,812 - position: [0.04214568 2.01457    1.79299402] - angle: -1.676906632742436
2026-01-21 13:46:20,062 - position: [0.04218226 2.01961493 1.79431534] - angle: -1.6754663258982418
2026-01-21 13:46:20,287 - position: [0.04202717 2.02261901 1.79520226] - angle: -1.6748934865470755
2026-01-21 13:46:20,522 - position: [0.0420859  2.02389765 1.79550886] - angle: -1.6756074839014383
2026-01-21 13:46:20,734 - position: [0.04230159 2.02625108 1.79586279] - angle: -1.6755017030090915
2026-01-21 13:46:20,943 - position: [0.04270068 2.02875805 1.7944777 ] - angle: -1.6754098530860233
2026-01-21 13:46:21,183 - position: [0.04119319 2.02804136 1.79154623] - angle: -1.6749015885154588
2026-01-21 13:46:21,454 - position: [0.03653346 2.02634907 1.78696907] - angle: -1.6742219199220854
2026-01-21 13:46:21,694 - position: [0.03326375 2.02768373 1.78335166] - angle: -1.6743891314836503
2026-01-21 13:46:21,956 - position: [0.03216458 2.02997637 1.78028142] - angle: -1.6733860707504213
2026-01-21 13:46:22,163 - position: [0.03257043 2.03059697 1.77872062] - angle: -1.6739856273142184
2026-01-21 13:46:22,431 - position: [0.0327418  2.03164744 1.77760327] - angle: -1.67347556384237
2026-01-21 13:46:22,685 - position: [0.0316715  2.03207994 1.77657366] - angle: -1.6731304228041495
2026-01-21 13:46:22,909 - position: [0.03107542 2.03185964 1.77538502] - angle: -1.673365423015042
2026-01-21 13:46:23,137 - position: [0.03139427 2.03089547 1.77431107] - angle: -1.6731908723932047
2026-01-21 13:46:23,432 - position: [0.03296791 2.02822185 1.77398992] - angle: -1.6732852934536542
2026-01-21 13:46:23,647 - position: [0.03321001 2.02759552 1.7741946 ] - angle: -1.6728596388314703
2026-01-21 13:46:23,877 - position: [0.03492834 2.02178216 1.77631497] - angle: -1.6721433212661738
2026-01-21 13:46:24,111 - position: [0.03639495 2.01803923 1.77806091] - angle: -1.672570636772642
2026-01-21 13:46:24,356 - position: [0.03864067 2.01477289 1.78021288] - angle: -1.6721351194345218
2026-01-21 13:46:24,593 - position: [0.04026124 2.01174021 1.78146195] - angle: -1.6709213230178106
2026-01-21 13:46:24,827 - position: [0.04101869 2.01017594 1.78159964] - angle: -1.6712544486346061
2026-01-21 13:46:25,047 - position: [0.04075257 2.01050591 1.78104639] - angle: -1.671500906015007
2026-01-21 13:46:25,260 - position: [0.03946114 2.01523924 1.7780714 ] - angle: -1.671120867737029
2026-01-21 13:46:25,472 - position: [0.03799486 2.02341151 1.77598953] - angle: -1.6710118638175278
2026-01-21 13:46:25,689 - position: [0.03799486 2.02341151 1.77598953] - angle: -1.6710118638175278
2026-01-21 13:46:25,921 - position: [0.03833998 2.03690767 1.7781955 ] - angle: -1.6696491165890635
2026-01-21 13:46:26,126 - position: [0.03786644 2.04211068 1.78068626] - angle: -1.6703248472141947
2026-01-21 13:46:26,335 - position: [0.03753513 2.04704261 1.78319252] - angle: -1.6688227162270648
2026-01-21 13:46:26,566 - position: [0.03749805 2.0501895  1.78463757] - angle: -1.669591219875974
2026-01-21 13:46:26,784 - position: [0.03781426 2.05537128 1.78756213] - angle: -1.6688984753156584
2026-01-21 13:46:27,032 - position: [0.03777458 2.05563974 1.78776276] - angle: -1.668369717001557
2026-01-21 13:46:27,283 - position: [0.03777458 2.05563974 1.78776276] - angle: -1.668369717001557
2026-01-21 13:46:27,523 - position: [0.03956046 2.04833293 1.79034901] - angle: -1.6678511466078936
2026-01-21 13:46:27,740 - position: [0.03976212 2.0441227  1.79100847] - angle: -1.6686653133433706
2026-01-21 13:46:27,957 - position: [0.03900235 2.03409505 1.79132509] - angle: -1.66820067881926
2026-01-21 13:46:28,231 - position: [0.03762161 2.02340746 1.79317784] - angle: -1.6676737754307807
2026-01-21 13:46:28,444 - position: [0.0372037  2.01987243 1.79390013] - angle: -1.667088439780139
2026-01-21 13:46:28,678 - position: [0.03807227 2.00817943 1.79622042] - angle: -1.6669283018746972
2026-01-21 13:46:28,954 - position: [0.04032161 1.99465001 1.79768109] - angle: -1.6681250367411709
2026-01-21 13:46:29,179 - position: [0.04079955 1.99005377 1.79773808] - angle: -1.6668464728199233
2026-01-21 13:46:29,394 - position: [0.0411807  1.98729289 1.79795301] - angle: -1.66599177944678
2026-01-21 13:46:29,664 - position: [0.03977927 1.98558891 1.79826319] - angle: -1.6664411655070825
2026-01-21 13:46:29,945 - position: [0.03933884 1.98547769 1.79852092] - angle: -1.6660233275695893
2026-01-21 13:46:30,174 - position: [0.03583165 1.98672724 1.80217218] - angle: -1.6658845589394469
2026-01-21 13:46:30,426 - position: [0.03499296 1.98997998 1.80302024] - angle: -1.6662158517261165
2026-01-21 13:46:30,667 - position: [0.03475219 1.99210572 1.80304134] - angle: -1.6655580661265645
2026-01-21 13:46:30,911 - position: [0.0346301  1.99507487 1.80267501] - angle: -1.6662008795161851
2026-01-21 13:46:31,131 - position: [0.03291633 2.01214075 1.80042636] - angle: -1.6603740811750267
2026-01-21 13:46:31,397 - position: [0.0326876  2.01636839 1.79904592] - angle: -1.6647334323680116
2026-01-21 13:46:31,622 - position: [0.03193028 2.02157116 1.79646671] - angle: -1.6649488016658767
2026-01-21 13:46:31,843 - position: [0.03260428 2.02181721 1.7949208 ] - angle: -1.663292230463206
2026-01-21 13:46:32,089 - position: [0.0339377  2.02003741 1.79418564] - angle: -1.6630263004286103
2026-01-21 13:46:32,388 - position: [0.03542909 2.01661038 1.792364  ] - angle: -1.6626372593723318
2026-01-21 13:46:32,628 - position: [0.03635412 2.01305127 1.7887367 ] - angle: -1.6618160111371072
2026-01-21 13:46:32,850 - position: [0.03635412 2.01305127 1.7887367 ] - angle: -1.6618160111371072
2026-01-21 13:46:33,097 - position: [0.03411299 2.00658679 1.78296137] - angle: -1.6613490014464158
2026-01-21 13:46:33,372 - position: [0.03341738 2.00238156 1.78011811] - angle: -1.6610874506763906
2026-01-21 13:46:33,605 - position: [0.03237696 2.00086594 1.77834547] - angle: -1.6571857218062025
2026-01-21 13:46:33,853 - position: [0.03225103 1.99820173 1.77605903] - angle: -1.6574663869935087
2026-01-21 13:46:34,086 - position: [0.03365732 1.99497104 1.77384889] - angle: -1.6608543849750035
2026-01-21 13:46:34,296 - position: [0.03450245 1.99301064 1.77161336] - angle: -1.6596060475605956
2026-01-21 13:46:34,535 - position: [0.03364858 1.99309039 1.769503  ] - angle: -1.6598261502950518
2026-01-21 13:46:34,774 - position: [0.03288065 1.99313879 1.76797736] - angle: -1.6588068346146851
2026-01-21 13:46:35,042 - position: [0.03108756 1.99033427 1.76688576] - angle: -1.6588946741126929
2026-01-21 13:46:35,260 - position: [0.03048632 1.98921311 1.76710248] - angle: -1.6592977525485821
2026-01-21 13:46:35,525 - position: [0.02975457 1.98765385 1.76791906] - angle: -1.6583452554518807
2026-01-21 13:46:35,768 - position: [0.02997948 1.98623013 1.76987505] - angle: -1.6579014496874773
2026-01-21 13:46:36,052 - position: [0.03209133 1.98122203 1.77290285] - angle: -1.657865931024844
2026-01-21 13:46:36,267 - position: [0.03364183 1.97685421 1.77403474] - angle: -1.6535858944331299
2026-01-21 13:46:36,525 - position: [0.03699047 1.97201777 1.77462161] - angle: -1.65734332055413
2026-01-21 13:46:36,941 - position: [0.03985635 1.96870375 1.77638364] - angle: -1.6563432976030477
2026-01-21 13:46:37,187 - position: [0.04002363 1.96788573 1.77815199] - angle: -1.6561506253953056
2026-01-21 13:46:37,424 - position: [0.04032007 1.96804595 1.77995646] - angle: -1.656086376896651
2026-01-21 13:46:37,664 - position: [0.03962752 1.96754754 1.78161931] - angle: -1.6560331868805882
2026-01-21 13:46:37,915 - position: [0.03887298 1.96395028 1.78228378] - angle: -1.6559674656474233
2026-01-21 13:46:38,140 - position: [0.03869686 1.96150446 1.78226197] - angle: -1.6556388333960772
2026-01-21 13:46:38,372 - position: [0.03842226 1.95884252 1.78183067] - angle: -1.6551771575258947
2026-01-21 13:46:38,606 - position: [0.0377276  1.95781839 1.78145516] - angle: -1.6549907591923656
2026-01-21 13:46:38,824 - position: [0.03597106 1.95913363 1.78076398] - angle: -1.6477177806192405
2026-01-21 13:46:39,065 - position: [0.0363338  1.96412516 1.78068089] - angle: -1.6548268002383058
2026-01-21 13:46:39,308 - position: [0.03606967 1.96525276 1.78097713] - angle: -1.6541962886258776
2026-01-21 13:46:39,545 - position: [0.03559074 1.96640337 1.78160286] - angle: -1.6537641218891164
2026-01-21 13:46:39,767 - position: [0.0339641  1.96663034 1.78176785] - angle: -1.6620287032288026
2026-01-21 13:46:40,010 - position: [0.03452298 1.96748459 1.7818017 ] - angle: -1.6540166249813204
2026-01-21 13:46:40,279 - position: [0.03452298 1.96748459 1.7818017 ] - angle: -1.6540166249813204
2026-01-21 13:46:40,506 - position: [0.03275989 1.97137952 1.78126752] - angle: -1.6539856686566807
2026-01-21 13:46:40,734 - position: [0.031771   1.97207284 1.78150368] - angle: -1.6505409348860791
2026-01-21 13:46:40,970 - position: [0.02765667 1.97944152 1.78176391] - angle: -1.6531678648213965
2026-01-21 13:46:41,263 - position: [0.02447504 1.98906863 1.78366005] - angle: -1.6520195540685823
2026-01-21 13:46:41,576 - position: [0.02274882 1.99290347 1.78514409] - angle: -1.6524085006877884
2026-01-21 13:46:41,798 - position: [0.0207294  1.99876821 1.78686011] - angle: -1.6517407503149215
2026-01-21 13:46:42,041 - position: [0.01896067 2.0021739  1.78597772] - angle: -1.6470226891569286
2026-01-21 13:46:42,273 - position: [0.01808141 2.00307536 1.78464603] - angle: -1.6506158141200409
2026-01-21 13:46:42,504 - position: [0.01562838 2.0055027  1.78272855] - angle: -1.650316552999989
2026-01-21 13:46:42,772 - position: [0.01234707 2.01138139 1.78215826] - angle: -1.6459650881419954
2026-01-21 13:46:43,004 - position: [0.01278005 2.01358438 1.78186798] - angle: -1.6496793978643014
2026-01-21 13:46:43,236 - position: [0.01262835 2.01476336 1.78229332] - angle: -1.6448527500182024
2026-01-21 13:46:43,479 - position: [0.01654975 2.01695061 1.7833091 ] - angle: -1.6450631945634049
2026-01-21 13:46:43,692 - position: [0.01703208 2.01730776 1.78336048] - angle: -1.6452123371143372
2026-01-21 13:46:43,942 - position: [0.01939256 2.01967144 1.78584063] - angle: -1.645160847502929
2026-01-21 13:46:44,192 - position: [0.01509197 2.02250624 1.78821647] - angle: -1.6445536736949613
2026-01-21 13:46:44,446 - position: [0.01389326 2.02303553 1.78835392] - angle: -1.6480569596193764
2026-01-21 13:46:44,703 - position: [0.01244457 2.02498245 1.78844309] - angle: -1.640260413720549
2026-01-21 13:46:44,970 - position: [0.01446298 2.0268302  1.78633952] - angle: -1.646691013074152
2026-01-21 13:46:45,196 - position: [0.01482965 2.02900624 1.78544068] - angle: -1.6434696519532732
2026-01-21 13:46:45,450 - position: [0.01596604 2.03035831 1.7839359 ] - angle: -1.6467830102126957
2026-01-21 13:46:45,683 - position: [0.01489222 2.04290628 1.77771401] - angle: -1.6422994962088513
2026-01-21 13:46:45,973 - position: [0.01439076 2.04618716 1.77651441] - angle: -1.641691678183875
2026-01-21 13:46:46,256 - position: [0.01175855 2.04991007 1.77584636] - angle: -1.6418079716813265
2026-01-21 13:46:46,503 - position: [0.01055441 2.04926944 1.77600849] - angle: -1.6449987790879428
2026-01-21 13:46:46,746 - position: [0.00884752 2.04962945 1.77651393] - angle: -1.6406778197933614
2026-01-21 13:46:46,968 - position: [0.00759856 2.05063128 1.7759521 ] - angle: -1.6400826425102393
2026-01-21 13:46:47,196 - position: [0.00725    2.05073142 1.77561939] - angle: -1.6398961802972103
2026-01-21 13:46:47,407 - position: [0.00672469 2.05020595 1.77518451] - angle: -1.6395064691348713
2026-01-21 13:46:47,656 - position: [0.00627144 2.04903412 1.77453899] - angle: -1.6402600649118497
2026-01-21 13:46:47,866 - position: [0.00627144 2.04903412 1.77453899] - angle: -1.6402600649118497
2026-01-21 13:46:48,077 - position: [0.0061234  2.04832959 1.77376115] - angle: -1.6364402334837802
2026-01-21 13:46:48,351 - position: [0.00540766 2.04570293 1.77175522] - angle: -1.6398528916489745
2026-01-21 13:46:48,598 - position: [0.00823238 2.05864716 1.76441836] - angle: -1.6381270079228543
2026-01-21 13:46:48,832 - position: [0.00951968 2.05990052 1.76464283] - angle: -1.638254497142893
2026-01-21 13:46:49,083 - position: [0.01213126 2.06053805 1.76636183] - angle: -1.636939533142483
2026-01-21 13:46:49,310 - position: [0.01332926 2.06051922 1.76746058] - angle: -1.637640591037954
2026-01-21 13:46:49,547 - position: [0.01647357 2.05976653 1.77181756] - angle: -1.6374565781126842
2026-01-21 13:46:49,769 - position: [0.015962   2.05706525 1.77316022] - angle: -1.6374419714864956
2026-01-21 13:46:49,976 - position: [0.01486052 2.05346417 1.7733494 ] - angle: -1.6403970949614468
2026-01-21 13:46:50,309 - position: [0.00877203 2.0466485  1.77407134] - angle: -1.6354461547686459
2026-01-21 13:46:50,568 - position: [0.0067298  2.04304934 1.77314591] - angle: -1.640293786609206
2026-01-21 13:46:50,845 - position: [0.00378213 2.04118896 1.77277398] - angle: -1.6362359298576106
2026-01-21 13:46:51,113 - position: [0.00225601 2.03994894 1.77250457] - angle: -1.6358875392015602
2026-01-21 13:46:51,345 - position: [4.42573801e-04 2.03877330e+00 1.77266324e+00] - angle: -1.6355650294671111
2026-01-21 13:46:51,598 - position: [-1.40813366e-03  2.03814888e+00  1.77314818e+00] - angle: -1.6354483818649115
2026-01-21 13:46:51,850 - position: [-0.00451502  2.03891349  1.77573907] - angle: -1.6345761741435654
2026-01-21 13:46:52,114 - position: [-0.00742214  2.03822184  1.77972233] - angle: -1.6342227229972277
2026-01-21 13:46:52,358 - position: [-0.00962668  2.03664494  1.7818687 ] - angle: -1.6348511018445429
2026-01-21 13:46:52,603 - position: [-0.0113541   2.03371263  1.78349209] - angle: -1.6353596463287587
2026-01-21 13:46:52,846 - position: [-0.01422072  2.02868724  1.7867645 ] - angle: -1.6341656025695173
2026-01-21 13:46:53,094 - position: [-0.01358939  2.02586699  1.78720617] - angle: -1.6330727698312923
2026-01-21 13:46:53,347 - position: [-0.01119224  2.02202058  1.78568268] - angle: -1.6362569405300817
2026-01-21 13:46:53,600 - position: [-0.01055893  2.01959252  1.78416157] - angle: -1.6320662827152805
2026-01-21 13:46:53,830 - position: [-0.01055893  2.01959252  1.78416157] - angle: -1.6320662827152805
2026-01-21 13:46:54,052 - position: [-0.01055893  2.01959252  1.78416157] - angle: -1.6320662827152805
2026-01-21 13:46:54,268 - position: [-0.00888711  2.01371217  1.78058767] - angle: -1.635696424564979
2026-01-21 13:46:54,516 - position: [-0.00872932  2.00943351  1.7785871 ] - angle: -1.6355633708058432
2026-01-21 13:46:54,818 - position: [-0.0098361   2.00184321  1.77711892] - angle: -1.6319599437106458
2026-01-21 13:46:55,052 - position: [-0.01088296  1.99510574  1.77638698] - angle: -1.647592007083798
2026-01-21 13:46:55,350 - position: [-0.01088296  1.99510574  1.77638698] - angle: -1.647592007083798
2026-01-21 13:46:55,561 - position: [-0.00815003  1.95512831  1.7698617 ] - angle: -1.6275595548104675
2026-01-21 13:46:55,817 - position: [-0.00766301  1.95179129  1.77034104] - angle: -1.631678075743313
2026-01-21 13:46:56,056 - position: [-0.00448707  1.94749987  1.77025735] - angle: -1.6302965290628624
2026-01-21 13:46:56,298 - position: [-6.59942860e-04  1.94362903e+00  1.76920307e+00] - angle: -1.6342445004612927
2026-01-21 13:46:56,520 - position: [1.31245120e-03 1.94201648e+00 1.76867557e+00] - angle: -1.631306058279952
2026-01-21 13:46:56,745 - position: [0.00712178 1.93917465 1.76840973] - angle: -1.645669901696122
2026-01-21 13:46:56,974 - position: [0.00767978 1.93930936 1.76841795] - angle: -1.6460358286220131
2026-01-21 13:46:57,212 - position: [0.01060966 1.94307065 1.76733232] - angle: -1.6310058358482866
2026-01-21 13:46:57,474 - position: [0.0097312  1.94171107 1.76802361] - angle: -1.6467244525687788
2026-01-21 13:46:57,773 - position: [0.00639206 1.94018817 1.76742351] - angle: -1.6445398349732212
2026-01-21 13:46:58,026 - position: [0.00639206 1.94018817 1.76742351] - angle: -1.6445398349732212
2026-01-21 13:46:58,285 - position: [0.00350908 1.94444931 1.76332974] - angle: -1.6253334485672877
2026-01-21 13:46:58,510 - position: [0.00363609 1.94795108 1.76276398] - angle: -1.6281637987300943
2026-01-21 13:46:58,856 - position: [0.00364129 1.95097089 1.76164138] - angle: -1.6454591237943728
2026-01-21 13:46:59,132 - position: [0.00419099 1.95813227 1.75909746] - angle: -1.6266392241917842
2026-01-21 13:46:59,349 - position: [0.00473495 1.95947659 1.75810897] - angle: -1.6220392081317394
2026-01-21 13:46:59,574 - position: [0.00553085 1.95916212 1.75747347] - angle: -1.6267902075059109
2026-01-21 13:46:59,868 - position: [0.00634482 1.96491039 1.75584829] - angle: -1.6380147009568997
2026-01-21 13:47:00,090 - position: [0.0066165  1.97278464 1.75540972] - angle: -1.620205923851871
2026-01-21 13:47:00,333 - position: [0.00642082 1.97978365 1.75593877] - angle: -1.6216767073101224
2026-01-21 13:47:00,585 - position: [0.00608497 1.98370242 1.75701058] - angle: -1.63787960639743
2026-01-21 13:47:00,846 - position: [0.00569869 1.98821962 1.75958562] - angle: -1.6403567369071785
2026-01-21 13:47:01,090 - position: [1.66473305e-03 1.99427545e+00 1.76523113e+00] - angle: -1.6191896599424744
2026-01-21 13:47:01,290 - position: [-8.40116059e-04  1.99206305e+00  1.76886725e+00] - angle: -1.6272013368367517
2026-01-21 13:47:01,524 - position: [-0.00212937  1.99089003  1.77043641] - angle: -1.6256691106565704
2026-01-21 13:47:01,805 - position: [-0.00457546  1.99039114  1.77408969] - angle: -1.6196400980545356
2026-01-21 13:47:02,116 - position: [-0.00650728  1.99264383  1.77683759] - angle: -1.6253688144320275
2026-01-21 13:47:02,445 - position: [-0.00772683  1.99433637  1.7775017 ] - angle: -1.6262226735625003
2026-01-21 13:47:02,685 - position: [-0.01437871  2.00397873  1.77927113] - angle: -1.6248589190707552
2026-01-21 13:47:02,915 - position: [-0.01581445  2.00550842  1.77909386] - angle: -1.6245471327481535
2026-01-21 13:47:03,118 - position: [-0.01625444  2.00609589  1.77798462] - angle: -1.624795018440393
2026-01-21 13:47:03,355 - position: [-0.0146049   2.00406265  1.77675593] - angle: -1.6237936261676111
2026-01-21 13:47:03,594 - position: [-0.01414237  2.00125504  1.77601719] - angle: -1.6186808764893774
2026-01-21 13:47:03,838 - position: [-0.01385143  1.99984753  1.775617  ] - angle: -1.6191792436964008
2026-01-21 13:47:04,056 - position: [-0.01385143  1.99984753  1.775617  ] - angle: -1.6191792436964008
2026-01-21 13:47:04,283 - position: [-0.01385143  1.99984753  1.775617  ] - angle: -1.6191792436964008
2026-01-21 13:47:04,498 - position: [-0.00210767  1.98896956  1.77598882] - angle: -1.6359029398379779
2026-01-21 13:47:04,727 - position: [1.96517957e-03 1.98620117e+00 1.77649117e+00] - angle: -1.6218280543892583
2026-01-21 13:47:04,944 - position: [8.32539343e-04 1.98212576e+00 1.77815688e+00] - angle: -1.62061992316917
2026-01-21 13:47:05,195 - position: [1.78974925e-03 1.97916114e+00 1.78047490e+00] - angle: -1.6201623707950592
2026-01-21 13:47:05,408 - position: [0.00381776 1.97653568 1.78253424] - angle: -1.6191894475992
2026-01-21 13:47:05,632 - position: [0.00571673 1.97148001 1.78398335] - angle: -1.6179727697783273
2026-01-21 13:47:05,845 - position: [0.00685002 1.96813869 1.78462577] - angle: -1.6198982342894528
2026-01-21 13:47:06,087 - position: [0.00681073 1.96790874 1.78458273] - angle: -1.620187960605719
2026-01-21 13:47:06,341 - position: [0.01427592 1.9591397  1.78568423] - angle: -1.6187915755394018
2026-01-21 13:47:06,589 - position: [0.01813994 1.95272505 1.78828669] - angle: -1.6142498407312544
2026-01-21 13:47:06,812 - position: [0.01537971 1.95253551 1.78827631] - angle: -1.6126928702142376
2026-01-21 13:47:07,074 - position: [0.01302359 1.9539243  1.78766   ] - angle: -1.6108702864248166
2026-01-21 13:47:07,337 - position: [0.01205674 1.95419431 1.7873534 ] - angle: -1.6174131329617616
2026-01-21 13:47:07,551 - position: [0.00293726 1.95914149 1.78239346] - angle: -1.6177303482054608
2026-01-21 13:47:07,811 - position: [9.84686310e-04 1.96256363e+00 1.77709675e+00] - angle: -1.616434310166758
2026-01-21 13:47:08,069 - position: [0.00263048 1.96560919 1.77280521] - angle: -1.6163837972521033
2026-01-21 13:47:08,275 - position: [0.00409542 1.96732736 1.77035522] - angle: -1.6156015801019574
2026-01-21 13:47:08,536 - position: [0.00535362 1.96814251 1.76882231] - angle: -1.6160721573402732
2026-01-21 13:47:08,784 - position: [0.00660472 1.9677614  1.76530004] - angle: -1.6129306298220545
2026-01-21 13:47:09,060 - position: [0.00369403 1.96900952 1.76325405] - angle: -1.612967707693186
2026-01-21 13:47:09,262 - position: [-0.00387788  1.97301137  1.76165473] - angle: -1.6122423003078232
2026-01-21 13:47:09,522 - position: [-0.01423349  1.979213    1.7608434 ] - angle: -1.6136463635176295
2026-01-21 13:47:09,737 - position: [-0.01801325  1.98273706  1.76129484] - angle: -1.6129455155568166
2026-01-21 13:47:10,037 - position: [-0.02431196  1.99320579  1.76248658] - angle: -1.6102449266565495
2026-01-21 13:47:10,256 - position: [-0.024933    1.99662566  1.7623533 ] - angle: -1.6127958293193334
2026-01-21 13:47:10,522 - position: [-0.02594383  2.00262785  1.76141644] - angle: -1.6092447411638435
2026-01-21 13:47:10,768 - position: [-0.02475637  2.00439858  1.75900865] - angle: -1.6080967263330663
2026-01-21 13:47:11,048 - position: [-0.02290328  2.00509834  1.75644076] - angle: -1.6121049407231194
2026-01-21 13:47:11,254 - position: [-0.02212609  2.0055511   1.7550565 ] - angle: -1.6124826915218478
2026-01-21 13:47:11,464 - position: [-0.02067042  2.00600529  1.75365901] - angle: -1.6110882676042593
2026-01-21 13:47:11,705 - position: [-0.01844993  2.00589085  1.75262928] - angle: -1.6110269894883906
2026-01-21 13:47:11,981 - position: [-0.01516252  2.00441265  1.75164998] - angle: -1.6100721218890035
2026-01-21 13:47:12,256 - position: [-0.01318392  2.00172734  1.75089002] - angle: -1.619046278131643
2026-01-21 13:47:12,612 - position: [-0.00832676  1.99890745  1.75082099] - angle: -1.6087345027395834
2026-01-21 13:47:12,837 - position: [-0.00756058  1.99883521  1.75082457] - angle: -1.6184588326964668
2026-01-21 13:47:13,113 - position: [-0.00475933  2.00220585  1.74982226] - angle: -1.6178054274731473
2026-01-21 13:47:13,319 - position: [-1.35527411e-03  2.00700974e+00  1.74890482e+00] - angle: -1.6069360748857022
2026-01-21 13:47:13,566 - position: [-2.08504149e-04  2.01421332e+00  1.74906945e+00] - angle: -1.6057957631287714
2026-01-21 13:47:13,820 - position: [-1.15762232e-03  2.01653552e+00  1.74974704e+00] - angle: -1.616720176071425
2026-01-21 13:47:14,040 - position: [-1.23896077e-03  2.02109861e+00  1.75259566e+00] - angle: -1.6202978745517154
2026-01-21 13:47:14,288 - position: [-0.00253205  2.02347422  1.75603473] - angle: -1.6076392721110597
2026-01-21 13:47:14,503 - position: [-0.00409248  2.02038097  1.7583437 ] - angle: -1.607307317858309
2026-01-21 13:47:14,708 - position: [-0.0052637   2.01633191  1.75991118] - angle: -1.6068676945744498
2026-01-21 13:47:14,921 - position: [-0.00600949  2.010921    1.76086295] - angle: -1.606627808607679
2026-01-21 13:47:15,174 - position: [-0.00601246  2.00299621  1.76113915] - angle: -1.606375984335088
2026-01-21 13:47:15,403 - position: [-0.0043569   1.99076605  1.75936413] - angle: -1.6039991130921276
2026-01-21 13:47:15,621 - position: [-0.0043527   1.98884773  1.75928688] - angle: -1.6052167596614524
2026-01-21 13:47:15,891 - position: [-0.00558297  1.98461556  1.75827789] - angle: -1.6048898358317647
2026-01-21 13:47:16,143 - position: [-0.00998777  1.98364949  1.75672054] - angle: -1.6038003374610739
2026-01-21 13:47:16,359 - position: [-0.01078928  1.98434818  1.75716424] - angle: -1.6052484529554238
2026-01-21 13:47:16,641 - position: [-0.01214242  1.98664057  1.75754464] - angle: -1.6040940465944367
2026-01-21 13:47:16,875 - position: [-0.01300774  1.99072313  1.75767696] - angle: -1.6028957541594346
2026-01-21 13:47:17,122 - position: [-0.01328858  2.00034142  1.75929618] - angle: -1.6031374315100155
2026-01-21 13:47:17,348 - position: [-0.01358207  2.00230622  1.76028609] - angle: -1.6034616311635954
2026-01-21 13:47:17,584 - position: [-0.01467957  2.00560093  1.76424229] - angle: -1.6027999804356874
2026-01-21 13:47:17,841 - position: [-0.01490675  2.00598621  1.76528847] - angle: -1.6033585063995623
2026-01-21 13:47:18,075 - position: [-0.01646631  2.00199795  1.76861942] - angle: -1.6023558281566688
2026-01-21 13:47:18,317 - position: [-0.01846343  1.99934316  1.77053964] - angle: -1.6019554714495428
2026-01-21 13:47:18,553 - position: [-0.02243195  1.99570882  1.77322626] - angle: -1.6022512350528881
2026-01-21 13:47:18,805 - position: [-0.02903796  1.99370646  1.77624965] - angle: -1.6019763902257678
2026-01-21 13:47:19,040 - position: [-0.03217134  1.99331415  1.777771  ] - angle: -1.6012546821584994
2026-01-21 13:47:19,262 - position: [-0.03689714  1.99236262  1.77886796] - angle: -1.601400262766739
2026-01-21 13:47:19,489 - position: [-0.04142482  1.99139607  1.77908921] - angle: -1.6012929739734627
2026-01-21 13:47:19,738 - position: [-0.0418582   1.99219275  1.77894127] - angle: -1.6007158143402203
2026-01-21 13:47:19,979 - position: [-0.04107433  1.99382794  1.778947  ] - angle: -1.600598775759285
2026-01-21 13:47:20,232 - position: [-0.04107433  1.99382794  1.778947  ] - angle: -1.600598775759285
2026-01-21 13:47:20,469 - position: [-0.03454052  2.0025301   1.77862966] - angle: -1.599988523487113
2026-01-21 13:47:20,688 - position: [-0.03308378  2.00378299  1.77885771] - angle: -1.5993646055785966
2026-01-21 13:47:20,917 - position: [-0.0281264   2.00477338  1.77880776] - angle: -1.598793828655273
2026-01-21 13:47:21,140 - position: [-0.02356547  2.00293183  1.77849126] - angle: -1.5993319217121194
2026-01-21 13:47:21,388 - position: [-0.02245994  2.00220871  1.77836335] - angle: -1.5985857343450816
2026-01-21 13:47:21,604 - position: [-0.01826874  1.99663651  1.77863395] - angle: -1.5983643103810472
2026-01-21 13:47:21,846 - position: [-0.01665665  1.98657298  1.78166783] - angle: -1.5980725530707502
2026-01-21 13:47:22,071 - position: [-0.01646222  1.98392797  1.78216207] - angle: -1.5977738930484016
2026-01-21 13:47:22,306 - position: [-0.01510804  1.97708774  1.78344715] - angle: -1.597810366183639
2026-01-21 13:47:22,538 - position: [-0.01380405  1.97302902  1.78404129] - angle: -1.597313950369255
2026-01-21 13:47:22,765 - position: [-0.01342938  1.97030282  1.78411603] - angle: -1.5971236244648068
2026-01-21 13:47:22,984 - position: [-0.01380804  1.96753883  1.78373766] - angle: -1.5971083602476863
2026-01-21 13:47:23,203 - position: [-0.01536742  1.96445298  1.78371429] - angle: -1.597797512399735
2026-01-21 13:47:23,442 - position: [-0.01721245  1.96290827  1.78415656] - angle: -1.5973202988002146
2026-01-21 13:47:23,699 - position: [-0.01966266  1.96235073  1.78574979] - angle: -1.5970887681356452
2026-01-21 13:47:23,938 - position: [-0.02037548  1.962587    1.78735006] - angle: -1.5969579222573245
2026-01-21 13:47:24,180 - position: [-0.02079534  1.96341681  1.79166818] - angle: -1.5969066834781085
2026-01-21 13:47:24,497 - position: [-0.01920345  1.96222234  1.79682267] - angle: -1.5963524274344847
2026-01-21 13:47:24,768 - position: [-0.01857447  1.96164095  1.79826093] - angle: -1.596208977828967
2026-01-21 13:47:25,071 - position: [-0.01618042  1.96194565  1.80376363] - angle: -1.5964801504143278
2026-01-21 13:47:25,322 - position: [-0.01691894  1.96018815  1.80749619] - angle: -1.5956718609516622
2026-01-21 13:47:25,566 - position: [-0.01808841  1.95859396  1.80936635] - angle: -1.5960013333134055
2026-01-21 13:47:25,842 - position: [-0.01786833  1.9579016   1.81003416] - angle: -1.5954743123260746
2026-01-21 13:47:26,071 - position: [-0.01673472  1.95889187  1.81070507] - angle: -1.5951836853185863
2026-01-21 13:47:26,286 - position: [-0.01678325  1.96070862  1.81071556] - angle: -1.5946769916057981
2026-01-21 13:47:26,534 - position: [-0.01710891  1.96265817  1.80995882] - angle: -1.5945897945825713
2026-01-21 13:47:26,776 - position: [-0.01718445  1.96365035  1.80934775] - angle: -1.5950853693908744
2026-01-21 13:47:27,012 - position: [-0.01715369  1.96439469  1.80888379] - angle: -1.5952075574230484
2026-01-21 13:47:27,259 - position: [-0.01827175  1.9613564   1.80841482] - angle: -1.594343848568867
2026-01-21 13:47:27,497 - position: [-0.02016773  1.95528436  1.80845678] - angle: -1.5948226249182662
2026-01-21 13:47:27,748 - position: [-0.02178434  1.94898856  1.80827916] - angle: -1.5942708638348844
2026-01-21 13:47:27,983 - position: [-0.02194717  1.94273984  1.80770814] - angle: -1.5939193566547019
2026-01-21 13:47:28,215 - position: [-0.02004339  1.9374305   1.80736947] - angle: -1.593675751458667
2026-01-21 13:47:28,442 - position: [-0.01880397  1.93493259  1.80576003] - angle: -1.593345000828803
2026-01-21 13:47:28,667 - position: [-0.01851973  1.93580151  1.80487418] - angle: -1.5929086108575294
2026-01-21 13:47:28,876 - position: [-0.01909275  1.93775988  1.80421412] - angle: -1.593251126368557
2026-01-21 13:47:29,117 - position: [-0.01969236  1.93949389  1.80338466] - angle: -1.5928657818922032
2026-01-21 13:47:29,337 - position: [-0.02072909  1.9463805   1.80044425] - angle: -1.5926462836427433
2026-01-21 13:47:29,570 - position: [-0.02038947  1.94951808  1.7994107 ] - angle: -1.5923492904740595
2026-01-21 13:47:29,793 - position: [-0.01944289  1.95264161  1.79774141] - angle: -1.591575676437471
2026-01-21 13:47:30,046 - position: [-0.01736209  1.95679581  1.79403949] - angle: -1.5922396962372698
2026-01-21 13:47:30,282 - position: [-0.01791907  1.96294796  1.78763318] - angle: -1.5916443090707881
2026-01-21 13:47:30,526 - position: [-0.02019042  1.96529043  1.78571367] - angle: -1.591378985345865
2026-01-21 13:47:30,746 - position: [-0.0209541   1.96581542  1.78522873] - angle: -1.591608696364994
2026-01-21 13:47:31,009 - position: [-0.02443556  1.96729851  1.78338015] - angle: -1.5903438308372024
2026-01-21 13:47:31,240 - position: [-0.02629939  1.96679378  1.78287148] - angle: -1.5904512032365528
2026-01-21 13:47:31,511 - position: [-0.02902041  1.96499622  1.78237379] - angle: -1.5902532227345736
2026-01-21 13:47:31,745 - position: [-0.02940611  1.96453094  1.78273928] - angle: -1.590172016316231
2026-01-21 13:47:31,957 - position: [-0.0288344   1.96417642  1.78285742] - angle: -1.5899935093332918
2026-01-21 13:47:32,196 - position: [-0.0275816   1.96448493  1.78129649] - angle: -1.590088829276059
2026-01-21 13:47:32,452 - position: [-0.02743343  1.96473122  1.77948081] - angle: -1.590025041916256
2026-01-21 13:47:32,654 - position: [-0.02656953  1.96365058  1.77846718] - angle: -1.5898292171911894
2026-01-21 13:47:32,903 - position: [-0.02635226  1.96130276  1.77883422] - angle: -1.5887063143605875
2026-01-21 13:47:33,146 - position: [-0.02660509  1.95890784  1.77935016] - angle: -1.5891395822013408
2026-01-21 13:47:33,372 - position: [-0.02843572  1.95592952  1.78052807] - angle: -1.5887259304119894
2026-01-21 13:47:33,602 - position: [-0.03162535  1.95403385  1.78133094] - angle: -1.5884632081650292
2026-01-21 13:47:33,906 - position: [-0.03179177  1.95046794  1.78169215] - angle: -1.5885436754457167
2026-01-21 13:47:34,145 - position: [-0.02876878  1.94552875  1.7803756 ] - angle: -1.5875288903190885
2026-01-21 13:47:34,371 - position: [-0.02687096  1.94349051  1.77937996] - angle: -1.5860072437801094
2026-01-21 13:47:34,607 - position: [-0.02389257  1.94154525  1.77569747] - angle: -1.5855580481672131
2026-01-21 13:47:34,848 - position: [-0.02378412  1.94444907  1.76916575] - angle: -1.5857216332200643
2026-01-21 13:47:35,082 - position: [-0.0259027   1.94668245  1.76517451] - angle: -1.5854721796174207
2026-01-21 13:47:35,333 - position: [-0.02764318  1.9508568   1.76123357] - angle: -1.5859228961177347
2026-01-21 13:47:35,543 - position: [-0.02757518  1.95226109  1.75969565] - angle: -1.5856888929932502
2026-01-21 13:47:35,796 - position: [-0.02694324  1.95263886  1.75965738] - angle: -1.58502613580976
2026-01-21 13:47:36,011 - position: [-0.02694324  1.95263886  1.75965738] - angle: -1.58502613580976
2026-01-21 13:47:36,212 - position: [-0.02694324  1.95263886  1.75965738] - angle: -1.58502613580976
2026-01-21 13:47:36,459 - position: [-0.0293928   1.95153165  1.76953077] - angle: -1.5840480632171783
2026-01-21 13:47:36,677 - position: [-0.03012522  1.94993031  1.77420735] - angle: -1.5839132545173857
2026-01-21 13:47:36,884 - position: [-0.02986586  1.94874191  1.77791762] - angle: -1.5845703475914714
2026-01-21 13:47:37,127 - position: [-0.02864289  1.94705808  1.78208733] - angle: -1.583695297896032
2026-01-21 13:47:37,350 - position: [-0.02772755  1.94662499  1.78485024] - angle: -1.583599663430574
2026-01-21 13:47:37,600 - position: [-0.02660312  1.94662666  1.78576374] - angle: -1.5830000553760915
2026-01-21 13:47:37,884 - position: [-0.02593343  1.9472487   1.78544676] - angle: -1.5832443091752815
2026-01-21 13:47:38,115 - position: [-0.02441115  1.94676781  1.78504765] - angle: -1.582650567886799
2026-01-21 13:47:38,371 - position: [-0.02316118  1.94584548  1.78492534] - angle: -1.582428435620212
2026-01-21 13:47:38,614 - position: [-0.02071139  1.94280827  1.78464556] - angle: -1.5819272679011238
2026-01-21 13:47:38,834 - position: [-0.01830261  1.93903625  1.78493798] - angle: -1.5820652578393553
2026-01-21 13:47:39,048 - position: [-0.01641783  1.93463767  1.78666079] - angle: -1.58082385454329
2026-01-21 13:47:39,288 - position: [-0.01615836  1.93010449  1.78858817] - angle: -1.580370522612478
2026-01-21 13:47:39,498 - position: [-0.01686263  1.92875707  1.7890867 ] - angle: -1.5812237797768542
2026-01-21 13:47:39,755 - position: [-0.01974124  1.92562771  1.79033589] - angle: -1.5807937244678385
2026-01-21 13:47:39,967 - position: [-0.02225223  1.9223491   1.7909199 ] - angle: -1.5807498592429932
2026-01-21 13:47:40,211 - position: [-0.02328942  1.92141688  1.79148388] - angle: -1.5806231570304394
2026-01-21 13:47:40,446 - position: [-0.02380508  1.92236018  1.79211259] - angle: -1.5802049238931737
2026-01-21 13:47:40,700 - position: [-0.02311599  1.92438948  1.79281569] - angle: -1.579899352291008
2026-01-21 13:47:40,914 - position: [-0.02381966  1.9268105   1.79279208] - angle: -1.580018533505509
2026-01-21 13:47:41,177 - position: [-0.02435558  1.92896116  1.79270554] - angle: -1.580262606245702
2026-01-21 13:47:41,416 - position: [-0.02535823  1.93013334  1.79266119] - angle: -1.579565940707905
2026-01-21 13:47:41,629 - position: [-0.0269304   1.93072224  1.79177773] - angle: -1.5793905518204117
2026-01-21 13:47:41,841 - position: [-0.02757333  1.9313786   1.79097521] - angle: -1.5788311845928806
2026-01-21 13:47:42,058 - position: [-0.0280789   1.93321383  1.78569353] - angle: -1.5792192680794397
2026-01-21 13:47:42,293 - position: [-0.02747006  1.93388247  1.78225303] - angle: -1.5793020114106415
2026-01-21 13:47:42,548 - position: [-0.02662456  1.93481028  1.77426469] - angle: -1.578431669022767
2026-01-21 13:47:42,789 - position: [-0.02596164  1.93426704  1.76826513] - angle: -1.579387565093647
2026-01-21 13:47:43,010 - position: [-0.02514528  1.9331373   1.76357555] - angle: -1.578981615756402
2026-01-21 13:47:43,217 - position: [-0.02437672  1.93262577  1.76137185] - angle: -1.5784421607962162
2026-01-21 13:47:43,490 - position: [-0.0225921   1.93239212  1.75896013] - angle: -1.578694871583199
2026-01-21 13:47:43,742 - position: [-0.02215954  1.93229342  1.75773442] - angle: -1.5782454622430624
2026-01-21 13:47:43,977 - position: [-0.02134667  1.93237567  1.75739694] - angle: -1.5786785015259763
2026-01-21 13:47:44,206 - position: [-0.02244945  1.93241251  1.75868928] - angle: -1.5778389458206803
2026-01-21 13:47:44,411 - position: [-0.02713743  1.93324864  1.76059818] - angle: -1.5776512097496092
2026-01-21 13:47:44,661 - position: [-0.03222614  1.93455338  1.7629571 ] - angle: -1.577494829517649
2026-01-21 13:47:44,930 - position: [-0.03651138  1.93435538  1.76321805] - angle: -1.5769446157700457
2026-01-21 13:47:45,144 - position: [-0.0384873   1.93384922  1.76237249] - angle: -1.572756691195428
2026-01-21 13:47:45,397 - position: [-0.04100413  1.93225002  1.76170826] - angle: -1.5765088687898583
2026-01-21 13:47:45,673 - position: [-0.04221529  1.93200171  1.76068974] - angle: -1.5756365714989364
2026-01-21 13:47:45,902 - position: [-0.04231016  1.93341827  1.76082671] - angle: -1.5747381324371919
2026-01-21 13:47:46,140 - position: [-0.04316248  1.93470144  1.76135457] - angle: -1.575555139539837
2026-01-21 13:47:46,397 - position: [-0.0442996   1.93637133  1.76195765] - angle: -1.5747308875923185
2026-01-21 13:47:46,654 - position: [-0.04548903  1.93802774  1.7621038 ] - angle: -1.5711045088620317
2026-01-21 13:47:46,904 - position: [-0.04509968  1.93884099  1.76157439] - angle: -1.5744807120787385
2026-01-21 13:47:47,149 - position: [-0.04700635  1.94012606  1.76246035] - angle: -1.5736598213543918
2026-01-21 13:47:47,388 - position: [-0.04903999  1.93683267  1.76359689] - angle: -1.5740061359704915
2026-01-21 13:47:47,594 - position: [-0.0489044   1.93252981  1.76538849] - angle: -1.5700448361739552
2026-01-21 13:47:47,872 - position: [-0.0443287   1.92643774  1.76722896] - angle: -1.5733957372710687
2026-01-21 13:47:48,112 - position: [-0.03996854  1.9213469   1.76838875] - angle: -1.571769261140167
2026-01-21 13:47:48,344 - position: [-0.03862062  1.92053056  1.76893306] - angle: -1.5726215866087072
2026-01-21 13:47:48,582 - position: [-0.03847562  1.92071784  1.76907659] - angle: -1.5729868299627316
2026-01-21 13:47:48,789 - position: [-0.03678792  1.92280841  1.77002549] - angle: -1.5721984394554838
2026-01-21 13:47:49,027 - position: [-0.03452404  1.92677259  1.77093136] - angle: -1.5722111751580972
2026-01-21 13:47:49,292 - position: [-0.03229512  1.93190527  1.77146101] - angle: -1.571017260055683
2026-01-21 13:47:49,556 - position: [-0.02918677  1.93841922  1.77190626] - angle: -1.570662521009063
2026-01-21 13:47:49,873 - position: [-0.02915823  1.94245422  1.77390039] - angle: -1.5688150646737924
2026-01-21 13:47:50,108 - position: [-0.02921152  1.94288743  1.77553844] - angle: -1.5691533385554832
2026-01-21 13:47:50,321 - position: [-0.02609174  1.94295585  1.78076494] - angle: -1.5647018306433353
2026-01-21 13:47:50,580 - position: [-0.02857542  1.94725621  1.78047538] - angle: -1.5682271108201178
2026-01-21 13:47:50,811 - position: [-0.03009377  1.95004213  1.7800796 ] - angle: -1.56863305678077
2026-01-21 13:47:51,025 - position: [-0.03466363  1.95690989  1.77913928] - angle: -1.5634653414805184
2026-01-21 13:47:51,303 - position: [-0.04036209  1.96335196  1.7780261 ] - angle: -1.5648165938116816
2026-01-21 13:47:51,542 - position: [-0.04406999  1.96574092  1.78010321] - angle: -1.5595932609910794
2026-01-21 13:47:51,763 - position: [-0.04394278  1.96539986  1.78003025] - angle: -1.563765870503878
2026-01-21 13:47:51,993 - position: [-0.04452627  1.96933997  1.77637184] - angle: -1.567259654844615
2026-01-21 13:47:52,223 - position: [-0.04803912  1.97474742  1.77282929] - angle: -1.5666494589594655
2026-01-21 13:47:52,435 - position: [-0.05101272  1.97873092  1.77116501] - angle: -1.566709158303996
2026-01-21 13:47:52,657 - position: [-0.05710859  1.98581111  1.77022207] - angle: -1.5627564787835149
2026-01-21 13:47:52,909 - position: [-0.06052709  1.98931038  1.77154589] - angle: -1.5662570610198592
2026-01-21 13:47:53,150 - position: [-0.0618121   1.9912411   1.77269256] - angle: -1.5668134750810925
2026-01-21 13:47:53,374 - position: [-0.06358138  1.99265838  1.77200496] - angle: -1.5660137418870073
2026-01-21 13:47:53,591 - position: [-0.0652763   1.99627769  1.77011144] - angle: -1.5577416220295435
2026-01-21 13:47:53,870 - position: [-0.06261398  1.99843013  1.76702929] - angle: -1.5677538583157298
2026-01-21 13:47:54,098 - position: [-0.05565344  2.00181317  1.76373446] - angle: -1.5672651990670783
2026-01-21 13:47:54,322 - position: [-0.05368691  2.00560927  1.76223934] - angle: -1.5637185808267722
2026-01-21 13:47:54,531 - position: [-0.05216683  2.00873995  1.76087141] - angle: -1.5666806070431818
2026-01-21 13:47:54,760 - position: [-0.05217582  2.01032782  1.76013649] - angle: -1.566095059382751
2026-01-21 13:47:54,999 - position: [-0.05168116  2.01101661  1.76016629] - angle: -1.5653829791846938
2026-01-21 13:47:55,234 - position: [-0.05163487  2.01497889  1.7608875 ] - angle: -1.5649509007678586
2026-01-21 13:47:55,502 - position: [-0.05231287  2.01787162  1.76077878] - angle: -1.5646607341432932
2026-01-21 13:47:55,747 - position: [-0.05295845  2.0228219   1.75892353] - angle: -1.5634538821274906
2026-01-21 13:47:55,988 - position: [-0.05209515  2.0291605   1.7560246 ] - angle: -1.5600644051359072
2026-01-21 13:47:56,238 - position: [-0.05127084  2.03059578  1.75462818] - angle: -1.5632286666660375
2026-01-21 13:47:56,483 - position: [-0.0506392   2.03270984  1.7520839 ] - angle: -1.5634903507515787
2026-01-21 13:47:56,725 - position: [-0.04976945  2.03304529  1.75159872] - angle: -1.558651969219531
2026-01-21 13:47:56,952 - position: [-0.04793213  2.03228569  1.75176561] - angle: -1.5577310097530335
2026-01-21 13:47:57,190 - position: [-0.04567119  2.03185964  1.75663996] - angle: -1.5618430686447669
2026-01-21 13:47:57,422 - position: [-0.04511988  2.03234935  1.75842369] - angle: -1.5614966057455386
2026-01-21 13:47:57,653 - position: [-0.04541425  2.03481793  1.76449001] - angle: -1.56161481500276
2026-01-21 13:47:57,917 - position: [-0.04751595  2.03693271  1.76845634] - angle: -1.5620381841733573
2026-01-21 13:47:58,132 - position: [-0.04958058  2.03968644  1.77094221] - angle: -1.561661579971215
2026-01-21 13:47:58,371 - position: [-0.05064408  2.04138136  1.77182376] - angle: -1.5603800714185176
2026-01-21 13:47:58,615 - position: [-0.05406312  2.04586244  1.77361369] - angle: -1.559967189425111
2026-01-21 13:47:58,844 - position: [-0.05514264  2.04974461  1.77558768] - angle: -1.5549830788457757
2026-01-21 13:47:59,077 - position: [-0.05447984  2.05130363  1.77666187] - angle: -1.5595400717232009
2026-01-21 13:47:59,330 - position: [-0.05579297  2.05219936  1.77771652] - angle: -1.554525823681188
2026-01-21 13:47:59,563 - position: [-0.05903867  2.04747796  1.77947938] - angle: -1.554024548280069
2026-01-21 13:47:59,768 - position: [-0.05946053  2.04484248  1.77946019] - angle: -1.5572272847039028
2026-01-21 13:48:00,033 - position: [-0.06090342  2.04013562  1.77987111] - angle: -1.5563625315157466
2026-01-21 13:48:00,250 - position: [-0.05833863  2.03846169  1.78009009] - angle: -1.5526835913556316
2026-01-21 13:48:00,551 - position: [-0.05236909  2.03619599  1.77999103] - angle: -1.5557880474975692
2026-01-21 13:48:00,794 - position: [-0.04968409  2.03506351  1.7805109 ] - angle: -1.5550863866519316
2026-01-21 13:48:01,034 - position: [-0.04817727  2.03309298  1.78072917] - angle: -1.5548790039765321
2026-01-21 13:48:01,272 - position: [-0.04925964  2.03276682  1.78042531] - angle: -1.5509257524183346
2026-01-21 13:48:01,500 - position: [-0.05054207  2.03206491  1.78053069] - angle: -1.5508662743239197
2026-01-21 13:48:01,730 - position: [-0.05170988  2.03071618  1.78031623] - angle: -1.5537842078692732
2026-01-21 13:48:01,937 - position: [-0.05406274  2.03052497  1.78014851] - angle: -1.5536226761856105
2026-01-21 13:48:02,155 - position: [-0.05471545  2.03110766  1.78007984] - angle: -1.553305637585738
2026-01-21 13:48:02,384 - position: [-0.05676991  2.03508306  1.77938068] - angle: -1.5496802598186763
2026-01-21 13:48:02,615 - position: [-0.05830139  2.03639722  1.77977967] - angle: -1.5475607707134196
2026-01-21 13:48:02,853 - position: [-0.06174266  2.04189968  1.78084826] - angle: -1.547409264317933
2026-01-21 13:48:03,084 - position: [-0.06171716  2.04261518  1.78167248] - angle: -1.5475214788324507
2026-01-21 13:48:03,355 - position: [-0.05838911  2.04241776  1.78257048] - angle: -1.5501343538318535
2026-01-21 13:48:03,661 - position: [-0.05704834  2.04294586  1.78378487] - angle: -1.546766615055998
2026-01-21 13:48:03,931 - position: [-0.05113679  2.0431838   1.78658175] - angle: -1.5403997063937607
2026-01-21 13:48:04,165 - position: [-0.04666568  2.03978252  1.78782117] - angle: -1.5488511030023817
2026-01-21 13:48:04,381 - position: [-0.04156227  2.03595066  1.78983486] - angle: -1.5453688689238754
2026-01-21 13:48:04,597 - position: [-0.0386602   2.0324173   1.79282641] - angle: -1.5483728677266941
2026-01-21 13:48:04,839 - position: [-0.03590564  2.02878714  1.79576123] - angle: -1.5476712441339782
2026-01-21 13:48:05,093 - position: [-0.03358576  2.02472067  1.79965329] - angle: -1.5435911258230335
2026-01-21 13:48:05,336 - position: [-0.02904706  2.01964259  1.80355716] - angle: -1.5407480939999805
2026-01-21 13:48:05,566 - position: [-0.02539319  2.01741695  1.80451477] - angle: -1.5450905158727957
2026-01-21 13:48:05,782 - position: [-0.0224081   2.01690102  1.80503595] - angle: -1.5476396678910467
2026-01-21 13:48:05,999 - position: [-0.02060997  2.02037907  1.80389607] - angle: -1.54628484010426
2026-01-21 13:48:06,262 - position: [-0.02003116  2.02264023  1.80253828] - angle: -1.5436438946323512
2026-01-21 13:48:06,499 - position: [-0.02127974  2.02485847  1.79940307] - angle: -1.5432348002881402
2026-01-21 13:48:06,715 - position: [-0.02224423  2.02395773  1.79778838] - angle: -1.5416420126820136
2026-01-21 13:48:06,950 - position: [-0.02137665  2.02286148  1.79685068] - angle: -1.5460162257557983
2026-01-21 13:48:07,206 - position: [-0.01951785  2.01799011  1.79445803] - angle: -1.5421674006410506
2026-01-21 13:48:07,429 - position: [-0.01849921  2.015836    1.79477215] - angle: -1.5420813996503164
2026-01-21 13:48:07,679 - position: [-0.01784125  2.01507735  1.79581547] - angle: -1.5415436733969288
2026-01-21 13:48:07,903 - position: [-0.01704774  2.01544523  1.79527664] - angle: -1.5417536644882115
2026-01-21 13:48:08,147 - position: [-0.01647746  2.01665235  1.79271162] - angle: -1.5424292420753787
2026-01-21 13:48:08,401 - position: [-0.01749807  2.01632667  1.79104745] - angle: -1.5457585887787277
2026-01-21 13:48:08,645 - position: [-0.01783196  2.01581335  1.78881633] - angle: -1.5411771991591205
2026-01-21 13:48:08,966 - position: [-0.0173771   2.01678944  1.78812313] - angle: -1.535457636692541
2026-01-21 13:48:09,178 - position: [-0.01689972  2.01708841  1.78768587] - angle: -1.5362016219920434
2026-01-21 13:48:09,395 - position: [-0.01658676  2.01746821  1.78724122] - angle: -1.536520364837756
2026-01-21 13:48:09,609 - position: [-0.01552059  2.01731896  1.78681648] - angle: -1.544114376221645
2026-01-21 13:48:09,844 - position: [-0.01195866  2.01679564  1.78586686] - angle: -1.5351873655234045
2026-01-21 13:48:10,082 - position: [-0.01136738  2.01649642  1.78532112] - angle: -1.5347994124792534
2026-01-21 13:48:10,358 - position: [-0.0110173   2.01713133  1.78485107] - angle: -1.5330919642619865
2026-01-21 13:48:10,642 - position: [-0.01073782  2.01682043  1.7852006 ] - angle: -1.5319501723397364
2026-01-21 13:48:10,886 - position: [-0.01073782  2.01682043  1.7852006 ] - angle: -1.5319501723397364
2026-01-21 13:48:11,140 - position: [-0.01073782  2.01682043  1.7852006 ] - angle: -1.5319501723397364
2026-01-21 13:48:11,376 - position: [-0.01415266  2.00498819  1.78632021] - angle: -1.5296398016118573
2026-01-21 13:48:11,618 - position: [-0.01596385  2.00311708  1.7875917 ] - angle: -1.5317523134354332
2026-01-21 13:48:11,888 - position: [-0.01936767  2.00281572  1.79037213] - angle: -1.532432333997312
2026-01-21 13:48:12,106 - position: [-0.01894008  2.00252962  1.7913717 ] - angle: -1.5367637136907701
2026-01-21 13:48:12,392 - position: [-0.0219493   2.002774    1.79641676] - angle: -1.5268497210326961
2026-01-21 13:48:12,623 - position: [-0.02277593  2.00124288  1.79866374] - angle: -1.5283589092807688
2026-01-21 13:48:12,835 - position: [-0.02305253  2.0007453   1.79929435] - angle: -1.527831822152793
2026-01-21 13:48:13,049 - position: [-0.02470654  1.99770606  1.80100298] - angle: -1.5293748060628536
2026-01-21 13:48:13,307 - position: [-0.02601312  1.99512804  1.80134845] - angle: -1.530358089977378
2026-01-21 13:48:13,526 - position: [-0.026704    1.99049866  1.80203032] - angle: -1.5299419142398087
2026-01-21 13:48:13,758 - position: [-0.02455135  1.98520708  1.80308545] - angle: -1.533287973175638
2026-01-21 13:48:13,969 - position: [-0.02356221  1.98257959  1.80488253] - angle: -1.5242811339155096
2026-01-21 13:48:14,191 - position: [-0.02221932  1.97973347  1.80495977] - angle: -1.526428561417494
2026-01-21 13:48:14,475 - position: [-0.0200268   1.97847402  1.80459571] - angle: -1.5249807924352279
2026-01-21 13:48:14,718 - position: [-0.01746411  1.97750282  1.80424571] - angle: -1.5270885377712178
2026-01-21 13:48:14,938 - position: [-0.01444907  1.97587025  1.80368733] - angle: -1.531116319923592
2026-01-21 13:48:15,214 - position: [-0.01233278  1.97483885  1.80361974] - angle: -1.5303000407001495
2026-01-21 13:48:15,444 - position: [-0.0108277   1.97486103  1.80404496] - angle: -1.5250981810209416
2026-01-21 13:48:15,694 - position: [-0.01017145  1.97493553  1.80342793] - angle: -1.525823493082119
2026-01-21 13:48:15,919 - position: [-0.0117255   1.97602272  1.80242515] - angle: -1.523491196429608
2026-01-21 13:48:16,145 - position: [-0.01284385  1.97770357  1.80182409] - angle: -1.5224801827157601
2026-01-21 13:48:16,357 - position: [-0.01306991  1.97909808  1.80146432] - angle: -1.5258792340838188
2026-01-21 13:48:16,564 - position: [-0.01288134  1.98014927  1.80137658] - angle: -1.5257084343224978
2026-01-21 13:48:16,788 - position: [-0.01138274  1.98553944  1.80021143] - angle: -1.5240553483735688
2026-01-21 13:48:17,012 - position: [-0.01064792  1.98752511  1.80008698] - angle: -1.5242926071104228
2026-01-21 13:48:17,222 - position: [-0.01195062  1.9914912   1.79960251] - angle: -1.5261845288036557
2026-01-21 13:48:17,455 - position: [-0.01413076  1.99423432  1.79926133] - angle: -1.5221009429630246
2026-01-21 13:48:17,709 - position: [-0.01723986  1.99611306  1.79869843] - angle: -1.5245884830773058
2026-01-21 13:48:17,966 - position: [-0.01904041  1.99635935  1.79601312] - angle: -1.5209182643281216
2026-01-21 13:48:18,225 - position: [-0.01997842  1.99618709  1.79400551] - angle: -1.521939519704918
2026-01-21 13:48:18,488 - position: [-0.02248664  1.99565792  1.78844094] - angle: -1.5208432482786183
2026-01-21 13:48:18,742 - position: [-0.02663367  1.99500692  1.78146732] - angle: -1.5192658990499233
2026-01-21 13:48:18,978 - position: [-0.02708496  1.99486136  1.7807312 ] - angle: -1.519036001104976
2026-01-21 13:48:19,200 - position: [-0.02995628  1.99165082  1.77041376] - angle: -1.521116628178047
2026-01-21 13:48:19,408 - position: [-0.02960368  1.99115455  1.76869774] - angle: -1.5189056255404494
2026-01-21 13:48:19,656 - position: [-0.02854391  1.98931754  1.76450598] - angle: -1.5171842656542078
2026-01-21 13:48:19,902 - position: [-0.02769158  1.98782027  1.7614702 ] - angle: -1.5202714191864306
2026-01-21 13:48:20,145 - position: [-0.02699916  1.98763561  1.76020384] - angle: -1.5207897010047149
2026-01-21 13:48:20,409 - position: [-0.02458566  1.98874164  1.75798774] - angle: -1.5171121236343486
2026-01-21 13:48:20,669 - position: [-0.02187111  1.98859394  1.75666034] - angle: -1.5172902777206243
2026-01-21 13:48:20,879 - position: [-0.01959771  1.98748744  1.75586236] - angle: -1.5181877689182484
2026-01-21 13:48:21,108 - position: [-0.01820575  1.98416853  1.75453377] - angle: -1.5172946436058834
2026-01-21 13:48:21,342 - position: [-0.01859312  1.98129773  1.7539742 ] - angle: -1.5194891008880038
2026-01-21 13:48:21,562 - position: [-0.0201334   1.97770762  1.75442421] - angle: -1.5180952839921154
2026-01-21 13:48:21,788 - position: [-0.02097642  1.9753387   1.75479341] - angle: -1.5173559139003907
2026-01-21 13:48:22,069 - position: [-0.02228412  1.96794963  1.75536442] - angle: -1.5137102679563252
2026-01-21 13:48:22,304 - position: [-0.02194312  1.96499085  1.7546618 ] - angle: -1.5150666222477858
2026-01-21 13:48:22,525 - position: [-0.02148654  1.96315348  1.75413585] - angle: -1.5160661366748953
2026-01-21 13:48:22,754 - position: [-0.02033076  1.95970106  1.75392771] - angle: -1.513657789470217
2026-01-21 13:48:23,028 - position: [-0.0204382   1.95649612  1.75469482] - angle: -1.5158222507675059
2026-01-21 13:48:23,264 - position: [-0.02106905  1.95520294  1.75559127] - angle: -1.5152939114489365
2026-01-21 13:48:23,513 - position: [-0.02212214  1.95452976  1.75768232] - angle: -1.5152567173717348
2026-01-21 13:48:23,789 - position: [-0.02247635  1.95639157  1.75856018] - angle: -1.5142721091233082
2026-01-21 13:48:24,022 - position: [-0.02197263  1.9589256   1.75926816] - angle: -1.5100143584935566
2026-01-21 13:48:24,278 - position: [-0.02158672  1.96180522  1.75974643] - angle: -1.5124481890839712
2026-01-21 13:48:24,492 - position: [-0.02145563  1.96388805  1.7600888 ] - angle: -1.512872446813326
2026-01-21 13:48:24,701 - position: [-0.02143127  1.96471035  1.76047528] - angle: -1.512284293614404
2026-01-21 13:48:24,920 - position: [-0.02418086  1.9638387   1.76074147] - angle: -1.5109191356718914
2026-01-21 13:48:25,121 - position: [-0.02444175  1.9625591   1.76124787] - angle: -1.5114594777510129
2026-01-21 13:48:25,335 - position: [-0.02398724  1.96132994  1.76254559] - angle: -1.5121666489834724
2026-01-21 13:48:25,553 - position: [-0.02570928  1.96230972  1.76282513] - angle: -1.5104897383537303
2026-01-21 13:48:25,791 - position: [-0.02870897  1.9625572   1.76278579] - angle: -1.510312528363574
2026-01-21 13:48:26,034 - position: [-0.03079883  1.96434987  1.76097929] - angle: -1.5087174849859388
2026-01-21 13:48:26,251 - position: [-0.03055426  1.96662283  1.75811577] - angle: -1.5110371345131917
2026-01-21 13:48:26,486 - position: [-0.02684432  1.96985722  1.75026321] - angle: -1.5099145083888255
2026-01-21 13:48:26,702 - position: [-0.02387464  1.97139418  1.74430811] - angle: -1.5103499641697185
2026-01-21 13:48:26,915 - position: [-0.02174689  1.97328997  1.74008691] - angle: -1.50774152613791
2026-01-21 13:48:27,136 - position: [-0.01993789  1.97398627  1.73772049] - angle: -1.5154458004936235
2026-01-21 13:48:27,373 - position: [-0.01868431  1.97675884  1.73784506] - angle: -1.5085437537791022
2026-01-21 13:48:27,590 - position: [-0.01838646  1.97850347  1.73946548] - angle: -1.510095216254077
2026-01-21 13:48:27,827 - position: [-0.01899596  1.9804045   1.74145949] - angle: -1.5097379124426529
2026-01-21 13:48:28,088 - position: [-0.02000239  1.97973013  1.74524546] - angle: -1.5154008750701462
2026-01-21 13:48:28,375 - position: [-0.02150672  1.97876322  1.74872088] - angle: -1.5093566166361025
2026-01-21 13:48:28,626 - position: [-0.02016789  1.97896492  1.74997127] - angle: -1.5093017656589982
2026-01-21 13:48:28,834 - position: [-0.01924102  1.97855675  1.74997115] - angle: -1.510367669818267
2026-01-21 13:48:29,065 - position: [-0.01825304  1.9756974   1.74967921] - angle: -1.5101554012550382
2026-01-21 13:48:29,287 - position: [-0.01816574  1.97536027  1.74957454] - angle: -1.5096614583902626
2026-01-21 13:48:29,524 - position: [-0.0173759   1.96938193  1.74653697] - angle: -1.5054477847012384
2026-01-21 13:48:29,823 - position: [-0.01803125  1.96587384  1.74167132] - angle: -1.5058924141579557
2026-01-21 13:48:30,093 - position: [-0.01779051  1.96429622  1.73800302] - angle: -1.506610052558619
2026-01-21 13:48:30,314 - position: [-0.01777525  1.964378    1.73696065] - angle: -1.5059428527614132
2026-01-21 13:48:30,526 - position: [-0.01727364  1.96441007  1.73101652] - angle: -1.5117376565991556
2026-01-21 13:48:30,766 - position: [-0.01745126  1.96506512  1.72865665] - angle: -1.5065679781625656
2026-01-21 13:48:31,056 - position: [-0.01732346  1.96979988  1.72543228] - angle: -1.5044744519544113
2026-01-21 13:48:31,294 - position: [-0.01962691  1.9792403   1.72477984] - angle: -1.5079620622013592
2026-01-21 13:48:31,533 - position: [-0.02156355  1.98757553  1.72414994] - angle: -1.5064816038184978
2026-01-21 13:48:31,780 - position: [-0.02272098  1.99225891  1.72341239] - angle: -1.5051013068695864
2026-01-21 13:48:32,018 - position: [-0.02472869  2.00303483  1.72320902] - angle: -1.5065650648970568
2026-01-21 13:48:32,268 - position: [-0.02665421  2.01828194  1.7262249 ] - angle: -1.5059721222018183
2026-01-21 13:48:32,534 - position: [-0.03391055  2.03324723  1.72896373] - angle: -1.5067513013708087
2026-01-21 13:48:32,771 - position: [-0.03836175  2.04119492  1.72939348] - angle: -1.5042318557697998
2026-01-21 13:48:32,990 - position: [-0.04604323  2.05315948  1.7304728 ] - angle: -1.509036658910516
2026-01-21 13:48:33,200 - position: [-0.05056352  2.06140327  1.73197329] - angle: -1.5082037960460162
2026-01-21 13:48:33,425 - position: [-0.05571207  2.07098246  1.73179352] - angle: -1.5099278275715626
2026-01-21 13:48:33,641 - position: [-0.05776417  2.07635665  1.7311424 ] - angle: -1.5068644930351187
2026-01-21 13:48:33,868 - position: [-0.05944422  2.08025169  1.73002946] - angle: -1.5079186509818934
2026-01-21 13:48:34,113 - position: [-0.05879073  2.08140397  1.7258935 ] - angle: -1.504396907359737
2026-01-21 13:48:34,321 - position: [-0.05651822  2.07873011  1.72382116] - angle: -1.5093840674502856
2026-01-21 13:48:34,555 - position: [-0.05401997  2.0764606   1.72215664] - angle: -1.5052266110443484
2026-01-21 13:48:34,777 - position: [-0.04976757  2.07231832  1.72097969] - angle: -1.5035153304477187
2026-01-21 13:48:35,015 - position: [-0.04339945  2.06793642  1.72110534] - angle: -1.5004682415977393
2026-01-21 13:48:35,258 - position: [-0.0405588   2.06601071  1.7222997 ] - angle: -1.504352302111581
2026-01-21 13:48:35,503 - position: [-0.03214233  2.06036806  1.72734201] - angle: -1.5034687156664668
2026-01-21 13:48:35,771 - position: [-0.02722994  2.05038667  1.73466253] - angle: -1.5039192838317943
2026-01-21 13:48:36,020 - position: [-0.02650974  2.04475236  1.73925126] - angle: -1.5025223918565547
2026-01-21 13:48:36,350 - position: [-0.02683521  2.03646684  1.7472887 ] - angle: -1.5027222573962966
2026-01-21 13:48:36,565 - position: [-0.02679767  2.02608371  1.75418162] - angle: -1.5031215406094236
2026-01-21 13:48:36,777 - position: [-0.02579356  2.01793122  1.75723875] - angle: -1.5034171647854797
2026-01-21 13:48:37,007 - position: [-0.0248758   2.01457047  1.75867093] - angle: -1.501142253313708
2026-01-21 13:48:37,264 - position: [-0.02304692  2.01300859  1.7633841 ] - angle: -1.501337466135043
2026-01-21 13:48:37,511 - position: [-0.02206477  2.0180583   1.76670003] - angle: -1.502845227992307
2026-01-21 13:48:37,718 - position: [-0.02196302  2.02369928  1.76986647] - angle: -1.5029064827341667
2026-01-21 13:48:37,964 - position: [-0.02193635  2.0261333   1.77123475] - angle: -1.499410520503667
2026-01-21 13:48:38,188 - position: [-0.02575948  2.03028083  1.77204275] - angle: -1.4992181032186003
2026-01-21 13:48:38,393 - position: [-0.02849587  2.0318749   1.77078187] - angle: -1.4995320344240182
2026-01-21 13:48:38,642 - position: [-0.03358105  2.03607225  1.76685143] - angle: -1.4994601672317467
2026-01-21 13:48:38,875 - position: [-0.03590783  2.0390985   1.76493549] - angle: -1.499595801594229
2026-01-21 13:48:39,108 - position: [-0.03954786  2.04349136  1.76179969] - angle: -1.4997011578791963
2026-01-21 13:48:39,334 - position: [-0.04145142  2.04533625  1.7596848 ] - angle: -1.4977974899835078
2026-01-21 13:48:39,549 - position: [-0.04196412  2.04493928  1.75890958] - angle: -1.4970414691888574
2026-01-21 13:48:39,815 - position: [-0.04255516  2.03943419  1.7602427 ] - angle: -1.4948794773760792
2026-01-21 13:48:40,046 - position: [-0.04318216  2.0337491   1.7625761 ] - angle: -1.4977863624197645
2026-01-21 13:48:40,301 - position: [-0.04200496  2.027179    1.76566052] - angle: -1.501390554414816
2026-01-21 13:48:40,526 - position: [-0.04240382  2.023031    1.76840925] - angle: -1.4970577323930137
2026-01-21 13:48:40,741 - position: [-0.04252982  2.02103376  1.76954877] - angle: -1.4960328229258417
2026-01-21 13:48:40,993 - position: [-0.04326655  2.01755643  1.77087665] - angle: -1.5009793899200141
2026-01-21 13:48:41,265 - position: [-0.04482518  2.01341534  1.77020741] - angle: -1.4967602040761254
2026-01-21 13:48:41,507 - position: [-0.04578913  2.00885415  1.77145565] - angle: -1.4998265386460496
2026-01-21 13:48:41,778 - position: [-0.04905916  2.00719094  1.77283275] - angle: -1.4984800027680172
2026-01-21 13:48:42,037 - position: [-0.05458983  2.00766206  1.77387846] - angle: -1.499394368100913
2026-01-21 13:48:42,272 - position: [-0.06028808  2.01051784  1.77395225] - angle: -1.4992119352691229
2026-01-21 13:48:42,522 - position: [-0.06173287  2.01210022  1.77366853] - angle: -1.5013527649894263
2026-01-21 13:48:42,760 - position: [-0.06351543  2.01342845  1.77340615] - angle: -1.4958806706117969
2026-01-21 13:48:42,994 - position: [-0.0612644   2.012321    1.77654171] - angle: -1.494977978193059
2026-01-21 13:48:43,248 - position: [-0.06103493  2.01275396  1.7786994 ] - angle: -1.497899066262788
2026-01-21 13:48:43,490 - position: [-0.06112786  2.01438737  1.77918577] - angle: -1.4955153101974097
2026-01-21 13:48:43,708 - position: [-0.06038976  2.01589465  1.77846932] - angle: -1.4966108007786496
2026-01-21 13:48:43,953 - position: [-0.05897618  2.01747012  1.77659941] - angle: -1.5018808877104513
2026-01-21 13:48:44,183 - position: [-0.06015658  2.01749992  1.77290213] - angle: -1.496491674728854
2026-01-21 13:48:44,430 - position: [-0.057923    2.01418352  1.76968229] - angle: -1.4985133661063408
2026-01-21 13:48:44,674 - position: [-0.05686503  2.01082015  1.76873982] - angle: -1.494893013000954
2026-01-21 13:48:44,894 - position: [-0.05599067  2.00582743  1.76869667] - angle: -1.4972551974237325
2026-01-21 13:48:45,143 - position: [-0.05569302  2.00429296  1.76869941] - angle: -1.4986874721868886
2026-01-21 13:48:45,385 - position: [-0.0530312   2.00018549  1.77003253] - angle: -1.5045706031144692
2026-01-21 13:48:45,606 - position: [-0.0511929   1.99516177  1.77033722] - angle: -1.4976391332013668
2026-01-21 13:48:45,822 - position: [-0.0482427   1.98652399  1.77053738] - angle: -1.5001381436974746
2026-01-21 13:48:46,058 - position: [-0.04656257  1.97976828  1.76952708] - angle: -1.4975565373592432
2026-01-21 13:48:46,275 - position: [-0.04698612  1.97596133  1.76854515] - angle: -1.495295959737828
2026-01-21 13:48:46,604 - position: [-0.04992016  1.97321546  1.76899779] - angle: -1.4931404851163412
2026-01-21 13:48:46,874 - position: [-0.05122238  1.97162378  1.76846242] - angle: -1.4978132857485895
2026-01-21 13:48:47,144 - position: [-0.04873712  1.9707936   1.7669611 ] - angle: -1.495136917067165
2026-01-21 13:48:47,357 - position: [-0.04620219  1.9720906   1.76554084] - angle: -1.4989103115951008
2026-01-21 13:48:47,599 - position: [-0.04466065  1.97631848  1.76428568] - angle: -1.4937305777963927
2026-01-21 13:48:47,827 - position: [-0.04427546  1.9889524   1.7631973 ] - angle: -1.4942601627678793
2026-01-21 13:48:48,049 - position: [-0.04648339  1.99884248  1.76152098] - angle: -1.4966536099281602
2026-01-21 13:48:48,391 - position: [-0.05030518  2.01410818  1.75902331] - angle: -1.4963668714413596
2026-01-21 13:48:48,619 - position: [-0.05273573  2.02452564  1.75895119] - angle: -1.5018528295170523
2026-01-21 13:48:48,848 - position: [-0.05393565  2.03024125  1.76008129] - angle: -1.5016932509784824
2026-01-21 13:48:49,086 - position: [-0.05387725  2.03076077  1.7615031 ] - angle: -1.4943889448705994
2026-01-21 13:48:49,316 - position: [-0.05614097  2.02915001  1.76400542] - angle: -1.4972328817690697
2026-01-21 13:48:49,538 - position: [-0.06062995  2.02652717  1.7659061 ] - angle: -1.4943426262035762
2026-01-21 13:48:49,774 - position: [-0.06129411  2.02600145  1.76627898] - angle: -1.4952248237806498
2026-01-21 13:48:50,018 - position: [-0.06271616  2.01250052  1.76884806] - angle: -1.4969763267974558
2026-01-21 13:48:50,262 - position: [-0.06005577  2.00721407  1.76998889] - angle: -1.4970117668962928
2026-01-21 13:48:50,483 - position: [-0.05461308  1.99960279  1.77068937] - angle: -1.4951307101946383
2026-01-21 13:48:50,691 - position: [-0.04953271  1.99576116  1.76945472] - angle: -1.4954035369785448
2026-01-21 13:48:50,937 - position: [-0.04437586  1.99525106  1.76836383] - angle: -1.5023309859124954
2026-01-21 13:48:51,139 - position: [-0.04189875  1.99971104  1.76775265] - angle: -1.503132648140069
2026-01-21 13:48:51,369 - position: [-0.04204096  2.00442791  1.76839876] - angle: -1.4980191472954116
2026-01-21 13:48:51,615 - position: [-0.04046734  2.01128387  1.77224374] - angle: -1.5019244712732909
2026-01-21 13:48:51,826 - position: [-0.04014854  2.01890206  1.77398753] - angle: -1.497349958326423
2026-01-21 13:48:52,106 - position: [-0.04039903  2.02704597  1.7750535 ] - angle: -1.4985221410737175
2026-01-21 13:48:52,361 - position: [-0.0424229   2.04070568  1.7760942 ] - angle: -1.49981098325088
2026-01-21 13:48:52,584 - position: [-0.04248234  2.04191375  1.77658319] - angle: -1.5053494802714864
2026-01-21 13:48:52,796 - position: [-0.04390701  2.04020309  1.77328944] - angle: -1.4981063107326302
2026-01-21 13:48:53,077 - position: [-0.04337748  2.03520036  1.77085996] - angle: -1.504795581805153
2026-01-21 13:48:53,304 - position: [-0.04449794  2.03327107  1.77031684] - angle: -1.4996818110577093
2026-01-21 13:48:53,544 - position: [-0.04508575  2.03015518  1.77055645] - angle: -1.4998067196038485
2026-01-21 13:48:53,813 - position: [-0.04668191  2.02300262  1.77246654] - angle: -1.495975855187063
2026-01-21 13:48:54,044 - position: [-0.04716557  2.02162981  1.77290058] - angle: -1.4979863593557066
2026-01-21 13:48:54,279 - position: [-0.04690082  2.01872969  1.77466381] - angle: -1.50262002657667
2026-01-21 13:48:54,511 - position: [-0.04162343  2.01020622  1.78195333] - angle: -1.4973744479980944
2026-01-21 13:48:54,746 - position: [-0.04162343  2.01020622  1.78195333] - angle: -1.4973744479980944
2026-01-21 13:48:54,981 - position: [-0.03047695  1.99982655  1.78787076] - angle: -1.5030586088073306
2026-01-21 13:48:55,227 - position: [-0.02673284  2.00066161  1.78670204] - angle: -1.4939290488782344
2026-01-21 13:48:55,483 - position: [-0.02485243  2.00174856  1.78620374] - angle: -1.4984826958011652
2026-01-21 13:48:55,689 - position: [-0.0233747   2.00816989  1.7831949 ] - angle: -1.4955265868067587
2026-01-21 13:48:55,897 - position: [-0.02498028  2.01353192  1.78134513] - angle: -1.5014822893789548
2026-01-21 13:48:56,120 - position: [-0.03075767  2.01972532  1.77781928] - angle: -1.4953517262752847
2026-01-21 13:48:56,361 - position: [-0.03552273  2.0228405   1.77555573] - angle: -1.4963953301580588
2026-01-21 13:48:56,597 - position: [-0.03841513  2.02330923  1.77379847] - angle: -1.5008260289586697
2026-01-21 13:48:56,824 - position: [-0.04174672  2.01950288  1.76956391] - angle: -1.4977405477904866
2026-01-21 13:48:57,059 - position: [-0.03917824  2.01042557  1.76557207] - angle: -1.5006813302681046
2026-01-21 13:48:57,263 - position: [-0.0340881   2.00159788  1.76209641] - angle: -1.4990208421723028
2026-01-21 13:48:57,531 - position: [-0.02288533  1.98407114  1.75629854] - angle: -1.4973848450486993
2026-01-21 13:48:57,815 - position: [-0.0151108   1.97496927  1.75465119] - angle: -1.4944804780184042
2026-01-21 13:48:58,059 - position: [-0.01013239  1.96965992  1.75634015] - angle: -1.4940495756360517
2026-01-21 13:48:58,331 - position: [-0.00828706  1.96325409  1.76144898] - angle: -1.4969002247476038
2026-01-21 13:48:58,545 - position: [-0.01033201  1.96042204  1.76788878] - angle: -1.4960534213081642
2026-01-21 13:48:58,771 - position: [-0.01103282  1.95964599  1.77137756] - angle: -1.497569698518142
2026-01-21 13:48:59,004 - position: [-0.01387931  1.96003652  1.7782892 ] - angle: -1.4905024620995517
2026-01-21 13:48:59,243 - position: [-0.01387931  1.96003652  1.7782892 ] - angle: -1.4905024620995517
2026-01-21 13:48:59,486 - position: [-0.01387931  1.96003652  1.7782892 ] - angle: -1.4905024620995517
2026-01-21 13:48:59,785 - position: [-0.01886057  1.93658185  1.79306698] - angle: -1.493276280063589
2026-01-21 13:49:00,046 - position: [-0.01663195  1.93138838  1.79620111] - angle: -1.4918352629562226
2026-01-21 13:49:00,253 - position: [-0.01443656  1.93038702  1.79839039] - angle: -1.4971678420572854
2026-01-21 13:49:00,521 - position: [-0.01374283  1.93882716  1.80248332] - angle: -1.4946288870224205
2026-01-21 13:49:00,734 - position: [-0.01562882  1.9507153   1.80517948] - angle: -1.496135755275545
2026-01-21 13:49:00,975 - position: [-0.01769308  1.96467698  1.80633402] - angle: -1.491848702174149
2026-01-21 13:49:01,207 - position: [-0.01928848  1.97462857  1.80657852] - angle: -1.4957842983517966
2026-01-21 13:49:01,434 - position: [-0.02681031  1.99221706  1.80543113] - angle: -1.4957860100089468
2026-01-21 13:49:01,652 - position: [-0.03413828  2.00473022  1.80535173] - angle: -1.4888774677139116
2026-01-21 13:49:01,896 - position: [-0.04276365  2.01616359  1.80781639] - angle: -1.488449714612309
2026-01-21 13:49:02,110 - position: [-0.04401587  2.01745486  1.80809832] - angle: -1.4894898822705929
2026-01-21 13:49:02,329 - position: [-0.05002841  2.02561378  1.8108176 ] - angle: -1.4887022518874424
2026-01-21 13:49:02,572 - position: [-0.04888968  2.02832294  1.81136823] - angle: -1.4893526453989363
2026-01-21 13:49:02,821 - position: [-0.0452929   2.02624965  1.80950642] - angle: -1.4891601139963688
2026-01-21 13:49:03,058 - position: [-0.04378235  2.02284861  1.80531728] - angle: -1.4877084455317395
2026-01-21 13:49:03,275 - position: [-0.04449213  2.02148795  1.80355918] - angle: -1.4880639349633835
2026-01-21 13:49:03,493 - position: [-0.04804293  2.02016544  1.80141246] - angle: -1.4876701086964261
2026-01-21 13:49:03,745 - position: [-0.049341    2.01865792  1.80072367] - angle: -1.4891403934556475
2026-01-21 13:49:04,060 - position: [-0.04351565  2.01462197  1.80194736] - angle: -1.4860838524803777
2026-01-21 13:49:04,321 - position: [-0.03958042  2.01243973  1.80282331] - angle: -1.489363936916062
2026-01-21 13:49:04,550 - position: [-0.03122694  2.00919223  1.80376101] - angle: -1.489359806332165
2026-01-21 13:49:04,782 - position: [-0.03054981  2.00858212  1.80361247] - angle: -1.487824828783344
2026-01-21 13:49:04,991 - position: [-0.03225482  2.00892973  1.80031979] - angle: -1.4852174406847132
2026-01-21 13:49:05,238 - position: [-0.0350411   2.00951076  1.79533219] - angle: -1.4823557487096823
2026-01-21 13:49:05,545 - position: [-0.03708672  2.00973773  1.79232264] - angle: -1.4860765559000728
2026-01-21 13:49:05,789 - position: [-0.04233677  2.00942254  1.78444481] - angle: -1.4894223606857726
2026-01-21 13:49:06,015 - position: [-0.04257573  2.00557256  1.78462493] - angle: -1.4884977019694503
2026-01-21 13:49:06,280 - position: [-0.0410941   1.99758601  1.7879144 ] - angle: -1.491381494547205
2026-01-21 13:49:06,500 - position: [-0.04311751  1.99421895  1.78989065] - angle: -1.4858085873201552
2026-01-21 13:49:06,732 - position: [-0.04115839  1.98546875  1.7925303 ] - angle: -1.4865658471451608
2026-01-21 13:49:06,975 - position: [-0.03978365  1.98347938  1.79292679] - angle: -1.4857585009284797
2026-01-21 13:49:07,213 - position: [-0.03456753  1.97865796  1.794186  ] - angle: -1.4850288132599383
2026-01-21 13:49:07,437 - position: [-0.03097648  1.97734666  1.79418075] - angle: -1.4880739701759
2026-01-21 13:49:07,737 - position: [-0.03230423  1.98167789  1.79123318] - angle: -1.486954825666007
2026-01-21 13:49:07,961 - position: [-0.03455787  1.98652613  1.78735244] - angle: -1.4849112929881327
2026-01-21 13:49:08,198 - position: [-0.0371539   1.98921943  1.78324354] - angle: -1.4862997703541585
2026-01-21 13:49:08,467 - position: [-0.03833282  1.99086571  1.78114259] - angle: -1.4890536098926033
2026-01-21 13:49:08,750 - position: [-0.04502366  1.99892008  1.77476919] - angle: -1.4832504973876492
2026-01-21 13:49:08,978 - position: [-0.05328985  2.00859618  1.76970446] - angle: -1.4844452383439597
2026-01-21 13:49:09,235 - position: [-0.05882761  2.01775122  1.76611328] - angle: -1.4848752901668387
2026-01-21 13:49:09,457 - position: [-0.05959252  2.02215981  1.76572549] - angle: -1.483756147825853
2026-01-21 13:49:09,683 - position: [-0.0570973   2.02088881  1.7663008 ] - angle: -1.4848443307927237
2026-01-21 13:49:09,939 - position: [-0.04979859  2.01320672  1.76653123] - angle: -1.4863143617335863
2026-01-21 13:49:10,205 - position: [-0.04113139  2.00538182  1.76581609] - angle: -1.4850174578375834
2026-01-21 13:49:10,413 - position: [-0.03739151  2.0034256   1.76520574] - angle: -1.4842255024286004
2026-01-21 13:49:10,633 - position: [-0.03674902  2.00455236  1.76372099] - angle: -1.4848698366598505
2026-01-21 13:49:10,869 - position: [-0.04028871  2.00743008  1.76217997] - angle: -1.4830426098614078
2026-01-21 13:49:11,102 - position: [-0.04210986  2.00963974  1.76045001] - angle: -1.4855031188818595
2026-01-21 13:49:11,352 - position: [-0.04308549  2.01113749  1.76000047] - angle: -1.4836176959050116
2026-01-21 13:49:11,581 - position: [-0.04597212  2.01336741  1.76108241] - angle: -1.4864202334272454
2026-01-21 13:49:11,785 - position: [-0.05127599  2.01511836  1.76455355] - angle: -1.486378173421678
2026-01-21 13:49:12,020 - position: [-0.05338632  2.01511049  1.76679039] - angle: -1.4866371948129
2026-01-21 13:49:12,258 - position: [-0.06068202  2.0091331   1.7764231 ] - angle: -1.4871103125982348
2026-01-21 13:49:12,529 - position: [-0.06365459  2.0037992   1.78114569] - angle: -1.486452076470501
2026-01-21 13:49:12,757 - position: [-0.06440633  2.00077367  1.78350377] - angle: -1.485817705147379
2026-01-21 13:49:12,990 - position: [-0.06501413  1.99608791  1.78599536] - angle: -1.4867057100583034
2026-01-21 13:49:13,204 - position: [-0.06459566  1.99037373  1.78649127] - angle: -1.4858968329348974
2026-01-21 13:49:13,406 - position: [-0.06291491  1.9871608   1.78627121] - angle: -1.4865199061334664
2026-01-21 13:49:13,638 - position: [-0.0608009   1.98286211  1.78584611] - angle: -1.484059675812862
2026-01-21 13:49:13,882 - position: [-0.05913218  1.98029816  1.78508151] - angle: -1.487016094063923
2026-01-21 13:49:14,103 - position: [-0.05617727  1.97739887  1.78364253] - angle: -1.4820677598744627
2026-01-21 13:49:14,370 - position: [-0.05432334  1.97526681  1.78231883] - angle: -1.4816823316672054
2026-01-21 13:49:14,588 - position: [-0.05144806  1.97251618  1.78115618] - angle: -1.4838231177274301
