2026-01-21 13:50:49,682 - position: [ 0.11657771 -1.3657335   1.71235192]
2026-01-21 13:50:49,895 - position: [ 0.11292902 -1.36045909  1.7113179 ]
2026-01-21 13:50:50,107 - position: [ 0.11296421 -1.35886478  1.7095778 ]
2026-01-21 13:50:50,387 - position: [ 0.10216699 -1.36564434  1.71212173]
2026-01-21 13:50:50,609 - position: [ 0.10082376 -1.37140036  1.71356285]
2026-01-21 13:50:50,859 - position: [ 0.08787792 -1.38616168  1.71396255]
2026-01-21 13:50:51,117 - position: [ 0.08787792 -1.38616168  1.71396255]
2026-01-21 13:50:51,363 - position: [ 0.03080551 -1.40144718  1.71755087]
2026-01-21 13:50:51,643 - position: [ 0.04409629 -1.39449251  1.71880448]
2026-01-21 13:50:51,860 - position: [ 0.05397464 -1.4032948   1.72733998]
2026-01-21 13:50:52,072 - position: [ 0.0551104  -1.40938723  1.73239768]
2026-01-21 13:50:52,315 - position: [ 0.0693131  -1.41677094  1.73980618]
2026-01-21 13:50:52,580 - position: [ 0.10539664 -1.42244005  1.74646604]
2026-01-21 13:50:52,816 - position: [ 0.10864285 -1.43918407  1.7460835 ]
2026-01-21 13:50:53,041 - position: [ 0.10400251 -1.45028579  1.74744284]
2026-01-21 13:50:53,273 - position: [ 0.10179928 -1.46401775  1.74843311]
2026-01-21 13:50:53,510 - position: [ 0.10364774 -1.46930647  1.74886239]
2026-01-21 13:50:53,711 - position: [ 0.10313062 -1.47286904  1.75066423]
2026-01-21 13:50:53,942 - position: [ 0.10465993 -1.46692717  1.74930942]
2026-01-21 13:50:54,178 - position: [ 0.1063506  -1.46256876  1.74912918]
2026-01-21 13:50:54,427 - position: [ 0.1052685  -1.43715787  1.74665821]
2026-01-21 13:50:54,669 - position: [ 0.09373977 -1.43776214  1.74692702]
2026-01-21 13:50:54,888 - position: [ 0.12005697 -1.42998147  1.74312329]
2026-01-21 13:50:55,127 - position: [ 0.12214901 -1.42893875  1.7429595 ]
2026-01-21 13:50:55,390 - position: [ 0.16202259 -1.42766595  1.73305106]
2026-01-21 13:50:55,665 - position: [ 0.15578106 -1.43413937  1.73279023]
2026-01-21 13:50:55,882 - position: [ 0.14941101 -1.43534017  1.73429298]
2026-01-21 13:50:56,113 - position: [ 0.13671368 -1.43558824  1.73648405]
2026-01-21 13:50:56,365 - position: [ 0.11234006 -1.43879271  1.74017489]
2026-01-21 13:50:56,612 - position: [ 0.10020757 -1.44477975  1.742365  ]
2026-01-21 13:50:56,843 - position: [ 0.08395994 -1.45306778  1.74349058]
2026-01-21 13:50:57,110 - position: [ 0.08600699 -1.45206046  1.74288452]
2026-01-21 13:50:57,341 - position: [ 0.08819471 -1.44870269  1.74168265]
2026-01-21 13:50:57,569 - position: [ 0.08312076 -1.4429065   1.7408874 ]
2026-01-21 13:50:57,776 - position: [ 0.08317727 -1.43766928  1.74027383]
2026-01-21 13:50:57,987 - position: [ 0.09179206 -1.43588603  1.73888588]
2026-01-21 13:50:58,197 - position: [ 0.10819808 -1.43540871  1.73597777]
2026-01-21 13:50:58,471 - position: [ 0.12099995 -1.43159163  1.72696364]
2026-01-21 13:50:58,703 - position: [ 0.12529413 -1.43079436  1.72420287]
2026-01-21 13:50:58,923 - position: [ 0.12247664 -1.42821705  1.72471929]
2026-01-21 13:50:59,219 - position: [ 0.11106444 -1.4376322   1.73088181]
2026-01-21 13:50:59,532 - position: [ 0.13503996 -1.4393574   1.73050916]
2026-01-21 13:50:59,743 - position: [ 0.14198965 -1.43929601  1.72875822]
2026-01-21 13:50:59,958 - position: [ 0.14198965 -1.43929601  1.72875822]
2026-01-21 13:51:00,216 - position: [ 0.13480437 -1.45394564  1.7307235 ]
2026-01-21 13:51:00,436 - position: [ 0.13511625 -1.45668054  1.73044562]
2026-01-21 13:51:00,683 - position: [ 0.13292773 -1.465047    1.73028159]
2026-01-21 13:51:00,947 - position: [ 0.14766771 -1.45643914  1.73168147]
2026-01-21 13:51:01,215 - position: [ 0.1426578  -1.44914687  1.73148549]
2026-01-21 13:51:01,460 - position: [ 0.13865565 -1.44191778  1.73140287]
2026-01-21 13:51:01,685 - position: [ 0.12640914 -1.43699527  1.73160744]
2026-01-21 13:51:01,918 - position: [ 0.1127361  -1.44201362  1.73274696]
2026-01-21 13:51:02,163 - position: [ 0.10829221 -1.44356132  1.73298538]
2026-01-21 13:51:02,399 - position: [ 0.10644726 -1.43063855  1.72912788]
2026-01-21 13:51:02,632 - position: [ 0.10564481 -1.44903517  1.73010921]
2026-01-21 13:51:02,849 - position: [ 0.10638133 -1.45149839  1.72918642]
2026-01-21 13:51:03,081 - position: [ 0.11278372 -1.45556355  1.72556794]
2026-01-21 13:51:03,334 - position: [ 0.13643686 -1.46744454  1.72444987]
2026-01-21 13:51:03,561 - position: [ 0.1462878  -1.47530603  1.72795463]
2026-01-21 13:51:03,781 - position: [ 0.15673916 -1.45821095  1.73152268]
2026-01-21 13:51:03,982 - position: [ 0.15400665 -1.45177281  1.73190391]
2026-01-21 13:51:04,227 - position: [ 0.14910249 -1.45006156  1.73390937]
2026-01-21 13:51:04,467 - position: [ 0.14650872 -1.44894361  1.73428857]
2026-01-21 13:51:04,750 - position: [ 0.14968795 -1.44828153  1.73186505]
2026-01-21 13:51:04,952 - position: [ 0.14685179 -1.44461536  1.73239064]
2026-01-21 13:51:05,172 - position: [ 0.17666046 -1.44590628  1.72450697]
2026-01-21 13:51:05,410 - position: [ 0.17114484 -1.43941593  1.72576797]
2026-01-21 13:51:05,672 - position: [ 0.16354568 -1.43524933  1.72884464]
2026-01-21 13:51:05,960 - position: [ 0.15784892 -1.43548369  1.72818029]
2026-01-21 13:51:06,237 - position: [ 0.14742737 -1.43570757  1.72647691]
2026-01-21 13:51:06,469 - position: [ 0.13883464 -1.43307495  1.72887611]
2026-01-21 13:51:06,749 - position: [ 0.15764938 -1.44780767  1.72393155]
2026-01-21 13:51:06,985 - position: [ 0.14079772 -1.43806708  1.72584641]
2026-01-21 13:51:07,220 - position: [ 0.13634938 -1.44568789  1.72575641]
2026-01-21 13:51:07,474 - position: [ 0.12385613 -1.44374192  1.72586858]
2026-01-21 13:51:07,980 - position: [ 0.11424517 -1.45688355  1.73207891]
2026-01-21 13:51:08,222 - position: [ 0.11351039 -1.455948    1.73255396]
2026-01-21 13:51:08,432 - position: [ 0.12211727 -1.46420217  1.73210609]
2026-01-21 13:51:08,711 - position: [ 0.13370316 -1.46268833  1.7306844 ]
2026-01-21 13:51:08,956 - position: [ 0.13286705 -1.45968282  1.72962117]
2026-01-21 13:51:09,187 - position: [ 0.12913616 -1.46440995  1.72966743]
2026-01-21 13:51:09,440 - position: [ 0.1271643  -1.46767795  1.72926509]
2026-01-21 13:51:09,665 - position: [ 0.12877534 -1.47211862  1.72886956]
2026-01-21 13:51:09,879 - position: [ 0.13176635 -1.47190559  1.72918999]
2026-01-21 13:51:10,127 - position: [ 0.13516653 -1.46672058  1.73088717]
2026-01-21 13:51:10,374 - position: [ 0.13425393 -1.46558416  1.73102748]
2026-01-21 13:51:10,604 - position: [ 0.13352241 -1.46523833  1.7316128 ]
2026-01-21 13:51:10,835 - position: [ 0.13008836 -1.47264743  1.73216903]
2026-01-21 13:51:11,048 - position: [ 0.12906514 -1.47519445  1.7324543 ]
2026-01-21 13:51:11,260 - position: [ 0.12929104 -1.47408366  1.7328378 ]
2026-01-21 13:51:11,524 - position: [ 0.12905687 -1.47085178  1.73239899]
2026-01-21 13:51:11,802 - position: [ 0.12941566 -1.46029532  1.73202336]
2026-01-21 13:51:12,018 - position: [ 0.13204834 -1.45707238  1.73140204]
2026-01-21 13:51:12,235 - position: [ 0.13273163 -1.45621336  1.73128426]
2026-01-21 13:51:12,510 - position: [ 0.12932527 -1.4581207   1.73031604]
2026-01-21 13:51:12,712 - position: [ 0.12039424 -1.4613204   1.72993577]
2026-01-21 13:51:12,939 - position: [ 0.10615248 -1.46761966  1.72901571]
2026-01-21 13:51:13,183 - position: [ 0.08872914 -1.48738527  1.72885323]
2026-01-21 13:51:13,403 - position: [ 0.07545716 -1.49182773  1.73191643]
2026-01-21 13:51:13,652 - position: [ 0.03961094 -1.48706579  1.73540998]
2026-01-21 13:51:13,901 - position: [ 0.03687462 -1.47805417  1.73521745]
2026-01-21 13:51:14,145 - position: [ 0.03687462 -1.47805417  1.73521745]
2026-01-21 13:51:14,382 - position: [ 5.58625907e-04 -1.47697175e+00  1.73998523e+00]
2026-01-21 13:51:14,636 - position: [ 0.01614087 -1.48806453  1.74121583]
2026-01-21 13:51:14,882 - position: [ 0.01614087 -1.48806453  1.74121583]
2026-01-21 13:51:15,132 - position: [ 0.07894935 -1.49306798  1.74205506]
2026-01-21 13:51:15,362 - position: [ 0.09542185 -1.50421154  1.74138021]
2026-01-21 13:51:15,598 - position: [ 0.10455148 -1.4968257   1.74256241]
2026-01-21 13:51:15,824 - position: [ 0.10504104 -1.48573744  1.74355757]
2026-01-21 13:51:16,056 - position: [ 0.09975677 -1.47612262  1.74324501]
2026-01-21 13:51:16,361 - position: [ 0.09975677 -1.47612262  1.74324501]
2026-01-21 13:51:16,607 - position: [ 0.12028768 -1.47048914  1.7391324 ]
2026-01-21 13:51:16,827 - position: [ 0.11603767 -1.4679575   1.7369864 ]
2026-01-21 13:51:17,072 - position: [ 0.12051635 -1.46471584  1.73382723]
2026-01-21 13:51:17,277 - position: [ 0.12560283 -1.46552575  1.73231721]
2026-01-21 13:51:17,566 - position: [ 0.13326935 -1.45799387  1.73085117]
2026-01-21 13:51:17,812 - position: [ 0.14813454 -1.44585776  1.72756732]
2026-01-21 13:51:18,033 - position: [ 0.17913151 -1.4503727   1.72067595]
2026-01-21 13:51:18,266 - position: [ 0.1951842  -1.44295549  1.7110883 ]
2026-01-21 13:51:18,505 - position: [ 0.18064669 -1.43981433  1.71404874]
2026-01-21 13:51:18,724 - position: [ 0.17953621 -1.44234073  1.71502638]
2026-01-21 13:51:18,946 - position: [ 0.17874601 -1.45440841  1.72140074]
2026-01-21 13:51:19,181 - position: [ 0.18569952 -1.45544207  1.72336245]
2026-01-21 13:51:19,414 - position: [ 0.18565011 -1.45846319  1.72546971]
2026-01-21 13:51:19,621 - position: [ 0.17580055 -1.46647799  1.72942352]
2026-01-21 13:51:19,851 - position: [ 0.16681656 -1.46868515  1.73064613]
2026-01-21 13:51:20,103 - position: [ 0.1587207  -1.46890199  1.73305809]
2026-01-21 13:51:20,304 - position: [ 0.1526541  -1.46899021  1.73442876]
2026-01-21 13:51:20,532 - position: [ 0.14583762 -1.47053981  1.73467243]
2026-01-21 13:51:20,741 - position: [ 0.14502847 -1.47135866  1.73478508]
2026-01-21 13:51:21,026 - position: [ 0.14489381 -1.4739275   1.73445261]
2026-01-21 13:51:21,243 - position: [ 0.15283954 -1.46772158  1.73049319]
2026-01-21 13:51:21,445 - position: [ 0.15547848 -1.46082044  1.72782969]
2026-01-21 13:51:21,733 - position: [ 0.15712318 -1.45546114  1.72552407]
2026-01-21 13:51:21,983 - position: [ 0.14458975 -1.44781125  1.72657299]
2026-01-21 13:51:22,223 - position: [ 0.14541627 -1.43994534  1.72700119]
2026-01-21 13:51:22,512 - position: [ 0.15981841 -1.43088341  1.72599018]
2026-01-21 13:51:22,770 - position: [ 0.16546719 -1.43433356  1.72389972]
2026-01-21 13:51:23,022 - position: [ 0.1651597  -1.43547773  1.72341561]
2026-01-21 13:51:23,265 - position: [ 0.15602566 -1.44202006  1.72392428]
2026-01-21 13:51:23,543 - position: [ 0.16340768 -1.4387176   1.72195768]
2026-01-21 13:51:23,754 - position: [ 0.16918458 -1.43597543  1.71881342]
2026-01-21 13:51:24,024 - position: [ 0.15963963 -1.4278903   1.72100317]
2026-01-21 13:51:24,232 - position: [ 0.14965256 -1.42860496  1.72667229]
2026-01-21 13:51:24,494 - position: [ 0.14277148 -1.42383933  1.73138678]
2026-01-21 13:51:24,798 - position: [ 0.14205153 -1.42312086  1.73263133]
2026-01-21 13:51:25,009 - position: [ 0.14560628 -1.42395949  1.73020375]
2026-01-21 13:51:25,220 - position: [ 0.14241585 -1.42547262  1.73003089]
2026-01-21 13:51:25,434 - position: [ 0.12986848 -1.43042946  1.73118484]
2026-01-21 13:51:25,719 - position: [ 0.12460117 -1.43520534  1.73117673]
2026-01-21 13:51:25,953 - position: [ 0.12501457 -1.43754578  1.73051667]
2026-01-21 13:51:26,187 - position: [ 0.12498231 -1.43937922  1.73076308]
2026-01-21 13:51:26,404 - position: [ 0.12463135 -1.44513428  1.73077691]
2026-01-21 13:51:26,655 - position: [ 0.12551114 -1.44645894  1.73061788]
2026-01-21 13:51:26,862 - position: [ 0.12370159 -1.44569123  1.73083556]
2026-01-21 13:51:27,087 - position: [ 0.11502463 -1.45424342  1.73273158]
2026-01-21 13:51:27,297 - position: [ 0.10939349 -1.45695174  1.73345554]
2026-01-21 13:51:27,547 - position: [ 0.10689005 -1.45542347  1.73321855]
2026-01-21 13:51:27,755 - position: [ 0.10664934 -1.45776117  1.73315203]
2026-01-21 13:51:27,989 - position: [ 0.10435653 -1.46642268  1.73427284]
2026-01-21 13:51:28,217 - position: [ 0.10189445 -1.46872687  1.7350533 ]
2026-01-21 13:51:28,442 - position: [ 0.10226396 -1.46445441  1.73509228]
2026-01-21 13:51:28,659 - position: [ 0.10267933 -1.46257937  1.73498583]
2026-01-21 13:51:28,894 - position: [ 0.10265671 -1.46315145  1.73469365]
2026-01-21 13:51:29,138 - position: [ 0.10387583 -1.4549433   1.73383296]
2026-01-21 13:51:29,376 - position: [ 0.10562198 -1.45200193  1.73352659]
2026-01-21 13:51:29,658 - position: [ 0.11105183 -1.44920444  1.73271871]
2026-01-21 13:51:29,937 - position: [ 0.11234242 -1.44754481  1.73119128]
2026-01-21 13:51:30,140 - position: [ 0.11127666 -1.45204628  1.73145902]
2026-01-21 13:51:30,381 - position: [ 0.10676586 -1.44683015  1.72946072]
2026-01-21 13:51:30,624 - position: [ 0.10627551 -1.45128334  1.72723687]
2026-01-21 13:51:30,840 - position: [ 0.10659777 -1.47196627  1.73312402]
2026-01-21 13:51:31,078 - position: [ 0.12380727 -1.47368753  1.73332274]
2026-01-21 13:51:31,384 - position: [ 0.12309371 -1.46755362  1.73532605]
2026-01-21 13:51:31,605 - position: [ 0.12209842 -1.4659586   1.73565674]
2026-01-21 13:51:31,860 - position: [ 0.11414815 -1.46193779  1.73592675]
2026-01-21 13:51:32,078 - position: [ 0.1130762  -1.45971966  1.73540246]
2026-01-21 13:51:32,322 - position: [ 0.11378672 -1.46101785  1.73552275]
2026-01-21 13:51:32,542 - position: [ 0.11422037 -1.46178579  1.73499703]
2026-01-21 13:51:32,768 - position: [ 0.11372742 -1.46261907  1.73544991]
2026-01-21 13:51:33,146 - position: [ 0.11248568 -1.46507943  1.73467541]
2026-01-21 13:51:33,369 - position: [ 0.11096215 -1.46719432  1.73511267]
2026-01-21 13:51:33,573 - position: [ 0.10935709 -1.46876037  1.73458993]
2026-01-21 13:51:33,805 - position: [ 0.10581429 -1.46635568  1.7346468 ]
2026-01-21 13:51:34,056 - position: [ 0.10744662 -1.4675802   1.73579347]
2026-01-21 13:51:34,269 - position: [ 0.10899759 -1.46829402  1.73575473]
2026-01-21 13:51:34,514 - position: [ 0.10899759 -1.46829402  1.73575473]
2026-01-21 13:51:34,735 - position: [ 0.1124275  -1.46556652  1.73528647]
2026-01-21 13:51:34,991 - position: [ 0.11604641 -1.46494007  1.7352345 ]
2026-01-21 13:51:35,199 - position: [ 0.11997428 -1.46848249  1.73485255]
2026-01-21 13:51:35,421 - position: [ 0.12170719 -1.47033894  1.7360512 ]
2026-01-21 13:51:35,679 - position: [ 0.12303275 -1.47014892  1.73616028]
2026-01-21 13:51:35,889 - position: [ 0.12775911 -1.46509242  1.73517179]
2026-01-21 13:51:36,142 - position: [ 0.12048435 -1.46615982  1.73608553]
2026-01-21 13:51:36,374 - position: [ 0.1190047  -1.46707189  1.73631859]
2026-01-21 13:51:36,583 - position: [ 0.12244055 -1.47006691  1.73635399]
2026-01-21 13:51:36,819 - position: [ 0.12546828 -1.47144198  1.73485887]
2026-01-21 13:51:37,057 - position: [ 0.13351122 -1.47528207  1.73405838]
2026-01-21 13:51:37,327 - position: [ 0.13723755 -1.47374499  1.73335934]
2026-01-21 13:51:37,536 - position: [ 0.13380614 -1.46772504  1.73433244]
2026-01-21 13:51:37,760 - position: [ 0.13306804 -1.46607602  1.7339915 ]
2026-01-21 13:51:38,075 - position: [ 0.13543612 -1.46626866  1.7344569 ]
2026-01-21 13:51:38,320 - position: [ 0.13587758 -1.46468592  1.73519719]
2026-01-21 13:51:38,572 - position: [ 0.14003019 -1.46504486  1.73408222]
2026-01-21 13:51:38,782 - position: [ 0.14490964 -1.46406877  1.7322998 ]
2026-01-21 13:51:39,008 - position: [ 0.13627404 -1.45857346  1.74091637]
2026-01-21 13:51:39,235 - position: [ 0.13713957 -1.4589473   1.74203217]
2026-01-21 13:51:39,468 - position: [ 0.17256048 -1.47253919  1.73234856]
2026-01-21 13:51:39,764 - position: [ 0.18283087 -1.47203195  1.73329794]
2026-01-21 13:51:40,000 - position: [ 0.18726352 -1.4646461   1.73188722]
2026-01-21 13:51:40,216 - position: [ 0.17175642 -1.46802735  1.73157573]
2026-01-21 13:51:40,459 - position: [ 0.16860387 -1.48133278  1.73159242]
2026-01-21 13:51:40,682 - position: [ 0.18012425 -1.49336004  1.72388184]
2026-01-21 13:51:40,885 - position: [ 0.18735008 -1.49860406  1.72016633]
2026-01-21 13:51:41,142 - position: [ 0.19744952 -1.50349951  1.71663618]
2026-01-21 13:51:41,370 - position: [ 0.20905694 -1.50195467  1.71417761]
2026-01-21 13:51:41,637 - position: [ 0.21058998 -1.50088334  1.71387434]
2026-01-21 13:51:41,890 - position: [ 0.19120044 -1.47784305  1.71992028]
2026-01-21 13:51:42,126 - position: [ 0.17653036 -1.46510279  1.7239964 ]
2026-01-21 13:51:42,332 - position: [ 0.17392738 -1.46840584  1.72531402]
2026-01-21 13:51:42,550 - position: [ 0.17392738 -1.46840584  1.72531402]
2026-01-21 13:51:42,788 - position: [ 0.17273602 -1.46988583  1.72597265]
2026-01-21 13:51:43,101 - position: [ 0.17213312 -1.4762187   1.7268945 ]
2026-01-21 13:51:43,485 - position: [ 0.15537325 -1.48613596  1.71902978]
2026-01-21 13:51:43,712 - position: [ 0.15942429 -1.49133718  1.71910429]
2026-01-21 13:51:43,943 - position: [ 0.16211855 -1.4987396   1.71875358]
2026-01-21 13:51:44,154 - position: [ 0.15976533 -1.50043809  1.71795702]
2026-01-21 13:51:44,414 - position: [ 0.15994474 -1.50379562  1.71814334]
2026-01-21 13:51:44,627 - position: [ 0.15931384 -1.50085032  1.71933937]
2026-01-21 13:51:44,863 - position: [ 0.16338161 -1.49848378  1.71904516]
2026-01-21 13:51:45,096 - position: [ 0.16678627 -1.49680579  1.71939194]
2026-01-21 13:51:45,313 - position: [ 0.16830851 -1.48734951  1.71692443]
2026-01-21 13:51:45,536 - position: [ 0.17044318 -1.48454869  1.71756589]
2026-01-21 13:51:45,766 - position: [ 0.17258994 -1.48382342  1.7171104 ]
2026-01-21 13:51:46,021 - position: [ 0.17241761 -1.48375881  1.71737313]
2026-01-21 13:51:46,281 - position: [ 0.17236102 -1.48243964  1.71738148]
2026-01-21 13:51:46,488 - position: [ 0.1670765  -1.4819833   1.71788526]
2026-01-21 13:51:46,761 - position: [ 0.14548014 -1.48286092  1.72373211]
2026-01-21 13:51:47,010 - position: [ 0.11808119 -1.48349023  1.73627198]
2026-01-21 13:51:47,322 - position: [ 0.12542233 -1.47410202  1.73729622]
2026-01-21 13:51:47,564 - position: [ 0.12892365 -1.46640182  1.73754311]
2026-01-21 13:51:47,862 - position: [ 0.12895492 -1.45830452  1.73765039]
2026-01-21 13:51:48,074 - position: [ 0.1301951  -1.46061277  1.73849416]
2026-01-21 13:51:48,304 - position: [ 0.13122435 -1.46270025  1.73823714]
2026-01-21 13:51:48,521 - position: [ 0.13200276 -1.46346223  1.73808146]
2026-01-21 13:51:48,750 - position: [ 0.13721679 -1.47319484  1.7376163 ]
2026-01-21 13:51:48,990 - position: [ 0.1375123  -1.47383654  1.73702741]
2026-01-21 13:51:49,226 - position: [ 0.13396528 -1.47712934  1.73773408]
2026-01-21 13:51:49,495 - position: [ 0.13419548 -1.47472703  1.73766398]
2026-01-21 13:51:49,744 - position: [ 0.13909559 -1.47021818  1.73721719]
2026-01-21 13:51:49,959 - position: [ 0.13909559 -1.47021818  1.73721719]
2026-01-21 13:51:50,166 - position: [ 0.14404215 -1.46501803  1.73674786]
2026-01-21 13:51:50,420 - position: [ 0.14326957 -1.46214914  1.73622632]
2026-01-21 13:51:50,641 - position: [ 0.1426837  -1.46186888  1.73625588]
2026-01-21 13:51:50,870 - position: [ 0.14248292 -1.46011519  1.73605072]
2026-01-21 13:51:51,115 - position: [ 0.14103982 -1.45836127  1.73607945]
2026-01-21 13:51:51,328 - position: [ 0.14110048 -1.46063471  1.73542106]
2026-01-21 13:51:51,567 - position: [ 0.1421245  -1.46116972  1.73519421]
2026-01-21 13:51:51,802 - position: [ 0.14032643 -1.4591732   1.73587584]
2026-01-21 13:51:52,017 - position: [ 0.13965267 -1.45516646  1.73829699]
2026-01-21 13:51:52,335 - position: [ 0.14063065 -1.44777131  1.73896372]
2026-01-21 13:51:52,609 - position: [ 0.1418597  -1.44561434  1.73778248]
2026-01-21 13:51:52,858 - position: [ 0.14208165 -1.4459945   1.7373029 ]
2026-01-21 13:51:53,095 - position: [ 0.14238009 -1.44678652  1.73694658]
2026-01-21 13:51:53,339 - position: [ 0.13823806 -1.45043278  1.73653865]
2026-01-21 13:51:53,610 - position: [ 0.13574065 -1.45060468  1.73596823]
2026-01-21 13:51:53,820 - position: [ 0.13315058 -1.45364177  1.73617446]
2026-01-21 13:51:54,045 - position: [ 0.13212526 -1.4560169   1.73598659]
2026-01-21 13:51:54,285 - position: [ 0.13164879 -1.45676696  1.73600388]
2026-01-21 13:51:54,503 - position: [ 0.12943321 -1.45725369  1.73600173]
2026-01-21 13:51:54,755 - position: [ 0.12673904 -1.45808053  1.73598564]
2026-01-21 13:51:54,981 - position: [ 0.12593703 -1.45769095  1.73579466]
2026-01-21 13:51:55,251 - position: [ 0.12434877 -1.45641255  1.73533309]
2026-01-21 13:51:55,492 - position: [ 0.12281494 -1.45953035  1.7348783 ]
2026-01-21 13:51:55,738 - position: [ 0.12256004 -1.46264732  1.73473454]
2026-01-21 13:51:56,084 - position: [ 0.12104356 -1.46239328  1.73483396]
2026-01-21 13:51:56,306 - position: [ 0.12188919 -1.46129918  1.73518384]
2026-01-21 13:51:56,569 - position: [ 0.12496959 -1.46403956  1.73498452]
2026-01-21 13:51:56,824 - position: [ 0.12616272 -1.46558821  1.73498499]
2026-01-21 13:51:57,107 - position: [ 0.12670594 -1.46375155  1.73496795]
2026-01-21 13:51:57,347 - position: [ 0.12923387 -1.46069121  1.73497355]
2026-01-21 13:51:57,568 - position: [ 0.13290483 -1.45862925  1.73481691]
2026-01-21 13:51:57,785 - position: [ 0.13269949 -1.45899403  1.73492217]
2026-01-21 13:51:58,002 - position: [ 0.12959771 -1.45715976  1.7353785 ]
2026-01-21 13:51:58,235 - position: [ 0.12828065 -1.45434284  1.73522818]
2026-01-21 13:51:58,463 - position: [ 0.12782951 -1.45429242  1.73489821]
2026-01-21 13:51:58,704 - position: [ 0.12448576 -1.46006167  1.7349664 ]
2026-01-21 13:51:58,948 - position: [ 0.11802201 -1.46568549  1.73557079]
2026-01-21 13:51:59,169 - position: [ 0.1167234  -1.46686304  1.73590589]
2026-01-21 13:51:59,413 - position: [ 0.08724055 -1.48491657  1.73969615]
2026-01-21 13:51:59,645 - position: [ 0.06605867 -1.49448586  1.74385333]
2026-01-21 13:51:59,869 - position: [ 0.05571947 -1.49408555  1.7474705 ]
2026-01-21 13:52:00,120 - position: [ 0.0722322  -1.48666739  1.75160074]
2026-01-21 13:52:00,362 - position: [ 0.11482911 -1.48479533  1.74779081]
2026-01-21 13:52:00,586 - position: [ 0.12988125 -1.49151254  1.74750435]
2026-01-21 13:52:00,808 - position: [ 0.13412075 -1.4963125   1.7480346 ]
2026-01-21 13:52:01,024 - position: [ 0.13139707 -1.49327838  1.74680638]
2026-01-21 13:52:01,275 - position: [ 0.11889145 -1.49268234  1.74586642]
2026-01-21 13:52:01,492 - position: [ 0.0930232  -1.49494994  1.74422789]
2026-01-21 13:52:01,712 - position: [ 0.08389344 -1.49671626  1.74025226]
2026-01-21 13:52:01,959 - position: [ 0.1076186  -1.46669793  1.7393117 ]
2026-01-21 13:52:02,251 - position: [ 0.11001827 -1.45545292  1.73687375]
2026-01-21 13:52:02,493 - position: [ 0.10939157 -1.44505775  1.73404598]
2026-01-21 13:52:02,734 - position: [ 0.1172648  -1.4525038   1.73354065]
2026-01-21 13:52:03,009 - position: [ 0.12537532 -1.45023036  1.73204267]
2026-01-21 13:52:03,223 - position: [ 0.12536931 -1.44920206  1.73311079]
2026-01-21 13:52:03,513 - position: [ 0.1258437  -1.45287526  1.73258889]
2026-01-21 13:52:03,769 - position: [ 0.14969918 -1.45820463  1.72733474]
2026-01-21 13:52:03,983 - position: [ 0.17668884 -1.46502745  1.71829319]
2026-01-21 13:52:04,204 - position: [ 0.17373312 -1.46340609  1.72103655]
2026-01-21 13:52:04,426 - position: [ 0.17701341 -1.46485269  1.72211683]
2026-01-21 13:52:04,660 - position: [ 0.18205748 -1.46609128  1.72148657]
2026-01-21 13:52:04,887 - position: [ 0.18088292 -1.47070289  1.72204995]
2026-01-21 13:52:05,106 - position: [ 0.17512846 -1.47453427  1.72397494]
2026-01-21 13:52:05,318 - position: [ 0.16736916 -1.47442245  1.72762406]
2026-01-21 13:52:05,550 - position: [ 0.16392216 -1.47364795  1.72787023]
2026-01-21 13:52:05,823 - position: [ 0.16009475 -1.46956205  1.72796297]
2026-01-21 13:52:06,065 - position: [ 0.15870111 -1.46503758  1.72667623]
2026-01-21 13:52:06,274 - position: [ 0.15879424 -1.46611679  1.72621667]
2026-01-21 13:52:06,500 - position: [ 0.15958726 -1.46610653  1.7271539 ]
2026-01-21 13:52:06,707 - position: [ 0.15856473 -1.46196759  1.72645593]
2026-01-21 13:52:06,939 - position: [ 0.15654387 -1.45817065  1.72569859]
2026-01-21 13:52:07,163 - position: [ 0.15253299 -1.45087993  1.72496593]
2026-01-21 13:52:07,394 - position: [ 0.14761528 -1.45407712  1.72646272]
2026-01-21 13:52:07,630 - position: [ 0.1413981  -1.45292222  1.72766984]
2026-01-21 13:52:07,857 - position: [ 0.13721974 -1.45847976  1.72782147]
2026-01-21 13:52:08,066 - position: [ 0.12925641 -1.46930003  1.72852576]
2026-01-21 13:52:08,422 - position: [ 0.12328885 -1.46083355  1.71985769]
2026-01-21 13:52:08,659 - position: [ 0.12248164 -1.44333148  1.72254229]
2026-01-21 13:52:08,875 - position: [ 0.14251004 -1.43961477  1.7176168 ]
2026-01-21 13:52:09,112 - position: [ 0.15491751 -1.43985617  1.7139405 ]
2026-01-21 13:52:09,351 - position: [ 0.15907075 -1.44688022  1.72140157]
2026-01-21 13:52:09,573 - position: [ 0.15754639 -1.44842339  1.72423327]
2026-01-21 13:52:09,791 - position: [ 0.18769741 -1.45138991  1.70921278]
2026-01-21 13:52:10,013 - position: [ 0.18818244 -1.45227468  1.70951903]
2026-01-21 13:52:10,258 - position: [ 0.20675284 -1.47270703  1.70787466]
2026-01-21 13:52:10,488 - position: [ 0.20512119 -1.47677147  1.71229422]
2026-01-21 13:52:10,692 - position: [ 0.20861493 -1.47760582  1.71530521]
2026-01-21 13:52:10,904 - position: [ 0.21819499 -1.48115683  1.71274126]
2026-01-21 13:52:11,159 - position: [ 0.21832892 -1.4840945   1.71386397]
2026-01-21 13:52:11,390 - position: [ 0.20350112 -1.4808706   1.71883452]
2026-01-21 13:52:11,628 - position: [ 0.1894009  -1.47442853  1.72229707]
2026-01-21 13:52:11,921 - position: [ 0.16769147 -1.47618055  1.72837365]
2026-01-21 13:52:12,195 - position: [ 0.16874038 -1.47554648  1.72677767]
2026-01-21 13:52:12,410 - position: [ 0.1932991  -1.48316133  1.72025955]
2026-01-21 13:52:12,644 - position: [ 0.19686976 -1.48298824  1.72187221]
2026-01-21 13:52:12,863 - position: [ 0.19708566 -1.48017168  1.72176516]
2026-01-21 13:52:13,095 - position: [ 0.19354142 -1.47205865  1.72475851]
2026-01-21 13:52:13,316 - position: [ 0.17590792 -1.46906734  1.7301358 ]
2026-01-21 13:52:13,693 - position: [ 0.12129926 -1.46886718  1.74057734]
2026-01-21 13:52:13,919 - position: [ 0.13895918 -1.46136963  1.7302351 ]
2026-01-21 13:52:14,126 - position: [ 0.14311299 -1.46318686  1.72801936]
2026-01-21 13:52:14,335 - position: [ 0.14504609 -1.46062362  1.73119748]
2026-01-21 13:52:14,598 - position: [ 0.15202557 -1.45512211  1.73363137]
2026-01-21 13:52:14,826 - position: [ 0.15044171 -1.44845176  1.73089564]
2026-01-21 13:52:15,058 - position: [ 0.14847277 -1.45360243  1.73139322]
2026-01-21 13:52:15,305 - position: [ 0.13530125 -1.46185708  1.7363863 ]
2026-01-21 13:52:15,549 - position: [ 0.13418289 -1.46612287  1.7391814 ]
2026-01-21 13:52:15,764 - position: [ 0.13418289 -1.46612287  1.7391814 ]
2026-01-21 13:52:16,007 - position: [ 0.13665546 -1.4627285   1.73671734]
2026-01-21 13:52:16,210 - position: [ 0.13628045 -1.45504594  1.73687279]
2026-01-21 13:52:16,457 - position: [ 0.13856757 -1.45051384  1.73623812]
2026-01-21 13:52:16,693 - position: [ 0.13627388 -1.44868743  1.73625135]
2026-01-21 13:52:16,911 - position: [ 0.13521917 -1.44716585  1.73610556]
2026-01-21 13:52:17,148 - position: [ 0.13195013 -1.4421891   1.73611355]
2026-01-21 13:52:17,374 - position: [ 0.13153219 -1.44190156  1.73613167]
2026-01-21 13:52:17,601 - position: [ 0.12548979 -1.44421709  1.7352066 ]
2026-01-21 13:52:17,836 - position: [ 0.12526242 -1.45025826  1.73630738]
2026-01-21 13:52:18,083 - position: [ 0.12751208 -1.45184863  1.73468101]
2026-01-21 13:52:18,384 - position: [ 0.13060124 -1.44896984  1.73400664]
2026-01-21 13:52:18,595 - position: [ 0.13060124 -1.44896984  1.73400664]
2026-01-21 13:52:18,857 - position: [ 0.1441489  -1.45479929  1.7280184 ]
2026-01-21 13:52:19,063 - position: [ 0.13665561 -1.46508515  1.73262012]
2026-01-21 13:52:19,295 - position: [ 0.13529591 -1.46453214  1.73313951]
2026-01-21 13:52:19,533 - position: [ 0.13316084 -1.46272612  1.73241484]
2026-01-21 13:52:19,785 - position: [ 0.14264582 -1.46350753  1.73054671]
2026-01-21 13:52:19,996 - position: [ 0.14200462 -1.4598763   1.73360169]
2026-01-21 13:52:20,210 - position: [ 0.14699243 -1.45910311  1.7335397 ]
2026-01-21 13:52:20,466 - position: [ 0.1505217  -1.46142185  1.73375905]
2026-01-21 13:52:20,718 - position: [ 0.15636913 -1.46622789  1.73445237]
2026-01-21 13:52:20,952 - position: [ 0.15423916 -1.46443772  1.73427582]
2026-01-21 13:52:21,186 - position: [ 0.14800093 -1.45761335  1.73414421]
2026-01-21 13:52:21,517 - position: [ 0.14195046 -1.45442784  1.73468041]
2026-01-21 13:52:21,756 - position: [ 0.14439912 -1.45239091  1.73511243]
2026-01-21 13:52:22,043 - position: [ 0.14686748 -1.44952142  1.73481131]
2026-01-21 13:52:22,282 - position: [ 0.15041707 -1.45125329  1.73481667]
2026-01-21 13:52:22,502 - position: [ 0.15043259 -1.45116806  1.73463416]
2026-01-21 13:52:22,717 - position: [ 0.15548976 -1.45281625  1.73456228]
2026-01-21 13:52:22,938 - position: [ 0.15336271 -1.45435798  1.73479843]
2026-01-21 13:52:23,169 - position: [ 0.15321222 -1.45418561  1.73484075]
2026-01-21 13:52:23,377 - position: [ 0.1543849  -1.45381987  1.73439622]
2026-01-21 13:52:23,601 - position: [ 0.15432493 -1.45380414  1.73446977]
2026-01-21 13:52:23,850 - position: [ 0.15415284 -1.45187116  1.73506057]
2026-01-21 13:52:24,106 - position: [ 0.15327035 -1.44712031  1.7345506 ]
2026-01-21 13:52:24,337 - position: [ 0.14980516 -1.44982612  1.73263037]
2026-01-21 13:52:24,628 - position: [ 0.14587621 -1.45025575  1.73349833]
2026-01-21 13:52:24,849 - position: [ 0.16866189 -1.45914626  1.72753632]
2026-01-21 13:52:25,079 - position: [ 0.16773041 -1.46042454  1.72814429]
2026-01-21 13:52:25,289 - position: [ 0.15486917 -1.46766615  1.73211205]
2026-01-21 13:52:25,615 - position: [ 0.14769261 -1.46005273  1.7322588 ]
2026-01-21 13:52:25,822 - position: [ 0.14481004 -1.45984614  1.73377144]
2026-01-21 13:52:26,040 - position: [ 0.13276374 -1.46311057  1.7371217 ]
2026-01-21 13:52:26,312 - position: [ 0.12811148 -1.46021807  1.73772228]
2026-01-21 13:52:26,530 - position: [ 0.13010433 -1.45451808  1.73784399]
2026-01-21 13:52:26,807 - position: [ 0.13486636 -1.44829333  1.73947024]
2026-01-21 13:52:27,034 - position: [ 0.13576332 -1.44596684  1.73965657]
2026-01-21 13:52:27,262 - position: [ 0.13182777 -1.4442836   1.73901105]
2026-01-21 13:52:27,470 - position: [ 0.13273594 -1.44900417  1.73832905]
2026-01-21 13:52:27,721 - position: [ 0.13468093 -1.45412946  1.73824584]
2026-01-21 13:52:27,943 - position: [ 0.13884102 -1.4594754   1.73890603]
2026-01-21 13:52:28,175 - position: [ 0.14009143 -1.45979738  1.73896706]
2026-01-21 13:52:28,415 - position: [ 0.13994938 -1.45745981  1.73861229]
2026-01-21 13:52:28,667 - position: [ 0.1356287  -1.44886804  1.73819447]
2026-01-21 13:52:28,884 - position: [ 0.13479355 -1.44587791  1.73752272]
2026-01-21 13:52:29,098 - position: [ 0.13355666 -1.44878817  1.73769367]
2026-01-21 13:52:29,312 - position: [ 0.13297312 -1.45026076  1.73777497]
2026-01-21 13:52:29,597 - position: [ 0.13260418 -1.45089674  1.73774624]
2026-01-21 13:52:29,859 - position: [ 0.13199301 -1.45325005  1.73709404]
2026-01-21 13:52:30,106 - position: [ 0.13497652 -1.45761609  1.73642826]
2026-01-21 13:52:30,372 - position: [ 0.13639611 -1.4612596   1.73577404]
2026-01-21 13:52:30,610 - position: [ 0.13537876 -1.46065617  1.73617733]
2026-01-21 13:52:30,853 - position: [ 0.11730307 -1.46735632  1.73750365]
2026-01-21 13:52:31,082 - position: [ 0.10426965 -1.47668612  1.7392329 ]
2026-01-21 13:52:31,314 - position: [ 0.09301135 -1.47837996  1.74074638]
2026-01-21 13:52:31,525 - position: [ 0.09401209 -1.47446179  1.74254143]
2026-01-21 13:52:31,741 - position: [ 0.10222566 -1.4714855   1.74247742]
2026-01-21 13:52:31,974 - position: [ 0.11161353 -1.4780829   1.7424618 ]
2026-01-21 13:52:32,180 - position: [ 0.11628473 -1.47423363  1.74298096]
2026-01-21 13:52:32,427 - position: [ 0.12369698 -1.46750665  1.74399102]
2026-01-21 13:52:32,722 - position: [ 0.12068389 -1.46671724  1.74386072]
2026-01-21 13:52:32,992 - position: [ 0.10233848 -1.46344268  1.74001515]
2026-01-21 13:52:33,211 - position: [ 0.10681409 -1.46287429  1.73846614]
2026-01-21 13:52:33,451 - position: [ 0.12321356 -1.45681334  1.73942029]
2026-01-21 13:52:33,697 - position: [ 0.11824852 -1.45679581  1.73815024]
2026-01-21 13:52:33,934 - position: [ 0.11650486 -1.45983958  1.73735511]
2026-01-21 13:52:34,154 - position: [ 0.11831043 -1.46129191  1.7389034 ]
2026-01-21 13:52:34,367 - position: [ 0.12381011 -1.45928049  1.73885834]
2026-01-21 13:52:34,593 - position: [ 0.13403141 -1.45393479  1.73790526]
2026-01-21 13:52:34,826 - position: [ 0.13743816 -1.45435643  1.73800707]
2026-01-21 13:52:35,037 - position: [ 0.17017649 -1.46102393  1.73251927]
2026-01-21 13:52:35,261 - position: [ 0.17592731 -1.4585247   1.72969055]
2026-01-21 13:52:35,484 - position: [ 0.16985571 -1.46130919  1.73131025]
2026-01-21 13:52:35,782 - position: [ 0.1650012  -1.46409309  1.73038578]
2026-01-21 13:52:36,042 - position: [ 0.15630843 -1.46826267  1.73105681]
2026-01-21 13:52:36,243 - position: [ 0.14301406 -1.4667908   1.7321794 ]
2026-01-21 13:52:36,481 - position: [ 0.12777521 -1.46952784  1.73436213]
2026-01-21 13:52:36,692 - position: [ 0.12954769 -1.47607362  1.73409569]
2026-01-21 13:52:36,919 - position: [ 0.14151043 -1.47619951  1.7322495 ]
2026-01-21 13:52:37,191 - position: [ 0.14854328 -1.46604621  1.73064935]
2026-01-21 13:52:37,436 - position: [ 0.14655487 -1.46262813  1.73329484]
2026-01-21 13:52:37,648 - position: [ 0.15334232 -1.46145082  1.73225796]
2026-01-21 13:52:37,873 - position: [ 0.15338337 -1.46154273  1.73204637]
2026-01-21 13:52:38,122 - position: [ 0.15098408 -1.4627763   1.73272228]
2026-01-21 13:52:38,362 - position: [ 0.14888106 -1.45937276  1.73058999]
2026-01-21 13:52:38,642 - position: [ 0.14351381 -1.46047652  1.73368335]
2026-01-21 13:52:38,902 - position: [ 0.15506226 -1.4641372   1.73410439]
2026-01-21 13:52:39,139 - position: [ 0.1565478  -1.46343541  1.73278952]
2026-01-21 13:52:39,362 - position: [ 0.1496864  -1.4625963   1.73214436]
2026-01-21 13:52:39,606 - position: [ 0.1459339  -1.46452212  1.73217654]
2026-01-21 13:52:39,861 - position: [ 0.15125798 -1.4637928   1.7321595 ]
2026-01-21 13:52:40,104 - position: [ 0.15517701 -1.45638692  1.73131871]
2026-01-21 13:52:40,306 - position: [ 0.15632214 -1.45464265  1.73138452]
2026-01-21 13:52:40,534 - position: [ 0.1601007  -1.45736456  1.73144937]
2026-01-21 13:52:40,829 - position: [ 0.17019646 -1.46533346  1.72984231]
2026-01-21 13:52:41,083 - position: [ 0.16831033 -1.46539521  1.73032689]
2026-01-21 13:52:41,315 - position: [ 0.15968961 -1.457183    1.73070109]
2026-01-21 13:52:41,600 - position: [ 0.15442796 -1.4571166   1.7306633 ]
2026-01-21 13:52:41,840 - position: [ 0.15097322 -1.45796335  1.73066413]
2026-01-21 13:52:42,107 - position: [ 0.15110254 -1.45941091  1.72912574]
2026-01-21 13:52:42,357 - position: [ 0.15658697 -1.45086932  1.72637522]
2026-01-21 13:52:42,575 - position: [ 0.1604875  -1.44504762  1.72545397]
2026-01-21 13:52:42,835 - position: [ 0.17182049 -1.44030321  1.72681499]
2026-01-21 13:52:43,046 - position: [ 0.16521519 -1.43774736  1.72960722]
2026-01-21 13:52:43,275 - position: [ 0.1741197  -1.4315573   1.72730482]
2026-01-21 13:52:43,484 - position: [ 0.1785733  -1.43214083  1.7284112 ]
2026-01-21 13:52:43,764 - position: [ 0.18396427 -1.42751575  1.72830868]
2026-01-21 13:52:44,012 - position: [ 0.1831616  -1.426651    1.72853732]
2026-01-21 13:52:44,295 - position: [ 0.17513783 -1.45439601  1.73680329]
2026-01-21 13:52:44,541 - position: [ 0.17237891 -1.46695673  1.73544586]
2026-01-21 13:52:44,777 - position: [ 0.16180594 -1.47361183  1.73703706]
2026-01-21 13:52:44,987 - position: [ 0.15602154 -1.47688437  1.73862159]
2026-01-21 13:52:45,226 - position: [ 0.15699312 -1.47496676  1.73777199]
2026-01-21 13:52:45,465 - position: [ 0.16572811 -1.48398018  1.73165464]
2026-01-21 13:52:45,672 - position: [ 0.16316633 -1.47766781  1.72948372]
2026-01-21 13:52:45,908 - position: [ 0.17422995 -1.46070957  1.72536981]
2026-01-21 13:52:46,160 - position: [ 0.17864881 -1.45419633  1.72362912]
2026-01-21 13:52:46,404 - position: [ 0.1743962  -1.45383787  1.72436273]
2026-01-21 13:52:46,636 - position: [ 0.1743962  -1.45383787  1.72436273]
2026-01-21 13:52:46,884 - position: [ 0.1491541  -1.44879472  1.72836411]
2026-01-21 13:52:47,114 - position: [ 0.13025798 -1.44775772  1.73291755]
2026-01-21 13:52:47,367 - position: [ 0.10575366 -1.45283318  1.73419428]
2026-01-21 13:52:47,596 - position: [ 0.10046592 -1.46067929  1.73370171]
2026-01-21 13:52:47,820 - position: [ 0.09721753 -1.46400928  1.73603427]
2026-01-21 13:52:48,027 - position: [ 0.10177813 -1.46822011  1.73736942]
2026-01-21 13:52:48,295 - position: [ 0.12749249 -1.46255624  1.73139191]
2026-01-21 13:52:48,519 - position: [ 0.13223942 -1.46692955  1.73147857]
2026-01-21 13:52:48,789 - position: [ 0.1440572  -1.47223353  1.73063326]
2026-01-21 13:52:49,013 - position: [ 0.16356479 -1.47769034  1.72343183]
2026-01-21 13:52:49,241 - position: [ 0.16208428 -1.47116196  1.72026622]
2026-01-21 13:52:49,471 - position: [ 0.14322093 -1.46768248  1.72826946]
2026-01-21 13:52:49,710 - position: [ 0.1485991  -1.46566164  1.72764766]
2026-01-21 13:52:49,934 - position: [ 0.17270762 -1.44536889  1.71944714]
2026-01-21 13:52:50,150 - position: [ 0.16321832 -1.44794166  1.72711289]
2026-01-21 13:52:50,405 - position: [ 0.14841078 -1.44581687  1.72855949]
2026-01-21 13:52:50,675 - position: [ 0.16462265 -1.45302224  1.71994102]
2026-01-21 13:52:50,891 - position: [ 0.1588607  -1.45835376  1.72267449]
2026-01-21 13:52:51,099 - position: [ 0.13428935 -1.4584775   1.73095214]
2026-01-21 13:52:51,342 - position: [ 0.11844647 -1.45878685  1.73344934]
2026-01-21 13:52:51,639 - position: [ 0.10690445 -1.45570707  1.73224187]
2026-01-21 13:52:51,877 - position: [ 0.10687729 -1.45381939  1.73270309]
2026-01-21 13:52:52,120 - position: [ 0.10764325 -1.45356333  1.73507798]
2026-01-21 13:52:52,377 - position: [ 0.11762754 -1.45545745  1.73577189]
2026-01-21 13:52:52,611 - position: [ 0.12090901 -1.45790517  1.73501885]
2026-01-21 13:52:52,854 - position: [ 0.12099071 -1.4602648   1.73564768]
2026-01-21 13:52:53,105 - position: [ 0.12423563 -1.46543038  1.73712301]
2026-01-21 13:52:53,342 - position: [ 0.13222806 -1.4651885   1.73667157]
2026-01-21 13:52:53,575 - position: [ 0.13553262 -1.46136606  1.73700631]
2026-01-21 13:52:53,827 - position: [ 0.14120857 -1.4577589   1.73506784]
2026-01-21 13:52:54,057 - position: [ 0.13839927 -1.45788372  1.73411167]
2026-01-21 13:52:54,265 - position: [ 0.13781883 -1.45920885  1.73398757]
2026-01-21 13:52:54,509 - position: [ 0.13951012 -1.46449041  1.73444378]
2026-01-21 13:52:54,771 - position: [ 0.14721547 -1.46681988  1.73406792]
2026-01-21 13:52:55,012 - position: [ 0.14419426 -1.4655757   1.73435962]
2026-01-21 13:52:55,258 - position: [ 0.13656022 -1.45773029  1.73410439]
2026-01-21 13:52:55,473 - position: [ 0.13744792 -1.45164394  1.73378229]
2026-01-21 13:52:55,749 - position: [ 0.14137676 -1.46070027  1.73381937]
2026-01-21 13:52:55,980 - position: [ 0.13674617 -1.46494746  1.73398805]
2026-01-21 13:52:56,205 - position: [ 0.13704388 -1.46009433  1.73018157]
2026-01-21 13:52:56,450 - position: [ 0.13525586 -1.45777512  1.72941601]
2026-01-21 13:52:56,679 - position: [ 0.13593049 -1.46902263  1.7303375 ]
2026-01-21 13:52:56,929 - position: [ 0.15489037 -1.48576975  1.72723818]
2026-01-21 13:52:57,161 - position: [ 0.1532003  -1.48819351  1.72646987]
2026-01-21 13:52:57,390 - position: [ 0.1489322  -1.48146546  1.7283603 ]
2026-01-21 13:52:57,631 - position: [ 0.15995054 -1.47616887  1.72746491]
2026-01-21 13:52:57,843 - position: [ 0.17310718 -1.47271359  1.72663248]
2026-01-21 13:52:58,146 - position: [ 0.16940787 -1.46462846  1.73496604]
2026-01-21 13:52:58,351 - position: [ 0.16926758 -1.4623611   1.73463845]
2026-01-21 13:52:58,601 - position: [ 0.15668896 -1.46503782  1.73450649]
2026-01-21 13:52:58,821 - position: [ 0.15390407 -1.46765018  1.73371422]
2026-01-21 13:52:59,035 - position: [ 0.14705892 -1.47249401  1.7340107 ]
2026-01-21 13:52:59,306 - position: [ 0.14109668 -1.47805607  1.73467803]
2026-01-21 13:52:59,561 - position: [ 0.13755229 -1.48825336  1.73557687]
2026-01-21 13:52:59,789 - position: [ 0.13137136 -1.50230134  1.73487413]
2026-01-21 13:52:59,999 - position: [ 0.12753758 -1.5028137   1.73623586]
2026-01-21 13:53:00,231 - position: [ 0.12753758 -1.5028137   1.73623586]
2026-01-21 13:53:00,452 - position: [ 0.13928215 -1.49049175  1.73478186]
2026-01-21 13:53:00,709 - position: [ 0.15688734 -1.48536336  1.72905993]
2026-01-21 13:53:00,985 - position: [ 0.15179518 -1.48962224  1.72987831]
2026-01-21 13:53:01,242 - position: [ 0.15588972 -1.48796308  1.73106682]
2026-01-21 13:53:01,506 - position: [ 0.14690728 -1.48078239  1.73245931]
2026-01-21 13:53:01,754 - position: [ 0.15755266 -1.47486305  1.72976744]
2026-01-21 13:53:01,993 - position: [ 0.13992499 -1.46847296  1.7325269 ]
2026-01-21 13:53:02,218 - position: [ 0.16323143 -1.46612477  1.72731149]
2026-01-21 13:53:02,454 - position: [ 0.17114861 -1.47125113  1.7189821 ]
2026-01-21 13:53:02,669 - position: [ 0.17983302 -1.47220266  1.71840596]
2026-01-21 13:53:02,892 - position: [ 0.2100336  -1.48619926  1.721398  ]
2026-01-21 13:53:03,128 - position: [ 0.22581644 -1.47662282  1.71456122]
2026-01-21 13:53:03,375 - position: [ 0.22727248 -1.47459066  1.71118557]
2026-01-21 13:53:03,614 - position: [ 0.22727248 -1.47459066  1.71118557]
2026-01-21 13:53:03,836 - position: [ 0.19230789 -1.47612286  1.72551668]
2026-01-21 13:53:04,102 - position: [ 0.19288786 -1.48192811  1.72304893]
2026-01-21 13:53:04,325 - position: [ 0.18797898 -1.48139381  1.72263157]
2026-01-21 13:53:04,554 - position: [ 0.16071092 -1.47832739  1.73334682]
2026-01-21 13:53:04,799 - position: [ 0.138147   -1.48297787  1.7333113 ]
2026-01-21 13:53:05,032 - position: [ 0.13341932 -1.48374784  1.73321462]
2026-01-21 13:53:05,277 - position: [ 0.12810604 -1.48111558  1.73778069]
2026-01-21 13:53:05,515 - position: [ 0.12821257 -1.48636997  1.73866737]
2026-01-21 13:53:05,743 - position: [ 0.12961602 -1.48256135  1.73775244]
2026-01-21 13:53:05,970 - position: [ 0.13254265 -1.48077738  1.73771572]
2026-01-21 13:53:06,236 - position: [ 0.14079008 -1.48007846  1.7367146 ]
2026-01-21 13:53:06,492 - position: [ 0.14170307 -1.47958529  1.73654139]
2026-01-21 13:53:06,719 - position: [ 0.14042181 -1.47310364  1.7352258 ]
2026-01-21 13:53:06,978 - position: [ 0.13986699 -1.46999156  1.73471165]
2026-01-21 13:53:07,200 - position: [ 0.13971859 -1.46872091  1.73445392]
2026-01-21 13:53:07,430 - position: [ 0.14189397 -1.46133459  1.7334733 ]
2026-01-21 13:53:07,652 - position: [ 0.14521624 -1.45851052  1.73330653]
2026-01-21 13:53:07,904 - position: [ 0.14916968 -1.45281601  1.73330188]
2026-01-21 13:53:08,148 - position: [ 0.14722766 -1.45007479  1.7334888 ]
2026-01-21 13:53:08,372 - position: [ 0.14123112 -1.44901025  1.73357034]
2026-01-21 13:53:08,581 - position: [ 0.13665515 -1.44908285  1.73377585]
2026-01-21 13:53:08,815 - position: [ 0.11669478 -1.47035277  1.73540962]
2026-01-21 13:53:09,060 - position: [ 0.12566049 -1.48393857  1.73528886]
2026-01-21 13:53:09,298 - position: [ 0.12617372 -1.48029971  1.73926961]
2026-01-21 13:53:09,513 - position: [ 0.11409265 -1.48042703  1.74249136]
2026-01-21 13:53:09,754 - position: [ 0.10998937 -1.49224746  1.74397349]
2026-01-21 13:53:09,959 - position: [ 0.11269584 -1.4968524   1.74263406]
2026-01-21 13:53:10,175 - position: [ 0.11850502 -1.50123644  1.74327624]
2026-01-21 13:53:10,406 - position: [ 0.13021579 -1.4982121   1.74242878]
2026-01-21 13:53:10,666 - position: [ 0.13624735 -1.49164319  1.7413466 ]
2026-01-21 13:53:10,887 - position: [ 0.14173341 -1.48813796  1.74191046]
2026-01-21 13:53:11,138 - position: [ 0.14383468 -1.48556387  1.74114132]
2026-01-21 13:53:11,425 - position: [ 0.14130504 -1.48412287  1.74121213]
2026-01-21 13:53:11,678 - position: [ 0.10317361 -1.48502827  1.73759043]
2026-01-21 13:53:11,894 - position: [ 0.12063912 -1.48114717  1.73486793]
2026-01-21 13:53:12,108 - position: [ 0.12813996 -1.47928381  1.73417079]
2026-01-21 13:53:12,360 - position: [ 0.17105062 -1.45414257  1.73061836]
2026-01-21 13:53:12,571 - position: [ 0.17961574 -1.44663584  1.72744596]
2026-01-21 13:53:12,809 - position: [ 0.18159674 -1.44431484  1.72518778]
2026-01-21 13:53:13,069 - position: [ 0.16469428 -1.459234    1.72960782]
2026-01-21 13:53:13,276 - position: [ 0.1597918  -1.46135187  1.73103476]
2026-01-21 13:53:13,530 - position: [ 0.16391927 -1.45899892  1.7287941 ]
2026-01-21 13:53:13,739 - position: [ 0.17301378 -1.45662808  1.72568965]
2026-01-21 13:53:14,003 - position: [ 0.17118324 -1.4622947   1.72911775]
2026-01-21 13:53:14,296 - position: [ 0.17657869 -1.46973026  1.72736549]
2026-01-21 13:53:14,603 - position: [ 0.1698821  -1.46698487  1.72811604]
2026-01-21 13:53:14,828 - position: [ 0.15597349 -1.45728993  1.73037481]
2026-01-21 13:53:15,055 - position: [ 0.14887671 -1.45658135  1.73071051]
2026-01-21 13:53:15,266 - position: [ 0.14817715 -1.46355402  1.72943628]
2026-01-21 13:53:15,498 - position: [ 0.14634541 -1.46546829  1.7295382 ]
2026-01-21 13:53:15,723 - position: [ 0.13156515 -1.46869051  1.73251569]
2026-01-21 13:53:15,944 - position: [ 0.14368083 -1.47127092  1.73330986]
2026-01-21 13:53:16,175 - position: [ 0.14661923 -1.46995246  1.73413527]
2026-01-21 13:53:16,392 - position: [ 0.15413153 -1.4732753   1.73293209]
2026-01-21 13:53:16,608 - position: [ 0.16709554 -1.48449516  1.72668231]
2026-01-21 13:53:16,869 - position: [ 0.15446265 -1.49504387  1.72762895]
2026-01-21 13:53:17,125 - position: [ 0.12508015 -1.49937034  1.73331308]
2026-01-21 13:53:17,356 - position: [ 0.11656065 -1.50649762  1.73362184]
2026-01-21 13:53:17,609 - position: [ 0.12097318 -1.50959086  1.73288798]
2026-01-21 13:53:17,853 - position: [ 0.14142676 -1.49889386  1.73238671]
2026-01-21 13:53:18,114 - position: [ 0.15448053 -1.47915995  1.72819006]
2026-01-21 13:53:18,336 - position: [ 0.15049483 -1.47589684  1.72789061]
2026-01-21 13:53:18,551 - position: [ 0.14342022 -1.46878314  1.72720981]
2026-01-21 13:53:18,781 - position: [ 0.13934506 -1.47104216  1.72647011]
2026-01-21 13:53:19,035 - position: [ 0.13995051 -1.47480285  1.72460067]
2026-01-21 13:53:19,291 - position: [ 0.1440893  -1.47564709  1.72368383]
2026-01-21 13:53:19,582 - position: [ 0.13984896 -1.47480655  1.72539639]
2026-01-21 13:53:19,814 - position: [ 0.13850477 -1.47179151  1.72390842]
2026-01-21 13:53:20,054 - position: [ 0.14678337 -1.47411239  1.72310758]
2026-01-21 13:53:20,300 - position: [ 0.15262586 -1.47465718  1.72309136]
2026-01-21 13:53:20,522 - position: [ 0.15384437 -1.46938384  1.72248363]
2026-01-21 13:53:20,753 - position: [ 0.14959477 -1.46814311  1.72244525]
2026-01-21 13:53:20,962 - position: [ 0.14612187 -1.46709812  1.72264564]
2026-01-21 13:53:21,177 - position: [ 0.14612187 -1.46709812  1.72264564]
2026-01-21 13:53:21,391 - position: [ 0.14938797 -1.47602928  1.72427201]
2026-01-21 13:53:21,665 - position: [ 0.14978959 -1.47724283  1.72453117]
2026-01-21 13:53:21,887 - position: [ 0.14536756 -1.4741087   1.72425091]
2026-01-21 13:53:22,119 - position: [ 0.14450701 -1.47028899  1.72454131]
2026-01-21 13:53:22,351 - position: [ 0.14676119 -1.47064757  1.72474205]
2026-01-21 13:53:22,574 - position: [ 0.1532746  -1.47312748  1.72515225]
2026-01-21 13:53:22,824 - position: [ 0.15798572 -1.47330427  1.72556067]
2026-01-21 13:53:23,041 - position: [ 0.16171864 -1.46967125  1.72532916]
2026-01-21 13:53:23,245 - position: [ 0.16276069 -1.46792662  1.72518241]
2026-01-21 13:53:23,515 - position: [ 0.16276756 -1.46858644  1.72516692]
2026-01-21 13:53:23,805 - position: [ 0.16487038 -1.46682465  1.72625506]
2026-01-21 13:53:24,039 - position: [ 0.16347948 -1.46343648  1.72594142]
2026-01-21 13:53:24,251 - position: [ 0.15836482 -1.46472239  1.72564042]
2026-01-21 13:53:24,485 - position: [ 0.1514935  -1.46735561  1.72594726]
2026-01-21 13:53:24,724 - position: [ 0.14530167 -1.46982002  1.72676885]
2026-01-21 13:53:25,012 - position: [ 0.14832784 -1.46485555  1.72521091]
2026-01-21 13:53:25,247 - position: [ 0.1560479  -1.46419644  1.72286367]
2026-01-21 13:53:25,477 - position: [ 0.15256098 -1.46007764  1.72521448]
2026-01-21 13:53:25,725 - position: [ 0.12984458 -1.46213734  1.73028409]
2026-01-21 13:53:25,962 - position: [ 0.13066655 -1.46157241  1.73118746]
2026-01-21 13:53:26,196 - position: [ 0.13754864 -1.46416485  1.7320832 ]
2026-01-21 13:53:26,420 - position: [ 0.14016756 -1.46739173  1.73403049]
2026-01-21 13:53:26,668 - position: [ 0.13831326 -1.46413934  1.73300695]
2026-01-21 13:53:26,920 - position: [ 0.14376497 -1.46640229  1.73082674]
2026-01-21 13:53:27,160 - position: [ 0.149001   -1.47304702  1.73008919]
2026-01-21 13:53:27,408 - position: [ 0.15909782 -1.47401917  1.72613621]
2026-01-21 13:53:27,696 - position: [ 0.16362149 -1.47630036  1.72219861]
2026-01-21 13:53:27,961 - position: [ 0.15932734 -1.48597765  1.72503841]
2026-01-21 13:53:28,197 - position: [ 0.15265977 -1.48281038  1.72685087]
2026-01-21 13:53:28,410 - position: [ 0.16098462 -1.48649752  1.72647285]
2026-01-21 13:53:28,638 - position: [ 0.16775793 -1.47853053  1.72509611]
2026-01-21 13:53:28,931 - position: [ 0.17067704 -1.47398031  1.72418141]
2026-01-21 13:53:29,155 - position: [ 0.16849719 -1.46978009  1.72145617]
2026-01-21 13:53:29,373 - position: [ 0.16066378 -1.47367942  1.72730529]
2026-01-21 13:53:29,603 - position: [ 0.15772395 -1.45685995  1.73032212]
2026-01-21 13:53:29,890 - position: [ 0.15772395 -1.45685995  1.73032212]
2026-01-21 13:53:30,129 - position: [ 0.15758993 -1.4598726   1.733253  ]
2026-01-21 13:53:30,347 - position: [ 0.15785794 -1.46215212  1.73342443]
2026-01-21 13:53:30,603 - position: [ 0.15736808 -1.4597919   1.73209834]
2026-01-21 13:53:30,859 - position: [ 0.15803026 -1.46334648  1.73164356]
2026-01-21 13:53:31,095 - position: [ 0.15973607 -1.46830463  1.73154438]
2026-01-21 13:53:31,351 - position: [ 0.16045982 -1.47172463  1.73123479]
2026-01-21 13:53:31,583 - position: [ 0.16045982 -1.47172463  1.73123479]
2026-01-21 13:53:31,788 - position: [ 0.15345067 -1.47346652  1.73520482]
2026-01-21 13:53:31,996 - position: [ 0.14975406 -1.4771198   1.73582172]
2026-01-21 13:53:32,258 - position: [ 0.14717065 -1.47659326  1.73620093]
2026-01-21 13:53:32,499 - position: [ 0.14795001 -1.47559679  1.73592567]
2026-01-21 13:53:32,729 - position: [ 0.14504929 -1.47541308  1.73617041]
2026-01-21 13:53:32,963 - position: [ 0.14342856 -1.47243404  1.73609626]
2026-01-21 13:53:33,200 - position: [ 0.1368825  -1.45918846  1.73546767]
2026-01-21 13:53:33,428 - position: [ 0.13155855 -1.45456982  1.73579407]
2026-01-21 13:53:33,723 - position: [ 0.13030826 -1.45453167  1.73384881]
2026-01-21 13:53:33,953 - position: [ 0.1350833  -1.45898271  1.73350465]
2026-01-21 13:53:34,198 - position: [ 0.13912685 -1.45882392  1.73378325]
2026-01-21 13:53:34,431 - position: [ 0.14115186 -1.45510483  1.73566914]
2026-01-21 13:53:34,666 - position: [ 0.13998477 -1.44997048  1.73574936]
2026-01-21 13:53:34,898 - position: [ 0.13402708 -1.43904316  1.73443878]
2026-01-21 13:53:35,128 - position: [ 0.14626443 -1.45909977  1.73151386]
2026-01-21 13:53:35,348 - position: [ 0.13960947 -1.47539949  1.732988  ]
2026-01-21 13:53:35,688 - position: [ 0.14063798 -1.47673666  1.73263717]
2026-01-21 13:53:35,948 - position: [ 0.13038312 -1.49349833  1.7360543 ]
2026-01-21 13:53:36,191 - position: [ 0.12928773 -1.46925402  1.73497522]
2026-01-21 13:53:36,425 - position: [ 0.12503035 -1.46685529  1.73538804]
2026-01-21 13:53:36,658 - position: [ 0.11394703 -1.47643459  1.73641372]
2026-01-21 13:53:36,875 - position: [ 0.12020738 -1.47974503  1.73529911]
2026-01-21 13:53:37,112 - position: [ 0.11655582 -1.48290253  1.73666418]
2026-01-21 13:53:37,357 - position: [ 0.11312019 -1.4818449   1.73779058]
2026-01-21 13:53:37,583 - position: [ 0.11245344 -1.48004341  1.73826301]
2026-01-21 13:53:37,806 - position: [ 0.10630845 -1.47881532  1.73844957]
2026-01-21 13:53:38,049 - position: [ 0.10403211 -1.4833281   1.73864901]
2026-01-21 13:53:38,304 - position: [ 0.10805695 -1.4802345   1.73862433]
2026-01-21 13:53:38,567 - position: [ 0.11046644 -1.4737463   1.73846126]
2026-01-21 13:53:38,833 - position: [ 0.1103425  -1.46477509  1.73782408]
2026-01-21 13:53:39,061 - position: [ 0.10997906 -1.46621668  1.73767483]
2026-01-21 13:53:39,370 - position: [ 0.10872336 -1.46651709  1.73770261]
2026-01-21 13:53:39,583 - position: [ 0.11158951 -1.46661007  1.73803174]
2026-01-21 13:53:39,791 - position: [ 0.11087791 -1.46746087  1.73793614]
2026-01-21 13:53:40,071 - position: [ 0.10802376 -1.46795738  1.73705399]
2026-01-21 13:53:40,295 - position: [ 0.10582702 -1.46943927  1.7369895 ]
2026-01-21 13:53:40,523 - position: [ 0.10862913 -1.469414    1.73658848]
2026-01-21 13:53:40,752 - position: [ 0.10928044 -1.46485615  1.73648012]
2026-01-21 13:53:41,018 - position: [ 0.10336826 -1.4611423   1.73529959]
2026-01-21 13:53:41,232 - position: [ 0.10390525 -1.46152115  1.73546362]
2026-01-21 13:53:41,494 - position: [ 0.09764129 -1.46982634  1.73469245]
2026-01-21 13:53:41,722 - position: [ 0.09263988 -1.48445368  1.7360369 ]
2026-01-21 13:53:41,969 - position: [ 0.1047978  -1.48686635  1.73645473]
2026-01-21 13:53:42,215 - position: [ 0.14564241 -1.48696971  1.72965741]
2026-01-21 13:53:42,448 - position: [ 0.15178947 -1.49122334  1.72821605]
2026-01-21 13:53:42,689 - position: [ 0.14217256 -1.48650563  1.73154569]
2026-01-21 13:53:42,941 - position: [ 0.13644929 -1.48510075  1.73306227]
2026-01-21 13:53:43,163 - position: [ 0.13291372 -1.4883821   1.73456502]
2026-01-21 13:53:43,417 - position: [ 0.13685012 -1.47104204  1.72876894]
2026-01-21 13:53:43,661 - position: [ 0.15210752 -1.47935128  1.72862673]
2026-01-21 13:53:43,898 - position: [ 0.16488637 -1.4711107   1.72799397]
2026-01-21 13:53:44,155 - position: [ 0.15772736 -1.46547258  1.7351625 ]
2026-01-21 13:53:44,415 - position: [ 0.14738937 -1.46471739  1.73840666]
2026-01-21 13:53:44,626 - position: [ 0.12910783 -1.4654249   1.74126875]
