2026-01-20 15:43:25,618 - position: [ 0.14560056 -0.17841385  0.95899248] - angle: -1.591144407860524
2026-01-20 15:43:25,853 - position: [ 0.14558475 -0.18396431  0.96394145] - angle: -1.5837064493817845
2026-01-20 15:43:26,143 - position: [ 0.14527854 -0.1912379   0.96687752] - angle: -1.5881873708982495
2026-01-20 15:43:26,391 - position: [ 0.14366761 -0.19503352  0.96975678] - angle: -1.589884672976078
2026-01-20 15:43:26,605 - position: [ 0.14251868 -0.19627254  0.97746587] - angle: -1.583199092110669
2026-01-20 15:43:26,887 - position: [ 0.14102255 -0.19767287  0.98699987] - angle: -1.5908245483903247
2026-01-20 15:43:27,202 - position: [ 0.1407349  -0.19810615  0.99372506] - angle: -1.590048499117044
2026-01-20 15:43:27,438 - position: [ 0.14058095 -0.19821867  1.00260365] - angle: -1.5899796866105032
2026-01-20 15:43:27,674 - position: [ 0.14855403 -0.19764601  1.18118846] - angle: -1.5896335504827785
2026-01-20 15:43:27,917 - position: [ 0.1562032  -0.20472679  1.40610468] - angle: -1.5976611719900529
2026-01-20 15:43:28,133 - position: [ 0.16196598 -0.21376695  1.57778716] - angle: -1.588886794136239
2026-01-20 15:43:28,355 - position: [ 0.16196598 -0.21376695  1.57778716] - angle: -1.588886794136239
2026-01-20 15:43:28,566 - position: [ 0.18368028 -0.24149241  1.78617513] - angle: -1.5942351295074086
2026-01-20 15:43:28,789 - position: [ 0.18447414 -0.24256326  1.79069948] - angle: -1.5925372182399418
2026-01-20 15:43:29,019 - position: [ 0.18447414 -0.24256326  1.79069948] - angle: -1.5925372182399418
2026-01-20 15:43:29,254 - position: [ 0.18447414 -0.24256326  1.79069948] - angle: -1.5925372182399418
2026-01-20 15:43:29,494 - position: [ 0.18447414 -0.24256326  1.79069948] - angle: -1.5925372182399418
2026-01-20 15:43:29,742 - position: [ 0.18447414 -0.24256326  1.79069948] - angle: -1.5925372182399418
2026-01-20 15:43:29,985 - position: [ 0.18447414 -0.24256326  1.79069948] - angle: -1.5925372182399418
2026-01-20 15:43:30,207 - position: [ 0.18447414 -0.24256326  1.79069948] - angle: -1.5925372182399418
2026-01-20 15:43:30,419 - position: [ 0.18447414 -0.24256326  1.79069948] - angle: -1.5925372182399418
2026-01-20 15:43:30,684 - position: [ 0.18447414 -0.24256326  1.79069948] - angle: -1.5925372182399418
2026-01-20 15:43:30,922 - position: [ 0.18447414 -0.24256326  1.79069948] - angle: -1.5925372182399418
2026-01-20 15:43:31,136 - position: [ 0.18447414 -0.24256326  1.79069948] - angle: -1.5925372182399418
2026-01-20 15:43:31,367 - position: [ 0.18447414 -0.24256326  1.79069948] - angle: -1.5925372182399418
2026-01-20 15:43:31,616 - position: [ 0.18447414 -0.24256326  1.79069948] - angle: -1.5925372182399418
2026-01-20 15:43:31,843 - position: [ 0.18447414 -0.24256326  1.79069948] - angle: -1.5925372182399418
2026-01-20 15:43:32,111 - position: [ 0.18447414 -0.24256326  1.79069948] - angle: -1.5925372182399418
2026-01-20 15:43:32,338 - position: [ 0.18447414 -0.24256326  1.79069948] - angle: -1.5925372182399418
2026-01-20 15:43:32,602 - position: [ 0.18447414 -0.24256326  1.79069948] - angle: -1.5925372182399418
2026-01-20 15:43:32,847 - position: [ 0.18447414 -0.24256326  1.79069948] - angle: -1.5925372182399418
2026-01-20 15:43:33,087 - position: [ 0.18447414 -0.24256326  1.79069948] - angle: -1.5925372182399418
2026-01-20 15:43:33,331 - position: [ 0.18447414 -0.24256326  1.79069948] - angle: -1.5925372182399418
2026-01-20 15:43:33,583 - position: [ 0.2019935  -0.36765751  1.84965444] - angle: -1.5884820042467513
2026-01-20 15:43:33,885 - position: [ 0.2019935  -0.36765751  1.84965444] - angle: -1.5884820042467513
2026-01-20 15:43:34,098 - position: [ 0.2019935  -0.36765751  1.84965444] - angle: -1.5884820042467513
2026-01-20 15:43:34,382 - position: [ 0.2019935  -0.36765751  1.84965444] - angle: -1.5884820042467513
2026-01-20 15:43:34,609 - position: [ 0.20478773 -0.37947956  1.81893706] - angle: -1.586667442312688
2026-01-20 15:43:34,820 - position: [ 0.20145312 -0.38442779  1.8055464 ] - angle: -1.5866309561983414
2026-01-20 15:43:35,036 - position: [ 0.20088638 -0.3856439   1.80270326] - angle: -1.5868096380888908
2026-01-20 15:43:35,325 - position: [ 0.19964802 -0.3947784   1.7853899 ] - angle: -1.5866297294622713
2026-01-20 15:43:35,550 - position: [ 0.19939682 -0.39607379  1.78144026] - angle: -1.5872776299246265
2026-01-20 15:43:35,834 - position: [ 0.19951525 -0.39700922  1.77806139] - angle: -1.5867704058328584
2026-01-20 15:43:36,069 - position: [ 0.20129319 -0.39654037  1.77272058] - angle: -1.5869640669477025
2026-01-20 15:43:36,287 - position: [ 0.20129319 -0.39654037  1.77272058] - angle: -1.5869640669477025
2026-01-20 15:43:36,508 - position: [ 0.19894934 -0.38912979  1.77341473] - angle: -1.5869107710330326
2026-01-20 15:43:36,741 - position: [ 0.1966936  -0.38054407  1.77462351] - angle: -1.5863561639960126
2026-01-20 15:43:36,955 - position: [ 0.1966936  -0.38054407  1.77462351] - angle: -1.5863561639960126
2026-01-20 15:43:37,241 - position: [ 0.1966936  -0.38054407  1.77462351] - angle: -1.5863561639960126
2026-01-20 15:43:37,463 - position: [ 0.1966936  -0.38054407  1.77462351] - angle: -1.5863561639960126
2026-01-20 15:43:37,708 - position: [ 0.1966936  -0.38054407  1.77462351] - angle: -1.5863561639960126
2026-01-20 15:43:37,944 - position: [ 0.19007716 -0.3508642   1.78154993] - angle: -1.585249440966475
2026-01-20 15:43:38,155 - position: [ 0.19007716 -0.3508642   1.78154993] - angle: -1.585249440966475
2026-01-20 15:43:38,378 - position: [ 0.18921033 -0.34675848  1.78538656] - angle: -1.58693343808672
2026-01-20 15:43:38,614 - position: [ 0.19177929 -0.34034547  1.79545748] - angle: -1.5848134365621123
2026-01-20 15:43:38,839 - position: [ 0.19232243 -0.34014961  1.79587603] - angle: -1.5839928312921208
2026-01-20 15:43:39,063 - position: [ 0.19330637 -0.34026319  1.79683888] - angle: -1.5842391585822693
2026-01-20 15:43:39,306 - position: [ 0.19593845 -0.34211704  1.79912627] - angle: -1.5853002793892434
2026-01-20 15:43:39,540 - position: [ 0.19593845 -0.34211704  1.79912627] - angle: -1.5853002793892434
2026-01-20 15:43:39,741 - position: [ 0.19947802 -0.36475122  1.80252016] - angle: -1.5846422467955685
2026-01-20 15:43:39,981 - position: [ 0.20122993 -0.37187335  1.8028996 ] - angle: -1.5836250639373013
2026-01-20 15:43:40,207 - position: [ 0.20533752 -0.38568982  1.8034004 ] - angle: -1.5841466971409943
2026-01-20 15:43:40,438 - position: [ 0.20533752 -0.38568982  1.8034004 ] - angle: -1.5841466971409943
2026-01-20 15:43:40,655 - position: [ 0.20587337 -0.38512319  1.80454314] - angle: -1.583277893442169
2026-01-20 15:43:40,870 - position: [ 0.20499048 -0.37624383  1.80627728] - angle: -1.5831548564863427
2026-01-20 15:43:41,097 - position: [ 0.20571208 -0.36566782  1.80736816] - angle: -1.583580049543528
2026-01-20 15:43:41,391 - position: [ 0.20571208 -0.36566782  1.80736816] - angle: -1.583580049543528
2026-01-20 15:43:41,614 - position: [ 0.20571208 -0.36566782  1.80736816] - angle: -1.583580049543528
2026-01-20 15:43:41,847 - position: [ 0.21218637 -0.3388795   1.80883205] - angle: -1.5823095728858636
2026-01-20 15:43:42,047 - position: [ 0.21218637 -0.3388795   1.80883205] - angle: -1.5823095728858636
2026-01-20 15:43:42,297 - position: [ 0.2171596  -0.33713865  1.80855167] - angle: -1.5836615433016163
2026-01-20 15:43:42,550 - position: [ 0.2171596  -0.33713865  1.80855167] - angle: -1.5836615433016163
2026-01-20 15:43:42,820 - position: [ 0.2171596  -0.33713865  1.80855167] - angle: -1.5836615433016163
2026-01-20 15:43:43,023 - position: [ 0.21157096 -0.33205569  1.81023216] - angle: -1.5812203778496077
2026-01-20 15:43:43,271 - position: [ 0.20794894 -0.33213684  1.80939603] - angle: -1.578198059544916
2026-01-20 15:43:43,503 - position: [ 0.20794894 -0.33213684  1.80939603] - angle: -1.578198059544916
2026-01-20 15:43:43,744 - position: [ 0.20166294 -0.33553863  1.80720484] - angle: -1.5801292508599278
2026-01-20 15:43:44,084 - position: [ 0.19479422 -0.3464013   1.8055582 ] - angle: -1.579199802793001
2026-01-20 15:43:44,318 - position: [ 0.19335446 -0.34978148  1.80545723] - angle: -1.579148740356846
2026-01-20 15:43:44,569 - position: [ 0.18973236 -0.35675555  1.80390298] - angle: -1.5790593008440466
2026-01-20 15:43:44,792 - position: [ 0.18973236 -0.35675555  1.80390298] - angle: -1.5790593008440466
2026-01-20 15:43:45,023 - position: [ 0.18548551 -0.35906908  1.80080032] - angle: -1.5792569710126232
2026-01-20 15:43:45,278 - position: [ 0.18548551 -0.35906908  1.80080032] - angle: -1.5792569710126232
2026-01-20 15:43:45,517 - position: [ 0.18304084 -0.36315882  1.79119003] - angle: -1.5790535505133327
2026-01-20 15:43:45,800 - position: [ 0.18324801 -0.36115223  1.78696287] - angle: -1.577429678235836
2026-01-20 15:43:46,057 - position: [ 0.18483779 -0.35239679  1.78093791] - angle: -1.5776129968970416
2026-01-20 15:43:46,275 - position: [ 0.18580708 -0.35074443  1.78020144] - angle: -1.5784813540180203
2026-01-20 15:43:46,510 - position: [ 0.18580708 -0.35074443  1.78020144] - angle: -1.5784813540180203
2026-01-20 15:43:46,716 - position: [ 0.19025981 -0.34601057  1.77929139] - angle: -1.5784353567584049
2026-01-20 15:43:47,000 - position: [ 0.1986291  -0.33936456  1.77614856] - angle: -1.5776306274531606
2026-01-20 15:43:47,270 - position: [ 0.20347793 -0.33401924  1.77235699] - angle: -1.5770922192278833
2026-01-20 15:43:47,531 - position: [ 0.20673709 -0.33138338  1.76817918] - angle: -1.5749456377649746
2026-01-20 15:43:47,787 - position: [ 0.20835854 -0.32835642  1.76658714] - angle: -1.5754784583736816
2026-01-20 15:43:48,078 - position: [ 0.21001136 -0.32478958  1.76484644] - angle: -1.5760186383940837
2026-01-20 15:43:48,307 - position: [ 0.2112221  -0.32087412  1.76382387] - angle: -1.5756257732472783
2026-01-20 15:43:48,515 - position: [ 0.2112221  -0.32087412  1.76382387] - angle: -1.5756257732472783
2026-01-20 15:43:48,779 - position: [ 0.21279123 -0.31241262  1.76142538] - angle: -1.5759155947029733
2026-01-20 15:43:49,102 - position: [ 0.21286379 -0.29574266  1.7581557 ] - angle: -1.572831323062271
2026-01-20 15:43:49,322 - position: [ 0.21135744 -0.28883371  1.75702703] - angle: -1.576364413251806
2026-01-20 15:43:49,568 - position: [ 0.20640838 -0.27963963  1.75355041] - angle: -1.5745354181474411
2026-01-20 15:43:49,809 - position: [ 0.19988608 -0.2750082   1.74867976] - angle: -1.5734461369962993
2026-01-20 15:43:50,055 - position: [ 0.19722576 -0.27619591  1.74575734] - angle: -1.5728002461052535
2026-01-20 15:43:50,323 - position: [ 0.19722576 -0.27619591  1.74575734] - angle: -1.5728002461052535
2026-01-20 15:43:50,593 - position: [ 0.19722576 -0.27619591  1.74575734] - angle: -1.5728002461052535
2026-01-20 15:43:50,859 - position: [ 0.1938038  -0.27202344  1.74086106] - angle: -1.572671056379054
2026-01-20 15:43:51,092 - position: [ 0.1938038  -0.27202344  1.74086106] - angle: -1.572671056379054
2026-01-20 15:43:51,336 - position: [ 0.1938038  -0.27202344  1.74086106] - angle: -1.572671056379054
2026-01-20 15:43:51,566 - position: [ 0.1959732  -0.27658069  1.74186015] - angle: -1.5705990309080744
2026-01-20 15:43:51,784 - position: [ 0.1959732  -0.27658069  1.74186015] - angle: -1.5705990309080744
2026-01-20 15:43:52,015 - position: [ 0.1959732  -0.27658069  1.74186015] - angle: -1.5705990309080744
2026-01-20 15:43:52,240 - position: [ 0.19883616 -0.27553242  1.75082362] - angle: -1.5669360902071974
2026-01-20 15:43:52,678 - position: [ 0.19107637 -0.26431787  1.77289021] - angle: -1.5684297527323046
2026-01-20 15:43:52,906 - position: [ 0.19107637 -0.26431787  1.77289021] - angle: -1.5684297527323046
2026-01-20 15:43:53,122 - position: [ 0.19029805 -0.26210263  1.78398359] - angle: -1.5687369658248524
2026-01-20 15:43:53,438 - position: [ 0.19029805 -0.26210263  1.78398359] - angle: -1.5687369658248524
2026-01-20 15:43:53,670 - position: [ 0.18888354 -0.25924304  1.78521991] - angle: -1.5664211138904744
2026-01-20 15:43:53,921 - position: [ 0.18888354 -0.25924304  1.78521991] - angle: -1.5664211138904744
2026-01-20 15:43:54,137 - position: [ 0.1856399  -0.25018299  1.78546011] - angle: -1.566893700926662
2026-01-20 15:43:54,370 - position: [ 0.18336716 -0.24499798  1.78688395] - angle: -1.5673290658649797
2026-01-20 15:43:54,639 - position: [ 0.18336716 -0.24499798  1.78688395] - angle: -1.5673290658649797
2026-01-20 15:43:54,914 - position: [ 0.18336716 -0.24499798  1.78688395] - angle: -1.5673290658649797
2026-01-20 15:43:55,180 - position: [ 0.18336716 -0.24499798  1.78688395] - angle: -1.5673290658649797
2026-01-20 15:43:55,452 - position: [ 0.18336716 -0.24499798  1.78688395] - angle: -1.5673290658649797
2026-01-20 15:43:55,731 - position: [ 0.18336716 -0.24499798  1.78688395] - angle: -1.5673290658649797
2026-01-20 15:43:55,934 - position: [ 0.19003278 -0.22378744  1.79960859] - angle: -1.5682501234321813
2026-01-20 15:43:56,240 - position: [ 0.18958345 -0.22425586  1.80021071] - angle: -1.5641013164423634
2026-01-20 15:43:56,448 - position: [ 0.18844153 -0.23143259  1.80048943] - angle: -1.563330596906459
2026-01-20 15:43:56,674 - position: [ 0.18831569 -0.23266748  1.8006618 ] - angle: -1.5639785368796089
2026-01-20 15:43:56,903 - position: [ 0.18789059 -0.24003983  1.80113041] - angle: -1.5630021921755461
2026-01-20 15:43:57,151 - position: [ 0.18789059 -0.24003983  1.80113041] - angle: -1.5630021921755461
2026-01-20 15:43:57,389 - position: [ 0.18545026 -0.2511442   1.80450833] - angle: -1.562658159733172
2026-01-20 15:43:57,628 - position: [ 0.18545026 -0.2511442   1.80450833] - angle: -1.562658159733172
2026-01-20 15:43:57,847 - position: [ 0.18545026 -0.2511442   1.80450833] - angle: -1.562658159733172
2026-01-20 15:43:58,072 - position: [ 0.18545026 -0.2511442   1.80450833] - angle: -1.562658159733172
2026-01-20 15:43:58,291 - position: [ 0.18545026 -0.2511442   1.80450833] - angle: -1.562658159733172
2026-01-20 15:43:58,530 - position: [ 0.18545026 -0.2511442   1.80450833] - angle: -1.562658159733172
2026-01-20 15:43:58,753 - position: [ 0.17566194 -0.26509243  1.82592678] - angle: -1.5616254813613986
2026-01-20 15:43:59,018 - position: [ 0.17542562 -0.26568282  1.82716191] - angle: -1.564256357356816
2026-01-20 15:43:59,284 - position: [ 0.17832875 -0.26965404  1.83136058] - angle: -1.5598705156304828
2026-01-20 15:43:59,587 - position: [ 0.17971654 -0.27836013  1.83100736] - angle: -1.5592966822542556
2026-01-20 15:43:59,820 - position: [ 0.18025123 -0.28027827  1.83045328] - angle: -1.5589116149595497
2026-01-20 15:44:00,059 - position: [ 0.18224791 -0.28693998  1.82711291] - angle: -1.5573505741066502
2026-01-20 15:44:00,332 - position: [ 0.18296625 -0.28976634  1.82228637] - angle: -1.5579172862652104
2026-01-20 15:44:00,553 - position: [ 0.18296625 -0.28976634  1.82228637] - angle: -1.5579172862652104
2026-01-20 15:44:00,772 - position: [ 0.18296625 -0.28976634  1.82228637] - angle: -1.5579172862652104
2026-01-20 15:44:01,068 - position: [ 0.18262728 -0.29491565  1.81442845] - angle: -1.560970028490933
2026-01-20 15:44:01,294 - position: [ 0.18262728 -0.29491565  1.81442845] - angle: -1.560970028490933
2026-01-20 15:44:01,520 - position: [ 0.18286824 -0.29621989  1.8140825 ] - angle: -1.558931150124251
2026-01-20 15:44:01,786 - position: [ 0.18283047 -0.2969532   1.8141731 ] - angle: -1.5591132433332655
2026-01-20 15:44:02,012 - position: [ 0.18329056 -0.29505363  1.81521404] - angle: -1.5575733414912039
2026-01-20 15:44:02,377 - position: [ 0.18309213 -0.2942751   1.81565869] - angle: -1.5562759656291907
2026-01-20 15:44:02,587 - position: [ 0.18309213 -0.2942751   1.81565869] - angle: -1.5562759656291907
2026-01-20 15:44:02,799 - position: [ 0.18309213 -0.2942751   1.81565869] - angle: -1.5562759656291907
2026-01-20 15:44:03,010 - position: [ 0.18309213 -0.2942751   1.81565869] - angle: -1.5562759656291907
2026-01-20 15:44:03,267 - position: [ 0.18309213 -0.2942751   1.81565869] - angle: -1.5562759656291907
2026-01-20 15:44:03,572 - position: [ 0.19289005 -0.28093034  1.8195231 ] - angle: -1.5581809038447862
2026-01-20 15:44:03,838 - position: [ 0.1974453  -0.28568697  1.81588268] - angle: -1.55380853116927
2026-01-20 15:44:04,252 - position: [ 0.19653654 -0.28454235  1.81111777] - angle: -1.5550364365326859
2026-01-20 15:44:04,522 - position: [ 0.19432634 -0.28210774  1.80625474] - angle: -1.5527928543571652
2026-01-20 15:44:04,765 - position: [ 0.19432634 -0.28210774  1.80625474] - angle: -1.5527928543571652
2026-01-20 15:44:05,013 - position: [ 0.19432634 -0.28210774  1.80625474] - angle: -1.5527928543571652
2026-01-20 15:44:05,224 - position: [ 0.18959542 -0.27966344  1.79908788] - angle: -1.554560402151103
2026-01-20 15:44:05,527 - position: [ 0.18959542 -0.27966344  1.79908788] - angle: -1.554560402151103
2026-01-20 15:44:05,752 - position: [ 0.18959542 -0.27966344  1.79908788] - angle: -1.554560402151103
2026-01-20 15:44:05,998 - position: [ 0.18466137 -0.28914139  1.79416823] - angle: -1.5541043444228677
2026-01-20 15:44:06,262 - position: [ 0.18466137 -0.28914139  1.79416823] - angle: -1.5541043444228677
2026-01-20 15:44:06,570 - position: [ 0.17992514 -0.30100533  1.79031134] - angle: -1.550508748975068
2026-01-20 15:44:06,790 - position: [ 0.17992514 -0.30100533  1.79031134] - angle: -1.550508748975068
2026-01-20 15:44:07,054 - position: [ 0.17992514 -0.30100533  1.79031134] - angle: -1.550508748975068
2026-01-20 15:44:07,262 - position: [ 0.177404   -0.30720592  1.78687239] - angle: -1.5505197333896903
2026-01-20 15:44:07,480 - position: [ 0.17694566 -0.31157187  1.78410995] - angle: -1.551066554776729
2026-01-20 15:44:07,693 - position: [ 0.17694566 -0.31157187  1.78410995] - angle: -1.551066554776729
2026-01-20 15:44:07,933 - position: [ 0.17694566 -0.31157187  1.78410995] - angle: -1.551066554776729
2026-01-20 15:44:08,139 - position: [ 0.17467377 -0.35300457  1.77209675] - angle: -1.548819005094019
2026-01-20 15:44:08,371 - position: [ 0.17562781 -0.35940155  1.76994061] - angle: -1.5509289799512787
2026-01-20 15:44:08,621 - position: [ 0.17654175 -0.36096185  1.77004158] - angle: -1.549428624520464
2026-01-20 15:44:08,877 - position: [ 0.17711112 -0.36070082  1.77032757] - angle: -1.5495154816072958
2026-01-20 15:44:09,177 - position: [ 0.17711112 -0.36070082  1.77032757] - angle: -1.5495154816072958
2026-01-20 15:44:09,404 - position: [ 0.1784631 -0.3567552  1.7739315] - angle: -1.5491037591452672
2026-01-20 15:44:09,620 - position: [ 0.17902286 -0.35661343  1.77490771] - angle: -1.5492697381279452
2026-01-20 15:44:09,850 - position: [ 0.17885263 -0.35719389  1.7759527 ] - angle: -1.546933227618795
2026-01-20 15:44:10,062 - position: [ 0.17885263 -0.35719389  1.7759527 ] - angle: -1.546933227618795
2026-01-20 15:44:10,271 - position: [ 0.17885263 -0.35719389  1.7759527 ] - angle: -1.546933227618795
2026-01-20 15:44:10,520 - position: [ 0.1800586  -0.36253396  1.77842605] - angle: -1.5497638193435916
2026-01-20 15:44:10,735 - position: [ 0.18018104 -0.36284631  1.77872086] - angle: -1.5499401908695254
2026-01-20 15:44:10,966 - position: [ 0.18173519 -0.36473036  1.77996778] - angle: -1.5490463863153296
2026-01-20 15:44:11,308 - position: [ 0.18582101 -0.36332351  1.78168321] - angle: -1.5459179378118955
2026-01-20 15:44:11,567 - position: [ 0.1862122  -0.36093912  1.78145862] - angle: -1.5459888599693716
2026-01-20 15:44:11,787 - position: [ 0.18666169 -0.35919851  1.78125846] - angle: -1.548251448617577
2026-01-20 15:44:12,020 - position: [ 0.18620549 -0.34557611  1.78163373] - angle: -1.5460116692400208
2026-01-20 15:44:12,233 - position: [ 0.18560137 -0.34123701  1.78209901] - angle: -1.5457925923030538
2026-01-20 15:44:12,563 - position: [ 0.18559369 -0.3300451   1.78259778] - angle: -1.5453339593458684
2026-01-20 15:44:12,846 - position: [ 0.18836482 -0.32353756  1.78382587] - angle: -1.545174529272944
2026-01-20 15:44:13,089 - position: [ 0.18836482 -0.32353756  1.78382587] - angle: -1.545174529272944
2026-01-20 15:44:13,325 - position: [ 0.19248199 -0.31028169  1.78576934] - angle: -1.5468939716924321
2026-01-20 15:44:13,546 - position: [ 0.19271502 -0.30913401  1.78600049] - angle: -1.5440104669112582
2026-01-20 15:44:13,804 - position: [ 0.19540827 -0.30325821  1.78527546] - angle: -1.5470814564345146
2026-01-20 15:44:14,022 - position: [ 0.19790837 -0.29853591  1.78458679] - angle: -1.5445668979709146
2026-01-20 15:44:14,292 - position: [ 0.19790837 -0.29853591  1.78458679] - angle: -1.5445668979709146
2026-01-20 15:44:14,611 - position: [ 0.19790837 -0.29853591  1.78458679] - angle: -1.5445668979709146
2026-01-20 15:44:14,858 - position: [ 0.19671503 -0.29042858  1.78459775] - angle: -1.5435877863540997
2026-01-20 15:44:15,131 - position: [ 0.19336437 -0.29234356  1.78789163] - angle: -1.5420287145733225
2026-01-20 15:44:15,347 - position: [ 0.19220208 -0.29301262  1.78869283] - angle: -1.541656566248733
2026-01-20 15:44:15,577 - position: [ 0.19220208 -0.29301262  1.78869283] - angle: -1.541656566248733
2026-01-20 15:44:15,792 - position: [ 0.19220208 -0.29301262  1.78869283] - angle: -1.541656566248733
2026-01-20 15:44:16,014 - position: [ 0.19220208 -0.29301262  1.78869283] - angle: -1.541656566248733
2026-01-20 15:44:16,221 - position: [ 0.19341677 -0.28585491  1.79308832] - angle: -1.5426440646865958
2026-01-20 15:44:16,430 - position: [ 0.19341677 -0.28585491  1.79308832] - angle: -1.5426440646865958
2026-01-20 15:44:16,684 - position: [ 0.19444135 -0.29124534  1.79745555] - angle: -1.5399917142886412
2026-01-20 15:44:16,904 - position: [ 0.19454738 -0.2918382   1.79797006] - angle: -1.5398705493566562
2026-01-20 15:44:17,122 - position: [ 0.19454738 -0.2918382   1.79797006] - angle: -1.5398705493566562
2026-01-20 15:44:17,370 - position: [ 0.19203191 -0.30567476  1.80756736] - angle: -1.5409620111198654
2026-01-20 15:44:17,597 - position: [ 0.1918299  -0.3074443   1.80862403] - angle: -1.539018639603258
2026-01-20 15:44:17,802 - position: [ 0.1918299  -0.3074443   1.80862403] - angle: -1.539018639603258
2026-01-20 15:44:18,043 - position: [ 0.1918299  -0.3074443   1.80862403] - angle: -1.539018639603258
2026-01-20 15:44:18,261 - position: [ 0.1934351  -0.31235161  1.80646539] - angle: -1.5401325486929638
2026-01-20 15:44:18,491 - position: [ 0.19313742 -0.31260189  1.80651045] - angle: -1.540204527975126
2026-01-20 15:44:18,714 - position: [ 0.19313742 -0.31260189  1.80651045] - angle: -1.540204527975126
2026-01-20 15:44:18,948 - position: [ 0.19408542 -0.30738622  1.80132139] - angle: -1.536802788261061
2026-01-20 15:44:19,188 - position: [ 0.19134808 -0.3036758   1.79793525] - angle: -1.5388542338439626
2026-01-20 15:44:19,400 - position: [ 0.18773019 -0.3004733   1.79387593] - angle: -1.537264337976905
2026-01-20 15:44:19,657 - position: [ 0.18452075 -0.29857454  1.78846955] - angle: -1.539373808485598
2026-01-20 15:44:19,894 - position: [ 0.18452075 -0.29857454  1.78846955] - angle: -1.539373808485598
2026-01-20 15:44:20,121 - position: [ 0.18211065 -0.29722506  1.78379595] - angle: -1.5368179894442067
2026-01-20 15:44:20,360 - position: [ 0.18003699 -0.29742548  1.77926445] - angle: -1.536133660007581
2026-01-20 15:44:20,606 - position: [ 0.17919588 -0.29857194  1.77471614] - angle: -1.5370517139866005
2026-01-20 15:44:20,887 - position: [ 0.17883208 -0.29891366  1.7741102 ] - angle: -1.5371988575132374
2026-01-20 15:44:21,170 - position: [ 0.17378272 -0.30111668  1.77131188] - angle: -1.5361795889536292
2026-01-20 15:44:21,381 - position: [ 0.17346507 -0.30134293  1.77108467] - angle: -1.5359768989133507
2026-01-20 15:44:21,638 - position: [ 0.17346507 -0.30134293  1.77108467] - angle: -1.5359768989133507
2026-01-20 15:44:21,855 - position: [ 0.17346507 -0.30134293  1.77108467] - angle: -1.5359768989133507
2026-01-20 15:44:22,080 - position: [ 0.17275041 -0.29630083  1.76912904] - angle: -1.5342909181469793
2026-01-20 15:44:22,294 - position: [ 0.17466593 -0.29068375  1.76821506] - angle: -1.5402517811459675
2026-01-20 15:44:22,530 - position: [ 0.1770602  -0.28510097  1.7667532 ] - angle: -1.534064204844987
2026-01-20 15:44:22,867 - position: [ 0.18212214 -0.28449383  1.76430285] - angle: -1.5350826815125758
2026-01-20 15:44:23,124 - position: [ 0.18242764 -0.28441048  1.76416183] - angle: -1.5350035612284327
2026-01-20 15:44:23,359 - position: [ 0.18242764 -0.28441048  1.76416183] - angle: -1.5350035612284327
2026-01-20 15:44:23,601 - position: [ 0.18242764 -0.28441048  1.76416183] - angle: -1.5350035612284327
2026-01-20 15:44:23,832 - position: [ 0.18460789 -0.28032374  1.76385498] - angle: -1.533534734558426
2026-01-20 15:44:24,075 - position: [ 0.18372586 -0.28034291  1.76514304] - angle: -1.5311059336644837
2026-01-20 15:44:24,321 - position: [ 0.18372586 -0.28034291  1.76514304] - angle: -1.5311059336644837
2026-01-20 15:44:24,576 - position: [ 0.18154648 -0.28070852  1.77021587] - angle: -1.5316952832254347
2026-01-20 15:44:24,817 - position: [ 0.18154648 -0.28070852  1.77021587] - angle: -1.5316952832254347
2026-01-20 15:44:25,069 - position: [ 0.18154648 -0.28070852  1.77021587] - angle: -1.5316952832254347
2026-01-20 15:44:25,348 - position: [ 0.18154648 -0.28070852  1.77021587] - angle: -1.5316952832254347
2026-01-20 15:44:25,689 - position: [ 0.17863257 -0.30143467  1.78564119] - angle: -1.5304094636982275
2026-01-20 15:44:25,991 - position: [ 0.17908019 -0.30834341  1.78629589] - angle: -1.5273576918072198
2026-01-20 15:44:26,249 - position: [ 0.17904581 -0.3104794   1.78640735] - angle: -1.531544705651239
2026-01-20 15:44:26,490 - position: [ 0.17905505 -0.31056193  1.78597689] - angle: -1.5318147513297538
2026-01-20 15:44:26,732 - position: [ 0.17827033 -0.30845591  1.78506541] - angle: -1.5303644831196714
2026-01-20 15:44:26,969 - position: [ 0.1781124  -0.30761588  1.78496075] - angle: -1.5300261456730113
2026-01-20 15:44:27,207 - position: [ 0.1781124  -0.30761588  1.78496075] - angle: -1.5300261456730113
2026-01-20 15:44:27,424 - position: [ 0.1781124  -0.30761588  1.78496075] - angle: -1.5300261456730113
2026-01-20 15:44:27,637 - position: [ 0.1781124  -0.30761588  1.78496075] - angle: -1.5300261456730113
2026-01-20 15:44:27,867 - position: [ 0.17492786 -0.29825461  1.78716528] - angle: -1.5271176489541527
2026-01-20 15:44:28,093 - position: [ 0.17317146 -0.29486051  1.79341209] - angle: -1.529227738665747
2026-01-20 15:44:28,364 - position: [ 0.17220965 -0.29304367  1.79786789] - angle: -1.5279624759756842
2026-01-20 15:44:28,605 - position: [ 0.17191203 -0.29261693  1.79981208] - angle: -1.5256816514840041
2026-01-20 15:44:28,843 - position: [ 0.1721541  -0.2913166   1.80363917] - angle: -1.5264002625339725
2026-01-20 15:44:29,057 - position: [ 0.17214005 -0.29114085  1.8039813 ] - angle: -1.5267635896204683
2026-01-20 15:44:29,338 - position: [ 0.17296594 -0.28916463  1.80892897] - angle: -1.5267827249742272
2026-01-20 15:44:29,558 - position: [ 0.17302898 -0.28887004  1.80946505] - angle: -1.5268355470274657
2026-01-20 15:44:29,795 - position: [ 0.17302898 -0.28887004  1.80946505] - angle: -1.5268355470274657
2026-01-20 15:44:30,028 - position: [ 0.17247806 -0.28693861  1.81369448] - angle: -1.5256499118360627
2026-01-20 15:44:30,276 - position: [ 0.17247806 -0.28693861  1.81369448] - angle: -1.5256499118360627
2026-01-20 15:44:30,520 - position: [ 0.16705264 -0.28274328  1.82144821] - angle: -1.52805180558448
2026-01-20 15:44:30,791 - position: [ 0.16604067 -0.28295124  1.82243466] - angle: -1.524106755563058
2026-01-20 15:44:31,016 - position: [ 0.16479766 -0.28629577  1.82709897] - angle: -1.5254961976365933
2026-01-20 15:44:31,309 - position: [ 0.16616485 -0.28887108  1.83112085] - angle: -1.523006771828495
2026-01-20 15:44:31,515 - position: [ 0.16984217 -0.28817305  1.83352613] - angle: -1.5248590457802171
2026-01-20 15:44:31,719 - position: [ 0.17026894 -0.28739497  1.83386672] - angle: -1.5244154498716718
2026-01-20 15:44:31,936 - position: [ 0.17128582 -0.28455594  1.83320999] - angle: -1.5250827863815144
2026-01-20 15:44:32,176 - position: [ 0.17128582 -0.28455594  1.83320999] - angle: -1.5250827863815144
2026-01-20 15:44:32,386 - position: [ 0.17128582 -0.28455594  1.83320999] - angle: -1.5250827863815144
2026-01-20 15:44:32,627 - position: [ 0.17847508 -0.2864081   1.82768464] - angle: -1.5209248392253327
2026-01-20 15:44:32,840 - position: [ 0.17847508 -0.2864081   1.82768464] - angle: -1.5209248392253327
2026-01-20 15:44:33,068 - position: [ 0.18174255 -0.28743666  1.82109475] - angle: -1.523913817803615
2026-01-20 15:44:33,310 - position: [ 0.18355864 -0.29110739  1.81553984] - angle: -1.5207031305039065
2026-01-20 15:44:33,523 - position: [ 0.18369059 -0.29459026  1.81183004] - angle: -1.5202703148270187
2026-01-20 15:44:33,752 - position: [ 0.18348347 -0.29573578  1.81112278] - angle: -1.520113836759851
2026-01-20 15:44:34,022 - position: [ 0.18181442 -0.3000496   1.81005955] - angle: -1.5194243086080705
2026-01-20 15:44:34,293 - position: [ 0.17972089 -0.30502585  1.8106668 ] - angle: -1.519667364059297
2026-01-20 15:44:34,594 - position: [ 0.17930454 -0.30528846  1.81113708] - angle: -1.5202646510830569
2026-01-20 15:44:34,853 - position: [ 0.17733267 -0.30698985  1.8144455 ] - angle: -1.5233969675550814
2026-01-20 15:44:35,084 - position: [ 0.17866327 -0.30925527  1.81610286] - angle: -1.5206745010078397
2026-01-20 15:44:35,310 - position: [ 0.17940806 -0.31005612  1.81790924] - angle: -1.5191700881478827
2026-01-20 15:44:35,533 - position: [ 0.18127507 -0.30665365  1.81905651] - angle: -1.520115332428826
2026-01-20 15:44:35,775 - position: [ 0.18127507 -0.30665365  1.81905651] - angle: -1.520115332428826
2026-01-20 15:44:36,012 - position: [ 0.18195795 -0.29804245  1.81957448] - angle: -1.5205063611249234
2026-01-20 15:44:36,336 - position: [ 0.18212995 -0.29546362  1.82053888] - angle: -1.5210043348587212
2026-01-20 15:44:36,586 - position: [ 0.18310544 -0.29433924  1.82082832] - angle: -1.5189010055956897
2026-01-20 15:44:36,842 - position: [ 0.18358649 -0.29437587  1.8210721 ] - angle: -1.5189751770780813
2026-01-20 15:44:37,086 - position: [ 0.18391179 -0.3031832   1.82051778] - angle: -1.5177578352186107
2026-01-20 15:44:37,317 - position: [ 0.18391179 -0.3031832   1.82051778] - angle: -1.5177578352186107
2026-01-20 15:44:37,578 - position: [ 0.18516311 -0.31742525  1.81878841] - angle: -1.5187028686594388
2026-01-20 15:44:37,817 - position: [ 0.18582764 -0.32150289  1.8175441 ] - angle: -1.520756558909949
2026-01-20 15:44:38,113 - position: [ 0.18627265 -0.32797152  1.81471372] - angle: -1.517483616800646
2026-01-20 15:44:38,400 - position: [ 0.18444958 -0.3384701   1.80270791] - angle: -1.5183501840839333
2026-01-20 15:44:38,601 - position: [ 0.18511254 -0.33906645  1.79991627] - angle: -1.5185686434709909
2026-01-20 15:44:38,830 - position: [ 0.1846485  -0.33956909  1.7985481 ] - angle: -1.5170006708303667
2026-01-20 15:44:39,074 - position: [ 0.1829983  -0.34004682  1.79235578] - angle: -1.5252541901963146
2026-01-20 15:44:39,354 - position: [ 0.17931792 -0.33739522  1.78869486] - angle: -1.5165491054545344
2026-01-20 15:44:39,617 - position: [ 0.17797579 -0.33514467  1.78628981] - angle: -1.514796854927157
2026-01-20 15:44:39,903 - position: [ 0.17797579 -0.33514467  1.78628981] - angle: -1.514796854927157
2026-01-20 15:44:40,115 - position: [ 0.17797579 -0.33514467  1.78628981] - angle: -1.514796854927157
2026-01-20 15:44:40,357 - position: [ 0.17738295 -0.33539161  1.77584827] - angle: -1.5171206576212968
2026-01-20 15:44:40,590 - position: [ 0.1777017  -0.33559859  1.77430999] - angle: -1.5147299058196353
2026-01-20 15:44:40,801 - position: [ 0.17784107 -0.33556727  1.77298355] - angle: -1.5165656581518814
2026-01-20 15:44:41,016 - position: [ 0.17491683 -0.33447003  1.77196085] - angle: -1.5152339576289906
2026-01-20 15:44:41,246 - position: [ 0.17431228 -0.33448657  1.77225411] - angle: -1.517030983848712
2026-01-20 15:44:41,454 - position: [ 0.17312971 -0.33393246  1.77129948] - angle: -1.516357820122416
2026-01-20 15:44:41,700 - position: [ 0.17245938 -0.33298257  1.77145731] - angle: -1.515824174374366
2026-01-20 15:44:41,946 - position: [ 0.17242038 -0.33252615  1.77171695] - angle: -1.5160594838148107
2026-01-20 15:44:42,220 - position: [ 0.17144513 -0.32836819  1.77303076] - angle: -1.513527922548672
2026-01-20 15:44:42,503 - position: [ 0.17144513 -0.32836819  1.77303076] - angle: -1.513527922548672
2026-01-20 15:44:42,758 - position: [ 0.17294027 -0.31753671  1.77706659] - angle: -1.516928173397981
2026-01-20 15:44:42,992 - position: [ 0.17305505 -0.31567147  1.77614856] - angle: -1.516548686830821
2026-01-20 15:44:43,214 - position: [ 0.17343059 -0.31539464  1.77575099] - angle: -1.5135614047165218
2026-01-20 15:44:43,456 - position: [ 0.1722004  -0.31627527  1.77514112] - angle: -1.5111441958303953
2026-01-20 15:44:43,703 - position: [ 0.16979696 -0.31780005  1.77408564] - angle: -1.5130808151130073
2026-01-20 15:44:43,924 - position: [ 0.16934162 -0.31771317  1.77375841] - angle: -1.512818810030676
2026-01-20 15:44:44,312 - position: [ 0.16893423 -0.31671682  1.77252257] - angle: -1.5099257186298658
2026-01-20 15:44:44,530 - position: [ 0.16893423 -0.31671682  1.77252257] - angle: -1.5099257186298658
2026-01-20 15:44:44,827 - position: [ 0.16959041 -0.31530887  1.77045381] - angle: -1.5101207266729624
2026-01-20 15:44:45,050 - position: [ 0.16915199 -0.31857514  1.77294385] - angle: -1.5080133686215844
2026-01-20 15:44:45,256 - position: [ 0.1689399  -0.31943434  1.77457774] - angle: -1.5114592615069067
2026-01-20 15:44:45,551 - position: [ 0.16927443 -0.31907287  1.77470112] - angle: -1.5084378922768757
2026-01-20 15:44:45,824 - position: [ 0.16902865 -0.31255922  1.77832878] - angle: -1.511620262996829
2026-01-20 15:44:46,052 - position: [ 0.16920127 -0.30999279  1.77888608] - angle: -1.508708231005064
2026-01-20 15:44:46,281 - position: [ 0.16906348 -0.30742142  1.77987432] - angle: -1.5079316244605443
2026-01-20 15:44:46,517 - position: [ 0.16906348 -0.30742142  1.77987432] - angle: -1.5079316244605443
2026-01-20 15:44:46,831 - position: [ 0.16995123 -0.29737356  1.78463411] - angle: -1.5100209909954416
2026-01-20 15:44:47,043 - position: [ 0.16995123 -0.29737356  1.78463411] - angle: -1.5100209909954416
2026-01-20 15:44:47,284 - position: [ 0.16995123 -0.29737356  1.78463411] - angle: -1.5100209909954416
2026-01-20 15:44:47,507 - position: [ 0.17006013 -0.29225698  1.78733194] - angle: -1.5104447064345212
2026-01-20 15:44:47,709 - position: [ 0.17006013 -0.29225698  1.78733194] - angle: -1.5104447064345212
2026-01-20 15:44:47,966 - position: [ 0.16490747 -0.29196128  1.7875936 ] - angle: -1.5145003682764053
2026-01-20 15:44:48,201 - position: [ 0.16490747 -0.29196128  1.7875936 ] - angle: -1.5145003682764053
2026-01-20 15:44:48,468 - position: [ 0.16490747 -0.29196128  1.7875936 ] - angle: -1.5145003682764053
2026-01-20 15:44:48,708 - position: [ 0.15944581 -0.30640957  1.79112041] - angle: -1.5076202470070243
2026-01-20 15:44:48,931 - position: [ 0.15818277 -0.3086631   1.79229712] - angle: -1.5074814231940956
2026-01-20 15:44:49,175 - position: [ 0.15818277 -0.3086631   1.79229712] - angle: -1.5074814231940956
2026-01-20 15:44:49,405 - position: [ 0.15507086 -0.31047606  1.79379535] - angle: -1.5074252253349796
2026-01-20 15:44:49,644 - position: [ 0.1545008  -0.31029117  1.7938875 ] - angle: -1.5102010033052506
2026-01-20 15:44:49,883 - position: [ 0.15724874 -0.3097721   1.79121804] - angle: -1.5063771972346989
2026-01-20 15:44:50,119 - position: [ 0.15756732 -0.31031877  1.79119396] - angle: -1.5084958456255548
2026-01-20 15:44:50,372 - position: [ 0.16473438 -0.30771711  1.78687501] - angle: -1.5052580146530796
2026-01-20 15:44:50,598 - position: [ 0.16711816 -0.30525708  1.78582132] - angle: -1.5087230376257446
2026-01-20 15:44:50,818 - position: [ 0.16874728 -0.30416679  1.78525066] - angle: -1.509665157338179
2026-01-20 15:44:51,028 - position: [ 0.17188124 -0.30241969  1.78482699] - angle: -1.507359761566328
2026-01-20 15:44:51,242 - position: [ 0.17691782 -0.30041063  1.78465641] - angle: -1.5122545395571239
2026-01-20 15:44:51,462 - position: [ 0.1779508  -0.29991487  1.78491259] - angle: -1.5122124628958118
2026-01-20 15:44:51,695 - position: [ 0.17669719 -0.30035228  1.78634202] - angle: -1.5041889417622882
2026-01-20 15:44:51,913 - position: [ 0.17563154 -0.30210406  1.78659523] - angle: -1.5025423627456451
2026-01-20 15:44:52,192 - position: [ 0.17641318 -0.30306545  1.78722572] - angle: -1.504170217144687
2026-01-20 15:44:52,426 - position: [ 0.17818917 -0.30281311  1.78766167] - angle: -1.5032823046452806
2026-01-20 15:44:52,671 - position: [ 0.17839222 -0.30251223  1.78768229] - angle: -1.50262187581058
2026-01-20 15:44:52,924 - position: [ 0.18100104 -0.29871142  1.78877163] - angle: -1.508299211589275
2026-01-20 15:44:53,145 - position: [ 0.17803405 -0.29399836  1.79238319] - angle: -1.5050522483046547
2026-01-20 15:44:53,368 - position: [ 0.17873937 -0.28882995  1.79520786] - angle: -1.5077108565839699
2026-01-20 15:44:53,614 - position: [ 0.17685096 -0.2855635   1.79818952] - angle: -1.5064969014469427
2026-01-20 15:44:53,859 - position: [ 0.17863029 -0.28138581  1.80163324] - angle: -1.5007905500449255
2026-01-20 15:44:54,118 - position: [ 0.17920792 -0.28076658  1.80240369] - angle: -1.5003707949798306
2026-01-20 15:44:54,365 - position: [ 0.1814661  -0.28189766  1.80155778] - angle: -1.5045196119596245
2026-01-20 15:44:54,579 - position: [ 0.1814661  -0.28189766  1.80155778] - angle: -1.5045196119596245
2026-01-20 15:44:54,832 - position: [ 0.1814661  -0.28189766  1.80155778] - angle: -1.5045196119596245
2026-01-20 15:44:55,085 - position: [ 0.1884279  -0.28751153  1.79570782] - angle: -1.4987360275847945
2026-01-20 15:44:55,303 - position: [ 0.19039491 -0.28918174  1.79426658] - angle: -1.5030357450845773
2026-01-20 15:44:55,524 - position: [ 0.19365992 -0.29193366  1.78922546] - angle: -1.50528542976559
2026-01-20 15:44:55,736 - position: [ 0.19182742 -0.2929242   1.78899276] - angle: -1.5016523162152224
2026-01-20 15:44:55,982 - position: [ 0.19176856 -0.29354614  1.78848732] - angle: -1.5019144851735224
2026-01-20 15:44:56,193 - position: [ 0.19220492 -0.29388523  1.78778207] - angle: -1.4993489969909106
2026-01-20 15:44:56,459 - position: [ 0.19259915 -0.29644912  1.78691769] - angle: -1.5017440158182178
2026-01-20 15:44:56,691 - position: [ 0.19316547 -0.29715785  1.78667593] - angle: -1.5012204865217376
2026-01-20 15:44:56,947 - position: [ 0.19316547 -0.29715785  1.78667593] - angle: -1.5012204865217376
2026-01-20 15:44:57,175 - position: [ 0.19316547 -0.29715785  1.78667593] - angle: -1.5012204865217376
2026-01-20 15:44:57,429 - position: [ 0.19316547 -0.29715785  1.78667593] - angle: -1.5012204865217376
2026-01-20 15:44:57,647 - position: [ 0.19179074 -0.31441131  1.77899146] - angle: -1.504531500868644
2026-01-20 15:44:57,919 - position: [ 0.19105291 -0.31517792  1.77918899] - angle: -1.501018718704635
2026-01-20 15:44:58,194 - position: [ 0.1878908  -0.32132807  1.7733525 ] - angle: -1.4979966267757137
2026-01-20 15:44:58,421 - position: [ 0.1870877  -0.32142249  1.77259338] - angle: -1.4957908417199635
2026-01-20 15:44:58,635 - position: [ 0.1826226  -0.31874272  1.76974285] - angle: -1.4961173616444983
2026-01-20 15:44:58,863 - position: [ 0.18295161 -0.31784293  1.76939917] - angle: -1.496033406591068
2026-01-20 15:44:59,121 - position: [ 0.18484737 -0.31564364  1.76841509] - angle: -1.493325164227835
2026-01-20 15:44:59,327 - position: [ 0.18484737 -0.31564364  1.76841509] - angle: -1.493325164227835
2026-01-20 15:44:59,560 - position: [ 0.19047698 -0.30590448  1.76177132] - angle: -1.4950796431119198
2026-01-20 15:44:59,815 - position: [ 0.19262083 -0.30018759  1.75721502] - angle: -1.4957976508987811
2026-01-20 15:45:00,089 - position: [ 0.19348435 -0.29362231  1.75170922] - angle: -1.4951681556246883
2026-01-20 15:45:00,313 - position: [ 0.19288032 -0.28840113  1.74643934] - angle: -1.4943219026684402
2026-01-20 15:45:00,519 - position: [ 0.19288032 -0.28840113  1.74643934] - angle: -1.4943219026684402
2026-01-20 15:45:00,763 - position: [ 0.17772324 -0.2757847   1.74225891] - angle: -1.4939289862774587
2026-01-20 15:45:00,991 - position: [ 0.17107011 -0.27149081  1.74407804] - angle: -1.4935485283600265
2026-01-20 15:45:01,235 - position: [ 0.17107011 -0.27149081  1.74407804] - angle: -1.4935485283600265
2026-01-20 15:45:01,467 - position: [ 0.17107011 -0.27149081  1.74407804] - angle: -1.4935485283600265
2026-01-20 15:45:01,690 - position: [ 0.17544028 -0.28365982  1.7533977 ] - angle: -1.4946933094517463
2026-01-20 15:45:01,916 - position: [ 0.17544028 -0.28365982  1.7533977 ] - angle: -1.4946933094517463
2026-01-20 15:45:02,134 - position: [ 0.17544028 -0.28365982  1.7533977 ] - angle: -1.4946933094517463
2026-01-20 15:45:02,341 - position: [ 0.17544028 -0.28365982  1.7533977 ] - angle: -1.4946933094517463
2026-01-20 15:45:02,566 - position: [ 0.17544028 -0.28365982  1.7533977 ] - angle: -1.4946933094517463
2026-01-20 15:45:02,814 - position: [ 0.19809203 -0.28362831  1.74717546] - angle: -1.4928030379922461
2026-01-20 15:45:03,045 - position: [ 0.19633079 -0.28244492  1.7468152 ] - angle: -1.4909446605911856
2026-01-20 15:45:03,332 - position: [ 0.19426523 -0.28562233  1.74486601] - angle: -1.4981102879016417
2026-01-20 15:45:03,549 - position: [ 0.19426523 -0.28562233  1.74486601] - angle: -1.4981102879016417
2026-01-20 15:45:03,777 - position: [ 0.18595375 -0.29803309  1.74444973] - angle: -1.4923355423909657
2026-01-20 15:45:04,019 - position: [ 0.1834463  -0.30643964  1.74559176] - angle: -1.4908105389675819
2026-01-20 15:45:04,243 - position: [ 0.180273   -0.31091669  1.74556422] - angle: -1.4907006530068796
2026-01-20 15:45:04,461 - position: [ 0.17858106 -0.31237054  1.74496198] - angle: -1.489964065744617
2026-01-20 15:45:04,683 - position: [ 0.1774586  -0.31355527  1.74461913] - angle: -1.4886084498770833
2026-01-20 15:45:04,944 - position: [ 0.17246346 -0.31937343  1.74280131] - angle: -1.4896544788913335
2026-01-20 15:45:05,243 - position: [ 0.15739243 -0.31447595  1.74052703] - angle: -1.4908516354535153
2026-01-20 15:45:05,484 - position: [ 0.15269776 -0.30867389  1.73856127] - angle: -1.4904181294215348
2026-01-20 15:45:05,734 - position: [ 0.15129574 -0.30692565  1.73796058] - angle: -1.488863949757529
2026-01-20 15:45:05,976 - position: [ 0.14707237 -0.29595792  1.73549259] - angle: -1.4863440852252383
2026-01-20 15:45:06,227 - position: [ 0.14795992 -0.29481345  1.73585427] - angle: -1.495777633484808
2026-01-20 15:45:06,507 - position: [ 0.1472263  -0.28932562  1.74063432] - angle: -1.491077636539961
2026-01-20 15:45:06,734 - position: [ 0.1472263  -0.28932562  1.74063432] - angle: -1.491077636539961
2026-01-20 15:45:06,972 - position: [ 0.1472263  -0.28932562  1.74063432] - angle: -1.491077636539961
2026-01-20 15:45:07,197 - position: [ 0.14255358 -0.27590957  1.76670146] - angle: -1.4890598502804497
2026-01-20 15:45:07,441 - position: [ 0.14247352 -0.2748279   1.77110457] - angle: -1.4958053514069931
2026-01-20 15:45:07,679 - position: [ 0.14247352 -0.2748279   1.77110457] - angle: -1.4958053514069931
2026-01-20 15:45:07,907 - position: [ 0.13364212 -0.27571017  1.79380918] - angle: -1.4888408429907707
2026-01-20 15:45:08,188 - position: [ 0.13276611 -0.27673733  1.80131173] - angle: -1.4898641537981137
2026-01-20 15:45:08,419 - position: [ 0.13276611 -0.27673733  1.80131173] - angle: -1.4898641537981137
2026-01-20 15:45:08,665 - position: [ 0.14231281 -0.28678569  1.81082809] - angle: -1.4893322325355616
2026-01-20 15:45:08,920 - position: [ 0.14231281 -0.28678569  1.81082809] - angle: -1.4893322325355616
2026-01-20 15:45:09,136 - position: [ 0.14636481 -0.28821203  1.80684018] - angle: -1.4898909898862933
2026-01-20 15:45:09,390 - position: [ 0.1468132  -0.28794041  1.80487335] - angle: -1.4877143332189084
2026-01-20 15:45:09,608 - position: [ 0.1468132  -0.28794041  1.80487335] - angle: -1.4877143332189084
2026-01-20 15:45:09,843 - position: [ 0.1468132  -0.28794041  1.80487335] - angle: -1.4877143332189084
2026-01-20 15:45:10,091 - position: [ 0.15214299 -0.29255292  1.7927717 ] - angle: -1.4932321525428822
2026-01-20 15:45:10,317 - position: [ 0.15214299 -0.29255292  1.7927717 ] - angle: -1.4932321525428822
2026-01-20 15:45:10,623 - position: [ 0.15282735 -0.29464278  1.79018807] - angle: -1.4841824100419094
2026-01-20 15:45:10,887 - position: [ 0.15266733 -0.2939347   1.79028881] - angle: -1.482327760604759
2026-01-20 15:45:11,112 - position: [ 0.15392886 -0.29305142  1.79055309] - angle: -1.4923975545337935
2026-01-20 15:45:11,351 - position: [ 0.15335828 -0.28754935  1.79333198] - angle: -1.4863628830173279
2026-01-20 15:45:11,584 - position: [ 0.15297979 -0.28428057  1.79507542] - angle: -1.4847487673074156
2026-01-20 15:45:11,829 - position: [ 0.15366893 -0.27482051  1.80032015] - angle: -1.4815782434884168
2026-01-20 15:45:12,037 - position: [ 0.15366893 -0.27482051  1.80032015] - angle: -1.4815782434884168
2026-01-20 15:45:12,389 - position: [ 0.1599455  -0.2695291   1.81389797] - angle: -1.483163237742076
2026-01-20 15:45:12,627 - position: [ 0.16201952 -0.26880488  1.81657052] - angle: -1.4845468666616313
2026-01-20 15:45:12,851 - position: [ 0.1623594  -0.26895922  1.81638384] - angle: -1.4843423083837473
2026-01-20 15:45:13,102 - position: [ 0.16216059 -0.26941293  1.81599128] - angle: -1.4845858884262495
2026-01-20 15:45:13,315 - position: [ 0.1609854  -0.27374512  1.81273127] - angle: -1.4849012825692398
2026-01-20 15:45:13,530 - position: [ 0.15785605 -0.27845964  1.80884099] - angle: -1.476975563529375
2026-01-20 15:45:13,756 - position: [ 0.157094   -0.27899435  1.80845249] - angle: -1.480121480885641
2026-01-20 15:45:13,973 - position: [ 0.15352112 -0.27935651  1.80351543] - angle: -1.487826014378022
2026-01-20 15:45:14,211 - position: [ 0.15020442 -0.27705094  1.79988575] - angle: -1.4777063586559258
2026-01-20 15:45:14,477 - position: [ 0.15001558 -0.27704322  1.79651988] - angle: -1.4882012419012312
2026-01-20 15:45:14,731 - position: [ 0.14878675 -0.27926695  1.79472733] - angle: -1.4793021748701225
2026-01-20 15:45:14,953 - position: [ 0.14959766 -0.28351241  1.79280066] - angle: -1.4817711385995378
2026-01-20 15:45:15,170 - position: [ 0.15247197 -0.28726146  1.7922219 ] - angle: -1.4833383057314107
2026-01-20 15:45:15,384 - position: [ 0.15247197 -0.28726146  1.7922219 ] - angle: -1.4833383057314107
2026-01-20 15:45:15,613 - position: [ 0.15247197 -0.28726146  1.7922219 ] - angle: -1.4833383057314107
2026-01-20 15:45:15,852 - position: [ 0.15247197 -0.28726146  1.7922219 ] - angle: -1.4833383057314107
2026-01-20 15:45:16,122 - position: [ 0.15768382 -0.26391289  1.79885721] - angle: -1.482216159583876
2026-01-20 15:45:16,346 - position: [ 0.15893708 -0.25995576  1.79789031] - angle: -1.4768636422682841
2026-01-20 15:45:16,584 - position: [ 0.15913686 -0.25528312  1.79365361] - angle: -1.4777588220349882
2026-01-20 15:45:16,812 - position: [ 0.15913686 -0.25528312  1.79365361] - angle: -1.4777588220349882
2026-01-20 15:45:17,059 - position: [ 0.15913686 -0.25528312  1.79365361] - angle: -1.4777588220349882
2026-01-20 15:45:17,283 - position: [ 0.15640418 -0.25129735  1.77416849] - angle: -1.4751567928280727
2026-01-20 15:45:17,510 - position: [ 0.15640418 -0.25129735  1.77416849] - angle: -1.4751567928280727
2026-01-20 15:45:17,744 - position: [ 0.15640418 -0.25129735  1.77416849] - angle: -1.4751567928280727
2026-01-20 15:45:17,977 - position: [ 0.15640418 -0.25129735  1.77416849] - angle: -1.4751567928280727
2026-01-20 15:45:18,205 - position: [ 0.15640418 -0.25129735  1.77416849] - angle: -1.4751567928280727
2026-01-20 15:45:18,506 - position: [ 0.15640418 -0.25129735  1.77416849] - angle: -1.4751567928280727
2026-01-20 15:45:18,730 - position: [ 0.15640418 -0.25129735  1.77416849] - angle: -1.4751567928280727
2026-01-20 15:45:18,975 - position: [ 0.15640418 -0.25129735  1.77416849] - angle: -1.4751567928280727
2026-01-20 15:45:19,194 - position: [ 0.15640418 -0.25129735  1.77416849] - angle: -1.4751567928280727
2026-01-20 15:45:19,420 - position: [ 0.15640418 -0.25129735  1.77416849] - angle: -1.4751567928280727
2026-01-20 15:45:19,637 - position: [ 0.15640418 -0.25129735  1.77416849] - angle: -1.4751567928280727
2026-01-20 15:45:19,875 - position: [ 0.14882173 -0.2342263   1.74626863] - angle: -1.4759661011196195
2026-01-20 15:45:20,124 - position: [ 0.14882173 -0.2342263   1.74626863] - angle: -1.4759661011196195
2026-01-20 15:45:20,378 - position: [ 0.14591561 -0.23665425  1.74497354] - angle: -1.4811020566353048
2026-01-20 15:45:20,618 - position: [ 0.14168136 -0.23872389  1.74378037] - angle: -1.473482119095681
2026-01-20 15:45:20,864 - position: [ 0.14051557 -0.23860714  1.74359405] - angle: -1.4705174197751574
2026-01-20 15:45:21,109 - position: [ 0.13852115 -0.23869251  1.74428368] - angle: -1.4742622689040275
2026-01-20 15:45:21,364 - position: [ 0.13852115 -0.23869251  1.74428368] - angle: -1.4742622689040275
2026-01-20 15:45:21,593 - position: [ 0.13852115 -0.23869251  1.74428368] - angle: -1.4742622689040275
2026-01-20 15:45:21,855 - position: [ 0.13197285 -0.23849648  1.76159847] - angle: -1.471684744160299
2026-01-20 15:45:22,115 - position: [ 0.13197285 -0.23849648  1.76159847] - angle: -1.471684744160299
2026-01-20 15:45:22,392 - position: [ 0.13197285 -0.23849648  1.76159847] - angle: -1.471684744160299
2026-01-20 15:45:22,635 - position: [ 0.13443287 -0.24515568  1.77145326] - angle: -1.469327085338087
2026-01-20 15:45:22,924 - position: [ 0.13443287 -0.24515568  1.77145326] - angle: -1.469327085338087
2026-01-20 15:45:23,148 - position: [ 0.14022982 -0.25542822  1.78402197] - angle: -1.4728470234928994
2026-01-20 15:45:23,358 - position: [ 0.14031005 -0.25571978  1.78435004] - angle: -1.4722783584316272
2026-01-20 15:45:23,604 - position: [ 0.14146462 -0.25958875  1.78813744] - angle: -1.4708413967139147
2026-01-20 15:45:23,819 - position: [ 0.14146462 -0.25958875  1.78813744] - angle: -1.4708413967139147
2026-01-20 15:45:24,062 - position: [ 0.1498619  -0.26336792  1.79252052] - angle: -1.4744779237404755
2026-01-20 15:45:24,330 - position: [ 0.1498619  -0.26336792  1.79252052] - angle: -1.4744779237404755
2026-01-20 15:45:24,589 - position: [ 0.1498619  -0.26336792  1.79252052] - angle: -1.4744779237404755
2026-01-20 15:45:24,883 - position: [ 0.1498619  -0.26336792  1.79252052] - angle: -1.4744779237404755
2026-01-20 15:45:25,128 - position: [ 0.15727353 -0.2554847   1.80425727] - angle: -1.4705063815879726
2026-01-20 15:45:25,396 - position: [ 0.15913701 -0.25352821  1.8053    ] - angle: -1.4740680959083603
2026-01-20 15:45:25,697 - position: [ 0.16342567 -0.25243568  1.80337059] - angle: -1.474252186410383
2026-01-20 15:45:25,928 - position: [ 0.16259158 -0.25251395  1.80344367] - angle: -1.467835783712442
2026-01-20 15:45:26,136 - position: [ 0.16338268 -0.25269842  1.80275786] - angle: -1.4706644506426425
2026-01-20 15:45:26,392 - position: [ 0.16338268 -0.25269842  1.80275786] - angle: -1.4706644506426425
2026-01-20 15:45:26,645 - position: [ 0.16415952 -0.25555664  1.8031373 ] - angle: -1.4723046596944962
2026-01-20 15:45:26,914 - position: [ 0.16415952 -0.25555664  1.8031373 ] - angle: -1.4723046596944962
2026-01-20 15:45:27,169 - position: [ 0.16905896 -0.26143742  1.80577409] - angle: -1.46882748820637
2026-01-20 15:45:27,416 - position: [ 0.17019095 -0.26266477  1.80621719] - angle: -1.463476872982028
2026-01-20 15:45:27,649 - position: [ 0.17034306 -0.26320648  1.80636919] - angle: -1.4643229017589365
2026-01-20 15:45:27,860 - position: [ 0.17032006 -0.26356131  1.80626714] - angle: -1.4642563289717065
2026-01-20 15:45:28,117 - position: [ 0.17077808 -0.2634131   1.80696511] - angle: -1.4696832840643732
2026-01-20 15:45:28,386 - position: [ 0.17077808 -0.2634131   1.80696511] - angle: -1.4696832840643732
2026-01-20 15:45:28,655 - position: [ 0.16803133 -0.27004033  1.80593491] - angle: -1.465681886193547
2026-01-20 15:45:28,912 - position: [ 0.16159782 -0.28117758  1.7996763 ] - angle: -1.4679706277548101
2026-01-20 15:45:29,137 - position: [ 0.15816692 -0.28742811  1.79901958] - angle: -1.4633605781813133
2026-01-20 15:45:29,386 - position: [ 0.15761842 -0.29203948  1.79911029] - angle: -1.4625088976584575
2026-01-20 15:45:29,625 - position: [ 0.15759702 -0.2936911   1.79891133] - angle: -1.4602184230450481
2026-01-20 15:45:29,853 - position: [ 0.15571485 -0.30198741  1.79815614] - angle: -1.4604011449143437
2026-01-20 15:45:30,071 - position: [ 0.15462601 -0.305641    1.79762018] - angle: -1.4632859028643117
2026-01-20 15:45:30,298 - position: [ 0.15463345 -0.30660641  1.79728794] - angle: -1.4625422243768247
2026-01-20 15:45:30,612 - position: [ 0.15455413 -0.3079623   1.792979  ] - angle: -1.461026399028842
2026-01-20 15:45:30,842 - position: [ 0.15455413 -0.3079623   1.792979  ] - angle: -1.461026399028842
2026-01-20 15:45:31,087 - position: [ 0.15727638 -0.31261018  1.78694415] - angle: -1.4592195930615377
2026-01-20 15:45:31,318 - position: [ 0.15899523 -0.31494233  1.78251171] - angle: -1.4592769293718568
2026-01-20 15:45:31,571 - position: [ 0.15963407 -0.31527498  1.77971363] - angle: -1.467683748261936
2026-01-20 15:45:31,944 - position: [ 0.16185535 -0.31338471  1.77450407] - angle: -1.4653611480091748
2026-01-20 15:45:32,238 - position: [ 0.16185535 -0.31338471  1.77450407] - angle: -1.4653611480091748
2026-01-20 15:45:32,458 - position: [ 0.16185535 -0.31338471  1.77450407] - angle: -1.4653611480091748
2026-01-20 15:45:32,677 - position: [ 0.16185535 -0.31338471  1.77450407] - angle: -1.4653611480091748
2026-01-20 15:45:32,888 - position: [ 0.16185535 -0.31338471  1.77450407] - angle: -1.4653611480091748
2026-01-20 15:45:33,108 - position: [ 0.16430721 -0.30715212  1.77361917] - angle: -1.4620467866447564
2026-01-20 15:45:33,362 - position: [ 0.16143687 -0.31128797  1.77246308] - angle: -1.4610620306251012
2026-01-20 15:45:33,571 - position: [ 0.16143687 -0.31128797  1.77246308] - angle: -1.4610620306251012
2026-01-20 15:45:33,789 - position: [ 0.16129524 -0.31548694  1.77447355] - angle: -1.456658178808925
2026-01-20 15:45:34,039 - position: [ 0.16127343 -0.31764582  1.7761234 ] - angle: -1.4563729602444169
2026-01-20 15:45:34,278 - position: [ 0.16127194 -0.31775871  1.7763828 ] - angle: -1.4562453534741135
2026-01-20 15:45:34,530 - position: [ 0.15903638 -0.31638452  1.78116024] - angle: -1.45759567317719
2026-01-20 15:45:34,772 - position: [ 0.15872982 -0.31585476  1.78331995] - angle: -1.4663853413603767
2026-01-20 15:45:35,012 - position: [ 0.15954259 -0.31706432  1.78582633] - angle: -1.457376833535521
2026-01-20 15:45:35,243 - position: [ 0.15954259 -0.31706432  1.78582633] - angle: -1.457376833535521
2026-01-20 15:45:35,478 - position: [ 0.16436522 -0.3205744   1.78512919] - angle: -1.457965420465932
2026-01-20 15:45:35,717 - position: [ 0.16447622 -0.32125399  1.78454423] - angle: -1.4597879954881994
2026-01-20 15:45:35,944 - position: [ 0.16495752 -0.3228887   1.7808553 ] - angle: -1.4572326070171524
2026-01-20 15:45:36,162 - position: [ 0.16572319 -0.3222267   1.77810526] - angle: -1.4563624543245393
2026-01-20 15:45:36,387 - position: [ 0.16696359 -0.3215045   1.77644515] - angle: -1.4626119242927178
2026-01-20 15:45:36,607 - position: [ 0.16584112 -0.32074052  1.77563679] - angle: -1.4533321295192203
2026-01-20 15:45:36,845 - position: [ 0.16594422 -0.31816718  1.77336538] - angle: -1.453098718025815
2026-01-20 15:45:37,117 - position: [ 0.16658594 -0.31122288  1.76819992] - angle: -1.4525744534555285
2026-01-20 15:45:37,344 - position: [ 0.16623527 -0.31118214  1.76783383] - angle: -1.4526415637308991
2026-01-20 15:45:37,569 - position: [ 0.16516627 -0.31130216  1.76582754] - angle: -1.4585089711066739
2026-01-20 15:45:37,803 - position: [ 0.16098987 -0.31128502  1.76769722] - angle: -1.4526007240165622
2026-01-20 15:45:38,027 - position: [ 0.16030575 -0.31139961  1.76752365] - angle: -1.4522056222293793
2026-01-20 15:45:38,259 - position: [ 0.1557781  -0.31917959  1.76594317] - angle: -1.4621605676588847
2026-01-20 15:45:38,464 - position: [ 0.15425375 -0.32965195  1.76755512] - angle: -1.457517728210457
2026-01-20 15:45:38,757 - position: [ 0.15336411 -0.33494976  1.77144504] - angle: -1.451641900651964
2026-01-20 15:45:38,989 - position: [ 0.15607484 -0.34186491  1.7722367 ] - angle: -1.4517930156017171
2026-01-20 15:45:39,229 - position: [ 0.15750365 -0.34222782  1.77381277] - angle: -1.457804019231152
2026-01-20 15:45:39,474 - position: [ 0.15718418 -0.34282127  1.7758584 ] - angle: -1.4607643304615237
2026-01-20 15:45:39,684 - position: [ 0.15556861 -0.34366062  1.78018034] - angle: -1.4546002979857895
2026-01-20 15:45:39,948 - position: [ 0.15734982 -0.34458217  1.78657985] - angle: -1.4565213050801584
2026-01-20 15:45:40,201 - position: [ 0.15545821 -0.34696895  1.79296041] - angle: -1.4529278449816476
2026-01-20 15:45:40,457 - position: [ 0.15576571 -0.34927991  1.79635048] - angle: -1.4499607090990851
2026-01-20 15:45:40,717 - position: [ 0.15680273 -0.35120481  1.80046892] - angle: -1.4524676692770377
2026-01-20 15:45:40,968 - position: [ 0.15885568 -0.35400659  1.80245388] - angle: -1.4580455326902024
2026-01-20 15:45:41,213 - position: [ 0.15961416 -0.35549459  1.80549955] - angle: -1.4496014402441624
2026-01-20 15:45:41,433 - position: [ 0.159758   -0.35568017  1.80714726] - angle: -1.4513604116102643
2026-01-20 15:45:41,652 - position: [ 0.15998657 -0.35562235  1.8071121 ] - angle: -1.4487481683971266
2026-01-20 15:45:41,950 - position: [ 0.16032808 -0.35600024  1.8120811 ] - angle: -1.448248888868819
2026-01-20 15:45:42,194 - position: [ 0.16026273 -0.35896131  1.81668806] - angle: -1.4490146015612826
2026-01-20 15:45:42,424 - position: [ 0.15814047 -0.36264643  1.82583416] - angle: -1.4478974265471676
2026-01-20 15:45:42,683 - position: [ 0.1607922  -0.36257321  1.8281281 ] - angle: -1.4547003601569255
2026-01-20 15:45:42,931 - position: [ 0.16078368 -0.3625851   1.82824039] - angle: -1.4545928503339383
2026-01-20 15:45:43,154 - position: [ 0.16286092 -0.36313039  1.82924092] - angle: -1.4461769134610991
2026-01-20 15:45:43,380 - position: [ 0.16409528 -0.36298576  1.82893276] - angle: -1.4520865868266126
2026-01-20 15:45:43,620 - position: [ 0.15882209 -0.36677769  1.83245683] - angle: -1.453263927020266
2026-01-20 15:45:43,922 - position: [ 0.15631719 -0.36914048  1.83342934] - angle: -1.4519504019010756
2026-01-20 15:45:44,162 - position: [ 0.1488626  -0.37636611  1.83598685] - angle: -1.446024321296342
2026-01-20 15:45:44,396 - position: [ 0.14428841 -0.38109735  1.83501959] - angle: -1.4427702230401698
2026-01-20 15:45:44,643 - position: [ 0.14281678 -0.38254809  1.83452511] - angle: -1.4420643600746654
2026-01-20 15:45:44,865 - position: [ 0.14281678 -0.38254809  1.83452511] - angle: -1.4420643600746654
2026-01-20 15:45:45,094 - position: [ 0.14281678 -0.38254809  1.83452511] - angle: -1.4420643600746654
2026-01-20 15:45:45,331 - position: [ 0.14281678 -0.38254809  1.83452511] - angle: -1.4420643600746654
2026-01-20 15:45:45,577 - position: [ 0.13316037 -0.40093458  1.82740021] - angle: -1.448366596634585
2026-01-20 15:45:45,799 - position: [ 0.13233754 -0.40262967  1.82563663] - angle: -1.4401201782655892
2026-01-20 15:45:46,036 - position: [ 0.13359551 -0.40591797  1.82148039] - angle: -1.4454440367630608
2026-01-20 15:45:46,299 - position: [ 0.13135485 -0.41306663  1.81585395] - angle: -1.4404157935541608
2026-01-20 15:45:46,529 - position: [ 0.13104469 -0.41500929  1.81402421] - angle: -1.4402078893477763
2026-01-20 15:45:46,768 - position: [ 0.13322334 -0.41422486  1.8127203 ] - angle: -1.4405944993024957
2026-01-20 15:45:46,986 - position: [ 0.1367103  -0.41055232  1.81252396] - angle: -1.4402804638266593
2026-01-20 15:45:47,226 - position: [ 0.1394439  -0.40365103  1.81133819] - angle: -1.4465176019047647
2026-01-20 15:45:47,457 - position: [ 0.13814011 -0.40148675  1.81135464] - angle: -1.4409515603414982
2026-01-20 15:45:47,698 - position: [ 0.14106183 -0.39453694  1.80997694] - angle: -1.4395320548619188
2026-01-20 15:45:47,943 - position: [ 0.14215584 -0.39402464  1.81087744] - angle: -1.4393436788091956
2026-01-20 15:45:48,156 - position: [ 0.14623664 -0.39594233  1.8185519 ] - angle: -1.4407375746120064
2026-01-20 15:45:48,392 - position: [ 0.14623664 -0.39594233  1.8185519 ] - angle: -1.4407375746120064
2026-01-20 15:45:48,618 - position: [ 0.14623664 -0.39594233  1.8185519 ] - angle: -1.4407375746120064
2026-01-20 15:45:48,838 - position: [ 0.1491693  -0.40012047  1.82657993] - angle: -1.440009909252066
2026-01-20 15:45:49,055 - position: [ 0.15711406 -0.40269881  1.83537674] - angle: -1.4468691776876166
2026-01-20 15:45:49,291 - position: [ 0.16102973 -0.40341809  1.83937132] - angle: -1.4474847958531138
2026-01-20 15:45:49,521 - position: [ 0.16102973 -0.40341809  1.83937132] - angle: -1.4474847958531138
2026-01-20 15:45:49,730 - position: [ 0.16782118 -0.4031055   1.84226906] - angle: -1.4416427433731531
2026-01-20 15:45:49,956 - position: [ 0.17286316 -0.40258151  1.84316909] - angle: -1.4417689224214594
2026-01-20 15:45:50,176 - position: [ 0.17534661 -0.40254003  1.8432076 ] - angle: -1.4408714048168232
2026-01-20 15:45:50,450 - position: [ 0.17764957 -0.40262613  1.84248805] - angle: -1.4482078066619386
2026-01-20 15:45:50,730 - position: [ 0.17808473 -0.39639816  1.83941424] - angle: -1.4478129221661291
2026-01-20 15:45:50,946 - position: [ 0.17838529 -0.39353222  1.83662987] - angle: -1.4463202239521449
2026-01-20 15:45:51,238 - position: [ 0.17784002 -0.39234012  1.83404732] - angle: -1.4462126284006662
2026-01-20 15:45:51,492 - position: [ 0.17386489 -0.38983166  1.83085251] - angle: -1.4395127163735295
2026-01-20 15:45:51,717 - position: [ 0.1693586  -0.38400316  1.82637596] - angle: -1.4413593270104434
2026-01-20 15:45:51,928 - position: [ 0.16871487 -0.37812439  1.82324755] - angle: -1.447075195280508
2026-01-20 15:45:52,290 - position: [ 0.16899088 -0.3726714   1.82317281] - angle: -1.447428411536761
2026-01-20 15:45:52,605 - position: [ 0.17176448 -0.36682311  1.8261174 ] - angle: -1.4408409694594955
2026-01-20 15:45:52,854 - position: [ 0.17949426 -0.36026764  1.82979858] - angle: -1.449367294307521
2026-01-20 15:45:53,098 - position: [ 0.18181528 -0.35843351  1.83091533] - angle: -1.4493478874252754
2026-01-20 15:45:53,337 - position: [ 0.18088526 -0.35837206  1.83134341] - angle: -1.4438486477575547
2026-01-20 15:45:53,573 - position: [ 0.18478031 -0.35551819  1.83223963] - angle: -1.4471963682721203
2026-01-20 15:45:53,899 - position: [ 0.18548159 -0.35381204  1.83297086] - angle: -1.4484466641415223
2026-01-20 15:45:54,178 - position: [ 0.1718493  -0.34487733  1.81295717] - angle: -1.4416432530355272
2026-01-20 15:45:54,478 - position: [ 0.1643745  -0.34402862  1.79993081] - angle: -1.4414081764593338
2026-01-20 15:45:54,799 - position: [ 0.15793359 -0.34472001  1.79384732] - angle: -1.4402227515523682
2026-01-20 15:45:55,054 - position: [ 0.15679815 -0.34493017  1.79307282] - angle: -1.4441760781160204
2026-01-20 15:45:55,279 - position: [ 0.15649956 -0.34690282  1.79401231] - angle: -1.4446676355245365
2026-01-20 15:45:55,498 - position: [ 0.15532343 -0.34976831  1.7950381 ] - angle: -1.4377714937082544
2026-01-20 15:45:55,731 - position: [ 0.15556371 -0.35179982  1.79501998] - angle: -1.4386762809203715
2026-01-20 15:45:55,963 - position: [ 0.15678129 -0.35377404  1.7936914 ] - angle: -1.4461859187660147
2026-01-20 15:45:56,170 - position: [ 0.15826297 -0.35453948  1.79081905] - angle: -1.4425237395299453
2026-01-20 15:45:56,422 - position: [ 0.15887265 -0.35251778  1.78801918] - angle: -1.4394491582438351
2026-01-20 15:45:56,675 - position: [ 0.15742449 -0.35104555  1.78658509] - angle: -1.4380440810349064
2026-01-20 15:45:56,929 - position: [ 0.15627244 -0.35058099  1.78521311] - angle: -1.4356002257126796
2026-01-20 15:45:57,131 - position: [ 0.15643924 -0.35046789  1.78428352] - angle: -1.4416572783305242
2026-01-20 15:45:57,368 - position: [ 0.15443774 -0.35142678  1.78526926] - angle: -1.4366487922168103
2026-01-20 15:45:57,596 - position: [ 0.15786302 -0.35355327  1.7872237 ] - angle: -1.4429537308014768
2026-01-20 15:45:57,832 - position: [ 0.15986279 -0.35539514  1.78910327] - angle: -1.4407912148554365
2026-01-20 15:45:58,075 - position: [ 0.16054918 -0.35742846  1.79153097] - angle: -1.4434790919400529
2026-01-20 15:45:58,319 - position: [ 0.16074981 -0.3598516   1.79277539] - angle: -1.4361715392445809
2026-01-20 15:45:58,557 - position: [ 0.16065623 -0.35981238  1.79239476] - angle: -1.4352484293196892
2026-01-20 15:45:58,823 - position: [ 0.15991525 -0.359088    1.79222178] - angle: -1.4353588745772883
2026-01-20 15:45:59,066 - position: [ 0.15947729 -0.3581605   1.7920897 ] - angle: -1.4330036450376973
2026-01-20 15:45:59,295 - position: [ 0.15803468 -0.35772678  1.79175186] - angle: -1.4361425862256874
2026-01-20 15:45:59,575 - position: [ 0.15803468 -0.35772678  1.79175186] - angle: -1.4361425862256874
2026-01-20 15:45:59,819 - position: [ 0.15661871 -0.35561058  1.78926671] - angle: -1.4403834706462066
2026-01-20 15:46:00,085 - position: [ 0.15307193 -0.35471886  1.78820837] - angle: -1.4344825752067685
2026-01-20 15:46:00,292 - position: [ 0.15171692 -0.35414958  1.78702259] - angle: -1.43403167071848
2026-01-20 15:46:00,512 - position: [ 0.1528108  -0.35372829  1.78551638] - angle: -1.4373826894603074
2026-01-20 15:46:00,719 - position: [ 0.15132867 -0.35380793  1.785411  ] - angle: -1.4303263628468188
2026-01-20 15:46:00,963 - position: [ 0.15078397 -0.35353476  1.78371811] - angle: -1.433474674632048
2026-01-20 15:46:01,250 - position: [ 0.15314569 -0.3626914   1.77102542] - angle: -1.4323851185976464
2026-01-20 15:46:01,594 - position: [ 0.15154116 -0.36716473  1.76948118] - angle: -1.43336149315074
2026-01-20 15:46:01,825 - position: [ 0.15132016 -0.36834076  1.76907933] - angle: -1.4326622845694112
2026-01-20 15:46:02,075 - position: [ 0.1512405  -0.36987942  1.76843381] - angle: -1.4313696068012471
2026-01-20 15:46:02,359 - position: [ 0.15323496 -0.37043303  1.76621664] - angle: -1.4318915011354516
2026-01-20 15:46:02,582 - position: [ 0.15743916 -0.36911765  1.76130104] - angle: -1.4324108993724045
2026-01-20 15:46:02,869 - position: [ 0.15805995 -0.36876556  1.76057327] - angle: -1.43213338499107
2026-01-20 15:46:03,094 - position: [ 0.1581322  -0.36871499  1.76037395] - angle: -1.4321351893363437
2026-01-20 15:46:03,295 - position: [ 0.15830573 -0.3686128   1.76020646] - angle: -1.4320963898790668
2026-01-20 15:46:03,529 - position: [ 0.15918557 -0.36821952  1.75851321] - angle: -1.432763952731582
2026-01-20 15:46:03,756 - position: [ 0.16047017 -0.36737785  1.75500917] - angle: -1.432411688343819
2026-01-20 15:46:04,046 - position: [ 0.16032521 -0.36592498  1.7526648 ] - angle: -1.4319656490766666
2026-01-20 15:46:04,300 - position: [ 0.16218199 -0.3670176   1.75043917] - angle: -1.4386265631295756
2026-01-20 15:46:04,546 - position: [ 0.15572737 -0.37569356  1.75899494] - angle: -1.4343241348939024
2026-01-20 15:46:04,787 - position: [ 0.15227787 -0.37479788  1.7603544 ] - angle: -1.4321976668903442
2026-01-20 15:46:05,025 - position: [ 0.14702563 -0.36916143  1.76431608] - angle: -1.4320290003082716
2026-01-20 15:46:05,313 - position: [ 0.14632243 -0.36793184  1.76474476] - angle: -1.429902231127683
2026-01-20 15:46:05,547 - position: [ 0.13582201 -0.35496092  1.77264583] - angle: -1.4326175669392573
2026-01-20 15:46:05,788 - position: [ 0.13450646 -0.35292804  1.77317476] - angle: -1.4293670352376018
2026-01-20 15:46:06,009 - position: [ 0.13271561 -0.35028738  1.77402687] - angle: -1.4291560023313097
2026-01-20 15:46:06,242 - position: [ 0.13417783 -0.34664494  1.77522421] - angle: -1.43582392288189
2026-01-20 15:46:06,448 - position: [ 0.13246322 -0.3410888   1.77672613] - angle: -1.430776880072786
2026-01-20 15:46:06,712 - position: [ 0.13501085 -0.33526129  1.77619684] - angle: -1.4301966893917593
2026-01-20 15:46:06,960 - position: [ 0.13786922 -0.32912451  1.77593017] - angle: -1.4313371677539046
2026-01-20 15:46:07,193 - position: [ 0.13885209 -0.32580364  1.77660489] - angle: -1.4307813079788638
2026-01-20 15:46:07,430 - position: [ 0.13936034 -0.32373551  1.77723753] - angle: -1.4271732959680632
2026-01-20 15:46:07,718 - position: [ 0.14063753 -0.3225508   1.77764416] - angle: -1.4336170613611965
2026-01-20 15:46:07,931 - position: [ 0.13784036 -0.31949916  1.78708029] - angle: -1.428702097946811
