2026-01-20 15:25:56,247 - position: [-0.01074251  2.24945712  0.97198468] - angle: -1.5507954723097521
2026-01-20 15:25:56,462 - position: [-0.01129065  2.24982548  0.97364753] - angle: -1.553088927398791
2026-01-20 15:25:56,696 - position: [-0.01075015  2.25361443  0.982054  ] - angle: -1.5395355044982555
2026-01-20 15:25:56,908 - position: [-0.01216613  2.25319505  0.98616862] - angle: -1.5530134086490612
2026-01-20 15:25:57,197 - position: [-0.0107573   2.2512238   0.99506158] - angle: -1.5540856628421564
2026-01-20 15:25:57,469 - position: [-0.00602036  2.24430513  1.00893879] - angle: -1.5534191243824576
2026-01-20 15:25:57,717 - position: [7.14650378e-04 2.23600221e+00 1.01912177e+00] - angle: -1.5525172057264083
2026-01-20 15:25:57,961 - position: [0.00500286 2.22837973 1.01924086] - angle: -1.552052607813461
2026-01-20 15:25:58,205 - position: [0.00510418 2.22822714 1.01891553] - angle: -1.552256448540113
2026-01-20 15:25:58,450 - position: [0.00619958 2.21790361 0.94992375] - angle: -1.5506342712825005
2026-01-20 15:25:58,724 - position: [0.0057315  2.21163607 0.89486933] - angle: -1.548838894179192
2026-01-20 15:25:58,967 - position: [0.00404284 2.20134854 0.8013835 ] - angle: -1.5479273868971708
2026-01-20 15:25:59,191 - position: [-5.89130446e-04  2.18818784e+00  6.85391545e-01] - angle: -1.5505635978248766
2026-01-20 15:25:59,468 - position: [-1.85914151e-03  2.18490052e+00  6.56814814e-01] - angle: -1.5479062259623588
2026-01-20 15:25:59,719 - position: [-1.85914151e-03  2.18490052e+00  6.56814814e-01] - angle: -1.5479062259623588
2026-01-20 15:25:59,951 - position: [-0.00515531  2.178509    0.60589707] - angle: -1.5486140001337145
2026-01-20 15:26:00,191 - position: [-0.02742452  2.14795256  0.4350968 ] - angle: -1.5465246699678947
2026-01-20 15:26:00,448 - position: [-0.03876175  2.13648796  0.39193547] - angle: -1.5461685367754887
2026-01-20 15:26:00,681 - position: [-0.04231538  2.13153505  0.38125286] - angle: -1.5450476681364962
2026-01-20 15:26:00,916 - position: [-0.04680644  2.12003279  0.38167712] - angle: -1.5460006691509403
2026-01-20 15:26:01,189 - position: [-0.04824956  2.11580777  0.38798714] - angle: -1.5454876955402308
2026-01-20 15:26:01,438 - position: [-0.04932862  2.11149263  0.39695773] - angle: -1.5458585868038344
2026-01-20 15:26:01,753 - position: [-0.04401436  2.10296297  0.41122544] - angle: -1.5456315811109596
2026-01-20 15:26:02,023 - position: [-0.04278266  2.10198879  0.41346797] - angle: -1.547789962229675
2026-01-20 15:26:02,284 - position: [-0.04165586  2.10139489  0.41517758] - angle: -1.5472520594366812
2026-01-20 15:26:02,522 - position: [-0.04123259  2.10137868  0.41610426] - angle: -1.5472320060431786
2026-01-20 15:26:02,804 - position: [-0.03996767  2.1046083   0.41498786] - angle: -1.5456986271746347
2026-01-20 15:26:03,082 - position: [-0.03967187  2.10518551  0.41444248] - angle: -1.5453120311826516
2026-01-20 15:26:03,338 - position: [-0.03838985  2.10143495  0.40953752] - angle: -1.5443773574050659
2026-01-20 15:26:03,685 - position: [-0.03808713  2.09602809  0.4057034 ] - angle: -1.5468523563357035
2026-01-20 15:26:03,951 - position: [-0.03849711  2.09332395  0.40346783] - angle: -1.5462314481896011
2026-01-20 15:26:04,170 - position: [-0.04008685  2.09078908  0.39885703] - angle: -1.5437311220071988
2026-01-20 15:26:04,462 - position: [-0.04119567  2.09040189  0.39615035] - angle: -1.5446877000531485
2026-01-20 15:26:04,666 - position: [-0.04214025  2.09171796  0.39253825] - angle: -1.544245352707729
2026-01-20 15:26:04,878 - position: [-0.04213753  2.0923295   0.39133242] - angle: -1.5456241342342887
2026-01-20 15:26:05,147 - position: [-0.04085319  2.09478498  0.3846302 ] - angle: -1.5430988553624885
2026-01-20 15:26:05,356 - position: [-0.03996814  2.09558344  0.38200292] - angle: -1.5429421928340958
2026-01-20 15:26:05,610 - position: [-0.03878986  2.0967598   0.37883028] - angle: -1.5424714828173478
2026-01-20 15:26:05,830 - position: [-0.03844548  2.09761667  0.37800333] - angle: -1.5428162381127786
2026-01-20 15:26:06,070 - position: [-0.03845362  2.09810352  0.377514  ] - angle: -1.542402279403933
2026-01-20 15:26:06,350 - position: [-0.03933727  2.09870195  0.377931  ] - angle: -1.542455183510869
2026-01-20 15:26:06,585 - position: [-0.04064971  2.09893322  0.37883079] - angle: -1.5417394429786477
2026-01-20 15:26:06,858 - position: [-0.04265774  2.09854293  0.38233313] - angle: -1.5447851791046001
2026-01-20 15:26:07,113 - position: [-0.04256045  2.09816265  0.38362145] - angle: -1.5420002196468072
2026-01-20 15:26:07,395 - position: [-0.04181205  2.09587073  0.38581303] - angle: -1.5408162432172121
2026-01-20 15:26:07,658 - position: [-0.04153085  2.094944    0.38634035] - angle: -1.5411529503863255
2026-01-20 15:26:07,930 - position: [-0.04042999  2.09011984  0.38784689] - angle: -1.5410588609402844
2026-01-20 15:26:08,136 - position: [-0.04054204  2.08394599  0.38751081] - angle: -1.542287441143829
2026-01-20 15:26:08,368 - position: [-0.04077483  2.07447481  0.38484105] - angle: -1.541097053455109
2026-01-20 15:26:08,618 - position: [-0.04376203  2.06607294  0.38043046] - angle: -1.5401741272317073
2026-01-20 15:26:08,846 - position: [-0.04576692  2.06157136  0.37830818] - angle: -1.5410400287829167
2026-01-20 15:26:09,117 - position: [-0.0456776   2.05823636  0.3762143 ] - angle: -1.538525152596947
2026-01-20 15:26:09,414 - position: [-0.04805234  2.05439281  0.37417847] - angle: -1.537329709100283
2026-01-20 15:26:09,684 - position: [-0.05175335  2.05407786  0.37482411] - angle: -1.5400884512497601
2026-01-20 15:26:09,948 - position: [-0.05307464  2.05418324  0.37565616] - angle: -1.5401074488069715
2026-01-20 15:26:10,187 - position: [-0.05483934  2.05444026  0.38105249] - angle: -1.5397013642477488
2026-01-20 15:26:10,414 - position: [-0.05166967  2.05221725  0.38604563] - angle: -1.5388398775378374
2026-01-20 15:26:10,658 - position: [-0.04652522  2.04923058  0.38935915] - angle: -1.5391082097224973
2026-01-20 15:26:10,947 - position: [-0.04508889  2.04850006  0.39017406] - angle: -1.5392612746465426
2026-01-20 15:26:11,215 - position: [-0.04337347  2.04779005  0.39103928] - angle: -1.5369777964867852
2026-01-20 15:26:11,485 - position: [-0.03845292  2.04556155  0.39393261] - angle: -1.5379304531654499
2026-01-20 15:26:11,702 - position: [-0.03558753  2.04396367  0.39520302] - angle: -1.5379203283566643
2026-01-20 15:26:11,913 - position: [-0.03141983  2.03616476  0.39398882] - angle: -1.5367821284042158
2026-01-20 15:26:12,159 - position: [-0.03041828  2.03368235  0.39347026] - angle: -1.5349797848360272
2026-01-20 15:26:12,457 - position: [-0.02907111  2.03103304  0.3933205 ] - angle: -1.5342764509005198
2026-01-20 15:26:12,744 - position: [-0.02882826  2.02824831  0.39313874] - angle: -1.5359118533137286
2026-01-20 15:26:12,984 - position: [-0.03052243  2.02482605  0.39113328] - angle: -1.5340251593842016
2026-01-20 15:26:13,262 - position: [-0.03444966  2.0213623   0.38749641] - angle: -1.534800791893408
2026-01-20 15:26:13,468 - position: [-0.03482286  2.02106142  0.38709447] - angle: -1.5347511709376023
2026-01-20 15:26:13,713 - position: [-0.03482286  2.02106142  0.38709447] - angle: -1.5347511709376023
2026-01-20 15:26:13,965 - position: [-0.0363743   2.01649666  0.37868133] - angle: -1.5335561376362334
2026-01-20 15:26:14,246 - position: [-0.03734336  2.01699042  0.37806034] - angle: -1.5337169881066957
2026-01-20 15:26:14,458 - position: [-0.03887753  2.01793337  0.37666425] - angle: -1.531944584922467
2026-01-20 15:26:14,683 - position: [-0.04114481  2.01857519  0.37604529] - angle: -1.5335717477721151
2026-01-20 15:26:14,978 - position: [-0.04289656  2.01896238  0.37485108] - angle: -1.5321665570063652
2026-01-20 15:26:15,191 - position: [-0.04422675  2.01870012  0.37385875] - angle: -1.5331755762740484
2026-01-20 15:26:15,410 - position: [-0.04518241  2.01923299  0.37468839] - angle: -1.5334033007213574
2026-01-20 15:26:15,649 - position: [-0.046151    2.02067184  0.37628508] - angle: -1.5326723885565543
2026-01-20 15:26:15,867 - position: [-0.04721856  2.02246094  0.37804264] - angle: -1.5322555129017466
2026-01-20 15:26:16,087 - position: [-0.0474207   2.02465796  0.37988907] - angle: -1.5309374714940462
2026-01-20 15:26:16,319 - position: [-0.0463691   2.02537465  0.37945834] - angle: -1.5305965372960495
2026-01-20 15:26:16,542 - position: [-0.04591881  2.0256598   0.37907037] - angle: -1.5307336650761307
2026-01-20 15:26:16,779 - position: [-0.04475946  2.02611589  0.37787026] - angle: -1.528859886213112
2026-01-20 15:26:17,026 - position: [-0.04453312  2.02602291  0.37741312] - angle: -1.5301518707988815
2026-01-20 15:26:17,247 - position: [-0.04557186  2.02734351  0.37628961] - angle: -1.5297209687758713
2026-01-20 15:26:17,483 - position: [-0.04751536  2.02883029  0.37666407] - angle: -1.5300498855438582
2026-01-20 15:26:17,723 - position: [-0.04864976  2.02883339  0.37804881] - angle: -1.5305844343779849
2026-01-20 15:26:17,936 - position: [-0.04882957  2.02752638  0.37903687] - angle: -1.5282919776955284
2026-01-20 15:26:18,176 - position: [-0.04882957  2.02752638  0.37903687] - angle: -1.5282919776955284
2026-01-20 15:26:18,399 - position: [-0.04981906  2.01955795  0.38036385] - angle: -1.5271873909832565
2026-01-20 15:26:18,660 - position: [-0.05200294  2.01135278  0.38070154] - angle: -1.5259837331513522
2026-01-20 15:26:18,955 - position: [-0.05327521  2.005265    0.37963864] - angle: -1.5259939569535677
2026-01-20 15:26:19,273 - position: [-0.05210001  2.00227022  0.38054261] - angle: -1.526887246358691
2026-01-20 15:26:19,548 - position: [-0.05098778  2.00100636  0.38189882] - angle: -1.5240518010646995
2026-01-20 15:26:19,761 - position: [-0.05163655  2.00025582  0.3826167 ] - angle: -1.5235857640570059
2026-01-20 15:26:19,992 - position: [-0.05163655  2.00025582  0.3826167 ] - angle: -1.5235857640570059
2026-01-20 15:26:20,234 - position: [-0.05371572  1.9997685   0.38301244] - angle: -1.5228559244821334
2026-01-20 15:26:20,477 - position: [-0.05517453  2.00036716  0.38301426] - angle: -1.5169127707295513
2026-01-20 15:26:20,697 - position: [-0.0587521   2.00102377  0.3814843 ] - angle: -1.5222793872219142
2026-01-20 15:26:20,975 - position: [-0.05319919  2.00770283  0.37934974] - angle: -1.5262599081893757
2026-01-20 15:26:21,238 - position: [-0.05221303  2.01097822  0.38221255] - angle: -1.5246648055790049
2026-01-20 15:26:21,469 - position: [-0.05245199  2.01200151  0.38239175] - angle: -1.5244425941510276
2026-01-20 15:26:21,694 - position: [-0.05265879  2.01833367  0.38352302] - angle: -1.5237768776537326
2026-01-20 15:26:21,952 - position: [-0.05269627  2.01932883  0.38369191] - angle: -1.5253905253876732
2026-01-20 15:26:22,179 - position: [-0.05267212  2.02030993  0.38374591] - angle: -1.5248808082769103
2026-01-20 15:26:22,410 - position: [-0.05259922  2.02203465  0.38369575] - angle: -1.5231037902937046
2026-01-20 15:26:22,661 - position: [-0.05210496  2.0242033   0.38353437] - angle: -1.522998595602302
2026-01-20 15:26:22,917 - position: [-0.05168892  2.02547693  0.38357913] - angle: -1.5229188501606616
2026-01-20 15:26:23,159 - position: [-0.04970724  2.02894878  0.38321874] - angle: -1.5208259058648856
2026-01-20 15:26:23,410 - position: [-0.05249542  2.02830148  0.38268912] - angle: -1.5216372192155272
2026-01-20 15:26:23,637 - position: [-0.05636068  2.02548695  0.38142174] - angle: -1.522700198197526
2026-01-20 15:26:23,843 - position: [-0.05967152  2.02406263  0.38064402] - angle: -1.5225906859468035
2026-01-20 15:26:24,086 - position: [-0.06153199  2.02432108  0.38132611] - angle: -1.520384836122724
2026-01-20 15:26:24,360 - position: [-0.06303741  2.02584171  0.38395625] - angle: -1.521302689403222
2026-01-20 15:26:24,638 - position: [-0.06323518  2.02654791  0.38446668] - angle: -1.5210748649700618
2026-01-20 15:26:24,845 - position: [-0.06346833  2.02939582  0.38605097] - angle: -1.5191589797461695
2026-01-20 15:26:25,080 - position: [-0.06346833  2.02939582  0.38605097] - angle: -1.5191589797461695
2026-01-20 15:26:25,360 - position: [-0.06200377  2.03157139  0.3877486 ] - angle: -1.5196138446446144
2026-01-20 15:26:25,728 - position: [-0.05834456  2.03749466  0.38828525] - angle: -1.5115519432376243
2026-01-20 15:26:26,006 - position: [-0.05591015  2.03932643  0.38877359] - angle: -1.5180509937787026
2026-01-20 15:26:26,217 - position: [-0.05313224  2.04149508  0.39069921] - angle: -1.5164287545893025
2026-01-20 15:26:26,547 - position: [-0.05286548  2.04300165  0.39183849] - angle: -1.5106302783192316
2026-01-20 15:26:26,763 - position: [-0.0534951   2.04372907  0.39239773] - angle: -1.5111944091145708
2026-01-20 15:26:27,029 - position: [-0.05348933  2.04360485  0.39213434] - angle: -1.5163402802338708
2026-01-20 15:26:27,249 - position: [-0.05291636  2.04416418  0.39197323] - angle: -1.515681545092165
2026-01-20 15:26:27,483 - position: [-0.0520253   2.04478645  0.39182433] - angle: -1.5156683236073993
2026-01-20 15:26:27,697 - position: [-0.05153838  2.04523611  0.3919495 ] - angle: -1.5149850351428844
2026-01-20 15:26:27,947 - position: [-0.05117838  2.04580998  0.39224434] - angle: -1.5142079145483254
2026-01-20 15:26:28,176 - position: [-0.05080048  2.04609132  0.39272636] - angle: -1.5140754869761448
2026-01-20 15:26:28,425 - position: [-0.05078349  2.046242    0.39279342] - angle: -1.513911482880577
2026-01-20 15:26:28,679 - position: [-0.05296855  2.05021572  0.39413667] - angle: -1.5113361493161195
2026-01-20 15:26:28,893 - position: [-0.05508559  2.05018735  0.39755148] - angle: -1.511301523310256
2026-01-20 15:26:29,185 - position: [-0.05582731  2.04894447  0.40060699] - angle: -1.5118885836019653
2026-01-20 15:26:29,427 - position: [-0.05582731  2.04894447  0.40060699] - angle: -1.5118885836019653
2026-01-20 15:26:29,689 - position: [-0.05569454  2.04819441  0.40252647] - angle: -1.5116741299959418
2026-01-20 15:26:29,916 - position: [-0.05553673  2.04804015  0.40287322] - angle: -1.5113276320055742
2026-01-20 15:26:30,134 - position: [-0.05553673  2.04804015  0.40287322] - angle: -1.5113276320055742
2026-01-20 15:26:30,377 - position: [-0.05546511  2.04729152  0.40334257] - angle: -1.5109234542941925
2026-01-20 15:26:30,602 - position: [-0.05555603  2.04727411  0.40306973] - angle: -1.510728048923553
2026-01-20 15:26:30,822 - position: [-0.05660868  2.04781675  0.40014619] - angle: -1.5107516877753517
2026-01-20 15:26:31,028 - position: [-0.05869778  2.051296    0.39653066] - angle: -1.5071443699017197
2026-01-20 15:26:31,263 - position: [-0.05875327  2.05146861  0.3964068 ] - angle: -1.5073436898247805
2026-01-20 15:26:31,496 - position: [-0.06134465  2.05759788  0.39378881] - angle: -1.5067628015500394
2026-01-20 15:26:31,709 - position: [-0.06262908  2.05947137  0.39380893] - angle: -1.5077087909307707
2026-01-20 15:26:31,957 - position: [-0.06420169  2.06061506  0.39576724] - angle: -1.5069226759835281
2026-01-20 15:26:32,181 - position: [-0.06174722  2.05722857  0.39873788] - angle: -1.5071476908602817
2026-01-20 15:26:32,404 - position: [-0.06174722  2.05722857  0.39873788] - angle: -1.5071476908602817
2026-01-20 15:26:32,637 - position: [-0.05928525  2.05391049  0.40011728] - angle: -1.5066234129354412
2026-01-20 15:26:32,854 - position: [-0.05743302  2.05127716  0.40033957] - angle: -1.5053217628595705
2026-01-20 15:26:33,063 - position: [-0.05675485  2.05095196  0.40016323] - angle: -1.5060135077327623
2026-01-20 15:26:33,288 - position: [-0.05648676  2.05085659  0.39990327] - angle: -1.5061188574977273
2026-01-20 15:26:33,516 - position: [-0.05648676  2.05085659  0.39990327] - angle: -1.5061188574977273
2026-01-20 15:26:33,745 - position: [-0.05495751  2.05472493  0.39737499] - angle: -1.4964968286446299
2026-01-20 15:26:34,030 - position: [-0.05489599  2.0550344   0.3969864 ] - angle: -1.4963426494444572
2026-01-20 15:26:34,257 - position: [-0.05516598  2.05450773  0.39638606] - angle: -1.502083931083193
2026-01-20 15:26:34,465 - position: [-0.05496231  2.05414248  0.39601761] - angle: -1.5028254257204607
2026-01-20 15:26:34,702 - position: [-0.05488176  2.05389333  0.39521456] - angle: -1.4964978701787524
2026-01-20 15:26:34,910 - position: [-0.05721148  2.05204296  0.39346361] - angle: -1.5038971569538186
2026-01-20 15:26:35,136 - position: [-0.05333464  2.04909229  0.39072496] - angle: -1.5031318283285975
2026-01-20 15:26:35,434 - position: [-0.05240398  2.0485363   0.39060661] - angle: -1.5025582461389102
2026-01-20 15:26:35,644 - position: [-0.05079845  2.04909444  0.39219752] - angle: -1.5012033820490829
2026-01-20 15:26:35,858 - position: [-0.05082424  2.04933476  0.39252669] - angle: -1.5012786645143885
2026-01-20 15:26:36,063 - position: [-0.05127454  2.04982877  0.39470547] - angle: -1.500323733578465
2026-01-20 15:26:36,355 - position: [-0.05047969  2.04977894  0.39575136] - angle: -1.4945949191532568
2026-01-20 15:26:36,569 - position: [-0.05047969  2.04977894  0.39575136] - angle: -1.4945949191532568
2026-01-20 15:26:36,847 - position: [-0.04700949  2.04596972  0.39926669] - angle: -1.5003753677237586
2026-01-20 15:26:37,194 - position: [-0.04368914  2.04551744  0.4042809 ] - angle: -1.5005404901181638
2026-01-20 15:26:37,417 - position: [-0.0431212   2.04513311  0.40705404] - angle: -1.497689465938854
2026-01-20 15:26:37,721 - position: [-0.04266493  2.04520297  0.40809342] - angle: -1.4924208995457717
2026-01-20 15:26:37,949 - position: [-0.04187412  2.04532099  0.40938646] - angle: -1.4991988033744867
2026-01-20 15:26:38,247 - position: [-0.04098752  2.04697585  0.40969726] - angle: -1.499809938311178
2026-01-20 15:26:38,480 - position: [-0.04011019  2.04902101  0.40894163] - angle: -1.500105758403123
2026-01-20 15:26:38,725 - position: [-0.04089727  2.05208611  0.40544143] - angle: -1.496796868702177
2026-01-20 15:26:39,023 - position: [-0.04304164  2.05320787  0.40205833] - angle: -1.4964964410784143
2026-01-20 15:26:53,548 - position: [-0.04500996  2.06067181  0.36602584] - angle: -1.4717249762544524
2026-01-20 15:26:53,850 - position: [-0.04282479  2.05864763  0.3665995 ] - angle: -1.4734891995612305
2026-01-20 15:26:54,130 - position: [-0.04283654  2.05700397  0.37134698] - angle: -1.4713194306618744
2026-01-20 15:26:54,373 - position: [-0.04299386  2.05673933  0.37221158] - angle: -1.471160198400172
2026-01-20 15:26:54,643 - position: [-0.04391987  2.05291891  0.37960574] - angle: -1.471585100570557
2026-01-20 15:26:54,928 - position: [-0.04293583  2.05005431  0.38220227] - angle: -1.4716095251555208
2026-01-20 15:26:55,220 - position: [-0.04259907  2.04543567  0.38285086] - angle: -1.4701943872675
2026-01-20 15:26:55,438 - position: [-0.04285023  2.04300475  0.38263518] - angle: -1.4722837391051256
2026-01-20 15:26:55,669 - position: [-0.04285023  2.04300475  0.38263518] - angle: -1.4722837391051256
2026-01-20 15:26:55,894 - position: [-0.04353233  2.03749847  0.37994161] - angle: -1.4687924451857586
2026-01-20 15:26:56,122 - position: [-0.04333263  2.03292155  0.37853661] - angle: -1.4691952865650308
2026-01-20 15:26:56,396 - position: [-0.04329849  2.03073359  0.37738895] - angle: -1.4676531917122047
2026-01-20 15:26:56,635 - position: [-0.04309805  2.03009009  0.37576315] - angle: -1.4659798276625824
2026-01-20 15:26:56,852 - position: [-0.04309805  2.03009009  0.37576315] - angle: -1.4659798276625824
2026-01-20 15:26:57,081 - position: [-0.04283892  2.03253007  0.36808833] - angle: -1.465334382655168
2026-01-20 15:26:57,320 - position: [-0.0429361   2.03396297  0.36565417] - angle: -1.4656494052497062
2026-01-20 15:26:57,566 - position: [-0.0426072   2.03831339  0.36136886] - angle: -1.4656605427952116
2026-01-20 15:26:57,819 - position: [-0.04329636  2.04456019  0.35812521] - angle: -1.4646636902819172
2026-01-20 15:26:58,036 - position: [-0.04411354  2.04774761  0.35725611] - angle: -1.469717843671396
2026-01-20 15:26:58,274 - position: [-0.04443486  2.05025744  0.35612053] - angle: -1.4638396031503937
2026-01-20 15:26:58,527 - position: [-0.04535929  2.0543561   0.35477048] - angle: -1.4646773789463818
2026-01-20 15:26:58,763 - position: [-0.04540863  2.05779815  0.35572001] - angle: -1.4636190270169775
2026-01-20 15:26:59,142 - position: [-0.04636959  2.06048083  0.35974061] - angle: -1.4640597623630502
2026-01-20 15:26:59,427 - position: [-0.05313554  2.06484771  0.37101382] - angle: -1.4643844222639277
2026-01-20 15:26:59,659 - position: [-0.05480173  2.06495667  0.37314087] - angle: -1.464844907296492
2026-01-20 15:26:59,944 - position: [-0.05488893  2.06535959  0.37472913] - angle: -1.4612627427963036
2026-01-20 15:27:00,184 - position: [-0.05502899  2.06572556  0.37550691] - angle: -1.4609031501247363
2026-01-20 15:27:00,446 - position: [-0.05614861  2.06825566  0.37832993] - angle: -1.4626761656940657
2026-01-20 15:27:00,663 - position: [-0.05635557  2.06929207  0.37886193] - angle: -1.4616757632999424
2026-01-20 15:27:00,890 - position: [-0.05662793  2.07002211  0.37871134] - angle: -1.461038433850164
2026-01-20 15:27:01,097 - position: [-0.05699316  2.07038355  0.37836072] - angle: -1.4602274389128276
2026-01-20 15:27:01,374 - position: [-0.05784943  2.07010508  0.37656656] - angle: -1.4599996576724186
2026-01-20 15:27:01,601 - position: [-0.05815701  2.06989074  0.37594697] - angle: -1.4600495605211865
2026-01-20 15:27:01,824 - position: [-0.05871431  2.0695653   0.37459326] - angle: -1.4596854689270784
2026-01-20 15:27:02,032 - position: [-0.06179808  2.06679606  0.37119377] - angle: -1.4586319727186474
2026-01-20 15:27:02,245 - position: [-0.06340212  2.06580853  0.37074786] - angle: -1.458920375650247
2026-01-20 15:27:02,471 - position: [-0.06397837  2.06490254  0.37051547] - angle: -1.4590399141980486
2026-01-20 15:27:02,767 - position: [-0.06369416  2.06026363  0.37233329] - angle: -1.4572840610999682
2026-01-20 15:27:02,985 - position: [-0.06330295  2.05944967  0.37337264] - angle: -1.4573699678550152
2026-01-20 15:27:03,217 - position: [-0.06281218  2.05909371  0.37573299] - angle: -1.4578882023063708
2026-01-20 15:27:03,509 - position: [-0.06190466  2.05834723  0.38073799] - angle: -1.4563161401898825
2026-01-20 15:27:03,866 - position: [-0.06163976  2.05637145  0.38821065] - angle: -1.4561277044999232
2026-01-20 15:27:04,127 - position: [-0.06165993  2.0559485   0.38969293] - angle: -1.4575241226123965
2026-01-20 15:27:04,341 - position: [-0.06143001  2.05526114  0.39350954] - angle: -1.4551137748997838
2026-01-20 15:27:04,574 - position: [-0.06150375  2.05544639  0.39380667] - angle: -1.4543026753462698
2026-01-20 15:27:04,846 - position: [-0.06192814  2.05628729  0.39450502] - angle: -1.4545172680030514
2026-01-20 15:27:05,072 - position: [-0.06232899  2.05688691  0.39523754] - angle: -1.4552401597238727
2026-01-20 15:27:05,314 - position: [-0.06266632  2.05731916  0.39539683] - angle: -1.4547774067009187
2026-01-20 15:27:05,564 - position: [-0.06281543  2.05759931  0.39560422] - angle: -1.4548322508036344
2026-01-20 15:27:05,783 - position: [-0.06417057  2.0602119   0.3957893 ] - angle: -1.4537465346289582
2026-01-20 15:27:06,012 - position: [-0.06563398  2.06105661  0.39681196] - angle: -1.453175983683785
2026-01-20 15:27:06,250 - position: [-0.06608454  2.06009197  0.39810953] - angle: -1.4539707779803437
2026-01-20 15:27:06,518 - position: [-0.06360956  2.05474448  0.40751722] - angle: -1.4507875101949108
2026-01-20 15:27:06,804 - position: [-0.06172597  2.05270123  0.41062212] - angle: -1.4516637747278303
2026-01-20 15:27:07,047 - position: [-0.05953987  2.05107808  0.41342157] - angle: -1.4513825133746106
2026-01-20 15:27:07,261 - position: [-0.05863568  2.05077815  0.4140442 ] - angle: -1.4499316960101236
2026-01-20 15:27:07,493 - position: [-0.05841208  2.05071235  0.41388586] - angle: -1.44942991109684
2026-01-20 15:27:07,788 - position: [-0.05842462  2.05097723  0.41388133] - angle: -1.450064964231418
2026-01-20 15:27:08,062 - position: [-0.05849368  2.051301    0.41402584] - angle: -1.4501535049262233
2026-01-20 15:27:08,282 - position: [-0.05876298  2.05186224  0.4143768 ] - angle: -1.4500914885709286
2026-01-20 15:27:08,582 - position: [-0.05961508  2.05280161  0.41500267] - angle: -1.4498523034161916
2026-01-20 15:27:08,796 - position: [-0.06027773  2.05488944  0.41607368] - angle: -1.4489722797943227
2026-01-20 15:27:09,015 - position: [-0.0607841   2.05583477  0.41957948] - angle: -1.4494542956042937
2026-01-20 15:27:09,265 - position: [-0.06221756  2.05602646  0.42257106] - angle: -1.4483319211182968
2026-01-20 15:27:09,472 - position: [-0.0635986   2.05651879  0.4241139 ] - angle: -1.4489976846365478
2026-01-20 15:27:09,757 - position: [-0.06686262  2.05765247  0.42368326] - angle: -1.4468388440521909
2026-01-20 15:27:10,020 - position: [-0.06874934  2.05815506  0.42200804] - angle: -1.447024547211985
2026-01-20 15:27:10,328 - position: [-0.07007711  2.05570912  0.41081199] - angle: -1.4446306789151597
2026-01-20 15:27:10,565 - position: [-0.06955141  2.05433226  0.40551126] - angle: -1.4454753063814771
2026-01-20 15:27:10,777 - position: [-0.06955141  2.05433226  0.40551126] - angle: -1.4454753063814771
2026-01-20 15:27:11,038 - position: [-0.06921965  2.05255508  0.39871731] - angle: -1.4442220330403917
2026-01-20 15:27:11,259 - position: [-0.06841973  2.04438663  0.38775507] - angle: -1.4446144295080554
2026-01-20 15:27:11,540 - position: [-0.06768021  2.04118299  0.38400397] - angle: -1.442454249498768
2026-01-20 15:27:11,745 - position: [-0.06771438  2.04194236  0.38318962] - angle: -1.44196576909775
2026-01-20 15:27:11,959 - position: [-0.06768459  2.04311538  0.38309464] - angle: -1.4424625227885453
2026-01-20 15:27:12,209 - position: [-0.06767488  2.04329348  0.38308784] - angle: -1.4428221389421112
2026-01-20 15:27:12,455 - position: [-0.06768771  2.04458761  0.38320222] - angle: -1.442285326198371
2026-01-20 15:27:12,711 - position: [-0.06774607  2.04698157  0.38369563] - angle: -1.4394880570399051
2026-01-20 15:27:12,970 - position: [-0.06745126  2.0474782   0.38424942] - angle: -1.43908579830536
2026-01-20 15:27:13,189 - position: [-0.06717221  2.0444572   0.38407916] - angle: -1.44041841014123
2026-01-20 15:27:13,426 - position: [-0.06662723  2.04298878  0.38429549] - angle: -1.4401993884722342
2026-01-20 15:27:13,674 - position: [-0.06557401  2.04090452  0.38442594] - angle: -1.4390873091341305
2026-01-20 15:27:13,936 - position: [-0.0643599   2.03480983  0.38791949] - angle: -1.437684412204971
2026-01-20 15:27:14,163 - position: [-0.06511541  2.03431797  0.3875221 ] - angle: -1.4367379001096001
2026-01-20 15:27:14,381 - position: [-0.0652961   2.03403687  0.3872214 ] - angle: -1.436885583352363
2026-01-20 15:27:14,612 - position: [-0.06601535  2.03244352  0.38689455] - angle: -1.4365687496610464
2026-01-20 15:27:14,910 - position: [-0.06799861  2.02818465  0.39002332] - angle: -1.4365953054771792
2026-01-20 15:27:15,147 - position: [-0.06982718  2.02575755  0.39328942] - angle: -1.4378215357124282
2026-01-20 15:27:15,401 - position: [-0.07037815  2.02482104  0.39541924] - angle: -1.4373587403676749
2026-01-20 15:27:15,622 - position: [-0.06980392  2.0243094   0.39875111] - angle: -1.4361916905336956
2026-01-20 15:27:15,873 - position: [-0.06871943  2.02454519  0.40324122] - angle: -1.434897284422512
2026-01-20 15:27:16,132 - position: [-0.06808626  2.02514601  0.40626949] - angle: -1.4360407257772954
2026-01-20 15:27:16,342 - position: [-0.06717527  2.02676082  0.40964657] - angle: -1.4332603618397726
2026-01-20 15:27:16,582 - position: [-0.06748509  2.0294559   0.41105059] - angle: -1.4330627133306186
2026-01-20 15:27:16,788 - position: [-0.06833966  2.03162384  0.41093206] - angle: -1.4335413414449358
2026-01-20 15:27:17,023 - position: [-0.06908593  2.03371549  0.41052294] - angle: -1.4333218680576514
2026-01-20 15:27:17,300 - position: [-0.06872144  2.03651643  0.40820491] - angle: -1.4316149291804714
2026-01-20 15:27:17,545 - position: [-0.06848182  2.03685379  0.40771785] - angle: -1.4316989435649279
2026-01-20 15:27:17,795 - position: [-0.06657137  2.03696084  0.40387088] - angle: -1.4332138582950549
2026-01-20 15:27:18,108 - position: [-0.06445468  2.03474689  0.40192273] - angle: -1.4317989131613498
2026-01-20 15:27:18,374 - position: [-0.06356955  2.03402185  0.40108475] - angle: -1.4316474778044181
2026-01-20 15:27:18,620 - position: [-0.06193412  2.03326154  0.39968401] - angle: -1.4303074365976594
2026-01-20 15:27:18,852 - position: [-0.0579526   2.0322721   0.39731979] - angle: -1.4301638388369486
2026-01-20 15:27:19,095 - position: [-0.05510353  2.0315094   0.39590663] - angle: -1.4315450821311426
2026-01-20 15:27:19,344 - position: [-0.05314274  2.03099537  0.39522064] - angle: -1.43066030027183
2026-01-20 15:27:19,596 - position: [-0.05183237  2.03048873  0.39505476] - angle: -1.429529177159663
2026-01-20 15:27:19,832 - position: [-0.05111369  2.03018355  0.39502147] - angle: -1.430081110533021
2026-01-20 15:27:20,118 - position: [-0.04889307  2.0319922   0.39697787] - angle: -1.4233209636023685
2026-01-20 15:27:20,370 - position: [-0.04832381  2.03311896  0.39876714] - angle: -1.429527453439282
2026-01-20 15:27:20,617 - position: [-0.04813537  2.03360987  0.39929801] - angle: -1.4292511941356953
2026-01-20 15:27:20,832 - position: [-0.04781977  2.03795934  0.40081489] - angle: -1.4278590111515923
2026-01-20 15:27:21,070 - position: [-0.04806042  2.04244351  0.39897746] - angle: -1.427426376819826
2026-01-20 15:27:21,297 - position: [-0.04844648  2.0453217   0.39627442] - angle: -1.427279553651994
2026-01-20 15:27:21,498 - position: [-0.04856861  2.04680991  0.39508057] - angle: -1.4266994731726732
2026-01-20 15:27:21,776 - position: [-0.05155775  2.05351114  0.39106804] - angle: -1.4255050456420708
2026-01-20 15:27:21,977 - position: [-0.05355415  2.05577326  0.39075464] - angle: -1.4247159084088432
2026-01-20 15:27:22,265 - position: [-0.05456356  2.05749631  0.39124516] - angle: -1.4183571362899774
2026-01-20 15:27:22,508 - position: [-0.05617558  2.05754089  0.39126635] - angle: -1.4243381897308618
2026-01-20 15:27:22,758 - position: [-0.06311654  2.05992007  0.3934215 ] - angle: -1.422706091532128
2026-01-20 15:27:22,976 - position: [-0.06437052  2.06033278  0.39384931] - angle: -1.4225919377073257
2026-01-20 15:27:23,195 - position: [-0.05938103  2.05999112  0.39370465] - angle: -1.4233566440155636
2026-01-20 15:27:23,429 - position: [-0.05569223  2.06108189  0.39355525] - angle: -1.421968604699308
2026-01-20 15:27:23,636 - position: [-0.05442376  2.06335449  0.39323202] - angle: -1.4224877007150765
2026-01-20 15:27:23,854 - position: [-0.05467789  2.06454635  0.3930127 ] - angle: -1.4221165388530723
2026-01-20 15:27:24,074 - position: [-0.05541432  2.06606293  0.39282858] - angle: -1.4215805852803665
2026-01-20 15:27:24,336 - position: [-0.05788047  2.07223368  0.39022353] - angle: -1.4223742797546097
2026-01-20 15:27:24,579 - position: [-0.05824845  2.07349634  0.38957369] - angle: -1.4213511154358276
2026-01-20 15:27:24,825 - position: [-0.05837402  2.07380056  0.38973567] - angle: -1.4217964662059375
2026-01-20 15:27:25,163 - position: [-0.05735211  2.07431889  0.39265653] - angle: -1.420628759878304
2026-01-20 15:27:25,428 - position: [-0.05691633  2.0742054   0.39352825] - angle: -1.4202913495848462
2026-01-20 15:27:25,653 - position: [-0.05550049  2.07298017  0.395244  ] - angle: -1.4206178193130659
2026-01-20 15:27:26,100 - position: [-0.05088349  2.06943893  0.39506042] - angle: -1.4197437417882846
2026-01-20 15:27:26,326 - position: [-0.0504612   2.06933475  0.39382333] - angle: -1.4183133357204167
2026-01-20 15:27:26,562 - position: [-0.05016535  2.06923628  0.39304283] - angle: -1.4182952211805957
2026-01-20 15:27:26,793 - position: [-0.0493029   2.06889415  0.39128751] - angle: -1.419002649679654
2026-01-20 15:27:27,013 - position: [-0.04777998  2.06869721  0.38778076] - angle: -1.4185828916961323
2026-01-20 15:27:27,245 - position: [-0.04777998  2.06869721  0.38778076] - angle: -1.4185828916961323
2026-01-20 15:27:27,576 - position: [-0.04904359  2.07637048  0.37734133] - angle: -1.416462216110813
2026-01-20 15:27:27,855 - position: [-0.04975121  2.07801914  0.37577224] - angle: -1.415226167424112
2026-01-20 15:27:28,159 - position: [-0.05090506  2.07974219  0.37430412] - angle: -1.4149939954559443
2026-01-20 15:27:28,366 - position: [-0.05117094  2.07958388  0.37421829] - angle: -1.4151526095176847
2026-01-20 15:27:28,594 - position: [-0.05362247  2.07813096  0.37445596] - angle: -1.4145415285061715
2026-01-20 15:27:28,809 - position: [-0.05633993  2.07686591  0.37434077] - angle: -1.4138691658059361
2026-01-20 15:27:29,145 - position: [-0.05723381  2.07617855  0.37467995] - angle: -1.4136457362261563
2026-01-20 15:27:29,417 - position: [-0.0588019   2.07635236  0.37616754] - angle: -1.4120441282718583
2026-01-20 15:27:29,673 - position: [-0.06052569  2.07664251  0.37753597] - angle: -1.4112060372673416
2026-01-20 15:27:29,916 - position: [-0.06145031  2.07666087  0.37841403] - angle: -1.4115116193274506
2026-01-20 15:27:30,126 - position: [-0.06322472  2.07669997  0.37967971] - angle: -1.4105602047857926
2026-01-20 15:27:30,345 - position: [-0.06396847  2.07574034  0.38009071] - angle: -1.4097441331690566
2026-01-20 15:27:30,571 - position: [-0.06416313  2.07483673  0.38032782] - angle: -1.409752017000622
2026-01-20 15:27:30,791 - position: [-0.06428004  2.07450032  0.38030076] - angle: -1.4100885740205276
2026-01-20 15:27:31,015 - position: [-0.06521161  2.07142329  0.3808814 ] - angle: -1.4095235132689776
2026-01-20 15:27:31,277 - position: [-0.06373364  2.06782722  0.38095999] - angle: -1.4096714789538618
2026-01-20 15:27:31,493 - position: [-0.06330217  2.06695008  0.38102701] - angle: -1.4098828088532462
2026-01-20 15:27:31,785 - position: [-0.06052949  2.0589776   0.38070118] - angle: -1.4079266753991915
2026-01-20 15:27:32,104 - position: [-0.06036747  2.05701351  0.38051704] - angle: -1.406993628729476
2026-01-20 15:27:32,363 - position: [-0.05848254  2.05418086  0.38257504] - angle: -1.4079669382098756
2026-01-20 15:27:32,578 - position: [-0.05828489  2.05402279  0.38294768] - angle: -1.4076062430719394
2026-01-20 15:27:32,798 - position: [-0.05804115  2.05384326  0.38334638] - angle: -1.407452290480296
2026-01-20 15:27:33,048 - position: [-0.05626274  2.05335116  0.38886723] - angle: -1.407628158921093
2026-01-20 15:27:33,272 - position: [-0.05523523  2.05461287  0.39176768] - angle: -1.4014096011523463
2026-01-20 15:27:33,569 - position: [-0.05436833  2.05471492  0.39194977] - angle: -1.4058275840017607
2026-01-20 15:27:33,799 - position: [-0.05210051  2.05415058  0.3897191 ] - angle: -1.4049890345941027
2026-01-20 15:27:34,044 - position: [-0.04993358  2.05212569  0.38610789] - angle: -1.4058463894307631
2026-01-20 15:27:34,305 - position: [-0.04939725  2.05094576  0.38406366] - angle: -1.4043527047851243
2026-01-20 15:27:34,553 - position: [-0.04931155  2.05040145  0.38249627] - angle: -1.4035955940580727
2026-01-20 15:27:34,798 - position: [-0.04886871  2.04998517  0.38068345] - angle: -1.4039323957583316
2026-01-20 15:27:35,057 - position: [-0.04826157  2.04992414  0.38014233] - angle: -1.4031016008200363
2026-01-20 15:27:35,276 - position: [-0.04981716  2.05111337  0.38118187] - angle: -1.4024291583784922
2026-01-20 15:27:35,501 - position: [-0.05041796  2.05136991  0.38151965] - angle: -1.4024393624839204
2026-01-20 15:27:35,752 - position: [-0.0551025   2.05406737  0.38387513] - angle: -1.3968147397068789
2026-01-20 15:27:35,998 - position: [-0.05569102  2.05449343  0.38402313] - angle: -1.396217166027753
2026-01-20 15:27:36,215 - position: [-0.05602652  2.05474257  0.38404933] - angle: -1.3963126946417632
2026-01-20 15:27:36,436 - position: [-0.05693126  2.05553842  0.38430631] - angle: -1.3954860482313904
2026-01-20 15:27:36,694 - position: [-0.057363    2.05521846  0.38411453] - angle: -1.400398453373139
2026-01-20 15:27:36,934 - position: [-0.05775457  2.0556221   0.38447744] - angle: -1.4007339482386145
2026-01-20 15:27:37,272 - position: [-0.06174431  2.05694079  0.38953537] - angle: -1.4012441713314585
2026-01-20 15:27:37,495 - position: [-0.06307326  2.05656242  0.39005843] - angle: -1.4001939990238195
2026-01-20 15:27:37,710 - position: [-0.06510107  2.05728221  0.38945699] - angle: -1.4003477277765124
2026-01-20 15:27:37,955 - position: [-0.06615877  2.05812907  0.38857877] - angle: -1.4004874766718367
2026-01-20 15:27:38,219 - position: [-0.06748097  2.0603385   0.38635868] - angle: -1.39943821651526
2026-01-20 15:27:38,439 - position: [-0.0679493   2.06296158  0.38368922] - angle: -1.3981310192383423
2026-01-20 15:27:38,646 - position: [-0.06796591  2.06398797  0.38222829] - angle: -1.3982416130791426
2026-01-20 15:27:38,888 - position: [-0.0675478   2.06566978  0.38002989] - angle: -1.3984308937902878
2026-01-20 15:27:39,159 - position: [-0.06814571  2.06822157  0.37546718] - angle: -1.3976736548712356
2026-01-20 15:27:39,424 - position: [-0.07168315  2.06711292  0.37262201] - angle: -1.3965947731561426
2026-01-20 15:27:39,638 - position: [-0.07168315  2.06711292  0.37262201] - angle: -1.3965947731561426
2026-01-20 15:27:39,872 - position: [-0.07473307  2.06469822  0.37387568] - angle: -1.3953065184683102
2026-01-20 15:27:40,126 - position: [-0.07825434  2.06193781  0.37754342] - angle: -1.3956147508445222
2026-01-20 15:27:40,358 - position: [-0.07825434  2.06193781  0.37754342] - angle: -1.3956147508445222
2026-01-20 15:27:40,603 - position: [-0.08298096  2.05894542  0.38321722] - angle: -1.3915227144700788
2026-01-20 15:27:40,917 - position: [-0.08510362  2.05680323  0.38935602] - angle: -1.3925365502436526
2026-01-20 15:27:41,169 - position: [-0.08422116  2.05610728  0.39061564] - angle: -1.3910708641068976
2026-01-20 15:27:41,409 - position: [-0.07964537  2.05271506  0.39309925] - angle: -1.391941610645933
2026-01-20 15:27:41,693 - position: [-0.0761276   2.05089092  0.39563763] - angle: -1.3899586041627363
2026-01-20 15:27:41,937 - position: [-0.0761276   2.05089092  0.39563763] - angle: -1.3899586041627363
2026-01-20 15:27:42,184 - position: [-0.07401246  2.05127335  0.3985869 ] - angle: -1.3903185544895158
2026-01-20 15:27:42,466 - position: [-0.07365407  2.05195785  0.39915472] - angle: -1.3900050162757025
2026-01-20 15:27:42,713 - position: [-0.06940399  2.05223942  0.3991116 ] - angle: -1.389102298566634
2026-01-20 15:27:42,994 - position: [-0.06109098  2.05265141  0.39978236] - angle: -1.3879355376160691
2026-01-20 15:27:43,217 - position: [-0.06030245  2.05387378  0.39936554] - angle: -1.3885541075741417
2026-01-20 15:27:43,448 - position: [-0.06067687  2.05946851  0.39791673] - angle: -1.381225118675737
2026-01-20 15:27:43,694 - position: [-0.06124213  2.06242323  0.39586058] - angle: -1.3863918990473914
2026-01-20 15:27:43,948 - position: [-0.06183372  2.06520057  0.39513686] - angle: -1.3876218514461178
2026-01-20 15:27:44,171 - position: [-0.0622339   2.06806922  0.39550203] - angle: -1.3858894881925727
2026-01-20 15:27:44,437 - position: [-0.06189831  2.06944776  0.39635083] - angle: -1.38694808884462
2026-01-20 15:27:44,670 - position: [-0.06178059  2.06991959  0.39757007] - angle: -1.3877670510862563
2026-01-20 15:27:44,942 - position: [-0.05881498  2.06959271  0.40027148] - angle: -1.387304351754278
2026-01-20 15:27:45,184 - position: [-0.0575335   2.06989264  0.400617  ] - angle: -1.387214763080633
2026-01-20 15:27:45,413 - position: [-0.05401345  2.07088256  0.39936727] - angle: -1.3864778004748604
2026-01-20 15:27:45,632 - position: [-0.05297605  2.0713563   0.39826521] - angle: -1.3862129405511774
2026-01-20 15:27:45,867 - position: [-0.05182634  2.07187486  0.39652428] - angle: -1.3863915350507061
2026-01-20 15:27:46,088 - position: [-0.05046404  2.07270098  0.39332706] - angle: -1.3874751480455334
2026-01-20 15:27:46,311 - position: [-0.05192725  2.07363892  0.38290021] - angle: -1.3842341369717044
2026-01-20 15:27:46,549 - position: [-0.05412062  2.07305717  0.37921056] - angle: -1.385259813556237
2026-01-20 15:27:46,766 - position: [-0.05705046  2.07291865  0.37657413] - angle: -1.3848959551061837
2026-01-20 15:27:47,010 - position: [-0.05873743  2.07265162  0.37578437] - angle: -1.3855423550501444
2026-01-20 15:27:47,270 - position: [-0.0610275   2.07242966  0.3746658 ] - angle: -1.3848147651447773
2026-01-20 15:27:47,494 - position: [-0.06221605  2.07247972  0.37375861] - angle: -1.3834274266040092
2026-01-20 15:27:47,726 - position: [-0.06310375  2.07176352  0.37252817] - angle: -1.3829481556293244
2026-01-20 15:27:47,966 - position: [-0.06157881  2.06682539  0.37091318] - angle: -1.3820805242884426
2026-01-20 15:27:48,190 - position: [-0.0610005   2.065413    0.37022606] - angle: -1.3821592116464636
2026-01-20 15:27:48,437 - position: [-0.05992041  2.06315136  0.36920601] - angle: -1.381123594003808
2026-01-20 15:27:48,696 - position: [-0.05907478  2.06115246  0.36779058] - angle: -1.3816070578042856
2026-01-20 15:27:48,908 - position: [-0.05887183  2.06014085  0.36726245] - angle: -1.3809963455802632
2026-01-20 15:27:49,150 - position: [-0.06189428  2.05871224  0.36925846] - angle: -1.3800292321477565
2026-01-20 15:27:49,385 - position: [-0.06311467  2.05903149  0.37134305] - angle: -1.380041299026177
2026-01-20 15:27:49,647 - position: [-0.06323408  2.05949378  0.37257695] - angle: -1.3804439461375977
2026-01-20 15:27:49,970 - position: [-0.06188021  2.05970907  0.37366509] - angle: -1.3805791225748836
2026-01-20 15:27:50,200 - position: [-0.06108466  2.05882955  0.37384495] - angle: -1.3792893107331636
2026-01-20 15:27:50,432 - position: [-0.06051341  2.0574913   0.37548843] - angle: -1.3767657734387102
2026-01-20 15:27:50,638 - position: [-0.06097518  2.0570538   0.37745091] - angle: -1.377159912358982
2026-01-20 15:27:50,879 - position: [-0.06143157  2.05649948  0.37940884] - angle: -1.381359201431919
2026-01-20 15:27:51,109 - position: [-0.06191493  2.05546427  0.38218355] - angle: -1.3815313085268084
2026-01-20 15:27:51,326 - position: [-0.06173741  2.05453491  0.38356301] - angle: -1.3772670756543182
2026-01-20 15:27:51,554 - position: [-0.06183024  2.05331564  0.38481745] - angle: -1.3762372360057271
2026-01-20 15:27:51,824 - position: [-0.06218804  2.0528357   0.38573614] - angle: -1.3763068790910546
2026-01-20 15:27:52,032 - position: [-0.06235848  2.0527637   0.38643348] - angle: -1.3760323276288382
2026-01-20 15:27:52,393 - position: [-0.06332424  2.05418539  0.3917971 ] - angle: -1.3746732510670494
2026-01-20 15:27:52,641 - position: [-0.06370838  2.05331063  0.39436382] - angle: -1.3742054205817325
2026-01-20 15:27:52,874 - position: [-0.06397348  2.05214095  0.39549395] - angle: -1.375047951456093
2026-01-20 15:27:53,109 - position: [-0.06398258  2.04923511  0.39780927] - angle: -1.3739203802854187
2026-01-20 15:27:53,330 - position: [-0.06381632  2.04528618  0.40133351] - angle: -1.372799899334245
2026-01-20 15:27:53,613 - position: [-0.06248613  2.04190016  0.40430075] - angle: -1.3733685790686554
2026-01-20 15:27:53,849 - position: [-0.06075066  2.03972864  0.40571424] - angle: -1.3732291323370083
2026-01-20 15:27:54,095 - position: [-0.05888584  2.0362227   0.40765315] - angle: -1.3764038456338197
2026-01-20 15:27:54,387 - position: [-0.05789164  2.03444147  0.40781996] - angle: -1.3715789422642501
2026-01-20 15:27:54,614 - position: [-0.05658195  2.02967238  0.40825894] - angle: -1.3714403820041774
2026-01-20 15:27:54,830 - position: [-0.05595638  2.02792406  0.40809134] - angle: -1.3711750401256233
2026-01-20 15:27:55,093 - position: [-0.0533281   2.02265286  0.40554127] - angle: -1.368684731071205
2026-01-20 15:27:55,329 - position: [-0.05322401  2.02143359  0.40432829] - angle: -1.3689512600662925
2026-01-20 15:27:55,583 - position: [-0.05322401  2.02143359  0.40432829] - angle: -1.3689512600662925
2026-01-20 15:27:55,833 - position: [-0.05437422  2.02137184  0.40328819] - angle: -1.3699080554008733
2026-01-20 15:27:56,052 - position: [-0.05591261  2.02173185  0.4022302 ] - angle: -1.3702373368222913
2026-01-20 15:27:56,281 - position: [-0.05700763  2.02226448  0.40189987] - angle: -1.369554802098218
2026-01-20 15:27:56,533 - position: [-0.0582469   2.02285004  0.40195552] - angle: -1.3695590475790924
2026-01-20 15:27:56,805 - position: [-0.06063214  2.02358747  0.40226063] - angle: -1.3694789635380729
2026-01-20 15:27:57,052 - position: [-0.06205012  2.02435255  0.40271765] - angle: -1.3693150578610047
2026-01-20 15:27:57,291 - position: [-0.06285957  2.02478075  0.40370008] - angle: -1.3698300073225251
2026-01-20 15:27:57,551 - position: [-0.06458666  2.02574658  0.41019902] - angle: -1.3688372223303955
2026-01-20 15:27:57,791 - position: [-0.06541865  2.02605462  0.41349226] - angle: -1.367113450557146
2026-01-20 15:27:58,058 - position: [-0.06607083  2.02566171  0.41283384] - angle: -1.367186020087023
2026-01-20 15:27:58,319 - position: [-0.06560548  2.02480936  0.41241223] - angle: -1.3672553369987592
2026-01-20 15:27:58,571 - position: [-0.06478849  2.02411532  0.41243532] - angle: -1.3668001638394305
2026-01-20 15:27:58,809 - position: [-0.06262536  2.02113676  0.41319093] - angle: -1.3711102427140363
2026-01-20 15:27:59,033 - position: [-0.05938445  2.01879811  0.41320959] - angle: -1.363461077611626
2026-01-20 15:27:59,242 - position: [-0.06030225  2.01967549  0.41348961] - angle: -1.3645029053943674
2026-01-20 15:27:59,458 - position: [-0.06102134  2.02211523  0.41397288] - angle: -1.362757619942618
2026-01-20 15:27:59,720 - position: [-0.06123353  2.0239861   0.41345006] - angle: -1.3627834429595302
2026-01-20 15:27:59,959 - position: [-0.06109503  2.02447987  0.41184312] - angle: -1.3639294708715464
2026-01-20 15:28:00,249 - position: [-0.06062083  2.02300167  0.41031009] - angle: -1.3641186532192564
2026-01-20 15:28:00,466 - position: [-0.06027829  2.02014542  0.41068497] - angle: -1.3688105376196602
2026-01-20 15:28:00,677 - position: [-0.06021052  2.01878333  0.41107067] - angle: -1.3678912659735167
2026-01-20 15:28:00,917 - position: [-0.05980172  2.01718664  0.41110924] - angle: -1.3624797923428624
2026-01-20 15:28:01,216 - position: [-0.05917921  2.01760626  0.40991095] - angle: -1.361831601007419
2026-01-20 15:28:01,455 - position: [-0.05940811  2.01868558  0.40923193] - angle: -1.3655827995285952
2026-01-20 15:28:01,689 - position: [-0.06056979  2.02163553  0.40804482] - angle: -1.3611737125641756
2026-01-20 15:28:01,938 - position: [-0.06218524  2.02362561  0.40755576] - angle: -1.365048157297105
2026-01-20 15:28:02,141 - position: [-0.06251631  2.02508402  0.40671167] - angle: -1.364640529156481
2026-01-20 15:28:02,434 - position: [-0.0622643   2.02596164  0.40649885] - angle: -1.3651240654201078
2026-01-20 15:28:02,656 - position: [-0.0617901   2.0284524   0.40599495] - angle: -1.3590924879110844
2026-01-20 15:28:02,863 - position: [-0.06169875  2.02921224  0.40596068] - angle: -1.3585132240534028
2026-01-20 15:28:03,135 - position: [-0.06102176  2.0307107   0.40595382] - angle: -1.3599128125935622
2026-01-20 15:28:03,353 - position: [-0.06101527  2.03065944  0.40585148] - angle: -1.3597892672328222
2026-01-20 15:28:03,585 - position: [-0.0612839   2.02781391  0.40448916] - angle: -1.3625839384163023
2026-01-20 15:28:03,849 - position: [-0.06209078  2.02665043  0.40244165] - angle: -1.3577419521511267
2026-01-20 15:28:04,106 - position: [-0.06355683  2.02377868  0.39834964] - angle: -1.3568109095413812
2026-01-20 15:28:04,331 - position: [-0.06357905  2.02277184  0.39686584] - angle: -1.3577668656882866
2026-01-20 15:28:04,549 - position: [-0.06184474  2.01891565  0.39158687] - angle: -1.3568197002415703
2026-01-20 15:28:04,761 - position: [-0.06034631  2.01453805  0.38907844] - angle: -1.3598034645206818
2026-01-20 15:28:04,996 - position: [-0.05999359  2.01377273  0.38851279] - angle: -1.3593925891171414
2026-01-20 15:28:05,225 - position: [-0.05928971  2.01271343  0.38670182] - angle: -1.355229950493313
2026-01-20 15:28:05,446 - position: [-0.0571288   2.00376368  0.38405824] - angle: -1.3578124915025946
2026-01-20 15:28:05,673 - position: [-0.0571288   2.00376368  0.38405824] - angle: -1.3578124915025946
2026-01-20 15:28:05,908 - position: [-0.0572426   2.00265694  0.38535216] - angle: -1.3568232779853
2026-01-20 15:28:06,149 - position: [-0.05892599  2.00554943  0.38550931] - angle: -1.3531732885346592
2026-01-20 15:28:06,372 - position: [-0.06000537  2.00737691  0.38550907] - angle: -1.3524403842021018
2026-01-20 15:28:06,673 - position: [-0.06187048  2.01113081  0.38422441] - angle: -1.350596632365395
2026-01-20 15:28:06,965 - position: [-0.06238513  2.0129509   0.38258785] - angle: -1.3495167631455995
2026-01-20 15:28:07,264 - position: [-0.06392276  2.01452565  0.38200974] - angle: -1.3549906310228281
2026-01-20 15:28:07,523 - position: [-0.06381899  2.01686549  0.38104329] - angle: -1.3509363767014184
2026-01-20 15:28:07,760 - position: [-0.0636952   2.01607394  0.38176715] - angle: -1.3571505709010285
2026-01-20 15:28:07,986 - position: [-0.06275682  2.01690054  0.38098025] - angle: -1.3508222823213174
2026-01-20 15:28:08,270 - position: [-0.06003872  2.01645923  0.38088357] - angle: -1.3509854199978228
2026-01-20 15:28:08,494 - position: [-0.05700925  2.01573062  0.38059437] - angle: -1.352037211303195
2026-01-20 15:28:08,740 - position: [-0.05456485  2.01458979  0.37700471] - angle: -1.351427722161887
2026-01-20 15:28:08,980 - position: [-0.05456485  2.01458979  0.37700471] - angle: -1.351427722161887
2026-01-20 15:28:09,301 - position: [-0.05456485  2.01458979  0.37700471] - angle: -1.351427722161887
2026-01-20 15:28:09,552 - position: [-0.05456485  2.01458979  0.37700471] - angle: -1.351427722161887
2026-01-20 15:28:09,821 - position: [-0.05934437  2.02183628  0.372522  ] - angle: -1.3502119500468037
2026-01-20 15:28:10,082 - position: [-0.06145033  2.02546549  0.37205306] - angle: -1.3529507079798848
2026-01-20 15:28:10,408 - position: [-0.06674221  2.03337359  0.3660996 ] - angle: -1.3495494718308172
2026-01-20 15:28:10,635 - position: [-0.06674221  2.03337359  0.3660996 ] - angle: -1.3495494718308172
2026-01-20 15:28:10,875 - position: [-0.07101145  2.04097342  0.36260223] - angle: -1.351595413648658
2026-01-20 15:28:11,111 - position: [-0.07314207  2.0442605   0.36153525] - angle: -1.352461817484449
2026-01-20 15:28:11,439 - position: [-0.07465094  2.05192876  0.36099744] - angle: -1.3530446057645777
2026-01-20 15:28:11,658 - position: [-0.07392801  2.05647945  0.36081803] - angle: -1.3423731746262941
2026-01-20 15:28:11,909 - position: [-0.0745096   2.05811143  0.36310071] - angle: -1.3524740413876448
2026-01-20 15:28:12,175 - position: [-0.07363579  2.06315231  0.36352405] - angle: -1.3529227379940854
2026-01-20 15:28:12,380 - position: [-0.07342853  2.06362319  0.36325398] - angle: -1.3525746594734067
2026-01-20 15:28:12,619 - position: [-0.07053724  2.06708455  0.36074841] - angle: -1.3526488630022215
2026-01-20 15:28:12,864 - position: [-0.06936973  2.06845474  0.36001432] - angle: -1.3515458954554078
2026-01-20 15:28:13,111 - position: [-0.06774312  2.07136202  0.35856426] - angle: -1.350568682485222
2026-01-20 15:28:13,345 - position: [-0.06754563  2.07275128  0.35781536] - angle: -1.3499223875580322
2026-01-20 15:28:13,572 - position: [-0.06784132  2.07413268  0.35616666] - angle: -1.346537146595066
2026-01-20 15:28:13,807 - position: [-0.06866831  2.07538295  0.35334697] - angle: -1.347603695412125
2026-01-20 15:28:14,069 - position: [-0.07007311  2.07524014  0.35079941] - angle: -1.3502882772691063
2026-01-20 15:28:14,340 - position: [-0.07163187  2.07664728  0.34533077] - angle: -1.3449275619495817
2026-01-20 15:28:14,570 - position: [-0.07202317  2.07717943  0.34369284] - angle: -1.344082220154578
2026-01-20 15:28:14,820 - position: [-0.07202317  2.07717943  0.34369284] - angle: -1.344082220154578
2026-01-20 15:28:15,057 - position: [-0.07259395  2.07770634  0.33963457] - angle: -1.344299518989431
2026-01-20 15:28:15,306 - position: [-0.07301712  2.07709026  0.33666012] - angle: -1.3492606698431935
2026-01-20 15:28:15,544 - position: [-0.07450508  2.0776484   0.33383673] - angle: -1.3436403103095027
2026-01-20 15:28:15,749 - position: [-0.07737465  2.07688785  0.3310703 ] - angle: -1.3422394396065775
2026-01-20 15:28:15,967 - position: [-0.07870132  2.07600689  0.32752043] - angle: -1.3415965956219407
2026-01-20 15:28:16,199 - position: [-0.08154264  2.06985331  0.31165659] - angle: -1.3437580991980216
2026-01-20 15:28:16,426 - position: [-0.08555178  2.06453419  0.29629451] - angle: -1.3445658885965277
2026-01-20 15:28:16,650 - position: [-0.08609802  2.06459379  0.29570815] - angle: -1.3434929008512753
2026-01-20 15:28:16,921 - position: [-0.0872566   2.06455493  0.29697099] - angle: -1.3430463838268447
2026-01-20 15:28:17,149 - position: [-0.08904227  2.06476116  0.30023909] - angle: -1.3408924819403212
2026-01-20 15:28:17,396 - position: [-0.08904227  2.06476116  0.30023909] - angle: -1.3408924819403212
2026-01-20 15:28:17,624 - position: [-0.09308824  2.06474328  0.31115973] - angle: -1.340330793285438
2026-01-20 15:28:17,866 - position: [-0.09400821  2.06544065  0.31318155] - angle: -1.3372065783461538
2026-01-20 15:28:18,130 - position: [-0.09539812  2.06535363  0.31945655] - angle: -1.3408441402818845
2026-01-20 15:28:18,364 - position: [-0.09863345  2.06830311  0.32973364] - angle: -1.3366935594439746
2026-01-20 15:28:18,600 - position: [-0.09984526  2.06970429  0.33377033] - angle: -1.328418037282931
2026-01-20 15:28:18,811 - position: [-0.101041    2.06882977  0.33645448] - angle: -1.3379952445847252
2026-01-20 15:28:19,034 - position: [-0.101041    2.06882977  0.33645448] - angle: -1.3379952445847252
2026-01-20 15:28:19,240 - position: [-0.10313445  2.07049656  0.3433992 ] - angle: -1.325545016840846
2026-01-20 15:28:19,468 - position: [-0.10392157  2.06884313  0.34981266] - angle: -1.3366004050123133
2026-01-20 15:28:19,707 - position: [-0.10350102  2.0691278   0.35140365] - angle: -1.3333005916407674
2026-01-20 15:28:19,970 - position: [-0.1011193   2.06961823  0.35667756] - angle: -1.3250816541373243
2026-01-20 15:28:20,271 - position: [-0.10130699  2.06855893  0.35976511] - angle: -1.3349922232054912
2026-01-20 15:28:20,500 - position: [-0.10117327  2.06864119  0.36100093] - angle: -1.3345621736570332
2026-01-20 15:28:20,766 - position: [-0.10117327  2.06864119  0.36100093] - angle: -1.3345621736570332
2026-01-20 15:28:20,992 - position: [-0.10020778  2.0694313   0.36574295] - angle: -1.3336282979611171
2026-01-20 15:28:21,207 - position: [-0.09986788  2.06896067  0.36686024] - angle: -1.329684014625653
2026-01-20 15:28:21,436 - position: [-0.10006001  2.06785512  0.3685964 ] - angle: -1.3297548928009721
2026-01-20 15:28:21,645 - position: [-0.10255131  2.06179547  0.37404117] - angle: -1.322122713336661
2026-01-20 15:28:21,894 - position: [-0.10255131  2.06179547  0.37404117] - angle: -1.322122713336661
2026-01-20 15:28:22,167 - position: [-0.1040668   2.06000781  0.373898  ] - angle: -1.3211504864513826
2026-01-20 15:28:22,449 - position: [-0.10282221  2.05713081  0.37321058] - angle: -1.3208985110729543
2026-01-20 15:28:22,683 - position: [-0.10081708  2.05576849  0.37333453] - angle: -1.321290321657612
2026-01-20 15:28:22,909 - position: [-0.10081708  2.05576849  0.37333453] - angle: -1.321290321657612
2026-01-20 15:28:23,121 - position: [-0.09758627  2.05317998  0.37583253] - angle: -1.3208473849944236
2026-01-20 15:28:23,350 - position: [-0.09805912  2.05210781  0.37722221] - angle: -1.320448958937288
2026-01-20 15:28:23,574 - position: [-0.09929214  2.05024934  0.37915874] - angle: -1.3303628622761523
2026-01-20 15:28:23,788 - position: [-0.10033634  2.04984808  0.38118595] - angle: -1.3295953437494714
2026-01-20 15:28:24,107 - position: [-0.10003277  2.05067396  0.38222975] - angle: -1.3192908571515454
2026-01-20 15:28:24,335 - position: [-0.10090172  2.05093026  0.38769257] - angle: -1.3301164904849276
2026-01-20 15:28:24,550 - position: [-0.09937283  2.05494285  0.38986501] - angle: -1.3181910536492918
2026-01-20 15:28:24,863 - position: [-0.09872013  2.05680847  0.39115706] - angle: -1.317741327893354
2026-01-20 15:28:25,104 - position: [-0.09745678  2.05981183  0.39219019] - angle: -1.3169910575885413
2026-01-20 15:28:25,323 - position: [-0.09630354  2.06264639  0.39131847] - angle: -1.316555461561073
2026-01-20 15:28:25,611 - position: [-0.09668539  2.06180811  0.39228535] - angle: -1.3281538189906685
2026-01-20 15:28:25,818 - position: [-0.0892682   2.06303906  0.38671371] - angle: -1.3263234294957273
2026-01-20 15:28:26,156 - position: [-0.08791649  2.06186175  0.3857463 ] - angle: -1.3248535150997545
2026-01-20 15:28:26,498 - position: [-0.09119792  2.062536    0.38745886] - angle: -1.3150302919403356
2026-01-20 15:28:26,767 - position: [-0.09394556  2.06305981  0.38978767] - angle: -1.32127482985217
2026-01-20 15:28:27,008 - position: [-0.09394556  2.06305981  0.38978767] - angle: -1.32127482985217
2026-01-20 15:28:27,248 - position: [-0.09542212  2.06321049  0.39172754] - angle: -1.3243058439428697
2026-01-20 15:28:27,464 - position: [-0.09542212  2.06321049  0.39172754] - angle: -1.3243058439428697
2026-01-20 15:28:27,685 - position: [-0.0970189   2.06438994  0.38797975] - angle: -1.3225022946077045
2026-01-20 15:28:27,938 - position: [-0.0970189   2.06438994  0.38797975] - angle: -1.3225022946077045
2026-01-20 15:28:28,167 - position: [-0.10276803  2.06838465  0.3836019 ] - angle: -1.3218283699940594
2026-01-20 15:28:28,411 - position: [-0.10276803  2.06838465  0.3836019 ] - angle: -1.3218283699940594
2026-01-20 15:28:28,718 - position: [-0.10752831  2.0729847   0.37913612] - angle: -1.318839329020157
2026-01-20 15:28:29,010 - position: [-0.10796787  2.07727194  0.37541676] - angle: -1.3202208671609728
2026-01-20 15:28:29,242 - position: [-0.1077381   2.08306527  0.37024674] - angle: -1.3171455094723212
2026-01-20 15:28:29,517 - position: [-0.10785855  2.08864093  0.36616829] - angle: -1.3175628731168993
2026-01-20 15:28:29,766 - position: [-0.10785855  2.08864093  0.36616829] - angle: -1.3175628731168993
2026-01-20 15:28:30,004 - position: [-0.10715357  2.09220648  0.3621895 ] - angle: -1.3191433638807193
2026-01-20 15:28:30,217 - position: [-0.1066975   2.09281135  0.36032912] - angle: -1.3198243839252637
2026-01-20 15:28:30,471 - position: [-0.10597774  2.09135079  0.35461754] - angle: -1.3160024412670204
2026-01-20 15:28:30,701 - position: [-0.10587907  2.0905993   0.35485789] - angle: -1.3183325566787376
2026-01-20 15:28:30,950 - position: [-0.10689077  2.08188033  0.34665969] - angle: -1.3176094586307485
2026-01-20 15:28:31,184 - position: [-0.10650366  2.07866478  0.34503761] - angle: -1.3174835461489787
2026-01-20 15:28:31,431 - position: [-0.10650366  2.07866478  0.34503761] - angle: -1.3174835461489787
2026-01-20 15:28:31,683 - position: [-0.10650366  2.07866478  0.34503761] - angle: -1.3174835461489787
2026-01-20 15:28:31,898 - position: [-0.10458027  2.06953573  0.34094185] - angle: -1.3162156636098312
2026-01-20 15:28:32,143 - position: [-0.10458027  2.06953573  0.34094185] - angle: -1.3162156636098312
2026-01-20 15:28:32,404 - position: [-0.10458027  2.06953573  0.34094185] - angle: -1.3162156636098312
2026-01-20 15:28:32,671 - position: [-0.10458027  2.06953573  0.34094185] - angle: -1.3162156636098312
2026-01-20 15:28:32,946 - position: [-0.10458027  2.06953573  0.34094185] - angle: -1.3162156636098312
2026-01-20 15:28:33,192 - position: [-0.10458027  2.06953573  0.34094185] - angle: -1.3162156636098312
2026-01-20 15:28:33,465 - position: [-0.10458027  2.06953573  0.34094185] - angle: -1.3162156636098312
2026-01-20 15:28:33,761 - position: [-0.10458027  2.06953573  0.34094185] - angle: -1.3162156636098312
2026-01-20 15:28:33,987 - position: [-0.10458027  2.06953573  0.34094185] - angle: -1.3162156636098312
2026-01-20 15:28:34,350 - position: [-0.10237794  2.06610703  0.34752873] - angle: -1.3127413230569625
2026-01-20 15:28:34,577 - position: [-0.10237794  2.06610703  0.34752873] - angle: -1.3127413230569625
2026-01-20 15:28:34,809 - position: [-0.10237794  2.06610703  0.34752873] - angle: -1.3127413230569625
2026-01-20 15:28:35,044 - position: [-0.10075794  2.06715369  0.33922917] - angle: -1.3110699968627486
2026-01-20 15:28:35,262 - position: [-0.09946374  2.06540751  0.33552203] - angle: -1.3104354396806528
2026-01-20 15:28:35,488 - position: [-0.09847052  2.06343246  0.33209789] - angle: -1.311199555988595
2026-01-20 15:28:35,737 - position: [-0.09847052  2.06343246  0.33209789] - angle: -1.311199555988595
2026-01-20 15:28:35,982 - position: [-0.10116108  2.06249261  0.32458583] - angle: -1.3096198996932036
2026-01-20 15:28:36,213 - position: [-0.10236536  2.06250978  0.32147932] - angle: -1.305526740682832
2026-01-20 15:28:36,458 - position: [-0.10236536  2.06250978  0.32147932] - angle: -1.305526740682832
2026-01-20 15:28:36,665 - position: [-0.10280122  2.0617249   0.32058355] - angle: -1.3076716673814603
2026-01-20 15:28:36,913 - position: [-0.10280122  2.0617249   0.32058355] - angle: -1.3076716673814603
2026-01-20 15:28:37,155 - position: [-0.10301611  2.06142163  0.31803009] - angle: -1.3077727691554268
2026-01-20 15:28:37,411 - position: [-0.10129617  2.05939221  0.31585842] - angle: -1.305996150278482
2026-01-20 15:28:37,671 - position: [-0.09818223  2.05742455  0.31219113] - angle: -1.3042346566878456
2026-01-20 15:28:37,942 - position: [-0.0948197   2.05385303  0.30603877] - angle: -1.3038599275959646
2026-01-20 15:28:38,237 - position: [-0.09463041  2.05344725  0.30445853] - angle: -1.3018615760706802
2026-01-20 15:28:38,487 - position: [-0.09463041  2.05344725  0.30445853] - angle: -1.3018615760706802
2026-01-20 15:28:38,711 - position: [-0.09463041  2.05344725  0.30445853] - angle: -1.3018615760706802
2026-01-20 15:28:38,966 - position: [-0.09463041  2.05344725  0.30445853] - angle: -1.3018615760706802
2026-01-20 15:28:39,238 - position: [-0.09463041  2.05344725  0.30445853] - angle: -1.3018615760706802
2026-01-20 15:28:39,456 - position: [-0.09463041  2.05344725  0.30445853] - angle: -1.3018615760706802
2026-01-20 15:28:39,706 - position: [-0.09463041  2.05344725  0.30445853] - angle: -1.3018615760706802
2026-01-20 15:28:39,938 - position: [-0.09463041  2.05344725  0.30445853] - angle: -1.3018615760706802
2026-01-20 15:28:40,179 - position: [-0.09463041  2.05344725  0.30445853] - angle: -1.3018615760706802
2026-01-20 15:28:40,401 - position: [-0.09463041  2.05344725  0.30445853] - angle: -1.3018615760706802
2026-01-20 15:28:40,635 - position: [-0.09640602  2.02715063  0.30775368] - angle: -1.2990032861510992
2026-01-20 15:28:40,871 - position: [-0.09640602  2.02715063  0.30775368] - angle: -1.2990032861510992
2026-01-20 15:28:41,089 - position: [-0.09640602  2.02715063  0.30775368] - angle: -1.2990032861510992
2026-01-20 15:28:41,343 - position: [-0.08966427  2.03114533  0.3202709 ] - angle: -1.2991058046198436
2026-01-20 15:28:41,606 - position: [-0.08607391  2.0333252   0.3265653 ] - angle: -1.2979931423098283
2026-01-20 15:28:41,851 - position: [-0.08332895  2.03380704  0.33006105] - angle: -1.2989228703346387
2026-01-20 15:28:42,136 - position: [-0.08129446  2.03401923  0.33211026] - angle: -1.2977385478174468
2026-01-20 15:28:42,368 - position: [-0.08129446  2.03401923  0.33211026] - angle: -1.2977385478174468
2026-01-20 15:28:42,595 - position: [-0.08129446  2.03401923  0.33211026] - angle: -1.2977385478174468
2026-01-20 15:28:42,810 - position: [-0.07656441  2.036479    0.34429479] - angle: -1.2977063092435683
2026-01-20 15:28:43,098 - position: [-0.07656441  2.036479    0.34429479] - angle: -1.2977063092435683
2026-01-20 15:28:43,384 - position: [-0.0768237   2.03676653  0.35094053] - angle: -1.2978144823613458
2026-01-20 15:28:43,603 - position: [-0.0768237   2.03676653  0.35094053] - angle: -1.2978144823613458
2026-01-20 15:28:43,846 - position: [-0.0768237   2.03676653  0.35094053] - angle: -1.2978144823613458
