2026-01-20 15:38:16,218 - position: [ 0.08655678 -1.7353214   0.86138076]
2026-01-20 15:38:16,481 - position: [ 0.08752733 -1.73701954  0.86333346]
2026-01-20 15:38:16,747 - position: [ 0.08973039 -1.74213243  0.86721039]
2026-01-20 15:38:16,993 - position: [ 0.09520502 -1.74815023  0.86501032]
2026-01-20 15:38:17,255 - position: [ 0.09366803 -1.74794888  0.86413622]
2026-01-20 15:38:17,506 - position: [ 0.07189061 -1.75922811  0.86709565]
2026-01-20 15:38:17,778 - position: [ 0.05467273 -1.77271092  0.8706153 ]
2026-01-20 15:38:17,984 - position: [ 0.02533851 -1.77568746  0.87750721]
2026-01-20 15:38:18,296 - position: [ 0.01458799 -1.77665687  0.87690365]
2026-01-20 15:38:18,591 - position: [ 0.01698249 -1.77154887  0.87607944]
2026-01-20 15:38:18,823 - position: [ 0.01698249 -1.77154887  0.87607944]
2026-01-20 15:38:19,075 - position: [ 0.03509977 -1.76224923  0.87106621]
2026-01-20 15:38:19,304 - position: [ 0.0448617  -1.75867665  0.87048185]
2026-01-20 15:38:19,532 - position: [ 0.11468673 -1.73377991  0.86221266]
2026-01-20 15:38:19,799 - position: [ 0.15430233 -1.71243429  0.85042274]
2026-01-20 15:38:20,040 - position: [ 0.15806489 -1.71098757  0.84909922]
2026-01-20 15:38:20,256 - position: [ 0.14252266 -1.7083112   0.85261977]
2026-01-20 15:38:20,515 - position: [ 0.11363084 -1.71947443  0.85721207]
2026-01-20 15:38:20,725 - position: [ 0.12084414 -1.71723795  0.85503113]
2026-01-20 15:38:20,943 - position: [ 0.10816042 -1.71570098  0.85550267]
2026-01-20 15:38:21,151 - position: [ 0.09935751 -1.71801817  0.85620761]
2026-01-20 15:38:21,385 - position: [ 0.08630905 -1.72403765  0.85805899]
2026-01-20 15:38:21,715 - position: [ 0.08536533 -1.72091973  0.85671562]
2026-01-20 15:38:21,990 - position: [ 0.08641168 -1.72043216  0.85638064]
2026-01-20 15:38:22,205 - position: [ 0.09329754 -1.72048092  0.85606414]
2026-01-20 15:38:22,428 - position: [ 0.09512909 -1.72007394  0.85640234]
2026-01-20 15:38:22,751 - position: [ 0.09204848 -1.7142787   0.85552394]
2026-01-20 15:38:23,017 - position: [ 0.09073942 -1.71346653  0.85586953]
2026-01-20 15:38:23,283 - position: [ 0.09142263 -1.71505308  0.85594279]
2026-01-20 15:38:23,515 - position: [ 0.09393589 -1.72013617  0.85698879]
2026-01-20 15:38:23,762 - position: [ 0.08988784 -1.72041833  0.85722464]
2026-01-20 15:38:23,988 - position: [ 0.08776236 -1.721766    0.85800838]
2026-01-20 15:38:24,214 - position: [ 0.08809911 -1.72373903  0.85794258]
2026-01-20 15:38:24,458 - position: [ 0.08782949 -1.72406626  0.85778499]
2026-01-20 15:38:24,681 - position: [ 0.087143   -1.72613478  0.85849702]
2026-01-20 15:38:24,943 - position: [ 0.08580622 -1.72595954  0.85817683]
2026-01-20 15:38:25,166 - position: [ 0.08578093 -1.72532666  0.85708749]
2026-01-20 15:38:25,416 - position: [ 0.08709032 -1.72492898  0.85765302]
2026-01-20 15:38:25,634 - position: [ 0.08976404 -1.72343576  0.85738236]
2026-01-20 15:38:25,872 - position: [ 0.09188901 -1.7246089   0.85699069]
2026-01-20 15:38:26,073 - position: [ 0.09270028 -1.72409272  0.85710341]
2026-01-20 15:38:26,327 - position: [ 0.09920928 -1.72781253  0.8576448 ]
2026-01-20 15:38:26,571 - position: [ 0.09920928 -1.72781253  0.8576448 ]
2026-01-20 15:38:26,827 - position: [ 0.09614194 -1.72845697  0.85757542]
2026-01-20 15:38:27,067 - position: [ 0.09541779 -1.72807622  0.85743493]
2026-01-20 15:38:27,305 - position: [ 0.09466514 -1.7264874   0.85677838]
2026-01-20 15:38:27,516 - position: [ 0.09556749 -1.72506666  0.85644233]
2026-01-20 15:38:27,738 - position: [ 0.09671415 -1.72318435  0.85594261]
2026-01-20 15:38:27,970 - position: [ 0.0989077  -1.72004163  0.8550117 ]
2026-01-20 15:38:28,220 - position: [ 0.09950121 -1.71819115  0.85441035]
2026-01-20 15:38:28,529 - position: [ 0.09850535 -1.71767044  0.85394239]
2026-01-20 15:38:28,753 - position: [ 0.09852419 -1.71704137  0.85362953]
2026-01-20 15:38:28,964 - position: [ 0.09857193 -1.71704721  0.85371768]
2026-01-20 15:38:29,199 - position: [ 0.09823886 -1.71762741  0.85386479]
2026-01-20 15:38:29,511 - position: [ 0.09783237 -1.71838534  0.85383481]
2026-01-20 15:38:29,783 - position: [ 0.097863   -1.7183646   0.85406208]
2026-01-20 15:38:30,114 - position: [ 0.09986118 -1.71569228  0.85366482]
2026-01-20 15:38:30,395 - position: [ 0.10328028 -1.71670628  0.85305828]
2026-01-20 15:38:30,671 - position: [ 0.10353566 -1.71862054  0.85329503]
2026-01-20 15:38:30,883 - position: [ 0.10335803 -1.71898532  0.85332966]
2026-01-20 15:38:31,118 - position: [ 0.10309999 -1.71800005  0.85314387]
2026-01-20 15:38:31,364 - position: [ 0.10376296 -1.71502304  0.85235399]
2026-01-20 15:38:31,588 - position: [ 0.10368369 -1.7152952   0.85233063]
2026-01-20 15:38:31,849 - position: [ 0.09804772 -1.71699691  0.8534143 ]
2026-01-20 15:38:32,077 - position: [ 0.09956526 -1.71681345  0.85388535]
2026-01-20 15:38:32,308 - position: [ 0.09956526 -1.71681345  0.85388535]
2026-01-20 15:38:32,542 - position: [ 0.12114801 -1.72429764  0.85193765]
2026-01-20 15:38:32,768 - position: [ 0.12399019 -1.72467625  0.85098106]
2026-01-20 15:38:33,012 - position: [ 0.12431519 -1.72541773  0.85108554]
2026-01-20 15:38:33,269 - position: [ 0.12421849 -1.7258451   0.85108787]
2026-01-20 15:38:33,485 - position: [ 0.12697494 -1.72459507  0.85050523]
2026-01-20 15:38:33,719 - position: [ 0.12697494 -1.72459507  0.85050523]
2026-01-20 15:38:33,935 - position: [ 0.12697494 -1.72459507  0.85050523]
2026-01-20 15:38:34,202 - position: [ 0.11408442 -1.72884822  0.85292149]
2026-01-20 15:38:34,446 - position: [ 0.10175392 -1.7368871   0.85557914]
2026-01-20 15:38:34,668 - position: [ 0.09423365 -1.74702227  0.85818589]
2026-01-20 15:38:34,907 - position: [ 0.0985014  -1.74319887  0.85804987]
2026-01-20 15:38:35,141 - position: [ 0.0985014  -1.74319887  0.85804987]
2026-01-20 15:38:35,380 - position: [ 0.09420342 -1.74171507  0.85744894]
2026-01-20 15:38:35,658 - position: [ 0.09518787 -1.74253702  0.8577407 ]
2026-01-20 15:38:35,897 - position: [ 0.09847903 -1.73853838  0.85643685]
2026-01-20 15:38:36,150 - position: [ 0.09804393 -1.74289525  0.85710758]
2026-01-20 15:38:36,384 - position: [ 0.09538084 -1.74534988  0.85868216]
2026-01-20 15:38:36,614 - position: [ 0.09538084 -1.74534988  0.85868216]
2026-01-20 15:38:36,845 - position: [ 0.14622276 -1.71489596  0.84828323]
2026-01-20 15:38:37,064 - position: [ 0.14622276 -1.71489596  0.84828323]
2026-01-20 15:38:37,368 - position: [ 0.14622276 -1.71489596  0.84828323]
2026-01-20 15:38:37,603 - position: [ 0.10739979 -1.70608163  0.85006148]
2026-01-20 15:38:37,853 - position: [ 0.11264897 -1.69975412  0.84779531]
2026-01-20 15:38:38,093 - position: [ 0.11264897 -1.69975412  0.84779531]
2026-01-20 15:38:38,370 - position: [ 0.10349865 -1.70314956  0.84896904]
2026-01-20 15:38:38,615 - position: [ 0.10349865 -1.70314956  0.84896904]
2026-01-20 15:38:38,965 - position: [ 0.08798073 -1.71886361  0.8542251 ]
2026-01-20 15:38:39,200 - position: [ 0.08891502 -1.71993887  0.85416293]
2026-01-20 15:38:39,484 - position: [ 0.08786204 -1.71830201  0.8538003 ]
2026-01-20 15:38:39,694 - position: [ 0.08706704 -1.7174437   0.85355955]
2026-01-20 15:38:39,930 - position: [ 0.08752449 -1.71703839  0.85339636]
2026-01-20 15:38:40,165 - position: [ 0.08726892 -1.71634579  0.85316521]
2026-01-20 15:38:40,432 - position: [ 0.08462244 -1.71677613  0.85331833]
2026-01-20 15:38:40,723 - position: [ 0.08332761 -1.71535754  0.85304403]
2026-01-20 15:38:40,941 - position: [ 0.08512874 -1.71337593  0.85278654]
2026-01-20 15:38:41,176 - position: [ 0.08744821 -1.71652782  0.85319787]
2026-01-20 15:38:41,412 - position: [ 0.0814293  -1.71880662  0.85355014]
2026-01-20 15:38:41,624 - position: [ 0.07662235 -1.71951568  0.85344714]
2026-01-20 15:38:41,926 - position: [ 0.07662235 -1.71951568  0.85344714]
2026-01-20 15:38:42,168 - position: [ 0.07276633 -1.72019565  0.85489982]
2026-01-20 15:38:42,417 - position: [ 0.0727074  -1.72079933  0.8551355 ]
2026-01-20 15:38:42,672 - position: [ 0.07307731 -1.72348619  0.85565084]
2026-01-20 15:38:42,891 - position: [ 0.07276805 -1.72496295  0.85560882]
2026-01-20 15:38:43,133 - position: [ 0.06979391 -1.73364305  0.8629728 ]
2026-01-20 15:38:43,381 - position: [ 0.06979391 -1.73364305  0.8629728 ]
2026-01-20 15:38:43,613 - position: [ 0.06790595 -1.73438978  0.86241412]
2026-01-20 15:38:43,831 - position: [ 0.0679608  -1.73346484  0.86202347]
2026-01-20 15:38:44,062 - position: [ 0.06709485 -1.73284459  0.86204386]
2026-01-20 15:38:44,325 - position: [ 0.06709485 -1.73284459  0.86204386]
2026-01-20 15:38:44,570 - position: [ 0.06709485 -1.73284459  0.86204386]
2026-01-20 15:38:44,833 - position: [ 0.06953547 -1.72719669  0.85746408]
2026-01-20 15:38:45,094 - position: [ 0.06956293 -1.72572291  0.85772258]
2026-01-20 15:38:45,339 - position: [ 0.06956293 -1.72572291  0.85772258]
2026-01-20 15:38:45,543 - position: [ 0.06956293 -1.72572291  0.85772258]
2026-01-20 15:38:45,812 - position: [ 0.05438451 -1.73172379  0.85998338]
2026-01-20 15:38:46,043 - position: [ 0.05438451 -1.73172379  0.85998338]
2026-01-20 15:38:46,332 - position: [ 0.05438451 -1.73172379  0.85998338]
2026-01-20 15:38:46,602 - position: [ 0.06819245 -1.72665465  0.85659254]
2026-01-20 15:38:46,844 - position: [ 0.06876638 -1.72715604  0.85644209]
2026-01-20 15:38:47,049 - position: [ 0.06876638 -1.72715604  0.85644209]
2026-01-20 15:38:47,266 - position: [ 0.07046822 -1.72847581  0.85669315]
2026-01-20 15:38:47,501 - position: [ 0.07046822 -1.72847581  0.85669315]
2026-01-20 15:38:47,734 - position: [ 0.07046822 -1.72847581  0.85669315]
2026-01-20 15:38:47,975 - position: [ 0.06917806 -1.72840834  0.85671669]
2026-01-20 15:38:48,253 - position: [ 0.06992324 -1.72784305  0.85607749]
2026-01-20 15:38:48,532 - position: [ 0.06992324 -1.72784305  0.85607749]
2026-01-20 15:38:48,788 - position: [ 0.06992324 -1.72784305  0.85607749]
2026-01-20 15:38:49,018 - position: [ 0.07038555 -1.72658861  0.85646802]
2026-01-20 15:38:49,270 - position: [ 0.06979839 -1.72521508  0.85628015]
2026-01-20 15:38:49,518 - position: [ 0.06852383 -1.72386432  0.85553139]
2026-01-20 15:38:49,745 - position: [ 0.06488956 -1.72310734  0.85480893]
2026-01-20 15:38:49,957 - position: [ 0.06301098 -1.72504652  0.85650331]
2026-01-20 15:38:50,178 - position: [ 0.06579041 -1.72779322  0.85652041]
2026-01-20 15:38:50,395 - position: [ 0.06579041 -1.72779322  0.85652041]
2026-01-20 15:38:50,655 - position: [ 0.06996791 -1.72941041  0.8576234 ]
2026-01-20 15:38:50,892 - position: [ 0.06996791 -1.72941041  0.8576234 ]
2026-01-20 15:38:51,158 - position: [ 0.09759143 -1.72235751  0.85392702]
2026-01-20 15:38:51,366 - position: [ 0.1018452  -1.72356761  0.85330844]
2026-01-20 15:38:51,598 - position: [ 0.10272047 -1.72504461  0.85335302]
2026-01-20 15:38:51,831 - position: [ 0.10366103 -1.72562003  0.8532083 ]
2026-01-20 15:38:52,082 - position: [ 0.10563172 -1.72446179  0.85273963]
2026-01-20 15:38:52,302 - position: [ 0.10569818 -1.72439492  0.85271072]
2026-01-20 15:38:52,557 - position: [ 0.10521259 -1.72391689  0.85241592]
2026-01-20 15:38:52,815 - position: [ 0.10479261 -1.72432232  0.85247427]
2026-01-20 15:38:53,103 - position: [ 0.10420419 -1.72352684  0.85221428]
2026-01-20 15:38:53,348 - position: [ 0.10344948 -1.72351968  0.85207373]
2026-01-20 15:38:53,649 - position: [ 0.10324405 -1.72395122  0.85203487]
2026-01-20 15:38:53,929 - position: [ 0.10281542 -1.7238245   0.85201657]
2026-01-20 15:38:54,136 - position: [ 0.1028385  -1.72381687  0.85203475]
2026-01-20 15:38:54,432 - position: [ 0.08845571 -1.7264967   0.85421312]
2026-01-20 15:38:54,684 - position: [ 0.08034996 -1.7285825   0.85506302]
2026-01-20 15:38:54,900 - position: [ 0.06303649 -1.73479688  0.85743374]
2026-01-20 15:38:55,103 - position: [ 0.04701278 -1.74310195  0.85962367]
2026-01-20 15:38:55,327 - position: [ 0.04701278 -1.74310195  0.85962367]
2026-01-20 15:38:55,567 - position: [ 0.03936359 -1.75547087  0.86286962]
2026-01-20 15:38:55,799 - position: [ 0.07488554 -1.75889659  0.86393201]
2026-01-20 15:38:56,043 - position: [ 0.09494377 -1.76530564  0.8621434 ]
2026-01-20 15:38:56,263 - position: [ 0.09701745 -1.76403797  0.86167628]
2026-01-20 15:38:56,475 - position: [ 0.09932272 -1.75189066  0.8581785 ]
2026-01-20 15:38:56,696 - position: [ 0.09789326 -1.74957204  0.85764176]
2026-01-20 15:38:56,934 - position: [ 0.09478492 -1.74696493  0.85880595]
2026-01-20 15:38:57,137 - position: [ 0.09503231 -1.74612617  0.85892379]
2026-01-20 15:38:57,371 - position: [ 0.09542629 -1.74078619  0.8590607 ]
2026-01-20 15:38:57,608 - position: [ 0.10779738 -1.70916355  0.85002816]
2026-01-20 15:38:57,860 - position: [ 0.10105549 -1.72007179  0.8542707 ]
2026-01-20 15:38:58,089 - position: [ 0.07735249 -1.72808254  0.85744357]
2026-01-20 15:38:58,312 - position: [ 0.07735249 -1.72808254  0.85744357]
2026-01-20 15:38:58,550 - position: [ 0.05785131 -1.72622943  0.85767919]
2026-01-20 15:38:58,770 - position: [ 0.07260208 -1.72387981  0.85665178]
2026-01-20 15:38:59,063 - position: [ 0.08793946 -1.72083569  0.85461533]
2026-01-20 15:38:59,297 - position: [ 0.09548269 -1.71622527  0.85237896]
2026-01-20 15:38:59,561 - position: [ 0.1003812  -1.71586931  0.85185069]
2026-01-20 15:38:59,783 - position: [ 0.10029545 -1.71911919  0.8524214 ]
2026-01-20 15:39:00,024 - position: [ 0.1017548  -1.72078609  0.85231042]
2026-01-20 15:39:00,407 - position: [ 0.10060014 -1.71872652  0.85199177]
2026-01-20 15:39:00,730 - position: [ 0.09712305 -1.71903765  0.85233808]
2026-01-20 15:39:00,932 - position: [ 0.09692527 -1.71942616  0.85236865]
2026-01-20 15:39:01,155 - position: [ 0.09647213 -1.71849704  0.85232753]
2026-01-20 15:39:01,358 - position: [ 0.09515379 -1.71952271  0.85279649]
2026-01-20 15:39:01,594 - position: [ 0.09394417 -1.71973264  0.85269314]
2026-01-20 15:39:01,827 - position: [ 0.08790363 -1.72191119  0.85319191]
2026-01-20 15:39:02,130 - position: [ 0.10787202 -1.72022474  0.85012472]
2026-01-20 15:39:02,356 - position: [ 0.10199831 -1.72246897  0.85212368]
2026-01-20 15:39:02,565 - position: [ 0.10133582 -1.71928155  0.85113448]
2026-01-20 15:39:02,794 - position: [ 0.09794021 -1.71949244  0.85131592]
2026-01-20 15:39:03,056 - position: [ 0.09415969 -1.72034478  0.85234171]
2026-01-20 15:39:03,266 - position: [ 0.09161475 -1.72678745  0.8540206 ]
2026-01-20 15:39:03,544 - position: [ 0.08080264 -1.73573709  0.85688281]
2026-01-20 15:39:03,777 - position: [ 0.07368499 -1.74245846  0.85880899]
2026-01-20 15:39:04,017 - position: [ 0.07368499 -1.74245846  0.85880899]
2026-01-20 15:39:04,283 - position: [ 0.07368499 -1.74245846  0.85880899]
2026-01-20 15:39:04,524 - position: [ 0.07368499 -1.74245846  0.85880899]
2026-01-20 15:39:04,779 - position: [ 0.07368499 -1.74245846  0.85880899]
2026-01-20 15:39:05,047 - position: [ 0.07370686 -1.74126863  0.85923189]
2026-01-20 15:39:05,272 - position: [ 0.07370686 -1.74126863  0.85923189]
2026-01-20 15:39:05,563 - position: [ 0.06453223 -1.73437226  0.8578735 ]
2026-01-20 15:39:05,809 - position: [ 0.06453223 -1.73437226  0.8578735 ]
2026-01-20 15:39:06,048 - position: [ 0.06453223 -1.73437226  0.8578735 ]
2026-01-20 15:39:06,279 - position: [ 0.06453223 -1.73437226  0.8578735 ]
2026-01-20 15:39:06,497 - position: [ 0.06515203 -1.73057592  0.85656899]
2026-01-20 15:39:06,750 - position: [ 0.06515203 -1.73057592  0.85656899]
2026-01-20 15:39:06,978 - position: [ 0.06593479 -1.73083198  0.85708678]
2026-01-20 15:39:07,215 - position: [ 0.06894583 -1.72889495  0.85662162]
2026-01-20 15:39:07,517 - position: [ 0.07419932 -1.72881949  0.85617   ]
2026-01-20 15:39:07,747 - position: [ 0.07594168 -1.72900128  0.85614926]
2026-01-20 15:39:07,996 - position: [ 0.08556264 -1.7235651   0.85430491]
2026-01-20 15:39:08,294 - position: [ 0.0882032  -1.72161913  0.85336626]
2026-01-20 15:39:08,506 - position: [ 0.09793673 -1.7240907   0.85412568]
2026-01-20 15:39:08,898 - position: [ 0.09796546 -1.72754276  0.85493916]
2026-01-20 15:39:09,157 - position: [ 0.09737132 -1.72751045  0.85539049]
2026-01-20 15:39:09,425 - position: [ 0.09564265 -1.72609377  0.85431904]
2026-01-20 15:39:09,691 - position: [ 0.09531996 -1.72570229  0.85399026]
2026-01-20 15:39:09,910 - position: [ 0.09531996 -1.72570229  0.85399026]
2026-01-20 15:39:10,160 - position: [ 0.09178217 -1.71969402  0.85336834]
2026-01-20 15:39:10,432 - position: [ 0.08985464 -1.71876681  0.85296935]
2026-01-20 15:39:10,704 - position: [ 0.09011681 -1.71807361  0.85259068]
2026-01-20 15:39:11,012 - position: [ 0.0889104  -1.71944094  0.85304332]
2026-01-20 15:39:11,257 - position: [ 0.088767   -1.71956813  0.8529824 ]
2026-01-20 15:39:11,496 - position: [ 0.08875324 -1.7195245   0.85305935]
2026-01-20 15:39:11,723 - position: [ 0.09261338 -1.72057927  0.85309976]
2026-01-20 15:39:11,991 - position: [ 0.10159016 -1.72067869  0.85177177]
2026-01-20 15:39:12,199 - position: [ 0.10383768 -1.72024488  0.85088331]
2026-01-20 15:39:12,472 - position: [ 0.10279531 -1.72122908  0.85104078]
2026-01-20 15:39:12,680 - position: [ 0.10279531 -1.72122908  0.85104078]
2026-01-20 15:39:12,936 - position: [ 0.10087536 -1.72197258  0.85118037]
2026-01-20 15:39:13,179 - position: [ 0.09974451 -1.72140825  0.85117662]
2026-01-20 15:39:13,419 - position: [ 0.09909736 -1.72180176  0.851376  ]
2026-01-20 15:39:13,709 - position: [ 0.09940901 -1.72247279  0.85127455]
2026-01-20 15:39:13,997 - position: [ 0.09835267 -1.72242117  0.85123456]
2026-01-20 15:39:14,249 - position: [ 0.09755835 -1.7237407   0.85153306]
2026-01-20 15:39:14,568 - position: [ 0.09733571 -1.72682679  0.85212159]
2026-01-20 15:39:14,847 - position: [ 0.09769048 -1.73026371  0.85377741]
2026-01-20 15:39:15,098 - position: [ 0.09872695 -1.73087764  0.85381222]
2026-01-20 15:39:15,301 - position: [ 0.0994643  -1.73076868  0.85357666]
2026-01-20 15:39:15,540 - position: [ 0.09953876 -1.73006856  0.85334104]
2026-01-20 15:39:15,806 - position: [ 0.09849641 -1.72723091  0.85251379]
2026-01-20 15:39:16,010 - position: [ 0.09836888 -1.72718287  0.85250628]
2026-01-20 15:39:16,235 - position: [ 0.0973709  -1.72642851  0.8524164 ]
2026-01-20 15:39:16,479 - position: [ 0.09653538 -1.7254858   0.85238147]
2026-01-20 15:39:16,776 - position: [ 0.09632955 -1.72534609  0.85234267]
2026-01-20 15:39:17,002 - position: [ 0.09640331 -1.72588551  0.85222286]
2026-01-20 15:39:17,235 - position: [ 0.0960639  -1.72505772  0.85214949]
2026-01-20 15:39:17,444 - position: [ 0.09603958 -1.7249285   0.8520416 ]
2026-01-20 15:39:17,687 - position: [ 0.09612328 -1.72495055  0.85196978]
2026-01-20 15:39:17,921 - position: [ 0.09618459 -1.72515845  0.85202229]
2026-01-20 15:39:18,176 - position: [ 0.09590555 -1.7249856   0.85207158]
2026-01-20 15:39:18,410 - position: [ 0.09603336 -1.72541845  0.85200334]
2026-01-20 15:39:18,644 - position: [ 0.09573445 -1.72508466  0.85178   ]
2026-01-20 15:39:18,920 - position: [ 0.09456971 -1.7259078   0.85209346]
2026-01-20 15:39:19,165 - position: [ 0.09393637 -1.72595489  0.85217285]
2026-01-20 15:39:19,391 - position: [ 0.09185252 -1.72405052  0.85213566]
2026-01-20 15:39:19,645 - position: [ 0.08421241 -1.7255342   0.8532815 ]
2026-01-20 15:39:19,895 - position: [ 0.07670448 -1.72902846  0.8551594 ]
2026-01-20 15:39:20,129 - position: [ 0.06670238 -1.73465753  0.85594022]
2026-01-20 15:39:20,420 - position: [ 0.05190207 -1.73987412  0.85783613]
2026-01-20 15:39:20,695 - position: [ 0.04687279 -1.74117172  0.85778666]
2026-01-20 15:39:20,918 - position: [ 0.04462852 -1.7421186   0.85972655]
2026-01-20 15:39:21,146 - position: [ 0.04462852 -1.7421186   0.85972655]
2026-01-20 15:39:21,386 - position: [ 0.04462852 -1.7421186   0.85972655]
2026-01-20 15:39:21,646 - position: [ 0.04449909 -1.74073362  0.85705429]
2026-01-20 15:39:21,925 - position: [ 0.04468963 -1.74011779  0.85711354]
2026-01-20 15:39:22,178 - position: [ 0.04602554 -1.7394315   0.85711598]
2026-01-20 15:39:22,466 - position: [ 0.04598656 -1.73761964  0.85703117]
2026-01-20 15:39:22,688 - position: [ 0.04249633 -1.73871017  0.85680032]
2026-01-20 15:39:22,922 - position: [ 0.04249633 -1.73871017  0.85680032]
2026-01-20 15:39:23,147 - position: [ 0.02794554 -1.74107456  0.85641396]
2026-01-20 15:39:23,401 - position: [ 0.05247181 -1.74695349  0.86244959]
2026-01-20 15:39:23,650 - position: [ 0.08030359 -1.75073767  0.86588663]
2026-01-20 15:39:23,917 - position: [ 0.0998809  -1.75406861  0.86151075]
2026-01-20 15:39:24,158 - position: [ 0.10254373 -1.75621462  0.86134893]
2026-01-20 15:39:24,367 - position: [ 0.10241426 -1.755108    0.86129862]
2026-01-20 15:39:24,579 - position: [ 0.09340937 -1.7446878   0.86006451]
2026-01-20 15:39:24,811 - position: [ 0.0787912  -1.73606265  0.8616913 ]
2026-01-20 15:39:25,025 - position: [ 0.08166607 -1.71547592  0.85814518]
2026-01-20 15:39:25,252 - position: [ 0.10962123 -1.69598448  0.85119647]
2026-01-20 15:39:25,516 - position: [ 0.12220491 -1.69692874  0.84999347]
2026-01-20 15:39:25,771 - position: [ 0.11766715 -1.70747352  0.85243118]
2026-01-20 15:39:26,012 - position: [ 0.11101817 -1.70928133  0.85290933]
2026-01-20 15:39:26,235 - position: [ 0.0640207  -1.71732831  0.85718048]
2026-01-20 15:39:26,464 - position: [ 0.05972911 -1.71834254  0.85849655]
2026-01-20 15:39:26,670 - position: [ 0.06204408 -1.71853888  0.85641575]
2026-01-20 15:39:26,903 - position: [ 0.06384935 -1.71709085  0.85608947]
2026-01-20 15:39:27,105 - position: [ 0.06489727 -1.71599281  0.85657275]
2026-01-20 15:39:27,384 - position: [ 0.05787332 -1.71645331  0.85572624]
2026-01-20 15:39:27,608 - position: [ 0.05800637 -1.71615911  0.85641843]
2026-01-20 15:39:27,850 - position: [ 0.05389621 -1.71436465  0.85584587]
2026-01-20 15:39:28,065 - position: [ 0.05389621 -1.71436465  0.85584587]
2026-01-20 15:39:28,291 - position: [ 0.06561494 -1.71395802  0.85602838]
2026-01-20 15:39:28,524 - position: [ 0.06561494 -1.71395802  0.85602838]
2026-01-20 15:39:28,760 - position: [ 0.07485521 -1.71450222  0.8561421 ]
2026-01-20 15:39:28,987 - position: [ 0.07719211 -1.7123307   0.85408694]
2026-01-20 15:39:29,241 - position: [ 0.07321507 -1.71342063  0.85447735]
2026-01-20 15:39:29,461 - position: [ 0.06734652 -1.71724534  0.85557008]
2026-01-20 15:39:29,679 - position: [ 0.06457409 -1.71741867  0.85549515]
2026-01-20 15:39:29,915 - position: [ 0.06355099 -1.71772444  0.85569972]
2026-01-20 15:39:30,177 - position: [ 0.06278525 -1.71702516  0.85536605]
2026-01-20 15:39:30,435 - position: [ 0.06278068 -1.71723843  0.8562845 ]
2026-01-20 15:39:30,662 - position: [ 0.06253269 -1.71823227  0.85541528]
2026-01-20 15:39:30,901 - position: [ 0.06477145 -1.71964431  0.85510868]
2026-01-20 15:39:31,129 - position: [ 0.06369057 -1.71965683  0.85562074]
2026-01-20 15:39:31,379 - position: [ 0.06180899 -1.71955681  0.85503638]
2026-01-20 15:39:31,673 - position: [ 0.06194768 -1.71908641  0.85489607]
2026-01-20 15:39:31,912 - position: [ 0.06189701 -1.7176832   0.85420215]
2026-01-20 15:39:32,180 - position: [ 0.06081457 -1.71633661  0.85401464]
2026-01-20 15:39:32,397 - position: [ 0.06090605 -1.71498907  0.85508084]
2026-01-20 15:39:32,630 - position: [ 0.06342779 -1.71563578  0.85348314]
2026-01-20 15:39:32,879 - position: [ 0.06503995 -1.71681273  0.85386658]
2026-01-20 15:39:33,115 - position: [ 0.06568249 -1.71694815  0.85365295]
2026-01-20 15:39:33,399 - position: [ 0.06601571 -1.71684766  0.85432655]
2026-01-20 15:39:33,637 - position: [ 0.06821507 -1.71565437  0.8531872 ]
2026-01-20 15:39:33,866 - position: [ 0.06979404 -1.7142148   0.8532781 ]
2026-01-20 15:39:34,095 - position: [ 0.07668497 -1.71228814  0.8530944 ]
2026-01-20 15:39:34,315 - position: [ 0.08282842 -1.7121042   0.85268176]
2026-01-20 15:39:34,531 - position: [ 0.08282842 -1.7121042   0.85268176]
2026-01-20 15:39:34,826 - position: [ 0.08837981 -1.70912623  0.85113764]
2026-01-20 15:39:35,081 - position: [ 0.0868405  -1.70613897  0.85037589]
2026-01-20 15:39:35,316 - position: [ 0.08585206 -1.70675874  0.85018438]
2026-01-20 15:39:35,549 - position: [ 0.0862411  -1.70983732  0.8506704 ]
2026-01-20 15:39:35,784 - position: [ 0.08730046 -1.71004546  0.85046202]
2026-01-20 15:39:36,023 - position: [ 0.08893583 -1.70838237  0.85000545]
2026-01-20 15:39:36,250 - position: [ 0.0893659  -1.70827532  0.84998786]
2026-01-20 15:39:36,482 - position: [ 0.08949102 -1.70877635  0.85049951]
2026-01-20 15:39:36,728 - position: [ 0.09171804 -1.70891464  0.84998506]
2026-01-20 15:39:36,952 - position: [ 0.09320018 -1.70906186  0.85017508]
2026-01-20 15:39:37,177 - position: [ 0.0938132  -1.70945561  0.85026526]
2026-01-20 15:39:37,425 - position: [ 0.09287    -1.71021879  0.85066307]
2026-01-20 15:39:37,663 - position: [ 0.09488254 -1.71148157  0.85118848]
2026-01-20 15:39:37,939 - position: [ 0.09903025 -1.7111758   0.85052347]
2026-01-20 15:39:38,156 - position: [ 0.0911236  -1.71130621  0.8522765 ]
2026-01-20 15:39:38,375 - position: [ 0.09196753 -1.71043372  0.851246  ]
2026-01-20 15:39:38,600 - position: [ 0.0928646  -1.71057618  0.85119379]
2026-01-20 15:39:38,818 - position: [ 0.09292651 -1.71049309  0.8514201 ]
2026-01-20 15:39:39,034 - position: [ 0.07540256 -1.71778536  0.85315919]
2026-01-20 15:39:39,263 - position: [ 0.07479855 -1.72074664  0.85378432]
2026-01-20 15:39:39,493 - position: [ 0.07901499 -1.72213984  0.85378128]
2026-01-20 15:39:39,728 - position: [ 0.08250561 -1.72204983  0.85381007]
2026-01-20 15:39:39,976 - position: [ 0.08338768 -1.72071135  0.85373563]
2026-01-20 15:39:40,220 - position: [ 0.09128339 -1.71835899  0.8523019 ]
2026-01-20 15:39:40,484 - position: [ 0.09426054 -1.71779609  0.85174614]
2026-01-20 15:39:40,706 - position: [ 0.09910626 -1.71645033  0.85065055]
2026-01-20 15:39:40,928 - position: [ 0.10443923 -1.71618235  0.8503117 ]
2026-01-20 15:39:41,151 - position: [ 0.10550198 -1.71702456  0.85010052]
2026-01-20 15:39:41,385 - position: [ 0.10550198 -1.71702456  0.85010052]
2026-01-20 15:39:41,617 - position: [ 0.10568009 -1.7171725   0.84996212]
2026-01-20 15:39:41,835 - position: [ 0.10489952 -1.71696317  0.84998006]
2026-01-20 15:39:42,054 - position: [ 0.10456847 -1.71721911  0.85005528]
2026-01-20 15:39:42,393 - position: [ 0.10435982 -1.71752286  0.85016793]
2026-01-20 15:39:42,618 - position: [ 0.10233861 -1.71714294  0.85032392]
2026-01-20 15:39:42,905 - position: [ 0.10158701 -1.71745312  0.85048229]
2026-01-20 15:39:43,139 - position: [ 0.1014735  -1.71745074  0.85054362]
2026-01-20 15:39:43,364 - position: [ 0.10135683 -1.71752954  0.85058534]
2026-01-20 15:39:43,596 - position: [ 0.10227611 -1.71664679  0.85063398]
2026-01-20 15:39:43,817 - position: [ 0.10253771 -1.71511841  0.85037977]
2026-01-20 15:39:44,045 - position: [ 0.10253771 -1.71511841  0.85037977]
2026-01-20 15:39:44,353 - position: [ 0.10148447 -1.71536648  0.85079408]
2026-01-20 15:39:44,565 - position: [ 0.10085349 -1.71531975  0.85081047]
2026-01-20 15:39:44,785 - position: [ 0.10063346 -1.71410716  0.85047072]
2026-01-20 15:39:45,036 - position: [ 0.10050707 -1.71543992  0.85101062]
2026-01-20 15:39:45,292 - position: [ 0.1005473  -1.71786582  0.85121429]
2026-01-20 15:39:45,543 - position: [ 0.10032269 -1.71679115  0.85066795]
2026-01-20 15:39:45,824 - position: [ 0.10080121 -1.7148869   0.85025156]
2026-01-20 15:39:46,083 - position: [ 0.10152741 -1.71453834  0.8501209 ]
2026-01-20 15:39:46,313 - position: [ 0.10160749 -1.71525371  0.85015446]
2026-01-20 15:39:46,586 - position: [ 0.10137638 -1.71565402  0.85023856]
2026-01-20 15:39:46,848 - position: [ 0.10063349 -1.71602809  0.85055983]
2026-01-20 15:39:47,061 - position: [ 0.09758182 -1.71469676  0.85065424]
2026-01-20 15:39:47,312 - position: [ 0.10153679 -1.71641135  0.85118842]
2026-01-20 15:39:47,591 - position: [ 0.10741658 -1.72154963  0.85181594]
2026-01-20 15:39:47,808 - position: [ 0.11126237 -1.72824264  0.85234761]
2026-01-20 15:39:48,012 - position: [ 0.11232713 -1.72875714  0.85228986]
2026-01-20 15:39:48,263 - position: [ 0.11266242 -1.72801828  0.85249293]
2026-01-20 15:39:48,530 - position: [ 0.11255274 -1.72514367  0.85156846]
2026-01-20 15:39:48,808 - position: [ 0.10927832 -1.72424483  0.85097152]
2026-01-20 15:39:49,010 - position: [ 0.10677563 -1.72243285  0.85018438]
2026-01-20 15:39:49,245 - position: [ 0.10493045 -1.7209686   0.84996724]
2026-01-20 15:39:49,456 - position: [ 0.10476766 -1.72004342  0.84988087]
2026-01-20 15:39:49,710 - position: [ 0.1058574  -1.72079504  0.8499133 ]
2026-01-20 15:39:49,953 - position: [ 0.10452792 -1.72057962  0.84997547]
2026-01-20 15:39:50,191 - position: [ 0.10375138 -1.72015154  0.84998816]
2026-01-20 15:39:50,557 - position: [ 0.10465416 -1.72127736  0.85040897]
2026-01-20 15:39:50,763 - position: [ 0.10429791 -1.7208885   0.85048461]
2026-01-20 15:39:50,980 - position: [ 0.10310333 -1.72082162  0.85098225]
2026-01-20 15:39:51,219 - position: [ 0.10194423 -1.7212466   0.85122639]
2026-01-20 15:39:51,445 - position: [ 0.10120817 -1.72068822  0.85128003]
2026-01-20 15:39:51,694 - position: [ 0.1011812  -1.72076452  0.85106087]
2026-01-20 15:39:51,953 - position: [ 0.10047093 -1.72095418  0.85103422]
2026-01-20 15:39:52,179 - position: [ 0.10059013 -1.72091973  0.85094798]
2026-01-20 15:39:52,398 - position: [ 0.09995946 -1.72075617  0.85101789]
2026-01-20 15:39:52,623 - position: [ 0.0989539  -1.71844482  0.85118425]
2026-01-20 15:39:52,967 - position: [ 0.09676497 -1.71723115  0.85199261]
2026-01-20 15:39:53,210 - position: [ 0.08477004 -1.72808421  0.85585421]
2026-01-20 15:39:53,417 - position: [ 0.08225518 -1.73016298  0.85646993]
2026-01-20 15:39:53,675 - position: [ 0.07771789 -1.73281658  0.85736519]
2026-01-20 15:39:53,908 - position: [ 0.07516589 -1.73106289  0.85681826]
2026-01-20 15:39:54,127 - position: [ 0.07325224 -1.73147893  0.85737282]
2026-01-20 15:39:54,377 - position: [ 0.07161494 -1.73500872  0.85760689]
2026-01-20 15:39:54,610 - position: [ 0.07023861 -1.73680961  0.85798264]
2026-01-20 15:39:54,823 - position: [ 0.06934375 -1.73773611  0.85828   ]
2026-01-20 15:39:55,059 - position: [ 0.06934375 -1.73773611  0.85828   ]
2026-01-20 15:39:55,330 - position: [ 0.06840321 -1.73610485  0.85739982]
2026-01-20 15:39:55,579 - position: [ 0.06928979 -1.73306072  0.8566829 ]
2026-01-20 15:39:55,875 - position: [ 0.06824636 -1.73199153  0.85670459]
2026-01-20 15:39:56,106 - position: [ 0.0682971  -1.73110247  0.85796332]
2026-01-20 15:39:56,339 - position: [ 0.0682971  -1.73110247  0.85796332]
2026-01-20 15:39:56,628 - position: [ 0.06780569 -1.73233962  0.85731232]
2026-01-20 15:39:56,852 - position: [ 0.06825242 -1.73016703  0.85675478]
2026-01-20 15:39:57,088 - position: [ 0.06836182 -1.7295444   0.85713983]
2026-01-20 15:39:57,347 - position: [ 0.06738903 -1.72870791  0.85622185]
2026-01-20 15:39:57,569 - position: [ 0.06738903 -1.72870791  0.85622185]
2026-01-20 15:39:57,796 - position: [ 0.07009582 -1.72645009  0.85603762]
2026-01-20 15:39:58,003 - position: [ 0.06945756 -1.7262125   0.85592371]
2026-01-20 15:39:58,257 - position: [ 0.06945756 -1.7262125   0.85592371]
2026-01-20 15:39:58,508 - position: [ 0.06824499 -1.72927666  0.85623002]
2026-01-20 15:39:58,738 - position: [ 0.06902586 -1.7294538   0.85656327]
2026-01-20 15:39:59,036 - position: [ 0.07125078 -1.72953606  0.85649377]
2026-01-20 15:39:59,281 - position: [ 0.07387816 -1.72857261  0.85601366]
2026-01-20 15:39:59,508 - position: [ 0.07825392 -1.72799945  0.85570365]
2026-01-20 15:39:59,714 - position: [ 0.07848153 -1.72802401  0.85565263]
2026-01-20 15:39:59,965 - position: [ 0.07800365 -1.72741687  0.85548073]
2026-01-20 15:40:00,186 - position: [ 0.07763055 -1.72710574  0.85533041]
2026-01-20 15:40:00,407 - position: [ 0.07685103 -1.72682929  0.85523343]
2026-01-20 15:40:00,642 - position: [ 0.07694256 -1.72694945  0.85520518]
2026-01-20 15:40:00,901 - position: [ 0.0768234  -1.72699594  0.8552748 ]
2026-01-20 15:40:01,138 - position: [ 0.07664401 -1.72665107  0.85517663]
2026-01-20 15:40:01,395 - position: [ 0.07643526 -1.72693908  0.85508072]
2026-01-20 15:40:01,646 - position: [ 0.07642327 -1.72693813  0.85504442]
2026-01-20 15:40:01,926 - position: [ 0.07619881 -1.72733009  0.85507691]
2026-01-20 15:40:02,161 - position: [ 0.07619881 -1.72733009  0.85507691]
2026-01-20 15:40:02,441 - position: [ 0.07571089 -1.72632289  0.85504746]
2026-01-20 15:40:02,712 - position: [ 0.07612643 -1.7241832   0.85452837]
2026-01-20 15:40:02,960 - position: [ 0.07755751 -1.72355652  0.85383397]
2026-01-20 15:40:03,171 - position: [ 0.07868683 -1.72315454  0.85343289]
2026-01-20 15:40:03,427 - position: [ 0.07941066 -1.72277701  0.8534109 ]
2026-01-20 15:40:03,784 - position: [ 0.07965472 -1.72492743  0.85402757]
2026-01-20 15:40:04,006 - position: [ 0.08440836 -1.72690892  0.85467535]
2026-01-20 15:40:04,274 - position: [ 0.08561122 -1.72829151  0.85527456]
2026-01-20 15:40:04,519 - position: [ 0.08715273 -1.73079312  0.85592455]
2026-01-20 15:40:04,758 - position: [ 0.08756046 -1.73105288  0.85599375]
2026-01-20 15:40:04,988 - position: [ 0.08732726 -1.7307204   0.8558647 ]
2026-01-20 15:40:05,228 - position: [ 0.08674018 -1.72996807  0.85557359]
2026-01-20 15:40:05,460 - position: [ 0.08590432 -1.72889256  0.85551798]
2026-01-20 15:40:05,807 - position: [ 0.08522264 -1.72849214  0.85517955]
2026-01-20 15:40:06,046 - position: [ 0.0842462  -1.7288456   0.85511571]
2026-01-20 15:40:06,314 - position: [ 0.08356724 -1.72741365  0.85477096]
2026-01-20 15:40:06,615 - position: [ 0.08282517 -1.72738576  0.85467762]
2026-01-20 15:40:06,893 - position: [ 0.07063341 -1.73044014  0.85564423]
2026-01-20 15:40:07,251 - position: [ 0.05959022 -1.73425341  0.85687703]
2026-01-20 15:40:07,558 - position: [ 0.05959022 -1.73425341  0.85687703]
2026-01-20 15:40:07,837 - position: [ 0.07508159 -1.74442196  0.86355281]
2026-01-20 15:40:08,111 - position: [ 0.08797688 -1.74650633  0.8618356 ]
2026-01-20 15:40:08,361 - position: [ 0.09471627 -1.75268018  0.86166179]
2026-01-20 15:40:08,620 - position: [ 0.09407257 -1.74839437  0.86026114]
2026-01-20 15:40:08,864 - position: [ 0.08896694 -1.7411803   0.86009693]
2026-01-20 15:40:09,114 - position: [ 0.07966635 -1.74456394  0.8621254 ]
2026-01-20 15:40:09,331 - position: [ 0.07966635 -1.74456394  0.8621254 ]
2026-01-20 15:40:09,550 - position: [ 0.06474163 -1.73703456  0.86220711]
2026-01-20 15:40:09,802 - position: [ 0.08285559 -1.71149063  0.85412377]
2026-01-20 15:40:10,037 - position: [ 0.08456178 -1.71055722  0.85395902]
2026-01-20 15:40:10,269 - position: [ 0.08695066 -1.71009147  0.85322809]
2026-01-20 15:40:10,490 - position: [ 0.10719471 -1.71045935  0.85170472]
2026-01-20 15:40:10,713 - position: [ 0.11032418 -1.71199381  0.85161579]
2026-01-20 15:40:10,924 - position: [ 0.11041149 -1.718171    0.85274255]
2026-01-20 15:40:11,157 - position: [ 0.10882667 -1.71956015  0.85317725]
2026-01-20 15:40:11,397 - position: [ 0.10708039 -1.72100925  0.85355258]
2026-01-20 15:40:11,630 - position: [ 0.07094069 -1.73271251  0.85783345]
2026-01-20 15:40:11,846 - position: [ 0.08433729 -1.719437    0.85406649]
2026-01-20 15:40:12,053 - position: [ 0.09855795 -1.72153354  0.85292536]
2026-01-20 15:40:12,310 - position: [ 0.10661582 -1.72655833  0.85288972]
2026-01-20 15:40:12,558 - position: [ 0.10773421 -1.72078323  0.85124677]
2026-01-20 15:40:12,829 - position: [ 0.10848185 -1.71974862  0.8509689 ]
2026-01-20 15:40:13,053 - position: [ 0.10793474 -1.72183073  0.85122186]
2026-01-20 15:40:13,345 - position: [ 0.10679358 -1.72286558  0.85134286]
2026-01-20 15:40:13,578 - position: [ 0.10527904 -1.7258333   0.85272497]
2026-01-20 15:40:13,832 - position: [ 0.10427765 -1.72720814  0.85335851]
2026-01-20 15:40:14,116 - position: [ 0.10214295 -1.72693491  0.85310608]
2026-01-20 15:40:14,398 - position: [ 0.10140344 -1.7261256   0.85292953]
2026-01-20 15:40:14,690 - position: [ 0.09977689 -1.72511852  0.8527438 ]
2026-01-20 15:40:14,953 - position: [ 0.09898937 -1.72682464  0.85325098]
2026-01-20 15:40:15,248 - position: [ 0.09913991 -1.72912979  0.85408294]
2026-01-20 15:40:15,483 - position: [ 0.09880912 -1.7287755   0.85373515]
2026-01-20 15:40:15,725 - position: [ 0.09881647 -1.72755063  0.85332966]
2026-01-20 15:40:15,944 - position: [ 0.0985662  -1.72727323  0.85321969]
2026-01-20 15:40:16,185 - position: [ 0.09754336 -1.72661829  0.8532927 ]
2026-01-20 15:40:16,393 - position: [ 0.09728037 -1.72677565  0.85348403]
2026-01-20 15:40:16,599 - position: [ 0.0970455  -1.72686183  0.85358071]
2026-01-20 15:40:16,852 - position: [ 0.09615684 -1.72709191  0.8540619 ]
2026-01-20 15:40:17,059 - position: [ 0.09561221 -1.72706068  0.85411185]
2026-01-20 15:40:17,292 - position: [ 0.09488765 -1.72727025  0.85443676]
2026-01-20 15:40:17,517 - position: [ 0.09376992 -1.72769225  0.85451967]
2026-01-20 15:40:17,776 - position: [ 0.09421094 -1.72865057  0.85471743]
2026-01-20 15:40:18,019 - position: [ 0.09420558 -1.72868824  0.85477966]
2026-01-20 15:40:18,233 - position: [ 0.09400342 -1.7280947   0.85485291]
2026-01-20 15:40:18,470 - position: [ 0.09405708 -1.72850895  0.85484731]
2026-01-20 15:40:18,680 - position: [ 0.09278348 -1.72731614  0.85488993]
2026-01-20 15:40:18,944 - position: [ 0.08285894 -1.72775161  0.85705531]
2026-01-20 15:40:19,166 - position: [ 0.07935825 -1.72813606  0.85603821]
2026-01-20 15:40:19,403 - position: [ 0.08196284 -1.72858     0.85529381]
2026-01-20 15:40:19,628 - position: [ 0.08124253 -1.72850096  0.85531056]
2026-01-20 15:40:19,866 - position: [ 0.07755654 -1.72879863  0.85511333]
2026-01-20 15:40:20,096 - position: [ 0.07872169 -1.72691941  0.85462475]
2026-01-20 15:40:20,311 - position: [ 0.07811712 -1.72575414  0.85426188]
2026-01-20 15:40:20,560 - position: [ 0.07483476 -1.72425961  0.85419208]
2026-01-20 15:40:20,779 - position: [ 0.06436054 -1.71980643  0.85423934]
2026-01-20 15:40:21,016 - position: [ 0.06723036 -1.71791983  0.85458583]
2026-01-20 15:40:21,231 - position: [ 0.04673968 -1.73266757  0.8541941 ]
2026-01-20 15:40:21,480 - position: [ 0.04673968 -1.73266757  0.8541941 ]
2026-01-20 15:40:21,707 - position: [ 0.04673968 -1.73266757  0.8541941 ]
2026-01-20 15:40:21,909 - position: [ 0.04673968 -1.73266757  0.8541941 ]
2026-01-20 15:40:22,167 - position: [ 0.08590844 -1.7245208   0.85693312]
2026-01-20 15:40:22,381 - position: [ 0.08590844 -1.7245208   0.85693312]
2026-01-20 15:40:22,641 - position: [ 0.07228212 -1.73159683  0.85803723]
2026-01-20 15:40:22,876 - position: [ 0.08047193 -1.72874296  0.85784817]
2026-01-20 15:40:23,117 - position: [ 0.08047193 -1.72874296  0.85784817]
2026-01-20 15:40:23,357 - position: [ 0.08047193 -1.72874296  0.85784817]
2026-01-20 15:40:23,623 - position: [ 0.0723613  -1.73598742  0.85747451]
2026-01-20 15:40:23,906 - position: [ 0.08646876 -1.73444021  0.85802305]
2026-01-20 15:40:24,226 - position: [ 0.09021624 -1.73499799  0.85796738]
2026-01-20 15:40:24,477 - position: [ 0.08917125 -1.73392642  0.85741985]
2026-01-20 15:40:24,726 - position: [ 0.08917125 -1.73392642  0.85741985]
2026-01-20 15:40:24,950 - position: [ 0.08917125 -1.73392642  0.85741985]
2026-01-20 15:40:25,184 - position: [ 0.08917125 -1.73392642  0.85741985]
2026-01-20 15:40:25,431 - position: [ 0.08917125 -1.73392642  0.85741985]
2026-01-20 15:40:25,663 - position: [ 0.08344576 -1.72936535  0.8563    ]
2026-01-20 15:40:25,913 - position: [ 0.08335855 -1.72850633  0.85568273]
2026-01-20 15:40:26,172 - position: [ 0.08402296 -1.72689092  0.85476953]
2026-01-20 15:40:26,450 - position: [ 0.08294662 -1.7274338   0.85568309]
2026-01-20 15:40:26,664 - position: [ 0.08234507 -1.72787833  0.85638744]
2026-01-20 15:40:26,892 - position: [ 0.08351074 -1.7265588   0.85582823]
2026-01-20 15:40:27,140 - position: [ 0.08253439 -1.72622132  0.85522956]
2026-01-20 15:40:27,368 - position: [ 0.08201108 -1.726722    0.85583681]
2026-01-20 15:40:27,599 - position: [ 0.08201108 -1.726722    0.85583681]
2026-01-20 15:40:27,838 - position: [ 0.08192012 -1.72566664  0.8555038 ]
2026-01-20 15:40:28,074 - position: [ 0.08192012 -1.72566664  0.8555038 ]
2026-01-20 15:40:28,322 - position: [ 0.08192012 -1.72566664  0.8555038 ]
2026-01-20 15:40:28,540 - position: [ 0.08099857 -1.72638142  0.85554427]
2026-01-20 15:40:28,767 - position: [ 0.08096045 -1.72637427  0.85555184]
2026-01-20 15:40:29,007 - position: [ 0.08183572 -1.72538042  0.85636818]
2026-01-20 15:40:29,249 - position: [ 0.08193147 -1.72640097  0.85551441]
2026-01-20 15:40:29,481 - position: [ 0.08522358 -1.72484076  0.85531855]
2026-01-20 15:40:29,753 - position: [ 0.09008462 -1.72491312  0.85514921]
2026-01-20 15:40:30,020 - position: [ 0.09021806 -1.72511578  0.85500151]
2026-01-20 15:40:30,291 - position: [ 0.0881732  -1.73143911  0.85676616]
2026-01-20 15:40:30,493 - position: [ 0.08829436 -1.73104596  0.85658574]
2026-01-20 15:40:30,727 - position: [ 0.08928931 -1.73045588  0.85624206]
2026-01-20 15:40:30,980 - position: [ 0.08950009 -1.72964394  0.85593039]
2026-01-20 15:40:31,204 - position: [ 0.08925465 -1.73029983  0.85626757]
2026-01-20 15:40:31,438 - position: [ 0.08980107 -1.73038256  0.85659683]
2026-01-20 15:40:31,702 - position: [ 0.09069741 -1.7303654   0.85712188]
2026-01-20 15:40:31,985 - position: [ 0.0884695  -1.72893262  0.85655737]
2026-01-20 15:40:32,307 - position: [ 0.08763415 -1.72822154  0.85617882]
2026-01-20 15:40:32,541 - position: [ 0.08699657 -1.72861528  0.8562426 ]
2026-01-20 15:40:32,791 - position: [ 0.08662742 -1.72948754  0.85634142]
2026-01-20 15:40:33,008 - position: [ 0.08549009 -1.73153663  0.85665262]
2026-01-20 15:40:33,222 - position: [ 0.08543927 -1.73262024  0.85683149]
2026-01-20 15:40:33,517 - position: [ 0.08552806 -1.73387706  0.85691291]
2026-01-20 15:40:33,724 - position: [ 0.08552806 -1.73387706  0.85691291]
2026-01-20 15:40:33,967 - position: [ 0.08581026 -1.73609471  0.85799301]
2026-01-20 15:40:34,201 - position: [ 0.08581026 -1.73609471  0.85799301]
2026-01-20 15:40:34,433 - position: [ 0.08581026 -1.73609471  0.85799301]
2026-01-20 15:40:34,736 - position: [ 0.08567479 -1.73223126  0.85714513]
2026-01-20 15:40:34,967 - position: [ 0.08303772 -1.72810066  0.85621959]
2026-01-20 15:40:35,216 - position: [ 0.08324777 -1.72773755  0.85563064]
2026-01-20 15:40:35,428 - position: [ 0.07838369 -1.72322178  0.85466099]
2026-01-20 15:40:35,677 - position: [ 0.0836262  -1.7226963   0.85394472]
2026-01-20 15:40:35,934 - position: [ 0.09449515 -1.7268765   0.85420817]
2026-01-20 15:40:36,160 - position: [ 0.10319746 -1.7299      0.85328352]
2026-01-20 15:40:36,408 - position: [ 0.10807838 -1.73076439  0.85306734]
2026-01-20 15:40:36,703 - position: [ 0.10697487 -1.72466862  0.85202193]
2026-01-20 15:40:36,930 - position: [ 0.10354595 -1.72526562  0.85306418]
2026-01-20 15:40:37,154 - position: [ 0.10094606 -1.72580695  0.85371041]
2026-01-20 15:40:37,368 - position: [ 0.09831368 -1.72580969  0.85382897]
2026-01-20 15:40:37,606 - position: [ 0.09272311 -1.73065531  0.85537368]
2026-01-20 15:40:37,835 - position: [ 0.08074753 -1.73633313  0.85747743]
2026-01-20 15:40:38,073 - position: [ 0.08365154 -1.75334692  0.86063063]
2026-01-20 15:40:38,301 - position: [ 0.08365154 -1.75334692  0.86063063]
