2024-08-12 18:45:41,615 - takeoff,none,[0. 0. 0.],[1.74427438 3.32808781 1.54755449],-3.086169894513679
2024-08-12 18:45:41,815 - takeoff,none,[0. 0. 0.],[1.74438906 3.32579994 1.5508498 ],-3.0834921437127267
2024-08-12 18:45:42,023 - takeoff,none,[0. 0. 0.],[1.74499369 3.32585096 1.558954  ],-3.071300826483389
2024-08-12 18:45:42,253 - takeoff,none,[0. 0. 0.],[1.74451363 3.32454252 1.56094849],-3.0833290064910672
2024-08-12 18:45:42,453 - takeoff,none,[0. 0. 0.],[1.74375772 3.32402325 1.5668242 ],-3.0862868165540416
2024-08-12 18:45:42,671 - takeoff,none,[0. 0. 0.],[1.74399388 3.32284355 1.57280457],-3.0813435644088036
2024-08-12 18:45:42,885 - takeoff,none,[0. 0. 0.],[1.74245691 3.3224473  1.58205545],-3.0910683416891525
2024-08-12 18:45:43,085 - takeoff,none,[0. 0. 0.],[1.74076903 3.33012724 1.60196233],-3.095355652299798
2024-08-12 18:45:43,304 - takeoff,none,[0. 0. 0.],[1.73548532 3.34552526 1.62194848],-3.0968122108442477
2024-08-12 18:45:43,505 - takeoff,none,[0. 0. 0.],[1.7285403  3.36196017 1.63623476],-3.105879731917738
2024-08-12 18:45:43,720 - takeoff,none,[0. 0. 0.],[1.72074389 3.37742639 1.64676619],-3.1072319762182916
2024-08-12 18:45:43,946 - takeoff,none,[0. 0. 0.],[1.71109152 3.38844442 1.65715885],-3.1081059940279605
2024-08-12 18:45:44,152 - takeoff,none,[0. 0. 0.],[1.7054652  3.39785242 1.67578089],-3.0959934057200895
2024-08-12 18:45:44,406 - takeoff,none,[0. 0. 0.],[1.69971263 3.40316987 1.69184792],-3.109119588086714
2024-08-12 18:45:44,656 - takeoff,none,[0. 0. 0.],[1.69920444 3.40706587 1.71002495],-3.101954517818617
2024-08-12 18:45:44,864 - takeoff,none,[0. 0. 0.],[1.69603431 3.40998983 1.71840179],-3.112084854360652
2024-08-12 18:45:45,107 - takeoff,none,[0. 0. 0.],[1.69014132 3.41963315 1.73605752],-3.1132155869367404
2024-08-12 18:45:45,307 - takeoff,none,[0. 0. 0.],[1.68802333 3.4274292  1.74608111],-3.115260278032596
2024-08-12 18:45:45,527 - takeoff,none,[0. 0. 0.],[1.68696368 3.43474913 1.75852239],-3.1102880752041373
2024-08-12 18:45:45,749 - takeoff,none,[0. 0. 0.],[1.68598902 3.4384532  1.76472962],-3.1076321588376974
2024-08-12 18:45:45,957 - takeoff,none,[0. 0. 0.],[1.6856004  3.44190788 1.77405953],-3.104562809985164
2024-08-12 18:45:46,165 - takeoff,none,[0. 0. 0.],[1.68330538 3.44372034 1.77923977],-3.116691973598576
2024-08-12 18:45:46,366 - takeoff,none,[0. 0. 0.],[1.68224156 3.44888449 1.79086173],-3.1121991923572807
2024-08-12 18:45:46,582 - takeoff,none,[0. 0. 0.],[1.68372798 3.45465493 1.80043423],-3.0948931453486423
2024-08-12 18:45:46,788 - takeoff,none,[0. 0. 0.],[1.68134785 3.45973158 1.80493009],-3.110449405303113
2024-08-12 18:45:47,014 - takeoff,none,[0. 0. 0.],[1.68322825 3.46374822 1.81613743],-3.114988531492301
2024-08-12 18:45:47,242 - takeoff,none,[0. 0. 0.],[1.68456817 3.46513462 1.82427704],-3.110805068504302
2024-08-12 18:45:47,476 - takeoff,none,[0. 0. 0.],[1.68186057 3.46450567 1.83371723],-3.1076420863165857
2024-08-12 18:45:47,679 - takeoff,none,[0. 0. 0.],[1.68028712 3.4640677  1.83764279],-3.1097195956307906
2024-08-12 18:45:47,933 - takeoff,none,[0. 0. 0.],[1.67815816 3.46660209 1.85020316],-3.1174056866565394
2024-08-12 18:45:48,134 - takeoff,none,[0. 0. 0.],[1.67928565 3.46908879 1.85488927],-3.116443954967289
2024-08-12 18:45:48,343 - takeoff,none,[0. 0. 0.],[1.68173802 3.47411656 1.8607688 ],-3.1056517544275186
2024-08-12 18:45:48,553 - takeoff,none,[0. 0. 0.],[1.67884421 3.47704148 1.8609426 ],-3.117018807785409
2024-08-12 18:45:48,758 - takeoff,none,[0. 0. 0.],[1.67799354 3.47865653 1.86545086],-3.117066196139495
2024-08-12 18:45:48,972 - takeoff,none,[0. 0. 0.],[1.67606664 3.4797256  1.87185264],-3.1211635166629064
2024-08-12 18:45:49,211 - takeoff,none,[-0.33782902  4.07470703  1.54538035],[1.67682469 3.48031402 1.87997293],-3.1111804564444396
2024-08-12 18:45:49,416 - takeoff,none,[-0.34533837  4.10481691  1.23545074],[1.67623568 3.47997236 1.88334775],-3.1207990683839872
2024-08-12 18:45:49,666 - takeoff,none,[-0.37718445  4.21638489  1.02570355],[1.67776501 3.4805944  1.89351058],-3.1011205220495803
2024-08-12 18:45:49,930 - takeoff,mapping,[-0.27883026  4.40851164  1.02601242],[1.67640781 3.47954273 1.89481616],-3.118558772046933
2024-08-12 18:45:50,146 - takeoff,mapping,[-0.25720513  4.51099968  1.06515908],[1.6759119  3.48096418 1.90183866],-3.1178649117457633
2024-08-12 18:45:50,350 - takeoff,mapping,[-0.26820809  4.51127481  1.06015122],[1.67574286 3.48268342 1.90884721],-3.117797095337779
2024-08-12 18:45:50,587 - takeoff,mapping,[-0.25803712  4.50829172  1.07256746],[1.67617154 3.48306394 1.91351795],-3.1199298737860417
2024-08-12 18:45:50,824 - takeoff,mapping,[-0.13748325  4.46245432  1.43875921],[1.67693532 3.48358393 1.92051029],-3.10397365609344
2024-08-12 18:45:51,049 - takeoff,mapping,[-0.20163068  4.49705172  1.82376802],[1.67497945 3.48347759 1.91979814],-3.112292000518234
2024-08-12 18:45:51,291 - takeoff,mapping,[-0.23426074  4.50818157  1.86797237],[1.67184007 3.48355198 1.9130398 ],-3.11646379234538
2024-08-12 18:45:51,513 - takeoff,mapping,[-0.25998762  4.33898115  1.88080668],[1.67119861 3.48436332 1.91261804],-3.119573021133336
2024-08-12 18:45:51,713 - takeoff,mapping,[-0.34269053  4.13435125  1.82507396],[1.67299628 3.4843812  1.91635287],-3.1123640912410275
2024-08-12 18:45:51,914 - takeoff,mapping,[-0.31836203  4.06428957  1.57036042],[1.67321503 3.48403549 1.91790736],-3.1185303596860416
2024-08-12 18:45:52,119 - takeoff,mapping,[-0.33778247  4.15151834  1.14098227],[1.67171657 3.48410201 1.91875923],-3.118667701562844
2024-08-12 18:45:52,320 - takeoff,mapping,[-0.34964252  4.2087903   1.06328392],[1.67037392 3.48331666 1.92253041],-3.1133825573615823
2024-08-12 18:45:52,532 - takeoff,mapping,[-0.27237013  4.36493874  1.04353106],[1.66871333 3.48296666 1.92375195],-3.121182300314726
2024-08-12 18:45:52,733 - takeoff,mapping,[-0.24658479  4.50810623  1.05917454],[1.66894186 3.4824965  1.92422855],-3.1156142418860924
2024-08-12 18:45:52,946 - takeoff,mapping,[-0.25123209  4.50434494  1.06063294],[1.67022479 3.48251271 1.92414391],-3.1105525731198176
2024-08-12 18:45:53,156 - takeoff,mapping,[-0.25123209  4.50434494  1.06063294],[1.67206764 3.48291731 1.92211103],-3.1106487341416456
2024-08-12 18:45:53,356 - takeoff,mapping,[-0.25123209  4.50434494  1.06063294],[1.67351913 3.48351669 1.92275262],-3.103571522741474
2024-08-12 18:45:53,563 - takeoff,mapping,[-0.25123209  4.50434494  1.06063294],[1.67446434 3.48297119 1.91792953],-3.115490115597543
2024-08-12 18:45:53,792 - go to position WP1,mapping,[-0.25123209  4.50434494  1.06063294],[1.67354512 3.48250341 1.91415215],-3.1177795955237952
2024-08-12 18:45:53,997 - go to position WP1,mapping,[-0.25123209  4.50434494  1.06063294],[1.66675127 3.47473812 1.93228316],-2.901656257999723
2024-08-12 18:45:54,204 - go to position WP1,mapping,[-0.25123209  4.50434494  1.06063294],[1.63961744 3.43190742 2.01681924],-2.608026046687831
2024-08-12 18:45:54,445 - go to position WP1,mapping,[-0.25123209  4.50434494  1.06063294],[1.59439492 3.31244254 2.20526028],-2.248848116429146
2024-08-12 18:45:54,650 - go to position WP1,mapping,[-0.25123209  4.50434494  1.06063294],[1.55822229 3.16965652 2.37507868],-2.058786670709244
2024-08-12 18:45:54,856 - go to position WP1,mapping,[-0.25123209  4.50434494  1.06063294],[1.51829004 2.99449039 2.5136764 ],-1.939444079290105
2024-08-12 18:45:55,056 - go to position WP1,mapping,[-0.25123209  4.50434494  1.06063294],[1.46517026 2.79095268 2.63188624],-1.866190025788426
2024-08-12 18:45:55,286 - go to position WP1,mapping,[-0.25123209  4.50434494  1.06063294],[1.37860739 2.5467577  2.75965667],-1.8192909161030268
2024-08-12 18:45:55,499 - go to position WP1,mapping,[-0.25123209  4.50434494  1.06063294],[1.24258304 2.28022599 2.89665842],-1.7893861981551549
2024-08-12 18:45:55,715 - go to position WP1,mapping,[-0.25123209  4.50434494  1.06063294],[1.10439003 2.07581592 3.01139235],-1.7656652977547243
2024-08-12 18:45:55,924 - go to position WP1,mapping,[-0.25123209  4.50434494  1.06063294],[1.01493621 1.93868339 3.10987544],-1.7547641641404876
2024-08-12 18:45:56,135 - go to position WP1,none,[-0.25123209  4.50434494  1.06063294],[0.9826811  1.84456718 3.20628762],-1.735787464911926
2024-08-12 18:45:56,345 - go to position WP1,none,[-0.25123209  4.50434494  1.06063294],[0.96549654 1.75473583 3.28523159],-1.7150695664668838
2024-08-12 18:45:56,545 - go to position WP1,none,[-0.25123209  4.50434494  1.06063294],[0.91004026 1.58048439 3.39216256],-1.6984994698905833
2024-08-12 18:45:56,751 - go to position WP1,none,[-0.25123209  4.50434494  1.06063294],[0.83809251 1.44838274 3.46554756],-1.696649396725305
2024-08-12 18:45:56,963 - go to position WP1,none,[-0.25123209  4.50434494  1.06063294],[0.74750715 1.31948161 3.55134726],-1.6775004615608076
2024-08-12 18:45:57,187 - go to position WP1,none,[-0.25123209  4.50434494  1.06063294],[0.69941849 1.24264967 3.62451839],-1.6704471805500667
2024-08-12 18:45:57,412 - go to position WP1,none,[-0.25123209  4.50434494  1.06063294],[0.68244231 1.17862022 3.69668031],-1.6565479101266654
2024-08-12 18:45:57,629 - go to position WP1,none,[-0.25123209  4.50434494  1.06063294],[0.66489768 1.09168899 3.77357531],-1.6442479155209426
2024-08-12 18:45:57,848 - go to position WP1,none,[-0.25123209  4.50434494  1.06063294],[0.62844145 1.00122452 3.83419585],-1.6426601613863046
2024-08-12 18:45:58,081 - go to position WP1,none,[-0.25123209  4.50434494  1.06063294],[0.57049274 0.90202546 3.90573192],-1.6274441880572361
2024-08-12 18:45:58,286 - go to position WP1,none,[-0.25123209  4.50434494  1.06063294],[0.53504843 0.84394008 3.9590199 ],-1.6232092509917262
2024-08-12 18:45:58,488 - go to position WP1,none,[-0.25123209  4.50434494  1.06063294],[0.51527268 0.80409437 4.00776148],-1.6206248889636727
2024-08-12 18:45:58,694 - go to position WP1,none,[-0.25123209  4.50434494  1.06063294],[0.50354552 0.76237839 4.05885983],-1.6154157406979177
2024-08-12 18:45:58,897 - go to position WP1,none,[-0.25123209  4.50434494  1.06063294],[0.49313882 0.72037029 4.10271549],-1.6053379349251866
2024-08-12 18:45:59,098 - go to position WP1,none,[-0.25123209  4.50434494  1.06063294],[0.47339201 0.67450792 4.14563751],-1.6007719210916154
2024-08-12 18:45:59,299 - go to position WP1,none,[-0.25123209  4.50434494  1.06063294],[0.44926146 0.63082808 4.18745089],-1.6046184310903033
2024-08-12 18:45:59,516 - go to position WP1,none,[-0.25123209  4.50434494  1.06063294],[0.42172751 0.58778441 4.23149681],-1.6064473336245975
2024-08-12 18:45:59,716 - go to position WP1,none,[-0.25123209  4.50434494  1.06063294],[0.41069055 0.56850708 4.25185823],-1.5978371161021165
2024-08-12 18:45:59,923 - go to position WP1,none,[-0.25123209  4.50434494  1.06063294],[0.38997796 0.52744383 4.29648495],-1.6025840204283588
2024-08-12 18:46:00,138 - go to position WP1,none,[-0.25123209  4.50434494  1.06063294],[0.3785854  0.50046271 4.32481194],-1.5950841611307478
2024-08-12 18:46:00,339 - go to position WP1,none,[-0.25123209  4.50434494  1.06063294],[0.36993033 0.46840179 4.35464382],-1.5957424819316373
2024-08-12 18:46:00,595 - go to position WP1,none,[-0.25123209  4.50434494  1.06063294],[0.36263698 0.43369585 4.38936186],-1.5945953026577708
2024-08-12 18:46:00,801 - go to position WP1,none,[-0.25123209  4.50434494  1.06063294],[0.35539967 0.41476044 4.41235113],-1.589819147805711
2024-08-12 18:46:01,008 - go to position WP1,none,[-0.25123209  4.50434494  1.06063294],[0.33881974 0.39020121 4.44191742],-1.591705494119303
2024-08-12 18:46:01,228 - go to position WP1,none,[-0.25123209  4.50434494  1.06063294],[0.32196999 0.37097511 4.46688557],-1.5964912596575775
2024-08-12 18:46:01,428 - go to position WP1,none,[-0.25123209  4.50434494  1.06063294],[0.30805877 0.34890413 4.49112988],-1.593197020180436
2024-08-12 18:46:01,629 - go to position WP1,none,[-0.25123209  4.50434494  1.06063294],[0.29972458 0.33001482 4.51345825],-1.5955884743809854
2024-08-12 18:46:01,829 - go to position WP1,none,[-0.25123209  4.50434494  1.06063294],[0.29478544 0.31636092 4.52974987],-1.5909949103119434
2024-08-12 18:46:02,031 - go to position WP1,none,[-0.25123209  4.50434494  1.06063294],[0.28716567 0.29906482 4.55385351],-1.596567171314013
2024-08-12 18:46:02,231 - go to position WP1,none,[-0.25123209  4.50434494  1.06063294],[0.28174776 0.29008546 4.56682968],-1.5963353054326976
2024-08-12 18:46:02,485 - go to position WP1,none,[-0.25123209  4.50434494  1.06063294],[0.26854572 0.27002347 4.59419441],-1.597080640524629
2024-08-12 18:46:02,781 - go to position WP1,none,[-0.25123209  4.50434494  1.06063294],[0.26260281 0.25394195 4.61779976],-1.593571358953029
2024-08-12 18:46:02,990 - go to position WP1,none,[-0.25123209  4.50434494  1.06063294],[0.262833   0.24772435 4.625525  ],-1.5913068134380381
2024-08-12 18:46:03,191 - go to position WP1,none,[-0.25123209  4.50434494  1.06063294],[0.26074681 0.23191452 4.64888477],-1.5924105241508055
2024-08-12 18:46:03,391 - go to position WP1,none,[-0.25123209  4.50434494  1.06063294],[0.2564173  0.2239513  4.66202641],-1.5945746206484657
2024-08-12 18:46:03,592 - go to position WP1,none,[-0.25123209  4.50434494  1.06063294],[0.25002411 0.21421458 4.67752504],-1.5917644140886829
2024-08-12 18:46:03,794 - go to position WP1,none,[-0.25123209  4.50434494  1.06063294],[0.24251336 0.20977908 4.68873739],-1.589241375312982
2024-08-12 18:46:03,999 - go to position WP1,none,[-0.25123209  4.50434494  1.06063294],[0.23761778 0.20389922 4.69898129],-1.590727267869931
2024-08-12 18:46:04,204 - go to position WP1,none,[-0.25123209  4.50434494  1.06063294],[0.23369156 0.19973321 4.70908451],-1.5911116358893906
2024-08-12 18:46:04,430 - go to position WP1,none,[-0.25123209  4.50434494  1.06063294],[0.23006848 0.19445777 4.71930122],-1.5931001766496138
2024-08-12 18:46:04,631 - go to position WP1,none,[-0.25123209  4.50434494  1.06063294],[0.22686967 0.18937388 4.72926188],-1.5876467159427161
2024-08-12 18:46:04,888 - go to position WP1,none,[-0.25123209  4.50434494  1.06063294],[0.2251765  0.17773689 4.74384832],-1.5953061888590598
2024-08-12 18:46:05,095 - go to position WP1,none,[-0.25123209  4.50434494  1.06063294],[0.22628084 0.17245108 4.75019503],-1.5936658849456915
2024-08-12 18:46:05,298 - go to position WP1,none,[-0.25123209  4.50434494  1.06063294],[0.22987607 0.17027363 4.75477791],-1.5887878220231535
2024-08-12 18:46:05,504 - go to position WP1,none,[-0.25123209  4.50434494  1.06063294],[0.23122464 0.1687087  4.75900126],-1.5904805645272795
2024-08-12 18:46:05,740 - go to position WP1,none,[-0.25123209  4.50434494  1.06063294],[0.22648071 0.16680445 4.7630477 ],-1.589398012132814
2024-08-12 18:46:05,950 - go to position WP1,none,[-0.25123209  4.50434494  1.06063294],[0.22130144 0.16326642 4.76648903],-1.5907755181887744
2024-08-12 18:46:06,153 - go to position WP1,none,[-0.25123209  4.50434494  1.06063294],[0.21884905 0.16066039 4.76949072],-1.5932853572483783
2024-08-12 18:46:06,362 - go to position WP1,none,[-0.25123209  4.50434494  1.06063294],[0.21630742 0.15764757 4.77611208],-1.5912229227097487
2024-08-12 18:46:06,582 - go to position WP1,none,[-0.25123209  4.50434494  1.06063294],[0.21440944 0.15413609 4.78218508],-1.5907391080057272
2024-08-12 18:46:06,793 - go to position WP1,none,[-0.25123209  4.50434494  1.06063294],[0.21389715 0.15304822 4.7908988 ],-1.5905161946049056
2024-08-12 18:46:07,021 - go to position WP1,none,[-0.25123209  4.50434494  1.06063294],[0.21416537 0.15186296 4.8036027 ],-1.5910462043592375
2024-08-12 18:46:07,228 - go to position WP1,none,[-0.25123209  4.50434494  1.06063294],[0.21285391 0.15101179 4.81283665],-1.590075287120114
2024-08-12 18:46:07,435 - go to position WP1,none,[-0.25123209  4.50434494  1.06063294],[0.20990552 0.14901644 4.82263899],-1.5897241858706437
2024-08-12 18:46:07,635 - go to position WP1,none,[-0.25123209  4.50434494  1.06063294],[0.20794015 0.14691135 4.83242846],-1.5898655512601367
2024-08-12 18:46:07,837 - go to position WP1,none,[-0.25123209  4.50434494  1.06063294],[0.20798028 0.14551991 4.84165812],-1.5898519815260261
2024-08-12 18:46:08,038 - go to position WP1,none,[-0.25123209  4.50434494  1.06063294],[0.21127999 0.14535989 4.85002804],-1.5890052546278373
2024-08-12 18:46:08,246 - go to position WP1,none,[-0.25123209  4.50434494  1.06063294],[0.21115448 0.14370748 4.85171223],-1.5928431389016549
2024-08-12 18:46:08,447 - go to position WP1,none,[-0.25123209  4.50434494  1.06063294],[0.20825662 0.14175561 4.85080814],-1.588585328236313
2024-08-12 18:46:08,647 - go to position WP1,none,[-0.25123209  4.50434494  1.06063294],[0.20233846 0.13946494 4.8521204 ],-1.5903651021486134
2024-08-12 18:46:08,894 - go to position WP1,none,[-0.25123209  4.50434494  1.06063294],[0.20070393 0.14140339 4.8562417 ],-1.5909348271874038
2024-08-12 18:46:09,100 - go to position WP1,none,[-0.25123209  4.50434494  1.06063294],[0.20200759 0.1440246  4.86029577],-1.590199076937223
2024-08-12 18:46:09,353 - go to position WP1,none,[-0.25123209  4.50434494  1.06063294],[0.20209494 0.14724225 4.86280918],-1.5934479421272663
2024-08-12 18:46:09,553 - go to position WP1,none,[-0.25123209  4.50434494  1.06063294],[0.19919352 0.14616959 4.86647511],-1.5886514045767086
2024-08-12 18:46:09,806 - go to position WP1,none,[-0.25123209  4.50434494  1.06063294],[0.19523211 0.1418961  4.87265062],-1.5921940826897512
2024-08-12 18:46:10,016 - go to position WP1,none,[-0.25123209  4.50434494  1.06063294],[0.19258212 0.13473631 4.87974787],-1.5883745934221247
2024-08-12 18:46:10,222 - go to position WP1,none,[-0.25123209  4.50434494  1.06063294],[0.19410148 0.13185778 4.88323689],-1.59543535961323
2024-08-12 18:46:10,439 - go to position WP1,none,[-0.25123209  4.50434494  1.06063294],[0.20048437 0.13580355 4.88890457],-1.5890658141107963
2024-08-12 18:46:10,640 - go to position WP1,none,[-0.25123209  4.50434494  1.06063294],[0.20613918 0.1437232  4.88958311],-1.5882343005659774
2024-08-12 18:46:10,858 - go to position WP1,none,[-0.25123209  4.50434494  1.06063294],[0.2054514  0.14951564 4.88948059],-1.5884602386246005
2024-08-12 18:46:11,071 - go to position WP1,none,[-0.25123209  4.50434494  1.06063294],[0.20058395 0.14654197 4.89202213],-1.5894896456481202
2024-08-12 18:46:11,276 - go to position WP1,none,[-0.25123209  4.50434494  1.06063294],[0.19775158 0.14068018 4.89499426],-1.5884182518696104
2024-08-12 18:46:11,509 - go to position WP1,none,[-0.25123209  4.50434494  1.06063294],[0.1975801  0.1351037  4.89802217],-1.5917042636730603
2024-08-12 18:46:11,721 - go to position WP1,none,[-0.25123209  4.50434494  1.06063294],[0.19772212 0.134323   4.90025663],-1.5895660013139539
2024-08-12 18:46:11,921 - go to position WP1,none,[-0.25123209  4.50434494  1.06063294],[0.19417833 0.13749924 4.90336418],-1.5897586709289815
2024-08-12 18:46:12,171 - go to position WP1,none,[-0.25123209  4.50434494  1.06063294],[0.18832478 0.14041056 4.90995502],-1.592299858611197
2024-08-12 18:46:12,377 - go to position WP1,none,[-0.25123209  4.50434494  1.06063294],[0.1871071  0.14062299 4.91634464],-1.5920846044698376
2024-08-12 18:46:12,589 - go to position WP1,none,[-0.25123209  4.50434494  1.06063294],[0.18652613 0.14110389 4.92768621],-1.596515301449438
2024-08-12 18:46:12,850 - go to position WP1,none,[-0.25123209  4.50434494  1.06063294],[0.18840978 0.14190194 4.93685341],-1.5931628306160013
2024-08-12 18:46:13,078 - go to position WP1,none,[-0.25123209  4.50434494  1.06063294],[0.18970609 0.14532657 4.94654655],-1.5900499150844052
2024-08-12 18:46:13,305 - go to position WP1,none,[-0.25123209  4.50434494  1.06063294],[0.18907377 0.15075392 4.95049763],-1.5893626913581178
2024-08-12 18:46:13,505 - go to position WP1,none,[-0.25123209  4.50434494  1.06063294],[0.18746594 0.15334311 4.95422935],-1.5908684479524595
2024-08-12 18:46:13,705 - go to position WP1,none,[-0.25123209  4.50434494  1.06063294],[0.18503496 0.15226932 4.95552444],-1.590611135104874
2024-08-12 18:46:13,911 - go to position WP1,none,[-0.25123209  4.50434494  1.06063294],[0.1828102  0.14780205 4.95624638],-1.590682934620947
2024-08-12 18:46:14,131 - go to position WP1,none,[-0.25123209  4.50434494  1.06063294],[0.18183798 0.14447504 4.95516777],-1.5910285078410347
2024-08-12 18:46:14,340 - go to position WP1,none,[-0.25123209  4.50434494  1.06063294],[0.18264171 0.14597374 4.95280504],-1.5945801160037476
2024-08-12 18:46:14,565 - go to position WP1,none,[-0.25123209  4.50434494  1.06063294],[0.18479377 0.14953138 4.95133781],-1.59469855400482
2024-08-12 18:46:14,784 - go to position WP1,none,[-0.25123209  4.50434494  1.06063294],[0.18521053 0.14955346 4.9520812 ],-1.5938823061561944
2024-08-12 18:46:15,044 - go to position WP1,none,[-0.25123209  4.50434494  1.06063294],[0.1830716  0.14740324 4.95614386],-1.5904532366955362
2024-08-12 18:46:15,250 - go to position WP1,none,[-0.25123209  4.50434494  1.06063294],[0.18049465 0.14622363 4.96004391],-1.595203878341585
2024-08-12 18:46:15,456 - go to position WP1,none,[-0.25123209  4.50434494  1.06063294],[0.18101905 0.14823303 4.96244478],-1.593245635774819
2024-08-12 18:46:15,672 - go to position WP1,none,[-0.25123209  4.50434494  1.06063294],[0.18336847 0.15195532 4.96229506],-1.5906264831047086
2024-08-12 18:46:15,890 - go to position WP1,none,[-0.25123209  4.50434494  1.06063294],[0.18617003 0.15324745 4.96331501],-1.5916747963179478
2024-08-12 18:46:16,114 - go to position WP1,none,[-0.25123209  4.50434494  1.06063294],[0.18493642 0.15228796 4.96231127],-1.5952734554555814
2024-08-12 18:46:16,319 - go to position WP1,none,[-0.25123209  4.50434494  1.06063294],[0.18310323 0.14982352 4.96213198],-1.5947533089644228
2024-08-12 18:46:16,530 - go to position WP1,none,[-0.25123209  4.50434494  1.06063294],[0.17799775 0.14429054 4.96036434],-1.5938654068751221
2024-08-12 18:46:16,733 - go to position WP1,none,[-0.25123209  4.50434494  1.06063294],[0.17738967 0.14324676 4.96092129],-1.5943333860549203
2024-08-12 18:46:16,944 - go to position WP1,none,[-0.25123209  4.50434494  1.06063294],[0.17703423 0.14173178 4.95901251],-1.594400635383276
2024-08-12 18:46:17,149 - go to position WP1,none,[-0.25123209  4.50434494  1.06063294],[0.17715484 0.14161827 4.95586634],-1.596040490169763
2024-08-12 18:46:17,357 - go to position WP1,none,[-0.25123209  4.50434494  1.06063294],[0.17580576 0.14306854 4.95204926],-1.5955552984450616
2024-08-12 18:46:17,598 - go to position WP1,none,[-0.25123209  4.50434494  1.06063294],[0.17405388 0.14435923 4.95095205],-1.5936415860244484
2024-08-12 18:46:17,856 - go to position WP1,none,[-0.25123209  4.50434494  1.06063294],[0.17648044 0.14953063 4.94941378],-1.5957742724405346
2024-08-12 18:46:18,062 - go to position WP1,none,[-0.25123209  4.50434494  1.06063294],[0.18032576 0.15254924 4.94850492],-1.596324246986594
2024-08-12 18:46:18,270 - go to position WP1,none,[-0.25123209  4.50434494  1.06063294],[0.18235123 0.15403214 4.94893885],-1.5967779151079116
2024-08-12 18:46:18,493 - go to position WP1,none,[-0.25123209  4.50434494  1.06063294],[0.17979379 0.15217066 4.95096302],-1.5967454145971507
2024-08-12 18:46:18,696 - go to position WP1,none,[-0.25123209  4.50434494  1.06063294],[0.17748314 0.15032589 4.95422935],-1.595811588504704
2024-08-12 18:46:18,902 - go to position WP1,none,[-0.25123209  4.50434494  1.06063294],[0.17755572 0.14767362 4.95934916],-1.5967714127571782
2024-08-12 18:46:19,102 - go to position WP1,none,[-0.25123209  4.50434494  1.06063294],[0.17977646 0.14777127 4.9630599 ],-1.5958636988808372
2024-08-12 18:46:19,306 - go to position WP1,none,[-0.25123209  4.50434494  1.06063294],[0.18179907 0.1479717  4.96661997],-1.5955757947359572
2024-08-12 18:46:19,510 - go to position WP1,none,[-0.25123209  4.50434494  1.06063294],[0.18142657 0.14996049 4.96665096],-1.5990220446198329
2024-08-12 18:46:19,715 - go to position WP1,none,[-0.25123209  4.50434494  1.06063294],[0.17835717 0.14912362 4.96566582],-1.5983773701518906
2024-08-12 18:46:19,925 - go to position WP1,none,[-0.25123209  4.50434494  1.06063294],[0.17452033 0.1472622  4.96059895],-1.6001612291382337
2024-08-12 18:46:20,145 - go to position WP1,none,[-0.25123209  4.50434494  1.06063294],[0.17495131 0.14414389 4.95447302],-1.5972586274437184
2024-08-12 18:46:20,352 - go to position WP1,none,[-0.25123209  4.50434494  1.06063294],[0.17910931 0.14437971 4.94776487],-1.6000929150709737
2024-08-12 18:46:20,553 - go to position WP1,none,[-0.25123209  4.50434494  1.06063294],[0.1829614  0.14814755 4.94342184],-1.597381174580386
2024-08-12 18:46:20,786 - go to position WP1,none,[-0.25123209  4.50434494  1.06063294],[0.18400599 0.153469   4.9400897 ],-1.5996734488709636
2024-08-12 18:46:20,992 - go to position WP1,none,[-0.25123209  4.50434494  1.06063294],[0.1826624  0.1549072  4.93967915],-1.5986056723070154
2024-08-12 18:46:21,221 - go to position WP1,none,[-0.25123209  4.50434494  1.06063294],[0.1803118  0.15217821 4.94075394],-1.5972463272941368
2024-08-12 18:46:21,454 - go to position WP1,none,[-0.25123209  4.50434494  1.06063294],[0.17702559 0.1479893  4.94239283],-1.6006540367371125
2024-08-12 18:46:21,662 - go to position WP1,none,[-0.25123209  4.50434494  1.06063294],[0.17493002 0.1482387  4.94519901],-1.5998727480234365
2024-08-12 18:46:21,862 - go to position WP1,none,[-0.25123209  4.50434494  1.06063294],[0.17542951 0.14959402 4.94862843],-1.5986107495408746
2024-08-12 18:46:22,063 - go to position WP1,none,[-0.25123209  4.50434494  1.06063294],[0.17484064 0.15129475 4.95049763],-1.600035225471764
2024-08-12 18:46:22,264 - go to position WP1,none,[-0.25123209  4.50434494  1.06063294],[0.17399143 0.14991963 4.95238256],-1.6018686780478983
2024-08-12 18:46:22,469 - go to position WP1,none,[-0.25123209  4.50434494  1.06063294],[0.17284785 0.14779098 4.95756006],-1.598145502741314
2024-08-12 18:46:22,670 - go to position WP1,none,[-0.25123209  4.50434494  1.06063294],[0.1743892  0.14996101 4.96061277],-1.6005387722474431
2024-08-12 18:46:22,874 - go to position WP1,none,[-0.25123209  4.50434494  1.06063294],[0.17772654 0.1525106  4.96420527],-1.6029769461494245
2024-08-12 18:46:23,080 - retrun home WP2,none,[-0.25123209  4.50434494  1.06063294],[0.18150523 0.1563295  4.97035837],-1.6811596824202137
2024-08-12 18:46:23,308 - retrun home WP2,none,[-0.25123209  4.50434494  1.06063294],[0.18290316 0.15875655 4.97683191],-2.03334853192046
2024-08-12 18:46:23,512 - retrun home WP2,none,[-0.25123209  4.50434494  1.06063294],[0.18331587 0.16246976 4.98557472],-2.2962565434725084
2024-08-12 18:46:23,721 - retrun home WP2,none,[-0.25123209  4.50434494  1.06063294],[0.1837948  0.15807408 4.99975395],-2.66156163399718
2024-08-12 18:46:23,926 - retrun home WP2,none,[-0.25123209  4.50434494  1.06063294],[0.18123122 0.14057341 5.00731039],-2.9717457846468927
2024-08-12 18:46:24,142 - retrun home WP2,none,[-0.25123209  4.50434494  1.06063294],[0.1748524  0.10325372 5.01063728],2.9360783383170577
2024-08-12 18:46:24,356 - retrun home WP2,none,[-0.25123209  4.50434494  1.06063294],[0.1679575  0.07155602 5.00743341],2.6217997457441156
2024-08-12 18:46:24,565 - retrun home WP2,none,[-0.25123209  4.50434494  1.06063294],[0.15431014 0.04986655 4.99979067],2.319619822883946
2024-08-12 18:46:24,766 - retrun home WP2,none,[-0.25123209  4.50434494  1.06063294],[0.13867396 0.04411856 4.99124813],2.1078608438623943
2024-08-12 18:46:25,006 - retrun home WP2,none,[-0.25123209  4.50434494  1.06063294],[0.11299592 0.05498051 4.98482323],1.9277725013341953
2024-08-12 18:46:25,207 - retrun home WP2,none,[-0.25123209  4.50434494  1.06063294],[0.09313019 0.06945501 4.98641777],1.844538422858116
2024-08-12 18:46:25,420 - retrun home WP2,none,[-0.25123209  4.50434494  1.06063294],[0.07966122 0.08088052 4.99057913],1.787500146822009
2024-08-12 18:46:25,696 - retrun home WP3,none,[-0.25123209  4.50434494  1.06063294],[0.08165594 0.08561185 4.99823093],1.7389042822655418
2024-08-12 18:46:25,911 - retrun home WP3,none,[-0.25123209  4.50434494  1.06063294],[0.11508235 0.1097548  4.94897652],1.7223807864198002
2024-08-12 18:46:26,111 - retrun home WP3,none,[-0.25123209  4.50434494  1.06063294],[0.17383267 0.16238356 4.84171057],1.6973156743049245
2024-08-12 18:46:26,313 - retrun home WP3,none,[-0.25123209  4.50434494  1.06063294],[0.26760674 0.25240088 4.67727232],1.6709244271955288
2024-08-12 18:46:26,529 - retrun home WP3,none,[-0.25123209  4.50434494  1.06063294],[0.39695099 0.39204285 4.50497389],1.6397052894833417
2024-08-12 18:46:26,730 - retrun home WP3,none,[-0.25123209  4.50434494  1.06063294],[0.493067   0.51558322 4.41133308],1.6232584570632944
2024-08-12 18:46:26,934 - retrun home WP3,none,[-0.25123209  4.50434494  1.06063294],[0.62429988 0.72648299 4.28999424],1.6010491466207428
2024-08-12 18:46:27,137 - retrun home WP3,none,[-0.25123209  4.50434494  1.06063294],[0.7317301  0.96520978 4.16421318],1.591942346689918
2024-08-12 18:46:27,343 - retrun home WP3,none,[-0.25123209  4.50434494  1.06063294],[0.79635274 1.2137692  4.04361773],1.5900473659310737
2024-08-12 18:46:27,573 - retrun home WP3,none,[-0.25123209  4.50434494  1.06063294],[0.80822045 1.45532167 3.91577578],1.5905188174377103
2024-08-12 18:46:27,797 - retrun home WP3,none,[-0.25123209  4.50434494  1.06063294],[0.82970983 1.58065712 3.81099129],1.5884965390406376
2024-08-12 18:46:28,008 - retrun home WP3,none,[-0.25123209  4.50434494  1.06063294],[0.91044217 1.66591728 3.71584892],1.5931435109714913
2024-08-12 18:46:28,273 - retrun home WP3,none,[-0.25123209  4.50434494  1.06063294],[0.99236262 1.74888837 3.649225  ],1.585575266002547
2024-08-12 18:46:28,512 - retrun home WP3,none,[-0.25123209  4.50434494  1.06063294],[1.10875654 1.98785126 3.51529908],1.5825161610405243
2024-08-12 18:46:28,721 - retrun home WP3,none,[-0.25123209  4.50434494  1.06063294],[1.11374164 2.10436583 3.45237875],1.5854273128535539
2024-08-12 18:46:28,922 - retrun home WP3,none,[-0.25123209  4.50434494  1.06063294],[1.08807313 2.22911572 3.36747909],1.5824856484619427
2024-08-12 18:46:29,145 - retrun home WP3,none,[-0.25123209  4.50434494  1.06063294],[1.09828234 2.29012418 3.3059411 ],1.586080877228389
2024-08-12 18:46:29,346 - retrun home WP3,none,[-0.25123209  4.50434494  1.06063294],[1.17660618 2.35151625 3.23764968],1.5766808518485291
2024-08-12 18:46:29,582 - retrun home WP3,none,[-0.25123209  4.50434494  1.06063294],[1.25331056 2.4198513  3.18022084],1.5744245500144607
2024-08-12 18:46:29,783 - retrun home WP3,none,[-0.25123209  4.50434494  1.06063294],[1.29055583 2.52140188 3.1125505 ],1.5762499075059686
2024-08-12 18:46:29,987 - retrun home WP3,none,[-0.25123209  4.50434494  1.06063294],[1.26608467 2.60818243 3.05271959],1.5811455687216873
2024-08-12 18:46:30,198 - retrun home WP3,none,[-0.25123209  4.50434494  1.06063294],[1.23855805 2.66685772 2.99681163],1.5803140954791786
2024-08-12 18:46:30,407 - retrun home WP3,none,[-0.25123209  4.50434494  1.06063294],[1.2623167  2.70005369 2.95459008],1.5792788153567454
2024-08-12 18:46:30,608 - retrun home WP3,none,[-0.25123209  4.50434494  1.06063294],[1.32628131 2.7338407  2.92075682],1.5719709119957737
2024-08-12 18:46:30,809 - retrun home WP3,none,[-0.25123209  4.50434494  1.06063294],[1.37526512 2.78233552 2.8878212 ],1.572915123351607
2024-08-12 18:46:31,062 - retrun home WP3,none,[-0.25123209  4.50434494  1.06063294],[1.36979496 2.84935522 2.84740615],1.5752774612001452
2024-08-12 18:46:31,273 - retrun home WP3,none,[-0.25123209  4.50434494  1.06063294],[1.3278625  2.89310288 2.81035352],1.5759901821877607
2024-08-12 18:46:31,492 - retrun home WP3,none,[-0.25123209  4.50434494  1.06063294],[1.31616735 2.90683341 2.77153707],1.5778051841113396
2024-08-12 18:46:31,703 - retrun home WP3,none,[-0.25123209  4.50434494  1.06063294],[1.36364925 2.90447187 2.74145532],1.5784056741658792
2024-08-12 18:46:31,947 - retrun home WP3,none,[-0.25123209  4.50434494  1.06063294],[1.44479179 2.92302561 2.70912194],1.5696580672039417
2024-08-12 18:46:32,180 - retrun home WP3,none,[-0.25123209  4.50434494  1.06063294],[1.46183968 2.97187638 2.67131233],1.5694672056405208
2024-08-12 18:46:32,410 - retrun home WP3,none,[-0.25123209  4.50434494  1.06063294],[1.40212929 3.0189991  2.63636446],1.5729994968256968
2024-08-12 18:46:32,610 - retrun home WP3,none,[-0.25123209  4.50434494  1.06063294],[1.34276295 3.03678823 2.60648036],1.5717157588863433
2024-08-12 18:46:32,814 - retrun home WP3,none,[-0.25123209  4.50434494  1.06063294],[1.3309617  3.03770113 2.58518982],1.5647387881244268
2024-08-12 18:46:33,014 - retrun home WP3,none,[-0.25123209  4.50434494  1.06063294],[1.37113571 3.03261542 2.5689075 ],1.5641556910014918
2024-08-12 18:46:33,228 - retrun home WP3,none,[-0.25123209  4.50434494  1.06063294],[1.42737901 3.04512429 2.55587387],1.560335375611931
2024-08-12 18:46:33,428 - retrun home WP3,none,[-0.25123209  4.50434494  1.06063294],[1.46026695 3.08491731 2.53606439],1.552165349484141
2024-08-12 18:46:33,671 - retrun home WP3,none,[-0.25123209  4.50434494  1.06063294],[1.41036391 3.15279245 2.49852037],1.5583189646562698
2024-08-12 18:46:33,913 - retrun home WP3,none,[-0.25123209  4.50434494  1.06063294],[1.3561604  3.18873286 2.46644735],1.5661613747881824
2024-08-12 18:46:34,128 - retrun home WP3,none,[-0.25123209  4.50434494  1.06063294],[1.36879694 3.19396424 2.44340467],1.5566896886815098
2024-08-12 18:46:34,339 - retrun home WP3,none,[-0.25123209  4.50434494  1.06063294],[1.42040825 3.18623257 2.42542362],1.5625944364255637
2024-08-12 18:46:34,540 - retrun home WP3,none,[-0.25123209  4.50434494  1.06063294],[1.45809448 3.18708873 2.41457462],1.550480638899622
2024-08-12 18:46:34,740 - retrun home WP3,none,[-0.25123209  4.50434494  1.06063294],[1.46073842 3.1964097  2.40321517],1.5476905900845799
2024-08-12 18:46:34,945 - retrun home WP3,none,[-0.25123209  4.50434494  1.06063294],[1.38950861 3.22543168 2.38311052],1.5510354666987543
2024-08-12 18:46:35,145 - retrun home WP3,none,[-0.25123209  4.50434494  1.06063294],[1.33020818 3.23023248 2.36772108],1.5509922129001648
2024-08-12 18:46:35,346 - retrun home WP3,none,[-0.25123209  4.50434494  1.06063294],[1.3041141  3.20950699 2.35325265],1.5530887056654195
2024-08-12 18:46:35,548 - retrun home WP3,none,[-0.25123209  4.50434494  1.06063294],[1.31389797 3.18676496 2.34471011],1.5566020195789114
2024-08-12 18:46:35,855 - retrun home WP3,none,[-0.25123209  4.50434494  1.06063294],[1.40586936 3.15352416 2.32470751],1.5492603465001418
2024-08-12 18:46:36,059 - retrun home WP3,none,[-0.25123209  4.50434494  1.06063294],[1.43041289 3.18272328 2.31857634],1.5480391167409657
2024-08-12 18:46:36,274 - retrun home WP3,none,[-0.25123209  4.50434494  1.06063294],[1.42747927 3.23504281 2.3135879 ],1.5536989494701123
2024-08-12 18:46:36,494 - retrun home WP3,none,[-0.25123209  4.50434494  1.06063294],[1.39708185 3.30531788 2.30189228],1.545698315817174
2024-08-12 18:46:36,695 - retrun home WP3,none,[-0.25123209  4.50434494  1.06063294],[1.38521326 3.3170867  2.28930068],1.549726813726836
2024-08-12 18:46:36,980 - retrun home WP3,none,[-0.25123209  4.50434494  1.06063294],[1.39714468 3.2918818  2.28137112],1.541408716837074
2024-08-12 18:46:37,211 - retrun home WP3,none,[-0.25123209  4.50434494  1.06063294],[1.40546966 3.28347254 2.27924609],1.5487836741249352
2024-08-12 18:46:37,429 - retrun home WP3,none,[-0.25123209  4.50434494  1.06063294],[1.40309    3.29913831 2.27715349],1.5461817617133544
2024-08-12 18:46:37,630 - retrun home WP3,none,[-0.25123209  4.50434494  1.06063294],[1.39324629 3.31647873 2.27351236],1.54886014981647
2024-08-12 18:46:37,865 - retrun home WP3,none,[-0.25123209  4.50434494  1.06063294],[1.38649976 3.32421303 2.26994324],1.5470247462686544
2024-08-12 18:46:38,075 - retrun home WP3,none,[-0.25123209  4.50434494  1.06063294],[1.37942243 3.32011056 2.25787902],1.541246600619227
2024-08-12 18:46:38,275 - retrun home WP3,none,[-0.25123209  4.50434494  1.06063294],[1.38319111 3.31122828 2.25148511],1.5460031457573469
2024-08-12 18:46:38,476 - retrun home WP3,none,[-0.25123209  4.50434494  1.06063294],[1.38758087 3.3100481  2.24511671],1.5523460836160783
2024-08-12 18:46:38,676 - retrun home WP3,none,[-0.25123209  4.50434494  1.06063294],[1.38935077 3.31622839 2.24223208],1.549919172494026
2024-08-12 18:46:38,881 - retrun home WP3,none,[-0.25123209  4.50434494  1.06063294],[1.38815534 3.32913899 2.23527288],1.545386837988084
2024-08-12 18:46:39,102 - retrun home WP3,none,[-0.25123209  4.50434494  1.06063294],[1.38481569 3.34003067 2.22856665],1.5435387713064164
2024-08-12 18:46:39,313 - retrun home WP3,none,[-0.25123209  4.50434494  1.06063294],[1.38017201 3.34680986 2.21637583],1.5424305311987847
2024-08-12 18:46:39,530 - retrun home WP3,none,[-0.25123209  4.50434494  1.06063294],[1.37797523 3.35008645 2.20443201],1.5426596822400558
2024-08-12 18:46:39,736 - retrun home WP3,none,[-0.25123209  4.50434494  1.06063294],[1.37780368 3.34914756 2.19432926],1.5437063886480369
2024-08-12 18:46:39,956 - retrun home WP3,none,[-0.25123209  4.50434494  1.06063294],[1.38044703 3.34753346 2.18887377],1.5439310293954627
2024-08-12 18:46:40,157 - retrun home WP3,none,[-0.25123209  4.50434494  1.06063294],[1.38461924 3.34708548 2.18468833],1.5442734973450587
2024-08-12 18:46:40,357 - retrun home WP3,none,[-0.25123209  4.50434494  1.06063294],[1.38621604 3.34881425 2.18219948],1.5382253390202012
2024-08-12 18:46:40,586 - retrun home WP3,none,[-0.25123209  4.50434494  1.06063294],[1.38657296 3.35161662 2.17621708],1.5454619214327747
2024-08-12 18:46:40,793 - retrun home WP3,none,[-0.25123209  4.50434494  1.06063294],[1.38497603 3.3530364  2.17208147],1.5491965696290921
2024-08-12 18:46:40,995 - retrun home WP3,none,[-0.25123209  4.50434494  1.06063294],[1.38249314 3.35199833 2.16806626],1.5394258048643725
2024-08-12 18:46:41,197 - retrun home WP3,none,[-0.25123209  4.50434494  1.06063294],[1.37928116 3.35201073 2.16319609],1.542696878711146
2024-08-12 18:46:41,412 - retrun home WP3,none,[-0.25123209  4.50434494  1.06063294],[1.38029313 3.35697794 2.15531421],1.5394312095663714
2024-08-12 18:46:41,697 - retrun home WP3,none,[-0.25123209  4.50434494  1.06063294],[1.38370407 3.36615348 2.1446352 ],1.5400516691249282
2024-08-12 18:46:41,931 - retrun home WP3,none,[-0.25123209  4.50434494  1.06063294],[1.38736832 3.37488317 2.12512493],1.5407365373715398
2024-08-12 18:46:42,134 - retrun home WP3,none,[-0.25123209  4.50434494  1.06063294],[1.38811851 3.37964201 2.11005545],1.5507606520721828
2024-08-12 18:46:42,354 - retrun home WP3,none,[-0.25123209  4.50434494  1.06063294],[1.39079583 3.38197827 2.09744978],1.5465077214700413
2024-08-12 18:46:42,556 - retrun home WP3,none,[-0.25123209  4.50434494  1.06063294],[1.39248776 3.38191676 2.08762455],1.5415192350748308
2024-08-12 18:46:42,762 - retrun home WP3,none,[-0.25123209  4.50434494  1.06063294],[1.39444077 3.38055634 2.08299017],1.5375108595342615
2024-08-12 18:46:42,967 - retrun home WP3,none,[-0.25123209  4.50434494  1.06063294],[1.39514685 3.3771534  2.07763529],1.5346568797260665
2024-08-12 18:46:43,201 - retrun home WP3,none,[-0.25123209  4.50434494  1.06063294],[1.39386594 3.37144613 2.07198739],1.5294477646922053
2024-08-12 18:46:43,407 - retrun home WP3,none,[-0.25123209  4.50434494  1.06063294],[1.38769877 3.36373186 2.06172919],1.5365269408336135
2024-08-12 18:46:43,649 - retrun home WP3,none,[-0.25123209  4.50434494  1.06063294],[1.37513578 3.35027456 2.04882121],1.5435338370931653
2024-08-12 18:46:43,875 - retrun home WP3,none,[-0.25123209  4.50434494  1.06063294],[1.35964131 3.33717132 2.03606057],1.5419266704041408
2024-08-12 18:46:44,075 - retrun home WP3,none,[-0.25123209  4.50434494  1.06063294],[1.35633814 3.34377527 2.02649498],1.5400462546305163
2024-08-12 18:46:44,276 - retrun home WP3,none,[-0.25123209  4.50434494  1.06063294],[1.3659786  3.36881304 2.02188659],1.5438656604316665
2024-08-12 18:46:44,481 - retrun home WP3,none,[-0.25123209  4.50434494  1.06063294],[1.38244975 3.39807653 2.02060962],1.5425064637140256
2024-08-12 18:46:44,687 - retrun home WP3,none,[-0.25123209  4.50434494  1.06063294],[1.39578605 3.41675138 2.02043748],1.54513808187586
2024-08-12 18:46:44,889 - retrun home WP3,none,[-0.25123209  4.50434494  1.06063294],[1.40462065 3.42571449 2.01949596],1.5426432856144718
2024-08-12 18:46:45,090 - retrun home WP3,none,[-0.25123209  4.50434494  1.06063294],[1.41608715 3.43152189 2.01625443],1.5434724777124755
2024-08-12 18:46:45,294 - retrun home WP3,none,[-0.25123209  4.50434494  1.06063294],[1.41853786 3.42835665 2.01337337],1.5381187551469842
2024-08-12 18:46:45,499 - retrun home WP3,none,[-0.25123209  4.50434494  1.06063294],[1.4186213  3.42294216 2.00894737],1.5421135957498422
2024-08-12 18:46:45,713 - retrun home WP3,none,[-0.25123209  4.50434494  1.06063294],[1.41854203 3.42189932 2.00842619],1.5439816058518832
2024-08-12 18:46:45,954 - retrun home WP3,none,[-0.25123209  4.50434494  1.06063294],[1.42021561 3.42713642 2.01201797],1.5363863342178545
2024-08-12 18:46:46,160 - retrun home WP3,none,[-0.25123209  4.50434494  1.06063294],[1.41988754 3.43046665 2.01229   ],1.5461893906416366
2024-08-12 18:46:46,371 - retrun home WP3,none,[-0.25123209  4.50434494  1.06063294],[1.42097688 3.43535376 2.0179739 ],1.5298066155449672
2024-08-12 18:46:46,589 - retrun home WP3,none,[-0.25123209  4.50434494  1.06063294],[1.42000771 3.43520427 2.01882672],1.5369491614309447
2024-08-12 18:46:46,867 - retrun home WP3,none,[-0.25123209  4.50434494  1.06063294],[1.42194831 3.43683267 2.0168159 ],1.539533620842775
2024-08-12 18:46:47,080 - retrun home WP3,none,[-0.25123209  4.50434494  1.06063294],[1.42560363 3.44171786 2.01530266],1.5470187298423197
2024-08-12 18:46:47,339 - retrun home WP3,none,[-0.25123209  4.50434494  1.06063294],[1.42967057 3.4478147  2.01225758],1.5444412049210448
2024-08-12 18:46:47,556 - retrun home WP4,none,[-0.25123209  4.50434494  1.06063294],[1.43182611 3.45126057 2.01207042],1.5570395031862219
2024-08-12 18:46:47,757 - retrun home WP4,none,[-0.25123209  4.50434494  1.06063294],[1.43302453 3.45478582 2.01244307],1.6819846471421476
2024-08-12 18:46:47,962 - retrun home WP4,none,[-0.25123209  4.50434494  1.06063294],[1.43650854 3.46212816 2.00649619],2.1507172955312894
2024-08-12 18:46:48,166 - retrun home WP4,none,[-0.25123209  4.50434494  1.06063294],[1.43417847 3.464082   2.00252509],2.454590805333833
2024-08-12 18:46:48,408 - retrun home WP4,none,[-0.25123209  4.50434494  1.06063294],[1.43083107 3.45927191 1.9995476 ],2.681112091552839
2024-08-12 18:46:48,611 - retrun home WP4,none,[-0.25123209  4.50434494  1.06063294],[1.42405736 3.45024276 1.99237156],2.80084341562476
2024-08-12 18:46:48,811 - retrun home WP4,none,[-0.25123209  4.50434494  1.06063294],[1.41678309 3.43948412 1.99124396],2.886987675789264
2024-08-12 18:46:49,016 - retrun home WP4,none,[-0.25123209  4.50434494  1.06063294],[1.40543389 3.42723942 1.98199332],2.9309759712878094
2024-08-12 18:46:49,222 - retrun home WP4,none,[-0.25123209  4.50434494  1.06063294],[1.40426457 3.43022847 1.97965622],2.9648910763329903
2024-08-12 18:46:49,459 - retrun home WP4,none,[-0.25123209  4.50434494  1.06063294],[1.41775191 3.45283723 1.98934042],3.014141516865423
