2026-01-16 19:46:54,691 - position: [ 0.51976919 -2.52191591 -0.00985715]
2026-01-16 19:46:54,939 - position: [ 0.51975262 -2.5218401  -0.00979825]
2026-01-16 19:46:55,198 - position: [ 0.51980257 -2.52188849 -0.00980792]
2026-01-16 19:46:55,421 - position: [ 0.5197686  -2.52190638 -0.00982333]
2026-01-16 19:46:55,685 - position: [ 0.51977009 -2.52196574 -0.00980242]
2026-01-16 19:46:55,935 - position: [ 0.51976234 -2.52190089 -0.00980981]
2026-01-16 19:46:56,187 - position: [ 0.51979464 -2.52190161 -0.00977075]
2026-01-16 19:46:56,396 - position: [ 0.51978242 -2.52186942 -0.00978012]
2026-01-16 19:46:56,664 - position: [ 0.51976269 -2.52187824 -0.00981464]
2026-01-16 19:46:56,900 - position: [ 0.51976913 -2.521878   -0.00978162]
2026-01-16 19:46:57,150 - position: [ 0.51982313 -2.52183342 -0.00970375]
2026-01-16 19:46:57,387 - position: [ 0.51977754 -2.52192307 -0.00979491]
2026-01-16 19:46:57,701 - position: [ 0.51978266 -2.52192593 -0.00980838]
2026-01-16 19:46:57,941 - position: [ 0.51977134 -2.52193427 -0.00980194]
2026-01-16 19:46:58,186 - position: [ 0.51975155 -2.5219028  -0.00980519]
2026-01-16 19:46:58,436 - position: [ 0.51976627 -2.52184701 -0.00991414]
2026-01-16 19:46:58,685 - position: [ 0.51971239 -2.52185392 -0.00984155]
2026-01-16 19:46:58,956 - position: [ 0.51980132 -2.52184391 -0.00990088]
2026-01-16 19:46:59,197 - position: [ 0.51978928 -2.52185249 -0.00992117]
2026-01-16 19:46:59,468 - position: [ 0.51980996 -2.5218854  -0.00989843]
2026-01-16 19:46:59,716 - position: [ 0.51979512 -2.52180457 -0.00992742]
2026-01-16 19:46:59,961 - position: [ 0.51978695 -2.5218811  -0.00988912]
2026-01-16 19:47:00,304 - position: [ 0.51980722 -2.52217245 -0.01006163]
2026-01-16 19:47:00,661 - position: [ 0.5198071  -2.52189755 -0.00988828]
2026-01-16 19:47:00,908 - position: [ 0.51975256 -2.52181268 -0.00992608]
2026-01-16 19:47:01,139 - position: [ 0.51979637 -2.52183628 -0.00987185]
2026-01-16 19:47:01,392 - position: [ 0.51981658 -2.52184486 -0.00991952]
2026-01-16 19:47:01,621 - position: [ 0.51977599 -2.521842   -0.00991313]
2026-01-16 19:47:01,832 - position: [ 0.51977563 -2.52183199 -0.00991619]
2026-01-16 19:47:02,114 - position: [ 0.51975101 -2.52189112 -0.0097915 ]
2026-01-16 19:47:02,376 - position: [ 0.51977503 -2.52191329 -0.00980664]
2026-01-16 19:47:02,617 - position: [ 0.51975417 -2.52195597 -0.00980447]
2026-01-16 19:47:02,849 - position: [ 0.51976776 -2.52183294 -0.00978521]
2026-01-16 19:47:03,069 - position: [ 0.51978868 -2.52193928 -0.00990796]
2026-01-16 19:47:03,305 - position: [ 0.51978523 -2.52185988 -0.00990358]
2026-01-16 19:47:03,537 - position: [ 0.51976001 -2.52192283 -0.00979612]
2026-01-16 19:47:03,786 - position: [ 0.51979518 -2.5218997  -0.00991512]
2026-01-16 19:47:04,010 - position: [ 0.51977533 -2.52187729 -0.00981914]
2026-01-16 19:47:04,261 - position: [ 0.51980811 -2.52188349 -0.0098927 ]
2026-01-16 19:47:04,557 - position: [ 0.51976764 -2.52188492 -0.00984637]
2026-01-16 19:47:04,799 - position: [ 0.5198155  -2.52188921 -0.00992801]
2026-01-16 19:47:05,018 - position: [ 0.51978445 -2.52190781 -0.0098388 ]
2026-01-16 19:47:05,247 - position: [ 0.51980054 -2.52189136 -0.00976802]
2026-01-16 19:47:05,488 - position: [ 0.51974612 -2.52185297 -0.00980274]
2026-01-16 19:47:05,732 - position: [ 0.5197615  -2.52177668 -0.00995155]
2026-01-16 19:47:05,956 - position: [ 0.51973522 -2.52180243 -0.00990305]
2026-01-16 19:47:06,163 - position: [ 0.51972294 -2.52211666 -0.01008058]
2026-01-16 19:47:06,424 - position: [ 0.51976383 -2.52188444 -0.00988741]
2026-01-16 19:47:06,700 - position: [ 0.51981795 -2.52186918 -0.00986358]
2026-01-16 19:47:06,934 - position: [ 0.51977462 -2.52191257 -0.00993151]
2026-01-16 19:47:07,154 - position: [ 0.51975065 -2.5219202  -0.00980166]
2026-01-16 19:47:07,407 - position: [ 0.5197742  -2.52189302 -0.00993215]
2026-01-16 19:47:07,699 - position: [ 0.51977021 -2.52189231 -0.00980995]
2026-01-16 19:47:07,945 - position: [ 0.51973641 -2.52191091 -0.00985424]
2026-01-16 19:47:08,211 - position: [ 0.51973641 -2.52191091 -0.00985424]
2026-01-16 19:47:08,427 - position: [ 0.51977944 -2.52185631 -0.00976998]
2026-01-16 19:47:08,698 - position: [ 0.51977068 -2.52185154 -0.00989643]
2026-01-16 19:47:09,075 - position: [ 0.51974952 -2.52185512 -0.00980354]
2026-01-16 19:47:09,371 - position: [ 0.51971692 -2.52190614 -0.00983663]
2026-01-16 19:47:09,667 - position: [ 0.5197475  -2.52178812 -0.00995376]
2026-01-16 19:47:09,917 - position: [ 0.51976204 -2.52181101 -0.00988591]
2026-01-16 19:47:10,147 - position: [ 0.51972044 -2.52184129 -0.00983019]
2026-01-16 19:47:10,392 - position: [ 0.5197491  -2.52195859 -0.00977312]
2026-01-16 19:47:10,634 - position: [ 0.519741   -2.52182245 -0.00993613]
2026-01-16 19:47:10,907 - position: [ 0.51973885 -2.52184677 -0.00994882]
2026-01-16 19:47:11,168 - position: [ 0.51977211 -2.52189088 -0.00988593]
2026-01-16 19:47:11,418 - position: [ 0.51978743 -2.52196503 -0.0099854 ]
2026-01-16 19:47:11,725 - position: [ 0.51975536 -2.52187085 -0.00984005]
2026-01-16 19:47:11,959 - position: [ 0.51978809 -2.5218811  -0.00993003]
2026-01-16 19:47:12,198 - position: [ 0.51976389 -2.52182817 -0.00990153]
2026-01-16 19:47:12,425 - position: [ 0.51978135 -2.52184486 -0.0099331 ]
2026-01-16 19:47:12,670 - position: [ 0.51977092 -2.52187085 -0.00991941]
2026-01-16 19:47:12,934 - position: [ 0.51976395 -2.52177405 -0.00991293]
2026-01-16 19:47:13,176 - position: [ 0.51978302 -2.52184534 -0.00989846]
2026-01-16 19:47:13,418 - position: [ 0.51977122 -2.52180243 -0.00986537]
2026-01-16 19:47:13,664 - position: [ 0.51975149 -2.52197003 -0.009823  ]
2026-01-16 19:47:13,999 - position: [ 0.51978052 -2.52190208 -0.00994279]
2026-01-16 19:47:14,233 - position: [ 0.5197888  -2.52190852 -0.00993597]
2026-01-16 19:47:14,472 - position: [ 0.51978177 -2.52196598 -0.00981255]
2026-01-16 19:47:14,716 - position: [ 0.51981342 -2.52193499 -0.00989456]
2026-01-16 19:47:14,993 - position: [ 0.51978993 -2.5219121  -0.00991194]
2026-01-16 19:47:15,257 - position: [ 0.51977056 -2.52189493 -0.00995054]
2026-01-16 19:47:15,519 - position: [ 0.51973385 -2.52185106 -0.00984336]
2026-01-16 19:47:15,780 - position: [ 0.51972419 -2.52183795 -0.00982417]
2026-01-16 19:47:16,007 - position: [ 0.51978272 -2.52186108 -0.00993603]
2026-01-16 19:47:16,236 - position: [ 0.51977789 -2.52189851 -0.00996038]
2026-01-16 19:47:16,449 - position: [ 0.51976174 -2.52192092 -0.00991561]
2026-01-16 19:47:16,673 - position: [ 0.51969433 -2.52210164 -0.01008671]
2026-01-16 19:47:16,912 - position: [ 0.51977515 -2.52184033 -0.00994353]
2026-01-16 19:47:17,188 - position: [ 0.51976681 -2.52182651 -0.00993943]
2026-01-16 19:47:17,426 - position: [ 0.51970547 -2.52215123 -0.0100742 ]
2026-01-16 19:47:17,636 - position: [ 0.51970083 -2.52211642 -0.01009091]
2026-01-16 19:47:17,882 - position: [ 0.51966238 -2.52213788 -0.01011987]
2026-01-16 19:47:18,125 - position: [ 0.51965666 -2.52211833 -0.01012133]
2026-01-16 19:47:18,350 - position: [ 0.51972163 -2.52183509 -0.00983179]
2026-01-16 19:47:18,590 - position: [ 0.51967275 -2.52212596 -0.01009908]
2026-01-16 19:47:18,864 - position: [ 0.51973045 -2.52181673 -0.00983109]
2026-01-16 19:47:19,094 - position: [ 0.51973045 -2.52181673 -0.00983109]
2026-01-16 19:47:19,377 - position: [ 0.5197438  -2.52182245 -0.00993532]
2026-01-16 19:47:19,593 - position: [ 0.51977324 -2.52182055 -0.00990233]
2026-01-16 19:47:19,841 - position: [ 0.51972431 -2.52213311 -0.01004199]
2026-01-16 19:47:20,062 - position: [ 0.51976573 -2.52189326 -0.00991772]
2026-01-16 19:47:20,274 - position: [ 0.51970261 -2.52214313 -0.01007046]
2026-01-16 19:47:20,486 - position: [ 0.51973152 -2.52211452 -0.0100729 ]
2026-01-16 19:47:20,745 - position: [ 0.51974565 -2.52213216 -0.01009706]
2026-01-16 19:47:20,969 - position: [ 0.51972336 -2.52209902 -0.01006814]
2026-01-16 19:47:21,214 - position: [ 0.51972753 -2.52212429 -0.01005111]
2026-01-16 19:47:21,473 - position: [ 0.51974088 -2.52211022 -0.01006065]
2026-01-16 19:47:21,713 - position: [ 0.51972586 -2.52212477 -0.01008419]
2026-01-16 19:47:21,993 - position: [ 0.51973659 -2.52212453 -0.01007676]
2026-01-16 19:47:22,209 - position: [ 0.51968467 -2.52211595 -0.01008097]
2026-01-16 19:47:22,418 - position: [ 0.51968277 -2.5220952  -0.01005962]
2026-01-16 19:47:22,696 - position: [ 0.51971489 -2.5221324  -0.01005254]
2026-01-16 19:47:22,942 - position: [ 0.51971394 -2.52211833 -0.01001686]
2026-01-16 19:47:23,170 - position: [ 0.51969832 -2.52211285 -0.01004099]
2026-01-16 19:47:23,382 - position: [ 0.51972085 -2.5221355  -0.01004407]
2026-01-16 19:47:23,629 - position: [ 0.51970285 -2.52211308 -0.01009279]
2026-01-16 19:47:23,861 - position: [ 0.51976991 -2.52180982 -0.00989068]
2026-01-16 19:47:24,118 - position: [ 0.5197497  -2.5221169  -0.01001616]
2026-01-16 19:47:24,331 - position: [ 0.51976013 -2.52213192 -0.0100467 ]
2026-01-16 19:47:24,584 - position: [ 0.51971281 -2.52212501 -0.01003906]
2026-01-16 19:47:24,858 - position: [ 0.51969761 -2.52214766 -0.01005378]
2026-01-16 19:47:25,094 - position: [ 0.51968336 -2.52215767 -0.01001602]
2026-01-16 19:47:25,356 - position: [ 0.51968163 -2.52212    -0.01004564]
2026-01-16 19:47:25,589 - position: [ 0.51977432 -2.5218873  -0.00989657]
2026-01-16 19:47:25,833 - position: [ 0.51972455 -2.52208877 -0.01002954]
2026-01-16 19:47:26,088 - position: [ 0.51975369 -2.52191615 -0.00987418]
2026-01-16 19:47:26,315 - position: [ 0.51973218 -2.5221138  -0.00999923]
2026-01-16 19:47:26,552 - position: [ 0.51976031 -2.52209163 -0.01003138]
2026-01-16 19:47:26,793 - position: [ 0.5197193  -2.52213049 -0.01002537]
2026-01-16 19:47:27,055 - position: [ 0.51976752 -2.52217245 -0.00996897]
2026-01-16 19:47:27,331 - position: [ 0.5197292  -2.52213478 -0.01007546]
2026-01-16 19:47:27,546 - position: [ 0.51973188 -2.52213383 -0.01003969]
2026-01-16 19:47:27,755 - position: [ 0.51972288 -2.52212906 -0.01000814]
2026-01-16 19:47:28,014 - position: [ 0.51972854 -2.52211094 -0.00988446]
2026-01-16 19:47:28,268 - position: [ 0.51974928 -2.52211809 -0.01004132]
2026-01-16 19:47:28,521 - position: [ 0.51973516 -2.52212048 -0.00998912]
2026-01-16 19:47:28,767 - position: [ 0.51974881 -2.52218509 -0.01004176]
2026-01-16 19:47:28,995 - position: [ 0.51968408 -2.52210498 -0.01007761]
2026-01-16 19:47:29,249 - position: [ 0.51970524 -2.52216673 -0.01002447]
2026-01-16 19:47:29,468 - position: [ 0.51963347 -2.52219129 -0.00993888]
2026-01-16 19:47:29,693 - position: [ 0.5197022  -2.52218103 -0.00998703]
2026-01-16 19:47:29,912 - position: [ 0.51967144 -2.52211952 -0.00991433]
2026-01-16 19:47:30,128 - position: [ 0.51977956 -2.52205825 -0.01012317]
2026-01-16 19:47:30,382 - position: [ 0.51980203 -2.52182937 -0.00988216]
2026-01-16 19:47:30,647 - position: [ 0.51971388 -2.52220368 -0.01007666]
2026-01-16 19:47:30,892 - position: [ 0.51967669 -2.52216649 -0.01001938]
2026-01-16 19:47:31,128 - position: [ 0.51972145 -2.52214622 -0.01004088]
2026-01-16 19:47:31,379 - position: [ 0.51972342 -2.52209735 -0.01000751]
2026-01-16 19:47:31,619 - position: [ 0.51967949 -2.5220964  -0.01005699]
2026-01-16 19:47:31,856 - position: [ 0.51968503 -2.5220747  -0.01001742]
2026-01-16 19:47:32,088 - position: [ 0.5197289  -2.5221374  -0.01004082]
2026-01-16 19:47:32,313 - position: [ 0.51976973 -2.52218127 -0.01002723]
2026-01-16 19:47:32,535 - position: [ 0.51969707 -2.52212191 -0.00996173]
2026-01-16 19:47:32,761 - position: [ 0.51972818 -2.52216673 -0.00996177]
2026-01-16 19:47:33,000 - position: [ 0.51977891 -2.5221653  -0.00996119]
2026-01-16 19:47:33,229 - position: [ 0.51973403 -2.52213192 -0.00999049]
2026-01-16 19:47:33,479 - position: [ 0.51971167 -2.52215767 -0.00995157]
2026-01-16 19:47:33,717 - position: [ 0.51969767 -2.522156   -0.01002154]
2026-01-16 19:47:33,970 - position: [ 0.51972884 -2.52214265 -0.01000425]
2026-01-16 19:47:34,201 - position: [ 0.51971531 -2.52213979 -0.01003929]
2026-01-16 19:47:34,447 - position: [ 0.51976144 -2.52213049 -0.01000619]
2026-01-16 19:47:34,675 - position: [ 0.51975077 -2.52212954 -0.01001039]
2026-01-16 19:47:34,879 - position: [ 0.51972771 -2.52214622 -0.01002815]
2026-01-16 19:47:35,116 - position: [ 0.51971328 -2.52217555 -0.00988063]
2026-01-16 19:47:35,340 - position: [ 0.51969647 -2.52213144 -0.00999725]
2026-01-16 19:47:35,598 - position: [ 0.51967061 -2.52215099 -0.00994589]
2026-01-16 19:47:35,839 - position: [ 0.51969481 -2.52216363 -0.00991865]
2026-01-16 19:47:36,070 - position: [ 0.51971376 -2.52216554 -0.01000314]
2026-01-16 19:47:36,314 - position: [ 0.51973087 -2.5221312  -0.01000261]
2026-01-16 19:47:36,535 - position: [ 0.51971096 -2.52213669 -0.01000092]
2026-01-16 19:47:36,772 - position: [ 0.51967889 -2.52213717 -0.00993279]
2026-01-16 19:47:37,020 - position: [ 0.51973319 -2.5221653  -0.00987364]
2026-01-16 19:47:37,240 - position: [ 0.51972109 -2.52212143 -0.01001372]
2026-01-16 19:47:37,500 - position: [ 0.51976067 -2.52215528 -0.01000903]
2026-01-16 19:47:37,725 - position: [ 0.5197556  -2.52215385 -0.01000396]
2026-01-16 19:47:37,967 - position: [ 0.51975662 -2.52215815 -0.01003243]
2026-01-16 19:47:38,194 - position: [ 0.51972538 -2.52211189 -0.01003789]
2026-01-16 19:47:38,434 - position: [ 0.51972365 -2.52214003 -0.01002276]
2026-01-16 19:47:38,657 - position: [ 0.51975089 -2.52215171 -0.01001844]
2026-01-16 19:47:38,886 - position: [ 0.51965082 -2.52215362 -0.00993018]
2026-01-16 19:47:39,135 - position: [ 0.51969117 -2.5221498  -0.00998453]
2026-01-16 19:47:39,348 - position: [ 0.51968664 -2.52219486 -0.009923  ]
2026-01-16 19:47:39,585 - position: [ 0.51969188 -2.52221584 -0.00989753]
2026-01-16 19:47:39,827 - position: [ 0.51968938 -2.52219939 -0.00988549]
2026-01-16 19:47:40,065 - position: [ 0.51971871 -2.52215624 -0.00988592]
2026-01-16 19:47:40,312 - position: [ 0.51970375 -2.52217436 -0.00990657]
2026-01-16 19:47:40,550 - position: [ 0.51967043 -2.52215409 -0.00989749]
2026-01-16 19:47:40,767 - position: [ 0.51971567 -2.52211809 -0.00985922]
2026-01-16 19:47:40,987 - position: [ 0.51967132 -2.52216101 -0.00990696]
2026-01-16 19:47:41,196 - position: [ 0.51969963 -2.52214789 -0.00988295]
2026-01-16 19:47:41,434 - position: [ 0.5196929  -2.52215219 -0.00990348]
2026-01-16 19:47:41,663 - position: [ 0.51969367 -2.52215576 -0.00990624]
2026-01-16 19:47:41,901 - position: [ 0.51973736 -2.52215338 -0.00989673]
2026-01-16 19:47:42,114 - position: [ 0.51971561 -2.52223015 -0.00990112]
2026-01-16 19:47:42,341 - position: [ 0.51970327 -2.52220035 -0.0099263 ]
2026-01-16 19:47:42,554 - position: [ 0.51974297 -2.52217817 -0.00990113]
2026-01-16 19:47:42,771 - position: [ 0.51970083 -2.52216887 -0.00989371]
2026-01-16 19:47:42,993 - position: [ 0.51972824 -2.52215075 -0.00990163]
2026-01-16 19:47:43,206 - position: [ 0.51970553 -2.52214336 -0.00988393]
2026-01-16 19:47:43,455 - position: [ 0.51974744 -2.52213764 -0.00990797]
2026-01-16 19:47:43,682 - position: [ 0.51972306 -2.52209401 -0.00991216]
2026-01-16 19:47:43,933 - position: [ 0.51974088 -2.52211642 -0.00987516]
2026-01-16 19:47:44,152 - position: [ 0.51970851 -2.52211714 -0.00991752]
2026-01-16 19:47:44,366 - position: [ 0.51973069 -2.52212238 -0.00991688]
2026-01-16 19:47:44,669 - position: [ 0.51972759 -2.52208567 -0.00991537]
2026-01-16 19:47:44,953 - position: [ 0.51969951 -2.52213287 -0.00990301]
2026-01-16 19:47:45,184 - position: [ 0.51972169 -2.52215362 -0.00991016]
2026-01-16 19:47:45,426 - position: [ 0.5197081  -2.52211785 -0.00990575]
2026-01-16 19:47:45,655 - position: [ 0.51972389 -2.52213192 -0.00991305]
2026-01-16 19:47:45,899 - position: [ 0.51972544 -2.52212548 -0.00989792]
2026-01-16 19:47:46,120 - position: [ 0.51970428 -2.5221262  -0.00995981]
2026-01-16 19:47:46,323 - position: [ 0.51970041 -2.52212739 -0.00992516]
2026-01-16 19:47:46,632 - position: [ 0.51973277 -2.52211618 -0.00990795]
2026-01-16 19:47:46,880 - position: [ 0.51971012 -2.52213097 -0.00997001]
2026-01-16 19:47:47,123 - position: [ 0.51969868 -2.5221293  -0.00995559]
2026-01-16 19:47:47,343 - position: [ 0.51969695 -2.52212429 -0.00994532]
2026-01-16 19:47:47,561 - position: [ 0.51974624 -2.52214003 -0.00993487]
2026-01-16 19:47:47,803 - position: [ 0.51969731 -2.52212429 -0.00996529]
2026-01-16 19:47:48,083 - position: [ 0.51973748 -2.52214313 -0.0099233 ]
2026-01-16 19:47:48,297 - position: [ 0.51974553 -2.52212596 -0.0098983 ]
2026-01-16 19:47:48,530 - position: [ 0.51976651 -2.52221417 -0.00990333]
2026-01-16 19:47:48,749 - position: [ 0.51971269 -2.52211046 -0.00993071]
2026-01-16 19:47:48,990 - position: [ 0.51973665 -2.52207327 -0.00989099]
2026-01-16 19:47:49,244 - position: [ 0.51976085 -2.52209806 -0.00989631]
2026-01-16 19:47:49,497 - position: [ 0.51972604 -2.52214026 -0.00992139]
2026-01-16 19:47:49,756 - position: [ 0.51968133 -2.52213359 -0.00993164]
2026-01-16 19:47:49,997 - position: [ 0.51970953 -2.52213097 -0.0099076 ]
2026-01-16 19:47:50,235 - position: [ 0.51971853 -2.52211809 -0.00987441]
2026-01-16 19:47:50,450 - position: [ 0.51970136 -2.52215409 -0.01004139]
2026-01-16 19:47:50,695 - position: [ 0.51966804 -2.52216816 -0.00991657]
2026-01-16 19:47:50,926 - position: [ 0.51968807 -2.5221498  -0.00993188]
2026-01-16 19:47:51,191 - position: [ 0.51967937 -2.52213073 -0.009896  ]
2026-01-16 19:47:51,434 - position: [ 0.51969486 -2.5221231  -0.00992421]
2026-01-16 19:47:51,723 - position: [ 0.51972157 -2.52213764 -0.00992621]
2026-01-16 19:47:51,961 - position: [ 0.51967674 -2.52213717 -0.00989814]
2026-01-16 19:47:52,181 - position: [ 0.51967609 -2.52210522 -0.00991318]
2026-01-16 19:47:52,402 - position: [ 0.51967102 -2.52214074 -0.00993092]
2026-01-16 19:47:52,650 - position: [ 0.51969278 -2.52209902 -0.00998753]
2026-01-16 19:47:52,893 - position: [ 0.51972145 -2.52211094 -0.00991941]
2026-01-16 19:47:53,104 - position: [ 0.5196653  -2.52211618 -0.00994799]
2026-01-16 19:47:53,328 - position: [ 0.51968354 -2.5221262  -0.00992496]
2026-01-16 19:47:53,551 - position: [ 0.51974607 -2.52214336 -0.00989556]
2026-01-16 19:47:53,786 - position: [ 0.51965785 -2.52212453 -0.00993628]
2026-01-16 19:47:54,046 - position: [ 0.51968944 -2.52208638 -0.00991495]
2026-01-16 19:47:54,290 - position: [ 0.51968998 -2.52210188 -0.00994249]
2026-01-16 19:47:54,524 - position: [ 0.5196383  -2.52208352 -0.00990443]
2026-01-16 19:47:54,784 - position: [ 0.51966769 -2.52211666 -0.0099043 ]
2026-01-16 19:47:55,035 - position: [ 0.51972425 -2.52213001 -0.00989077]
2026-01-16 19:47:55,242 - position: [ 0.51966971 -2.52208734 -0.00992427]
2026-01-16 19:47:55,459 - position: [ 0.51970476 -2.52211928 -0.00990023]
2026-01-16 19:47:55,677 - position: [ 0.51970476 -2.52211928 -0.00990023]
2026-01-16 19:47:55,905 - position: [ 0.51965326 -2.52209926 -0.00992289]
2026-01-16 19:47:56,159 - position: [ 0.51965326 -2.52209926 -0.00992289]
2026-01-16 19:47:56,422 - position: [ 0.51967174 -2.52210855 -0.00995199]
2026-01-16 19:47:56,670 - position: [ 0.51967484 -2.52208257 -0.00992514]
2026-01-16 19:47:56,956 - position: [ 0.51970571 -2.52208805 -0.00993447]
2026-01-16 19:47:57,217 - position: [ 0.5197286  -2.52209783 -0.00993946]
2026-01-16 19:47:57,435 - position: [ 0.51972044 -2.52210665 -0.00989414]
2026-01-16 19:47:57,701 - position: [ 0.51969296 -2.52210879 -0.0099259 ]
2026-01-16 19:47:57,918 - position: [ 0.51970494 -2.52209997 -0.00992573]
2026-01-16 19:47:58,174 - position: [ 0.51965272 -2.522048   -0.00996521]
2026-01-16 19:47:58,398 - position: [ 0.51966131 -2.5220499  -0.00992023]
2026-01-16 19:47:58,642 - position: [ 0.51968634 -2.52207589 -0.00987999]
2026-01-16 19:47:58,861 - position: [ 0.51975054 -2.52207255 -0.00987223]
2026-01-16 19:47:59,119 - position: [ 0.51969481 -2.52207041 -0.00989289]
2026-01-16 19:47:59,352 - position: [ 0.51966101 -2.52207589 -0.00990901]
2026-01-16 19:47:59,584 - position: [ 0.5197134  -2.52208424 -0.00994301]
2026-01-16 19:47:59,805 - position: [ 0.51966393 -2.52205801 -0.00994284]
2026-01-16 19:48:00,058 - position: [ 0.51985323 -2.52210712 -0.00983687]
2026-01-16 19:48:00,283 - position: [ 0.519723   -2.52204037 -0.00991645]
2026-01-16 19:48:00,524 - position: [ 0.51970959 -2.52204275 -0.00993676]
2026-01-16 19:48:00,766 - position: [ 0.51966888 -2.5220356  -0.00993949]
2026-01-16 19:48:00,983 - position: [ 0.51967829 -2.52203941 -0.00993087]
2026-01-16 19:48:01,202 - position: [ 0.51961493 -2.52203488 -0.01003427]
2026-01-16 19:48:01,441 - position: [ 0.51970673 -2.52205682 -0.00998768]
2026-01-16 19:48:01,699 - position: [ 0.51966482 -2.52206874 -0.00996648]
2026-01-16 19:48:01,928 - position: [ 0.51974338 -2.52208042 -0.00995921]
2026-01-16 19:48:02,164 - position: [ 0.51972038 -2.52205586 -0.00993991]
2026-01-16 19:48:02,397 - position: [ 0.5197323  -2.52206063 -0.00996541]
2026-01-16 19:48:02,611 - position: [ 0.51972681 -2.52206612 -0.00996115]
2026-01-16 19:48:02,864 - position: [ 0.5197435  -2.52206826 -0.00993557]
2026-01-16 19:48:03,122 - position: [ 0.51980197 -2.52210474 -0.0099503 ]
2026-01-16 19:48:03,364 - position: [ 0.51981348 -2.52207518 -0.00993304]
2026-01-16 19:48:03,607 - position: [ 0.51978248 -2.52206159 -0.0099253 ]
2026-01-16 19:48:03,867 - position: [ 0.51979595 -2.52207661 -0.00990321]
2026-01-16 19:48:04,149 - position: [ 0.51970571 -2.52205086 -0.00995067]
2026-01-16 19:48:04,383 - position: [ 0.51970416 -2.52205086 -0.01000321]
2026-01-16 19:48:04,701 - position: [ 0.51984793 -2.52209663 -0.00990947]
2026-01-16 19:48:04,934 - position: [ 0.51978254 -2.5220921  -0.0099256 ]
2026-01-16 19:48:05,210 - position: [ 0.51976019 -2.52209663 -0.00994521]
2026-01-16 19:48:05,441 - position: [ 0.51974308 -2.52210689 -0.00992918]
2026-01-16 19:48:05,656 - position: [ 0.51967078 -2.52208328 -0.00997421]
2026-01-16 19:48:05,903 - position: [ 0.51973343 -2.52202296 -0.00996951]
2026-01-16 19:48:06,127 - position: [ 0.51972693 -2.52205181 -0.01002556]
2026-01-16 19:48:06,385 - position: [ 0.51972169 -2.52203465 -0.01000959]
2026-01-16 19:48:06,608 - position: [ 0.51970237 -2.52200341 -0.00997862]
2026-01-16 19:48:06,828 - position: [ 0.51971304 -2.52202511 -0.00997344]
2026-01-16 19:48:07,077 - position: [ 0.51975226 -2.5220449  -0.0100002 ]
2026-01-16 19:48:07,313 - position: [ 0.51974481 -2.52206492 -0.00996051]
2026-01-16 19:48:07,585 - position: [ 0.51976705 -2.52205801 -0.00995163]
2026-01-16 19:48:07,805 - position: [ 0.51976705 -2.52205801 -0.00995163]
2026-01-16 19:48:08,072 - position: [ 0.51974654 -2.52200031 -0.00990341]
2026-01-16 19:48:08,341 - position: [ 0.5197525  -2.52204657 -0.00997595]
2026-01-16 19:48:08,581 - position: [ 0.51975715 -2.52202725 -0.00996828]
2026-01-16 19:48:08,826 - position: [ 0.51971877 -2.52203035 -0.00995702]
2026-01-16 19:48:09,058 - position: [ 0.51976156 -2.52203369 -0.00991282]
2026-01-16 19:48:09,264 - position: [ 0.51972276 -2.52205276 -0.00997352]
2026-01-16 19:48:09,564 - position: [ 0.5197165  -2.5220437  -0.00994771]
2026-01-16 19:48:09,820 - position: [ 0.5196932  -2.52201962 -0.00997747]
2026-01-16 19:48:10,049 - position: [ 0.51974362 -2.52204585 -0.00997452]
2026-01-16 19:48:10,313 - position: [ 0.51970947 -2.5220449  -0.00994033]
2026-01-16 19:48:10,540 - position: [ 0.51974666 -2.52204752 -0.009977  ]
2026-01-16 19:48:10,778 - position: [ 0.51974803 -2.52202344 -0.00994797]
2026-01-16 19:48:11,032 - position: [ 0.51974809 -2.52205324 -0.00995106]
2026-01-16 19:48:11,266 - position: [ 0.5197773  -2.52205539 -0.00993507]
2026-01-16 19:48:11,500 - position: [ 0.51973116 -2.52203703 -0.00995214]
2026-01-16 19:48:11,745 - position: [ 0.51972395 -2.52206349 -0.00991917]
2026-01-16 19:48:11,961 - position: [ 0.51972109 -2.52208114 -0.0099672 ]
2026-01-16 19:48:12,241 - position: [ 0.51971042 -2.52203393 -0.00996258]
2026-01-16 19:48:12,492 - position: [ 0.51968545 -2.52207065 -0.00994045]
2026-01-16 19:48:12,747 - position: [ 0.51968908 -2.52208757 -0.00995183]
2026-01-16 19:48:12,978 - position: [ 0.51971823 -2.52203441 -0.00990389]
2026-01-16 19:48:13,209 - position: [ 0.51973659 -2.52199054 -0.00989418]
2026-01-16 19:48:13,441 - position: [ 0.51970947 -2.52200961 -0.00988274]
2026-01-16 19:48:13,733 - position: [ 0.51971477 -2.52203846 -0.00992039]
2026-01-16 19:48:13,964 - position: [ 0.51973426 -2.5220015  -0.00994501]
2026-01-16 19:48:14,186 - position: [ 0.51972127 -2.52205253 -0.00995461]
2026-01-16 19:48:14,443 - position: [ 0.51971471 -2.52209353 -0.00991136]
2026-01-16 19:48:14,725 - position: [ 0.51973754 -2.52210283 -0.00992309]
2026-01-16 19:48:14,940 - position: [ 0.51969075 -2.52210355 -0.00993188]
2026-01-16 19:48:15,197 - position: [ 0.51972508 -2.52210164 -0.00991049]
2026-01-16 19:48:15,465 - position: [ 0.51967132 -2.52208114 -0.00993418]
2026-01-16 19:48:15,726 - position: [ 0.51971847 -2.52207065 -0.0099094 ]
2026-01-16 19:48:15,981 - position: [ 0.51974916 -2.52208447 -0.0099092 ]
2026-01-16 19:48:16,195 - position: [ 0.51970965 -2.52207494 -0.00988723]
2026-01-16 19:48:16,448 - position: [ 0.51969939 -2.52205896 -0.00987133]
2026-01-16 19:48:16,665 - position: [ 0.51969457 -2.52211571 -0.00987562]
2026-01-16 19:48:16,904 - position: [ 0.51969254 -2.52207804 -0.00987078]
2026-01-16 19:48:17,142 - position: [ 0.51971889 -2.52208519 -0.00989936]
2026-01-16 19:48:17,410 - position: [ 0.51971418 -2.52212954 -0.00987314]
2026-01-16 19:48:17,647 - position: [ 0.51968288 -2.52209091 -0.00986706]
2026-01-16 19:48:17,865 - position: [ 0.51969093 -2.52204585 -0.00987762]
2026-01-16 19:48:18,103 - position: [ 0.51968157 -2.52205276 -0.00990879]
2026-01-16 19:48:18,306 - position: [ 0.51969898 -2.52206898 -0.00984898]
2026-01-16 19:48:18,551 - position: [ 0.51972747 -2.52210522 -0.00984829]
2026-01-16 19:48:18,805 - position: [ 0.51971591 -2.52209544 -0.0098147 ]
2026-01-16 19:48:19,051 - position: [ 0.51975602 -2.52210498 -0.00983673]
2026-01-16 19:48:19,296 - position: [ 0.51967436 -2.52209735 -0.00984043]
2026-01-16 19:48:19,545 - position: [ 0.51964962 -2.52210951 -0.00977596]
2026-01-16 19:48:19,782 - position: [ 0.51965147 -2.52207065 -0.00984998]
2026-01-16 19:48:20,039 - position: [ 0.51972395 -2.52207541 -0.00983012]
2026-01-16 19:48:20,275 - position: [ 0.51967829 -2.52206039 -0.00985505]
2026-01-16 19:48:20,522 - position: [ 0.51969057 -2.52206707 -0.00982155]
2026-01-16 19:48:20,743 - position: [ 0.51970232 -2.522084   -0.0098856 ]
2026-01-16 19:48:20,960 - position: [ 0.51972556 -2.52209496 -0.00982729]
2026-01-16 19:48:21,178 - position: [ 0.51969087 -2.52208567 -0.00981261]
2026-01-16 19:48:21,412 - position: [ 0.51971424 -2.52205276 -0.00982502]
2026-01-16 19:48:21,658 - position: [ 0.51971191 -2.52208447 -0.00984536]
2026-01-16 19:48:21,876 - position: [ 0.51964778 -2.5220542  -0.00983268]
2026-01-16 19:48:22,141 - position: [ 0.51973605 -2.52206254 -0.00980909]
2026-01-16 19:48:22,356 - position: [ 0.5196979  -2.52204394 -0.0097699 ]
2026-01-16 19:48:22,582 - position: [ 0.51967645 -2.52207756 -0.00988615]
2026-01-16 19:48:22,908 - position: [ 0.51969057 -2.52205777 -0.00975199]
2026-01-16 19:48:23,114 - position: [ 0.51971811 -2.5220964  -0.00983654]
2026-01-16 19:48:23,345 - position: [ 0.51972002 -2.52207756 -0.00981808]
2026-01-16 19:48:23,607 - position: [ 0.51965362 -2.52204895 -0.00982288]
2026-01-16 19:48:23,844 - position: [ 0.51965362 -2.52204895 -0.00982288]
2026-01-16 19:48:24,074 - position: [ 0.51975375 -2.52204871 -0.00981354]
2026-01-16 19:48:24,303 - position: [ 0.51966947 -2.52210307 -0.00984287]
2026-01-16 19:48:24,551 - position: [ 0.51966041 -2.52208328 -0.00983105]
2026-01-16 19:48:24,764 - position: [ 0.51970023 -2.52207565 -0.00983389]
2026-01-16 19:48:25,004 - position: [ 0.51971    -2.52207971 -0.00980858]
2026-01-16 19:48:25,280 - position: [ 0.51972216 -2.52208424 -0.0098079 ]
2026-01-16 19:48:25,543 - position: [ 0.51969558 -2.52208042 -0.00980345]
2026-01-16 19:48:25,797 - position: [ 0.51969075 -2.52209449 -0.00980964]
2026-01-16 19:48:26,016 - position: [ 0.5197019  -2.52207732 -0.00982122]
2026-01-16 19:48:26,259 - position: [ 0.51971459 -2.52210975 -0.00974603]
2026-01-16 19:48:26,491 - position: [ 0.51969695 -2.52205515 -0.00973573]
2026-01-16 19:48:26,708 - position: [ 0.51971859 -2.52206373 -0.00978746]
2026-01-16 19:48:26,940 - position: [ 0.51973659 -2.5221014  -0.00978329]
2026-01-16 19:48:27,206 - position: [ 0.5196867  -2.52208376 -0.00977381]
2026-01-16 19:48:27,449 - position: [ 0.51966524 -2.52207327 -0.00979388]
2026-01-16 19:48:27,682 - position: [ 0.51968241 -2.52207685 -0.009821  ]
2026-01-16 19:48:27,996 - position: [ 0.51967359 -2.52208757 -0.00983749]
2026-01-16 19:48:28,221 - position: [ 0.519692   -2.52205968 -0.00981576]
2026-01-16 19:48:28,466 - position: [ 0.51969177 -2.52208924 -0.00981837]
2026-01-16 19:48:28,703 - position: [ 0.51972729 -2.52208304 -0.00976682]
2026-01-16 19:48:28,941 - position: [ 0.5197041  -2.52206254 -0.00975835]
2026-01-16 19:48:29,178 - position: [ 0.51966125 -2.52206492 -0.00983025]
2026-01-16 19:48:29,394 - position: [ 0.51967627 -2.52211261 -0.00978132]
2026-01-16 19:48:29,659 - position: [ 0.51962864 -2.5220747  -0.00984724]
2026-01-16 19:48:29,868 - position: [ 0.5196805  -2.52212262 -0.00977068]
2026-01-16 19:48:30,126 - position: [ 0.51973897 -2.52203441 -0.00974404]
2026-01-16 19:48:30,388 - position: [ 0.51962072 -2.52207351 -0.00981059]
2026-01-16 19:48:30,624 - position: [ 0.51967758 -2.52200413 -0.00976859]
2026-01-16 19:48:30,874 - position: [ 0.51971227 -2.52206445 -0.00981393]
2026-01-16 19:48:31,108 - position: [ 0.51965457 -2.52210426 -0.00984503]
2026-01-16 19:48:31,368 - position: [ 0.51968896 -2.52209234 -0.00977202]
2026-01-16 19:48:31,587 - position: [ 0.51963568 -2.52207565 -0.00977719]
2026-01-16 19:48:31,882 - position: [ 0.51963329 -2.5220089  -0.00975377]
2026-01-16 19:48:32,094 - position: [ 0.51959997 -2.52205968 -0.0098036 ]
2026-01-16 19:48:32,333 - position: [ 0.51962465 -2.52212548 -0.00981889]
2026-01-16 19:48:32,564 - position: [ 0.51962948 -2.52213717 -0.00983422]
2026-01-16 19:48:32,785 - position: [ 0.51966327 -2.52213454 -0.0098118 ]
2026-01-16 19:48:33,019 - position: [ 0.51966894 -2.5221324  -0.00973021]
2026-01-16 19:48:33,242 - position: [ 0.51965564 -2.52212191 -0.00973572]
2026-01-16 19:48:33,463 - position: [ 0.51965493 -2.52208471 -0.00978012]
2026-01-16 19:48:33,700 - position: [ 0.51964509 -2.52209711 -0.00976612]
2026-01-16 19:48:33,975 - position: [ 0.51967669 -2.52204204 -0.00975795]
2026-01-16 19:48:34,227 - position: [ 0.51968688 -2.52209473 -0.00974742]
2026-01-16 19:48:34,495 - position: [ 0.51961696 -2.52204156 -0.00993612]
2026-01-16 19:48:34,755 - position: [ 0.51964694 -2.52208447 -0.00975622]
2026-01-16 19:48:34,984 - position: [ 0.51967663 -2.52210402 -0.00972259]
2026-01-16 19:48:35,200 - position: [ 0.51966685 -2.52211618 -0.00970131]
2026-01-16 19:48:35,424 - position: [ 0.51970208 -2.52210021 -0.00974575]
2026-01-16 19:48:35,642 - position: [ 0.51963776 -2.52211452 -0.00981228]
2026-01-16 19:48:35,866 - position: [ 0.51973099 -2.52213812 -0.00973462]
2026-01-16 19:48:36,119 - position: [ 0.5196867  -2.52213478 -0.00982167]
2026-01-16 19:48:36,349 - position: [ 0.51967597 -2.52213192 -0.00975124]
2026-01-16 19:48:36,607 - position: [ 0.51963586 -2.52212143 -0.00976846]
2026-01-16 19:48:36,854 - position: [ 0.51960856 -2.52209353 -0.00979561]
2026-01-16 19:48:37,091 - position: [ 0.51972622 -2.52211428 -0.00987922]
2026-01-16 19:48:37,319 - position: [ 0.51970017 -2.52215862 -0.0097656 ]
2026-01-16 19:48:37,570 - position: [ 0.51971668 -2.52208066 -0.00991635]
2026-01-16 19:48:37,804 - position: [ 0.51968074 -2.52215743 -0.00975652]
2026-01-16 19:48:38,050 - position: [ 0.51964152 -2.52213287 -0.00979387]
2026-01-16 19:48:38,312 - position: [ 0.51966327 -2.52210259 -0.00982743]
2026-01-16 19:48:38,537 - position: [ 0.5196653  -2.52208281 -0.00979363]
2026-01-16 19:48:38,780 - position: [ 0.51968813 -2.52209663 -0.00976186]
2026-01-16 19:48:39,061 - position: [ 0.51964915 -2.52208185 -0.00978341]
2026-01-16 19:48:39,303 - position: [ 0.51961929 -2.52207232 -0.00979392]
2026-01-16 19:48:39,522 - position: [ 0.51964188 -2.52211499 -0.00975787]
2026-01-16 19:48:39,754 - position: [ 0.51970243 -2.52209139 -0.00968319]
2026-01-16 19:48:40,006 - position: [ 0.51982909 -2.52215385 -0.00985536]
2026-01-16 19:48:40,232 - position: [ 0.51973289 -2.52213264 -0.00985434]
2026-01-16 19:48:40,466 - position: [ 0.51967293 -2.52210236 -0.00980994]
2026-01-16 19:48:40,705 - position: [ 0.51972824 -2.52212644 -0.00973042]
2026-01-16 19:48:40,971 - position: [ 0.51971203 -2.52211428 -0.00994807]
2026-01-16 19:48:41,224 - position: [ 0.51966137 -2.52216268 -0.00977666]
2026-01-16 19:48:41,459 - position: [ 0.51966143 -2.52213287 -0.00978271]
2026-01-16 19:48:41,728 - position: [ 0.51969302 -2.52209735 -0.00991028]
2026-01-16 19:48:41,974 - position: [ 0.51966226 -2.52210283 -0.00991944]
2026-01-16 19:48:42,214 - position: [ 0.51961774 -2.52205801 -0.00977737]
2026-01-16 19:48:42,469 - position: [ 0.51963139 -2.52208591 -0.00979596]
2026-01-16 19:48:42,697 - position: [ 0.51964474 -2.52211237 -0.0098005 ]
2026-01-16 19:48:42,941 - position: [ 0.51965767 -2.52212358 -0.00978319]
2026-01-16 19:48:43,167 - position: [ 0.51967341 -2.52206731 -0.00994018]
2026-01-16 19:48:43,384 - position: [ 0.51967764 -2.52210641 -0.00976659]
2026-01-16 19:48:43,644 - position: [ 0.51966608 -2.52209091 -0.00993343]
2026-01-16 19:48:43,863 - position: [ 0.51969004 -2.52208233 -0.00993024]
2026-01-16 19:48:44,087 - position: [ 0.51966769 -2.52210975 -0.00982087]
2026-01-16 19:48:44,343 - position: [ 0.51967347 -2.5220623  -0.00985467]
2026-01-16 19:48:44,577 - position: [ 0.51969469 -2.52209663 -0.00986958]
2026-01-16 19:48:44,828 - position: [ 0.5196932  -2.52212858 -0.00991832]
2026-01-16 19:48:45,110 - position: [ 0.51967037 -2.52213144 -0.00994833]
2026-01-16 19:48:45,383 - position: [ 0.51962429 -2.52208185 -0.00993088]
2026-01-16 19:48:45,659 - position: [ 0.51959825 -2.52211332 -0.00983319]
2026-01-16 19:48:45,896 - position: [ 0.51969892 -2.52208519 -0.00989435]
2026-01-16 19:48:46,186 - position: [ 0.51968175 -2.52208686 -0.00992006]
2026-01-16 19:48:46,437 - position: [ 0.5196026  -2.52206469 -0.00997403]
2026-01-16 19:48:46,695 - position: [ 0.519674   -2.52211595 -0.00996076]
2026-01-16 19:48:46,955 - position: [ 0.51972806 -2.52213454 -0.00979077]
2026-01-16 19:48:47,250 - position: [ 0.51962906 -2.52214861 -0.00976913]
2026-01-16 19:48:47,489 - position: [ 0.51967633 -2.52216434 -0.00982076]
2026-01-16 19:48:47,713 - position: [ 0.51967132 -2.52212667 -0.0097635 ]
2026-01-16 19:48:47,946 - position: [ 0.5195896  -2.52210593 -0.00978357]
2026-01-16 19:48:48,151 - position: [ 0.51968259 -2.52214193 -0.00975862]
2026-01-16 19:48:48,397 - position: [ 0.51960963 -2.52211905 -0.00983731]
2026-01-16 19:48:48,624 - position: [ 0.51969403 -2.52208042 -0.00991241]
2026-01-16 19:48:48,838 - position: [ 0.51964664 -2.52209044 -0.00994651]
2026-01-16 19:48:49,059 - position: [ 0.519638   -2.52209949 -0.00998904]
2026-01-16 19:48:49,263 - position: [ 0.51966304 -2.52211499 -0.00994719]
2026-01-16 19:48:49,481 - position: [ 0.51962614 -2.52214956 -0.00982046]
2026-01-16 19:48:49,723 - position: [ 0.51966089 -2.52213597 -0.00988131]
2026-01-16 19:48:49,928 - position: [ 0.51972562 -2.52208924 -0.00986195]
2026-01-16 19:48:50,162 - position: [ 0.51960212 -2.52212429 -0.00980694]
2026-01-16 19:48:50,411 - position: [ 0.51965308 -2.52213001 -0.00977644]
2026-01-16 19:48:50,656 - position: [ 0.51965457 -2.52213144 -0.00980099]
2026-01-16 19:48:50,895 - position: [ 0.51968139 -2.52207088 -0.00993804]
2026-01-16 19:48:51,137 - position: [ 0.51973981 -2.52210021 -0.00990654]
2026-01-16 19:48:51,524 - position: [ 0.51969099 -2.52214432 -0.00978983]
2026-01-16 19:48:51,768 - position: [ 0.51967502 -2.52216244 -0.00978066]
2026-01-16 19:48:51,990 - position: [ 0.5196659  -2.52211308 -0.00980999]
2026-01-16 19:48:52,199 - position: [ 0.5197109  -2.52217865 -0.00976885]
2026-01-16 19:48:52,415 - position: [ 0.51963639 -2.52213049 -0.00978696]
2026-01-16 19:48:52,656 - position: [ 0.5196808  -2.52214789 -0.00975578]
2026-01-16 19:48:52,863 - position: [ 0.51959997 -2.52216458 -0.0098093 ]
2026-01-16 19:48:53,158 - position: [ 0.5196436  -2.52214241 -0.00977131]
2026-01-16 19:48:53,382 - position: [ 0.51963574 -2.52212238 -0.00977968]
2026-01-16 19:48:53,606 - position: [ 0.51964003 -2.52213025 -0.00980904]
2026-01-16 19:48:53,865 - position: [ 0.51967949 -2.52214336 -0.00976581]
2026-01-16 19:48:54,087 - position: [ 0.51961809 -2.522017   -0.00975779]
2026-01-16 19:48:54,314 - position: [ 0.51972783 -2.52214408 -0.00975575]
2026-01-16 19:48:54,522 - position: [ 0.51974785 -2.52216578 -0.00977702]
2026-01-16 19:48:54,748 - position: [ 0.51965618 -2.52209401 -0.00973844]
2026-01-16 19:48:54,972 - position: [ 0.51966834 -2.52207232 -0.00973888]
2026-01-16 19:48:55,186 - position: [ 0.51966834 -2.52207232 -0.00973888]
2026-01-16 19:48:55,427 - position: [ 0.5196448  -2.5220232  -0.00979362]
2026-01-16 19:48:55,643 - position: [ 0.51966906 -2.52208114 -0.00979619]
2026-01-16 19:48:55,863 - position: [ 0.51962972 -2.52208972 -0.00981695]
2026-01-16 19:48:56,084 - position: [ 0.51961941 -2.52219987 -0.00974918]
2026-01-16 19:48:56,490 - position: [ 0.51962918 -2.52205873 -0.00975378]
2026-01-16 19:48:56,730 - position: [ 0.51962763 -2.52206635 -0.00972799]
2026-01-16 19:48:56,937 - position: [ 0.51960152 -2.5220685  -0.00978074]
2026-01-16 19:48:57,179 - position: [ 0.51960152 -2.5220685  -0.00978074]
2026-01-16 19:48:57,419 - position: [ 0.51969409 -2.52211237 -0.00986079]
2026-01-16 19:48:57,640 - position: [ 0.51964372 -2.52212381 -0.00974375]
2026-01-16 19:48:57,856 - position: [ 0.51964372 -2.52212381 -0.00974375]
2026-01-16 19:48:58,112 - position: [ 0.51966357 -2.52208614 -0.00974006]
2026-01-16 19:48:58,330 - position: [ 0.5196802  -2.52210307 -0.00976637]
2026-01-16 19:48:58,581 - position: [ 0.51960582 -2.52208233 -0.00975277]
2026-01-16 19:48:58,802 - position: [ 0.5197472  -2.52206492 -0.00987738]
2026-01-16 19:48:59,072 - position: [ 0.519638   -2.52205634 -0.00981903]
2026-01-16 19:48:59,372 - position: [ 0.51963693 -2.52210116 -0.00976437]
2026-01-16 19:48:59,665 - position: [ 0.51968127 -2.52203918 -0.009883  ]
2026-01-16 19:48:59,908 - position: [ 0.51965815 -2.52202511 -0.00988193]
2026-01-16 19:49:00,144 - position: [ 0.51961166 -2.52209878 -0.00977116]
2026-01-16 19:49:00,407 - position: [ 0.51963198 -2.52211714 -0.00978674]
2026-01-16 19:49:00,720 - position: [ 0.51974142 -2.52203393 -0.00984012]
2026-01-16 19:49:00,944 - position: [ 0.51967549 -2.5220592  -0.00983882]
2026-01-16 19:49:01,269 - position: [ 0.51982135 -2.5219233  -0.010124  ]
2026-01-16 19:49:01,515 - position: [ 0.51973736 -2.52195287 -0.00984109]
2026-01-16 19:49:01,785 - position: [ 0.51985651 -2.52194357 -0.01014886]
2026-01-16 19:49:02,061 - position: [ 0.51986462 -2.5219214  -0.01010152]
2026-01-16 19:49:02,300 - position: [ 0.51979071 -2.52190018 -0.01018442]
2026-01-16 19:49:02,555 - position: [ 0.51987195 -2.52187252 -0.01010836]
2026-01-16 19:49:02,822 - position: [ 0.51967072 -2.52202749 -0.0098457 ]
2026-01-16 19:49:03,036 - position: [ 0.51971006 -2.5220809  -0.00956441]
2026-01-16 19:49:03,283 - position: [ 0.51980793 -2.52193522 -0.01012004]
2026-01-16 19:49:03,526 - position: [ 0.51981479 -2.52192307 -0.01012109]
2026-01-16 19:49:03,766 - position: [ 0.51985425 -2.52192044 -0.01011144]
2026-01-16 19:49:04,017 - position: [ 0.51968294 -2.52204347 -0.00984734]
2026-01-16 19:49:04,251 - position: [ 0.51982969 -2.52191305 -0.0101046 ]
2026-01-16 19:49:04,482 - position: [ 0.51973552 -2.52203918 -0.00982609]
2026-01-16 19:49:04,706 - position: [ 0.51972705 -2.5220902  -0.0095289 ]
2026-01-16 19:49:04,922 - position: [ 0.51971912 -2.52204156 -0.00979702]
2026-01-16 19:49:05,152 - position: [ 0.51982802 -2.52192402 -0.01010557]
2026-01-16 19:49:05,360 - position: [ 0.5197053  -2.52207971 -0.00952466]
2026-01-16 19:49:05,563 - position: [ 0.51970381 -2.52211666 -0.00953174]
2026-01-16 19:49:05,765 - position: [ 0.51967388 -2.52208281 -0.00951456]
2026-01-16 19:49:05,968 - position: [ 0.51969689 -2.52209258 -0.00949939]
2026-01-16 19:49:06,169 - position: [ 0.51968706 -2.52210426 -0.00948768]
2026-01-16 19:49:06,370 - position: [ 0.51982552 -2.52192187 -0.01012794]
2026-01-16 19:49:06,573 - position: [ 0.51970506 -2.52210045 -0.0094915 ]
2026-01-16 19:49:06,774 - position: [ 0.51968282 -2.52210402 -0.00953602]
2026-01-16 19:49:06,975 - position: [ 0.51969236 -2.52209878 -0.00950694]
2026-01-16 19:49:07,176 - position: [ 0.51971149 -2.52207232 -0.00952441]
2026-01-16 19:49:07,376 - position: [ 0.51967305 -2.52211213 -0.00950964]
2026-01-16 19:49:07,577 - position: [ 0.51971525 -2.52202177 -0.00980603]
2026-01-16 19:49:07,778 - position: [ 0.51968449 -2.52209187 -0.00950004]
