2024-08-06 19:05:17,048 - victim 1 button clicked
2024-08-06 19:05:43,046 - 3 button clicked
2024-08-06 19:05:48,933 - survivor button clicked
2024-08-06 19:06:05,970 - victim 2 button clicked
2024-08-06 19:06:09,552 - 2 button clicked
2024-08-06 19:06:34,741 - victim 3 button clicked
2024-08-06 19:06:40,530 - 1 button clicked
2024-08-06 19:06:50,210 - Return PRV button clicked
2024-08-06 19:20:01,178 - find survivor button clicked
2024-08-06 19:20:47,587 - victim 1 button clicked
2024-08-06 19:20:57,067 - victim 2 button clicked
2024-08-06 19:21:09,185 - victim 3 button clicked
2024-08-06 19:21:24,101 - Return PRV button clicked
2024-08-06 19:32:18,211 - survivor button clicked
2024-08-06 19:32:35,551 - find survivor button clicked
2024-08-06 19:32:39,607 - survivor button clicked
2024-08-06 19:37:28,548 - survivor button clicked
2024-08-06 19:37:37,146 - find survivor button clicked
2024-08-06 19:38:21,437 - survivor button clicked
2024-08-06 19:38:39,738 - 1 button clicked
2024-08-06 19:38:55,579 - survivor button clicked
2024-08-06 19:39:22,617 - victim 3 button clicked
2024-08-06 19:39:45,156 - Return PRV button clicked
2024-08-06 19:44:57,817 - survivor button clicked
2024-08-06 19:45:02,237 - fire button clicked
2024-08-06 19:45:05,076 - hazardous materials button clicked
2024-08-06 19:45:09,564 - survivor button clicked
2024-08-06 19:50:06,167 - survivor button clicked
2024-08-06 19:50:11,399 - find survivor button clicked
2024-08-06 19:50:52,738 - victim 1 button clicked
2024-08-06 19:51:02,938 - 3 button clicked
2024-08-06 19:51:21,845 - 2 button clicked
2024-08-06 19:51:24,249 - victim 2 button clicked
2024-08-06 19:52:13,649 - 1 button clicked
2024-08-06 19:52:14,974 - victim 3 button clicked
2024-08-06 19:52:23,717 - Return PRV button clicked
2024-08-06 19:54:40,406 - survivor button clicked
2024-08-06 19:54:42,374 - find survivor button clicked
2024-08-06 19:55:26,009 - 3 button clicked
2024-08-06 19:55:30,978 - victim 1 button clicked
2024-08-06 19:55:37,788 - 2 button clicked
2024-08-06 19:55:39,829 - victim 2 button clicked
2024-08-06 19:55:51,105 - 1 button clicked
2024-08-06 19:55:53,635 - victim 3 button clicked
2024-08-06 19:56:02,456 - Return PRV button clicked
2024-08-06 19:58:18,360 - survivor button clicked
2024-08-06 19:58:21,002 - find survivor button clicked
2024-08-06 19:59:01,509 - 3 button clicked
2024-08-06 19:59:04,559 - survivor button clicked
2024-08-06 19:59:36,045 - victim 3 button clicked
2024-08-06 19:59:47,690 - Return PRV button clicked
2024-08-06 20:06:57,155 - find survivor button clicked
2024-08-06 20:07:29,891 - Return PRV button clicked
2024-08-07 15:34:56,450 - survivor button clicked
2024-08-07 15:32:46,042 - no display button clicked
