2024-08-12 12:13:44,103 - takeoff,none,[0. 0. 0.],[1.62099516 3.6553452  1.58933985],2.9874544320646415
2024-08-12 12:13:44,341 - takeoff,none,[0. 0. 0.],[1.62157571 3.65594769 1.59193349],2.982311349162287
2024-08-12 12:13:44,541 - takeoff,none,[0. 0. 0.],[1.62046707 3.65546298 1.59229326],2.9662709054473764
2024-08-12 12:13:44,752 - takeoff,none,[0. 0. 0.],[1.62078524 3.65487623 1.59339547],2.9732670979722937
2024-08-12 12:13:44,953 - takeoff,none,[0. 0. 0.],[1.6198442  3.65310454 1.60095835],2.99793795138367
2024-08-12 12:13:45,161 - takeoff,none,[0. 0. 0.],[1.61638486 3.65170145 1.62140059],3.010542012057641
2024-08-12 12:13:45,376 - takeoff,none,[0. 0. 0.],[1.61187673 3.64943075 1.63740587],3.022058010616098
2024-08-12 12:13:45,596 - takeoff,none,[0. 0. 0.],[1.60966039 3.64843917 1.65188205],3.043259173111685
2024-08-12 12:13:45,824 - takeoff,none,[0. 0. 0.],[1.60695279 3.64872265 1.66676116],3.0559793024704156
2024-08-12 12:13:46,033 - takeoff,none,[0. 0. 0.],[1.60552526 3.6505723  1.68101037],3.0650991694759213
2024-08-12 12:13:46,247 - takeoff,none,[0. 0. 0.],[1.6051563  3.65134478 1.69370651],3.0789261763877924
2024-08-12 12:13:46,461 - takeoff,none,[0. 0. 0.],[1.60559618 3.65261292 1.7008189 ],3.0752849774663717
2024-08-12 12:13:46,737 - takeoff,none,[0. 0. 0.],[1.60481465 3.654881   1.70889068],3.0689040444145905
2024-08-12 12:13:46,940 - takeoff,none,[0. 0. 0.],[1.60488081 3.65508223 1.71843743],3.091861649376647
2024-08-12 12:13:47,145 - takeoff,none,[0. 0. 0.],[1.60443318 3.65487242 1.72669959],3.0889135459904242
2024-08-12 12:13:47,360 - takeoff,none,[0. 0. 0.],[1.60423005 3.65592861 1.73885059],3.0971513085952127
2024-08-12 12:13:47,568 - takeoff,none,[0. 0. 0.],[1.60395718 3.6571393  1.74841118],3.0857861371118696
2024-08-12 12:13:47,784 - takeoff,none,[0. 0. 0.],[1.6031754  3.65526128 1.75757802],3.100312660288078
2024-08-12 12:13:47,986 - takeoff,none,[0. 0. 0.],[1.60105669 3.6537466  1.76144361],3.0893049112523085
2024-08-12 12:13:48,188 - takeoff,none,[0. 0. 0.],[1.60184884 3.65257597 1.77055669],3.0954014668070626
2024-08-12 12:13:48,397 - takeoff,none,[0. 0. 0.],[1.6003648  3.65200353 1.775365  ],3.096640831084298
2024-08-12 12:13:48,600 - takeoff,none,[0. 0. 0.],[1.59896004 3.65247583 1.78159249],3.0979823442259633
2024-08-12 12:13:48,825 - takeoff,none,[0. 0. 0.],[1.60176349 3.65314317 1.79157865],3.096139511105746
2024-08-12 12:13:49,043 - takeoff,none,[0. 0. 0.],[1.60151088 3.65283656 1.794752  ],3.0990812968604504
2024-08-12 12:13:49,244 - takeoff,none,[0. 0. 0.],[1.60220635 3.65297031 1.8018986 ],3.097626956118296
2024-08-12 12:13:49,444 - takeoff,none,[0. 0. 0.],[1.60199893 3.65173101 1.80448472],3.0999614260141737
2024-08-12 12:13:49,687 - takeoff,none,[0. 0. 0.],[1.60315788 3.65182757 1.81571329],3.106704923710945
2024-08-12 12:13:49,888 - takeoff,none,[0. 0. 0.],[1.60240722 3.6526463  1.82035196],3.0963324094239795
2024-08-12 12:13:50,128 - takeoff,none,[0. 0. 0.],[1.60119915 3.65080166 1.82883477],3.108189016807772
2024-08-12 12:13:50,368 - takeoff,none,[0. 0. 0.],[1.60029924 3.64864087 1.83733046],3.1154150032706927
2024-08-12 12:13:50,569 - takeoff,none,[0. 0. 0.],[1.60108197 3.64785051 1.84181619],3.110238286093601
2024-08-12 12:13:50,799 - takeoff,none,[0. 0. 0.],[1.5978024  3.64391613 1.84208822],3.1012660696979535
2024-08-12 12:13:50,999 - takeoff,none,[0. 0. 0.],[1.59852827 3.64262867 1.84585047],3.106645805417058
2024-08-12 12:13:51,200 - takeoff,none,[0. 0. 0.],[1.59945619 3.64151311 1.85030961],3.1106762084380755
2024-08-12 12:13:51,419 - takeoff,none,[0. 0. 0.],[1.6005919  3.64150786 1.8533237 ],3.1096066338325317
2024-08-12 12:13:51,637 - takeoff,none,[0. 0. 0.],[1.60106683 3.64257526 1.85380554],3.1026097420350824
2024-08-12 12:13:51,853 - takeoff,none,[0. 0. 0.],[1.60076153 3.64419746 1.85655689],3.099143484471978
2024-08-12 12:13:52,080 - takeoff,none,[0. 0. 0.],[1.6015861  3.64427495 1.85863423],3.1035111637500723
2024-08-12 12:13:52,315 - takeoff,none,[0. 0. 0.],[1.60134089 3.64440632 1.86068094],3.1007115883131875
2024-08-12 12:13:52,542 - takeoff,none,[0. 0. 0.],[1.60302317 3.64234567 1.86685514],3.115497705921248
2024-08-12 12:13:52,749 - takeoff,none,[0. 0. 0.],[1.60225725 3.63931704 1.86946011],3.117479659670744
2024-08-12 12:13:52,960 - takeoff,none,[0. 0. 0.],[1.60185361 3.63844919 1.87356007],3.1191091596869667
2024-08-12 12:13:53,195 - takeoff,none,[0. 0. 0.],[1.60095227 3.63638878 1.8762629 ],3.116627009923584
2024-08-12 12:13:53,397 - takeoff,none,[0. 0. 0.],[1.60117519 3.63678432 1.8821404 ],3.121830950429881
2024-08-12 12:13:53,606 - takeoff,none,[0. 0. 0.],[1.59988117 3.63465548 1.88105845],3.113667643237715
2024-08-12 12:13:53,829 - takeoff,none,[0. 0. 0.],[1.59850919 3.63306761 1.8815254 ],3.111760239628139
2024-08-12 12:13:54,035 - takeoff,none,[0. 0. 0.],[1.59924304 3.6313796  1.88368917],3.127056634899132
2024-08-12 12:13:54,250 - takeoff,none,[0. 0. 0.],[1.59870434 3.62914944 1.88410437],3.1237953776184217
2024-08-12 12:13:54,459 - takeoff,none,[0. 0. 0.],[1.59921229 3.62761259 1.88804913],3.1199426517316704
2024-08-12 12:13:54,660 - takeoff,none,[0. 0. 0.],[1.60017765 3.62776446 1.89511943],3.1190870375808433
2024-08-12 12:13:54,861 - takeoff,none,[0. 0. 0.],[1.59851015 3.6258719  1.89353371],3.111579698588917
2024-08-12 12:13:55,070 - takeoff,none,[0. 0. 0.],[1.5996269  3.62546515 1.89789724],3.122141059573129
2024-08-12 12:13:55,273 - takeoff,none,[0. 0. 0.],[1.60002768 3.62507439 1.89924407],3.121707471447026
2024-08-12 12:13:55,474 - takeoff,none,[0. 0. 0.],[1.59910905 3.62395811 1.89908516],3.1156730641112373
2024-08-12 12:13:55,674 - go to position WP1,none,[0. 0. 0.],[1.59927201 3.62282801 1.89986646],3.115858479613266
2024-08-12 12:13:55,877 - go to position WP1,none,[0. 0. 0.],[1.58646059 3.60976934 1.93244946],-2.898090075166267
2024-08-12 12:13:56,092 - go to position WP1,none,[0. 0. 0.],[1.54328716 3.55620289 2.04420352],-2.577045318929156
2024-08-12 12:13:56,301 - go to position WP1,none,[0. 0. 0.],[1.48329926 3.45536256 2.22192168],-2.2635860695856547
2024-08-12 12:13:56,506 - go to position WP1,none,[0. 0. 0.],[1.42800021 3.3269608  2.3886857 ],-2.05359422333723
2024-08-12 12:13:56,725 - go to position WP1,none,[0. 0. 0.],[1.36701715 3.15258169 2.52958179],-1.9279326414500968
2024-08-12 12:13:56,929 - go to position WP1,none,[0. 0. 0.],[1.31454504 2.99322295 2.62825155],-1.865854530276514
2024-08-12 12:13:57,194 - go to position WP1,none,[0. 0. 0.],[1.19590938 2.65610647 2.80179214],-1.7979996451264117
2024-08-12 12:13:57,396 - go to position WP1,none,[0. 0. 0.],[1.10427964 2.42579293 2.90207195],-1.7706837445055177
2024-08-12 12:13:57,605 - go to position WP1,none,[0. 0. 0.],[0.99081123 2.17964911 3.0107708 ],-1.744796595468788
2024-08-12 12:13:57,805 - go to position WP1,none,[0. 0. 0.],[0.90757573 2.03093815 3.10038662],-1.7282128379063373
2024-08-12 12:13:58,011 - go to position WP1,none,[0. 0. 0.],[0.84667152 1.94146514 3.20634007],-1.707346714061818
2024-08-12 12:13:58,227 - go to position WP1,none,[0. 0. 0.],[0.81293184 1.86697924 3.29250026],-1.6873406574633698
2024-08-12 12:13:58,433 - go to position WP1,none,[0. 0. 0.],[0.77217877 1.7349745  3.37726665],-1.672414721731995
2024-08-12 12:13:58,642 - go to position WP1,none,[0. 0. 0.],[0.72205532 1.57108235 3.44556689],-1.6590152224954267
2024-08-12 12:13:58,846 - go to position WP1,none,[0. 0. 0.],[0.66054052 1.39361155 3.5254488 ],-1.662617619053849
2024-08-12 12:13:59,046 - go to position WP1,none,[0. 0. 0.],[0.6140669  1.30013514 3.58751535],-1.6507919408188538
2024-08-12 12:13:59,277 - go to position WP1,none,[0. 0. 0.],[0.56677032 1.25172758 3.66842365],-1.6412721702850401
2024-08-12 12:13:59,487 - go to position WP1,none,[0. 0. 0.],[0.53857082 1.21571553 3.7237463 ],-1.6350510059352548
2024-08-12 12:13:59,704 - go to position WP1,none,[0. 0. 0.],[0.5031845  1.11249995 3.78873897],-1.6220045748326104
2024-08-12 12:13:59,910 - go to position WP1,none,[0. 0. 0.],[0.47485793 0.9844293  3.84241533],-1.6126069309125617
2024-08-12 12:14:00,115 - go to position WP1,none,[0. 0. 0.],[0.4470551  0.8782987  3.89049077],-1.6047086280128742
2024-08-12 12:14:00,318 - go to position WP1,none,[0. 0. 0.],[0.41983736 0.83264846 3.9337852 ],-1.602555600623397
2024-08-12 12:14:00,522 - go to position WP1,none,[0. 0. 0.],[0.39298442 0.82361406 3.98316646],-1.611893310635999
2024-08-12 12:14:00,742 - go to position WP1,none,[0. 0. 0.],[0.36523923 0.78688931 4.03124428],-1.605870721255692
2024-08-12 12:14:00,978 - go to position WP1,none,[0. 0. 0.],[0.33952326 0.69055682 4.08126163],-1.6017984271502872
2024-08-12 12:14:01,207 - go to position WP1,none,[0. 0. 0.],[0.32218248 0.60076725 4.12335205],-1.5986181714862777
2024-08-12 12:14:01,429 - go to position WP1,none,[0. 0. 0.],[0.30388245 0.55716574 4.16416407],-1.5985843556742685
2024-08-12 12:14:01,661 - go to position WP1,none,[0. 0. 0.],[0.28226721 0.55600446 4.20116329],-1.600109646510651
2024-08-12 12:14:01,864 - go to position WP1,none,[0. 0. 0.],[0.26379558 0.54719329 4.23139668],-1.5985614416608538
2024-08-12 12:14:02,080 - go to position WP1,none,[0. 0. 0.],[0.24716309 0.51168042 4.260849  ],-1.5986680585728283
2024-08-12 12:14:02,286 - go to position WP1,none,[0. 0. 0.],[0.23313852 0.45468453 4.28935242],-1.5983223556124049
2024-08-12 12:14:02,569 - go to position WP1,none,[0. 0. 0.],[0.21525553 0.38296092 4.33676529],-1.5971042864817875
2024-08-12 12:14:02,779 - go to position WP1,none,[0. 0. 0.],[0.20503964 0.37048686 4.35973883],-1.5944631711909674
2024-08-12 12:14:02,983 - go to position WP1,none,[0. 0. 0.],[0.18964599 0.36203054 4.39389801],-1.6039449687142753
2024-08-12 12:14:03,208 - go to position WP1,none,[0. 0. 0.],[0.17849506 0.34897274 4.42204571],-1.6057265175654027
2024-08-12 12:14:03,418 - go to position WP1,none,[0. 0. 0.],[0.16979186 0.32341725 4.45017529],-1.6093496495792001
2024-08-12 12:14:03,630 - go to position WP1,none,[0. 0. 0.],[0.1632905  0.29420087 4.47258568],-1.6051188060944668
2024-08-12 12:14:03,858 - go to position WP1,none,[0. 0. 0.],[0.15566118 0.26381576 4.49536657],-1.5963744751501228
2024-08-12 12:14:04,071 - go to position WP1,none,[0. 0. 0.],[0.14702457 0.2398819  4.51486111],-1.6044381607455218
2024-08-12 12:14:04,280 - go to position WP1,none,[0. 0. 0.],[0.14040074 0.22320153 4.53332329],-1.5996070781909015
2024-08-12 12:14:04,504 - go to position WP1,none,[0. 0. 0.],[0.13473339 0.20902649 4.54976559],-1.596117936397226
2024-08-12 12:14:04,706 - go to position WP1,none,[0. 0. 0.],[0.12995209 0.19788818 4.56664371],-1.603157504915476
2024-08-12 12:14:04,944 - go to position WP1,none,[0. 0. 0.],[0.12607156 0.18625177 4.5854187 ],-1.6050720281722874
2024-08-12 12:14:05,154 - go to position WP1,none,[0. 0. 0.],[0.12025572 0.17747419 4.59961987],-1.60381392404563
2024-08-12 12:14:05,374 - go to position WP1,none,[0. 0. 0.],[0.11309181 0.16600844 4.61796999],-1.5973225565073257
2024-08-12 12:14:05,577 - go to position WP1,none,[0. 0. 0.],[0.10648181 0.15759157 4.63269806],-1.5975998769216897
2024-08-12 12:14:05,778 - go to position WP1,none,[0. 0. 0.],[0.1006186  0.15083759 4.64561844],-1.6067996687834931
2024-08-12 12:14:05,984 - go to position WP1,none,[0. 0. 0.],[0.09756328 0.14264585 4.6601305 ],-1.5949634721201535
2024-08-12 12:14:06,185 - go to position WP1,none,[0. 0. 0.],[0.09499738 0.13835895 4.67443705],-1.598342500180955
2024-08-12 12:14:06,390 - go to position WP1,none,[0. 0. 0.],[0.0939446  0.13038279 4.68772459],-1.599150400159239
2024-08-12 12:14:06,602 - go to position WP1,none,[0. 0. 0.],[0.09286575 0.12208868 4.7013545 ],-1.5982108021517156
2024-08-12 12:14:06,812 - go to position WP1,none,[0. 0. 0.],[0.09048079 0.11485265 4.71405363],-1.5968668402080848
2024-08-12 12:14:07,012 - go to position WP1,none,[0. 0. 0.],[0.08625209 0.11031121 4.72347546],-1.6021495299426256
2024-08-12 12:14:07,221 - go to position WP1,none,[0. 0. 0.],[0.08127501 0.10496078 4.73073292],-1.6012515369908762
2024-08-12 12:14:07,421 - go to position WP1,none,[0. 0. 0.],[0.07764325 0.10136998 4.73511314],-1.5986061148244985
2024-08-12 12:14:07,623 - go to position WP1,none,[0. 0. 0.],[0.07306798 0.09579732 4.74177837],-1.5935932856132382
2024-08-12 12:14:07,824 - go to position WP1,none,[0. 0. 0.],[0.07091173 0.09217749 4.74714994],-1.5943622504176247
2024-08-12 12:14:08,024 - go to position WP1,none,[0. 0. 0.],[0.06979293 0.08859137 4.7541647 ],-1.6016738653156057
2024-08-12 12:14:08,233 - go to position WP1,none,[0. 0. 0.],[0.06937274 0.08356776 4.76269865],-1.6046304163094547
2024-08-12 12:14:08,452 - go to position WP1,none,[0. 0. 0.],[0.06863993 0.07760169 4.77003717],-1.6019171750458803
2024-08-12 12:14:08,669 - go to position WP1,none,[0. 0. 0.],[0.06768745 0.0701614  4.77764177],-1.5952774154587264
2024-08-12 12:14:08,870 - go to position WP1,none,[0. 0. 0.],[0.06653897 0.06638937 4.78073215],-1.5988776466900871
2024-08-12 12:14:09,106 - go to position WP1,none,[0. 0. 0.],[0.06549788 0.0588678  4.78669262],-1.5990423610580962
2024-08-12 12:14:09,329 - go to position WP1,none,[0. 0. 0.],[0.0646955  0.05375266 4.79361296],-1.6006241910737469
2024-08-12 12:14:09,592 - go to position WP1,none,[0. 0. 0.],[0.0627478  0.04696487 4.80102921],-1.5973933519651524
2024-08-12 12:14:09,792 - go to position WP1,none,[0. 0. 0.],[0.06057482 0.04397123 4.80541801],-1.6016444709285995
2024-08-12 12:14:09,992 - go to position WP1,none,[0. 0. 0.],[0.0587537  0.04068727 4.80992842],-1.597801028812495
2024-08-12 12:14:10,194 - go to position WP1,none,[0. 0. 0.],[0.05761205 0.03872298 4.81341076],-1.5976568795745978
2024-08-12 12:14:10,396 - go to position WP2,none,[0. 0. 0.],[0.05628592 0.03945817 4.81690645],-1.600078699768491
2024-08-12 12:14:10,623 - go to position WP2,none,[0. 0. 0.],[0.05686676 0.03889173 4.82089758],-1.5948613501949733
2024-08-12 12:14:10,836 - go to position WP2,none,[0. 0. 0.],[0.05876262 0.04125845 4.82173395],-1.5988734846533061
2024-08-12 12:14:11,037 - go to position WP2,none,[0. 0. 0.],[0.06054006 0.04457988 4.82130241],-1.5993905998242468
2024-08-12 12:14:11,274 - go to position WP2,none,[0. 0. 0.],[0.06129248 0.04685395 4.82128239],-1.5996572679438978
2024-08-12 12:14:11,586 - go to position WP2,none,[0. 0. 0.],[0.06166857 0.05203421 4.82303715],-1.5984435783009339
2024-08-12 12:14:11,797 - go to position WP2,none,[0. 0. 0.],[0.05835669 0.05471881 4.82420874],-1.596619279595819
2024-08-12 12:14:11,998 - go to position WP2,none,[0. 0. 0.],[0.0560829  0.05675066 4.82588816],-1.603060357384276
2024-08-12 12:14:12,223 - go to position WP2,none,[0. 0. 0.],[0.05368606 0.05897743 4.83220196],-1.5953046178304895
2024-08-12 12:14:12,429 - go to position WP2,none,[0. 0. 0.],[0.05000426 0.06251156 4.84175062],-1.5925163726794498
2024-08-12 12:14:12,633 - go to position WP2,none,[0. 0. 0.],[0.0459723  0.06797039 4.85185719],-1.6017536889739734
2024-08-12 12:14:12,833 - go to position WP2,none,[0. 0. 0.],[0.04343092 0.07019933 4.86495543],-1.5997571255640226
2024-08-12 12:14:13,039 - go to position WP2,none,[0. 0. 0.],[0.04181134 0.07183465 4.87735462],-1.5972336088996055
2024-08-12 12:14:13,263 - go to position WP2,none,[0. 0. 0.],[0.0407183  0.07225806 4.89474678],-1.599571528009701
2024-08-12 12:14:13,486 - go to position WP2,none,[0. 0. 0.],[0.04167231 0.07183801 4.90897846],-1.599014009029906
2024-08-12 12:14:13,689 - go to position WP2,none,[0. 0. 0.],[0.04371404 0.07118206 4.92037773],-1.6001704463557775
2024-08-12 12:14:13,890 - go to position WP2,none,[0. 0. 0.],[0.04804495 0.06986955 4.9324131 ],-1.597320467235396
2024-08-12 12:14:14,093 - go to position WP2,none,[0. 0. 0.],[0.05112839 0.06832383 4.94218349],-1.5980067149225725
2024-08-12 12:14:14,293 - go to position WP2,none,[0. 0. 0.],[0.05480644 0.06483564 4.9542079 ],-1.5977418443811953
2024-08-12 12:14:14,502 - go to position WP2,none,[0. 0. 0.],[0.05720879 0.06096708 4.96428251],-1.5957990176571801
2024-08-12 12:14:14,711 - go to position WP2,none,[0. 0. 0.],[0.05960886 0.0562496  4.97144794],-1.5972990205826845
2024-08-12 12:14:14,911 - go to position WP2,none,[0. 0. 0.],[0.0616178  0.05213401 4.97672653],-1.5983139746624486
2024-08-12 12:14:15,117 - go to position WP2,none,[0. 0. 0.],[0.06362332 0.0484236  4.98091316],-1.597337362201074
2024-08-12 12:14:15,317 - go to position WP2,none,[0. 0. 0.],[0.06359363 0.04684281 4.98295307],-1.5966098324828781
2024-08-12 12:14:15,518 - go to position WP2,none,[0. 0. 0.],[0.06350414 0.04677004 4.98873806],-1.5966880520485631
2024-08-12 12:14:15,745 - go to position WP2,none,[0. 0. 0.],[0.06362971 0.0469371  4.99394894],-1.5960799039994287
2024-08-12 12:14:15,945 - go to position WP2,none,[0. 0. 0.],[0.0638994  0.04612827 4.99921608],-1.5959841001504707
2024-08-12 12:14:16,182 - go to position WP2,none,[0. 0. 0.],[0.064475   0.04443417 5.00440645],-1.594034408760976
2024-08-12 12:14:16,382 - go to position WP2,none,[0. 0. 0.],[0.06473789 0.04420619 5.0050478 ],-1.5952887759531613
2024-08-12 12:14:16,593 - go to position WP2,none,[0. 0. 0.],[0.06248772 0.04526094 5.00521755],-1.5990947684359185
2024-08-12 12:14:16,793 - go to position WP2,none,[0. 0. 0.],[0.05909    0.04733496 5.00699186],-1.5976556236929227
2024-08-12 12:14:17,007 - go to position WP2,none,[0. 0. 0.],[0.05707928 0.04899571 5.01037788],-1.5994903925665263
2024-08-12 12:14:17,221 - go to position WP2,none,[0. 0. 0.],[0.05647458 0.05088567 5.01775265],-1.5953076514377926
2024-08-12 12:14:17,426 - go to position WP2,none,[0. 0. 0.],[0.05620664 0.05453155 5.02193308],-1.5974832861761872
2024-08-12 12:14:17,634 - go to position WP2,none,[0. 0. 0.],[0.05437924 0.05770942 5.02512074],-1.5965636742372258
2024-08-12 12:14:17,843 - go to position WP2,none,[0. 0. 0.],[0.05201364 0.06188907 5.02659082],-1.5962865515139288
2024-08-12 12:14:18,048 - go to position WP2,none,[0. 0. 0.],[0.04870233 0.06658895 5.02835846],-1.5979898744890217
2024-08-12 12:14:18,273 - go to position WP2,none,[0. 0. 0.],[0.04704964 0.06961741 5.03142977],-1.5958146762879721
2024-08-12 12:14:18,482 - go to position WP2,none,[0. 0. 0.],[0.04741651 0.06989523 5.03697109],-1.5951366510644682
2024-08-12 12:14:18,686 - go to position WP2,none,[0. 0. 0.],[0.04942616 0.06869129 5.04290724],-1.5999403700808594
2024-08-12 12:14:18,887 - go to position WP2,none,[0. 0. 0.],[0.05028928 0.06602564 5.0481143 ],-1.5960625250596614
2024-08-12 12:14:19,091 - go to position WP2,none,[0. 0. 0.],[0.05116944 0.05929136 5.06008005],-1.595918339881309
2024-08-12 12:14:19,319 - go to position WP2,none,[0. 0. 0.],[0.05182566 0.05205445 5.07236814],-1.5941631632567805
2024-08-12 12:14:19,524 - go to position WP2,none,[0. 0. 0.],[0.0513937  0.0485685  5.08105087],-1.595190769767667
2024-08-12 12:14:19,755 - go to position WP2,none,[0. 0. 0.],[0.05052975 0.0444406  5.09498215],-1.5991177871463904
2024-08-12 12:14:19,956 - go to position WP2,none,[0. 0. 0.],[0.04969953 0.04297414 5.10355616],-1.5986399459702287
2024-08-12 12:14:20,224 - go to position WP2,none,[0. 0. 0.],[0.04898404 0.04341404 5.1170063 ],-1.5967349279414345
2024-08-12 12:14:20,424 - go to position WP2,none,[0. 0. 0.],[0.04894102 0.04392026 5.12413025],-1.5915757804294177
2024-08-12 12:14:20,647 - go to position WP2,none,[0. 0. 0.],[0.05029901 0.04484804 5.13356972],-1.595681464367722
2024-08-12 12:14:20,855 - go to position WP2,none,[0. 0. 0.],[0.051558   0.04595159 5.14012814],-1.5981173102095907
2024-08-12 12:14:21,061 - go to position WP2,none,[0. 0. 0.],[0.05331047 0.04389334 5.14639235],-1.5923011478744984
2024-08-12 12:14:21,298 - go to position WP2,none,[0. 0. 0.],[0.05755161 0.04187393 5.15533876],-1.5923833567045875
2024-08-12 12:14:21,519 - go to position WP2,none,[0. 0. 0.],[0.06062318 0.04114236 5.16333914],-1.594723207080662
2024-08-12 12:14:21,743 - go to position WP2,none,[0. 0. 0.],[0.06365075 0.03962434 5.17291451],-1.5987026861613973
2024-08-12 12:14:21,953 - go to position WP2,none,[0. 0. 0.],[0.06606205 0.03827062 5.18336487],-1.5987685114595767
2024-08-12 12:14:22,167 - go to position WP2,none,[0. 0. 0.],[0.0673191  0.03597714 5.19303083],-1.5941307658992852
2024-08-12 12:14:22,371 - go to position WP2,none,[0. 0. 0.],[0.06773391 0.03553264 5.20002747],-1.592271102896663
2024-08-12 12:14:22,571 - go to position WP2,none,[0. 0. 0.],[0.06769095 0.03518211 5.20411015],-1.5898729644472178
2024-08-12 12:14:22,777 - go to position WP2,none,[0. 0. 0.],[0.06632486 0.03777043 5.20610332],-1.5970056036949076
2024-08-12 12:14:22,978 - go to position WP2,none,[0. 0. 0.],[0.06316593 0.04027358 5.21182966],-1.5963423150992533
2024-08-12 12:14:23,187 - go to position WP2,none,[0. 0. 0.],[0.05997258 0.0408542  5.2155757 ],-1.5967313180149745
2024-08-12 12:14:23,413 - go to position WP2,none,[0. 0. 0.],[0.0554218  0.0407418  5.21989918],-1.593084692708861
2024-08-12 12:14:23,621 - go to position WP2,none,[0. 0. 0.],[0.05130628 0.04093316 5.22533226],-1.5976491461153755
2024-08-12 12:14:23,827 - go to position WP2,none,[0. 0. 0.],[0.04995248 0.03993526 5.23108578],-1.5956146439518264
2024-08-12 12:14:24,059 - go to position WP2,none,[0. 0. 0.],[0.04897989 0.03888032 5.23769522],-1.5985065965528875
2024-08-12 12:14:24,302 - go to position WP2,none,[0. 0. 0.],[0.04789229 0.03466823 5.2449379 ],-1.5963796635136749
2024-08-12 12:14:24,504 - go to position WP2,none,[0. 0. 0.],[0.0460605  0.03136729 5.25444841],-1.5953899667301688
2024-08-12 12:14:24,704 - go to position WP2,none,[0. 0. 0.],[0.04451984 0.02919162 5.26325274],-1.595331124745086
2024-08-12 12:14:24,908 - retrun home WP2,none,[0. 0. 0.],[0.04417065 0.0274223  5.27294636],-1.595263591449804
2024-08-12 12:14:25,116 - retrun home WP2,none,[0. 0. 0.],[0.04460793 0.02910234 5.278193  ],-1.794380489321039
2024-08-12 12:14:25,333 - retrun home WP2,none,[0. 0. 0.],[0.04815973 0.03358601 5.27063942],-2.1329838209077714
2024-08-12 12:14:25,541 - retrun home WP2,none,[0. 0. 0.],[0.04999726 0.03539387 5.26244783],-2.4419411547084744
2024-08-12 12:14:25,757 - retrun home WP2,none,[0. 0. 0.],[0.04862047 0.02794617 5.25670433],-2.783962871865392
2024-08-12 12:14:25,977 - retrun home WP2,none,[0. 0. 0.],[0.04302505 0.00603921 5.25417852],-3.1085709564504156
2024-08-12 12:14:26,187 - retrun home WP2,none,[0. 0. 0.],[ 0.03268203 -0.0230727   5.25524569],2.888973251494506
2024-08-12 12:14:26,410 - retrun home WP2,none,[0. 0. 0.],[ 0.01227834 -0.05204228  5.25855064],2.4855802391790633
2024-08-12 12:14:26,619 - retrun home WP2,none,[0. 0. 0.],[-1.95994903e-03 -5.47620207e-02  5.26185179e+00],2.2471043914424573
2024-08-12 12:14:26,836 - retrun home WP2,none,[0. 0. 0.],[-0.02937627 -0.03442333  5.2660737 ],2.0016783700800738
2024-08-12 12:14:27,045 - retrun home WP2,none,[0. 0. 0.],[-0.05559089 -0.00808192  5.26962614],1.8877634792015126
2024-08-12 12:14:27,267 - retrun home WP2,none,[0. 0. 0.],[-0.07320565  0.01220645  5.26845598],1.8135606746877981
2024-08-12 12:14:27,502 - retrun home WP2,none,[0. 0. 0.],[-0.07039315  0.02102475  5.26403809],1.7654592956442279
2024-08-12 12:14:27,709 - retrun home WP2,none,[0. 0. 0.],[-0.05308203  0.0249292   5.25848532],1.7427971574713128
2024-08-12 12:14:27,957 - retrun home WP2,none,[0. 0. 0.],[-0.03305166  0.0330542   5.24884892],1.7130404857168142
2024-08-12 12:14:28,160 - retrun home WP2,none,[0. 0. 0.],[-0.02537708  0.03791504  5.23896456],1.6894117775423336
2024-08-12 12:14:28,389 - retrun home WP2,none,[0. 0. 0.],[-0.02252303  0.03667844  5.22505426],1.67613429980058
2024-08-12 12:14:28,605 - retrun home WP2,none,[0. 0. 0.],[-0.02099137  0.03198014  5.2132268 ],1.6573678869388517
2024-08-12 12:14:28,815 - retrun home WP2,none,[0. 0. 0.],[-0.01915722  0.02590249  5.20308256],1.6541730972997355
2024-08-12 12:14:29,029 - retrun home WP3,none,[0. 0. 0.],[-0.01653594  0.02050046  5.19487667],1.6398176452295374
2024-08-12 12:14:29,229 - retrun home WP3,none,[0. 0. 0.],[-3.40915937e-03  3.02032493e-02  5.16077328e+00],1.642307012988009
2024-08-12 12:14:29,465 - retrun home WP3,none,[0. 0. 0.],[0.03200172 0.06573249 5.0704484 ],1.6360279869771468
2024-08-12 12:14:29,730 - retrun home WP3,none,[0. 0. 0.],[0.15263003 0.19267543 4.81021643],1.6184622602038345
2024-08-12 12:14:29,939 - retrun home WP3,none,[0. 0. 0.],[0.25021955 0.30718541 4.66276407],1.6056563003980844
2024-08-12 12:14:30,144 - retrun home WP3,none,[0. 0. 0.],[0.38285452 0.49958682 4.51036882],1.5875363899970378
2024-08-12 12:14:30,352 - retrun home WP3,none,[0. 0. 0.],[0.49205339 0.70119834 4.38840961],1.573623809392911
2024-08-12 12:14:30,553 - retrun home WP3,none,[0. 0. 0.],[0.5880813  0.93110806 4.26664543],1.5585712480973795
2024-08-12 12:14:30,753 - retrun home WP3,none,[0. 0. 0.],[0.66075999 1.17955101 4.15056801],1.5570342232199639
2024-08-12 12:14:30,959 - retrun home WP3,none,[0. 0. 0.],[0.70568794 1.4145267  4.02794886],1.5466521884267277
2024-08-12 12:14:31,177 - retrun home WP3,none,[0. 0. 0.],[0.7378782  1.54758322 3.92048693],1.5444058438523887
2024-08-12 12:14:31,378 - retrun home WP3,none,[0. 0. 0.],[0.79019368 1.63132393 3.81678319],1.5546238091900935
2024-08-12 12:14:31,584 - retrun home WP3,none,[0. 0. 0.],[0.85079956 1.71366596 3.73736596],1.5497161816349665
2024-08-12 12:14:31,784 - retrun home WP3,none,[0. 0. 0.],[0.91641861 1.84406114 3.64973426],1.5456763591339586
2024-08-12 12:14:31,985 - retrun home WP3,none,[0. 0. 0.],[0.96836722 2.00898242 3.56578207],1.5465890761391958
2024-08-12 12:14:32,187 - retrun home WP3,none,[0. 0. 0.],[1.00152135 2.17357826 3.47797346],1.5514576165343903
2024-08-12 12:14:32,397 - retrun home WP3,none,[0. 0. 0.],[1.02364612 2.26250648 3.40072989],1.5466764256584395
2024-08-12 12:14:32,597 - retrun home WP3,none,[0. 0. 0.],[1.05057442 2.30687809 3.33526874],1.5520285417066748
2024-08-12 12:14:32,835 - retrun home WP3,none,[0. 0. 0.],[1.08769226 2.35975575 3.27399373],1.5512755340151947
2024-08-12 12:14:33,044 - retrun home WP3,none,[0. 0. 0.],[1.14151323 2.49153471 3.2017684 ],1.542951137861687
2024-08-12 12:14:33,244 - retrun home WP3,none,[0. 0. 0.],[1.16960454 2.58475614 3.15861487],1.543442897050381
2024-08-12 12:14:33,452 - retrun home WP3,none,[0. 0. 0.],[1.1972549  2.68049932 3.09617615],1.5516598726835178
2024-08-12 12:14:33,681 - retrun home WP3,none,[0. 0. 0.],[1.21369028 2.72486758 3.0481205 ],1.5492498144536948
2024-08-12 12:14:33,894 - retrun home WP3,none,[0. 0. 0.],[1.23001707 2.75877714 3.00245595],1.550683053342673
2024-08-12 12:14:34,145 - retrun home WP3,none,[0. 0. 0.],[1.24654794 2.80682731 2.96181321],1.5529864199018182
2024-08-12 12:14:34,385 - retrun home WP3,none,[0. 0. 0.],[1.26975906 2.89486527 2.90955472],1.5505743270786083
2024-08-12 12:14:34,588 - retrun home WP3,none,[0. 0. 0.],[1.29020905 2.96248007 2.87176824],1.5501704200291782
2024-08-12 12:14:34,807 - retrun home WP3,none,[0. 0. 0.],[1.30680454 3.00582647 2.84135008],1.5488410976733167
2024-08-12 12:14:35,008 - retrun home WP3,none,[0. 0. 0.],[1.32416964 3.04842615 2.79846573],1.5471730743944578
2024-08-12 12:14:35,229 - retrun home WP3,none,[0. 0. 0.],[1.33845615 3.08128428 2.75955987],1.548249504607298
2024-08-12 12:14:35,429 - retrun home WP3,none,[0. 0. 0.],[1.3514303  3.10860515 2.72619152],1.548206773025178
2024-08-12 12:14:35,629 - retrun home WP3,none,[0. 0. 0.],[1.36294866 3.1350677  2.69584036],1.5514085279403265
2024-08-12 12:14:35,840 - retrun home WP3,none,[0. 0. 0.],[1.37331045 3.16488075 2.66637564],1.5508449401968207
2024-08-12 12:14:36,041 - retrun home WP3,none,[0. 0. 0.],[1.38223338 3.18907785 2.64601398],1.5465675575025752
2024-08-12 12:14:36,241 - retrun home WP3,none,[0. 0. 0.],[1.39039552 3.21564674 2.62458467],1.551726375726908
2024-08-12 12:14:36,447 - retrun home WP3,none,[0. 0. 0.],[1.39685559 3.23739004 2.60747743],1.5461206102869867
2024-08-12 12:14:36,651 - retrun home WP3,none,[0. 0. 0.],[1.40545642 3.26345372 2.58084059],1.5466373653571817
2024-08-12 12:14:36,884 - retrun home WP3,none,[0. 0. 0.],[1.41688251 3.28749228 2.55643344],1.5444169045274816
2024-08-12 12:14:37,098 - retrun home WP3,none,[0. 0. 0.],[1.42774773 3.30559993 2.53415728],1.548011380883543
2024-08-12 12:14:37,299 - retrun home WP3,none,[0. 0. 0.],[1.4356128  3.31742144 2.51783729],1.5515218992806106
2024-08-12 12:14:37,499 - retrun home WP3,none,[0. 0. 0.],[1.44551957 3.33115101 2.49728012],1.557027632291284
2024-08-12 12:14:37,725 - retrun home WP3,none,[0. 0. 0.],[1.4542588  3.34542012 2.48631167],1.5529079669775423
2024-08-12 12:14:37,968 - retrun home WP3,none,[0. 0. 0.],[1.46073031 3.36627483 2.46788144],1.5424939450509019
2024-08-12 12:14:38,172 - retrun home WP3,none,[0. 0. 0.],[1.46227527 3.38254952 2.45285869],1.5492979512591296
2024-08-12 12:14:38,380 - retrun home WP3,none,[0. 0. 0.],[1.46590292 3.39802384 2.44144368],1.5480852406206136
2024-08-12 12:14:38,586 - retrun home WP3,none,[0. 0. 0.],[1.4717927  3.41241384 2.41842413],1.5503664133926136
2024-08-12 12:14:38,795 - retrun home WP3,none,[0. 0. 0.],[1.47823703 3.42459846 2.39584374],1.5539357684340076
2024-08-12 12:14:38,995 - retrun home WP3,none,[0. 0. 0.],[1.48249638 3.43507218 2.37859964],1.5509805194069595
2024-08-12 12:14:39,196 - retrun home WP3,none,[0. 0. 0.],[1.48466671 3.44451308 2.3549571 ],1.5526019173071572
2024-08-12 12:14:39,405 - retrun home WP3,none,[0. 0. 0.],[1.48642468 3.45177197 2.33886838],1.5492751889902259
2024-08-12 12:14:39,644 - retrun home WP3,none,[0. 0. 0.],[1.48924005 3.46006465 2.32350349],1.558707850535788
2024-08-12 12:14:39,848 - retrun home WP3,none,[0. 0. 0.],[1.49261606 3.46545506 2.31775188],1.5476092846943774
2024-08-12 12:14:40,079 - retrun home WP3,none,[0. 0. 0.],[1.49612522 3.47257137 2.30760312],1.5496918757067157
2024-08-12 12:14:40,293 - retrun home WP3,none,[0. 0. 0.],[1.49836051 3.48066926 2.29675198],1.5510049774629124
2024-08-12 12:14:40,524 - retrun home WP3,none,[0. 0. 0.],[1.50010681 3.49219394 2.28243732],1.5509991744292648
2024-08-12 12:14:40,724 - retrun home WP3,none,[0. 0. 0.],[1.49966526 3.50312614 2.27216768],1.5523107527189848
2024-08-12 12:14:40,924 - retrun home WP3,none,[0. 0. 0.],[1.50018048 3.51384139 2.2646873 ],1.5462635667322495
2024-08-12 12:14:41,125 - retrun home WP3,none,[0. 0. 0.],[1.49941826 3.52249193 2.25172639],1.5493508816518462
2024-08-12 12:14:41,337 - retrun home WP3,none,[0. 0. 0.],[1.50001645 3.52989817 2.2366395 ],1.549404943086773
2024-08-12 12:14:41,559 - retrun home WP3,none,[0. 0. 0.],[1.50154054 3.5360806  2.22022581],1.5490118107814186
2024-08-12 12:14:41,765 - retrun home WP3,none,[0. 0. 0.],[1.50141394 3.53983712 2.20544744],1.5607267488587686
2024-08-12 12:14:41,976 - retrun home WP3,none,[0. 0. 0.],[1.50379968 3.54507375 2.19295192],1.5480475962289202
2024-08-12 12:14:42,182 - retrun home WP3,none,[0. 0. 0.],[1.50589776 3.54938841 2.18507981],1.544020597399652
2024-08-12 12:14:42,386 - retrun home WP4,none,[0. 0. 0.],[1.50734317 3.5523603  2.16963482],1.6795096254714907
2024-08-12 12:14:42,610 - retrun home WP4,none,[0. 0. 0.],[1.50820053 3.55746317 2.14955235],1.9880821284225143
2024-08-12 12:14:42,812 - retrun home WP4,none,[0. 0. 0.],[1.50781035 3.56205654 2.13655782],2.3126389157841505
2024-08-12 12:14:43,013 - retrun home WP4,none,[0. 0. 0.],[1.50706851 3.5636034  2.12979817],2.5679718750531846
2024-08-12 12:14:43,219 - retrun home WP4,none,[0. 0. 0.],[1.51005101 3.55973101 2.1322906 ],2.737238679203564
2024-08-12 12:14:43,438 - retrun home WP4,none,[0. 0. 0.],[1.51831114 3.55295539 2.13770247],2.849634559788501
2024-08-12 12:14:43,659 - retrun home WP4,none,[0. 0. 0.],[1.52628124 3.54665279 2.13898969],2.919063951945258
