2024-07-05 15:54:36,176 - fire displayed
2024-07-05 15:54:38,512 - fire button clicked
2024-07-05 15:54:39,739 - next waypoint button clicked
2024-07-05 15:54:40,658 - validate handover displayed
2024-07-05 15:54:43,404 - validate handover button clicked
2024-07-05 15:54:44,362 - next waypoint button clicked
2024-07-05 15:54:45,356 - mapping displayed
2024-07-05 15:54:46,837 - mapping button button clicked
2024-07-05 15:54:47,998 - next waypoint button clicked
2024-07-05 15:54:56,460 - validate handover displayed
2024-07-05 15:55:05,008 - validate handover button clicked
2024-07-05 15:55:05,839 - next waypoint button clicked
2024-07-05 15:55:06,744 - mapping displayed
2024-07-05 15:55:19,442 - mapping button button clicked
2024-07-05 15:55:20,617 - next waypoint button clicked
2024-07-05 15:55:21,678 - survivor displayed
2024-07-05 15:55:22,910 - survivor button clicked
2024-07-05 15:55:24,019 - next waypoint button clicked
2024-07-05 15:55:31,766 - validate handover displayed
2024-07-05 15:55:35,076 - validate handover button clicked
2024-07-05 15:55:36,427 - next waypoint button clicked
2024-07-05 15:55:37,262 - fire displayed
2024-07-05 15:55:39,897 - fire button clicked
2024-07-05 15:55:40,767 - next waypoint button clicked
2024-07-05 15:55:41,880 - survivor displayed
2024-07-05 15:55:43,346 - survivor button clicked
2024-07-05 15:55:44,157 - next waypoint button clicked
