2026-01-16 18:48:57,083 - position: [ 0.18850531 -2.38248467  0.50326121]
2026-01-16 18:48:57,289 - position: [ 0.18853346 -2.38250661  0.50332117]
2026-01-16 18:48:57,515 - position: [ 0.18850073 -2.3825016   0.50329369]
2026-01-16 18:48:57,781 - position: [ 0.18853344 -2.38249779  0.50329727]
2026-01-16 18:48:58,006 - position: [ 0.18850455 -2.3824904   0.5032922 ]
2026-01-16 18:48:58,228 - position: [ 0.18848461 -2.38249946  0.50324172]
2026-01-16 18:48:58,489 - position: [ 0.18849362 -2.3824923   0.50327688]
2026-01-16 18:48:58,746 - position: [ 0.18844534 -2.38251901  0.50329101]
2026-01-16 18:48:59,006 - position: [ 0.18849272 -2.38253951  0.50331968]
2026-01-16 18:48:59,271 - position: [ 0.18849935 -2.38250804  0.50330251]
2026-01-16 18:48:59,536 - position: [ 0.18854903 -2.38251638  0.50328213]
2026-01-16 18:48:59,749 - position: [ 0.18854266 -2.38252521  0.50317436]
2026-01-16 18:48:59,973 - position: [ 0.18849294 -2.38248587  0.50327808]
2026-01-16 18:49:00,199 - position: [ 0.18851562 -2.38250852  0.50331742]
2026-01-16 18:49:00,454 - position: [ 0.18852834 -2.38242817  0.5034523 ]
2026-01-16 18:49:00,710 - position: [ 0.18857196 -2.38234043  0.50339681]
2026-01-16 18:49:00,984 - position: [ 0.18860152 -2.38232875  0.50339895]
2026-01-16 18:49:01,232 - position: [ 0.18856463 -2.38232946  0.50338739]
2026-01-16 18:49:01,529 - position: [ 0.18855259 -2.38232279  0.50339252]
2026-01-16 18:49:01,774 - position: [ 0.1885573  -2.38234258  0.50342244]
2026-01-16 18:49:02,041 - position: [ 0.18855949 -2.38233209  0.50341541]
2026-01-16 18:49:02,329 - position: [ 0.1885919  -2.38235688  0.50340492]
2026-01-16 18:49:02,590 - position: [ 0.18862572 -2.38230729  0.50337034]
2026-01-16 18:49:02,857 - position: [ 0.18850639 -2.38233495  0.50337857]
2026-01-16 18:49:03,095 - position: [ 0.1885446  -2.38233685  0.50341463]
2026-01-16 18:49:03,347 - position: [ 0.18855914 -2.3823278   0.50340796]
2026-01-16 18:49:03,563 - position: [ 0.18850181 -2.38229942  0.50338542]
2026-01-16 18:49:03,842 - position: [ 0.18857841 -2.38232493  0.50340378]
2026-01-16 18:49:04,086 - position: [ 0.1885252  -2.3823247   0.50339037]
2026-01-16 18:49:04,311 - position: [ 0.18851228 -2.38234448  0.50339204]
2026-01-16 18:49:04,545 - position: [ 0.18853599 -2.38233447  0.50337493]
2026-01-16 18:49:04,775 - position: [ 0.18859038 -2.3823359   0.50341636]
2026-01-16 18:49:05,012 - position: [ 0.18853328 -2.38232636  0.5033887 ]
2026-01-16 18:49:05,268 - position: [ 0.18853328 -2.38232636  0.5033887 ]
2026-01-16 18:49:05,499 - position: [ 0.18854325 -2.38233638  0.50337863]
2026-01-16 18:49:05,733 - position: [ 0.18850684 -2.38229561  0.50334406]
2026-01-16 18:49:05,972 - position: [ 0.18856977 -2.38220096  0.50343078]
2026-01-16 18:49:06,201 - position: [ 0.18856977 -2.38220096  0.50343078]
2026-01-16 18:49:06,440 - position: [ 0.18857083 -2.38232398  0.50336879]
2026-01-16 18:49:06,676 - position: [ 0.18858585 -2.3823235   0.50337952]
2026-01-16 18:49:06,949 - position: [ 0.18858132 -2.38230944  0.50335455]
2026-01-16 18:49:07,163 - position: [ 0.18855271 -2.38232183  0.50336176]
2026-01-16 18:49:07,401 - position: [ 0.18859449 -2.38232398  0.50338691]
2026-01-16 18:49:07,659 - position: [ 0.18853544 -2.38230562  0.50336373]
2026-01-16 18:49:07,876 - position: [ 0.18852812 -2.38231325  0.5033862 ]
2026-01-16 18:49:08,103 - position: [ 0.18852952 -2.38230085  0.50336581]
2026-01-16 18:49:08,361 - position: [ 0.18852952 -2.38230085  0.50336581]
2026-01-16 18:49:08,619 - position: [ 0.1885761  -2.3823545   0.50334638]
2026-01-16 18:49:08,871 - position: [ 0.18845995 -2.38221049  0.50338566]
2026-01-16 18:49:09,103 - position: [ 0.18854448 -2.38229895  0.5033555 ]
2026-01-16 18:49:09,322 - position: [ 0.1884857  -2.382303    0.50334215]
2026-01-16 18:49:09,562 - position: [ 0.18854882 -2.382303    0.50339341]
2026-01-16 18:49:09,786 - position: [ 0.18855041 -2.38229942  0.50336975]
2026-01-16 18:49:10,016 - position: [ 0.18851446 -2.38229156  0.50332654]
2026-01-16 18:49:10,319 - position: [ 0.18855786 -2.38231778  0.50338387]
2026-01-16 18:49:10,558 - position: [ 0.18853834 -2.38228917  0.50335312]
2026-01-16 18:49:10,779 - position: [ 0.1885637  -2.38228083  0.50338095]
2026-01-16 18:49:11,001 - position: [ 0.18854436 -2.38231182  0.50333703]
2026-01-16 18:49:11,218 - position: [ 0.18853661 -2.38230562  0.50334924]
2026-01-16 18:49:11,508 - position: [ 0.18855037 -2.38229799  0.50338477]
2026-01-16 18:49:11,757 - position: [ 0.18856615 -2.38231945  0.50337642]
2026-01-16 18:49:11,969 - position: [ 0.18850307 -2.38230038  0.50336266]
2026-01-16 18:49:12,188 - position: [ 0.18858853 -2.38231206  0.5033887 ]
2026-01-16 18:49:12,483 - position: [ 0.18858853 -2.38231206  0.5033887 ]
2026-01-16 18:49:12,714 - position: [ 0.18859184 -2.3823266   0.50338924]
2026-01-16 18:49:12,928 - position: [ 0.1885522  -2.38232541  0.50337088]
2026-01-16 18:49:13,168 - position: [ 0.18855897 -2.38232446  0.50337207]
2026-01-16 18:49:13,382 - position: [ 0.18855153 -2.38229942  0.5033893 ]
2026-01-16 18:49:13,631 - position: [ 0.18852565 -2.38229084  0.5033766 ]
2026-01-16 18:49:13,873 - position: [ 0.18859139 -2.3823154   0.50336063]
2026-01-16 18:49:14,124 - position: [ 0.18857159 -2.38230586  0.50340962]
2026-01-16 18:49:14,367 - position: [ 0.18846487 -2.38229513  0.50346094]
2026-01-16 18:49:14,590 - position: [ 0.18857957 -2.38229108  0.50339657]
2026-01-16 18:49:14,792 - position: [ 0.18854831 -2.38230371  0.50335926]
2026-01-16 18:49:15,008 - position: [ 0.18860243 -2.38231921  0.50345707]
2026-01-16 18:49:15,256 - position: [ 0.188594   -2.38232207  0.50339901]
2026-01-16 18:49:15,478 - position: [ 0.18858339 -2.38231397  0.50339514]
2026-01-16 18:49:15,723 - position: [ 0.18859199 -2.38233376  0.50342649]
2026-01-16 18:49:15,964 - position: [ 0.18856458 -2.38233781  0.50338948]
2026-01-16 18:49:16,206 - position: [ 0.18868084 -2.3823154   0.50340194]
2026-01-16 18:49:16,418 - position: [ 0.18854585 -2.38230562  0.50342989]
2026-01-16 18:49:16,675 - position: [ 0.18858124 -2.38235164  0.50339895]
2026-01-16 18:49:16,928 - position: [ 0.18856218 -2.38233638  0.50338727]
2026-01-16 18:49:17,160 - position: [ 0.18854514 -2.38230991  0.50334674]
2026-01-16 18:49:17,402 - position: [ 0.18855193 -2.3823452   0.50339186]
2026-01-16 18:49:17,707 - position: [ 0.18853992 -2.38234091  0.50336599]
2026-01-16 18:49:17,951 - position: [ 0.188531   -2.38231492  0.50340497]
2026-01-16 18:49:18,183 - position: [ 0.18854237 -2.38229346  0.50341344]
2026-01-16 18:49:18,402 - position: [ 0.18858778 -2.38232613  0.50340921]
2026-01-16 18:49:18,660 - position: [ 0.18858778 -2.38232613  0.50340921]
2026-01-16 18:49:18,875 - position: [ 0.18860894 -2.38234186  0.50342286]
2026-01-16 18:49:19,138 - position: [ 0.18860252 -2.3823173   0.50339144]
2026-01-16 18:49:19,377 - position: [ 0.18856451 -2.3823092   0.50342923]
2026-01-16 18:49:19,646 - position: [ 0.18857142 -2.38231754  0.50342184]
2026-01-16 18:49:19,898 - position: [ 0.18859075 -2.38234997  0.50345302]
2026-01-16 18:49:20,129 - position: [ 0.18848194 -2.38229394  0.50343204]
2026-01-16 18:49:20,388 - position: [ 0.18856068 -2.38229132  0.50340152]
2026-01-16 18:49:20,620 - position: [ 0.18857144 -2.38228583  0.50340891]
2026-01-16 18:49:20,952 - position: [ 0.18860006 -2.3823514   0.50347471]
2026-01-16 18:49:21,237 - position: [ 0.1885912  -2.38232541  0.50340986]
2026-01-16 18:49:21,465 - position: [ 0.18857235 -2.38232207  0.50337958]
2026-01-16 18:49:21,700 - position: [ 0.18859659 -2.38231945  0.5034011 ]
2026-01-16 18:49:21,942 - position: [ 0.18858734 -2.38232875  0.50341541]
2026-01-16 18:49:22,196 - position: [ 0.18857911 -2.38229203  0.50338167]
2026-01-16 18:49:22,457 - position: [ 0.18855804 -2.38230109  0.50339955]
2026-01-16 18:49:22,737 - position: [ 0.18858986 -2.38231111  0.503438  ]
2026-01-16 18:49:22,955 - position: [ 0.18855539 -2.38229227  0.50340676]
2026-01-16 18:49:23,235 - position: [ 0.18859993 -2.38230014  0.50342298]
2026-01-16 18:49:23,451 - position: [ 0.18855675 -2.38228083  0.50344348]
2026-01-16 18:49:23,699 - position: [ 0.18849197 -2.38229156  0.50341249]
2026-01-16 18:49:23,965 - position: [ 0.18858069 -2.38231277  0.50349188]
2026-01-16 18:49:24,199 - position: [ 0.18859781 -2.38234568  0.50342774]
2026-01-16 18:49:24,443 - position: [ 0.18856382 -2.38229418  0.503398  ]
2026-01-16 18:49:24,715 - position: [ 0.1885595  -2.38232517  0.50342923]
2026-01-16 18:49:24,944 - position: [ 0.18856782 -2.38233113  0.50343513]
2026-01-16 18:49:25,205 - position: [ 0.18857209 -2.38235688  0.50338358]
2026-01-16 18:49:25,421 - position: [ 0.18856214 -2.38234806  0.50345254]
2026-01-16 18:49:25,673 - position: [ 0.18853644 -2.38235617  0.50344849]
2026-01-16 18:49:25,890 - position: [ 0.18857689 -2.38232636  0.50344324]
2026-01-16 18:49:26,119 - position: [ 0.18856262 -2.38235641  0.50343126]
2026-01-16 18:49:26,373 - position: [ 0.18852128 -2.3823266   0.5035001 ]
2026-01-16 18:49:26,625 - position: [ 0.18857965 -2.38235879  0.50352287]
2026-01-16 18:49:26,862 - position: [ 0.18856706 -2.38234425  0.50337547]
2026-01-16 18:49:27,099 - position: [ 0.18858171 -2.38234615  0.50342363]
2026-01-16 18:49:27,348 - position: [ 0.18854295 -2.38240576  0.50344497]
2026-01-16 18:49:27,582 - position: [ 0.1885426  -2.38241124  0.50351602]
2026-01-16 18:49:27,832 - position: [ 0.18857776 -2.38231444  0.50335032]
2026-01-16 18:49:28,078 - position: [ 0.18860224 -2.38232446  0.50336319]
2026-01-16 18:49:28,346 - position: [ 0.18856952 -2.3823638   0.50343639]
2026-01-16 18:49:28,579 - position: [ 0.18857603 -2.38231421  0.50340784]
2026-01-16 18:49:28,822 - position: [ 0.18858019 -2.38231683  0.50338668]
2026-01-16 18:49:29,086 - position: [ 0.18860239 -2.38229871  0.50339395]
2026-01-16 18:49:29,329 - position: [ 0.18855602 -2.38229895  0.50338978]
2026-01-16 18:49:29,562 - position: [ 0.18855973 -2.38229442  0.50337481]
