2026-01-20 14:46:05,638 - position: [-0.05063439  2.24445248  0.52288562] - angle: -1.7217122529141804
2026-01-20 14:46:05,863 - position: [-0.04903302  2.23969197  0.52832311] - angle: -1.7210213234057772
2026-01-20 14:46:06,155 - position: [-0.04785628  2.23584676  0.5347839 ] - angle: -1.7223279204073432
2026-01-20 14:46:06,441 - position: [-0.04676181  2.22951722  0.54428703] - angle: -1.7216980742474943
2026-01-20 14:46:06,705 - position: [-0.04629396  2.22533059  0.54916948] - angle: -1.7220561068346658
2026-01-20 14:46:06,935 - position: [-0.04524428  2.21621227  0.56185323] - angle: -1.7205328212937303
2026-01-20 14:46:07,162 - position: [-0.04201408  2.20933771  0.62744337] - angle: -1.7211885876636437
2026-01-20 14:46:07,389 - position: [-0.03846284  2.20238924  0.72802222] - angle: -1.722029285347066
2026-01-20 14:46:07,620 - position: [-0.03202747  2.17681336  1.13688231] - angle: -1.7288258597235266
2026-01-20 14:46:07,884 - position: [-0.02931624  2.16749001  1.27533674] - angle: -1.7295255156041893
2026-01-20 14:46:08,087 - position: [-0.02507163  2.15277481  1.49195516] - angle: -1.728814555456717
2026-01-20 14:46:08,316 - position: [-0.02482978  2.15142941  1.50903285] - angle: -1.7292112909427466
2026-01-20 14:46:08,552 - position: [-0.00648874  2.11899042  1.89330816] - angle: -1.7213381421922787
2026-01-20 14:46:08,765 - position: [-0.00648874  2.11899042  1.89330816] - angle: -1.7213381421922787
2026-01-20 14:46:08,975 - position: [0.00911928 2.09659672 2.01073718] - angle: -1.7216128897159981
2026-01-20 14:46:09,251 - position: [0.02091855 2.0801115  2.03685713] - angle: -1.721440585510254
2026-01-20 14:46:09,501 - position: [0.02428088 2.0757947  2.03573155] - angle: -1.7207969750327017
2026-01-20 14:46:09,730 - position: [0.02574565 2.07481146 2.02784777] - angle: -1.7200593601479923
2026-01-20 14:46:09,971 - position: [0.02295256 2.07833624 2.01565266] - angle: -1.7199512265342554
2026-01-20 14:46:10,256 - position: [0.01811912 2.08057189 2.00513577] - angle: -1.7332588557037276
2026-01-20 14:46:10,463 - position: [0.01664311 2.084095   1.99788034] - angle: -1.7188525885244568
2026-01-20 14:46:10,731 - position: [0.01462725 2.08557129 1.9928087 ] - angle: -1.7185503697684332
2026-01-20 14:46:11,000 - position: [0.01050797 2.08785176 1.98581338] - angle: -1.7184567920377862
2026-01-20 14:46:11,275 - position: [0.00661898 2.08895588 1.97870231] - angle: -1.718017429399417
2026-01-20 14:46:11,519 - position: [0.00500789 2.08971477 1.97494435] - angle: -1.7207864687613554
2026-01-20 14:46:11,753 - position: [0.00490072 2.09059095 1.97241235] - angle: -1.7176761224003947
2026-01-20 14:46:11,991 - position: [0.00429805 2.09765983 1.96492112] - angle: -1.7172172304889957
2026-01-20 14:46:12,284 - position: [0.0046684  2.10431886 1.95948601] - angle: -1.7171981762072486
2026-01-20 14:46:12,534 - position: [0.0048478  2.10263157 1.95544529] - angle: -1.7189340519936227
2026-01-20 14:46:12,807 - position: [0.00502811 2.10155249 1.95486915] - angle: -1.7182420648972698
2026-01-20 14:46:13,048 - position: [0.0058233  2.09815168 1.95298266] - angle: -1.7174406310007244
2026-01-20 14:46:13,280 - position: [0.00573362 2.09233785 1.94983673] - angle: -1.7206854520512351
2026-01-20 14:46:13,525 - position: [1.54332956e-03 2.08645678e+00 1.94452024e+00] - angle: -1.7173034692821139
2026-01-20 14:46:13,802 - position: [-0.00279386  2.0869236   1.93992448] - angle: -1.716130681411542
2026-01-20 14:46:14,044 - position: [-0.00410993  2.0877707   1.938447  ] - angle: -1.7200112916420114
2026-01-20 14:46:14,295 - position: [-0.0035367   2.08830142  1.93721771] - angle: -1.7203325896103507
2026-01-20 14:46:14,512 - position: [-1.72971119e-03  2.08715558e+00  1.93675888e+00] - angle: -1.7170120379196758
2026-01-20 14:46:14,743 - position: [-5.58019616e-04  2.08553481e+00  1.93559241e+00] - angle: -1.7163989720337085
2026-01-20 14:46:14,996 - position: [1.52335735e-04 2.08284903e+00 1.93442070e+00] - angle: -1.7164238454153953
2026-01-20 14:46:15,287 - position: [3.21328116e-05 2.07942224e+00 1.93266296e+00] - angle: -1.719244882828736
2026-01-20 14:46:15,562 - position: [5.44256181e-04 2.07609367e+00 1.93128729e+00] - angle: -1.719150002354021
2026-01-20 14:46:15,796 - position: [0.00216917 2.07120347 1.92953801] - angle: -1.7158857274359365
2026-01-20 14:46:16,079 - position: [0.00283777 2.06861401 1.92740726] - angle: -1.7186336962231472
2026-01-20 14:46:16,304 - position: [0.00351987 2.06639886 1.92542291] - angle: -1.7154381821044566
2026-01-20 14:46:16,543 - position: [1.66529312e-03 2.06268287e+00 1.92292154e+00] - angle: -1.7182715708793754
2026-01-20 14:46:16,769 - position: [-1.47034065e-04  2.05976820e+00  1.92133391e+00] - angle: -1.7180293369992032
2026-01-20 14:46:16,974 - position: [-0.0022963   2.05693388  1.92145884] - angle: -1.7149313935920976
2026-01-20 14:46:17,252 - position: [-0.00613765  2.05234981  1.92242312] - angle: -1.7142225669579325
2026-01-20 14:46:17,513 - position: [-0.00861079  2.04546404  1.9245944 ] - angle: -1.7178705494911508
2026-01-20 14:46:17,813 - position: [-0.00866957  2.04236484  1.9259268 ] - angle: -1.7183193344333612
2026-01-20 14:46:18,067 - position: [-0.00783416  2.03587627  1.93094158] - angle: -1.7168844519085722
2026-01-20 14:46:18,319 - position: [-0.00724051  2.03617144  1.93284738] - angle: -1.7171434400145777
2026-01-20 14:46:18,586 - position: [-0.00407078  2.04397798  1.93864763] - angle: -1.7167549295202544
2026-01-20 14:46:18,835 - position: [-1.29860709e-03  2.04638171e+00  1.94185770e+00] - angle: -1.7166400999331426
2026-01-20 14:46:19,093 - position: [6.00526808e-04 2.04314518e+00 1.94261050e+00] - angle: -1.7164210515102098
2026-01-20 14:46:19,312 - position: [0.0021374  2.03966904 1.94263554] - angle: -1.7127611830680403
2026-01-20 14:46:19,520 - position: [1.95418345e-03 2.03653908e+00 1.94192505e+00] - angle: -1.715499572288687
2026-01-20 14:46:19,784 - position: [7.43021723e-04 2.03013682e+00 1.94017100e+00] - angle: -1.7163979394135378
2026-01-20 14:46:20,027 - position: [1.09839879e-04 2.02605319e+00 1.93934560e+00] - angle: -1.7152409982741101
2026-01-20 14:46:20,288 - position: [-3.68574052e-04  2.02374363e+00  1.93872809e+00] - angle: -1.7154124169035825
2026-01-20 14:46:20,517 - position: [-1.49738393e-03  2.02053404e+00  1.93707395e+00] - angle: -1.7112754633699883
2026-01-20 14:46:20,772 - position: [-0.0046539   2.02083302  1.93649578] - angle: -1.7149685209521142
2026-01-20 14:46:21,021 - position: [-0.00745596  2.02193975  1.93850875] - angle: -1.7114744139680074
2026-01-20 14:46:21,252 - position: [-0.01104812  2.02326202  1.94014883] - angle: -1.7147621340000736
2026-01-20 14:46:21,515 - position: [-0.0157025   2.02187324  1.94080913] - angle: -1.7144199473972455
2026-01-20 14:46:21,782 - position: [-0.01795823  2.01999831  1.94067061] - angle: -1.7138261056062039
2026-01-20 14:46:21,995 - position: [-0.01795823  2.01999831  1.94067061] - angle: -1.7138261056062039
2026-01-20 14:46:22,218 - position: [-0.01992645  2.01395726  1.93929696] - angle: -1.7117063166500142
2026-01-20 14:46:22,465 - position: [-0.02116266  2.0080862   1.93820632] - angle: -1.7146027074774128
2026-01-20 14:46:22,704 - position: [-0.02166575  1.99942052  1.9381671 ] - angle: -1.7113834802432644
2026-01-20 14:46:22,945 - position: [-0.02367613  1.99245942  1.93800342] - angle: -1.7147756984057292
2026-01-20 14:46:23,197 - position: [-0.02419371  1.99059069  1.93815184] - angle: -1.7141605970166562
2026-01-20 14:46:23,399 - position: [-0.02527489  1.98519576  1.93865085] - angle: -1.7140473407922912
2026-01-20 14:46:23,686 - position: [-0.02465032  1.98575664  1.94023526] - angle: -1.7137146359530941
2026-01-20 14:46:23,919 - position: [-0.02502088  1.98898363  1.94328892] - angle: -1.7136560596366532
2026-01-20 14:46:24,156 - position: [-0.02530656  1.98968804  1.94479048] - angle: -1.7134139502314758
2026-01-20 14:46:24,413 - position: [-0.02477993  1.99053836  1.9459058 ] - angle: -1.7130535810000254
2026-01-20 14:46:24,650 - position: [-0.02355589  1.99256635  1.94669616] - angle: -1.713763738409753
2026-01-20 14:46:24,867 - position: [-0.01921255  2.00112653  1.94708824] - angle: -1.7099773987475038
2026-01-20 14:46:25,099 - position: [-0.01941274  2.00187612  1.94697654] - angle: -1.7127259266842056
2026-01-20 14:46:25,478 - position: [-0.01190271  2.02022648  1.94677782] - angle: -1.7124631743071275
2026-01-20 14:46:25,681 - position: [-0.00920669  2.03193808  1.94775832] - angle: -1.711639174328261
2026-01-20 14:46:25,942 - position: [-0.00936179  2.03441191  1.94780755] - angle: -1.7117388082176817
2026-01-20 14:46:26,178 - position: [-0.00936173  2.0381887   1.94789052] - angle: -1.7088139204620205
2026-01-20 14:46:26,417 - position: [-0.0098088   2.04286289  1.94735098] - angle: -1.7116700516635461
2026-01-20 14:46:26,652 - position: [-0.00913148  2.04313874  1.94720364] - angle: -1.7113875961618117
2026-01-20 14:46:26,906 - position: [-0.00626081  2.04301143  1.94661522] - angle: -1.7076611175777856
2026-01-20 14:46:27,195 - position: [-0.00562601  2.04288912  1.94630909] - angle: -1.7075030379465819
2026-01-20 14:46:27,450 - position: [-0.00333229  2.04125595  1.94431365] - angle: -1.7109045055064005
2026-01-20 14:46:27,714 - position: [-4.52723354e-04  2.04046130e+00  1.94136488e+00] - angle: -1.7073856883471237
2026-01-20 14:46:27,993 - position: [3.55676748e-05 2.04070663e+00 1.93967164e+00] - angle: -1.7069884185966995
2026-01-20 14:46:28,271 - position: [-1.79093564e-04  2.04096723e+00  1.93933046e+00] - angle: -1.7062795729461229
2026-01-20 14:46:28,496 - position: [-1.99982733e-03  2.04226208e+00  1.93957675e+00] - angle: -1.709415370520242
2026-01-20 14:46:28,805 - position: [-0.00280818  2.04114962  1.94150364] - angle: -1.7052956219278883
2026-01-20 14:46:29,017 - position: [-0.00459206  2.0389142   1.94340372] - angle: -1.708822943865707
2026-01-20 14:46:29,260 - position: [-0.0053957   2.03708148  1.94419992] - angle: -1.7077669410259233
2026-01-20 14:46:29,493 - position: [-0.00658902  2.03614783  1.94609296] - angle: -1.707850252598183
2026-01-20 14:46:29,755 - position: [-0.00643719  2.0388093   1.94860506] - angle: -1.7055588513847377
2026-01-20 14:46:30,079 - position: [-0.00680619  2.04256415  1.94888735] - angle: -1.7052435425989803
2026-01-20 14:46:30,323 - position: [-0.00634991  2.04766536  1.94618309] - angle: -1.7043563391445966
2026-01-20 14:46:30,551 - position: [-0.00576795  2.05005789  1.9445219 ] - angle: -1.7049833342389755
2026-01-20 14:46:30,771 - position: [-0.00469589  2.05839229  1.93950033] - angle: -1.7044057752062756
2026-01-20 14:46:31,015 - position: [-0.00475745  2.06406736  1.93622136] - angle: -1.7040454913981016
2026-01-20 14:46:31,266 - position: [-0.00441687  2.07087898  1.93207908] - angle: -1.7042268421140365
2026-01-20 14:46:31,513 - position: [-0.00437824  2.07953119  1.92650223] - angle: -1.7080789959781253
2026-01-20 14:46:31,769 - position: [-0.00411676  2.08581257  1.92226791] - angle: -1.7041796422581221
2026-01-20 14:46:31,990 - position: [-0.00447277  2.08954692  1.91898692] - angle: -1.7031417159340307
2026-01-20 14:46:32,227 - position: [-0.00455719  2.09250855  1.91667461] - angle: -1.7036905492931105
2026-01-20 14:46:32,455 - position: [-0.0053009   2.09316754  1.91479957] - angle: -1.7061883950672625
2026-01-20 14:46:32,754 - position: [-0.00642605  2.09218001  1.91308737] - angle: -1.7061885762649656
2026-01-20 14:46:33,021 - position: [-0.00713806  2.090729    1.91225195] - angle: -1.7055267503932114
2026-01-20 14:46:33,298 - position: [-0.0071836   2.08930469  1.91181433] - angle: -1.7024847328571404
2026-01-20 14:46:33,617 - position: [-0.00876045  2.0777781   1.9028281 ] - angle: -1.705389249990409
2026-01-20 14:46:33,847 - position: [-0.00816851  2.07643652  1.90206659] - angle: -1.7020091587608164
2026-01-20 14:46:34,085 - position: [-0.00762526  2.07111096  1.89884579] - angle: -1.7046168859020625
2026-01-20 14:46:34,374 - position: [-0.00671119  2.06911683  1.89857233] - angle: -1.7016235736984715
2026-01-20 14:46:34,636 - position: [-0.00609775  2.06950212  1.89937663] - angle: -1.7010550706340837
2026-01-20 14:46:34,896 - position: [-0.00549506  2.07048368  1.90030408] - angle: -1.7009333937130302
2026-01-20 14:46:35,142 - position: [-0.00549506  2.07048368  1.90030408] - angle: -1.7009333937130302
2026-01-20 14:46:35,411 - position: [-0.00427441  2.07321072  1.90375185] - angle: -1.7039557518485235
2026-01-20 14:46:35,644 - position: [-0.00520422  2.07450533  1.90396488] - angle: -1.7006156205465448
2026-01-20 14:46:35,889 - position: [-0.00679832  2.07350636  1.90183961] - angle: -1.6997682932229816
2026-01-20 14:46:36,149 - position: [-0.00802555  2.07271194  1.89988041] - angle: -1.7027530946620715
2026-01-20 14:46:36,442 - position: [-0.00800544  2.07208538  1.89867699] - angle: -1.7020461871185155
2026-01-20 14:46:36,669 - position: [-0.00741859  2.07125044  1.89745831] - angle: -1.7024845718173012
2026-01-20 14:46:36,871 - position: [-0.00565043  2.06810093  1.8944428 ] - angle: -1.7016891952515554
2026-01-20 14:46:37,124 - position: [-0.00511679  2.06684518  1.89364922] - angle: -1.701422809016698
2026-01-20 14:46:37,340 - position: [-0.00481649  2.06606936  1.89320731] - angle: -1.701707985725899
2026-01-20 14:46:37,657 - position: [-0.00265969  2.05999017  1.89015293] - angle: -1.6979428427758751
2026-01-20 14:46:38,035 - position: [-1.87789742e-03  2.05755162e+00  1.88818431e+00] - angle: -1.7017401610978222
2026-01-20 14:46:38,282 - position: [1.10634707e-03 2.05552936e+00 1.88647258e+00] - angle: -1.7010040619529887
2026-01-20 14:46:38,513 - position: [0.00215914 2.05554986 1.88628197] - angle: -1.70135320607337
2026-01-20 14:46:38,743 - position: [0.0047253  2.05645585 1.88646829] - angle: -1.69830375550365
2026-01-20 14:46:38,960 - position: [0.0146695  2.08143687 1.90220368] - angle: -1.7007890824949534
2026-01-20 14:46:39,204 - position: [0.01525268 2.08306885 1.90447628] - angle: -1.700518416176731
2026-01-20 14:46:39,424 - position: [0.01535697 2.08345437 1.90508008] - angle: -1.7000339759383332
2026-01-20 14:46:39,641 - position: [0.01702162 2.08614635 1.9061631 ] - angle: -1.7003875800833832
2026-01-20 14:46:39,922 - position: [0.01762737 2.08882117 1.90529132] - angle: -1.6966166248784882
2026-01-20 14:46:40,190 - position: [0.01649213 2.09443164 1.90239799] - angle: -1.6999948918468242
2026-01-20 14:46:40,433 - position: [0.01574311 2.09598017 1.90147996] - angle: -1.7004469363902395
2026-01-20 14:46:40,690 - position: [0.01294315 2.09534645 1.89900899] - angle: -1.6967029463552912
2026-01-20 14:46:40,941 - position: [0.01235303 2.09437561 1.89877701] - angle: -1.6965730843939202
2026-01-20 14:46:41,160 - position: [0.01030349 2.0875361  1.89670026] - angle: -1.6987248395523427
2026-01-20 14:46:41,395 - position: [0.01020658 2.08201218 1.89384782] - angle: -1.6951353175060468
2026-01-20 14:46:41,616 - position: [0.0098552  2.08004284 1.89232337] - angle: -1.6959083939274464
2026-01-20 14:46:41,834 - position: [0.00919163 2.07930398 1.8911792 ] - angle: -1.6961197900100728
2026-01-20 14:46:42,045 - position: [0.00839864 2.07893801 1.89020395] - angle: -1.6958420775929248
2026-01-20 14:46:42,278 - position: [0.00807196 2.07883835 1.88988578] - angle: -1.6957331903513921
2026-01-20 14:46:42,510 - position: [0.00602404 2.07777238 1.88780212] - angle: -1.6961664592396621
2026-01-20 14:46:42,754 - position: [0.00334719 2.07558393 1.89041138] - angle: -1.6960809313390053
2026-01-20 14:46:42,984 - position: [0.00290418 2.07443881 1.89407742] - angle: -1.6961064065354643
2026-01-20 14:46:43,210 - position: [0.00217879 2.07368064 1.89813995] - angle: -1.6988098096978161
2026-01-20 14:46:43,433 - position: [0.00285252 2.07184768 1.90538657] - angle: -1.695721884996992
2026-01-20 14:46:43,667 - position: [0.00348205 2.07052302 1.90886104] - angle: -1.6954615736171466
2026-01-20 14:46:43,947 - position: [0.00679176 2.06191039 1.91857576] - angle: -1.6953874256709751
2026-01-20 14:46:44,250 - position: [0.01106783 2.0511682  1.92280519] - angle: -1.694459387416316
2026-01-20 14:46:44,472 - position: [0.01205734 2.04875588 1.92313504] - angle: -1.694407104582492
2026-01-20 14:46:44,697 - position: [0.01323655 2.04531217 1.92326272] - angle: -1.6975217851557618
2026-01-20 14:46:44,921 - position: [0.01455246 2.04362273 1.9234339 ] - angle: -1.694903031325711
2026-01-20 14:46:45,158 - position: [0.01968042 2.02935338 1.9195385 ] - angle: -1.6928459984798856
2026-01-20 14:46:45,408 - position: [0.01952932 2.02577353 1.91691113] - angle: -1.6964804489777894
2026-01-20 14:46:45,616 - position: [0.01927562 2.02458477 1.91591203] - angle: -1.696048719702091
2026-01-20 14:46:45,828 - position: [0.01951883 2.0224731  1.91455781] - angle: -1.6930703866922112
2026-01-20 14:46:46,045 - position: [0.01901811 2.02084923 1.91400504] - angle: -1.693296965807587
2026-01-20 14:46:46,295 - position: [0.01803712 2.01993489 1.91380048] - angle: -1.6960755594739645
2026-01-20 14:46:46,497 - position: [0.01289395 2.01731944 1.91982138] - angle: -1.6925744453396305
2026-01-20 14:46:46,772 - position: [0.01205863 2.01645899 1.92296827] - angle: -1.6929132378098597
2026-01-20 14:46:47,032 - position: [0.01149505 2.01515698 1.92480075] - angle: -1.6924285610570582
2026-01-20 14:46:47,261 - position: [0.01073543 2.01271915 1.92703021] - angle: -1.6928104520661051
2026-01-20 14:46:47,490 - position: [0.01011036 2.01087761 1.92858005] - angle: -1.69593345247457
2026-01-20 14:46:47,766 - position: [0.01010734 2.00878453 1.92994666] - angle: -1.6962913402035031
2026-01-20 14:46:48,008 - position: [0.00833944 2.00496793 1.93141162] - angle: -1.6951251634501432
2026-01-20 14:46:48,243 - position: [0.00673107 2.00425506 1.93121409] - angle: -1.6946211104384794
2026-01-20 14:46:48,565 - position: [0.00412817 2.00881958 1.92905903] - angle: -1.6915565316984846
2026-01-20 14:46:48,804 - position: [0.00210887 2.01281548 1.92832208] - angle: -1.6942590917419107
2026-01-20 14:46:49,049 - position: [5.53911144e-04 2.01709867e+00 1.92774165e+00] - angle: -1.6936826983748663
2026-01-20 14:46:49,315 - position: [5.63243404e-04 2.02276826e+00 1.92785501e+00] - angle: -1.6901477539601437
2026-01-20 14:46:49,586 - position: [8.20150599e-04 2.02522874e+00 1.92818344e+00] - angle: -1.6896212055927737
2026-01-20 14:46:49,820 - position: [1.04726432e-03 2.02570391e+00 1.92811763e+00] - angle: -1.6892785209227235
2026-01-20 14:46:50,040 - position: [1.59295416e-03 2.02705336e+00 1.92820466e+00] - angle: -1.68969229228051
2026-01-20 14:46:50,291 - position: [1.87002774e-03 2.02761507e+00 1.92829478e+00] - angle: -1.6892391999539385
2026-01-20 14:46:50,535 - position: [0.0040699  2.02769685 1.9276607 ] - angle: -1.688099528336359
2026-01-20 14:46:50,739 - position: [0.00448399 2.02722096 1.92681336] - angle: -1.6876956151804183
2026-01-20 14:46:50,955 - position: [0.00516787 2.02495146 1.92282283] - angle: -1.6900187311275001
2026-01-20 14:46:51,208 - position: [0.00638682 2.02329063 1.92045879] - angle: -1.6873957978618108
2026-01-20 14:46:51,447 - position: [0.00709611 2.02182674 1.91689312] - angle: -1.690008027146325
2026-01-20 14:46:51,708 - position: [0.00859917 2.02100515 1.91065383] - angle: -1.6906227243105514
2026-01-20 14:46:51,953 - position: [0.00657559 2.0230608  1.90811253] - angle: -1.6864311914043135
2026-01-20 14:46:52,209 - position: [0.00587496 2.0232749  1.90751505] - angle: -1.6872361270012286
2026-01-20 14:46:52,439 - position: [1.80622283e-03 2.02297878e+00 1.90497684e+00] - angle: -1.6870929035308428
2026-01-20 14:46:52,740 - position: [-1.27583812e-03  2.02148557e+00  1.90288198e+00] - angle: -1.6900547097631637
2026-01-20 14:46:52,979 - position: [-0.0036398   2.02009678  1.90055311] - angle: -1.7030560231268392
2026-01-20 14:46:53,224 - position: [-1.28914462e-03  2.02255058e+00  1.89978147e+00] - angle: -1.6865003548634423
2026-01-20 14:46:53,547 - position: [7.52456486e-04 2.02426386e+00 1.90058470e+00] - angle: -1.7028423479220596
2026-01-20 14:46:53,802 - position: [0.00364327 2.02737856 1.9018085 ] - angle: -1.6889413572639906
2026-01-20 14:46:54,050 - position: [0.00890831 2.03073192 1.90520108] - angle: -1.689070929686034
2026-01-20 14:46:54,271 - position: [0.0108466  2.03250551 1.90659046] - angle: -1.6863014776234095
2026-01-20 14:46:54,494 - position: [0.01203208 2.03492951 1.90783405] - angle: -1.6856988250507685
2026-01-20 14:46:54,721 - position: [0.01238447 2.04141164 1.91116774] - angle: -1.6883624236850698
2026-01-20 14:46:54,960 - position: [0.01134206 2.04668403 1.91345537] - angle: -1.6877245261197995
2026-01-20 14:46:55,166 - position: [0.00885936 2.05324173 1.91511071] - angle: -1.6879732655908173
2026-01-20 14:46:55,398 - position: [0.00699408 2.05770898 1.91539395] - angle: -1.6877233875532527
2026-01-20 14:46:55,681 - position: [0.0045728  2.06475067 1.9143672 ] - angle: -1.6880488627741865
2026-01-20 14:46:55,917 - position: [0.00470241 2.06946635 1.91196585] - angle: -1.6840945032709556
2026-01-20 14:46:56,175 - position: [0.00591511 2.07439113 1.90795839] - angle: -1.6835324753126706
2026-01-20 14:46:56,412 - position: [0.00711738 2.07624602 1.90573704] - angle: -1.6833696832366671
2026-01-20 14:46:56,644 - position: [0.00960803 2.07796574 1.90099978] - angle: -1.6866143165127285
2026-01-20 14:46:56,886 - position: [0.01007986 2.07804227 1.90088165] - angle: -1.6864195349992137
2026-01-20 14:46:57,116 - position: [0.00953962 2.07773328 1.90195584] - angle: -1.6863648468003607
2026-01-20 14:46:57,353 - position: [0.00764091 2.07615066 1.90461266] - angle: -1.6833415595002048
2026-01-20 14:46:57,573 - position: [0.00346628 2.07136726 1.90512073] - angle: -1.7001456441886962
2026-01-20 14:46:57,781 - position: [0.0033864  2.07097673 1.90519285] - angle: -1.6998295558440555
2026-01-20 14:46:58,003 - position: [0.00258706 2.06805801 1.9055295 ] - angle: -1.7000733425138819
2026-01-20 14:46:58,231 - position: [0.00354703 2.06578779 1.90662336] - angle: -1.6840439492181947
2026-01-20 14:46:58,461 - position: [0.00320015 2.06284213 1.90802729] - angle: -1.683583456088785
2026-01-20 14:46:58,669 - position: [0.00320015 2.06284213 1.90802729] - angle: -1.683583456088785
2026-01-20 14:46:58,898 - position: [0.00317267 2.0619328  1.91034234] - angle: -1.6836800199480857
2026-01-20 14:46:59,167 - position: [0.00341205 2.06340528 1.9118284 ] - angle: -1.683548771776696
2026-01-20 14:46:59,390 - position: [0.00241619 2.06540942 1.91314435] - angle: -1.6984760465786586
2026-01-20 14:46:59,610 - position: [0.00211436 2.06913424 1.91443443] - angle: -1.6976870277860918
2026-01-20 14:46:59,889 - position: [1.86097343e-03 2.07520366e+00 1.91483712e+00] - angle: -1.6974722360987995
2026-01-20 14:47:00,200 - position: [0.00370448 2.08021069 1.90907228] - angle: -1.6975188966980737
2026-01-20 14:47:00,540 - position: [0.01218209 2.09213829 1.90082419] - angle: -1.6956422410235596
2026-01-20 14:47:00,806 - position: [0.01303929 2.09370518 1.90042555] - angle: -1.6956875322594263
2026-01-20 14:47:01,010 - position: [0.01807405 2.10972023 1.90074956] - angle: -1.6934651545622899
2026-01-20 14:47:01,251 - position: [0.01804766 2.11309814 1.90284348] - angle: -1.694762214717179
2026-01-20 14:47:01,489 - position: [0.01799362 2.1148665  1.90459991] - angle: -1.695089107430105
2026-01-20 14:47:01,750 - position: [0.01831051 2.1159873  1.9071275 ] - angle: -1.6945575095663452
2026-01-20 14:47:02,004 - position: [0.02115168 2.11707687 1.91243672] - angle: -1.6780328858597695
2026-01-20 14:47:02,280 - position: [0.02124842 2.11568689 1.91468561] - angle: -1.6936405001686463
2026-01-20 14:47:02,514 - position: [0.02461329 2.11594224 1.91734207] - angle: -1.680827146382022
2026-01-20 14:47:02,829 - position: [0.02807356 2.1145134  1.9217118 ] - angle: -1.6804610732020215
2026-01-20 14:47:03,071 - position: [0.02899659 2.11542201 1.92288649] - angle: -1.6806783469490192
2026-01-20 14:47:03,305 - position: [0.0282614  2.11621952 1.92454112] - angle: -1.69133844154082
2026-01-20 14:47:03,519 - position: [0.02972137 2.11801934 1.92591143] - angle: -1.6769514068956752
2026-01-20 14:47:03,784 - position: [0.02962378 2.12024331 1.92858982] - angle: -1.6767232373563115
2026-01-20 14:47:04,038 - position: [0.02819804 2.12039542 1.9288317 ] - angle: -1.692075979179915
2026-01-20 14:47:04,290 - position: [0.02844571 2.12180114 1.92891312] - angle: -1.6916799643418372
2026-01-20 14:47:04,511 - position: [0.02853703 2.1222477  1.92875493] - angle: -1.6907971623713234
2026-01-20 14:47:04,742 - position: [0.02875231 2.1231246  1.92841101] - angle: -1.6916838361087674
2026-01-20 14:47:04,968 - position: [0.03045828 2.12521291 1.92790902] - angle: -1.676904722463286
2026-01-20 14:47:05,188 - position: [0.03045828 2.12521291 1.92790902] - angle: -1.676904722463286
2026-01-20 14:47:05,399 - position: [0.02891826 2.12474132 1.92702377] - angle: -1.6919340767536735
2026-01-20 14:47:05,671 - position: [0.03057674 2.12552714 1.9256891 ] - angle: -1.6759409315193299
2026-01-20 14:47:05,936 - position: [0.03150157 2.12820005 1.92581642] - angle: -1.6786796944505102
2026-01-20 14:47:06,178 - position: [0.02946495 2.12245655 1.92588317] - angle: -1.6890351503442442
2026-01-20 14:47:06,422 - position: [0.02861612 2.12124276 1.92504978] - angle: -1.689156442166654
2026-01-20 14:47:06,660 - position: [0.02824024 2.1214416  1.92439961] - angle: -1.6889473467551088
2026-01-20 14:47:06,991 - position: [0.0293885  2.12646079 1.92272389] - angle: -1.6737212079673798
2026-01-20 14:47:07,204 - position: [0.02774915 2.12892008 1.91983771] - angle: -1.6727544062586652
2026-01-20 14:47:07,413 - position: [0.02731333 2.128824   1.91949844] - angle: -1.673095274924587
2026-01-20 14:47:07,711 - position: [0.02229906 2.12310386 1.91623032] - angle: -1.6873068114442482
2026-01-20 14:47:07,916 - position: [0.02061812 2.11925602 1.91598821] - angle: -1.6885275997701417
2026-01-20 14:47:08,152 - position: [0.01805527 2.11460638 1.91592264] - angle: -1.6888570646042353
2026-01-20 14:47:08,380 - position: [0.01519015 2.10942101 1.91558874] - angle: -1.6875425173155225
2026-01-20 14:47:08,602 - position: [0.01395088 2.10586953 1.91569555] - angle: -1.6875440533721342
2026-01-20 14:47:08,832 - position: [0.01334074 2.10368681 1.91589832] - angle: -1.6856158768334737
2026-01-20 14:47:09,108 - position: [0.01318616 2.09420824 1.91568542] - angle: -1.6715745216290063
2026-01-20 14:47:09,377 - position: [0.01291532 2.09021044 1.91517866] - angle: -1.671737157326076
2026-01-20 14:47:09,655 - position: [0.0116564  2.08502555 1.91543674] - angle: -1.6719269770343574
2026-01-20 14:47:09,895 - position: [0.01141231 2.08422923 1.91540027] - angle: -1.6715760012241532
2026-01-20 14:47:10,102 - position: [0.01102064 2.08257413 1.91577792] - angle: -1.6709321231835688
2026-01-20 14:47:10,354 - position: [0.00891835 2.07881427 1.9162935 ] - angle: -1.6867612935108518
2026-01-20 14:47:10,613 - position: [0.00841225 2.07686949 1.91669011] - angle: -1.685823703484333
2026-01-20 14:47:10,878 - position: [0.00673962 2.07172036 1.9160589 ] - angle: -1.6859306489558232
2026-01-20 14:47:11,107 - position: [0.00752829 2.07107663 1.91655505] - angle: -1.670733187026694
2026-01-20 14:47:11,413 - position: [0.0072619  2.07030773 1.91699839] - angle: -1.6701572368113897
2026-01-20 14:47:11,654 - position: [0.00470455 2.06819105 1.91784012] - angle: -1.6851878419076263
2026-01-20 14:47:11,872 - position: [0.00267676 2.06847644 1.91939259] - angle: -1.6842401874326276
2026-01-20 14:47:12,119 - position: [0.00348029 2.06999063 1.92006695] - angle: -1.6696681270323221
2026-01-20 14:47:12,332 - position: [0.0037101  2.07269931 1.91979611] - angle: -1.6700602112923013
2026-01-20 14:47:12,583 - position: [0.00390347 2.07314777 1.91953707] - angle: -1.6696026774887578
2026-01-20 14:47:12,801 - position: [0.00627024 2.07896304 1.9138937 ] - angle: -1.6691563068926136
2026-01-20 14:47:13,013 - position: [0.00679413 2.08033395 1.9127568 ] - angle: -1.6686359752937676
2026-01-20 14:47:13,302 - position: [0.00760608 2.08449149 1.91087329] - angle: -1.6720826196176253
2026-01-20 14:47:13,656 - position: [0.0070081  2.08988595 1.90922606] - angle: -1.6707677296425487
2026-01-20 14:47:13,904 - position: [0.00543961 2.09081483 1.90865231] - angle: -1.683166108716069
2026-01-20 14:47:14,134 - position: [0.0053809  2.09092999 1.90861917] - angle: -1.6832697848608813
2026-01-20 14:47:14,378 - position: [0.00598449 2.08874202 1.9086864 ] - angle: -1.6819852153120056
2026-01-20 14:47:14,634 - position: [0.00598449 2.08874202 1.9086864 ] - angle: -1.6819852153120056
2026-01-20 14:47:14,868 - position: [0.00486695 2.08139968 1.91231501] - angle: -1.6818373187252682
2026-01-20 14:47:15,103 - position: [0.00613145 2.08133459 1.9145627 ] - angle: -1.6662448415885178
2026-01-20 14:47:15,363 - position: [0.00426051 2.07826924 1.92291534] - angle: -1.68104210329542
2026-01-20 14:47:15,571 - position: [0.00683558 2.07764173 1.92581761] - angle: -1.6657882028465831
2026-01-20 14:47:15,823 - position: [0.00806251 2.07657838 1.92757607] - angle: -1.6658468549728962
2026-01-20 14:47:16,046 - position: [0.00773419 2.07576156 1.92891276] - angle: -1.6805871617200134
2026-01-20 14:47:16,291 - position: [0.00773419 2.07576156 1.92891276] - angle: -1.6805871617200134
2026-01-20 14:47:16,595 - position: [0.00864262 2.07847333 1.9299314 ] - angle: -1.668368900522669
2026-01-20 14:47:16,856 - position: [0.00905909 2.07876992 1.92949069] - angle: -1.6652841141220005
2026-01-20 14:47:17,101 - position: [0.00942226 2.07916594 1.92906713] - angle: -1.6647560155116192
2026-01-20 14:47:17,314 - position: [0.00947086 2.07929897 1.92884159] - angle: -1.6645325875760033
2026-01-20 14:47:17,544 - position: [0.01058284 2.08167601 1.92643845] - angle: -1.6647776127844454
2026-01-20 14:47:17,764 - position: [0.00993311 2.083776   1.92328048] - angle: -1.6776436173506433
2026-01-20 14:47:17,999 - position: [0.01239447 2.08615708 1.92212737] - angle: -1.666600452941263
2026-01-20 14:47:18,298 - position: [0.01541025 2.08945584 1.92362237] - angle: -1.662820924383631
2026-01-20 14:47:18,559 - position: [0.01595466 2.09004378 1.92488968] - angle: -1.662570021397352
2026-01-20 14:47:18,792 - position: [0.01656136 2.08932209 1.92576551] - angle: -1.662335890194715
2026-01-20 14:47:19,023 - position: [0.0155785  2.08724236 1.92645574] - angle: -1.6771627097893074
2026-01-20 14:47:19,246 - position: [0.01573246 2.08704853 1.92648876] - angle: -1.6768502725679397
2026-01-20 14:47:19,533 - position: [0.01573246 2.08704853 1.92648876] - angle: -1.6768502725679397
2026-01-20 14:47:19,748 - position: [0.01761048 2.08616972 1.9274981 ] - angle: -1.6644134552210046
2026-01-20 14:47:19,984 - position: [0.01806707 2.08507419 1.92772055] - angle: -1.6646107009960236
2026-01-20 14:47:20,207 - position: [0.02035766 2.07842612 1.92891443] - angle: -1.6644892169237755
2026-01-20 14:47:20,433 - position: [0.02296893 2.06079817 1.92858016] - angle: -1.676507759759052
2026-01-20 14:47:20,724 - position: [0.02444724 2.04350591 1.92459989] - angle: -1.6644657531831797
2026-01-20 14:47:20,952 - position: [0.02301685 2.04080248 1.91981494] - angle: -1.66428556833392
2026-01-20 14:47:21,365 - position: [0.02265012 2.04372883 1.91636395] - angle: -1.6638804537299965
2026-01-20 14:47:21,630 - position: [0.02269484 2.05157208 1.91074741] - angle: -1.6615488204483722
2026-01-20 14:47:21,863 - position: [0.02209981 2.05361485 1.90816236] - angle: -1.6634190420509025
2026-01-20 14:47:22,174 - position: [0.0212189  2.05588365 1.90336442] - angle: -1.6641545729570648
2026-01-20 14:47:22,401 - position: [0.0200653  2.05752039 1.90092731] - angle: -1.6639230472729931
2026-01-20 14:47:22,628 - position: [0.01911112 2.05882907 1.89993727] - angle: -1.6636432762035307
2026-01-20 14:47:22,829 - position: [0.01911112 2.05882907 1.89993727] - angle: -1.6636432762035307
2026-01-20 14:47:23,050 - position: [0.01702712 2.07011533 1.89769268] - angle: -1.6623362744196335
2026-01-20 14:47:23,295 - position: [0.01390537 2.07308245 1.89665926] - angle: -1.6748039028675663
2026-01-20 14:47:23,517 - position: [0.01456949 2.08020186 1.89638901] - angle: -1.6584922117156502
2026-01-20 14:47:23,762 - position: [0.01420701 2.08330464 1.8966217 ] - angle: -1.6620623786384598
2026-01-20 14:47:23,996 - position: [0.01435127 2.0853622  1.89696085] - angle: -1.661095684198294
2026-01-20 14:47:24,236 - position: [0.01502903 2.08992434 1.89803791] - angle: -1.6612187309675015
2026-01-20 14:47:24,461 - position: [0.01625197 2.09284759 1.89778674] - angle: -1.660768484566554
2026-01-20 14:47:24,676 - position: [0.01750054 2.09429407 1.89743388] - angle: -1.6606324029715696
2026-01-20 14:47:24,910 - position: [0.02003185 2.09570312 1.89710331] - angle: -1.6606474118912153
2026-01-20 14:47:25,140 - position: [0.02003185 2.09570312 1.89710331] - angle: -1.6606474118912153
2026-01-20 14:47:25,369 - position: [0.02183123 2.09489727 1.89697504] - angle: -1.6606076239654515
2026-01-20 14:47:25,588 - position: [0.02309278 2.09264994 1.89816761] - angle: -1.6574212644935944
2026-01-20 14:47:25,797 - position: [0.02032968 2.09281468 1.90102351] - angle: -1.6594097249429716
2026-01-20 14:47:26,028 - position: [0.01413213 2.09235406 1.90631747] - angle: -1.6595857806147123
2026-01-20 14:47:26,249 - position: [0.01022429 2.0899992  1.90933251] - angle: -1.6590191962427365
2026-01-20 14:47:26,538 - position: [0.01006141 2.08647847 1.91075695] - angle: -1.6588431914449373
2026-01-20 14:47:26,825 - position: [0.01258206 2.08354402 1.91070116] - angle: -1.6580315824412422
2026-01-20 14:47:27,091 - position: [0.01326005 2.08350205 1.91009212] - angle: -1.6580609220891391
2026-01-20 14:47:27,335 - position: [0.01326005 2.08350205 1.91009212] - angle: -1.6580609220891391
2026-01-20 14:47:27,576 - position: [0.01034225 2.08625507 1.90657747] - angle: -1.658196341858921
2026-01-20 14:47:27,815 - position: [0.00767724 2.09033799 1.90661013] - angle: -1.6572533033707408
2026-01-20 14:47:28,147 - position: [0.00552105 2.09284139 1.90659344] - angle: -1.6579991455804173
2026-01-20 14:47:28,376 - position: [0.00373627 2.0933485  1.90820551] - angle: -1.654401602268429
2026-01-20 14:47:28,636 - position: [0.00259852 2.0931735  1.90977347] - angle: -1.6540932420188366
2026-01-20 14:47:28,867 - position: [1.14549464e-03 2.09223270e+00 1.91198385e+00] - angle: -1.6541840278717128
2026-01-20 14:47:29,110 - position: [-4.30596992e-04  2.09047389e+00  1.91469705e+00] - angle: -1.6540867120065261
2026-01-20 14:47:29,337 - position: [-1.30321435e-03  2.08742905e+00  1.91639233e+00] - angle: -1.654000284194444
2026-01-20 14:47:29,574 - position: [-9.76970885e-04  2.07704020e+00  1.91790247e+00] - angle: -1.653393645058281
2026-01-20 14:47:29,832 - position: [-8.81319284e-04  2.07421494e+00  1.91640472e+00] - angle: -1.6564249814977572
2026-01-20 14:47:30,072 - position: [-7.55205925e-04  2.07430077e+00  1.91456509e+00] - angle: -1.6559572324215317
2026-01-20 14:47:30,353 - position: [-6.03485678e-04  2.07478523e+00  1.91324878e+00] - angle: -1.6553608958754875
2026-01-20 14:47:30,655 - position: [6.60570280e-04 2.08228135e+00 1.90642774e+00] - angle: -1.655352882209609
2026-01-20 14:47:30,882 - position: [-3.05628550e-04  2.08447313e+00  1.90487766e+00] - angle: -1.6552747414406461
2026-01-20 14:47:31,110 - position: [-1.09319459e-03  2.08552718e+00  1.90388739e+00] - angle: -1.6543014795265165
2026-01-20 14:47:31,351 - position: [-1.45640201e-03  2.08582234e+00  1.90314388e+00] - angle: -1.6541851654087179
2026-01-20 14:47:31,560 - position: [-0.00245903  2.08541346  1.89877844] - angle: -1.6539260893043153
2026-01-20 14:47:31,814 - position: [-0.00524598  2.08389735  1.89328825] - angle: -1.654112742269568
2026-01-20 14:47:32,029 - position: [-0.0057836   2.08286119  1.89259529] - angle: -1.6508832303527559
2026-01-20 14:47:32,279 - position: [-0.00693294  2.08116531  1.89276636] - angle: -1.6510378482427832
2026-01-20 14:47:32,516 - position: [-0.00756087  2.07853174  1.89473939] - angle: -1.6531390153177012
2026-01-20 14:47:32,783 - position: [-0.0068368   2.07666159  1.89704001] - angle: -1.6534208429887478
2026-01-20 14:47:32,986 - position: [-0.00623982  2.07548094  1.89800441] - angle: -1.6530637380139659
2026-01-20 14:47:33,226 - position: [-0.0049752   2.07406688  1.89891577] - angle: -1.6496636640974751
2026-01-20 14:47:33,434 - position: [-1.78461720e-03  2.07030249e+00  1.89940608e+00] - angle: -1.649992619826353
2026-01-20 14:47:33,650 - position: [-1.80894422e-04  2.06531429e+00  1.89964855e+00] - angle: -1.651880075402592
2026-01-20 14:47:33,907 - position: [-5.61340021e-05  2.06442714e+00  1.89952338e+00] - angle: -1.6521137428551498
2026-01-20 14:47:34,236 - position: [-9.03192849e-05  2.05910802e+00  1.89777839e+00] - angle: -1.6522036197785894
2026-01-20 14:47:34,532 - position: [-4.36764647e-04  2.05525756e+00  1.89564157e+00] - angle: -1.6512166168342475
2026-01-20 14:47:34,782 - position: [-7.18387601e-04  2.05298615e+00  1.89465821e+00] - angle: -1.652602861664727
2026-01-20 14:47:34,997 - position: [-1.73802022e-03  2.05423021e+00  1.89507961e+00] - angle: -1.6520208715524234
2026-01-20 14:47:35,222 - position: [-0.00339045  2.05687904  1.89590442] - angle: -1.652034020215039
2026-01-20 14:47:35,452 - position: [-0.00339045  2.05687904  1.89590442] - angle: -1.652034020215039
2026-01-20 14:47:35,711 - position: [-0.00415233  2.05558968  1.89742374] - angle: -1.651916826439999
2026-01-20 14:47:35,933 - position: [-0.00409065  2.05152869  1.89653313] - angle: -1.6509577503750714
2026-01-20 14:47:36,194 - position: [-0.00393986  2.04859877  1.8957715 ] - angle: -1.6512581115515506
2026-01-20 14:47:36,426 - position: [-0.00391913  2.04643631  1.89510107] - angle: -1.6515724533190799
2026-01-20 14:47:36,709 - position: [-0.00458965  2.03566051  1.89104736] - angle: -1.6478592812773325
2026-01-20 14:47:36,950 - position: [-0.00574299  2.02762103  1.88785279] - angle: -1.6492541803760714
2026-01-20 14:47:37,179 - position: [-0.00555999  2.02364802  1.88670909] - angle: -1.6500528838390718
2026-01-20 14:47:37,407 - position: [-0.00495742  2.01343584  1.88458657] - angle: -1.6464142528291275
2026-01-20 14:47:37,628 - position: [-0.0053073   2.01137209  1.88416564] - angle: -1.6458798429435468
2026-01-20 14:47:37,858 - position: [-0.00944038  2.00471783  1.88288808] - angle: -1.6481935032535464
2026-01-20 14:47:38,267 - position: [-0.01290071  2.00141501  1.88637865] - angle: -1.645361842099275
2026-01-20 14:47:38,479 - position: [-0.01280654  2.00125337  1.88795233] - angle: -1.6458229679126344
2026-01-20 14:47:38,703 - position: [-0.0132065   2.00049233  1.88859439] - angle: -1.648552449630687
2026-01-20 14:47:38,912 - position: [-0.01300859  1.99950421  1.88888633] - angle: -1.648523432097364
2026-01-20 14:47:39,143 - position: [-0.01295592  1.99848485  1.88866842] - angle: -1.6481123636318298
2026-01-20 14:47:39,391 - position: [-0.01199841  1.99875236  1.88839543] - angle: -1.6481912246406658
2026-01-20 14:47:39,716 - position: [-0.0110444   2.00328159  1.88942873] - angle: -1.6485084543904858
2026-01-20 14:47:40,007 - position: [-0.00999048  2.00588894  1.89073229] - angle: -1.6453780180018693
2026-01-20 14:47:40,239 - position: [-0.00753894  2.00998425  1.89650214] - angle: -1.645708861043878
2026-01-20 14:47:40,561 - position: [-0.00764986  2.01420784  1.9009589 ] - angle: -1.64809449756053
2026-01-20 14:47:40,785 - position: [-0.00711929  2.01998162  1.90486431] - angle: -1.6485904615916063
2026-01-20 14:47:41,013 - position: [-0.00558257  2.02869415  1.90969956] - angle: -1.645323190623575
2026-01-20 14:47:41,278 - position: [-0.00547435  2.0329206   1.91156352] - angle: -1.6477993519676968
2026-01-20 14:47:41,600 - position: [-0.00583432  2.03769946  1.9157517 ] - angle: -1.6478190582258243
2026-01-20 14:47:41,841 - position: [-0.00634449  2.03544617  1.91813231] - angle: -1.6467611432274314
2026-01-20 14:47:42,139 - position: [-0.00656891  2.03383422  1.91874051] - angle: -1.6473576028466006
2026-01-20 14:47:42,376 - position: [-0.00691388  2.03127432  1.91958022] - angle: -1.6471321418972131
2026-01-20 14:47:42,595 - position: [-0.00637136  2.02719879  1.92101324] - angle: -1.6444300238242446
2026-01-20 14:47:42,840 - position: [-0.00588923  2.01734257  1.9253062 ] - angle: -1.6434263998950644
2026-01-20 14:47:43,076 - position: [-0.00399562  2.01058817  1.92856801] - angle: -1.6433391872149716
2026-01-20 14:47:43,312 - position: [-0.00281432  2.00667834  1.93029606] - angle: -1.6456861808263694
2026-01-20 14:47:43,536 - position: [-9.97771509e-04  2.00484538e+00  1.93169808e+00] - angle: -1.6425602559116097
2026-01-20 14:47:43,740 - position: [7.93343526e-04 2.00509095e+00 1.93276906e+00] - angle: -1.645025415531908
2026-01-20 14:47:43,945 - position: [0.00404523 2.00830078 1.9342761 ] - angle: -1.6444792411073479
2026-01-20 14:47:44,209 - position: [0.00503569 2.01003075 1.93501711] - angle: -1.642040511325856
2026-01-20 14:47:44,519 - position: [0.00409529 2.02073407 1.93647635] - angle: -1.6444372145757953
2026-01-20 14:47:44,743 - position: [0.00367074 2.02716184 1.93645751] - angle: -1.643324489398152
2026-01-20 14:47:45,071 - position: [0.00264236 2.03116131 1.93499172] - angle: -1.640113939090842
2026-01-20 14:47:45,373 - position: [1.58174348e-03 2.03423953e+00 1.93364584e+00] - angle: -1.6431048737080989
2026-01-20 14:47:45,644 - position: [1.46617775e-03 2.03338432e+00 1.93387401e+00] - angle: -1.6427414612204334
2026-01-20 14:47:45,853 - position: [1.76613871e-03 2.02943683e+00 1.93502498e+00] - angle: -1.6401418824227214
2026-01-20 14:47:46,100 - position: [0.00241647 2.0225029  1.9376204 ] - angle: -1.640172958877061
2026-01-20 14:47:46,365 - position: [0.00370458 2.00952578 1.9412508 ] - angle: -1.639735197409566
2026-01-20 14:47:46,634 - position: [0.00388194 2.00327086 1.94265878] - angle: -1.6419763185856437
2026-01-20 14:47:46,854 - position: [0.00583149 1.99080193 1.9455446 ] - angle: -1.6383580604245314
2026-01-20 14:47:47,111 - position: [0.00655524 1.98212326 1.94508433] - angle: -1.6380398919392816
2026-01-20 14:47:47,336 - position: [0.00648958 1.97851765 1.94408691] - angle: -1.6401509344998395
2026-01-20 14:47:47,569 - position: [0.00662247 1.97779799 1.94395757] - angle: -1.6400923659056446
2026-01-20 14:47:47,832 - position: [0.00957819 1.97064173 1.94247329] - angle: -1.6393031332433559
2026-01-20 14:47:48,067 - position: [0.01240124 1.96870935 1.94189   ] - angle: -1.6361331196866287
2026-01-20 14:47:48,278 - position: [0.01451705 1.96783388 1.94060338] - angle: -1.639079249217179
2026-01-20 14:47:48,507 - position: [0.01769681 1.96696365 1.93968332] - angle: -1.6360766637832542
2026-01-20 14:47:48,731 - position: [0.01975427 1.96690238 1.93716657] - angle: -1.6381058941490174
2026-01-20 14:47:48,947 - position: [0.02132074 1.96668422 1.93350542] - angle: -1.6379607073659486
2026-01-20 14:47:49,149 - position: [0.02206283 1.96682    1.93216181] - angle: -1.6354401582077056
2026-01-20 14:47:49,395 - position: [0.0211911  1.96763945 1.92948413] - angle: -1.6379689224997058
2026-01-20 14:47:49,664 - position: [0.01797156 1.97018802 1.9242866 ] - angle: -1.6378464061214935
2026-01-20 14:47:49,894 - position: [0.01503632 1.97246957 1.9218235 ] - angle: -1.6375740691878775
2026-01-20 14:47:50,133 - position: [0.01442534 1.97288477 1.9212383 ] - angle: -1.6376234341682743
2026-01-20 14:47:50,383 - position: [0.01083585 1.97304571 1.91719961] - angle: -1.6378124671245065
2026-01-20 14:47:50,646 - position: [0.01007313 1.97210717 1.91563308] - angle: -1.6342675235125377
2026-01-20 14:47:50,881 - position: [0.00943923 1.97241604 1.91509223] - angle: -1.6345016460994213
2026-01-20 14:47:51,131 - position: [0.00828887 1.97350991 1.91463697] - angle: -1.6371622595299176
2026-01-20 14:47:51,448 - position: [0.0050379  1.9803412  1.91436672] - angle: -1.6365866593330516
2026-01-20 14:47:51,717 - position: [0.00449563 1.98192441 1.91506517] - angle: -1.6375022227757867
2026-01-20 14:47:51,970 - position: [0.00331731 1.98493743 1.91742909] - angle: -1.6373427300655443
2026-01-20 14:47:52,206 - position: [0.00331731 1.98493743 1.91742909] - angle: -1.6373427300655443
2026-01-20 14:47:52,420 - position: [0.002743   1.9883399  1.92506242] - angle: -1.6347043847434861
2026-01-20 14:47:52,668 - position: [0.00278058 1.9883306  1.92541039] - angle: -1.6347372764403776
2026-01-20 14:47:52,924 - position: [0.00266013 1.98770356 1.92663038] - angle: -1.6345386071936288
2026-01-20 14:47:53,229 - position: [1.35576562e-03 1.98813701e+00 1.92590070e+00] - angle: -1.633997894305601
2026-01-20 14:47:53,438 - position: [-2.74778402e-04  1.99421024e+00  1.92253971e+00] - angle: -1.6359532378070067
2026-01-20 14:47:53,790 - position: [-0.00246123  2.00054264  1.91912079] - angle: -1.6352676457485433
2026-01-20 14:47:54,001 - position: [-0.00349707  2.00512338  1.91747022] - angle: -1.6355383728975177
2026-01-20 14:47:54,345 - position: [-0.00387602  2.02123618  1.91577065] - angle: -1.6348605201711637
2026-01-20 14:47:54,610 - position: [-0.00376577  2.02905202  1.91536307] - angle: -1.634461617802657
2026-01-20 14:47:54,848 - position: [-1.96683360e-03  2.03569126e+00  1.91437662e+00] - angle: -1.6318496102493558
2026-01-20 14:47:55,096 - position: [-1.80139020e-03  2.03598428e+00  1.91376364e+00] - angle: -1.6318817462674904
2026-01-20 14:47:55,383 - position: [-0.00222738  2.03248334  1.91165602] - angle: -1.6333370487083574
2026-01-20 14:47:55,614 - position: [-8.65444075e-04  2.02883816e+00  1.90962732e+00] - angle: -1.6307183735447701
2026-01-20 14:47:55,834 - position: [-2.95425067e-04  2.02693391e+00  1.90830541e+00] - angle: -1.6305938159890818
2026-01-20 14:47:56,072 - position: [-2.95425067e-04  2.02693391e+00  1.90830541e+00] - angle: -1.6305938159890818
2026-01-20 14:47:56,313 - position: [-0.00649114  2.02536964  1.90571666] - angle: -1.6331808928978955
2026-01-20 14:47:56,535 - position: [-0.00791628  2.02525544  1.90687811] - angle: -1.6330318823077246
2026-01-20 14:47:56,743 - position: [-0.00862832  2.02424645  1.90921772] - angle: -1.6342217736589495
2026-01-20 14:47:57,010 - position: [-0.00909315  2.02087307  1.91204548] - angle: -1.633631884242119
2026-01-20 14:47:57,258 - position: [-0.00851555  2.01675677  1.91721106] - angle: -1.631059476126092
2026-01-20 14:47:57,487 - position: [-0.00783179  2.01815248  1.92232883] - angle: -1.6308696502230102
2026-01-20 14:47:57,714 - position: [-0.0074042   2.02214527  1.92573178] - angle: -1.632820321708067
2026-01-20 14:47:57,951 - position: [-0.00350065  2.03535342  1.93226445] - angle: -1.6304062569749167
2026-01-20 14:47:58,169 - position: [-1.73726026e-03  2.04138350e+00  1.93375754e+00] - angle: -1.6302244396536238
2026-01-20 14:47:58,421 - position: [-3.47830355e-05  2.04598713e+00  1.93440473e+00] - angle: -1.6300381840087717
2026-01-20 14:47:58,655 - position: [1.29876798e-03 2.04750609e+00 1.93401062e+00] - angle: -1.630604491045955
2026-01-20 14:47:58,900 - position: [1.70587888e-03 2.04533052e+00 1.93227100e+00] - angle: -1.629068158980778
2026-01-20 14:47:59,154 - position: [1.19753229e-03 2.04306912e+00 1.93064535e+00] - angle: -1.630813553771608
2026-01-20 14:47:59,378 - position: [1.44412543e-03 2.03728342e+00 1.92776060e+00] - angle: -1.6308669607091275
2026-01-20 14:47:59,589 - position: [1.50328106e-03 2.03350091e+00 1.92443538e+00] - angle: -1.630631297668364
2026-01-20 14:47:59,816 - position: [6.91604801e-04 2.03587174e+00 1.92154992e+00] - angle: -1.6275827273109194
2026-01-20 14:48:00,064 - position: [-1.92361255e-03  2.04257798e+00  1.91939545e+00] - angle: -1.627274824922595
2026-01-20 14:48:00,296 - position: [-0.00515941  2.04637146  1.91826797] - angle: -1.6419324706717768
2026-01-20 14:48:00,506 - position: [-0.00556971  2.05137444  1.91704559] - angle: -1.6271992359468497
2026-01-20 14:48:00,710 - position: [-0.00618256  2.0521524   1.91659033] - angle: -1.626993660304441
2026-01-20 14:48:00,925 - position: [-0.00702336  2.05212641  1.91587496] - angle: -1.6265503555943654
2026-01-20 14:48:01,170 - position: [-0.00934362  2.0513401   1.91386902] - angle: -1.6259965662636695
2026-01-20 14:48:01,413 - position: [-0.01159228  2.05026603  1.91104937] - angle: -1.6253605319723494
2026-01-20 14:48:01,631 - position: [-0.01411348  2.0476675   1.90902317] - angle: -1.640420545217804
2026-01-20 14:48:01,851 - position: [-0.01166187  2.04353476  1.90633047] - angle: -1.6255608011138243
2026-01-20 14:48:02,085 - position: [-0.01062661  2.04238272  1.90591347] - angle: -1.6277095904198156
2026-01-20 14:48:02,304 - position: [-0.00798223  2.04218602  1.90592539] - angle: -1.6246602506288994
2026-01-20 14:48:02,532 - position: [-0.00788643  2.0448668   1.90592587] - angle: -1.6281742656619613
2026-01-20 14:48:02,767 - position: [-0.00838631  2.04701567  1.90639281] - angle: -1.6274041911012862
2026-01-20 14:48:03,000 - position: [-0.00906807  2.04741478  1.90810978] - angle: -1.6249951688493471
2026-01-20 14:48:03,233 - position: [-0.0107863   2.04574776  1.90992296] - angle: -1.6247362339097489
2026-01-20 14:48:03,486 - position: [-0.01148422  2.0431459   1.91129768] - angle: -1.6241723274080915
2026-01-20 14:48:03,746 - position: [-0.01166756  2.04098129  1.91215205] - angle: -1.6234931455248782
2026-01-20 14:48:04,007 - position: [-0.01195611  2.03624058  1.91457748] - angle: -1.6261504480837363
2026-01-20 14:48:04,300 - position: [-0.00916366  2.0334332   1.91833234] - angle: -1.6229251412994223
2026-01-20 14:48:04,583 - position: [-0.00784556  2.03246021  1.91994178] - angle: -1.6258259416799747
2026-01-20 14:48:04,814 - position: [-0.00893329  2.03015518  1.92054355] - angle: -1.6378883391261638
2026-01-20 14:48:05,064 - position: [-0.01022701  2.02789497  1.92006922] - angle: -1.6385422913299283
2026-01-20 14:48:05,350 - position: [-0.00966175  2.02324629  1.91843677] - angle: -1.623191497742611
2026-01-20 14:48:05,619 - position: [-0.00985401  2.01962209  1.91669381] - angle: -1.6231677240613376
2026-01-20 14:48:05,927 - position: [-0.00875553  2.01550722  1.91279042] - angle: -1.6234150852601452
2026-01-20 14:48:06,138 - position: [-0.0095415   2.01280308  1.90999842] - angle: -1.6373332786057873
2026-01-20 14:48:06,374 - position: [-0.00728241  2.00873184  1.90496337] - angle: -1.6368173062085516
2026-01-20 14:48:06,681 - position: [-0.00530847  2.00691891  1.90424252] - angle: -1.6376189416248792
2026-01-20 14:48:06,910 - position: [-0.00437004  2.00638771  1.90502131] - angle: -1.637189618690126
2026-01-20 14:48:07,131 - position: [-0.00268847  2.0069437   1.90709555] - angle: -1.6221775587463378
2026-01-20 14:48:07,340 - position: [-0.00219143  2.00502062  1.91174984] - angle: -1.6225091559142903
2026-01-20 14:48:07,554 - position: [-0.00212617  2.00446033  1.91289258] - angle: -1.6221401071856043
2026-01-20 14:48:07,770 - position: [-0.00300427  2.00169444  1.91629207] - angle: -1.6366687232814536
2026-01-20 14:48:07,996 - position: [-4.49911691e-04  2.00425339e+00  1.91930115e+00] - angle: -1.6211079954474847
2026-01-20 14:48:08,222 - position: [4.20035794e-05 2.00906587e+00 1.92160499e+00] - angle: -1.621296856966051
2026-01-20 14:48:08,444 - position: [-0.0021545   2.01124835  1.92178535] - angle: -1.635486000207771
2026-01-20 14:48:08,669 - position: [-0.00239067  2.01254582  1.92199624] - angle: -1.6356584328986319
2026-01-20 14:48:08,909 - position: [-0.00239067  2.01254582  1.92199624] - angle: -1.6356584328986319
2026-01-20 14:48:09,175 - position: [-0.00381859  2.02073264  1.92136359] - angle: -1.6350213342700641
2026-01-20 14:48:09,424 - position: [-0.00283849  2.02326393  1.92053759] - angle: -1.6350384695496132
2026-01-20 14:48:09,663 - position: [-0.00232019  2.02510905  1.91933477] - angle: -1.6337689527298345
2026-01-20 14:48:09,878 - position: [7.03445636e-04 2.03004217e+00 1.91759419e+00] - angle: -1.619127068096244
2026-01-20 14:48:10,144 - position: [0.00247602 2.03393912 1.9161607 ] - angle: -1.6187178430831572
2026-01-20 14:48:10,370 - position: [0.00393546 2.03647137 1.9136523 ] - angle: -1.6183277083749399
2026-01-20 14:48:10,603 - position: [0.00410064 2.03686953 1.91328394] - angle: -1.6183591934187422
2026-01-20 14:48:10,830 - position: [0.00388367 2.04037118 1.91422796] - angle: -1.6178149692497028
2026-01-20 14:48:11,095 - position: [0.00211402 2.04171753 1.91616249] - angle: -1.6317273279575808
2026-01-20 14:48:11,349 - position: [0.00351913 2.0435214  1.91752243] - angle: -1.6178504810575687
2026-01-20 14:48:11,719 - position: [0.00239808 2.04869986 1.92286527] - angle: -1.6311911778866914
2026-01-20 14:48:11,954 - position: [0.00327282 2.0526588  1.92521334] - angle: -1.6168727491405033
2026-01-20 14:48:12,186 - position: [0.00348883 2.05345559 1.92639506] - angle: -1.616409466007597
2026-01-20 14:48:12,428 - position: [0.00396163 2.05339241 1.92743862] - angle: -1.6159137001670398
2026-01-20 14:48:12,683 - position: [0.00275869 2.04740787 1.9288249 ] - angle: -1.630549614385039
2026-01-20 14:48:12,963 - position: [0.004232   2.04427266 1.92950213] - angle: -1.6156612277461821
2026-01-20 14:48:13,263 - position: [0.00287364 2.03878117 1.92936707] - angle: -1.6286961498217618
2026-01-20 14:48:13,512 - position: [0.00276434 2.03638673 1.92949259] - angle: -1.629637983147231
2026-01-20 14:48:13,762 - position: [0.00279476 2.03425884 1.92974722] - angle: -1.6304603973176572
2026-01-20 14:48:13,972 - position: [0.00400909 2.03371453 1.9302218 ] - angle: -1.6146848200568087
2026-01-20 14:48:14,359 - position: [1.11307297e-03 2.03544521e+00 1.93453741e+00] - angle: -1.6271252663461313
2026-01-20 14:48:14,588 - position: [0.00277872 2.0362289  1.93561614] - angle: -1.6269321706569766
2026-01-20 14:48:14,824 - position: [0.003833  2.0353229 1.9355185] - angle: -1.6277196818108948
2026-01-20 14:48:15,027 - position: [0.00564256 2.03426909 1.93490624] - angle: -1.6264432576943646
2026-01-20 14:48:15,258 - position: [0.00634134 2.03381133 1.93448257] - angle: -1.625825339239329
2026-01-20 14:48:15,497 - position: [0.01041818 2.03219604 1.93192554] - angle: -1.6270953031532436
2026-01-20 14:48:15,699 - position: [0.01292391 2.03407454 1.92874968] - angle: -1.626041739135391
2026-01-20 14:48:15,972 - position: [0.01358948 2.03754568 1.92603624] - angle: -1.6278118259519543
2026-01-20 14:48:16,222 - position: [0.01371409 2.04561138 1.9214232 ] - angle: -1.6260805516639536
2026-01-20 14:48:16,451 - position: [0.01336385 2.05016446 1.91929471] - angle: -1.626313624709172
2026-01-20 14:48:16,689 - position: [0.01362547 2.05356169 1.91757441] - angle: -1.6267214417794262
2026-01-20 14:48:16,902 - position: [0.01379643 2.05721354 1.91546667] - angle: -1.625585133611601
2026-01-20 14:48:17,112 - position: [0.01418719 2.05958867 1.9137671 ] - angle: -1.6257693824222539
2026-01-20 14:48:17,353 - position: [0.01427849 2.06009221 1.91343069] - angle: -1.6259379601899262
2026-01-20 14:48:17,557 - position: [0.01442997 2.0622654  1.91191256] - angle: -1.6259179982016203
2026-01-20 14:48:17,836 - position: [0.00747904 2.06821346 1.91464889] - angle: -1.6253111408819993
2026-01-20 14:48:18,055 - position: [0.00706746 2.06810379 1.91549265] - angle: -1.6244832381988914
2026-01-20 14:48:18,329 - position: [0.00822806 2.07068968 1.9167695 ] - angle: -1.611076753501532
2026-01-20 14:48:18,553 - position: [0.00775949 2.07446671 1.9175967 ] - angle: -1.6107876644655912
2026-01-20 14:48:18,776 - position: [0.00643895 2.07949495 1.91896963] - angle: -1.6106829006959078
2026-01-20 14:48:18,987 - position: [0.00356936 2.08112311 1.91908777] - angle: -1.6247610220820725
2026-01-20 14:48:19,201 - position: [6.05528709e-04 2.08653140e+00 1.92011487e+00] - angle: -1.6110123033480628
2026-01-20 14:48:19,503 - position: [-0.0029035   2.08735251  1.91983807] - angle: -1.6248516317504134
2026-01-20 14:48:19,728 - position: [-0.00680165  2.0874927   1.91865242] - angle: -1.6248829213911247
2026-01-20 14:48:19,981 - position: [-0.00972467  2.08561301  1.91636264] - angle: -1.624751200970687
2026-01-20 14:48:20,217 - position: [-0.00995282  2.08536458  1.91610384] - angle: -1.6250403365035133
2026-01-20 14:48:20,466 - position: [-0.0115894   2.08023119  1.91065514] - angle: -1.6248622723762498
2026-01-20 14:48:20,700 - position: [-0.01134855  2.07849455  1.90928316] - angle: -1.6250442120555295
2026-01-20 14:48:20,936 - position: [-0.0121369   2.07942247  1.90969288] - angle: -1.6241607365063002
2026-01-20 14:48:21,177 - position: [-0.01303377  2.08230186  1.91059113] - angle: -1.6237397861528882
2026-01-20 14:48:21,469 - position: [-0.01448384  2.08747411  1.9108901 ] - angle: -1.6242738290868726
2026-01-20 14:48:21,709 - position: [-0.01459251  2.09269977  1.90955329] - angle: -1.624800198919444
2026-01-20 14:48:21,994 - position: [-0.01396632  2.09490395  1.90838063] - angle: -1.6255591154653235
2026-01-20 14:48:22,208 - position: [-0.01297567  2.09614491  1.90702021] - angle: -1.6244720580646401
2026-01-20 14:48:22,436 - position: [-0.0119561   2.09588218  1.90578163] - angle: -1.6224041265812055
2026-01-20 14:48:22,668 - position: [-0.01158853  2.0949955   1.90481162] - angle: -1.6218671763416532
2026-01-20 14:48:22,874 - position: [-0.01124993  2.09322262  1.90481615] - angle: -1.6238751729661747
2026-01-20 14:48:23,098 - position: [-0.01067975  2.09101582  1.90572655] - angle: -1.6225626386928704
2026-01-20 14:48:23,309 - position: [-0.0104365   2.09026718  1.90593493] - angle: -1.6225399431024945
2026-01-20 14:48:23,524 - position: [-0.00944245  2.08782387  1.90641963] - angle: -1.6241956162041156
2026-01-20 14:48:23,743 - position: [-0.00685988  2.08539295  1.90908766] - angle: -1.6228509812033556
2026-01-20 14:48:24,022 - position: [-0.00639257  2.08617425  1.90961754] - angle: -1.6220770000730198
2026-01-20 14:48:24,300 - position: [-0.00622106  2.08579516  1.90915275] - angle: -1.6222889392948154
2026-01-20 14:48:24,535 - position: [-0.00567964  2.08412027  1.90872741] - angle: -1.6232115661914817
2026-01-20 14:48:24,824 - position: [-0.00295016  2.07843828  1.90839303] - angle: -1.6210334462144278
2026-01-20 14:48:25,026 - position: [-1.98666006e-03  2.07598567e+00  1.90720749e+00] - angle: -1.6194306433209427
2026-01-20 14:48:25,255 - position: [-1.98372453e-03  2.07581997e+00  1.90518808e+00] - angle: -1.6206341407995684
2026-01-20 14:48:25,488 - position: [-0.00210482  2.07602692  1.90478098] - angle: -1.620309087156497
2026-01-20 14:48:25,722 - position: [-0.00288126  2.07640219  1.90361381] - angle: -1.6196965514409793
2026-01-20 14:48:25,977 - position: [-0.00357766  2.07665205  1.90328276] - angle: -1.6200896465555843
2026-01-20 14:48:26,207 - position: [-0.00367705  2.07679534  1.90327895] - angle: -1.6196109328768848
2026-01-20 14:48:26,448 - position: [-0.00433303  2.07520676  1.90300262] - angle: -1.6189474451916706
2026-01-20 14:48:26,711 - position: [-0.004234    2.07478547  1.90301657] - angle: -1.6176080880015995
2026-01-20 14:48:26,962 - position: [-0.00424411  2.07149506  1.9032166 ] - angle: -1.6179058873650263
2026-01-20 14:48:27,185 - position: [-0.00426244  2.06857944  1.90333569] - angle: -1.6179456722301868
2026-01-20 14:48:27,420 - position: [-0.00617042  2.06176829  1.90415061] - angle: -1.6174098085390014
2026-01-20 14:48:27,668 - position: [-0.00745901  2.05876565  1.90516472] - angle: -1.6172308677603517
2026-01-20 14:48:27,906 - position: [-0.00715756  2.05791616  1.90558863] - angle: -1.6175309772716862
2026-01-20 14:48:28,164 - position: [-0.00464053  2.05458927  1.90733171] - angle: -1.6182957484825629
2026-01-20 14:48:28,420 - position: [-1.64017361e-03  2.05116844e+00  1.90864623e+00] - angle: -1.6181034719522405
2026-01-20 14:48:28,679 - position: [0.0023624  2.04680753 1.90971816] - angle: -1.6174786952561124
2026-01-20 14:48:28,927 - position: [0.00826711 2.03911471 1.91015446] - angle: -1.615648925676222
2026-01-20 14:48:29,168 - position: [0.00911814 2.03053617 1.91259384] - angle: -1.6148934709486715
2026-01-20 14:48:29,451 - position: [0.00561626 2.02768445 1.91607964] - angle: -1.613161598395246
2026-01-20 14:48:29,800 - position: [-3.43963737e-04  2.03061962e+00  1.92198217e+00] - angle: -1.5999234172728638
2026-01-20 14:48:30,025 - position: [-0.01198689  2.04139185  1.93509936] - angle: -1.6000078455158633
2026-01-20 14:48:30,265 - position: [-0.01770398  2.04602456  1.93886459] - angle: -1.6139602894180634
2026-01-20 14:48:30,490 - position: [-0.01972217  2.04966569  1.93936002] - angle: -1.6126232340768354
2026-01-20 14:48:30,728 - position: [-0.02248438  2.05392337  1.93876135] - angle: -1.6139694913893106
2026-01-20 14:48:30,936 - position: [-0.02292327  2.05773473  1.93665588] - angle: -1.6008083722070623
2026-01-20 14:48:31,169 - position: [-0.01547177  2.04992533  1.92321277] - angle: -1.6141429176208941
2026-01-20 14:48:31,402 - position: [-0.0089973   2.04546428  1.91419411] - angle: -1.613318770925023
2026-01-20 14:48:31,659 - position: [-0.00903664  2.04470754  1.90997148] - angle: -1.613017658108376
2026-01-20 14:48:31,867 - position: [-0.01140628  2.04520154  1.90960693] - angle: -1.6002312078524392
2026-01-20 14:48:32,085 - position: [-0.01523641  2.04438186  1.91019404] - angle: -1.6142387770493283
2026-01-20 14:48:32,330 - position: [-0.02453289  2.04609108  1.91328788] - angle: -1.614656566331572
2026-01-20 14:48:32,577 - position: [-0.02832263  2.04624033  1.91394913] - angle: -1.6144336941246102
2026-01-20 14:48:32,818 - position: [-0.02769319  2.04148793  1.9125247 ] - angle: -1.6144864771165501
2026-01-20 14:48:33,060 - position: [-0.02201474  2.03072023  1.90853906] - angle: -1.6153475907255856
2026-01-20 14:48:33,269 - position: [-0.01920044  2.02424812  1.90555596] - angle: -1.6155134129501256
2026-01-20 14:48:33,512 - position: [-0.0165666   2.01431465  1.90135002] - angle: -1.6139428820620694
2026-01-20 14:48:33,721 - position: [-0.01595282  2.01182055  1.90023351] - angle: -1.6163174977053334
2026-01-20 14:48:33,930 - position: [-0.01328148  1.99861813  1.89281976] - angle: -1.6161682201058092
2026-01-20 14:48:34,237 - position: [-0.01221559  1.99445367  1.89040434] - angle: -1.6163803727056578
2026-01-20 14:48:34,461 - position: [-0.00983034  1.98942649  1.88722658] - angle: -1.6155790273109965
2026-01-20 14:48:34,715 - position: [-0.00916151  1.98699796  1.88609219] - angle: -1.6156621717135113
2026-01-20 14:48:34,942 - position: [-0.00882816  1.9862752   1.88581824] - angle: -1.6148501080558084
2026-01-20 14:48:35,169 - position: [-0.00829687  1.98480237  1.88548112] - angle: -1.6165005805490935
2026-01-20 14:48:35,424 - position: [-0.00702693  1.98318303  1.88521612] - angle: -1.6166950669095383
2026-01-20 14:48:35,644 - position: [-0.00357207  1.97940028  1.88562012] - angle: -1.6157923427519219
2026-01-20 14:48:35,856 - position: [-1.70075335e-03  1.97722912e+00  1.88697410e+00] - angle: -1.6137551197778741
2026-01-20 14:48:36,118 - position: [-5.87896444e-04  1.97488880e+00  1.88820732e+00] - angle: -1.6150434223462273
2026-01-20 14:48:36,356 - position: [1.39934570e-03 1.96925104e+00 1.89128327e+00] - angle: -1.6151754938859177
2026-01-20 14:48:36,605 - position: [0.00214916 1.96539855 1.89491343] - angle: -1.6154760538273418
2026-01-20 14:48:36,862 - position: [0.00228583 1.96940672 1.90173554] - angle: -1.6149043518685202
2026-01-20 14:48:37,096 - position: [0.00259506 1.97299623 1.90393817] - angle: -1.6138526817817276
2026-01-20 14:48:37,344 - position: [0.00248017 1.9746573  1.90513504] - angle: -1.6134306420832525
2026-01-20 14:48:37,597 - position: [8.95364210e-04 1.97836745e+00 1.91080523e+00] - angle: -1.611843411135153
2026-01-20 14:48:37,842 - position: [-8.98902304e-04  1.97794247e+00  1.91253662e+00] - angle: -1.6132497164552753
2026-01-20 14:48:38,061 - position: [-0.00380553  1.97723722  1.91407204] - angle: -1.6140687720057096
2026-01-20 14:48:38,283 - position: [-0.00712014  1.97615623  1.91463673] - angle: -1.6133472742071984
2026-01-20 14:48:38,585 - position: [-0.00865613  1.97586942  1.91507185] - angle: -1.6140998233098713
2026-01-20 14:48:38,802 - position: [-0.00839335  1.97614896  1.91516066] - angle: -1.6137431488716434
2026-01-20 14:48:39,024 - position: [-0.00762193  1.97667813  1.91500366] - angle: -1.6135572932806541
2026-01-20 14:48:39,240 - position: [-0.00762193  1.97667813  1.91500366] - angle: -1.6135572932806541
2026-01-20 14:48:39,455 - position: [-0.0023505   1.98731863  1.91568482] - angle: -1.6133326391159777
2026-01-20 14:48:39,677 - position: [-1.31352618e-03  1.99211597e+00  1.91664171e+00] - angle: -1.613550149964433
2026-01-20 14:48:39,980 - position: [4.78870701e-04 1.99870098e+00 1.91783941e+00] - angle: -1.5992939528176375
2026-01-20 14:48:40,248 - position: [6.63869083e-04 2.00958800e+00 1.91846657e+00] - angle: -1.5994253585662026
2026-01-20 14:48:40,492 - position: [-8.99677165e-04  2.02475548e+00  1.91633177e+00] - angle: -1.613175836651795
2026-01-20 14:48:40,725 - position: [-0.00205112  2.03208399  1.91367221] - angle: -1.6131450603039106
2026-01-20 14:48:41,013 - position: [-0.00230344  2.03369856  1.91300952] - angle: -1.6132711245419458
2026-01-20 14:48:41,283 - position: [-0.00595036  2.04085636  1.90869117] - angle: -1.6131992213594408
2026-01-20 14:48:41,591 - position: [-0.00837503  2.04300666  1.90753818] - angle: -1.6135150098754512
2026-01-20 14:48:41,830 - position: [-0.01134558  2.04780889  1.90854383] - angle: -1.5978443257027735
2026-01-20 14:48:42,119 - position: [-0.01692487  2.04929996  1.90737998] - angle: -1.61194243600632
2026-01-20 14:48:42,343 - position: [-0.01870922  2.05090189  1.90675294] - angle: -1.6127327206043
2026-01-20 14:48:42,573 - position: [-0.02010539  2.05278945  1.90560925] - angle: -1.610949310526271
2026-01-20 14:48:42,781 - position: [-0.02039812  2.053514    1.90503871] - angle: -1.6119062347897373
2026-01-20 14:48:43,005 - position: [-0.01943408  2.05532908  1.90187025] - angle: -1.613178012309822
2026-01-20 14:48:43,241 - position: [-0.01975611  2.05591416  1.89765465] - angle: -1.6124383911928986
2026-01-20 14:48:43,493 - position: [-0.0198358   2.05596042  1.89738894] - angle: -1.612402432584302
2026-01-20 14:48:43,727 - position: [-0.01641483  2.05504322  1.88909113] - angle: -1.6112882170287612
2026-01-20 14:48:43,989 - position: [-0.01247194  2.05372071  1.88531351] - angle: -1.609311999011803
2026-01-20 14:48:44,256 - position: [-0.00986499  2.05429053  1.88264823] - angle: -1.6104116050413761
2026-01-20 14:48:44,520 - position: [-0.00720693  2.05557656  1.88200808] - angle: -1.6101484148231018
2026-01-20 14:48:44,750 - position: [-0.00557202  2.06617713  1.8842566 ] - angle: -1.6082272020461694
2026-01-20 14:48:44,970 - position: [-0.00371583  2.06740332  1.88480151] - angle: -1.608231415557456
2026-01-20 14:48:45,210 - position: [-3.25196423e-04  2.06795073e+00  1.88571405e+00] - angle: -1.6088326293111432
2026-01-20 14:48:45,468 - position: [2.02099979e-03 2.06808686e+00 1.88670206e+00] - angle: -1.6098288452767129
2026-01-20 14:48:45,735 - position: [0.00759578 2.06798053 1.88878822] - angle: -1.608734989525832
2026-01-20 14:48:45,954 - position: [0.01725382 2.06674361 1.89188433] - angle: -1.6081306370656518
2026-01-20 14:48:46,177 - position: [0.01840085 2.06641316 1.89220679] - angle: -1.6086555757289016
2026-01-20 14:48:46,414 - position: [0.02557771 2.06437087 1.8935225 ] - angle: -1.6083588561013444
2026-01-20 14:48:46,630 - position: [0.01608293 2.0685637  1.88911259] - angle: -1.6083925337827978
2026-01-20 14:48:46,853 - position: [0.01429761 2.06982613 1.88841164] - angle: -1.6067389943768724
2026-01-20 14:48:47,062 - position: [0.00733069 2.0737381  1.88647401] - angle: -1.6052628226873047
2026-01-20 14:48:47,376 - position: [-0.0057449   2.08391452  1.88266981] - angle: -1.6047264704213244
2026-01-20 14:48:47,645 - position: [-0.00899902  2.08630443  1.88149273] - angle: -1.6053175890169182
2026-01-20 14:48:47,890 - position: [-0.01061831  2.08840418  1.88137317] - angle: -1.603829176338314
2026-01-20 14:48:48,154 - position: [-0.01061831  2.08840418  1.88137317] - angle: -1.603829176338314
2026-01-20 14:48:48,400 - position: [-0.0108151   2.09007263  1.88392127] - angle: -1.6050934187202328
2026-01-20 14:48:48,652 - position: [-0.00274601  2.0853045   1.89270258] - angle: -1.6066944175023314
2026-01-20 14:48:48,885 - position: [0.00857237 2.08115673 1.90128267] - angle: -1.6065198633501296
2026-01-20 14:48:49,227 - position: [0.01300859 2.07988501 1.90542936] - angle: -1.6077680666729837
2026-01-20 14:48:49,462 - position: [0.01590553 2.07924724 1.91129196] - angle: -1.607496713478083
2026-01-20 14:48:49,695 - position: [0.01570239 2.08340907 1.9169184 ] - angle: -1.5929012585761768
2026-01-20 14:48:49,921 - position: [0.0139882  2.08447671 1.91755903] - angle: -1.6065859970990726
2026-01-20 14:48:50,147 - position: [0.01328702 2.08825922 1.9188292 ] - angle: -1.6047403346019946
2026-01-20 14:48:50,390 - position: [0.00933303 2.10473514 1.9235611 ] - angle: -1.5906769701609003
2026-01-20 14:48:50,623 - position: [0.00385768 2.10770512 1.92416763] - angle: -1.6061957157162743
2026-01-20 14:48:50,847 - position: [0.00672583 2.10468554 1.92484212] - angle: -1.6064772417943907
2026-01-20 14:48:51,076 - position: [0.010912   2.10071898 1.92574048] - angle: -1.6067176314754716
2026-01-20 14:48:51,315 - position: [0.01667879 2.0936656  1.92773449] - angle: -1.606577830734837
2026-01-20 14:48:51,582 - position: [0.01800406 2.09143734 1.92850637] - angle: -1.60557097996554
2026-01-20 14:48:51,805 - position: [0.01980003 2.09081817 1.92925727] - angle: -1.5918801269181255
2026-01-20 14:48:52,050 - position: [0.01945079 2.08836603 1.93048012] - angle: -1.5913548483954258
2026-01-20 14:48:52,269 - position: [0.01565896 2.08693767 1.93174648] - angle: -1.606194679532079
2026-01-20 14:48:52,489 - position: [0.01404567 2.0874207  1.93308353] - angle: -1.605409775533178
2026-01-20 14:48:52,707 - position: [0.01331244 2.08741522 1.93395662] - angle: -1.6060010120982833
2026-01-20 14:48:52,955 - position: [0.01276989 2.08627629 1.93594456] - angle: -1.605419868638359
2026-01-20 14:48:53,176 - position: [0.01271117 2.08452868 1.93721509] - angle: -1.6062069378453465
2026-01-20 14:48:53,419 - position: [0.01297486 2.08251667 1.93929279] - angle: -1.6050733384604312
2026-01-20 14:48:53,716 - position: [0.01300191 2.08236051 1.93953657] - angle: -1.6048606126873928
2026-01-20 14:48:53,954 - position: [0.01304224 2.08223701 1.93981183] - angle: -1.6046941647147754
2026-01-20 14:48:54,163 - position: [0.01150349 2.07244873 1.94590998] - angle: -1.6050024749702505
2026-01-20 14:48:54,397 - position: [0.01140278 2.06222153 1.94599891] - angle: -1.6042429507972358
2026-01-20 14:48:54,636 - position: [0.01240122 2.05477309 1.94397867] - angle: -1.6053624649199243
2026-01-20 14:48:54,897 - position: [0.01673281 2.04643393 1.93925881] - angle: -1.603368045907093
2026-01-20 14:48:55,205 - position: [0.01775209 2.04568481 1.93838942] - angle: -1.604140158022835
2026-01-20 14:48:55,430 - position: [0.01805428 2.04616308 1.93850517] - angle: -1.604174089142731
2026-01-20 14:48:55,683 - position: [0.0180154  2.04864979 1.94032311] - angle: -1.6029350055484706
2026-01-20 14:48:55,895 - position: [0.01772321 2.05143261 1.9418714 ] - angle: -1.6025071939879636
2026-01-20 14:48:56,123 - position: [0.01745665 2.05306911 1.94303989] - angle: -1.6036121806956514
2026-01-20 14:48:56,345 - position: [0.01747369 2.05328155 1.94312263] - angle: -1.6034294808357785
2026-01-20 14:48:56,552 - position: [0.01725435 2.05868411 1.94581819] - angle: -1.6030694931845755
2026-01-20 14:48:56,794 - position: [0.01725435 2.05868411 1.94581819] - angle: -1.6030694931845755
2026-01-20 14:48:57,045 - position: [0.01840081 2.06730413 1.94898188] - angle: -1.5887765896883126
2026-01-20 14:48:57,382 - position: [0.01691229 2.06827211 1.94970798] - angle: -1.603187723648066
2026-01-20 14:48:57,727 - position: [0.01418835 2.05908871 1.94432127] - angle: -1.5870252291762341
2026-01-20 14:48:57,954 - position: [0.01108852 2.05443668 1.94172919] - angle: -1.5865626817698733
2026-01-20 14:48:58,171 - position: [0.0070839  2.05094337 1.93956375] - angle: -1.6006993157166676
2026-01-20 14:48:58,493 - position: [0.00223653 2.04745388 1.93824148] - angle: -1.6005844985298658
2026-01-20 14:48:58,725 - position: [6.18004240e-04 2.04651189e+00 1.93869257e+00] - angle: -1.59973577751766
2026-01-20 14:48:58,969 - position: [3.41572799e-04 2.04568124e+00 1.93882525e+00] - angle: -1.599905910709503
2026-01-20 14:48:59,176 - position: [9.94881615e-04 2.04532528e+00 1.93840051e+00] - angle: -1.6002602470143188
2026-01-20 14:48:59,419 - position: [0.00206887 2.04561591 1.93737495] - angle: -1.6008618107152808
2026-01-20 14:48:59,670 - position: [0.00525235 2.04894519 1.93252432] - angle: -1.6004651836118535
2026-01-20 14:48:59,923 - position: [0.00645317 2.05213475 1.92834997] - angle: -1.599698608306797
2026-01-20 14:49:00,137 - position: [0.00687322 2.05512309 1.92617261] - angle: -1.5987343816796908
2026-01-20 14:49:00,412 - position: [0.00559324 2.05866933 1.92523384] - angle: -1.5985242022949837
2026-01-20 14:49:00,687 - position: [0.00272213 2.06225681 1.92481446] - angle: -1.5959560144211116
2026-01-20 14:49:00,913 - position: [9.55644995e-04 2.06296492e+00 1.92553461e+00] - angle: -1.5993422330592253
2026-01-20 14:49:01,155 - position: [-7.79859722e-04  2.06368995e+00  1.92784548e+00] - angle: -1.5975767857699257
2026-01-20 14:49:01,400 - position: [-0.00241133  2.0644722   1.93087924] - angle: -1.5971711748782917
2026-01-20 14:49:01,646 - position: [-0.00514894  2.06600142  1.93340266] - angle: -1.5971129466775604
2026-01-20 14:49:01,873 - position: [-0.00631708  2.06659055  1.9349339 ] - angle: -1.5982803704941073
2026-01-20 14:49:02,136 - position: [-0.00786302  2.06803131  1.93661165] - angle: -1.5975152587444166
2026-01-20 14:49:02,347 - position: [-0.00990231  2.06921721  1.93704939] - angle: -1.59871051780833
2026-01-20 14:49:02,656 - position: [-0.01179905  2.06896186  1.93719482] - angle: -1.598495458423848
2026-01-20 14:49:02,882 - position: [-0.01243043  2.06633258  1.93601906] - angle: -1.5978591150304862
2026-01-20 14:49:03,117 - position: [-0.01203886  2.06123161  1.93295872] - angle: -1.5952722896560214
2026-01-20 14:49:03,323 - position: [-0.01141215  2.05806828  1.93079162] - angle: -1.5976106058443023
2026-01-20 14:49:03,550 - position: [-0.01058543  2.05608153  1.92914891] - angle: -1.597161340782975
2026-01-20 14:49:03,796 - position: [-0.0105535   2.05598855  1.9290632 ] - angle: -1.5975771034162722
2026-01-20 14:49:04,034 - position: [-0.00968231  2.05522323  1.92755222] - angle: -1.596504629403893
2026-01-20 14:49:04,295 - position: [-0.01046548  2.05866313  1.92631304] - angle: -1.5978903880406943
2026-01-20 14:49:04,520 - position: [-0.01071499  2.06523657  1.92896307] - angle: -1.5819007667609295
2026-01-20 14:49:04,765 - position: [-0.01245604  2.06716943  1.9302808 ] - angle: -1.59569882939092
2026-01-20 14:49:05,004 - position: [-0.01243556  2.06832862  1.93127108] - angle: -1.5971073020897126
2026-01-20 14:49:05,295 - position: [-0.01094481  2.07244754  1.93504858] - angle: -1.596613269825239
2026-01-20 14:49:05,544 - position: [-0.00802613  2.07835031  1.94038761] - angle: -1.5817841953516014
2026-01-20 14:49:05,812 - position: [-0.00606515  2.07618141  1.95060968] - angle: -1.5963205083728615
2026-01-20 14:49:06,043 - position: [-0.00300537  2.0700326   1.95192134] - angle: -1.5964132798878907
2026-01-20 14:49:06,275 - position: [-5.14934771e-04  2.06479812e+00  1.95133257e+00] - angle: -1.595044580015415
2026-01-20 14:49:06,506 - position: [-5.14934771e-04  2.06479812e+00  1.95133257e+00] - angle: -1.595044580015415
2026-01-20 14:49:06,720 - position: [-2.02359632e-04  2.06412458e+00  1.95116687e+00] - angle: -1.5955539242493746
2026-01-20 14:49:06,933 - position: [0.0024838  2.05641961 1.94857383] - angle: -1.5952103526420327
2026-01-20 14:49:07,182 - position: [0.00583326 2.05148435 1.94693744] - angle: -1.5813303506980683
2026-01-20 14:49:07,410 - position: [0.00600738 2.05084777 1.94664276] - angle: -1.5816371973308874
2026-01-20 14:49:07,617 - position: [0.00583797 2.04591846 1.94485295] - angle: -1.5961722197874133
2026-01-20 14:49:07,849 - position: [0.00775018 2.03945994 1.94251668] - angle: -1.59638850735341
2026-01-20 14:49:08,065 - position: [0.01135562 2.02864289 1.93742955] - angle: -1.5945672216068862
2026-01-20 14:49:08,280 - position: [0.01299063 2.01877546 1.92877281] - angle: -1.593861164756916
2026-01-20 14:49:08,524 - position: [0.01253425 2.01420069 1.92172682] - angle: -1.5921426644281471
2026-01-20 14:49:08,752 - position: [0.01236709 2.01379442 1.92070687] - angle: -1.5925644364215596
2026-01-20 14:49:08,982 - position: [0.00993666 2.01344705 1.91621983] - angle: -1.5922007961891396
2026-01-20 14:49:09,252 - position: [1.21030305e-03 2.01981354e+00 1.91796887e+00] - angle: -1.5921233290386585
2026-01-20 14:49:09,501 - position: [1.57636078e-03 2.01976991e+00 1.91917896e+00] - angle: -1.5916719161280586
2026-01-20 14:49:09,746 - position: [0.00288124 2.01953363 1.92026126] - angle: -1.5914708265241675
2026-01-20 14:49:09,994 - position: [0.00571282 2.02122545 1.92056954] - angle: -1.5916195750086066
2026-01-20 14:49:10,238 - position: [0.00618303 2.02426386 1.91946208] - angle: -1.5916378254767292
2026-01-20 14:49:10,559 - position: [0.00472867 2.02826834 1.91855729] - angle: -1.5767342645820843
2026-01-20 14:49:10,791 - position: [1.97653985e-03 2.02858257e+00 1.91779530e+00] - angle: -1.590753776152976
2026-01-20 14:49:11,025 - position: [1.97653985e-03 2.02858257e+00 1.91779530e+00] - angle: -1.590753776152976
2026-01-20 14:49:11,273 - position: [-0.00747066  2.04045582  1.90445006] - angle: -1.58730146106406
2026-01-20 14:49:11,499 - position: [-0.01061937  2.04462671  1.89816284] - angle: -1.5885303162544622
2026-01-20 14:49:11,750 - position: [-0.01165483  2.04899025  1.88881338] - angle: -1.5889303394107372
2026-01-20 14:49:12,008 - position: [-0.0084096   2.04882598  1.88401031] - angle: -1.589578618994997
2026-01-20 14:49:12,233 - position: [-0.0040065   2.04781699  1.87898183] - angle: -1.5878490168879216
2026-01-20 14:49:12,474 - position: [-1.71515066e-03  2.04737782e+00  1.87599277e+00] - angle: -1.5893583691576705
2026-01-20 14:49:12,690 - position: [0.00448913 2.04590106 1.87181246] - angle: -1.5888675502775014
2026-01-20 14:49:12,920 - position: [0.00713324 2.04512691 1.86995244] - angle: -1.589398376117793
2026-01-20 14:49:13,166 - position: [0.01343234 2.04397154 1.8657881 ] - angle: -1.5874940367412762
2026-01-20 14:49:13,409 - position: [0.01152811 2.0453527  1.86482978] - angle: -1.587562795734728
2026-01-20 14:49:13,641 - position: [0.00683192 2.04628134 1.86554027] - angle: -1.587499610424766
2026-01-20 14:49:13,856 - position: [0.00365342 2.04565263 1.86656129] - angle: -1.5867818022681455
2026-01-20 14:49:14,116 - position: [1.05170440e-03 2.04781270e+00 1.86874032e+00] - angle: -1.5869993507575977
2026-01-20 14:49:14,334 - position: [-1.15435477e-03  2.05195618e+00  1.87125456e+00] - angle: -1.5874779434536288
2026-01-20 14:49:14,539 - position: [-0.00238027  2.05468059  1.87412095] - angle: -1.5888170228136982
2026-01-20 14:49:14,751 - position: [-0.00633459  2.05819988  1.87806654] - angle: -1.5868457306608992
2026-01-20 14:49:14,960 - position: [-0.0109239   2.06002998  1.88156307] - angle: -1.5867985816243166
2026-01-20 14:49:15,187 - position: [-0.01512029  2.06112337  1.88379991] - angle: -1.5874265707703312
2026-01-20 14:49:15,435 - position: [-0.01838836  2.06178784  1.88502121] - angle: -1.5882328434356818
2026-01-20 14:49:15,646 - position: [-0.01401534  2.06035995  1.88420868] - angle: -1.589071424524258
2026-01-20 14:49:15,889 - position: [-0.00892605  2.05972004  1.8845619 ] - angle: -1.5877061936330286
2026-01-20 14:49:16,140 - position: [-1.06656831e-03  2.06015396e+00  1.88711512e+00] - angle: -1.5860572842862481
2026-01-20 14:49:16,380 - position: [1.52839674e-03 2.06230903e+00 1.88955665e+00] - angle: -1.5875388758062634
2026-01-20 14:49:16,610 - position: [0.00427831 2.06405973 1.89232183] - angle: -1.5879260800717452
2026-01-20 14:49:16,822 - position: [0.00783863 2.0651505  1.89467132] - angle: -1.5860072053406444
2026-01-20 14:49:17,039 - position: [0.01327621 2.06487155 1.89726317] - angle: -1.5878681435282784
2026-01-20 14:49:17,303 - position: [0.01623134 2.06579757 1.89840984] - angle: -1.586918230992051
2026-01-20 14:49:17,557 - position: [0.01852497 2.06851196 1.89939749] - angle: -1.5870787322424373
2026-01-20 14:49:17,805 - position: [0.01706112 2.07143378 1.89946771] - angle: -1.588498962342637
2026-01-20 14:49:18,086 - position: [0.00619609 2.07973599 1.89848304] - angle: -1.586886941900346
2026-01-20 14:49:18,331 - position: [1.28958886e-03 2.08430362e+00 1.89798987e+00] - angle: -1.5868268950965492
2026-01-20 14:49:18,580 - position: [-0.00482518  2.09067988  1.89805186] - angle: -1.5886166228544774
2026-01-20 14:49:18,809 - position: [-0.0053415   2.09161186  1.8981185 ] - angle: -1.586594791053443
2026-01-20 14:49:19,057 - position: [-0.00752079  2.09541178  1.89902568] - angle: -1.5873396879548753
2026-01-20 14:49:19,354 - position: [-0.01084205  2.1037178   1.90415204] - angle: -1.587064714900702
2026-01-20 14:49:19,568 - position: [-0.01181669  2.11012697  1.90866315] - angle: -1.5883544266027219
2026-01-20 14:49:19,805 - position: [-0.01199161  2.11230206  1.91060424] - angle: -1.5874882605128011
2026-01-20 14:49:20,036 - position: [-0.01204416  2.11508441  1.91261327] - angle: -1.58558962627104
2026-01-20 14:49:20,321 - position: [-0.01211773  2.1171267   1.91331339] - angle: -1.5842882276364918
2026-01-20 14:49:20,573 - position: [-0.01363325  2.1210773   1.91490757] - angle: -1.5861658496636233
2026-01-20 14:49:20,817 - position: [-0.01424305  2.12248445  1.91579831] - angle: -1.586048192248235
2026-01-20 14:49:21,082 - position: [-0.01599244  2.12701988  1.91997838] - angle: -1.5857368427307668
2026-01-20 14:49:21,384 - position: [-0.01493423  2.12813067  1.92492199] - angle: -1.5707104740009692
2026-01-20 14:49:21,622 - position: [-0.01634724  2.12647557  1.92577124] - angle: -1.5848645873147884
2026-01-20 14:49:21,858 - position: [-0.01698638  2.12265778  1.92698014] - angle: -1.5854282753166267
2026-01-20 14:49:22,137 - position: [-0.01715226  2.12148356  1.92627895] - angle: -1.5836132754924286
2026-01-20 14:49:22,378 - position: [-0.01598257  2.12225747  1.92628694] - angle: -1.5690116094741655
2026-01-20 14:49:22,618 - position: [-0.01607165  2.12213755  1.92612338] - angle: -1.5688005515313566
2026-01-20 14:49:22,887 - position: [-0.01616281  2.12098432  1.92682672] - angle: -1.5835477725738727
2026-01-20 14:49:23,138 - position: [-0.01410431  2.12044907  1.92780352] - angle: -1.5833428193558854
2026-01-20 14:49:23,373 - position: [-0.01167006  2.12085581  1.92921305] - angle: -1.569188954406341
2026-01-20 14:49:23,615 - position: [-0.01212154  2.1199367   1.92997301] - angle: -1.5825274982222846
2026-01-20 14:49:23,836 - position: [-0.01312473  2.12243032  1.9308753 ] - angle: -1.581976774661129
2026-01-20 14:49:24,050 - position: [-0.01355323  2.12610698  1.93250251] - angle: -1.5696191815348493
2026-01-20 14:49:24,272 - position: [-0.014442    2.12685585  1.93290925] - angle: -1.5686818861261798
2026-01-20 14:49:24,487 - position: [-0.01536515  2.12707019  1.93343484] - angle: -1.5689460531780344
2026-01-20 14:49:24,715 - position: [-0.01576521  2.12706447  1.93360806] - angle: -1.5689262736343732
2026-01-20 14:49:24,985 - position: [-0.01843767  2.12325048  1.93479717] - angle: -1.567971182621866
2026-01-20 14:49:25,300 - position: [-0.01868187  2.11661148  1.9345504 ] - angle: -1.5683116544078821
2026-01-20 14:49:25,584 - position: [-0.01820718  2.1104939   1.93341684] - angle: -1.5673286587490183
2026-01-20 14:49:25,812 - position: [-0.01721884  2.10424304  1.93234992] - angle: -1.5669308471363164
2026-01-20 14:49:26,071 - position: [-0.01706019  2.10351396  1.93218088] - angle: -1.566936953701504
2026-01-20 14:49:26,314 - position: [-0.01706019  2.10351396  1.93218088] - angle: -1.566936953701504
2026-01-20 14:49:26,539 - position: [-0.01475204  2.09108472  1.93098617] - angle: -1.5793200744736726
2026-01-20 14:49:26,749 - position: [-0.01246737  2.08694744  1.93107867] - angle: -1.5654180676764393
2026-01-20 14:49:26,977 - position: [-0.01286831  2.08474851  1.93138409] - angle: -1.565910009580859
2026-01-20 14:49:27,189 - position: [-0.01369917  2.08217549  1.93189454] - angle: -1.5667923187365282
2026-01-20 14:49:27,396 - position: [-0.01490223  2.08074975  1.93168557] - angle: -1.5799622313253874
2026-01-20 14:49:27,627 - position: [-0.01222908  2.07811737  1.93388307] - angle: -1.5665723545901442
2026-01-20 14:49:27,832 - position: [-0.01212678  2.07761121  1.93415809] - angle: -1.5666419016659838
2026-01-20 14:49:28,176 - position: [-0.01268204  2.06888628  1.9357034 ] - angle: -1.5656091091713105
2026-01-20 14:49:28,447 - position: [-0.01361353  2.06408405  1.93182552] - angle: -1.5798993098838423
2026-01-20 14:49:28,687 - position: [-0.01219281  2.06468892  1.93178737] - angle: -1.5656971330463172
2026-01-20 14:49:28,928 - position: [-0.01223011  2.06154203  1.92670798] - angle: -1.579092169317768
2026-01-20 14:49:29,142 - position: [-0.01223011  2.06154203  1.92670798] - angle: -1.579092169317768
2026-01-20 14:49:29,384 - position: [-0.00907717  2.06060028  1.92376399] - angle: -1.5659103271326016
2026-01-20 14:49:29,627 - position: [-0.00976921  2.05895209  1.92169046] - angle: -1.5787542799945218
2026-01-20 14:49:29,876 - position: [-0.00930555  2.05902219  1.9185853 ] - angle: -1.5790689204462574
2026-01-20 14:49:30,109 - position: [-0.00774895  2.06026864  1.91772938] - angle: -1.5651799057878706
2026-01-20 14:49:30,331 - position: [-0.0088491   2.06019926  1.91596973] - angle: -1.5784318288856731
2026-01-20 14:49:30,621 - position: [-0.01058116  2.06236315  1.91083705] - angle: -1.579733919417194
2026-01-20 14:49:30,864 - position: [-0.01137133  2.0619576   1.91006649] - angle: -1.580055503360768
2026-01-20 14:49:31,120 - position: [-0.01218475  2.06257844  1.90953815] - angle: -1.5802037062689704
2026-01-20 14:49:31,338 - position: [-0.01243953  2.06296253  1.9094348 ] - angle: -1.5797965618249545
2026-01-20 14:49:31,573 - position: [-0.01259615  2.06338096  1.90935266] - angle: -1.5795002291854736
2026-01-20 14:49:31,814 - position: [-0.01295672  2.06470084  1.90906847] - angle: -1.5787229304459194
2026-01-20 14:49:32,046 - position: [-0.0136176   2.06856036  1.90827417] - angle: -1.5795768613709313
2026-01-20 14:49:32,393 - position: [-0.01635295  2.07870078  1.91039705] - angle: -1.5793978448686072
2026-01-20 14:49:32,644 - position: [-0.01727318  2.07945895  1.91015387] - angle: -1.579422145890371
2026-01-20 14:49:32,879 - position: [-0.01876506  2.0800972   1.91053474] - angle: -1.579938347955423
2026-01-20 14:49:33,114 - position: [-0.02050671  2.08110476  1.91090691] - angle: -1.5780482048742943
2026-01-20 14:49:33,350 - position: [-0.02159274  2.08132386  1.91114604] - angle: -1.5785269584092658
2026-01-20 14:49:33,586 - position: [-0.02159274  2.08132386  1.91114604] - angle: -1.5785269584092658
2026-01-20 14:49:33,861 - position: [-0.02190888  2.08120108  1.91105294] - angle: -1.5785592596311968
2026-01-20 14:49:34,088 - position: [-0.02124339  2.08060122  1.91076612] - angle: -1.5783754923609363
2026-01-20 14:49:34,419 - position: [-0.01581684  2.07669592  1.91361547] - angle: -1.5623179684356194
2026-01-20 14:49:34,685 - position: [-0.00935338  2.07260156  1.9192313 ] - angle: -1.5628053586348294
2026-01-20 14:49:34,905 - position: [-0.00864824  2.07225847  1.92012501] - angle: -1.5628004262463024
2026-01-20 14:49:35,155 - position: [-0.0075224   2.07110333  1.9246614 ] - angle: -1.5754788425122985
2026-01-20 14:49:35,387 - position: [-0.00699943  2.07116723  1.92637682] - angle: -1.5755642621879735
2026-01-20 14:49:35,635 - position: [-0.00699943  2.07116723  1.92637682] - angle: -1.5755642621879735
2026-01-20 14:49:35,870 - position: [-1.93457864e-03  2.07782078e+00  1.94161403e+00] - angle: -1.5616356818410884
2026-01-20 14:49:36,133 - position: [-1.91356475e-03  2.07834268e+00  1.94241011e+00] - angle: -1.561610680367068
2026-01-20 14:49:36,375 - position: [-0.00405751  2.08354902  1.94604635] - angle: -1.5747960917708186
2026-01-20 14:49:36,612 - position: [-0.00285705  2.08781672  1.9474659 ] - angle: -1.5614550194570112
2026-01-20 14:49:36,833 - position: [-0.00350696  2.09015822  1.94609272] - angle: -1.5752415297035833
2026-01-20 14:49:37,127 - position: [-1.92339020e-03  2.09243870e+00  1.94487572e+00] - angle: -1.5612657366992888
2026-01-20 14:49:37,343 - position: [-0.00215744  2.09227753  1.94249475] - angle: -1.5608099710882128
2026-01-20 14:49:37,586 - position: [-0.005059    2.09119415  1.93902242] - angle: -1.5740101493439935
2026-01-20 14:49:37,797 - position: [-0.00437129  2.09203124  1.93878496] - angle: -1.5608035254340153
2026-01-20 14:49:38,044 - position: [-0.0059889   2.09021688  1.93684113] - angle: -1.560348789275976
2026-01-20 14:49:38,278 - position: [-0.00900986  2.0864768   1.93537498] - angle: -1.57295828714477
2026-01-20 14:49:38,504 - position: [-0.01137384  2.08262539  1.93479013] - angle: -1.5730603977721405
2026-01-20 14:49:38,724 - position: [-0.012435    2.08120489  1.93452108] - angle: -1.572540126569768
2026-01-20 14:49:38,974 - position: [-0.01292589  2.08107877  1.93458498] - angle: -1.5587758669258838
2026-01-20 14:49:39,210 - position: [-0.01339869  2.08020258  1.93454206] - angle: -1.5589681810676712
2026-01-20 14:49:39,444 - position: [-0.01339869  2.08020258  1.93454206] - angle: -1.5589681810676712
2026-01-20 14:49:39,684 - position: [-0.00928441  2.06400752  1.93298769] - angle: -1.5733863342654804
2026-01-20 14:49:39,920 - position: [-0.0070448   2.05880904  1.93186021] - angle: -1.5716987274937653
2026-01-20 14:49:40,154 - position: [-0.00642083  2.05701327  1.93148696] - angle: -1.5725241417752631
2026-01-20 14:49:40,387 - position: [-1.57558965e-03  2.04851341e+00  1.92620063e+00] - angle: -1.570748188535934
2026-01-20 14:49:40,610 - position: [0.0024015  2.04679465 1.92345726] - angle: -1.5577641356818055
2026-01-20 14:49:40,836 - position: [0.0029058  2.04458642 1.92071605] - angle: -1.570200621364501
2026-01-20 14:49:41,053 - position: [0.00501338 2.04327345 1.91771567] - angle: -1.5706881509906627
2026-01-20 14:49:41,313 - position: [0.00721752 2.04369855 1.91523743] - angle: -1.5571920840317994
2026-01-20 14:49:41,556 - position: [0.00612464 2.04491949 1.90902746] - angle: -1.5571234109419643
2026-01-20 14:49:41,779 - position: [0.00382842 2.04529476 1.90692568] - angle: -1.5711446976466856
2026-01-20 14:49:42,029 - position: [0.00340234 2.04658127 1.90565872] - angle: -1.5703543014522396
2026-01-20 14:49:42,248 - position: [0.00342701 2.0468595  1.9053812 ] - angle: -1.5716286659509962
2026-01-20 14:49:42,483 - position: [0.00387105 2.04810548 1.90503109] - angle: -1.5704451158862582
2026-01-20 14:49:42,722 - position: [0.00407937 2.04954624 1.90496039] - angle: -1.5718940676358129
2026-01-20 14:49:42,975 - position: [0.00456662 2.05362535 1.90561962] - angle: -1.5710717272809571
2026-01-20 14:49:43,259 - position: [0.00496279 2.0601573  1.90768337] - angle: -1.5711028897359007
2026-01-20 14:49:43,559 - position: [0.00396415 2.06811881 1.9105351 ] - angle: -1.5701168797462346
2026-01-20 14:49:43,784 - position: [0.00257566 2.0746038  1.91416848] - angle: -1.5716792781996052
2026-01-20 14:49:44,034 - position: [1.89347658e-03 2.07658386e+00 1.91525030e+00] - angle: -1.5714744051352056
2026-01-20 14:49:44,283 - position: [-0.00467254  2.07911658  1.92347896] - angle: -1.555910408735779
2026-01-20 14:49:44,519 - position: [-0.00590893  2.07837772  1.92369986] - angle: -1.5561265055558824
2026-01-20 14:49:44,833 - position: [-0.00590893  2.07837772  1.92369986] - angle: -1.5561265055558824
2026-01-20 14:49:45,050 - position: [-0.00590893  2.07837772  1.92369986] - angle: -1.5561265055558824
