2026-01-20 14:40:46,468 - position: [ 0.16392204 -1.2419889   0.88829607]
2026-01-20 14:40:46,698 - position: [ 0.16567221 -1.24222052  0.88841474]
2026-01-20 14:40:46,925 - position: [ 0.16561949 -1.24231184  0.88842118]
2026-01-20 14:40:47,178 - position: [ 0.16607106 -1.24265575  0.88839829]
2026-01-20 14:40:47,402 - position: [ 0.16571972 -1.24268293  0.88844705]
2026-01-20 14:40:47,645 - position: [ 0.16398944 -1.24267364  0.8885085 ]
2026-01-20 14:40:47,937 - position: [ 0.16458198 -1.24273252  0.88857633]
2026-01-20 14:40:48,143 - position: [ 0.16446246 -1.24281526  0.88863128]
2026-01-20 14:40:48,372 - position: [ 0.16550347 -1.24453807  0.889157  ]
2026-01-20 14:40:48,615 - position: [ 0.16548991 -1.2473911   0.89073759]
2026-01-20 14:40:48,839 - position: [ 0.16831715 -1.26454759  0.89746422]
2026-01-20 14:40:49,047 - position: [ 0.15805092 -1.26567841  0.89854449]
2026-01-20 14:40:49,252 - position: [ 0.14571244 -1.26389086  0.89844882]
2026-01-20 14:40:49,478 - position: [ 0.1478862  -1.26274586  0.89797479]
2026-01-20 14:40:49,712 - position: [ 0.14763176 -1.26192749  0.8974877 ]
2026-01-20 14:40:50,004 - position: [ 0.14908133 -1.26053917  0.89664096]
2026-01-20 14:40:50,239 - position: [ 0.14841126 -1.25928378  0.8961969 ]
2026-01-20 14:40:50,467 - position: [ 0.14780721 -1.2584244   0.89598197]
2026-01-20 14:40:50,701 - position: [ 0.14859752 -1.25790262  0.89563018]
2026-01-20 14:40:50,942 - position: [ 0.1503547  -1.25755286  0.89525926]
2026-01-20 14:40:51,186 - position: [ 0.15043221 -1.25743175  0.89502448]
2026-01-20 14:40:51,413 - position: [ 0.1495157  -1.25682831  0.89454198]
2026-01-20 14:40:51,615 - position: [ 0.14941186 -1.25606298  0.89422464]
2026-01-20 14:40:51,846 - position: [ 0.15009093 -1.25635374  0.89470661]
2026-01-20 14:40:52,081 - position: [ 0.1501652  -1.25676465  0.89501268]
2026-01-20 14:40:52,322 - position: [ 0.15084881 -1.25849116  0.89602357]
2026-01-20 14:40:52,575 - position: [ 0.15438235 -1.2609905   0.89633316]
2026-01-20 14:40:52,797 - position: [ 0.15266624 -1.25861156  0.89522213]
2026-01-20 14:40:53,002 - position: [ 0.15132111 -1.25858891  0.89506859]
2026-01-20 14:40:53,212 - position: [ 0.15052998 -1.25863826  0.89476055]
2026-01-20 14:40:53,436 - position: [ 0.15072604 -1.25860608  0.89425999]
2026-01-20 14:40:53,664 - position: [ 0.14959845 -1.2572118   0.89368176]
2026-01-20 14:40:53,924 - position: [ 0.14885797 -1.2568723   0.89364505]
2026-01-20 14:40:54,147 - position: [ 0.14865652 -1.25710714  0.89356565]
2026-01-20 14:40:54,399 - position: [ 0.14671715 -1.25754416  0.89377904]
2026-01-20 14:40:54,614 - position: [ 0.14520286 -1.25882268  0.89462292]
2026-01-20 14:40:54,919 - position: [ 0.10016666 -1.28690517  0.90093297]
2026-01-20 14:40:55,152 - position: [ 0.06986579 -1.30344319  0.90192342]
2026-01-20 14:40:55,373 - position: [ 0.0617999  -1.30913711  0.90345383]
2026-01-20 14:40:55,635 - position: [ 0.04645166 -1.32164955  0.90468419]
2026-01-20 14:40:55,894 - position: [ 0.0431234  -1.32745469  0.89887667]
2026-01-20 14:40:56,195 - position: [ 0.05011998 -1.31271315  0.89876175]
2026-01-20 14:40:56,521 - position: [ 0.05268126 -1.30109441  0.8961789 ]
2026-01-20 14:40:56,796 - position: [ 0.05161219 -1.29781675  0.89501011]
2026-01-20 14:40:57,011 - position: [ 0.04991383 -1.30609465  0.89723277]
2026-01-20 14:40:57,318 - position: [ 0.06653086 -1.31274855  0.89968443]
2026-01-20 14:40:57,540 - position: [ 0.10603106 -1.28347874  0.89124829]
2026-01-20 14:40:57,787 - position: [ 0.11586629 -1.25795341  0.88192195]
2026-01-20 14:40:57,991 - position: [ 0.11586629 -1.25795341  0.88192195]
2026-01-20 14:40:58,226 - position: [ 0.09310687 -1.24527538  0.87576848]
2026-01-20 14:40:58,480 - position: [ 0.09662645 -1.24955308  0.87561554]
2026-01-20 14:40:58,699 - position: [ 0.10108475 -1.2615639   0.88010299]
2026-01-20 14:40:58,942 - position: [ 0.12432488 -1.26478064  0.88337988]
2026-01-20 14:40:59,160 - position: [ 0.12456338 -1.26060772  0.88275862]
2026-01-20 14:40:59,438 - position: [ 0.12462682 -1.25640059  0.88237607]
2026-01-20 14:40:59,723 - position: [ 0.12212953 -1.25742197  0.8826679 ]
2026-01-20 14:40:59,961 - position: [ 0.1203429  -1.2579633   0.88266271]
2026-01-20 14:41:00,200 - position: [ 0.11980246 -1.25771797  0.88258511]
2026-01-20 14:41:00,471 - position: [ 0.11585809 -1.25619829  0.88118768]
2026-01-20 14:41:00,695 - position: [ 0.11270931 -1.25685596  0.88061398]
2026-01-20 14:41:00,981 - position: [ 0.11249903 -1.25720382  0.88022602]
2026-01-20 14:41:01,234 - position: [ 0.11314972 -1.25950634  0.8798492 ]
2026-01-20 14:41:01,468 - position: [ 0.11119571 -1.26717055  0.88296252]
2026-01-20 14:41:01,702 - position: [ 0.10376681 -1.26441443  0.88117915]
2026-01-20 14:41:01,921 - position: [ 0.09908989 -1.26392055  0.88032824]
2026-01-20 14:41:02,127 - position: [ 0.07873047 -1.27002418  0.88075459]
2026-01-20 14:41:02,373 - position: [ 0.0697443  -1.27458668  0.88116801]
2026-01-20 14:41:02,628 - position: [ 0.06228681 -1.27683949  0.87991893]
2026-01-20 14:41:02,850 - position: [ 0.06500751 -1.27305007  0.87712139]
2026-01-20 14:41:03,094 - position: [ 0.09023571 -1.27069628  0.88123745]
2026-01-20 14:41:03,339 - position: [ 0.09284756 -1.26871419  0.88081229]
2026-01-20 14:41:03,596 - position: [ 0.09250059 -1.26806021  0.88025767]
2026-01-20 14:41:03,870 - position: [ 0.09195416 -1.26750219  0.87997407]
2026-01-20 14:41:04,101 - position: [ 0.0938208  -1.26856053  0.88061392]
2026-01-20 14:41:04,333 - position: [ 0.09818187 -1.27037394  0.88184005]
2026-01-20 14:41:04,565 - position: [ 0.10337035 -1.27065647  0.88226432]
2026-01-20 14:41:04,817 - position: [ 0.11178499 -1.27371287  0.88443327]
2026-01-20 14:41:05,060 - position: [ 0.11038791 -1.27461243  0.88381195]
2026-01-20 14:41:05,348 - position: [ 0.10477874 -1.277637    0.88445175]
2026-01-20 14:41:05,581 - position: [ 0.10499176 -1.27795911  0.88462442]
2026-01-20 14:41:05,818 - position: [ 0.1115092  -1.27476323  0.88388991]
2026-01-20 14:41:06,050 - position: [ 0.11453746 -1.27303421  0.88363534]
2026-01-20 14:41:06,285 - position: [ 0.11558291 -1.27248418  0.88323903]
2026-01-20 14:41:06,549 - position: [ 0.11661585 -1.27034032  0.88276327]
2026-01-20 14:41:06,777 - position: [ 0.11689353 -1.26884449  0.88200146]
2026-01-20 14:41:07,016 - position: [ 0.11690388 -1.26860237  0.88187331]
2026-01-20 14:41:07,288 - position: [ 0.11649446 -1.26899123  0.88184309]
2026-01-20 14:41:07,559 - position: [ 0.11394058 -1.27159631  0.88220519]
2026-01-20 14:41:07,790 - position: [ 0.11410065 -1.27315223  0.88263458]
2026-01-20 14:41:08,008 - position: [ 0.11275815 -1.27570987  0.88408911]
2026-01-20 14:41:08,251 - position: [ 0.09818605 -1.2270174   0.85058594]
2026-01-20 14:41:08,473 - position: [ 0.09156048 -1.22763503  0.85206062]
2026-01-20 14:41:08,703 - position: [ 0.05610018 -1.26738918  0.87408197]
2026-01-20 14:41:08,912 - position: [ 0.05610018 -1.26738918  0.87408197]
2026-01-20 14:41:09,136 - position: [ 0.05610018 -1.26738918  0.87408197]
2026-01-20 14:41:09,383 - position: [ 0.00886058 -1.30366671  0.86800516]
2026-01-20 14:41:09,588 - position: [ 0.01821253 -1.30071771  0.87016129]
2026-01-20 14:41:09,801 - position: [ 0.01874348 -1.29845309  0.8692742 ]
2026-01-20 14:41:10,018 - position: [ 0.02002151 -1.29691815  0.86983204]
2026-01-20 14:41:10,244 - position: [ 0.02679895 -1.28905487  0.86969876]
2026-01-20 14:41:10,458 - position: [ 0.03082343 -1.28498614  0.86965299]
2026-01-20 14:41:10,670 - position: [ 0.04051174 -1.27541077  0.8712604 ]
2026-01-20 14:41:10,921 - position: [ 0.05077627 -1.2693845   0.87185413]
2026-01-20 14:41:11,242 - position: [ 0.12362981 -1.26100647  0.87789458]
2026-01-20 14:41:11,469 - position: [ 0.12286466 -1.26624787  0.88202143]
2026-01-20 14:41:11,795 - position: [ 0.11648469 -1.25736916  0.87651062]
2026-01-20 14:41:12,078 - position: [ 0.11719138 -1.2571243   0.87620473]
2026-01-20 14:41:12,439 - position: [ 0.11867474 -1.25656927  0.87597233]
2026-01-20 14:41:12,668 - position: [ 0.11590268 -1.25506532  0.87498593]
2026-01-20 14:41:12,934 - position: [ 0.11818908 -1.25512838  0.87459314]
2026-01-20 14:41:13,183 - position: [ 0.12059901 -1.25636292  0.87477219]
2026-01-20 14:41:13,512 - position: [ 0.12048988 -1.25611496  0.87417728]
2026-01-20 14:41:13,776 - position: [ 0.1220551  -1.26013935  0.87568909]
2026-01-20 14:41:14,005 - position: [ 0.12111992 -1.26022446  0.87575942]
2026-01-20 14:41:14,226 - position: [ 0.12111992 -1.26022446  0.87575942]
2026-01-20 14:41:14,479 - position: [ 0.08280401 -1.26618874  0.87327534]
2026-01-20 14:41:14,693 - position: [ 0.07078712 -1.27829993  0.87172753]
2026-01-20 14:41:14,946 - position: [ 0.03455426 -1.30046606  0.8687796 ]
2026-01-20 14:41:15,194 - position: [ 0.01788801 -1.31141889  0.86752117]
2026-01-20 14:41:15,403 - position: [ 0.02251303 -1.30511296  0.86473322]
2026-01-20 14:41:15,649 - position: [ 0.03192259 -1.30220497  0.86956191]
2026-01-20 14:41:15,878 - position: [ 0.05626605 -1.27160597  0.86916822]
2026-01-20 14:41:16,103 - position: [ 0.10318353 -1.26692021  0.87678272]
2026-01-20 14:41:16,310 - position: [ 0.10534864 -1.27416158  0.87889147]
2026-01-20 14:41:16,613 - position: [ 0.11102849 -1.27438188  0.87945932]
2026-01-20 14:41:16,871 - position: [ 0.11562193 -1.2733593   0.88007045]
2026-01-20 14:41:17,103 - position: [ 0.1155954  -1.27193582  0.87954187]
2026-01-20 14:41:17,366 - position: [ 0.11096192 -1.26597023  0.87747753]
2026-01-20 14:41:17,582 - position: [ 0.11026222 -1.2660414   0.87837148]
2026-01-20 14:41:17,819 - position: [ 0.1157446  -1.26896977  0.87865603]
2026-01-20 14:41:18,027 - position: [ 0.10552131 -1.27625632  0.88127887]
2026-01-20 14:41:18,259 - position: [ 0.09010413 -1.28484344  0.88416106]
2026-01-20 14:41:18,499 - position: [ 0.04857812 -1.29185784  0.88074452]
2026-01-20 14:41:18,713 - position: [ 0.04115489 -1.29534578  0.88396233]
2026-01-20 14:41:18,942 - position: [ 0.04159856 -1.29573548  0.8848902 ]
2026-01-20 14:41:19,196 - position: [ 0.04159777 -1.29908752  0.88585436]
2026-01-20 14:41:19,428 - position: [ 0.04026851 -1.30021346  0.88608718]
2026-01-20 14:41:19,638 - position: [ 0.04317827 -1.30793405  0.88719273]
2026-01-20 14:41:19,866 - position: [ 0.05578355 -1.3173449   0.89012754]
2026-01-20 14:41:20,124 - position: [ 0.05954725 -1.30969012  0.88889313]
2026-01-20 14:41:20,415 - position: [ 0.07074849 -1.29380834  0.88843656]
2026-01-20 14:41:20,646 - position: [ 0.08301747 -1.27865541  0.88618344]
2026-01-20 14:41:20,907 - position: [ 0.09614615 -1.24517667  0.875049  ]
2026-01-20 14:41:21,184 - position: [ 0.09228455 -1.24264848  0.87369436]
2026-01-20 14:41:21,419 - position: [ 0.04041876 -1.2485503   0.86599916]
2026-01-20 14:41:21,655 - position: [ 0.03706279 -1.25157607  0.86434811]
2026-01-20 14:41:21,894 - position: [ 0.0448781  -1.25453603  0.86132687]
2026-01-20 14:41:22,167 - position: [ 0.06301174 -1.27221572  0.87002015]
2026-01-20 14:41:22,397 - position: [ 0.07102501 -1.29029357  0.87512356]
2026-01-20 14:41:22,635 - position: [ 0.07272454 -1.30349171  0.87846982]
2026-01-20 14:41:22,904 - position: [ 0.07342751 -1.31321239  0.87933183]
2026-01-20 14:41:23,162 - position: [ 0.07954624 -1.31458795  0.87902349]
2026-01-20 14:41:23,429 - position: [ 0.08901179 -1.28444767  0.87503183]
2026-01-20 14:41:23,675 - position: [ 0.0996411  -1.2682693   0.87320316]
2026-01-20 14:41:23,900 - position: [ 0.10492603 -1.26199996  0.87172806]
2026-01-20 14:41:24,128 - position: [ 0.11361131 -1.25374079  0.87052429]
2026-01-20 14:41:24,353 - position: [ 0.11361131 -1.25374079  0.87052429]
2026-01-20 14:41:24,640 - position: [ 0.13426711 -1.25027454  0.87427711]
2026-01-20 14:41:24,866 - position: [ 0.13613066 -1.25488317  0.87606567]
2026-01-20 14:41:25,134 - position: [ 0.12231735 -1.25639772  0.87545478]
2026-01-20 14:41:25,340 - position: [ 0.1210442  -1.2566663   0.87533247]
2026-01-20 14:41:25,690 - position: [ 0.11843272 -1.25491095  0.87390363]
2026-01-20 14:41:25,949 - position: [ 0.114617   -1.25331962  0.87254214]
2026-01-20 14:41:26,190 - position: [ 0.11288258 -1.25443959  0.87269211]
2026-01-20 14:41:26,428 - position: [ 0.11288258 -1.25443959  0.87269211]
2026-01-20 14:41:26,674 - position: [ 0.11161488 -1.26141071  0.87282521]
2026-01-20 14:41:27,032 - position: [ 0.0544977  -1.27916479  0.87004626]
2026-01-20 14:41:27,256 - position: [ 0.10265685 -1.27195716  0.8746348 ]
2026-01-20 14:41:27,512 - position: [ 0.10591901 -1.27163875  0.87433732]
2026-01-20 14:41:27,813 - position: [ 0.09325676 -1.27255309  0.87313467]
2026-01-20 14:41:28,049 - position: [ 0.03995535 -1.29041004  0.86910653]
2026-01-20 14:41:28,264 - position: [ 0.0317918  -1.30622733  0.87050754]
2026-01-20 14:41:28,508 - position: [ 0.02822711 -1.31491125  0.87347716]
2026-01-20 14:41:28,715 - position: [ 0.03654682 -1.30382311  0.87135214]
2026-01-20 14:41:28,960 - position: [ 0.06944163 -1.27854121  0.86920476]
2026-01-20 14:41:29,210 - position: [ 0.08620403 -1.28089488  0.87172061]
2026-01-20 14:41:29,464 - position: [ 0.0942114  -1.28171432  0.87326926]
2026-01-20 14:41:29,670 - position: [ 0.0987916  -1.27833533  0.87222391]
2026-01-20 14:41:29,892 - position: [ 0.10259902 -1.27148747  0.86918098]
2026-01-20 14:41:30,139 - position: [ 0.10282633 -1.26737857  0.86853689]
2026-01-20 14:41:30,356 - position: [ 0.09840608 -1.26556909  0.86676407]
2026-01-20 14:41:30,596 - position: [ 0.09495555 -1.27027607  0.86911666]
2026-01-20 14:41:30,823 - position: [ 0.09681777 -1.27589118  0.87203944]
2026-01-20 14:41:31,064 - position: [ 0.10226396 -1.27483714  0.87228626]
2026-01-20 14:41:31,302 - position: [ 0.10507561 -1.27363801  0.87254322]
2026-01-20 14:41:31,588 - position: [ 0.10727356 -1.2740885   0.87321413]
2026-01-20 14:41:31,856 - position: [ 0.1050889  -1.27160609  0.87192243]
2026-01-20 14:41:32,066 - position: [ 0.10451367 -1.27022254  0.87133318]
2026-01-20 14:41:32,296 - position: [ 0.10682059 -1.26896667  0.87132877]
2026-01-20 14:41:32,554 - position: [ 0.11171504 -1.27062678  0.87332577]
2026-01-20 14:41:32,872 - position: [ 0.1148533  -1.27308035  0.874816  ]
2026-01-20 14:41:33,165 - position: [ 0.10824703 -1.27105272  0.87348706]
2026-01-20 14:41:33,483 - position: [ 0.10862834 -1.26579118  0.87094027]
2026-01-20 14:41:33,702 - position: [ 0.11105657 -1.25425577  0.86433488]
2026-01-20 14:41:33,926 - position: [ 0.12429719 -1.21350002  0.83342582]
2026-01-20 14:41:34,165 - position: [ 0.1319223  -1.19836605  0.82262743]
2026-01-20 14:41:34,389 - position: [ 0.13392147 -1.18986332  0.8157776 ]
2026-01-20 14:41:34,633 - position: [ 0.13392147 -1.18986332  0.8157776 ]
2026-01-20 14:41:34,936 - position: [ 0.13529603 -1.25371683  0.86789364]
2026-01-20 14:41:35,161 - position: [ 0.13447808 -1.26883507  0.87342316]
2026-01-20 14:41:35,379 - position: [ 0.13298798 -1.27188993  0.87459081]
2026-01-20 14:41:35,643 - position: [ 0.12948669 -1.27340043  0.8750059 ]
2026-01-20 14:41:35,947 - position: [ 0.12566824 -1.27266192  0.87479556]
2026-01-20 14:41:36,216 - position: [ 0.12142299 -1.26781821  0.87295693]
2026-01-20 14:41:36,434 - position: [ 0.11977519 -1.26735306  0.87236172]
2026-01-20 14:41:36,648 - position: [ 0.11640227 -1.26716876  0.87180322]
2026-01-20 14:41:36,922 - position: [ 0.11564101 -1.26916587  0.8723765 ]
2026-01-20 14:41:37,181 - position: [ 0.11411724 -1.26463687  0.86931068]
2026-01-20 14:41:37,438 - position: [ 0.11120845 -1.26382577  0.8677687 ]
2026-01-20 14:41:37,715 - position: [ 0.08424854 -1.26902103  0.86807895]
2026-01-20 14:41:37,997 - position: [ 0.10127057 -1.27443779  0.8748554 ]
2026-01-20 14:41:38,254 - position: [ 0.10893547 -1.27266943  0.8733058 ]
2026-01-20 14:41:38,534 - position: [ 0.11654571 -1.27430034  0.8742227 ]
2026-01-20 14:41:38,790 - position: [ 0.11814855 -1.27400303  0.87412465]
2026-01-20 14:41:39,026 - position: [ 0.12149428 -1.27272165  0.87401849]
2026-01-20 14:41:39,265 - position: [ 0.12177616 -1.27353597  0.87516415]
2026-01-20 14:41:39,510 - position: [ 0.12237146 -1.2742784   0.87563097]
2026-01-20 14:41:39,737 - position: [ 0.12340622 -1.27550662  0.87628275]
2026-01-20 14:41:40,079 - position: [ 0.12801978 -1.28266001  0.87971497]
2026-01-20 14:41:40,338 - position: [ 0.12466055 -1.28210068  0.87944818]
2026-01-20 14:41:40,569 - position: [ 0.12376226 -1.28117168  0.8787784 ]
2026-01-20 14:41:40,781 - position: [ 0.12336725 -1.28066242  0.87846738]
2026-01-20 14:41:41,027 - position: [ 0.12249345 -1.2773968   0.87748861]
2026-01-20 14:41:41,250 - position: [ 0.12267642 -1.27682114  0.87724769]
2026-01-20 14:41:41,475 - position: [ 0.12268497 -1.27663171  0.87717974]
2026-01-20 14:41:41,731 - position: [ 0.12272561 -1.27502811  0.87628692]
2026-01-20 14:41:41,957 - position: [ 0.12078582 -1.27506542  0.87591475]
2026-01-20 14:41:42,277 - position: [ 0.11719315 -1.27379251  0.87476391]
2026-01-20 14:41:42,521 - position: [ 0.11583201 -1.27605402  0.8753565 ]
2026-01-20 14:41:42,761 - position: [ 0.11870056 -1.28484833  0.87698865]
2026-01-20 14:41:42,984 - position: [ 0.1237642  -1.28721893  0.87809217]
2026-01-20 14:41:43,227 - position: [ 0.1244458  -1.2827189   0.87635577]
2026-01-20 14:41:43,465 - position: [ 0.12021527 -1.27817738  0.87470996]
2026-01-20 14:41:43,705 - position: [ 0.11540483 -1.27773631  0.87424701]
2026-01-20 14:41:43,960 - position: [ 0.11617039 -1.27626717  0.87349546]
2026-01-20 14:41:44,213 - position: [ 0.11979694 -1.27404034  0.87255514]
2026-01-20 14:41:44,433 - position: [ 0.06526097 -1.29218268  0.8743009 ]
2026-01-20 14:41:44,648 - position: [ 0.0403691  -1.32070112  0.87318575]
2026-01-20 14:41:44,915 - position: [ 0.04232798 -1.32819521  0.8771289 ]
2026-01-20 14:41:45,193 - position: [ 0.04297582 -1.32465041  0.87609404]
2026-01-20 14:41:45,430 - position: [ 0.0619821  -1.27934158  0.86842537]
2026-01-20 14:41:45,650 - position: [ 0.07781269 -1.2388097   0.87097061]
2026-01-20 14:41:45,910 - position: [ 0.09977547 -1.22258818  0.87806731]
2026-01-20 14:41:46,148 - position: [ 0.11515579 -1.20284402  0.8869074 ]
2026-01-20 14:41:46,368 - position: [ 0.13719015 -1.15547144  0.8764382 ]
2026-01-20 14:41:46,583 - position: [ 0.14537929 -1.15971375  0.87660086]
2026-01-20 14:41:46,825 - position: [ 0.14490932 -1.16744888  0.87833089]
2026-01-20 14:41:47,060 - position: [ 0.13924199 -1.18368673  0.87929428]
2026-01-20 14:41:47,294 - position: [ 0.12395968 -1.2065655   0.87954181]
2026-01-20 14:41:47,517 - position: [ 0.12710397 -1.20874751  0.88024402]
2026-01-20 14:41:47,907 - position: [ 0.14009017 -1.20662785  0.87936389]
2026-01-20 14:41:48,158 - position: [ 0.17381185 -1.21221185  0.87971777]
2026-01-20 14:41:48,377 - position: [ 0.17169465 -1.21583068  0.88077384]
2026-01-20 14:41:48,580 - position: [ 0.16643532 -1.22298431  0.88368332]
2026-01-20 14:41:48,831 - position: [ 0.16675031 -1.22110963  0.88275284]
2026-01-20 14:41:49,063 - position: [ 0.16754222 -1.2120775   0.87885392]
2026-01-20 14:41:49,298 - position: [ 0.16814174 -1.21090746  0.87801361]
2026-01-20 14:41:49,537 - position: [ 0.168441   -1.20750868  0.87619948]
2026-01-20 14:41:49,779 - position: [ 0.1676622  -1.20683098  0.87592524]
2026-01-20 14:41:50,036 - position: [ 0.16620538 -1.2058897   0.87545031]
2026-01-20 14:41:50,259 - position: [ 0.16391893 -1.20463896  0.87488222]
2026-01-20 14:41:50,560 - position: [ 0.1654781  -1.20360208  0.87400758]
2026-01-20 14:41:50,826 - position: [ 0.16529769 -1.20134604  0.8731932 ]
2026-01-20 14:41:51,067 - position: [ 0.16575737 -1.20344508  0.87346101]
2026-01-20 14:41:51,301 - position: [ 0.16681151 -1.20483494  0.87346923]
2026-01-20 14:41:51,599 - position: [ 0.16574612 -1.20408642  0.8728891 ]
2026-01-20 14:41:51,828 - position: [ 0.16657034 -1.20270002  0.8721543 ]
2026-01-20 14:41:52,085 - position: [ 0.17211066 -1.20116746  0.87157786]
2026-01-20 14:41:52,306 - position: [ 0.1732664  -1.20083821  0.87153107]
2026-01-20 14:41:52,556 - position: [ 0.18144035 -1.19750297  0.86982518]
2026-01-20 14:41:52,815 - position: [ 0.18428189 -1.19624436  0.86936027]
2026-01-20 14:41:53,054 - position: [ 0.18198277 -1.19683182  0.86999238]
2026-01-20 14:41:53,308 - position: [ 0.17033088 -1.20668054  0.87505949]
2026-01-20 14:41:53,531 - position: [ 0.14621215 -1.22896016  0.88427192]
2026-01-20 14:41:53,806 - position: [ 0.09754775 -1.26370549  0.89445388]
2026-01-20 14:41:54,066 - position: [ 0.03211717 -1.29748464  0.89443815]
2026-01-20 14:41:54,311 - position: [ 0.01473386 -1.31440842  0.89455593]
2026-01-20 14:41:54,538 - position: [ 0.01536803 -1.31937635  0.89470953]
2026-01-20 14:41:54,850 - position: [ 0.01090625 -1.32885587  0.89092594]
2026-01-20 14:41:55,098 - position: [ 0.02375216 -1.32405663  0.8895036 ]
2026-01-20 14:41:55,467 - position: [ 0.04940402 -1.33075833  0.89413834]
2026-01-20 14:41:55,717 - position: [ 0.09756323 -1.28806424  0.8818599 ]
2026-01-20 14:41:55,954 - position: [ 0.1106603  -1.26273954  0.87438738]
2026-01-20 14:41:56,186 - position: [ 0.12722465 -1.23370075  0.86623448]
2026-01-20 14:41:56,415 - position: [ 0.14052866 -1.22101295  0.86161745]
2026-01-20 14:41:56,639 - position: [ 0.13146219 -1.23654771  0.86354572]
2026-01-20 14:41:56,846 - position: [ 0.12121885 -1.25648487  0.86401153]
2026-01-20 14:41:57,072 - position: [ 0.09010151 -1.29265153  0.87038153]
2026-01-20 14:41:57,326 - position: [ 0.04571009 -1.30009842  0.86463326]
2026-01-20 14:41:57,549 - position: [ 0.04166964 -1.28317618  0.8579607 ]
2026-01-20 14:41:57,793 - position: [ 0.02923381 -1.28863835  0.85683465]
2026-01-20 14:41:58,029 - position: [ 0.02653312 -1.28735232  0.85318238]
2026-01-20 14:41:58,280 - position: [ 0.10196985 -1.26466954  0.86573756]
2026-01-20 14:41:58,502 - position: [ 0.11922745 -1.27199519  0.8697955 ]
2026-01-20 14:41:58,785 - position: [ 0.1208642  -1.26995921  0.86769563]
2026-01-20 14:41:58,999 - position: [ 0.11582587 -1.2660501   0.86759579]
2026-01-20 14:41:59,246 - position: [ 0.11497223 -1.26537311  0.86750579]
2026-01-20 14:41:59,498 - position: [ 0.11638796 -1.26275086  0.86659485]
2026-01-20 14:41:59,748 - position: [ 0.11914208 -1.26239657  0.8666299 ]
2026-01-20 14:41:59,986 - position: [ 0.12234236 -1.26142192  0.86655158]
2026-01-20 14:42:00,232 - position: [ 0.12234236 -1.26142192  0.86655158]
2026-01-20 14:42:00,445 - position: [ 0.11923423 -1.25835705  0.86540413]
2026-01-20 14:42:00,656 - position: [ 0.11825471 -1.25817227  0.86513841]
2026-01-20 14:42:00,909 - position: [ 0.11863247 -1.26017129  0.86584342]
2026-01-20 14:42:01,162 - position: [ 0.12038326 -1.25912082  0.86570883]
2026-01-20 14:42:01,375 - position: [ 0.1204605  -1.25893593  0.86597103]
2026-01-20 14:42:01,617 - position: [ 0.11658635 -1.25780797  0.86578423]
2026-01-20 14:42:01,910 - position: [ 0.11322124 -1.25579917  0.86531419]
2026-01-20 14:42:02,170 - position: [ 0.12423182 -1.25486279  0.86555642]
2026-01-20 14:42:02,405 - position: [ 0.12642787 -1.25630295  0.86634451]
2026-01-20 14:42:02,613 - position: [ 0.12704828 -1.25665188  0.86615485]
2026-01-20 14:42:02,835 - position: [ 0.13099411 -1.25872624  0.86569041]
2026-01-20 14:42:03,055 - position: [ 0.12767443 -1.25978017  0.86567098]
2026-01-20 14:42:03,285 - position: [ 0.12231771 -1.26091588  0.86569732]
2026-01-20 14:42:03,495 - position: [ 0.10661124 -1.26615739  0.86675292]
2026-01-20 14:42:03,755 - position: [ 0.05457918 -1.2940408   0.86542583]
2026-01-20 14:42:03,975 - position: [ 0.03250576 -1.3318491   0.86911845]
2026-01-20 14:42:04,229 - position: [ 0.03041841 -1.32170022  0.86565626]
2026-01-20 14:42:04,437 - position: [ 0.02612473 -1.32873392  0.86710048]
2026-01-20 14:42:04,655 - position: [ 0.02239199 -1.32246685  0.86372006]
2026-01-20 14:42:04,891 - position: [ 0.02705087 -1.30792964  0.86094254]
2026-01-20 14:42:05,120 - position: [ 0.02715051 -1.30200505  0.85913444]
2026-01-20 14:42:05,379 - position: [ 0.03009288 -1.29502034  0.857687  ]
2026-01-20 14:42:05,593 - position: [ 0.09609928 -1.2583648   0.86409539]
2026-01-20 14:42:05,810 - position: [ 0.09666023 -1.26345932  0.86498135]
2026-01-20 14:42:06,048 - position: [ 0.10390621 -1.27336586  0.86982417]
2026-01-20 14:42:06,420 - position: [ 0.11167499 -1.27573586  0.87196571]
2026-01-20 14:42:06,660 - position: [ 0.11654469 -1.27460575  0.87210846]
2026-01-20 14:42:06,899 - position: [ 0.11494729 -1.28048027  0.8731122 ]
2026-01-20 14:42:07,127 - position: [ 0.11263275 -1.28044498  0.87268221]
2026-01-20 14:42:07,388 - position: [ 0.11024429 -1.27504468  0.87042737]
2026-01-20 14:42:07,645 - position: [ 0.10920213 -1.27100921  0.86860436]
2026-01-20 14:42:07,855 - position: [ 0.10875864 -1.27058017  0.86844653]
2026-01-20 14:42:08,114 - position: [ 0.10867362 -1.27029598  0.86833411]
2026-01-20 14:42:08,340 - position: [ 0.11272472 -1.27304387  0.87041628]
2026-01-20 14:42:08,578 - position: [ 0.11270884 -1.27253151  0.86978906]
2026-01-20 14:42:08,797 - position: [ 0.11302309 -1.27186286  0.86970562]
2026-01-20 14:42:09,012 - position: [ 0.11105224 -1.27028024  0.86879075]
2026-01-20 14:42:09,220 - position: [ 0.10869896 -1.26725793  0.86791909]
2026-01-20 14:42:09,485 - position: [ 0.10484503 -1.26632357  0.86675382]
2026-01-20 14:42:09,754 - position: [ 0.10527274 -1.2671684   0.86710358]
2026-01-20 14:42:09,983 - position: [ 0.10583408 -1.26656914  0.86707395]
2026-01-20 14:42:10,245 - position: [ 0.10530398 -1.26635313  0.86722362]
2026-01-20 14:42:10,490 - position: [ 0.10515127 -1.26633751  0.86726409]
2026-01-20 14:42:10,730 - position: [ 0.10311793 -1.26673973  0.86665356]
2026-01-20 14:42:10,970 - position: [ 0.10198718 -1.2665832   0.8665809 ]
2026-01-20 14:42:11,207 - position: [ 0.10105152 -1.26412201  0.86556923]
2026-01-20 14:42:11,445 - position: [ 0.10070714 -1.26319277  0.86535442]
2026-01-20 14:42:11,687 - position: [ 0.10001783 -1.26402068  0.86499214]
2026-01-20 14:42:11,910 - position: [ 0.09921288 -1.26482916  0.86518353]
2026-01-20 14:42:12,167 - position: [ 0.09874171 -1.27559066  0.86812085]
2026-01-20 14:42:12,393 - position: [ 0.09874171 -1.27559066  0.86812085]
2026-01-20 14:42:12,616 - position: [ 0.08717202 -1.28813255  0.87354195]
2026-01-20 14:42:12,913 - position: [ 0.04884771 -1.3097713   0.87088025]
2026-01-20 14:42:13,142 - position: [ 0.04549106 -1.31039619  0.87014437]
2026-01-20 14:42:13,366 - position: [ 0.04835945 -1.29995584  0.86730331]
2026-01-20 14:42:13,614 - position: [ 0.06708557 -1.28056026  0.86595511]
2026-01-20 14:42:13,916 - position: [ 0.07163978 -1.28120768  0.86723393]
2026-01-20 14:42:14,125 - position: [ 0.07255039 -1.27514243  0.86380744]
2026-01-20 14:42:14,355 - position: [ 0.09794597 -1.26359475  0.86460173]
2026-01-20 14:42:14,580 - position: [ 0.12673129 -1.26539338  0.86843592]
2026-01-20 14:42:14,846 - position: [ 0.12840725 -1.26913655  0.8693859 ]
2026-01-20 14:42:15,097 - position: [ 0.12849334 -1.27562785  0.87313992]
2026-01-20 14:42:15,322 - position: [ 0.1227978  -1.27499163  0.87547636]
2026-01-20 14:42:15,540 - position: [ 0.11814947 -1.26958573  0.87463367]
2026-01-20 14:42:15,758 - position: [ 0.11235405 -1.26012731  0.86794442]
2026-01-20 14:42:16,079 - position: [ 0.10982983 -1.26233578  0.86838371]
2026-01-20 14:42:16,340 - position: [ 0.10921253 -1.26388633  0.86845708]
2026-01-20 14:42:16,585 - position: [ 0.11037046 -1.26200569  0.86780077]
2026-01-20 14:42:16,843 - position: [ 0.11036023 -1.25816762  0.86640471]
2026-01-20 14:42:17,077 - position: [ 0.11043412 -1.25750518  0.86548859]
2026-01-20 14:42:17,338 - position: [ 0.10903428 -1.25980198  0.86595052]
2026-01-20 14:42:17,555 - position: [ 0.10782769 -1.25939012  0.86609626]
2026-01-20 14:42:17,798 - position: [ 0.10792261 -1.25909102  0.86602968]
2026-01-20 14:42:18,011 - position: [ 0.10818917 -1.25851417  0.86578029]
2026-01-20 14:42:18,223 - position: [ 0.10870061 -1.25784266  0.86543941]
2026-01-20 14:42:18,467 - position: [ 0.10894872 -1.25769615  0.86548561]
2026-01-20 14:42:18,676 - position: [ 0.10926297 -1.25789857  0.86542213]
2026-01-20 14:42:18,903 - position: [ 0.10941824 -1.25765395  0.86521173]
2026-01-20 14:42:19,121 - position: [ 0.10941824 -1.25765395  0.86521173]
2026-01-20 14:42:19,343 - position: [ 0.10700305 -1.25835156  0.86503261]
2026-01-20 14:42:19,605 - position: [ 0.10911684 -1.25844026  0.865053  ]
2026-01-20 14:42:19,896 - position: [ 0.10987409 -1.25928342  0.86551303]
2026-01-20 14:42:20,127 - position: [ 0.11452656 -1.25992084  0.86630344]
2026-01-20 14:42:20,348 - position: [ 0.10812251 -1.26487529  0.867836  ]
2026-01-20 14:42:20,598 - position: [ 0.10498174 -1.2594105   0.86469722]
2026-01-20 14:42:20,835 - position: [ 0.07358242 -1.27038705  0.86512613]
2026-01-20 14:42:21,094 - position: [ 0.02888688 -1.31668758  0.86683249]
2026-01-20 14:42:21,317 - position: [ 0.02212917 -1.33346093  0.86781031]
2026-01-20 14:42:21,558 - position: [ 0.02207609 -1.34815311  0.86835939]
2026-01-20 14:42:21,794 - position: [ 0.01753515 -1.34547341  0.86449289]
2026-01-20 14:42:22,059 - position: [ 0.01367434 -1.31306458  0.86181831]
2026-01-20 14:42:22,306 - position: [ 0.01727796 -1.27325451  0.85557783]
2026-01-20 14:42:22,541 - position: [ 0.02022223 -1.25901985  0.8543908 ]
2026-01-20 14:42:22,745 - position: [ 0.08340596 -1.20042801  0.86234951]
2026-01-20 14:42:22,972 - position: [ 0.0977564  -1.19730115  0.86573988]
2026-01-20 14:42:23,217 - position: [ 0.15017758 -1.17242301  0.88060915]
2026-01-20 14:42:23,481 - position: [ 0.15971179 -1.19035339  0.89589155]
2026-01-20 14:42:23,692 - position: [ 0.15158117 -1.20920801  0.90112019]
2026-01-20 14:42:23,952 - position: [ 0.15217489 -1.19159436  0.89233321]
2026-01-20 14:42:24,176 - position: [ 0.15857597 -1.17357838  0.88829589]
2026-01-20 14:42:24,398 - position: [ 0.15974547 -1.16465926  0.88361108]
2026-01-20 14:42:24,623 - position: [ 0.15805201 -1.16467667  0.88120013]
2026-01-20 14:42:24,871 - position: [ 0.15682076 -1.1650151   0.88037306]
2026-01-20 14:42:25,101 - position: [ 0.15653789 -1.164819    0.87983054]
2026-01-20 14:42:25,350 - position: [ 0.15600693 -1.1642499   0.8792187 ]
2026-01-20 14:42:25,597 - position: [ 0.15461339 -1.16223454  0.87740201]
2026-01-20 14:42:25,826 - position: [ 0.15336235 -1.16221297  0.87673217]
2026-01-20 14:42:26,075 - position: [ 0.15264633 -1.16369164  0.87627143]
2026-01-20 14:42:26,309 - position: [ 0.15231319 -1.16327488  0.8758195 ]
2026-01-20 14:42:26,597 - position: [ 0.15310487 -1.16245258  0.87512296]
2026-01-20 14:42:26,844 - position: [ 0.15468244 -1.16361845  0.87553465]
2026-01-20 14:42:27,077 - position: [ 0.15546861 -1.16444671  0.87558657]
2026-01-20 14:42:27,293 - position: [ 0.1597864  -1.16671669  0.87649471]
2026-01-20 14:42:27,496 - position: [ 0.16159092 -1.17112005  0.87843007]
2026-01-20 14:42:27,712 - position: [ 0.16227181 -1.17576385  0.87961137]
2026-01-20 14:42:27,946 - position: [ 0.1623701  -1.17615628  0.87955791]
2026-01-20 14:42:28,170 - position: [ 0.16246746 -1.17582762  0.87941754]
2026-01-20 14:42:28,398 - position: [ 0.16112369 -1.17369783  0.87844485]
2026-01-20 14:42:28,642 - position: [ 0.16202608 -1.1733979   0.87798727]
2026-01-20 14:42:28,889 - position: [ 0.16557725 -1.17356348  0.8776741 ]
2026-01-20 14:42:29,149 - position: [ 0.18957652 -1.18125987  0.87709022]
2026-01-20 14:42:29,385 - position: [ 0.20029853 -1.17980444  0.87472546]
2026-01-20 14:42:29,622 - position: [ 0.19398266 -1.17752349  0.87412506]
2026-01-20 14:42:29,879 - position: [ 0.18957116 -1.17861068  0.87523425]
2026-01-20 14:42:30,128 - position: [ 0.18618265 -1.17892635  0.87569338]
2026-01-20 14:42:30,369 - position: [ 0.18753642 -1.17813349  0.87530184]
2026-01-20 14:42:30,586 - position: [ 0.18779066 -1.17814934  0.87524462]
2026-01-20 14:42:30,946 - position: [ 0.1877158  -1.17640162  0.87481517]
2026-01-20 14:42:31,249 - position: [ 0.16875558 -1.18567872  0.88097256]
2026-01-20 14:42:31,486 - position: [ 0.14684039 -1.19784749  0.88749212]
2026-01-20 14:42:31,755 - position: [ 0.06157818 -1.26310015  0.90020341]
2026-01-20 14:42:31,995 - position: [ 0.07436882 -1.2960887   0.89955825]
2026-01-20 14:42:32,234 - position: [ 0.0816306  -1.29996383  0.89792097]
2026-01-20 14:42:32,453 - position: [ 0.0781493  -1.29639828  0.89584208]
2026-01-20 14:42:32,667 - position: [ 0.07407819 -1.2888391   0.89378101]
2026-01-20 14:42:32,884 - position: [ 0.07261666 -1.28511429  0.89338177]
2026-01-20 14:42:33,111 - position: [ 0.07072387 -1.27864671  0.89167219]
2026-01-20 14:42:33,334 - position: [ 0.06921563 -1.27209044  0.88939947]
2026-01-20 14:42:33,579 - position: [ 0.06827031 -1.27108526  0.88938111]
2026-01-20 14:42:33,805 - position: [ 0.06903049 -1.27127624  0.88951153]
2026-01-20 14:42:34,033 - position: [ 0.06965582 -1.27070379  0.88946432]
2026-01-20 14:42:34,281 - position: [ 0.06905292 -1.26896048  0.88872999]
2026-01-20 14:42:34,501 - position: [ 0.06733253 -1.26801836  0.88886374]
2026-01-20 14:42:34,749 - position: [ 0.06744616 -1.26729226  0.88862741]
2026-01-20 14:42:34,967 - position: [ 0.06711017 -1.26739645  0.88859951]
2026-01-20 14:42:35,209 - position: [ 0.06768814 -1.26679492  0.88841605]
2026-01-20 14:42:35,466 - position: [ 0.0711686  -1.26139343  0.88694143]
2026-01-20 14:42:35,672 - position: [ 0.0717614  -1.26068068  0.88694996]
2026-01-20 14:42:35,917 - position: [ 0.07163464 -1.26038849  0.88704056]
2026-01-20 14:42:36,121 - position: [ 0.07342343 -1.26098716  0.88712543]
2026-01-20 14:42:36,334 - position: [ 0.0733861  -1.26092124  0.88701057]
2026-01-20 14:42:36,549 - position: [ 0.02906509 -1.27483833  0.89006555]
2026-01-20 14:42:36,778 - position: [ 0.01577203 -1.27988017  0.88778675]
2026-01-20 14:42:37,022 - position: [ 0.02619614 -1.27995479  0.88961256]
2026-01-20 14:42:37,298 - position: [ 0.03694833 -1.27549076  0.88972837]
2026-01-20 14:42:37,516 - position: [ 0.04328687 -1.27227783  0.88967741]
2026-01-20 14:42:37,767 - position: [ 0.04756017 -1.26831985  0.88839811]
2026-01-20 14:42:37,995 - position: [ 0.04933254 -1.26727724  0.88796329]
2026-01-20 14:42:38,234 - position: [ 0.04990942 -1.2680068   0.88825899]
2026-01-20 14:42:38,480 - position: [ 0.04890782 -1.27070951  0.8885408 ]
2026-01-20 14:42:38,739 - position: [ 0.04796218 -1.27267492  0.88858581]
2026-01-20 14:42:38,998 - position: [ 0.05395058 -1.26758635  0.88791013]
2026-01-20 14:42:39,233 - position: [ 0.06101351 -1.25705659  0.8855083 ]
2026-01-20 14:42:39,456 - position: [ 0.05973782 -1.25811219  0.88584703]
2026-01-20 14:42:39,706 - position: [ 0.05989005 -1.2576412   0.88559848]
2026-01-20 14:42:39,953 - position: [ 0.06086079 -1.25661933  0.88531244]
2026-01-20 14:42:40,213 - position: [ 0.0612015  -1.25538361  0.8853941 ]
2026-01-20 14:42:40,463 - position: [ 0.06122954 -1.25497615  0.88528931]
2026-01-20 14:42:40,765 - position: [ 0.05892881 -1.25897098  0.88647687]
2026-01-20 14:42:41,011 - position: [ 0.058034   -1.25902474  0.88607436]
2026-01-20 14:42:41,225 - position: [ 0.05648427 -1.25858223  0.88567019]
2026-01-20 14:42:41,463 - position: [ 0.05738844 -1.25811851  0.88489985]
2026-01-20 14:42:41,723 - position: [ 0.05713435 -1.25736475  0.88458776]
2026-01-20 14:42:41,985 - position: [ 0.05713435 -1.25736475  0.88458776]
2026-01-20 14:42:42,205 - position: [ 0.05725251 -1.25563538  0.88430136]
2026-01-20 14:42:42,430 - position: [ 0.05737488 -1.25476813  0.88393295]
2026-01-20 14:42:42,679 - position: [ 0.0571461  -1.25412011  0.88349372]
2026-01-20 14:42:42,976 - position: [ 0.05750064 -1.25204563  0.88254684]
2026-01-20 14:42:43,234 - position: [ 0.0576251  -1.25125909  0.88217312]
2026-01-20 14:42:43,565 - position: [ 0.05710037 -1.25242352  0.88241935]
2026-01-20 14:42:43,852 - position: [ 0.05724661 -1.25291085  0.88281089]
2026-01-20 14:42:44,104 - position: [ 0.05862374 -1.2544049   0.88352704]
2026-01-20 14:42:44,395 - position: [ 0.06073982 -1.25378549  0.88330764]
2026-01-20 14:42:44,644 - position: [ 0.0603228  -1.25244141  0.88303536]
2026-01-20 14:42:44,917 - position: [ 0.06055129 -1.25228441  0.88291413]
2026-01-20 14:42:45,145 - position: [ 0.06056761 -1.25228417  0.88291198]
2026-01-20 14:42:45,368 - position: [ 0.06117553 -1.25384116  0.88302124]
2026-01-20 14:42:45,570 - position: [ 0.06151204 -1.25310862  0.88295525]
2026-01-20 14:42:45,830 - position: [ 0.06176757 -1.25298285  0.88278961]
2026-01-20 14:42:46,034 - position: [ 0.06126376 -1.25416064  0.88316143]
2026-01-20 14:42:46,280 - position: [ 0.05572353 -1.26280105  0.8863911 ]
2026-01-20 14:42:46,522 - position: [ 0.0030895  -1.3015461   0.88979113]
2026-01-20 14:42:46,747 - position: [-0.02026913 -1.32189155  0.89051765]
2026-01-20 14:42:46,991 - position: [-0.03593986 -1.34832466  0.88716906]
2026-01-20 14:42:47,233 - position: [-0.03915962 -1.3497901   0.885867  ]
2026-01-20 14:42:47,485 - position: [-0.04321329 -1.35256207  0.88374573]
2026-01-20 14:42:47,728 - position: [-0.04070749 -1.36132264  0.88472629]
2026-01-20 14:42:47,968 - position: [-0.02433395 -1.34888506  0.88431013]
2026-01-20 14:42:48,280 - position: [ 0.00423777 -1.33856571  0.8878879 ]
2026-01-20 14:42:48,553 - position: [ 0.0358208  -1.32812417  0.89104527]
2026-01-20 14:42:48,766 - position: [ 0.04761799 -1.31614423  0.89018315]
2026-01-20 14:42:48,977 - position: [ 0.06430158 -1.28967726  0.88597006]
2026-01-20 14:42:49,225 - position: [ 0.08241411 -1.25136447  0.87821549]
2026-01-20 14:42:49,471 - position: [ 0.09646025 -1.2200501   0.8732574 ]
2026-01-20 14:42:49,696 - position: [ 0.11904447 -1.1715467   0.86191082]
2026-01-20 14:42:49,943 - position: [ 0.1261609  -1.17743731  0.86207831]
2026-01-20 14:42:50,185 - position: [ 0.12839794 -1.18701422  0.86286449]
2026-01-20 14:42:50,413 - position: [ 0.12031047 -1.26980066  0.87093842]
2026-01-20 14:42:50,680 - position: [ 0.10649467 -1.28696144  0.87125427]
2026-01-20 14:42:50,903 - position: [ 0.10440727 -1.29815006  0.872675  ]
2026-01-20 14:42:51,136 - position: [ 0.10256013 -1.29878545  0.87356514]
2026-01-20 14:42:51,366 - position: [ 0.0578762  -1.30454385  0.86964327]
2026-01-20 14:42:51,574 - position: [ 0.01792388 -1.32360268  0.86326224]
2026-01-20 14:42:51,811 - position: [ 0.0224617  -1.3227663   0.86389637]
2026-01-20 14:42:52,018 - position: [ 0.04553832 -1.3079195   0.86648858]
2026-01-20 14:42:52,260 - position: [ 0.07598338 -1.29580927  0.87046677]
2026-01-20 14:42:52,500 - position: [ 0.08058429 -1.29781592  0.87169242]
2026-01-20 14:42:52,714 - position: [ 0.08152048 -1.29806542  0.87169802]
2026-01-20 14:42:52,938 - position: [ 0.08406153 -1.29754317  0.8709628 ]
2026-01-20 14:42:53,177 - position: [ 0.08455218 -1.29526508  0.87029445]
2026-01-20 14:42:53,406 - position: [ 0.08421203 -1.29486918  0.87004805]
2026-01-20 14:42:53,678 - position: [ 0.08595084 -1.29497278  0.86922479]
2026-01-20 14:42:53,930 - position: [ 0.08593005 -1.29387081  0.86812717]
2026-01-20 14:42:54,167 - position: [ 0.06270888 -1.29705906  0.86513329]
2026-01-20 14:42:54,391 - position: [ 0.02215938 -1.32137334  0.86150789]
2026-01-20 14:42:54,634 - position: [ 0.00878672 -1.33459949  0.86284685]
2026-01-20 14:42:54,874 - position: [ 0.00754481 -1.33310676  0.86101836]
2026-01-20 14:42:55,108 - position: [ 0.01106723 -1.33060431  0.86010492]
2026-01-20 14:42:55,315 - position: [ 0.08109079 -1.28253794  0.86310846]
2026-01-20 14:42:55,541 - position: [ 0.08626575 -1.28918958  0.8659212 ]
2026-01-20 14:42:55,770 - position: [ 0.07778585 -1.29383123  0.86494023]
2026-01-20 14:42:56,006 - position: [ 0.08037967 -1.29099214  0.86457342]
2026-01-20 14:42:56,210 - position: [ 0.08194359 -1.28800237  0.86475885]
2026-01-20 14:42:56,458 - position: [ 0.08569345 -1.282305    0.86435556]
2026-01-20 14:42:56,673 - position: [ 0.08528638 -1.27840412  0.86267596]
2026-01-20 14:42:56,966 - position: [ 0.07653638 -1.28184223  0.86518705]
2026-01-20 14:42:57,199 - position: [ 0.07509334 -1.28273058  0.86468977]
2026-01-20 14:42:57,433 - position: [ 0.07380313 -1.2810874   0.86392695]
2026-01-20 14:42:57,673 - position: [ 0.07156011 -1.27809536  0.86273539]
2026-01-20 14:42:57,919 - position: [ 0.07158554 -1.27527368  0.86187911]
2026-01-20 14:42:58,120 - position: [ 0.07352474 -1.27365839  0.86150217]
2026-01-20 14:42:58,361 - position: [ 0.07760184 -1.27007604  0.86053389]
2026-01-20 14:42:58,589 - position: [ 0.07727377 -1.2719636   0.86196375]
2026-01-20 14:42:58,880 - position: [ 0.07687327 -1.27216363  0.86187524]
2026-01-20 14:42:59,126 - position: [ 0.0767337  -1.27181113  0.86138368]
2026-01-20 14:42:59,365 - position: [ 0.07671843 -1.27117109  0.86141765]
2026-01-20 14:42:59,579 - position: [ 0.07749446 -1.27060962  0.86125231]
2026-01-20 14:42:59,807 - position: [ 0.07944967 -1.2696569   0.86105639]
2026-01-20 14:43:00,085 - position: [ 0.07852411 -1.27144074  0.86159831]
2026-01-20 14:43:00,324 - position: [ 0.07877903 -1.27143645  0.86145234]
2026-01-20 14:43:00,613 - position: [ 0.07995407 -1.27240789  0.86211848]
2026-01-20 14:43:00,865 - position: [ 0.08556448 -1.27724624  0.86385536]
2026-01-20 14:43:01,127 - position: [ 0.08876013 -1.27991164  0.86418724]
2026-01-20 14:43:01,389 - position: [ 0.08836178 -1.27971351  0.86338204]
2026-01-20 14:43:01,610 - position: [ 0.05919639 -1.28922653  0.86342925]
2026-01-20 14:43:01,851 - position: [ 0.01725921 -1.32363546  0.86238468]
2026-01-20 14:43:02,072 - position: [ 0.01725921 -1.32363546  0.86238468]
2026-01-20 14:43:02,323 - position: [ 0.01801614 -1.32604527  0.8627609 ]
2026-01-20 14:43:02,535 - position: [ 0.03349472 -1.29828227  0.8590793 ]
2026-01-20 14:43:02,749 - position: [ 0.07666235 -1.27596009  0.86043531]
2026-01-20 14:43:03,015 - position: [ 0.07755842 -1.27963793  0.86223596]
2026-01-20 14:43:03,278 - position: [ 0.07494964 -1.27940142  0.86146963]
2026-01-20 14:43:03,561 - position: [ 0.07855106 -1.27906513  0.86453801]
2026-01-20 14:43:03,782 - position: [ 0.07784903 -1.28265738  0.86849993]
2026-01-20 14:43:04,017 - position: [ 0.07341769 -1.26941299  0.86300957]
2026-01-20 14:43:04,255 - position: [ 0.074373   -1.26674545  0.8637616 ]
2026-01-20 14:43:04,470 - position: [ 0.08507996 -1.26783013  0.86608225]
2026-01-20 14:43:04,692 - position: [ 0.08946599 -1.26823413  0.8661958 ]
2026-01-20 14:43:04,935 - position: [ 0.09914219 -1.26978374  0.86770028]
2026-01-20 14:43:05,174 - position: [ 0.09846297 -1.26453578  0.86475492]
2026-01-20 14:43:05,432 - position: [ 0.09244792 -1.26225901  0.86371219]
2026-01-20 14:43:05,678 - position: [ 0.08971499 -1.26194477  0.86253864]
2026-01-20 14:43:05,922 - position: [ 0.08969743 -1.26223397  0.8627215 ]
2026-01-20 14:43:06,152 - position: [ 0.09247977 -1.26310158  0.86371237]
2026-01-20 14:43:06,384 - position: [ 0.09424303 -1.26262641  0.8636837 ]
2026-01-20 14:43:06,639 - position: [ 0.09420221 -1.26056898  0.8628822 ]
2026-01-20 14:43:06,859 - position: [ 0.0932643  -1.2606504   0.86269557]
2026-01-20 14:43:07,076 - position: [ 0.09271844 -1.26088274  0.86268181]
2026-01-20 14:43:07,323 - position: [ 0.09262469 -1.26092553  0.86271369]
2026-01-20 14:43:07,542 - position: [ 0.09243438 -1.26073945  0.8625173 ]
2026-01-20 14:43:07,772 - position: [ 0.09050027 -1.25923109  0.86296636]
2026-01-20 14:43:08,016 - position: [ 0.09251761 -1.25671399  0.86222821]
2026-01-20 14:43:08,222 - position: [ 0.09269127 -1.25649202  0.86208957]
2026-01-20 14:43:08,439 - position: [ 0.089564   -1.25811648  0.86203569]
2026-01-20 14:43:08,662 - position: [ 0.08876476 -1.25745928  0.86227041]
2026-01-20 14:43:08,923 - position: [ 0.08840169 -1.25508916  0.86136508]
2026-01-20 14:43:09,171 - position: [ 0.08806695 -1.25760877  0.86244702]
2026-01-20 14:43:09,415 - position: [ 0.08842555 -1.2575593   0.86237252]
2026-01-20 14:43:09,719 - position: [ 0.08896654 -1.25551927  0.86177695]
2026-01-20 14:43:09,967 - position: [ 0.0886631  -1.25531852  0.86149603]
2026-01-20 14:43:10,170 - position: [ 0.08657877 -1.25712323  0.86124879]
2026-01-20 14:43:10,405 - position: [ 0.08410873 -1.25736558  0.8607353 ]
2026-01-20 14:43:10,648 - position: [ 0.08387241 -1.2579577   0.86109573]
2026-01-20 14:43:10,851 - position: [ 0.08466653 -1.25781882  0.86124957]
2026-01-20 14:43:11,089 - position: [ 0.08689884 -1.2551316   0.85990441]
2026-01-20 14:43:11,345 - position: [ 0.08727954 -1.25531065  0.85978478]
2026-01-20 14:43:11,600 - position: [ 0.05604814 -1.26446378  0.85768616]
2026-01-20 14:43:11,851 - position: [ 0.0061017  -1.31058383  0.86047322]
2026-01-20 14:43:12,092 - position: [ 0.0061017  -1.31058383  0.86047322]
2026-01-20 14:43:12,347 - position: [ 0.01819411 -1.29917467  0.85754734]
2026-01-20 14:43:12,629 - position: [ 0.06418648 -1.24791276  0.85280424]
2026-01-20 14:43:12,850 - position: [ 0.07638691 -1.24668002  0.85474575]
2026-01-20 14:43:13,172 - position: [ 0.09549855 -1.25914335  0.86236238]
2026-01-20 14:43:13,388 - position: [ 0.09238257 -1.25854003  0.8615607 ]
2026-01-20 14:43:13,637 - position: [ 0.09245943 -1.25934422  0.86303067]
2026-01-20 14:43:13,944 - position: [ 0.09197243 -1.25455594  0.86150104]
2026-01-20 14:43:14,194 - position: [ 0.08944647 -1.25767756  0.86057973]
2026-01-20 14:43:14,423 - position: [ 0.08907843 -1.25778079  0.86050993]
2026-01-20 14:43:14,650 - position: [ 0.08533246 -1.25336659  0.85750932]
2026-01-20 14:43:14,885 - position: [ 0.08471157 -1.25360322  0.85869133]
2026-01-20 14:43:15,114 - position: [ 0.08675019 -1.25247204  0.85824907]
2026-01-20 14:43:15,362 - position: [ 0.09346937 -1.24838638  0.85636419]
2026-01-20 14:43:15,594 - position: [ 0.09609109 -1.24765444  0.85594314]
2026-01-20 14:43:15,882 - position: [ 0.09572446 -1.25035655  0.85534954]
2026-01-20 14:43:16,130 - position: [ 0.09406611 -1.25185931  0.85573292]
2026-01-20 14:43:16,381 - position: [ 0.08713949 -1.25416863  0.85573697]
2026-01-20 14:43:16,603 - position: [ 0.089541   -1.25535858  0.85635233]
2026-01-20 14:43:16,852 - position: [ 0.09077747 -1.25990033  0.85791981]
2026-01-20 14:43:17,097 - position: [ 0.08885357 -1.26153374  0.85881531]
2026-01-20 14:43:17,314 - position: [ 0.08986524 -1.25747359  0.85694355]
2026-01-20 14:43:17,515 - position: [ 0.09533449 -1.25682831  0.85712516]
2026-01-20 14:43:17,747 - position: [ 0.09529825 -1.25562942  0.85545862]
2026-01-20 14:43:18,002 - position: [ 0.08881674 -1.26467431  0.85592473]
2026-01-20 14:43:18,273 - position: [ 0.08434846 -1.26487422  0.85538274]
2026-01-20 14:43:18,505 - position: [ 0.08434846 -1.26487422  0.85538274]
2026-01-20 14:43:18,713 - position: [ 0.03967901 -1.27508676  0.85267186]
2026-01-20 14:43:18,958 - position: [ 0.02208577 -1.28971744  0.85169554]
2026-01-20 14:43:19,172 - position: [ 0.06167334 -1.27417886  0.85542387]
2026-01-20 14:43:19,378 - position: [ 0.07245947 -1.27754724  0.85887617]
2026-01-20 14:43:19,612 - position: [ 0.07613589 -1.28134847  0.86090797]
2026-01-20 14:43:19,832 - position: [ 0.0754818  -1.28109097  0.85956764]
2026-01-20 14:43:20,046 - position: [ 0.06772067 -1.28318572  0.85943645]
2026-01-20 14:43:20,309 - position: [ 0.01573604 -1.31421614  0.85467678]
2026-01-20 14:43:20,536 - position: [ 0.00468636 -1.33283556  0.8599906 ]
2026-01-20 14:43:20,776 - position: [ 0.00861531 -1.33265734  0.85997146]
2026-01-20 14:43:20,985 - position: [ 0.00842552 -1.32982516  0.85737818]
2026-01-20 14:43:21,201 - position: [ 0.01275468 -1.32454538  0.85786241]
2026-01-20 14:43:21,420 - position: [ 0.06293189 -1.28139937  0.85856479]
2026-01-20 14:43:21,655 - position: [ 0.09184486 -1.28117847  0.86253744]
2026-01-20 14:43:21,899 - position: [ 0.09406614 -1.28176999  0.86181766]
2026-01-20 14:43:22,126 - position: [ 0.09490109 -1.28317976  0.86270857]
2026-01-20 14:43:22,369 - position: [ 0.09436917 -1.28247344  0.86266702]
2026-01-20 14:43:22,583 - position: [ 0.09290946 -1.2765609   0.860627  ]
2026-01-20 14:43:22,826 - position: [ 0.07099111 -1.27524376  0.85824519]
2026-01-20 14:43:23,036 - position: [ 0.02297073 -1.30832565  0.85681117]
2026-01-20 14:43:23,259 - position: [ 0.00344194 -1.33311462  0.8597362 ]
2026-01-20 14:43:23,479 - position: [ 0.00234096 -1.33502865  0.85927385]
2026-01-20 14:43:23,698 - position: [ 0.00385666 -1.32564676  0.85520142]
2026-01-20 14:43:23,946 - position: [ 0.00379924 -1.31571984  0.85199988]
2026-01-20 14:43:24,163 - position: [-1.75470923e-04 -1.31368673e+00  8.50661933e-01]
2026-01-20 14:43:24,386 - position: [-0.00337959 -1.31335592  0.84961909]
2026-01-20 14:43:24,621 - position: [-0.00482923 -1.31551373  0.84935182]
2026-01-20 14:43:24,829 - position: [-0.0048007  -1.31555367  0.84936249]
2026-01-20 14:43:25,063 - position: [-1.22309476e-03 -1.31606996e+00  8.51142287e-01]
2026-01-20 14:43:25,298 - position: [ 0.00707234 -1.31166923  0.85411042]
2026-01-20 14:43:25,532 - position: [ 0.00907544 -1.30607367  0.85149431]
2026-01-20 14:43:25,793 - position: [ 0.0149981  -1.29736245  0.85026598]
2026-01-20 14:43:26,031 - position: [ 0.06114245 -1.26962149  0.85520709]
2026-01-20 14:43:26,275 - position: [ 0.09184489 -1.27849066  0.86297852]
2026-01-20 14:43:26,540 - position: [ 0.09561865 -1.28064513  0.86180049]
2026-01-20 14:43:26,753 - position: [ 0.09970688 -1.2820375   0.8629905 ]
2026-01-20 14:43:26,988 - position: [ 0.10319801 -1.27913356  0.86355013]
2026-01-20 14:43:27,214 - position: [ 0.10502014 -1.28000402  0.86440665]
2026-01-20 14:43:27,439 - position: [ 0.10512913 -1.28556073  0.86748666]
2026-01-20 14:43:27,671 - position: [ 0.10199729 -1.28295422  0.86507291]
2026-01-20 14:43:27,899 - position: [ 0.09845319 -1.2751565   0.86248827]
2026-01-20 14:43:28,125 - position: [ 0.09743772 -1.26674187  0.85966176]
2026-01-20 14:43:28,412 - position: [ 0.09593349 -1.26793385  0.85981357]
2026-01-20 14:43:28,668 - position: [ 0.09707392 -1.26988244  0.86039943]
2026-01-20 14:43:28,903 - position: [ 0.09868567 -1.27021456  0.86063612]
2026-01-20 14:43:29,137 - position: [ 0.09966949 -1.27113903  0.86215222]
2026-01-20 14:43:29,400 - position: [ 0.09864114 -1.26820159  0.86070538]
2026-01-20 14:43:29,632 - position: [ 0.09792183 -1.26799262  0.86067355]
2026-01-20 14:43:29,914 - position: [ 0.09891634 -1.26836157  0.86092192]
2026-01-20 14:43:30,132 - position: [ 0.09879472 -1.2684623   0.86089319]
2026-01-20 14:43:30,365 - position: [ 0.09849471 -1.26825035  0.86075735]
2026-01-20 14:43:30,587 - position: [ 0.09864828 -1.26750731  0.86070883]
2026-01-20 14:43:30,844 - position: [ 0.09870957 -1.267905    0.86097485]
2026-01-20 14:43:31,093 - position: [ 0.09917384 -1.2684437   0.86128938]
2026-01-20 14:43:31,348 - position: [ 0.09873532 -1.26785195  0.86087048]
2026-01-20 14:43:31,607 - position: [ 0.09877852 -1.26752865  0.86054683]
2026-01-20 14:43:31,845 - position: [ 0.09976214 -1.26953173  0.86183035]
2026-01-20 14:43:32,100 - position: [ 0.10549729 -1.27670765  0.86642843]
2026-01-20 14:43:32,327 - position: [ 0.10841929 -1.27264965  0.86423022]
2026-01-20 14:43:32,562 - position: [ 0.11628348 -1.26627314  0.86244112]
2026-01-20 14:43:32,783 - position: [ 0.11754371 -1.26632524  0.86280876]
2026-01-20 14:43:33,034 - position: [ 0.11817857 -1.26547956  0.86103565]
2026-01-20 14:43:33,301 - position: [ 0.11809548 -1.2677418   0.86265272]
2026-01-20 14:43:33,564 - position: [ 0.11596551 -1.26684761  0.86191505]
2026-01-20 14:43:33,871 - position: [ 0.11458257 -1.26724577  0.8623119 ]
2026-01-20 14:43:34,092 - position: [ 0.11286658 -1.26764774  0.86237383]
2026-01-20 14:43:34,298 - position: [ 0.11292356 -1.26779962  0.86223304]
2026-01-20 14:43:34,519 - position: [ 0.11277384 -1.26759398  0.86199665]
2026-01-20 14:43:34,762 - position: [ 0.11294831 -1.26863563  0.86253136]
2026-01-20 14:43:35,011 - position: [ 0.11317669 -1.26934457  0.86321789]
2026-01-20 14:43:35,218 - position: [ 0.11446147 -1.2766999   0.86818129]
2026-01-20 14:43:35,443 - position: [ 0.11366751 -1.27621293  0.86836332]
2026-01-20 14:43:35,676 - position: [ 0.11237898 -1.27150249  0.8660717 ]
2026-01-20 14:43:35,917 - position: [ 0.11083809 -1.27537525  0.86786979]
2026-01-20 14:43:36,134 - position: [ 0.10457916 -1.2814039   0.87122416]
2026-01-20 14:43:36,382 - position: [ 0.07933801 -1.30299485  0.87937856]
2026-01-20 14:43:36,617 - position: [ 0.05867432 -1.32170296  0.88351375]
2026-01-20 14:43:36,821 - position: [ 0.04159916 -1.33979666  0.88944995]
2026-01-20 14:43:37,072 - position: [ 0.03656791 -1.35195339  0.89011312]
2026-01-20 14:43:37,289 - position: [ 0.03346332 -1.35792851  0.88895559]
2026-01-20 14:43:37,538 - position: [ 0.0224499  -1.35718262  0.88326377]
2026-01-20 14:43:37,747 - position: [ 0.0224499  -1.35718262  0.88326377]
2026-01-20 14:43:37,951 - position: [ 0.02876611 -1.35157979  0.88372082]
2026-01-20 14:43:38,171 - position: [ 0.03743911 -1.34439003  0.88365859]
2026-01-20 14:43:38,378 - position: [ 0.04160433 -1.33926463  0.88346672]
2026-01-20 14:43:38,631 - position: [ 0.04568357 -1.33521867  0.88274837]
2026-01-20 14:43:38,902 - position: [ 0.06024019 -1.33303297  0.88495517]
2026-01-20 14:43:39,129 - position: [ 0.06024019 -1.33303297  0.88495517]
2026-01-20 14:43:39,393 - position: [ 0.10107838 -1.25119579  0.86810964]
2026-01-20 14:43:39,654 - position: [ 0.09615822 -1.24359739  0.86722726]
2026-01-20 14:43:39,897 - position: [ 0.0902354  -1.2362715   0.86354297]
2026-01-20 14:43:40,135 - position: [ 0.08735768 -1.23651981  0.86270672]
2026-01-20 14:43:40,391 - position: [ 0.08551317 -1.24108315  0.86151809]
2026-01-20 14:43:40,670 - position: [ 0.08533033 -1.24057269  0.86044723]
2026-01-20 14:43:40,913 - position: [ 0.08503876 -1.24724507  0.86008888]
2026-01-20 14:43:41,185 - position: [ 0.08175217 -1.24625075  0.85900682]
2026-01-20 14:43:41,456 - position: [ 0.08243748 -1.24687803  0.86029512]
2026-01-20 14:43:41,706 - position: [ 0.0824724  -1.24602914  0.85970837]
2026-01-20 14:43:41,926 - position: [ 0.01176726 -1.30163908  0.85976642]
2026-01-20 14:43:42,146 - position: [ 0.0120619  -1.31085896  0.86101061]
2026-01-20 14:43:42,357 - position: [ 0.01788706 -1.31132567  0.86061299]
2026-01-20 14:43:42,619 - position: [ 0.02411282 -1.31347644  0.86288595]
2026-01-20 14:43:42,854 - position: [ 0.09342773 -1.27531409  0.86291194]
2026-01-20 14:43:43,120 - position: [ 0.11048039 -1.27859008  0.86537665]
2026-01-20 14:43:43,332 - position: [ 0.11220837 -1.27577829  0.86373895]
2026-01-20 14:43:43,541 - position: [ 0.11031432 -1.27385068  0.86276168]
2026-01-20 14:43:43,758 - position: [ 0.10962172 -1.27399397  0.86296976]
2026-01-20 14:43:43,966 - position: [ 0.09522304 -1.27913201  0.86343318]
2026-01-20 14:43:44,170 - position: [ 0.08540302 -1.26464546  0.85771489]
2026-01-20 14:43:44,471 - position: [ 0.04976459 -1.27138114  0.84924263]
2026-01-20 14:43:44,698 - position: [ 0.02508938 -1.28179514  0.84219658]
2026-01-20 14:43:44,941 - position: [ 0.01776238 -1.29452729  0.84463239]
2026-01-20 14:43:45,243 - position: [ 0.01557745 -1.31102836  0.84933293]
2026-01-20 14:43:45,477 - position: [ 0.01292588 -1.31617582  0.85108376]
2026-01-20 14:43:45,732 - position: [ 0.00991485 -1.31297231  0.84669232]
2026-01-20 14:43:45,973 - position: [ 0.00958955 -1.31180847  0.84670162]
2026-01-20 14:43:46,237 - position: [ 0.01284734 -1.3088783   0.84523326]
2026-01-20 14:43:46,444 - position: [ 0.01339637 -1.31032193  0.84558338]
2026-01-20 14:43:46,648 - position: [ 0.02592736 -1.2984879   0.84564877]
2026-01-20 14:43:46,887 - position: [ 0.06198012 -1.27650249  0.85118979]
2026-01-20 14:43:47,147 - position: [ 0.07798062 -1.27471542  0.85413057]
2026-01-20 14:43:47,358 - position: [ 0.08007625 -1.27731001  0.85602182]
2026-01-20 14:43:47,604 - position: [ 0.09660923 -1.27606153  0.85906494]
2026-01-20 14:43:47,811 - position: [ 0.09923464 -1.27216065  0.85719413]
2026-01-20 14:43:48,091 - position: [ 0.09836657 -1.26487529  0.85443509]
2026-01-20 14:43:48,344 - position: [ 0.09554181 -1.25413954  0.85009485]
2026-01-20 14:43:48,632 - position: [ 0.09530252 -1.2514385   0.84957063]
2026-01-20 14:43:48,854 - position: [ 0.09484456 -1.25207233  0.84941286]
2026-01-20 14:43:49,087 - position: [ 0.09536199 -1.24945307  0.84922731]
2026-01-20 14:43:49,297 - position: [ 0.093641   -1.24618673  0.84816802]
2026-01-20 14:43:49,526 - position: [ 0.09067456 -1.24530613  0.84847832]
2026-01-20 14:43:49,759 - position: [ 0.09067456 -1.24530613  0.84847832]
2026-01-20 14:43:50,041 - position: [ 0.09664121 -1.23263586  0.84880555]
2026-01-20 14:43:50,312 - position: [ 0.09864063 -1.23074186  0.84565103]
2026-01-20 14:43:50,611 - position: [ 0.0985227  -1.23222983  0.84613514]
2026-01-20 14:43:50,862 - position: [ 0.09605078 -1.24213421  0.84772849]
2026-01-20 14:43:51,127 - position: [ 0.09442352 -1.24312675  0.84683245]
2026-01-20 14:43:51,355 - position: [ 0.09442352 -1.24312675  0.84683245]
2026-01-20 14:43:51,622 - position: [ 0.08729108 -1.24776495  0.84717095]
2026-01-20 14:43:51,858 - position: [ 0.08816378 -1.24831116  0.84735924]
2026-01-20 14:43:52,138 - position: [ 0.09539356 -1.25268722  0.85074282]
2026-01-20 14:43:52,393 - position: [ 0.10087425 -1.25442517  0.85236681]
2026-01-20 14:43:52,636 - position: [ 0.07205656 -1.26442564  0.85002285]
2026-01-20 14:43:52,919 - position: [ 0.04327101 -1.28141654  0.84792382]
2026-01-20 14:43:53,210 - position: [ 0.02142561 -1.29996848  0.84612542]
2026-01-20 14:43:53,449 - position: [ 0.02347312 -1.29683435  0.84527719]
2026-01-20 14:43:53,685 - position: [ 0.02829138 -1.29680431  0.84720516]
2026-01-20 14:43:53,953 - position: [ 0.02638665 -1.29661858  0.84615523]
2026-01-20 14:43:54,323 - position: [ 0.02584603 -1.29427588  0.84474564]
2026-01-20 14:43:54,537 - position: [ 0.03673244 -1.28363299  0.84344405]
2026-01-20 14:43:54,793 - position: [ 0.06798621 -1.26652801  0.84847707]
2026-01-20 14:43:55,033 - position: [ 0.06724401 -1.27179122  0.85000837]
2026-01-20 14:43:55,271 - position: [ 0.04641498 -1.28775239  0.8505336 ]
2026-01-20 14:43:55,518 - position: [ 0.04641498 -1.28775239  0.8505336 ]
2026-01-20 14:43:55,753 - position: [ 0.03036559 -1.31367111  0.85419917]
2026-01-20 14:43:55,976 - position: [ 0.02993231 -1.31682444  0.8558048 ]
2026-01-20 14:43:56,236 - position: [ 0.02978539 -1.31910205  0.85578781]
2026-01-20 14:43:56,469 - position: [ 0.02466251 -1.31575644  0.85091585]
2026-01-20 14:43:56,680 - position: [ 0.02587371 -1.31588674  0.85118502]
2026-01-20 14:43:56,891 - position: [ 0.02519253 -1.31534481  0.85124826]
2026-01-20 14:43:57,120 - position: [ 0.02242039 -1.30820918  0.85008287]
2026-01-20 14:43:57,385 - position: [ 0.02223223 -1.30698168  0.84954333]
2026-01-20 14:43:57,605 - position: [ 0.01994538 -1.29013789  0.84385663]
2026-01-20 14:43:57,876 - position: [ 0.00888533 -1.28149772  0.83637035]
2026-01-20 14:43:58,110 - position: [ 0.00894169 -1.27617133  0.83385074]
2026-01-20 14:43:58,351 - position: [ 0.00868277 -1.27246165  0.8305527 ]
2026-01-20 14:43:58,576 - position: [ 0.00995597 -1.27118695  0.83009315]
2026-01-20 14:43:58,823 - position: [ 0.03095828 -1.25539827  0.8336165 ]
2026-01-20 14:43:59,064 - position: [ 0.06804133 -1.2399199   0.83887124]
2026-01-20 14:43:59,275 - position: [ 0.1103269  -1.24603641  0.84882826]
2026-01-20 14:43:59,492 - position: [ 0.11081186 -1.24674737  0.84887826]
2026-01-20 14:43:59,739 - position: [ 0.11000618 -1.25353754  0.85087603]
2026-01-20 14:43:59,968 - position: [ 0.102671   -1.26017284  0.85553175]
2026-01-20 14:44:00,199 - position: [ 0.10247551 -1.26056397  0.85560149]
2026-01-20 14:44:00,439 - position: [ 0.09999079 -1.26068521  0.85369033]
2026-01-20 14:44:00,707 - position: [ 0.10091501 -1.25901997  0.85403067]
2026-01-20 14:44:00,939 - position: [ 0.10121765 -1.25869012  0.85394651]
2026-01-20 14:44:01,148 - position: [ 0.10098536 -1.26029861  0.85458255]
2026-01-20 14:44:01,366 - position: [ 0.10031651 -1.26026213  0.85433781]
2026-01-20 14:44:01,595 - position: [ 0.09988172 -1.25940001  0.85388458]
2026-01-20 14:44:01,818 - position: [ 0.09985526 -1.25857437  0.85352868]
2026-01-20 14:44:02,050 - position: [ 0.09926559 -1.25854564  0.8533473 ]
2026-01-20 14:44:02,316 - position: [ 0.09922027 -1.25806904  0.85307467]
2026-01-20 14:44:02,537 - position: [ 0.10022291 -1.25754499  0.85313743]
2026-01-20 14:44:02,770 - position: [ 0.08192714 -1.25934339  0.85196948]
2026-01-20 14:44:02,997 - position: [ 0.08831085 -1.25546849  0.85094672]
2026-01-20 14:44:03,235 - position: [ 0.11249994 -1.25220752  0.85204583]
2026-01-20 14:44:03,478 - position: [ 0.11395518 -1.25104392  0.85103935]
2026-01-20 14:44:03,714 - position: [ 0.11485023 -1.24902165  0.84915531]
2026-01-20 14:44:03,942 - position: [ 0.11485023 -1.24902165  0.84915531]
2026-01-20 14:44:04,194 - position: [ 0.09422297 -1.24658394  0.8461166 ]
2026-01-20 14:44:04,460 - position: [ 0.08621813 -1.24529898  0.84291559]
2026-01-20 14:44:04,724 - position: [ 0.0835518  -1.24797845  0.84414846]
2026-01-20 14:44:04,937 - position: [ 0.07911176 -1.25263131  0.84528548]
2026-01-20 14:44:05,182 - position: [ 0.07736608 -1.25296688  0.84462285]
2026-01-20 14:44:05,396 - position: [ 0.07250394 -1.25270343  0.84106374]
2026-01-20 14:44:05,627 - position: [ 0.07608226 -1.2525053   0.84183049]
2026-01-20 14:44:05,852 - position: [ 0.0579382  -1.26441038  0.84510309]
2026-01-20 14:44:06,058 - position: [ 0.04468547 -1.28703678  0.85041243]
2026-01-20 14:44:06,298 - position: [ 0.0450888  -1.29225957  0.85352612]
2026-01-20 14:44:06,532 - position: [ 0.03703326 -1.29453921  0.85203165]
2026-01-20 14:44:06,767 - position: [ 0.03622616 -1.28506601  0.84584427]
2026-01-20 14:44:07,008 - position: [ 0.049228   -1.2632792   0.84386063]
2026-01-20 14:44:07,263 - position: [ 0.09735493 -1.23421919  0.85198081]
2026-01-20 14:44:07,533 - position: [ 0.12316109 -1.21901262  0.87264144]
2026-01-20 14:44:07,838 - position: [ 0.13925245 -1.20144117  0.87787962]
2026-01-20 14:44:08,070 - position: [ 0.12798321 -1.12573695  0.87604153]
2026-01-20 14:44:08,340 - position: [ 0.11447575 -1.1290977   0.86334634]
2026-01-20 14:44:08,546 - position: [ 0.11397225 -1.14224207  0.86458844]
2026-01-20 14:44:08,785 - position: [ 0.11977582 -1.15965676  0.86841983]
2026-01-20 14:44:09,022 - position: [ 0.13574573 -1.16855502  0.86891544]
2026-01-20 14:44:09,245 - position: [ 0.14930369 -1.15752017  0.85950238]
2026-01-20 14:44:09,459 - position: [ 0.14859669 -1.15505397  0.8578341 ]
2026-01-20 14:44:09,659 - position: [ 0.14646843 -1.15477777  0.85750759]
2026-01-20 14:44:09,876 - position: [ 0.14099695 -1.15755117  0.85666651]
2026-01-20 14:44:10,101 - position: [ 0.14099695 -1.15755117  0.85666651]
2026-01-20 14:44:10,331 - position: [ 0.14099695 -1.15755117  0.85666651]
2026-01-20 14:44:10,566 - position: [ 0.13756064 -1.16020155  0.85643548]
2026-01-20 14:44:10,779 - position: [ 0.13577275 -1.15973628  0.854891  ]
2026-01-20 14:44:11,008 - position: [ 0.13577275 -1.15973628  0.854891  ]
2026-01-20 14:44:11,239 - position: [ 0.12793322 -1.17090189  0.85557103]
2026-01-20 14:44:11,472 - position: [ 0.13173604 -1.18110204  0.85736442]
2026-01-20 14:44:11,690 - position: [ 0.13135654 -1.1818825   0.85694474]
2026-01-20 14:44:11,910 - position: [ 0.13135654 -1.1818825   0.85694474]
2026-01-20 14:44:12,187 - position: [ 0.0945045  -1.25798893  0.85552692]
2026-01-20 14:44:12,461 - position: [ 0.04282346 -1.29333484  0.84801304]
2026-01-20 14:44:12,735 - position: [ 0.03028899 -1.33274066  0.85135716]
2026-01-20 14:44:12,991 - position: [ 0.02590746 -1.34191513  0.850115  ]
2026-01-20 14:44:13,218 - position: [ 0.02552076 -1.34010398  0.84645885]
2026-01-20 14:44:13,529 - position: [ 0.02681537 -1.33610415  0.84479541]
2026-01-20 14:44:13,803 - position: [ 0.03644158 -1.33170056  0.84445512]
2026-01-20 14:44:14,046 - position: [ 0.02948369 -1.34242582  0.84794486]
2026-01-20 14:44:14,280 - position: [ 0.02938261 -1.34260499  0.84815365]
2026-01-20 14:44:14,516 - position: [ 0.03376951 -1.34427345  0.85167676]
2026-01-20 14:44:14,728 - position: [ 0.0320964  -1.34490061  0.85009122]
2026-01-20 14:44:14,946 - position: [ 0.030745   -1.34463346  0.84943342]
2026-01-20 14:44:15,198 - position: [ 0.03288857 -1.34169471  0.8490274 ]
2026-01-20 14:44:15,476 - position: [ 0.03692985 -1.34295094  0.84971184]
2026-01-20 14:44:15,687 - position: [ 0.03825931 -1.34326231  0.84991318]
2026-01-20 14:44:15,895 - position: [ 0.03941101 -1.33910704  0.84835708]
2026-01-20 14:44:16,119 - position: [ 0.0439265  -1.33434618  0.84980279]
2026-01-20 14:44:16,343 - position: [ 0.04087218 -1.33005285  0.84688598]
2026-01-20 14:44:16,577 - position: [ 0.03897128 -1.33121157  0.84702593]
2026-01-20 14:44:16,849 - position: [ 0.03774156 -1.33251679  0.84852701]
2026-01-20 14:44:17,070 - position: [ 0.03548764 -1.32891858  0.84719431]
2026-01-20 14:44:17,305 - position: [ 0.03629023 -1.32388973  0.84738958]
2026-01-20 14:44:17,578 - position: [ 0.07276398 -1.28881931  0.85456258]
2026-01-20 14:44:17,805 - position: [ 0.07554679 -1.2883687   0.86105257]
2026-01-20 14:44:18,054 - position: [ 0.09108618 -1.28792357  0.86838669]
2026-01-20 14:44:18,320 - position: [ 0.10032732 -1.28667629  0.87280589]
2026-01-20 14:44:18,552 - position: [ 0.10403331 -1.24110985  0.8679862 ]
2026-01-20 14:44:18,773 - position: [ 0.10475827 -1.23524141  0.86743057]
2026-01-20 14:44:18,996 - position: [ 0.10532559 -1.23371923  0.86747497]
2026-01-20 14:44:19,221 - position: [ 0.11408262 -1.2358588   0.87250853]
2026-01-20 14:44:19,483 - position: [ 0.11936188 -1.23803079  0.86863732]
2026-01-20 14:44:19,751 - position: [ 0.12284812 -1.23935604  0.8693282 ]
2026-01-20 14:44:20,005 - position: [ 0.1325658  -1.24309993  0.87249446]
2026-01-20 14:44:20,257 - position: [ 0.13448435 -1.24182844  0.87178117]
2026-01-20 14:44:20,522 - position: [ 0.13498348 -1.23886633  0.86908901]
2026-01-20 14:44:20,813 - position: [ 0.13486853 -1.2387619   0.86902177]
