2024-08-27 16:17:03,809 - takeoff,mapping,[-0.25839412  4.40404415  1.13176453],[1.71781039 3.30804348 1.60356283],-3.109500778077308
2024-08-27 16:17:04,010 - takeoff,mapping,[-0.25839412  4.40404415  1.13176453],[1.72597146 3.30844116 1.58362997],-3.094692654362695
2024-08-27 16:17:04,212 - takeoff,mapping,[-0.25839412  4.40404415  1.13176453],[1.72863626 3.3087604  1.57924819],-3.107815614842922
2024-08-27 16:17:04,413 - takeoff,mapping,[-0.25839412  4.40404415  1.13176453],[1.73312223 3.3099997  1.57731223],-3.114216607650616
2024-08-27 16:17:04,618 - takeoff,mapping,[-0.25839412  4.40404415  1.13176453],[1.7366091  3.30881834 1.5794847 ],-3.0995659590572187
2024-08-27 16:17:04,822 - takeoff,mapping,[-0.25839412  4.40404415  1.13176453],[1.74177909 3.30957484 1.58321595],-3.1083265093481263
2024-08-27 16:17:05,026 - takeoff,mapping,[-0.25839412  4.40404415  1.13176453],[1.74380577 3.30737233 1.58995736],-3.117386432605932
2024-08-27 16:17:05,226 - takeoff,mapping,[-0.25839412  4.40404415  1.13176453],[1.74836063 3.30786419 1.60188413],-3.101719665686492
2024-08-27 16:17:05,427 - takeoff,mapping,[-0.25839412  4.40404415  1.13176453],[1.74987054 3.31501698 1.62290001],-3.10579027800776
2024-08-27 16:17:05,628 - takeoff,mapping,[-0.25839412  4.40404415  1.13176453],[1.74902332 3.32385612 1.63632667],-3.107288105083002
2024-08-27 16:17:05,830 - takeoff,mapping,[-0.25839412  4.40404415  1.13176453],[1.7427119  3.33974791 1.65789688],-3.103726772127099
2024-08-27 16:17:06,034 - go to position WP0,mapping,[-0.25839412  4.40404415  1.13176453],[1.74132383 3.34910965 1.66714633],-3.108150219965084
2024-08-27 16:17:06,239 - go to position WP0,mapping,[-0.25839412  4.40404415  1.13176453],[1.73649514 3.35898256 1.67715752],-3.116685165333667
2024-08-27 16:17:06,444 - go to position WP0,mapping,[-0.25839412  4.40404415  1.13176453],[1.73468494 3.36483836 1.69219136],-3.115642029933572
2024-08-27 16:17:06,658 - go to position WP0,mapping,[-0.25839412  4.40404415  1.13176453],[1.73555863 3.37029433 1.71025884],-3.114424712563191
2024-08-27 16:17:06,912 - go to position WP0,mapping,[-0.25839412  4.40404415  1.13176453],[1.73387218 3.37722826 1.72486854],-3.1206611024232207
2024-08-27 16:17:07,128 - go to position WP0,mapping,[-0.25839412  4.40404415  1.13176453],[1.73248672 3.38286424 1.73715162],-3.1156553873661106
2024-08-27 16:17:07,335 - go to position WP0,mapping,[-0.25839412  4.40404415  1.13176453],[1.72945142 3.38779616 1.74872279],-3.1194558428796917
2024-08-27 16:17:07,551 - go to position WP0,mapping,[-0.25839412  4.40404415  1.13176453],[1.72672868 3.39139056 1.7619549 ],-3.107795271059782
2024-08-27 16:17:07,762 - go to position WP0,mapping,[-0.25839412  4.40404415  1.13176453],[1.72396469 3.39635444 1.77089596],-3.118021349005852
2024-08-27 16:17:07,983 - go to position WP0,mapping,[-0.25839412  4.40404415  1.13176453],[1.7230674  3.39975095 1.7839222 ],-3.1144677049508758
2024-08-27 16:17:08,183 - go to position WP0,mapping,[-0.25839412  4.40404415  1.13176453],[1.7215699  3.40193033 1.79532027],-3.102898664827346
2024-08-27 16:17:08,388 - go to position WP0,mapping,[-0.25839412  4.40404415  1.13176453],[1.72014141 3.40415239 1.8040297 ],-3.106477128773335
2024-08-27 16:17:08,588 - go to position WP0,mapping,[-0.25839412  4.40404415  1.13176453],[1.71730208 3.40637803 1.81111121],-3.118171258493958
2024-08-27 16:17:08,800 - go to position WP0,mapping,[-0.25839412  4.40404415  1.13176453],[1.71339524 3.40803218 1.81986988],-3.106105840729464
2024-08-27 16:17:09,021 - go to position WP0,mapping,[-0.25839412  4.40404415  1.13176453],[1.71016431 3.41189241 1.82617438],-3.1146460113378605
2024-08-27 16:17:09,229 - go to position WP0,mapping,[-0.25839412  4.40404415  1.13176453],[1.71033227 3.41662455 1.83053339],-3.106855302656789
2024-08-27 16:17:09,437 - go to position WP0,mapping,[-0.25839412  4.40404415  1.13176453],[1.71028137 3.42163944 1.8339262 ],-3.1073205661505643
2024-08-27 16:17:09,639 - go to position WP0,mapping,[-0.25839412  4.40404415  1.13176453],[1.70908475 3.42756248 1.83602846],-3.1147811168220536
2024-08-27 16:17:09,860 - go to position WP0,mapping,[-0.25839412  4.40404415  1.13176453],[1.7064141  3.43132329 1.83618283],-3.117569495211079
2024-08-27 16:17:10,060 - go to position WP0,mapping,[-0.25839412  4.40404415  1.13176453],[1.70463276 3.43168283 1.83967054],-3.123489477656313
2024-08-27 16:17:10,261 - go to position WP0,mapping,[-0.25839412  4.40404415  1.13176453],[1.70514917 3.43086004 1.84652698],-3.1077144818360147
2024-08-27 16:17:10,462 - go to position WP0,mapping,[-0.25839412  4.40404415  1.13176453],[1.70468903 3.42750168 1.84762824],-3.1084755047007677
2024-08-27 16:17:10,662 - go to position WP0,mapping,[-0.25839412  4.40404415  1.13176453],[1.70620382 3.42507625 1.85034168],-3.112537213992197
2024-08-27 16:17:10,862 - go to position WP0,mapping,[-0.25839412  4.40404415  1.13176453],[1.70685291 3.42426777 1.85481   ],-3.1080296150366915
2024-08-27 16:17:11,068 - go to position WP0,mapping,[-0.25839412  4.40404415  1.13176453],[1.70671082 3.42640233 1.8594023 ],-3.1096217963564268
2024-08-27 16:17:11,268 - go to position WP0,mapping,[-0.25839412  4.40404415  1.13176453],[1.70960617 3.42992997 1.86538887],-3.107106124798963
2024-08-27 16:17:11,477 - go to position WP0,mapping,[-0.25839412  4.40404415  1.13176453],[1.71149552 3.43192077 1.86855936],-3.118301729735651
2024-08-27 16:17:11,680 - go to position WP0,mapping,[-0.25839412  4.40404415  1.13176453],[1.71360314 3.4334867  1.87456763],-3.107703960346046
2024-08-27 16:17:11,884 - go to position WP0,mapping,[-0.25839412  4.40404415  1.13176453],[1.711555   3.43389106 1.8780756 ],-3.1182617489246285
2024-08-27 16:17:12,084 - go to position WP0,mapping,[-0.25839412  4.40404415  1.13176453],[1.71125376 3.432477   1.88484216],-3.107324939387764
2024-08-27 16:17:12,284 - go to position WP0,mapping,[-0.25839412  4.40404415  1.13176453],[1.71079433 3.43031096 1.88944972],-3.109727179734086
2024-08-27 16:17:12,506 - go to position WP0,mapping,[-0.25839412  4.40404415  1.13176453],[1.71159315 3.42971158 1.89394557],-3.114828749106496
2024-08-27 16:17:12,712 - go to position WP0,mapping,[-0.25839412  4.40404415  1.13176453],[1.70929933 3.43153238 1.89921725],-3.102608258807992
2024-08-27 16:17:12,929 - go to position WP0,mapping,[-0.25839412  4.40404415  1.13176453],[1.70748436 3.4326756  1.90032923],-3.1038196194972363
2024-08-27 16:17:13,142 - go to position WP0,mapping,[-0.25839412  4.40404415  1.13176453],[1.70639515 3.43264151 1.90106273],-3.1065343712352442
2024-08-27 16:17:13,356 - go to position WP0,mapping,[-0.25839412  4.40404415  1.13176453],[1.70576096 3.43399096 1.90329659],-3.1166537582815454
2024-08-27 16:17:13,567 - go to position WP0,mapping,[-0.25839412  4.40404415  1.13176453],[1.70512271 3.43427348 1.90798354],-3.1067705945708615
2024-08-27 16:17:13,768 - go to position WP0,mapping,[-0.25839412  4.40404415  1.13176453],[1.70474589 3.43488431 1.909356  ],-3.1074243274648445
2024-08-27 16:17:13,983 - go to position WP0,mapping,[-0.25839412  4.40404415  1.13176453],[1.704651   3.43444037 1.9084636 ],-3.1063222907591985
2024-08-27 16:17:14,189 - go to position WP0,mapping,[-0.25839412  4.40404415  1.13176453],[1.70641851 3.43433189 1.90897465],-3.105654118156247
2024-08-27 16:17:14,392 - go to position WP0,mapping,[-0.25839412  4.40404415  1.13176453],[1.70847523 3.43436003 1.90969324],-3.1152273959059804
2024-08-27 16:17:14,597 - go to position WP0,mapping,[-0.25839412  4.40404415  1.13176453],[1.70924413 3.43425393 1.91181016],-3.1165570256765776
2024-08-27 16:17:14,812 - go to position WP0,mapping,[-0.25839412  4.40404415  1.13176453],[1.70877481 3.43343902 1.91317511],-3.111053363454829
2024-08-27 16:17:15,018 - go to position WP0,mapping,[-0.25839412  4.40404415  1.13176453],[1.70663071 3.43223572 1.91420889],-3.114291815642134
2024-08-27 16:17:15,239 - go to position WP0,mapping,[-0.25839412  4.40404415  1.13176453],[1.70603585 3.43165827 1.91624641],-3.1133661736461726
2024-08-27 16:17:15,439 - go to position WP0,mapping,[-0.25839412  4.40404415  1.13176453],[1.70606434 3.43100047 1.91868675],-3.106292575168036
2024-08-27 16:17:15,661 - go to position WP0,mapping,[-0.25839412  4.40404415  1.13176453],[1.70674181 3.43096447 1.92089725],-3.114074515905975
2024-08-27 16:17:15,867 - go to position WP0,mapping,[-0.25839412  4.40404415  1.13176453],[1.70833778 3.42943573 1.92317343],-3.111676485746802
2024-08-27 16:17:16,068 - go to position WP0,mapping,[-0.25839412  4.40404415  1.13176453],[1.70997322 3.42902803 1.92396343],-3.1162256597023745
2024-08-27 16:17:16,279 - go to position WP0,mapping,[-0.25839412  4.40404415  1.13176453],[1.71299481 3.42812467 1.92855835],-3.106773394672369
2024-08-27 16:17:16,487 - go to position WP0,mapping,[-0.25839412  4.40404415  1.13176453],[1.7148838  3.42869544 1.93235564],-3.103154698118139
2024-08-27 16:17:16,694 - go to position WP0,mapping,[-0.25839412  4.40404415  1.13176453],[1.71619594 3.42942476 1.93601418],-3.099113443641202
2024-08-27 16:17:16,895 - go to position WP0,mapping,[-0.25839412  4.40404415  1.13176453],[1.71628666 3.42926311 1.9372946 ],-3.100006710764261
2024-08-27 16:17:17,095 - go to position WP0,mapping,[-0.25839412  4.40404415  1.13176453],[1.71617484 3.42840528 1.94090343],-3.105508337204514
2024-08-27 16:17:17,300 - go to position WP0,mapping,[-0.25839412  4.40404415  1.13176453],[1.71690035 3.42878389 1.93913603],-3.1052060050461323
2024-08-27 16:17:17,502 - go to position WP0,mapping,[-0.25839412  4.40404415  1.13176453],[1.71894288 3.43076921 1.93739593],-3.1024925808365973
2024-08-27 16:17:17,707 - go to position WP0,mapping,[-0.25839412  4.40404415  1.13176453],[1.71927226 3.4305675  1.93749309],-3.1080597805634618
2024-08-27 16:17:17,962 - go to position WP0,mapping,[-0.25839412  4.40404415  1.13176453],[1.71763372 3.42666674 1.94153452],-3.1211692711680747
2024-08-27 16:17:18,179 - go to position WP0,mapping,[-0.25839412  4.40404415  1.13176453],[1.71756828 3.42289948 1.95182884],-3.1200720213924553
2024-08-27 16:17:18,404 - go to position WP0,mapping,[-0.25839412  4.40404415  1.13176453],[1.71865761 3.42122388 1.9606421 ],-3.106927642768666
2024-08-27 16:17:18,604 - go to position WP0,mapping,[-0.25839412  4.40404415  1.13176453],[1.72035325 3.42258835 1.96437109],-3.095398564755069
2024-08-27 16:17:18,804 - go to position WP0,mapping,[-0.25839412  4.40404415  1.13176453],[1.72171307 3.42511797 1.96386659],-3.1050849079200473
2024-08-27 16:17:19,005 - go to position WP0,mapping,[-0.25839412  4.40404415  1.13176453],[1.72311485 3.42762494 1.96240497],-3.1017094381277577
2024-08-27 16:17:19,212 - go to position WP0,mapping,[-0.25839412  4.40404415  1.13176453],[1.72402799 3.42954755 1.96066642],-3.106408740505308
2024-08-27 16:17:19,413 - go to position WP0,mapping,[-0.25839412  4.40404415  1.13176453],[1.72458398 3.42969608 1.96066272],-3.108789645925671
2024-08-27 16:17:19,677 - go to position WP0,mapping,[-0.25839412  4.40404415  1.13176453],[1.72363961 3.42830181 1.96085429],-3.108099914062934
2024-08-27 16:17:19,877 - go to position WP0,mapping,[-0.25839412  4.40404415  1.13176453],[1.7236141  3.42690349 1.96133602],-3.1044483429738152
2024-08-27 16:17:20,083 - go to position WP0,mapping,[-0.25839412  4.40404415  1.13176453],[1.72406876 3.42783165 1.96152627],-3.1060106868536246
2024-08-27 16:17:20,296 - go to position WP0,mapping,[-0.25839412  4.40404415  1.13176453],[1.72586501 3.42983246 1.96161234],-3.1077892794776654
2024-08-27 16:17:20,521 - go to position WP0,mapping,[-0.25839412  4.40404415  1.13176453],[1.72663128 3.43053889 1.96217155],-3.1056044004647965
2024-08-27 16:17:20,737 - go to position WP0,mapping,[-0.25839412  4.40404415  1.13176453],[1.7258364  3.43048882 1.96225452],-3.108433166840274
2024-08-27 16:17:20,947 - go to position WP0,mapping,[-0.25839412  4.40404415  1.13176453],[1.72388577 3.42973638 1.96283078],-3.111837384483703
2024-08-27 16:17:21,153 - go to position WP0,mapping,[-0.25839412  4.40404415  1.13176453],[1.72316229 3.42722225 1.96435976],-3.1045007734454266
2024-08-27 16:17:21,356 - go to position WP0,mapping,[-0.25839412  4.40404415  1.13176453],[1.72357142 3.42556143 1.96662295],-3.1034753497227086
2024-08-27 16:17:21,557 - go to position WP0,mapping,[-0.25839412  4.40404415  1.13176453],[1.72105289 3.42467356 1.96334565],-3.1184517683749235
2024-08-27 16:17:21,770 - go to position WP0,mapping,[-0.25839412  4.40404415  1.13176453],[1.71915531 3.42571282 1.96722555],-3.11444461111737
2024-08-27 16:17:21,984 - go to position WP0,mapping,[-0.25839412  4.40404415  1.13176453],[1.71839833 3.4236846  1.96537304],-3.109416314689976
2024-08-27 16:17:22,222 - go to position WP0,mapping,[-0.25839412  4.40404415  1.13176453],[1.71613574 3.42193627 1.96803439],-3.101358146332365
2024-08-27 16:17:22,455 - go to position WP0,mapping,[-0.25839412  4.40404415  1.13176453],[1.71351194 3.42152596 1.97061408],-3.0999975285349186
2024-08-27 16:17:22,678 - go to position WP0,mapping,[-0.25839412  4.40404415  1.13176453],[1.71072328 3.42099285 1.96963453],-3.1149700667869844
2024-08-27 16:17:22,909 - go to position WP0,mapping,[-0.25839412  4.40404415  1.13176453],[1.70997    3.42080617 1.96893501],-3.1175353660434837
2024-08-27 16:17:23,130 - go to position WP0,mapping,[-0.25839412  4.40404415  1.13176453],[1.71500194 3.42232394 1.97183812],-3.1127629202131555
2024-08-27 16:17:23,330 - go to position WP0,mapping,[-0.25839412  4.40404415  1.13176453],[1.71611214 3.42213893 1.97031677],-3.117522886092279
2024-08-27 16:17:23,559 - go to position WP0,mapping,[-0.25839412  4.40404415  1.13176453],[1.71675968 3.4229033  1.97206175],-3.1061738134221044
2024-08-27 16:17:23,771 - go to position WP0,mapping,[-0.25839412  4.40404415  1.13176453],[1.71599805 3.42515445 1.97138596],-3.1139536351594073
2024-08-27 16:17:23,988 - go to position WP0,mapping,[-0.25839412  4.40404415  1.13176453],[1.71550882 3.4260571  1.97343624],-3.1130725477184127
2024-08-27 16:17:24,209 - go to position WP0,mapping,[-0.25839412  4.40404415  1.13176453],[1.71389377 3.42564988 1.97670376],-3.103537367056556
2024-08-27 16:17:24,409 - go to position WP0,mapping,[-0.25839412  4.40404415  1.13176453],[1.71257901 3.42550325 1.9798764 ],-3.0999717166572553
2024-08-27 16:17:24,609 - go to position WP0,mapping,[-0.25839412  4.40404415  1.13176453],[1.71143103 3.42611933 1.98162925],-3.1028739304936708
2024-08-27 16:17:24,813 - go to position WP0,mapping,[-0.25839412  4.40404415  1.13176453],[1.7096982  3.42708325 1.98016036],-3.1104429518804517
2024-08-27 16:17:25,021 - go to position WP0,mapping,[-0.25839412  4.40404415  1.13176453],[1.70911229 3.42753911 1.98050725],-3.106935355415084
2024-08-27 16:17:25,221 - go to position WP0,mapping,[-0.25839412  4.40404415  1.13176453],[1.70645165 3.42918301 1.98030579],-3.116120874086441
2024-08-27 16:17:25,422 - go to position WP0,mapping,[-0.25839412  4.40404415  1.13176453],[1.70699739 3.43021584 1.98586774],-3.0963222706739195
2024-08-27 16:17:25,622 - go to position WP0,mapping,[-0.25839412  4.40404415  1.13176453],[1.70758069 3.43139148 1.98802638],-3.1089007229862258
2024-08-27 16:17:25,835 - go to position WP0,mapping,[-0.25839412  4.40404415  1.13176453],[1.70832682 3.43257761 1.98897409],-3.105836729721605
2024-08-27 16:17:26,038 - go to position WP0,mapping,[-0.25839412  4.40404415  1.13176453],[1.7096765  3.43400908 1.99005425],-3.0981859619236314
2024-08-27 16:17:26,246 - go to position WP0,mapping,[-0.25839412  4.40404415  1.13176453],[1.70970178 3.43366671 1.98930216],-3.100186013330041
2024-08-27 16:17:26,455 - go to position WP0,mapping,[-0.25839412  4.40404415  1.13176453],[1.70928442 3.43305755 1.99092698],-3.1138803656082246
2024-08-27 16:17:26,655 - go to position WP0,mapping,[-0.25839412  4.40404415  1.13176453],[1.70966065 3.43154001 1.99219286],-3.1073014672197417
2024-08-27 16:17:26,855 - go to position WP0,mapping,[-0.25839412  4.40404415  1.13176453],[1.7100575  3.43071604 1.99304318],-3.1064310790132734
2024-08-27 16:17:27,061 - go to position WP0,mapping,[-0.25839412  4.40404415  1.13176453],[1.7100569  3.43157887 1.99175406],-3.1108824583859565
2024-08-27 16:17:27,266 - go to position WP0,mapping,[-0.25839412  4.40404415  1.13176453],[1.71010339 3.43342924 1.99025762],-3.1162423734348312
2024-08-27 16:17:27,471 - go to position WP0,mapping,[-0.25839412  4.40404415  1.13176453],[1.71107161 3.43480349 1.98951149],-3.1092119115345227
2024-08-27 16:17:27,683 - go to position WP0,mapping,[-0.25839412  4.40404415  1.13176453],[1.71040297 3.43668389 1.98929381],-3.1084759863784535
2024-08-27 16:17:27,883 - go to position WP0,mapping,[-0.25839412  4.40404415  1.13176453],[1.70954227 3.43752933 1.99120355],-3.11312790828657
2024-08-27 16:17:28,083 - go to position WP0,mapping,[-0.25839412  4.40404415  1.13176453],[1.70788407 3.43720007 1.99360502],-3.1124129919233177
2024-08-27 16:17:28,284 - go to position WP0,mapping,[-0.25839412  4.40404415  1.13176453],[1.70752525 3.43632436 1.99468446],-3.1124795328254007
2024-08-27 16:17:28,490 - go to position WP0,mapping,[-0.25839412  4.40404415  1.13176453],[1.70822144 3.43811297 1.99637318],-3.1121914378291526
2024-08-27 16:17:28,713 - go to position WP0,mapping,[-0.25839412  4.40404415  1.13176453],[1.70914853 3.44066715 1.99850726],-3.117219953800454
2024-08-27 16:17:28,939 - go to position WP0,mapping,[-0.25839412  4.40404415  1.13176453],[1.70879018 3.44182587 1.99739563],-3.126415452044726
2024-08-27 16:17:29,142 - go to position WP0,mapping,[-0.25839412  4.40404415  1.13176453],[1.71030581 3.44306302 2.00032926],-3.10991651798171
2024-08-27 16:17:29,358 - go to position WP0,mapping,[-0.25839412  4.40404415  1.13176453],[1.71131265 3.44575667 1.99924135],-3.1084583373181998
2024-08-27 16:17:29,579 - go to position WP0,mapping,[-0.25839412  4.40404415  1.13176453],[1.71444285 3.44902611 1.99629974],-3.1216205873479703
2024-08-27 16:17:29,779 - go to position WP0,mapping,[-0.25839412  4.40404415  1.13176453],[1.7160635  3.44908834 1.9870373 ],-3.1199956163793794
2024-08-27 16:17:29,982 - go to position WP0,mapping,[-0.25839412  4.40404415  1.13176453],[1.71790445 3.44922566 1.98295927],-3.108953100916148
2024-08-27 16:17:30,187 - go to position WP0,mapping,[-0.25839412  4.40404415  1.13176453],[1.71525431 3.45097685 1.97911596],-3.1080170278078674
2024-08-27 16:17:30,413 - go to position WP0,mapping,[-0.25839412  4.40404415  1.13176453],[1.71149349 3.45293689 1.97840071],-3.1074759951096125
2024-08-27 16:17:30,613 - go to position WP0,mapping,[-0.25839412  4.40404415  1.13176453],[1.70804179 3.45438552 1.97714651],-3.113872638805311
2024-08-27 16:17:30,827 - go to position WP0,mapping,[-0.25839412  4.40404415  1.13176453],[1.70596969 3.45722127 1.97725284],-3.1117718608401614
2024-08-27 16:17:31,045 - go to position WP0,mapping,[-0.25839412  4.40404415  1.13176453],[1.70649755 3.45767546 1.97868681],-3.106705826693329
2024-08-27 16:17:31,263 - go to position WP0,mapping,[-0.25839412  4.40404415  1.13176453],[1.70673215 3.45659637 1.9769367 ],-3.1141214904270704
2024-08-27 16:17:31,469 - go to position WP0,mapping,[-0.25839412  4.40404415  1.13176453],[1.71037924 3.45558929 1.9770577 ],-3.1072963830463927
2024-08-27 16:17:31,673 - go to position WP0,mapping,[-0.25839412  4.40404415  1.13176453],[1.71388364 3.45747995 1.97778881],-3.1058000214503223
2024-08-27 16:17:31,880 - go to position WP0,mapping,[-0.25839412  4.40404415  1.13176453],[1.71366286 3.45912218 1.97672057],-3.1056305394233243
2024-08-27 16:17:32,088 - go to position WP0,mapping,[-0.25839412  4.40404415  1.13176453],[1.71256506 3.46246529 1.97901344],-3.1058347726161983
2024-08-27 16:17:32,288 - go to position WP0,mapping,[-0.25839412  4.40404415  1.13176453],[1.70843685 3.46333575 1.97653461],-3.121175649749386
2024-08-27 16:17:32,505 - go to position WP0,mapping,[-0.25839412  4.40404415  1.13176453],[1.70751488 3.46495581 1.97890592],-3.103971005255593
2024-08-27 16:17:32,706 - go to position WP0,mapping,[-0.25839412  4.40404415  1.13176453],[1.70803654 3.46590018 1.97954869],-3.102868228477093
2024-08-27 16:17:32,907 - go to position WP0,mapping,[-0.25839412  4.40404415  1.13176453],[1.70899248 3.46580791 1.97988009],-3.103116878092786
2024-08-27 16:17:33,147 - go to position WP0,mapping,[-0.25839412  4.40404415  1.13176453],[1.71027946 3.46494031 1.97868896],-3.1186522722189083
2024-08-27 16:17:33,356 - go to position WP0,mapping,[-0.25839412  4.40404415  1.13176453],[1.71081579 3.46563864 1.98025191],-3.1217037917221373
2024-08-27 16:17:33,577 - go to position WP0,mapping,[-0.25839412  4.40404415  1.13176453],[1.71035361 3.46834445 1.98416114],-3.11250765668896
2024-08-27 16:17:33,788 - go to position WP1,mapping,[-0.25839412  4.40404415  1.13176453],[1.70844722 3.46907282 1.98412311],-3.1048598839865855
2024-08-27 16:17:34,014 - go to position WP1,mapping,[-0.25839412  4.40404415  1.13176453],[1.69569802 3.45637536 2.02276278],-2.8315525083180546
2024-08-27 16:17:34,218 - go to position WP1,mapping,[-0.25839412  4.40404415  1.13176453],[1.67373478 3.41944098 2.09542131],-2.5992226547001573
2024-08-27 16:17:34,418 - go to position WP1,mapping,[-0.25839412  4.40404415  1.13176453],[1.65308666 3.37282205 2.17587829],-2.422456391894971
2024-08-27 16:17:34,637 - go to position WP1,mapping,[-0.25839412  4.40404415  1.13176453],[1.59645391 3.12505031 2.49701262],-1.9808588629789625
2024-08-27 16:17:34,838 - go to position WP1,mapping,[-0.25839412  4.40404415  1.13176453],[1.57297301 2.95322919 2.63138485],-1.885153735309009
2024-08-27 16:17:35,071 - go to position WP1,mapping,[-0.25839412  4.40404415  1.13176453],[1.52411246 2.70319676 2.75365973],-1.8183514608625586
2024-08-27 16:17:35,281 - go to position WP1,mapping,[-0.25839412  4.40404415  1.13176453],[1.43793643 2.45949674 2.86873388],-1.7913289549404467
2024-08-27 16:17:35,486 - go to position WP1,mapping,[-0.25839412  4.40404415  1.13176453],[1.31950736 2.24522042 2.97568393],-1.7744567292342346
2024-08-27 16:17:35,687 - go to position WP1,mapping,[-0.25839412  4.40404415  1.13176453],[1.17288017 2.06216478 3.07546234],-1.769693252870682
2024-08-27 16:17:35,890 - go to position WP1,mapping,[-0.25839412  4.40404415  1.13176453],[1.06026232 1.93834674 3.1573925 ],-1.7726571764461134
2024-08-27 16:17:36,097 - go to position WP1,mapping,[-0.25839412  4.40404415  1.13176453],[1.00518918 1.81196702 3.25269818],-1.7513913083839983
2024-08-27 16:17:36,297 - go to position WP1,mapping,[-0.25839412  4.40404415  1.13176453],[1.00589216 1.71890688 3.32049274],-1.726592788084921
2024-08-27 16:17:36,497 - go to position WP1,mapping,[-0.25839412  4.40404415  1.13176453],[0.98970687 1.59296751 3.39810395],-1.7089051242357876
2024-08-27 16:17:36,699 - go to position WP1,mapping,[-0.25839412  4.40404415  1.13176453],[0.9156667  1.44847965 3.48065639],-1.6929537189108048
2024-08-27 16:17:36,937 - go to position WP1,mapping,[-0.25839412  4.40404415  1.13176453],[0.79543734 1.3312794  3.55997944],-1.681244287866468
2024-08-27 16:17:37,156 - go to position WP1,mapping,[-0.25839412  4.40404415  1.13176453],[0.70769888 1.24463606 3.62709045],-1.67270239448189
2024-08-27 16:17:37,361 - go to position WP1,mapping,[-0.25839412  4.40404415  1.13176453],[0.68523663 1.1717937  3.68078923],-1.656075438214315
2024-08-27 16:17:37,561 - go to position WP1,mapping,[-0.25839412  4.40404415  1.13176453],[0.68919039 1.09784627 3.74011612],-1.6507366212082726
2024-08-27 16:17:37,772 - go to position WP1,mapping,[-0.25839412  4.40404415  1.13176453],[0.66298127 1.01745951 3.80621672],-1.6352054226540913
2024-08-27 16:17:37,995 - go to position WP1,mapping,[-0.25839412  4.40404415  1.13176453],[0.58216149 0.93881232 3.87793946],-1.6210205444962567
2024-08-27 16:17:38,223 - go to position WP1,mapping,[-0.25839412  4.40404415  1.13176453],[0.53863156 0.90353978 3.91271853],-1.616751827948077
2024-08-27 16:17:38,496 - go to position WP1,mapping,[-0.25839412  4.40404415  1.13176453],[0.47848469 0.80380559 4.01535797],-1.6074789893702146
2024-08-27 16:17:38,698 - go to position WP1,mapping,[-0.25839412  4.40404415  1.13176453],[0.48443851 0.75891674 4.06498241],-1.6048166448640622
2024-08-27 16:17:38,898 - go to position WP1,mapping,[-0.25839412  4.40404415  1.13176453],[0.48458725 0.72437233 4.10238695],-1.606384633650281
2024-08-27 16:17:39,111 - go to position WP1,mapping,[-0.25839412  4.40404415  1.13176453],[0.44729951 0.66720188 4.1675415 ],-1.5983664996281668
2024-08-27 16:17:39,316 - go to position WP1,mapping,[-0.25839412  4.40404415  1.13176453],[0.39960116 0.62837392 4.21564627],-1.5926451377763096
2024-08-27 16:17:39,522 - go to position WP1,mapping,[-0.25839412  4.40404415  1.13176453],[0.36082456 0.59429741 4.26485872],-1.6001318981085824
2024-08-27 16:17:39,730 - go to position WP1,mapping,[-0.25839412  4.40404415  1.13176453],[0.34540826 0.56999713 4.30773687],-1.5887039904208677
2024-08-27 16:17:39,940 - go to position WP1,mapping,[-0.25839412  4.40404415  1.13176453],[0.34045905 0.5440312  4.35006857],-1.6001322365445105
2024-08-27 16:17:40,140 - go to position WP1,mapping,[-0.25839412  4.40404415  1.13176453],[0.33932194 0.51943648 4.3792944 ],-1.5994153964525237
2024-08-27 16:17:40,348 - go to position WP1,mapping,[-0.25839412  4.40404415  1.13176453],[0.33210626 0.48131135 4.41962528],-1.5913602045399333
2024-08-27 16:17:40,573 - go to position WP1,mapping,[-0.25839412  4.40404415  1.13176453],[0.31760916 0.45058841 4.45560455],-1.602992147410415
2024-08-27 16:17:40,777 - go to position WP1,mapping,[-0.25839412  4.40404415  1.13176453],[0.30272841 0.42539626 4.48745584],-1.6019680161100176
2024-08-27 16:17:40,978 - go to position WP1,mapping,[-0.25839412  4.40404415  1.13176453],[0.28948656 0.40244979 4.51778412],-1.5936101157819316
2024-08-27 16:17:41,192 - go to position WP1,mapping,[-0.25839412  4.40404415  1.13176453],[0.28020817 0.37873721 4.54287052],-1.590558030750291
2024-08-27 16:17:41,405 - go to position WP1,mapping,[-0.25839412  4.40404415  1.13176453],[0.27196112 0.35433233 4.56636381],-1.5901643242784829
2024-08-27 16:17:41,617 - go to position WP1,mapping,[-0.25839412  4.40404415  1.13176453],[0.26430848 0.33763847 4.58340168],-1.5950958098130226
2024-08-27 16:17:41,822 - go to position WP1,mapping,[-0.25839412  4.40404415  1.13176453],[0.25528184 0.32705924 4.59852934],-1.5929415278680867
2024-08-27 16:17:42,031 - go to position WP1,mapping,[-0.25839412  4.40404415  1.13176453],[0.24530195 0.31932458 4.61450672],-1.5918841059743256
2024-08-27 16:17:42,239 - go to position WP1,none,[-0.25839412  4.40404415  1.13176453],[0.23691025 0.30843997 4.62814999],-1.5939521890511568
2024-08-27 16:17:42,440 - go to position WP1,none,[-0.25839412  4.40404415  1.13176453],[0.23050563 0.29354605 4.64082241],-1.5948523639826604
2024-08-27 16:17:42,649 - go to position WP1,none,[-0.25839412  4.40404415  1.13176453],[0.22571236 0.28143573 4.65236759],-1.6058985217690669
2024-08-27 16:17:42,903 - go to position WP1,none,[-0.25839412  4.40404415  1.13176453],[0.21799006 0.26301739 4.67110777],-1.5947930263003887
2024-08-27 16:17:43,103 - go to position WP1,none,[-0.25839412  4.40404415  1.13176453],[0.21160622 0.25156724 4.67938614],-1.599849475213917
2024-08-27 16:17:43,304 - go to position WP1,none,[-0.25839412  4.40404415  1.13176453],[0.20823921 0.24622279 4.68321848],-1.596759757836539
2024-08-27 16:17:43,504 - go to position WP1,none,[-0.25839412  4.40404415  1.13176453],[0.19928958 0.23543619 4.69536877],-1.594672150864512
2024-08-27 16:17:43,763 - go to position WP1,none,[-0.25839412  4.40404415  1.13176453],[0.1928212  0.22690827 4.70751333],-1.596264447452576
2024-08-27 16:17:43,964 - go to position WP1,none,[-0.25839412  4.40404415  1.13176453],[0.18915541 0.21966465 4.71851206],-1.5919816419954635
2024-08-27 16:17:44,178 - go to position WP1,none,[-0.25839412  4.40404415  1.13176453],[0.18681432 0.21218513 4.72915983],-1.594749599479215
2024-08-27 16:17:44,382 - go to position WP1,none,[-0.25839412  4.40404415  1.13176453],[0.18489265 0.20759511 4.7348237 ],-1.5907345132925572
2024-08-27 16:17:44,604 - go to position WP1,none,[-0.25839412  4.40404415  1.13176453],[0.17581534 0.19850554 4.74420834],-1.5922438556076397
2024-08-27 16:17:44,821 - go to position WP1,none,[-0.25839412  4.40404415  1.13176453],[0.16738424 0.19159387 4.75305891],-1.6024614285560217
2024-08-27 16:17:45,033 - go to position WP1,none,[-0.25839412  4.40404415  1.13176453],[0.16050869 0.18594071 4.76122808],-1.5965915920995872
2024-08-27 16:17:45,305 - go to position WP1,none,[-0.25839412  4.40404415  1.13176453],[0.15499243 0.18276928 4.77251291],-1.5961981403771777
2024-08-27 16:17:45,544 - go to position WP1,none,[-0.25839412  4.40404415  1.13176453],[0.1529732  0.17759921 4.77932787],-1.5937953622503453
2024-08-27 16:17:45,744 - go to position WP1,none,[-0.25839412  4.40404415  1.13176453],[0.15184124 0.17601231 4.78277397],-1.5973619511664445
2024-08-27 16:17:45,980 - go to position WP1,none,[-0.25839412  4.40404415  1.13176453],[0.14636078 0.16764753 4.79291821],-1.5962408041487155
2024-08-27 16:17:46,186 - go to position WP1,none,[-0.25839412  4.40404415  1.13176453],[0.14330724 0.16578019 4.79889488],-1.6018861966144629
2024-08-27 16:17:46,391 - go to position WP1,none,[-0.25839412  4.40404415  1.13176453],[0.14009859 0.16562064 4.80335093],-1.594229008285721
2024-08-27 16:17:46,622 - go to position WP1,none,[-0.25839412  4.40404415  1.13176453],[0.13306713 0.16683444 4.80991602],-1.58590971155851
2024-08-27 16:17:46,833 - go to position WP1,none,[-0.25839412  4.40404415  1.13176453],[0.12934282 0.16901578 4.81252003],-1.5939096964079953
2024-08-27 16:17:47,033 - go to position WP1,none,[-0.25839412  4.40404415  1.13176453],[0.12505519 0.1667473  4.81519079],-1.6053220277142213
2024-08-27 16:17:47,233 - go to position WP1,none,[-0.25839412  4.40404415  1.13176453],[0.12478296 0.16037489 4.81814623],-1.6005020877674916
2024-08-27 16:17:47,435 - go to position WP1,none,[-0.25839412  4.40404415  1.13176453],[0.12507227 0.15542933 4.82012987],-1.5990023129208133
2024-08-27 16:17:47,647 - go to position WP1,none,[-0.25839412  4.40404415  1.13176453],[0.12408171 0.15125418 4.82215405],-1.60055187991669
2024-08-27 16:17:47,847 - go to position WP1,none,[-0.25839412  4.40404415  1.13176453],[0.1214421  0.14885205 4.82356501],-1.6005790437913179
2024-08-27 16:17:48,123 - go to position WP1,none,[-0.25839412  4.40404415  1.13176453],[0.1189009  0.15006909 4.82475948],-1.601663164854898
2024-08-27 16:17:48,328 - go to position WP1,none,[-0.25839412  4.40404415  1.13176453],[0.11360644 0.15099292 4.83077049],-1.6035908112610855
2024-08-27 16:17:48,558 - go to position WP1,none,[-0.25839412  4.40404415  1.13176453],[0.10933158 0.15175053 4.83701563],-1.599382932751559
2024-08-27 16:17:48,759 - go to position WP1,none,[-0.25839412  4.40404415  1.13176453],[0.1068809  0.15097256 4.84075546],-1.5907678608386755
2024-08-27 16:17:49,006 - go to position WP1,none,[-0.25839412  4.40404415  1.13176453],[0.10644624 0.15851183 4.84352875],-1.598570290264453
2024-08-27 16:17:49,243 - go to position WP1,none,[-0.25839412  4.40404415  1.13176453],[0.10404605 0.16589046 4.8456955 ],-1.6017205577000677
2024-08-27 16:17:49,444 - go to position WP1,none,[-0.25839412  4.40404415  1.13176453],[0.1003724  0.16744943 4.84870768],-1.605718738951091
2024-08-27 16:17:49,649 - go to position WP1,none,[-0.25839412  4.40404415  1.13176453],[0.09793578 0.1609576  4.85402632],-1.603061370442198
2024-08-27 16:17:49,849 - go to position WP1,none,[-0.25839412  4.40404415  1.13176453],[0.09794553 0.15715124 4.85591269],-1.6086775138510214
2024-08-27 16:17:50,059 - go to position WP1,none,[-0.25839412  4.40404415  1.13176453],[0.09833099 0.15423574 4.85940647],-1.6073008390431447
2024-08-27 16:17:50,316 - go to position WP1,none,[-0.25839412  4.40404415  1.13176453],[0.09789857 0.15593381 4.86101341],-1.613130854335056
2024-08-27 16:17:50,537 - go to position WP1,none,[-0.25839412  4.40404415  1.13176453],[0.095269   0.15606773 4.86196852],-1.6082176218636688
2024-08-27 16:17:50,738 - go to position WP1,none,[-0.25839412  4.40404415  1.13176453],[0.09372967 0.15284249 4.86341906],-1.609158012985091
2024-08-27 16:17:50,977 - go to position WP1,none,[-0.25839412  4.40404415  1.13176453],[0.09196521 0.1505145  4.86617899],-1.611017010981393
2024-08-27 16:17:51,178 - go to position WP1,none,[-0.25839412  4.40404415  1.13176453],[0.09047823 0.15200891 4.86759758],-1.6164402050249809
2024-08-27 16:17:51,397 - go to position WP1,none,[-0.25839412  4.40404415  1.13176453],[0.08972742 0.15137912 4.87113094],-1.6049643780279688
2024-08-27 16:17:51,601 - go to position WP1,none,[-0.25839412  4.40404415  1.13176453],[0.08897702 0.15095566 4.8724165 ],-1.6088749301784997
2024-08-27 16:17:51,803 - go to position WP1,none,[-0.25839412  4.40404415  1.13176453],[0.08643775 0.14677198 4.87410259],-1.6142718540312746
2024-08-27 16:17:52,009 - go to position WP1,none,[-0.25839412  4.40404415  1.13176453],[0.0843322  0.14082806 4.8775115 ],-1.6124583338812908
2024-08-27 16:17:52,210 - go to position WP1,none,[-0.25839412  4.40404415  1.13176453],[0.08330444 0.13488685 4.8800745 ],-1.6099482833535959
2024-08-27 16:17:52,413 - go to position WP2,none,[-0.25839412  4.40404415  1.13176453],[0.08294138 0.13411015 4.87934542],-1.618991632025768
2024-08-27 16:17:52,638 - go to position WP2,none,[-0.25839412  4.40404415  1.13176453],[0.08234248 0.13355505 4.87915039],-1.6138527643126626
2024-08-27 16:17:52,838 - go to position WP2,none,[-0.25839412  4.40404415  1.13176453],[0.08098798 0.14328633 4.87746048],-1.6199549696480453
2024-08-27 16:17:53,039 - go to position WP2,none,[-0.25839412  4.40404415  1.13176453],[0.07979088 0.15387323 4.87731838],-1.6087200463317872
2024-08-27 16:17:53,239 - go to position WP2,none,[-0.25839412  4.40404415  1.13176453],[0.07792187 0.16909415 4.87547064],-1.6085568724235504
2024-08-27 16:17:53,458 - go to position WP2,none,[-0.25839412  4.40404415  1.13176453],[0.07368436 0.19228873 4.87428856],-1.6045972825538222
2024-08-27 16:17:53,689 - go to position WP2,none,[-0.25839412  4.40404415  1.13176453],[0.07036177 0.21141197 4.87096453],-1.611035103767576
2024-08-27 16:17:53,896 - go to position WP2,none,[-0.25839412  4.40404415  1.13176453],[0.06496191 0.2429719  4.86610699],-1.6110722282784797
2024-08-27 16:17:54,103 - go to position WP2,none,[-0.25839412  4.40404415  1.13176453],[0.05956586 0.27364352 4.86121607],-1.606276970456907
2024-08-27 16:17:54,305 - go to position WP2,none,[-0.25839412  4.40404415  1.13176453],[0.05418389 0.3083722  4.85243893],-1.616167904565014
2024-08-27 16:17:54,521 - go to position WP2,none,[-0.25839412  4.40404415  1.13176453],[0.04813139 0.34334058 4.84526777],-1.6117992329733175
2024-08-27 16:17:54,732 - go to position WP2,none,[-0.25839412  4.40404415  1.13176453],[0.04431509 0.36030513 4.84207916],-1.6030039628231343
2024-08-27 16:17:54,934 - go to position WP2,none,[-0.25839412  4.40404415  1.13176453],[0.03406835 0.39890864 4.83340168],-1.597830345263839
2024-08-27 16:17:55,166 - go to position WP2,none,[-0.25839412  4.40404415  1.13176453],[0.02500072 0.43285835 4.82711124],-1.6057320143590914
2024-08-27 16:17:55,370 - go to position WP2,none,[-0.25839412  4.40404415  1.13176453],[0.01655202 0.45807546 4.8236146 ],-1.6006739017221872
2024-08-27 16:17:55,627 - go to position WP2,none,[-0.25839412  4.40404415  1.13176453],[0.0049922  0.4936513  4.81976032],-1.6136554961148128
2024-08-27 16:17:55,828 - go to position WP2,none,[-0.25839412  4.40404415  1.13176453],[-3.45379673e-03  5.18450320e-01  4.82212639e+00],-1.6029589907433817
2024-08-27 16:17:56,028 - go to position WP2,none,[-0.25839412  4.40404415  1.13176453],[-0.01288231  0.54370028  4.82662725],-1.6036851873099671
2024-08-27 16:17:56,249 - go to position WP2,none,[-0.25839412  4.40404415  1.13176453],[-0.02431569  0.57446414  4.83222866],-1.6186387543878986
2024-08-27 16:17:56,455 - go to position WP2,none,[-0.25839412  4.40404415  1.13176453],[-0.03297696  0.6012665   4.84176493],-1.6029516117646398
2024-08-27 16:17:56,667 - go to position WP2,none,[-0.25839412  4.40404415  1.13176453],[-0.04425447  0.63185662  4.8529067 ],-1.6058617264077029
2024-08-27 16:17:56,867 - go to position WP2,none,[-0.25839412  4.40404415  1.13176453],[-0.05456196  0.66151458  4.86475658],-1.60211795912398
2024-08-27 16:17:57,074 - go to position WP2,none,[-0.25839412  4.40404415  1.13176453],[-0.06256027  0.69011605  4.87693214],-1.6026242317921424
2024-08-27 16:17:57,282 - go to position WP2,none,[-0.25839412  4.40404415  1.13176453],[-0.0727279   0.72592503  4.89309072],-1.5998531609437467
2024-08-27 16:17:57,493 - go to position WP2,none,[-0.25839412  4.40404415  1.13176453],[-0.08094373  0.75771487  4.90631533],-1.594958571269233
2024-08-27 16:17:57,695 - go to position WP2,none,[-0.25839412  4.40404415  1.13176453],[-0.08971653  0.79017127  4.9178009 ],-1.5916817345662233
2024-08-27 16:17:57,896 - go to position WP2,none,[-0.25839412  4.40404415  1.13176453],[-0.09661995  0.81037802  4.92339325],-1.5910072308814147
2024-08-27 16:17:58,108 - go to position WP2,none,[-0.25839412  4.40404415  1.13176453],[-0.10714689  0.84386742  4.9284749 ],-1.5856518627504066
2024-08-27 16:17:58,313 - go to position WP2,none,[-0.25839412  4.40404415  1.13176453],[-0.11247587  0.85881281  4.9294734 ],-1.5832229381926943
2024-08-27 16:17:58,523 - go to position WP2,none,[-0.25839412  4.40404415  1.13176453],[-0.1243034   0.89074141  4.92812157],-1.5807138782486536
2024-08-27 16:17:58,726 - go to position WP2,none,[-0.25839412  4.40404415  1.13176453],[-0.13405892  0.9130469   4.92453289],-1.5757462920129512
2024-08-27 16:17:58,930 - go to position WP2,none,[-0.25839412  4.40404415  1.13176453],[-0.14102361  0.92774099  4.92278433],-1.576483023281753
2024-08-27 16:17:59,136 - go to position WP2,none,[-0.25839412  4.40404415  1.13176453],[-0.15491304  0.9513765   4.9196167 ],-1.5760315746817568
2024-08-27 16:17:59,358 - go to position WP2,none,[-0.25839412  4.40404415  1.13176453],[-0.16540177  0.96851003  4.92051268],-1.57804238527652
2024-08-27 16:17:59,558 - go to position WP2,none,[-0.25839412  4.40404415  1.13176453],[-0.17921077  0.98880517  4.92289162],-1.5774858779571161
2024-08-27 16:17:59,759 - go to position WP2,none,[-0.25839412  4.40404415  1.13176453],[-0.19066818  1.00409949  4.92639923],-1.5784926250573141
2024-08-27 16:17:59,964 - go to position WP2,none,[-0.25839412  4.40404415  1.13176453],[-0.20265508  1.02185011  4.93033218],-1.5827782924847265
2024-08-27 16:18:00,182 - go to position WP2,none,[-0.25839412  4.40404415  1.13176453],[-0.22058788  1.04504037  4.93851614],-1.5853170021002008
2024-08-27 16:18:00,393 - go to position WP2,none,[-0.25839412  4.40404415  1.13176453],[-0.22640772  1.05133724  4.94238663],-1.5845537246505295
2024-08-27 16:18:00,632 - go to position WP2,none,[-0.25839412  4.40404415  1.13176453],[-0.25077954  1.08342505  4.95828152],-1.5881954208689866
2024-08-27 16:18:00,844 - go to position WP2,none,[-0.25839412  4.40404415  1.13176453],[-0.26343665  1.10345852  4.9675374 ],-1.5793763496959734
2024-08-27 16:18:01,074 - go to position WP2,none,[-0.25839412  4.40404415  1.13176453],[-0.28308791  1.1279937   4.98750448],-1.5866440823537804
2024-08-27 16:18:01,275 - go to position WP2,none,[-0.25839412  4.40404415  1.13176453],[-0.29852584  1.15044677  5.00410175],-1.5860434080338184
2024-08-27 16:18:01,484 - go to position WP2,none,[-0.25839412  4.40404415  1.13176453],[-0.31295046  1.17020667  5.02288675],-1.5856548997962587
2024-08-27 16:18:01,699 - go to position WP2,none,[-0.25839412  4.40404415  1.13176453],[-0.32628024  1.18693006  5.0433321 ],-1.5847441286951742
2024-08-27 16:18:01,905 - go to position WP2,none,[-0.25839412  4.40404415  1.13176453],[-0.34119502  1.20626664  5.06692457],-1.5870796673923664
2024-08-27 16:18:02,105 - go to position WP2,none,[-0.25839412  4.40404415  1.13176453],[-0.35978481  1.22943544  5.1031661 ],-1.584607398445014
2024-08-27 16:18:02,313 - go to position WP2,none,[-0.25839412  4.40404415  1.13176453],[-0.37384638  1.24599981  5.13206768],-1.5833560232201442
2024-08-27 16:18:02,524 - go to position WP2,none,[-0.25839412  4.40404415  1.13176453],[-0.38701025  1.26119375  5.15957355],-1.5858341099578332
2024-08-27 16:18:02,741 - go to position WP2,none,[-0.25839412  4.40404415  1.13176453],[-0.39933711  1.2749455   5.18634796],-1.5828312930551087
2024-08-27 16:18:02,946 - go to position WP2,none,[-0.25839412  4.40404415  1.13176453],[-0.41462141  1.2924825   5.22085476],-1.580779774099316
2024-08-27 16:18:03,147 - retrun home WP2,none,[-0.25839412  4.40404415  1.13176453],[-0.43505871  1.31621277  5.26734352],-1.5807221770953301
2024-08-27 16:18:03,350 - retrun home WP2,none,[-0.25839412  4.40404415  1.13176453],[-0.45030001  1.32768166  5.2903924 ],-1.811534318321268
2024-08-27 16:18:03,551 - retrun home WP2,none,[-0.25839412  4.40404415  1.13176453],[-0.45113394  1.31496143  5.28415537],-1.997251849429623
2024-08-27 16:18:03,759 - retrun home WP2,none,[-0.25839412  4.40404415  1.13176453],[-0.44169807  1.24361324  5.2670846 ],-2.3575657726813652
2024-08-27 16:18:03,959 - retrun home WP2,none,[-0.25839412  4.40404415  1.13176453],[-0.42591143  1.14850366  5.25690651],-2.668401839499052
2024-08-27 16:18:04,191 - retrun home WP2,none,[-0.25839412  4.40404415  1.13176453],[-0.37819105  0.9384861   5.25364494],-3.0653513482564216
2024-08-27 16:18:04,413 - retrun home WP2,none,[-0.25839412  4.40404415  1.13176453],[-0.32576886  0.77126932  5.2495203 ],2.868234799399998
2024-08-27 16:18:04,617 - retrun home WP2,none,[-0.25839412  4.40404415  1.13176453],[-0.29471034  0.7096352   5.24226284],2.5722871109411183
2024-08-27 16:18:04,853 - retrun home WP2,none,[-0.25839412  4.40404415  1.13176453],[-0.27223733  0.71145433  5.23937225],2.2266381150362946
2024-08-27 16:18:05,057 - retrun home WP2,none,[-0.25839412  4.40404415  1.13176453],[-0.27680641  0.72582972  5.23605776],2.0686405235868577
2024-08-27 16:18:05,261 - retrun home WP2,none,[-0.25839412  4.40404415  1.13176453],[-0.29495123  0.69991022  5.22999811],1.931260120973029
2024-08-27 16:18:05,461 - retrun home WP2,none,[-0.25839412  4.40404415  1.13176453],[-0.29647475  0.60597533  5.22894764],1.8313148961953252
2024-08-27 16:18:05,662 - retrun home WP2,none,[-0.25839412  4.40404415  1.13176453],[-0.26970759  0.51955682  5.22736788],1.8011218699567002
2024-08-27 16:18:05,863 - retrun home WP2,none,[-0.25839412  4.40404415  1.13176453],[-0.2245079   0.46469346  5.2229681 ],1.7623561414559046
2024-08-27 16:18:06,063 - retrun home WP2,none,[-0.25839412  4.40404415  1.13176453],[-0.2082613   0.45991978  5.22014952],1.753926948954718
2024-08-27 16:18:06,264 - retrun home WP2,none,[-0.25839412  4.40404415  1.13176453],[-0.18379411  0.48233065  5.21089125],1.7122066774666747
2024-08-27 16:18:06,472 - retrun home WP2,none,[-0.25839412  4.40404415  1.13176453],[-0.19136007  0.4770036   5.20553684],1.692198210678551
2024-08-27 16:18:06,676 - retrun home WP2,none,[-0.25839412  4.40404415  1.13176453],[-0.19241427  0.43061763  5.20252752],1.6773879632212514
2024-08-27 16:18:06,879 - retrun home WP2,none,[-0.25839412  4.40404415  1.13176453],[-0.18110453  0.37819925  5.20255089],1.6707420593031823
2024-08-27 16:18:07,126 - retrun home WP2,none,[-0.25839412  4.40404415  1.13176453],[-0.15290491  0.32615101  5.20018005],1.6495656444669908
2024-08-27 16:18:07,351 - retrun home WP2,none,[-0.25839412  4.40404415  1.13176453],[-0.12683119  0.31379387  5.19492388],1.6448095093860118
2024-08-27 16:18:07,566 - retrun home WP2,none,[-0.25839412  4.40404415  1.13176453],[-0.11496959  0.31174937  5.19227886],1.6335801111496164
2024-08-27 16:18:07,767 - retrun home WP2,none,[-0.25839412  4.40404415  1.13176453],[-0.10836099  0.3008984   5.18985748],1.624785138040442
2024-08-27 16:18:07,967 - retrun home WP2,none,[-0.25839412  4.40404415  1.13176453],[-0.10399455  0.28568837  5.18808222],1.6146200216042599
2024-08-27 16:18:08,178 - retrun home WP2,none,[-0.25839412  4.40404415  1.13176453],[-0.09930392  0.26272619  5.18549824],1.6087965397929185
2024-08-27 16:18:08,392 - retrun home WP2,none,[-0.25839412  4.40404415  1.13176453],[-0.0948576   0.24038589  5.18149376],1.6084686901657452
2024-08-27 16:18:08,700 - retrun home WP2,none,[-0.25839412  4.40404415  1.13176453],[-0.08825012  0.22095305  5.17412758],1.6045236264289264
2024-08-27 16:18:08,903 - retrun home WP2,none,[-0.25839412  4.40404415  1.13176453],[-0.08249454  0.21208787  5.17023373],1.605497484261942
2024-08-27 16:18:09,105 - retrun home WP2,none,[-0.25839412  4.40404415  1.13176453],[-0.07727599  0.20468119  5.16592455],1.6091119838322296
2024-08-27 16:18:09,367 - retrun home WP2,none,[-0.25839412  4.40404415  1.13176453],[-0.06934831  0.19750881  5.15937376],1.6053351797130413
2024-08-27 16:18:09,585 - retrun home WP2,none,[-0.25839412  4.40404415  1.13176453],[-0.06264     0.18587111  5.15275526],1.6048720874278197
2024-08-27 16:18:09,818 - retrun home WP2,none,[-0.25839412  4.40404415  1.13176453],[-0.05543863  0.17497703  5.14714479],1.6058333534208695
2024-08-27 16:18:10,025 - retrun home WP2,none,[-0.25839412  4.40404415  1.13176453],[-0.05052263  0.16928501  5.1434617 ],1.6066483607202608
2024-08-27 16:18:10,225 - retrun home WP2,none,[-0.25839412  4.40404415  1.13176453],[-0.0425891   0.16386785  5.13766003],1.6000872349414723
2024-08-27 16:18:10,447 - retrun home WP2,none,[-0.25839412  4.40404415  1.13176453],[-0.03413863  0.1573993   5.13196039],1.6013736963065455
2024-08-27 16:18:10,655 - retrun home WP3,none,[-0.25839412  4.40404415  1.13176453],[-0.02632583  0.14884648  5.12742424],1.6001664149277932
2024-08-27 16:18:10,855 - retrun home WP3,none,[-0.25839412  4.40404415  1.13176453],[-0.0169884   0.14307305  5.11712456],1.6029092219348833
2024-08-27 16:18:11,060 - retrun home WP3,none,[-0.25839412  4.40404415  1.13176453],[0.01282502 0.16020934 5.05142021],1.5992804011777548
2024-08-27 16:18:11,261 - retrun home WP3,none,[-0.25839412  4.40404415  1.13176453],[0.08010284 0.21711655 4.90530062],1.5978745569887014
2024-08-27 16:18:11,465 - retrun home WP3,none,[-0.25839412  4.40404415  1.13176453],[0.16422784 0.29318589 4.74540424],1.5958218355620266
2024-08-27 16:18:11,667 - retrun home WP3,none,[-0.25839412  4.40404415  1.13176453],[0.28669614 0.42484465 4.57924604],1.5899461599850948
2024-08-27 16:18:11,891 - retrun home WP3,none,[-0.25839412  4.40404415  1.13176453],[0.41567701 0.5999763  4.44600391],1.5869428077047985
2024-08-27 16:18:12,094 - retrun home WP3,none,[-0.25839412  4.40404415  1.13176453],[0.53628623 0.81154048 4.31390095],1.5845697116382016
2024-08-27 16:18:12,316 - retrun home WP3,none,[-0.25839412  4.40404415  1.13176453],[0.63847148 1.05592906 4.18089962],1.5667992103817143
2024-08-27 16:18:12,523 - retrun home WP3,none,[-0.25839412  4.40404415  1.13176453],[0.70714813 1.31689751 4.06212759],1.5669120734405753
2024-08-27 16:18:12,726 - retrun home WP3,none,[-0.25839412  4.40404415  1.13176453],[0.73409647 1.49441421 3.97426653],1.5788760698777973
2024-08-27 16:18:12,931 - retrun home WP3,none,[-0.25839412  4.40404415  1.13176453],[0.76632035 1.65167522 3.8558588 ],1.5678319886034706
2024-08-27 16:18:13,131 - retrun home WP3,none,[-0.25839412  4.40404415  1.13176453],[0.81757993 1.71941388 3.76185679],1.5807341832313675
2024-08-27 16:18:13,376 - retrun home WP3,none,[-0.25839412  4.40404415  1.13176453],[0.90713841 1.81826234 3.66037893],1.5844589005858878
2024-08-27 16:18:13,592 - retrun home WP3,none,[-0.25839412  4.40404415  1.13176453],[0.97917193 1.95743406 3.57234931],1.5771172698549518
2024-08-27 16:18:13,797 - retrun home WP3,none,[-0.25839412  4.40404415  1.13176453],[1.02566755 2.11567855 3.49290013],1.579124154523076
2024-08-27 16:18:14,006 - retrun home WP3,none,[-0.25839412  4.40404415  1.13176453],[1.04661787 2.2447989  3.42316175],1.5812269026391794
2024-08-27 16:18:14,215 - retrun home WP3,none,[-0.25839412  4.40404415  1.13176453],[1.06583893 2.33643746 3.33918834],1.5769686247631225
2024-08-27 16:18:14,442 - retrun home WP3,none,[-0.25839412  4.40404415  1.13176453],[1.09608305 2.37955761 3.27516627],1.582143411309906
2024-08-27 16:18:14,672 - retrun home WP3,none,[-0.25839412  4.40404415  1.13176453],[1.14469552 2.46177435 3.20496011],1.5839205828136391
2024-08-27 16:18:14,903 - retrun home WP3,none,[-0.25839412  4.40404415  1.13176453],[1.18396008 2.5800631  3.1504035 ],1.585376559012826
2024-08-27 16:18:15,111 - retrun home WP3,none,[-0.25839412  4.40404415  1.13176453],[1.21468711 2.69673681 3.09870458],1.578831542905707
2024-08-27 16:18:15,311 - retrun home WP3,none,[-0.25839412  4.40404415  1.13176453],[1.23281157 2.75415015 3.05761337],1.5795549542381386
2024-08-27 16:18:15,549 - retrun home WP3,none,[-0.25839412  4.40404415  1.13176453],[1.25682414 2.79751611 2.99793839],1.5803566399900466
2024-08-27 16:18:15,756 - retrun home WP3,none,[-0.25839412  4.40404415  1.13176453],[1.27455747 2.82839108 2.95733857],1.5802774604254672
2024-08-27 16:18:15,958 - retrun home WP3,none,[-0.25839412  4.40404415  1.13176453],[1.29391587 2.87995529 2.91878319],1.5821698830195767
2024-08-27 16:18:16,167 - retrun home WP3,none,[-0.25839412  4.40404415  1.13176453],[1.3151511  2.95081043 2.87935829],1.5755304569489925
2024-08-27 16:18:16,368 - retrun home WP3,none,[-0.25839412  4.40404415  1.13176453],[1.32924664 3.00016975 2.85057902],1.578600887721483
2024-08-27 16:18:16,603 - retrun home WP3,none,[-0.25839412  4.40404415  1.13176453],[1.34855068 3.05478048 2.80513191],1.5767886649176117
2024-08-27 16:18:16,854 - retrun home WP3,none,[-0.25839412  4.40404415  1.13176453],[1.36069214 3.07956052 2.77115655],1.5759596030048169
2024-08-27 16:18:17,075 - retrun home WP3,none,[-0.25839412  4.40404415  1.13176453],[1.37774515 3.10537243 2.72959995],1.5793025191654304
2024-08-27 16:18:17,276 - retrun home WP3,none,[-0.25839412  4.40404415  1.13176453],[1.39135873 3.13037348 2.69945908],1.5767789482100045
2024-08-27 16:18:17,541 - retrun home WP3,none,[-0.25839412  4.40404415  1.13176453],[1.40683532 3.16521406 2.66504669],1.585592222834427
2024-08-27 16:18:17,776 - retrun home WP3,none,[-0.25839412  4.40404415  1.13176453],[1.41834664 3.18977308 2.64159155],1.5767255126437427
2024-08-27 16:18:17,976 - retrun home WP3,none,[-0.25839412  4.40404415  1.13176453],[1.43335509 3.22340155 2.61131692],1.573323424641661
2024-08-27 16:18:18,184 - retrun home WP3,none,[-0.25839412  4.40404415  1.13176453],[1.44187653 3.24584985 2.59037519],1.5758302346579178
2024-08-27 16:18:18,385 - retrun home WP3,none,[-0.25839412  4.40404415  1.13176453],[1.44914091 3.26615024 2.57116842],1.5751435910884302
2024-08-27 16:18:18,591 - retrun home WP3,none,[-0.25839412  4.40404415  1.13176453],[1.45650864 3.28352427 2.54775333],1.576363405306205
2024-08-27 16:18:18,823 - retrun home WP3,none,[-0.25839412  4.40404415  1.13176453],[1.46370673 3.29926395 2.52086949],1.5702384101077946
2024-08-27 16:18:19,024 - retrun home WP3,none,[-0.25839412  4.40404415  1.13176453],[1.46959412 3.31048846 2.5003655 ],1.5772615597081052
2024-08-27 16:18:19,229 - retrun home WP3,none,[-0.25839412  4.40404415  1.13176453],[1.47894919 3.32354021 2.48035312],1.5743180457163453
2024-08-27 16:18:19,430 - retrun home WP3,none,[-0.25839412  4.40404415  1.13176453],[1.48800874 3.33506489 2.46288157],1.5722086128292132
2024-08-27 16:18:19,651 - retrun home WP3,none,[-0.25839412  4.40404415  1.13176453],[1.49782586 3.3489697  2.4410603 ],1.572231441181664
2024-08-27 16:18:19,851 - retrun home WP3,none,[-0.25839412  4.40404415  1.13176453],[1.50682831 3.36252117 2.41742992],1.5770678344588518
2024-08-27 16:18:20,051 - retrun home WP3,none,[-0.25839412  4.40404415  1.13176453],[1.51478946 3.37594652 2.39840674],1.5705276944423872
2024-08-27 16:18:20,301 - retrun home WP3,none,[-0.25839412  4.40404415  1.13176453],[1.52401018 3.39547944 2.37638998],1.5795330001217482
2024-08-27 16:18:20,502 - retrun home WP3,none,[-0.25839412  4.40404415  1.13176453],[1.53089333 3.40798807 2.36342216],1.5684768291713536
2024-08-27 16:18:20,707 - retrun home WP3,none,[-0.25839412  4.40404415  1.13176453],[1.53451526 3.4171865  2.34687352],1.573151869844787
2024-08-27 16:18:20,923 - retrun home WP3,none,[-0.25839412  4.40404415  1.13176453],[1.53829658 3.42274785 2.32726073],1.5673078239606666
2024-08-27 16:18:21,123 - retrun home WP3,none,[-0.25839412  4.40404415  1.13176453],[1.54331505 3.42638612 2.30994511],1.569939272970167
2024-08-27 16:18:21,377 - retrun home WP3,none,[-0.25839412  4.40404415  1.13176453],[1.54661596 3.42808247 2.29661322],1.573048167992443
2024-08-27 16:18:21,585 - retrun home WP3,none,[-0.25839412  4.40404415  1.13176453],[1.55179179 3.43429399 2.28123951],1.5706766755240769
2024-08-27 16:18:21,793 - retrun home WP3,none,[-0.25839412  4.40404415  1.13176453],[1.55613852 3.441998   2.27263641],1.565300012086443
2024-08-27 16:18:22,047 - retrun home WP3,none,[-0.25839412  4.40404415  1.13176453],[1.56172657 3.45146966 2.26105475],1.5692768734751712
2024-08-27 16:18:22,247 - retrun home WP3,none,[-0.25839412  4.40404415  1.13176453],[1.56706953 3.45878291 2.24883032],1.5666692354847338
2024-08-27 16:18:22,448 - retrun home WP3,none,[-0.25839412  4.40404415  1.13176453],[1.57219172 3.46298504 2.23891234],1.5672722725533947
2024-08-27 16:18:22,711 - retrun home WP3,none,[-0.25839412  4.40404415  1.13176453],[1.57803428 3.46516585 2.22588301],1.5661794808257927
2024-08-27 16:18:22,944 - retrun home WP3,none,[-0.25839412  4.40404415  1.13176453],[1.58232379 3.4668963  2.21379852],1.5673860604547876
2024-08-27 16:18:23,144 - retrun home WP3,none,[-0.25839412  4.40404415  1.13176453],[1.58467054 3.46988583 2.20522189],1.5674665787071906
2024-08-27 16:18:23,357 - retrun home WP3,none,[-0.25839412  4.40404415  1.13176453],[1.58621335 3.47540784 2.19492412],1.5701066073277927
2024-08-27 16:18:23,566 - retrun home WP3,none,[-0.25839412  4.40404415  1.13176453],[1.58648694 3.48401928 2.18671894],1.5718669104227823
2024-08-27 16:18:23,777 - retrun home WP3,none,[-0.25839412  4.40404415  1.13176453],[1.58706844 3.49249983 2.18292594],1.5684058740760354
2024-08-27 16:18:23,977 - retrun home WP3,none,[-0.25839412  4.40404415  1.13176453],[1.58711433 3.49648833 2.17593884],1.561623001879468
2024-08-27 16:18:24,178 - retrun home WP4,none,[-0.25839412  4.40404415  1.13176453],[1.58384001 3.50221252 2.1629951 ],1.626228291552827
2024-08-27 16:18:24,378 - retrun home WP4,none,[-0.25839412  4.40404415  1.13176453],[1.58349216 3.50466967 2.14977169],1.9631150874209402
2024-08-27 16:18:24,616 - retrun home WP4,none,[-0.25839412  4.40404415  1.13176453],[1.58737183 3.50561333 2.14339638],2.317512808534966
2024-08-27 16:18:24,817 - retrun home WP4,none,[-0.25839412  4.40404415  1.13176453],[1.58801186 3.50547099 2.14140749],2.395265958768647
2024-08-27 16:18:25,017 - retrun home WP4,none,[-0.25839412  4.40404415  1.13176453],[1.58704591 3.50212741 2.13058567],2.7671417815994133
2024-08-27 16:18:25,218 - retrun home WP4,none,[-0.25839412  4.40404415  1.13176453],[1.58558953 3.50119019 2.12251735],2.8633526824305653
2024-08-27 16:18:25,418 - retrun home WP4,none,[-0.25839412  4.40404415  1.13176453],[1.58903241 3.50300598 2.11630344],2.930762300730853
