2026-01-20 11:23:48,697 - position: [ 0.40881819 -1.34690416  0.827802  ]
2026-01-20 11:23:48,915 - position: [ 0.40880045 -1.34309006  0.828013  ]
2026-01-20 11:23:49,137 - position: [ 0.40986335 -1.34425831  0.82751191]
2026-01-20 11:23:49,393 - position: [ 0.41049075 -1.34446132  0.82697797]
2026-01-20 11:23:49,633 - position: [ 0.41189387 -1.34488297  0.82692355]
2026-01-20 11:23:49,872 - position: [ 0.41292384 -1.34495902  0.82729763]
2026-01-20 11:23:50,142 - position: [ 0.41305122 -1.34559333  0.8284542 ]
2026-01-20 11:23:50,392 - position: [ 0.41229418 -1.34361529  0.82883894]
2026-01-20 11:23:50,633 - position: [ 0.41062427 -1.33501172  0.83073252]
2026-01-20 11:23:50,887 - position: [ 0.41017315 -1.32595217  0.83302081]
2026-01-20 11:23:51,118 - position: [ 0.4671863  -1.13975894  0.95393223]
2026-01-20 11:23:51,331 - position: [ 0.4671863  -1.13975894  0.95393223]
2026-01-20 11:23:51,623 - position: [ 0.4671863  -1.13975894  0.95393223]
2026-01-20 11:23:51,851 - position: [ 0.52494466 -1.1561228   1.73789537]
2026-01-20 11:23:52,092 - position: [ 0.52494466 -1.1561228   1.73789537]
2026-01-20 11:23:52,315 - position: [ 0.52494466 -1.1561228   1.73789537]
2026-01-20 11:23:52,525 - position: [ 0.52494466 -1.1561228   1.73789537]
2026-01-20 11:23:52,807 - position: [ 0.44872633 -1.11914146  0.96062136]
2026-01-20 11:23:53,034 - position: [ 0.428635   -1.17061734  0.91149437]
2026-01-20 11:23:53,340 - position: [ 0.39636266 -1.24868643  0.86520624]
2026-01-20 11:23:53,545 - position: [ 0.39226168 -1.2452265   0.86619288]
2026-01-20 11:23:53,758 - position: [ 0.38635436 -1.25466251  0.86297268]
2026-01-20 11:23:53,982 - position: [ 0.38092747 -1.26728606  0.85985506]
2026-01-20 11:23:54,200 - position: [ 0.37886038 -1.27230704  0.85876524]
2026-01-20 11:23:54,424 - position: [ 0.38147447 -1.27975082  0.85559213]
2026-01-20 11:23:54,665 - position: [ 0.3896344  -1.28601837  0.84796858]
2026-01-20 11:23:54,910 - position: [ 0.38670796 -1.28015327  0.84522301]
2026-01-20 11:23:55,131 - position: [ 0.385766   -1.27788985  0.84529948]
2026-01-20 11:23:55,361 - position: [ 0.38798344 -1.28260446  0.84534448]
2026-01-20 11:23:55,579 - position: [ 0.38947263 -1.28581738  0.84568989]
2026-01-20 11:23:55,817 - position: [ 0.38960344 -1.28808904  0.84591419]
2026-01-20 11:23:56,034 - position: [ 0.39000946 -1.28685999  0.84578943]
2026-01-20 11:23:56,300 - position: [ 0.39087602 -1.28561246  0.84661132]
2026-01-20 11:23:56,551 - position: [ 0.38937131 -1.30550158  0.84565341]
2026-01-20 11:23:56,851 - position: [ 0.39162123 -1.30643725  0.84357661]
2026-01-20 11:23:57,097 - position: [ 0.39349231 -1.31112242  0.84091866]
2026-01-20 11:23:57,371 - position: [ 0.39193869 -1.31522858  0.83960879]
2026-01-20 11:23:57,618 - position: [ 0.38647991 -1.31836271  0.83737445]
2026-01-20 11:23:57,885 - position: [ 0.38527113 -1.32092607  0.83868974]
2026-01-20 11:23:58,116 - position: [ 0.38811594 -1.31805134  0.84187353]
2026-01-20 11:23:58,350 - position: [ 0.38811594 -1.31805134  0.84187353]
2026-01-20 11:23:58,601 - position: [ 0.3843855  -1.32154441  0.83822656]
2026-01-20 11:23:58,869 - position: [ 0.38495141 -1.32329249  0.83728111]
2026-01-20 11:23:59,081 - position: [ 0.38304758 -1.31718564  0.83543605]
2026-01-20 11:23:59,353 - position: [ 0.38115659 -1.31221581  0.83927065]
2026-01-20 11:23:59,598 - position: [ 0.37610066 -1.30784726  0.84074986]
2026-01-20 11:23:59,834 - position: [ 0.37613913 -1.30838168  0.84081435]
2026-01-20 11:24:00,042 - position: [ 0.37190211 -1.31024551  0.83695918]
2026-01-20 11:24:00,304 - position: [ 0.37509012 -1.31597543  0.8309505 ]
2026-01-20 11:24:00,539 - position: [ 0.38874757 -1.32212627  0.83205634]
2026-01-20 11:24:00,783 - position: [ 0.39208627 -1.31245935  0.8429091 ]
2026-01-20 11:24:01,043 - position: [ 0.39777797 -1.3189193   0.84383452]
2026-01-20 11:24:01,261 - position: [ 0.39968118 -1.32497871  0.84070134]
2026-01-20 11:24:01,542 - position: [ 0.39968118 -1.32497871  0.84070134]
2026-01-20 11:24:01,766 - position: [ 0.40414494 -1.34596407  0.83116251]
2026-01-20 11:24:01,980 - position: [ 0.40454221 -1.34462333  0.8307898 ]
2026-01-20 11:24:02,246 - position: [ 0.41096249 -1.35094941  0.82765138]
2026-01-20 11:24:02,475 - position: [ 0.40777278 -1.35611606  0.8267979 ]
2026-01-20 11:24:02,838 - position: [ 0.40941435 -1.35398734  0.82781255]
2026-01-20 11:24:03,080 - position: [ 0.41023755 -1.35626209  0.82730186]
2026-01-20 11:24:03,338 - position: [ 0.41271439 -1.35845888  0.82645035]
2026-01-20 11:24:03,569 - position: [ 0.41271439 -1.35845888  0.82645035]
2026-01-20 11:24:03,812 - position: [ 0.41511083 -1.35861981  0.82700634]
2026-01-20 11:24:04,043 - position: [ 0.4155418  -1.35885787  0.82743084]
2026-01-20 11:24:04,276 - position: [ 0.4166455 -1.3594563  0.8268826]
2026-01-20 11:24:04,505 - position: [ 0.41631052 -1.35990608  0.82722473]
2026-01-20 11:24:04,873 - position: [ 0.41704437 -1.36301589  0.82888287]
2026-01-20 11:24:05,144 - position: [ 0.41561872 -1.36205697  0.82894093]
2026-01-20 11:24:05,389 - position: [ 0.41526181 -1.36202598  0.828408  ]
2026-01-20 11:24:05,632 - position: [ 0.4141964  -1.36108208  0.82823944]
2026-01-20 11:24:05,856 - position: [ 0.41319135 -1.36095488  0.82829088]
2026-01-20 11:24:06,179 - position: [ 0.41305226 -1.35998011  0.82809168]
2026-01-20 11:24:06,518 - position: [ 0.41498899 -1.36071205  0.82808942]
2026-01-20 11:24:06,778 - position: [ 0.41757092 -1.36500716  0.82767022]
2026-01-20 11:24:07,048 - position: [ 0.41762877 -1.36505914  0.82777864]
2026-01-20 11:24:07,291 - position: [ 0.41708022 -1.36663342  0.82812953]
2026-01-20 11:24:07,518 - position: [ 0.41629297 -1.36661994  0.82809645]
2026-01-20 11:24:07,812 - position: [ 0.41510087 -1.36381924  0.82806045]
2026-01-20 11:24:08,033 - position: [ 0.41541189 -1.36392128  0.82815397]
2026-01-20 11:24:08,244 - position: [ 0.41571584 -1.36295986  0.82684964]
2026-01-20 11:24:08,497 - position: [ 0.41507745 -1.35918045  0.82692248]
2026-01-20 11:24:08,721 - position: [ 0.41583556 -1.35867333  0.82671016]
2026-01-20 11:24:08,953 - position: [ 0.41567475 -1.35888529  0.8267678 ]
2026-01-20 11:24:09,172 - position: [ 0.41625333 -1.35776675  0.82631719]
2026-01-20 11:24:09,390 - position: [ 0.41541323 -1.35591257  0.82658732]
2026-01-20 11:24:09,616 - position: [ 0.41486213 -1.3542918   0.8262468 ]
2026-01-20 11:24:09,836 - position: [ 0.41485852 -1.35184312  0.82574672]
2026-01-20 11:24:10,077 - position: [ 0.41618413 -1.35125494  0.82499379]
2026-01-20 11:24:10,291 - position: [ 0.41756538 -1.35553765  0.82417119]
2026-01-20 11:24:10,500 - position: [ 0.4178957  -1.35958731  0.82502973]
2026-01-20 11:24:10,727 - position: [ 0.41848508 -1.35896254  0.82502782]
2026-01-20 11:24:11,020 - position: [ 0.41848508 -1.35896254  0.82502782]
2026-01-20 11:24:11,233 - position: [ 0.41978204 -1.36461914  0.82592469]
2026-01-20 11:24:11,441 - position: [ 0.42005408 -1.36470163  0.82640028]
2026-01-20 11:24:11,679 - position: [ 0.41905722 -1.36549735  0.82637221]
2026-01-20 11:24:11,917 - position: [ 0.42503157 -1.33616614  0.83248878]
2026-01-20 11:24:12,154 - position: [ 0.50931835 -1.14138937  0.97238618]
2026-01-20 11:24:12,371 - position: [ 0.59204984 -1.08151996  1.6956985 ]
2026-01-20 11:24:12,591 - position: [ 0.48280978 -1.30239367  1.87773204]
2026-01-20 11:24:12,852 - position: [ 0.47747368 -1.30896866  1.87902379]
2026-01-20 11:24:13,063 - position: [ 0.46285316 -1.30852985  1.87207568]
2026-01-20 11:24:13,291 - position: [ 0.46225709 -1.30843437  1.87106907]
2026-01-20 11:24:13,559 - position: [ 0.46279979 -1.30505025  1.86939073]
2026-01-20 11:24:13,765 - position: [ 0.51251626 -1.03801942  1.4043206 ]
2026-01-20 11:24:13,980 - position: [ 0.44519371 -1.14031923  0.98003733]
2026-01-20 11:24:14,302 - position: [ 0.38510343 -1.31706488  0.85330218]
2026-01-20 11:24:14,508 - position: [ 0.38741386 -1.3212049   0.84885001]
2026-01-20 11:24:14,779 - position: [ 0.39477533 -1.32665741  0.84397113]
2026-01-20 11:24:15,024 - position: [ 0.39906794 -1.32896185  0.84257531]
2026-01-20 11:24:15,291 - position: [ 0.41396677 -1.3340131   0.84077567]
2026-01-20 11:24:15,532 - position: [ 0.41560787 -1.33843327  0.83954215]
2026-01-20 11:24:15,803 - position: [ 0.41420719 -1.33902872  0.83956623]
2026-01-20 11:24:16,113 - position: [ 0.4142774  -1.33694243  0.83955365]
2026-01-20 11:24:16,495 - position: [ 0.41159552 -1.33326745  0.84186614]
2026-01-20 11:24:16,716 - position: [ 0.40791318 -1.33373308  0.84073037]
2026-01-20 11:24:16,997 - position: [ 0.40791318 -1.33373308  0.84073037]
2026-01-20 11:24:17,285 - position: [ 0.40460548 -1.33263123  0.83843905]
2026-01-20 11:24:17,514 - position: [ 0.40513527 -1.33265817  0.83578533]
2026-01-20 11:24:17,776 - position: [ 0.40539646 -1.33746302  0.83289444]
2026-01-20 11:24:18,026 - position: [ 0.40065446 -1.33667338  0.83476835]
2026-01-20 11:24:18,276 - position: [ 0.39600667 -1.34002328  0.8329879 ]
2026-01-20 11:24:18,564 - position: [ 0.39127177 -1.33715451  0.83419615]
2026-01-20 11:24:18,803 - position: [ 0.39856875 -1.34628892  0.83298212]
2026-01-20 11:24:19,022 - position: [ 0.40117237 -1.3529098   0.83115143]
2026-01-20 11:24:19,232 - position: [ 0.4015587  -1.35468709  0.83119935]
2026-01-20 11:24:19,464 - position: [ 0.40465996 -1.3526907   0.83292466]
2026-01-20 11:24:19,695 - position: [ 0.40495947 -1.35224581  0.83295214]
2026-01-20 11:24:19,912 - position: [ 0.40622485 -1.35134804  0.833664  ]
2026-01-20 11:24:20,156 - position: [ 0.40591714 -1.35121417  0.83302873]
2026-01-20 11:24:20,380 - position: [ 0.40638366 -1.34857047  0.83233273]
2026-01-20 11:24:20,647 - position: [ 0.40727681 -1.34957612  0.83163428]
2026-01-20 11:24:20,872 - position: [ 0.40865698 -1.35244679  0.8312459 ]
2026-01-20 11:24:21,093 - position: [ 0.40862051 -1.35334933  0.83149207]
2026-01-20 11:24:21,332 - position: [ 0.40868002 -1.35373354  0.83164436]
2026-01-20 11:24:21,572 - position: [ 0.40858832 -1.35604715  0.83160335]
2026-01-20 11:24:21,816 - position: [ 0.40863103 -1.35708213  0.83154696]
2026-01-20 11:24:22,037 - position: [ 0.4086085  -1.35715449  0.83163166]
2026-01-20 11:24:22,262 - position: [ 0.4085488  -1.35719991  0.83179897]
2026-01-20 11:24:22,530 - position: [ 0.40853605 -1.35691726  0.83226472]
2026-01-20 11:24:22,736 - position: [ 0.40808415 -1.35588968  0.8328191 ]
2026-01-20 11:24:22,977 - position: [ 0.4083505  -1.35737717  0.83268487]
2026-01-20 11:24:23,193 - position: [ 0.40655643 -1.35693824  0.83222282]
2026-01-20 11:24:23,459 - position: [ 0.40684634 -1.35640824  0.83278811]
2026-01-20 11:24:23,741 - position: [ 0.40750226 -1.35601485  0.83362538]
2026-01-20 11:24:23,969 - position: [ 0.40778065 -1.35335159  0.8334834 ]
2026-01-20 11:24:24,211 - position: [ 0.40738183 -1.34925735  0.83490199]
2026-01-20 11:24:24,485 - position: [ 0.40495372 -1.3412255   0.83627325]
2026-01-20 11:24:24,754 - position: [ 0.4040401  -1.33714032  0.83620852]
2026-01-20 11:24:25,027 - position: [ 0.40304992 -1.33738041  0.83568007]
2026-01-20 11:24:25,254 - position: [ 0.40205219 -1.33777809  0.83642751]
2026-01-20 11:24:25,473 - position: [ 0.39658821 -1.34149778  0.82982218]
2026-01-20 11:24:25,709 - position: [ 0.39796591 -1.34597349  0.82954252]
2026-01-20 11:24:25,947 - position: [ 0.39865449 -1.34676957  0.82990283]
2026-01-20 11:24:26,242 - position: [ 0.40063879 -1.34734404  0.82582843]
2026-01-20 11:24:26,481 - position: [ 0.39818051 -1.34620464  0.82516074]
2026-01-20 11:24:26,730 - position: [ 0.39614519 -1.34415233  0.82724112]
2026-01-20 11:24:26,969 - position: [ 0.39940882 -1.34980953  0.82737023]
2026-01-20 11:24:27,193 - position: [ 0.40248767 -1.3595469   0.82581216]
2026-01-20 11:24:27,457 - position: [ 0.40044078 -1.35987997  0.82800722]
2026-01-20 11:24:27,688 - position: [ 0.40167642 -1.36163139  0.82914859]
2026-01-20 11:24:27,935 - position: [ 0.40047681 -1.36192751  0.83037984]
2026-01-20 11:24:28,158 - position: [ 0.40007991 -1.36051583  0.82969666]
2026-01-20 11:24:28,398 - position: [ 0.40108007 -1.36186314  0.82687891]
2026-01-20 11:24:28,637 - position: [ 0.39675549 -1.35471976  0.82805479]
2026-01-20 11:24:28,854 - position: [ 0.39639375 -1.35080421  0.8290959 ]
2026-01-20 11:24:29,077 - position: [ 0.3998847  -1.35688937  0.82872891]
2026-01-20 11:24:29,349 - position: [ 0.40120181 -1.35801828  0.82831496]
2026-01-20 11:24:29,601 - position: [ 0.4009929  -1.35808682  0.82845861]
2026-01-20 11:24:29,843 - position: [ 0.40074784 -1.35681057  0.82864946]
2026-01-20 11:24:30,119 - position: [ 0.40188813 -1.35710752  0.82939863]
2026-01-20 11:24:30,417 - position: [ 0.40232041 -1.35603714  0.82956821]
2026-01-20 11:24:30,712 - position: [ 0.40285137 -1.35551977  0.82902837]
2026-01-20 11:24:30,924 - position: [ 0.40286022 -1.35508847  0.82907593]
2026-01-20 11:24:31,141 - position: [ 0.40290642 -1.35491979  0.82909393]
2026-01-20 11:24:31,396 - position: [ 0.40296853 -1.35388327  0.82881325]
2026-01-20 11:24:31,656 - position: [ 0.40296853 -1.35388327  0.82881325]
2026-01-20 11:24:31,883 - position: [ 0.40296853 -1.35388327  0.82881325]
2026-01-20 11:24:32,130 - position: [ 0.40254161 -1.35008717  0.82752091]
2026-01-20 11:24:32,358 - position: [ 0.4024322  -1.349823    0.82742453]
2026-01-20 11:24:32,592 - position: [ 0.40181625 -1.34879017  0.82755262]
2026-01-20 11:24:32,896 - position: [ 0.40085927 -1.34826577  0.82777697]
2026-01-20 11:24:33,122 - position: [ 0.40024373 -1.34829485  0.82811433]
2026-01-20 11:24:33,347 - position: [ 0.39998847 -1.34804893  0.82829392]
2026-01-20 11:24:33,611 - position: [ 0.40036723 -1.3479414   0.82840234]
2026-01-20 11:24:33,822 - position: [ 0.40090403 -1.34887767  0.82806629]
2026-01-20 11:24:34,081 - position: [ 0.40097928 -1.34909725  0.82810682]
2026-01-20 11:24:34,351 - position: [ 0.40108514 -1.34762406  0.8272537 ]
2026-01-20 11:24:34,695 - position: [ 0.4010742  -1.34785783  0.82764047]
2026-01-20 11:24:34,932 - position: [ 0.40078968 -1.34616327  0.828044  ]
2026-01-20 11:24:35,182 - position: [ 0.40063545 -1.34517801  0.82826072]
2026-01-20 11:24:35,425 - position: [ 0.40182206 -1.34437692  0.82867843]
2026-01-20 11:24:35,646 - position: [ 0.40183163 -1.34327292  0.82872343]
2026-01-20 11:24:35,862 - position: [ 0.40165779 -1.34251857  0.82818681]
2026-01-20 11:24:36,079 - position: [ 0.40104145 -1.34273565  0.82851797]
2026-01-20 11:24:36,303 - position: [ 0.3974894  -1.34514236  0.82814223]
2026-01-20 11:24:36,614 - position: [ 0.3987484  -1.34802794  0.82846218]
2026-01-20 11:24:36,868 - position: [ 0.39899719 -1.34269452  0.82967943]
2026-01-20 11:24:37,210 - position: [ 0.3986963  -1.34097552  0.83007866]
2026-01-20 11:24:37,463 - position: [ 0.39907768 -1.33965647  0.82947004]
2026-01-20 11:24:37,696 - position: [ 0.400273   -1.33812082  0.82934594]
2026-01-20 11:24:37,918 - position: [ 0.40038258 -1.33790851  0.82913166]
2026-01-20 11:24:38,247 - position: [ 0.40051872 -1.33870566  0.82927084]
2026-01-20 11:24:38,487 - position: [ 0.40045089 -1.33921182  0.82920837]
2026-01-20 11:24:38,769 - position: [ 0.4000937  -1.3388989   0.82913548]
2026-01-20 11:24:38,998 - position: [ 0.39955398 -1.33796167  0.82927358]
2026-01-20 11:24:39,295 - position: [ 0.39924979 -1.33786762  0.82931966]
2026-01-20 11:24:39,567 - position: [ 0.39812097 -1.33687878  0.82953346]
2026-01-20 11:24:39,807 - position: [ 0.39759597 -1.33568537  0.83070666]
2026-01-20 11:24:40,085 - position: [ 0.3968488  -1.33615839  0.83040184]
2026-01-20 11:24:40,321 - position: [ 0.39675581 -1.33629227  0.83032662]
2026-01-20 11:24:40,557 - position: [ 0.39691681 -1.33718872  0.82997346]
2026-01-20 11:24:40,823 - position: [ 0.39693698 -1.34148121  0.82998967]
2026-01-20 11:24:41,085 - position: [ 0.39849925 -1.3560077   0.83032888]
2026-01-20 11:24:41,318 - position: [ 0.39887077 -1.36586988  0.8289482 ]
2026-01-20 11:24:41,571 - position: [ 0.39931023 -1.36674297  0.82840502]
2026-01-20 11:24:41,795 - position: [ 0.39907271 -1.36699247  0.82881814]
2026-01-20 11:24:42,066 - position: [ 0.39907271 -1.36699247  0.82881814]
2026-01-20 11:24:42,342 - position: [ 0.39941153 -1.37168276  0.82913512]
2026-01-20 11:24:42,578 - position: [ 0.39914671 -1.36974967  0.8288939 ]
2026-01-20 11:24:42,850 - position: [ 0.39839631 -1.36844242  0.82849658]
2026-01-20 11:24:43,166 - position: [ 0.39835536 -1.36942482  0.82861531]
2026-01-20 11:24:43,392 - position: [ 0.39825681 -1.36874509  0.82850528]
2026-01-20 11:24:43,703 - position: [ 0.39858177 -1.36899209  0.82810861]
2026-01-20 11:24:43,970 - position: [ 0.39934903 -1.36961913  0.82792252]
2026-01-20 11:24:44,233 - position: [ 0.39996356 -1.3692925   0.82765704]
2026-01-20 11:24:44,495 - position: [ 0.39996356 -1.3692925   0.82765704]
2026-01-20 11:24:44,709 - position: [ 0.40130174 -1.36899972  0.82816142]
2026-01-20 11:24:44,974 - position: [ 0.40188923 -1.36775506  0.82855445]
2026-01-20 11:24:45,192 - position: [ 0.40258244 -1.36633611  0.82828951]
2026-01-20 11:24:45,464 - position: [ 0.40290803 -1.36564481  0.82898015]
2026-01-20 11:24:45,705 - position: [ 0.40179005 -1.36437452  0.82959288]
2026-01-20 11:24:45,928 - position: [ 0.40163445 -1.36428916  0.82949549]
2026-01-20 11:24:46,147 - position: [ 0.40112123 -1.36380076  0.8293463 ]
2026-01-20 11:24:46,402 - position: [ 0.39997318 -1.36250329  0.82897627]
2026-01-20 11:24:46,609 - position: [ 0.39983562 -1.36075485  0.82866728]
2026-01-20 11:24:46,844 - position: [ 0.39992762 -1.35976112  0.82856208]
2026-01-20 11:24:47,064 - position: [ 0.40000668 -1.35790253  0.82804787]
2026-01-20 11:24:47,307 - position: [ 0.3998445  -1.35752201  0.82858962]
2026-01-20 11:24:47,536 - position: [ 0.39983839 -1.35757542  0.82861954]
2026-01-20 11:24:47,753 - position: [ 0.39979878 -1.35930109  0.8289808 ]
2026-01-20 11:24:47,991 - position: [ 0.39821979 -1.35792768  0.8289842 ]
2026-01-20 11:24:48,225 - position: [ 0.39780629 -1.35691679  0.82929933]
2026-01-20 11:24:48,528 - position: [ 0.39836934 -1.35813546  0.82938617]
2026-01-20 11:24:48,802 - position: [ 0.39871708 -1.35968518  0.82988578]
2026-01-20 11:24:49,035 - position: [ 0.39897424 -1.35806787  0.83011228]
2026-01-20 11:24:49,272 - position: [ 0.40943301 -1.33436608  0.83567739]
2026-01-20 11:24:49,527 - position: [ 0.412563   -1.32581604  0.83836526]
2026-01-20 11:24:49,815 - position: [ 0.57065117 -1.07954216  1.63453901]
2026-01-20 11:24:50,033 - position: [ 0.56575406 -1.09507203  1.6675123 ]
2026-01-20 11:24:50,265 - position: [ 0.56575406 -1.09507203  1.6675123 ]
2026-01-20 11:24:50,585 - position: [ 0.48040706 -1.31272745  1.93535066]
2026-01-20 11:24:50,813 - position: [ 0.46803525 -1.33502972  1.94850945]
2026-01-20 11:24:51,139 - position: [ 0.46884555 -1.32349944  1.94957232]
2026-01-20 11:24:51,353 - position: [ 0.48609179 -1.24454296  1.89708602]
2026-01-20 11:24:51,588 - position: [ 0.5413515  -1.05592859  1.60414732]
2026-01-20 11:24:51,807 - position: [ 0.55245584 -1.01334858  1.3706522 ]
2026-01-20 11:24:52,034 - position: [ 0.53632599 -1.02625692  1.22072983]
2026-01-20 11:24:52,336 - position: [ 0.41237983 -1.31268227  0.8388201 ]
2026-01-20 11:24:52,616 - position: [ 0.41459522 -1.34421277  0.83176333]
2026-01-20 11:24:52,874 - position: [ 0.41431615 -1.33822691  0.8339746 ]
2026-01-20 11:24:53,170 - position: [ 0.41281193 -1.33092296  0.83606327]
2026-01-20 11:24:53,430 - position: [ 0.40698627 -1.32174575  0.83757645]
2026-01-20 11:24:53,680 - position: [ 0.41002297 -1.32650936  0.83677357]
2026-01-20 11:24:53,899 - position: [ 0.41076842 -1.32772076  0.83728164]
2026-01-20 11:24:54,219 - position: [ 0.41033524 -1.32769108  0.83731431]
2026-01-20 11:24:54,429 - position: [ 0.40829179 -1.32729495  0.83690995]
2026-01-20 11:24:54,656 - position: [ 0.40376833 -1.33053505  0.83712691]
2026-01-20 11:24:54,900 - position: [ 0.40457031 -1.33392465  0.83508688]
2026-01-20 11:24:55,151 - position: [ 0.40446171 -1.33926713  0.83500695]
2026-01-20 11:24:55,411 - position: [ 0.4037466  -1.34146988  0.83481729]
2026-01-20 11:24:55,645 - position: [ 0.40279913 -1.34284866  0.83574516]
2026-01-20 11:24:55,871 - position: [ 0.40259221 -1.34323072  0.83610475]
2026-01-20 11:24:56,157 - position: [ 0.40236035 -1.34484148  0.83660579]
2026-01-20 11:24:56,367 - position: [ 0.39971772 -1.34687471  0.83533829]
2026-01-20 11:24:56,570 - position: [ 0.39976084 -1.34645009  0.8354519 ]
2026-01-20 11:24:56,805 - position: [ 0.399609   -1.34813416  0.83412814]
2026-01-20 11:24:57,057 - position: [ 0.39986572 -1.34830678  0.83407724]
2026-01-20 11:24:57,292 - position: [ 0.40016386 -1.35118902  0.83398807]
2026-01-20 11:24:57,529 - position: [ 0.40021199 -1.35034537  0.83434224]
2026-01-20 11:24:57,784 - position: [ 0.40071148 -1.34941208  0.83501869]
2026-01-20 11:24:58,006 - position: [ 0.4011201  -1.34951305  0.83568895]
2026-01-20 11:24:58,265 - position: [ 0.40137982 -1.34959781  0.83551019]
2026-01-20 11:24:58,510 - position: [ 0.40053228 -1.3505255   0.8351593 ]
2026-01-20 11:24:58,747 - position: [ 0.40119594 -1.34718478  0.83450639]
2026-01-20 11:24:59,015 - position: [ 0.40155208 -1.34472382  0.83369476]
2026-01-20 11:24:59,245 - position: [ 0.40120512 -1.34167075  0.833152  ]
2026-01-20 11:24:59,514 - position: [ 0.40154845 -1.33981514  0.83280909]
2026-01-20 11:24:59,798 - position: [ 0.40137312 -1.3388654   0.83251774]
2026-01-20 11:25:00,002 - position: [ 0.40139762 -1.33853054  0.83235848]
2026-01-20 11:25:00,291 - position: [ 0.40186238 -1.33712912  0.83216816]
2026-01-20 11:25:00,511 - position: [ 0.40178359 -1.33617675  0.83215201]
2026-01-20 11:25:00,729 - position: [ 0.40198341 -1.33502996  0.83213347]
2026-01-20 11:25:00,954 - position: [ 0.40216452 -1.33480072  0.83240449]
2026-01-20 11:25:01,204 - position: [ 0.40295738 -1.33459342  0.8326245 ]
2026-01-20 11:25:01,417 - position: [ 0.40479663 -1.33345187  0.83293474]
2026-01-20 11:25:01,683 - position: [ 0.40591437 -1.33130717  0.83337146]
2026-01-20 11:25:01,897 - position: [ 0.40557349 -1.33223283  0.83334893]
2026-01-20 11:25:02,134 - position: [ 0.4054116  -1.33232129  0.83270848]
2026-01-20 11:25:02,463 - position: [ 0.40515345 -1.33390379  0.83312213]
2026-01-20 11:25:02,725 - position: [ 0.40403447 -1.3390193   0.8332088 ]
2026-01-20 11:25:02,955 - position: [ 0.40424612 -1.33990026  0.83366829]
2026-01-20 11:25:03,180 - position: [ 0.40424612 -1.33990026  0.83366829]
2026-01-20 11:25:03,403 - position: [ 0.40282422 -1.34177101  0.83509797]
2026-01-20 11:25:03,691 - position: [ 0.4015297  -1.34558976  0.8352837 ]
2026-01-20 11:25:03,909 - position: [ 0.3994793  -1.35236895  0.83579797]
2026-01-20 11:25:04,165 - position: [ 0.40154016 -1.35723829  0.8349269 ]
2026-01-20 11:25:04,446 - position: [ 0.40126055 -1.35684931  0.83319443]
2026-01-20 11:25:04,660 - position: [ 0.40126055 -1.35684931  0.83319443]
2026-01-20 11:25:04,888 - position: [ 0.40126055 -1.35684931  0.83319443]
2026-01-20 11:25:05,128 - position: [ 0.4022145  -1.35171402  0.83332682]
2026-01-20 11:25:05,349 - position: [ 0.4029443  -1.34746778  0.83278859]
2026-01-20 11:25:05,592 - position: [ 0.40426058 -1.34596372  0.83222711]
2026-01-20 11:25:05,821 - position: [ 0.40421984 -1.34752178  0.83147037]
2026-01-20 11:25:06,068 - position: [ 0.40279225 -1.34988558  0.83073378]
2026-01-20 11:25:06,282 - position: [ 0.40081719 -1.35094047  0.83049124]
2026-01-20 11:25:06,509 - position: [ 0.39953721 -1.35071611  0.83073902]
2026-01-20 11:25:06,809 - position: [ 0.40021718 -1.35490537  0.83063507]
2026-01-20 11:25:07,062 - position: [ 0.39997223 -1.35657835  0.83060658]
2026-01-20 11:25:07,315 - position: [ 0.39974594 -1.35556078  0.83067131]
2026-01-20 11:25:07,517 - position: [ 0.39988604 -1.35445714  0.83116019]
2026-01-20 11:25:07,758 - position: [ 0.39988604 -1.35445714  0.83116019]
2026-01-20 11:25:08,007 - position: [ 0.4002856  -1.35357296  0.8313508 ]
2026-01-20 11:25:08,261 - position: [ 0.40049186 -1.35450745  0.83078957]
2026-01-20 11:25:08,487 - position: [ 0.39974684 -1.35434377  0.83106178]
2026-01-20 11:25:08,772 - position: [ 0.39983734 -1.35372353  0.83120012]
2026-01-20 11:25:09,085 - position: [ 0.40074879 -1.34982634  0.83129656]
2026-01-20 11:25:09,340 - position: [ 0.40046248 -1.35004604  0.83134192]
2026-01-20 11:25:09,577 - position: [ 0.39986509 -1.35264075  0.83103192]
2026-01-20 11:25:09,809 - position: [ 0.39962894 -1.35251522  0.83127922]
2026-01-20 11:25:10,071 - position: [ 0.39812633 -1.35221601  0.83176798]
2026-01-20 11:25:10,332 - position: [ 0.3987259  -1.35174656  0.83144909]
2026-01-20 11:25:10,575 - position: [ 0.3984561  -1.34928215  0.83124012]
2026-01-20 11:25:10,785 - position: [ 0.39849693 -1.34942544  0.83118308]
2026-01-20 11:25:11,067 - position: [ 0.39824167 -1.3510803   0.83098865]
2026-01-20 11:25:11,296 - position: [ 0.39881214 -1.34982324  0.83023363]
2026-01-20 11:25:11,530 - position: [ 0.39802805 -1.34931719  0.83017534]
2026-01-20 11:25:11,751 - position: [ 0.39867732 -1.34814715  0.82984364]
2026-01-20 11:25:12,012 - position: [ 0.40688089 -1.35092688  0.8285082 ]
2026-01-20 11:25:12,222 - position: [ 0.41264805 -1.35359991  0.82818043]
2026-01-20 11:25:12,435 - position: [ 0.41700578 -1.35495448  0.82813901]
2026-01-20 11:25:12,643 - position: [ 0.41458789 -1.35557663  0.8278057 ]
2026-01-20 11:25:12,945 - position: [ 0.40601936 -1.35366523  0.8297689 ]
2026-01-20 11:25:13,230 - position: [ 0.40434897 -1.34372902  0.83233249]
2026-01-20 11:25:13,480 - position: [ 0.40325272 -1.33519542  0.83281147]
2026-01-20 11:25:13,715 - position: [ 0.39437416 -1.33326232  0.84275395]
2026-01-20 11:25:13,955 - position: [ 0.39433423 -1.33359027  0.84530854]
2026-01-20 11:25:14,231 - position: [ 0.39695087 -1.33591938  0.84802556]
2026-01-20 11:25:14,457 - position: [ 0.39579588 -1.34109676  0.84402806]
2026-01-20 11:25:14,672 - position: [ 0.39643455 -1.33997202  0.84244931]
2026-01-20 11:25:14,908 - position: [ 0.39642093 -1.3398931   0.84195101]
2026-01-20 11:25:15,138 - position: [ 0.39298758 -1.34056866  0.8358174 ]
2026-01-20 11:25:15,373 - position: [ 0.40062797 -1.34648514  0.83263868]
2026-01-20 11:25:15,592 - position: [ 0.40033099 -1.34659553  0.83187145]
2026-01-20 11:25:15,876 - position: [ 0.39942864 -1.34574139  0.83020627]
2026-01-20 11:25:16,109 - position: [ 0.39982516 -1.3474673   0.82886869]
2026-01-20 11:25:16,379 - position: [ 0.39950883 -1.34844291  0.82854646]
2026-01-20 11:25:16,604 - position: [ 0.39913866 -1.34807861  0.82852173]
2026-01-20 11:25:16,849 - position: [ 0.39904374 -1.34879363  0.82890016]
2026-01-20 11:25:17,097 - position: [ 0.39978793 -1.35154212  0.82931417]
2026-01-20 11:25:17,378 - position: [ 0.39999497 -1.35393679  0.83002341]
2026-01-20 11:25:17,597 - position: [ 0.40175277 -1.35529566  0.83004814]
2026-01-20 11:25:17,814 - position: [ 0.40215653 -1.35621035  0.83012515]
2026-01-20 11:25:18,041 - position: [ 0.40226072 -1.3569746   0.83016795]
2026-01-20 11:25:18,269 - position: [ 0.40173265 -1.35787117  0.8298378 ]
2026-01-20 11:25:18,499 - position: [ 0.401784   -1.35772908  0.82987815]
2026-01-20 11:25:18,741 - position: [ 0.40214217 -1.35870945  0.82985723]
2026-01-20 11:25:18,962 - position: [ 0.40317303 -1.3603332   0.82956266]
2026-01-20 11:25:19,208 - position: [ 0.40356585 -1.36110163  0.8294093 ]
2026-01-20 11:25:19,452 - position: [ 0.40353256 -1.36088884  0.82921588]
2026-01-20 11:25:19,770 - position: [ 0.40355605 -1.36087942  0.82906395]
2026-01-20 11:25:20,019 - position: [ 0.40288553 -1.35577726  0.82780808]
2026-01-20 11:25:20,238 - position: [ 0.40119004 -1.35380948  0.82779652]
2026-01-20 11:25:20,513 - position: [ 0.40140611 -1.35185814  0.82754147]
2026-01-20 11:25:20,740 - position: [ 0.40094066 -1.34648204  0.82693851]
2026-01-20 11:25:21,027 - position: [ 0.4004662  -1.34275699  0.82650214]
2026-01-20 11:25:21,277 - position: [ 0.4004662  -1.34275699  0.82650214]
2026-01-20 11:25:21,627 - position: [ 0.40185663 -1.34134173  0.82600439]
2026-01-20 11:25:21,900 - position: [ 0.40055165 -1.34116757  0.82732987]
2026-01-20 11:25:22,126 - position: [ 0.40024006 -1.34160984  0.82804865]
2026-01-20 11:25:22,359 - position: [ 0.40054008 -1.34150147  0.82781315]
2026-01-20 11:25:22,608 - position: [ 0.40115514 -1.33931267  0.8294459 ]
2026-01-20 11:25:22,848 - position: [ 0.40162131 -1.33798254  0.82927924]
2026-01-20 11:25:23,106 - position: [ 0.40162131 -1.33798254  0.82927924]
2026-01-20 11:25:23,354 - position: [ 0.40074262 -1.33955729  0.82892913]
2026-01-20 11:25:23,665 - position: [ 0.39915892 -1.34087384  0.82923675]
2026-01-20 11:25:23,897 - position: [ 0.39796135 -1.34626794  0.82875097]
2026-01-20 11:25:24,144 - position: [ 0.39736718 -1.34815347  0.82830322]
2026-01-20 11:25:24,382 - position: [ 0.39575103 -1.34410679  0.82825798]
2026-01-20 11:25:24,615 - position: [ 0.39590925 -1.3440274   0.828116  ]
2026-01-20 11:25:24,848 - position: [ 0.3951492  -1.34705222  0.82804883]
2026-01-20 11:25:25,080 - position: [ 0.39401901 -1.34720218  0.82811093]
2026-01-20 11:25:25,306 - position: [ 0.40220475 -1.31540024  0.83811897]
2026-01-20 11:25:25,583 - position: [ 0.55847228 -1.05106187  1.30623877]
2026-01-20 11:25:25,832 - position: [ 0.52204108 -1.20612442  1.7647146 ]
2026-01-20 11:25:26,118 - position: [ 0.49839407 -1.2634244   1.80841625]
2026-01-20 11:25:26,371 - position: [ 0.46850231 -1.32088637  1.83438981]
2026-01-20 11:25:26,606 - position: [ 0.47131234 -1.3123312   1.83317947]
2026-01-20 11:25:26,838 - position: [ 0.47084266 -1.30772865  1.83348072]
2026-01-20 11:25:27,100 - position: [ 0.47084266 -1.30772865  1.83348072]
2026-01-20 11:25:27,347 - position: [ 0.47084266 -1.30772865  1.83348072]
2026-01-20 11:25:27,554 - position: [ 0.47084266 -1.30772865  1.83348072]
2026-01-20 11:25:27,799 - position: [ 0.46175829 -1.13974249  0.95383763]
2026-01-20 11:25:28,048 - position: [ 0.37675372 -1.28288126  0.85802537]
2026-01-20 11:25:28,323 - position: [ 0.3740862  -1.3095386   0.85087645]
2026-01-20 11:25:28,543 - position: [ 0.37854519 -1.31139112  0.84904552]
2026-01-20 11:25:28,756 - position: [ 0.39506564 -1.33675361  0.83672273]
2026-01-20 11:25:28,997 - position: [ 0.39381033 -1.33695018  0.83731323]
2026-01-20 11:25:29,212 - position: [ 0.39375806 -1.33842969  0.83707303]
2026-01-20 11:25:29,525 - position: [ 0.39521015 -1.35121524  0.83547586]
2026-01-20 11:25:29,785 - position: [ 0.39438006 -1.35016489  0.83508265]
2026-01-20 11:25:30,019 - position: [ 0.3939707  -1.34735513  0.83585095]
2026-01-20 11:25:30,241 - position: [ 0.39368844 -1.34569371  0.83569753]
2026-01-20 11:25:30,477 - position: [ 0.39359978 -1.3455652   0.83547193]
2026-01-20 11:25:30,709 - position: [ 0.39199042 -1.34453046  0.83453417]
2026-01-20 11:25:30,944 - position: [ 0.39149475 -1.34439027  0.83432138]
2026-01-20 11:25:31,189 - position: [ 0.39514625 -1.33705997  0.83335608]
2026-01-20 11:25:31,407 - position: [ 0.39530057 -1.33687401  0.83341837]
2026-01-20 11:25:31,665 - position: [ 0.39999622 -1.33827686  0.83415532]
2026-01-20 11:25:31,923 - position: [ 0.40014392 -1.33722019  0.83284479]
2026-01-20 11:25:32,154 - position: [ 0.40139884 -1.33732736  0.832111  ]
2026-01-20 11:25:32,397 - position: [ 0.40198857 -1.33846819  0.8314206 ]
2026-01-20 11:25:32,620 - position: [ 0.40068945 -1.33849776  0.83046001]
2026-01-20 11:25:32,866 - position: [ 0.40070671 -1.33867264  0.82984203]
2026-01-20 11:25:33,100 - position: [ 0.40052283 -1.33662748  0.82979196]
2026-01-20 11:25:33,347 - position: [ 0.40017655 -1.33606422  0.82970488]
2026-01-20 11:25:33,578 - position: [ 0.40015382 -1.33511794  0.82944143]
2026-01-20 11:25:33,805 - position: [ 0.39993939 -1.33428299  0.82929546]
2026-01-20 11:25:34,046 - position: [ 0.39903966 -1.33256793  0.82987946]
2026-01-20 11:25:34,283 - position: [ 0.3987954  -1.33072019  0.82923609]
2026-01-20 11:25:34,520 - position: [ 0.39794609 -1.32851028  0.82984978]
2026-01-20 11:25:34,797 - position: [ 0.39735401 -1.32681251  0.82908654]
2026-01-20 11:25:35,088 - position: [ 0.39862218 -1.32879293  0.82854021]
2026-01-20 11:25:35,447 - position: [ 0.39963514 -1.33106422  0.82794297]
2026-01-20 11:25:35,692 - position: [ 0.39932883 -1.3323611   0.82747352]
2026-01-20 11:25:35,925 - position: [ 0.39946538 -1.33541322  0.82735789]
2026-01-20 11:25:36,204 - position: [ 0.4010756  -1.33535147  0.82777357]
2026-01-20 11:25:36,500 - position: [ 0.4010306  -1.33528841  0.82774884]
2026-01-20 11:25:36,742 - position: [ 0.40162715 -1.33435726  0.82754558]
2026-01-20 11:25:36,986 - position: [ 0.40189764 -1.33358681  0.82701552]
2026-01-20 11:25:37,224 - position: [ 0.40189764 -1.33358681  0.82701552]
2026-01-20 11:25:37,436 - position: [ 0.4023039  -1.33315384  0.82699293]
2026-01-20 11:25:37,667 - position: [ 0.40221271 -1.33025146  0.82671607]
2026-01-20 11:25:37,919 - position: [ 0.40230757 -1.32975626  0.82688636]
2026-01-20 11:25:38,134 - position: [ 0.40295967 -1.33092058  0.82715166]
2026-01-20 11:25:38,374 - position: [ 0.40229315 -1.3319521   0.82720381]
2026-01-20 11:25:38,633 - position: [ 0.40305367 -1.33343709  0.82714599]
2026-01-20 11:25:38,845 - position: [ 0.40225902 -1.33372617  0.82743049]
2026-01-20 11:25:39,091 - position: [ 0.40128911 -1.33310056  0.82769907]
2026-01-20 11:25:39,333 - position: [ 0.40117097 -1.33321583  0.82776982]
2026-01-20 11:25:39,565 - position: [ 0.40122142 -1.33346796  0.82944804]
2026-01-20 11:25:39,820 - position: [ 0.40163472 -1.33281672  0.82982028]
2026-01-20 11:25:40,077 - position: [ 0.40199271 -1.33272171  0.82924771]
2026-01-20 11:25:40,310 - position: [ 0.40299991 -1.33169353  0.82880443]
2026-01-20 11:25:40,546 - position: [ 0.4028855  -1.33204806  0.82850182]
2026-01-20 11:25:40,763 - position: [ 0.40208977 -1.33145368  0.82817483]
2026-01-20 11:25:41,020 - position: [ 0.40172699 -1.33114576  0.8285802 ]
2026-01-20 11:25:41,357 - position: [ 0.40163934 -1.33127606  0.82889479]
2026-01-20 11:25:41,596 - position: [ 0.40124497 -1.33111036  0.82920402]
2026-01-20 11:25:41,830 - position: [ 0.40138772 -1.33108866  0.82935554]
2026-01-20 11:25:42,073 - position: [ 0.40138772 -1.33108866  0.82935554]
2026-01-20 11:25:42,300 - position: [ 0.40106213 -1.3310132   0.82943636]
2026-01-20 11:25:42,501 - position: [ 0.40086454 -1.32969272  0.8297689 ]
2026-01-20 11:25:42,733 - position: [ 0.40065977 -1.33103669  0.82913673]
2026-01-20 11:25:42,951 - position: [ 0.40036243 -1.33046222  0.82910639]
2026-01-20 11:25:43,184 - position: [ 0.39967752 -1.32663739  0.82970703]
2026-01-20 11:25:43,408 - position: [ 0.39909858 -1.3247906   0.83027142]
2026-01-20 11:25:43,726 - position: [ 0.39831707 -1.32522428  0.82984638]
2026-01-20 11:25:43,999 - position: [ 0.39682516 -1.32560992  0.82937932]
2026-01-20 11:25:44,223 - position: [ 0.39677918 -1.32598805  0.82918406]
2026-01-20 11:25:44,436 - position: [ 0.39670372 -1.32812095  0.82852644]
2026-01-20 11:25:44,666 - position: [ 0.39886433 -1.33231175  0.82934844]
2026-01-20 11:25:44,919 - position: [ 0.40093392 -1.34250629  0.830226  ]
2026-01-20 11:25:45,159 - position: [ 0.40086231 -1.34351015  0.83020782]
2026-01-20 11:25:45,403 - position: [ 0.39803022 -1.34469819  0.83062059]
2026-01-20 11:25:45,624 - position: [ 0.39760643 -1.3436228   0.83086532]
2026-01-20 11:25:45,882 - position: [ 0.39682281 -1.34373736  0.83102047]
2026-01-20 11:25:46,161 - position: [ 0.39646199 -1.34153855  0.8311336 ]
2026-01-20 11:25:46,386 - position: [ 0.39599645 -1.34124351  0.83134133]
2026-01-20 11:25:46,635 - position: [ 0.39598373 -1.34166157  0.83133709]
2026-01-20 11:25:46,961 - position: [ 0.39569178 -1.34734106  0.83208936]
2026-01-20 11:25:47,208 - position: [ 0.39727557 -1.35081422  0.83198035]
2026-01-20 11:25:47,432 - position: [ 0.39789397 -1.3518517   0.8317191 ]
2026-01-20 11:25:47,663 - position: [ 0.39819652 -1.35603201  0.83086747]
2026-01-20 11:25:47,968 - position: [ 0.39871919 -1.35862494  0.83027977]
2026-01-20 11:25:48,186 - position: [ 0.39809215 -1.35815179  0.83004183]
2026-01-20 11:25:48,422 - position: [ 0.39730307 -1.35242081  0.8305186 ]
2026-01-20 11:25:48,679 - position: [ 0.39773658 -1.35042095  0.830755  ]
2026-01-20 11:25:48,978 - position: [ 0.39773658 -1.35042095  0.830755  ]
2026-01-20 11:25:49,187 - position: [ 0.39949805 -1.3413831   0.82951486]
2026-01-20 11:25:49,429 - position: [ 0.39910761 -1.33992183  0.82916969]
2026-01-20 11:25:49,657 - position: [ 0.39729774 -1.3380549   0.82858402]
2026-01-20 11:25:49,889 - position: [ 0.39778376 -1.33890069  0.8282851 ]
2026-01-20 11:25:50,190 - position: [ 0.39838153 -1.33823824  0.82808584]
2026-01-20 11:25:50,443 - position: [ 0.39875096 -1.33501232  0.82776815]
2026-01-20 11:25:50,671 - position: [ 0.39880142 -1.33415878  0.82808465]
2026-01-20 11:25:50,908 - position: [ 0.3997122  -1.33187735  0.82744437]
2026-01-20 11:25:51,122 - position: [ 0.40017825 -1.33046126  0.82747585]
2026-01-20 11:25:51,377 - position: [ 0.40047166 -1.32885337  0.82811636]
2026-01-20 11:25:51,599 - position: [ 0.40287647 -1.32523835  0.82880259]
2026-01-20 11:25:51,813 - position: [ 0.4035787  -1.3244338   0.82856238]
2026-01-20 11:25:52,033 - position: [ 0.40464035 -1.32402837  0.82888651]
2026-01-20 11:25:52,245 - position: [ 0.40568003 -1.32221568  0.82862997]
2026-01-20 11:25:52,473 - position: [ 0.40364143 -1.32222903  0.82859528]
2026-01-20 11:25:52,706 - position: [ 0.40463305 -1.32477629  0.8282789 ]
2026-01-20 11:25:52,911 - position: [ 0.40419462 -1.32765424  0.82818818]
2026-01-20 11:25:53,146 - position: [ 0.40393686 -1.32899547  0.8280232 ]
2026-01-20 11:25:53,368 - position: [ 0.40451351 -1.33123243  0.82824141]
2026-01-20 11:25:53,623 - position: [ 0.40430853 -1.33094764  0.82899886]
2026-01-20 11:25:53,877 - position: [ 0.40361419 -1.33114982  0.82889545]
2026-01-20 11:25:54,127 - position: [ 0.40203902 -1.33769989  0.82775676]
2026-01-20 11:25:54,367 - position: [ 0.40142688 -1.33620405  0.82774657]
2026-01-20 11:25:54,591 - position: [ 0.4024004  -1.33614445  0.82807529]
2026-01-20 11:25:54,851 - position: [ 0.40344727 -1.34021819  0.82774544]
2026-01-20 11:25:55,124 - position: [ 0.4021281  -1.33894134  0.82772011]
2026-01-20 11:25:55,477 - position: [ 0.40171868 -1.33960915  0.82807618]
2026-01-20 11:25:55,679 - position: [ 0.40102464 -1.34245825  0.82838726]
2026-01-20 11:25:55,886 - position: [ 0.40056053 -1.3422004   0.82864368]
2026-01-20 11:25:56,095 - position: [ 0.40054044 -1.3421247   0.82909   ]
2026-01-20 11:25:56,334 - position: [ 0.40116388 -1.33902311  0.83046544]
2026-01-20 11:25:56,622 - position: [ 0.40089446 -1.34069836  0.83001143]
2026-01-20 11:25:56,861 - position: [ 0.40137854 -1.34468734  0.82877547]
2026-01-20 11:25:57,116 - position: [ 0.4013772  -1.34454155  0.82882679]
2026-01-20 11:25:57,348 - position: [ 0.40102497 -1.34351075  0.82875997]
2026-01-20 11:25:57,579 - position: [ 0.40068999 -1.34311783  0.82871354]
2026-01-20 11:25:57,874 - position: [ 0.40088233 -1.34278929  0.82896751]
2026-01-20 11:25:58,139 - position: [ 0.40099779 -1.34301353  0.8290258 ]
2026-01-20 11:25:58,382 - position: [ 0.40138203 -1.34315717  0.82922167]
2026-01-20 11:25:58,644 - position: [ 0.40121871 -1.3428067   0.82954073]
2026-01-20 11:25:58,880 - position: [ 0.3999896  -1.34269404  0.82926071]
2026-01-20 11:25:59,131 - position: [ 0.40030074 -1.34063745  0.82884568]
2026-01-20 11:25:59,407 - position: [ 0.39976847 -1.34054422  0.82919651]
2026-01-20 11:25:59,674 - position: [ 0.40116376 -1.33843136  0.82957768]
2026-01-20 11:25:59,929 - position: [ 0.40190348 -1.33803785  0.83036429]
2026-01-20 11:26:00,147 - position: [ 0.40155661 -1.33711863  0.8322522 ]
2026-01-20 11:26:00,374 - position: [ 0.40238565 -1.33731174  0.8324253 ]
2026-01-20 11:26:00,634 - position: [ 0.39732745 -1.3358103   0.83154881]
2026-01-20 11:26:00,872 - position: [ 0.39637011 -1.33464074  0.83140689]
2026-01-20 11:26:01,111 - position: [ 0.39435697 -1.33177793  0.83158922]
2026-01-20 11:26:01,366 - position: [ 0.39244488 -1.33097255  0.83300203]
2026-01-20 11:26:01,580 - position: [ 0.39137295 -1.32860732  0.83332026]
2026-01-20 11:26:01,799 - position: [ 0.38896701 -1.32833958  0.83074385]
2026-01-20 11:26:02,005 - position: [ 0.38896701 -1.32833958  0.83074385]
2026-01-20 11:26:02,228 - position: [ 0.39184925 -1.33654261  0.82928842]
2026-01-20 11:26:02,442 - position: [ 0.39190841 -1.33657146  0.82928407]
2026-01-20 11:26:02,681 - position: [ 0.39190802 -1.3360157   0.82871556]
2026-01-20 11:26:02,944 - position: [ 0.39250633 -1.33600962  0.82846576]
2026-01-20 11:26:03,199 - position: [ 0.39203739 -1.335549    0.82770944]
2026-01-20 11:26:03,419 - position: [ 0.39153597 -1.33488762  0.82738179]
2026-01-20 11:26:03,657 - position: [ 0.39030454 -1.33494866  0.82727659]
2026-01-20 11:26:03,890 - position: [ 0.39016652 -1.33525801  0.82732677]
2026-01-20 11:26:04,119 - position: [ 0.38967338 -1.33651459  0.82766515]
2026-01-20 11:26:04,338 - position: [ 0.39012474 -1.33582509  0.82792085]
2026-01-20 11:26:04,561 - position: [ 0.39019397 -1.3355571   0.82789212]
2026-01-20 11:26:04,821 - position: [ 0.39161879 -1.33749712  0.82771569]
2026-01-20 11:26:05,043 - position: [ 0.39277738 -1.33882642  0.82725948]
2026-01-20 11:26:05,288 - position: [ 0.39194959 -1.33983183  0.82758331]
2026-01-20 11:26:05,575 - position: [ 0.39077771 -1.34069729  0.82747728]
2026-01-20 11:26:05,846 - position: [ 0.39002833 -1.34086907  0.82758158]
2026-01-20 11:26:06,096 - position: [ 0.38958642 -1.34145904  0.82747477]
2026-01-20 11:26:06,333 - position: [ 0.39054281 -1.34177041  0.82747781]
2026-01-20 11:26:06,577 - position: [ 0.39084283 -1.34329677  0.82770967]
2026-01-20 11:26:06,798 - position: [ 0.39143193 -1.34488249  0.82773733]
2026-01-20 11:26:07,033 - position: [ 0.39172766 -1.34803569  0.82833517]
2026-01-20 11:26:07,255 - position: [ 0.39163125 -1.34743547  0.82838017]
2026-01-20 11:26:07,492 - position: [ 0.39119691 -1.34676409  0.82837129]
2026-01-20 11:26:07,752 - position: [ 0.39076719 -1.34806108  0.82813537]
2026-01-20 11:26:07,988 - position: [ 0.39066234 -1.34864938  0.82794726]
2026-01-20 11:26:08,238 - position: [ 0.38919756 -1.35020077  0.82808506]
2026-01-20 11:26:08,478 - position: [ 0.38866821 -1.34927559  0.82803649]
2026-01-20 11:26:08,710 - position: [ 0.39142329 -1.351367    0.8275907 ]
2026-01-20 11:26:08,994 - position: [ 0.39144278 -1.35166979  0.82750618]
2026-01-20 11:26:09,247 - position: [ 0.39115551 -1.35097885  0.8276006 ]
2026-01-20 11:26:09,530 - position: [ 0.39092034 -1.3540262   0.82840371]
2026-01-20 11:26:09,805 - position: [ 0.39116544 -1.35556793  0.82868147]
2026-01-20 11:26:10,029 - position: [ 0.3910656  -1.35541034  0.82836771]
2026-01-20 11:26:10,255 - position: [ 0.3910656  -1.35541034  0.82836771]
2026-01-20 11:26:10,604 - position: [ 0.3910656  -1.35541034  0.82836771]
2026-01-20 11:26:10,852 - position: [ 0.3949782  -1.35430229  0.82712257]
2026-01-20 11:26:11,085 - position: [ 0.3953808  -1.35539162  0.82693595]
2026-01-20 11:26:11,305 - position: [ 0.39525503 -1.35527146  0.82666701]
2026-01-20 11:26:11,540 - position: [ 0.39532489 -1.3550055   0.82652831]
2026-01-20 11:26:11,777 - position: [ 0.39494446 -1.3546083   0.82638538]
2026-01-20 11:26:12,029 - position: [ 0.3949627  -1.35442269  0.82621348]
2026-01-20 11:26:12,256 - position: [ 0.39529249 -1.35479164  0.8265416 ]
2026-01-20 11:26:12,484 - position: [ 0.39473853 -1.35565078  0.82676125]
2026-01-20 11:26:12,719 - position: [ 0.39470297 -1.35436893  0.82639849]
2026-01-20 11:26:12,942 - position: [ 0.39498952 -1.35461247  0.82639122]
2026-01-20 11:26:13,149 - position: [ 0.39460579 -1.35487854  0.8266021 ]
2026-01-20 11:26:13,429 - position: [ 0.39463127 -1.35484457  0.82655787]
2026-01-20 11:26:13,639 - position: [ 0.3950049  -1.35476398  0.82634932]
2026-01-20 11:26:13,881 - position: [ 0.39526135 -1.35473251  0.82614374]
2026-01-20 11:26:14,124 - position: [ 0.3954134  -1.35393023  0.82590032]
2026-01-20 11:26:14,333 - position: [ 0.39504874 -1.35419703  0.82561541]
2026-01-20 11:26:14,578 - position: [ 0.39504874 -1.35419703  0.82561541]
2026-01-20 11:26:14,797 - position: [ 0.39492407 -1.35291612  0.82583153]
2026-01-20 11:26:15,045 - position: [ 0.39468035 -1.35178626  0.82677591]
2026-01-20 11:26:15,264 - position: [ 0.39413881 -1.35189199  0.82710034]
2026-01-20 11:26:15,519 - position: [ 0.39386427 -1.35164344  0.82709551]
2026-01-20 11:26:15,763 - position: [ 0.39299271 -1.34974623  0.82692814]
2026-01-20 11:26:16,014 - position: [ 0.39240155 -1.34897196  0.82640201]
2026-01-20 11:26:16,284 - position: [ 0.39200357 -1.34626353  0.82600409]
2026-01-20 11:26:16,518 - position: [ 0.39297056 -1.34142554  0.82668149]
2026-01-20 11:26:16,751 - position: [ 0.44169453 -1.2083298   0.89795524]
2026-01-20 11:26:16,956 - position: [ 0.52538854 -1.03453565  1.18274438]
2026-01-20 11:26:17,194 - position: [ 0.52050626 -1.20223129  1.80350959]
2026-01-20 11:26:17,397 - position: [ 0.51423788 -1.2152133   1.81163728]
2026-01-20 11:26:17,642 - position: [ 0.51423788 -1.2152133   1.81163728]
2026-01-20 11:26:17,914 - position: [ 0.51423788 -1.2152133   1.81163728]
2026-01-20 11:26:18,144 - position: [ 0.47446442 -1.24574256  1.8237474 ]
2026-01-20 11:26:18,386 - position: [ 0.48224175 -1.16558564  1.76850283]
2026-01-20 11:26:18,735 - position: [ 0.4737629  -1.07457924  1.03147709]
2026-01-20 11:26:18,956 - position: [ 0.37684187 -1.23214984  0.87964588]
2026-01-20 11:26:19,163 - position: [ 0.36226141 -1.31113958  0.84660494]
2026-01-20 11:26:19,451 - position: [ 0.37809709 -1.3237009   0.83747274]
2026-01-20 11:26:19,772 - position: [ 0.37966484 -1.32158005  0.83717066]
2026-01-20 11:26:19,997 - position: [ 0.38297695 -1.3239572   0.83506656]
2026-01-20 11:26:20,242 - position: [ 0.38694939 -1.33104801  0.83198059]
2026-01-20 11:26:20,497 - position: [ 0.38848194 -1.33317542  0.83248162]
2026-01-20 11:26:20,734 - position: [ 0.39198875 -1.33415937  0.83172613]
2026-01-20 11:26:20,945 - position: [ 0.39348412 -1.33539951  0.83179277]
2026-01-20 11:26:21,162 - position: [ 0.40112028 -1.33626449  0.83198386]
2026-01-20 11:26:21,394 - position: [ 0.40112028 -1.33626449  0.83198386]
2026-01-20 11:26:21,622 - position: [ 0.40333739 -1.33795249  0.8322016 ]
2026-01-20 11:26:21,846 - position: [ 0.41167337 -1.34184492  0.83169597]
2026-01-20 11:26:22,073 - position: [ 0.41354877 -1.34228015  0.83162367]
2026-01-20 11:26:22,317 - position: [ 0.41315728 -1.34220707  0.8315714 ]
2026-01-20 11:26:22,580 - position: [ 0.4081867  -1.3460356   0.83102685]
2026-01-20 11:26:22,893 - position: [ 0.39684471 -1.34466588  0.83001459]
2026-01-20 11:26:23,201 - position: [ 0.39281872 -1.35068047  0.83427972]
2026-01-20 11:26:23,548 - position: [ 0.39277473 -1.34770095  0.83277261]
2026-01-20 11:26:23,761 - position: [ 0.39264283 -1.3488034   0.83348709]
2026-01-20 11:26:23,998 - position: [ 0.39179146 -1.35056484  0.83392537]
2026-01-20 11:26:24,222 - position: [ 0.39194953 -1.35076678  0.83379149]
2026-01-20 11:26:24,448 - position: [ 0.39209107 -1.3524859   0.83407366]
2026-01-20 11:26:24,677 - position: [ 0.3921262  -1.35259891  0.83440351]
2026-01-20 11:26:24,924 - position: [ 0.39283013 -1.3610841   0.83385855]
2026-01-20 11:26:25,152 - position: [ 0.39282972 -1.36809278  0.83345568]
2026-01-20 11:26:25,391 - position: [ 0.39213291 -1.36927509  0.83364356]
2026-01-20 11:26:25,609 - position: [ 0.39285034 -1.36905551  0.83350569]
2026-01-20 11:26:25,856 - position: [ 0.39154655 -1.3695637   0.83332503]
2026-01-20 11:26:26,076 - position: [ 0.38991052 -1.36766911  0.83336437]
2026-01-20 11:26:26,316 - position: [ 0.38942933 -1.36749089  0.83324802]
2026-01-20 11:26:26,557 - position: [ 0.3900325  -1.36686146  0.83462775]
2026-01-20 11:26:26,767 - position: [ 0.3900325  -1.36686146  0.83462775]
2026-01-20 11:26:26,994 - position: [ 0.39303821 -1.3690654   0.83369839]
2026-01-20 11:26:27,215 - position: [ 0.39345962 -1.36692989  0.83408695]
2026-01-20 11:26:27,464 - position: [ 0.39391255 -1.36538064  0.83350253]
2026-01-20 11:26:27,705 - position: [ 0.39390686 -1.36576807  0.83228266]
2026-01-20 11:26:27,927 - position: [ 0.39350709 -1.36635137  0.83194381]
2026-01-20 11:26:28,141 - position: [ 0.39379734 -1.36368167  0.83158958]
2026-01-20 11:26:28,359 - position: [ 0.39301208 -1.3642838   0.83193594]
2026-01-20 11:26:28,616 - position: [ 0.39200261 -1.36365664  0.83197683]
2026-01-20 11:26:28,872 - position: [ 0.39185029 -1.36346054  0.83187747]
2026-01-20 11:26:29,090 - position: [ 0.39213568 -1.36114132  0.83222252]
2026-01-20 11:26:29,307 - position: [ 0.39128998 -1.35959256  0.83143675]
2026-01-20 11:26:29,627 - position: [ 0.39473683 -1.36326742  0.84062469]
2026-01-20 11:26:29,854 - position: [ 0.39827114 -1.3595171   0.87088019]
2026-01-20 11:26:30,086 - position: [ 0.41218325 -1.36568797  0.94514978]
2026-01-20 11:26:30,362 - position: [ 0.41218325 -1.36568797  0.94514978]
2026-01-20 11:26:30,581 - position: [ 0.41218325 -1.36568797  0.94514978]
2026-01-20 11:26:30,840 - position: [ 0.41218325 -1.36568797  0.94514978]
2026-01-20 11:26:31,094 - position: [ 0.41218325 -1.36568797  0.94514978]
2026-01-20 11:26:31,364 - position: [ 0.41218325 -1.36568797  0.94514978]
2026-01-20 11:26:31,576 - position: [ 0.37680459 -1.35978055  0.99546295]
2026-01-20 11:26:31,851 - position: [ 0.3702617  -1.36570358  1.01108706]
2026-01-20 11:26:32,060 - position: [ 0.37157393 -1.3642956   1.00997686]
2026-01-20 11:26:32,277 - position: [ 0.37612319 -1.36618137  0.99891061]
2026-01-20 11:26:32,506 - position: [ 0.37612319 -1.36618137  0.99891061]
2026-01-20 11:26:32,774 - position: [ 0.37612319 -1.36618137  0.99891061]
2026-01-20 11:26:33,108 - position: [ 0.37612319 -1.36618137  0.99891061]
2026-01-20 11:26:33,356 - position: [ 0.37612319 -1.36618137  0.99891061]
2026-01-20 11:26:33,588 - position: [ 0.42552176 -1.32566082  0.83789223]
2026-01-20 11:26:33,821 - position: [ 0.41238835 -1.32935512  0.83409905]
2026-01-20 11:26:34,072 - position: [ 0.39755839 -1.32893789  0.83396119]
2026-01-20 11:26:34,312 - position: [ 0.40134916 -1.33565354  0.83064538]
2026-01-20 11:26:34,549 - position: [ 0.40176019 -1.33606541  0.83051759]
2026-01-20 11:26:34,778 - position: [ 0.40589926 -1.34105563  0.83030862]
2026-01-20 11:26:35,096 - position: [ 0.40587369 -1.34696507  0.82883054]
2026-01-20 11:26:35,328 - position: [ 0.40818518 -1.36792755  0.83428729]
2026-01-20 11:26:35,569 - position: [ 0.41698718 -1.38436496  0.83697075]
2026-01-20 11:26:35,794 - position: [ 0.41698718 -1.38436496  0.83697075]
2026-01-20 11:26:36,025 - position: [ 0.41698718 -1.38436496  0.83697075]
2026-01-20 11:26:36,266 - position: [ 0.41698718 -1.38436496  0.83697075]
2026-01-20 11:26:36,493 - position: [ 0.41698718 -1.38436496  0.83697075]
2026-01-20 11:26:36,723 - position: [ 0.41698718 -1.38436496  0.83697075]
2026-01-20 11:26:36,958 - position: [ 0.41698718 -1.38436496  0.83697075]
2026-01-20 11:26:37,190 - position: [ 0.41698718 -1.38436496  0.83697075]
2026-01-20 11:26:37,426 - position: [ 0.41698718 -1.38436496  0.83697075]
2026-01-20 11:26:37,659 - position: [ 0.41698718 -1.38436496  0.83697075]
2026-01-20 11:26:37,896 - position: [ 0.41698718 -1.38436496  0.83697075]
2026-01-20 11:26:38,127 - position: [ 0.41698718 -1.38436496  0.83697075]
2026-01-20 11:26:38,367 - position: [ 0.41698718 -1.38436496  0.83697075]
2026-01-20 11:26:38,583 - position: [ 0.40590796 -1.36287701  0.83248538]
2026-01-20 11:26:38,856 - position: [ 0.39998394 -1.36383665  0.83138514]
2026-01-20 11:26:39,077 - position: [ 0.39790171 -1.36647904  0.83094907]
2026-01-20 11:26:39,301 - position: [ 0.39810804 -1.36712575  0.83123356]
2026-01-20 11:26:39,573 - position: [ 0.39946416 -1.36806452  0.8301959 ]
2026-01-20 11:26:39,789 - position: [ 0.40024617 -1.36933947  0.82965273]
2026-01-20 11:26:40,005 - position: [ 0.40117222 -1.36988366  0.82912481]
2026-01-20 11:26:40,261 - position: [ 0.40268105 -1.37143481  0.82864416]
2026-01-20 11:26:40,528 - position: [ 0.40381381 -1.37081242  0.82822615]
2026-01-20 11:26:40,779 - position: [ 0.40367204 -1.37044501  0.82862836]
2026-01-20 11:26:40,985 - position: [ 0.40410697 -1.36999714  0.82843488]
2026-01-20 11:26:41,247 - position: [ 0.40755254 -1.3659234   0.82951826]
2026-01-20 11:26:41,514 - position: [ 0.40172967 -1.35938692  0.83287948]
2026-01-20 11:26:41,737 - position: [ 0.40175393 -1.35895419  0.83189148]
2026-01-20 11:26:41,958 - position: [ 0.40565982 -1.36869526  0.82933414]
2026-01-20 11:26:42,183 - position: [ 0.40713739 -1.37416804  0.82796764]
2026-01-20 11:26:42,406 - position: [ 0.40757981 -1.37953472  0.82710695]
2026-01-20 11:26:42,626 - position: [ 0.40765896 -1.38025248  0.82704496]
2026-01-20 11:26:42,960 - position: [ 0.40526456 -1.3849504   0.82684946]
2026-01-20 11:26:43,241 - position: [ 0.40587449 -1.38218844  0.82776076]
2026-01-20 11:26:43,517 - position: [ 0.40567011 -1.3785162   0.82852787]
2026-01-20 11:26:43,750 - position: [ 0.40615198 -1.3779844   0.82772261]
2026-01-20 11:26:43,990 - position: [ 0.40782747 -1.3752681   0.82764113]
2026-01-20 11:26:44,201 - position: [ 0.40798306 -1.37482977  0.82774079]
2026-01-20 11:26:44,443 - position: [ 0.40977219 -1.37443435  0.82819998]
2026-01-20 11:26:44,671 - position: [ 0.40989089 -1.37469041  0.82810932]
2026-01-20 11:26:45,088 - position: [ 0.40939936 -1.37348413  0.83021325]
2026-01-20 11:26:45,391 - position: [ 0.40934619 -1.37007475  0.83051682]
2026-01-20 11:26:45,597 - position: [ 0.40914586 -1.36838293  0.8302598 ]
2026-01-20 11:26:45,815 - position: [ 0.40941948 -1.36861849  0.82985425]
2026-01-20 11:26:46,087 - position: [ 0.41736361 -1.36792374  0.8269093 ]
2026-01-20 11:26:46,344 - position: [ 0.41687125 -1.36437905  0.82667547]
2026-01-20 11:26:46,585 - position: [ 0.41548377 -1.36561012  0.82604754]
2026-01-20 11:26:46,934 - position: [ 0.41154718 -1.36586666  0.82549131]
2026-01-20 11:26:47,151 - position: [ 0.41127154 -1.36669505  0.82467484]
2026-01-20 11:26:47,382 - position: [ 0.41123095 -1.36589599  0.82521081]
2026-01-20 11:26:47,624 - position: [ 0.41054526 -1.36525106  0.82524979]
2026-01-20 11:26:47,869 - position: [ 0.41025013 -1.36471415  0.82549548]
2026-01-20 11:26:48,093 - position: [ 0.41025013 -1.36471415  0.82549548]
2026-01-20 11:26:48,309 - position: [ 0.4094308  -1.36404359  0.82590342]
2026-01-20 11:26:48,525 - position: [ 0.40853617 -1.3625319   0.8255316 ]
2026-01-20 11:26:48,733 - position: [ 0.40916222 -1.36178613  0.82511455]
2026-01-20 11:26:48,937 - position: [ 0.40947732 -1.36201274  0.82519162]
2026-01-20 11:26:49,163 - position: [ 0.40930602 -1.36192727  0.82544196]
2026-01-20 11:26:49,381 - position: [ 0.40844008 -1.36031199  0.82540476]
2026-01-20 11:26:49,645 - position: [ 0.40832609 -1.36022484  0.82535863]
2026-01-20 11:26:49,868 - position: [ 0.40847814 -1.35971284  0.82522124]
2026-01-20 11:26:50,074 - position: [ 0.4076896  -1.35674858  0.82530475]
2026-01-20 11:26:50,297 - position: [ 0.40577695 -1.35446012  0.82524586]
2026-01-20 11:26:50,509 - position: [ 0.40359813 -1.3558197   0.82544619]
2026-01-20 11:26:50,766 - position: [ 0.40256315 -1.35829616  0.825409  ]
2026-01-20 11:26:51,016 - position: [ 0.40113452 -1.3616606   0.82512456]
2026-01-20 11:26:51,274 - position: [ 0.39979929 -1.36267173  0.82545412]
2026-01-20 11:26:51,521 - position: [ 0.40060946 -1.36341596  0.82568473]
2026-01-20 11:26:51,758 - position: [ 0.4008036  -1.36416113  0.82575512]
2026-01-20 11:26:51,982 - position: [ 0.4007374  -1.36421669  0.82569045]
2026-01-20 11:26:52,199 - position: [ 0.40054515 -1.36386788  0.82594526]
2026-01-20 11:26:52,402 - position: [ 0.40043321 -1.36384428  0.82589036]
2026-01-20 11:26:52,618 - position: [ 0.40146592 -1.36279428  0.8267225 ]
2026-01-20 11:26:52,883 - position: [ 0.40176028 -1.36237407  0.82689655]
2026-01-20 11:26:53,163 - position: [ 0.40287459 -1.36179829  0.82660365]
2026-01-20 11:26:53,436 - position: [ 0.40672576 -1.35885608  0.82689488]
2026-01-20 11:26:53,706 - position: [ 0.4073022  -1.35810018  0.82726717]
2026-01-20 11:26:53,948 - position: [ 0.41395339 -1.36601925  0.8269825 ]
2026-01-20 11:26:54,182 - position: [ 0.41066033 -1.37188041  0.82488662]
2026-01-20 11:26:54,471 - position: [ 0.41010523 -1.37253976  0.8251273 ]
2026-01-20 11:26:54,733 - position: [ 0.40838692 -1.37711883  0.82625276]
2026-01-20 11:26:54,973 - position: [ 0.40892023 -1.37614202  0.82715827]
2026-01-20 11:26:55,259 - position: [ 0.41094029 -1.36980343  0.82738769]
2026-01-20 11:26:55,510 - position: [ 0.41269884 -1.37081504  0.82605523]
2026-01-20 11:26:55,757 - position: [ 0.41223949 -1.36830902  0.82533783]
2026-01-20 11:26:55,995 - position: [ 0.41195861 -1.36815786  0.82511902]
2026-01-20 11:26:56,221 - position: [ 0.41195861 -1.36815786  0.82511902]
2026-01-20 11:26:56,428 - position: [ 0.41096261 -1.36661398  0.82408792]
2026-01-20 11:26:56,766 - position: [ 0.40569073 -1.36354339  0.82449144]
2026-01-20 11:26:56,986 - position: [ 0.40430388 -1.36252964  0.82490492]
2026-01-20 11:26:57,207 - position: [ 0.40369877 -1.36304617  0.82465601]
2026-01-20 11:26:57,436 - position: [ 0.40156969 -1.36547232  0.82373166]
2026-01-20 11:26:57,681 - position: [ 0.40240601 -1.36550593  0.82387751]
2026-01-20 11:26:58,002 - position: [ 0.40491205 -1.36947942  0.82354087]
2026-01-20 11:26:58,226 - position: [ 0.40664607 -1.37229097  0.82210934]
2026-01-20 11:26:58,443 - position: [ 0.40729344 -1.36878872  0.82142121]
2026-01-20 11:26:58,702 - position: [ 0.40837181 -1.36746931  0.82109666]
2026-01-20 11:26:58,935 - position: [ 0.41157281 -1.37050438  0.82241702]
2026-01-20 11:26:59,253 - position: [ 0.41229039 -1.37263381  0.82244098]
2026-01-20 11:26:59,531 - position: [ 0.41752204 -1.3855834   0.82896978]
2026-01-20 11:26:59,762 - position: [ 0.41933286 -1.38501668  0.82951009]
2026-01-20 11:26:59,989 - position: [ 0.41734907 -1.38112473  0.83104652]
2026-01-20 11:27:00,265 - position: [ 0.41699511 -1.38092089  0.83115232]
2026-01-20 11:27:00,486 - position: [ 0.41520888 -1.37732744  0.83262533]
2026-01-20 11:27:00,694 - position: [ 0.41311824 -1.37737119  0.83246475]
2026-01-20 11:27:00,962 - position: [ 0.41238573 -1.3793391   0.83158356]
2026-01-20 11:27:01,186 - position: [ 0.41248068 -1.37962127  0.83103818]
2026-01-20 11:27:01,412 - position: [ 0.4122372  -1.38071167  0.83060956]
2026-01-20 11:27:01,664 - position: [ 0.41230786 -1.3809185   0.83038729]
2026-01-20 11:27:01,921 - position: [ 0.41273963 -1.38461304  0.82889885]
2026-01-20 11:27:02,128 - position: [ 0.41220635 -1.38507855  0.82845706]
2026-01-20 11:27:02,356 - position: [ 0.41412219 -1.38839066  0.82961464]
2026-01-20 11:27:02,581 - position: [ 0.41424823 -1.39154482  0.82904524]
2026-01-20 11:27:02,792 - position: [ 0.41492805 -1.3904022   0.83012056]
2026-01-20 11:27:03,040 - position: [ 0.41515878 -1.39066911  0.83070552]
2026-01-20 11:27:03,283 - position: [ 0.41649994 -1.38963473  0.83329451]
2026-01-20 11:27:03,528 - position: [ 0.41883445 -1.3915832   0.83317274]
2026-01-20 11:27:03,738 - position: [ 0.42116877 -1.39065349  0.83215755]
2026-01-20 11:27:03,958 - position: [ 0.41976234 -1.38561749  0.83301657]
2026-01-20 11:27:04,226 - position: [ 0.41792044 -1.38406503  0.83231574]
2026-01-20 11:27:04,582 - position: [ 0.41951492 -1.38636923  0.83235443]
2026-01-20 11:27:04,809 - position: [ 0.42189401 -1.38284659  0.83271247]
2026-01-20 11:27:05,164 - position: [ 0.42137972 -1.37794101  0.83156639]
2026-01-20 11:27:05,444 - position: [ 0.42053595 -1.37622952  0.83123577]
2026-01-20 11:27:05,661 - position: [ 0.41816148 -1.37471747  0.83137929]
2026-01-20 11:27:05,909 - position: [ 0.41536379 -1.37412429  0.8310501 ]
2026-01-20 11:27:06,128 - position: [ 0.4138079  -1.37209642  0.83106685]
2026-01-20 11:27:06,355 - position: [ 0.41350505 -1.37148428  0.83130664]
2026-01-20 11:27:06,559 - position: [ 0.41180176 -1.3700074   0.83132023]
2026-01-20 11:27:06,788 - position: [ 0.40989375 -1.37156177  0.82971066]
2026-01-20 11:27:07,008 - position: [ 0.40989375 -1.37156177  0.82971066]
2026-01-20 11:27:07,257 - position: [ 0.40586591 -1.37181628  0.82823664]
2026-01-20 11:27:07,479 - position: [ 0.40466774 -1.36554694  0.82857144]
2026-01-20 11:27:07,698 - position: [ 0.40366983 -1.35704267  0.83063585]
2026-01-20 11:27:07,948 - position: [ 0.40346959 -1.35603976  0.83147186]
2026-01-20 11:27:08,211 - position: [ 0.40447307 -1.35674036  0.82982105]
2026-01-20 11:27:08,485 - position: [ 0.40548524 -1.35784388  0.83014667]
2026-01-20 11:27:08,749 - position: [ 0.40718251 -1.36500371  0.83001816]
2026-01-20 11:27:08,996 - position: [ 0.40629491 -1.36824358  0.83089811]
2026-01-20 11:27:09,226 - position: [ 0.40563986 -1.37017918  0.83051056]
2026-01-20 11:27:09,453 - position: [ 0.40646803 -1.37172043  0.82988733]
2026-01-20 11:27:09,692 - position: [ 0.40652484 -1.37190688  0.82996571]
2026-01-20 11:27:09,998 - position: [ 0.40685412 -1.37189031  0.830841  ]
2026-01-20 11:27:10,259 - position: [ 0.40704975 -1.37366796  0.83160949]
2026-01-20 11:27:10,532 - position: [ 0.41008863 -1.39220524  0.82956994]
2026-01-20 11:27:10,736 - position: [ 0.41093653 -1.39589942  0.82848579]
2026-01-20 11:27:10,991 - position: [ 0.41407728 -1.39682186  0.82722116]
2026-01-20 11:27:11,268 - position: [ 0.41456828 -1.39683688  0.82626426]
2026-01-20 11:27:11,505 - position: [ 0.41780782 -1.39181364  0.82508898]
2026-01-20 11:27:11,731 - position: [ 0.41887784 -1.38955641  0.82495326]
2026-01-20 11:27:11,975 - position: [ 0.41921619 -1.38778865  0.82442582]
2026-01-20 11:27:12,183 - position: [ 0.41907719 -1.38777208  0.82408428]
2026-01-20 11:27:12,407 - position: [ 0.41900185 -1.38724172  0.82384759]
2026-01-20 11:27:12,719 - position: [ 0.4186464  -1.38472641  0.82377899]
2026-01-20 11:27:13,020 - position: [ 0.41443059 -1.37867153  0.82436788]
2026-01-20 11:27:13,292 - position: [ 0.41092283 -1.37881839  0.82351124]
2026-01-20 11:27:13,498 - position: [ 0.41159531 -1.37892997  0.82360393]
2026-01-20 11:27:13,726 - position: [ 0.41302854 -1.37810242  0.82370311]
2026-01-20 11:27:13,981 - position: [ 0.41192767 -1.38129008  0.82366502]
2026-01-20 11:27:14,279 - position: [ 0.41115209 -1.38344729  0.82344824]
2026-01-20 11:27:14,493 - position: [ 0.41062972 -1.38674736  0.82388586]
2026-01-20 11:27:14,722 - position: [ 0.41063079 -1.38740683  0.82452589]
2026-01-20 11:27:14,969 - position: [ 0.4106631  -1.3867842   0.82468724]
2026-01-20 11:27:15,244 - position: [ 0.41110995 -1.38624609  0.82515132]
2026-01-20 11:27:15,456 - position: [ 0.4126358  -1.38593578  0.82542962]
2026-01-20 11:27:15,675 - position: [ 0.41330969 -1.3845135   0.82558596]
