2026-01-20 11:23:48,682 - position: [ 0.09053449 -0.12633292  0.86654204] - angle: -1.5596994600871543
2026-01-20 11:23:48,910 - position: [ 0.09176952 -0.13412219  0.87625027] - angle: -1.5598435128636323
2026-01-20 11:23:49,132 - position: [ 0.09305663 -0.13952889  0.88122284] - angle: -1.560441104798401
2026-01-20 11:23:49,393 - position: [ 0.09385774 -0.1442977   0.8845737 ] - angle: -1.5606173120068285
2026-01-20 11:23:49,622 - position: [ 0.09555034 -0.15458421  0.8886677 ] - angle: -1.5603399976689167
2026-01-20 11:23:49,867 - position: [ 0.09625888 -0.16105811  0.89143097] - angle: -1.560623170762951
2026-01-20 11:23:50,133 - position: [ 0.1001376  -0.16892135  1.03373599] - angle: -1.5607685366382409
2026-01-20 11:23:50,387 - position: [ 0.10196891 -0.17312576  1.21862161] - angle: -1.5618296445663735
2026-01-20 11:23:50,627 - position: [ 0.10709049 -0.17908414  1.4630121 ] - angle: -1.5618558143251975
2026-01-20 11:23:50,876 - position: [ 0.10934363 -0.18163069  1.53801882] - angle: -1.5625438494036987
2026-01-20 11:23:51,113 - position: [ 0.11890791 -0.19042122  1.71835208] - angle: -1.562494092429926
2026-01-20 11:23:51,326 - position: [ 0.11890791 -0.19042122  1.71835208] - angle: -1.562494092429926
2026-01-20 11:23:51,601 - position: [ 0.13961694 -0.19375406  1.82822073] - angle: -1.5602984405969913
2026-01-20 11:23:51,851 - position: [ 0.14241306 -0.19387637  1.832371  ] - angle: -1.56103369646958
2026-01-20 11:23:52,091 - position: [ 0.14241306 -0.19387637  1.832371  ] - angle: -1.56103369646958
2026-01-20 11:23:52,314 - position: [ 0.14612922 -0.19524419  1.83371246] - angle: -1.5611118943957418
2026-01-20 11:23:52,524 - position: [ 0.14620161 -0.19575854  1.83308029] - angle: -1.5602020094322815
2026-01-20 11:23:52,784 - position: [ 0.13712728 -0.21187122  1.83069372] - angle: -1.5603249676257818
2026-01-20 11:23:53,029 - position: [ 0.13650951 -0.21270977  1.83210313] - angle: -1.5559601346131187
2026-01-20 11:23:53,298 - position: [ 0.13171783 -0.23172882  1.83555317] - angle: -1.561258599075011
2026-01-20 11:23:53,545 - position: [ 0.12988228 -0.24072623  1.83749402] - angle: -1.5599310283787227
2026-01-20 11:23:53,753 - position: [ 0.12988228 -0.24072623  1.83749402] - angle: -1.5599310283787227
2026-01-20 11:23:53,966 - position: [ 0.12927236 -0.24377248  1.84059799] - angle: -1.561064106265893
2026-01-20 11:23:54,199 - position: [ 0.1297714  -0.24318536  1.84116685] - angle: -1.5606202013421098
2026-01-20 11:23:54,424 - position: [ 0.13191108 -0.24039561  1.84468925] - angle: -1.5606019536670246
2026-01-20 11:23:54,660 - position: [ 0.1361223  -0.23923014  1.84920239] - angle: -1.5605458099364382
2026-01-20 11:23:54,893 - position: [ 0.1361223  -0.23923014  1.84920239] - angle: -1.5605458099364382
2026-01-20 11:23:55,120 - position: [ 0.1361223  -0.23923014  1.84920239] - angle: -1.5605458099364382
2026-01-20 11:23:55,350 - position: [ 0.1361223  -0.23923014  1.84920239] - angle: -1.5605458099364382
2026-01-20 11:23:55,573 - position: [ 0.13988148 -0.23292688  1.84841406] - angle: -1.5606735990372211
2026-01-20 11:23:55,812 - position: [ 0.14025816 -0.23261842  1.8468895 ] - angle: -1.5604980938954234
2026-01-20 11:23:56,029 - position: [ 0.14094183 -0.23607266  1.84108961] - angle: -1.5603513216696254
2026-01-20 11:23:56,249 - position: [ 0.14094183 -0.23607266  1.84108961] - angle: -1.5603513216696254
2026-01-20 11:23:56,536 - position: [ 0.14131728 -0.24146925  1.83722842] - angle: -1.5597073176739067
2026-01-20 11:23:56,792 - position: [ 0.14198798 -0.24429789  1.83659971] - angle: -1.5598726211294611
2026-01-20 11:23:57,092 - position: [ 0.14048086 -0.25008076  1.83670533] - angle: -1.5557529939029378
2026-01-20 11:23:57,345 - position: [ 0.14048086 -0.25008076  1.83670533] - angle: -1.5557529939029378
2026-01-20 11:23:57,589 - position: [ 0.14048086 -0.25008076  1.83670533] - angle: -1.5557529939029378
2026-01-20 11:23:57,867 - position: [ 0.13257794 -0.26351884  1.83543766] - angle: -1.5592188441122983
2026-01-20 11:23:58,106 - position: [ 0.13180858 -0.26316798  1.83501041] - angle: -1.5609397893078034
2026-01-20 11:23:58,335 - position: [ 0.13180858 -0.26316798  1.83501041] - angle: -1.5609397893078034
2026-01-20 11:23:58,600 - position: [ 0.13360405 -0.26175967  1.83302796] - angle: -1.5550428275069499
2026-01-20 11:23:58,850 - position: [ 0.13360405 -0.26175967  1.83302796] - angle: -1.5550428275069499
2026-01-20 11:23:59,081 - position: [ 0.13360405 -0.26175967  1.83302796] - angle: -1.5550428275069499
2026-01-20 11:23:59,348 - position: [ 0.13706224 -0.27539194  1.83276081] - angle: -1.5597488722625865
2026-01-20 11:23:59,572 - position: [ 0.13706224 -0.27539194  1.83276081] - angle: -1.5597488722625865
2026-01-20 11:23:59,834 - position: [ 0.14218789 -0.28435108  1.83547413] - angle: -1.5621276259554433
2026-01-20 11:24:00,036 - position: [ 0.144244   -0.28642917  1.83584332] - angle: -1.5593808045573185
2026-01-20 11:24:00,303 - position: [ 0.14993016 -0.29425359  1.83876467] - angle: -1.5600643207207896
2026-01-20 11:24:00,529 - position: [ 0.14993016 -0.29425359  1.83876467] - angle: -1.5600643207207896
2026-01-20 11:24:00,772 - position: [ 0.14993016 -0.29425359  1.83876467] - angle: -1.5600643207207896
2026-01-20 11:24:01,017 - position: [ 0.15152428 -0.29528496  1.83231211] - angle: -1.5589424042855167
2026-01-20 11:24:01,250 - position: [ 0.15152428 -0.29528496  1.83231211] - angle: -1.5589424042855167
2026-01-20 11:24:01,526 - position: [ 0.15397136 -0.29698476  1.82703173] - angle: -1.5545357707438185
2026-01-20 11:24:01,766 - position: [ 0.15554494 -0.30066174  1.82704294] - angle: -1.5549165919641763
2026-01-20 11:24:01,980 - position: [ 0.15554494 -0.30066174  1.82704294] - angle: -1.5549165919641763
2026-01-20 11:24:02,214 - position: [ 0.15995288 -0.31313381  1.8202219 ] - angle: -1.5585403766808898
2026-01-20 11:24:02,469 - position: [ 0.1606153  -0.31488112  1.82003176] - angle: -1.5585888630800673
2026-01-20 11:24:02,807 - position: [ 0.15995632 -0.32148084  1.82225072] - angle: -1.5546392846364023
2026-01-20 11:24:03,059 - position: [ 0.15995632 -0.32148084  1.82225072] - angle: -1.5546392846364023
2026-01-20 11:24:03,315 - position: [ 0.15720987 -0.33498362  1.82042563] - angle: -1.5582146023437957
2026-01-20 11:24:03,564 - position: [ 0.15720987 -0.33498362  1.82042563] - angle: -1.5582146023437957
2026-01-20 11:24:03,807 - position: [ 0.15720987 -0.33498362  1.82042563] - angle: -1.5582146023437957
2026-01-20 11:24:04,038 - position: [ 0.1574451  -0.34260097  1.81910586] - angle: -1.5583320206327835
2026-01-20 11:24:04,269 - position: [ 0.1574451  -0.34260097  1.81910586] - angle: -1.5583320206327835
2026-01-20 11:24:04,500 - position: [ 0.1574451  -0.34260097  1.81910586] - angle: -1.5583320206327835
2026-01-20 11:24:04,793 - position: [ 0.15887579 -0.34263238  1.81842887] - angle: -1.5574864854710029
2026-01-20 11:24:05,113 - position: [ 0.15887579 -0.34263238  1.81842887] - angle: -1.5574864854710029
2026-01-20 11:24:05,358 - position: [ 0.15887579 -0.34263238  1.81842887] - angle: -1.5574864854710029
2026-01-20 11:24:05,631 - position: [ 0.15676074 -0.33364508  1.81892741] - angle: -1.5569998952376891
2026-01-20 11:24:05,837 - position: [ 0.1553268  -0.33248869  1.81965566] - angle: -1.5570123745766864
2026-01-20 11:24:06,132 - position: [ 0.15411901 -0.33057377  1.82105255] - angle: -1.5553580580556905
2026-01-20 11:24:06,476 - position: [ 0.15411901 -0.33057377  1.82105255] - angle: -1.5553580580556905
2026-01-20 11:24:06,752 - position: [ 0.15411901 -0.33057377  1.82105255] - angle: -1.5553580580556905
2026-01-20 11:24:07,016 - position: [ 0.15411901 -0.33057377  1.82105255] - angle: -1.5553580580556905
2026-01-20 11:24:07,286 - position: [ 0.15411901 -0.33057377  1.82105255] - angle: -1.5553580580556905
2026-01-20 11:24:07,508 - position: [ 0.15411901 -0.33057377  1.82105255] - angle: -1.5553580580556905
2026-01-20 11:24:07,781 - position: [ 0.15411901 -0.33057377  1.82105255] - angle: -1.5553580580556905
2026-01-20 11:24:08,033 - position: [ 0.17720218 -0.31365925  1.81965184] - angle: -1.5552338542512336
2026-01-20 11:24:08,244 - position: [ 0.17963475 -0.31548911  1.81854236] - angle: -1.5555573819962403
2026-01-20 11:24:08,486 - position: [ 0.18001014 -0.31678918  1.81879056] - angle: -1.5548602160113778
2026-01-20 11:24:08,698 - position: [ 0.1781293  -0.32589409  1.82019508] - angle: -1.5550809710044389
2026-01-20 11:24:08,953 - position: [ 0.17623603 -0.33140853  1.8209765 ] - angle: -1.5547933726291183
2026-01-20 11:24:09,161 - position: [ 0.17623603 -0.33140853  1.8209765 ] - angle: -1.5547933726291183
2026-01-20 11:24:09,390 - position: [ 0.17376044 -0.33619347  1.82154822] - angle: -1.5547205225177643
2026-01-20 11:24:09,615 - position: [ 0.17298801 -0.33749753  1.82143986] - angle: -1.5533523840654455
2026-01-20 11:24:09,825 - position: [ 0.17270984 -0.33776799  1.82130849] - angle: -1.5539932862804475
2026-01-20 11:24:10,077 - position: [ 0.17324555 -0.33230609  1.81983471] - angle: -1.5543285015493082
2026-01-20 11:24:10,286 - position: [ 0.1731298  -0.33191255  1.81972051] - angle: -1.5536944873993312
2026-01-20 11:24:10,500 - position: [ 0.17790617 -0.32190391  1.81467354] - angle: -1.5534113727553542
2026-01-20 11:24:10,722 - position: [ 0.17827384 -0.32177871  1.81446159] - angle: -1.5534013244235734
2026-01-20 11:24:10,971 - position: [ 0.17827384 -0.32177871  1.81446159] - angle: -1.5534013244235734
2026-01-20 11:24:11,227 - position: [ 0.17827384 -0.32177871  1.81446159] - angle: -1.5534013244235734
2026-01-20 11:24:11,436 - position: [ 0.17758225 -0.31851238  1.81492186] - angle: -1.552362428531831
2026-01-20 11:24:11,643 - position: [ 0.17758225 -0.31851238  1.81492186] - angle: -1.552362428531831
2026-01-20 11:24:11,917 - position: [ 0.17758225 -0.31851238  1.81492186] - angle: -1.552362428531831
2026-01-20 11:24:12,143 - position: [ 0.17758225 -0.31851238  1.81492186] - angle: -1.552362428531831
2026-01-20 11:24:12,371 - position: [ 0.17758225 -0.31851238  1.81492186] - angle: -1.552362428531831
2026-01-20 11:24:12,591 - position: [ 0.17081134 -0.3117258   1.80733657] - angle: -1.550946254468565
2026-01-20 11:24:12,831 - position: [ 0.1708003  -0.31154355  1.80692637] - angle: -1.5513933360283634
2026-01-20 11:24:13,055 - position: [ 0.1717809  -0.31212988  1.80656719] - angle: -1.5507653901178982
2026-01-20 11:24:13,285 - position: [ 0.17208843 -0.3124111   1.80619836] - angle: -1.5501824256464505
2026-01-20 11:24:13,549 - position: [ 0.17789242 -0.31819314  1.79876888] - angle: -1.5490410878590648
2026-01-20 11:24:13,765 - position: [ 0.17789242 -0.31819314  1.79876888] - angle: -1.5490410878590648
2026-01-20 11:24:13,980 - position: [ 0.17789242 -0.31819314  1.79876888] - angle: -1.5490410878590648
2026-01-20 11:24:14,297 - position: [ 0.17789242 -0.31819314  1.79876888] - angle: -1.5490410878590648
2026-01-20 11:24:14,508 - position: [ 0.17789242 -0.31819314  1.79876888] - angle: -1.5490410878590648
2026-01-20 11:24:14,763 - position: [ 0.17789242 -0.31819314  1.79876888] - angle: -1.5490410878590648
2026-01-20 11:24:15,019 - position: [ 0.17789242 -0.31819314  1.79876888] - angle: -1.5490410878590648
2026-01-20 11:24:15,291 - position: [ 0.17789242 -0.31819314  1.79876888] - angle: -1.5490410878590648
2026-01-20 11:24:15,515 - position: [ 0.18094349 -0.32095787  1.79302227] - angle: -1.5494016834455402
2026-01-20 11:24:15,801 - position: [ 0.18098396 -0.3234888   1.78812218] - angle: -1.5479804428899606
2026-01-20 11:24:16,047 - position: [ 0.18091065 -0.32377544  1.78763461] - angle: -1.5481062290134777
2026-01-20 11:24:16,395 - position: [ 0.18091065 -0.32377544  1.78763461] - angle: -1.5481062290134777
2026-01-20 11:24:16,716 - position: [ 0.18140225 -0.33000484  1.77661157] - angle: -1.5483862017571193
2026-01-20 11:24:16,952 - position: [ 0.18292472 -0.33043063  1.77597475] - angle: -1.5480002561258432
2026-01-20 11:24:17,275 - position: [ 0.18326102 -0.3302936   1.77805281] - angle: -1.5472479498762715
2026-01-20 11:24:17,511 - position: [ 0.18326102 -0.3302936   1.77805281] - angle: -1.5472479498762715
2026-01-20 11:24:17,756 - position: [ 0.18044451 -0.32969561  1.78334308] - angle: -1.5472556594478495
2026-01-20 11:24:17,995 - position: [ 0.18044451 -0.32969561  1.78334308] - angle: -1.5472556594478495
2026-01-20 11:24:18,271 - position: [ 0.17710087 -0.33078113  1.78699744] - angle: -1.5460256285770266
2026-01-20 11:24:18,555 - position: [ 0.17800353 -0.32816496  1.78362274] - angle: -1.5458406879397701
2026-01-20 11:24:18,787 - position: [ 0.17802095 -0.32803422  1.78351152] - angle: -1.5454674404619206
2026-01-20 11:24:19,022 - position: [ 0.17981842 -0.32028663  1.7780354 ] - angle: -1.5447433147541751
2026-01-20 11:24:19,232 - position: [ 0.17981842 -0.32028663  1.7780354 ] - angle: -1.5447433147541751
2026-01-20 11:24:19,463 - position: [ 0.18303241 -0.3182312   1.77599716] - angle: -1.5444367670401924
2026-01-20 11:24:19,684 - position: [ 0.18303241 -0.3182312   1.77599716] - angle: -1.5444367670401924
2026-01-20 11:24:19,912 - position: [ 0.18665189 -0.33422351  1.77121258] - angle: -1.5448151022053733
2026-01-20 11:24:20,151 - position: [ 0.18669835 -0.33884495  1.76999271] - angle: -1.5454882681003208
2026-01-20 11:24:20,375 - position: [ 0.18492804 -0.35223296  1.76593006] - angle: -1.5448849914595861
2026-01-20 11:24:20,609 - position: [ 0.18332662 -0.35583493  1.76654088] - angle: -1.5453448585512923
2026-01-20 11:24:20,867 - position: [ 0.18332662 -0.35583493  1.76654088] - angle: -1.5453448585512923
2026-01-20 11:24:21,087 - position: [ 0.17961976 -0.35559893  1.7656852 ] - angle: -1.5442042229431037
2026-01-20 11:24:21,326 - position: [ 0.17961976 -0.35559893  1.7656852 ] - angle: -1.5442042229431037
2026-01-20 11:24:21,567 - position: [ 0.17961976 -0.35559893  1.7656852 ] - angle: -1.5442042229431037
2026-01-20 11:24:21,811 - position: [ 0.17306723 -0.35027215  1.76697266] - angle: -1.5445765031792478
2026-01-20 11:24:22,031 - position: [ 0.17275594 -0.34999114  1.76705909] - angle: -1.5446173028250922
2026-01-20 11:24:22,256 - position: [ 0.17275594 -0.34999114  1.76705909] - angle: -1.5446173028250922
2026-01-20 11:24:22,510 - position: [ 0.17176315 -0.34930655  1.76738381] - angle: -1.544663781694735
2026-01-20 11:24:22,735 - position: [ 0.16805527 -0.34937805  1.76935863] - angle: -1.5441380819398547
2026-01-20 11:24:22,972 - position: [ 0.16411251 -0.35336307  1.77476668] - angle: -1.5434502168509714
2026-01-20 11:24:23,193 - position: [ 0.16306312 -0.3535248   1.78573108] - angle: -1.5409310200469588
2026-01-20 11:24:23,454 - position: [ 0.16294566 -0.35339034  1.7865144 ] - angle: -1.5407822919221137
2026-01-20 11:24:23,725 - position: [ 0.16350958 -0.35302773  1.79246104] - angle: -1.5406710030930744
2026-01-20 11:24:23,969 - position: [ 0.16529325 -0.35330948  1.79649639] - angle: -1.5409303579687625
2026-01-20 11:24:24,201 - position: [ 0.16648658 -0.35337305  1.79720724] - angle: -1.5408015244617181
2026-01-20 11:24:24,475 - position: [ 0.16836056 -0.35034585  1.79587924] - angle: -1.5401813683763081
2026-01-20 11:24:24,706 - position: [ 0.16945262 -0.34583932  1.79585969] - angle: -1.5391385104612336
2026-01-20 11:24:25,022 - position: [ 0.17020914 -0.34258771  1.79627907] - angle: -1.5388284449196448
2026-01-20 11:24:25,244 - position: [ 0.16998117 -0.34208459  1.7979573 ] - angle: -1.5385857389919129
2026-01-20 11:24:25,472 - position: [ 0.16998117 -0.34208459  1.7979573 ] - angle: -1.5385857389919129
2026-01-20 11:24:25,704 - position: [ 0.16998117 -0.34208459  1.7979573 ] - angle: -1.5385857389919129
2026-01-20 11:24:25,932 - position: [ 0.16998117 -0.34208459  1.7979573 ] - angle: -1.5385857389919129
2026-01-20 11:24:26,194 - position: [ 0.17253534 -0.31075421  1.80249524] - angle: -1.5388362303671852
2026-01-20 11:24:26,460 - position: [ 0.17093943 -0.30577239  1.80269754] - angle: -1.5382093261805827
2026-01-20 11:24:26,730 - position: [ 0.16910349 -0.30115005  1.80604017] - angle: -1.5366983084196422
2026-01-20 11:24:26,969 - position: [ 0.16845512 -0.29693875  1.80847502] - angle: -1.5367939636801622
2026-01-20 11:24:27,193 - position: [ 0.16935688 -0.29371691  1.81320798] - angle: -1.5363661185032162
2026-01-20 11:24:27,446 - position: [ 0.17034963 -0.2921266   1.81718135] - angle: -1.5363033189923927
2026-01-20 11:24:27,682 - position: [ 0.1746105  -0.28628257  1.82100356] - angle: -1.5343920457925213
2026-01-20 11:24:27,935 - position: [ 0.17698817 -0.28530383  1.82471025] - angle: -1.534102998236302
2026-01-20 11:24:28,153 - position: [ 0.17812811 -0.28587717  1.82533062] - angle: -1.534184996778658
2026-01-20 11:24:28,372 - position: [ 0.18001398 -0.28740925  1.82472134] - angle: -1.5336972290673572
2026-01-20 11:24:28,632 - position: [ 0.18138851 -0.28884315  1.8251493 ] - angle: -1.5336188120145042
2026-01-20 11:24:28,838 - position: [ 0.18492962 -0.29407176  1.82749414] - angle: -1.5332618160663247
2026-01-20 11:24:29,072 - position: [ 0.18995634 -0.29717991  1.82823658] - angle: -1.5320919858740467
2026-01-20 11:24:29,344 - position: [ 0.19162035 -0.29664487  1.8265444 ] - angle: -1.531687847457384
2026-01-20 11:24:29,577 - position: [ 0.19472057 -0.2947557   1.82597125] - angle: -1.5328004101761317
2026-01-20 11:24:29,838 - position: [ 0.19689114 -0.29406679  1.82610381] - angle: -1.5312846815636338
2026-01-20 11:24:30,113 - position: [ 0.19689114 -0.29406679  1.82610381] - angle: -1.5312846815636338
2026-01-20 11:24:30,355 - position: [ 0.19791017 -0.29093686  1.82132292] - angle: -1.5320720071266622
2026-01-20 11:24:30,706 - position: [ 0.19751999 -0.28747609  1.81479228] - angle: -1.5311423745446429
2026-01-20 11:24:30,923 - position: [ 0.19723694 -0.28733686  1.81568468] - angle: -1.5307479959763302
2026-01-20 11:24:31,136 - position: [ 0.19714814 -0.28628686  1.81419063] - angle: -1.530571704760066
2026-01-20 11:24:31,390 - position: [ 0.19692886 -0.28474858  1.8104682 ] - angle: -1.531170577648918
2026-01-20 11:24:31,650 - position: [ 0.19598305 -0.28274536  1.80608094] - angle: -1.5315724879770891
2026-01-20 11:24:31,883 - position: [ 0.19598305 -0.28274536  1.80608094] - angle: -1.5315724879770891
2026-01-20 11:24:32,130 - position: [ 0.19359192 -0.2796776   1.78698611] - angle: -1.5336594938946755
2026-01-20 11:24:32,358 - position: [ 0.19359192 -0.2796776   1.78698611] - angle: -1.5336594938946755
2026-01-20 11:24:32,578 - position: [ 0.19359192 -0.2796776   1.78698611] - angle: -1.5336594938946755
2026-01-20 11:24:32,859 - position: [ 0.1882049  -0.28359246  1.77332628] - angle: -1.5291252524113284
2026-01-20 11:24:33,122 - position: [ 0.18427032 -0.28577703  1.76832664] - angle: -1.5292635057346877
2026-01-20 11:24:33,347 - position: [ 0.18184528 -0.28740421  1.76272583] - angle: -1.5300153335596773
2026-01-20 11:24:33,578 - position: [ 0.17866899 -0.29127085  1.7558558 ] - angle: -1.528850265348765
2026-01-20 11:24:33,822 - position: [ 0.17755221 -0.29186258  1.75361025] - angle: -1.5289838699998057
2026-01-20 11:24:34,044 - position: [ 0.17662077 -0.29182628  1.751122  ] - angle: -1.528524816070934
2026-01-20 11:24:34,323 - position: [ 0.17553823 -0.29091102  1.73986554] - angle: -1.5273084577403853
2026-01-20 11:24:34,689 - position: [ 0.1727601  -0.28913707  1.72914886] - angle: -1.526845024440179
2026-01-20 11:24:34,910 - position: [ 0.17019312 -0.28675753  1.71708763] - angle: -1.527771610478243
2026-01-20 11:24:35,182 - position: [ 0.16974354 -0.28607082  1.71183729] - angle: -1.5270139328360606
2026-01-20 11:24:35,385 - position: [ 0.1686241  -0.28518716  1.70683694] - angle: -1.5267002405402028
2026-01-20 11:24:35,646 - position: [ 0.16640854 -0.28552064  1.70415211] - angle: -1.5265685116729437
2026-01-20 11:24:35,856 - position: [ 0.16576204 -0.28578895  1.70373428] - angle: -1.5223773611108284
2026-01-20 11:24:36,073 - position: [ 0.16454685 -0.28526551  1.70384002] - angle: -1.5272353528508193
2026-01-20 11:24:36,302 - position: [ 0.16452175 -0.28485093  1.705387  ] - angle: -1.5255244738475082
2026-01-20 11:24:36,608 - position: [ 0.16452175 -0.28485093  1.705387  ] - angle: -1.5255244738475082
2026-01-20 11:24:36,868 - position: [ 0.15735134 -0.28518021  1.7163384 ] - angle: -1.5236134892025848
2026-01-20 11:24:37,161 - position: [ 0.15207869 -0.28811049  1.72515988] - angle: -1.522870266492546
2026-01-20 11:24:37,458 - position: [ 0.14722951 -0.29251954  1.73449552] - angle: -1.5225255075972655
2026-01-20 11:24:37,691 - position: [ 0.1434021  -0.29675525  1.74523652] - angle: -1.5212770439771273
2026-01-20 11:24:37,918 - position: [ 0.14311826 -0.29689854  1.74597228] - angle: -1.5209765143154441
2026-01-20 11:24:38,242 - position: [ 0.13904883 -0.29736179  1.75558949] - angle: -1.521126089426856
2026-01-20 11:24:38,487 - position: [ 0.13576049 -0.29791817  1.7620672 ] - angle: -1.5216593972019772
2026-01-20 11:24:38,716 - position: [ 0.13576049 -0.29791817  1.7620672 ] - angle: -1.5216593972019772
2026-01-20 11:24:38,988 - position: [ 0.13791569 -0.29715616  1.76679623] - angle: -1.5205942678996585
2026-01-20 11:24:39,274 - position: [ 0.13840553 -0.29858384  1.7671715 ] - angle: -1.5208911556195477
2026-01-20 11:24:39,546 - position: [ 0.13840553 -0.29858384  1.7671715 ] - angle: -1.5208911556195477
2026-01-20 11:24:39,797 - position: [ 0.13613194 -0.30601391  1.7682842 ] - angle: -1.5202196277013513
2026-01-20 11:24:40,009 - position: [ 0.13553908 -0.30535558  1.76840568] - angle: -1.5199636135194092
2026-01-20 11:24:40,321 - position: [ 0.13553908 -0.30535558  1.76840568] - angle: -1.5199636135194092
2026-01-20 11:24:40,557 - position: [ 0.13517451 -0.30382192  1.76807284] - angle: -1.5184770053063255
2026-01-20 11:24:40,798 - position: [ 0.13474011 -0.30112699  1.76781428] - angle: -1.5193042727449035
2026-01-20 11:24:41,075 - position: [ 0.13461918 -0.30054197  1.76789105] - angle: -1.518509613726399
2026-01-20 11:24:41,297 - position: [ 0.13461918 -0.30054197  1.76789105] - angle: -1.518509613726399
2026-01-20 11:24:41,561 - position: [ 0.14155106 -0.29454839  1.76928401] - angle: -1.5178579494263151
2026-01-20 11:24:41,789 - position: [ 0.14155106 -0.29454839  1.76928401] - angle: -1.5178579494263151
2026-01-20 11:24:41,998 - position: [ 0.14155106 -0.29454839  1.76928401] - angle: -1.5178579494263151
2026-01-20 11:24:42,314 - position: [ 0.14607742 -0.27924246  1.76368535] - angle: -1.5172983715586992
2026-01-20 11:24:42,577 - position: [ 0.14726996 -0.27624294  1.7646879 ] - angle: -1.516528367692087
2026-01-20 11:24:42,816 - position: [ 0.14864938 -0.27395821  1.76602793] - angle: -1.517599857598972
2026-01-20 11:24:43,155 - position: [ 0.15437421 -0.2686156   1.76844966] - angle: -1.5152238379216407
2026-01-20 11:24:43,375 - position: [ 0.15711083 -0.26685935  1.76941037] - angle: -1.5151901312354958
2026-01-20 11:24:43,703 - position: [ 0.15865614 -0.26342162  1.77089596] - angle: -1.5153916615568739
2026-01-20 11:24:43,957 - position: [ 0.15865076 -0.26029581  1.77317619] - angle: -1.514679256942277
2026-01-20 11:24:44,233 - position: [ 0.15886036 -0.25879154  1.77389562] - angle: -1.514254598929592
2026-01-20 11:24:44,485 - position: [ 0.15886036 -0.25879154  1.77389562] - angle: -1.514254598929592
2026-01-20 11:24:44,709 - position: [ 0.15650415 -0.24728489  1.78005326] - angle: -1.5147095036714613
2026-01-20 11:24:44,932 - position: [ 0.1549367  -0.24580692  1.78214335] - angle: -1.5139080666716227
2026-01-20 11:24:45,176 - position: [ 0.15337969 -0.24552357  1.78474271] - angle: -1.5142096666941325
2026-01-20 11:24:45,452 - position: [ 0.15123308 -0.24867052  1.7877171 ] - angle: -1.5132205632913518
2026-01-20 11:24:45,695 - position: [ 0.14888076 -0.25797421  1.79490256] - angle: -1.5115839521279697
2026-01-20 11:24:45,924 - position: [ 0.14892507 -0.25974587  1.79485965] - angle: -1.5108922590782656
2026-01-20 11:24:46,142 - position: [ 0.14791664 -0.26389572  1.79902673] - angle: -1.5101417422906795
2026-01-20 11:24:46,397 - position: [ 0.14490747 -0.27321827  1.80440724] - angle: -1.5099703804117879
2026-01-20 11:24:46,608 - position: [ 0.14502613 -0.27861109  1.80659533] - angle: -1.510875726329476
2026-01-20 11:24:46,839 - position: [ 0.14629565 -0.28130448  1.80657732] - angle: -1.5086751284897755
2026-01-20 11:24:47,054 - position: [ 0.15112381 -0.28776231  1.80304742] - angle: -1.5101620482317952
2026-01-20 11:24:47,307 - position: [ 0.15310986 -0.29196617  1.80121708] - angle: -1.5091423522936682
2026-01-20 11:24:47,534 - position: [ 0.15343343 -0.29241902  1.80071795] - angle: -1.508831591700091
2026-01-20 11:24:47,753 - position: [ 0.15334162 -0.29516718  1.79761851] - angle: -1.5092937681648904
2026-01-20 11:24:47,991 - position: [ 0.15336752 -0.29813978  1.79179955] - angle: -1.5088574639781345
2026-01-20 11:24:48,225 - position: [ 0.15444545 -0.30170238  1.78739536] - angle: -1.5090313553941743
2026-01-20 11:24:48,512 - position: [ 0.15478054 -0.30355123  1.78527486] - angle: -1.508462616409442
2026-01-20 11:24:48,802 - position: [ 0.15317179 -0.30507764  1.77728748] - angle: -1.5086629652887873
2026-01-20 11:24:49,035 - position: [ 0.15208031 -0.30620918  1.77667594] - angle: -1.5091752147520348
2026-01-20 11:24:49,272 - position: [ 0.15075727 -0.31464988  1.76781714] - angle: -1.5085156130097772
2026-01-20 11:24:49,499 - position: [ 0.15062748 -0.31556475  1.7672776 ] - angle: -1.507454372733465
2026-01-20 11:24:49,799 - position: [ 0.15040538 -0.33151296  1.75750053] - angle: -1.5065374045892717
2026-01-20 11:24:50,033 - position: [ 0.15043214 -0.33193636  1.7572093 ] - angle: -1.5064772963235336
2026-01-20 11:24:50,254 - position: [ 0.15043214 -0.33193636  1.7572093 ] - angle: -1.5064772963235336
2026-01-20 11:24:50,544 - position: [ 0.15287252 -0.33276811  1.75483453] - angle: -1.50404383882355
2026-01-20 11:24:50,812 - position: [ 0.1529803  -0.33099964  1.75434136] - angle: -1.5034062463774696
2026-01-20 11:24:51,088 - position: [ 0.15289772 -0.32722041  1.7519747 ] - angle: -1.5061576730130315
2026-01-20 11:24:51,348 - position: [ 0.15268669 -0.32124963  1.75042701] - angle: -1.504726805510677
2026-01-20 11:24:51,580 - position: [ 0.15420194 -0.31807339  1.75082624] - angle: -1.504231485514428
2026-01-20 11:24:51,807 - position: [ 0.15599315 -0.31664869  1.75033236] - angle: -1.503952870571153
2026-01-20 11:24:52,013 - position: [ 0.15710612 -0.31572032  1.74992597] - angle: -1.5024688271377564
2026-01-20 11:24:52,293 - position: [ 0.16230027 -0.31049904  1.74510086] - angle: -1.5025733294872694
2026-01-20 11:24:52,558 - position: [ 0.1640555  -0.30771765  1.74414229] - angle: -1.5027374859729052
2026-01-20 11:24:52,872 - position: [ 0.16644901 -0.30258712  1.742746  ] - angle: -1.5020169724092716
2026-01-20 11:24:53,135 - position: [ 0.16920219 -0.29736495  1.74148262] - angle: -1.5011767575780923
2026-01-20 11:24:53,430 - position: [ 0.1716512  -0.28970602  1.74219584] - angle: -1.500746109511816
2026-01-20 11:24:53,679 - position: [ 0.17384705 -0.28246731  1.74160504] - angle: -1.5000420154500045
2026-01-20 11:24:53,892 - position: [ 0.17545196 -0.27667999  1.74292135] - angle: -1.5001937142083785
2026-01-20 11:24:54,219 - position: [ 0.17567828 -0.2736817   1.74591792] - angle: -1.4997492212433348
2026-01-20 11:24:54,428 - position: [ 0.1763535  -0.26944944  1.74671555] - angle: -1.4998684962217204
2026-01-20 11:24:54,646 - position: [ 0.17608963 -0.26704589  1.74810302] - angle: -1.499183722584481
2026-01-20 11:24:54,885 - position: [ 0.17442259 -0.26556244  1.7509495 ] - angle: -1.498114903275459
2026-01-20 11:24:55,130 - position: [ 0.16754259 -0.26825991  1.75065386] - angle: -1.4988874641805379
2026-01-20 11:24:55,400 - position: [ 0.16336776 -0.27197981  1.75031078] - angle: -1.4998646242348501
2026-01-20 11:24:55,623 - position: [ 0.16191    -0.27383247  1.74961531] - angle: -1.4975672320040152
2026-01-20 11:24:55,866 - position: [ 0.16151573 -0.27433196  1.75076759] - angle: -1.4975593295614749
2026-01-20 11:24:56,142 - position: [ 0.16220258 -0.27442452  1.75041258] - angle: -1.49692461382271
2026-01-20 11:24:56,362 - position: [ 0.16421077 -0.27099344  1.74890041] - angle: -1.4962373684354193
2026-01-20 11:24:56,570 - position: [ 0.16425212 -0.2706582   1.74889958] - angle: -1.4959693494066162
2026-01-20 11:24:56,805 - position: [ 0.16309381 -0.26332748  1.74639714] - angle: -1.496626320696997
2026-01-20 11:24:57,053 - position: [ 0.16226676 -0.26197565  1.74589121] - angle: -1.4959763120354834
2026-01-20 11:24:57,287 - position: [ 0.15899296 -0.25963494  1.74405229] - angle: -1.4961991934762295
2026-01-20 11:24:57,493 - position: [ 0.15772925 -0.25908786  1.7435832 ] - angle: -1.4952733669281866
2026-01-20 11:24:57,778 - position: [ 0.15661421 -0.25741836  1.74307609] - angle: -1.4940567016199977
2026-01-20 11:24:57,996 - position: [ 0.15762542 -0.25625521  1.74320614] - angle: -1.4944494906113723
2026-01-20 11:24:58,264 - position: [ 0.15923353 -0.25485864  1.74406099] - angle: -1.4917908804209095
2026-01-20 11:24:58,480 - position: [ 0.16095798 -0.2549305   1.74590647] - angle: -1.493300942431278
2026-01-20 11:24:58,736 - position: [ 0.16310526 -0.25440437  1.74581242] - angle: -1.4902540503153725
2026-01-20 11:24:58,979 - position: [ 0.1638931  -0.25462759  1.74650371] - angle: -1.4923318707214954
2026-01-20 11:24:59,238 - position: [ 0.16471732 -0.25441682  1.74672925] - angle: -1.4891685459897976
2026-01-20 11:24:59,499 - position: [ 0.16435865 -0.25153202  1.74481368] - angle: -1.486652046802131
2026-01-20 11:24:59,741 - position: [ 0.16501532 -0.24970263  1.74139202] - angle: -1.4919940904674096
2026-01-20 11:25:00,002 - position: [ 0.16500743 -0.24806003  1.74130309] - angle: -1.487563997038993
2026-01-20 11:25:00,290 - position: [ 0.16431446 -0.24449453  1.74102211] - angle: -1.4875441365335016
2026-01-20 11:25:00,510 - position: [ 0.16482732 -0.24321352  1.74076128] - angle: -1.487053184926204
2026-01-20 11:25:00,729 - position: [ 0.16641831 -0.24201125  1.73937368] - angle: -1.488245546736474
2026-01-20 11:25:00,948 - position: [ 0.16753107 -0.24154325  1.73941004] - angle: -1.4877983331276448
2026-01-20 11:25:01,188 - position: [ 0.16921245 -0.24113847  1.73937428] - angle: -1.4860153636027182
2026-01-20 11:25:01,412 - position: [ 0.17088917 -0.24443834  1.7369616 ] - angle: -1.4863286536498617
2026-01-20 11:25:01,683 - position: [ 0.17035633 -0.24823412  1.73328638] - angle: -1.486650230685159
2026-01-20 11:25:01,897 - position: [ 0.16981106 -0.25072834  1.72949779] - angle: -1.4857209569441436
2026-01-20 11:25:02,101 - position: [ 0.16843115 -0.25246018  1.72855616] - angle: -1.4849969259349485
2026-01-20 11:25:02,426 - position: [ 0.16555464 -0.25577867  1.71701634] - angle: -1.484631294624613
2026-01-20 11:25:02,725 - position: [ 0.16123235 -0.25735193  1.70860469] - angle: -1.4838348452067378
2026-01-20 11:25:02,955 - position: [ 0.15939337 -0.25717831  1.70579588] - angle: -1.4840028289904281
2026-01-20 11:25:03,180 - position: [ 0.15939337 -0.25717831  1.70579588] - angle: -1.4840028289904281
2026-01-20 11:25:03,392 - position: [ 0.15808798 -0.25658476  1.70396423] - angle: -1.483957415054928
2026-01-20 11:25:03,686 - position: [ 0.15751256 -0.2555137   1.7037338 ] - angle: -1.4847944683361907
2026-01-20 11:25:03,909 - position: [ 0.15746544 -0.25413716  1.70468903] - angle: -1.4833809307548762
2026-01-20 11:25:04,144 - position: [ 0.15355033 -0.23908542  1.71331179] - angle: -1.4857384062590469
2026-01-20 11:25:04,408 - position: [ 0.1523364  -0.2336732   1.71951234] - angle: -1.483198167470026
2026-01-20 11:25:04,649 - position: [ 0.1523364  -0.2336732   1.71951234] - angle: -1.483198167470026
2026-01-20 11:25:04,882 - position: [ 0.1523364  -0.2336732   1.71951234] - angle: -1.483198167470026
2026-01-20 11:25:05,128 - position: [ 0.15395321 -0.23566699  1.73058951] - angle: -1.481236153097674
2026-01-20 11:25:05,349 - position: [ 0.15593003 -0.23982899  1.73159587] - angle: -1.4798993810163745
2026-01-20 11:25:05,577 - position: [ 0.15889728 -0.24413773  1.73236656] - angle: -1.480126409138367
2026-01-20 11:25:05,821 - position: [ 0.16017307 -0.24474004  1.73298311] - angle: -1.481222279731686
2026-01-20 11:25:06,068 - position: [ 0.15955374 -0.24328074  1.73388994] - angle: -1.479792963728403
2026-01-20 11:25:06,276 - position: [ 0.15620308 -0.24135789  1.73449051] - angle: -1.4801430802620907
2026-01-20 11:25:06,499 - position: [ 0.1521749  -0.23933701  1.73550487] - angle: -1.4799332671892378
2026-01-20 11:25:06,781 - position: [ 0.14817162 -0.23598388  1.7379961 ] - angle: -1.4799686833977548
2026-01-20 11:25:07,062 - position: [ 0.14687763 -0.23443568  1.73926699] - angle: -1.4785885022711414
2026-01-20 11:25:07,305 - position: [ 0.14791968 -0.23247112  1.7414875 ] - angle: -1.477547610300137
2026-01-20 11:25:07,517 - position: [ 0.14826858 -0.23180237  1.74228394] - angle: -1.4765837112577338
2026-01-20 11:25:07,758 - position: [ 0.14826858 -0.23180237  1.74228394] - angle: -1.4765837112577338
2026-01-20 11:25:07,991 - position: [ 0.14692502 -0.23063472  1.74250615] - angle: -1.4825768859552588
2026-01-20 11:25:08,256 - position: [ 0.14440632 -0.22664957  1.7452898 ] - angle: -1.4756072891149237
2026-01-20 11:25:08,480 - position: [ 0.14535913 -0.22368062  1.75210249] - angle: -1.474451432758776
2026-01-20 11:25:08,747 - position: [ 0.1467675  -0.22302891  1.75227773] - angle: -1.476181459574084
2026-01-20 11:25:09,070 - position: [ 0.15122198 -0.22512001  1.76380098] - angle: -1.4760576033936483
2026-01-20 11:25:09,339 - position: [ 0.15137905 -0.22594027  1.76394463] - angle: -1.4755785654628961
2026-01-20 11:25:09,561 - position: [ 0.15176807 -0.22821873  1.76571929] - angle: -1.473282609663873
2026-01-20 11:25:09,798 - position: [ 0.15258561 -0.22699793  1.76482904] - angle: -1.4753341146430046
2026-01-20 11:25:10,061 - position: [ 0.1524463  -0.2207839   1.76715267] - angle: -1.4754440430078808
2026-01-20 11:25:10,282 - position: [ 0.15246129 -0.22065982  1.7673254 ] - angle: -1.476032792237722
2026-01-20 11:25:10,570 - position: [ 0.14796755 -0.21521877  1.78138375] - angle: -1.4726201776358052
2026-01-20 11:25:10,777 - position: [ 0.14756534 -0.21505444  1.78294039] - angle: -1.4727192936097566
2026-01-20 11:25:11,028 - position: [ 0.14687376 -0.21577483  1.78736866] - angle: -1.4712912521291752
2026-01-20 11:25:11,296 - position: [ 0.14904618 -0.21437933  1.78690708] - angle: -1.4719121257001468
2026-01-20 11:25:11,525 - position: [ 0.1493777  -0.21343018  1.78678226] - angle: -1.4718587250628388
2026-01-20 11:25:11,750 - position: [ 0.14950252 -0.21310574  1.78669751] - angle: -1.471723828474853
2026-01-20 11:25:12,012 - position: [ 0.14872745 -0.21361475  1.78376043] - angle: -1.4713246589087094
2026-01-20 11:25:12,216 - position: [ 0.1487343  -0.21549033  1.78264499] - angle: -1.4699494155468331
2026-01-20 11:25:12,434 - position: [ 0.14964691 -0.21763577  1.78168154] - angle: -1.4701761999887255
2026-01-20 11:25:12,637 - position: [ 0.15079589 -0.21979958  1.78101146] - angle: -1.4702372125328647
2026-01-20 11:25:12,945 - position: [ 0.15209955 -0.22497126  1.78110385] - angle: -1.4693613473925797
2026-01-20 11:25:13,230 - position: [ 0.15595235 -0.23095936  1.77653098] - angle: -1.4681167784362308
2026-01-20 11:25:13,442 - position: [ 0.15812629 -0.23148181  1.77367795] - angle: -1.4669896210264493
2026-01-20 11:25:13,715 - position: [ 0.16086677 -0.23136394  1.77069747] - angle: -1.467847834244493
2026-01-20 11:25:13,943 - position: [ 0.16114603 -0.23152305  1.77038193] - angle: -1.4680732107509487
2026-01-20 11:25:14,189 - position: [ 0.16187869 -0.23192403  1.76979482] - angle: -1.4685025681488737
2026-01-20 11:25:14,457 - position: [ 0.16610095 -0.2326165   1.76807785] - angle: -1.4683691482513557
2026-01-20 11:25:14,666 - position: [ 0.16630843 -0.23255171  1.76797187] - angle: -1.4684408242416045
2026-01-20 11:25:14,903 - position: [ 0.16636777 -0.23253432  1.76796114] - angle: -1.4681688791876075
2026-01-20 11:25:15,138 - position: [ 0.16580109 -0.23146121  1.76775885] - angle: -1.4669753304656852
2026-01-20 11:25:15,372 - position: [ 0.15361728 -0.23096611  1.76966941] - angle: -1.4670323391855895
2026-01-20 11:25:15,590 - position: [ 0.14802392 -0.23060039  1.77150071] - angle: -1.4663014305513458
2026-01-20 11:25:15,865 - position: [ 0.14112902 -0.22171226  1.76935673] - angle: -1.4653410485055844
2026-01-20 11:25:16,104 - position: [ 0.14080867 -0.21800344  1.7679472 ] - angle: -1.4657457587234717
2026-01-20 11:25:16,322 - position: [ 0.14017028 -0.21854484  1.7672255 ] - angle: -1.4651842024838766
2026-01-20 11:25:16,604 - position: [ 0.13918862 -0.22125697  1.76616704] - angle: -1.4648075904550093
2026-01-20 11:25:16,843 - position: [ 0.13870028 -0.22794436  1.7647891 ] - angle: -1.4646140876292422
2026-01-20 11:25:17,092 - position: [ 0.1397576  -0.24060328  1.76287615] - angle: -1.4644108998839167
2026-01-20 11:25:17,358 - position: [ 0.14001057 -0.25057304  1.76281738] - angle: -1.4615107168854458
2026-01-20 11:25:17,597 - position: [ 0.14427601 -0.26644135  1.75746834] - angle: -1.464145732619531
2026-01-20 11:25:17,813 - position: [ 0.1462258  -0.27127075  1.75627804] - angle: -1.4646178557368614
2026-01-20 11:25:18,030 - position: [ 0.15020731 -0.28400257  1.75385892] - angle: -1.4625931413756428
2026-01-20 11:25:18,264 - position: [ 0.152885   -0.29474404  1.75223076] - angle: -1.470272193246097
2026-01-20 11:25:18,499 - position: [ 0.15532008 -0.3013055   1.75313008] - angle: -1.4614880038463065
2026-01-20 11:25:18,740 - position: [ 0.15534778 -0.3025561   1.75379086] - angle: -1.4615554412476377
2026-01-20 11:25:18,956 - position: [ 0.15371019 -0.30237409  1.75672066] - angle: -1.4595387022583233
2026-01-20 11:25:19,192 - position: [ 0.14883414 -0.28967255  1.75997484] - angle: -1.4617558165614382
2026-01-20 11:25:19,452 - position: [ 0.14618307 -0.28415805  1.76105213] - angle: -1.4614497644041222
2026-01-20 11:25:19,758 - position: [ 0.14388177 -0.27870661  1.76196802] - angle: -1.4611447625387592
2026-01-20 11:25:20,008 - position: [ 0.12827797 -0.23035483  1.75686526] - angle: -1.4599028164421495
2026-01-20 11:25:20,232 - position: [ 0.12694171 -0.218511    1.75245011] - angle: -1.4605226994097018
2026-01-20 11:25:20,470 - position: [ 0.12662473 -0.21313423  1.75011075] - angle: -1.4595983246960627
2026-01-20 11:25:20,730 - position: [ 0.12316516 -0.20145793  1.74576533] - angle: -1.459888692326066
2026-01-20 11:25:21,027 - position: [ 0.12084895 -0.19850278  1.74567056] - angle: -1.4593024376368011
2026-01-20 11:25:21,266 - position: [ 0.12084895 -0.19850278  1.74567056] - angle: -1.4593024376368011
2026-01-20 11:25:21,587 - position: [ 0.11483417 -0.18704431  1.74727035] - angle: -1.458017488676695
2026-01-20 11:25:21,874 - position: [ 0.11497222 -0.18870185  1.74609303] - angle: -1.4641399862207223
2026-01-20 11:25:22,126 - position: [ 0.11617435 -0.19093311  1.74784398] - angle: -1.457095327291754
2026-01-20 11:25:22,342 - position: [ 0.11683163 -0.19205916  1.74785686] - angle: -1.4588649088893249
2026-01-20 11:25:22,603 - position: [ 0.11741193 -0.19309233  1.74627507] - angle: -1.4626966851758954
2026-01-20 11:25:22,843 - position: [ 0.11730205 -0.1917056   1.74646282] - angle: -1.4567477512455969
2026-01-20 11:25:23,106 - position: [ 0.11730205 -0.1917056   1.74646282] - angle: -1.4567477512455969
2026-01-20 11:25:23,348 - position: [ 0.11621476 -0.18507764  1.74498391] - angle: -1.4569239086575938
2026-01-20 11:25:23,554 - position: [ 0.11641125 -0.18481989  1.74443924] - angle: -1.4563945708002555
2026-01-20 11:25:23,892 - position: [ 0.11602555 -0.18635409  1.74498057] - angle: -1.4556879134129894
2026-01-20 11:25:24,144 - position: [ 0.11474594 -0.18829298  1.74443805] - angle: -1.461106725937658
2026-01-20 11:25:24,378 - position: [ 0.11130667 -0.19715665  1.74416101] - angle: -1.4605416530561857
2026-01-20 11:25:24,615 - position: [ 0.1104939  -0.202233    1.74295974] - angle: -1.4605530477877262
2026-01-20 11:25:24,827 - position: [ 0.11046033 -0.20722869  1.74247646] - angle: -1.455888462901337
2026-01-20 11:25:25,065 - position: [ 0.11077418 -0.21323773  1.7409097 ] - angle: -1.4554049250928358
2026-01-20 11:25:25,290 - position: [ 0.11077418 -0.21323773  1.7409097 ] - angle: -1.4554049250928358
2026-01-20 11:25:25,542 - position: [ 0.11844905 -0.23625757  1.73861384] - angle: -1.4626712256025516
2026-01-20 11:25:25,831 - position: [ 0.12390256 -0.24856538  1.73537672] - angle: -1.460157976411753
2026-01-20 11:25:26,068 - position: [ 0.12666661 -0.25633255  1.73513949] - angle: -1.452731809250515
2026-01-20 11:25:26,360 - position: [ 0.12795837 -0.26271591  1.73085129] - angle: -1.4546126348644233
2026-01-20 11:25:26,606 - position: [ 0.1279763  -0.26505196  1.72962308] - angle: -1.455180040534751
2026-01-20 11:25:26,828 - position: [ 0.12745149 -0.26692688  1.72887611] - angle: -1.4548256829875807
2026-01-20 11:25:27,095 - position: [ 0.12425919 -0.27081737  1.72553635] - angle: -1.4588482901068582
2026-01-20 11:25:27,316 - position: [ 0.12415247 -0.27214295  1.7249428 ] - angle: -1.4582234002568772
2026-01-20 11:25:27,554 - position: [ 0.12435465 -0.27196324  1.72611928] - angle: -1.4528031075958245
2026-01-20 11:25:27,799 - position: [ 0.12468368 -0.27564606  1.72660375] - angle: -1.4531601219092631
2026-01-20 11:25:28,048 - position: [ 0.12609346 -0.27936548  1.72573888] - angle: -1.4577571994026313
2026-01-20 11:25:28,323 - position: [ 0.12625159 -0.28236997  1.72720695] - angle: -1.4571531064511585
2026-01-20 11:25:28,542 - position: [ 0.12544125 -0.28380418  1.726704  ] - angle: -1.4528100886894948
2026-01-20 11:25:28,756 - position: [ 0.12544125 -0.28380418  1.726704  ] - angle: -1.4528100886894948
2026-01-20 11:25:28,997 - position: [ 0.11856609 -0.2856003   1.72672272] - angle: -1.4525961343752702
2026-01-20 11:25:29,206 - position: [ 0.11848862 -0.28584382  1.72569263] - angle: -1.4573355399479357
2026-01-20 11:25:29,483 - position: [ 0.11835797 -0.28476638  1.72833252] - angle: -1.4510718243000236
2026-01-20 11:25:29,785 - position: [ 0.11449577 -0.28385454  1.72893143] - angle: -1.4512204751311195
2026-01-20 11:25:30,014 - position: [ 0.11194404 -0.28364381  1.72963476] - angle: -1.4562025430353525
2026-01-20 11:25:30,240 - position: [ 0.11194404 -0.28364381  1.72963476] - angle: -1.4562025430353525
2026-01-20 11:25:30,477 - position: [ 0.11194404 -0.28364381  1.72963476] - angle: -1.4562025430353525
2026-01-20 11:25:30,698 - position: [ 0.11194404 -0.28364381  1.72963476] - angle: -1.4562025430353525
2026-01-20 11:25:30,944 - position: [ 0.11194404 -0.28364381  1.72963476] - angle: -1.4562025430353525
2026-01-20 11:25:31,184 - position: [ 0.11194404 -0.28364381  1.72963476] - angle: -1.4562025430353525
2026-01-20 11:25:31,407 - position: [ 0.11194404 -0.28364381  1.72963476] - angle: -1.4562025430353525
2026-01-20 11:25:31,659 - position: [ 0.11194404 -0.28364381  1.72963476] - angle: -1.4562025430353525
2026-01-20 11:25:31,913 - position: [ 0.11194404 -0.28364381  1.72963476] - angle: -1.4562025430353525
2026-01-20 11:25:32,154 - position: [ 0.11194404 -0.28364381  1.72963476] - angle: -1.4562025430353525
2026-01-20 11:25:32,379 - position: [ 0.11194404 -0.28364381  1.72963476] - angle: -1.4562025430353525
2026-01-20 11:25:32,620 - position: [ 0.11194404 -0.28364381  1.72963476] - angle: -1.4562025430353525
2026-01-20 11:25:32,866 - position: [ 0.11194404 -0.28364381  1.72963476] - angle: -1.4562025430353525
2026-01-20 11:25:33,100 - position: [ 0.11194404 -0.28364381  1.72963476] - angle: -1.4562025430353525
2026-01-20 11:25:33,336 - position: [ 0.11194404 -0.28364381  1.72963476] - angle: -1.4562025430353525
2026-01-20 11:25:33,561 - position: [ 0.11194404 -0.28364381  1.72963476] - angle: -1.4562025430353525
2026-01-20 11:25:33,804 - position: [ 0.11194404 -0.28364381  1.72963476] - angle: -1.4562025430353525
2026-01-20 11:25:34,041 - position: [ 0.11194404 -0.28364381  1.72963476] - angle: -1.4562025430353525
2026-01-20 11:25:34,283 - position: [ 0.11194404 -0.28364381  1.72963476] - angle: -1.4562025430353525
2026-01-20 11:25:34,504 - position: [ 0.11194404 -0.28364381  1.72963476] - angle: -1.4562025430353525
2026-01-20 11:25:34,736 - position: [ 0.11194404 -0.28364381  1.72963476] - angle: -1.4562025430353525
2026-01-20 11:25:35,077 - position: [ 0.11194404 -0.28364381  1.72963476] - angle: -1.4562025430353525
2026-01-20 11:25:35,402 - position: [ 0.14227808 -0.31133157  1.84964955] - angle: -1.44160037617939
2026-01-20 11:25:35,691 - position: [ 0.14406271 -0.31249091  1.85132241] - angle: -1.4426346006563469
2026-01-20 11:25:35,908 - position: [ 0.14539699 -0.3146323   1.85500968] - angle: -1.4434156249627788
2026-01-20 11:25:36,167 - position: [ 0.1465845  -0.31515247  1.85504532] - angle: -1.4433392057969288
2026-01-20 11:25:36,490 - position: [ 0.14699559 -0.31525385  1.85511851] - angle: -1.4428441351011423
2026-01-20 11:25:36,715 - position: [ 0.14836103 -0.31649491  1.85487449] - angle: -1.440607437826789
2026-01-20 11:25:36,980 - position: [ 0.1500264  -0.31803226  1.85496473] - angle: -1.4410404792082931
2026-01-20 11:25:37,224 - position: [ 0.1500264  -0.31803226  1.85496473] - angle: -1.4410404792082931
2026-01-20 11:25:37,435 - position: [ 0.15043835 -0.31775633  1.85492146] - angle: -1.4414667500992122
2026-01-20 11:25:37,667 - position: [ 0.15011625 -0.3143414   1.86240709] - angle: -1.4392444262980058
2026-01-20 11:25:37,918 - position: [ 0.15054017 -0.31366321  1.86366236] - angle: -1.438280153833249
2026-01-20 11:25:38,129 - position: [ 0.15076299 -0.31474414  1.86323154] - angle: -1.4388257515541665
2026-01-20 11:25:38,368 - position: [ 0.15018991 -0.31569901  1.8629123 ] - angle: -1.4397064431636064
2026-01-20 11:25:38,606 - position: [ 0.14901631 -0.31766811  1.86303568] - angle: -1.438161574434052
2026-01-20 11:25:38,844 - position: [ 0.14893603 -0.31897324  1.86451089] - angle: -1.43835574753956
2026-01-20 11:25:39,075 - position: [ 0.14826931 -0.31894678  1.86508536] - angle: -1.4377549565474812
2026-01-20 11:25:39,292 - position: [ 0.14820497 -0.31894886  1.86517227] - angle: -1.4363893438201094
2026-01-20 11:25:39,559 - position: [ 0.14736395 -0.32005876  1.86439753] - angle: -1.4375832442592253
2026-01-20 11:25:39,809 - position: [ 0.14700669 -0.32139376  1.86319613] - angle: -1.4375990894093
2026-01-20 11:25:40,066 - position: [ 0.14943212 -0.32195801  1.85849309] - angle: -1.437131183703364
2026-01-20 11:25:40,304 - position: [ 0.14989287 -0.31886476  1.85330725] - angle: -1.4363663353339717
2026-01-20 11:25:40,541 - position: [ 0.14946763 -0.31393424  1.84711719] - angle: -1.4362928537719437
2026-01-20 11:25:40,757 - position: [ 0.14861608 -0.31079799  1.84104455] - angle: -1.4384194792000558
2026-01-20 11:25:40,990 - position: [ 0.14680587 -0.30916473  1.8381381 ] - angle: -1.4354797250295759
2026-01-20 11:25:41,357 - position: [ 0.14418639 -0.30826274  1.83372247] - angle: -1.4377029708455784
2026-01-20 11:25:41,596 - position: [ 0.14331308 -0.30739516  1.8305409 ] - angle: -1.439897419960786
2026-01-20 11:25:41,830 - position: [ 0.14183696 -0.30702335  1.83021009] - angle: -1.4369008732992965
2026-01-20 11:25:42,064 - position: [ 0.14183696 -0.30702335  1.83021009] - angle: -1.4369008732992965
2026-01-20 11:25:42,290 - position: [ 0.12957871 -0.30503112  1.82462788] - angle: -1.4355982854268627
2026-01-20 11:25:42,501 - position: [ 0.12668011 -0.30399138  1.82432973] - angle: -1.4350421372957411
2026-01-20 11:25:42,723 - position: [ 0.12400701 -0.30296335  1.82229483] - angle: -1.4371950299164364
2026-01-20 11:25:42,950 - position: [ 0.12354444 -0.30297747  1.82224345] - angle: -1.437284218553616
2026-01-20 11:25:43,164 - position: [ 0.1242576  -0.30430022  1.82191658] - angle: -1.4361195985451474
2026-01-20 11:25:43,403 - position: [ 0.12522118 -0.30538324  1.82126188] - angle: -1.4352939266885891
2026-01-20 11:25:43,670 - position: [ 0.12502766 -0.30480891  1.82018399] - angle: -1.4360936740418482
2026-01-20 11:25:43,961 - position: [ 0.12500457 -0.3035627   1.82084513] - angle: -1.4337878392477457
2026-01-20 11:25:44,223 - position: [ 0.12516005 -0.30347279  1.82077098] - angle: -1.4336464360864847
2026-01-20 11:25:44,430 - position: [ 0.12731218 -0.30309409  1.81865644] - angle: -1.4339181394115705
2026-01-20 11:25:44,655 - position: [ 0.13145301 -0.30215168  1.81406462] - angle: -1.4354994756899169
2026-01-20 11:25:44,913 - position: [ 0.13536197 -0.29750171  1.81297362] - angle: -1.433457246649796
2026-01-20 11:25:45,159 - position: [ 0.13596496 -0.29541975  1.81297553] - angle: -1.4342695453209005
2026-01-20 11:25:45,386 - position: [ 0.13692616 -0.29042557  1.81372225] - angle: -1.4339264375690606
2026-01-20 11:25:45,612 - position: [ 0.13678157 -0.28825378  1.81428039] - angle: -1.4339035514118996
2026-01-20 11:25:45,877 - position: [ 0.13486493 -0.28690147  1.81777775] - angle: -1.4306182265687144
2026-01-20 11:25:46,151 - position: [ 0.13304259 -0.28948793  1.82389307] - angle: -1.430705558845986
2026-01-20 11:25:46,380 - position: [ 0.13099125 -0.29205927  1.8277719 ] - angle: -1.429535050469179
2026-01-20 11:25:46,614 - position: [ 0.130365   -0.29294673  1.82867157] - angle: -1.4294619739197025
2026-01-20 11:25:46,911 - position: [ 0.12663446 -0.29888231  1.83621466] - angle: -1.4292630026252877
2026-01-20 11:25:47,197 - position: [ 0.12634987 -0.29875332  1.84065831] - angle: -1.4291461362234745
2026-01-20 11:25:47,432 - position: [ 0.12524839 -0.29831615  1.8447752 ] - angle: -1.428645229591289
2026-01-20 11:25:47,647 - position: [ 0.12318794 -0.29816553  1.84979916] - angle: -1.4297295181311274
2026-01-20 11:25:47,958 - position: [ 0.12152926 -0.2986981   1.85579765] - angle: -1.4237407995812097
2026-01-20 11:25:48,185 - position: [ 0.12058122 -0.29776588  1.85823023] - angle: -1.4300302515796424
2026-01-20 11:25:48,419 - position: [ 0.12163169 -0.29816005  1.8653425 ] - angle: -1.4329412151141572
2026-01-20 11:25:48,663 - position: [ 0.12165747 -0.29825625  1.86594975] - angle: -1.4275233638078166
2026-01-20 11:25:48,941 - position: [ 0.12165747 -0.29825625  1.86594975] - angle: -1.4275233638078166
2026-01-20 11:25:49,181 - position: [ 0.12575299 -0.30105111  1.86483741] - angle: -1.4264426103785404
2026-01-20 11:25:49,417 - position: [ 0.12628005 -0.30170664  1.86492109] - angle: -1.4268513887216168
2026-01-20 11:25:49,657 - position: [ 0.12710294 -0.30507416  1.86414874] - angle: -1.4256997811150605
2026-01-20 11:25:49,878 - position: [ 0.12692395 -0.30402124  1.86606991] - angle: -1.4261320540256914
2026-01-20 11:25:50,114 - position: [ 0.12682378 -0.30386049  1.86628747] - angle: -1.426308878899626
2026-01-20 11:25:50,405 - position: [ 0.12621284 -0.30114469  1.87112117] - angle: -1.4304083801981706
2026-01-20 11:25:50,666 - position: [ 0.12683429 -0.29920456  1.87058973] - angle: -1.4265072480072996
2026-01-20 11:25:50,908 - position: [ 0.1282683  -0.29726824  1.87527013] - angle: -1.42466757497293
2026-01-20 11:25:51,122 - position: [ 0.13078627 -0.29812849  1.87628388] - angle: -1.426156889161319
2026-01-20 11:25:51,353 - position: [ 0.13291034 -0.30078784  1.87948418] - angle: -1.424749024069659
2026-01-20 11:25:51,598 - position: [ 0.13379475 -0.30380145  1.88382006] - angle: -1.4248332936763735
2026-01-20 11:25:51,803 - position: [ 0.13470142 -0.30564186  1.88361144] - angle: -1.4264268050137097
2026-01-20 11:25:52,022 - position: [ 0.13527185 -0.30782157  1.88397837] - angle: -1.4236415875090462
2026-01-20 11:25:52,240 - position: [ 0.13594225 -0.30869293  1.88413393] - angle: -1.4245963104791777
2026-01-20 11:25:52,462 - position: [ 0.13740151 -0.30842686  1.88617051] - angle: -1.4223446734468488
2026-01-20 11:25:52,700 - position: [ 0.13923311 -0.3085756   1.88422751] - angle: -1.4245158195247143
2026-01-20 11:25:52,911 - position: [ 0.14247428 -0.31037083  1.88394725] - angle: -1.4249231610187278
2026-01-20 11:25:53,135 - position: [ 0.14383191 -0.31166211  1.88362002] - angle: -1.424023881268373
2026-01-20 11:25:53,362 - position: [ 0.14510845 -0.31174147  1.88439775] - angle: -1.422678401481451
2026-01-20 11:25:53,612 - position: [ 0.14547534 -0.31114647  1.88411093] - angle: -1.422040376700438
2026-01-20 11:25:53,859 - position: [ 0.14514902 -0.30920649  1.88423252] - angle: -1.4246439319397934
2026-01-20 11:25:54,127 - position: [ 0.14434643 -0.3029989   1.88432205] - angle: -1.4232598447467777
2026-01-20 11:25:54,367 - position: [ 0.1425584  -0.3032476   1.88629472] - angle: -1.4234281263642843
2026-01-20 11:25:54,574 - position: [ 0.13974681 -0.30585414  1.88759208] - angle: -1.4230299139499736
2026-01-20 11:25:54,840 - position: [ 0.13591555 -0.31128708  1.89132786] - angle: -1.422202175329375
2026-01-20 11:25:55,101 - position: [ 0.13283318 -0.31592739  1.89566016] - angle: -1.421836531530031
2026-01-20 11:25:55,411 - position: [ 0.1320878  -0.3188543   1.89906585] - angle: -1.4205916883127396
2026-01-20 11:25:55,678 - position: [ 0.13204835 -0.32319227  1.89744115] - angle: -1.4215959877145878
2026-01-20 11:25:55,886 - position: [ 0.13195151 -0.32889315  1.89638293] - angle: -1.4213882604395929
2026-01-20 11:25:56,094 - position: [ 0.13215376 -0.33185214  1.89510047] - angle: -1.4217042520059517
2026-01-20 11:25:56,324 - position: [ 0.13318913 -0.33265746  1.89299107] - angle: -1.421335120176718
2026-01-20 11:25:56,600 - position: [ 0.13332541 -0.33044019  1.88895023] - angle: -1.4205703467075677
2026-01-20 11:25:56,824 - position: [ 0.13220111 -0.32477492  1.88878727] - angle: -1.4205225943060018
2026-01-20 11:25:57,111 - position: [ 0.13158298 -0.32294604  1.88813496] - angle: -1.4211893726313458
2026-01-20 11:25:57,342 - position: [ 0.13070384 -0.32105121  1.88619268] - angle: -1.4267731363849214
2026-01-20 11:25:57,574 - position: [ 0.13141935 -0.32046384  1.88710177] - angle: -1.419489301990125
2026-01-20 11:25:57,868 - position: [ 0.13098125 -0.31995958  1.88917041] - angle: -1.4182771323848686
2026-01-20 11:25:58,123 - position: [ 0.13112199 -0.31928456  1.88751388] - angle: -1.4206848617389243
2026-01-20 11:25:58,376 - position: [ 0.13100287 -0.3195183   1.88786221] - angle: -1.419496686113133
2026-01-20 11:25:58,621 - position: [ 0.13166542 -0.32031173  1.89073753] - angle: -1.42328804008715
2026-01-20 11:25:58,874 - position: [ 0.12995362 -0.31770983  1.89341342] - angle: -1.4190095757257826
2026-01-20 11:25:59,115 - position: [ 0.12828308 -0.3144843   1.89308536] - angle: -1.4188263812582922
2026-01-20 11:25:59,366 - position: [ 0.12832685 -0.31000647  1.89566278] - angle: -1.419589480730663
2026-01-20 11:25:59,632 - position: [ 0.13229655 -0.30544472  1.89400792] - angle: -1.4182896269748277
2026-01-20 11:25:59,913 - position: [ 0.13456792 -0.30379725  1.8938607 ] - angle: -1.4182177147780202
2026-01-20 11:26:00,142 - position: [ 0.13971749 -0.30232507  1.89710426] - angle: -1.4173157697099201
2026-01-20 11:26:00,373 - position: [ 0.14123857 -0.30229616  1.89644468] - angle: -1.4181965528395626
2026-01-20 11:26:00,598 - position: [ 0.13999955 -0.30454415  1.89899492] - angle: -1.4220108151506374
2026-01-20 11:26:00,872 - position: [ 0.13799834 -0.3056519   1.89716017] - angle: -1.4187999695181257
2026-01-20 11:26:01,100 - position: [ 0.13392478 -0.30806643  1.89983118] - angle: -1.4165311453724763
2026-01-20 11:26:01,366 - position: [ 0.131593   -0.30979198  1.89869046] - angle: -1.4182218197069383
2026-01-20 11:26:01,580 - position: [ 0.13075191 -0.31005609  1.8995496 ] - angle: -1.4191318696405069
2026-01-20 11:26:01,794 - position: [ 0.12661813 -0.31299254  1.90353775] - angle: -1.417932389987167
2026-01-20 11:26:02,000 - position: [ 0.12661813 -0.31299254  1.90353775] - angle: -1.417932389987167
2026-01-20 11:26:02,228 - position: [ 0.13024025 -0.30993077  1.90287197] - angle: -1.4177839286083818
2026-01-20 11:26:02,442 - position: [ 0.13170524 -0.30823401  1.90026164] - angle: -1.4173106483042153
2026-01-20 11:26:02,675 - position: [ 0.13855243 -0.29216403  1.89803791] - angle: -1.4163987650171892
2026-01-20 11:26:02,927 - position: [ 0.14114125 -0.27765784  1.89583027] - angle: -1.420344498260131
2026-01-20 11:26:03,176 - position: [ 0.14101455 -0.26477772  1.89385283] - angle: -1.4158841815245915
2026-01-20 11:26:03,414 - position: [ 0.14152026 -0.26056755  1.89562058] - angle: -1.4203624283662717
2026-01-20 11:26:03,651 - position: [ 0.14128624 -0.25822476  1.89375031] - angle: -1.4156878563093223
2026-01-20 11:26:03,879 - position: [ 0.14268318 -0.25964966  1.89331734] - angle: -1.4149791311097606
2026-01-20 11:26:04,099 - position: [ 0.14333525 -0.26251838  1.89321756] - angle: -1.4151456131533515
2026-01-20 11:26:04,338 - position: [ 0.14375548 -0.27235243  1.89517093] - angle: -1.4151708919296948
2026-01-20 11:26:04,546 - position: [ 0.14310056 -0.27498254  1.89495277] - angle: -1.4147649777848774
2026-01-20 11:26:04,808 - position: [ 0.14450328 -0.28452256  1.89779902] - angle: -1.4149536761766819
2026-01-20 11:26:05,027 - position: [ 0.14876021 -0.29055059  1.90012944] - angle: -1.4178444782384823
2026-01-20 11:26:05,270 - position: [ 0.15014856 -0.29217213  1.89749539] - angle: -1.4128823405483786
2026-01-20 11:26:05,564 - position: [ 0.14974001 -0.29055727  1.89267802] - angle: -1.412583970714488
2026-01-20 11:26:05,840 - position: [ 0.14741436 -0.28705513  1.88925886] - angle: -1.4125085709024967
2026-01-20 11:26:06,070 - position: [ 0.14476824 -0.28341001  1.88562465] - angle: -1.4130653730905114
2026-01-20 11:26:06,332 - position: [ 0.14403903 -0.28271627  1.88354206] - angle: -1.4119594674536677
2026-01-20 11:26:06,577 - position: [ 0.14429659 -0.28596351  1.88095987] - angle: -1.4124020742442762
2026-01-20 11:26:06,792 - position: [ 0.14435171 -0.28754634  1.87983477] - angle: -1.4118829858380972
2026-01-20 11:26:07,022 - position: [ 0.14239487 -0.29457045  1.87772334] - angle: -1.4126770728925964
2026-01-20 11:26:07,244 - position: [ 0.14147043 -0.29679826  1.87435091] - angle: -1.413384877660942
2026-01-20 11:26:07,471 - position: [ 0.1417989  -0.30156586  1.87233341] - angle: -1.4117212624461923
2026-01-20 11:26:07,746 - position: [ 0.14168255 -0.30851623  1.87056911] - angle: -1.4102216682921802
2026-01-20 11:26:07,980 - position: [ 0.14190325 -0.31044793  1.86780798] - angle: -1.4121562530401683
2026-01-20 11:26:08,211 - position: [ 0.14219108 -0.31358302  1.86724937] - angle: -1.4108042328133088
2026-01-20 11:26:08,478 - position: [ 0.14294966 -0.31526756  1.86547697] - angle: -1.4114419338197228
2026-01-20 11:26:08,686 - position: [ 0.14224875 -0.31288972  1.86177361] - angle: -1.4110161267954684
2026-01-20 11:26:08,967 - position: [ 0.13942485 -0.30607617  1.86062622] - angle: -1.4092533695052638
2026-01-20 11:26:09,232 - position: [ 0.1391809  -0.30350277  1.85855615] - angle: -1.410255334818495
2026-01-20 11:26:09,515 - position: [ 0.13775817 -0.29655612  1.8569746 ] - angle: -1.4096177838150639
2026-01-20 11:26:09,803 - position: [ 0.1359378  -0.29269943  1.85430968] - angle: -1.4104741114483725
2026-01-20 11:26:10,016 - position: [ 0.13433352 -0.28940111  1.85563028] - angle: -1.4138772053375845
2026-01-20 11:26:10,253 - position: [ 0.13433352 -0.28940111  1.85563028] - angle: -1.4138772053375845
2026-01-20 11:26:10,588 - position: [ 0.13433352 -0.28940111  1.85563028] - angle: -1.4138772053375845
2026-01-20 11:26:10,842 - position: [ 0.13121176 -0.28005901  1.85438442] - angle: -1.4080160028472886
2026-01-20 11:26:11,085 - position: [ 0.13321963 -0.27502346  1.85804057] - angle: -1.4062344609008939
2026-01-20 11:26:11,300 - position: [ 0.13452426 -0.27268955  1.85833645] - angle: -1.406103252773915
2026-01-20 11:26:11,540 - position: [ 0.13482332 -0.27205491  1.8583684 ] - angle: -1.407259808576359
2026-01-20 11:26:11,776 - position: [ 0.13482332 -0.27205491  1.8583684 ] - angle: -1.407259808576359
2026-01-20 11:26:12,014 - position: [ 0.13482332 -0.27205491  1.8583684 ] - angle: -1.407259808576359
2026-01-20 11:26:12,251 - position: [ 0.14155735 -0.25484884  1.85981798] - angle: -1.4067797157875273
2026-01-20 11:26:12,479 - position: [ 0.14044781 -0.25226453  1.86080611] - angle: -1.4062286856837387
2026-01-20 11:26:12,719 - position: [ 0.13744943 -0.2467104   1.8663646 ] - angle: -1.4069357514968295
2026-01-20 11:26:12,931 - position: [ 0.13498318 -0.2441102   1.87090707] - angle: -1.4048828750965585
2026-01-20 11:26:13,143 - position: [ 0.13261351 -0.24411255  1.8723948 ] - angle: -1.4062709492296332
2026-01-20 11:26:13,415 - position: [ 0.13261351 -0.24411255  1.8723948 ] - angle: -1.4062709492296332
2026-01-20 11:26:13,633 - position: [ 0.1291067  -0.24458462  1.87711632] - angle: -1.4096517609394983
2026-01-20 11:26:13,880 - position: [ 0.12826057 -0.24412671  1.87742555] - angle: -1.4051110024970237
2026-01-20 11:26:14,119 - position: [ 0.13262551 -0.24730062  1.8757304 ] - angle: -1.4092900110941975
2026-01-20 11:26:14,333 - position: [ 0.13515335 -0.25012258  1.87129056] - angle: -1.4061822221268727
2026-01-20 11:26:14,556 - position: [ 0.13515335 -0.25012258  1.87129056] - angle: -1.4061822221268727
2026-01-20 11:26:14,785 - position: [ 0.14030293 -0.25439334  1.86923194] - angle: -1.409047146011018
2026-01-20 11:26:15,043 - position: [ 0.14191785 -0.2569674   1.86511946] - angle: -1.4044355962463815
2026-01-20 11:26:15,249 - position: [ 0.14209197 -0.25920555  1.86399841] - angle: -1.4083830003594722
2026-01-20 11:26:15,492 - position: [ 0.14183193 -0.25936833  1.86304843] - angle: -1.4087495287533778
2026-01-20 11:26:15,742 - position: [ 0.14017203 -0.25965732  1.85804927] - angle: -1.4046388837764292
2026-01-20 11:26:16,007 - position: [ 0.13725452 -0.26083288  1.85578752] - angle: -1.4039614079427967
2026-01-20 11:26:16,250 - position: [ 0.13433231 -0.26081625  1.85392582] - angle: -1.405186585025684
2026-01-20 11:26:16,513 - position: [ 0.13259673 -0.26141641  1.85242033] - angle: -1.4006835567675862
2026-01-20 11:26:16,746 - position: [ 0.12907113 -0.26291311  1.85076928] - angle: -1.404221257773572
2026-01-20 11:26:16,955 - position: [ 0.12465276 -0.26826453  1.84831977] - angle: -1.4042990482566986
2026-01-20 11:26:17,188 - position: [ 0.12273076 -0.27147493  1.84443855] - angle: -1.4045972498583796
2026-01-20 11:26:17,396 - position: [ 0.12173836 -0.27316034  1.84309113] - angle: -1.4044954779820618
2026-01-20 11:26:17,632 - position: [ 0.12173836 -0.27316034  1.84309113] - angle: -1.4044954779820618
2026-01-20 11:26:17,900 - position: [ 0.11904587 -0.27351135  1.84081721] - angle: -1.4028457772765597
2026-01-20 11:26:18,133 - position: [ 0.12012225 -0.27023679  1.84093976] - angle: -1.4011895456201708
2026-01-20 11:26:18,370 - position: [ 0.12003423 -0.26886895  1.84244072] - angle: -1.4006532157015097
2026-01-20 11:26:18,650 - position: [ 0.11823139 -0.26527882  1.84154975] - angle: -1.4012656518050024
2026-01-20 11:26:18,956 - position: [ 0.11584213 -0.2656576   1.8438735 ] - angle: -1.3994622814351163
2026-01-20 11:26:19,162 - position: [ 0.11379363 -0.26720685  1.84471214] - angle: -1.3978917478468875
2026-01-20 11:26:19,451 - position: [ 0.11074573 -0.26844257  1.84752703] - angle: -1.3993342866719294
2026-01-20 11:26:19,728 - position: [ 0.11081831 -0.26794654  1.84773672] - angle: -1.4007738106795742
2026-01-20 11:26:19,992 - position: [ 0.11059443 -0.26899043  1.85139775] - angle: -1.3988898319251923
2026-01-20 11:26:20,231 - position: [ 0.1111793  -0.27268726  1.85503197] - angle: -1.3974402843295404
2026-01-20 11:26:20,487 - position: [ 0.11258952 -0.27531272  1.85543478] - angle: -1.3978849123802366
2026-01-20 11:26:20,729 - position: [ 0.11303128 -0.28002235  1.85880065] - angle: -1.3971633206568415
2026-01-20 11:26:20,945 - position: [ 0.11305661 -0.28244203  1.85983527] - angle: -1.3987650613408449
2026-01-20 11:26:21,157 - position: [ 0.11392798 -0.28800932  1.86066401] - angle: -1.3983046424838008
2026-01-20 11:26:21,389 - position: [ 0.11392798 -0.28800932  1.86066401] - angle: -1.3983046424838008
2026-01-20 11:26:21,616 - position: [ 0.11420272 -0.28980616  1.86121798] - angle: -1.398127756353552
2026-01-20 11:26:21,836 - position: [ 0.11481496 -0.29486784  1.86384726] - angle: -1.3967889463244365
2026-01-20 11:26:22,067 - position: [ 0.11525737 -0.29698628  1.86438739] - angle: -1.397768788659839
2026-01-20 11:26:22,302 - position: [ 0.11628797 -0.29922849  1.86467361] - angle: -1.3960877045790276
2026-01-20 11:26:22,559 - position: [ 0.11795868 -0.30395892  1.86471701] - angle: -1.3969499952642894
2026-01-20 11:26:22,893 - position: [ 0.1234757  -0.32327628  1.86095679] - angle: -1.394215625353529
2026-01-20 11:26:23,169 - position: [ 0.13078776 -0.32864836  1.8636744 ] - angle: -1.3929183816826134
2026-01-20 11:26:23,542 - position: [ 0.13670863 -0.32967424  1.86581385] - angle: -1.3934923502033132
2026-01-20 11:26:23,756 - position: [ 0.13978477 -0.33048728  1.86729741] - angle: -1.3940173425946676
2026-01-20 11:26:23,998 - position: [ 0.14218254 -0.33073309  1.86867201] - angle: -1.3934375698696608
2026-01-20 11:26:24,217 - position: [ 0.14434624 -0.33064085  1.86967313] - angle: -1.3937287371313345
2026-01-20 11:26:24,442 - position: [ 0.14720541 -0.32921386  1.87159169] - angle: -1.392282057768043
2026-01-20 11:26:24,666 - position: [ 0.14836738 -0.32822612  1.87118924] - angle: -1.3941518846520826
2026-01-20 11:26:24,918 - position: [ 0.15106754 -0.32531634  1.88000882] - angle: -1.3921042333251923
2026-01-20 11:26:25,140 - position: [ 0.15221629 -0.32393986  1.89042211] - angle: -1.3926300469936823
2026-01-20 11:26:25,386 - position: [ 0.15451071 -0.31973374  1.89700437] - angle: -1.3936027382114986
2026-01-20 11:26:25,604 - position: [ 0.1558456  -0.31569576  1.90196466] - angle: -1.3940906834635887
2026-01-20 11:26:25,844 - position: [ 0.15498008 -0.30923802  1.90205634] - angle: -1.3945029897773922
2026-01-20 11:26:26,076 - position: [ 0.15381393 -0.30327392  1.90190208] - angle: -1.3925974167523818
2026-01-20 11:26:26,301 - position: [ 0.15371075 -0.29916114  1.90088141] - angle: -1.39175325258981
2026-01-20 11:26:26,557 - position: [ 0.15236773 -0.29418197  1.89849639] - angle: -1.3923268124623758
2026-01-20 11:26:26,762 - position: [ 0.15236773 -0.29418197  1.89849639] - angle: -1.3923268124623758
2026-01-20 11:26:26,994 - position: [ 0.15058407 -0.29081854  1.89694774] - angle: -1.389223961783503
2026-01-20 11:26:27,215 - position: [ 0.14982811 -0.2939193   1.89917254] - angle: -1.3904102241364606
2026-01-20 11:26:27,453 - position: [ 0.14851844 -0.29689521  1.90007818] - angle: -1.3888216349840445
2026-01-20 11:26:27,700 - position: [ 0.14622727 -0.30033261  1.89950526] - angle: -1.3891827112151307
2026-01-20 11:26:27,922 - position: [ 0.14505512 -0.30133069  1.9000001 ] - angle: -1.3888648624081847
2026-01-20 11:26:28,136 - position: [ 0.14332137 -0.30225646  1.90494621] - angle: -1.3929933193070987
2026-01-20 11:26:28,354 - position: [ 0.14273381 -0.30227706  1.9034853 ] - angle: -1.3887604343860582
2026-01-20 11:26:28,610 - position: [ 0.14257091 -0.30223042  1.90620852] - angle: -1.3881049029205546
2026-01-20 11:26:28,864 - position: [ 0.14295411 -0.3018322   1.90721965] - angle: -1.3880365614945958
2026-01-20 11:26:29,089 - position: [ 0.1451401  -0.29904741  1.91009641] - angle: -1.3877415626619651
2026-01-20 11:26:29,302 - position: [ 0.14655674 -0.29621655  1.91251791] - angle: -1.3874457235183226
2026-01-20 11:26:29,612 - position: [ 0.14380004 -0.29224151  1.92033303] - angle: -1.3862341335835873
2026-01-20 11:26:29,854 - position: [ 0.14308555 -0.29184222  1.92109299] - angle: -1.3860093580212451
2026-01-20 11:26:30,081 - position: [ 0.14267141 -0.2909967   1.92307484] - angle: -1.3878736649064418
2026-01-20 11:26:30,346 - position: [ 0.14189707 -0.29099596  1.92311418] - angle: -1.3871981927802892
2026-01-20 11:26:30,570 - position: [ 0.14139421 -0.29105252  1.92300308] - angle: -1.3875711058615732
2026-01-20 11:26:30,838 - position: [ 0.13900264 -0.29127857  1.92195988] - angle: -1.3870119905370082
2026-01-20 11:26:31,068 - position: [ 0.13520725 -0.291325    1.91760075] - angle: -1.3848423935204406
2026-01-20 11:26:31,359 - position: [ 0.13642223 -0.29102615  1.91437411] - angle: -1.384785471977405
2026-01-20 11:26:31,570 - position: [ 0.13840176 -0.29177591  1.91225076] - angle: -1.38580855489827
2026-01-20 11:26:31,847 - position: [ 0.14005212 -0.29270533  1.91009557] - angle: -1.38354684541937
2026-01-20 11:26:32,060 - position: [ 0.14175685 -0.29240796  1.90490985] - angle: -1.3836759973145272
2026-01-20 11:26:32,277 - position: [ 0.14202778 -0.29197925  1.90124953] - angle: -1.383434242234197
2026-01-20 11:26:32,489 - position: [ 0.14206375 -0.29205483  1.90098202] - angle: -1.3833578211448878
2026-01-20 11:26:32,764 - position: [ 0.14093845 -0.29629317  1.89733553] - angle: -1.3835186513658813
2026-01-20 11:26:33,071 - position: [ 0.14092192 -0.29646882  1.89720595] - angle: -1.3830322324694673
2026-01-20 11:26:33,345 - position: [ 0.14097326 -0.30855936  1.89147413] - angle: -1.3808791716341209
2026-01-20 11:26:33,583 - position: [ 0.1422777  -0.31572619  1.8883332 ] - angle: -1.3809019745030988
2026-01-20 11:26:33,816 - position: [ 0.14267083 -0.31699947  1.88813162] - angle: -1.3804723510811767
2026-01-20 11:26:34,066 - position: [ 0.14234085 -0.31967786  1.88679838] - angle: -1.3803774856931286
2026-01-20 11:26:34,307 - position: [ 0.14237379 -0.32083595  1.88682508] - angle: -1.3798379383320238
2026-01-20 11:26:34,549 - position: [ 0.14237571 -0.32089037  1.8868258 ] - angle: -1.3799081634289512
2026-01-20 11:26:34,778 - position: [ 0.14278437 -0.32115224  1.88769495] - angle: -1.3811609269368206
2026-01-20 11:26:35,054 - position: [ 0.14269026 -0.32134449  1.88894391] - angle: -1.3789245344638528
2026-01-20 11:26:35,312 - position: [ 0.14829986 -0.30403194  1.88951862] - angle: -1.3796017629253607
2026-01-20 11:26:35,563 - position: [ 0.14804798 -0.29693225  1.89150512] - angle: -1.3801183123248122
2026-01-20 11:26:35,789 - position: [ 0.14765112 -0.29443285  1.89428473] - angle: -1.3800129601794358
2026-01-20 11:26:36,025 - position: [ 0.14815651 -0.29069266  1.89411783] - angle: -1.3808470016744936
2026-01-20 11:26:36,226 - position: [ 0.14783387 -0.29037508  1.89386094] - angle: -1.3797767942284098
2026-01-20 11:26:36,492 - position: [ 0.14898954 -0.27064782  1.8921504 ] - angle: -1.3797922814772283
2026-01-20 11:26:36,718 - position: [ 0.14913352 -0.2663714   1.89155424] - angle: -1.379079377973695
2026-01-20 11:26:36,947 - position: [ 0.14874114 -0.2586025   1.89002728] - angle: -1.3771386822154468
2026-01-20 11:26:37,189 - position: [ 0.14646894 -0.25049523  1.88953817] - angle: -1.378038629163719
2026-01-20 11:26:37,415 - position: [ 0.14451775 -0.24765313  1.8894012 ] - angle: -1.378117684021063
2026-01-20 11:26:37,659 - position: [ 0.14363852 -0.24584901  1.88941324] - angle: -1.3767106102445705
2026-01-20 11:26:37,890 - position: [ 0.1435073  -0.24547227  1.88944674] - angle: -1.3767042861484518
2026-01-20 11:26:38,122 - position: [ 0.14334817 -0.2452154   1.88949859] - angle: -1.3770636411362212
2026-01-20 11:26:38,366 - position: [ 0.14397757 -0.24219894  1.88862348] - angle: -1.3781740662665354
2026-01-20 11:26:38,573 - position: [ 0.14926367 -0.2400727   1.88256133] - angle: -1.3758069791627299
2026-01-20 11:26:38,838 - position: [ 0.15150659 -0.24483263  1.87877166] - angle: -1.3739488790002627
2026-01-20 11:26:39,076 - position: [ 0.15446588 -0.25080195  1.87624145] - angle: -1.375280339361718
2026-01-20 11:26:39,296 - position: [ 0.15561485 -0.25516179  1.87443006] - angle: -1.3747973280690697
2026-01-20 11:26:39,551 - position: [ 0.15876956 -0.26370865  1.8753103 ] - angle: -1.3786427648593351
2026-01-20 11:26:39,784 - position: [ 0.16042393 -0.26542813  1.87393236] - angle: -1.3734770181797789
2026-01-20 11:26:40,005 - position: [ 0.16011712 -0.26740065  1.87468028] - angle: -1.374568036318852
2026-01-20 11:26:40,260 - position: [ 0.16004603 -0.273375    1.87456501] - angle: -1.3719800976399479
2026-01-20 11:26:40,517 - position: [ 0.16028343 -0.27781844  1.87392366] - angle: -1.3722892132180675
2026-01-20 11:26:40,767 - position: [ 0.16089883 -0.28692922  1.87176621] - angle: -1.3697006053138447
2026-01-20 11:26:40,980 - position: [ 0.16189189 -0.29547635  1.86954725] - angle: -1.3693722386087477
2026-01-20 11:26:41,205 - position: [ 0.16189189 -0.29547635  1.86954725] - angle: -1.3693722386087477
2026-01-20 11:26:41,496 - position: [ 0.16648895 -0.3155303   1.86342609] - angle: -1.3698921101731658
2026-01-20 11:26:41,716 - position: [ 0.16706675 -0.31647936  1.86337376] - angle: -1.3688556008820134
2026-01-20 11:26:41,947 - position: [ 0.16830805 -0.31897208  1.86340392] - angle: -1.3693562637470587
2026-01-20 11:26:42,177 - position: [ 0.16956358 -0.31645989  1.86412537] - angle: -1.369009067251083
2026-01-20 11:26:42,401 - position: [ 0.17027622 -0.3123996   1.86572659] - angle: -1.3686052769666062
2026-01-20 11:26:42,621 - position: [ 0.1702169  -0.31168106  1.86601603] - angle: -1.3690464011138004
2026-01-20 11:26:42,960 - position: [ 0.16626708 -0.30007088  1.86892283] - angle: -1.3666437562481089
2026-01-20 11:26:43,240 - position: [ 0.15652889 -0.29206821  1.86807358] - angle: -1.3654697266521616
2026-01-20 11:26:43,476 - position: [ 0.1491352  -0.28661287  1.86511767] - angle: -1.3665935359955785
2026-01-20 11:26:43,734 - position: [ 0.14718263 -0.28429803  1.86365187] - angle: -1.3651971358760808
2026-01-20 11:26:43,984 - position: [ 0.14544317 -0.28015918  1.8628881 ] - angle: -1.3660225316090502
2026-01-20 11:26:44,196 - position: [ 0.14523388 -0.2796191   1.86274588] - angle: -1.366001179228408
2026-01-20 11:26:44,438 - position: [ 0.14352766 -0.27457812  1.86302137] - angle: -1.3665104575985558
2026-01-20 11:26:44,665 - position: [ 0.14334786 -0.27424312  1.8630203 ] - angle: -1.3664624559949208
2026-01-20 11:26:45,057 - position: [ 0.14194237 -0.26802549  1.86506557] - angle: -1.3659391691419125
2026-01-20 11:26:45,386 - position: [ 0.15458126 -0.28362647  1.86371589] - angle: -1.3623823902180239
2026-01-20 11:26:45,592 - position: [ 0.15458126 -0.28362647  1.86371589] - angle: -1.3623823902180239
2026-01-20 11:26:45,810 - position: [ 0.15932311 -0.29004276  1.86202729] - angle: -1.3629105198524019
2026-01-20 11:26:46,087 - position: [ 0.15597066 -0.29224193  1.86428535] - angle: -1.3618992932769798
2026-01-20 11:26:46,332 - position: [ 0.15181823 -0.29142791  1.86597466] - angle: -1.3627309668381136
2026-01-20 11:26:46,574 - position: [ 0.14573805 -0.2890923   1.86892366] - angle: -1.3632180927620854
2026-01-20 11:26:46,903 - position: [ 0.13853493 -0.27975896  1.87315226] - angle: -1.363553973384748
2026-01-20 11:26:47,151 - position: [ 0.13758561 -0.27607182  1.87381458] - angle: -1.3624366496505025
2026-01-20 11:26:47,382 - position: [ 0.13794391 -0.27314591  1.87284243] - angle: -1.3620129381432142
2026-01-20 11:26:47,619 - position: [ 0.13862757 -0.27051708  1.87314546] - angle: -1.3613868476023456
2026-01-20 11:26:47,864 - position: [ 0.13896742 -0.26844239  1.87414336] - angle: -1.3612952070719544
2026-01-20 11:26:48,086 - position: [ 0.13896742 -0.26844239  1.87414336] - angle: -1.3612952070719544
2026-01-20 11:26:48,297 - position: [ 0.13672042 -0.25834256  1.87799788] - angle: -1.3592155202154603
2026-01-20 11:26:48,525 - position: [ 0.13667053 -0.25716412  1.8787384 ] - angle: -1.3606647263812537
2026-01-20 11:26:48,727 - position: [ 0.13841629 -0.25488406  1.88026476] - angle: -1.3589221761069687
2026-01-20 11:26:48,937 - position: [ 0.13859777 -0.25463933  1.88045299] - angle: -1.3593514750837632
2026-01-20 11:26:49,163 - position: [ 0.13845941 -0.25445047  1.8806448 ] - angle: -1.3595486752211854
2026-01-20 11:26:49,374 - position: [ 0.13794087 -0.25466126  1.87932622] - angle: -1.3592469249004355
2026-01-20 11:26:49,633 - position: [ 0.137712   -0.25462592  1.87844014] - angle: -1.359415905921955
2026-01-20 11:26:49,857 - position: [ 0.13676096 -0.25394291  1.87568152] - angle: -1.3604671187898125
2026-01-20 11:26:50,074 - position: [ 0.13731062 -0.25678763  1.8671639 ] - angle: -1.360344358469335
2026-01-20 11:26:50,287 - position: [ 0.1402206  -0.25878885  1.86402309] - angle: -1.3595590504295223
2026-01-20 11:26:50,509 - position: [ 0.14161249 -0.26069516  1.86107075] - angle: -1.359022685294779
2026-01-20 11:26:50,749 - position: [ 0.14268124 -0.26110661  1.86019075] - angle: -1.3608955114054995
2026-01-20 11:26:51,005 - position: [ 0.14265744 -0.2615467   1.85947275] - angle: -1.361595693840643
2026-01-20 11:26:51,268 - position: [ 0.14025103 -0.26180243  1.85902691] - angle: -1.3605178342047575
2026-01-20 11:26:51,520 - position: [ 0.13747908 -0.2625353   1.85792041] - angle: -1.3584378735657596
2026-01-20 11:26:51,758 - position: [ 0.13641538 -0.26292035  1.85724711] - angle: -1.3585180724660613
2026-01-20 11:26:51,977 - position: [ 0.13614684 -0.26307097  1.85698342] - angle: -1.358839420799574
2026-01-20 11:26:52,193 - position: [ 0.13615844 -0.26371539  1.8551358 ] - angle: -1.3586752439482628
2026-01-20 11:26:52,402 - position: [ 0.13609077 -0.26413518  1.85439134] - angle: -1.3578819457252829
2026-01-20 11:26:52,613 - position: [ 0.13641492 -0.26402497  1.85003507] - angle: -1.3583374789898075
2026-01-20 11:26:52,823 - position: [ 0.13578492 -0.26451036  1.84756398] - angle: -1.3572140294254718
2026-01-20 11:26:53,096 - position: [ 0.13435012 -0.26565996  1.84331882] - angle: -1.3569674803146339
2026-01-20 11:26:53,431 - position: [ 0.13351147 -0.26738086  1.84067345] - angle: -1.3577032813672312
2026-01-20 11:26:53,689 - position: [ 0.13303067 -0.26825389  1.83975732] - angle: -1.3564274802588874
2026-01-20 11:26:53,937 - position: [ 0.13303067 -0.26825389  1.83975732] - angle: -1.3564274802588874
2026-01-20 11:26:54,171 - position: [ 0.12787482 -0.27873933  1.82295561] - angle: -1.3545689783342736
2026-01-20 11:26:54,459 - position: [ 0.12802544 -0.27880192  1.82282329] - angle: -1.354327194002988
2026-01-20 11:26:54,723 - position: [ 0.13506836 -0.27325544  1.81338441] - angle: -1.3548287052220909
2026-01-20 11:26:54,951 - position: [ 0.13698107 -0.26803899  1.8121599 ] - angle: -1.3553587807616125
2026-01-20 11:26:55,221 - position: [ 0.13910745 -0.25626069  1.81124771] - angle: -1.3541780936963645
2026-01-20 11:26:55,489 - position: [ 0.13775803 -0.2523028   1.81485915] - angle: -1.3527172673799521
2026-01-20 11:26:55,751 - position: [ 0.1333331  -0.247198    1.81640995] - angle: -1.3548004825689577
2026-01-20 11:26:55,990 - position: [ 0.13262033 -0.24653667  1.8171649 ] - angle: -1.3536277079777679
2026-01-20 11:26:56,220 - position: [ 0.13262033 -0.24653667  1.8171649 ] - angle: -1.3536277079777679
2026-01-20 11:26:56,427 - position: [ 0.12826096 -0.2444912   1.82160676] - angle: -1.354230531811437
2026-01-20 11:26:56,697 - position: [ 0.11971716 -0.25665575  1.82767677] - angle: -1.354235103556639
2026-01-20 11:26:56,986 - position: [ 0.12044428 -0.26112404  1.83008194] - angle: -1.3519600038846757
2026-01-20 11:26:57,205 - position: [ 0.12236292 -0.26639256  1.83256888] - angle: -1.351534294598745
2026-01-20 11:26:57,435 - position: [ 0.12707642 -0.27637771  1.83972108] - angle: -1.353893207102848
2026-01-20 11:26:57,661 - position: [ 0.12924464 -0.27933991  1.84257603] - angle: -1.3531427443526072
2026-01-20 11:26:57,934 - position: [ 0.13235112 -0.28408718  1.84810364] - angle: -1.3530755704063404
2026-01-20 11:26:58,226 - position: [ 0.13547625 -0.28699985  1.85729301] - angle: -1.3511963747443185
2026-01-20 11:26:58,438 - position: [ 0.13454518 -0.28751189  1.86531758] - angle: -1.3519255765936684
2026-01-20 11:26:58,680 - position: [ 0.13420086 -0.28774783  1.86746764] - angle: -1.3527842439129785
2026-01-20 11:26:58,930 - position: [ 0.13152923 -0.29075143  1.87635267] - angle: -1.3518533521516094
2026-01-20 11:26:59,202 - position: [ 0.13101521 -0.29287463  1.87759495] - angle: -1.347268222979451
2026-01-20 11:26:59,496 - position: [ 0.12489407 -0.30309993  1.87436008] - angle: -1.3511116642146646
2026-01-20 11:26:59,751 - position: [ 0.12455436 -0.30435649  1.87381542] - angle: -1.3509886556550086
2026-01-20 11:26:59,984 - position: [ 0.12445948 -0.30301565  1.8728646 ] - angle: -1.3512773300128944
2026-01-20 11:27:00,212 - position: [ 0.12409557 -0.30328476  1.87233341] - angle: -1.3501089358939913
2026-01-20 11:27:00,486 - position: [ 0.12404587 -0.30446503  1.87016809] - angle: -1.3496974257913226
2026-01-20 11:27:00,692 - position: [ 0.12431028 -0.31012258  1.86724043] - angle: -1.3488074111164283
2026-01-20 11:27:00,951 - position: [ 0.12350715 -0.31510323  1.86524403] - angle: -1.349032038284303
2026-01-20 11:27:01,186 - position: [ 0.12195503 -0.31759813  1.8650769 ] - angle: -1.3492836867975497
2026-01-20 11:27:01,412 - position: [ 0.12131412 -0.3181521   1.86504531] - angle: -1.3482070251305251
2026-01-20 11:27:01,663 - position: [ 0.12123799 -0.31827146  1.86508298] - angle: -1.3481755019738086
2026-01-20 11:27:01,921 - position: [ 0.12674211 -0.31924549  1.86492932] - angle: -1.347242219794135
2026-01-20 11:27:02,123 - position: [ 0.12777147 -0.31964532  1.86476254] - angle: -1.3481564165141728
2026-01-20 11:27:02,356 - position: [ 0.12763104 -0.32155758  1.86374331] - angle: -1.3472332111321088
2026-01-20 11:27:02,581 - position: [ 0.1273708  -0.32232347  1.86378229] - angle: -1.3464202674186638
2026-01-20 11:27:02,792 - position: [ 0.12670296 -0.32344088  1.86366022] - angle: -1.3459718543015144
2026-01-20 11:27:03,035 - position: [ 0.12672804 -0.32385376  1.86372316] - angle: -1.345452937677829
2026-01-20 11:27:03,262 - position: [ 0.12950039 -0.32768759  1.86400914] - angle: -1.345425876599109
2026-01-20 11:27:03,506 - position: [ 0.13129646 -0.33005357  1.86491299] - angle: -1.3452150071081972
2026-01-20 11:27:03,738 - position: [ 0.13187379 -0.33084923  1.8657105 ] - angle: -1.3452807834732736
2026-01-20 11:27:03,957 - position: [ 0.13192162 -0.33120745  1.86629307] - angle: -1.3444674152588791
2026-01-20 11:27:04,159 - position: [ 0.13187945 -0.3299126   1.8689028 ] - angle: -1.343940554205934
2026-01-20 11:27:04,525 - position: [ 0.13532746 -0.32539567  1.87044799] - angle: -1.3447080064030157
2026-01-20 11:27:04,804 - position: [ 0.1398665  -0.32047504  1.87383997] - angle: -1.3450461873732311
2026-01-20 11:27:05,084 - position: [ 0.14249805 -0.31415066  1.87677097] - angle: -1.3453347943714826
2026-01-20 11:27:05,444 - position: [ 0.14457057 -0.3081336   1.88259947] - angle: -1.3451774172800213
2026-01-20 11:27:05,661 - position: [ 0.14369284 -0.30202854  1.8877238 ] - angle: -1.3446861981381146
2026-01-20 11:27:05,886 - position: [ 0.14450896 -0.29407588  1.8934058 ] - angle: -1.3453762050794018
2026-01-20 11:27:06,123 - position: [ 0.14491187 -0.28851679  1.89551067] - angle: -1.345468389050108
2026-01-20 11:27:06,338 - position: [ 0.14500958 -0.28745204  1.89588904] - angle: -1.3448816566604322
2026-01-20 11:27:06,559 - position: [ 0.14500844 -0.28138503  1.89646852] - angle: -1.3427718779197808
2026-01-20 11:27:06,783 - position: [ 0.14674978 -0.27211013  1.89663565] - angle: -1.3438721583196886
2026-01-20 11:27:06,997 - position: [ 0.14674978 -0.27211013  1.89663565] - angle: -1.3438721583196886
2026-01-20 11:27:07,252 - position: [ 0.14315009 -0.26416203  1.88843429] - angle: -1.342434634738399
2026-01-20 11:27:07,469 - position: [ 0.14127427 -0.26740405  1.88407743] - angle: -1.3426446801084562
2026-01-20 11:27:07,688 - position: [ 0.14032358 -0.27435344  1.87779653] - angle: -1.3417292880266332
2026-01-20 11:27:07,928 - position: [ 0.1405476  -0.27740657  1.87385464] - angle: -1.3413407523074987
2026-01-20 11:27:08,189 - position: [ 0.14133728 -0.28053463  1.86736977] - angle: -1.3401724558600163
2026-01-20 11:27:08,458 - position: [ 0.1424742  -0.28130117  1.86604977] - angle: -1.3394564893353698
2026-01-20 11:27:08,748 - position: [ 0.1447988  -0.28315303  1.86696553] - angle: -1.338777235126178
2026-01-20 11:27:08,984 - position: [ 0.14566821 -0.28615898  1.86880577] - angle: -1.3384383140918534
2026-01-20 11:27:09,219 - position: [ 0.14538345 -0.28863943  1.86958146] - angle: -1.3391373930397727
2026-01-20 11:27:09,448 - position: [ 0.1458865  -0.2903944   1.86974728] - angle: -1.339363104173513
2026-01-20 11:27:09,686 - position: [ 0.14612462 -0.29074198  1.86970663] - angle: -1.3396000032118627
2026-01-20 11:27:09,992 - position: [ 0.14764173 -0.2954466   1.86793733] - angle: -1.3377404688292436
2026-01-20 11:27:10,243 - position: [ 0.1479295  -0.3032217   1.86501133] - angle: -1.3374164722064767
2026-01-20 11:27:10,520 - position: [ 0.1422185  -0.32789266  1.85254407] - angle: -1.336405623310478
2026-01-20 11:27:10,736 - position: [ 0.14030822 -0.33034766  1.85134685] - angle: -1.3361417244573115
2026-01-20 11:27:10,980 - position: [ 0.13890773 -0.33328617  1.84989357] - angle: -1.3371739948159953
2026-01-20 11:27:11,263 - position: [ 0.13739839 -0.33640802  1.84926283] - angle: -1.3343659146604385
2026-01-20 11:27:11,495 - position: [ 0.13402662 -0.33862886  1.84867835] - angle: -1.3358163213009204
2026-01-20 11:27:11,720 - position: [ 0.13338634 -0.33817998  1.84868467] - angle: -1.3368207438982087
2026-01-20 11:27:11,970 - position: [ 0.13312721 -0.33592612  1.85002494] - angle: -1.334996969876101
2026-01-20 11:27:12,177 - position: [ 0.13311337 -0.33526394  1.85123456] - angle: -1.335342256286908
2026-01-20 11:27:12,397 - position: [ 0.13338909 -0.33620247  1.85370314] - angle: -1.3338178388632738
2026-01-20 11:27:12,682 - position: [ 0.13638498 -0.33947006  1.8529743 ] - angle: -1.3362330952201238
2026-01-20 11:27:12,993 - position: [ 0.14354002 -0.34949702  1.85339868] - angle: -1.3355627430804184
2026-01-20 11:27:13,236 - position: [ 0.15041192 -0.35744974  1.85490465] - angle: -1.33677666024706
2026-01-20 11:27:13,492 - position: [ 0.152109   -0.35940787  1.85500646] - angle: -1.3359623911101237
2026-01-20 11:27:13,726 - position: [ 0.16114347 -0.36095336  1.85952246] - angle: -1.3374776826340535
2026-01-20 11:27:13,977 - position: [ 0.17642193 -0.35801113  1.86040246] - angle: -1.3335976825670786
2026-01-20 11:27:14,217 - position: [ 0.18123785 -0.3556301   1.86160493] - angle: -1.3354141508528121
2026-01-20 11:27:14,488 - position: [ 0.18202117 -0.35027525  1.86339378] - angle: -1.3336707535471208
2026-01-20 11:27:14,716 - position: [ 0.18017048 -0.34124607  1.86417234] - angle: -1.3346704615172893
2026-01-20 11:27:14,959 - position: [ 0.18004094 -0.33550277  1.86379182] - angle: -1.3323567670988292
2026-01-20 11:27:15,205 - position: [ 0.17971084 -0.33088097  1.86306143] - angle: -1.3333190374865729
2026-01-20 11:27:15,450 - position: [ 0.1781518  -0.32814196  1.86180174] - angle: -1.33187967398624
2026-01-20 11:27:15,669 - position: [ 0.17648837 -0.32666159  1.86131084] - angle: -1.3321280966584537
