2024-07-18 16:12:23,997 - position: [0. 0. 0.]
2024-07-18 16:12:24,209 - position: [0. 0. 0.]
2024-07-18 16:12:24,433 - position: [0. 0. 0.]
2024-07-18 16:12:24,653 - position: [0. 0. 0.]
2024-07-18 16:12:24,903 - position: [0. 0. 0.]
2024-07-18 16:12:25,112 - position: [0. 0. 0.]
2024-07-18 16:12:25,344 - position: [0. 0. 0.]
2024-07-18 16:12:25,551 - position: [0. 0. 0.]
2024-07-18 16:12:25,753 - position: [0. 0. 0.]
2024-07-18 16:12:26,011 - position: [0. 0. 0.]
2024-07-18 16:12:26,249 - position: [0. 0. 0.]
2024-07-18 16:12:26,495 - position: [0. 0. 0.]
2024-07-18 16:12:26,769 - position: [0. 0. 0.]
2024-07-18 16:12:26,977 - position: [0. 0. 0.]
2024-07-18 16:12:27,243 - position: [0. 0. 0.]
2024-07-18 16:12:27,493 - position: [0. 0. 0.]
2024-07-18 16:12:27,701 - position: [0. 0. 0.]
2024-07-18 16:12:27,950 - position: [0. 0. 0.]
2024-07-18 16:12:28,237 - position: [0. 0. 0.]
2024-07-18 16:12:28,461 - position: [0. 0. 0.]
2024-07-18 16:12:28,723 - position: [0. 0. 0.]
2024-07-18 16:12:28,942 - position: [0. 0. 0.]
2024-07-18 16:12:29,157 - position: [0. 0. 0.]
2024-07-18 16:12:29,385 - position: [0. 0. 0.]
2024-07-18 16:12:29,657 - position: [0. 0. 0.]
2024-07-18 16:12:29,901 - position: [0. 0. 0.]
2024-07-18 16:12:30,153 - position: [0. 0. 0.]
2024-07-18 16:12:30,383 - position: [0. 0. 0.]
2024-07-18 16:12:30,629 - position: [0. 0. 0.]
2024-07-18 16:12:30,867 - position: [0. 0. 0.]
2024-07-18 16:12:31,085 - position: [0. 0. 0.]
2024-07-18 16:12:31,317 - position: [0. 0. 0.]
2024-07-18 16:12:31,574 - position: [0. 0. 0.]
2024-07-18 16:12:31,796 - position: [0. 0. 0.]
2024-07-18 16:12:32,029 - position: [0. 0. 0.]
2024-07-18 16:12:32,293 - position: [0. 0. 0.]
2024-07-18 16:12:32,528 - position: [0. 0. 0.]
2024-07-18 16:12:32,844 - position: [0. 0. 0.]
2024-07-18 16:12:33,113 - position: [0. 0. 0.]
2024-07-18 16:12:33,373 - position: [0. 0. 0.]
2024-07-18 16:12:33,622 - position: [0. 0. 0.]
2024-07-18 16:12:33,929 - position: [0. 0. 0.]
2024-07-18 16:12:34,243 - position: [0. 0. 0.]
2024-07-18 16:12:34,485 - position: [0. 0. 0.]
2024-07-18 16:12:34,729 - position: [0. 0. 0.]
2024-07-18 16:12:35,027 - position: [0. 0. 0.]
2024-07-18 16:12:35,253 - position: [-3.04423833 -0.96862507  1.44288015]
2024-07-18 16:12:35,483 - position: [-3.01765466 -0.98912221  1.42528903]
2024-07-18 16:12:35,711 - position: [-3.00441527 -1.00521684  1.41679811]
2024-07-18 16:12:35,983 - position: [-2.99057889 -1.01932335  1.38336647]
2024-07-18 16:12:36,211 - position: [-3.01271796 -1.09846461  1.2366519 ]
2024-07-18 16:12:36,586 - position: [-3.01994443 -1.16860127  0.7567426 ]
2024-07-18 16:12:36,877 - position: [-3.03589702 -1.11189866  0.5536707 ]
2024-07-18 16:12:37,152 - position: [-3.04075885 -1.08375084  0.49480239]
2024-07-18 16:12:37,437 - position: [-3.04075885 -1.08375084  0.49480239]
2024-07-18 16:12:37,662 - position: [-3.04075885 -1.08375084  0.49480239]
2024-07-18 16:12:37,884 - position: [-3.04075885 -1.08375084  0.49480239]
2024-07-18 16:12:38,103 - position: [-3.04075885 -1.08375084  0.49480239]
2024-07-18 16:12:38,395 - position: [-3.04075885 -1.08375084  0.49480239]
2024-07-18 16:12:38,686 - position: [-3.04075885 -1.08375084  0.49480239]
2024-07-18 16:12:38,894 - position: [-3.04075885 -1.08375084  0.49480239]
2024-07-18 16:12:39,111 - position: [-3.04075885 -1.08375084  0.49480239]
2024-07-18 16:12:39,357 - position: [-3.04075885 -1.08375084  0.49480239]
2024-07-18 16:12:39,614 - position: [-3.04075885 -1.08375084  0.49480239]
2024-07-18 16:12:39,827 - position: [-3.04075885 -1.08375084  0.49480239]
2024-07-18 16:12:40,072 - position: [-3.04075885 -1.08375084  0.49480239]
2024-07-18 16:12:40,298 - position: [-3.04075885 -1.08375084  0.49480239]
2024-07-18 16:12:40,586 - position: [-3.04075885 -1.08375084  0.49480239]
2024-07-18 16:12:40,885 - position: [-3.04075885 -1.08375084  0.49480239]
2024-07-18 16:12:41,148 - position: [-3.04075885 -1.08375084  0.49480239]
2024-07-18 16:12:41,367 - position: [-3.04075885 -1.08375084  0.49480239]
2024-07-18 16:12:41,614 - position: [-3.04075885 -1.08375084  0.49480239]
2024-07-18 16:12:41,849 - position: [-3.04075885 -1.08375084  0.49480239]
2024-07-18 16:12:42,075 - position: [-3.04075885 -1.08375084  0.49480239]
2024-07-18 16:12:42,366 - position: [-3.04075885 -1.08375084  0.49480239]
2024-07-18 16:12:42,578 - position: [-3.04075885 -1.08375084  0.49480239]
2024-07-18 16:12:42,852 - position: [-3.04075885 -1.08375084  0.49480239]
2024-07-18 16:12:43,132 - position: [-3.04075885 -1.08375084  0.49480239]
2024-07-18 16:12:43,371 - position: [-3.04075885 -1.08375084  0.49480239]
2024-07-18 16:12:43,673 - position: [-3.04075885 -1.08375084  0.49480239]
2024-07-18 16:12:43,924 - position: [-3.04075885 -1.08375084  0.49480239]
2024-07-18 16:12:44,224 - position: [-3.04075885 -1.08375084  0.49480239]
2024-07-18 16:12:44,487 - position: [-3.04075885 -1.08375084  0.49480239]
2024-07-18 16:12:44,708 - position: [-3.04075885 -1.08375084  0.49480239]
2024-07-18 16:12:44,919 - position: [-3.04075885 -1.08375084  0.49480239]
2024-07-18 16:12:45,201 - position: [-3.04075885 -1.08375084  0.49480239]
2024-07-18 16:12:45,472 - position: [-3.04075885 -1.08375084  0.49480239]
2024-07-18 16:12:45,703 - position: [-3.04075885 -1.08375084  0.49480239]
2024-07-18 16:12:45,935 - position: [-3.04075885 -1.08375084  0.49480239]
2024-07-18 16:12:46,216 - position: [-3.04075885 -1.08375084  0.49480239]
2024-07-18 16:12:46,459 - position: [-3.04075885 -1.08375084  0.49480239]
2024-07-18 16:12:46,661 - position: [-3.04075885 -1.08375084  0.49480239]
2024-07-18 16:12:46,901 - position: [-3.04075885 -1.08375084  0.49480239]
2024-07-18 16:12:47,193 - position: [-3.04075885 -1.08375084  0.49480239]
2024-07-18 16:12:47,464 - position: [-3.04075885 -1.08375084  0.49480239]
2024-07-18 16:12:47,714 - position: [-3.04075885 -1.08375084  0.49480239]
2024-07-18 16:12:48,044 - position: [-3.04075885 -1.08375084  0.49480239]
2024-07-18 16:12:48,261 - position: [-3.04075885 -1.08375084  0.49480239]
2024-07-18 16:12:48,534 - position: [-3.04075885 -1.08375084  0.49480239]
2024-07-18 16:12:48,758 - position: [-3.04075885 -1.08375084  0.49480239]
2024-07-18 16:12:48,973 - position: [-3.04075885 -1.08375084  0.49480239]
2024-07-18 16:12:49,194 - position: [-3.04075885 -1.08375084  0.49480239]
2024-07-18 16:12:49,489 - position: [-3.04075885 -1.08375084  0.49480239]
2024-07-18 16:12:49,726 - position: [-3.04075885 -1.08375084  0.49480239]
2024-07-18 16:12:49,955 - position: [-3.04075885 -1.08375084  0.49480239]
2024-07-18 16:12:50,184 - position: [-3.04075885 -1.08375084  0.49480239]
2024-07-18 16:12:50,458 - position: [-3.04075885 -1.08375084  0.49480239]
2024-07-18 16:12:50,751 - position: [-3.04075885 -1.08375084  0.49480239]
2024-07-18 16:12:50,990 - position: [-3.04075885 -1.08375084  0.49480239]
2024-07-18 16:12:51,301 - position: [-3.04075885 -1.08375084  0.49480239]
2024-07-18 16:12:51,548 - position: [-3.04075885 -1.08375084  0.49480239]
2024-07-18 16:12:51,796 - position: [-3.04075885 -1.08375084  0.49480239]
2024-07-18 16:12:52,028 - position: [-3.04075885 -1.08375084  0.49480239]
2024-07-18 16:12:52,243 - position: [-3.04075885 -1.08375084  0.49480239]
2024-07-18 16:12:52,476 - position: [-3.04075885 -1.08375084  0.49480239]
2024-07-18 16:12:52,710 - position: [-3.04075885 -1.08375084  0.49480239]
2024-07-18 16:12:52,953 - position: [-3.04075885 -1.08375084  0.49480239]
2024-07-18 16:12:53,218 - position: [-3.04075885 -1.08375084  0.49480239]
2024-07-18 16:12:53,510 - position: [-3.04075885 -1.08375084  0.49480239]
2024-07-18 16:12:53,754 - position: [-3.04075885 -1.08375084  0.49480239]
2024-07-18 16:12:53,977 - position: [-3.04075885 -1.08375084  0.49480239]
2024-07-18 16:12:54,213 - position: [-3.04075885 -1.08375084  0.49480239]
2024-07-18 16:12:54,465 - position: [-3.04075885 -1.08375084  0.49480239]
2024-07-18 16:12:54,698 - position: [-3.04075885 -1.08375084  0.49480239]
2024-07-18 16:12:54,924 - position: [-3.04075885 -1.08375084  0.49480239]
2024-07-18 16:12:55,147 - position: [-3.04075885 -1.08375084  0.49480239]
2024-07-18 16:12:55,381 - position: [-3.04075885 -1.08375084  0.49480239]
2024-07-18 16:12:55,685 - position: [-3.04075885 -1.08375084  0.49480239]
2024-07-18 16:12:55,908 - position: [-3.04075885 -1.08375084  0.49480239]
2024-07-18 16:12:56,159 - position: [-3.04075885 -1.08375084  0.49480239]
2024-07-18 16:12:56,403 - position: [-3.04075885 -1.08375084  0.49480239]
2024-07-18 16:12:56,683 - position: [-3.04075885 -1.08375084  0.49480239]
2024-07-18 16:12:56,937 - position: [-3.04075885 -1.08375084  0.49480239]
2024-07-18 16:12:57,209 - position: [-3.04075885 -1.08375084  0.49480239]
2024-07-18 16:12:57,461 - position: [-3.04075885 -1.08375084  0.49480239]
2024-07-18 16:12:57,703 - position: [-3.04075885 -1.08375084  0.49480239]
2024-07-18 16:12:57,983 - position: [-3.04075885 -1.08375084  0.49480239]
2024-07-18 16:12:58,224 - position: [-3.04075885 -1.08375084  0.49480239]
2024-07-18 16:12:58,437 - position: [-3.04075885 -1.08375084  0.49480239]
2024-07-18 16:12:58,699 - position: [-3.04075885 -1.08375084  0.49480239]
2024-07-18 16:12:58,919 - position: [-3.04075885 -1.08375084  0.49480239]
2024-07-18 16:12:59,134 - position: [-3.04075885 -1.08375084  0.49480239]
2024-07-18 16:12:59,403 - position: [-3.04075885 -1.08375084  0.49480239]
2024-07-18 16:12:59,676 - position: [-3.04075885 -1.08375084  0.49480239]
2024-07-18 16:23:22,978 - position: [0. 0. 0.]
2024-07-18 16:23:23,250 - position: [0. 0. 0.]
2024-07-18 16:23:23,500 - position: [0. 0. 0.]
2024-07-18 16:23:23,768 - position: [0. 0. 0.]
2024-07-18 16:23:23,995 - position: [0. 0. 0.]
2024-07-18 16:23:24,233 - position: [0. 0. 0.]
2024-07-18 16:23:24,447 - position: [0. 0. 0.]
2024-07-18 16:23:24,694 - position: [0. 0. 0.]
2024-07-18 16:23:24,900 - position: [0. 0. 0.]
2024-07-18 16:23:25,165 - position: [0. 0. 0.]
2024-07-18 16:23:25,380 - position: [0. 0. 0.]
2024-07-18 16:23:25,642 - position: [0. 0. 0.]
2024-07-18 16:23:25,893 - position: [0. 0. 0.]
2024-07-18 16:23:26,109 - position: [0. 0. 0.]
2024-07-18 16:23:26,316 - position: [0. 0. 0.]
2024-07-18 16:23:26,590 - position: [0. 0. 0.]
2024-07-18 16:23:26,891 - position: [0. 0. 0.]
2024-07-18 16:23:27,151 - position: [0. 0. 0.]
2024-07-18 16:23:27,450 - position: [0. 0. 0.]
2024-07-18 16:23:27,749 - position: [0. 0. 0.]
2024-07-18 16:23:28,015 - position: [0. 0. 0.]
2024-07-18 16:23:28,238 - position: [0. 0. 0.]
2024-07-18 16:23:28,502 - position: [0. 0. 0.]
2024-07-18 16:23:28,759 - position: [0. 0. 0.]
2024-07-18 16:23:29,007 - position: [0. 0. 0.]
2024-07-18 16:23:29,218 - position: [0. 0. 0.]
2024-07-18 16:23:29,533 - position: [0. 0. 0.]
2024-07-18 16:23:29,744 - position: [0. 0. 0.]
2024-07-18 16:23:29,977 - position: [0. 0. 0.]
2024-07-18 16:23:30,257 - position: [0. 0. 0.]
2024-07-18 16:23:30,534 - position: [0. 0. 0.]
2024-07-18 16:23:30,857 - position: [0. 0. 0.]
2024-07-18 16:23:31,107 - position: [0. 0. 0.]
2024-07-18 16:23:31,384 - position: [0. 0. 0.]
2024-07-18 16:23:31,639 - position: [0. 0. 0.]
2024-07-18 16:23:31,865 - position: [0. 0. 0.]
2024-07-18 16:23:32,101 - position: [0. 0. 0.]
2024-07-18 16:23:32,369 - position: [0. 0. 0.]
2024-07-18 16:23:32,606 - position: [0. 0. 0.]
2024-07-18 16:23:32,844 - position: [0. 0. 0.]
2024-07-18 16:23:33,083 - position: [0. 0. 0.]
2024-07-18 16:23:33,364 - position: [0. 0. 0.]
2024-07-18 16:23:33,608 - position: [0. 0. 0.]
2024-07-18 16:23:33,835 - position: [0. 0. 0.]
2024-07-18 16:23:34,073 - position: [0. 0. 0.]
2024-07-18 16:23:34,351 - position: [0. 0. 0.]
2024-07-18 16:23:34,562 - position: [0. 0. 0.]
2024-07-18 16:23:34,810 - position: [0. 0. 0.]
2024-07-18 16:23:35,057 - position: [0. 0. 0.]
2024-07-18 16:23:35,316 - position: [0. 0. 0.]
2024-07-18 16:23:35,582 - position: [0. 0. 0.]
2024-07-18 16:23:35,833 - position: [0. 0. 0.]
2024-07-18 16:23:36,085 - position: [0. 0. 0.]
2024-07-18 16:23:36,331 - position: [0. 0. 0.]
2024-07-18 16:23:36,573 - position: [0. 0. 0.]
2024-07-18 16:23:36,830 - position: [0. 0. 0.]
2024-07-18 16:23:37,086 - position: [0. 0. 0.]
2024-07-18 16:23:37,323 - position: [0. 0. 0.]
2024-07-18 16:23:37,605 - position: [0. 0. 0.]
2024-07-18 16:23:37,836 - position: [0. 0. 0.]
2024-07-18 16:23:38,062 - position: [0. 0. 0.]
2024-07-18 16:23:38,285 - position: [0. 0. 0.]
2024-07-18 16:23:38,514 - position: [0. 0. 0.]
2024-07-18 16:23:38,749 - position: [0. 0. 0.]
2024-07-18 16:23:39,009 - position: [0. 0. 0.]
2024-07-18 16:23:39,292 - position: [0. 0. 0.]
2024-07-18 16:23:39,518 - position: [0. 0. 0.]
2024-07-18 16:23:39,775 - position: [0. 0. 0.]
2024-07-18 16:23:39,996 - position: [0. 0. 0.]
2024-07-18 16:23:40,258 - position: [0. 0. 0.]
2024-07-18 16:23:40,515 - position: [0. 0. 0.]
2024-07-18 16:23:40,770 - position: [0. 0. 0.]
2024-07-18 16:23:41,044 - position: [0. 0. 0.]
2024-07-18 16:23:41,266 - position: [0. 0. 0.]
2024-07-18 16:23:41,578 - position: [0. 0. 0.]
2024-07-18 16:23:41,790 - position: [0. 0. 0.]
2024-07-18 16:23:42,059 - position: [0. 0. 0.]
2024-07-18 16:23:42,274 - position: [0. 0. 0.]
2024-07-18 16:23:42,535 - position: [0. 0. 0.]
2024-07-18 16:23:42,776 - position: [0. 0. 0.]
2024-07-18 16:23:43,005 - position: [0. 0. 0.]
2024-07-18 16:23:43,253 - position: [0. 0. 0.]
2024-07-18 16:23:43,485 - position: [0. 0. 0.]
2024-07-18 16:23:43,747 - position: [0. 0. 0.]
2024-07-18 16:23:44,006 - position: [0. 0. 0.]
2024-07-18 16:23:44,244 - position: [0. 0. 0.]
2024-07-18 16:23:44,462 - position: [0. 0. 0.]
2024-07-18 16:23:44,698 - position: [0. 0. 0.]
2024-07-18 16:23:44,938 - position: [0. 0. 0.]
2024-07-18 16:23:45,218 - position: [0. 0. 0.]
2024-07-18 16:23:45,432 - position: [0. 0. 0.]
2024-07-18 16:23:45,684 - position: [0. 0. 0.]
2024-07-18 16:23:45,951 - position: [0. 0. 0.]
2024-07-18 16:23:46,201 - position: [0. 0. 0.]
2024-07-18 16:23:46,433 - position: [0. 0. 0.]
2024-07-18 16:23:46,708 - position: [0. 0. 0.]
2024-07-18 16:23:46,925 - position: [0. 0. 0.]
2024-07-18 16:23:47,181 - position: [0. 0. 0.]
2024-07-18 16:23:47,458 - position: [0. 0. 0.]
2024-07-18 16:23:47,678 - position: [0. 0. 0.]
2024-07-18 16:23:47,892 - position: [0. 0. 0.]
2024-07-18 16:23:48,140 - position: [0. 0. 0.]
2024-07-18 16:23:48,473 - position: [0. 0. 0.]
2024-07-18 16:23:48,743 - position: [0. 0. 0.]
2024-07-18 16:23:48,995 - position: [0. 0. 0.]
2024-07-18 16:23:49,272 - position: [0. 0. 0.]
2024-07-18 16:23:49,520 - position: [0. 0. 0.]
2024-07-18 16:23:49,799 - position: [0. 0. 0.]
2024-07-18 16:23:50,068 - position: [0. 0. 0.]
2024-07-18 16:23:50,318 - position: [0. 0. 0.]
2024-07-18 16:23:50,557 - position: [0. 0. 0.]
2024-07-18 16:23:50,802 - position: [0. 0. 0.]
2024-07-18 16:23:51,048 - position: [0. 0. 0.]
2024-07-18 16:23:51,284 - position: [0. 0. 0.]
2024-07-18 16:23:51,564 - position: [0. 0. 0.]
2024-07-18 16:23:51,779 - position: [0. 0. 0.]
2024-07-18 16:23:52,017 - position: [0. 0. 0.]
2024-07-18 16:23:52,258 - position: [0. 0. 0.]
2024-07-18 16:23:52,511 - position: [0. 0. 0.]
2024-07-18 16:23:52,735 - position: [ 0.49662209 -2.74784636  1.42616665]
2024-07-18 16:23:53,009 - position: [ 0.26181474 -2.94724655  1.89825988]
2024-07-18 16:23:53,258 - position: [ 0.12401859 -3.03824592  1.96029913]
2024-07-18 16:23:53,510 - position: [ 0.1070537  -3.01334882  1.96181953]
2024-07-18 16:23:53,805 - position: [ 0.11854558 -2.99673033  1.95904028]
2024-07-18 16:23:54,069 - position: [ 0.16669647 -2.96010971  1.93879843]
2024-07-18 16:23:54,316 - position: [ 0.24369286 -2.86074686  1.7960422 ]
2024-07-18 16:23:54,549 - position: [ 0.30441433 -2.72148418  1.13619125]
2024-07-18 16:23:54,775 - position: [ 0.18707976 -2.97602987  0.79931992]
2024-07-18 16:23:55,019 - position: [ 0.21148005 -2.96797442  0.80747443]
2024-07-18 16:23:55,233 - position: [ 0.21148005 -2.96797442  0.80747443]
2024-07-18 16:23:55,449 - position: [ 0.21148005 -2.96797442  0.80747443]
2024-07-18 16:23:55,745 - position: [ 0.21148005 -2.96797442  0.80747443]
2024-07-18 16:23:56,003 - position: [ 0.21148005 -2.96797442  0.80747443]
2024-07-18 16:23:56,233 - position: [ 0.21148005 -2.96797442  0.80747443]
2024-07-18 16:23:56,476 - position: [ 0.21148005 -2.96797442  0.80747443]
2024-07-18 16:23:56,725 - position: [ 0.21148005 -2.96797442  0.80747443]
2024-07-18 16:23:56,946 - position: [ 0.21148005 -2.96797442  0.80747443]
2024-07-18 16:23:57,205 - position: [ 0.21148005 -2.96797442  0.80747443]
2024-07-18 16:23:57,412 - position: [ 0.21148005 -2.96797442  0.80747443]
2024-07-18 16:23:57,623 - position: [ 0.21148005 -2.96797442  0.80747443]
2024-07-18 16:23:57,874 - position: [ 0.21148005 -2.96797442  0.80747443]
2024-07-18 16:23:58,142 - position: [ 0.21148005 -2.96797442  0.80747443]
2024-07-18 16:23:58,391 - position: [ 0.21148005 -2.96797442  0.80747443]
2024-07-18 16:23:58,623 - position: [ 0.21148005 -2.96797442  0.80747443]
2024-07-18 16:23:58,854 - position: [ 0.21148005 -2.96797442  0.80747443]
2024-07-18 16:23:59,103 - position: [ 0.21148005 -2.96797442  0.80747443]
2024-07-18 16:23:59,408 - position: [ 0.21148005 -2.96797442  0.80747443]
2024-07-18 16:23:59,643 - position: [ 0.21148005 -2.96797442  0.80747443]
2024-07-18 16:23:59,891 - position: [ 0.21148005 -2.96797442  0.80747443]
2024-07-18 16:24:00,117 - position: [ 0.21148005 -2.96797442  0.80747443]
2024-07-18 16:24:00,401 - position: [ 0.21148005 -2.96797442  0.80747443]
2024-07-18 16:24:00,630 - position: [ 0.21148005 -2.96797442  0.80747443]
2024-07-18 16:24:00,900 - position: [ 0.21148005 -2.96797442  0.80747443]
2024-07-18 16:24:01,124 - position: [ 0.21148005 -2.96797442  0.80747443]
2024-07-18 16:24:01,340 - position: [ 0.21148005 -2.96797442  0.80747443]
2024-07-18 16:24:01,601 - position: [ 0.21148005 -2.96797442  0.80747443]
2024-07-18 16:24:01,856 - position: [ 0.21148005 -2.96797442  0.80747443]
2024-07-18 16:24:02,153 - position: [ 0.21148005 -2.96797442  0.80747443]
2024-07-18 16:24:02,430 - position: [ 0.21148005 -2.96797442  0.80747443]
2024-07-18 16:24:02,698 - position: [ 0.21148005 -2.96797442  0.80747443]
2024-07-18 16:24:02,918 - position: [ 0.21148005 -2.96797442  0.80747443]
2024-07-18 16:24:03,172 - position: [ 0.21148005 -2.96797442  0.80747443]
2024-07-18 16:24:03,444 - position: [ 0.21148005 -2.96797442  0.80747443]
2024-07-18 16:24:03,692 - position: [ 0.21148005 -2.96797442  0.80747443]
2024-07-18 16:24:03,919 - position: [ 0.21148005 -2.96797442  0.80747443]
2024-07-18 16:24:04,135 - position: [ 0.21148005 -2.96797442  0.80747443]
2024-07-18 16:24:04,373 - position: [ 0.21148005 -2.96797442  0.80747443]
2024-07-18 16:24:04,588 - position: [ 0.21148005 -2.96797442  0.80747443]
2024-07-18 16:24:04,833 - position: [ 0.21148005 -2.96797442  0.80747443]
2024-07-18 16:24:05,078 - position: [ 0.21148005 -2.96797442  0.80747443]
2024-07-18 16:24:05,311 - position: [ 0.21148005 -2.96797442  0.80747443]
2024-07-18 16:24:05,559 - position: [ 0.21148005 -2.96797442  0.80747443]
2024-07-18 16:24:05,809 - position: [ 0.21148005 -2.96797442  0.80747443]
2024-07-18 16:24:06,068 - position: [ 0.21148005 -2.96797442  0.80747443]
2024-07-18 16:24:06,323 - position: [ 0.21148005 -2.96797442  0.80747443]
2024-07-18 16:24:06,557 - position: [ 0.21148005 -2.96797442  0.80747443]
2024-07-18 16:24:06,810 - position: [ 0.21148005 -2.96797442  0.80747443]
2024-07-18 16:24:07,074 - position: [ 0.21148005 -2.96797442  0.80747443]
2024-07-18 16:24:07,298 - position: [ 0.21148005 -2.96797442  0.80747443]
2024-07-18 16:24:07,532 - position: [ 0.21148005 -2.96797442  0.80747443]
2024-07-18 16:24:07,847 - position: [ 0.21148005 -2.96797442  0.80747443]
2024-07-18 16:24:08,127 - position: [ 0.21148005 -2.96797442  0.80747443]
2024-07-18 16:24:08,464 - position: [ 0.21148005 -2.96797442  0.80747443]
2024-07-18 16:24:08,688 - position: [ 0.21148005 -2.96797442  0.80747443]
2024-07-18 16:24:08,935 - position: [ 0.21148005 -2.96797442  0.80747443]
2024-07-18 16:24:09,183 - position: [ 0.21148005 -2.96797442  0.80747443]
2024-07-18 16:24:09,442 - position: [ 0.21148005 -2.96797442  0.80747443]
2024-07-18 16:24:09,731 - position: [ 0.21148005 -2.96797442  0.80747443]
2024-07-18 16:24:09,990 - position: [ 0.21148005 -2.96797442  0.80747443]
2024-07-18 16:24:10,252 - position: [ 0.21148005 -2.96797442  0.80747443]
2024-07-18 16:24:10,492 - position: [ 0.21148005 -2.96797442  0.80747443]
2024-07-18 16:24:10,760 - position: [ 0.21148005 -2.96797442  0.80747443]
2024-07-18 16:24:11,079 - position: [ 0.21148005 -2.96797442  0.80747443]
2024-07-18 16:24:11,318 - position: [ 0.21148005 -2.96797442  0.80747443]
2024-07-18 16:24:11,543 - position: [ 0.21148005 -2.96797442  0.80747443]
2024-07-18 16:24:11,796 - position: [ 0.21148005 -2.96797442  0.80747443]
2024-07-18 16:24:12,045 - position: [ 0.21148005 -2.96797442  0.80747443]
2024-07-18 16:24:12,303 - position: [ 0.21148005 -2.96797442  0.80747443]
2024-07-18 16:24:12,577 - position: [ 0.21148005 -2.96797442  0.80747443]
2024-07-18 16:24:12,799 - position: [ 0.21148005 -2.96797442  0.80747443]
2024-07-18 16:24:13,098 - position: [ 0.21148005 -2.96797442  0.80747443]
2024-07-18 16:24:13,324 - position: [ 0.21148005 -2.96797442  0.80747443]
2024-07-18 16:24:13,575 - position: [ 0.21148005 -2.96797442  0.80747443]
2024-07-18 16:24:13,831 - position: [ 0.21148005 -2.96797442  0.80747443]
2024-07-18 16:24:14,059 - position: [ 0.21148005 -2.96797442  0.80747443]
2024-07-18 16:24:14,308 - position: [ 0.21148005 -2.96797442  0.80747443]
2024-07-18 16:24:14,544 - position: [ 0.21148005 -2.96797442  0.80747443]
2024-07-18 16:24:14,827 - position: [ 0.21148005 -2.96797442  0.80747443]
2024-07-18 16:24:15,123 - position: [ 0.21148005 -2.96797442  0.80747443]
2024-07-18 16:24:15,442 - position: [ 0.21148005 -2.96797442  0.80747443]
2024-07-18 16:24:15,718 - position: [ 0.21148005 -2.96797442  0.80747443]
2024-07-18 16:24:15,971 - position: [ 0.21148005 -2.96797442  0.80747443]
2024-07-18 16:24:16,214 - position: [ 0.21148005 -2.96797442  0.80747443]
2024-07-18 16:24:16,468 - position: [ 0.21148005 -2.96797442  0.80747443]
2024-07-18 16:24:16,709 - position: [ 0.21148005 -2.96797442  0.80747443]
2024-07-18 16:24:16,976 - position: [ 0.21148005 -2.96797442  0.80747443]
2024-07-18 16:24:17,260 - position: [ 0.21148005 -2.96797442  0.80747443]
2024-07-18 16:24:17,485 - position: [ 0.21148005 -2.96797442  0.80747443]
2024-07-18 16:24:17,719 - position: [ 0.21148005 -2.96797442  0.80747443]
2024-07-18 16:24:17,930 - position: [ 0.21148005 -2.96797442  0.80747443]
2024-07-18 16:24:18,176 - position: [ 0.21148005 -2.96797442  0.80747443]
2024-07-18 16:24:18,462 - position: [ 0.21148005 -2.96797442  0.80747443]
2024-07-18 16:24:18,728 - position: [ 0.21148005 -2.96797442  0.80747443]
2024-07-18 16:24:18,986 - position: [ 0.21148005 -2.96797442  0.80747443]
2024-07-18 16:24:19,278 - position: [ 0.21148005 -2.96797442  0.80747443]
2024-07-18 16:24:19,524 - position: [ 0.21148005 -2.96797442  0.80747443]
2024-07-18 16:24:19,823 - position: [ 0.21148005 -2.96797442  0.80747443]
2024-07-18 16:24:20,049 - position: [ 0.21148005 -2.96797442  0.80747443]
2024-07-18 16:24:20,336 - position: [ 0.21148005 -2.96797442  0.80747443]
2024-07-18 16:24:20,642 - position: [ 0.21148005 -2.96797442  0.80747443]
2024-07-18 16:24:20,918 - position: [ 0.21148005 -2.96797442  0.80747443]
2024-07-18 16:24:21,191 - position: [ 0.21148005 -2.96797442  0.80747443]
2024-07-18 16:24:21,414 - position: [ 0.21148005 -2.96797442  0.80747443]
2024-07-18 16:24:21,697 - position: [ 0.21148005 -2.96797442  0.80747443]
2024-07-18 16:24:21,904 - position: [ 0.21148005 -2.96797442  0.80747443]
2024-07-18 16:24:22,129 - position: [ 0.21148005 -2.96797442  0.80747443]
2024-07-18 16:24:22,391 - position: [ 0.21148005 -2.96797442  0.80747443]
2024-07-18 16:24:22,651 - position: [ 0.21148005 -2.96797442  0.80747443]
2024-07-18 16:24:22,903 - position: [ 0.21148005 -2.96797442  0.80747443]
2024-07-18 16:24:23,190 - position: [ 0.21148005 -2.96797442  0.80747443]
2024-07-18 16:24:23,428 - position: [ 0.21148005 -2.96797442  0.80747443]
2024-07-18 16:24:23,668 - position: [ 0.21148005 -2.96797442  0.80747443]
2024-07-18 16:24:23,922 - position: [ 0.21148005 -2.96797442  0.80747443]
2024-07-18 16:24:24,159 - position: [ 0.21148005 -2.96797442  0.80747443]
2024-07-18 16:24:24,433 - position: [ 0.21148005 -2.96797442  0.80747443]
2024-07-18 16:24:24,673 - position: [ 0.21148005 -2.96797442  0.80747443]
2024-07-18 16:24:24,875 - position: [ 0.21148005 -2.96797442  0.80747443]
2024-07-18 16:24:25,136 - position: [ 0.21148005 -2.96797442  0.80747443]
2024-07-18 16:24:25,350 - position: [ 0.21148005 -2.96797442  0.80747443]
2024-07-18 16:24:25,616 - position: [ 0.21148005 -2.96797442  0.80747443]
2024-07-18 16:24:25,841 - position: [ 0.21148005 -2.96797442  0.80747443]
2024-07-18 16:24:26,098 - position: [ 0.21148005 -2.96797442  0.80747443]
2024-07-18 16:24:26,333 - position: [ 0.21148005 -2.96797442  0.80747443]
2024-07-18 16:24:26,590 - position: [ 0.21148005 -2.96797442  0.80747443]
2024-07-18 16:24:26,834 - position: [ 0.21148005 -2.96797442  0.80747443]
2024-07-18 16:24:27,086 - position: [ 0.21148005 -2.96797442  0.80747443]
2024-07-18 16:24:27,314 - position: [ 0.21148005 -2.96797442  0.80747443]
2024-07-18 16:24:27,563 - position: [ 0.21148005 -2.96797442  0.80747443]
2024-07-18 16:24:27,819 - position: [ 0.21148005 -2.96797442  0.80747443]
2024-07-18 16:24:28,103 - position: [ 0.21148005 -2.96797442  0.80747443]
2024-07-18 16:24:28,322 - position: [ 0.21148005 -2.96797442  0.80747443]
2024-07-18 16:24:28,571 - position: [ 0.21148005 -2.96797442  0.80747443]
2024-07-18 16:24:28,801 - position: [ 0.21148005 -2.96797442  0.80747443]
2024-07-18 16:24:29,058 - position: [ 0.21148005 -2.96797442  0.80747443]
2024-07-18 16:24:29,277 - position: [ 0.21148005 -2.96797442  0.80747443]
2024-07-18 16:24:29,544 - position: [ 0.43241864 -2.6169591   1.60204303]
2024-07-18 16:24:29,808 - position: [ 0.23741466 -2.88155437  1.93677318]
2024-07-18 16:24:30,125 - position: [ 0.16661967 -2.96064544  1.95990121]
2024-07-18 16:24:30,399 - position: [ 0.17074278 -2.94409585  1.96285999]
2024-07-18 16:24:30,718 - position: [ 0.18733244 -2.92386317  1.96104157]
2024-07-18 16:24:30,991 - position: [ 0.24521451 -2.86779189  1.93818939]
2024-07-18 16:24:31,267 - position: [ 0.42413673 -2.58354497  1.61562181]
2024-07-18 16:24:31,478 - position: [ 0.33699623 -2.67295122  0.88284326]
2024-07-18 16:24:31,702 - position: [ 0.21715678 -2.83629107  0.80449003]
2024-07-18 16:24:31,952 - position: [ 0.17412899 -2.74931765  0.82609522]
2024-07-18 16:24:32,224 - position: [ 0.17412899 -2.74931765  0.82609522]
2024-07-18 16:24:32,479 - position: [ 0.17412899 -2.74931765  0.82609522]
2024-07-18 16:24:32,705 - position: [ 0.17412899 -2.74931765  0.82609522]
2024-07-18 16:24:32,906 - position: [ 0.17412899 -2.74931765  0.82609522]
2024-07-18 16:24:33,145 - position: [ 0.17412899 -2.74931765  0.82609522]
2024-07-18 16:24:33,384 - position: [ 0.17412899 -2.74931765  0.82609522]
2024-07-18 16:24:33,648 - position: [ 0.17412899 -2.74931765  0.82609522]
2024-07-18 16:24:33,908 - position: [ 0.17412899 -2.74931765  0.82609522]
2024-07-18 16:24:34,159 - position: [ 0.17412899 -2.74931765  0.82609522]
2024-07-18 16:24:34,403 - position: [ 0.17412899 -2.74931765  0.82609522]
2024-07-18 16:24:34,678 - position: [ 0.17412899 -2.74931765  0.82609522]
2024-07-18 16:24:34,928 - position: [ 0.17412899 -2.74931765  0.82609522]
2024-07-18 16:24:35,168 - position: [ 0.17412899 -2.74931765  0.82609522]
2024-07-18 16:24:35,421 - position: [ 0.17412899 -2.74931765  0.82609522]
2024-07-18 16:24:35,682 - position: [ 0.17412899 -2.74931765  0.82609522]
2024-07-18 16:24:35,977 - position: [ 0.17412899 -2.74931765  0.82609522]
2024-07-18 16:24:36,197 - position: [ 0.17412899 -2.74931765  0.82609522]
2024-07-18 16:24:36,414 - position: [ 0.17412899 -2.74931765  0.82609522]
2024-07-18 16:24:36,710 - position: [ 0.17412899 -2.74931765  0.82609522]
2024-07-18 16:24:36,926 - position: [ 0.17412899 -2.74931765  0.82609522]
2024-07-18 16:24:37,157 - position: [ 0.17412899 -2.74931765  0.82609522]
2024-07-18 16:24:37,451 - position: [ 0.17412899 -2.74931765  0.82609522]
2024-07-18 16:24:37,679 - position: [ 0.17412899 -2.74931765  0.82609522]
2024-07-18 16:24:37,947 - position: [ 0.17412899 -2.74931765  0.82609522]
2024-07-18 16:24:38,160 - position: [ 0.17412899 -2.74931765  0.82609522]
2024-07-18 16:24:38,449 - position: [ 0.17412899 -2.74931765  0.82609522]
2024-07-18 16:24:38,707 - position: [ 0.17412899 -2.74931765  0.82609522]
2024-07-18 16:24:38,985 - position: [ 0.17412899 -2.74931765  0.82609522]
2024-07-18 16:24:39,269 - position: [ 0.17412899 -2.74931765  0.82609522]
2024-07-18 16:24:39,519 - position: [ 0.17412899 -2.74931765  0.82609522]
2024-07-18 16:24:39,826 - position: [ 0.17412899 -2.74931765  0.82609522]
2024-07-18 16:24:40,047 - position: [ 0.17412899 -2.74931765  0.82609522]
2024-07-18 16:24:40,266 - position: [ 0.17412899 -2.74931765  0.82609522]
2024-07-18 16:24:40,551 - position: [ 0.17412899 -2.74931765  0.82609522]
2024-07-18 16:24:40,824 - position: [ 0.17412899 -2.74931765  0.82609522]
2024-07-18 16:24:41,067 - position: [ 0.17412899 -2.74931765  0.82609522]
2024-07-18 16:24:41,351 - position: [ 0.17412899 -2.74931765  0.82609522]
2024-07-18 16:24:41,584 - position: [ 0.17412899 -2.74931765  0.82609522]
2024-07-18 16:24:41,866 - position: [ 0.17412899 -2.74931765  0.82609522]
2024-07-18 16:24:42,123 - position: [ 0.17412899 -2.74931765  0.82609522]
2024-07-18 16:24:42,344 - position: [ 0.17412899 -2.74931765  0.82609522]
2024-07-18 16:24:42,607 - position: [ 0.17412899 -2.74931765  0.82609522]
2024-07-18 16:24:42,843 - position: [ 0.17412899 -2.74931765  0.82609522]
2024-07-18 16:24:43,057 - position: [ 0.17412899 -2.74931765  0.82609522]
2024-07-18 16:24:43,335 - position: [ 0.17412899 -2.74931765  0.82609522]
2024-07-18 16:24:43,585 - position: [ 0.17412899 -2.74931765  0.82609522]
2024-07-18 16:24:43,837 - position: [ 0.17412899 -2.74931765  0.82609522]
2024-07-18 16:24:44,067 - position: [ 0.17412899 -2.74931765  0.82609522]
2024-07-18 16:24:44,335 - position: [ 0.17412899 -2.74931765  0.82609522]
2024-07-18 16:24:44,575 - position: [ 0.17412899 -2.74931765  0.82609522]
2024-07-18 16:24:44,839 - position: [ 0.17412899 -2.74931765  0.82609522]
2024-07-18 16:24:45,084 - position: [ 0.17412899 -2.74931765  0.82609522]
2024-07-18 16:24:45,328 - position: [ 0.17412899 -2.74931765  0.82609522]
2024-07-18 16:24:45,578 - position: [ 0.17412899 -2.74931765  0.82609522]
2024-07-18 16:24:45,819 - position: [ 0.17412899 -2.74931765  0.82609522]
2024-07-18 16:24:46,054 - position: [ 0.17412899 -2.74931765  0.82609522]
2024-07-18 16:24:46,288 - position: [ 0.17412899 -2.74931765  0.82609522]
2024-07-18 16:24:46,568 - position: [ 0.17412899 -2.74931765  0.82609522]
2024-07-18 16:24:46,821 - position: [ 0.17412899 -2.74931765  0.82609522]
2024-07-18 16:24:47,107 - position: [ 0.17412899 -2.74931765  0.82609522]
2024-07-18 16:24:47,368 - position: [ 0.17412899 -2.74931765  0.82609522]
2024-07-18 16:24:47,585 - position: [ 0.17412899 -2.74931765  0.82609522]
2024-07-18 16:24:47,829 - position: [ 0.17412899 -2.74931765  0.82609522]
2024-07-18 16:24:48,093 - position: [ 0.17412899 -2.74931765  0.82609522]
2024-07-18 16:24:48,324 - position: [ 0.17412899 -2.74931765  0.82609522]
2024-07-18 16:24:48,552 - position: [ 0.17412899 -2.74931765  0.82609522]
2024-07-18 16:24:48,811 - position: [ 0.17412899 -2.74931765  0.82609522]
2024-07-18 16:24:49,073 - position: [ 0.17412899 -2.74931765  0.82609522]
2024-07-18 16:24:49,287 - position: [ 0.17412899 -2.74931765  0.82609522]
2024-07-18 16:24:49,553 - position: [ 0.17412899 -2.74931765  0.82609522]
2024-07-18 16:24:49,847 - position: [ 0.17412899 -2.74931765  0.82609522]
2024-07-18 16:24:50,057 - position: [ 0.17412899 -2.74931765  0.82609522]
2024-07-18 16:24:50,268 - position: [ 0.17412899 -2.74931765  0.82609522]
2024-07-18 16:24:50,529 - position: [ 0.17412899 -2.74931765  0.82609522]
2024-07-18 16:24:50,774 - position: [ 0.17412899 -2.74931765  0.82609522]
2024-07-18 16:24:51,058 - position: [ 0.17412899 -2.74931765  0.82609522]
2024-07-18 16:24:51,311 - position: [ 0.17412899 -2.74931765  0.82609522]
2024-07-18 16:24:51,552 - position: [ 0.17412899 -2.74931765  0.82609522]
2024-07-18 16:24:51,810 - position: [ 0.17412899 -2.74931765  0.82609522]
2024-07-18 16:24:52,091 - position: [ 0.17412899 -2.74931765  0.82609522]
2024-07-18 16:24:52,319 - position: [ 0.17412899 -2.74931765  0.82609522]
2024-07-18 16:24:52,561 - position: [ 0.17412899 -2.74931765  0.82609522]
2024-07-18 16:24:52,829 - position: [ 0.17412899 -2.74931765  0.82609522]
2024-07-18 16:24:53,059 - position: [ 0.17412899 -2.74931765  0.82609522]
2024-07-18 16:24:53,351 - position: [ 0.17412899 -2.74931765  0.82609522]
2024-07-18 16:24:53,577 - position: [ 0.17412899 -2.74931765  0.82609522]
2024-07-18 16:24:53,791 - position: [ 0.17412899 -2.74931765  0.82609522]
2024-07-18 16:24:54,033 - position: [ 0.17412899 -2.74931765  0.82609522]
2024-07-18 16:24:54,293 - position: [ 0.17412899 -2.74931765  0.82609522]
2024-07-18 16:24:54,541 - position: [ 0.17412899 -2.74931765  0.82609522]
2024-07-18 16:24:54,752 - position: [ 0.17412899 -2.74931765  0.82609522]
2024-07-18 16:24:54,996 - position: [ 0.17412899 -2.74931765  0.82609522]
2024-07-18 16:24:55,220 - position: [ 0.17412899 -2.74931765  0.82609522]
2024-07-18 16:24:55,502 - position: [ 0.17412899 -2.74931765  0.82609522]
2024-07-18 16:24:55,756 - position: [ 0.17412899 -2.74931765  0.82609522]
2024-07-18 16:24:56,004 - position: [ 0.17412899 -2.74931765  0.82609522]
2024-07-18 16:24:56,255 - position: [ 0.17412899 -2.74931765  0.82609522]
2024-07-18 16:24:56,481 - position: [ 0.17412899 -2.74931765  0.82609522]
2024-07-18 16:24:56,754 - position: [ 0.17412899 -2.74931765  0.82609522]
2024-07-18 16:24:56,968 - position: [ 0.17412899 -2.74931765  0.82609522]
2024-07-18 16:24:57,203 - position: [ 0.17412899 -2.74931765  0.82609522]
2024-07-18 16:24:57,474 - position: [ 0.17412899 -2.74931765  0.82609522]
2024-07-18 16:24:57,702 - position: [ 0.17412899 -2.74931765  0.82609522]
2024-07-18 16:24:57,954 - position: [ 0.17412899 -2.74931765  0.82609522]
2024-07-18 16:24:58,197 - position: [ 0.17412899 -2.74931765  0.82609522]
2024-07-18 16:24:58,423 - position: [ 0.17412899 -2.74931765  0.82609522]
2024-07-18 16:24:58,637 - position: [ 0.17412899 -2.74931765  0.82609522]
2024-07-18 16:24:58,926 - position: [ 0.17412899 -2.74931765  0.82609522]
2024-07-18 16:24:59,143 - position: [ 0.17412899 -2.74931765  0.82609522]
2024-07-18 16:24:59,393 - position: [ 0.17412899 -2.74931765  0.82609522]
2024-07-18 16:24:59,626 - position: [ 0.17412899 -2.74931765  0.82609522]
2024-07-18 16:24:59,899 - position: [ 0.17412899 -2.74931765  0.82609522]
2024-07-18 16:25:00,130 - position: [ 0.17412899 -2.74931765  0.82609522]
2024-07-18 16:25:00,383 - position: [ 0.17412899 -2.74931765  0.82609522]
2024-07-18 16:25:00,648 - position: [ 0.17412899 -2.74931765  0.82609522]
2024-07-18 16:25:00,894 - position: [ 0.17412899 -2.74931765  0.82609522]
2024-07-18 16:25:01,123 - position: [ 0.17412899 -2.74931765  0.82609522]
2024-07-18 16:25:01,401 - position: [ 0.17412899 -2.74931765  0.82609522]
2024-07-18 16:25:01,639 - position: [ 0.17412899 -2.74931765  0.82609522]
2024-07-18 16:25:01,899 - position: [ 0.17412899 -2.74931765  0.82609522]
2024-07-18 16:25:02,144 - position: [ 0.17412899 -2.74931765  0.82609522]
2024-07-18 16:25:02,402 - position: [ 0.17412899 -2.74931765  0.82609522]
2024-07-18 16:25:02,645 - position: [ 0.17412899 -2.74931765  0.82609522]
2024-07-18 16:25:02,864 - position: [ 0.17412899 -2.74931765  0.82609522]
2024-07-18 16:25:03,071 - position: [ 0.17412899 -2.74931765  0.82609522]
2024-07-18 16:25:03,276 - position: [ 0.17412899 -2.74931765  0.82609522]
2024-07-18 16:25:03,569 - position: [ 0.17412899 -2.74931765  0.82609522]
2024-07-18 16:25:03,782 - position: [ 0.17412899 -2.74931765  0.82609522]
2024-07-18 16:25:04,026 - position: [ 0.17412899 -2.74931765  0.82609522]
2024-07-18 16:25:04,309 - position: [ 0.17412899 -2.74931765  0.82609522]
2024-07-18 16:25:04,537 - position: [ 0.17412899 -2.74931765  0.82609522]
2024-07-18 16:25:04,755 - position: [ 0.17412899 -2.74931765  0.82609522]
2024-07-18 16:25:04,997 - position: [ 0.17412899 -2.74931765  0.82609522]
2024-07-18 16:25:05,237 - position: [ 0.17412899 -2.74931765  0.82609522]
2024-07-18 16:25:05,474 - position: [ 0.17412899 -2.74931765  0.82609522]
2024-07-18 16:25:05,678 - position: [ 0.17412899 -2.74931765  0.82609522]
2024-07-18 16:25:05,912 - position: [ 0.17412899 -2.74931765  0.82609522]
2024-07-18 16:25:06,159 - position: [ 0.17412899 -2.74931765  0.82609522]
2024-07-18 16:25:06,407 - position: [ 0.17412899 -2.74931765  0.82609522]
2024-07-18 16:25:06,669 - position: [ 0.40105394 -2.65759683  1.57632649]
2024-07-18 16:25:06,916 - position: [ 0.2041281  -2.90288591  1.9280771 ]
2024-07-18 16:25:07,229 - position: [ 0.06901737 -3.03852606  1.95083237]
2024-07-18 16:25:07,566 - position: [ 0.18474321 -2.8772831   1.90124524]
2024-07-18 16:25:07,817 - position: [ 0.3524709  -2.61434913  1.58866608]
2024-07-18 16:25:08,068 - position: [ 0.14614917 -2.81504273  0.81554663]
2024-07-18 16:25:08,316 - position: [ 0.12455674 -2.85150218  0.80178684]
2024-07-18 16:25:08,577 - position: [ 0.12455674 -2.85150218  0.80178684]
2024-07-18 16:25:08,857 - position: [ 0.12455674 -2.85150218  0.80178684]
2024-07-18 16:25:09,098 - position: [ 0.12455674 -2.85150218  0.80178684]
2024-07-18 16:25:09,345 - position: [ 0.12455674 -2.85150218  0.80178684]
2024-07-18 16:25:09,575 - position: [ 0.12455674 -2.85150218  0.80178684]
2024-07-18 16:25:09,857 - position: [ 0.12455674 -2.85150218  0.80178684]
2024-07-18 16:25:10,126 - position: [ 0.12455674 -2.85150218  0.80178684]
2024-07-18 16:25:10,366 - position: [ 0.12455674 -2.85150218  0.80178684]
2024-07-18 16:25:10,628 - position: [ 0.12455674 -2.85150218  0.80178684]
2024-07-18 16:25:10,835 - position: [ 0.12455674 -2.85150218  0.80178684]
2024-07-18 16:25:11,086 - position: [ 0.12455674 -2.85150218  0.80178684]
2024-07-18 16:25:11,291 - position: [ 0.12455674 -2.85150218  0.80178684]
2024-07-18 16:25:11,503 - position: [ 0.12455674 -2.85150218  0.80178684]
2024-07-18 16:25:11,741 - position: [ 0.12455674 -2.85150218  0.80178684]
2024-07-18 16:25:11,976 - position: [ 0.12455674 -2.85150218  0.80178684]
2024-07-18 16:25:12,301 - position: [ 0.12455674 -2.85150218  0.80178684]
2024-07-18 16:25:12,585 - position: [ 0.12455674 -2.85150218  0.80178684]
2024-07-18 16:25:12,827 - position: [ 0.12455674 -2.85150218  0.80178684]
2024-07-18 16:25:13,117 - position: [ 0.12455674 -2.85150218  0.80178684]
2024-07-18 16:25:13,350 - position: [ 0.12455674 -2.85150218  0.80178684]
2024-07-18 16:25:13,616 - position: [ 0.12455674 -2.85150218  0.80178684]
2024-07-18 16:25:13,878 - position: [ 0.12455674 -2.85150218  0.80178684]
2024-07-18 16:25:14,142 - position: [ 0.12455674 -2.85150218  0.80178684]
2024-07-18 16:25:14,431 - position: [ 0.12455674 -2.85150218  0.80178684]
2024-07-18 16:25:14,706 - position: [ 0.12455674 -2.85150218  0.80178684]
2024-07-18 16:25:14,952 - position: [ 0.12455674 -2.85150218  0.80178684]
2024-07-18 16:25:15,194 - position: [ 0.12455674 -2.85150218  0.80178684]
2024-07-18 16:25:15,468 - position: [ 0.12455674 -2.85150218  0.80178684]
2024-07-18 16:25:15,702 - position: [ 0.12455674 -2.85150218  0.80178684]
2024-07-18 16:25:15,958 - position: [ 0.12455674 -2.85150218  0.80178684]
2024-07-18 16:25:16,226 - position: [ 0.12455674 -2.85150218  0.80178684]
2024-07-18 16:25:16,439 - position: [ 0.12455674 -2.85150218  0.80178684]
2024-07-18 16:25:16,673 - position: [ 0.12455674 -2.85150218  0.80178684]
2024-07-18 16:25:16,924 - position: [ 0.12455674 -2.85150218  0.80178684]
2024-07-18 16:25:17,156 - position: [ 0.12455674 -2.85150218  0.80178684]
2024-07-18 16:25:17,384 - position: [ 0.12455674 -2.85150218  0.80178684]
2024-07-18 16:25:17,635 - position: [ 0.12455674 -2.85150218  0.80178684]
2024-07-18 16:25:17,849 - position: [ 0.12455674 -2.85150218  0.80178684]
2024-07-18 16:25:18,086 - position: [ 0.12455674 -2.85150218  0.80178684]
2024-07-18 16:25:18,330 - position: [ 0.12455674 -2.85150218  0.80178684]
2024-07-18 16:25:18,551 - position: [ 0.12455674 -2.85150218  0.80178684]
2024-07-18 16:25:18,795 - position: [ 0.12455674 -2.85150218  0.80178684]
2024-07-18 16:25:19,007 - position: [ 0.12455674 -2.85150218  0.80178684]
2024-07-18 16:25:19,231 - position: [ 0.12455674 -2.85150218  0.80178684]
2024-07-18 16:25:19,528 - position: [ 0.12455674 -2.85150218  0.80178684]
2024-07-18 16:25:19,758 - position: [ 0.12455674 -2.85150218  0.80178684]
2024-07-18 16:25:20,025 - position: [ 0.12455674 -2.85150218  0.80178684]
2024-07-18 16:25:20,278 - position: [ 0.12455674 -2.85150218  0.80178684]
2024-07-18 16:25:20,535 - position: [ 0.12455674 -2.85150218  0.80178684]
2024-07-18 16:25:20,774 - position: [ 0.12455674 -2.85150218  0.80178684]
2024-07-18 16:25:21,051 - position: [ 0.12455674 -2.85150218  0.80178684]
2024-07-18 16:25:21,299 - position: [ 0.12455674 -2.85150218  0.80178684]
2024-07-18 16:25:21,537 - position: [ 0.12455674 -2.85150218  0.80178684]
2024-07-18 16:25:21,785 - position: [ 0.12455674 -2.85150218  0.80178684]
2024-07-18 16:25:22,043 - position: [ 0.12455674 -2.85150218  0.80178684]
2024-07-18 16:25:22,279 - position: [ 0.12455674 -2.85150218  0.80178684]
2024-07-18 16:25:22,554 - position: [ 0.12455674 -2.85150218  0.80178684]
2024-07-18 16:25:22,802 - position: [ 0.12455674 -2.85150218  0.80178684]
2024-07-18 16:25:23,052 - position: [ 0.12455674 -2.85150218  0.80178684]
2024-07-18 16:25:23,295 - position: [ 0.12455674 -2.85150218  0.80178684]
2024-07-18 16:25:23,530 - position: [ 0.12455674 -2.85150218  0.80178684]
2024-07-18 16:25:23,808 - position: [ 0.12455674 -2.85150218  0.80178684]
2024-07-18 16:25:24,071 - position: [ 0.12455674 -2.85150218  0.80178684]
2024-07-18 16:25:24,313 - position: [ 0.12455674 -2.85150218  0.80178684]
2024-07-18 16:25:24,576 - position: [ 0.12455674 -2.85150218  0.80178684]
2024-07-18 16:25:24,824 - position: [ 0.12455674 -2.85150218  0.80178684]
2024-07-18 16:25:25,041 - position: [ 0.12455674 -2.85150218  0.80178684]
2024-07-18 16:25:25,305 - position: [ 0.12455674 -2.85150218  0.80178684]
2024-07-18 16:25:25,553 - position: [ 0.12455674 -2.85150218  0.80178684]
2024-07-18 16:25:25,807 - position: [ 0.12455674 -2.85150218  0.80178684]
2024-07-18 16:25:26,068 - position: [ 0.12455674 -2.85150218  0.80178684]
2024-07-18 16:25:26,334 - position: [ 0.12455674 -2.85150218  0.80178684]
2024-07-18 16:25:26,586 - position: [ 0.12455674 -2.85150218  0.80178684]
2024-07-18 16:25:26,869 - position: [ 0.12455674 -2.85150218  0.80178684]
2024-07-18 16:25:27,080 - position: [ 0.12455674 -2.85150218  0.80178684]
2024-07-18 16:25:27,306 - position: [ 0.12455674 -2.85150218  0.80178684]
2024-07-18 16:25:27,554 - position: [ 0.12455674 -2.85150218  0.80178684]
2024-07-18 16:25:27,776 - position: [ 0.12455674 -2.85150218  0.80178684]
2024-07-18 16:25:28,049 - position: [ 0.12455674 -2.85150218  0.80178684]
2024-07-18 16:25:28,310 - position: [ 0.12455674 -2.85150218  0.80178684]
2024-07-18 16:25:28,557 - position: [ 0.12455674 -2.85150218  0.80178684]
2024-07-18 16:25:28,841 - position: [ 0.12455674 -2.85150218  0.80178684]
2024-07-18 16:25:29,057 - position: [ 0.12455674 -2.85150218  0.80178684]
2024-07-18 16:25:29,301 - position: [ 0.12455674 -2.85150218  0.80178684]
2024-07-18 16:25:29,515 - position: [ 0.12455674 -2.85150218  0.80178684]
2024-07-18 16:25:29,763 - position: [ 0.12455674 -2.85150218  0.80178684]
2024-07-18 16:25:30,095 - position: [ 0.12455674 -2.85150218  0.80178684]
2024-07-18 16:25:30,350 - position: [ 0.12455674 -2.85150218  0.80178684]
2024-07-18 16:25:30,611 - position: [ 0.12455674 -2.85150218  0.80178684]
2024-07-18 16:25:30,828 - position: [ 0.12455674 -2.85150218  0.80178684]
2024-07-18 16:25:31,065 - position: [ 0.12455674 -2.85150218  0.80178684]
2024-07-18 16:25:31,310 - position: [ 0.12455674 -2.85150218  0.80178684]
2024-07-18 16:25:31,581 - position: [ 0.12455674 -2.85150218  0.80178684]
2024-07-18 16:25:31,841 - position: [ 0.12455674 -2.85150218  0.80178684]
2024-07-18 16:25:32,119 - position: [ 0.12455674 -2.85150218  0.80178684]
2024-07-18 16:25:32,345 - position: [ 0.12455674 -2.85150218  0.80178684]
2024-07-18 16:25:32,635 - position: [ 0.12455674 -2.85150218  0.80178684]
2024-07-18 16:25:32,922 - position: [ 0.12455674 -2.85150218  0.80178684]
2024-07-18 16:25:33,202 - position: [ 0.12455674 -2.85150218  0.80178684]
2024-07-18 16:25:33,459 - position: [ 0.12455674 -2.85150218  0.80178684]
2024-07-18 16:25:33,710 - position: [ 0.12455674 -2.85150218  0.80178684]
2024-07-18 16:25:33,992 - position: [ 0.12455674 -2.85150218  0.80178684]
2024-07-18 16:25:34,246 - position: [ 0.12455674 -2.85150218  0.80178684]
2024-07-18 16:25:34,537 - position: [ 0.12455674 -2.85150218  0.80178684]
2024-07-18 16:25:34,830 - position: [ 0.12455674 -2.85150218  0.80178684]
2024-07-18 16:25:35,053 - position: [ 0.12455674 -2.85150218  0.80178684]
2024-07-18 16:25:35,303 - position: [ 0.12455674 -2.85150218  0.80178684]
2024-07-18 16:25:35,536 - position: [ 0.12455674 -2.85150218  0.80178684]
2024-07-18 16:25:35,759 - position: [ 0.12455674 -2.85150218  0.80178684]
2024-07-18 16:25:36,027 - position: [ 0.12455674 -2.85150218  0.80178684]
2024-07-18 16:25:36,262 - position: [ 0.12455674 -2.85150218  0.80178684]
2024-07-18 16:25:36,556 - position: [ 0.12455674 -2.85150218  0.80178684]
2024-07-18 16:25:36,816 - position: [ 0.12455674 -2.85150218  0.80178684]
2024-07-18 16:25:37,043 - position: [ 0.12455674 -2.85150218  0.80178684]
2024-07-18 16:25:37,272 - position: [ 0.12455674 -2.85150218  0.80178684]
2024-07-18 16:25:37,518 - position: [ 0.12455674 -2.85150218  0.80178684]
2024-07-18 16:25:37,739 - position: [-3.03626013 -1.33375263  0.79690009]
2024-07-18 16:25:38,000 - position: [-3.03626013 -1.33375263  0.79690009]
2024-07-18 16:25:38,326 - position: [-3.03626013 -1.33375263  0.79690009]
2024-07-18 16:25:38,557 - position: [-3.03626013 -1.33375263  0.79690009]
2024-07-18 16:25:38,800 - position: [-3.03626013 -1.33375263  0.79690009]
2024-07-18 16:25:39,051 - position: [-3.03626013 -1.33375263  0.79690009]
2024-07-18 16:25:39,293 - position: [-3.03626013 -1.33375263  0.79690009]
2024-07-18 16:25:39,550 - position: [-3.03626013 -1.33375263  0.79690009]
2024-07-18 16:25:39,818 - position: [-3.03626013 -1.33375263  0.79690009]
2024-07-18 16:25:40,038 - position: [-3.03626013 -1.33375263  0.79690009]
2024-07-18 16:25:40,287 - position: [-3.03626013 -1.33375263  0.79690009]
2024-07-18 16:25:40,558 - position: [-3.03626013 -1.33375263  0.79690009]
2024-07-18 16:25:40,776 - position: [-3.03626013 -1.33375263  0.79690009]
2024-07-18 16:25:41,037 - position: [-3.03626013 -1.33375263  0.79690009]
2024-07-18 16:25:41,283 - position: [-3.03626013 -1.33375263  0.79690009]
2024-07-18 16:25:41,533 - position: [-3.03626013 -1.33375263  0.79690009]
2024-07-18 16:25:41,810 - position: [-3.03626013 -1.33375263  0.79690009]
2024-07-18 16:25:42,064 - position: [-3.03626013 -1.33375263  0.79690009]
2024-07-18 16:25:42,314 - position: [-3.03626013 -1.33375263  0.79690009]
2024-07-18 16:25:42,640 - position: [-3.03626013 -1.33375263  0.79690009]
2024-07-18 16:25:42,901 - position: [-3.03626013 -1.33375263  0.79690009]
2024-07-18 16:25:43,157 - position: [-3.03626013 -1.33375263  0.79690009]
2024-07-18 16:25:43,433 - position: [-3.03626013 -1.33375263  0.79690009]
2024-07-18 16:25:43,678 - position: [-3.03626013 -1.33375263  0.79690009]
2024-07-18 16:25:43,908 - position: [-3.03626013 -1.33375263  0.79690009]
2024-07-18 16:25:44,146 - position: [-3.03626013 -1.33375263  0.79690009]
2024-07-18 16:25:44,378 - position: [-3.03626013 -1.33375263  0.79690009]
2024-07-18 16:25:44,646 - position: [ 0.41581649 -2.64061475  1.35790002]
2024-07-18 16:25:44,888 - position: [ 0.16127534 -2.91792011  1.94054329]
2024-07-18 16:25:45,108 - position: [ 0.03423225 -3.0166564   1.96344078]
2024-07-18 16:25:45,325 - position: [ 0.02584049 -3.00075483  1.96652293]
2024-07-18 16:25:45,552 - position: [ 0.05539007 -2.97726536  1.96405303]
2024-07-18 16:25:45,812 - position: [ 0.14923988 -2.87060308  1.9079994 ]
2024-07-18 16:25:46,103 - position: [ 0.32693696 -2.56759238  1.30599594]
2024-07-18 16:25:46,333 - position: [ 0.31606752 -2.57391238  1.20049226]
2024-07-18 16:25:46,544 - position: [ 0.31606752 -2.57391238  1.20049226]
2024-07-18 16:25:46,769 - position: [ 0.31606752 -2.57391238  1.20049226]
2024-07-18 16:25:46,995 - position: [ 0.31606752 -2.57391238  1.20049226]
2024-07-18 16:25:47,235 - position: [ 0.31606752 -2.57391238  1.20049226]
2024-07-18 16:25:47,475 - position: [ 0.31606752 -2.57391238  1.20049226]
2024-07-18 16:25:47,733 - position: [ 0.31606752 -2.57391238  1.20049226]
2024-07-18 16:25:47,936 - position: [ 0.31606752 -2.57391238  1.20049226]
2024-07-18 16:25:48,194 - position: [ 0.31606752 -2.57391238  1.20049226]
2024-07-18 16:25:48,483 - position: [ 0.31606752 -2.57391238  1.20049226]
2024-07-18 16:25:48,702 - position: [ 0.31606752 -2.57391238  1.20049226]
2024-07-18 16:25:48,909 - position: [ 0.31606752 -2.57391238  1.20049226]
2024-07-18 16:25:49,192 - position: [ 0.31606752 -2.57391238  1.20049226]
2024-07-18 16:25:49,428 - position: [ 0.31606752 -2.57391238  1.20049226]
2024-07-18 16:25:49,737 - position: [ 0.31606752 -2.57391238  1.20049226]
2024-07-18 16:25:49,975 - position: [ 0.31606752 -2.57391238  1.20049226]
2024-07-18 16:25:50,186 - position: [ 0.31606752 -2.57391238  1.20049226]
2024-07-18 16:25:50,394 - position: [ 0.31606752 -2.57391238  1.20049226]
2024-07-18 16:25:50,614 - position: [ 0.31606752 -2.57391238  1.20049226]
2024-07-18 16:25:50,826 - position: [ 0.31606752 -2.57391238  1.20049226]
2024-07-18 16:25:51,083 - position: [ 0.31606752 -2.57391238  1.20049226]
2024-07-18 16:25:51,330 - position: [ 0.31606752 -2.57391238  1.20049226]
2024-07-18 16:25:51,604 - position: [ 0.31606752 -2.57391238  1.20049226]
2024-07-18 16:25:51,894 - position: [ 0.31606752 -2.57391238  1.20049226]
2024-07-18 16:25:52,121 - position: [ 0.31606752 -2.57391238  1.20049226]
2024-07-18 16:25:52,360 - position: [ 0.31606752 -2.57391238  1.20049226]
2024-07-18 16:25:52,608 - position: [ 0.31606752 -2.57391238  1.20049226]
2024-07-18 16:25:52,853 - position: [ 0.31606752 -2.57391238  1.20049226]
2024-07-18 16:25:53,135 - position: [ 0.31606752 -2.57391238  1.20049226]
2024-07-18 16:25:53,371 - position: [ 0.31606752 -2.57391238  1.20049226]
2024-07-18 16:25:53,621 - position: [ 0.31606752 -2.57391238  1.20049226]
2024-07-18 16:25:53,875 - position: [ 0.31606752 -2.57391238  1.20049226]
2024-07-18 16:25:54,162 - position: [ 0.31606752 -2.57391238  1.20049226]
2024-07-18 16:25:54,412 - position: [ 0.31606752 -2.57391238  1.20049226]
2024-07-18 16:25:54,636 - position: [ 0.31606752 -2.57391238  1.20049226]
2024-07-18 16:25:54,883 - position: [ 0.31606752 -2.57391238  1.20049226]
2024-07-18 16:25:55,162 - position: [ 0.31606752 -2.57391238  1.20049226]
2024-07-18 16:25:55,413 - position: [ 0.31606752 -2.57391238  1.20049226]
2024-07-18 16:25:55,619 - position: [ 0.31606752 -2.57391238  1.20049226]
2024-07-18 16:25:55,964 - position: [ 0.31606752 -2.57391238  1.20049226]
2024-07-18 16:25:56,242 - position: [ 0.31606752 -2.57391238  1.20049226]
2024-07-18 16:25:56,524 - position: [ 0.31606752 -2.57391238  1.20049226]
2024-07-18 16:25:56,739 - position: [ 0.31606752 -2.57391238  1.20049226]
2024-07-18 16:25:56,952 - position: [ 0.31606752 -2.57391238  1.20049226]
2024-07-18 16:25:57,194 - position: [ 0.31606752 -2.57391238  1.20049226]
2024-07-18 16:25:57,433 - position: [ 0.31606752 -2.57391238  1.20049226]
2024-07-18 16:25:57,680 - position: [ 0.31606752 -2.57391238  1.20049226]
2024-07-18 16:25:57,938 - position: [ 0.31606752 -2.57391238  1.20049226]
2024-07-18 16:25:58,197 - position: [ 0.31606752 -2.57391238  1.20049226]
2024-07-18 16:25:58,434 - position: [ 0.31606752 -2.57391238  1.20049226]
2024-07-18 16:25:58,711 - position: [ 0.31606752 -2.57391238  1.20049226]
2024-07-18 16:25:58,958 - position: [ 0.31606752 -2.57391238  1.20049226]
2024-07-18 16:25:59,169 - position: [ 0.31606752 -2.57391238  1.20049226]
2024-07-18 16:25:59,448 - position: [ 0.31606752 -2.57391238  1.20049226]
2024-07-18 16:25:59,741 - position: [ 0.31606752 -2.57391238  1.20049226]
2024-07-18 16:26:00,019 - position: [ 0.31606752 -2.57391238  1.20049226]
2024-07-18 16:26:00,268 - position: [ 0.31606752 -2.57391238  1.20049226]
2024-07-18 16:26:00,525 - position: [ 0.31606752 -2.57391238  1.20049226]
2024-07-18 16:26:00,768 - position: [ 0.31606752 -2.57391238  1.20049226]
2024-07-18 16:26:01,043 - position: [ 0.31606752 -2.57391238  1.20049226]
2024-07-18 16:26:01,260 - position: [ 0.31606752 -2.57391238  1.20049226]
2024-07-18 16:26:01,574 - position: [ 0.31606752 -2.57391238  1.20049226]
2024-07-18 16:26:01,868 - position: [ 0.31606752 -2.57391238  1.20049226]
2024-07-18 16:26:02,148 - position: [ 0.31606752 -2.57391238  1.20049226]
2024-07-18 16:26:02,415 - position: [ 0.31606752 -2.57391238  1.20049226]
2024-07-18 16:26:02,655 - position: [ 0.31606752 -2.57391238  1.20049226]
2024-07-18 16:26:02,902 - position: [ 0.31606752 -2.57391238  1.20049226]
2024-07-18 16:26:03,102 - position: [ 0.31606752 -2.57391238  1.20049226]
2024-07-18 16:26:03,357 - position: [ 0.31606752 -2.57391238  1.20049226]
2024-07-18 16:26:03,662 - position: [ 0.31606752 -2.57391238  1.20049226]
2024-07-18 16:26:03,897 - position: [ 0.31606752 -2.57391238  1.20049226]
2024-07-18 16:26:04,142 - position: [ 0.31606752 -2.57391238  1.20049226]
2024-07-18 16:26:04,408 - position: [ 0.31606752 -2.57391238  1.20049226]
2024-07-18 16:26:04,700 - position: [ 0.31606752 -2.57391238  1.20049226]
2024-07-18 16:26:04,906 - position: [ 0.31606752 -2.57391238  1.20049226]
2024-07-18 16:26:05,129 - position: [ 0.31606752 -2.57391238  1.20049226]
2024-07-18 16:26:05,363 - position: [ 0.31606752 -2.57391238  1.20049226]
2024-07-18 16:26:05,641 - position: [ 0.31606752 -2.57391238  1.20049226]
2024-07-18 16:26:05,891 - position: [ 0.31606752 -2.57391238  1.20049226]
2024-07-18 16:26:06,107 - position: [ 0.31606752 -2.57391238  1.20049226]
2024-07-18 16:26:06,353 - position: [ 0.31606752 -2.57391238  1.20049226]
2024-07-18 16:26:06,584 - position: [ 0.31606752 -2.57391238  1.20049226]
2024-07-18 16:26:06,829 - position: [ 0.31606752 -2.57391238  1.20049226]
2024-07-18 16:26:07,060 - position: [ 0.31606752 -2.57391238  1.20049226]
2024-07-18 16:26:07,307 - position: [ 0.31606752 -2.57391238  1.20049226]
2024-07-18 16:26:07,543 - position: [ 0.31606752 -2.57391238  1.20049226]
2024-07-18 16:26:07,786 - position: [ 0.31606752 -2.57391238  1.20049226]
2024-07-18 16:26:08,025 - position: [ 0.31606752 -2.57391238  1.20049226]
2024-07-18 16:26:08,278 - position: [ 0.31606752 -2.57391238  1.20049226]
2024-07-18 16:26:08,508 - position: [ 0.31606752 -2.57391238  1.20049226]
2024-07-18 16:26:08,709 - position: [ 0.31606752 -2.57391238  1.20049226]
2024-07-18 16:26:08,951 - position: [ 0.31606752 -2.57391238  1.20049226]
2024-07-18 16:26:09,177 - position: [ 0.31606752 -2.57391238  1.20049226]
2024-07-18 16:26:09,470 - position: [ 0.31606752 -2.57391238  1.20049226]
2024-07-18 16:26:09,745 - position: [ 0.31606752 -2.57391238  1.20049226]
2024-07-18 16:26:09,991 - position: [ 0.31606752 -2.57391238  1.20049226]
2024-07-18 16:26:10,240 - position: [ 0.31606752 -2.57391238  1.20049226]
2024-07-18 16:26:10,484 - position: [ 0.31606752 -2.57391238  1.20049226]
2024-07-18 16:26:10,740 - position: [ 0.31606752 -2.57391238  1.20049226]
2024-07-18 16:26:10,954 - position: [ 0.44933218 -2.70208311  1.68583953]
2024-07-18 16:26:11,216 - position: [ 0.24365772 -2.92689323  1.92978883]
2024-07-18 16:26:11,477 - position: [ 0.15441066 -2.96979713  1.95345867]
2024-07-18 16:26:11,748 - position: [ 0.16456166 -2.93676353  1.95545065]
2024-07-18 16:26:11,994 - position: [ 0.26148775 -2.68621254  1.75043988]
2024-07-18 16:26:12,222 - position: [ 0.26467505 -2.51013899  1.27060044]
2024-07-18 16:26:12,458 - position: [ 0.03417117 -2.75356746  0.78885895]
2024-07-18 16:26:12,674 - position: [-0.15719241 -2.72367883  0.78104639]
2024-07-18 16:26:12,923 - position: [-0.15719241 -2.72367883  0.78104639]
2024-07-18 16:26:13,153 - position: [-0.15719241 -2.72367883  0.78104639]
2024-07-18 16:26:13,428 - position: [-0.15719241 -2.72367883  0.78104639]
2024-07-18 16:26:13,680 - position: [-0.15719241 -2.72367883  0.78104639]
2024-07-18 16:26:13,941 - position: [-0.15719241 -2.72367883  0.78104639]
2024-07-18 16:26:14,227 - position: [-0.15719241 -2.72367883  0.78104639]
2024-07-18 16:26:14,445 - position: [-0.15719241 -2.72367883  0.78104639]
2024-07-18 16:26:14,678 - position: [-0.15719241 -2.72367883  0.78104639]
2024-07-18 16:26:14,895 - position: [-0.15719241 -2.72367883  0.78104639]
2024-07-18 16:26:15,110 - position: [-0.15719241 -2.72367883  0.78104639]
2024-07-18 16:26:15,361 - position: [-0.15719241 -2.72367883  0.78104639]
2024-07-18 16:26:15,585 - position: [-0.15719241 -2.72367883  0.78104639]
2024-07-18 16:26:15,820 - position: [-0.15719241 -2.72367883  0.78104639]
2024-07-18 16:26:16,101 - position: [-0.15719241 -2.72367883  0.78104639]
2024-07-18 16:26:16,357 - position: [-0.15719241 -2.72367883  0.78104639]
2024-07-18 16:26:16,636 - position: [-0.15719241 -2.72367883  0.78104639]
2024-07-18 16:26:16,910 - position: [-0.15719241 -2.72367883  0.78104639]
2024-07-18 16:26:17,143 - position: [-0.15719241 -2.72367883  0.78104639]
2024-07-18 16:26:17,394 - position: [-0.15719241 -2.72367883  0.78104639]
2024-07-18 16:26:17,651 - position: [-0.15719241 -2.72367883  0.78104639]
2024-07-18 16:26:17,887 - position: [-0.15719241 -2.72367883  0.78104639]
2024-07-18 16:26:18,141 - position: [-0.15719241 -2.72367883  0.78104639]
2024-07-18 16:26:18,375 - position: [-0.15719241 -2.72367883  0.78104639]
2024-07-18 16:26:18,625 - position: [-0.15719241 -2.72367883  0.78104639]
2024-07-18 16:26:18,843 - position: [-0.15719241 -2.72367883  0.78104639]
2024-07-18 16:26:19,074 - position: [-0.15719241 -2.72367883  0.78104639]
2024-07-18 16:26:19,336 - position: [-0.15719241 -2.72367883  0.78104639]
2024-07-18 16:26:19,620 - position: [-0.15719241 -2.72367883  0.78104639]
2024-07-18 16:26:19,847 - position: [-0.15719241 -2.72367883  0.78104639]
2024-07-18 16:26:20,089 - position: [-0.15719241 -2.72367883  0.78104639]
2024-07-18 16:26:20,353 - position: [-0.15719241 -2.72367883  0.78104639]
2024-07-18 16:26:20,585 - position: [-0.15719241 -2.72367883  0.78104639]
2024-07-18 16:26:20,800 - position: [-0.15719241 -2.72367883  0.78104639]
2024-07-18 16:26:21,074 - position: [-0.15719241 -2.72367883  0.78104639]
2024-07-18 16:26:21,313 - position: [-0.15719241 -2.72367883  0.78104639]
2024-07-18 16:26:21,575 - position: [-0.15719241 -2.72367883  0.78104639]
2024-07-18 16:26:21,811 - position: [-0.15719241 -2.72367883  0.78104639]
2024-07-18 16:26:22,085 - position: [-0.15719241 -2.72367883  0.78104639]
2024-07-18 16:26:22,297 - position: [-0.15719241 -2.72367883  0.78104639]
2024-07-18 16:26:22,607 - position: [-0.15719241 -2.72367883  0.78104639]
2024-07-18 16:26:22,855 - position: [-0.15719241 -2.72367883  0.78104639]
2024-07-18 16:26:23,099 - position: [-0.15719241 -2.72367883  0.78104639]
2024-07-18 16:26:23,345 - position: [-0.15719241 -2.72367883  0.78104639]
2024-07-18 16:26:23,567 - position: [-0.15719241 -2.72367883  0.78104639]
2024-07-18 16:26:23,822 - position: [-0.15719241 -2.72367883  0.78104639]
2024-07-18 16:26:24,066 - position: [-0.15719241 -2.72367883  0.78104639]
2024-07-18 16:26:24,381 - position: [-0.15719241 -2.72367883  0.78104639]
2024-07-18 16:26:24,645 - position: [-0.15719241 -2.72367883  0.78104639]
2024-07-18 16:26:24,886 - position: [-0.15719241 -2.72367883  0.78104639]
2024-07-18 16:26:25,136 - position: [-0.15719241 -2.72367883  0.78104639]
2024-07-18 16:26:25,365 - position: [-0.15719241 -2.72367883  0.78104639]
2024-07-18 16:26:25,584 - position: [-0.15719241 -2.72367883  0.78104639]
2024-07-18 16:26:25,823 - position: [-0.15719241 -2.72367883  0.78104639]
2024-07-18 16:26:26,094 - position: [-0.15719241 -2.72367883  0.78104639]
2024-07-18 16:26:26,334 - position: [-0.15719241 -2.72367883  0.78104639]
2024-07-18 16:26:26,596 - position: [-0.15719241 -2.72367883  0.78104639]
2024-07-18 16:26:26,849 - position: [-0.15719241 -2.72367883  0.78104639]
2024-07-18 16:26:27,118 - position: [-0.15719241 -2.72367883  0.78104639]
2024-07-18 16:26:27,324 - position: [-0.15719241 -2.72367883  0.78104639]
2024-07-18 16:26:27,596 - position: [-0.15719241 -2.72367883  0.78104639]
2024-07-18 16:26:27,862 - position: [-0.15719241 -2.72367883  0.78104639]
2024-07-18 16:26:28,073 - position: [-0.15719241 -2.72367883  0.78104639]
2024-07-18 16:26:28,345 - position: [-0.15719241 -2.72367883  0.78104639]
2024-07-18 16:26:28,623 - position: [-0.15719241 -2.72367883  0.78104639]
2024-07-18 16:26:28,869 - position: [-0.15719241 -2.72367883  0.78104639]
2024-07-18 16:26:29,095 - position: [-0.15719241 -2.72367883  0.78104639]
2024-07-18 16:26:29,329 - position: [-0.15719241 -2.72367883  0.78104639]
2024-07-18 16:26:29,585 - position: [-0.15719241 -2.72367883  0.78104639]
2024-07-18 16:26:29,835 - position: [-0.15719241 -2.72367883  0.78104639]
2024-07-18 16:26:30,049 - position: [-0.15719241 -2.72367883  0.78104639]
2024-07-18 16:26:30,293 - position: [-0.15719241 -2.72367883  0.78104639]
2024-07-18 16:26:30,524 - position: [-0.15719241 -2.72367883  0.78104639]
2024-07-18 16:26:30,747 - position: [-0.15719241 -2.72367883  0.78104639]
2024-07-18 16:26:30,961 - position: [-0.15719241 -2.72367883  0.78104639]
2024-07-18 16:26:31,178 - position: [-0.15719241 -2.72367883  0.78104639]
2024-07-18 16:26:31,420 - position: [-0.15719241 -2.72367883  0.78104639]
2024-07-18 16:26:31,688 - position: [-0.15719241 -2.72367883  0.78104639]
2024-07-18 16:26:31,977 - position: [-0.15719241 -2.72367883  0.78104639]
2024-07-18 16:26:32,231 - position: [-0.15719241 -2.72367883  0.78104639]
2024-07-18 16:26:32,511 - position: [-0.15719241 -2.72367883  0.78104639]
2024-07-18 16:26:32,725 - position: [-0.15719241 -2.72367883  0.78104639]
2024-07-18 16:26:32,978 - position: [-0.15719241 -2.72367883  0.78104639]
2024-07-18 16:26:33,227 - position: [-0.15719241 -2.72367883  0.78104639]
2024-07-18 16:26:33,528 - position: [ 0.42482272 -2.60101485  1.48787725]
2024-07-18 16:26:33,797 - position: [ 0.16080427 -2.9653523   1.95719922]
2024-07-18 16:26:34,034 - position: [ 0.09648132 -3.01478505  1.96336675]
2024-07-18 16:26:34,278 - position: [ 0.13670687 -2.92421913  1.95682383]
2024-07-18 16:26:34,495 - position: [ 0.24641241 -2.60950446  1.76874936]
2024-07-18 16:26:34,754 - position: [ 0.16725332 -2.4993372   1.09401858]
2024-07-18 16:26:35,004 - position: [-0.03934336 -2.67758608  0.8170476 ]
2024-07-18 16:26:35,277 - position: [-0.03934336 -2.67758608  0.8170476 ]
2024-07-18 16:26:35,521 - position: [-0.03934336 -2.67758608  0.8170476 ]
2024-07-18 16:26:35,770 - position: [-0.03934336 -2.67758608  0.8170476 ]
2024-07-18 16:26:36,001 - position: [-0.03934336 -2.67758608  0.8170476 ]
2024-07-18 16:26:36,212 - position: [-0.03934336 -2.67758608  0.8170476 ]
2024-07-18 16:26:36,481 - position: [-0.03934336 -2.67758608  0.8170476 ]
2024-07-18 16:26:36,702 - position: [-0.03934336 -2.67758608  0.8170476 ]
2024-07-18 16:26:36,967 - position: [-0.03934336 -2.67758608  0.8170476 ]
2024-07-18 16:26:37,234 - position: [-0.03934336 -2.67758608  0.8170476 ]
2024-07-18 16:26:37,454 - position: [-0.03934336 -2.67758608  0.8170476 ]
2024-07-18 16:26:37,687 - position: [-0.03934336 -2.67758608  0.8170476 ]
2024-07-18 16:26:37,910 - position: [-0.03934336 -2.67758608  0.8170476 ]
2024-07-18 16:26:38,164 - position: [-0.03934336 -2.67758608  0.8170476 ]
2024-07-18 16:26:38,376 - position: [-0.03934336 -2.67758608  0.8170476 ]
2024-07-18 16:26:38,633 - position: [-0.03934336 -2.67758608  0.8170476 ]
2024-07-18 16:26:38,872 - position: [-0.03934336 -2.67758608  0.8170476 ]
2024-07-18 16:26:39,133 - position: [-0.03934336 -2.67758608  0.8170476 ]
2024-07-18 16:26:39,405 - position: [-0.03934336 -2.67758608  0.8170476 ]
2024-07-18 16:26:39,741 - position: [-0.03934336 -2.67758608  0.8170476 ]
2024-07-18 16:26:40,026 - position: [-0.03934336 -2.67758608  0.8170476 ]
2024-07-18 16:26:40,292 - position: [-0.03934336 -2.67758608  0.8170476 ]
2024-07-18 16:26:40,525 - position: [-0.03934336 -2.67758608  0.8170476 ]
2024-07-18 16:26:40,783 - position: [-0.03934336 -2.67758608  0.8170476 ]
2024-07-18 16:26:41,032 - position: [-0.03934336 -2.67758608  0.8170476 ]
2024-07-18 16:26:41,334 - position: [-0.03934336 -2.67758608  0.8170476 ]
2024-07-18 16:26:41,588 - position: [-0.03934336 -2.67758608  0.8170476 ]
2024-07-18 16:26:41,850 - position: [-0.03934336 -2.67758608  0.8170476 ]
2024-07-18 16:26:42,061 - position: [-0.03934336 -2.67758608  0.8170476 ]
