2024-08-13 13:14:18,609 - takeoff,none,[-0.1483835   4.62342644  0.94113475],[1.63343382 3.44296002 1.58015704],3.111913287973066
2024-08-13 13:14:18,813 - takeoff,none,[-0.14901346  4.62156248  0.93847364],[1.63157129 3.44616866 1.58486199],3.1047665170455216
2024-08-13 13:14:19,014 - takeoff,none,[-0.14814591  4.62236452  0.9404192 ],[1.63092554 3.446064   1.59376943],3.1177074705111916
2024-08-13 13:14:19,257 - takeoff,none,[-0.14686295  4.62192297  0.94085103],[1.62701309 3.44582391 1.60755169],3.1085430924772
2024-08-13 13:14:19,483 - takeoff,none,[-0.14851263  4.62355232  0.94131738],[1.62442422 3.44667721 1.62482035],3.110085612540197
2024-08-13 13:14:19,684 - takeoff,none,[-0.14862648  4.62622595  0.94622213],[1.62157977 3.44736958 1.63743305],3.1209289122533344
2024-08-13 13:14:19,954 - takeoff,none,[-0.14777541  4.62858772  0.94145411],[1.61652875 3.44726467 1.6457994 ],3.1177629191561067
2024-08-13 13:14:20,161 - takeoff,none,[-0.15075116  4.63173199  0.94793063],[1.61363614 3.450845   1.66013217],3.10315898545534
2024-08-13 13:14:20,361 - takeoff,none,[-0.15149759  4.63205004  0.94707197],[1.61294758 3.45577359 1.67481279],3.119462569574087
2024-08-13 13:14:20,584 - takeoff,none,[-0.15073691  4.63173389  0.9431296 ],[1.61140275 3.46678472 1.69435894],3.1078371646857716
2024-08-13 13:14:20,785 - takeoff,none,[-0.1518929   4.63487434  0.94366425],[1.61092043 3.47669482 1.7075038 ],3.1135442699763423
2024-08-13 13:14:21,010 - takeoff,none,[-0.15121721  4.63590717  0.94322211],[1.60865486 3.48848224 1.72012627],3.105706633822577
2024-08-13 13:14:21,210 - takeoff,none,[-0.15073024  4.63589859  0.94278485],[1.60559464 3.49751806 1.72912955],3.1057425772986615
2024-08-13 13:14:21,411 - takeoff,none,[-0.15061942  4.63558435  0.94259787],[1.60299897 3.50584841 1.74096739],3.1021858638165423
2024-08-13 13:14:21,617 - takeoff,none,[-0.15074334  4.63585949  0.94271469],[1.6013968  3.51349735 1.75108624],3.1078925932922514
2024-08-13 13:14:21,824 - takeoff,none,[-0.1507064   4.63634157  0.94236571],[1.59987402 3.51985693 1.7656424 ],3.1180280046805935
2024-08-13 13:14:22,025 - takeoff,none,[-0.14995085  4.63749933  0.94183719],[1.59671462 3.52817369 1.77307272],3.105785632073398
2024-08-13 13:14:22,233 - takeoff,none,[-0.14920862  4.63786602  0.9406783 ],[1.59535301 3.53483152 1.78219533],3.1067545157438414
2024-08-13 13:14:22,439 - takeoff,none,[-0.150086    4.63733768  0.94111359],[1.59387302 3.53958011 1.79566145],3.113994317901912
2024-08-13 13:14:22,680 - takeoff,none,[-0.15002471  4.63633156  0.94222748],[1.59074569 3.54748273 1.80404675],3.112305118602173
2024-08-13 13:14:22,884 - takeoff,none,[-0.14995906  4.63546419  0.94243222],[1.58806849 3.55415225 1.81067061],3.11454771097088
2024-08-13 13:14:23,096 - takeoff,none,[-0.14945824  4.63458061  0.94193584],[1.5883373  3.55964589 1.82002592],3.116115731330412
2024-08-13 13:14:23,297 - takeoff,none,[-0.14957951  4.63371038  0.94157106],[1.58549333 3.56353784 1.82351959],3.114239072430613
2024-08-13 13:14:23,517 - takeoff,none,[-0.14956684  4.6324091   0.94199437],[1.58444536 3.5683856  1.83261526],3.1081448366212516
2024-08-13 13:14:23,754 - takeoff,none,[-0.14990878  4.63232088  0.94238305],[1.58338618 3.5733912  1.8436141 ],3.116096346833319
2024-08-13 13:14:23,967 - takeoff,none,[-0.14917131  4.63231421  0.94419986],[1.58226442 3.57625771 1.84931004],3.117638392037846
2024-08-13 13:14:24,167 - takeoff,none,[-0.14939134  4.63380575  0.94284344],[1.58030665 3.57976413 1.85589468],3.111079987051814
2024-08-13 13:14:24,378 - takeoff,none,[-0.14897229  4.633883    0.94295537],[1.5784663  3.58257151 1.86064172],3.11479687276654
2024-08-13 13:14:24,634 - takeoff,none,[-0.14877822  4.63451481  0.94264722],[1.57685196 3.58747673 1.87104726],3.1072111234342907
2024-08-13 13:14:24,835 - takeoff,none,[-0.14880645  4.63492012  0.9421435 ],[1.57490814 3.58970571 1.87556231],3.1183510725928527
2024-08-13 13:14:25,053 - takeoff,none,[-0.14863928  4.63546371  0.94168335],[1.57503343 3.59284449 1.88513541],3.1166888188917277
2024-08-13 13:14:25,253 - takeoff,none,[-0.14839582  4.63583565  0.94130588],[1.57540047 3.59555721 1.89180243],3.120148174710595
2024-08-13 13:14:25,460 - takeoff,none,[-0.14856459  4.63574553  0.94170088],[1.575225   3.59673786 1.89521182],3.1236178570660376
2024-08-13 13:14:25,666 - takeoff,none,[-0.14859465  4.6357398   0.94188678],[1.57405174 3.59918046 1.89521742],3.1175931144900026
2024-08-13 13:14:25,871 - takeoff,none,[-0.14754882  4.63447189  0.94433266],[1.57447243 3.60338664 1.89690185],3.113029444444998
2024-08-13 13:14:26,076 - takeoff,none,[-0.14713068  4.63469362  0.94417083],[1.57372606 3.60707879 1.90194976],3.114825199838908
2024-08-13 13:14:26,301 - takeoff,none,[-0.14799409  4.63607645  0.9456864 ],[1.5730443  3.60773683 1.90167999],3.1151332942370598
2024-08-13 13:14:26,505 - takeoff,none,[-0.14659481  4.63746977  0.94576007],[1.57400703 3.60840964 1.90391314],3.1165271183701293
2024-08-13 13:14:26,705 - takeoff,none,[-0.14183241  4.59536552  1.04942548],[1.57423067 3.6090703  1.90548551],3.1133424879158182
2024-08-13 13:14:26,919 - takeoff,none,[-0.18044207  4.59493923  1.41468775],[1.57469738 3.60980725 1.90656972],3.1141742199436977
2024-08-13 13:14:27,119 - takeoff,none,[-0.18749166  4.61090517  1.4555583 ],[1.57574582 3.61084461 1.90998483],3.125027906636943
2024-08-13 13:14:27,322 - takeoff,none,[-0.17194273  4.61783838  1.45719898],[1.57709134 3.61163664 1.90974104],3.1218709581079906
2024-08-13 13:14:27,529 - takeoff,none,[-0.17470115  4.62065315  1.47403097],[1.57786536 3.61176586 1.90901029],3.1197913939617177
2024-08-13 13:14:27,729 - takeoff,none,[-0.18021345  4.62608576  1.48055041],[1.57870066 3.61340427 1.91119146],3.122103170567547
2024-08-13 13:14:27,943 - takeoff,none,[-0.18499634  4.63272238  1.46041977],[1.57906938 3.61575222 1.91371751],3.115282838346509
2024-08-13 13:14:28,158 - takeoff,none,[-0.1936658   4.6376071   1.44813108],[1.58172035 3.61750436 1.91641796],3.1194066315540834
2024-08-13 13:14:28,361 - takeoff,none,[-0.19912013  4.6376214   1.44929242],[1.58309352 3.61808276 1.91310227],3.1144477110542477
2024-08-13 13:14:28,583 - takeoff,none,[-0.18569642  4.59616947  1.46145022],[1.58614469 3.61927986 1.91574287],3.1199513125030296
2024-08-13 13:14:28,786 - takeoff,none,[-0.12288836  4.62902498  1.4947145 ],[1.58958125 3.61966062 1.91550863],3.1153752079167725
2024-08-13 13:14:29,008 - takeoff,none,[-0.27343097  4.58655024  1.53275263],[1.59288776 3.61993599 1.91702366],3.119171333011545
2024-08-13 13:14:29,218 - takeoff,none,[-0.3406741   4.57603264  1.46339369],[1.59502149 3.62079477 1.9166007 ],3.1147748471191656
2024-08-13 13:14:29,419 - takeoff,none,[-0.34877414  4.57706451  1.43529928],[1.59847474 3.62227917 1.91673744],3.115971384242182
2024-08-13 13:14:29,627 - takeoff,none,[-0.34877414  4.57706451  1.43529928],[1.60125101 3.62436414 1.91561306],3.1147308657524397
2024-08-13 13:14:29,835 - takeoff,none,[-0.34877414  4.57706451  1.43529928],[1.60353208 3.62670493 1.91833949],3.1191229318990996
2024-08-13 13:14:30,043 - takeoff,mapping,[-0.34877414  4.57706451  1.43529928],[1.6046623  3.62808847 1.92044175],3.1228166366873964
2024-08-13 13:14:30,250 - takeoff,mapping,[-0.34877414  4.57706451  1.43529928],[1.60356474 3.62731028 1.92043281],3.1227804208572407
2024-08-13 13:14:30,456 - takeoff,mapping,[-0.34877414  4.57706451  1.43529928],[1.60137784 3.62726808 1.91897857],3.126913995985177
2024-08-13 13:14:30,701 - takeoff,mapping,[-0.34877414  4.57706451  1.43529928],[1.59975874 3.62613153 1.91728282],3.1129922696055816
2024-08-13 13:14:30,929 - takeoff,mapping,[-0.34877414  4.57706451  1.43529928],[1.60087526 3.62439895 1.91617942],3.114355531526733
2024-08-13 13:14:31,129 - takeoff,mapping,[-0.34877414  4.57706451  1.43529928],[1.60406995 3.62410665 1.91971838],3.124419856238813
2024-08-13 13:14:31,336 - takeoff,mapping,[-0.34877414  4.57706451  1.43529928],[1.60545051 3.62226653 1.91650999],3.1135419952491716
2024-08-13 13:14:31,540 - takeoff,mapping,[-0.34877414  4.57706451  1.43529928],[1.60791433 3.61999512 1.91772509],3.119048559095053
2024-08-13 13:14:31,741 - takeoff,mapping,[-0.34877414  4.57706451  1.43529928],[1.61026502 3.61837173 1.91882145],3.1192384551465118
2024-08-13 13:14:31,957 - takeoff,mapping,[-0.34877414  4.57706451  1.43529928],[1.61140418 3.6170516  1.92073441],3.1263948275258064
2024-08-13 13:14:32,159 - takeoff,mapping,[-0.34877414  4.57706451  1.43529928],[1.61159253 3.61510777 1.91975415],3.1154227034844464
2024-08-13 13:14:32,364 - takeoff,mapping,[-0.34877414  4.57706451  1.43529928],[1.61145961 3.6127286  1.91565609],3.106675923887418
2024-08-13 13:14:32,569 - takeoff,mapping,[-0.34877414  4.57706451  1.43529928],[1.61219358 3.61077404 1.91862774],3.1131419724325866
2024-08-13 13:14:32,811 - takeoff,mapping,[-0.34877414  4.57706451  1.43529928],[1.61228931 3.6121521  1.92379856],3.1080618318965403
2024-08-13 13:14:33,018 - takeoff,mapping,[-0.34877414  4.57706451  1.43529928],[1.61628234 3.61239839 1.93073976],3.1199733676021104
2024-08-13 13:14:33,224 - takeoff,mapping,[-0.34877414  4.57706451  1.43529928],[1.61750162 3.61216831 1.93192101],3.123891600132214
2024-08-13 13:14:33,427 - takeoff,mapping,[-0.34877414  4.57706451  1.43529928],[1.61412549 3.61080909 1.92953193],3.1162922244245057
2024-08-13 13:14:33,641 - takeoff,mapping,[-0.34877414  4.57706451  1.43529928],[1.60970068 3.61140752 1.9307183 ],3.1103270322923597
2024-08-13 13:14:33,847 - go to position WP1,mapping,[-0.34877414  4.57706451  1.43529928],[1.6055665  3.61106443 1.93113804],3.0982111741795446
2024-08-13 13:14:34,053 - go to position WP1,mapping,[-0.34877414  4.57706451  1.43529928],[1.59412801 3.59887266 1.96058047],-2.910302433622109
2024-08-13 13:14:34,255 - go to position WP1,mapping,[-0.34877414  4.57706451  1.43529928],[1.56176221 3.56045842 2.04643869],-2.637374152181106
2024-08-13 13:14:34,468 - go to position WP1,mapping,[-0.34877414  4.57706451  1.43529928],[1.50077987 3.46195674 2.22475171],-2.2970202900100407
2024-08-13 13:14:34,678 - go to position WP1,mapping,[-0.34877414  4.57706451  1.43529928],[1.45225489 3.35061431 2.38411212],-2.0940565588374778
2024-08-13 13:14:34,892 - go to position WP1,mapping,[-0.34877414  4.57706451  1.43529928],[1.38557434 3.15540218 2.55320239],-1.9414605003581844
2024-08-13 13:14:35,111 - go to position WP1,mapping,[-0.20080927  4.6575489   1.23711646],[1.31891286 2.94769239 2.67701387],-1.866511506546602
2024-08-13 13:14:35,319 - go to position WP1,none,[-0.20549789  4.6633482   1.24829555],[1.24302101 2.72753167 2.79216123],-1.8195594486430569
2024-08-13 13:14:35,545 - go to position WP1,none,[-0.21028943  4.66264153  1.24995995],[1.14772367 2.48477554 2.90340209],-1.785396015277997
2024-08-13 13:14:35,814 - go to position WP1,none,[-0.21305962  4.65959215  1.24615693],[0.98997694 2.1563406  3.05190873],-1.7551304500573863
2024-08-13 13:14:36,029 - go to position WP1,none,[-0.21252839  4.65710115  1.24272728],[0.90739697 2.01511502 3.14539719],-1.7354509585574407
2024-08-13 13:14:36,250 - go to position WP1,none,[-0.21274482  4.65553522  1.23931897],[0.85551763 1.92584515 3.24107361],-1.7145966387816065
2024-08-13 13:14:36,521 - go to position WP1,none,[-0.20939007  4.64663982  1.21485078],[0.80757278 1.78997314 3.34999704],-1.6878749497335956
2024-08-13 13:14:36,750 - go to position WP1,none,[-0.20796068  4.63994741  1.20436132],[0.7495715  1.59285855 3.444139  ],-1.68033359625531
2024-08-13 13:14:36,951 - go to position WP1,none,[-0.20796068  4.63994741  1.20436132],[0.69629413 1.43957734 3.51336932],-1.6711037004080138
2024-08-13 13:14:37,156 - go to position WP1,none,[-0.28137574  4.6389637   0.93011147],[0.64789689 1.33974135 3.57721353],-1.6594731285079236
2024-08-13 13:14:37,358 - go to position WP1,none,[-0.32873854  4.67803907  0.87371486],[0.60984695 1.28806758 3.64070368],-1.6479824267774141
2024-08-13 13:14:37,610 - go to position WP1,none,[-0.33760843  4.68250322  0.86758858],[0.57692957 1.23658919 3.7096591 ],-1.6362571673681936
2024-08-13 13:14:37,815 - go to position WP1,none,[-0.33760843  4.68250322  0.86758858],[0.54076123 1.13460445 3.78032231],-1.6233959304753238
2024-08-13 13:14:38,015 - go to position WP1,none,[-0.33760843  4.68250322  0.86758858],[0.50910425 1.01717222 3.83680558],-1.6131715700762328
2024-08-13 13:14:38,219 - go to position WP1,none,[-0.33760843  4.68250322  0.86758858],[0.47911602 0.91469043 3.88753605],-1.613159642287986
2024-08-13 13:14:38,427 - go to position WP1,none,[-0.33760843  4.68250322  0.86758858],[0.45413387 0.86508244 3.93770385],-1.6085589888295404
2024-08-13 13:14:38,629 - go to position WP1,none,[-0.33760843  4.68250322  0.86758858],[0.4347389  0.84862345 3.98021054],-1.6075137059284081
2024-08-13 13:14:38,834 - go to position WP1,none,[-0.33760843  4.68250322  0.86758858],[0.40777093 0.81612062 4.03572559],-1.6132248836297371
2024-08-13 13:14:39,040 - go to position WP1,none,[-0.33760843  4.68250322  0.86758858],[0.37634623 0.73929018 4.08879709],-1.6107145276543076
2024-08-13 13:14:39,252 - go to position WP1,none,[-0.33760843  4.68250322  0.86758858],[0.35257417 0.66202998 4.1290884 ],-1.605349451605015
2024-08-13 13:14:39,486 - go to position WP1,none,[-0.33760843  4.68250322  0.86758858],[0.32989329 0.59512466 4.17255449],-1.603700273072361
2024-08-13 13:14:39,720 - go to position WP1,none,[-0.33760843  4.68250322  0.86758858],[0.31048986 0.56059891 4.21734667],-1.6024524163511682
2024-08-13 13:14:39,922 - go to position WP1,none,[-0.33760843  4.68250322  0.86758858],[0.29446286 0.54377759 4.25407124],-1.6025656561087462
2024-08-13 13:14:40,133 - go to position WP1,none,[-0.33760843  4.68250322  0.86758858],[0.27817932 0.52312392 4.28842211],-1.603335962362478
2024-08-13 13:14:40,369 - go to position WP1,none,[-0.33760843  4.68250322  0.86758858],[0.26081899 0.48369724 4.32678366],-1.601546955340499
2024-08-13 13:14:40,575 - go to position WP1,none,[-0.33760843  4.68250322  0.86758858],[0.24804975 0.44409004 4.35919476],-1.6035232671109547
2024-08-13 13:14:40,779 - go to position WP1,none,[-0.33760843  4.68250322  0.86758858],[0.2380778  0.41414165 4.38429785],-1.5999816913746487
2024-08-13 13:14:40,985 - go to position WP1,none,[-0.33760843  4.68250322  0.86758858],[0.22764701 0.38781548 4.4115901 ],-1.6021512750441271
2024-08-13 13:14:41,186 - go to position WP1,none,[-0.33760843  4.68250322  0.86758858],[0.21926615 0.37036654 4.43391228],-1.5972127804890484
2024-08-13 13:14:41,402 - go to position WP1,none,[-0.33760843  4.68250322  0.86758858],[0.20875363 0.35664341 4.45603132],-1.6002705582284378
2024-08-13 13:14:41,607 - go to position WP1,none,[-0.33760843  4.68250322  0.86758858],[0.19920895 0.34327546 4.47581768],-1.5997603424595273
2024-08-13 13:14:41,808 - go to position WP1,none,[-0.33760843  4.68250322  0.86758858],[0.1910184  0.32844973 4.49435425],-1.5985554062414167
2024-08-13 13:14:42,008 - go to position WP1,none,[-0.33760843  4.68250322  0.86758858],[0.18474741 0.31521639 4.5115571 ],-1.5998020266932063
2024-08-13 13:14:42,209 - go to position WP1,none,[-0.33760843  4.68250322  0.86758858],[0.17691779 0.29705736 4.53702831],-1.5975839080217504
2024-08-13 13:14:42,414 - go to position WP1,none,[-0.33760843  4.68250322  0.86758858],[0.16985133 0.28414646 4.5549345 ],-1.599266312849446
2024-08-13 13:14:42,625 - go to position WP1,none,[-0.33760843  4.68250322  0.86758858],[0.15940642 0.26667008 4.57324457],-1.6014146514328162
2024-08-13 13:14:42,826 - go to position WP1,none,[-0.33760843  4.68250322  0.86758858],[0.1495498  0.25029096 4.58891821],-1.5981337436833307
2024-08-13 13:14:43,036 - go to position WP1,none,[-0.33760843  4.68250322  0.86758858],[0.14138474 0.2379321  4.60264206],-1.5952830732399832
2024-08-13 13:14:43,237 - go to position WP1,none,[-0.33760843  4.68250322  0.86758858],[0.13716777 0.22433271 4.6162014 ],-1.5947890087365213
2024-08-13 13:14:43,450 - go to position WP1,none,[-0.33760843  4.68250322  0.86758858],[0.13250241 0.21152121 4.63109875],-1.5970180945956773
2024-08-13 13:14:43,666 - go to position WP1,none,[-0.33760843  4.68250322  0.86758858],[0.12910938 0.20194995 4.64422274],-1.6012269569607405
2024-08-13 13:14:43,867 - go to position WP1,none,[-0.33760843  4.68250322  0.86758858],[0.12665866 0.19228318 4.65592384],-1.5978716959710564
2024-08-13 13:14:44,084 - go to position WP1,none,[-0.33760843  4.68250322  0.86758858],[0.12227567 0.18337663 4.66880846],-1.6019219013750163
2024-08-13 13:14:44,294 - go to position WP1,none,[-0.33760843  4.68250322  0.86758858],[0.11755304 0.17767945 4.68012524],-1.6021838170432332
2024-08-13 13:14:44,518 - go to position WP1,none,[-0.33760843  4.68250322  0.86758858],[0.11097498 0.1712869  4.69299412],-1.5993211069161495
2024-08-13 13:14:44,769 - go to position WP1,none,[-0.33760843  4.68250322  0.86758858],[0.105676   0.1641379  4.70280218],-1.5991077346922484
2024-08-13 13:14:44,975 - go to position WP1,none,[-0.33760843  4.68250322  0.86758858],[0.10165336 0.15907344 4.70944452],-1.601263707942823
2024-08-13 13:14:45,180 - go to position WP1,none,[-0.33760843  4.68250322  0.86758858],[0.09803132 0.15311395 4.71915913],-1.600154973089973
2024-08-13 13:14:45,380 - go to position WP1,none,[-0.33760843  4.68250322  0.86758858],[0.09741309 0.14707914 4.72749186],-1.6024728331356304
2024-08-13 13:14:45,581 - go to position WP1,none,[-0.33760843  4.68250322  0.86758858],[0.09775483 0.14165521 4.73633385],-1.606285030853356
2024-08-13 13:14:45,781 - go to position WP1,none,[-0.33760843  4.68250322  0.86758858],[0.09689076 0.13755959 4.74441195],-1.6036799048116217
2024-08-13 13:14:46,029 - go to position WP1,none,[-0.33760843  4.68250322  0.86758858],[0.09194583 0.13401218 4.75371265],-1.6050055253066429
2024-08-13 13:14:46,236 - go to position WP1,none,[-0.33760843  4.68250322  0.86758858],[0.08898822 0.13373502 4.75752783],-1.6059691679761752
2024-08-13 13:14:46,442 - go to position WP1,none,[-0.33760843  4.68250322  0.86758858],[0.08349548 0.13061567 4.76626825],-1.605503141553636
2024-08-13 13:14:46,650 - go to position WP1,none,[-0.33760843  4.68250322  0.86758858],[0.07970317 0.12568642 4.77236032],-1.6052298866118289
2024-08-13 13:14:46,886 - go to position WP1,none,[-0.33760843  4.68250322  0.86758858],[0.07760322 0.12057    4.77779865],-1.603731425627883
2024-08-13 13:14:47,117 - go to position WP1,none,[-0.33760843  4.68250322  0.86758858],[0.07599428 0.11929801 4.78281927],-1.6005844473468045
2024-08-13 13:14:47,339 - go to position WP1,none,[-0.33760843  4.68250322  0.86758858],[0.07499764 0.12089469 4.78729677],-1.6064735124476357
2024-08-13 13:14:47,549 - go to position WP1,none,[-0.33760843  4.68250322  0.86758858],[0.07489526 0.11927322 4.79121876],-1.6071548708330692
2024-08-13 13:14:47,792 - go to position WP1,none,[-0.33760843  4.68250322  0.86758858],[0.07373331 0.11510135 4.79729557],-1.604871712472561
2024-08-13 13:14:48,042 - go to position WP1,none,[-0.33760843  4.68250322  0.86758858],[0.07242193 0.10776429 4.80277014],-1.6072764629802423
2024-08-13 13:14:48,243 - go to position WP1,none,[-0.33760843  4.68250322  0.86758858],[0.07235281 0.10286573 4.80819559],-1.6040879494131675
2024-08-13 13:14:48,443 - go to position WP1,none,[-0.33760843  4.68250322  0.86758858],[0.07239011 0.09891137 4.81395864],-1.6082341054880605
2024-08-13 13:14:48,643 - go to position WP1,none,[-0.33760843  4.68250322  0.86758858],[0.07268839 0.0964736  4.81762886],-1.6087589003686569
2024-08-13 13:14:48,851 - go to position WP1,none,[-0.33760843  4.68250322  0.86758858],[0.07243982 0.09412931 4.82098198],-1.6071470349907235
2024-08-13 13:14:49,119 - go to position WP1,none,[-0.33760843  4.68250322  0.86758858],[0.06914233 0.0901356  4.83045769],-1.6034255808888132
2024-08-13 13:14:49,326 - go to position WP2,none,[-0.33760843  4.68250322  0.86758858],[0.06610261 0.08918391 4.83580685],-1.6076800487513658
2024-08-13 13:14:49,542 - go to position WP2,none,[-0.33760843  4.68250322  0.86758858],[0.06497655 0.09024385 4.84003687],-1.6075007118409435
2024-08-13 13:14:49,750 - go to position WP2,none,[-0.33760843  4.68250322  0.86758858],[0.06442828 0.09226833 4.8428874 ],-1.6091426504883906
2024-08-13 13:14:49,968 - go to position WP2,none,[-0.33760843  4.68250322  0.86758858],[0.06447973 0.09497596 4.84231758],-1.604266085716481
2024-08-13 13:14:50,195 - go to position WP2,none,[-0.33760843  4.68250322  0.86758858],[0.06599178 0.09781276 4.83886623],-1.6052989972050202
2024-08-13 13:14:50,399 - go to position WP2,none,[-0.33760843  4.68250322  0.86758858],[0.06916495 0.09935542 4.83405304],-1.6047209006661678
2024-08-13 13:14:50,618 - go to position WP2,none,[-0.33760843  4.68250322  0.86758858],[0.0723572  0.09973859 4.83004236],-1.6034519719331746
2024-08-13 13:14:50,831 - go to position WP2,none,[-0.33760843  4.68250322  0.86758858],[0.07669529 0.09984332 4.82449627],-1.605683746434777
2024-08-13 13:14:51,053 - go to position WP2,none,[-0.33760843  4.68250322  0.86758858],[0.08141711 0.09951431 4.82269621],-1.6040469097540262
2024-08-13 13:14:51,253 - go to position WP2,none,[-0.33760843  4.68250322  0.86758858],[0.08537945 0.09931497 4.82153606],-1.6055871713733119
2024-08-13 13:14:51,457 - go to position WP2,none,[-0.33760843  4.68250322  0.86758858],[0.08775774 0.09806854 4.82173777],-1.6105264864917537
2024-08-13 13:14:51,662 - go to position WP2,none,[-0.33760843  4.68250322  0.86758858],[0.08906651 0.09616911 4.8220439 ],-1.6126803743955964
2024-08-13 13:14:51,867 - go to position WP2,none,[-0.33760843  4.68250322  0.86758858],[0.09166089 0.09467427 4.82275867],-1.6136180040826869
2024-08-13 13:14:52,068 - go to position WP2,none,[-0.33760843  4.68250322  0.86758858],[0.0951318  0.09276641 4.82510042],-1.6102760136458683
2024-08-13 13:14:52,276 - go to position WP2,none,[-0.33760843  4.68250322  0.86758858],[0.09886166 0.09120519 4.82755899],-1.606004519522605
2024-08-13 13:14:52,482 - go to position WP2,none,[-0.33760843  4.68250322  0.86758858],[0.10120372 0.09031413 4.82890987],-1.6077121052540289
2024-08-13 13:14:52,688 - go to position WP2,none,[-0.33760843  4.68250322  0.86758858],[0.10277729 0.09006196 4.82886648],-1.6093664104514547
2024-08-13 13:14:52,891 - go to position WP2,none,[-0.33760843  4.68250322  0.86758858],[0.10727386 0.08925155 4.82970667],-1.609012705756797
2024-08-13 13:14:53,103 - go to position WP2,none,[-0.33760843  4.68250322  0.86758858],[0.11105535 0.08936611 4.82822275],-1.61115104036665
2024-08-13 13:14:53,304 - go to position WP2,none,[-0.33760843  4.68250322  0.86758858],[0.11461623 0.08796892 4.82657766],-1.613639334283281
2024-08-13 13:14:53,504 - go to position WP2,none,[-0.33760843  4.68250322  0.86758858],[0.11732731 0.08608387 4.82398891],-1.6156169470409472
2024-08-13 13:14:53,704 - go to position WP2,none,[-0.33760843  4.68250322  0.86758858],[0.12020317 0.08230003 4.82211733],-1.6138119651408793
2024-08-13 13:14:53,919 - go to position WP2,none,[-0.33760843  4.68250322  0.86758858],[0.12261795 0.07900605 4.8201766 ],-1.61269523254939
2024-08-13 13:14:54,153 - go to position WP2,none,[-0.33760843  4.68250322  0.86758858],[0.12451152 0.07462967 4.81890011],-1.6155038644618074
2024-08-13 13:14:54,380 - go to position WP2,none,[-0.33760843  4.68250322  0.86758858],[0.12587567 0.07005513 4.82064342],-1.617034306800794
2024-08-13 13:14:54,591 - go to position WP2,none,[-0.33760843  4.68250322  0.86758858],[0.12613158 0.06570026 4.82287359],-1.6198859849456682
2024-08-13 13:14:54,791 - go to position WP2,none,[-0.33760843  4.68250322  0.86758858],[0.1252346  0.06042853 4.8257699 ],-1.62302352191566
2024-08-13 13:14:55,008 - go to position WP2,none,[-0.33760843  4.68250322  0.86758858],[0.12550209 0.05574456 4.82909679],-1.618718326623764
2024-08-13 13:14:55,214 - go to position WP2,none,[-0.33760843  4.68250322  0.86758858],[0.12597719 0.05356007 4.82996035],-1.6156766660218889
2024-08-13 13:14:55,415 - go to position WP2,none,[-0.33760843  4.68250322  0.86758858],[0.12636757 0.04715663 4.83024263],-1.619206120358478
2024-08-13 13:14:55,618 - go to position WP2,none,[-0.33760843  4.68250322  0.86758858],[0.12685654 0.04322542 4.82943773],-1.6148061621344336
2024-08-13 13:14:55,852 - go to position WP2,none,[-0.33760843  4.68250322  0.86758858],[0.12684231 0.03741096 4.82812357],-1.6170006947320044
2024-08-13 13:14:56,053 - go to position WP2,none,[-0.33760843  4.68250322  0.86758858],[0.12618139 0.03330304 4.82737446],-1.617411002905511
2024-08-13 13:14:56,324 - go to position WP2,none,[-0.33760843  4.68250322  0.86758858],[0.12618901 0.02909047 4.82636309],-1.6184826673650896
2024-08-13 13:14:56,524 - go to position WP2,none,[-0.33760843  4.68250322  0.86758858],[0.12534469 0.02679542 4.82687378],-1.6195971647158158
2024-08-13 13:14:56,742 - go to position WP2,none,[-0.33760843  4.68250322  0.86758858],[0.12467774 0.02425205 4.82663536],-1.6199326381845358
2024-08-13 13:14:56,942 - go to position WP2,none,[-0.33760843  4.68250322  0.86758858],[0.12433597 0.02251609 4.82373667],-1.6188142909500787
2024-08-13 13:14:57,147 - go to position WP2,none,[-0.33760843  4.68250322  0.86758858],[0.12433377 0.02188569 4.8198638 ],-1.6258763783259278
2024-08-13 13:14:57,347 - go to position WP2,none,[-0.33760843  4.68250322  0.86758858],[0.12579171 0.02068773 4.81401205],-1.6243037441388646
2024-08-13 13:14:57,548 - go to position WP2,none,[-0.33760843  4.68250322  0.86758858],[0.12697765 0.01986736 4.80860424],-1.6250420732541109
2024-08-13 13:14:57,754 - go to position WP2,none,[-0.33760843  4.68250322  0.86758858],[0.12938729 0.01900273 4.79985714],-1.6233359695346685
2024-08-13 13:14:57,968 - go to position WP2,none,[-0.33760843  4.68250322  0.86758858],[0.13137077 0.0175158  4.79490137],-1.621709508945635
2024-08-13 13:14:58,192 - go to position WP2,none,[-0.33760843  4.68250322  0.86758858],[0.1370068  0.01540859 4.79275179],-1.620613730146406
2024-08-13 13:14:58,418 - go to position WP2,none,[-0.33760843  4.68250322  0.86758858],[0.1422126  0.01238895 4.79309464],-1.6229846618060861
2024-08-13 13:14:58,630 - go to position WP2,none,[-0.33760843  4.68250322  0.86758858],[0.14824788 0.01028558 4.79705191],-1.6301786868867758
2024-08-13 13:14:58,831 - go to position WP2,none,[-0.33760843  4.68250322  0.86758858],[0.15412512 0.0064455  4.80252838],-1.6278209416075526
2024-08-13 13:14:59,032 - go to position WP2,none,[-0.33760843  4.68250322  0.86758858],[1.60040319e-01 8.02102499e-04 4.81239128e+00],-1.6313755074180865
2024-08-13 13:14:59,234 - go to position WP2,none,[-0.33760843  4.68250322  0.86758858],[ 1.63665667e-01 -3.50509910e-03  4.82103157e+00],-1.6257973092484637
2024-08-13 13:14:59,435 - go to position WP2,none,[-0.33760843  4.68250322  0.86758858],[ 0.16581096 -0.00769594  4.82805252],-1.6254419025653233
2024-08-13 13:14:59,653 - go to position WP2,none,[-0.33760843  4.68250322  0.86758858],[ 0.16493745 -0.01273942  4.8320837 ],-1.6269558077767474
2024-08-13 13:14:59,854 - go to position WP2,none,[-0.33760843  4.68250322  0.86758858],[ 0.16346399 -0.0172284   4.83169794],-1.6207030159821656
2024-08-13 13:15:00,059 - go to position WP2,none,[-0.33760843  4.68250322  0.86758858],[ 0.16163939 -0.02177876  4.82813454],-1.6265755196943141
2024-08-13 13:15:00,275 - go to position WP2,none,[-0.33760843  4.68250322  0.86758858],[ 0.15942152 -0.02573732  4.82273245],-1.628837235707123
2024-08-13 13:15:00,476 - go to position WP2,none,[-0.33760843  4.68250322  0.86758858],[ 0.15778328 -0.03103057  4.81746674],-1.6251180353672936
2024-08-13 13:15:00,680 - go to position WP2,none,[-0.33760843  4.68250322  0.86758858],[ 0.15766275 -0.03360388  4.8131156 ],-1.6272609132966895
2024-08-13 13:15:00,882 - go to position WP2,none,[-0.33760843  4.68250322  0.86758858],[ 0.15782316 -0.0367604   4.80902863],-1.6270089645063823
2024-08-13 13:15:01,083 - go to position WP2,none,[-0.33760843  4.68250322  0.86758858],[ 0.15863807 -0.04187558  4.80779028],-1.6241554769506354
2024-08-13 13:15:01,290 - go to position WP2,none,[-0.33760843  4.68250322  0.86758858],[ 0.15985173 -0.04431463  4.80446148],-1.6261454986326331
2024-08-13 13:15:01,491 - go to position WP2,none,[-0.33760843  4.68250322  0.86758858],[ 0.16094556 -0.04659105  4.80284691],-1.6258878545336675
2024-08-13 13:15:01,692 - go to position WP2,none,[-0.33760843  4.68250322  0.86758858],[ 0.16413449 -0.04712202  4.79923725],-1.6298720458848521
2024-08-13 13:15:01,897 - go to position WP2,none,[-0.33760843  4.68250322  0.86758858],[ 0.16813385 -0.0476562   4.79646349],-1.6274563600069492
2024-08-13 13:15:02,107 - go to position WP2,none,[-0.33760843  4.68250322  0.86758858],[ 0.17207749 -0.04829038  4.79454803],-1.6275322003390267
2024-08-13 13:15:02,313 - go to position WP2,none,[-0.33760843  4.68250322  0.86758858],[ 0.17528668 -0.04890474  4.79525185],-1.6280180773420456
2024-08-13 13:15:02,515 - go to position WP2,none,[-0.33760843  4.68250322  0.86758858],[ 0.17631213 -0.04840544  4.79668045],-1.6278630092203672
2024-08-13 13:15:02,743 - go to position WP2,none,[-0.33760843  4.68250322  0.86758858],[ 0.17758836 -0.05037757  4.80208063],-1.6283529476872705
2024-08-13 13:15:02,966 - go to position WP2,none,[-0.33760843  4.68250322  0.86758858],[ 0.17708799 -0.05270691  4.80827045],-1.6268092955548754
2024-08-13 13:15:03,176 - go to position WP2,none,[-0.33760843  4.68250322  0.86758858],[ 0.17716476 -0.05555581  4.81415892],-1.629940360620493
2024-08-13 13:15:03,412 - go to position WP2,none,[-0.33760843  4.68250322  0.86758858],[ 0.17916253 -0.05903213  4.82024193],-1.6259904806048517
2024-08-13 13:15:03,612 - go to position WP2,none,[-0.33760843  4.68250322  0.86758858],[ 0.18094516 -0.05975679  4.82077503],-1.628613505349362
2024-08-13 13:15:03,817 - go to position WP2,none,[-0.33760843  4.68250322  0.86758858],[ 0.18263263 -0.06130821  4.81929445],-1.6277367265819258
2024-08-13 13:15:04,037 - go to position WP2,none,[-0.33760843  4.68250322  0.86758858],[ 0.18477377 -0.06203626  4.81342697],-1.6295648344655955
2024-08-13 13:15:04,296 - go to position WP2,none,[-0.33760843  4.68250322  0.86758858],[ 0.18754177 -0.06229789  4.80280972],-1.6280318704826495
2024-08-13 13:15:04,507 - go to position WP2,none,[-0.33760843  4.68250322  0.86758858],[ 0.1897718  -0.06290842  4.79579782],-1.6245943696650764
2024-08-13 13:15:04,753 - go to position WP2,none,[-0.33760843  4.68250322  0.86758858],[ 0.19284081 -0.06251748  4.79095984],-1.6292399451263302
2024-08-13 13:15:04,958 - go to position WP2,none,[-0.33760843  4.68250322  0.86758858],[ 0.19555472 -0.0622192   4.79179096],-1.6308119351140995
2024-08-13 13:15:05,159 - go to position WP2,none,[-0.33760843  4.68250322  0.86758858],[ 0.19714658 -0.06287099  4.79567194],-1.630919267468661
2024-08-13 13:15:05,386 - go to position WP2,none,[-0.33760843  4.68250322  0.86758858],[ 0.19801882 -0.06524239  4.80247879],-1.6331239432533255
2024-08-13 13:15:05,587 - go to position WP2,none,[-0.33760843  4.68250322  0.86758858],[ 0.19659495 -0.06828535  4.80820417],-1.6345245769571841
2024-08-13 13:15:05,834 - go to position WP2,none,[-0.33760843  4.68250322  0.86758858],[ 0.19292569 -0.07415033  4.81462717],-1.6279368706400694
2024-08-13 13:15:06,062 - go to position WP2,none,[-0.33760843  4.68250322  0.86758858],[ 0.19068126 -0.07716271  4.81386185],-1.6336909833003208
2024-08-13 13:15:06,285 - go to position WP2,none,[-0.33760843  4.68250322  0.86758858],[ 0.19042683 -0.08078049  4.8123641 ],-1.6288650625725882
2024-08-13 13:15:06,513 - go to position WP2,none,[-0.33760843  4.68250322  0.86758858],[ 0.19019446 -0.08362467  4.80942678],-1.6287549255128173
2024-08-13 13:15:06,731 - go to position WP2,none,[-0.33760843  4.68250322  0.86758858],[ 0.19089822 -0.08681377  4.80397892],-1.6292772404959432
2024-08-13 13:15:06,935 - go to position WP2,none,[-0.33760843  4.68250322  0.86758858],[ 0.19145076 -0.08815388  4.80224323],-1.6300143887926497
2024-08-13 13:15:07,169 - go to position WP2,none,[-0.33760843  4.68250322  0.86758858],[ 0.19391324 -0.0903094   4.80023956],-1.6323079675389174
2024-08-13 13:15:07,392 - go to position WP2,none,[-0.33760843  4.68250322  0.86758858],[ 0.19850089 -0.09167704  4.8011775 ],-1.6329247841309913
2024-08-13 13:15:07,611 - go to position WP2,none,[-0.33760843  4.68250322  0.86758858],[ 0.20255607 -0.0928766   4.80279922],-1.6309500731075826
2024-08-13 13:15:07,820 - go to position WP2,none,[-0.33760843  4.68250322  0.86758858],[ 0.20707479 -0.09549057  4.8051486 ],-1.6353850321308094
2024-08-13 13:15:08,028 - go to position WP2,none,[-0.33760843  4.68250322  0.86758858],[ 0.21131736 -0.09528175  4.8058238 ],-1.6348286637731153
2024-08-13 13:15:08,233 - go to position WP2,none,[-0.33760843  4.68250322  0.86758858],[ 0.21402761 -0.09138638  4.80405998],-1.6355929513844547
2024-08-13 13:15:08,434 - go to position WP2,none,[-0.33760843  4.68250322  0.86758858],[ 0.21516721 -0.08860567  4.80274725],-1.6373366297507008
2024-08-13 13:15:08,635 - go to position WP2,none,[-0.33760843  4.68250322  0.86758858],[ 0.21619399 -0.08387643  4.80077457],-1.630459456464477
2024-08-13 13:15:08,851 - go to position WP2,none,[-0.33760843  4.68250322  0.86758858],[ 0.21598113 -0.07869124  4.79879093],-1.6294767198711035
2024-08-13 13:15:09,052 - go to position WP2,none,[-0.33760843  4.68250322  0.86758858],[ 0.21619719 -0.0726351   4.79604149],-1.634167522108454
2024-08-13 13:15:09,252 - go to position WP2,none,[-0.33760843  4.68250322  0.86758858],[ 0.21648505 -0.06563486  4.79490471],-1.6379727958204349
2024-08-13 13:15:09,469 - go to position WP2,none,[-0.33760843  4.68250322  0.86758858],[ 0.21737634 -0.05984822  4.79602575],-1.6334354810747076
2024-08-13 13:15:09,683 - go to position WP2,none,[-0.33760843  4.68250322  0.86758858],[ 0.21697177 -0.05468423  4.79848051],-1.631541673282788
2024-08-13 13:15:09,884 - go to position WP2,none,[-0.33760843  4.68250322  0.86758858],[ 0.21502109 -0.05008359  4.79800558],-1.6325574371222018
2024-08-13 13:15:10,084 - go to position WP2,none,[-0.33760843  4.68250322  0.86758858],[ 0.2131771  -0.04667412  4.7961235 ],-1.6337943168644493
2024-08-13 13:15:10,285 - go to position WP2,none,[-0.33760843  4.68250322  0.86758858],[ 0.21166362 -0.04334854  4.79202604],-1.6343724281538208
2024-08-13 13:15:10,491 - go to position WP2,none,[-0.33760843  4.68250322  0.86758858],[ 0.21117333 -0.04292041  4.78995275],-1.6300537787499305
2024-08-13 13:15:10,695 - go to position WP2,none,[-0.33760843  4.68250322  0.86758858],[ 0.21005003 -0.04155559  4.78489208],-1.630644281302283
2024-08-13 13:15:10,896 - go to position WP2,none,[-0.33760843  4.68250322  0.86758858],[ 0.20910189 -0.04116227  4.78247404],-1.6331825083245466
2024-08-13 13:15:11,107 - go to position WP2,none,[-0.33760843  4.68250322  0.86758858],[ 0.20916235 -0.04191193  4.77901125],-1.6357368198332782
2024-08-13 13:15:11,318 - go to position WP2,none,[-0.33760843  4.68250322  0.86758858],[ 0.2090708  -0.04048049  4.77601862],-1.6338195355982066
2024-08-13 13:15:11,524 - go to position WP2,none,[-0.33760843  4.68250322  0.86758858],[ 0.20928679 -0.03981169  4.77532482],-1.634508396101479
2024-08-13 13:15:11,736 - go to position WP2,none,[-0.33760843  4.68250322  0.86758858],[ 0.20916654 -0.03809448  4.7772069 ],-1.6359803021727188
2024-08-13 13:15:11,952 - retrun home WP2,none,[-0.33760843  4.68250322  0.86758858],[ 0.20895582 -0.03644817  4.78286552],-1.6794287996326318
2024-08-13 13:15:12,169 - retrun home WP2,none,[-0.33760843  4.68250322  0.86758858],[ 0.20552567 -0.02969307  4.79129934],-2.0245807780800353
2024-08-13 13:15:12,375 - retrun home WP2,none,[-0.33760843  4.68250322  0.86758858],[ 0.19715153 -0.01825337  4.80445814],-2.345005890529156
2024-08-13 13:15:12,591 - retrun home WP2,none,[-0.33760843  4.68250322  0.86758858],[ 0.1843632  -0.010707    4.81757545],-2.631629750274142
2024-08-13 13:15:12,797 - retrun home WP2,none,[-0.33760843  4.68250322  0.86758858],[ 0.16972543 -0.01316797  4.8304224 ],-3.0183237941996883
2024-08-13 13:15:13,002 - retrun home WP2,none,[-0.33760843  4.68250322  0.86758858],[ 0.15673509 -0.0326074   4.83539915],2.951956611416247
2024-08-13 13:15:13,211 - retrun home WP2,none,[-0.33760843  4.68250322  0.86758858],[ 0.14155036 -0.058018    4.83833694],2.640449041641935
2024-08-13 13:15:13,414 - retrun home WP2,none,[-0.33760843  4.68250322  0.86758858],[ 0.12487522 -0.07509893  4.8402071 ],2.3251945731413515
2024-08-13 13:15:13,620 - retrun home WP2,none,[-0.33760843  4.68250322  0.86758858],[ 0.10476809 -0.0765129   4.84073114],2.0886843156408936
2024-08-13 13:15:13,825 - retrun home WP2,none,[-0.33760843  4.68250322  0.86758858],[ 0.08131021 -0.0617844   4.84158325],1.9520662415061922
2024-08-13 13:15:14,051 - retrun home WP2,none,[-0.33760843  4.68250322  0.86758858],[ 0.05079385 -0.03652062  4.84364319],1.8490790437726259
2024-08-13 13:15:14,254 - retrun home WP2,none,[-0.33760843  4.68250322  0.86758858],[ 0.03450303 -0.02063348  4.84552145],1.806387933036232
2024-08-13 13:15:14,477 - retrun home WP3,none,[-0.33760843  4.68250322  0.86758858],[ 2.57329978e-02 -4.10211738e-04  4.84460878e+00],1.7580095914851568
2024-08-13 13:15:14,681 - retrun home WP3,none,[-0.33760843  4.68250322  0.86758858],[0.04475013 0.02094519 4.80955887],1.7384140848643121
2024-08-13 13:15:14,926 - retrun home WP3,none,[-0.33760843  4.68250322  0.86758858],[0.1161657  0.09907389 4.65227365],1.7080739184891414
2024-08-13 13:15:15,132 - retrun home WP3,none,[-0.33760843  4.68250322  0.86758858],[0.20403832 0.19619188 4.48814535],1.687074024024384
2024-08-13 13:15:15,336 - retrun home WP3,none,[-0.33760843  4.68250322  0.86758858],[0.31593251 0.33141199 4.34887409],1.664827644797288
2024-08-13 13:15:15,536 - retrun home WP3,none,[-0.33760843  4.68250322  0.86758858],[0.43548086 0.50483429 4.23698902],1.6438413507391574
2024-08-13 13:15:15,736 - retrun home WP3,none,[-0.33760843  4.68250322  0.86758858],[0.54831928 0.71152395 4.12853432],1.6233473008639472
2024-08-13 13:15:15,952 - retrun home WP3,none,[-0.33760843  4.68250322  0.86758858],[0.64910084 0.96201521 4.01051044],1.613500217034002
2024-08-13 13:15:16,153 - retrun home WP3,none,[-0.33760843  4.68250322  0.86758858],[0.70982528 1.20572507 3.9097352 ],1.625052346089799
2024-08-13 13:15:16,369 - retrun home WP3,none,[-0.33760843  4.68250322  0.86758858],[0.73796117 1.41662669 3.80424166],1.6281466798499382
2024-08-13 13:15:16,571 - retrun home WP3,none,[-0.33760843  4.68250322  0.86758858],[0.76248837 1.52184391 3.71943188],1.6248591177677856
2024-08-13 13:15:16,779 - retrun home WP3,none,[-0.33760843  4.68250322  0.86758858],[0.81749201 1.60074496 3.6362679 ],1.6448021013564056
2024-08-13 13:15:16,992 - retrun home WP3,none,[-0.33760843  4.68250322  0.86758858],[0.8881551  1.69543314 3.5714314 ],1.6332774157788148
2024-08-13 13:15:17,224 - retrun home WP3,none,[-0.33760843  4.68250322  0.86758858],[0.99145341 1.91992497 3.46503448],1.6272423659047675
2024-08-13 13:15:17,430 - retrun home WP3,none,[-0.33760843  4.68250322  0.86758858],[1.0258981  2.07153606 3.39989853],1.63672066697243
2024-08-13 13:15:17,631 - retrun home WP3,none,[-0.33760843  4.68250322  0.86758858],[1.04367423 2.20290422 3.32283998],1.632522347394688
2024-08-13 13:15:17,831 - retrun home WP3,none,[-0.33760843  4.68250322  0.86758858],[1.06385458 2.26543546 3.25936484],1.6327822982019764
2024-08-13 13:15:18,058 - retrun home WP3,none,[-0.33760843  4.68250322  0.86758858],[1.10605752 2.31620073 3.19701576],1.6388075096442134
2024-08-13 13:15:18,260 - retrun home WP3,none,[-0.33760843  4.68250322  0.86758858],[1.15395069 2.39695668 3.14458752],1.6449290637381622
2024-08-13 13:15:18,467 - retrun home WP3,none,[-0.33760843  4.68250322  0.86758858],[1.19695807 2.51869869 3.09415627],1.638474883262293
2024-08-13 13:15:18,668 - retrun home WP3,none,[-0.33760843  4.68250322  0.86758858],[1.2193923  2.61689186 3.04833031],1.6424651834641166
2024-08-13 13:15:18,874 - retrun home WP3,none,[-0.33760843  4.68250322  0.86758858],[1.23291671 2.67890024 3.00317407],1.6382226448378328
2024-08-13 13:15:19,078 - retrun home WP3,none,[-0.33760843  4.68250322  0.86758858],[1.2487843  2.71986198 2.95945668],1.6345663951569613
2024-08-13 13:15:19,283 - retrun home WP3,none,[-0.33760843  4.68250322  0.86758858],[1.26992249 2.75956488 2.92435455],1.6353980564829598
2024-08-13 13:15:19,508 - retrun home WP3,none,[-0.33760843  4.68250322  0.86758858],[1.28791249 2.79845357 2.90058327],1.634628860385627
2024-08-13 13:15:19,742 - retrun home WP3,none,[-0.33760843  4.68250322  0.86758858],[1.31818032 2.8893466  2.85428476],1.6314703436404592
2024-08-13 13:15:19,946 - retrun home WP3,none,[-0.33760843  4.68250322  0.86758858],[1.33251071 2.93838549 2.8245976 ],1.6263355002381878
2024-08-13 13:15:20,148 - retrun home WP3,none,[-0.33760843  4.68250322  0.86758858],[1.34777808 2.9864583  2.78644443],1.6223631238201626
2024-08-13 13:15:20,354 - retrun home WP3,none,[-0.33760843  4.68250322  0.86758858],[1.35426188 3.00224423 2.76899862],1.6209405740924479
2024-08-13 13:15:20,569 - retrun home WP3,none,[-0.33760843  4.68250322  0.86758858],[1.37259662 3.04131389 2.72183251],1.6168691622628737
2024-08-13 13:15:20,775 - retrun home WP3,none,[-0.33760843  4.68250322  0.86758858],[1.38450682 3.07058787 2.68888092],1.612614605093235
2024-08-13 13:15:20,977 - retrun home WP3,none,[-0.33760843  4.68250322  0.86758858],[1.39334607 3.10011744 2.65635514],1.620021460390831
2024-08-13 13:15:21,194 - retrun home WP3,none,[-0.33760843  4.68250322  0.86758858],[1.40319037 3.1324718  2.62698984],1.6069310665630683
2024-08-13 13:15:21,417 - retrun home WP3,none,[-0.33760843  4.68250322  0.86758858],[1.41175497 3.16380835 2.59668064],1.6034705643909102
2024-08-13 13:15:21,644 - retrun home WP3,none,[-0.33760843  4.68250322  0.86758858],[1.42047548 3.19047618 2.56877184],1.6020492912119306
2024-08-13 13:15:21,862 - retrun home WP3,none,[-0.33760843  4.68250322  0.86758858],[1.42843783 3.21315169 2.54496527],1.6049510363310893
2024-08-13 13:15:22,069 - retrun home WP3,none,[-0.33760843  4.68250322  0.86758858],[1.43518639 3.23222399 2.51961541],1.6008820222926794
2024-08-13 13:15:22,275 - retrun home WP3,none,[-0.33760843  4.68250322  0.86758858],[1.44147563 3.25151563 2.50041962],1.6008333708845583
2024-08-13 13:15:22,481 - retrun home WP3,none,[-0.33760843  4.68250322  0.86758858],[1.44664478 3.27070975 2.478935  ],1.605367130762317
2024-08-13 13:15:22,683 - retrun home WP3,none,[-0.33760843  4.68250322  0.86758858],[1.45071697 3.28580403 2.45987868],1.589043091310936
2024-08-13 13:15:22,886 - retrun home WP3,none,[-0.33760843  4.68250322  0.86758858],[1.4570049  3.30149198 2.44139814],1.6001297223403124
2024-08-13 13:15:23,102 - retrun home WP3,none,[-0.33760843  4.68250322  0.86758858],[1.46327186 3.31752849 2.41893959],1.6056488746900408
2024-08-13 13:15:23,303 - retrun home WP3,none,[-0.33760843  4.68250322  0.86758858],[1.46899378 3.33358574 2.40303445],1.601319603256897
2024-08-13 13:15:23,511 - retrun home WP3,none,[-0.33760843  4.68250322  0.86758858],[1.47272205 3.34824681 2.38556719],1.582739616172511
2024-08-13 13:15:23,718 - retrun home WP3,none,[-0.33760843  4.68250322  0.86758858],[1.47733438 3.36056399 2.3706758 ],1.6061673778761436
2024-08-13 13:15:23,918 - retrun home WP3,none,[-0.33760843  4.68250322  0.86758858],[1.48356557 3.37157774 2.35904694],1.5966887438432815
2024-08-13 13:15:24,120 - retrun home WP3,none,[-0.33760843  4.68250322  0.86758858],[1.48820925 3.38120413 2.34669328],1.5972174711026093
2024-08-13 13:15:24,324 - retrun home WP3,none,[-0.33760843  4.68250322  0.86758858],[1.49043059 3.38907599 2.33735752],1.6087425045858634
2024-08-13 13:15:24,534 - retrun home WP3,none,[-0.33760843  4.68250322  0.86758858],[1.49370682 3.39751601 2.32582951],1.5984461109782628
2024-08-13 13:15:24,736 - retrun home WP3,none,[-0.33760843  4.68250322  0.86758858],[1.49564743 3.40405822 2.32209468],1.5933932488533553
2024-08-13 13:15:24,937 - retrun home WP3,none,[-0.33760843  4.68250322  0.86758858],[1.49677384 3.41221118 2.31071544],1.5954935449288228
2024-08-13 13:15:25,156 - retrun home WP3,none,[-0.33760843  4.68250322  0.86758858],[1.49782562 3.42034435 2.29741192],1.6039887281684801
2024-08-13 13:15:25,357 - retrun home WP3,none,[-0.33760843  4.68250322  0.86758858],[1.49934304 3.42676187 2.28842402],1.5899171822593394
2024-08-13 13:15:25,593 - retrun home WP3,none,[-0.33760843  4.68250322  0.86758858],[1.50019693 3.4335084  2.27187324],1.606178297602986
2024-08-13 13:15:25,794 - retrun home WP3,none,[-0.33760843  4.68250322  0.86758858],[1.50390923 3.43896842 2.26378322],1.5992498918129676
2024-08-13 13:15:25,998 - retrun home WP3,none,[-0.33760843  4.68250322  0.86758858],[1.50751042 3.4440794  2.24962115],1.5948118969372866
2024-08-13 13:15:26,233 - retrun home WP3,none,[-0.33760843  4.68250322  0.86758858],[1.51139522 3.45032525 2.23475337],1.592917204897618
2024-08-13 13:15:26,438 - retrun home WP3,none,[-0.33760843  4.68250322  0.86758858],[1.51274002 3.4555769  2.22304368],1.5998290875241816
2024-08-13 13:15:26,639 - retrun home WP3,none,[-0.33760843  4.68250322  0.86758858],[1.5118264  3.46106052 2.21127129],1.6019098598222532
2024-08-13 13:15:26,844 - retrun home WP3,none,[-0.33760843  4.68250322  0.86758858],[1.51092052 3.46888041 2.20637178],1.6087209509457157
2024-08-13 13:15:27,050 - retrun home WP3,none,[-0.33760843  4.68250322  0.86758858],[1.51092851 3.47498918 2.20314479],1.6041378674695157
2024-08-13 13:15:27,253 - retrun home WP3,none,[-0.33760843  4.68250322  0.86758858],[1.5124042  3.48011827 2.2000432 ],1.6092394806582033
2024-08-13 13:15:27,457 - retrun home WP3,none,[-0.33760843  4.68250322  0.86758858],[1.51531196 3.48410082 2.19388413],1.6017161346421513
2024-08-13 13:15:27,678 - retrun home WP3,none,[-0.33760843  4.68250322  0.86758858],[1.51874483 3.48810625 2.19111991],1.5876701959138448
2024-08-13 13:15:27,889 - retrun home WP3,none,[-0.33760843  4.68250322  0.86758858],[1.51922739 3.49187851 2.18435478],1.600378227334594
2024-08-13 13:15:28,090 - retrun home WP3,none,[-0.33760843  4.68250322  0.86758858],[1.52022481 3.49483633 2.17775297],1.6000506334506646
2024-08-13 13:15:28,308 - retrun home WP3,none,[-0.33760843  4.68250322  0.86758858],[1.52159512 3.49600172 2.17576957],1.5925295402546369
2024-08-13 13:15:28,509 - retrun home WP3,none,[-0.33760843  4.68250322  0.86758858],[1.52055287 3.49698544 2.1677773 ],1.6006970138841323
2024-08-13 13:15:28,709 - retrun home WP4,none,[-0.33760843  4.68250322  0.86758858],[1.51925814 3.49931979 2.15995574],1.6458796948808923
2024-08-13 13:15:28,925 - retrun home WP4,none,[-0.33760843  4.68250322  0.86758858],[1.51596189 3.50511312 2.14802074],1.9603727277647425
2024-08-13 13:15:29,167 - retrun home WP4,none,[-0.33760843  4.68250322  0.86758858],[1.51221061 3.51161432 2.13812828],2.340822959163404
2024-08-13 13:15:29,384 - retrun home WP4,none,[-0.33760843  4.68250322  0.86758858],[1.51215374 3.51645136 2.13624263],2.5925879566755405
2024-08-13 13:15:29,600 - retrun home WP4,none,[-0.33760843  4.68250322  0.86758858],[1.51265299 3.51685572 2.13633513],2.7424366430715574
2024-08-13 13:15:29,810 - retrun home WP4,none,[-0.33760843  4.68250322  0.86758858],[1.51256537 3.51481938 2.13434124],2.852765205655178
2024-08-13 13:15:30,012 - retrun home WP4,none,[-0.33760843  4.68250322  0.86758858],[1.51094258 3.51095796 2.1305058 ],2.9007513894112877
2024-08-13 13:15:30,228 - retrun home WP4,none,[-0.33760843  4.68250322  0.86758858],[1.51279426 3.51067114 2.12989998],2.9518495563436087
