2024-08-13 13:50:34,593 - takeoff,hazardous material,[-0.25490698  4.21379185  0.88414913],[1.58353937 3.49782538 1.64842463],3.015767591447805
2024-08-13 13:50:34,793 - takeoff,hazardous material,[-0.25490698  4.21379185  0.88414913],[1.58011556 3.49608183 1.63273394],3.0139487658869317
2024-08-13 13:50:34,996 - takeoff,hazardous material,[-0.25490698  4.21379185  0.88414913],[1.57758737 3.49624157 1.61312723],3.0099135189879025
2024-08-13 13:50:35,200 - takeoff,hazardous material,[-0.25490698  4.21379185  0.88414913],[1.57735646 3.49733138 1.60314679],3.012462466311499
2024-08-13 13:50:35,400 - takeoff,hazardous material,[-0.25490698  4.21379185  0.88414913],[1.57556355 3.49699974 1.59860229],3.0054740699207545
2024-08-13 13:50:35,601 - takeoff,hazardous material,[-0.25490698  4.21379185  0.88414913],[1.57426524 3.49928641 1.60149992],3.008067091155219
2024-08-13 13:50:35,801 - takeoff,hazardous material,[-0.25490698  4.21379185  0.88414913],[1.57686508 3.50470448 1.62695563],3.0419784220934396
2024-08-13 13:50:36,007 - takeoff,hazardous material,[-0.25490698  4.21379185  0.88414913],[1.57921994 3.51073241 1.65834641],3.0511715919991564
2024-08-13 13:50:36,207 - takeoff,hazardous material,[-0.25490698  4.21379185  0.88414913],[1.58209777 3.51630592 1.67986107],3.0572525827859574
2024-08-13 13:50:36,407 - takeoff,hazardous material,[-0.25490698  4.21379185  0.88414913],[1.58376777 3.52264953 1.6918056 ],3.054292474188359
2024-08-13 13:50:36,608 - takeoff,hazardous material,[-0.25490698  4.21379185  0.88414913],[1.58989954 3.52877188 1.71430588],3.0764764201922357
2024-08-13 13:50:36,816 - takeoff,hazardous material,[-0.25490698  4.21379185  0.88414913],[1.59268093 3.53206515 1.73139727],3.0790121890464404
2024-08-13 13:50:37,022 - takeoff,hazardous material,[-0.25490698  4.21379185  0.88414913],[1.5938189  3.53742361 1.75323594],3.063615247967839
2024-08-13 13:50:37,223 - takeoff,hazardous material,[-0.25490698  4.21379185  0.88414913],[1.59657907 3.54185772 1.77350628],3.087820285131591
2024-08-13 13:50:37,430 - takeoff,hazardous material,[-0.25490698  4.21379185  0.88414913],[1.59795022 3.5456717  1.79255915],3.09011638562443
2024-08-13 13:50:37,631 - takeoff,hazardous material,[-0.25490698  4.21379185  0.88414913],[1.59971464 3.54936647 1.81190479],3.0896752137125745
2024-08-13 13:50:37,855 - takeoff,hazardous material,[-0.25490698  4.21379185  0.88414913],[1.59766674 3.5543654  1.82321692],3.08654023782427
2024-08-13 13:50:38,056 - takeoff,hazardous material,[-0.25490698  4.21379185  0.88414913],[1.59597933 3.56038237 1.84171188],3.0883549138880726
2024-08-13 13:50:38,267 - takeoff,hazardous material,[-0.25490698  4.21379185  0.88414913],[1.59717059 3.56565404 1.85404265],3.0994356251527506
2024-08-13 13:50:38,468 - takeoff,hazardous material,[-0.25490698  4.21379185  0.88414913],[1.59738934 3.56891489 1.86458409],3.102907634744419
2024-08-13 13:50:38,672 - find hazardous material WP0,hazardous material,[-0.25490698  4.21379185  0.88414913],[1.596771   3.57489681 1.8824017 ],3.10161951075528
2024-08-13 13:50:38,873 - find hazardous material WP0,hazardous material,[-0.25490698  4.21379185  0.88414913],[1.59742892 3.57987976 1.89684832],3.0995482187902184
2024-08-13 13:50:39,079 - find hazardous material WP0,hazardous material,[-0.25490698  4.21379185  0.88414913],[1.59874344 3.58451271 1.90960848],3.099398716585312
2024-08-13 13:50:39,298 - find hazardous material WP0,hazardous material,[-0.25490698  4.21379185  0.88414913],[1.60021114 3.59030509 1.92180526],3.107411893069224
2024-08-13 13:50:39,532 - find hazardous material WP0,hazardous material,[-0.25490698  4.21379185  0.88414913],[1.60237157 3.59726596 1.93220377],3.105185476016204
2024-08-13 13:50:39,733 - find hazardous material WP0,hazardous material,[-0.25490698  4.21379185  0.88414913],[1.60620618 3.60374928 1.94387197],3.1094963183756015
2024-08-13 13:50:39,963 - find hazardous material WP0,hazardous material,[-0.25490698  4.21379185  0.88414913],[1.61020935 3.61236501 1.95640945],3.10108023954822
2024-08-13 13:50:40,165 - find hazardous material WP0,hazardous material,[-0.25490698  4.21379185  0.88414913],[1.6150161  3.61932445 1.96375978],3.1088375325628776
2024-08-13 13:50:40,365 - find hazardous material WP0,hazardous material,[-0.25490698  4.21379185  0.88414913],[1.61879992 3.62839365 1.97030628],3.098911072276275
2024-08-13 13:50:40,566 - find hazardous material WP0,hazardous material,[-0.25490698  4.21379185  0.88414913],[1.62061393 3.6340096  1.98093903],3.101550701579238
2024-08-13 13:50:40,772 - find hazardous material WP0,hazardous material,[-0.25490698  4.21379185  0.88414913],[1.62104869 3.63285756 1.98810375],3.1098305871096366
2024-08-13 13:50:40,983 - find hazardous material WP0,hazardous material,[-0.25490698  4.21379185  0.88414913],[1.61819339 3.62970042 1.99616194],3.1099546581699355
2024-08-13 13:50:41,196 - find hazardous material WP0,hazardous material,[-0.25490698  4.21379185  0.88414913],[1.61431122 3.62696338 2.00024676],3.1093683022996212
2024-08-13 13:50:41,406 - find hazardous material WP1,hazardous material,[-0.25490698  4.21379185  0.88414913],[1.61302531 3.62598324 2.00899243],3.1103251516273867
2024-08-13 13:50:41,611 - find hazardous material WP1,hazardous material,[-0.25490698  4.21379185  0.88414913],[1.60743475 3.62264609 2.01338863],3.1079354626676747
2024-08-13 13:50:41,811 - find hazardous material WP1,hazardous material,[-0.25490698  4.21379185  0.88414913],[1.5918138  3.60148644 2.01862025],3.1075808169034933
2024-08-13 13:50:42,032 - find hazardous material WP1,hazardous material,[-0.25490698  4.21379185  0.88414913],[1.54864526 3.53584099 2.02899957],3.113973519487295
2024-08-13 13:50:42,240 - find hazardous material WP1,hazardous material,[-0.25490698  4.21379185  0.88414913],[1.48923516 3.42752504 2.03609514],3.1177610824246544
2024-08-13 13:50:42,446 - find hazardous material WP1,hazardous material,[-0.25490698  4.21379185  0.88414913],[1.43659461 3.31413031 2.03771949],3.1126767330800353
2024-08-13 13:50:42,646 - find hazardous material WP1,hazardous material,[-0.25490698  4.21379185  0.88414913],[1.3783468  3.16463232 2.03975511],3.1110352486882853
2024-08-13 13:50:42,846 - find hazardous material WP1,hazardous material,[-0.25490698  4.21379185  0.88414913],[1.31965387 2.9747386  2.04380584],3.1135724071602002
2024-08-13 13:50:43,047 - find hazardous material WP1,hazardous material,[-0.25490698  4.21379185  0.88414913],[1.27250481 2.79284143 2.04823136],3.1124567043429883
2024-08-13 13:50:43,252 - find hazardous material WP1,hazardous material,[-0.25490698  4.21379185  0.88414913],[1.22101486 2.54336524 2.05166769],3.114683157451494
2024-08-13 13:50:43,453 - find hazardous material WP1,hazardous material,[-0.25490698  4.21379185  0.88414913],[1.17842674 2.29089546 2.05486894],3.121648308047806
2024-08-13 13:50:43,658 - find hazardous material WP1,hazardous material,[-0.25490698  4.21379185  0.88414913],[1.14018774 2.0802846  2.05336881],3.123948185300226
2024-08-13 13:50:43,858 - find hazardous material WP1,hazardous material,[-0.25490698  4.21379185  0.88414913],[1.10772943 1.95110893 2.05397296],3.1227894859564946
2024-08-13 13:50:44,063 - find hazardous material WP1,hazardous material,[-0.25490698  4.21379185  0.88414913],[1.07647908 1.87886226 2.06077576],3.1094661128012975
2024-08-13 13:50:44,264 - find hazardous material WP1,hazardous material,[-0.25490698  4.21379185  0.88414913],[1.05160892 1.80592346 2.0691905 ],3.1200530150473345
2024-08-13 13:50:44,473 - find hazardous material WP1,hazardous material,[-0.25490698  4.21379185  0.88414913],[1.02642524 1.69151521 2.07693195],3.118056255777828
2024-08-13 13:50:44,680 - find hazardous material WP1,hazardous material,[-0.25490698  4.21379185  0.88414913],[0.99807221 1.51293707 2.08715272],3.1199224605755087
2024-08-13 13:50:44,892 - find hazardous material WP1,hazardous material,[-0.25490698  4.21379185  0.88414913],[0.96467912 1.31601191 2.09535861],3.123461911628688
2024-08-13 13:50:45,099 - find hazardous material WP1,hazardous material,[-0.25490698  4.21379185  0.88414913],[0.94162583 1.23673296 2.1024456 ],3.1184819647545483
2024-08-13 13:50:45,304 - find hazardous material WP1,hazardous material,[-0.25490698  4.21379185  0.88414913],[0.92197996 1.20869648 2.11038852],3.1159631256777858
2024-08-13 13:50:45,510 - find hazardous material WP1,hazardous material,[-0.25490698  4.21379185  0.88414913],[0.90410912 1.16108036 2.11667275],3.1183262579656112
2024-08-13 13:50:45,712 - find hazardous material WP1,hazardous material,[-0.25490698  4.21379185  0.88414913],[0.89068401 1.08518386 2.12038851],3.1175900631846654
2024-08-13 13:50:45,913 - find hazardous material WP1,hazardous material,[-0.25490698  4.21379185  0.88414913],[0.87327111 0.97280836 2.11725068],3.1208685521767077
2024-08-13 13:50:46,115 - find hazardous material WP1,hazardous material,[-0.25490698  4.21379185  0.88414913],[0.84709197 0.84566545 2.10580015],3.118656065487909
2024-08-13 13:50:46,317 - find hazardous material WP1,hazardous material,[-0.25490698  4.21379185  0.88414913],[0.83129287 0.80842847 2.10208368],3.118086892220929
2024-08-13 13:50:46,517 - find hazardous material WP1,hazardous material,[-0.25490698  4.21379185  0.88414913],[0.82189935 0.80211437 2.10417771],3.112095291737094
2024-08-13 13:50:46,717 - find hazardous material WP1,hazardous material,[-0.25490698  4.21379185  0.88414913],[0.81442809 0.77346319 2.10451341],3.1120906796515118
2024-08-13 13:50:46,918 - find hazardous material WP1,hazardous material,[-0.25490698  4.21379185  0.88414913],[0.80413562 0.69767958 2.10235882],3.113274426566968
2024-08-13 13:50:47,118 - find hazardous material WP1,hazardous material,[-0.25490698  4.21379185  0.88414913],[0.78876954 0.60818243 2.10095596],3.1144884173670877
2024-08-13 13:50:47,323 - find hazardous material WP1,hazardous material,[-0.25490698  4.21379185  0.88414913],[0.77305353 0.55353051 2.09917092],3.114512869007345
2024-08-13 13:50:47,532 - find hazardous material WP1,hazardous material,[-0.25490698  4.21379185  0.88414913],[0.75702167 0.5352692  2.09937811],3.1162786833775318
2024-08-13 13:50:47,737 - find hazardous material WP1,hazardous material,[-0.25490698  4.21379185  0.88414913],[0.74634522 0.53421217 2.10025454],3.108948856902695
2024-08-13 13:50:47,949 - find hazardous material WP1,hazardous material,[-0.25490698  4.21379185  0.88414913],[0.73603082 0.50634134 2.09906268],3.11218740343358
2024-08-13 13:50:48,149 - find hazardous material WP1,hazardous material,[-0.25490698  4.21379185  0.88414913],[0.72870404 0.45436549 2.0952208 ],3.1135833064117397
2024-08-13 13:50:48,388 - find hazardous material WP1,none,[-0.25490698  4.21379185  0.88414913],[0.72230071 0.39242119 2.09167147],3.113461507451925
2024-08-13 13:50:48,589 - find hazardous material WP1,none,[-0.25490698  4.21379185  0.88414913],[0.71717209 0.35740033 2.08914304],3.113150144334428
2024-08-13 13:50:48,810 - find hazardous material WP1,none,[-0.25490698  4.21379185  0.88414913],[0.71094203 0.34073231 2.08904362],3.109007702670172
2024-08-13 13:50:49,016 - find hazardous material WP1,none,[-0.25490698  4.21379185  0.88414913],[0.70419556 0.33472574 2.09140849],3.1097972750410143
2024-08-13 13:50:49,234 - find hazardous material WP1,none,[-0.25490698  4.21379185  0.88414913],[0.69940132 0.3271088  2.09592485],3.105659396206068
2024-08-13 13:50:49,441 - find hazardous material WP1,none,[-0.25490698  4.21379185  0.88414913],[0.69381225 0.30343813 2.10366178],3.105475625999005
2024-08-13 13:50:49,672 - find hazardous material WP1,none,[-0.25490698  4.21379185  0.88414913],[0.69008303 0.27491969 2.10905051],3.1019834255705954
2024-08-13 13:50:49,890 - find hazardous material WP1,none,[-0.25490698  4.21379185  0.88414913],[0.68598515 0.25101179 2.11176014],3.102480424067968
2024-08-13 13:50:50,114 - find hazardous material WP1,none,[-0.25490698  4.21379185  0.88414913],[0.67976934 0.23161861 2.11250401],3.1011468203688306
2024-08-13 13:50:50,332 - find hazardous material WP1,none,[-0.25490698  4.21379185  0.88414913],[0.67257708 0.21611561 2.11352253],3.098527122133862
2024-08-13 13:50:50,535 - find hazardous material WP1,none,[-0.25490698  4.21379185  0.88414913],[0.66738939 0.20726629 2.11530042],3.098681115447257
2024-08-13 13:50:50,775 - find hazardous material WP1,none,[-0.25490698  4.21379185  0.88414913],[0.66004348 0.19455129 2.11940026],3.0998055552830115
2024-08-13 13:50:50,979 - find hazardous material WP1,none,[-0.25490698  4.21379185  0.88414913],[0.65490305 0.18579057 2.12171626],3.09931980024152
2024-08-13 13:50:51,183 - find hazardous material WP1,none,[-0.25490698  4.21379185  0.88414913],[0.65248561 0.17806666 2.12374473],3.097780430354681
2024-08-13 13:50:51,383 - find hazardous material WP1,none,[-0.25490698  4.21379185  0.88414913],[0.6483922  0.16855241 2.12530994],3.097677356618724
2024-08-13 13:50:51,606 - find hazardous material WP2,none,[-0.25490698  4.21379185  0.88414913],[0.64387506 0.16047469 2.12680364],3.098751812016514
2024-08-13 13:50:51,832 - find hazardous material WP2,none,[-0.25490698  4.21379185  0.88414913],[0.61059701 0.15261482 2.12499213],3.091642702866182
2024-08-13 13:50:52,039 - find hazardous material WP2,none,[-0.25490698  4.21379185  0.88414913],[0.51874554 0.14611147 2.12575054],3.0909535629387443
2024-08-13 13:50:52,250 - find hazardous material WP2,none,[-0.25490698  4.21379185  0.88414913],[0.39857823 0.14178732 2.12670541],3.0941669472177775
2024-08-13 13:50:52,464 - find hazardous material WP2,none,[-0.25490698  4.21379185  0.88414913],[0.19597793 0.13620277 2.12870312],3.091783478725298
2024-08-13 13:50:52,683 - find hazardous material WP2,none,[-0.25490698  4.21379185  0.88414913],[-0.03499063  0.13388337  2.12824345],3.0811397661592155
2024-08-13 13:50:52,898 - find hazardous material WP2,none,[-0.25490698  4.21379185  0.88414913],[-0.29626456  0.13124363  2.12608385],3.0833349626591517
2024-08-13 13:50:53,098 - find hazardous material WP2,none,[-0.25490698  4.21379185  0.88414913],[-0.50684911  0.12776478  2.1218524 ],3.0832827565136443
2024-08-13 13:50:53,320 - find hazardous material WP2,none,[-0.25490698  4.21379185  0.88414913],[-0.64396638  0.12388048  2.11599374],3.077303166433232
2024-08-13 13:50:53,520 - find hazardous material WP2,none,[-0.25490698  4.21379185  0.88414913],[-0.70383781  0.11908732  2.11482692],3.0793177749319565
2024-08-13 13:50:53,726 - find hazardous material WP2,none,[-0.25490698  4.21379185  0.88414913],[-0.75875133  0.11554112  2.11509037],3.082395458122216
2024-08-13 13:50:53,971 - find hazardous material WP2,none,[-0.25490698  4.21379185  0.88414913],[-0.92249954  0.11285753  2.11834574],3.087508062553578
2024-08-13 13:50:54,171 - find hazardous material WP2,none,[-0.25490698  4.21379185  0.88414913],[-1.06974447  0.10982588  2.11804008],3.096198290174806
2024-08-13 13:50:54,372 - find hazardous material WP2,none,[-0.25490698  4.21379185  0.88414913],[-1.22301197  0.10319161  2.1134274 ],3.0985509823938298
2024-08-13 13:50:54,584 - find hazardous material WP2,none,[-0.25490698  4.21379185  0.88414913],[-1.31524253  0.09453447  2.10357428],3.1006756783744076
2024-08-13 13:50:54,784 - find hazardous material WP2,none,[-0.25490698  4.21379185  0.88414913],[-1.34000564  0.08664951  2.09950519],3.1068577340506636
2024-08-13 13:50:54,986 - find hazardous material WP2,none,[-0.25490698  4.21379185  0.88414913],[-1.36461091  0.08129133  2.10190058],3.122515355827156
2024-08-13 13:50:55,219 - find hazardous material WP2,none,[-0.25490698  4.21379185  0.88414913],[-1.45776129  0.08150853  2.10351944],3.1136497002859844
2024-08-13 13:50:55,422 - find hazardous material WP2,none,[-0.25490698  4.21379185  0.88414913],[-1.59089708  0.08129265  2.11001611],3.119859346370407
2024-08-13 13:50:55,623 - find hazardous material WP2,none,[-0.25490698  4.21379185  0.88414913],[-1.66014504  0.07977703  2.11163449],3.120190585584892
2024-08-13 13:50:55,823 - find hazardous material WP2,none,[-0.25490698  4.21379185  0.88414913],[-1.73981595  0.07472764  2.11222243],3.11224011005765
2024-08-13 13:50:56,054 - find hazardous material WP2,none,[-0.25490698  4.21379185  0.88414913],[-1.73941875  0.07178584  2.11141729],3.1155219931232283
2024-08-13 13:50:56,272 - find hazardous material WP2,none,[-0.25490698  4.21379185  0.88414913],[-1.76535952  0.07347301  2.11241078],3.1048249154858416
2024-08-13 13:50:56,492 - find hazardous material WP2,none,[-0.25490698  4.21379185  0.88414913],[-1.8508451   0.07538646  2.11613202],3.1036119466265255
2024-08-13 13:50:56,738 - find hazardous material WP2,none,[-0.25490698  4.21379185  0.88414913],[-1.94759035  0.07177803  2.12229776],3.1157764416932983
2024-08-13 13:50:56,952 - find hazardous material WP2,none,[-0.25490698  4.21379185  0.88414913],[-2.00972319  0.05985453  2.12193227],3.1136305363766503
2024-08-13 13:50:57,157 - find hazardous material WP2,none,[-0.25490698  4.21379185  0.88414913],[-2.0049274   0.05384523  2.12047148],3.1165352310156242
2024-08-13 13:50:57,357 - find hazardous material WP2,none,[-0.25490698  4.21379185  0.88414913],[-1.99070084  0.04575373  2.12014461],3.1179134594557243
2024-08-13 13:50:57,564 - find hazardous material WP2,none,[-0.25490698  4.21379185  0.88414913],[-2.02207661  0.04450245  2.12077546],3.1272748789852374
2024-08-13 13:50:57,764 - find hazardous material WP2,none,[-0.25490698  4.21379185  0.88414913],[-2.07856464  0.04536476  2.12013483],3.1198634064754174
2024-08-13 13:50:58,055 - find hazardous material WP2,none,[-0.25490698  4.21379185  0.88414913],[-2.16411018  0.04422128  2.12055945],3.1196668615494203
2024-08-13 13:50:58,305 - find hazardous material WP2,none,[-0.25490698  4.21379185  0.88414913],[-2.16333842  0.04359651  2.12253404],3.1190884352134525
2024-08-13 13:50:58,512 - find hazardous material WP2,none,[-0.25490698  4.21379185  0.88414913],[-2.15666747  0.04455182  2.1233151 ],3.111981133477115
2024-08-13 13:50:58,713 - find hazardous material WP2,none,[-0.25490698  4.21379185  0.88414913],[-2.16957045  0.04549184  2.12389135],3.1127477122323155
2024-08-13 13:50:58,918 - find hazardous material WP2,none,[-0.25490698  4.21379185  0.88414913],[-2.2031846   0.04593284  2.12378788],3.1168311575995364
2024-08-13 13:50:59,165 - find hazardous material WP2,none,[-0.25490698  4.21379185  0.88414913],[-2.23876429  0.04512753  2.12576699],3.116329022885995
2024-08-13 13:50:59,379 - find hazardous material WP2,none,[-0.25490698  4.21379185  0.88414913],[-2.26846313  0.04409926  2.12594295],3.115367567746427
2024-08-13 13:50:59,579 - find hazardous material WP2,none,[-0.25490698  4.21379185  0.88414913],[-2.27782297  0.0439779   2.12562799],3.1157919391205535
2024-08-13 13:50:59,780 - find hazardous material WP2,none,[-0.25490698  4.21379185  0.88414913],[-2.2860949   0.04457358  2.12813711],3.1150769215218057
2024-08-13 13:50:59,980 - find hazardous material WP2,none,[-0.25490698  4.21379185  0.88414913],[-2.28982639  0.04418569  2.12975097],3.1135386481989222
2024-08-13 13:51:00,203 - find hazardous material WP2,none,[-0.25490698  4.21379185  0.88414913],[-2.29792428  0.04273472  2.13232374],3.11269541134965
2024-08-13 13:51:00,440 - find hazardous material WP2,none,[-0.25490698  4.21379185  0.88414913],[-2.31159854  0.04067752  2.13315701],3.1160864542868327
2024-08-13 13:51:00,644 - find hazardous material WP3,none,[-0.25490698  4.21379185  0.88414913],[-2.32142115  0.0401015   2.1320703 ],3.114970131821828
2024-08-13 13:51:00,845 - find hazardous material WP3,none,[-0.25490698  4.21379185  0.88414913],[-2.33265042  0.04007345  2.12876892],2.982929879886534
2024-08-13 13:51:01,115 - find hazardous material WP3,none,[-0.25490698  4.21379185  0.88414913],[-2.34090614  0.03773544  2.12416339],2.5868931683308745
2024-08-13 13:51:01,362 - find hazardous material WP3,none,[-0.25490698  4.21379185  0.88414913],[-2.34486055  0.03419853  2.12210679],2.193886712574985
2024-08-13 13:51:01,568 - find hazardous material WP3,none,[-0.25490698  4.21379185  0.88414913],[-2.35412526  0.0289357   2.11790395],1.8868656814187357
2024-08-13 13:51:01,770 - find hazardous material WP3,none4,[-0.25490698  4.21379185  0.88414913],[-2.37128401  0.02674211  2.11714959],1.57701601458683
2024-08-13 13:51:01,977 - find hazardous material WP3,none4,[-0.25490698  4.21379185  0.88414913],[-2.38962436  0.02702023  2.11675167],1.2592925505575545
2024-08-13 13:51:02,186 - find hazardous material WP3,none4,[-0.25490698  4.21379185  0.88414913],[-2.40723515  0.03120706  2.11521053],0.9742415719612058
2024-08-13 13:51:02,392 - find hazardous material WP3,none4,[-0.25490698  4.21379185  0.88414913],[-2.42255712  0.03815996  2.11163354],0.6200288208054895
2024-08-13 13:51:02,592 - find hazardous material WP3,none4,[-0.25490698  4.21379185  0.88414913],[-2.42229605  0.04411966  2.11045289],0.4425726073411749
2024-08-13 13:51:02,808 - find hazardous material WP3,none4,[-0.25490698  4.21379185  0.88414913],[-2.41638803  0.04768915  2.11087656],0.34302735381797644
2024-08-13 13:51:03,014 - find hazardous material WP3,none4,[-0.25490698  4.21379185  0.88414913],[-2.40547061  0.05226103  2.11298132],0.24508702439570862
2024-08-13 13:51:03,219 - find hazardous material WP4,none4,[-0.25490698  4.21379185  0.88414913],[-2.4016161   0.05114215  2.11761975],0.19152419881452376
2024-08-13 13:51:03,425 - find hazardous material WP4,none4,[-0.25490698  4.21379185  0.88414913],[-2.40301275  0.04540382  2.12001395],0.16691906383367505
2024-08-13 13:51:03,674 - find hazardous material WP4,none4,[-0.25490698  4.21379185  0.88414913],[-2.34710383  0.02723615  2.12719965],0.12599533041266264
2024-08-13 13:51:03,888 - find hazardous material WP4,none4,[-0.25490698  4.21379185  0.88414913],[-2.24543023  0.00848558  2.13223243],0.11021805297815268
2024-08-13 13:51:04,096 - find hazardous material WP4,none4,[-0.25490698  4.21379185  0.88414913],[-2.09978104 -0.00766747  2.1363976 ],0.08241782996522407
2024-08-13 13:51:04,300 - find hazardous material WP4,none4,[-0.25490698  4.21379185  0.88414913],[-1.89812589 -0.01955019  2.13952041],0.06696346124135943
2024-08-13 13:51:04,514 - find hazardous material WP4,hazardous material,[-0.25490698  4.21379185  0.88414913],[-1.65800428 -0.02232356  2.14158154],0.0490657386238893
2024-08-13 13:51:04,735 - find hazardous material WP4,hazardous material,[-0.25490698  4.21379185  0.88414913],[-1.43034458 -0.01245717  2.14625931],0.03859717656581507
2024-08-13 13:51:04,937 - find hazardous material WP4,hazardous material,[-0.25490698  4.21379185  0.88414913],[-1.25688970e+00 -1.53337722e-03  2.14227080e+00],0.031079963012606182
2024-08-13 13:51:05,145 - find hazardous material WP4,hazardous material,[-0.25490698  4.21379185  0.88414913],[-1.17555797e+00 -6.94943592e-05  2.14233708e+00],0.02860663935563723
2024-08-13 13:51:05,390 - find hazardous material WP4,hazardous material,[-0.25490698  4.21379185  0.88414913],[-1.1235168  -0.01166819  2.14087939],0.02841391972971663
2024-08-13 13:51:05,591 - find hazardous material WP4,hazardous material,[-0.25490698  4.21379185  0.88414913],[-1.05723131 -0.02038059  2.14316893],0.027009170407081395
2024-08-13 13:51:05,796 - find hazardous material WP4,hazardous material,[-0.25490698  4.21379185  0.88414913],[-0.91008925 -0.02979681  2.14510441],0.026623638187863063
2024-08-13 13:51:06,023 - find hazardous material WP4,hazardous material,[-0.25490698  4.21379185  0.88414913],[-0.73128873 -0.0289357   2.14466858],0.030617842224004432
2024-08-13 13:51:06,228 - find hazardous material WP4,hazardous material,[-0.25490698  4.21379185  0.88414913],[-0.59312379 -0.02341523  2.14290261],0.028927781463952584
2024-08-13 13:51:06,433 - find hazardous material WP4,hazardous material,[-0.25490698  4.21379185  0.88414913],[-0.5218001  -0.01905531  2.13936806],0.028210303186182673
2024-08-13 13:51:06,638 - find hazardous material WP4,hazardous material,[-0.25490698  4.21379185  0.88414913],[-0.5083189  -0.01960806  2.1380837 ],0.0289092640901214
2024-08-13 13:51:06,885 - find hazardous material WP4,hazardous material,[-0.25490698  4.21379185  0.88414913],[-0.46289369 -0.02511825  2.1425395 ],0.028531995985308756
2024-08-13 13:51:07,105 - find hazardous material WP4,hazardous material,[-0.25490698  4.21379185  0.88414913],[-0.35833284 -0.02860669  2.14799404],0.02874851872138029
2024-08-13 13:51:07,328 - find hazardous material WP4,hazardous material,[-0.25490698  4.21379185  0.88414913],[-0.23027845 -0.02694128  2.15759635],0.026922937832755345
2024-08-13 13:51:07,554 - find hazardous material WP4,hazardous material,[-0.25490698  4.21379185  0.88414913],[-0.15632975 -0.02325693  2.16437054],0.03209595013138267
2024-08-13 13:51:07,757 - find hazardous material WP4,hazardous material,[-0.25490698  4.21379185  0.88414913],[-0.14399517 -0.02149216  2.16994119],0.03326916407281044
2024-08-13 13:51:08,027 - find hazardous material WP4,hazardous material,[-0.25490698  4.21379185  0.88414913],[-0.12682033 -0.02146153  2.17623472],0.030499706954977945
2024-08-13 13:51:08,251 - find hazardous material WP4,hazardous material,[-0.25490698  4.21379185  0.88414913],[-0.0477648  -0.02082208  2.18140173],0.032071169377160924
2024-08-13 13:51:08,482 - find hazardous material WP4,hazardous material,[-0.25490698  4.21379185  0.88414913],[ 0.0392782  -0.01959114  2.18494272],0.032235584415890806
2024-08-13 13:51:08,715 - find hazardous material WP4,hazardous material,[-0.25490698  4.21379185  0.88414913],[ 0.08426154 -0.01948197  2.18870354],0.031770497870375
2024-08-13 13:51:08,919 - find hazardous material WP4,hazardous material,[-0.25490698  4.21379185  0.88414913],[ 0.09083052 -0.02085859  2.19160032],0.03268828947012481
2024-08-13 13:51:09,123 - find hazardous material WP4,hazardous material,[-0.25490698  4.21379185  0.88414913],[ 0.09900385 -0.02318457  2.19237494],0.03411190219283444
2024-08-13 13:51:09,329 - find hazardous material WP4,hazardous material,[-0.25490698  4.21379185  0.88414913],[ 0.12731639 -0.02618255  2.19310832],0.03443527384546763
2024-08-13 13:51:09,555 - find hazardous material WP4,hazardous material,[-0.25490698  4.21379185  0.88414913],[ 0.17294109 -0.02802033  2.19308925],0.029442260349376026
2024-08-13 13:51:09,756 - find hazardous material WP4,hazardous material,[-0.25490698  4.21379185  0.88414913],[ 0.20664324 -0.02777998  2.1921649 ],0.033580974935820684
2024-08-13 13:51:09,973 - find hazardous material WP4,hazardous material,[-0.25490698  4.21379185  0.88414913],[ 0.24012174 -0.02678068  2.18959403],0.03594089282602786
2024-08-13 13:51:10,179 - find hazardous material WP4,hazardous material,[-0.25490698  4.21379185  0.88414913],[ 0.2541652  -0.02639853  2.18660831],0.03310066857934424
2024-08-13 13:51:10,398 - find hazardous material WP4,hazardous material,[-0.25490698  4.21379185  0.88414913],[ 0.26725671 -0.0268188   2.1830411 ],0.0352161391305279
2024-08-13 13:51:10,644 - find hazardous material WP4,hazardous material,[-0.25490698  4.21379185  0.88414913],[ 0.28164491 -0.02846163  2.18109012],0.03460450484144029
2024-08-13 13:51:10,858 - find hazardous material WP4,hazardous material,[-0.25490698  4.21379185  0.88414913],[ 0.29678759 -0.03023052  2.18052506],0.03546173799916752
2024-08-13 13:51:11,071 - find hazardous material WP4,hazardous material,[-0.25490698  4.21379185  0.88414913],[ 0.31140345 -0.03084023  2.1799798 ],0.03562070479454649
2024-08-13 13:51:11,271 - find hazardous material WP4,hazardous material,[-0.25490698  4.21379185  0.88414913],[ 0.32554045 -0.02994061  2.18088746],0.03461946051315001
2024-08-13 13:51:11,472 - find hazardous material WP4,hazardous material,[-0.25490698  4.21379185  0.88414913],[ 0.33461237 -0.02890692  2.18153262],0.03462820119330834
2024-08-13 13:51:11,722 - hazardous_material 1,hazardous material,[-0.25490698  4.21379185  0.88414913],[ 0.34808311 -0.02728636  2.18403792],0.035175653179371436
2024-08-13 13:51:11,924 - hazardous_material 1,hazardous material,[-0.25490698  4.21379185  0.88414913],[ 0.35489044 -0.02399251  2.18690038],0.033841086471704473
2024-08-13 13:51:12,133 - hazardous_material 1,hazardous material,[-0.25490698  4.21379185  0.88414913],[0.34653273 0.01208463 2.18819952],0.026775460395517925
2024-08-13 13:51:12,333 - hazardous_material 1,hazardous material,[-0.25490698  4.21379185  0.88414913],[0.3184323  0.08441615 2.18718576],0.03065367384369244
2024-08-13 13:51:12,541 - hazardous_material 1,hazardous material,[-0.25490698  4.21379185  0.88414913],[0.27044272 0.19128238 2.18180346],0.03331250966249932
2024-08-13 13:51:12,747 - hazardous_material 1,hazardous material,[-0.25490698  4.21379185  0.88414913],[0.23946697 0.24002634 2.17715502],0.032753897720106506
2024-08-13 13:51:12,959 - hazardous_material 1,hazardous material,[-0.25490698  4.21379185  0.88414913],[0.22643654 0.24399287 2.17646933],0.0340228160299203
2024-08-13 13:51:13,164 - hazardous_material 1,hazardous material,[-0.25490698  4.21379185  0.88414913],[0.21803589 0.23908359 2.17743444],0.033310573635826124
2024-08-13 13:51:13,378 - hazardous_material 1,hazardous material,[-0.25490698  4.21379185  0.88414913],[0.21259746 0.27036151 2.18106937],0.029783530444616124
2024-08-13 13:51:13,591 - hazardous_material 1,hazardous material,[-0.25490698  4.21379185  0.88414913],[0.2048324  0.31765366 2.18477225],0.036375136929443386
2024-08-13 13:51:13,802 - hazardous_material 1,hazardous material,[-0.25490698  4.21379185  0.88414913],[0.19244324 0.3701067  2.18852162],0.03378496583255752
2024-08-13 13:51:14,002 - hazardous_material 1,hazardous material,[-0.25490698  4.21379185  0.88414913],[0.17204763 0.40994507 2.19076896],0.032811890525228815
2024-08-13 13:51:14,203 - hazardous_material 1,hazardous material,[-0.25490698  4.21379185  0.88414913],[0.16219896 0.41543365 2.19097233],0.035366981152775256
2024-08-13 13:51:14,420 - hazardous_material 1,hazardous material,[-0.25490698  4.21379185  0.88414913],[0.14660659 0.42105463 2.19301295],0.03206898883791642
2024-08-13 13:51:14,622 - hazardous_material 1,hazardous material,[-0.25490698  4.21379185  0.88414913],[0.1352825  0.43958557 2.19554543],0.031828666140302
2024-08-13 13:51:14,842 - hazardous_material 1,hazardous material,[-0.25490698  4.21379185  0.88414913],[0.12630081 0.46296951 2.19874549],0.032106267502068686
2024-08-13 13:51:15,044 - hazardous_material 1,hazardous material,[-0.25490698  4.21379185  0.88414913],[0.11561727 0.49218521 2.20089817],0.034007806365196735
2024-08-13 13:51:15,245 - hazardous_material 1,hazardous material,[-0.25490698  4.21379185  0.88414913],[0.10770702 0.51449746 2.20044971],0.03161142459509647
2024-08-13 13:51:15,528 - hazardous_material 1,hazardous material,[-0.25490698  4.21379185  0.88414913],[0.09897441 0.53008229 2.20059872],0.030396684412184793
2024-08-13 13:51:15,731 - hazardous_material 1,hazardous material,[-0.25490698  4.21379185  0.88414913],[0.09425244 0.53350455 2.20031404],0.03304534369222889
2024-08-13 13:51:15,955 - hazardous_material 1,hazardous material,[-0.25490698  4.21379185  0.88414913],[0.08647538 0.54021329 2.19926715],0.0297211372765962
2024-08-13 13:51:16,157 - hazardous_material 1,hazardous material,[-0.25490698  4.21379185  0.88414913],[0.07993814 0.55075479 2.19301748],0.03163538054135673
2024-08-13 13:51:16,362 - hazardous_material 1,hazardous material,[-0.25490698  4.21379185  0.88414913],[0.07391667 0.56540078 2.18463635],0.03359391446603843
2024-08-13 13:51:16,562 - hazardous_material 1,hazardous material,[-0.25490698  4.21379185  0.88414913],[0.06892408 0.5767957  2.17739892],0.03427117397487778
2024-08-13 13:51:16,778 - hazardous_material 1,hazardous material,[-0.25490698  4.21379185  0.88414913],[0.06346245 0.58683813 2.17338133],0.032004788764757874
2024-08-13 13:51:16,990 - hazardous_material 1,hazardous material,[-0.25490698  4.21379185  0.88414913],[0.06062724 0.59344375 2.1703639 ],0.033560678943775235
2024-08-13 13:51:17,229 - hazardous_material 1,hazardous material,[-0.25490698  4.21379185  0.88414913],[0.05491815 0.60200197 2.16934109],0.03281479363840889
2024-08-13 13:51:17,430 - hazardous_material 1,hazardous material,[-0.25490698  4.21379185  0.88414913],[0.05306284 0.6075955  2.16845322],0.032723362092552
2024-08-13 13:51:17,634 - hazardous_material 1,hazardous material,[-0.25490698  4.21379185  0.88414913],[0.05112069 0.61333132 2.16973138],0.031692904006183076
2024-08-13 13:51:17,848 - hazardous_material 1,hazardous material,[-0.25490698  4.21379185  0.88414913],[0.04852948 0.62204844 2.17515445],0.036245277988394164
2024-08-13 13:51:18,059 - hazardous_material 1,hazardous material,[-0.25490698  4.21379185  0.88414913],[0.04587846 0.62985867 2.18679166],0.035050840516861026
2024-08-13 13:51:18,265 - hazardous_material 1,hazardous material,[-0.25490698  4.21379185  0.88414913],[0.04372945 0.63432175 2.19613051],0.03379815517556084
2024-08-13 13:51:18,465 - hazardous_material 1,hazardous material,[-0.25490698  4.21379185  0.88414913],[0.04141609 0.63877469 2.20670629],0.033903790000813006
2024-08-13 13:51:18,672 - hazardous_material 1,hazardous material,[-0.25490698  4.21379185  0.88414913],[0.03960226 0.64117497 2.21296   ],0.03344809095657264
2024-08-13 13:51:18,883 - hazardous_material 1,hazardous material,[-0.25490698  4.21379185  0.88414913],[0.03767758 0.64306998 2.21674252],0.036322831554506996
2024-08-13 13:51:19,087 - hazardous_material 1,hazardous material,[-0.25490698  4.21379185  0.88414913],[0.03516439 0.64585924 2.21804881],0.03172857404130758
2024-08-13 13:51:19,304 - hazardous_material 1,hazardous material,[-0.25490698  4.21379185  0.88414913],[0.03315542 0.65113795 2.22296834],0.033229289856354205
2024-08-13 13:51:19,512 - hazardous_material 1,hazardous material,[-0.25490698  4.21379185  0.88414913],[0.03098321 0.65680039 2.22990394],0.03311627896816294
2024-08-13 13:51:19,721 - hazardous_material 1,hazardous material,[-0.25490698  4.21379185  0.88414913],[0.02808508 0.66218495 2.23634434],0.036195678869000325
2024-08-13 13:51:19,932 - hazardous_material 1,hazardous material,[-0.25490698  4.21379185  0.88414913],[0.02477572 0.66721851 2.23855352],0.03430817440002598
2024-08-13 13:51:20,195 - hazardous_material 1,hazardous material,[-0.25490698  4.21379185  0.88414913],[0.02077067 0.67246521 2.24058628],0.03163489614395276
2024-08-13 13:51:20,419 - hazardous_material 1,hazardous material,[-0.25490698  4.21379185  0.88414913],[0.01856124 0.67506516 2.23986554],0.0349165215049565
2024-08-13 13:51:20,624 - hazardous_material 1,hazardous material,[-0.25490698  4.21379185  0.88414913],[0.01870089 0.67498094 2.24122787],0.03495744689513591
2024-08-13 13:51:20,829 - hazardous_material 1,hazardous material,[-0.25490698  4.21379185  0.88414913],[0.01936998 0.67211139 2.24397779],0.03602504603699441
2024-08-13 13:51:21,056 - hazardous_material 1,hazardous material,[-0.25490698  4.21379185  0.88414913],[0.02066587 0.67296267 2.24690795],0.029531441292483418
2024-08-13 13:51:21,256 - hazardous_material 1,hazardous material,[-0.25490698  4.21379185  0.88414913],[0.02070887 0.67813736 2.24889374],0.03256990834177231
2024-08-13 13:51:21,479 - hazardous_material 1,hazardous material,[-0.25490698  4.21379185  0.88414913],[0.01934464 0.6850757  2.24944139],0.034171656631151626
2024-08-13 13:51:21,732 - hazardous_material 1,hazardous material,[-0.25490698  4.21379185  0.88414913],[0.01628876 0.69209176 2.24838281],0.035720416401252786
2024-08-13 13:51:21,939 - hazardous_material 1,hazardous material,[-0.25490698  4.21379185  0.88414913],[0.01284208 0.69667876 2.24797487],0.03378779877689864
2024-08-13 13:51:22,140 - hazardous_material 1,hazardous material,[-0.25490698  4.21379185  0.88414913],[0.01127985 0.69928408 2.24892831],0.03058103697066139
2024-08-13 13:51:22,345 - hazardous_material 1,hazardous material,[-0.25490698  4.21379185  0.88414913],[0.00766878 0.70128149 2.25034451],0.03463812580100001
2024-08-13 13:51:22,546 - hazardous_material 1,hazardous material,[-0.25490698  4.21379185  0.88414913],[0.00546493 0.70201534 2.25187445],0.034565857181564796
2024-08-13 13:51:22,749 - hazardous_material 1,hazardous material,[-0.25490698  4.21379185  0.88414913],[0.00577339 0.70308119 2.25371599],0.03523379376358138
2024-08-13 13:51:22,952 - hazardous_material 1,hazardous material,[-0.25490698  4.21379185  0.88414913],[0.00517491 0.70246029 2.25738478],0.033565027109518475
2024-08-13 13:51:23,153 - hazardous_material 1,hazardous material,[-0.25490698  4.21379185  0.88414913],[0.00554452 0.70252347 2.25829935],0.03560991977964534
2024-08-13 13:51:23,368 - hazardous_material 1,hazardous material,[-0.25490698  4.21379185  0.88414913],[0.00363032 0.70232594 2.25977921],0.03783352109708349
2024-08-13 13:51:23,582 - hazardous_material 1,hazardous material,[-0.25490698  4.21379185  0.88414913],[-1.20702920e-04  7.01296449e-01  2.26134539e+00],0.03530607529922003
2024-08-13 13:51:23,798 - hazardous_material 1,hazardous material,[-0.25490698  4.21379185  0.88414913],[-0.00356793  0.70039248  2.26198339],0.034770986142588445
2024-08-13 13:51:24,014 - hazardous_material 1,hazardous material,[-0.25490698  4.21379185  0.88414913],[-0.00836013  0.7003538   2.26010823],0.03435727466132432
2024-08-13 13:51:24,254 - hazardous_material 1,hazardous material,[-0.25490698  4.21379185  0.88414913],[-0.01504386  0.69963533  2.25710702],0.03469261702865989
2024-08-13 13:51:24,462 - hazardous_material 1,hazardous material,[-0.25490698  4.21379185  0.88414913],[-0.0185875   0.69885039  2.25274611],0.032968759183339635
2024-08-13 13:51:24,690 - hazardous_material 1,hazardous material,[-0.25490698  4.21379185  0.88414913],[-0.02049869  0.69866914  2.24875259],0.03711435527693463
2024-08-13 13:51:24,891 - hazardous_material 1,hazardous material,[-0.25490698  4.21379185  0.88414913],[-0.02065398  0.69936317  2.24655747],0.0361702357519027
2024-08-13 13:51:25,112 - hazardous_material 1,hazardous material,[-0.25490698  4.21379185  0.88414913],[-0.01936211  0.70141375  2.24019337],0.0326118435269791
2024-08-13 13:51:25,335 - hazardous_material 1,hazardous material3,[-0.25490698  4.21379185  0.88414913],[-0.01934402  0.70298737  2.23798132],0.033519599586870896
2024-08-13 13:51:25,538 - hazardous_material 1,hazardous material3,[-0.25490698  4.21379185  0.88414913],[-0.02084192  0.70509881  2.23598647],0.03742604951969275
2024-08-13 13:51:25,749 - hazardous_material 1,hazardous material3,[-0.25490698  4.21379185  0.88414913],[-0.02330046  0.70931953  2.23563719],0.036798691976442255
2024-08-13 13:51:25,955 - hazardous_material 1,hazardous material3,[-0.25490698  4.21379185  0.88414913],[-0.02541537  0.71150327  2.23782396],0.03336060524261031
2024-08-13 13:51:26,161 - hazardous_material 1,hazardous material3,[-0.25490698  4.21379185  0.88414913],[-0.02731886  0.7115646   2.24508238],0.04011645932964858
2024-08-13 13:51:26,391 - hazardous_material 1,hazardous material3,[-0.25490698  4.21379185  0.88414913],[-0.02796718  0.71019012  2.25032091],0.03620422735412521
2024-08-13 13:51:26,628 - hazardous_material 1,hazardous material3,[-0.25490698  4.21379185  0.88414913],[-0.02831413  0.70945829  2.25174546],0.03647832436566523
2024-08-13 13:51:26,833 - hazardous_material 1,hazardous material3,[-0.25490698  4.21379185  0.88414913],[-0.03290196  0.70755142  2.2593646 ],0.03727525891662409
2024-08-13 13:51:27,042 - hazardous_material 1,hazardous material3,[-0.25490698  4.21379185  0.88414913],[-0.03537383  0.7080062   2.26108646],0.03829452360956198
2024-08-13 13:51:27,249 - hazardous_material 1,hazardous material3,[-0.25490698  4.21379185  0.88414913],[-0.03724204  0.70900238  2.26274776],0.034260865572538046
2024-08-13 13:51:27,455 - hazardous_material 2,hazardous material3,[-0.25490698  4.21379185  0.88414913],[-0.03832462  0.7087127   2.26448727],0.035712465558970896
2024-08-13 13:51:27,661 - hazardous_material 2,hazardous material3,[-0.25490698  4.21379185  0.88414913],[-0.05259845  0.69905227  2.27010012],0.043596049076341625
2024-08-13 13:51:27,861 - hazardous_material 2,hazardous material3,[-0.25490698  4.21379185  0.88414913],[-0.0935853   0.65695465  2.27118301],0.043728867525816284
2024-08-13 13:51:28,068 - hazardous_material 2,hazardous material3,[-0.25490698  4.21379185  0.88414913],[-0.17860636  0.56661981  2.27452445],0.036110350865162566
2024-08-13 13:51:28,285 - hazardous_material 2,hazardous material3,[-0.25490698  4.21379185  0.88414913],[-0.27782238  0.45979771  2.27677107],0.038015330104913314
2024-08-13 13:51:28,513 - hazardous_material 2,hazardous material3,[-0.25490698  4.21379185  0.88414913],[-0.45634311  0.28086221  2.27624297],0.03828308859163476
2024-08-13 13:51:28,730 - hazardous_material 2,hazardous material3,[-0.25490698  4.21379185  0.88414913],[-0.54729342  0.19827838  2.26746273],0.03871513350371325
2024-08-13 13:51:28,936 - hazardous_material 2,hazardous material3,[-0.25490698  4.21379185  0.88414913],[-0.58438134  0.16776568  2.25744367],0.03559409262880919
2024-08-13 13:51:29,140 - hazardous_material 2,hazardous material3,[-0.25490698  4.21379185  0.88414913],[-0.5990085   0.1543642   2.24506998],0.033749589306677485
2024-08-13 13:51:29,344 - hazardous_material 2,hazardous material3,[-0.25490698  4.21379185  0.88414913],[-0.63326871  0.11535718  2.23497367],0.03900183865745821
2024-08-13 13:51:29,561 - hazardous_material 2,hazardous material3,[-0.25490698  4.21379185  0.88414913],[-0.72197056  0.01662882  2.22698641],0.02980311262929347
2024-08-13 13:51:29,762 - hazardous_material 2,hazardous material3,[-0.25490698  4.21379185  0.88414913],[-0.78024757 -0.0431757   2.22576189],0.030551808037699413
2024-08-13 13:51:29,962 - hazardous_material 2,hazardous material3,[-0.25490698  4.21379185  0.88414913],[-0.82681626 -0.08336964  2.22713089],0.033805220629709254
2024-08-13 13:51:30,162 - hazardous_material 2,hazardous material3,[-0.25490698  4.21379185  0.88414913],[-0.84949899 -0.09327017  2.22301626],0.034214548024114944
2024-08-13 13:51:30,366 - hazardous_material 2,hazardous material3,[-0.25490698  4.21379185  0.88414913],[-0.86951733 -0.10372052  2.21528673],0.032138095249832466
2024-08-13 13:51:30,567 - hazardous_material 2,hazardous material3,[-0.25490698  4.21379185  0.88414913],[-0.89125305 -0.1274747   2.20828438],0.03864761456575683
2024-08-13 13:51:30,799 - hazardous_material 2,hazardous material3,[-0.25490698  4.21379185  0.88414913],[-0.93775827 -0.19080989  2.1960659 ],0.03209592792371785
2024-08-13 13:51:31,018 - hazardous_material 2,hazardous material3,[-0.25490698  4.21379185  0.88414913],[-0.97076601 -0.23556441  2.18981457],0.03323428758020919
2024-08-13 13:51:31,222 - hazardous_material 2,hazardous material3,[-0.25490698  4.21379185  0.88414913],[-1.00796103 -0.27359     2.18198776],0.02833077892341551
2024-08-13 13:51:31,446 - hazardous_material 2,hazardous material3,[-0.25490698  4.21379185  0.88414913],[-1.03822291 -0.29244295  2.17269254],0.0298325987279624
2024-08-13 13:51:31,654 - hazardous_material 2,hazardous material3,[-0.25490698  4.21379185  0.88414913],[-1.05766809 -0.30346522  2.1667006 ],0.032069900978715093
2024-08-13 13:51:31,866 - hazardous_material 2,hazardous material3,[-0.25490698  4.21379185  0.88414913],[-1.07480085 -0.31985068  2.16124916],0.0311874218526349
2024-08-13 13:51:32,066 - hazardous_material 2,hazardous material3,[-0.25490698  4.21379185  0.88414913],[-1.08622158 -0.33494639  2.16035366],0.03388774053404964
2024-08-13 13:51:32,288 - hazardous_material 2,hazardous material3,[-0.25490698  4.21379185  0.88414913],[-1.10059035 -0.35852093  2.15866995],0.02793850316342672
2024-08-13 13:51:32,488 - hazardous_material 2,hazardous material3,[-0.25490698  4.21379185  0.88414913],[-1.11242294 -0.37393075  2.16128182],0.035056865377031565
2024-08-13 13:51:32,733 - hazardous_material 2,hazardous material3,[-0.25490698  4.21379185  0.88414913],[-1.12898028 -0.38931909  2.16586494],0.037383608924485445
2024-08-13 13:51:32,944 - hazardous_material 2,hazardous material3,[-0.25490698  4.21379185  0.88414913],[-1.14508736 -0.39952856  2.17196488],0.036831790419764365
2024-08-13 13:51:33,150 - hazardous_material 2,hazardous material3,[-0.25490698  4.21379185  0.88414913],[-1.16144121 -0.41044578  2.17944503],0.03313082369113962
2024-08-13 13:51:33,354 - hazardous_material 2,hazardous material3,[-0.25490698  4.21379185  0.88414913],[-1.17427242 -0.42068377  2.18718243],0.030543989471638167
2024-08-13 13:51:33,559 - hazardous_material 2,hazardous material3,[-0.25490698  4.21379185  0.88414913],[-1.18749595 -0.43279752  2.19524932],0.03489003504794219
2024-08-13 13:51:33,795 - hazardous_material 2,hazardous material3,[-0.25490698  4.21379185  0.88414913],[-1.19754612 -0.4429087   2.1992662 ],0.03636716952092467
2024-08-13 13:51:34,011 - hazardous_material 2,hazardous material3,[-0.25490698  4.21379185  0.88414913],[-1.20939851 -0.45555794  2.20451045],0.036658912775440866
2024-08-13 13:51:34,211 - hazardous_material 2,hazardous material3,[-0.25490698  4.21379185  0.88414913],[-1.21651006 -0.46189827  2.207829  ],0.03491941833618584
2024-08-13 13:51:34,424 - hazardous_material 2,hazardous material3,[-0.25490698  4.21379185  0.88414913],[-1.22547817 -0.46791407  2.21517038],0.0328715363063683
2024-08-13 13:51:34,624 - hazardous_material 2,hazardous material3,[-0.25490698  4.21379185  0.88414913],[-1.23146939 -0.47341445  2.22033095],0.03472139949464137
2024-08-13 13:51:34,825 - hazardous_material 2,hazardous material3,[-0.25490698  4.21379185  0.88414913],[-1.23741114 -0.47915527  2.22387457],0.02847594820564847
2024-08-13 13:51:35,031 - hazardous_material 2,hazardous material3,[-0.25490698  4.21379185  0.88414913],[-1.24305034 -0.48823601  2.22686934],0.0357869613931765
2024-08-13 13:51:35,248 - hazardous_material 2,hazardous material3,[-0.25490698  4.21379185  0.88414913],[-1.24896789 -0.49727899  2.22935843],0.03590785399663288
2024-08-13 13:51:35,465 - hazardous_material 2,hazardous material3,[-0.25490698  4.21379185  0.88414913],[-1.25410748 -0.50366902  2.23301005],0.029354692666625937
2024-08-13 13:51:35,665 - hazardous_material 2,hazardous material3,[-0.25490698  4.21379185  0.88414913],[-1.25978899 -0.50746423  2.23662353],0.030677783449829965
2024-08-13 13:51:35,872 - hazardous_material 2,hazardous material3,[-0.25490698  4.21379185  0.88414913],[-1.26523602 -0.51221466  2.23741961],0.03190471795731464
2024-08-13 13:51:36,104 - hazardous_material 2,hazardous material3,[-0.25490698  4.21379185  0.88414913],[-1.27224696 -0.51741379  2.23724818],0.029704241292675793
2024-08-13 13:51:36,304 - hazardous_material 2,hazardous material3,[-0.25490698  4.21379185  0.88414913],[-1.27700865 -0.52312571  2.23659635],0.03305107016475706
2024-08-13 13:51:36,525 - hazardous_material 2,hazardous material3,[-0.25490698  4.21379185  0.88414913],[-1.28271413 -0.52987158  2.23669147],0.03413907418992346
2024-08-13 13:51:36,747 - hazardous_material 2,hazardous material3,[-0.25490698  4.21379185  0.88414913],[-1.28899527 -0.53629333  2.23627567],0.03594025893310726
2024-08-13 13:51:36,950 - hazardous_material 2,hazardous material3,[-0.25490698  4.21379185  0.88414913],[-1.29413879 -0.54153538  2.23709035],0.038115963723190927
2024-08-13 13:51:37,167 - hazardous_material 2,hazardous material3,[-0.25490698  4.21379185  0.88414913],[-1.29761922 -0.54485446  2.24039268],0.030723911906906487
2024-08-13 13:51:37,376 - hazardous_material 2,hazardous material3,[-0.25490698  4.21379185  0.88414913],[-1.30168724 -0.550726    2.24423003],0.03514883238839461
2024-08-13 13:51:37,580 - hazardous_material 2,hazardous material3,[-0.25490698  4.21379185  0.88414913],[-1.30412185 -0.55458289  2.24337697],0.029971855731955266
2024-08-13 13:51:37,790 - hazardous_material 2,hazardous material3,[-0.25490698  4.21379185  0.88414913],[-1.30867875 -0.55672246  2.24146533],0.03894324315181508
2024-08-13 13:51:38,010 - hazardous_material 2,hazardous material3,[-0.25490698  4.21379185  0.88414913],[-1.31276643 -0.55779916  2.23881817],0.032585802206218206
2024-08-13 13:51:38,218 - hazardous_material 2,hazardous material3,[-0.25490698  4.21379185  0.88414913],[-1.3188287  -0.56026518  2.23784423],0.030236975510945063
2024-08-13 13:51:38,419 - hazardous_material 2,hazardous material3,[-0.25490698  4.21379185  0.88414913],[-1.32560718 -0.56171101  2.24012041],0.029510983231888055
2024-08-13 13:51:38,631 - hazardous_material 2,hazardous material3,[-0.25490698  4.21379185  0.88414913],[-1.33068156 -0.56236941  2.24318051],0.03051090309881177
2024-08-13 13:51:38,840 - hazardous_material 2,hazardous material3,[-0.25490698  4.21379185  0.88414913],[-1.33885419 -0.56048536  2.24926639],0.0309573503543612
2024-08-13 13:51:39,056 - hazardous_material 2,hazardous material3,[-0.25490698  4.21379185  0.88414913],[-1.34559429 -0.55957538  2.25254202],0.03099859662058768
2024-08-13 13:51:39,261 - hazardous_material 2,hazardous material3,[-0.25490698  4.21379185  0.88414913],[-1.35162032 -0.56207842  2.25344038],0.04044677074144287
2024-08-13 13:51:39,465 - hazardous_material 2,hazardous material3,[-0.25490698  4.21379185  0.88414913],[-1.35594344 -0.56512457  2.25427628],0.03312892391902622
2024-08-13 13:51:39,668 - hazardous_material 2,hazardous material3,[-0.25490698  4.21379185  0.88414913],[-1.36046207 -0.5689109   2.25545621],0.029850367499851815
2024-08-13 13:51:39,869 - hazardous_material 2,hazardous material3,[-0.25490698  4.21379185  0.88414913],[-1.36458075 -0.57181579  2.25874686],0.03090848499971166
2024-08-13 13:51:40,075 - hazardous_material 2,hazardous material3,[-0.25490698  4.21379185  0.88414913],[-1.36729968 -0.57385641  2.26030469],0.0313684870270996
2024-08-13 13:51:40,278 - hazardous_material 2,hazardous material3,[-0.25490698  4.21379185  0.88414913],[-1.36955738 -0.57575232  2.26011062],0.031108090100595343
2024-08-13 13:51:40,482 - hazardous_material 2,hazardous material3,[-0.25490698  4.21379185  0.88414913],[-1.37198174 -0.57645798  2.26254344],0.027468425293293075
2024-08-13 13:51:40,695 - hazardous_material 2,hazardous material3,[-0.25490698  4.21379185  0.88414913],[-1.37300789 -0.57632405  2.26383877],0.02916384950104889
2024-08-13 13:51:40,895 - hazardous_material 2,hazardous material3,[-0.25490698  4.21379185  0.88414913],[-1.37341571 -0.57601482  2.26457787],0.03135374543754432
2024-08-13 13:51:41,115 - hazardous_material 2,hazardous material3,[-0.25490698  4.21379185  0.88414913],[-1.37617493 -0.57494771  2.26575899],0.027868101905641485
2024-08-13 13:51:41,345 - hazardous_material 2,hazardous material3,[-0.25490698  4.21379185  0.88414913],[-1.37976849 -0.57525128  2.26894999],0.03824732895617777
2024-08-13 13:51:41,556 - hazardous_material 2,hazardous material3,[-0.25490698  4.21379185  0.88414913],[-1.38318717 -0.57778698  2.26973343],0.03384062677290278
2024-08-13 13:51:41,770 - hazardous_material 2,hazardous material3,[-0.25490698  4.21379185  0.88414913],[-1.38707387 -0.57811409  2.27181959],0.0380991715663761
2024-08-13 13:51:41,979 - hazardous_material 2,hazardous material3,[-0.25490698  4.21379185  0.88414913],[-1.39027584 -0.57861531  2.27235723],0.03288293159848088
2024-08-13 13:51:42,205 - hazardous_material 2,hazardous material3,[-0.25490698  4.21379185  0.88414913],[-1.39031279 -0.57855248  2.27144837],0.034565125135614494
2024-08-13 13:51:42,415 - hazardous_material 2,hazardous material3,[-0.25490698  4.21379185  0.88414913],[-1.38991725 -0.5766542   2.26917434],0.03513290187797313
2024-08-13 13:51:42,631 - hazardous_material 2,hazardous material3,[-0.25490698  4.21379185  0.88414913],[-1.3906883  -0.57505226  2.2679708 ],0.03580292871065427
2024-08-13 13:51:42,837 - hazardous_material 2,hazardous material3,[-0.25490698  4.21379185  0.88414913],[-1.39183569 -0.57516158  2.26775312],0.037246825991864574
2024-08-13 13:51:43,038 - hazardous_material 2,hazardous material3,[-0.25490698  4.21379185  0.88414913],[-1.39291346 -0.57719237  2.26849747],0.03478308865386737
2024-08-13 13:51:43,258 - hazardous_material 2,hazardous material3,[-0.25490698  4.21379185  0.88414913],[-1.39323521 -0.58010268  2.26768208],0.035328336156328355
2024-08-13 13:51:43,465 - hazardous_material 2,hazardous material3,[-0.25490698  4.21379185  0.88414913],[-1.39500773 -0.58398741  2.26642203],0.036955597189045175
2024-08-13 13:51:43,683 - hazardous_material 2,hazardous material3,[-0.25490698  4.21379185  0.88414913],[-1.39587021 -0.58599722  2.26458454],0.035250787078396684
2024-08-13 13:51:43,883 - hazardous_material 2,hazardous material3,[-0.25490698  4.21379185  0.88414913],[-1.39723742 -0.58946937  2.25657606],0.035116885125766384
2024-08-13 13:51:44,083 - hazardous_material 2,hazardous material3,[-0.25490698  4.21379185  0.88414913],[-1.3976599  -0.58956778  2.25121903],0.030985109462466243
2024-08-13 13:51:44,289 - hazardous_material 2,hazardous material3,[-0.25490698  4.21379185  0.88414913],[-1.39773202 -0.58936214  2.24466467],0.031047249588139758
2024-08-13 13:51:44,498 - hazardous_material 2,hazardous material3,[-0.25490698  4.21379185  0.88414913],[-1.39827693 -0.58834851  2.23872781],0.030553558487470767
2024-08-13 13:51:44,715 - hazardous_material 2,hazardous material3,[-0.25490698  4.21379185  0.88414913],[-1.4000082  -0.58750641  2.23472738],0.03606363834746884
2024-08-13 13:51:44,935 - hazardous_material 2,hazardous material3,[-0.25490698  4.21379185  0.88414913],[-1.40004826 -0.58749557  2.23134017],0.036774692222087735
2024-08-13 13:51:45,135 - hazardous_material 2,hazardous material3,[-0.25490698  4.21379185  0.88414913],[-1.39871204 -0.58761543  2.22787285],0.03032952406847933
2024-08-13 13:51:45,355 - hazardous_material 2,hazardous material3,[-0.25490698  4.21379185  0.88414913],[-1.39806807 -0.58767432  2.22464156],0.031857554968941715
2024-08-13 13:51:45,561 - hazardous_material 2,hazardous material3,[-0.25490698  4.21379185  0.88414913],[-1.39704168 -0.58718598  2.22015786],0.027058832313489045
2024-08-13 13:51:45,778 - hazardous_material 2,hazardous material3,[-0.25490698  4.21379185  0.88414913],[-1.397313   -0.58714384  2.21509171],0.03019959236987324
2024-08-13 13:51:46,057 - hazardous_material 2,hazardous material3,[-0.25490698  4.21379185  0.88414913],[-1.40151227 -0.58565843  2.20359826],0.03182445617845109
2024-08-13 13:51:46,297 - hazardous_material 2,hazardous material3,[-0.25490698  4.21379185  0.88414913],[-1.40725815 -0.58435518  2.19849563],0.03385194025904403
2024-08-13 13:51:46,528 - hazardous_material 2,hazardous material3,[-0.25490698  4.21379185  0.88414913],[-1.41129589 -0.58383185  2.19892955],0.02971679465617294
2024-08-13 13:51:46,775 - hazardous_material 2,hazardous material3,[-0.25490698  4.21379185  0.88414913],[-1.41129291 -0.5858714   2.20587993],0.036043644619502935
2024-08-13 13:51:46,981 - hazardous_material 2,hazardous material32,[-0.25490698  4.21379185  0.88414913],[-1.40681231 -0.58764577  2.21473122],0.029930453868908913
2024-08-13 13:51:47,182 - hazardous_material 2,hazardous material32,[-0.25490698  4.21379185  0.88414913],[-1.40412569 -0.58788157  2.21992326],0.03138442598576208
2024-08-13 13:51:47,383 - hazardous_material 2,hazardous material32,[-0.25490698  4.21379185  0.88414913],[-1.39980948 -0.5860697   2.2218051 ],0.02890189275178412
2024-08-13 13:51:47,587 - hazardous_material 2,hazardous material32,[-0.25490698  4.21379185  0.88414913],[-1.39728701 -0.58394223  2.22091413],0.030587618114354953
2024-08-13 13:51:47,805 - hazardous_material 2,hazardous material32,[-0.25490698  4.21379185  0.88414913],[-1.3950069  -0.58299255  2.21952462],0.035380730413689276
2024-08-13 13:51:48,015 - hazardous_material 3,hazardous material32,[-0.25490698  4.21379185  0.88414913],[-1.39634764 -0.57887483  2.21780181],0.026234398702263295
2024-08-13 13:51:48,215 - hazardous_material 3,hazardous material32,[-0.25490698  4.21379185  0.88414913],[-1.42112124 -0.55059838  2.21657681],0.026665505532307066
2024-08-13 13:51:48,419 - hazardous_material 3,hazardous material32,[-0.25490698  4.21379185  0.88414913],[-1.47620296 -0.48371583  2.2134099 ],0.024964013529402695
2024-08-13 13:51:48,626 - hazardous_material 3,hazardous material32,[-0.25490698  4.21379185  0.88414913],[-1.56591129 -0.37240791  2.21513343],0.02514853698516406
2024-08-13 13:51:48,827 - hazardous_material 3,hazardous material32,[-0.25490698  4.21379185  0.88414913],[-1.66080773 -0.25334239  2.21802974],0.03014608600329227
2024-08-13 13:51:49,039 - hazardous_material 3,hazardous material32,[-0.25490698  4.21379185  0.88414913],[-1.76539886 -0.12774611  2.21953177],0.02181045370300705
2024-08-13 13:51:49,240 - hazardous_material 3,hazardous material32,[-0.25490698  4.21379185  0.88414913],[-1.82618403 -0.06977263  2.21738124],0.026012448355606566
2024-08-13 13:51:49,464 - hazardous_material 3,hazardous material32,[-0.25490698  4.21379185  0.88414913],[-1.84799945 -0.06258584  2.21815467],0.031626070479489954
2024-08-13 13:51:49,687 - hazardous_material 3,hazardous material32,[-0.25490698  4.21379185  0.88414913],[-1.8594687  -0.05232836  2.22411466],0.027383288673284323
2024-08-13 13:51:49,887 - hazardous_material 3,hazardous material32,[-0.25490698  4.21379185  0.88414913],[-1.90724206  0.02760453  2.23744583],0.031502577111717
2024-08-13 13:51:50,088 - hazardous_material 3,hazardous material32,[-0.25490698  4.21379185  0.88414913],[-1.96395361  0.115824    2.24624729],0.03600904354154788
2024-08-13 13:51:50,288 - hazardous_material 3,hazardous material32,[-0.25490698  4.21379185  0.88414913],[-2.016927    0.17672198  2.25150514],0.029749391990622653
2024-08-13 13:51:50,490 - hazardous_material 3,hazardous material32,[-0.25490698  4.21379185  0.88414913],[-2.05579829  0.19667681  2.25348282],0.03896906674817324
2024-08-13 13:51:50,691 - hazardous_material 3,hazardous material32,[-0.25490698  4.21379185  0.88414913],[-2.07802963  0.1990359   2.25672817],0.03607459591529283
2024-08-13 13:51:50,897 - hazardous_material 3,hazardous material32,[-0.25490698  4.21379185  0.88414913],[-2.09390974  0.21568611  2.25892806],0.040786884883322605
2024-08-13 13:51:51,098 - hazardous_material 3,hazardous material32,[-0.25490698  4.21379185  0.88414913],[-2.11859035  0.27310017  2.26187015],0.04460673443798635
2024-08-13 13:51:51,298 - hazardous_material 3,hazardous material32,[-0.25490698  4.21379185  0.88414913],[-2.14537859  0.32986781  2.26387358],0.04221673991416908
2024-08-13 13:51:51,499 - hazardous_material 3,hazardous material32,[-0.25490698  4.21379185  0.88414913],[-2.17270613  0.36875683  2.26722527],0.041326817743502886
2024-08-13 13:51:51,707 - hazardous_material 3,hazardous material32,[-0.25490698  4.21379185  0.88414913],[-2.19660974  0.38492802  2.26717496],0.036498163280964446
2024-08-13 13:51:51,952 - hazardous_material 3,hazardous material32,[-0.25490698  4.21379185  0.88414913],[-2.21628594  0.39300403  2.26965237],0.036375824895790165
2024-08-13 13:51:52,162 - hazardous_material 3,hazardous material32,[-0.25490698  4.21379185  0.88414913],[-2.23536062  0.41192678  2.27155924],0.03159067053919706
2024-08-13 13:51:52,363 - hazardous_material 3,hazardous material32,[-0.25490698  4.21379185  0.88414913],[-2.25036502  0.43680122  2.27103639],0.040661777004186606
2024-08-13 13:51:52,563 - hazardous_material 3,hazardous material32,[-0.25490698  4.21379185  0.88414913],[-2.26471329  0.46264258  2.2706418 ],0.033880146811057665
2024-08-13 13:51:52,763 - hazardous_material 3,hazardous material32,[-0.25490698  4.21379185  0.88414913],[-2.27742434  0.48221028  2.2701931 ],0.028525100296298733
2024-08-13 13:51:52,983 - hazardous_material 3,hazardous material32,[-0.25490698  4.21379185  0.88414913],[-2.29164171  0.50051564  2.27091384],0.02977222682527847
2024-08-13 13:51:53,188 - hazardous_material 3,hazardous material32,[-0.25490698  4.21379185  0.88414913],[-2.30385494  0.51646227  2.2716682 ],0.03221341787561771
2024-08-13 13:51:53,390 - hazardous_material 3,hazardous material32,[-0.25490698  4.21379185  0.88414913],[-2.31580949  0.5286935   2.26942587],0.036233918219748196
2024-08-13 13:51:53,594 - hazardous_material 3,hazardous material32,[-0.25490698  4.21379185  0.88414913],[-2.32597685  0.53617269  2.26465511],0.03256200712573576
2024-08-13 13:51:53,799 - hazardous_material 3,hazardous material32,[-0.25490698  4.21379185  0.88414913],[-2.33835626  0.54542565  2.2553134 ],0.03083200041366685
2024-08-13 13:51:54,011 - hazardous_material 3,hazardous material32,[-0.25490698  4.21379185  0.88414913],[-2.35106015  0.55564505  2.24130201],0.02802428920765765
2024-08-13 13:51:54,214 - hazardous_material 3,hazardous material32,[-0.25490698  4.21379185  0.88414913],[-2.36535311  0.56448948  2.22234201],0.030492956141030758
2024-08-13 13:51:54,423 - hazardous_material 3,hazardous material32,[-0.25490698  4.21379185  0.88414913],[-2.38081098  0.57066149  2.20173359],0.03254880409514782
2024-08-13 13:51:54,624 - hazardous_material 3,hazardous material32,[-0.25490698  4.21379185  0.88414913],[-2.39391398  0.57571316  2.18745494],0.03361763471085566
2024-08-13 13:51:54,839 - hazardous_material 3,hazardous material32,[-0.25490698  4.21379185  0.88414913],[-2.40218377  0.57892126  2.17922664],0.03244598536268395
2024-08-13 13:51:55,064 - hazardous_material 3,hazardous material32,[-0.25490698  4.21379185  0.88414913],[-2.41700721  0.58793497  2.16635251],0.03318053689678124
2024-08-13 13:51:55,265 - hazardous_material 3,hazardous material32,[-0.25490698  4.21379185  0.88414913],[-2.42369223  0.59532678  2.16403198],0.03841315496638131
2024-08-13 13:51:55,472 - hazardous_material 3,hazardous material32,[-0.25490698  4.21379185  0.88414913],[-2.43033266  0.60507005  2.16201425],0.03192894694691728
2024-08-13 13:51:55,679 - hazardous_material 3,hazardous material32,[-0.25490698  4.21379185  0.88414913],[-2.43545651  0.61272228  2.1641109 ],0.03354585746867622
2024-08-13 13:51:55,880 - hazardous_material 3,hazardous material32,[-0.25490698  4.21379185  0.88414913],[-2.4389317   0.61850566  2.17258739],0.03563289380428203
2024-08-13 13:51:56,086 - hazardous_material 3,hazardous material32,[-0.25490698  4.21379185  0.88414913],[-2.44236135  0.62342417  2.18696976],0.0333411318081378
2024-08-13 13:51:56,288 - hazardous_material 3,hazardous material32,[-0.25490698  4.21379185  0.88414913],[-2.4452374   0.62637293  2.19547343],0.03773623346841237
2024-08-13 13:51:56,493 - hazardous_material 3,hazardous material32,[-0.25490698  4.21379185  0.88414913],[-2.44882274  0.62967908  2.19958115],0.03449151702112396
2024-08-13 13:51:56,705 - hazardous_material 3,hazardous material32,[-0.25490698  4.21379185  0.88414913],[-2.45171642  0.63260627  2.20002294],0.032999958150841335
2024-08-13 13:51:56,922 - hazardous_material 3,hazardous material32,[-0.25490698  4.21379185  0.88414913],[-2.45460033  0.63680786  2.20066118],0.03457961379856744
2024-08-13 13:51:57,122 - hazardous_material 3,hazardous material32,[-0.25490698  4.21379185  0.88414913],[-2.45659041  0.64109296  2.20236707],0.03529276568090345
2024-08-13 13:51:57,338 - hazardous_material 3,hazardous material32,[-0.25490698  4.21379185  0.88414913],[-2.45922756  0.64741373  2.20704269],0.034918627860587526
2024-08-13 13:51:57,546 - hazardous_material 3,hazardous material32,[-0.25490698  4.21379185  0.88414913],[-2.46141958  0.65204722  2.21600342],0.03231203983342379
2024-08-13 13:51:57,773 - hazardous_material 3,hazardous material32,[-0.25490698  4.21379185  0.88414913],[-2.46343803  0.65727365  2.22392845],0.03604607713068675
2024-08-13 13:51:57,973 - hazardous_material 3,hazardous material32,[-0.25490698  4.21379185  0.88414913],[-2.46479893  0.6601159   2.22722316],0.03533850324842036
2024-08-13 13:51:58,174 - hazardous_material 3,hazardous material32,[-0.25490698  4.21379185  0.88414913],[-2.46636152  0.66470039  2.22892761],0.036313018933461505
2024-08-13 13:51:58,379 - hazardous_material 3,hazardous material32,[-0.25490698  4.21379185  0.88414913],[-2.46631598  0.668944    2.23029494],0.03621788760708844
2024-08-13 13:51:58,597 - hazardous_material 3,hazardous material32,[-0.25490698  4.21379185  0.88414913],[-2.4660852   0.67197913  2.231879  ],0.03571847262485983
2024-08-13 13:51:58,815 - hazardous_material 3,hazardous material32,[-0.25490698  4.21379185  0.88414913],[-2.46380448  0.6746878   2.23427367],0.038329372761841896
2024-08-13 13:51:59,026 - hazardous_material 3,hazardous material32,[-0.25490698  4.21379185  0.88414913],[-2.46165109  0.67692196  2.23941278],0.03153628200695313
2024-08-13 13:51:59,227 - hazardous_material 3,hazardous material32,[-0.25490698  4.21379185  0.88414913],[-2.46013784  0.67962289  2.24811673],0.037106728416586465
2024-08-13 13:51:59,427 - hazardous_material 3,hazardous material32,[-0.25490698  4.21379185  0.88414913],[-2.46015191  0.68165028  2.25610638],0.03853288177051262
2024-08-13 13:51:59,646 - hazardous_material 3,hazardous material32,[-0.25490698  4.21379185  0.88414913],[-2.45827007  0.68985546  2.26575327],0.028140099398103136
2024-08-13 13:51:59,860 - hazardous_material 3,hazardous material32,[-0.25490698  4.21379185  0.88414913],[-2.45721292  0.69621533  2.27137089],0.029161778429888763
2024-08-13 13:52:00,069 - hazardous_material 3,hazardous material32,[-0.25490698  4.21379185  0.88414913],[-2.45633841  0.7045415   2.27950263],0.029234486730329357
2024-08-13 13:52:00,330 - hazardous_material 3,hazardous material321,[-0.25490698  4.21379185  0.88414913],[-2.45558238  0.7132833   2.29089785],0.03316925139806459
2024-08-13 13:52:00,530 - hazardous_material 3,hazardous material321,[-0.25490698  4.21379185  0.88414913],[-2.45282865  0.72227603  2.30034995],0.03247742500383066
2024-08-13 13:52:00,746 - hazardous_material 3,hazardous material321,[-0.25490698  4.21379185  0.88414913],[-2.44880962  0.73259121  2.31367564],0.02942639181703921
2024-08-13 13:52:00,953 - hazardous_material 3,hazardous material321,[-0.25490698  4.21379185  0.88414913],[-2.44462419  0.74127549  2.32506251],0.03016108206748891
2024-08-13 13:52:01,166 - hazardous_material 3,hazardous material321,[-0.25490698  4.21379185  0.88414913],[-2.44182968  0.74795526  2.33679938],0.03402625491429112
2024-08-13 13:52:01,366 - hazardous_material 3,hazardous material321,[-0.25490698  4.21379185  0.88414913],[-2.44041991  0.7527824   2.33985543],0.03111678390245798
2024-08-13 13:52:01,574 - hazardous_material 3,hazardous material321,[-0.25490698  4.21379185  0.88414913],[-2.44294906  0.75144708  2.33153391],0.034816540768292104
2024-08-13 13:52:01,792 - hazardous_material 4,hazardous material321,[-0.25490698  4.21379185  0.88414913],[-2.44508862  0.74899721  2.31927514],0.08862987272788136
2024-08-13 13:52:01,993 - hazardous_material 4,hazardous material321,[-0.25490698  4.21379185  0.88414913],[-2.44058609  0.71860278  2.29892445],0.3960849619172655
2024-08-13 13:52:02,212 - hazardous_material 4,hazardous material321,[-0.25490698  4.21379185  0.88414913],[-2.42315149  0.62804645  2.28028917],0.7282092760927575
2024-08-13 13:52:02,424 - hazardous_material 4,hazardous material321,[-0.25490698  4.21379185  0.88414913],[-2.39938068  0.48604566  2.27517986],1.029429322603155
2024-08-13 13:52:02,632 - hazardous_material 4,hazardous material321,[-0.25490698  4.21379185  0.88414913],[-2.39846539  0.343815    2.27309132],1.1823622725615406
2024-08-13 13:52:02,872 - hazardous_material 4,hazardous material321,[-0.25490698  4.21379185  0.88414913],[-2.42935324  0.24566779  2.26944137],1.3055171324693162
2024-08-13 13:52:03,114 - hazardous_material 4,hazardous material321,[-0.25490698  4.21379185  0.88414913],[-2.46358418  0.23017399  2.25916839],1.3950915918542548
2024-08-13 13:52:03,316 - hazardous_material 4,hazardous material321,[-0.25490698  4.21379185  0.88414913],[-2.46648717  0.22691795  2.24847388],1.4230279312386784
2024-08-13 13:52:03,516 - hazardous_material 4,hazardous material321,[-0.25490698  4.21379185  0.88414913],[-2.44926596  0.17213398  2.23564434],1.4623791064307157
2024-08-13 13:52:03,767 - hazardous_material 4,hazardous material321,[-0.25490698  4.21379185  0.88414913],[-2.43375015  0.06584845  2.22348881],1.5163886166104252
2024-08-13 13:52:03,977 - hazardous_material 4,hazardous material321,[-0.25490698  4.21379185  0.88414913],[-2.43352079 -0.01083036  2.21452355],1.532108424891269
2024-08-13 13:52:04,179 - hazardous_material 4,hazardous material321,[-0.25490698  4.21379185  0.88414913],[-2.44481778 -0.03331082  2.20572996],1.5507575490982535
2024-08-13 13:52:04,381 - hazardous_material 4,hazardous material321,[-0.25490698  4.21379185  0.88414913],[-2.45589089 -0.02911037  2.19722128],1.5534233935605621
2024-08-13 13:52:04,584 - hazardous_material 4,hazardous material321,[-0.25490698  4.21379185  0.88414913],[-2.46411228 -0.040296    2.18739057],1.5902692011025559
2024-08-13 13:52:04,785 - hazardous_material 4,hazardous material321,[-0.25490698  4.21379185  0.88414913],[-2.46210504 -0.08604777  2.17933774],1.600893423697626
2024-08-13 13:52:04,990 - hazardous_material 4,hazardous material321,[-0.25490698  4.21379185  0.88414913],[-2.45642209 -0.14722998  2.16940975],1.5971413295856152
2024-08-13 13:52:05,259 - hazardous_material 4,hazardous material321,[-0.25490698  4.21379185  0.88414913],[-2.44910479 -0.2055535   2.1611352 ],1.6092317545736419
2024-08-13 13:52:05,460 - hazardous_material 4,hazardous material321,[-0.25490698  4.21379185  0.88414913],[-2.449476   -0.21833971  2.15752244],1.6001146355223246
2024-08-13 13:52:05,676 - hazardous_material 4,hazardous material321,[-0.25490698  4.21379185  0.88414913],[-2.45729661 -0.22306874  2.15345359],1.6088666647271341
2024-08-13 13:52:05,877 - hazardous_material 4,hazardous material321,[-0.25490698  4.21379185  0.88414913],[-2.46336842 -0.22958188  2.14594412],1.6106080164203296
2024-08-13 13:52:06,079 - hazardous_material 4,hazardous material321,[-0.25490698  4.21379185  0.88414913],[-2.46850777 -0.24625187  2.14034009],1.610751912214514
2024-08-13 13:52:06,281 - hazardous_material 4,hazardous material321,[-0.25490698  4.21379185  0.88414913],[-2.47233796 -0.26346883  2.13705873],1.6274444288027567
2024-08-13 13:52:06,506 - hazardous_material 4,hazardous material321,[-0.25490698  4.21379185  0.88414913],[-2.4707706  -0.28755879  2.12636781],1.625898179907491
2024-08-13 13:52:06,729 - hazardous_material 4,hazardous material321,[-0.25490698  4.21379185  0.88414913],[-2.46931171 -0.3015711   2.11956692],1.624152531178417
2024-08-13 13:52:06,948 - hazardous_material 4,hazardous material321,[-0.25490698  4.21379185  0.88414913],[-2.46805263 -0.30961189  2.11029363],1.6295349501153775
2024-08-13 13:52:07,149 - hazardous_material 4,hazardous material321,[-0.25490698  4.21379185  0.88414913],[-2.4658947  -0.31984395  2.09408998],1.6328518660865181
2024-08-13 13:52:07,373 - hazardous_material 4,hazardous material321,[-0.25490698  4.21379185  0.88414913],[-2.46713352 -0.33275124  2.08303785],1.642967710783846
2024-08-13 13:52:07,636 - hazardous_material 4,hazardous material321,[-0.25490698  4.21379185  0.88414913],[-2.46629953 -0.3502472   2.07056165],1.6315423630455128
2024-08-13 13:52:07,841 - hazardous_material 4,hazardous material321,[-0.25490698  4.21379185  0.88414913],[-2.46670818 -0.36076635  2.06221509],1.6323132195217913
2024-08-13 13:52:08,095 - hazardous_material 4,hazardous material321,[-0.25490698  4.21379185  0.88414913],[-2.46981359 -0.37219319  2.04863238],1.6350531501139836
2024-08-13 13:52:08,297 - hazardous_material 4,hazardous material321,[-0.25490698  4.21379185  0.88414913],[-2.47248626 -0.37206995  2.0421412 ],1.6273256711395534
2024-08-13 13:52:08,503 - hazardous_material 4,hazardous material321,[-0.25490698  4.21379185  0.88414913],[-2.47820878 -0.3720364   2.03121591],1.6276775750207517
2024-08-13 13:52:08,703 - hazardous_material 4,hazardous material321,[-0.25490698  4.21379185  0.88414913],[-2.482306   -0.37536198  2.01554012],1.6273789955309619
2024-08-13 13:52:08,903 - hazardous_material 4,hazardous material321,[-0.25490698  4.21379185  0.88414913],[-2.48507643 -0.38251349  2.00975919],1.619551528514052
2024-08-13 13:52:09,109 - hazardous_material 4,hazardous material321,[-0.25490698  4.21379185  0.88414913],[-2.48607063 -0.39262635  2.00619698],1.617445549595961
2024-08-13 13:52:09,314 - hazardous_material 4,hazardous material321,[-0.25490698  4.21379185  0.88414913],[-2.48676181 -0.41158366  2.00888753],1.620784172800882
2024-08-13 13:52:09,514 - hazardous_material 4,hazardous material321,[-0.25490698  4.21379185  0.88414913],[-2.48731184 -0.42630845  2.01638913],1.6280666065641416
2024-08-13 13:52:09,722 - hazardous_material 4,hazardous material321,[-0.25490698  4.21379185  0.88414913],[-2.48573136 -0.4419539   2.02077723],1.62440707245258
2024-08-13 13:52:09,957 - hazardous_material 4,hazardous material321,[-0.25490698  4.21379185  0.88414913],[-2.48513556 -0.45676446  2.02708364],1.622024386999455
2024-08-13 13:52:10,169 - hazardous_material 4,hazardous material321,[-0.25490698  4.21379185  0.88414913],[-2.48464894 -0.46728653  2.0311718 ],1.6157392464314604
2024-08-13 13:52:10,370 - hazardous_material 4,hazardous material321,[-0.25490698  4.21379185  0.88414913],[-2.48437285 -0.48032406  2.03723574],1.613660024776816
2024-08-13 13:52:10,575 - hazardous_material 4,hazardous material321,[-0.25490698  4.21379185  0.88414913],[-2.48381448 -0.49084973  2.04146647],1.608692766007709
2024-08-13 13:52:10,779 - hazardous_material 4,hazardous material321,[-0.25490698  4.21379185  0.88414913],[-2.4833796  -0.49924952  2.04727364],1.6063233424759966
2024-08-13 13:52:11,000 - hazardous_material 4,hazardous material321,[-0.25490698  4.21379185  0.88414913],[-2.48314524 -0.50493556  2.05558205],1.6040095432068149
2024-08-13 13:52:11,211 - hazardous_material 4,hazardous material321,[-0.25490698  4.21379185  0.88414913],[-2.48144841 -0.51132292  2.06027555],1.6068935316985462
2024-08-13 13:52:11,454 - hazardous_material 4,hazardous material321,[-0.25490698  4.21379185  0.88414913],[-2.48122001 -0.51816928  2.0675292 ],1.6100289286617921
2024-08-13 13:52:11,670 - hazardous_material 4,hazardous material321,[-0.25490698  4.21379185  0.88414913],[-2.48032594 -0.52493542  2.07217264],1.6077826743524581
2024-08-13 13:52:11,875 - hazardous_material 4,hazardous material321,[-0.25490698  4.21379185  0.88414913],[-2.47970295 -0.53087658  2.08012199],1.6063903547907072
2024-08-13 13:52:12,081 - hazardous_material 4,hazardous material321,[-0.25490698  4.21379185  0.88414913],[-2.4795444  -0.5366109   2.08761692],1.613168877871935
2024-08-13 13:52:12,283 - hazardous_material 4,hazardous material321,[-0.25490698  4.21379185  0.88414913],[-2.4791503  -0.54202479  2.09350872],1.6161024386508285
2024-08-13 13:52:12,506 - hazardous_material 4,hazardous material321,[-0.25490698  4.21379185  0.88414913],[-2.4780519  -0.54549742  2.09909558],1.611128791878874
2024-08-13 13:52:12,712 - hazardous_material 4,hazardous material321,[-0.25490698  4.21379185  0.88414913],[-2.47636104 -0.54941118  2.09902668],1.608810773017032
2024-08-13 13:52:12,936 - hazardous_material 4,hazardous material321,[-0.25490698  4.21379185  0.88414913],[-2.4781549  -0.55332536  2.10019231],1.610346859771895
2024-08-13 13:52:13,138 - hazardous_material 4,hazardous material321,[-0.25490698  4.21379185  0.88414913],[-2.47972822 -0.55639768  2.10106683],1.6132678390447173
2024-08-13 13:52:13,340 - hazardous_material 4,hazardous material321,[-0.25490698  4.21379185  0.88414913],[-2.48156762 -0.56066602  2.10358095],1.6133919185521295
2024-08-13 13:52:13,546 - hazardous_material 4,hazardous material321,[-0.25490698  4.21379185  0.88414913],[-2.48514295 -0.56595761  2.10831308],1.6149557320135512
2024-08-13 13:52:13,753 - hazardous_material 4,hazardous material321,[-0.25490698  4.21379185  0.88414913],[-2.4876318  -0.57064319  2.11571884],1.6198708778198214
2024-08-13 13:52:13,954 - hazardous_material 4,hazardous material321,[-0.25490698  4.21379185  0.88414913],[-2.49042583 -0.57519811  2.12487388],1.6195695667817618
2024-08-13 13:52:14,181 - hazardous_material 4,hazardous material321,[-0.25490698  4.21379185  0.88414913],[-2.49482894 -0.57968134  2.13557577],1.6163139800505355
2024-08-13 13:52:14,390 - hazardous_material 4,hazardous material321,[-0.25490698  4.21379185  0.88414913],[-2.49880767 -0.58184528  2.14115453],1.6116948110046883
2024-08-13 13:52:14,595 - hazardous_material 4,hazardous material321,[-0.25490698  4.21379185  0.88414913],[-2.50546455 -0.5825541   2.14330387],1.618592578891327
2024-08-13 13:52:14,797 - hazardous_material 4,hazardous material321,[-0.25490698  4.21379185  0.88414913],[-2.50978041 -0.5836122   2.14504814],1.6129984209426307
2024-08-13 13:52:15,014 - hazardous_material 4,hazardous material321,[-0.25490698  4.21379185  0.88414913],[-2.51166964 -0.58511925  2.14460182],1.6107594176010078
2024-08-13 13:52:15,215 - hazardous_material 4,hazardous material321,[-0.25490698  4.21379185  0.88414913],[-2.51527071 -0.58765227  2.14804721],1.6120437744515315
2024-08-13 13:52:15,415 - hazardous_material 4,hazardous material321,[-0.25490698  4.21379185  0.88414913],[-2.51777124 -0.59108758  2.15119767],1.6125861922995754
2024-08-13 13:52:15,621 - hazardous_material 4,hazardous material321,[-0.25490698  4.21379185  0.88414913],[-2.5189476  -0.59553158  2.15225554],1.609626485907706
2024-08-13 13:52:15,841 - hazardous_material 4,hazardous material321,[-0.25490698  4.21379185  0.88414913],[-2.52210045 -0.59903342  2.14747405],1.616693955524599
2024-08-13 13:52:16,046 - hazardous_material 4,hazardous material321,[-0.25490698  4.21379185  0.88414913],[-2.52264738 -0.60019898  2.14823771],1.6120684340454483
2024-08-13 13:52:16,247 - hazardous_material 4,hazardous material321,[-0.25490698  4.21379185  0.88414913],[-2.5249331  -0.60141152  2.14740634],1.6006809195604503
2024-08-13 13:52:16,448 - hazardous_material 4,hazardous material321,[-0.25490698  4.21379185  0.88414913],[-2.52859688 -0.60456049  2.14182353],1.6076653258153495
2024-08-13 13:52:16,665 - hazardous_material 4,hazardous material321,[-0.25490698  4.21379185  0.88414913],[-2.52967167 -0.6065799   2.13919306],1.6047790982623407
2024-08-13 13:52:16,866 - hazardous_material 4,hazardous material321,[-0.25490698  4.21379185  0.88414913],[-2.53044868 -0.60837001  2.13706398],1.6097503294316582
2024-08-13 13:52:17,071 - hazardous_material 4,hazardous material321,[-0.25490698  4.21379185  0.88414913],[-2.52938318 -0.60949457  2.13701725],1.6023477166754452
2024-08-13 13:52:17,273 - hazardous_material 4,hazardous material321,[-0.25490698  4.21379185  0.88414913],[-2.52893591 -0.61039466  2.13631129],1.6004504364049068
2024-08-13 13:52:17,475 - hazardous_material 4,hazardous material321,[-0.25490698  4.21379185  0.88414913],[-2.52852416 -0.61231768  2.13338804],1.6048078284235203
2024-08-13 13:52:17,675 - hazardous_material 4,hazardous material321,[-0.25490698  4.21379185  0.88414913],[-2.52793074 -0.61443108  2.13118482],1.6043768417268514
2024-08-13 13:52:17,875 - hazardous_material 4,hazardous material321,[-0.25490698  4.21379185  0.88414913],[-2.52798104 -0.61712104  2.12930465],1.600899641586216
2024-08-13 13:52:18,078 - hazardous_material 4,hazardous material321,[-0.25490698  4.21379185  0.88414913],[-2.52791333 -0.61699945  2.13067675],1.5982436329811347
2024-08-13 13:52:18,280 - hazardous_material 4,hazardous material321,[-0.25490698  4.21379185  0.88414913],[-2.52955294 -0.61671138  2.13340855],1.6059137326120623
2024-08-13 13:52:18,487 - hazardous_material 4,hazardous material321,[-0.25490698  4.21379185  0.88414913],[-2.53026104 -0.61445457  2.13409448],1.600760637042669
2024-08-13 13:52:18,696 - hazardous_material 4,hazardous material321,[-0.25490698  4.21379185  0.88414913],[-2.53135252 -0.61323559  2.13583946],1.5986713742669885
2024-08-13 13:52:18,900 - hazardous_material 4,hazardous material321,[-0.25490698  4.21379185  0.88414913],[-2.53262281 -0.61228251  2.13850045],1.6006869371870827
2024-08-13 13:52:19,111 - hazardous_material 4,hazardous material321,[-0.25490698  4.21379185  0.88414913],[-2.53392243 -0.61185741  2.13762212],1.6016612466227085
2024-08-13 13:52:19,313 - hazardous_material 4,hazardous material321,[-0.25490698  4.21379185  0.88414913],[-2.53644705 -0.6132561   2.13549614],1.6109090621158249
2024-08-13 13:52:19,527 - hazardous_material 4,hazardous material321,[-0.25490698  4.21379185  0.88414913],[-2.53430438 -0.6155836   2.13560653],1.593863910303752
2024-08-13 13:52:19,778 - hazardous_material 4,hazardous material321,[-0.25490698  4.21379185  0.88414913],[-2.53448582 -0.61729336  2.13974977],1.5976788304419718
2024-08-13 13:52:20,049 - hazardous_material 4,hazardous material321,[-0.25490698  4.21379185  0.88414913],[-2.53317881 -0.61760175  2.14256263],1.6001248295484274
2024-08-13 13:52:20,255 - hazardous_material 4,hazardous material321,[-0.25490698  4.21379185  0.88414913],[-2.53486228 -0.62000614  2.14251971],1.5945570107006573
2024-08-13 13:52:20,484 - hazardous_material 4,hazardous material321,[-0.25490698  4.21379185  0.88414913],[-2.53774548 -0.62143087  2.14587688],1.5957197353547525
2024-08-13 13:52:20,695 - hazardous_material 4,hazardous material321,[-0.25490698  4.21379185  0.88414913],[-2.53954744 -0.62550324  2.14361048],1.5918335222024984
2024-08-13 13:52:20,895 - hazardous_material 4,hazardous material321,[-0.25490698  4.21379185  0.88414913],[-2.53968835 -0.62882769  2.13964295],1.5913743874444752
2024-08-13 13:52:21,100 - hazardous_material 4,hazardous material321,[-0.25490698  4.21379185  0.88414913],[-2.54099679 -0.6298691   2.14031029],1.6002625158405632
2024-08-13 13:52:21,345 - retrun home WP9,hazardous material321,[-0.25490698  4.21379185  0.88414913],[-2.53773308 -0.62738454  2.13795376],1.4790913216171053
2024-08-13 13:52:21,555 - retrun home WP9,hazardous material321,[-0.25490698  4.21379185  0.88414913],[-2.49736142 -0.61718231  2.13429499],1.1647467197091277
2024-08-13 13:52:21,762 - retrun home WP9,hazardous material321,[-0.25490698  4.21379185  0.88414913],[-2.40836978 -0.60059321  2.13993859],0.8543989465346958
2024-08-13 13:52:21,962 - retrun home WP9,hazardous material321,[-0.25490698  4.21379185  0.88414913],[-2.2753551  -0.58056074  2.15124035],0.5703953609398518
2024-08-13 13:52:22,201 - retrun home WP9,hazardous material321,[-0.25490698  4.21379185  0.88414913],[-2.05765557 -0.55279487  2.16557908],0.37078332787643786
2024-08-13 13:52:22,424 - retrun home WP9,hazardous material321,[-0.25490698  4.21379185  0.88414913],[-1.83127475 -0.52121359  2.17281055],0.2558547197567389
2024-08-13 13:52:22,629 - retrun home WP9,hazardous material321,[-0.25490698  4.21379185  0.88414913],[-1.63930047 -0.48562285  2.18017673],0.20231799748107848
2024-08-13 13:52:22,834 - retrun home WP9,hazardous material321,[-0.25490698  4.21379185  0.88414913],[-1.39742148 -0.42187408  2.18272877],0.16285077708012707
2024-08-13 13:52:23,035 - retrun home WP9,hazardous material321,[-0.25490698  4.21379185  0.88414913],[-1.22571027 -0.36116803  2.17898631],0.13368829332450716
2024-08-13 13:52:23,297 - retrun home WP9,hazardous material321,[-0.25490698  4.21379185  0.88414913],[-1.14855576 -0.33340389  2.1744523 ],0.11533710765592264
2024-08-13 13:52:23,500 - retrun home WP9,hazardous material321,[-0.25490698  4.21379185  0.88414913],[-1.0657233 -0.3321532  2.1724236],0.10259882811340448
2024-08-13 13:52:23,706 - retrun home WP9,hazardous material321,[-0.25490698  4.21379185  0.88414913],[-0.94714403 -0.32901865  2.17293382],0.08605036377659236
2024-08-13 13:52:23,909 - retrun home WP9,hazardous material321,[-0.25490698  4.21379185  0.88414913],[-0.795304   -0.31003377  2.17399025],0.0798441598318047
2024-08-13 13:52:24,116 - retrun home WP9,hazardous material321,[-0.25490698  4.21379185  0.88414913],[-0.66572613 -0.2810581   2.17656898],0.06142154962716617
2024-08-13 13:52:24,378 - retrun home WP9,hazardous material321,[-0.25490698  4.21379185  0.88414913],[-0.56846911 -0.24457268  2.17228413],0.052218222224312605
2024-08-13 13:52:24,579 - retrun home WP9,hazardous material321,[-0.25490698  4.21379185  0.88414913],[-0.55121619 -0.23179905  2.16751194],0.05542480943633499
2024-08-13 13:52:24,825 - retrun home WP9,hazardous material321,[-0.25490698  4.21379185  0.88414913],[-0.48973837 -0.22314885  2.16068292],0.05376203455368822
2024-08-13 13:52:25,059 - retrun home WP9,hazardous material321,[-0.25490698  4.21379185  0.88414913],[-0.35492751 -0.21388473  2.16009808],0.053815052190451684
2024-08-13 13:52:25,260 - retrun home WP9,hazardous material321,[-0.25490698  4.21379185  0.88414913],[-0.29193813 -0.20708756  2.16036797],0.0514552801950916
2024-08-13 13:52:25,461 - retrun home WP9,hazardous material321,[-0.25490698  4.21379185  0.88414913],[-0.16459323 -0.18242551  2.15963936],0.05411747818992163
2024-08-13 13:52:25,665 - retrun home WP9,hazardous material321,[-0.25490698  4.21379185  0.88414913],[-0.15455543 -0.1733748   2.15876579],0.05142558966756461
2024-08-13 13:52:25,870 - retrun home WP9,hazardous material321,[-0.25490698  4.21379185  0.88414913],[-0.16678302 -0.16847955  2.15668297],0.046618612947969096
2024-08-13 13:52:26,076 - retrun home WP9,hazardous material321,[-0.25490698  4.21379185  0.88414913],[-0.15548548 -0.16532494  2.15374112],0.05408207967846712
2024-08-13 13:52:26,285 - retrun home WP9,hazardous material321,[-0.25490698  4.21379185  0.88414913],[-0.05877513 -0.15590639  2.15516138],0.05318338079926033
2024-08-13 13:52:26,505 - retrun home WP9,hazardous material321,[-0.25490698  4.21379185  0.88414913],[ 0.0448126  -0.14055285  2.15884829],0.04620643556374948
2024-08-13 13:52:26,710 - retrun home WP9,hazardous material321,[-0.25490698  4.21379185  0.88414913],[ 0.09438951 -0.12755567  2.15993261],0.03694148514601059
2024-08-13 13:52:26,934 - retrun home WP9,hazardous material321,[-0.25490698  4.21379185  0.88414913],[ 0.09406085 -0.1168246   2.15652609],0.03845888665270558
2024-08-13 13:52:27,154 - retrun home WP9,hazardous material321,[-0.25490698  4.21379185  0.88414913],[ 0.08245818 -0.11286513  2.15249658],0.039937802555967794
2024-08-13 13:52:27,356 - retrun home WP9,hazardous material321,[-0.25490698  4.21379185  0.88414913],[ 0.10726488 -0.1107465   2.14793372],0.043405725125968964
2024-08-13 13:52:27,557 - retrun home WP9,hazardous material321,[-0.25490698  4.21379185  0.88414913],[ 0.1646709  -0.10751493  2.14622045],0.033059394834949796
2024-08-13 13:52:27,768 - retrun home WP9,hazardous material321,[-0.25490698  4.21379185  0.88414913],[ 0.22488748 -0.10171016  2.14537311],0.02470761185125725
2024-08-13 13:52:27,978 - retrun home WP9,hazardous material321,[-0.25490698  4.21379185  0.88414913],[ 0.26609847 -0.09206279  2.14509606],0.016947559416866875
2024-08-13 13:52:28,178 - retrun home WP9,hazardous material321,[-0.25490698  4.21379185  0.88414913],[ 0.26440173 -0.08565997  2.14368916],0.01925447674564218
2024-08-13 13:52:28,390 - retrun home WP9,hazardous material321,[-0.25490698  4.21379185  0.88414913],[ 0.26199859 -0.07874934  2.14384794],0.01890242983443069
2024-08-13 13:52:28,591 - retrun home WP9,hazardous material321,[-0.25490698  4.21379185  0.88414913],[ 0.2755588  -0.07358326  2.14521527],0.020008247402645285
2024-08-13 13:52:28,799 - retrun home WP9,hazardous material321,[-0.25490698  4.21379185  0.88414913],[ 0.30736688 -0.06699746  2.14902711],0.019084556481411052
2024-08-13 13:52:29,005 - retrun home WP9,hazardous material321,[-0.25490698  4.21379185  0.88414913],[ 0.33520529 -0.06144843  2.15331197],0.01995553863735644
2024-08-13 13:52:29,210 - retrun home WP9,hazardous material321,[-0.25490698  4.21379185  0.88414913],[ 0.36179781 -0.05603204  2.16053009],0.02059703674294222
2024-08-13 13:52:29,438 - retrun home WP10,hazardous material321,[-0.25490698  4.21379185  0.88414913],[ 0.37641656 -0.05312543  2.16814709],0.016497216382087343
2024-08-13 13:52:29,639 - retrun home WP10,hazardous material321,[-0.25490698  4.21379185  0.88414913],[ 0.38562074 -0.0502726   2.17207861],0.1516422483107407
2024-08-13 13:52:29,840 - retrun home WP10,hazardous material321,[-0.25490698  4.21379185  0.88414913],[ 0.39392942 -0.04778836  2.17161512],0.47330420488605407
2024-08-13 13:52:30,094 - retrun home WP10,hazardous material321,[-0.25490698  4.21379185  0.88414913],[ 0.40080965 -0.04245257  2.16951656],0.8585642182244846
2024-08-13 13:52:30,299 - retrun home WP10,hazardous material321,[-0.25490698  4.21379185  0.88414913],[ 0.40354759 -0.03855459  2.16725111],1.072568029603403
2024-08-13 13:52:30,500 - retrun home WP10,hazardous material321,[-0.25490698  4.21379185  0.88414913],[ 0.40552315 -0.03893932  2.1655407 ],1.2225932756642173
2024-08-13 13:52:30,710 - retrun home WP10,hazardous material321,[-0.25490698  4.21379185  0.88414913],[ 0.40796313 -0.04664906  2.1628654 ],1.3074185075896818
2024-08-13 13:52:30,912 - retrun home WP10,hazardous material321,[-0.25490698  4.21379185  0.88414913],[ 0.41476047 -0.0597783   2.16123152],1.3681641596447511
2024-08-13 13:52:31,116 - retrun home WP11,hazardous material321,[-0.25490698  4.21379185  0.88414913],[ 0.42523572 -0.06458282  2.15965915],1.4007470908546513
2024-08-13 13:52:31,337 - retrun home WP11,hazardous material321,[-0.25490698  4.21379185  0.88414913],[ 0.44655481 -0.03219627  2.15952682],1.442518513742211
2024-08-13 13:52:31,541 - retrun home WP11,hazardous material321,[-0.25490698  4.21379185  0.88414913],[0.47925121 0.04218514 2.15898514],1.462177519028981
2024-08-13 13:52:31,772 - retrun home WP11,hazardous material321,[-0.25490698  4.21379185  0.88414913],[0.53201127 0.1768143  2.15752554],1.469320031626159
2024-08-13 13:52:31,973 - retrun home WP11,hazardous material321,[-0.25490698  4.21379185  0.88414913],[0.59619814 0.3555311  2.1567893 ],1.4725084795456482
2024-08-13 13:52:32,188 - retrun home WP11,hazardous material321,[-0.25490698  4.21379185  0.88414913],[0.68346184 0.63131869 2.15400529],1.4724699446730187
2024-08-13 13:52:32,395 - retrun home WP11,hazardous material321,[-0.25490698  4.21379185  0.88414913],[0.72821319 0.78896874 2.15330863],1.4718334464837142
2024-08-13 13:52:32,612 - retrun home WP11,hazardous material321,[-0.25490698  4.21379185  0.88414913],[0.81252539 1.13515329 2.15199661],1.4704446053652958
2024-08-13 13:52:32,822 - retrun home WP11,hazardous material321,[-0.25490698  4.21379185  0.88414913],[0.86616498 1.3785373  2.14732099],1.480683993560367
2024-08-13 13:52:33,049 - retrun home WP11,hazardous material321,[-0.25490698  4.21379185  0.88414913],[0.90979207 1.53267217 2.13681269],1.4838212655600513
2024-08-13 13:52:33,264 - retrun home WP11,hazardous material321,[-0.25490698  4.21379185  0.88414913],[0.94316852 1.60572302 2.13000846],1.5008718557461682
2024-08-13 13:52:33,472 - retrun home WP11,hazardous material321,[-0.25490698  4.21379185  0.88414913],[0.97376698 1.68501449 2.12598896],1.5089806066602336
2024-08-13 13:52:33,678 - retrun home WP11,hazardous material321,[-0.25490698  4.21379185  0.88414913],[1.00746536 1.82365978 2.12216258],1.5141796726716898
2024-08-13 13:52:33,948 - retrun home WP11,hazardous material321,[-0.25490698  4.21379185  0.88414913],[1.04950535 2.05369711 2.11800909],1.5177860080014591
2024-08-13 13:52:34,162 - retrun home WP11,hazardous material321,[-0.25490698  4.21379185  0.88414913],[1.07965493 2.22783232 2.11372709],1.51271162723898
2024-08-13 13:52:34,367 - retrun home WP11,hazardous material321,[-0.25490698  4.21379185  0.88414913],[1.09463    2.29306293 2.10759187],1.5167714556285445
2024-08-13 13:52:34,570 - retrun home WP11,hazardous material321,[-0.25490698  4.21379185  0.88414913],[1.12363315 2.33956671 2.09971595],1.5341119533851029
2024-08-13 13:52:34,771 - retrun home WP11,hazardous material321,[-0.25490698  4.21379185  0.88414913],[1.14606261 2.36473393 2.0977006 ],1.541737942849393
2024-08-13 13:52:34,972 - retrun home WP11,hazardous material321,[-0.25490698  4.21379185  0.88414913],[1.17250216 2.4477675  2.10456657],1.551429758629606
2024-08-13 13:52:35,192 - retrun home WP11,hazardous material321,[-0.25490698  4.21379185  0.88414913],[1.19345057 2.55998755 2.11384153],1.5483524315831492
2024-08-13 13:52:35,414 - retrun home WP11,hazardous material321,[-0.25490698  4.21379185  0.88414913],[1.21090889 2.70961237 2.12867022],1.5500453609142824
2024-08-13 13:52:35,632 - retrun home WP11,hazardous material321,[-0.25490698  4.21379185  0.88414913],[1.2334075  2.80862951 2.14552617],1.5382712818058295
2024-08-13 13:52:35,832 - retrun home WP11,hazardous material321,[-0.25490698  4.21379185  0.88414913],[1.25235188 2.8098619  2.153126  ],1.5514601173062432
2024-08-13 13:52:36,039 - retrun home WP11,hazardous material321,[-0.25490698  4.21379185  0.88414913],[1.27593589 2.80461144 2.15910316],1.5522912784973149
2024-08-13 13:52:36,239 - retrun home WP11,hazardous material321,[-0.25490698  4.21379185  0.88414913],[1.29671013 2.85036278 2.15971327],1.5509551046760375
2024-08-13 13:52:36,448 - retrun home WP11,hazardous material321,[-0.25490698  4.21379185  0.88414913],[1.31338382 2.94093394 2.1567471 ],1.5514549914840305
2024-08-13 13:52:36,660 - retrun home WP11,hazardous material321,[-0.25490698  4.21379185  0.88414913],[1.32144785 3.01317835 2.15380907],1.5480581295954403
2024-08-13 13:52:36,908 - retrun home WP11,hazardous material321,[-0.25490698  4.21379185  0.88414913],[1.33370113 3.0779438  2.14359736],1.5487279622764802
2024-08-13 13:52:37,109 - retrun home WP11,hazardous material321,[-0.25490698  4.21379185  0.88414913],[1.34324265 3.06832552 2.1395061 ],1.551766372643844
2024-08-13 13:52:37,332 - retrun home WP11,hazardous material321,[-0.25490698  4.21379185  0.88414913],[1.35455227 3.07565093 2.13875723],1.5523360369934207
2024-08-13 13:52:37,539 - retrun home WP11,hazardous material321,[-0.25490698  4.21379185  0.88414913],[1.3659637  3.13128781 2.141289  ],1.5496237766430574
2024-08-13 13:52:37,740 - retrun home WP11,hazardous material321,[-0.25490698  4.21379185  0.88414913],[1.37584507 3.19783211 2.14305067],1.5487594433796736
2024-08-13 13:52:37,940 - retrun home WP11,hazardous material321,[-0.25490698  4.21379185  0.88414913],[1.38500667 3.24024129 2.14080262],1.556107871927855
2024-08-13 13:52:38,142 - retrun home WP11,hazardous material321,[-0.25490698  4.21379185  0.88414913],[1.39401007 3.25224805 2.1423831 ],1.549306664739058
2024-08-13 13:52:38,342 - retrun home WP11,hazardous material321,[-0.25490698  4.21379185  0.88414913],[1.40572464 3.25517774 2.14585471],1.553222524326508
2024-08-13 13:52:38,548 - retrun home WP11,hazardous material321,[-0.25490698  4.21379185  0.88414913],[1.41792619 3.26797438 2.14983392],1.5429557891909262
2024-08-13 13:52:38,758 - retrun home WP11,hazardous material321,[-0.25490698  4.21379185  0.88414913],[1.42698026 3.29215002 2.15334606],1.5550852978849539
2024-08-13 13:52:38,975 - retrun home WP11,hazardous material321,[-0.25490698  4.21379185  0.88414913],[1.43501067 3.31822228 2.15688682],1.5492112507126614
2024-08-13 13:52:39,197 - retrun home WP11,hazardous material321,[-0.25490698  4.21379185  0.88414913],[1.43949187 3.33969355 2.15819621],1.5523425407129285
2024-08-13 13:52:39,408 - retrun home WP11,hazardous material321,[-0.25490698  4.21379185  0.88414913],[1.44213068 3.35836172 2.15544677],1.5529994826495834
2024-08-13 13:52:39,608 - retrun home WP11,hazardous material321,[-0.25490698  4.21379185  0.88414913],[1.44229484 3.37480783 2.1481297 ],1.5548985295799271
2024-08-13 13:52:39,823 - retrun home WP11,hazardous material321,[-0.25490698  4.21379185  0.88414913],[1.44087827 3.38617444 2.14089823],1.5648453011007677
2024-08-13 13:52:40,044 - retrun home WP11,hazardous material321,[-0.25490698  4.21379185  0.88414913],[1.44080627 3.39287639 2.1378839 ],1.5525238700130908
2024-08-13 13:52:40,267 - retrun home WP11,hazardous material321,[-0.25490698  4.21379185  0.88414913],[1.44196558 3.40281749 2.13417459],1.5668845830368454
2024-08-13 13:52:40,468 - retrun home WP11,hazardous material321,[-0.25490698  4.21379185  0.88414913],[1.44503629 3.40827203 2.13303757],1.5545864952891906
2024-08-13 13:52:40,669 - retrun home WP11,hazardous material321,[-0.25490698  4.21379185  0.88414913],[1.4516921  3.42036462 2.13374448],1.5576839922961239
2024-08-13 13:52:40,891 - retrun home WP11,hazardous material321,[-0.25490698  4.21379185  0.88414913],[1.4567883  3.42769814 2.13432741],1.5572912443114444
2024-08-13 13:52:41,091 - retrun home WP11,hazardous material321,[-0.25490698  4.21379185  0.88414913],[1.46246898 3.43447566 2.13840818],1.548488718999202
2024-08-13 13:52:41,291 - retrun home WP12,hazardous material321,[-0.25490698  4.21379185  0.88414913],[1.46860898 3.44049096 2.13990521],1.5539579757598
2024-08-13 13:52:41,533 - retrun home WP12,hazardous material321,[-0.25490698  4.21379185  0.88414913],[1.47333956 3.44803143 2.13857746],1.8328295824825458
2024-08-13 13:52:41,739 - retrun home WP12,hazardous material321,[-0.25490698  4.21379185  0.88414913],[1.47405136 3.45415902 2.13748384],2.096480102232055
2024-08-13 13:52:41,947 - retrun home WP12,hazardous material321,[-0.25490698  4.21379185  0.88414913],[1.47512412 3.46005845 2.14093566],2.447336561044616
2024-08-13 13:52:42,153 - retrun home WP12,hazardous material321,[-0.25490698  4.21379185  0.88414913],[1.47527134 3.46177721 2.14322495],2.6501743182000266
2024-08-13 13:52:42,383 - retrun home WP12,hazardous material321,[-0.25490698  4.21379185  0.88414913],[1.47641957 3.46160007 2.14423203],2.8169989549813685
2024-08-13 13:52:42,599 - retrun home WP12,hazardous material321,[-0.25490698  4.21379185  0.88414913],[1.48091662 3.46317124 2.15008831],2.90051980759787
