2024-08-13 13:44:12,697 - takeoff,none,[-0.44273922  4.43597937  0.97082853],[1.69646275 3.33613706 1.61884403],3.125517930445448
2024-08-13 13:44:12,898 - takeoff,none,[-0.44273922  4.43597937  0.97082853],[1.69903016 3.33485961 1.61918664],3.127732703604103
2024-08-13 13:44:13,142 - takeoff,none,[-0.44273922  4.43597937  0.97082853],[1.70217907 3.33248591 1.6237756 ],3.1055779421106218
2024-08-13 13:44:13,342 - takeoff,none,[-0.44273922  4.43597937  0.97082853],[1.70568001 3.33000898 1.63208628],3.130891302219103
2024-08-13 13:44:13,543 - takeoff,none,[-0.44273922  4.43597937  0.97082853],[1.70825362 3.32628298 1.63546288],3.1296049524921132
2024-08-13 13:44:13,746 - takeoff,none,[-0.44273922  4.43597937  0.97082853],[1.71185517 3.32444715 1.63771772],3.1256038407328806
2024-08-13 13:44:13,947 - takeoff,none,[-0.44273922  4.43597937  0.97082853],[1.71379197 3.32096457 1.63488281],3.119330897565817
2024-08-13 13:44:14,182 - takeoff,none,[-0.44273922  4.43597937  0.97082853],[1.71730244 3.31952    1.63169277],3.1190092922596313
2024-08-13 13:44:14,386 - takeoff,none,[-0.44273922  4.43597937  0.97082853],[1.7191633  3.32085657 1.64002931],3.123824850225191
2024-08-13 13:44:14,604 - takeoff,none,[-0.44273922  4.43597937  0.97082853],[1.71247542 3.3343854  1.66484153],3.1215653574286395
2024-08-13 13:44:14,852 - takeoff,none,[-0.44273922  4.43597937  0.97082853],[1.70201278 3.35165763 1.68364346],3.122774783230949
2024-08-13 13:44:15,058 - takeoff,none,[-0.44273922  4.43597937  0.97082853],[1.69427836 3.36232781 1.69421053],3.1217575758375506
2024-08-13 13:44:15,271 - takeoff,none,[-0.44273922  4.43597937  0.97082853],[1.6876924  3.37462091 1.71165764],3.1302966656325415
2024-08-13 13:44:15,471 - takeoff,none,[-0.44273922  4.43597937  0.97082853],[1.68463159 3.38122249 1.71587265],3.121821482261011
2024-08-13 13:44:15,672 - takeoff,none,[-0.44273922  4.43597937  0.97082853],[1.68439519 3.38797569 1.72457159],3.1327366830865557
2024-08-13 13:44:15,880 - takeoff,none,[-0.44273922  4.43597937  0.97082853],[1.68528223 3.39652848 1.73875308],3.1329015494024777
2024-08-13 13:44:16,080 - takeoff,none,[-0.44273922  4.43597937  0.97082853],[1.68632376 3.39929128 1.74630439],3.12756594340331
2024-08-13 13:44:16,281 - takeoff,none,[-0.44273922  4.43597937  0.97082853],[1.68569374 3.40413475 1.75453687],3.128898449718129
2024-08-13 13:44:16,481 - takeoff,none,[-0.44273922  4.43597937  0.97082853],[1.68438315 3.4084065  1.76425636],3.127166558326887
2024-08-13 13:44:16,692 - takeoff,none,[-0.44273922  4.43597937  0.97082853],[1.68152082 3.41326141 1.77441752],3.113839479237175
2024-08-13 13:44:16,922 - takeoff,none,[-0.44273922  4.43597937  0.97082853],[1.67945266 3.41810346 1.78307104],3.1227916323371527
2024-08-13 13:44:17,138 - takeoff,none,[-0.44273922  4.43597937  0.97082853],[1.6729933  3.4233439  1.78883314],3.123523523071858
2024-08-13 13:44:17,338 - takeoff,none,[-0.44273922  4.43597937  0.97082853],[1.66888142 3.42839098 1.79638243],3.1200350565892068
2024-08-13 13:44:17,544 - takeoff,none,[-0.44273922  4.43597937  0.97082853],[1.66883683 3.43128037 1.80278015],3.127794280867276
2024-08-13 13:44:17,793 - takeoff,none,[-0.44273922  4.43597937  0.97082853],[1.66919065 3.4370985  1.81200957],3.1195828135390413
2024-08-13 13:44:17,993 - takeoff,none,[-0.44273922  4.43597937  0.97082853],[1.67171204 3.43879008 1.82088661],3.129136185132357
2024-08-13 13:44:18,196 - takeoff,none,[-0.44273922  4.43597937  0.97082853],[1.67570949 3.43987322 1.83045793],3.1206926760122133
2024-08-13 13:44:18,401 - takeoff,none,[-0.44273922  4.43597937  0.97082853],[1.6807493  3.44043469 1.84093249],3.1336304501917978
2024-08-13 13:44:18,605 - takeoff,none,[-0.44273922  4.43597937  0.97082853],[1.68111897 3.44346595 1.84555233],3.122950416527597
2024-08-13 13:44:18,814 - takeoff,none,[-0.44273922  4.43597937  0.97082853],[1.67970777 3.4456563  1.85205626],3.12302651695901
2024-08-13 13:44:19,022 - takeoff,none,[-0.44273922  4.43597937  0.97082853],[1.67683852 3.44893861 1.85827029],3.1184720544835893
2024-08-13 13:44:19,229 - takeoff,none,[-0.44273922  4.43597937  0.97082853],[1.67714655 3.44989204 1.86241627],3.1272632839865193
2024-08-13 13:44:19,440 - takeoff,none,[-0.44273922  4.43597937  0.97082853],[1.67639601 3.45163178 1.86791384],3.1250433957248225
2024-08-13 13:44:19,640 - takeoff,none,[-0.44273922  4.43597937  0.97082853],[1.6779511  3.45299673 1.877303  ],3.1237660559788836
2024-08-13 13:44:19,840 - takeoff,none,[-0.44273922  4.43597937  0.97082853],[1.67850053 3.45373988 1.88135815],3.128284835168654
2024-08-13 13:44:20,099 - takeoff,none,[-0.44273922  4.43597937  0.97082853],[1.68227553 3.45420337 1.89194643],3.121297978428836
2024-08-13 13:44:20,299 - takeoff,none,[-0.44273922  4.43597937  0.97082853],[1.68335855 3.45399117 1.89885998],3.121436100401473
2024-08-13 13:44:20,500 - takeoff,none,[-0.44273922  4.43597937  0.97082853],[1.68476522 3.45393014 1.90718663],3.12844675473871
2024-08-13 13:44:20,705 - takeoff,none,[-0.44273922  4.43597937  0.97082853],[1.68365431 3.45315218 1.91193974],3.1147943891222303
2024-08-13 13:44:20,909 - takeoff,none,[-0.44273922  4.43597937  0.97082853],[1.68413198 3.45362949 1.91938961],3.1325217553994618
2024-08-13 13:44:21,120 - takeoff,none,[-0.44273922  4.43597937  0.97082853],[1.68355119 3.45287418 1.9231869 ],3.140994044470554
2024-08-13 13:44:21,321 - takeoff,none,[-0.44273922  4.43597937  0.97082853],[1.68008029 3.4556725  1.91836953],3.127977450997024
2024-08-13 13:44:21,529 - takeoff,none,[-0.44273922  4.43597937  0.97082853],[1.67894471 3.45957232 1.91573393],3.1240118499868403
2024-08-13 13:44:21,742 - takeoff,none,[-0.44273922  4.43597937  0.97082853],[1.677544   3.46269345 1.91389096],3.125773240186036
2024-08-13 13:44:21,944 - takeoff,none,[-0.44273922  4.43597937  0.97082853],[1.67864966 3.46375585 1.9141382 ],3.12586288850082
2024-08-13 13:44:22,173 - takeoff,none,[-0.44273922  4.43597937  0.97082853],[1.67952037 3.4628737  1.91454566],3.1357851184615173
2024-08-13 13:44:22,380 - takeoff,none,[-0.44273922  4.43597937  0.97082853],[1.67976546 3.46049905 1.91508031],3.129587030300158
2024-08-13 13:44:22,607 - takeoff,none,[-0.44273922  4.43597937  0.97082853],[1.68323851 3.45787621 1.9155854 ],3.1353947005581917
2024-08-13 13:44:22,808 - takeoff,none,[-0.44273922  4.43597937  0.97082853],[1.68328381 3.45595574 1.91579163],3.1219099324396815
2024-08-13 13:44:23,008 - takeoff,none,[-0.44273922  4.43597937  0.97082853],[1.6844759  3.45379138 1.91879702],3.1286809971938467
2024-08-13 13:44:23,213 - takeoff,none,[-0.44273922  4.43597937  0.97082853],[1.68424606 3.45113683 1.91601086],3.115298967867262
2024-08-13 13:44:23,439 - takeoff,none,[-0.44273922  4.43597937  0.97082853],[1.68654037 3.44790149 1.92187858],3.129323165216895
2024-08-13 13:44:23,644 - takeoff,none,[-0.44273922  4.43597937  0.97082853],[1.68598258 3.44816661 1.92180181],3.1275993519938026
2024-08-13 13:44:23,847 - takeoff,none,[-0.44273922  4.43597937  0.97082853],[1.68569636 3.44772506 1.91930461],3.123661492188023
2024-08-13 13:44:24,056 - takeoff,none,[-0.44273922  4.43597937  0.97082853],[1.68472826 3.45282483 1.91892326],3.1315329490996446
2024-08-13 13:44:24,256 - takeoff,none,[-0.44273922  4.43597937  0.97082853],[1.68512797 3.4537704  1.91996968],3.125215865499368
2024-08-13 13:44:24,460 - takeoff,none,[-0.44273922  4.43597937  0.97082853],[1.68583012 3.45373559 1.92159855],3.1248656427817134
2024-08-13 13:44:24,666 - takeoff,none,[-0.44273922  4.43597937  0.97082853],[1.68755031 3.45249915 1.92424178],3.121745736657213
2024-08-13 13:44:24,867 - takeoff,none,[-0.44273922  4.43597937  0.97082853],[1.6894474  3.45025826 1.92870772],3.1276617497605246
2024-08-13 13:44:25,069 - takeoff,none,[-0.44273922  4.43597937  0.97082853],[1.69086611 3.45024753 1.93115044],3.1316828073964933
2024-08-13 13:44:25,290 - takeoff,none,[-0.44273922  4.43597937  0.97082853],[1.68999958 3.45073581 1.93252456],3.1340578074888676
2024-08-13 13:44:25,519 - takeoff,none,[-0.44273922  4.43597937  0.97082853],[1.68635905 3.45179152 1.93406296],3.1230924228711663
2024-08-13 13:44:25,721 - takeoff,none,[-0.44273922  4.43597937  0.97082853],[1.6845926  3.45364428 1.9412185 ],3.1291609959917266
2024-08-13 13:44:25,963 - takeoff,none,[-0.44273922  4.43597937  0.97082853],[1.6850239  3.45203757 1.94300437],3.126931717605856
2024-08-13 13:44:26,163 - takeoff,none,[-0.44273922  4.43597937  0.97082853],[1.68821979 3.44814682 1.94591582],3.1235988177656475
2024-08-13 13:44:26,380 - takeoff,none,[-0.44273922  4.43597937  0.97082853],[1.69052362 3.4453814  1.94720602],3.127289118439797
2024-08-13 13:44:26,581 - takeoff,none,[-0.44273922  4.43597937  0.97082853],[1.68998599 3.44510102 1.94677055],3.1215828084688058
2024-08-13 13:44:26,788 - takeoff,none,[-0.44273922  4.43597937  0.97082853],[1.69082582 3.44803953 1.94849789],3.1237911534906275
2024-08-13 13:44:26,994 - takeoff,none,[-0.44273922  4.43597937  0.97082853],[1.69115841 3.45143604 1.95226347],3.1237345230253073
2024-08-13 13:44:27,232 - takeoff,none,[-0.44273922  4.43597937  0.97082853],[1.69124782 3.45313907 1.95382786],3.1217337532257803
2024-08-13 13:44:27,438 - takeoff,none,[-0.44273922  4.43597937  0.97082853],[1.69234061 3.45169926 1.95777667],3.124812930102087
2024-08-13 13:44:27,650 - takeoff,none,[-0.44273922  4.43597937  0.97082853],[1.69138837 3.4495914  1.96138179],3.122249911838689
2024-08-13 13:44:27,850 - takeoff,none,[-0.44273922  4.43597937  0.97082853],[1.69111335 3.44644856 1.96044898],3.1258663671259805
2024-08-13 13:44:28,058 - takeoff,none,[-0.44273922  4.43597937  0.97082853],[1.68917668 3.44541526 1.96104634],3.109917485745826
2024-08-13 13:44:28,261 - takeoff,none,[-0.44273922  4.43597937  0.97082853],[1.69001353 3.44395876 1.96386254],3.1313731100524644
2024-08-13 13:44:28,461 - takeoff,none,[-0.44273922  4.43597937  0.97082853],[1.69056726 3.44406724 1.96677065],3.135639594089694
2024-08-13 13:44:28,661 - takeoff,none,[-0.44273922  4.43597937  0.97082853],[1.68952179 3.44688773 1.96247673],3.1205069115528867
2024-08-13 13:44:28,867 - takeoff,none,[-0.44273922  4.43597937  0.97082853],[1.69211125 3.44845605 1.95857573],3.124064084267897
2024-08-13 13:44:29,067 - takeoff,none,[-0.44273922  4.43597937  0.97082853],[1.69347668 3.44894433 1.95719898],3.1257917135950937
2024-08-13 13:44:29,306 - takeoff,none,[-0.44273922  4.43597937  0.97082853],[1.69489288 3.44833469 1.9572351 ],3.127554187817375
2024-08-13 13:44:29,527 - takeoff,none,[-0.44273922  4.43597937  0.97082853],[1.69473982 3.44783449 1.95466042],3.1279136486003045
2024-08-13 13:44:29,772 - takeoff,none,[-0.44273922  4.43597937  0.97082853],[1.69361532 3.44652057 1.9507823 ],3.1331262857717936
2024-08-13 13:44:30,035 - takeoff,none,[-0.44273922  4.43597937  0.97082853],[1.69445992 3.44763899 1.94789529],3.125003782315556
2024-08-13 13:44:30,241 - takeoff,none,[-0.44273922  4.43597937  0.97082853],[1.69473779 3.44787192 1.94695079],3.126743657782426
2024-08-13 13:44:30,446 - takeoff,none,[-0.44273922  4.43597937  0.97082853],[1.69402838 3.44829011 1.94668758],3.115297069601919
2024-08-13 13:44:30,661 - takeoff,none,[-0.44273922  4.43597937  0.97082853],[1.69627249 3.44710875 1.94569921],3.125505701096941
2024-08-13 13:44:30,870 - takeoff,none,[-0.44273922  4.43597937  0.97082853],[1.69837213 3.4462533  1.94934034],3.134064540037639
2024-08-13 13:44:31,070 - takeoff,none,[-0.44273922  4.43597937  0.97082853],[1.69967532 3.4444778  1.94753468],3.126262052201058
2024-08-13 13:44:31,275 - takeoff,none,[-0.44273922  4.43597937  0.97082853],[1.69981062 3.44402814 1.94814003],3.1256681783048013
2024-08-13 13:44:31,478 - takeoff,none,[-0.44273922  4.43597937  0.97082853],[1.70020056 3.44371796 1.95156634],3.1187662548441732
2024-08-13 13:44:31,686 - takeoff,none,[-0.44273922  4.43597937  0.97082853],[1.69974732 3.44371104 1.95982206],3.1269233389266446
2024-08-13 13:44:31,887 - takeoff,none,[-0.44273922  4.43597937  0.97082853],[1.69680262 3.44078469 1.9630847 ],3.118566286499362
2024-08-13 13:44:32,091 - takeoff,none,[-0.44273922  4.43597937  0.97082853],[1.69660676 3.44002056 1.96987283],3.124921807616115
2024-08-13 13:44:32,294 - takeoff,none,[-0.44273922  4.43597937  0.97082853],[1.69470024 3.44173503 1.97316444],3.114108184855536
2024-08-13 13:44:32,495 - takeoff,none,[-0.44273922  4.43597937  0.97082853],[1.69688654 3.44298577 1.97978389],3.127622992466903
2024-08-13 13:44:32,706 - takeoff,none,[-0.44273922  4.43597937  0.97082853],[1.69844723 3.44471598 1.98122072],3.1333344772263256
2024-08-13 13:44:32,911 - takeoff,none,[-0.43100592  4.21175909  1.67124271],[1.69835865 3.44936872 1.97024262],3.121956980560392
2024-08-13 13:44:33,115 - takeoff,none,[-0.49650696  4.10472441  1.6970942 ],[1.69564211 3.45068669 1.96533728],3.1275472705684217
2024-08-13 13:44:33,378 - takeoff,none,[-0.46290112  4.02211809  1.3419205 ],[1.69310999 3.44931674 1.95621669],3.123181144681698
2024-08-13 13:44:33,606 - takeoff,none,[-0.40097442  4.09579277  1.22721827],[1.69402194 3.44853401 1.94874883],3.1268302955515654
2024-08-13 13:44:33,852 - takeoff,mapping,[-0.28641129  4.30397034  1.21307421],[1.69741583 3.44749022 1.9403609 ],3.124227249604197
2024-08-13 13:44:34,081 - takeoff,mapping,[-0.30164015  4.30243826  1.19953239],[1.69818401 3.4472816  1.93970156],3.1227864528104137
2024-08-13 13:44:34,288 - takeoff,mapping,[-0.36604014  4.30799007  1.09695828],[1.69862747 3.44739652 1.94523096],3.1268005227634275
2024-08-13 13:44:34,496 - takeoff,mapping,[-0.42522994  4.36848879  1.00311589],[1.69699836 3.44844699 1.94565117],3.1242931551754443
2024-08-13 13:44:34,696 - takeoff,mapping,[-0.44004008  4.3772831   0.96232992],[1.69547784 3.44989252 1.94619191],3.1185580097889414
2024-08-13 13:44:34,960 - takeoff,mapping,[-0.44265217  4.37906456  0.93078625],[1.69512773 3.45071077 1.94542146],3.1185331432851062
2024-08-13 13:44:35,217 - takeoff,mapping,[-0.44405246  4.38188505  0.92276794],[1.69644356 3.44871593 1.94848144],3.125476304041875
2024-08-13 13:44:35,456 - takeoff,mapping,[-0.4480218   4.37969398  0.92585409],[1.69801128 3.44647932 1.95681262],3.1251529416833215
2024-08-13 13:44:35,705 - go to position WP0,mapping,[-0.44923854  4.3843112   0.92640954],[1.69739032 3.44405293 1.96547115],3.1223926721760926
2024-08-13 13:44:35,957 - go to position WP0,mapping,[-0.44392517  4.38319826  0.9258095 ],[1.69558215 3.44276881 1.97171867],3.1191140825521044
2024-08-13 13:44:36,173 - go to position WP0,mapping,[-0.43900082  4.38102341  0.93197691],[1.69629955 3.44354057 1.9774611 ],3.120346856375476
2024-08-13 13:44:36,425 - go to position WP0,mapping,[-0.43437329  4.3794899   0.93045992],[1.69554591 3.44410849 1.981125  ],3.127285596364489
2024-08-13 13:44:36,640 - go to position WP0,mapping,[-0.43269765  4.37724257  0.93041992],[1.69386899 3.4451251  1.98192477],3.1268664513413347
2024-08-13 13:44:36,854 - go to position WP0,mapping,[-0.4318313   4.37852478  0.92825478],[1.69446456 3.44669819 1.98756993],3.130209062575932
2024-08-13 13:44:37,065 - go to position WP0,mapping,[-0.43184584  4.38006639  0.9279924 ],[1.69373941 3.44771957 1.99065924],3.127580089375388
2024-08-13 13:44:37,279 - go to position WP0,mapping,[-0.43266365  4.38124704  0.92792577],[1.69303906 3.44770575 1.99157858],3.119122687287951
2024-08-13 13:44:37,502 - go to position WP0,mapping,[-0.43452847  4.38294888  0.92785609],[1.69353199 3.44792581 1.99363732],3.1192849047246396
2024-08-13 13:44:37,706 - go to position WP0,mapping,[-0.43821505  4.38513279  0.9270215 ],[1.69478846 3.44875693 1.99765241],3.129631705063848
2024-08-13 13:44:37,940 - go to position WP0,mapping,[-0.44073427  4.38619328  0.92811209],[1.69420493 3.44933271 1.9982059 ],3.13169428692934
2024-08-13 13:44:38,155 - go to position WP0,mapping,[-0.44169381  4.38507175  0.92632055],[1.69201183 3.44936371 1.99804413],3.1242629983677315
2024-08-13 13:44:38,355 - go to position WP0,mapping,[-0.44205624  4.38622904  0.92624861],[1.69260192 3.44823694 1.99985516],3.1305559216745342
2024-08-13 13:44:38,561 - go to position WP0,mapping,[-0.44305024  4.38669348  0.92530245],[1.69334304 3.44913173 2.0003643 ],3.122587182112797
2024-08-13 13:44:38,771 - go to position WP1,mapping,[-0.4434903   4.38639641  0.92525387],[1.69473028 3.45217824 2.00650954],3.1263163322359064
2024-08-13 13:44:38,992 - go to position WP1,mapping,[-0.44353333  4.38532972  0.92521667],[1.69485283 3.45215535 2.00825095],-3.1339415027235535
2024-08-13 13:44:39,208 - go to position WP1,mapping,[-0.44265062  4.38471651  0.92494363],[1.67138457 3.42205215 2.07251525],-2.760422461097887
2024-08-13 13:44:39,436 - go to position WP1,mapping,[-0.44039515  4.38433599  0.92664051],[1.62581861 3.31789207 2.24331021],-2.3742639107882617
2024-08-13 13:44:39,636 - go to position WP1,mapping,[-0.4408522   4.38339615  0.92616892],[1.59535575 3.22044754 2.37086391],-2.194833829638532
2024-08-13 13:44:39,845 - go to position WP1,mapping,[-0.44395652  4.38099194  0.92763716],[1.54825699 3.02689672 2.54283547],-2.00030953887973
2024-08-13 13:44:40,078 - go to position WP1,mapping,[-0.45352831  4.37907934  0.92780292],[1.48148906 2.77042985 2.68734932],-1.8894247935001927
2024-08-13 13:44:40,299 - go to position WP1,mapping,[-0.46241471  4.37923574  0.92756337],[1.3870275  2.49888992 2.81856704],-1.8244620649357888
2024-08-13 13:44:40,506 - go to position WP1,mapping,[-0.4702737  4.3773818  0.9274081],[1.30226231 2.32202744 2.90142679],-1.8033031466920946
2024-08-13 13:44:40,730 - go to position WP1,mapping,[-0.48805049  4.37439346  0.9272604 ],[1.12013435 2.04844713 3.05133128],-1.7744148897916912
2024-08-13 13:44:40,951 - go to position WP1,mapping,[-0.49488357  4.37492847  0.92499322],[1.04107141 1.93720746 3.13580561],-1.7610324034382998
2024-08-13 13:44:41,164 - go to position WP1,mapping,[-0.4924697   4.37555361  0.92487878],[1.00611162 1.85193396 3.21843815],-1.7466356768777853
2024-08-13 13:44:41,378 - go to position WP1,mapping,[-0.47738841  4.37890244  0.92619801],[0.98201567 1.69555569 3.33713794],-1.7112883597562387
2024-08-13 13:44:41,580 - go to position WP1,mapping,[-0.47015169  4.37793589  0.92673069],[0.93433774 1.5456636  3.41924667],-1.7133913738258624
2024-08-13 13:44:41,797 - go to position WP1,none,[-0.47537434  4.37327766  0.92521411],[0.8331036  1.39036298 3.50694299],-1.706353413280258
2024-08-13 13:44:41,997 - go to position WP1,none,[-0.47861966  4.37099171  0.925493  ],[0.7605589  1.31051123 3.56550908],-1.690793401796098
2024-08-13 13:44:42,247 - go to position WP1,none,[-0.47817633  4.37444067  0.92444557],[0.70143485 1.22174716 3.65427017],-1.6792610501017675
2024-08-13 13:44:42,479 - go to position WP1,none,[-0.47868484  4.37697697  0.92379034],[0.69751602 1.14191389 3.72938466],-1.6570144825875364
2024-08-13 13:44:42,688 - go to position WP1,none,[-0.48059198  4.37746     0.92417014],[0.67984056 1.05575693 3.7898798 ],-1.6438796644122684
2024-08-13 13:44:42,890 - go to position WP1,none,[-0.48146728  4.37806225  0.9246977 ],[0.64302695 0.98643064 3.83513403],-1.642160205476067
2024-08-13 13:44:43,171 - go to position WP1,none,[-0.48308113  4.38038111  0.92579144],[0.53808105 0.85166633 3.93410897],-1.630040009061175
2024-08-13 13:44:43,371 - go to position WP1,none,[-0.48291147  4.38112545  0.92587364],[0.50757992 0.79828328 3.983742  ],-1.6215467901311849
2024-08-13 13:44:43,571 - go to position WP1,none,[-0.48333678  4.38171768  0.92515635],[0.49775672 0.75808626 4.03045464],-1.6170474645661912
2024-08-13 13:44:43,775 - go to position WP1,none,[-0.48353833  4.38153696  0.92469156],[0.49018297 0.72074556 4.07301569],-1.6114986996714178
2024-08-13 13:44:43,990 - go to position WP1,none,[-0.48297921  4.38091135  0.92498451],[0.46852821 0.67533523 4.11801815],-1.612184423760497
2024-08-13 13:44:44,263 - go to position WP1,none,[-0.48409477  4.38247061  0.92309594],[0.42996168 0.61070818 4.17646742],-1.6055539940225128
2024-08-13 13:44:44,478 - go to position WP1,none,[-0.48766193  4.38082123  0.92321736],[0.40631074 0.57063103 4.21128654],-1.604917493345713
2024-08-13 13:44:44,711 - go to position WP1,none,[-0.49581042  4.37972355  0.92163432],[0.38560709 0.53367686 4.25023127],-1.5974163152713228
2024-08-13 13:44:44,912 - go to position WP1,none,[-0.50305641  4.37568283  0.92039543],[0.37337214 0.51400036 4.27417707],-1.5986879787176314
2024-08-13 13:44:45,135 - go to position WP1,none,[-0.51476139  4.3722558   0.92668217],[0.35342219 0.48132178 4.31515551],-1.59726019003946
2024-08-13 13:44:45,341 - go to position WP1,none,[-0.52076811  4.37286139  0.92835325],[0.33964235 0.45439944 4.34840631],-1.599718480548642
2024-08-13 13:44:45,580 - go to position WP1,none,[-0.52260035  4.37850523  0.9302668 ],[0.32816964 0.42661846 4.37827158],-1.5940073948613396
2024-08-13 13:44:45,823 - go to position WP1,none,[-0.51708013  4.38429594  0.92472708],[0.3203966  0.402412   4.40077543],-1.5953552953222783
2024-08-13 13:44:46,111 - go to position WP1,none,[-0.50073057  4.38671589  0.9236542 ],[0.30435553 0.3638896  4.44025517],-1.5953076955553431
2024-08-13 13:44:46,318 - go to position WP1,none,[-0.48946604  4.38372946  0.92468894],[0.2932871  0.34226027 4.46299505],-1.5925211291946244
2024-08-13 13:44:46,527 - go to position WP1,none,[-0.48442587  4.38066292  0.92174852],[0.28377196 0.32689571 4.47871733],-1.598626532204655
2024-08-13 13:44:46,733 - go to position WP1,none,[-0.48463655  4.37650537  0.92170393],[0.27293244 0.31397268 4.4958787 ],-1.5944385493245843
2024-08-13 13:44:46,933 - go to position WP1,none,[-0.48600799  4.37514925  0.92090368],[0.26300797 0.30514279 4.50974178],-1.5905496368873049
2024-08-13 13:44:47,134 - go to position WP1,none,[-0.48765773  4.37363958  0.92033058],[0.24850751 0.29175249 4.53480291],-1.5933415859313707
2024-08-13 13:44:47,356 - go to position WP1,none,[-0.48756221  4.37551594  0.9197588 ],[0.23753524 0.27791721 4.55778742],-1.5941470816735093
2024-08-13 13:44:47,560 - go to position WP1,none,[-0.48720029  4.37710762  0.91980851],[0.23088484 0.26524431 4.57796621],-1.592261186445901
2024-08-13 13:44:47,861 - go to position WP1,none,[-0.48688191  4.37809038  0.91999781],[0.22535111 0.25340107 4.60208654],-1.5910495781136316
2024-08-13 13:44:48,098 - go to position WP1,none,[-0.48557469  4.37746429  0.92023206],[0.21963447 0.24565157 4.62264252],-1.5886706466084979
2024-08-13 13:44:48,298 - go to position WP1,none,[-0.48444927  4.37661648  0.92000163],[0.21400784 0.24181908 4.63538122],-1.5932209083775373
2024-08-13 13:44:48,520 - go to position WP1,none,[-0.48296377  4.37343645  0.92108494],[0.20704788 0.23420739 4.65173578],-1.5920968935089315
2024-08-13 13:44:48,733 - go to position WP1,none,[-0.48384103  4.37259007  0.92074573],[0.20133041 0.22651796 4.66603661],-1.5904482476461883
2024-08-13 13:44:48,934 - go to position WP1,none,[-0.48581123  4.37685013  0.92026734],[0.19570374 0.21681359 4.67979431],-1.5955699749773213
2024-08-13 13:44:49,138 - go to position WP1,none,[-0.48674399  4.37857771  0.92024177],[0.19122258 0.20980117 4.69183731],-1.5867147241473427
2024-08-13 13:44:49,341 - go to position WP1,none,[-0.48701808  4.37913465  0.91996413],[0.18591228 0.20358129 4.70004034],-1.5881992209075593
2024-08-13 13:44:49,547 - go to position WP1,none,[-0.48758623  4.37828207  0.91991192],[0.1784184  0.20009513 4.70584011],-1.5900011843059714
2024-08-13 13:44:49,747 - go to position WP1,none,[-0.48830974  4.37816906  0.91996396],[0.17344314 0.19820344 4.71209097],-1.587576107004284
2024-08-13 13:44:49,954 - go to position WP1,none,[-0.48893353  4.37863159  0.92048031],[0.16818213 0.19688332 4.71823215],-1.5896620856236812
2024-08-13 13:44:50,213 - go to position WP1,none,[-0.48866284  4.3802352   0.92071384],[0.16469839 0.18989488 4.72981739],-1.5869668143387923
2024-08-13 13:44:50,419 - go to position WP1,none,[-0.48837051  4.3809495   0.92097574],[0.1650216  0.18489459 4.73665428],-1.5896685563694835
2024-08-13 13:44:50,623 - go to position WP1,none,[-0.48845097  4.38158369  0.92060804],[0.16518492 0.18075922 4.74211025],-1.5902397756860633
2024-08-13 13:44:50,840 - go to position WP1,none,[-0.48843512  4.38174105  0.92045462],[0.16200337 0.1753846  4.74692631],-1.5929112937193004
2024-08-13 13:44:51,064 - go to position WP1,none,[-0.48891309  4.38116646  0.92043668],[0.15660052 0.16814186 4.75569773],-1.5912528553605911
2024-08-13 13:44:51,265 - go to position WP1,none,[-0.48856133  4.38071537  0.9202795 ],[0.15413928 0.16271798 4.76571178],-1.5910031853669189
2024-08-13 13:44:51,471 - go to position WP1,none,[-0.48815462  4.38066721  0.91964227],[0.15348728 0.16155601 4.77096128],-1.593260911290237
2024-08-13 13:44:51,671 - go to position WP1,none,[-0.48800024  4.38057995  0.91967803],[0.1508677  0.16143841 4.77630806],-1.5937738690283094
2024-08-13 13:44:51,889 - go to position WP1,none,[-0.48807126  4.38075161  0.91978508],[0.14572035 0.16350935 4.78324318],-1.5935768215906396
2024-08-13 13:44:52,090 - go to position WP1,none,[-0.48779988  4.38097191  0.92003822],[0.14080338 0.16123259 4.78877306],-1.5929950768283785
2024-08-13 13:44:52,367 - go to position WP1,none,[-0.48752415  4.38094378  0.9200896 ],[0.13541588 0.1533584  4.79500008],-1.5929077321452647
2024-08-13 13:44:52,579 - go to position WP1,none,[-0.4876737   4.38029146  0.92007411],[0.13604946 0.14248276 4.80067539],-1.591716551040645
2024-08-13 13:44:52,836 - go to position WP1,none,[-0.48790568  4.38019562  0.92007738],[0.13576913 0.14293981 4.80388021],-1.5963770791117309
2024-08-13 13:44:53,089 - go to position WP1,none,[-0.48800278  4.38045979  0.91996896],[0.13411544 0.14334725 4.80785131],-1.5953096245505876
2024-08-13 13:44:53,298 - go to position WP1,none,[-0.48874018  4.38075638  0.92016143],[0.12916234 0.1428452  4.81625175],-1.5930979546991129
2024-08-13 13:44:53,552 - go to position WP1,none,[-0.48946777  4.38172674  0.91998047],[0.12508526 0.13977386 4.82648277],-1.592379686013567
2024-08-13 13:44:53,752 - go to position WP1,none,[-0.48974878  4.38190031  0.92024547],[0.1242085  0.14109462 4.83137083],-1.5930395976530862
2024-08-13 13:44:53,960 - go to position WP1,none,[-0.4912703   4.38270235  0.91868114],[0.1223539  0.14292198 4.83498716],-1.5971958046937011
2024-08-13 13:44:54,162 - go to position WP1,none,[-0.49108317  4.38264275  0.92027295],[0.12091803 0.1433436  4.83931732],-1.5952044311123483
2024-08-13 13:44:54,403 - go to position WP1,none,[-0.49133056  4.38255453  0.92005908],[0.12078149 0.14244944 4.84194565],-1.5921218633437633
2024-08-13 13:44:54,621 - go to position WP1,none,[-0.4905149   4.38283873  0.92082858],[0.1203282  0.14103019 4.84092474],-1.5964335841244122
2024-08-13 13:44:54,831 - go to position WP1,none,[-0.49049708  4.38306236  0.92079353],[0.11859217 0.13792208 4.84020376],-1.592168055534552
2024-08-13 13:44:55,031 - go to position WP1,none,[-0.49073246  4.38307619  0.92046714],[0.11564311 0.13531858 4.84109402],-1.5988497967703106
2024-08-13 13:44:55,251 - go to position WP1,none,[-0.49093518  4.38282728  0.9207564 ],[0.11026103 0.13072614 4.84101343],-1.5981113347136358
2024-08-13 13:44:55,455 - go to position WP1,none,[-0.48982263  4.3821702   0.9212966 ],[0.10778584 0.12943046 4.84406424],-1.5928580258030012
2024-08-13 13:44:55,656 - go to position WP1,none,[-0.49079245  4.38334274  0.92068106],[0.106984   0.13096008 4.84549952],-1.598417292657114
2024-08-13 13:44:55,870 - go to position WP1,none,[-0.49090597  4.3827877   0.92080021],[0.10634552 0.13223018 4.84726667],-1.597687707510623
2024-08-13 13:44:56,086 - go to position WP1,none,[-0.49075425  4.38300514  0.92056489],[0.10594788 0.13132958 4.84874916],-1.5955034529099574
2024-08-13 13:44:56,311 - go to position WP1,none,[-0.49061918  4.38302565  0.92061657],[0.10576991 0.13071719 4.84837294],-1.5953323965469544
2024-08-13 13:44:56,512 - go to position WP1,none,[-0.49065191  4.3832078   0.92050284],[0.10482191 0.13146675 4.84788275],-1.598071637173641
2024-08-13 13:44:56,717 - go to position WP1,none,[-0.49079162  4.38330936  0.92043298],[0.10303251 0.1342577  4.84737062],-1.595925906752802
2024-08-13 13:44:56,955 - go to position WP1,none,[-0.49134359  4.38413668  0.91968161],[0.09950797 0.13336693 4.85038376],-1.5957876393239179
2024-08-13 13:44:57,160 - go to position WP1,none,[-0.49160236  4.38406944  0.91935325],[0.09753221 0.13266408 4.85202932],-1.5998563203426457
2024-08-13 13:44:57,371 - go to position WP1,none,[-0.49129975  4.38363743  0.91920197],[0.0965078  0.13010485 4.85492706],-1.5995205551764355
2024-08-13 13:44:57,571 - go to position WP1,none,[-0.49098501  4.38252735  0.91869491],[0.09483398 0.12689084 4.85774517],-1.5995967871437902
2024-08-13 13:44:57,774 - go to position WP1,none,[-0.48981705  4.38253689  0.9196738 ],[0.09436321 0.12703988 4.85748911],-1.5949520412515978
2024-08-13 13:44:57,974 - go to position WP1,none,[-0.48922318  4.38223553  0.9194389 ],[0.09332629 0.12745447 4.85891819],-1.6021677793310465
2024-08-13 13:44:58,178 - go to position WP1,none,[-0.48882508  4.38218832  0.91923231],[0.09344323 0.12730014 4.85976028],-1.5995365720499537
2024-08-13 13:44:58,381 - go to position WP1,none,[-0.48837852  4.38188457  0.91914952],[0.09236445 0.12819374 4.86069107],-1.601275939118965
2024-08-13 13:44:58,593 - go to position WP1,none,[-0.48805287  4.38145876  0.91919136],[0.09000131 0.1281148  4.8630662 ],-1.599574911434944
2024-08-13 13:44:58,805 - go to position WP1,none,[-0.4876481   4.38117886  0.91886908],[0.088611   0.12866795 4.86452293],-1.5988474251306979
2024-08-13 13:44:59,039 - go to position WP1,none,[-0.48718825  4.38109684  0.91846871],[0.08651783 0.13086766 4.86734676],-1.6010607035653823
2024-08-13 13:44:59,240 - go to position WP1,none,[-0.4849593   4.38120365  0.91840035],[0.08467912 0.13093558 4.87129641],-1.6013747764359678
2024-08-13 13:44:59,471 - go to position WP2,none,[-0.47423485  4.3832078   0.91720146],[0.0827795  0.12661724 4.8788271 ],-1.602185044085508
2024-08-13 13:44:59,676 - go to position WP2,none,[-0.47423485  4.3832078   0.91720146],[0.0827795  0.12661724 4.8788271 ],-1.602185044085508
2024-08-13 13:44:59,902 - go to position WP2,none,[-0.46807927  4.38886547  0.91841745],[0.08183325 0.11711606 4.89007711],-1.601037044702343
2024-08-13 13:45:00,150 - go to position WP2,none,[-0.47152907  4.39062929  0.91858917],[0.08142205 0.11430661 4.89234829],-1.6006228971804886
2024-08-13 13:45:00,384 - go to position WP2,none,[-0.47710299  4.392488    0.92118502],[0.08243453 0.11181915 4.89290571],-1.5982819694160266
2024-08-13 13:45:00,618 - go to position WP2,none,[-0.47863427  4.39311838  0.9238041 ],[0.08249425 0.11228268 4.8897171 ],-1.601189112602964
2024-08-13 13:45:00,846 - go to position WP2,none,[-0.47914907  4.39146519  0.92305374],[0.08244839 0.11269362 4.88541842],-1.6015213828936243
2024-08-13 13:45:01,111 - go to position WP2,none,[-0.47973537  4.39189816  0.92105144],[0.08279338 0.11519888 4.88132048],-1.5987584016252256
2024-08-13 13:45:01,320 - go to position WP2,none,[-0.47929919  4.39160967  0.92094874],[0.08277322 0.11732967 4.88020182],-1.5985506511112764
2024-08-13 13:45:01,553 - go to position WP2,none,[-0.47992921  4.39092779  0.91998565],[0.08175266 0.12320978 4.87654257],-1.5970773206092836
2024-08-13 13:45:01,764 - go to position WP2,none,[-0.48004752  4.39099693  0.91946757],[0.08012178 0.1289055  4.87230396],-1.5944874207337438
2024-08-13 13:45:01,969 - go to position WP2,none,[-0.48011234  4.39098406  0.91945642],[0.0797164  0.13083351 4.87093401],-1.592343334545511
2024-08-13 13:45:02,175 - go to position WP2,none,[-0.47991714  4.39157438  0.91912782],[0.07723247 0.13487786 4.85886717],-1.5939695687539288
2024-08-13 13:45:02,376 - go to position WP2,none,[-0.47975326  4.39102793  0.91914618],[0.07489698 0.13154835 4.85239506],-1.593490552748606
2024-08-13 13:45:02,581 - go to position WP2,none,[-0.48003095  4.38864851  0.91983223],[0.07398524 0.12623204 4.84900379],-1.5930013104360157
2024-08-13 13:45:02,782 - go to position WP2,none,[-0.48056975  4.38857126  0.91873068],[0.07266825 0.11996607 4.85021305],-1.5952705035311832
2024-08-13 13:45:02,983 - go to position WP2,none,[-0.48062509  4.38787174  0.91941625],[0.07287395 0.11410292 4.85522556],-1.5902478010412402
2024-08-13 13:45:03,189 - go to position WP2,none,[-0.47990623  4.38694048  0.92018193],[0.07306263 0.10612757 4.86596584],-1.589371644332834
2024-08-13 13:45:03,391 - go to position WP2,none,[-0.47934413  4.38676977  0.92121094],[0.07199106 0.10017305 4.87456846],-1.5977046186376347
2024-08-13 13:45:03,598 - go to position WP2,none,[-0.48015967  4.38692141  0.92274231],[0.07018895 0.0933281  4.88359976],-1.594413406907499
2024-08-13 13:45:03,820 - go to position WP2,none,[-0.48184815  4.38745022  0.93053377],[0.06675237 0.08578676 4.889256  ],-1.5932632396112831
2024-08-13 13:45:04,021 - go to position WP2,none,[-0.48165011  4.39328671  0.93169624],[0.06304002 0.07929862 4.89093208],-1.593764559075428
2024-08-13 13:45:04,233 - go to position WP2,none,[-0.46461049  4.41992188  0.94686401],[0.05855544 0.06789432 4.89073133],-1.5937518936738542
2024-08-13 13:45:04,433 - go to position WP2,none,[-0.44785908  4.46192408  0.96059221],[0.05557855 0.05846715 4.8901186 ],-1.593652904062047
2024-08-13 13:45:04,638 - go to position WP2,none,[-0.43457219  4.50939512  0.95560575],[0.0509121  0.04259894 4.88884068],-1.589507035478226
2024-08-13 13:45:04,838 - go to position WP2,none,[-0.4571934   4.5065403   0.95719069],[0.04677623 0.03138394 4.88848734],-1.5960259094997138
2024-08-13 13:45:05,048 - go to position WP2,none,[-0.50501102  4.48551512  0.95981234],[0.04217909 0.01882752 4.89003706],-1.5913321796805375
2024-08-13 13:45:05,258 - go to position WP2,none,[-0.54460734  4.46652222  0.9628399 ],[0.0397846  0.01147881 4.8913188 ],-1.5913365113721403
2024-08-13 13:45:05,463 - go to position WP2,none,[-0.63057429  4.43995667  0.95382357],[ 3.38880904e-02 -2.54283077e-03  4.89208794e+00],-1.5909799527661033
2024-08-13 13:45:05,663 - go to position WP2,none,[-0.65040523  4.43418503  0.95231098],[ 0.02911343 -0.01188293  4.89373732],-1.5833892665176146
2024-08-13 13:45:05,882 - go to position WP2,none,[-0.64309609  4.42089033  0.94907284],[ 0.0205068  -0.02503818  4.89108276],-1.5955467102290006
2024-08-13 13:45:06,082 - go to position WP2,none,[-0.6080178   4.40583277  0.95144254],[ 0.01569152 -0.03577394  4.890944  ],-1.592852395243126
2024-08-13 13:45:06,283 - go to position WP2,none,[-0.5816834   4.39079046  0.95584279],[ 0.01026855 -0.04893547  4.89193201],-1.5902350286774078
2024-08-13 13:45:06,483 - go to position WP2,none,[-0.5816834   4.39079046  0.95584279],[ 4.41553257e-03 -6.35804981e-02  4.89324331e+00],-1.5922538693663775
2024-08-13 13:45:06,723 - go to position WP2,none,[-0.5816834   4.39079046  0.95584279],[-2.65554897e-03 -8.46188888e-02  4.89630175e+00],-1.5969510583321522
2024-08-13 13:45:06,928 - go to position WP2,none,[-0.5816834   4.39079046  0.95584279],[-0.00640789 -0.09944451  4.89949226],-1.5939761720817431
2024-08-13 13:45:07,129 - go to position WP2,none,[-0.5816834   4.39079046  0.95584279],[-0.01050055 -0.11571209  4.9024272 ],-1.593922390181441
2024-08-13 13:45:07,372 - go to position WP2,none,[-0.5816834   4.39079046  0.95584279],[-0.01583018 -0.13267057  4.90522242],-1.597620342622708
2024-08-13 13:45:07,576 - go to position WP2,none,[-0.5816834   4.39079046  0.95584279],[-0.02077768 -0.1488481   4.90818119],-1.601396559958605
2024-08-13 13:45:07,776 - go to position WP2,none,[-0.5816834   4.39079046  0.95584279],[-0.02564972 -0.16509597  4.91061544],-1.5986408786427422
2024-08-13 13:45:07,981 - go to position WP2,none,[-0.5816834   4.39079046  0.95584279],[-0.03327018 -0.18463676  4.90929985],-1.5962564933321604
2024-08-13 13:45:08,235 - go to position WP2,none,[-0.5816834   4.39079046  0.95584279],[-0.04065176 -0.19664662  4.90723419],-1.5984585880172881
2024-08-13 13:45:08,436 - go to position WP2,none,[-0.5816834   4.39079046  0.95584279],[-0.05178448 -0.21112923  4.90111494],-1.5977941861549212
2024-08-13 13:45:08,641 - go to position WP2,none,[-0.5816834   4.39079046  0.95584279],[-0.0601154  -0.22049844  4.89435482],-1.6007052020159191
2024-08-13 13:45:08,842 - go to position WP2,none,[-0.5816834   4.39079046  0.95584279],[-0.06747087 -0.22987971  4.88730097],-1.5991424492268536
2024-08-13 13:45:09,047 - go to position WP2,none,[-0.5816834   4.39079046  0.95584279],[-0.07843769 -0.2445866   4.87456656],-1.5985889613039275
2024-08-13 13:45:09,248 - go to position WP2,none,[-0.5816834   4.39079046  0.95584279],[-0.08603988 -0.25654092  4.86508369],-1.596164162630922
2024-08-13 13:45:09,448 - go to position WP2,none,[-0.5816834   4.39079046  0.95584279],[-0.09201863 -0.2666384   4.85953951],-1.6013274448374446
2024-08-13 13:45:09,662 - go to position WP2,none,[-0.5816834   4.39079046  0.95584279],[-0.1014774  -0.28899541  4.85150146],-1.5985636581556522
2024-08-13 13:45:09,865 - go to position WP2,none,[-0.5816834   4.39079046  0.95584279],[-0.10778391 -0.3040984   4.8502636 ],-1.6013278669251303
2024-08-13 13:45:10,072 - go to position WP2,none,[-0.5816834   4.39079046  0.95584279],[-0.1127549  -0.31950566  4.8533783 ],-1.5998662318215953
2024-08-13 13:45:10,282 - go to position WP2,none,[-0.5816834   4.39079046  0.95584279],[-0.11722607 -0.333637    4.85737991],-1.601177372021577
2024-08-13 13:45:10,483 - go to position WP2,none,[-0.5816834   4.39079046  0.95584279],[-0.12189611 -0.34876439  4.86226702],-1.604176139015614
2024-08-13 13:45:10,696 - go to position WP2,none,[-0.5816834   4.39079046  0.95584279],[-0.12688863 -0.36322737  4.86735868],-1.6015261276756938
2024-08-13 13:45:10,897 - go to position WP2,none,[-0.5816834   4.39079046  0.95584279],[-0.13228342 -0.37717676  4.87237787],-1.6013693577192143
2024-08-13 13:45:11,103 - go to position WP2,none,[-0.5816834   4.39079046  0.95584279],[-0.13953799 -0.39681348  4.87955093],-1.6044699207500965
2024-08-13 13:45:11,308 - go to position WP2,none,[-0.5816834   4.39079046  0.95584279],[-0.1474147  -0.41377211  4.88721371],-1.6060113920108474
2024-08-13 13:45:11,532 - go to position WP2,none,[-0.5816834   4.39079046  0.95584279],[-0.15688026 -0.43288088  4.89407969],-1.605714493880571
2024-08-13 13:45:11,732 - go to position WP2,none,[-0.5816834   4.39079046  0.95584279],[-0.16069512 -0.44060463  4.8969903 ],-1.6064256704552395
2024-08-13 13:45:11,936 - go to position WP2,none,[-0.5816834   4.39079046  0.95584279],[-0.1714581  -0.46421823  4.90546989],-1.607455934388506
2024-08-13 13:45:12,146 - go to position WP2,none,[-0.5816834   4.39079046  0.95584279],[-0.17811848 -0.47953311  4.91050386],-1.6072819563442131
2024-08-13 13:45:12,355 - go to position WP2,none,[-0.5816834   4.39079046  0.95584279],[-0.18428569 -0.49453741  4.91708994],-1.6083518835786572
2024-08-13 13:45:12,623 - go to position WP2,none,[-0.5816834   4.39079046  0.95584279],[-0.19324227 -0.51580644  4.92656469],-1.6049787089777885
2024-08-13 13:45:12,831 - retrun home WP2,none,[-0.5816834   4.39079046  0.95584279],[-0.20095414 -0.53171057  4.93198204],-1.6157566398368068
2024-08-13 13:45:13,031 - retrun home WP2,none,[-0.5816834   4.39079046  0.95584279],[-0.20616633 -0.53622335  4.93632793],-1.8858129996762134
2024-08-13 13:45:13,232 - retrun home WP2,none,[-0.5816834   4.39079046  0.95584279],[-0.20399523 -0.52864391  4.93609524],-1.990264182855367
2024-08-13 13:45:13,453 - retrun home WP2,none,[-0.5816834   4.39079046  0.95584279],[-0.15904792 -0.42958191  4.94827414],-2.5144343763201884
2024-08-13 13:45:13,657 - retrun home WP2,none,[-0.5816834   4.39079046  0.95584279],[-0.13185748 -0.36541042  4.96079683],-2.839683090548606
2024-08-13 13:45:13,858 - retrun home WP2,none,[-0.5816834   4.39079046  0.95584279],[-0.13360526 -0.34819373  4.96466255],3.1342588372542792
2024-08-13 13:45:14,062 - retrun home WP2,none,[-0.5816834   4.39079046  0.95584279],[-0.15026119 -0.36217782  4.96068764],2.8245655602650843
2024-08-13 13:45:14,263 - retrun home WP2,none,[-0.5816834   4.39079046  0.95584279],[-0.16336381 -0.37950107  4.94978762],2.4828037110851366
2024-08-13 13:45:14,517 - retrun home WP2,none,[-0.5816834   4.39079046  0.95584279],[-0.15340741 -0.36000022  4.93784809],2.1945195151891874
2024-08-13 13:45:14,757 - retrun home WP2,none,[-0.5816834   4.39079046  0.95584279],[-0.13369091 -0.28725311  4.93007994],1.9617857186312806
2024-08-13 13:45:14,959 - retrun home WP2,none,[-0.5816834   4.39079046  0.95584279],[-0.13715461 -0.24917147  4.9288969 ],1.886560598866217
2024-08-13 13:45:15,177 - retrun home WP2,none,[-0.5816834   4.39079046  0.95584279],[-0.15529393 -0.21098404  4.9297328 ],1.8114620733128792
2024-08-13 13:45:15,382 - retrun home WP2,none,[-0.5816834   4.39079046  0.95584279],[-0.16322158 -0.20009014  4.92973042],1.7704843409666147
2024-08-13 13:45:15,586 - retrun home WP2,none,[-0.5816834   4.39079046  0.95584279],[-0.14562503 -0.19323613  4.93029737],1.739050637931315
2024-08-13 13:45:15,803 - retrun home WP2,none,[-0.5816834   4.39079046  0.95584279],[-0.11128479 -0.18082775  4.93053389],1.7042786467754765
2024-08-13 13:45:16,018 - retrun home WP2,none,[-0.5816834   4.39079046  0.95584279],[-0.09411342 -0.17017964  4.9280529 ],1.6872629701973547
2024-08-13 13:45:16,218 - retrun home WP3,none,[-0.5816834   4.39079046  0.95584279],[-0.07676318 -0.15373947  4.92594767],1.669870858263891
2024-08-13 13:45:16,438 - retrun home WP3,none,[-0.5816834   4.39079046  0.95584279],[-0.04642048 -0.10809562  4.85832119],1.655793585564104
2024-08-13 13:45:16,689 - retrun home WP3,none,[-0.5816834   4.39079046  0.95584279],[ 0.02575635 -0.0134814   4.68617725],1.6439502411899563
2024-08-13 13:45:16,906 - retrun home WP3,none,[-0.5816834   4.39079046  0.95584279],[0.12580556 0.1073369  4.50970316],1.6340506471869976
2024-08-13 13:45:17,106 - retrun home WP3,none,[-0.5816834   4.39079046  0.95584279],[0.23173465 0.24353351 4.38808537],1.611620146394035
2024-08-13 13:45:17,307 - retrun home WP3,none,[-0.5816834   4.39079046  0.95584279],[0.35332134 0.42713335 4.27890253],1.5921961806755547
2024-08-13 13:45:17,524 - retrun home WP3,none,[-0.5816834   4.39079046  0.95584279],[0.48779261 0.67943531 4.14998007],1.5744552449729587
2024-08-13 13:45:17,738 - retrun home WP3,none,[-0.5816834   4.39079046  0.95584279],[0.57589811 0.90028131 4.04894161],1.5633086789212256
2024-08-13 13:45:17,938 - retrun home WP3,none,[-0.5816834   4.39079046  0.95584279],[0.65005279 1.19095635 3.9324193 ],1.5744977034436496
2024-08-13 13:45:18,180 - retrun home WP3,none,[-0.5816834   4.39079046  0.95584279],[0.68728733 1.39538682 3.82484937],1.559387739151436
2024-08-13 13:45:18,380 - retrun home WP3,none,[-0.5816834   4.39079046  0.95584279],[0.72876811 1.50356555 3.73276973],1.559088522824836
2024-08-13 13:45:18,599 - retrun home WP3,none,[-0.5816834   4.39079046  0.95584279],[0.79257482 1.58596075 3.65055227],1.5660724638346675
2024-08-13 13:45:18,801 - retrun home WP3,none,[-0.5816834   4.39079046  0.95584279],[0.87712103 1.72642505 3.56613183],1.558506503356085
2024-08-13 13:45:19,007 - retrun home WP3,none,[-0.5816834   4.39079046  0.95584279],[0.94212496 1.90267575 3.49220872],1.5597812184313593
2024-08-13 13:45:19,214 - retrun home WP3,none,[-0.5816834   4.39079046  0.95584279],[0.98115981 2.06790805 3.42732549],1.562848013126847
2024-08-13 13:45:19,426 - retrun home WP3,none,[-0.5816834   4.39079046  0.95584279],[1.00228715 2.1660254  3.37083745],1.561261751005054
2024-08-13 13:45:19,627 - retrun home WP3,none,[-0.5816834   4.39079046  0.95584279],[1.02943695 2.23779821 3.29787946],1.5575950395405296
2024-08-13 13:45:19,837 - retrun home WP3,none,[-0.5816834   4.39079046  0.95584279],[1.05893207 2.27570891 3.24610066],1.5632374060565923
2024-08-13 13:45:20,042 - retrun home WP3,none,[-0.5816834   4.39079046  0.95584279],[1.109056   2.37099266 3.18136263],1.554768077223584
2024-08-13 13:45:20,259 - retrun home WP3,none,[-0.5816834   4.39079046  0.95584279],[1.14943755 2.50029325 3.12841535],1.5529141556723705
2024-08-13 13:45:20,473 - retrun home WP3,none,[-0.5816834   4.39079046  0.95584279],[1.1737721  2.59638762 3.08934569],1.5577235789673485
2024-08-13 13:45:20,679 - retrun home WP3,none,[-0.5816834   4.39079046  0.95584279],[1.19820523 2.68192863 3.03921103],1.560483737886818
2024-08-13 13:45:20,980 - retrun home WP3,none,[-0.5816834   4.39079046  0.95584279],[1.22975159 2.74024534 2.96490264],1.5600578879736402
2024-08-13 13:45:21,184 - retrun home WP3,none,[-0.5816834   4.39079046  0.95584279],[1.24839056 2.77490234 2.92853665],1.5575859835542234
2024-08-13 13:45:21,387 - retrun home WP3,none,[-0.5816834   4.39079046  0.95584279],[1.27063346 2.83837652 2.88713646],1.5576596941868786
2024-08-13 13:45:21,610 - retrun home WP3,none,[-0.5816834   4.39079046  0.95584279],[1.29422164 2.91878724 2.84685636],1.5613938319540617
2024-08-13 13:45:21,813 - retrun home WP3,none,[-0.5816834   4.39079046  0.95584279],[1.31324792 2.98318744 2.8138082 ],1.5597605906814167
2024-08-13 13:45:22,013 - retrun home WP3,none,[-0.5816834   4.39079046  0.95584279],[1.32708764 3.02174425 2.78137398],1.5572617528840034
2024-08-13 13:45:22,213 - retrun home WP3,none,[-0.5816834   4.39079046  0.95584279],[1.33849394 3.0492816  2.74620986],1.5565447214443302
2024-08-13 13:45:22,429 - retrun home WP3,none,[-0.5816834   4.39079046  0.95584279],[1.3500936  3.07606697 2.71237326],1.5554961960377436
2024-08-13 13:45:22,635 - retrun home WP3,none,[-0.5816834   4.39079046  0.95584279],[1.36275136 3.10585785 2.68397331],1.55706743356511
2024-08-13 13:45:22,862 - retrun home WP3,none,[-0.5816834   4.39079046  0.95584279],[1.37456048 3.13704705 2.65954208],1.5582377008294102
2024-08-13 13:45:23,066 - retrun home WP3,none,[-0.5816834   4.39079046  0.95584279],[1.38529706 3.17214966 2.6286304 ],1.5673168924652938
2024-08-13 13:45:23,273 - retrun home WP3,none,[-0.5816834   4.39079046  0.95584279],[1.39467132 3.19951677 2.60570264],1.5577406877311955
2024-08-13 13:45:23,486 - retrun home WP3,none,[-0.5816834   4.39079046  0.95584279],[1.40402365 3.22480106 2.579211  ],1.5556728584251147
2024-08-13 13:45:23,704 - retrun home WP3,none,[-0.5816834   4.39079046  0.95584279],[1.41218126 3.24246788 2.55644512],1.5597321115126028
2024-08-13 13:45:23,928 - retrun home WP3,none,[-0.5816834   4.39079046  0.95584279],[1.42311895 3.26637435 2.5286541 ],1.5598159088169206
2024-08-13 13:45:24,134 - retrun home WP3,none,[-0.5816834   4.39079046  0.95584279],[1.42872834 3.28199029 2.51078916],1.5593558547970976
2024-08-13 13:45:24,355 - retrun home WP3,none,[-0.5816834   4.39079046  0.95584279],[1.43531716 3.30058241 2.49168396],1.55759608717905
2024-08-13 13:45:24,560 - retrun home WP3,none,[-0.5816834   4.39079046  0.95584279],[1.44154227 3.31832457 2.47344279],1.5561222968588944
2024-08-13 13:45:24,820 - retrun home WP3,none,[-0.5816834   4.39079046  0.95584279],[1.44982338 3.34090114 2.45244455],1.5566620705006822
2024-08-13 13:45:25,052 - retrun home WP3,none,[-0.5816834   4.39079046  0.95584279],[1.45632219 3.35645914 2.43183994],1.560963455457275
2024-08-13 13:45:25,254 - retrun home WP3,none,[-0.5816834   4.39079046  0.95584279],[1.4621762  3.36858773 2.41406107],1.557143906547894
2024-08-13 13:45:25,455 - retrun home WP3,none,[-0.5816834   4.39079046  0.95584279],[1.4659276  3.37630367 2.39636707],1.5599593002982572
2024-08-13 13:45:25,660 - retrun home WP3,none,[-0.5816834   4.39079046  0.95584279],[1.46790528 3.38277745 2.37845445],1.563945187992519
2024-08-13 13:45:25,867 - retrun home WP3,none,[-0.5816834   4.39079046  0.95584279],[1.47066402 3.38919854 2.36530042],1.562453208525397
2024-08-13 13:45:26,082 - retrun home WP3,none,[-0.5816834   4.39079046  0.95584279],[1.47451961 3.39980268 2.34368253],1.5618027099954985
2024-08-13 13:45:26,320 - retrun home WP3,none,[-0.5816834   4.39079046  0.95584279],[1.47868598 3.40846515 2.32720399],1.5619479194394572
2024-08-13 13:45:26,520 - retrun home WP3,none,[-0.5816834   4.39079046  0.95584279],[1.48455036 3.41607451 2.31581378],1.56085607281086
2024-08-13 13:45:26,731 - retrun home WP3,none,[-0.5816834   4.39079046  0.95584279],[1.49062586 3.42497706 2.29739833],1.5587857050775977
2024-08-13 13:45:26,936 - retrun home WP3,none,[-0.5816834   4.39079046  0.95584279],[1.49377906 3.43053031 2.28595424],1.5490812858627614
2024-08-13 13:45:27,145 - retrun home WP3,none,[-0.5816834   4.39079046  0.95584279],[1.49873674 3.43449712 2.27262425],1.5601670319203356
2024-08-13 13:45:27,377 - retrun home WP3,none,[-0.5816834   4.39079046  0.95584279],[1.50225258 3.43631315 2.25936127],1.5581613818558653
2024-08-13 13:45:27,579 - retrun home WP3,none,[-0.5816834   4.39079046  0.95584279],[1.50457466 3.43855977 2.24671912],1.5570989203814882
2024-08-13 13:45:27,779 - retrun home WP3,none,[-0.5816834   4.39079046  0.95584279],[1.50850952 3.44309592 2.23886561],1.55447415527187
2024-08-13 13:45:27,979 - retrun home WP3,none,[-0.5816834   4.39079046  0.95584279],[1.51042187 3.4481945  2.22731471],1.553554743563119
2024-08-13 13:45:28,188 - retrun home WP3,none,[-0.5816834   4.39079046  0.95584279],[1.51079416 3.45269537 2.21475291],1.557841675775992
2024-08-13 13:45:28,389 - retrun home WP3,none,[-0.5816834   4.39079046  0.95584279],[1.51371562 3.45856047 2.20901299],1.557607770446856
2024-08-13 13:45:28,592 - retrun home WP3,none,[-0.5816834   4.39079046  0.95584279],[1.51704693 3.46447372 2.2021091 ],1.5538424068210381
2024-08-13 13:45:28,830 - retrun home WP3,none,[-0.5816834   4.39079046  0.95584279],[1.51806247 3.46998978 2.19527483],1.5644662700459357
2024-08-13 13:45:29,038 - retrun home WP3,none,[-0.5816834   4.39079046  0.95584279],[1.52131987 3.47526979 2.19562149],1.5580438726943497
2024-08-13 13:45:29,244 - retrun home WP3,none,[-0.5816834   4.39079046  0.95584279],[1.52334249 3.47882128 2.19359493],1.55943833137678
2024-08-13 13:45:29,497 - retrun home WP3,none,[-0.5816834   4.39079046  0.95584279],[1.52616251 3.48516202 2.19479394],1.5512637897018857
2024-08-13 13:45:29,701 - retrun home WP3,none,[-0.5816834   4.39079046  0.95584279],[1.52507854 3.489218   2.1891799 ],1.5467300620641404
2024-08-13 13:45:29,970 - retrun home WP3,none,[-0.5816834   4.39079046  0.95584279],[1.52388704 3.49383426 2.175385  ],1.558060489599134
2024-08-13 13:45:30,213 - retrun home WP3,none,[-0.5816834   4.39079046  0.95584279],[1.52389216 3.49640203 2.16523886],1.5611190565822874
2024-08-13 13:45:30,446 - retrun home WP4,none,[-0.5816834   4.39079046  0.95584279],[1.52344453 3.49727678 2.16075182],1.6078450272111
2024-08-13 13:45:30,662 - retrun home WP4,none,[-0.5816834   4.39079046  0.95584279],[1.52188241 3.50159502 2.14475083],1.9784078058631658
2024-08-13 13:45:30,890 - retrun home WP4,none,[-0.5816834   4.39079046  0.95584279],[1.52078164 3.50671458 2.13071012],2.338729544383945
2024-08-13 13:45:31,157 - retrun home WP4,none,[-0.5816834   4.39079046  0.95584279],[1.51542473 3.50983024 2.12453318],2.6468091980928987
2024-08-13 13:45:31,364 - retrun home WP4,none,[-0.5816834   4.39079046  0.95584279],[1.50870383 3.50999618 2.12211561],2.793561773642989
2024-08-13 13:45:31,603 - retrun home WP4,none,[-0.5816834   4.39079046  0.95584279],[1.50315416 3.51079726 2.12182903],2.880459707953869
