2026-01-20 13:12:23,720 - position: [ 0.0591648  -0.93770587  0.12605585]
2026-01-20 13:12:23,977 - position: [ 0.0590211  -0.93713683  0.12589794]
2026-01-20 13:12:24,236 - position: [ 0.05915678 -0.9372949   0.12577826]
2026-01-20 13:12:24,497 - position: [ 0.05919999 -0.93770629  0.12619279]
2026-01-20 13:12:24,798 - position: [ 0.05905427 -0.93750691  0.12606601]
2026-01-20 13:12:25,059 - position: [ 0.05916952 -0.93722838  0.12599295]
2026-01-20 13:12:25,301 - position: [ 0.05975681 -0.93605304  0.12688097]
2026-01-20 13:12:25,542 - position: [ 0.0625956  -0.93082619  0.13146096]
2026-01-20 13:12:25,841 - position: [ 0.2417122  -0.77819669  0.7275176 ]
2026-01-20 13:12:26,106 - position: [ 0.24961324 -1.157884    1.12857521]
2026-01-20 13:12:26,343 - position: [ 0.23854083 -1.19893146  1.12092555]
2026-01-20 13:12:26,578 - position: [ 0.23794985 -1.20179319  1.1227932 ]
2026-01-20 13:12:26,865 - position: [ 0.2351101  -1.19244921  1.11399579]
2026-01-20 13:12:27,087 - position: [ 0.20914249 -1.17703128  1.1047951 ]
2026-01-20 13:12:27,316 - position: [ 0.20082232 -1.16753256  1.09937966]
2026-01-20 13:12:27,560 - position: [ 0.20555691 -1.16723835  1.09914291]
2026-01-20 13:12:27,789 - position: [ 0.20928952 -1.14594507  1.10350943]
2026-01-20 13:12:28,070 - position: [ 0.22510959 -1.13377893  1.10328734]
2026-01-20 13:12:28,281 - position: [ 0.22914582 -1.1134187   1.08869648]
2026-01-20 13:12:28,510 - position: [ 0.22914582 -1.1134187   1.08869648]
2026-01-20 13:12:28,769 - position: [ 0.05588442 -0.93439686  0.193938  ]
2026-01-20 13:12:29,010 - position: [ 0.0525717  -0.9702177   0.13214675]
2026-01-20 13:12:29,292 - position: [ 0.05300089 -0.97094643  0.12941115]
2026-01-20 13:12:29,514 - position: [ 0.06575375 -0.9715066   0.13625267]
2026-01-20 13:12:29,749 - position: [ 0.06723396 -0.97499514  0.14099623]
2026-01-20 13:12:29,966 - position: [ 0.06723396 -0.97499514  0.14099623]
2026-01-20 13:12:30,173 - position: [ 0.06723396 -0.97499514  0.14099623]
2026-01-20 13:12:30,390 - position: [ 0.05783676 -0.96850115  0.12916404]
2026-01-20 13:12:30,612 - position: [ 0.05799137 -0.96885926  0.12939118]
2026-01-20 13:12:30,824 - position: [ 0.05634541 -0.96826911  0.12948661]
2026-01-20 13:12:31,063 - position: [ 0.05514989 -0.96672231  0.12736492]
2026-01-20 13:12:31,296 - position: [ 0.05420404 -0.96675748  0.12751015]
2026-01-20 13:12:31,523 - position: [ 0.05394978 -0.96678662  0.12775308]
2026-01-20 13:12:31,734 - position: [ 0.05112055 -0.96656859  0.12961608]
2026-01-20 13:12:31,966 - position: [ 0.05441835 -0.96632975  0.12636848]
2026-01-20 13:12:32,184 - position: [ 0.05693505 -0.96755046  0.12792489]
2026-01-20 13:12:32,407 - position: [ 0.05202134 -0.96562684  0.12615566]
2026-01-20 13:12:32,673 - position: [ 0.05000771 -0.96374893  0.1259295 ]
2026-01-20 13:12:32,900 - position: [ 0.05096025 -0.9637568   0.1251968 ]
2026-01-20 13:12:33,126 - position: [ 0.05095383 -0.96370959  0.12512369]
2026-01-20 13:12:33,391 - position: [ 0.05105116 -0.96410745  0.12523988]
2026-01-20 13:12:33,662 - position: [ 0.05088845 -0.9638049   0.12523963]
2026-01-20 13:12:33,898 - position: [ 0.05083425 -0.96382338  0.12528974]
2026-01-20 13:12:34,122 - position: [ 0.05071907 -0.96339983  0.12500796]
2026-01-20 13:12:34,352 - position: [ 0.05058535 -0.9632206   0.12495337]
2026-01-20 13:12:34,567 - position: [ 0.05061719 -0.96319562  0.12495521]
2026-01-20 13:12:34,768 - position: [ 0.05210879 -0.963238    0.1258994 ]
2026-01-20 13:12:34,991 - position: [ 0.04928076 -0.96254635  0.12550659]
2026-01-20 13:12:35,253 - position: [ 0.04824999 -0.96310449  0.12515089]
2026-01-20 13:12:35,467 - position: [ 0.04884016 -0.96519393  0.12720826]
2026-01-20 13:12:35,724 - position: [ 0.04854675 -0.96525842  0.12718484]
2026-01-20 13:12:35,933 - position: [ 0.04878882 -0.96577543  0.1273638 ]
2026-01-20 13:12:36,171 - position: [ 0.04805837 -0.96519768  0.12691839]
2026-01-20 13:12:36,390 - position: [ 0.04811661 -0.96528238  0.1269197 ]
2026-01-20 13:12:36,629 - position: [ 0.04810435 -0.96563989  0.12718853]
2026-01-20 13:12:36,865 - position: [ 0.04819662 -0.9658491   0.12725359]
2026-01-20 13:12:37,090 - position: [ 0.04805225 -0.96577281  0.12705509]
2026-01-20 13:12:37,312 - position: [ 0.04808507 -0.96566433  0.12706877]
2026-01-20 13:12:37,542 - position: [ 0.04811017 -0.96528018  0.1269546 ]
2026-01-20 13:12:37,764 - position: [ 0.04803952 -0.96516675  0.12684907]
2026-01-20 13:12:38,099 - position: [ 0.04820411 -0.9653734   0.12687631]
2026-01-20 13:12:38,324 - position: [ 0.04828151 -0.96552408  0.1269404 ]
2026-01-20 13:12:38,587 - position: [ 0.04809102 -0.96543813  0.12698479]
2026-01-20 13:12:38,846 - position: [ 0.04786801 -0.96520138  0.12693697]
2026-01-20 13:12:39,116 - position: [ 0.04778278 -0.96495289  0.1268183 ]
2026-01-20 13:12:39,327 - position: [ 0.04781104 -0.96494883  0.12683956]
2026-01-20 13:12:39,727 - position: [ 0.04783082 -0.96498793  0.12689656]
2026-01-20 13:12:40,002 - position: [ 0.04787146 -0.96496797  0.12691841]
2026-01-20 13:12:40,272 - position: [ 0.04792959 -0.96497452  0.12699679]
2026-01-20 13:12:40,500 - position: [ 0.04102031 -0.9658916   0.12687004]
2026-01-20 13:12:40,738 - position: [ 0.04308597 -0.96635461  0.12647925]
2026-01-20 13:12:40,978 - position: [ 0.04128312 -0.96796548  0.12595707]
2026-01-20 13:12:41,204 - position: [ 0.04157261 -0.96885115  0.12629353]
2026-01-20 13:12:41,442 - position: [ 0.04123839 -0.96709561  0.12550378]
2026-01-20 13:12:41,653 - position: [ 0.04013766 -0.96181047  0.12413774]
2026-01-20 13:12:41,880 - position: [ 0.04061561 -0.96513277  0.12427926]
2026-01-20 13:12:42,117 - position: [ 0.04080083 -0.96507311  0.12461301]
2026-01-20 13:12:42,345 - position: [ 0.04123677 -0.9642908   0.12427539]
2026-01-20 13:12:42,585 - position: [ 0.04030994 -0.96416599  0.12507743]
2026-01-20 13:12:42,870 - position: [ 0.0386012  -0.96680194  0.12435704]
2026-01-20 13:12:43,086 - position: [ 0.0385863  -0.96675277  0.124497  ]
2026-01-20 13:12:43,302 - position: [ 0.03890444 -0.96682918  0.12437805]
2026-01-20 13:12:43,518 - position: [ 0.03895909 -0.96679157  0.12437377]
2026-01-20 13:12:43,753 - position: [ 0.03808171 -0.9669022   0.1245156 ]
2026-01-20 13:12:43,980 - position: [ 0.03821373 -0.96544284  0.12477849]
2026-01-20 13:12:44,196 - position: [ 0.03874044 -0.96463013  0.12402622]
2026-01-20 13:12:44,467 - position: [ 0.04097423 -0.9638111   0.12546763]
2026-01-20 13:12:44,668 - position: [ 0.04085798 -0.96528482  0.12488649]
2026-01-20 13:12:44,941 - position: [ 0.04119197 -0.96361417  0.12539008]
2026-01-20 13:12:45,210 - position: [ 0.04118862 -0.96346825  0.12547846]
2026-01-20 13:12:45,413 - position: [ 0.04135769 -0.96394646  0.1257039 ]
2026-01-20 13:12:45,664 - position: [ 0.04143631 -0.96406704  0.12598732]
2026-01-20 13:12:45,892 - position: [ 0.04141475 -0.96455532  0.12545222]
2026-01-20 13:12:46,157 - position: [ 0.04119692 -0.96451497  0.12541425]
2026-01-20 13:12:46,387 - position: [ 0.0412849  -0.96661317  0.12530003]
2026-01-20 13:12:46,652 - position: [ 0.04101888 -0.96608222  0.12513697]
2026-01-20 13:12:46,929 - position: [ 0.04141261 -0.9639796   0.12573746]
2026-01-20 13:12:47,169 - position: [ 0.04133262 -0.96555954  0.12501608]
2026-01-20 13:12:47,427 - position: [ 0.04082582 -0.96381611  0.12553011]
2026-01-20 13:12:47,657 - position: [ 0.04073162 -0.96423668  0.12591095]
2026-01-20 13:12:47,861 - position: [ 0.04073162 -0.96423668  0.12591095]
2026-01-20 13:12:48,094 - position: [ 0.03941036 -0.96918529  0.12666306]
2026-01-20 13:12:48,341 - position: [ 0.04182916 -0.9707005   0.12584737]
2026-01-20 13:12:48,608 - position: [ 0.04344866 -0.96920115  0.12489303]
2026-01-20 13:12:48,819 - position: [ 0.04160208 -0.96891534  0.12400297]
2026-01-20 13:12:49,067 - position: [ 0.04167412 -0.96913648  0.1240397 ]
2026-01-20 13:12:49,345 - position: [ 0.03989526 -0.97089082  0.12535895]
2026-01-20 13:12:49,548 - position: [ 0.03982385 -0.96967506  0.12464534]
2026-01-20 13:12:49,769 - position: [ 0.03980462 -0.96968901  0.12456782]
2026-01-20 13:12:50,031 - position: [ 0.04024585 -0.97046846  0.1263314 ]
2026-01-20 13:12:50,267 - position: [ 0.03994076 -0.97075355  0.12645014]
2026-01-20 13:12:50,575 - position: [ 0.03985875 -0.97071028  0.12656528]
2026-01-20 13:12:50,785 - position: [ 0.03981593 -0.97083527  0.12656958]
2026-01-20 13:12:51,136 - position: [ 0.03981445 -0.97080779  0.12657809]
2026-01-20 13:12:51,445 - position: [ 0.03979106 -0.97079641  0.12640706]
2026-01-20 13:12:51,722 - position: [ 0.07802505 -0.8830865   0.20325492]
2026-01-20 13:12:52,045 - position: [ 0.17385469 -0.76484126  0.42943355]
2026-01-20 13:12:52,313 - position: [ 0.21499915 -1.14336908  1.13892674]
2026-01-20 13:12:52,563 - position: [ 0.20539574 -1.22830188  1.13373411]
2026-01-20 13:12:52,925 - position: [ 0.22486897 -1.23930943  1.12497866]
2026-01-20 13:12:53,164 - position: [ 0.24063483 -1.24795818  1.11453938]
2026-01-20 13:12:53,402 - position: [ 0.24811025 -1.25189137  1.11511064]
2026-01-20 13:12:53,640 - position: [ 0.24706608 -1.25096893  1.11425722]
2026-01-20 13:12:53,888 - position: [ 0.24326821 -1.20048916  1.11307693]
2026-01-20 13:12:54,139 - position: [ 0.22102268 -1.17708898  1.10233629]
2026-01-20 13:12:54,397 - position: [ 0.21637328 -1.16978395  1.09829319]
2026-01-20 13:12:54,642 - position: [ 0.207247   -1.15050125  1.09910035]
2026-01-20 13:12:54,950 - position: [ 0.23545192 -1.13569212  1.10384524]
2026-01-20 13:12:55,176 - position: [ 0.25266731 -1.00122368  1.05078757]
2026-01-20 13:12:55,447 - position: [ 0.0874726  -0.83713323  0.25610998]
2026-01-20 13:12:55,676 - position: [ 0.06079835 -0.87699932  0.17528369]
2026-01-20 13:12:56,008 - position: [ 0.04760868 -0.9293713   0.11562705]
2026-01-20 13:12:56,261 - position: [ 0.0487188  -0.93069166  0.11550365]
2026-01-20 13:12:56,491 - position: [ 0.04855694 -0.92981791  0.11516555]
2026-01-20 13:12:56,732 - position: [ 0.04873268 -0.9306339   0.115572  ]
2026-01-20 13:12:57,046 - position: [ 0.04843954 -0.92979831  0.11514792]
2026-01-20 13:12:57,317 - position: [ 0.04821619 -0.92917806  0.11485939]
2026-01-20 13:12:57,566 - position: [ 0.04813265 -0.92851377  0.11470203]
2026-01-20 13:12:57,820 - position: [ 0.04808949 -0.92880964  0.11457812]
2026-01-20 13:12:58,039 - position: [ 0.04825918 -0.92943996  0.1146709 ]
2026-01-20 13:12:58,357 - position: [ 0.04829507 -0.92883313  0.11455166]
2026-01-20 13:12:58,596 - position: [ 0.0478979  -0.92890209  0.11417978]
2026-01-20 13:12:58,833 - position: [ 0.04757737 -0.92882299  0.11443012]
2026-01-20 13:12:59,078 - position: [ 0.04748913 -0.92909575  0.11418545]
2026-01-20 13:12:59,291 - position: [ 0.04615275 -0.92918175  0.11390136]
2026-01-20 13:12:59,533 - position: [ 0.04626718 -0.92794371  0.11397065]
2026-01-20 13:12:59,825 - position: [ 0.04628197 -0.92773813  0.11348098]
2026-01-20 13:13:00,059 - position: [ 0.04686624 -0.92735952  0.11265432]
2026-01-20 13:13:00,295 - position: [ 0.04681395 -0.92805493  0.11309551]
2026-01-20 13:13:00,611 - position: [ 0.04750429 -0.92762589  0.11319508]
2026-01-20 13:13:00,844 - position: [ 0.04737158 -0.92803681  0.11277645]
2026-01-20 13:13:01,112 - position: [ 0.0472667  -0.92786354  0.1126595 ]
2026-01-20 13:13:01,332 - position: [ 0.04730643 -0.92795563  0.11246821]
2026-01-20 13:13:01,626 - position: [ 0.04737244 -0.92784697  0.11244959]
2026-01-20 13:13:01,839 - position: [ 0.0471637  -0.92764741  0.11213737]
2026-01-20 13:13:02,057 - position: [ 0.04670163 -0.92729312  0.11189288]
2026-01-20 13:13:02,287 - position: [ 0.0468985  -0.92739785  0.11187323]
2026-01-20 13:13:02,511 - position: [ 0.04696825 -0.92749804  0.11185605]
2026-01-20 13:13:02,766 - position: [ 0.047063   -0.92785406  0.11203452]
2026-01-20 13:13:02,987 - position: [ 0.04733519 -0.92768216  0.11209441]
2026-01-20 13:13:03,274 - position: [ 0.04777312 -0.92664099  0.1121966 ]
2026-01-20 13:13:03,512 - position: [ 0.04680648 -0.92617512  0.11142991]
2026-01-20 13:13:03,747 - position: [ 0.04706358 -0.92680854  0.1114575 ]
2026-01-20 13:13:03,959 - position: [ 0.04709736 -0.92656112  0.11133752]
2026-01-20 13:13:04,213 - position: [ 0.0473678  -0.92642736  0.11145   ]
2026-01-20 13:13:04,425 - position: [ 0.0475466  -0.92653704  0.11158895]
2026-01-20 13:13:04,658 - position: [ 0.04750948 -0.92641985  0.1115734 ]
2026-01-20 13:13:04,879 - position: [ 0.04732823 -0.92625093  0.11144302]
2026-01-20 13:13:05,115 - position: [ 0.0473153  -0.92622179  0.11137513]
2026-01-20 13:13:05,375 - position: [ 0.04730474 -0.92617047  0.11132491]
2026-01-20 13:13:05,652 - position: [ 0.04724827 -0.92598325  0.11124582]
2026-01-20 13:13:05,943 - position: [ 0.04718995 -0.92584181  0.11118163]
2026-01-20 13:13:06,193 - position: [ 0.04713851 -0.92557853  0.11099495]
2026-01-20 13:13:06,434 - position: [ 0.04717107 -0.92562646  0.11105475]
2026-01-20 13:13:06,745 - position: [ 0.04711898 -0.9256835   0.11110563]
2026-01-20 13:13:07,032 - position: [ 0.0471447  -0.92572325  0.11118535]
2026-01-20 13:13:07,250 - position: [ 0.04715101 -0.92580265  0.11124273]
2026-01-20 13:13:07,522 - position: [ 0.04722458 -0.92590731  0.1112423 ]
2026-01-20 13:13:07,851 - position: [ 0.0472229  -0.92583168  0.11127525]
2026-01-20 13:13:08,079 - position: [ 0.04688713 -0.92552596  0.11082058]
2026-01-20 13:13:08,430 - position: [ 0.04713839 -0.92552251  0.11043842]
2026-01-20 13:13:08,710 - position: [ 0.04717381 -0.9253512   0.11031774]
2026-01-20 13:13:08,965 - position: [ 0.04711577 -0.92532408  0.11033868]
2026-01-20 13:13:09,217 - position: [ 0.04709703 -0.92523837  0.11028244]
2026-01-20 13:13:09,439 - position: [ 0.04688658 -0.92564636  0.11008621]
2026-01-20 13:13:09,668 - position: [ 0.04692163 -0.92561561  0.11005674]
2026-01-20 13:13:09,887 - position: [ 0.04712512 -0.92504936  0.11011287]
2026-01-20 13:13:10,129 - position: [ 0.04714059 -0.92504352  0.11009701]
2026-01-20 13:13:10,379 - position: [ 0.04717576 -0.92511785  0.11017187]
2026-01-20 13:13:10,614 - position: [ 0.04681801 -0.92550874  0.10986895]
2026-01-20 13:13:10,837 - position: [ 0.04723082 -0.92528027  0.11022637]
2026-01-20 13:13:11,076 - position: [ 0.04713885 -0.92513919  0.1101869 ]
2026-01-20 13:13:11,339 - position: [ 0.04723194 -0.92524874  0.11020069]
2026-01-20 13:13:11,555 - position: [ 0.0472194  -0.92526782  0.11023355]
2026-01-20 13:13:11,784 - position: [ 0.0472194  -0.92526782  0.11023355]
2026-01-20 13:13:12,079 - position: [ 0.04721563 -0.92522866  0.11017361]
2026-01-20 13:13:12,401 - position: [ 0.04725553 -0.92523509  0.11018322]
2026-01-20 13:13:12,647 - position: [ 0.04725559 -0.92533898  0.11033219]
2026-01-20 13:13:12,874 - position: [ 0.04731232 -0.92539644  0.1103816 ]
2026-01-20 13:13:13,129 - position: [ 0.04755826 -0.92577201  0.11067764]
2026-01-20 13:13:13,339 - position: [ 0.04736643 -0.92547309  0.11054239]
2026-01-20 13:13:13,591 - position: [ 0.04743925 -0.92536277  0.11090698]
2026-01-20 13:13:13,820 - position: [ 0.0473927  -0.92603379  0.11099888]
2026-01-20 13:13:14,074 - position: [ 0.04719229 -0.92643332  0.11092762]
2026-01-20 13:13:14,280 - position: [ 0.04707085 -0.92701828  0.11094568]
2026-01-20 13:13:14,520 - position: [ 0.04702016 -0.92638785  0.11095981]
2026-01-20 13:13:14,759 - position: [ 0.04680002 -0.92688221  0.11079298]
2026-01-20 13:13:14,982 - position: [ 0.04689454 -0.92630863  0.110866  ]
2026-01-20 13:13:15,274 - position: [ 0.04697084 -0.92620289  0.11085418]
2026-01-20 13:13:15,647 - position: [ 0.04711161 -0.92582083  0.11067457]
2026-01-20 13:13:15,892 - position: [ 0.04706793 -0.92574072  0.11062768]
2026-01-20 13:13:16,202 - position: [ 0.04704805 -0.92550075  0.11055134]
2026-01-20 13:13:16,414 - position: [ 0.04700401 -0.92514879  0.11037125]
2026-01-20 13:13:16,684 - position: [ 0.04719055 -0.92500669  0.11023587]
2026-01-20 13:13:16,919 - position: [ 0.04717737 -0.92459249  0.11009687]
2026-01-20 13:13:17,165 - position: [ 0.04685431 -0.92472357  0.11049266]
2026-01-20 13:13:17,459 - position: [ 0.04659217 -0.92446631  0.11019707]
2026-01-20 13:13:17,720 - position: [ 0.0470732  -0.92363375  0.10986177]
2026-01-20 13:13:17,959 - position: [ 0.04693905 -0.92352623  0.10968933]
2026-01-20 13:13:18,192 - position: [ 0.04718957 -0.9234038   0.10952799]
2026-01-20 13:13:18,410 - position: [ 0.04700056 -0.92327642  0.1093309 ]
2026-01-20 13:13:18,647 - position: [ 0.04704336 -0.9234162   0.1094651 ]
2026-01-20 13:13:18,877 - position: [ 0.04592468 -0.92300773  0.10941297]
2026-01-20 13:13:19,144 - position: [ 0.04594345 -0.92312527  0.10939645]
2026-01-20 13:13:19,390 - position: [ 0.04669008 -0.92338926  0.10928001]
2026-01-20 13:13:19,656 - position: [ 0.0468897  -0.92350322  0.10940439]
2026-01-20 13:13:19,881 - position: [ 0.04686757 -0.92338651  0.10942131]
2026-01-20 13:13:20,086 - position: [ 0.0468259  -0.92339575  0.10939742]
2026-01-20 13:13:20,302 - position: [ 0.04678896 -0.92332083  0.10942864]
2026-01-20 13:13:20,518 - position: [ 0.04686853 -0.92395121  0.10976896]
2026-01-20 13:13:20,773 - position: [ 0.04686819 -0.92403644  0.10981111]
2026-01-20 13:13:21,017 - position: [ 0.04677556 -0.92417943  0.10987153]
2026-01-20 13:13:21,279 - position: [ 0.04666534 -0.92401731  0.10981562]
2026-01-20 13:13:21,500 - position: [ 0.04650753 -0.92397773  0.10965928]
2026-01-20 13:13:21,764 - position: [ 0.04652733 -0.92366672  0.10961784]
2026-01-20 13:13:21,993 - position: [ 0.04658302 -0.92361504  0.10949484]
2026-01-20 13:13:22,219 - position: [ 0.0465137  -0.9235636   0.10961356]
2026-01-20 13:13:22,435 - position: [ 0.04644902 -0.92357534  0.10964823]
2026-01-20 13:13:22,682 - position: [ 0.04648282 -0.92356402  0.10977379]
2026-01-20 13:13:22,957 - position: [ 0.04666686 -0.92350614  0.10963427]
2026-01-20 13:13:23,198 - position: [ 0.04667406 -0.92349017  0.10962582]
2026-01-20 13:13:23,427 - position: [ 0.04667406 -0.92349017  0.10962582]
2026-01-20 13:13:23,643 - position: [ 0.04665862 -0.92345774  0.10952955]
2026-01-20 13:13:23,881 - position: [ 0.04683286 -0.92312264  0.10931589]
2026-01-20 13:13:24,116 - position: [ 0.04701177 -0.92293423  0.109305  ]
2026-01-20 13:13:24,400 - position: [ 0.04694633 -0.92330205  0.109387  ]
2026-01-20 13:13:24,677 - position: [ 0.04688992 -0.92319673  0.10946613]
2026-01-20 13:13:24,885 - position: [ 0.04694503 -0.9234845   0.10948404]
2026-01-20 13:13:25,106 - position: [ 0.04672483 -0.92348856  0.10952735]
2026-01-20 13:13:25,327 - position: [ 0.04650135 -0.92455953  0.11012   ]
2026-01-20 13:13:25,554 - position: [ 0.04645246 -0.924698    0.11018324]
2026-01-20 13:13:25,799 - position: [ 0.04599294 -0.92461532  0.11031722]
2026-01-20 13:13:26,102 - position: [ 0.0460071  -0.92444295  0.11031741]
2026-01-20 13:13:26,347 - position: [ 0.04590122 -0.92442441  0.11023735]
2026-01-20 13:13:26,584 - position: [ 0.04591197 -0.92391831  0.11021413]
2026-01-20 13:13:26,832 - position: [ 0.0459244  -0.92425936  0.11028539]
2026-01-20 13:13:27,057 - position: [ 0.04617238 -0.92424244  0.11023165]
2026-01-20 13:13:27,273 - position: [ 0.04619275 -0.92476839  0.11009787]
2026-01-20 13:13:27,542 - position: [ 0.04624018 -0.92467475  0.11006597]
2026-01-20 13:13:27,841 - position: [ 0.04672519 -0.92408079  0.11007237]
2026-01-20 13:13:28,076 - position: [ 0.04666337 -0.92462939  0.10993713]
2026-01-20 13:13:28,328 - position: [ 0.04668613 -0.92483467  0.10997061]
2026-01-20 13:13:28,593 - position: [ 0.04662758 -0.92482913  0.10998358]
2026-01-20 13:13:28,801 - position: [ 0.04683155 -0.9241969   0.1099876 ]
2026-01-20 13:13:29,020 - position: [ 0.04692154 -0.92411351  0.11009479]
2026-01-20 13:13:29,242 - position: [ 0.04692201 -0.9241212   0.11010329]
2026-01-20 13:13:29,457 - position: [ 0.04675038 -0.92420268  0.11001416]
2026-01-20 13:13:29,762 - position: [ 0.04666695 -0.92471606  0.11001184]
2026-01-20 13:13:37,380 - position: [ 0.04637673 -0.92734796  0.11079877]
2026-01-20 13:13:37,645 - position: [ 0.04629693 -0.92720455  0.11068948]
2026-01-20 13:13:37,859 - position: [ 0.0463119  -0.92726356  0.11067066]
2026-01-20 13:13:38,096 - position: [ 0.04636161 -0.92734116  0.11068092]
2026-01-20 13:13:38,330 - position: [ 0.04635796 -0.92720109  0.11067568]
2026-01-20 13:13:38,577 - position: [ 0.04635796 -0.92720109  0.11067568]
2026-01-20 13:13:38,816 - position: [ 0.04639489 -0.92724437  0.1106433 ]
2026-01-20 13:13:39,071 - position: [ 0.04639489 -0.92724437  0.1106433 ]
2026-01-20 13:13:39,354 - position: [ 0.04641012 -0.92724103  0.11065799]
2026-01-20 13:13:39,616 - position: [ 0.04638471 -0.92725563  0.11071565]
2026-01-20 13:13:39,862 - position: [ 0.04642971 -0.92726535  0.11066675]
2026-01-20 13:13:40,073 - position: [ 0.04630058 -0.92721879  0.11066075]
2026-01-20 13:13:40,366 - position: [ 0.04629635 -0.92713988  0.11055445]
2026-01-20 13:13:40,597 - position: [ 0.0462077  -0.92705023  0.11055506]
2026-01-20 13:13:40,908 - position: [ 0.0462071  -0.92700517  0.11051926]
2026-01-20 13:13:41,238 - position: [ 0.04627284 -0.92687851  0.11042777]
2026-01-20 13:13:41,492 - position: [ 0.04625811 -0.92692679  0.11039549]
2026-01-20 13:13:41,693 - position: [ 0.04622628 -0.92691296  0.1103283 ]
2026-01-20 13:13:41,929 - position: [ 0.04620541 -0.92682028  0.11028126]
2026-01-20 13:13:42,176 - position: [ 0.04618872 -0.92681795  0.11036287]
2026-01-20 13:13:42,408 - position: [ 0.04624707 -0.92683303  0.11032134]
2026-01-20 13:13:42,635 - position: [ 0.04614644 -0.92590481  0.10966586]
2026-01-20 13:13:42,889 - position: [ 0.12987776 -0.78055775  0.28737098]
2026-01-20 13:13:43,120 - position: [ 0.22098327 -0.72343791  0.67001921]
2026-01-20 13:13:43,349 - position: [ 0.22098327 -0.72343791  0.67001921]
2026-01-20 13:13:43,567 - position: [ 0.17939861 -1.08718777  1.12456501]
2026-01-20 13:13:43,870 - position: [ 0.16671875 -1.13522577  1.13279593]
2026-01-20 13:13:44,123 - position: [ 0.16095224 -1.10233462  1.09386396]
2026-01-20 13:13:44,382 - position: [ 0.15119733 -1.09786105  1.09660375]
2026-01-20 13:13:44,633 - position: [ 0.15647763 -1.09128284  1.09439635]
2026-01-20 13:13:44,870 - position: [ 0.16360554 -1.09950602  1.09621572]
2026-01-20 13:13:45,138 - position: [ 0.18548627 -1.0967772   1.09666002]
2026-01-20 13:13:45,410 - position: [ 0.19012982 -1.01078343  0.99027997]
2026-01-20 13:13:45,646 - position: [ 0.11279311 -0.92002231  0.48458561]
2026-01-20 13:13:45,888 - position: [ 0.05982158 -0.95240551  0.17861536]
2026-01-20 13:13:46,114 - position: [ 0.05313224 -0.95960379  0.13460608]
2026-01-20 13:13:46,344 - position: [ 0.05150937 -0.95365793  0.12925901]
2026-01-20 13:13:46,605 - position: [ 0.05321934 -0.96248615  0.12993534]
2026-01-20 13:13:46,825 - position: [ 0.05556878 -0.96745688  0.13171996]
2026-01-20 13:13:47,057 - position: [ 0.05444036 -0.96574807  0.13068157]
2026-01-20 13:13:47,269 - position: [ 0.05501227 -0.96596199  0.13093017]
2026-01-20 13:13:47,494 - position: [ 0.05674847 -0.96511823  0.13145745]
2026-01-20 13:13:47,773 - position: [ 0.06554496 -0.95549554  0.13320304]
2026-01-20 13:13:48,011 - position: [ 0.06467197 -0.95535338  0.13290802]
2026-01-20 13:13:48,242 - position: [ 0.06492161 -0.9585427   0.13346279]
2026-01-20 13:13:48,484 - position: [ 0.06497402 -0.95854968  0.13378622]
2026-01-20 13:13:48,716 - position: [ 0.0648285  -0.95914435  0.13389046]
2026-01-20 13:13:48,919 - position: [ 0.06446228 -0.95910108  0.13363391]
2026-01-20 13:13:49,148 - position: [ 0.06292677 -0.95901293  0.13284138]
2026-01-20 13:13:49,349 - position: [ 0.06179016 -0.95940679  0.1320533 ]
2026-01-20 13:13:49,693 - position: [ 0.06212503 -0.96092981  0.13263634]
2026-01-20 13:13:49,981 - position: [ 0.06096953 -0.96249336  0.13259543]
2026-01-20 13:13:50,200 - position: [ 0.0604133  -0.96316701  0.13264333]
2026-01-20 13:13:50,455 - position: [ 0.06035189 -0.96323967  0.1327135 ]
2026-01-20 13:13:50,699 - position: [ 0.05995681 -0.96314919  0.13263756]
2026-01-20 13:13:50,937 - position: [ 0.05996998 -0.9635455   0.13278975]
2026-01-20 13:13:51,161 - position: [ 0.05996844 -0.96377164  0.13290392]
2026-01-20 13:13:51,448 - position: [ 0.05974733 -0.96349549  0.13265827]
2026-01-20 13:13:51,668 - position: [ 0.05835341 -0.96312559  0.13182686]
2026-01-20 13:13:51,924 - position: [ 0.05620332 -0.96210814  0.13063766]
2026-01-20 13:13:52,162 - position: [ 0.05621487 -0.96123004  0.13034083]
2026-01-20 13:13:52,373 - position: [ 0.05621487 -0.96123004  0.13034083]
2026-01-20 13:13:52,599 - position: [ 0.05509936 -0.96107852  0.12977767]
2026-01-20 13:13:52,847 - position: [ 0.05286578 -0.96032721  0.12843654]
2026-01-20 13:13:53,099 - position: [ 0.05218648 -0.96300399  0.12781988]
2026-01-20 13:13:53,332 - position: [ 0.05193125 -0.96231329  0.1273094 ]
2026-01-20 13:13:53,587 - position: [ 0.05232677 -0.96232462  0.12726636]
2026-01-20 13:13:53,832 - position: [ 0.05265991 -0.96270561  0.12740561]
2026-01-20 13:13:54,060 - position: [ 0.0523424  -0.96280181  0.12746865]
2026-01-20 13:13:54,274 - position: [ 0.05215359 -0.96261138  0.1275309 ]
2026-01-20 13:13:54,485 - position: [ 0.051968   -0.96241188  0.12740514]
2026-01-20 13:13:54,757 - position: [ 0.05210652 -0.96229857  0.12730707]
2026-01-20 13:13:54,995 - position: [ 0.05224183 -0.96264189  0.12742735]
2026-01-20 13:13:55,223 - position: [ 0.0522076  -0.96242237  0.12742977]
2026-01-20 13:13:55,441 - position: [ 0.05206997 -0.9627732   0.12760781]
2026-01-20 13:13:55,664 - position: [ 0.05204448 -0.96273643  0.12744699]
2026-01-20 13:13:55,897 - position: [ 0.05202236 -0.96273023  0.12741877]
2026-01-20 13:13:56,142 - position: [ 0.05199447 -0.96220237  0.12711661]
2026-01-20 13:13:56,394 - position: [ 0.05170744 -0.96254951  0.12737758]
2026-01-20 13:13:56,642 - position: [ 0.05144167 -0.962394    0.12711821]
2026-01-20 13:13:56,870 - position: [ 0.05152902 -0.96260291  0.12725556]
2026-01-20 13:13:57,095 - position: [ 0.05139089 -0.96232665  0.12703909]
2026-01-20 13:13:57,379 - position: [ 0.05139089 -0.96232665  0.12703909]
2026-01-20 13:13:57,616 - position: [ 0.05120183 -0.96185356  0.12666066]
2026-01-20 13:13:57,876 - position: [ 0.05101262 -0.96174532  0.12656297]
2026-01-20 13:13:58,112 - position: [ 0.05088839 -0.96155375  0.12641911]
2026-01-20 13:13:58,371 - position: [ 0.05076572 -0.96103889  0.12619211]
2026-01-20 13:13:58,650 - position: [ 0.05079606 -0.9609893   0.12614535]
2026-01-20 13:13:58,930 - position: [ 0.05029963 -0.96088338  0.12612666]
2026-01-20 13:13:59,167 - position: [ 0.0498912  -0.96084458  0.12617004]
2026-01-20 13:13:59,477 - position: [ 0.04996612 -0.96083528  0.12605946]
2026-01-20 13:13:59,692 - position: [ 0.04991647 -0.96078813  0.12606129]
2026-01-20 13:13:59,906 - position: [ 0.0499295  -0.96075487  0.12605591]
2026-01-20 13:14:00,227 - position: [ 0.05003398 -0.96061313  0.12605113]
2026-01-20 13:14:00,503 - position: [ 0.0500994  -0.96068901  0.12612298]
2026-01-20 13:14:00,746 - position: [ 0.04999517 -0.96073669  0.12620914]
2026-01-20 13:14:00,997 - position: [ 0.05007994 -0.96070141  0.12624004]
2026-01-20 13:14:01,250 - position: [ 0.04984662 -0.96093482  0.12627256]
2026-01-20 13:14:01,474 - position: [ 0.05001232 -0.96086109  0.12636076]
2026-01-20 13:14:01,745 - position: [ 0.05024152 -0.96175468  0.12649472]
2026-01-20 13:14:02,015 - position: [ 0.04974699 -0.96125644  0.12635775]
2026-01-20 13:14:02,245 - position: [ 0.04944139 -0.96242571  0.12655196]
2026-01-20 13:14:02,505 - position: [ 0.04879328 -0.96244127  0.12649597]
2026-01-20 13:14:02,759 - position: [ 0.04822649 -0.96196955  0.1263667 ]
2026-01-20 13:14:02,976 - position: [ 0.0486611  -0.96070194  0.12638874]
2026-01-20 13:14:03,233 - position: [ 0.04843379 -0.96130753  0.12641972]
2026-01-20 13:14:03,525 - position: [ 0.04913845 -0.96097982  0.12638043]
2026-01-20 13:14:03,737 - position: [ 0.04868612 -0.96133715  0.12638263]
2026-01-20 13:14:03,985 - position: [ 0.04838523 -0.9607383   0.12627982]
2026-01-20 13:14:04,270 - position: [ 0.04810993 -0.96288055  0.12681016]
2026-01-20 13:14:04,511 - position: [ 0.04877335 -0.96283454  0.1265894 ]
2026-01-20 13:14:04,738 - position: [ 0.04940326 -0.96295494  0.12663625]
2026-01-20 13:14:04,997 - position: [ 0.04990092 -0.96264297  0.12660375]
2026-01-20 13:14:05,248 - position: [ 0.04932232 -0.96815801  0.12746722]
2026-01-20 13:14:05,495 - position: [ 0.04880624 -0.96714693  0.12717348]
2026-01-20 13:14:05,720 - position: [ 0.04888775 -0.96683329  0.12711237]
2026-01-20 13:14:05,935 - position: [ 0.04937059 -0.96714741  0.12734582]
2026-01-20 13:14:06,170 - position: [ 0.04968613 -0.96780932  0.12759344]
2026-01-20 13:14:06,411 - position: [ 0.05082459 -0.97039771  0.12821926]
2026-01-20 13:14:06,671 - position: [ 0.04841612 -0.96318758  0.12620178]
2026-01-20 13:14:06,905 - position: [ 0.04874733 -0.96279061  0.12643887]
2026-01-20 13:14:07,172 - position: [ 0.04910459 -0.9632951   0.12681185]
2026-01-20 13:14:07,402 - position: [ 0.04915312 -0.96301919  0.12683587]
2026-01-20 13:14:07,713 - position: [ 0.04906471 -0.96252143  0.12664568]
2026-01-20 13:14:07,978 - position: [ 0.04928662 -0.96300447  0.12684272]
2026-01-20 13:14:08,321 - position: [ 0.04932063 -0.96303344  0.1269861 ]
2026-01-20 13:14:08,529 - position: [ 0.04949898 -0.96315742  0.12730917]
2026-01-20 13:14:08,794 - position: [ 0.04958611 -0.96297741  0.12737653]
2026-01-20 13:14:09,087 - position: [ 0.04952851 -0.96290141  0.12731504]
2026-01-20 13:14:09,362 - position: [ 0.04955368 -0.96290576  0.12731378]
2026-01-20 13:14:09,669 - position: [ 0.04902225 -0.96288669  0.12695065]
2026-01-20 13:14:09,904 - position: [ 0.04906945 -0.96251035  0.12709999]
2026-01-20 13:14:10,149 - position: [ 0.04969933 -0.96411759  0.12755126]
2026-01-20 13:14:10,380 - position: [ 0.04928679 -0.96338362  0.12721805]
2026-01-20 13:14:10,621 - position: [ 0.04908429 -0.96306509  0.12702109]
2026-01-20 13:14:10,860 - position: [ 0.04915529 -0.96409094  0.12680531]
2026-01-20 13:14:11,095 - position: [ 0.0489269  -0.96346384  0.12650771]
2026-01-20 13:14:11,336 - position: [ 0.04891565 -0.96348703  0.12652768]
2026-01-20 13:14:11,584 - position: [ 0.04891565 -0.96348703  0.12652768]
2026-01-20 13:14:11,820 - position: [ 0.04894546 -0.9635374   0.12656578]
2026-01-20 13:14:12,092 - position: [ 0.04891078 -0.96362692  0.12660994]
2026-01-20 13:14:12,325 - position: [ 0.04886948 -0.96350306  0.12663181]
2026-01-20 13:14:12,575 - position: [ 0.04886404 -0.96361369  0.12667644]
2026-01-20 13:14:12,855 - position: [ 0.04866366 -0.963296    0.12662362]
2026-01-20 13:14:13,076 - position: [ 0.04869109 -0.96329248  0.12663017]
2026-01-20 13:14:13,292 - position: [ 0.04865695 -0.96338594  0.12662826]
2026-01-20 13:14:13,527 - position: [ 0.0486671  -0.96340466  0.12659536]
2026-01-20 13:14:13,760 - position: [ 0.04850956 -0.96326351  0.12658165]
2026-01-20 13:14:13,982 - position: [ 0.04850956 -0.96326351  0.12658165]
2026-01-20 13:14:14,231 - position: [ 0.04851571 -0.96330994  0.12665616]
2026-01-20 13:14:14,475 - position: [ 0.04768968 -0.96287453  0.12703747]
2026-01-20 13:14:14,691 - position: [ 0.04777252 -0.96301568  0.12724231]
2026-01-20 13:14:14,983 - position: [ 0.04796104 -0.96281874  0.12723744]
2026-01-20 13:14:15,234 - position: [ 0.04799593 -0.96281844  0.12722638]
2026-01-20 13:14:15,532 - position: [ 0.04811681 -0.96296686  0.12740889]
2026-01-20 13:14:15,751 - position: [ 0.04801951 -0.96275419  0.12723567]
2026-01-20 13:14:15,990 - position: [ 0.04812351 -0.9627254   0.12715161]
2026-01-20 13:14:16,213 - position: [ 0.04824753 -0.96267992  0.12714787]
2026-01-20 13:14:16,428 - position: [ 0.04822168 -0.96271235  0.12714344]
2026-01-20 13:14:16,666 - position: [ 0.04839537 -0.96281248  0.12726957]
2026-01-20 13:14:16,934 - position: [ 0.04847457 -0.96243829  0.12720142]
2026-01-20 13:14:17,156 - position: [ 0.04843779 -0.96232718  0.12719551]
2026-01-20 13:14:17,409 - position: [ 0.04845596 -0.9623642   0.12721205]
2026-01-20 13:14:17,646 - position: [ 0.04854555 -0.96335036  0.12772247]
2026-01-20 13:14:17,904 - position: [ 0.04830251 -0.962924    0.12750569]
2026-01-20 13:14:18,135 - position: [ 0.04830512 -0.96291828  0.12750547]
2026-01-20 13:14:18,351 - position: [ 0.0485839  -0.96335268  0.1278283 ]
2026-01-20 13:14:18,594 - position: [ 0.04857068 -0.96347564  0.12803942]
2026-01-20 13:14:18,807 - position: [ 0.04863627 -0.96404171  0.12862524]
2026-01-20 13:14:19,035 - position: [ 0.04851147 -0.96402341  0.12842587]
2026-01-20 13:14:19,308 - position: [ 0.04849994 -0.96408224  0.12850186]
2026-01-20 13:14:19,579 - position: [ 0.04846557 -0.96417755  0.12845649]
2026-01-20 13:14:19,804 - position: [ 0.04882897 -0.96502954  0.12867972]
2026-01-20 13:14:20,035 - position: [ 0.04855702 -0.96397656  0.12809166]
2026-01-20 13:14:20,295 - position: [ 0.04888363 -0.96427262  0.12831907]
2026-01-20 13:14:20,523 - position: [ 0.04861352 -0.96412021  0.12820266]
2026-01-20 13:14:20,761 - position: [ 0.04854639 -0.96405381  0.12809338]
2026-01-20 13:14:20,993 - position: [ 0.04873941 -0.96404064  0.12831827]
2026-01-20 13:14:21,244 - position: [ 0.04877131 -0.96413434  0.12831549]
2026-01-20 13:14:21,451 - position: [ 0.04847736 -0.96401471  0.12803668]
2026-01-20 13:14:21,727 - position: [ 0.0485447  -0.96410078  0.12807985]
2026-01-20 13:14:21,978 - position: [ 0.04838847 -0.96412194  0.12816034]
2026-01-20 13:14:22,203 - position: [ 0.04840346 -0.96408784  0.12807956]
2026-01-20 13:14:22,420 - position: [ 0.04829081 -0.96385074  0.12792949]
2026-01-20 13:14:22,662 - position: [ 0.04826201 -0.96388304  0.12790141]
2026-01-20 13:14:22,891 - position: [ 0.04827857 -0.96402901  0.12780853]
2026-01-20 13:14:23,127 - position: [ 0.04826375 -0.96434236  0.12813947]
2026-01-20 13:14:23,364 - position: [ 0.04832087 -0.96452767  0.12815891]
2026-01-20 13:14:23,598 - position: [ 0.04793765 -0.96490616  0.12798597]
2026-01-20 13:14:23,818 - position: [ 0.04765677 -0.96456486  0.12777396]
2026-01-20 13:14:24,053 - position: [ 0.04765677 -0.96456486  0.12777396]
2026-01-20 13:14:24,271 - position: [ 0.04668943 -0.96552157  0.12762463]
2026-01-20 13:14:24,505 - position: [ 0.04791864 -0.96645814  0.12787503]
2026-01-20 13:14:24,722 - position: [ 0.04683054 -0.96709919  0.12790388]
2026-01-20 13:14:24,971 - position: [ 0.04739674 -0.96759027  0.12781861]
2026-01-20 13:14:25,220 - position: [ 0.04502802 -0.96440715  0.12617213]
2026-01-20 13:14:25,454 - position: [ 0.04528151 -0.96495318  0.12636422]
2026-01-20 13:14:25,734 - position: [ 0.04538995 -0.96506536  0.12640439]
2026-01-20 13:14:25,983 - position: [ 0.04525086 -0.96446764  0.12611045]
2026-01-20 13:14:26,215 - position: [ 0.0449032  -0.96375     0.12596542]
2026-01-20 13:14:26,448 - position: [ 0.04476732 -0.96418858  0.12598228]
2026-01-20 13:14:26,654 - position: [ 0.04456005 -0.96383727  0.12581427]
2026-01-20 13:14:26,934 - position: [ 0.04440026 -0.96342897  0.12561549]
2026-01-20 13:14:27,168 - position: [ 0.04423098 -0.96315306  0.12543759]
2026-01-20 13:14:27,440 - position: [ 0.05829526 -0.92445582  0.14768474]
2026-01-20 13:14:27,676 - position: [ 0.21896249 -0.79502726  0.67481124]
2026-01-20 13:14:27,924 - position: [ 0.23049551 -0.81034863  0.7403909 ]
2026-01-20 13:14:28,163 - position: [ 0.21820912 -1.20062244  1.11809194]
2026-01-20 13:14:28,426 - position: [ 0.20637053 -1.18990874  1.12256861]
2026-01-20 13:14:28,648 - position: [ 0.20290136 -1.18764091  1.12309873]
2026-01-20 13:14:28,878 - position: [ 0.1801313  -1.16173387  1.11528432]
2026-01-20 13:14:29,144 - position: [ 0.1726329  -1.15160692  1.11044109]
2026-01-20 13:14:29,385 - position: [ 0.16634993 -1.1450702   1.10670745]
2026-01-20 13:14:29,618 - position: [ 0.16736311 -1.14686847  1.10849404]
2026-01-20 13:14:29,844 - position: [ 0.17202288 -1.15619755  1.11289942]
2026-01-20 13:14:30,050 - position: [ 0.17701459 -1.15389597  1.11051297]
2026-01-20 13:14:30,255 - position: [ 0.18268393 -1.14933968  1.10727119]
2026-01-20 13:14:30,469 - position: [ 0.18639404 -1.14683676  1.10617292]
2026-01-20 13:14:30,701 - position: [ 0.18445277 -1.14544046  1.10463071]
2026-01-20 13:14:30,909 - position: [ 0.18355246 -1.14292192  1.10363328]
2026-01-20 13:14:31,126 - position: [ 0.18460692 -1.14048135  1.10256982]
2026-01-20 13:14:31,345 - position: [ 0.18423429 -1.14056957  1.10253   ]
2026-01-20 13:14:31,595 - position: [ 0.18010336 -1.14398193  1.10349178]
2026-01-20 13:14:31,851 - position: [ 0.18070775 -1.1434927   1.10330617]
2026-01-20 13:14:32,095 - position: [ 0.18087956 -1.13756251  1.10105979]
2026-01-20 13:14:32,375 - position: [ 0.18047871 -1.13771069  1.09904206]
2026-01-20 13:14:32,592 - position: [ 0.18578386 -1.13910019  1.09980297]
2026-01-20 13:14:32,827 - position: [ 0.18584926 -1.14520109  1.09925997]
2026-01-20 13:14:33,063 - position: [ 0.18584926 -1.14520109  1.09925997]
2026-01-20 13:14:33,279 - position: [ 0.18643677 -1.14621711  1.10144329]
2026-01-20 13:14:33,509 - position: [ 0.18665677 -1.14636779  1.09924304]
2026-01-20 13:14:33,752 - position: [ 0.1842369  -1.13485622  1.09716582]
2026-01-20 13:14:34,016 - position: [ 0.18407206 -1.13336217  1.09784532]
2026-01-20 13:14:34,256 - position: [ 0.18698886 -1.13574588  1.09853506]
2026-01-20 13:14:34,509 - position: [ 0.18651985 -1.13518858  1.09859097]
2026-01-20 13:14:34,732 - position: [ 0.18355016 -1.13962829  1.10088718]
2026-01-20 13:14:35,022 - position: [ 0.18090515 -1.13787341  1.1002388 ]
2026-01-20 13:14:35,287 - position: [ 0.18332726 -1.13465643  1.09787345]
2026-01-20 13:14:35,526 - position: [ 0.18282127 -1.13532305  1.0991261 ]
2026-01-20 13:14:35,798 - position: [ 0.18175168 -1.13593984  1.09946167]
2026-01-20 13:14:36,131 - position: [ 0.18407364 -1.13503289  1.0991739 ]
2026-01-20 13:14:36,371 - position: [ 0.18377598 -1.13485801  1.0991348 ]
2026-01-20 13:14:36,587 - position: [ 0.18364309 -1.13248491  1.09864616]
2026-01-20 13:14:36,828 - position: [ 0.18324734 -1.13292944  1.09894812]
2026-01-20 13:14:37,086 - position: [ 0.18198074 -1.13511348  1.09921932]
2026-01-20 13:14:37,311 - position: [ 0.18109325 -1.13478291  1.09945059]
2026-01-20 13:14:37,564 - position: [ 0.18014118 -1.13531661  1.09948349]
2026-01-20 13:14:37,781 - position: [ 0.19536945 -1.0748713   1.08018887]
2026-01-20 13:14:37,995 - position: [ 0.22081089 -0.93854582  0.95966733]
2026-01-20 13:14:38,202 - position: [ 0.24246855 -0.83038944  0.71121913]
2026-01-20 13:14:38,417 - position: [ 0.20073491 -0.8082515   0.37649161]
2026-01-20 13:14:38,652 - position: [ 0.0716638  -0.93373293  0.15448521]
2026-01-20 13:14:38,875 - position: [ 0.0402122  -0.98744476  0.13195638]
2026-01-20 13:14:39,104 - position: [ 0.04128265 -0.98779786  0.13087361]
2026-01-20 13:14:39,339 - position: [ 0.04191267 -0.98794264  0.13062727]
2026-01-20 13:14:39,583 - position: [ 0.04185627 -0.9877041   0.13059497]
2026-01-20 13:14:39,793 - position: [ 0.04292037 -0.98748213  0.13004367]
2026-01-20 13:14:40,052 - position: [ 0.04310719 -0.98711735  0.12986916]
2026-01-20 13:14:40,293 - position: [ 0.04300712 -0.98694867  0.12977716]
2026-01-20 13:14:40,504 - position: [ 0.04295674 -0.98679686  0.12975098]
2026-01-20 13:14:40,733 - position: [ 0.04309523 -0.98663789  0.12961614]
2026-01-20 13:14:40,964 - position: [ 0.04321789 -0.98636281  0.12951662]
2026-01-20 13:14:41,188 - position: [ 0.04308788 -0.98605537  0.12957132]
2026-01-20 13:14:41,417 - position: [ 0.05184164 -0.97076339  0.13596715]
2026-01-20 13:14:41,651 - position: [ 0.04659242 -0.97133213  0.12962791]
2026-01-20 13:14:41,874 - position: [ 0.04915822 -0.97839183  0.12994829]
2026-01-20 13:14:42,097 - position: [ 0.05011004 -0.9792673   0.12918591]
2026-01-20 13:14:42,327 - position: [ 0.05009149 -0.97838938  0.12899105]
2026-01-20 13:14:42,549 - position: [ 0.04978488 -0.97739947  0.1286891 ]
2026-01-20 13:14:42,804 - position: [ 0.04921136 -0.97835094  0.12837698]
2026-01-20 13:14:43,033 - position: [ 0.04866755 -0.97803569  0.12819976]
2026-01-20 13:14:43,265 - position: [ 0.04866755 -0.97803569  0.12819976]
2026-01-20 13:14:43,496 - position: [ 0.04866755 -0.97803569  0.12819976]
2026-01-20 13:14:43,760 - position: [ 0.04886394 -0.98069626  0.12829345]
2026-01-20 13:14:44,020 - position: [ 0.04890394 -0.98032784  0.12811337]
2026-01-20 13:14:44,243 - position: [ 0.04823665 -0.97937673  0.12771393]
2026-01-20 13:14:44,498 - position: [ 0.04829228 -0.98016775  0.12777445]
2026-01-20 13:14:44,737 - position: [ 0.04805081 -0.97947943  0.12715729]
2026-01-20 13:14:44,966 - position: [ 0.04710362 -0.97985011  0.12710229]
2026-01-20 13:14:45,186 - position: [ 0.04717184 -0.9796074   0.12723804]
2026-01-20 13:14:45,413 - position: [ 0.04686243 -0.97930741  0.12708957]
2026-01-20 13:14:45,625 - position: [ 0.04572044 -0.97735125  0.12699109]
2026-01-20 13:14:45,837 - position: [ 0.04575544 -0.97752994  0.1269712 ]
2026-01-20 13:14:46,057 - position: [ 0.04738098 -0.98152977  0.12754288]
2026-01-20 13:14:46,273 - position: [ 0.0475669  -0.9815827   0.12757488]
2026-01-20 13:14:46,563 - position: [ 0.0481472  -0.98157609  0.12767409]
2026-01-20 13:14:46,871 - position: [ 0.04810771 -0.98127556  0.12758613]
2026-01-20 13:14:47,094 - position: [ 0.04810903 -0.98120952  0.12760019]
2026-01-20 13:14:47,335 - position: [ 0.04784626 -0.98128754  0.12760268]
2026-01-20 13:14:47,567 - position: [ 0.04773289 -0.98139197  0.1275328 ]
2026-01-20 13:14:47,837 - position: [ 0.04773699 -0.9810971   0.12750335]
2026-01-20 13:14:48,054 - position: [ 0.04795827 -0.98165637  0.12751132]
2026-01-20 13:14:48,309 - position: [ 0.04758991 -0.98140556  0.12741508]
2026-01-20 13:14:48,542 - position: [ 0.04603384 -0.97819155  0.12668508]
2026-01-20 13:14:48,794 - position: [ 0.04318187 -0.9717657   0.12642576]
2026-01-20 13:14:49,039 - position: [ 0.04712711 -0.97782081  0.12792249]
2026-01-20 13:14:49,267 - position: [ 0.0481326  -0.97877824  0.12809214]
2026-01-20 13:14:49,487 - position: [ 0.04771933 -0.97832221  0.12773646]
2026-01-20 13:14:49,715 - position: [ 0.0468297  -0.97678822  0.12692758]
2026-01-20 13:14:49,944 - position: [ 0.04683354 -0.97707641  0.12695469]
2026-01-20 13:14:50,189 - position: [ 0.04756869 -0.97892821  0.1274305 ]
2026-01-20 13:14:50,399 - position: [ 0.04642318 -0.977108    0.12666991]
2026-01-20 13:14:50,622 - position: [ 0.04797123 -0.98099202  0.12740444]
2026-01-20 13:14:50,908 - position: [ 0.04833518 -0.98056835  0.12743297]
2026-01-20 13:14:51,120 - position: [ 0.04947237 -0.97887236  0.12725231]
2026-01-20 13:14:51,378 - position: [ 0.05035443 -0.97854942  0.12777293]
2026-01-20 13:14:51,616 - position: [ 0.05224736 -0.97678739  0.12850204]
2026-01-20 13:14:51,860 - position: [ 0.05273587 -0.97813088  0.12827183]
2026-01-20 13:14:52,110 - position: [ 0.05273587 -0.97813088  0.12827183]
2026-01-20 13:14:52,343 - position: [ 0.05298148 -0.97870469  0.12824123]
2026-01-20 13:14:52,551 - position: [ 0.05305535 -0.97902238  0.12822002]
2026-01-20 13:14:52,769 - position: [ 0.05305535 -0.97902238  0.12822002]
2026-01-20 13:14:52,985 - position: [ 0.05309347 -0.97889221  0.12817559]
2026-01-20 13:14:53,262 - position: [ 0.05313572 -0.97896397  0.12818585]
2026-01-20 13:14:53,479 - position: [ 0.05315736 -0.97898757  0.12817885]
2026-01-20 13:14:53,694 - position: [ 0.0531818  -0.97877771  0.12816012]
2026-01-20 13:14:54,001 - position: [ 0.05317152 -0.9786967   0.12818484]
2026-01-20 13:14:54,223 - position: [ 0.05334003 -0.97876745  0.12816203]
2026-01-20 13:14:54,463 - position: [ 0.05339122 -0.97876912  0.12820052]
2026-01-20 13:14:54,702 - position: [ 0.05345212 -0.97879767  0.12822275]
2026-01-20 13:14:54,945 - position: [ 0.05354524 -0.97894239  0.12833048]
2026-01-20 13:14:55,195 - position: [ 0.05356821 -0.97903973  0.12834294]
2026-01-20 13:14:55,447 - position: [ 0.05346154 -0.9790557   0.12834804]
2026-01-20 13:14:55,693 - position: [ 0.05342038 -0.97915924  0.12833884]
2026-01-20 13:14:55,931 - position: [ 0.05337587 -0.97906047  0.12837787]
2026-01-20 13:14:56,188 - position: [ 0.05341813 -0.97917676  0.12834157]
2026-01-20 13:14:56,536 - position: [ 0.05314961 -0.97984648  0.12840429]
2026-01-20 13:14:56,759 - position: [ 0.04976899 -0.98396945  0.12818183]
2026-01-20 13:14:57,063 - position: [ 0.04913555 -0.9830237   0.12790629]
2026-01-20 13:14:57,295 - position: [ 0.04818432 -0.98238325  0.12762502]
2026-01-20 13:14:57,530 - position: [ 0.04810884 -0.98242098  0.12763853]
2026-01-20 13:14:57,874 - position: [ 0.04751967 -0.98233372  0.12749526]
2026-01-20 13:14:58,156 - position: [ 0.04719542 -0.98204756  0.12730673]
2026-01-20 13:14:58,361 - position: [ 0.0461501  -0.97770542  0.12647267]
2026-01-20 13:14:58,630 - position: [ 0.0465904  -0.97787589  0.12661165]
2026-01-20 13:14:58,848 - position: [ 0.04634548 -0.97770566  0.12668528]
2026-01-20 13:14:59,078 - position: [ 0.04624727 -0.9775759   0.12666854]
2026-01-20 13:14:59,309 - position: [ 0.04620989 -0.97744912  0.12685469]
2026-01-20 13:14:59,589 - position: [ 0.0466671  -0.97839475  0.12711973]
2026-01-20 13:14:59,860 - position: [ 0.04683775 -0.97999233  0.12758707]
2026-01-20 13:15:00,095 - position: [ 0.04760553 -0.98139167  0.12752938]
2026-01-20 13:15:00,309 - position: [ 0.04810852 -0.98178971  0.12739263]
2026-01-20 13:15:00,532 - position: [ 0.04831566 -0.98168766  0.12732957]
2026-01-20 13:15:00,753 - position: [ 0.04814637 -0.98092395  0.12720701]
2026-01-20 13:15:00,974 - position: [ 0.04795568 -0.98028368  0.12680094]
2026-01-20 13:15:01,230 - position: [ 0.04825863 -0.97994477  0.12687366]
2026-01-20 13:15:01,460 - position: [ 0.04845352 -0.97906917  0.12679812]
2026-01-20 13:15:01,692 - position: [ 0.04851913 -0.97852248  0.12678838]
2026-01-20 13:15:01,949 - position: [ 0.0466753  -0.9791348   0.12714116]
2026-01-20 13:15:02,189 - position: [ 0.04711948 -0.9787342   0.12707585]
2026-01-20 13:15:02,403 - position: [ 0.04738721 -0.97936803  0.12707035]
2026-01-20 13:15:02,636 - position: [ 0.04738721 -0.97936803  0.12707035]
2026-01-20 13:15:02,860 - position: [ 0.04683493 -0.97853482  0.12694159]
2026-01-20 13:15:03,094 - position: [ 0.0464679  -0.97817737  0.12692057]
2026-01-20 13:15:03,332 - position: [ 0.04662502 -0.97839159  0.12696785]
2026-01-20 13:15:03,552 - position: [ 0.04672328 -0.97866344  0.12690546]
2026-01-20 13:15:03,759 - position: [ 0.04669601 -0.97860104  0.12688644]
2026-01-20 13:15:03,994 - position: [ 0.04787364 -0.9800685   0.12704656]
2026-01-20 13:15:04,222 - position: [ 0.04781062 -0.98021817  0.12702803]
2026-01-20 13:15:04,433 - position: [ 0.04773873 -0.9798559   0.12693258]
2026-01-20 13:15:04,661 - position: [ 0.04789581 -0.97863954  0.12680712]
2026-01-20 13:15:04,892 - position: [ 0.04799132 -0.97934431  0.12711921]
2026-01-20 13:15:05,104 - position: [ 0.04724154 -0.97885734  0.12725966]
2026-01-20 13:15:05,312 - position: [ 0.04721187 -0.97883201  0.12742615]
2026-01-20 13:15:05,570 - position: [ 0.04727276 -0.97886282  0.12742427]
2026-01-20 13:15:05,779 - position: [ 0.04805873 -0.9786166   0.12792429]
2026-01-20 13:15:06,013 - position: [ 0.04833866 -0.97823799  0.1279982 ]
2026-01-20 13:15:06,236 - position: [ 0.04768801 -0.97878897  0.12753801]
2026-01-20 13:15:06,444 - position: [ 0.04752478 -0.97898155  0.12747398]
2026-01-20 13:15:06,731 - position: [ 0.04846201 -0.98046136  0.12892804]
2026-01-20 13:15:06,959 - position: [ 0.04795567 -0.97994536  0.12838168]
2026-01-20 13:15:07,399 - position: [ 0.04658102 -0.97751755  0.12793361]
2026-01-20 13:15:07,689 - position: [ 0.04617375 -0.97711957  0.12830585]
2026-01-20 13:15:07,940 - position: [ 0.04594068 -0.97705919  0.1281312 ]
2026-01-20 13:15:08,164 - position: [ 0.046448   -0.97653502  0.12784824]
2026-01-20 13:15:08,395 - position: [ 0.04657785 -0.97642112  0.12770054]
2026-01-20 13:15:08,619 - position: [ 0.04699804 -0.97657454  0.1276381 ]
2026-01-20 13:15:08,877 - position: [ 0.04717789 -0.97681308  0.12764013]
2026-01-20 13:15:09,156 - position: [ 0.04722629 -0.97724491  0.12787679]
2026-01-20 13:15:09,400 - position: [ 0.0468461  -0.97685015  0.12783958]
2026-01-20 13:15:09,604 - position: [ 0.04772634 -0.97887957  0.12828662]
2026-01-20 13:15:09,860 - position: [ 0.04772167 -0.97839057  0.12830982]
2026-01-20 13:15:10,106 - position: [ 0.04764411 -0.97831225  0.12828462]
2026-01-20 13:15:10,324 - position: [ 0.04757943 -0.97822285  0.12819301]
2026-01-20 13:15:10,565 - position: [ 0.04759124 -0.97821784  0.12821013]
2026-01-20 13:15:10,784 - position: [ 0.04757123 -0.97814089  0.12822771]
2026-01-20 13:15:11,022 - position: [ 0.04754737 -0.97817159  0.12822388]
2026-01-20 13:15:11,302 - position: [ 0.04729055 -0.97742903  0.1279538 ]
2026-01-20 13:15:11,530 - position: [ 0.04720297 -0.97724211  0.12793288]
2026-01-20 13:15:11,751 - position: [ 0.04734027 -0.97770452  0.12811118]
2026-01-20 13:15:12,046 - position: [ 0.04680196 -0.97635758  0.12780073]
2026-01-20 13:15:12,278 - position: [ 0.04687942 -0.97649801  0.12758824]
2026-01-20 13:15:12,513 - position: [ 0.04681957 -0.97644031  0.12758999]
2026-01-20 13:15:12,751 - position: [ 0.04703224 -0.97576368  0.12787157]
2026-01-20 13:15:12,987 - position: [ 0.04684202 -0.97635436  0.12754859]
2026-01-20 13:15:13,255 - position: [ 0.04679748 -0.97551697  0.12787864]
2026-01-20 13:15:13,482 - position: [ 0.04665577 -0.97609162  0.12760788]
2026-01-20 13:15:13,711 - position: [ 0.04650664 -0.97576326  0.12743379]
2026-01-20 13:15:13,935 - position: [ 0.04657442 -0.97572541  0.12746119]
2026-01-20 13:15:14,209 - position: [ 0.04650588 -0.97566146  0.12740453]
2026-01-20 13:15:14,418 - position: [ 0.0464182  -0.97571087  0.12747438]
2026-01-20 13:15:14,625 - position: [ 0.04643272 -0.97499537  0.12769526]
2026-01-20 13:15:14,863 - position: [ 0.04638982 -0.97561586  0.12737276]
2026-01-20 13:15:15,086 - position: [ 0.04628468 -0.97541046  0.12732145]
2026-01-20 13:15:15,309 - position: [ 0.04616709 -0.97517377  0.12716311]
2026-01-20 13:15:15,517 - position: [ 0.04620296 -0.97523212  0.12710354]
2026-01-20 13:15:15,751 - position: [ 0.04620784 -0.97526723  0.12713668]
2026-01-20 13:15:16,002 - position: [ 0.0460274  -0.9754082   0.12724975]
2026-01-20 13:15:16,241 - position: [ 0.04584964 -0.97553968  0.12721305]
2026-01-20 13:15:16,494 - position: [ 0.0468097  -0.97770846  0.12741911]
2026-01-20 13:15:16,705 - position: [ 0.0475417  -0.97862369  0.12750952]
2026-01-20 13:15:16,944 - position: [ 0.04919278 -0.97921342  0.12786339]
2026-01-20 13:15:17,161 - position: [ 0.04720841 -0.97987032  0.12675434]
2026-01-20 13:15:17,409 - position: [ 0.04736914 -0.97941279  0.12681679]
2026-01-20 13:15:17,675 - position: [ 0.04605649 -0.9794988   0.12630038]
2026-01-20 13:15:17,922 - position: [ 0.04654592 -0.98002744  0.12653746]
2026-01-20 13:15:18,205 - position: [ 0.04670373 -0.97990662  0.1264032 ]
2026-01-20 13:15:18,425 - position: [ 0.04668092 -0.97900766  0.12664875]
2026-01-20 13:15:18,677 - position: [ 0.04584351 -0.9791795   0.12623736]
2026-01-20 13:15:18,976 - position: [ 0.04598085 -0.97809893  0.12643014]
2026-01-20 13:15:19,286 - position: [ 0.04630257 -0.97781825  0.12659349]
2026-01-20 13:15:19,549 - position: [ 0.04682067 -0.97759986  0.12672254]
2026-01-20 13:15:19,772 - position: [ 0.04639244 -0.97789186  0.12611264]
2026-01-20 13:15:19,996 - position: [ 0.04646484 -0.97787839  0.12653273]
2026-01-20 13:15:20,214 - position: [ 0.0462873  -0.97761029  0.12659882]
2026-01-20 13:15:20,437 - position: [ 0.04670081 -0.97704083  0.12653473]
2026-01-20 13:15:20,674 - position: [ 0.04743788 -0.97819251  0.12695886]
2026-01-20 13:15:20,893 - position: [ 0.04771053 -0.97382081  0.1265627 ]
2026-01-20 13:15:21,131 - position: [ 0.04777254 -0.9736256   0.12660906]
2026-01-20 13:15:21,342 - position: [ 0.04752328 -0.97324997  0.12656106]
2026-01-20 13:15:21,560 - position: [ 0.04729858 -0.97309309  0.12655579]
2026-01-20 13:15:21,784 - position: [ 0.04737079 -0.97326481  0.12679692]
2026-01-20 13:15:22,029 - position: [ 0.04725114 -0.97206247  0.12689069]
2026-01-20 13:15:22,251 - position: [ 0.04761574 -0.97166526  0.12695369]
2026-01-20 13:15:22,506 - position: [ 0.047376   -0.97201806  0.12693247]
2026-01-20 13:15:22,727 - position: [ 0.0470629  -0.97166193  0.12683733]
2026-01-20 13:15:22,997 - position: [ 0.04691613 -0.97166109  0.12701374]
2026-01-20 13:15:23,224 - position: [ 0.04691613 -0.97166109  0.12701374]
2026-01-20 13:15:23,497 - position: [ 0.04687976 -0.97173089  0.12695868]
2026-01-20 13:15:23,721 - position: [ 0.0500926  -0.96479321  0.12850225]
2026-01-20 13:15:23,953 - position: [ 0.04797734 -0.97052479  0.1270816 ]
2026-01-20 13:15:24,199 - position: [ 0.04773588 -0.97052008  0.12688658]
2026-01-20 13:15:24,417 - position: [ 0.04777578 -0.97041941  0.12687832]
2026-01-20 13:15:24,640 - position: [ 0.04789344 -0.97033757  0.12681803]
2026-01-20 13:15:24,868 - position: [ 0.04785868 -0.97041076  0.12677091]
2026-01-20 13:15:25,121 - position: [ 0.04784122 -0.97035891  0.12677667]
2026-01-20 13:15:25,343 - position: [ 0.0477762  -0.97036105  0.12683515]
2026-01-20 13:15:25,589 - position: [ 0.04759068 -0.97005993  0.12672585]
2026-01-20 13:15:25,807 - position: [ 0.0475325  -0.96990532  0.12666152]
2026-01-20 13:15:26,037 - position: [ 0.04701525 -0.96997416  0.12636295]
2026-01-20 13:15:26,280 - position: [ 0.04681109 -0.96998185  0.12627704]
2026-01-20 13:15:26,558 - position: [ 0.04699991 -0.97132999  0.12658484]
2026-01-20 13:15:26,804 - position: [ 0.04701646 -0.97145778  0.12658273]
2026-01-20 13:15:27,046 - position: [ 0.04722299 -0.97249115  0.12668993]
2026-01-20 13:15:27,278 - position: [ 0.0477209  -0.97427362  0.12699689]
2026-01-20 13:15:27,508 - position: [ 0.04695644 -0.97277522  0.12638207]
2026-01-20 13:15:27,729 - position: [ 0.04702687 -0.97280622  0.12646206]
2026-01-20 13:15:27,943 - position: [ 0.04648273 -0.97261584  0.12620547]
2026-01-20 13:15:28,149 - position: [ 0.04640531 -0.97250003  0.12626068]
2026-01-20 13:15:28,418 - position: [ 0.04718395 -0.97387248  0.1264385 ]
2026-01-20 13:15:28,661 - position: [ 0.0466141  -0.97313756  0.12617676]
2026-01-20 13:15:28,912 - position: [ 0.04650145 -0.97264993  0.12615052]
2026-01-20 13:15:29,144 - position: [ 0.04635058 -0.97191066  0.12612876]
2026-01-20 13:15:29,380 - position: [ 0.04636891 -0.97169566  0.12635952]
2026-01-20 13:15:29,590 - position: [ 0.04662185 -0.97194165  0.1264642 ]
2026-01-20 13:15:29,812 - position: [ 0.04646394 -0.97166699  0.12633683]
2026-01-20 13:15:30,016 - position: [ 0.04658478 -0.97155112  0.1264475 ]
2026-01-20 13:15:30,263 - position: [ 0.04648837 -0.97163612  0.12644839]
2026-01-20 13:15:30,514 - position: [ 0.04659543 -0.97179079  0.12677665]
2026-01-20 13:15:30,741 - position: [ 0.04676962 -0.97179848  0.12660788]
2026-01-20 13:15:30,956 - position: [ 0.0468916  -0.97191846  0.12669247]
2026-01-20 13:15:31,171 - position: [ 0.04688757 -0.97193086  0.12654021]
2026-01-20 13:15:31,435 - position: [ 0.04696692 -0.97210652  0.12663189]
2026-01-20 13:15:31,694 - position: [ 0.04697622 -0.97203726  0.12674779]
2026-01-20 13:15:31,941 - position: [ 0.04699824 -0.97209895  0.12678187]
2026-01-20 13:15:32,184 - position: [ 0.04718852 -0.97205997  0.12681361]
2026-01-20 13:15:32,423 - position: [ 0.04712189 -0.9717685   0.12658997]
2026-01-20 13:15:32,644 - position: [ 0.04713395 -0.97165734  0.12649126]
2026-01-20 13:15:32,895 - position: [ 0.04709124 -0.97175741  0.12655942]
2026-01-20 13:15:33,143 - position: [ 0.04710277 -0.97187805  0.12660037]
2026-01-20 13:15:33,361 - position: [ 0.04711143 -0.97176534  0.12654597]
2026-01-20 13:15:33,593 - position: [ 0.0471329  -0.97183615  0.12654889]
2026-01-20 13:15:33,819 - position: [ 0.04703493 -0.97185129  0.12645781]
2026-01-20 13:15:34,056 - position: [ 0.04727204 -0.9725225   0.1266101 ]
2026-01-20 13:15:34,283 - position: [ 0.0473004  -0.97237742  0.12666287]
2026-01-20 13:15:34,508 - position: [ 0.04682709 -0.97152638  0.12656337]
2026-01-20 13:15:34,739 - position: [ 0.0471525  -0.97182393  0.1266382 ]
2026-01-20 13:15:34,987 - position: [ 0.04697537 -0.97145802  0.12658735]
2026-01-20 13:15:35,294 - position: [ 0.04672041 -0.97114229  0.12653747]
2026-01-20 13:15:35,512 - position: [ 0.04679388 -0.97126454  0.12658437]
2026-01-20 13:15:35,750 - position: [ 0.04661505 -0.9710874   0.12655507]
2026-01-20 13:15:36,008 - position: [ 0.04665805 -0.97095293  0.12656276]
2026-01-20 13:15:36,280 - position: [ 0.04667309 -0.97086835  0.1266138 ]
2026-01-20 13:15:36,481 - position: [ 0.0467017  -0.97081691  0.12659721]
2026-01-20 13:15:36,714 - position: [ 0.04697402 -0.97099054  0.12650049]
2026-01-20 13:15:36,953 - position: [ 0.04686431 -0.97091776  0.12649988]
2026-01-20 13:15:37,291 - position: [ 0.04688011 -0.97089535  0.12651615]
2026-01-20 13:15:37,535 - position: [ 0.04688011 -0.97089535  0.12651615]
2026-01-20 13:15:37,754 - position: [ 0.04673447 -0.97068918  0.12646   ]
2026-01-20 13:15:37,998 - position: [ 0.0467632  -0.97047698  0.12643598]
2026-01-20 13:15:38,223 - position: [ 0.04680201 -0.97048169  0.12642387]
2026-01-20 13:15:38,440 - position: [ 0.04684211 -0.97049564  0.12643394]
2026-01-20 13:15:38,737 - position: [ 0.04679592 -0.97053289  0.12649107]
2026-01-20 13:15:39,034 - position: [ 0.04682576 -0.97048098  0.12645522]
2026-01-20 13:15:39,288 - position: [ 0.04688557 -0.97058034  0.12646686]
2026-01-20 13:15:39,518 - position: [ 0.04690821 -0.97057712  0.12646003]
2026-01-20 13:15:39,750 - position: [ 0.04692429 -0.97057086  0.12642007]
2026-01-20 13:15:39,992 - position: [ 0.04681121 -0.9705323   0.12650606]
2026-01-20 13:15:40,250 - position: [ 0.04681787 -0.97057873  0.12652834]
2026-01-20 13:15:40,509 - position: [ 0.04674118 -0.97058904  0.12657624]
2026-01-20 13:15:40,750 - position: [ 0.04667546 -0.97059101  0.12657693]
2026-01-20 13:15:41,010 - position: [ 0.04669941 -0.97056419  0.1265052 ]
2026-01-20 13:15:41,224 - position: [ 0.04662049 -0.97040915  0.12647989]
2026-01-20 13:15:41,447 - position: [ 0.04658929 -0.97048324  0.1265092 ]
2026-01-20 13:15:41,673 - position: [ 0.04656485 -0.97041112  0.12649564]
2026-01-20 13:15:41,879 - position: [ 0.04651051 -0.97037613  0.12650122]
2026-01-20 13:15:42,090 - position: [ 0.04637282 -0.97022069  0.12647292]
2026-01-20 13:15:42,301 - position: [ 0.0474748  -0.96426165  0.12706564]
2026-01-20 13:15:42,524 - position: [ 0.0474748  -0.96426165  0.12706564]
2026-01-20 13:15:42,765 - position: [ 0.14232869 -0.8020733   0.35199913]
2026-01-20 13:15:42,987 - position: [ 0.1646411  -0.78431618  0.42233396]
2026-01-20 13:15:43,217 - position: [ 0.16869447 -0.78326851  0.43495569]
2026-01-20 13:15:43,434 - position: [ 0.23340879 -1.16344559  1.09517705]
2026-01-20 13:15:43,660 - position: [ 0.223305   -1.15149355  1.09288514]
2026-01-20 13:15:43,895 - position: [ 0.21919377 -1.14647961  1.09585333]
2026-01-20 13:15:44,131 - position: [ 0.21776424 -1.14108682  1.09627593]
2026-01-20 13:15:44,357 - position: [ 0.21603294 -1.13794148  1.09585607]
2026-01-20 13:15:44,612 - position: [ 0.20216163 -1.11852717  1.08873665]
2026-01-20 13:15:44,877 - position: [ 0.20192893 -1.1175139   1.08964908]
2026-01-20 13:15:45,089 - position: [ 0.20189683 -1.11582005  1.08939171]
2026-01-20 13:15:45,319 - position: [ 0.2032298  -1.11750174  1.08547974]
2026-01-20 13:15:45,532 - position: [ 0.20519353 -1.1185317   1.08631229]
2026-01-20 13:15:45,768 - position: [ 0.21481818 -1.12597299  1.08326495]
2026-01-20 13:15:45,987 - position: [ 0.22310354 -1.13231206  1.08296442]
2026-01-20 13:15:46,209 - position: [ 0.22310354 -1.13231206  1.08296442]
2026-01-20 13:15:46,428 - position: [ 0.22327305 -1.13339031  1.08298039]
2026-01-20 13:15:46,664 - position: [ 0.22314262 -1.13363397  1.08294833]
2026-01-20 13:15:46,883 - position: [ 0.22385345 -1.13490486  1.08267462]
2026-01-20 13:15:47,090 - position: [ 0.22614418 -1.13840866  1.08327019]
2026-01-20 13:15:47,305 - position: [ 0.2305439  -1.14352179  1.08392978]
2026-01-20 13:15:47,548 - position: [ 0.23090099 -1.14507484  1.08322072]
2026-01-20 13:15:47,760 - position: [ 0.22915015 -1.14496839  1.08267081]
2026-01-20 13:15:47,995 - position: [ 0.23165302 -1.14897919  1.08170915]
2026-01-20 13:15:48,219 - position: [ 0.23888832 -1.14372277  1.07730508]
2026-01-20 13:15:48,467 - position: [ 0.24339631 -1.14574504  1.0748769 ]
2026-01-20 13:15:48,768 - position: [ 0.24664493 -1.1425606   1.07441926]
2026-01-20 13:15:49,025 - position: [ 0.22421797 -1.11167502  1.07460332]
2026-01-20 13:15:49,320 - position: [ 0.24573013 -1.12088728  1.07160258]
2026-01-20 13:15:49,589 - position: [ 0.23455191 -1.11395454  1.07104242]
2026-01-20 13:15:49,814 - position: [ 0.23004445 -1.11127472  1.0700345 ]
2026-01-20 13:15:50,036 - position: [ 0.22827429 -1.10781693  1.06995404]
2026-01-20 13:15:50,339 - position: [ 0.22300167 -1.10369611  1.06842613]
2026-01-20 13:15:50,562 - position: [ 0.2246113  -1.09991086  1.06522369]
2026-01-20 13:15:50,802 - position: [ 0.22048831 -1.09495556  1.06305408]
2026-01-20 13:15:51,070 - position: [ 0.22058602 -1.09627426  1.06310296]
2026-01-20 13:15:51,374 - position: [ 0.21595097 -1.1001972   1.06556296]
2026-01-20 13:15:51,599 - position: [ 0.2148305  -1.09965658  1.06608427]
2026-01-20 13:15:51,818 - position: [ 0.20994301 -1.09868407  1.06610608]
2026-01-20 13:15:52,042 - position: [ 0.20950668 -1.09735584  1.0654304 ]
2026-01-20 13:15:52,286 - position: [ 0.21037008 -1.09751487  1.06629825]
2026-01-20 13:15:52,509 - position: [ 0.2039434  -1.10784543  1.0716399 ]
2026-01-20 13:15:52,729 - position: [ 0.20418966 -1.10977316  1.07242501]
2026-01-20 13:15:52,994 - position: [ 0.2061839  -1.11804271  1.07881844]
2026-01-20 13:15:53,282 - position: [ 0.19976306 -1.07223952  1.01549852]
2026-01-20 13:15:53,491 - position: [ 0.0797953  -0.92525101  0.31271747]
2026-01-20 13:15:53,708 - position: [ 0.06836398 -0.9480601   0.1835587 ]
2026-01-20 13:15:53,929 - position: [ 0.0585155  -0.96498734  0.14272292]
2026-01-20 13:15:54,155 - position: [ 0.05335279 -0.97150904  0.13634685]
2026-01-20 13:15:54,381 - position: [ 0.05032401 -0.97458339  0.13413471]
2026-01-20 13:15:54,617 - position: [ 0.04903077 -0.98334652  0.13167287]
2026-01-20 13:15:54,824 - position: [ 0.05226634 -0.98573965  0.13212775]
2026-01-20 13:15:55,053 - position: [ 0.05188423 -0.98545682  0.13218224]
2026-01-20 13:15:55,312 - position: [ 0.05188423 -0.98545682  0.13218224]
2026-01-20 13:15:55,551 - position: [ 0.05202977 -0.98459929  0.13205864]
2026-01-20 13:15:55,768 - position: [ 0.05181304 -0.98475176  0.13141346]
2026-01-20 13:15:56,013 - position: [ 0.05194513 -0.98491842  0.13143852]
2026-01-20 13:15:56,232 - position: [ 0.05226622 -0.98522967  0.1313455 ]
2026-01-20 13:15:56,450 - position: [ 0.05210496 -0.98488575  0.13117608]
2026-01-20 13:15:56,662 - position: [ 0.05225656 -0.98507756  0.13106464]
2026-01-20 13:15:56,938 - position: [ 0.05265995 -0.98521531  0.13114005]
2026-01-20 13:15:57,178 - position: [ 0.05258037 -0.98521024  0.13105628]
2026-01-20 13:15:57,409 - position: [ 0.05258037 -0.98521024  0.13105628]
2026-01-20 13:15:57,677 - position: [ 0.0528736  -0.98534858  0.13113649]
2026-01-20 13:15:57,911 - position: [ 0.0530157  -0.98544103  0.1311153 ]
2026-01-20 13:15:58,265 - position: [ 0.05285089 -0.98528272  0.13098048]
2026-01-20 13:15:58,522 - position: [ 0.05316185 -0.98608285  0.13129295]
2026-01-20 13:15:58,813 - position: [ 0.05308454 -0.98591381  0.13145752]
2026-01-20 13:15:59,042 - position: [ 0.05352879 -0.98571801  0.13138685]
2026-01-20 13:15:59,298 - position: [ 0.05365523 -0.98569787  0.1315815 ]
2026-01-20 13:15:59,531 - position: [ 0.05373693 -0.98562825  0.13149405]
2026-01-20 13:15:59,744 - position: [ 0.05435745 -0.98612118  0.13166848]
2026-01-20 13:15:59,968 - position: [ 0.05377912 -0.98527718  0.13138831]
2026-01-20 13:16:00,280 - position: [ 0.05375944 -0.98528183  0.13139406]
2026-01-20 13:16:00,552 - position: [ 0.05404188 -0.98535824  0.1313574 ]
2026-01-20 13:16:00,833 - position: [ 0.05382223 -0.98512197  0.13132812]
2026-01-20 13:16:01,219 - position: [ 0.05390369 -0.98535514  0.13132262]
2026-01-20 13:16:01,482 - position: [ 0.05386774 -0.98520082  0.13128223]
2026-01-20 13:16:01,695 - position: [ 0.05389459 -0.9852559   0.13128327]
2026-01-20 13:16:01,939 - position: [ 0.05348286 -0.98504561  0.13129465]
2026-01-20 13:16:02,172 - position: [ 0.05376776 -0.98543328  0.1316094 ]
2026-01-20 13:16:02,399 - position: [ 0.05369979 -0.98627639  0.13155067]
2026-01-20 13:16:02,646 - position: [ 0.055311   -0.98826891  0.13175467]
2026-01-20 13:16:03,015 - position: [ 0.05539784 -0.98923945  0.131359  ]
2026-01-20 13:16:03,242 - position: [ 0.05495548 -0.99241346  0.13118853]
2026-01-20 13:16:03,494 - position: [ 0.05535995 -0.99267185  0.13080567]
2026-01-20 13:16:03,706 - position: [ 0.0575535  -0.99642408  0.13103095]
2026-01-20 13:16:03,970 - position: [ 0.05579644 -0.99422228  0.13084117]
2026-01-20 13:16:04,206 - position: [ 0.05604761 -0.99453682  0.13076524]
2026-01-20 13:16:04,509 - position: [ 0.05564658 -0.9952594   0.13058396]
2026-01-20 13:16:04,857 - position: [ 0.05512869 -0.99623007  0.13040608]
2026-01-20 13:16:05,093 - position: [ 0.05663497 -0.99749541  0.13049226]
2026-01-20 13:16:05,358 - position: [ 0.05779999 -0.99807823  0.13040724]
2026-01-20 13:16:05,619 - position: [ 0.05238212 -0.99969369  0.12914959]
2026-01-20 13:16:05,838 - position: [ 0.05271674 -0.99938989  0.1299274 ]
2026-01-20 13:16:06,055 - position: [ 0.0532171  -1.00103772  0.12919016]
2026-01-20 13:16:06,275 - position: [ 0.05321507 -0.99992645  0.12984025]
2026-01-20 13:16:06,504 - position: [ 0.05285537 -0.99918514  0.12986821]
2026-01-20 13:16:06,751 - position: [ 0.05302061 -0.99951959  0.13014776]
2026-01-20 13:16:06,992 - position: [ 0.0531585  -0.99966425  0.13010389]
2026-01-20 13:16:07,230 - position: [ 0.05327203 -0.99991065  0.13000259]
2026-01-20 13:16:07,455 - position: [ 0.05323809 -0.99976587  0.13016155]
2026-01-20 13:16:07,719 - position: [ 0.05316882 -0.99921733  0.13028285]
2026-01-20 13:16:07,977 - position: [ 0.05354692 -0.99954391  0.13024074]
2026-01-20 13:16:08,214 - position: [ 0.05360568 -0.99959469  0.13024862]
2026-01-20 13:16:08,470 - position: [ 0.05348309 -0.99981874  0.13028677]
2026-01-20 13:16:08,729 - position: [ 0.05348261 -0.99985045  0.13029142]
2026-01-20 13:16:08,935 - position: [ 0.05352009 -0.99991602  0.13027427]
2026-01-20 13:16:09,165 - position: [ 0.05342126 -0.99981844  0.13027185]
2026-01-20 13:16:09,478 - position: [ 0.05345775 -0.99982953  0.13027225]
2026-01-20 13:16:09,832 - position: [ 0.05232638 -0.99767566  0.13019872]
2026-01-20 13:16:10,069 - position: [ 0.05297191 -0.99757123  0.13039958]
2026-01-20 13:16:10,321 - position: [ 0.0527458  -0.99705482  0.13067742]
2026-01-20 13:16:10,554 - position: [ 0.05319294 -0.99769986  0.13104463]
2026-01-20 13:16:10,764 - position: [ 0.05315353 -0.99772775  0.13108315]
2026-01-20 13:16:11,017 - position: [ 0.0530888  -0.99769813  0.1311474 ]
2026-01-20 13:16:11,262 - position: [ 0.0530888  -0.99769813  0.1311474 ]
2026-01-20 13:16:11,495 - position: [ 0.05331771 -0.99742353  0.13102254]
2026-01-20 13:16:11,735 - position: [ 0.05300051 -0.99632168  0.13077661]
2026-01-20 13:16:12,031 - position: [ 0.05353465 -0.99646425  0.13075979]
2026-01-20 13:16:12,264 - position: [ 0.05378228 -0.9959836   0.13018917]
2026-01-20 13:16:12,496 - position: [ 0.0551233  -0.99723649  0.13014323]
2026-01-20 13:16:12,727 - position: [ 0.05601922 -0.99864119  0.13062859]
2026-01-20 13:16:12,948 - position: [ 0.05629518 -0.99963444  0.13100605]
2026-01-20 13:16:13,177 - position: [ 0.05632253 -1.00010693  0.13132937]
2026-01-20 13:16:13,402 - position: [ 0.05668929 -1.00173295  0.13181053]
2026-01-20 13:16:13,634 - position: [ 0.05660862 -1.00180006  0.13199946]
2026-01-20 13:16:13,863 - position: [ 0.05606933 -1.00109136  0.13169087]
2026-01-20 13:16:14,088 - position: [ 0.05464629 -0.99883252  0.13122426]
2026-01-20 13:16:14,326 - position: [ 0.05545982 -1.00141144  0.13120133]
2026-01-20 13:16:14,552 - position: [ 0.0558029  -1.00210631  0.13112187]
2026-01-20 13:16:14,785 - position: [ 0.05591472 -1.00159943  0.1301585 ]
2026-01-20 13:16:14,996 - position: [ 0.05587842 -1.00120544  0.12993266]
2026-01-20 13:16:15,263 - position: [ 0.05566669 -1.00114417  0.12989369]
2026-01-20 13:16:15,482 - position: [ 0.05594927 -1.0012089   0.12991126]
2026-01-20 13:16:15,758 - position: [ 0.05566591 -1.00101435  0.12962574]
2026-01-20 13:16:16,036 - position: [ 0.05565571 -1.00145102  0.12962458]
2026-01-20 13:16:16,269 - position: [ 0.05559699 -1.00102603  0.12953521]
2026-01-20 13:16:16,471 - position: [ 0.05570617 -1.0012598   0.12964572]
2026-01-20 13:16:16,685 - position: [ 0.05560218 -1.00150728  0.1297453 ]
2026-01-20 13:16:16,900 - position: [ 0.0554089  -1.00185895  0.13031968]
2026-01-20 13:16:17,127 - position: [ 0.05530669 -1.00225556  0.13059077]
2026-01-20 13:16:17,362 - position: [ 0.05534225 -1.00239193  0.13055317]
2026-01-20 13:16:17,665 - position: [ 0.05515442 -1.00204873  0.13047136]
2026-01-20 13:16:17,912 - position: [ 0.05515226 -1.0019331   0.13036302]
2026-01-20 13:16:18,152 - position: [ 0.05530516 -1.00185931  0.13040075]
2026-01-20 13:16:18,382 - position: [ 0.05526224 -1.00188076  0.13038482]
2026-01-20 13:16:18,611 - position: [ 0.05513355 -1.00176859  0.13040785]
2026-01-20 13:16:18,914 - position: [ 0.055152   -1.0016247   0.13033752]
2026-01-20 13:16:19,127 - position: [ 0.05517649 -1.00142252  0.13021335]
2026-01-20 13:16:19,390 - position: [ 0.05510912 -1.00120938  0.13011347]
2026-01-20 13:16:19,674 - position: [ 0.0548468  -1.00111592  0.13008113]
2026-01-20 13:16:19,902 - position: [ 0.05498889 -1.00098205  0.13019899]
2026-01-20 13:16:20,167 - position: [ 0.05490776 -1.00112772  0.13021776]
2026-01-20 13:16:20,399 - position: [ 0.05501236 -1.00095367  0.1301478 ]
2026-01-20 13:16:20,632 - position: [ 0.05488219 -1.00089383  0.13017307]
2026-01-20 13:16:20,874 - position: [ 0.05495296 -1.00080776  0.13007089]
2026-01-20 13:16:21,103 - position: [ 0.05491164 -1.00086033  0.13013302]
2026-01-20 13:16:21,313 - position: [ 0.05505304 -1.0012219   0.13035135]
2026-01-20 13:16:21,537 - position: [ 0.05506408 -1.00151396  0.13037926]
2026-01-20 13:16:21,795 - position: [ 0.05530123 -1.00185752  0.13038656]
2026-01-20 13:16:22,042 - position: [ 0.05507974 -1.00166655  0.13027042]
2026-01-20 13:16:22,256 - position: [ 0.05528384 -1.00148296  0.13037764]
2026-01-20 13:16:22,502 - position: [ 0.05528467 -1.0013324   0.13034981]
2026-01-20 13:16:22,748 - position: [ 0.05529765 -1.00131392  0.1303134 ]
2026-01-20 13:16:22,990 - position: [ 0.05526989 -1.001279    0.13032548]
2026-01-20 13:16:23,208 - position: [ 0.05517707 -1.00128639  0.13033269]
2026-01-20 13:16:23,453 - position: [ 0.05516569 -1.00123739  0.13025013]
2026-01-20 13:16:23,741 - position: [ 0.05520097 -1.00125849  0.13034883]
2026-01-20 13:16:23,955 - position: [ 0.05513122 -1.0010941   0.13018498]
2026-01-20 13:16:24,214 - position: [ 0.05487281 -1.00095642  0.13004284]
2026-01-20 13:16:24,483 - position: [ 0.05491337 -1.00106013  0.12999484]
2026-01-20 13:16:24,731 - position: [ 0.05476943 -1.00104606  0.12996931]
2026-01-20 13:16:24,942 - position: [ 0.0549296  -1.00110805  0.12997317]
2026-01-20 13:16:25,151 - position: [ 0.05494806 -1.00090837  0.12994891]
2026-01-20 13:16:25,362 - position: [ 0.05486561 -1.00098288  0.1299158 ]
2026-01-20 13:16:25,606 - position: [ 0.0550198  -1.00158739  0.12989812]
2026-01-20 13:16:25,824 - position: [ 0.05487428 -1.00100541  0.1300416 ]
2026-01-20 13:16:26,046 - position: [ 0.05505374 -1.00130677  0.13010523]
2026-01-20 13:16:26,283 - position: [ 0.05674018 -1.00280917  0.13029948]
2026-01-20 13:16:26,542 - position: [ 0.05367091 -0.99706131  0.13063911]
2026-01-20 13:16:26,748 - position: [ 0.05361419 -0.99682659  0.13065848]
2026-01-20 13:16:27,020 - position: [ 0.05338188 -0.99623567  0.1306935 ]
2026-01-20 13:16:27,230 - position: [ 0.05392278 -0.99692398  0.13033184]
2026-01-20 13:16:27,475 - position: [ 0.05382587 -0.99645776  0.13029459]
2026-01-20 13:16:27,699 - position: [ 0.05373492 -0.99636376  0.13028416]
2026-01-20 13:16:27,931 - position: [ 0.05396073 -0.9967286   0.13021861]
2026-01-20 13:16:28,154 - position: [ 0.053899   -0.9965266   0.13024478]
2026-01-20 13:16:28,410 - position: [ 0.05370392 -0.99625278  0.13019872]
2026-01-20 13:16:28,653 - position: [ 0.05375626 -0.99639082  0.13021369]
2026-01-20 13:16:28,946 - position: [ 0.05370087 -0.99630094  0.13031569]
2026-01-20 13:16:29,224 - position: [ 0.05373708 -0.99588144  0.13026696]
2026-01-20 13:16:29,604 - position: [ 0.05356091 -0.99598563  0.13030833]
2026-01-20 13:16:29,863 - position: [ 0.05411052 -0.99683738  0.13070765]
2026-01-20 13:16:30,099 - position: [ 0.05411052 -0.99683738  0.13070765]
2026-01-20 13:16:30,329 - position: [ 0.05435992 -0.99690402  0.13086317]
2026-01-20 13:16:30,558 - position: [ 0.05435992 -0.99690402  0.13086317]
2026-01-20 13:16:30,796 - position: [ 0.05358847 -0.99327677  0.130697  ]
2026-01-20 13:16:31,056 - position: [ 0.05458825 -0.99472922  0.1308091 ]
2026-01-20 13:16:31,348 - position: [ 0.05410827 -0.99568945  0.13046348]
2026-01-20 13:16:31,594 - position: [ 0.05414036 -0.99550748  0.13048886]
2026-01-20 13:16:31,832 - position: [ 0.05412896 -0.99553299  0.13056393]
2026-01-20 13:16:32,095 - position: [ 0.05616303 -0.99916649  0.13041817]
2026-01-20 13:16:32,315 - position: [ 0.055536   -0.99872708  0.13034421]
2026-01-20 13:16:32,527 - position: [ 0.05556776 -0.99872977  0.13027023]
2026-01-20 13:16:32,743 - position: [ 0.05500069 -0.99838167  0.13030167]
2026-01-20 13:16:32,975 - position: [ 0.05461802 -0.99700153  0.13033392]
2026-01-20 13:16:33,176 - position: [ 0.05487306 -0.9977445   0.13019569]
2026-01-20 13:16:33,392 - position: [ 0.05481444 -0.99778771  0.13018075]
2026-01-20 13:16:33,624 - position: [ 0.05474442 -0.99756455  0.12998578]
2026-01-20 13:16:33,858 - position: [ 0.05482546 -0.99750853  0.12998977]
2026-01-20 13:16:34,079 - position: [ 0.05486897 -0.99739778  0.12994301]
2026-01-20 13:16:34,295 - position: [ 0.05488421 -0.99739939  0.12992467]
2026-01-20 13:16:34,524 - position: [ 0.05479559 -0.9973489   0.13004065]
2026-01-20 13:16:34,735 - position: [ 0.05481298 -0.99742043  0.13004625]
2026-01-20 13:16:34,977 - position: [ 0.05481298 -0.99742043  0.13004625]
2026-01-20 13:16:35,226 - position: [ 0.05512278 -0.99802047  0.13031423]
2026-01-20 13:16:35,500 - position: [ 0.05528013 -0.99839145  0.13051911]
2026-01-20 13:16:35,790 - position: [ 0.05535869 -0.99850065  0.1306421 ]
2026-01-20 13:16:36,014 - position: [ 0.05546845 -0.99854338  0.13068025]
2026-01-20 13:16:36,263 - position: [ 0.05542329 -0.99841982  0.13077371]
2026-01-20 13:16:36,499 - position: [ 0.05508965 -0.99810636  0.1308475 ]
2026-01-20 13:16:36,765 - position: [ 0.05491267 -0.99787104  0.13083337]
2026-01-20 13:16:37,017 - position: [ 0.05501967 -0.99787676  0.13079263]
2026-01-20 13:16:37,225 - position: [ 0.05523911 -0.99806535  0.13088091]
2026-01-20 13:16:37,459 - position: [ 0.05513212 -0.99793017  0.13073546]
2026-01-20 13:16:37,712 - position: [ 0.05504818 -0.99731171  0.13054465]
2026-01-20 13:16:38,021 - position: [ 0.05573628 -0.99820507  0.13107578]
2026-01-20 13:16:38,242 - position: [ 0.05570381 -0.9985708   0.13142696]
2026-01-20 13:16:38,504 - position: [ 0.05483826 -1.00030708  0.13293076]
2026-01-20 13:16:38,811 - position: [ 0.05466764 -0.99993372  0.13305354]
2026-01-20 13:16:39,046 - position: [ 0.05314988 -1.00037253  0.13441046]
2026-01-20 13:16:39,255 - position: [ 0.05256789 -1.00099134  0.13453498]
2026-01-20 13:16:39,489 - position: [ 0.05281784 -1.00146484  0.13462724]
2026-01-20 13:16:39,761 - position: [ 0.05288999 -1.00223422  0.13526171]
2026-01-20 13:16:39,982 - position: [ 0.05288999 -1.00223422  0.13526171]
2026-01-20 13:16:40,241 - position: [ 0.05351274 -0.99709982  0.13200268]
2026-01-20 13:16:40,501 - position: [ 0.05427251 -0.99733514  0.13177598]
2026-01-20 13:16:40,709 - position: [ 0.05397485 -0.99705327  0.13202214]
2026-01-20 13:16:40,978 - position: [ 0.05404514 -0.99720269  0.1319713 ]
2026-01-20 13:16:41,246 - position: [ 0.05385837 -0.99745822  0.13205087]
2026-01-20 13:16:41,497 - position: [ 0.05377392 -0.99683648  0.13152957]
2026-01-20 13:16:41,732 - position: [ 0.05402639 -0.99676973  0.1313796 ]
2026-01-20 13:16:41,996 - position: [ 0.05396207 -0.99627888  0.13142166]
2026-01-20 13:16:42,232 - position: [ 0.05340338 -0.99658006  0.1320543 ]
2026-01-20 13:16:42,495 - position: [ 0.05362785 -0.99696994  0.13208985]
2026-01-20 13:16:42,721 - position: [ 0.05337374 -0.9956122   0.13204315]
2026-01-20 13:16:42,996 - position: [ 0.05261944 -0.99477023  0.13206588]
2026-01-20 13:16:43,253 - position: [ 0.05338488 -0.9964118   0.13293716]
2026-01-20 13:16:43,514 - position: [ 0.05424993 -0.99766767  0.13272947]
2026-01-20 13:16:43,731 - position: [ 0.05396515 -0.99703884  0.13270812]
2026-01-20 13:16:43,991 - position: [ 0.05400978 -0.9967947   0.13270862]
2026-01-20 13:16:44,234 - position: [ 0.05406293 -0.99661213  0.13249272]
2026-01-20 13:16:44,465 - position: [ 0.05409648 -0.99660975  0.13267291]
2026-01-20 13:16:44,684 - position: [ 0.05346071 -0.99606317  0.13216427]
2026-01-20 13:16:44,901 - position: [ 0.05271726 -0.995713    0.13188878]
2026-01-20 13:16:45,120 - position: [ 0.05238566 -0.99559426  0.13217667]
2026-01-20 13:16:45,332 - position: [ 0.0511584  -0.99354053  0.13260055]
2026-01-20 13:16:45,573 - position: [ 0.05075774 -0.99305618  0.13259552]
2026-01-20 13:16:45,795 - position: [ 0.05153318 -0.99322826  0.13209356]
2026-01-20 13:16:46,013 - position: [ 0.05113441 -0.99236321  0.13208747]
2026-01-20 13:16:46,238 - position: [ 0.05094336 -0.99179202  0.1318384 ]
2026-01-20 13:16:46,567 - position: [ 0.05110554 -0.99194723  0.13178858]
2026-01-20 13:16:46,810 - position: [ 0.05103518 -0.99156004  0.13184619]
2026-01-20 13:16:47,022 - position: [ 0.05088379 -0.991844    0.13173805]
2026-01-20 13:16:47,315 - position: [ 0.05053409 -0.99147111  0.13204986]
2026-01-20 13:16:47,597 - position: [ 0.05055777 -0.99065769  0.13149273]
2026-01-20 13:16:47,841 - position: [ 0.05187769 -0.99201292  0.13121669]
2026-01-20 13:16:48,061 - position: [ 0.0513666  -0.99118918  0.13122709]
2026-01-20 13:16:48,323 - position: [ 0.05073567 -0.99035311  0.13112412]
2026-01-20 13:16:48,614 - position: [ 0.05056312 -0.99043173  0.13122146]
2026-01-20 13:16:48,864 - position: [ 0.05052637 -0.99036264  0.1311314 ]
2026-01-20 13:16:49,100 - position: [ 0.05050128 -0.9899534   0.13108054]
2026-01-20 13:16:49,352 - position: [ 0.05053953 -0.98948526  0.13108544]
2026-01-20 13:16:49,587 - position: [ 0.05049164 -0.98942477  0.13105838]
2026-01-20 13:16:49,816 - position: [ 0.05054019 -0.98945254  0.13105012]
2026-01-20 13:16:50,053 - position: [ 0.05048338 -0.98941511  0.1310048 ]
2026-01-20 13:16:50,284 - position: [ 0.05072541 -0.98953378  0.13116744]
2026-01-20 13:16:50,531 - position: [ 0.0509621  -0.98968804  0.13127628]
2026-01-20 13:16:50,795 - position: [ 0.05065838 -0.98932892  0.13110775]
2026-01-20 13:16:51,020 - position: [ 0.05066535 -0.98940742  0.13109289]
2026-01-20 13:16:51,250 - position: [ 0.05065946 -0.98941851  0.13111718]
2026-01-20 13:16:51,502 - position: [ 0.05069713 -0.98946524  0.13119486]
2026-01-20 13:16:51,743 - position: [ 0.05073404 -0.98947674  0.13120073]
2026-01-20 13:16:51,988 - position: [ 0.05060804 -0.98928469  0.13116997]
2026-01-20 13:16:52,219 - position: [ 0.05061444 -0.98928791  0.131184  ]
2026-01-20 13:16:52,448 - position: [ 0.05063141 -0.98929214  0.13114323]
