2026-01-20 13:30:06,899 - position: [ 0.13715689 -0.14633124  0.89287412] - angle: -1.5268920756092283
2026-01-20 13:30:07,131 - position: [ 0.13858253 -0.14972556  0.89527464] - angle: -1.526830649306702
2026-01-20 13:30:07,337 - position: [ 0.140129   -0.15294367  0.8979432 ] - angle: -1.5286789440208821
2026-01-20 13:30:07,616 - position: [ 0.14740919 -0.1618028   0.89128268] - angle: -1.5258144579504247
2026-01-20 13:30:07,854 - position: [ 0.15162785 -0.17157951  0.86951101] - angle: -1.5126671330264174
2026-01-20 13:30:08,085 - position: [ 0.1521095  -0.17662759  0.84493589] - angle: -1.5122111287346622
2026-01-20 13:30:08,310 - position: [ 0.1521095  -0.17662759  0.84493589] - angle: -1.5122111287346622
2026-01-20 13:30:08,544 - position: [ 0.1521095  -0.17662759  0.84493589] - angle: -1.5122111287346622
2026-01-20 13:30:08,783 - position: [ 0.15612148 -0.22755803  0.52488154] - angle: -1.5351001092943637
2026-01-20 13:30:09,021 - position: [ 0.15616731 -0.23689543  0.46225807] - angle: -1.5237280924589576
2026-01-20 13:30:09,237 - position: [ 0.15726908 -0.24029459  0.44340396] - angle: -1.5202048411531086
2026-01-20 13:30:09,462 - position: [ 0.15745765 -0.26135918  0.33786967] - angle: -1.5221245648930584
2026-01-20 13:30:09,691 - position: [ 0.15599684 -0.26794419  0.31274071] - angle: -1.5207804029022776
2026-01-20 13:30:09,918 - position: [ 0.15538068 -0.26984388  0.30677485] - angle: -1.521777953835708
2026-01-20 13:30:10,179 - position: [ 0.15346456 -0.27467716  0.29374653] - angle: -1.5209519227666615
2026-01-20 13:30:10,417 - position: [ 0.14504211 -0.30076018  0.30941609] - angle: -1.522380907757674
2026-01-20 13:30:10,651 - position: [ 0.14506261 -0.30780056  0.3272849 ] - angle: -1.5218678009478963
2026-01-20 13:30:10,910 - position: [ 0.14557762 -0.31612682  0.34814879] - angle: -1.5225661234854955
2026-01-20 13:30:11,155 - position: [ 0.144293   -0.32172483  0.36317158] - angle: -1.5215938601926893
2026-01-20 13:30:11,424 - position: [ 0.14344656 -0.32768947  0.37869534] - angle: -1.5217082286396133
2026-01-20 13:30:11,640 - position: [ 0.14392284 -0.33082482  0.38464803] - angle: -1.5211184010442254
2026-01-20 13:30:11,908 - position: [ 0.1452793  -0.33600417  0.3905853 ] - angle: -1.5223974862365233
2026-01-20 13:30:12,170 - position: [ 0.14674383 -0.3436929   0.38967809] - angle: -1.520784285130874
2026-01-20 13:30:12,370 - position: [ 0.14861239 -0.34778342  0.38798311] - angle: -1.521507801191416
2026-01-20 13:30:12,595 - position: [ 0.15211542 -0.35547641  0.38403183] - angle: -1.521056011066043
2026-01-20 13:30:12,859 - position: [ 0.15560918 -0.3641552   0.38015535] - angle: -1.5203042158092814
2026-01-20 13:30:13,094 - position: [ 0.1583488  -0.37254846  0.37693924] - angle: -1.5201799005694392
2026-01-20 13:30:13,354 - position: [ 0.15948552 -0.37870705  0.37508184] - angle: -1.5199847377156703
2026-01-20 13:30:13,596 - position: [ 0.15987839 -0.38234663  0.37514967] - angle: -1.5182168990038165
2026-01-20 13:30:13,815 - position: [ 0.15990756 -0.38499931  0.37534451] - angle: -1.5178170343797164
2026-01-20 13:30:14,028 - position: [ 0.16056928 -0.38745496  0.37493968] - angle: -1.516489873474149
2026-01-20 13:30:14,300 - position: [ 0.16095489 -0.38876748  0.37426436] - angle: -1.5162596344094172
2026-01-20 13:30:14,573 - position: [ 0.1626545  -0.39559433  0.36895612] - angle: -1.5191890293374155
2026-01-20 13:30:14,774 - position: [ 0.16218789 -0.3974511   0.36630407] - angle: -1.5169025103649534
2026-01-20 13:30:14,992 - position: [ 0.16097964 -0.40079787  0.36365178] - angle: -1.5158254671748375
2026-01-20 13:30:15,196 - position: [ 0.15942314 -0.40427667  0.36222947] - angle: -1.5158302852818673
2026-01-20 13:30:15,406 - position: [ 0.1585217  -0.40683204  0.36167344] - angle: -1.514299927062905
2026-01-20 13:30:15,646 - position: [ 0.15700024 -0.41156796  0.36223376] - angle: -1.5154852617379881
2026-01-20 13:30:15,994 - position: [ 0.15540829 -0.41453123  0.36533064] - angle: -1.5136273264876228
2026-01-20 13:30:16,218 - position: [ 0.15406698 -0.41699129  0.37260082] - angle: -1.5127255963648678
2026-01-20 13:30:16,494 - position: [ 0.15324786 -0.41730985  0.37896866] - angle: -1.5121266909663844
2026-01-20 13:30:16,730 - position: [ 0.15325406 -0.41463077  0.39174318] - angle: -1.513017774225347
2026-01-20 13:30:16,961 - position: [ 0.15325406 -0.41463077  0.39174318] - angle: -1.513017774225347
2026-01-20 13:30:17,244 - position: [ 0.1577369  -0.4096936   0.39463714] - angle: -1.5137940157000602
2026-01-20 13:30:17,463 - position: [ 0.15799689 -0.40949947  0.39434841] - angle: -1.5137083622571241
2026-01-20 13:30:17,702 - position: [ 0.16132978 -0.40510693  0.38137648] - angle: -1.5124156371957764
2026-01-20 13:30:17,929 - position: [ 0.161429   -0.40363899  0.37522009] - angle: -1.5110990058642453
2026-01-20 13:30:18,163 - position: [ 0.16196105 -0.40193522  0.36968136] - angle: -1.511506813234711
2026-01-20 13:30:18,396 - position: [ 0.16203512 -0.40006948  0.36356837] - angle: -1.5110537329610638
2026-01-20 13:30:18,683 - position: [ 0.16301887 -0.39975649  0.35669959] - angle: -1.5114732040159766
2026-01-20 13:30:18,936 - position: [ 0.16301887 -0.39975649  0.35669959] - angle: -1.5114732040159766
2026-01-20 13:30:19,175 - position: [ 0.1635237  -0.39879748  0.35302711] - angle: -1.5106926702209988
2026-01-20 13:30:19,439 - position: [ 0.1630438  -0.39833412  0.35442039] - angle: -1.5103627066716503
2026-01-20 13:30:19,698 - position: [ 0.16460414 -0.40035632  0.35575524] - angle: -1.510021151133674
2026-01-20 13:30:19,930 - position: [ 0.16521934 -0.40098363  0.35606414] - angle: -1.5096996158728153
2026-01-20 13:30:20,192 - position: [ 0.16668434 -0.40257201  0.35677111] - angle: -1.5094669341967846
2026-01-20 13:30:20,415 - position: [ 0.16733044 -0.4034293   0.35691425] - angle: -1.5095239751549538
2026-01-20 13:30:20,617 - position: [ 0.16733044 -0.4034293   0.35691425] - angle: -1.5095239751549538
2026-01-20 13:30:20,845 - position: [ 0.17275283 -0.41213739  0.35800838] - angle: -1.5088990068787318
2026-01-20 13:30:21,063 - position: [ 0.1748744  -0.41459727  0.35724473] - angle: -1.509951759101979
2026-01-20 13:30:21,282 - position: [ 0.1751774  -0.41453603  0.35722268] - angle: -1.510243553003935
2026-01-20 13:30:21,486 - position: [ 0.1751774  -0.41453603  0.35722268] - angle: -1.510243553003935
2026-01-20 13:30:21,733 - position: [ 0.1751774  -0.41453603  0.35722268] - angle: -1.510243553003935
2026-01-20 13:30:21,970 - position: [ 0.17286702 -0.4029921   0.36471337] - angle: -1.5098332601490059
2026-01-20 13:30:22,189 - position: [ 0.17292558 -0.40103814  0.36504471] - angle: -1.5087069904640518
2026-01-20 13:30:22,414 - position: [ 0.17344889 -0.39532915  0.36640811] - angle: -1.5090021909411542
2026-01-20 13:30:22,695 - position: [ 0.17391142 -0.39245051  0.36977249] - angle: -1.5085188279539694
2026-01-20 13:30:22,914 - position: [ 0.17499666 -0.39110422  0.37492713] - angle: -1.5087723206087587
2026-01-20 13:30:23,131 - position: [ 0.17685565 -0.39201823  0.37762615] - angle: -1.5086289720438595
2026-01-20 13:30:23,351 - position: [ 0.17830357 -0.39308286  0.37820855] - angle: -1.5096374558259025
2026-01-20 13:30:23,583 - position: [ 0.18000546 -0.3955611   0.37716672] - angle: -1.5093508238667215
2026-01-20 13:30:23,817 - position: [ 0.18028238 -0.39591983  0.37693119] - angle: -1.50940999233466
2026-01-20 13:30:24,074 - position: [ 0.1824847  -0.39978659  0.37222001] - angle: -1.5094415115843653
2026-01-20 13:30:24,315 - position: [ 0.18249138 -0.40123191  0.36999008] - angle: -1.5093692258226548
2026-01-20 13:30:24,540 - position: [ 0.18171814 -0.40209228  0.36762029] - angle: -1.5089992243441253
2026-01-20 13:30:24,871 - position: [ 0.17978156 -0.40370709  0.36523095] - angle: -1.5079034730700438
2026-01-20 13:30:25,104 - position: [ 0.17866279 -0.40590963  0.36309212] - angle: -1.5084769832004055
2026-01-20 13:30:25,334 - position: [ 0.17830798 -0.41006577  0.35929602] - angle: -1.5089613634743522
2026-01-20 13:30:25,705 - position: [ 0.17674634 -0.415757    0.35558406] - angle: -1.5080964986519927
2026-01-20 13:30:25,940 - position: [ 0.17499059 -0.41861808  0.35466537] - angle: -1.5078691938105444
2026-01-20 13:30:26,166 - position: [ 0.17465855 -0.4196488   0.35501978] - angle: -1.507856242226655
2026-01-20 13:30:26,419 - position: [ 0.17541325 -0.42217505  0.35479838] - angle: -1.507037290295043
2026-01-20 13:30:26,647 - position: [ 0.17664386 -0.42388827  0.35438427] - angle: -1.508451887831805
2026-01-20 13:30:26,911 - position: [ 0.17976488 -0.42546618  0.35286039] - angle: -1.5070617241795436
2026-01-20 13:30:27,137 - position: [ 0.18030372 -0.42536452  0.35256195] - angle: -1.5069137738786087
2026-01-20 13:30:27,394 - position: [ 0.18172202 -0.42082572  0.35211405] - angle: -1.5063572498555868
2026-01-20 13:30:27,657 - position: [ 0.18162633 -0.41991436  0.35212082] - angle: -1.5066526851171842
2026-01-20 13:30:27,871 - position: [ 0.17936553 -0.41698945  0.35194087] - angle: -1.5066478352319028
2026-01-20 13:30:28,107 - position: [ 0.17781317 -0.41657022  0.35260773] - angle: -1.5060176741845717
2026-01-20 13:30:28,377 - position: [ 0.17632216 -0.4156985   0.35381866] - angle: -1.5058546043215824
2026-01-20 13:30:28,632 - position: [ 0.17409329 -0.4108243   0.35412359] - angle: -1.5051729453031402
2026-01-20 13:30:28,846 - position: [ 0.173291   -0.4075388   0.35406739] - angle: -1.5065621312203055
2026-01-20 13:30:29,117 - position: [ 0.17229635 -0.40173197  0.35436895] - angle: -1.507402527514342
2026-01-20 13:30:29,365 - position: [ 0.17075822 -0.39428335  0.3546488 ] - angle: -1.5074537716299776
2026-01-20 13:30:29,582 - position: [ 0.16996999 -0.39066505  0.35421389] - angle: -1.5074634071276694
2026-01-20 13:30:29,815 - position: [ 0.16853696 -0.3840394   0.35303974] - angle: -1.5062837952487795
2026-01-20 13:30:30,080 - position: [ 0.1682287  -0.38210213  0.35214999] - angle: -1.5046364486378017
2026-01-20 13:30:30,288 - position: [ 0.16927691 -0.38179502  0.35095221] - angle: -1.5050943362309082
2026-01-20 13:30:30,510 - position: [ 0.17089014 -0.3824622   0.35036588] - angle: -1.5053037821212314
2026-01-20 13:30:30,743 - position: [ 0.17190227 -0.38300484  0.34995517] - angle: -1.5049797310207218
2026-01-20 13:30:30,966 - position: [ 0.17209665 -0.3831296   0.3499524 ] - angle: -1.5051859339536944
2026-01-20 13:30:31,201 - position: [ 0.1723879  -0.38326058  0.34982172] - angle: -1.5051073985805772
2026-01-20 13:30:31,432 - position: [ 0.17401326 -0.38366666  0.34737793] - angle: -1.5047019914487003
2026-01-20 13:30:31,677 - position: [ 0.17406262 -0.38367042  0.34731558] - angle: -1.504501282887155
2026-01-20 13:30:31,912 - position: [ 0.17406262 -0.38367042  0.34731558] - angle: -1.504501282887155
2026-01-20 13:30:32,196 - position: [ 0.17547533 -0.38158908  0.34096453] - angle: -1.5040483373918474
2026-01-20 13:30:32,404 - position: [ 0.17787185 -0.37012056  0.34065768] - angle: -1.5047762549898152
2026-01-20 13:30:32,631 - position: [ 0.17628956 -0.36337215  0.34739757] - angle: -1.505056898401381
2026-01-20 13:30:32,904 - position: [ 0.17164296 -0.36276996  0.35330358] - angle: -1.502600948862952
2026-01-20 13:30:33,134 - position: [ 0.17230155 -0.36421651  0.35512644] - angle: -1.5029102276492767
2026-01-20 13:30:33,348 - position: [ 0.17294468 -0.36532274  0.35604748] - angle: -1.5025540084955251
2026-01-20 13:30:33,587 - position: [ 0.17680591 -0.36842629  0.35692066] - angle: -1.5017398561050683
2026-01-20 13:30:33,902 - position: [ 0.18043654 -0.3695026   0.35537371] - angle: -1.5014894616942396
2026-01-20 13:30:34,187 - position: [ 0.18212564 -0.36940682  0.35409823] - angle: -1.5011501313533682
2026-01-20 13:30:34,417 - position: [ 0.18483649 -0.36918676  0.35055682] - angle: -1.5021382037004503
2026-01-20 13:30:34,693 - position: [ 0.18652833 -0.36821926  0.34677055] - angle: -1.5029297131370423
2026-01-20 13:30:34,940 - position: [ 0.18785365 -0.3656961   0.34803009] - angle: -1.5027231839673632
2026-01-20 13:30:35,190 - position: [ 0.18889715 -0.36349082  0.34949267] - angle: -1.5028745038088656
2026-01-20 13:30:35,492 - position: [ 0.19112332 -0.3575702   0.35186672] - angle: -1.5011048287647322
2026-01-20 13:30:35,738 - position: [ 0.19109398 -0.35642436  0.35202932] - angle: -1.5009775862072408
2026-01-20 13:30:35,979 - position: [ 0.18846738 -0.35056597  0.35279718] - angle: -1.4998616242066611
2026-01-20 13:30:36,301 - position: [ 0.18588506 -0.34968108  0.35353842] - angle: -1.5007982875323624
2026-01-20 13:30:36,575 - position: [ 0.18574779 -0.34986329  0.35342947] - angle: -1.500568105050251
2026-01-20 13:30:36,797 - position: [ 0.18569471 -0.35042396  0.35353038] - angle: -1.5009664987629328
2026-01-20 13:30:37,007 - position: [ 0.18565001 -0.35207704  0.35409769] - angle: -1.5008222860417875
2026-01-20 13:30:37,235 - position: [ 0.18551102 -0.35449013  0.3544316 ] - angle: -1.4984329208454117
2026-01-20 13:30:37,611 - position: [ 0.18516532 -0.35853222  0.35629997] - angle: -1.4998142326773531
2026-01-20 13:30:37,846 - position: [ 0.18573512 -0.36062637  0.35603184] - angle: -1.4966287275003425
2026-01-20 13:30:38,097 - position: [ 0.18748313 -0.36179912  0.35279801] - angle: -1.5004533009277785
2026-01-20 13:30:38,328 - position: [ 0.18835862 -0.36402655  0.3487331 ] - angle: -1.4971419250993598
2026-01-20 13:30:38,533 - position: [ 0.18805028 -0.36361697  0.346861  ] - angle: -1.4889951770383294
2026-01-20 13:30:38,824 - position: [ 0.18768029 -0.36420655  0.3428508 ] - angle: -1.4975059636920358
2026-01-20 13:30:39,070 - position: [ 0.1872483  -0.36315945  0.34110922] - angle: -1.4972145379894708
2026-01-20 13:30:39,320 - position: [ 0.18676761 -0.3604978   0.33798927] - angle: -1.4987331842309777
2026-01-20 13:30:39,541 - position: [ 0.18664469 -0.35913086  0.33465034] - angle: -1.4986685244996254
2026-01-20 13:30:39,755 - position: [ 0.18723896 -0.35828093  0.33174139] - angle: -1.498248238967875
2026-01-20 13:30:40,015 - position: [ 0.18903521 -0.35869601  0.32757336] - angle: -1.49855527709913
2026-01-20 13:30:40,261 - position: [ 0.19043119 -0.36068156  0.32269964] - angle: -1.4949852603750768
2026-01-20 13:30:40,573 - position: [ 0.19220504 -0.36221084  0.3167116 ] - angle: -1.4891985890315969
2026-01-20 13:30:40,825 - position: [ 0.18891257 -0.3623836   0.31806895] - angle: -1.4976115960305085
2026-01-20 13:30:41,064 - position: [ 0.18891257 -0.3623836   0.31806895] - angle: -1.4976115960305085
2026-01-20 13:30:41,314 - position: [ 0.18432155 -0.35991275  0.32100922] - angle: -1.4969832233023648
2026-01-20 13:30:41,618 - position: [ 0.18091367 -0.35787457  0.32332084] - angle: -1.4889748357996817
2026-01-20 13:30:41,856 - position: [ 0.18175769 -0.36043218  0.32292688] - angle: -1.497472812649408
2026-01-20 13:30:42,095 - position: [ 0.18242557 -0.36298949  0.32186186] - angle: -1.4940895575948745
2026-01-20 13:30:42,345 - position: [ 0.18218251 -0.3666454   0.3189936 ] - angle: -1.493131642335896
2026-01-20 13:30:42,614 - position: [ 0.18023449 -0.37013811  0.31649897] - angle: -1.4931446128193908
2026-01-20 13:30:42,835 - position: [ 0.17886789 -0.37127817  0.31541941] - angle: -1.4928750278570506
2026-01-20 13:30:43,069 - position: [ 0.17753293 -0.37177405  0.31478104] - angle: -1.4962647013265111
2026-01-20 13:30:43,338 - position: [ 0.17671028 -0.37213507  0.31410936] - angle: -1.4958631521766703
2026-01-20 13:30:43,556 - position: [ 0.16900434 -0.36804175  0.3113344 ] - angle: -1.4936860247693113
2026-01-20 13:30:43,818 - position: [ 0.1653889  -0.36298063  0.30988222] - angle: -1.4927918311066133
2026-01-20 13:30:44,067 - position: [ 0.16277565 -0.35986754  0.30883053] - angle: -1.4917676928315378
2026-01-20 13:30:44,310 - position: [ 0.16143486 -0.35854948  0.30922455] - angle: -1.4888413370224458
2026-01-20 13:30:44,552 - position: [ 0.15755177 -0.3537873   0.3118698 ] - angle: -1.4902080994054416
2026-01-20 13:30:44,798 - position: [ 0.15300161 -0.35063922  0.31721205] - angle: -1.490272679399569
2026-01-20 13:30:45,030 - position: [ 0.15283297 -0.35101396  0.31975895] - angle: -1.4883778331957402
2026-01-20 13:30:45,242 - position: [ 0.15257677 -0.35063303  0.32322437] - angle: -1.4888391456666636
2026-01-20 13:30:45,470 - position: [ 0.15259145 -0.35015416  0.32604009] - angle: -1.4907266855962775
2026-01-20 13:30:45,715 - position: [ 0.15396248 -0.34905097  0.32893366] - angle: -1.4870946932887472
2026-01-20 13:30:45,924 - position: [ 0.15499529 -0.34757745  0.33022055] - angle: -1.4876443887925586
2026-01-20 13:30:46,175 - position: [ 0.15550955 -0.34638396  0.33078623] - angle: -1.4875967635461058
2026-01-20 13:30:46,411 - position: [ 0.15734717 -0.34055999  0.33242229] - angle: -1.489684795342927
2026-01-20 13:30:46,679 - position: [ 0.15720484 -0.33956388  0.33314598] - angle: -1.4879268678646298
2026-01-20 13:30:46,891 - position: [ 0.15559745 -0.33815914  0.33474824] - angle: -1.4870382441209906
2026-01-20 13:30:47,106 - position: [ 0.1541775  -0.33806479  0.33507544] - angle: -1.4872022673685712
2026-01-20 13:30:47,398 - position: [ 0.15279859 -0.33793175  0.33491486] - angle: -1.4867763335876423
2026-01-20 13:30:47,694 - position: [ 0.14768773 -0.33614019  0.33605391] - angle: -1.4878819469242486
2026-01-20 13:30:47,946 - position: [ 0.14518265 -0.3365649   0.3380653 ] - angle: -1.4860076953796226
2026-01-20 13:30:48,211 - position: [ 0.14507651 -0.33770946  0.34065816] - angle: -1.4850833015484768
2026-01-20 13:30:48,417 - position: [ 0.14504273 -0.3377237   0.34076297] - angle: -1.4850224925953142
2026-01-20 13:30:48,776 - position: [ 0.14560312 -0.33721691  0.34222016] - angle: -1.4846618742087108
2026-01-20 13:30:49,036 - position: [ 0.14783244 -0.33536863  0.34051567] - angle: -1.4837423084528738
2026-01-20 13:30:49,263 - position: [ 0.14883478 -0.33242655  0.33975559] - angle: -1.4836784746479368
2026-01-20 13:30:49,499 - position: [ 0.14859982 -0.33063039  0.33954212] - angle: -1.4827124380945862
2026-01-20 13:30:49,740 - position: [ 0.14829011 -0.32928669  0.33944726] - angle: -1.4837138352328174
2026-01-20 13:30:49,947 - position: [ 0.14707515 -0.324698    0.33911571] - angle: -1.4831507197788416
2026-01-20 13:30:50,239 - position: [ 0.14476931 -0.32218069  0.33970368] - angle: -1.483497472897929
2026-01-20 13:30:50,461 - position: [ 0.1419429  -0.32077062  0.34084046] - angle: -1.4836228301335805
2026-01-20 13:30:50,736 - position: [ 0.14193349 -0.32068601  0.34114471] - angle: -1.483511278752081
2026-01-20 13:30:51,004 - position: [ 0.14245419 -0.32038462  0.34222355] - angle: -1.4836859836597394
2026-01-20 13:30:51,240 - position: [ 0.14325382 -0.32042241  0.34293959] - angle: -1.4838246914994544
2026-01-20 13:30:51,451 - position: [ 0.1458032  -0.31981662  0.34407884] - angle: -1.4832518401657366
2026-01-20 13:30:51,705 - position: [ 0.1458032  -0.31981662  0.34407884] - angle: -1.4832518401657366
2026-01-20 13:30:51,957 - position: [ 0.15645963 -0.31685224  0.33984235] - angle: -1.4813628823857155
2026-01-20 13:30:52,172 - position: [ 0.15864582 -0.31692314  0.33901712] - angle: -1.4808723695198407
2026-01-20 13:30:52,382 - position: [ 0.15957582 -0.31691542  0.33867404] - angle: -1.481254086463569
2026-01-20 13:30:52,623 - position: [ 0.16352782 -0.31751743  0.33792421] - angle: -1.4814309620839738
2026-01-20 13:30:52,871 - position: [ 0.16986555 -0.31926712  0.33713311] - angle: -1.481393182605229
2026-01-20 13:30:53,074 - position: [ 0.17180008 -0.32008573  0.33775619] - angle: -1.4805074273884582
2026-01-20 13:30:53,302 - position: [ 0.1726937  -0.32083398  0.33840117] - angle: -1.4802590862491707
2026-01-20 13:30:53,588 - position: [ 0.17341378 -0.32160354  0.33927757] - angle: -1.4801550255623095
2026-01-20 13:30:53,879 - position: [ 0.17327636 -0.32262033  0.34142175] - angle: -1.4804434379342144
2026-01-20 13:30:54,132 - position: [ 0.17265436 -0.3226026   0.34181049] - angle: -1.480425451468907
2026-01-20 13:30:54,353 - position: [ 0.17165898 -0.32186639  0.34321722] - angle: -1.4806383859097352
2026-01-20 13:30:54,574 - position: [ 0.16796748 -0.31919482  0.34259841] - angle: -1.48147058497656
2026-01-20 13:30:54,818 - position: [ 0.16544007 -0.31615612  0.34008148] - angle: -1.4801433463712441
2026-01-20 13:30:55,068 - position: [ 0.16260375 -0.31240299  0.33562711] - angle: -1.4798481112937933
2026-01-20 13:30:55,318 - position: [ 0.16074094 -0.30865386  0.32913584] - angle: -1.478700824884743
2026-01-20 13:30:55,586 - position: [ 0.16073909 -0.30759254  0.32539031] - angle: -1.4783248900088202
2026-01-20 13:30:55,830 - position: [ 0.16088969 -0.30655023  0.32087767] - angle: -1.4779676206261816
2026-01-20 13:30:56,172 - position: [ 0.16092555 -0.30465311  0.31141746] - angle: -1.4771122567002704
2026-01-20 13:30:56,427 - position: [ 0.1591683  -0.30346361  0.30028036] - angle: -1.4755141395492495
2026-01-20 13:30:56,694 - position: [ 0.15351306 -0.30204353  0.2905831 ] - angle: -1.4764607836745651
2026-01-20 13:30:56,934 - position: [ 0.14512934 -0.29893011  0.27836347] - angle: -1.4764006540051868
2026-01-20 13:30:57,193 - position: [ 0.14083678 -0.29623923  0.27100343] - angle: -1.4759785622588186
2026-01-20 13:30:57,461 - position: [ 0.14283128 -0.29152533  0.26962483] - angle: -1.4765159755693982
2026-01-20 13:30:57,730 - position: [ 0.14428161 -0.29093316  0.27047488] - angle: -1.4754414725620353
2026-01-20 13:30:57,964 - position: [ 0.14734964 -0.29040137  0.27216411] - angle: -1.4737187927008693
2026-01-20 13:30:58,231 - position: [ 0.15113182 -0.29205486  0.27364489] - angle: -1.4729594298445052
2026-01-20 13:30:58,466 - position: [ 0.15274012 -0.29482758  0.27366877] - angle: -1.4725240109309534
2026-01-20 13:30:58,675 - position: [ 0.15369719 -0.29740483  0.27413392] - angle: -1.4735094462724856
2026-01-20 13:30:58,931 - position: [ 0.15400778 -0.30183449  0.27425459] - angle: -1.4713584751498154
2026-01-20 13:30:59,160 - position: [ 0.15379415 -0.3026247   0.2743963 ] - angle: -1.471648757411054
2026-01-20 13:30:59,391 - position: [ 0.15337977 -0.30390722  0.27455372] - angle: -1.4715345779054654
2026-01-20 13:30:59,634 - position: [ 0.15223879 -0.30505076  0.27541938] - angle: -1.4720690804866225
2026-01-20 13:30:59,885 - position: [ 0.15058759 -0.30582321  0.27615562] - angle: -1.472238956470477
2026-01-20 13:31:00,144 - position: [ 0.14898238 -0.30680257  0.27686864] - angle: -1.4720706696525445
2026-01-20 13:31:00,394 - position: [ 0.14743938 -0.30809432  0.27823836] - angle: -1.472039146012317
2026-01-20 13:31:00,683 - position: [ 0.14479312 -0.31181648  0.28239188] - angle: -1.4726683335497648
2026-01-20 13:31:00,970 - position: [ 0.14430003 -0.32287058  0.29680052] - angle: -1.4696715500368742
2026-01-20 13:31:01,253 - position: [ 0.14344208 -0.33227125  0.31273857] - angle: -1.4701209771643606
2026-01-20 13:31:01,475 - position: [ 0.13932994 -0.3327665   0.33382863] - angle: -1.4686999653665413
2026-01-20 13:31:01,718 - position: [ 0.13812006 -0.33067676  0.34033975] - angle: -1.4685400531249262
2026-01-20 13:31:01,941 - position: [ 0.13802725 -0.33038747  0.34104428] - angle: -1.468366785837294
2026-01-20 13:31:02,186 - position: [ 0.13832709 -0.32896817  0.34507412] - angle: -1.4683686785447612
2026-01-20 13:31:02,407 - position: [ 0.1429875  -0.32650107  0.35161662] - angle: -1.4672170411677938
2026-01-20 13:31:02,652 - position: [ 0.14605056 -0.32502341  0.35634181] - angle: -1.4664253617454133
2026-01-20 13:31:02,887 - position: [ 0.14587408 -0.32436976  0.35684747] - angle: -1.4658956109546644
2026-01-20 13:31:03,220 - position: [ 0.15042864 -0.3230851   0.35320473] - angle: -1.4660635172680476
2026-01-20 13:31:03,441 - position: [ 0.15386567 -0.32307485  0.35179481] - angle: -1.4669276194921737
2026-01-20 13:31:03,667 - position: [ 0.16113374 -0.32484794  0.34979942] - angle: -1.465570411194089
2026-01-20 13:31:03,946 - position: [ 0.1632922  -0.32589763  0.34915096] - angle: -1.4648186182834149
2026-01-20 13:31:04,179 - position: [ 0.15727556 -0.32429123  0.34888643] - angle: -1.4641614379196088
2026-01-20 13:31:04,418 - position: [ 0.15224038 -0.32124713  0.34773916] - angle: -1.464224307669197
2026-01-20 13:31:04,636 - position: [ 0.14748655 -0.31857878  0.34689865] - angle: -1.465011839550284
2026-01-20 13:31:04,868 - position: [ 0.14342576 -0.31459314  0.34488815] - angle: -1.4654084032658656
2026-01-20 13:31:05,122 - position: [ 0.14381984 -0.31014717  0.34321487] - angle: -1.4649835301973555
2026-01-20 13:31:05,340 - position: [ 0.14443591 -0.30849499  0.34301993] - angle: -1.4657231704835385
2026-01-20 13:31:05,584 - position: [ 0.14283291 -0.30835313  0.34328046] - angle: -1.4658464201878192
2026-01-20 13:31:05,815 - position: [ 0.14271069 -0.30850905  0.34335551] - angle: -1.465384467182314
2026-01-20 13:31:06,037 - position: [ 0.13737878 -0.3100363   0.34330368] - angle: -1.4624359584782272
2026-01-20 13:31:06,265 - position: [ 0.13258593 -0.31379896  0.34237334] - angle: -1.465815976593778
2026-01-20 13:31:06,501 - position: [ 0.13167016 -0.31447646  0.34191802] - angle: -1.4661056439669422
2026-01-20 13:31:06,727 - position: [ 0.13146886 -0.31461546  0.34174523] - angle: -1.466118064772902
2026-01-20 13:31:06,947 - position: [ 0.12932475 -0.3152287   0.34446308] - angle: -1.4670005705439855
2026-01-20 13:31:07,162 - position: [ 0.12932475 -0.3152287   0.34446308] - angle: -1.4670005705439855
2026-01-20 13:31:07,396 - position: [ 0.12020567 -0.31529239  0.34222817] - angle: -1.4623332987962274
2026-01-20 13:31:07,634 - position: [ 0.12020567 -0.31529239  0.34222817] - angle: -1.4623332987962274
2026-01-20 13:31:07,884 - position: [ 0.12020567 -0.31529239  0.34222817] - angle: -1.4623332987962274
2026-01-20 13:31:08,147 - position: [ 0.13257127 -0.30952194  0.34241235] - angle: -1.4628528905793137
2026-01-20 13:31:08,350 - position: [ 0.13765948 -0.30954689  0.34528494] - angle: -1.4554017134107484
2026-01-20 13:31:08,606 - position: [ 0.14095122 -0.31293693  0.34587562] - angle: -1.458957187856214
2026-01-20 13:31:08,824 - position: [ 0.14123234 -0.31359103  0.34605536] - angle: -1.4588230774049986
2026-01-20 13:31:09,092 - position: [ 0.14264113 -0.31598672  0.34617719] - angle: -1.4575530813475077
2026-01-20 13:31:09,359 - position: [ 0.14342852 -0.31819406  0.34562778] - angle: -1.4578843500702057
2026-01-20 13:31:09,599 - position: [ 0.14347959 -0.31884909  0.34536201] - angle: -1.4577123333074113
2026-01-20 13:31:09,862 - position: [ 0.14765067 -0.32157749  0.3419607 ] - angle: -1.4573404881907561
2026-01-20 13:31:10,089 - position: [ 0.14845331 -0.32158574  0.3413761 ] - angle: -1.457316350285315
2026-01-20 13:31:10,327 - position: [ 0.15028597 -0.32107827  0.338402  ] - angle: -1.4569586376477144
2026-01-20 13:31:10,581 - position: [ 0.15031591 -0.32104817  0.33758003] - angle: -1.4572312953838078
2026-01-20 13:31:10,865 - position: [ 0.1491757  -0.32174996  0.33636901] - angle: -1.4570422848658824
2026-01-20 13:31:11,247 - position: [ 0.14087275 -0.31894553  0.33203748] - angle: -1.4564717201759212
2026-01-20 13:31:11,485 - position: [ 0.14040834 -0.31844908  0.33063665] - angle: -1.4564485416537005
2026-01-20 13:31:11,714 - position: [ 0.14215402 -0.32023984  0.32869652] - angle: -1.4557329558332341
2026-01-20 13:31:11,937 - position: [ 0.14385848 -0.32344177  0.3276369 ] - angle: -1.4569107920562883
2026-01-20 13:31:12,158 - position: [ 0.14469004 -0.32471773  0.32749066] - angle: -1.4555529452915859
2026-01-20 13:31:12,384 - position: [ 0.14605801 -0.32773569  0.32713065] - angle: -1.4556926094235543
2026-01-20 13:31:12,601 - position: [ 0.14605801 -0.32773569  0.32713065] - angle: -1.4556926094235543
2026-01-20 13:31:12,834 - position: [ 0.14940487 -0.32978469  0.33052698] - angle: -1.4539047707620005
2026-01-20 13:31:13,061 - position: [ 0.14940487 -0.32978469  0.33052698] - angle: -1.4539047707620005
2026-01-20 13:31:13,309 - position: [ 0.1497429  -0.32950574  0.33416581] - angle: -1.4536360486453344
2026-01-20 13:31:13,553 - position: [ 0.14761293 -0.35637063  0.34087414] - angle: -1.4533201841269259
2026-01-20 13:31:13,800 - position: [ 0.14784198 -0.35932407  0.34132922] - angle: -1.4530903477459418
2026-01-20 13:31:14,030 - position: [ 0.14803711 -0.36325037  0.34232163] - angle: -1.4523125054462978
2026-01-20 13:31:14,279 - position: [ 0.1473525  -0.36446586  0.34070733] - angle: -1.4519561109741943
2026-01-20 13:31:14,629 - position: [ 0.14926201 -0.36489561  0.33770466] - angle: -1.450316922793995
2026-01-20 13:31:14,856 - position: [ 0.14993267 -0.36480451  0.33714291] - angle: -1.4502615947764714
2026-01-20 13:31:15,067 - position: [ 0.15118456 -0.36282268  0.33548558] - angle: -1.4494888230949332
2026-01-20 13:31:15,321 - position: [ 0.148688   -0.35773078  0.33331409] - angle: -1.4490409511680782
2026-01-20 13:31:15,572 - position: [ 0.14521396 -0.3535699   0.33167097] - angle: -1.448832689440402
2026-01-20 13:31:15,827 - position: [ 0.14010577 -0.34796926  0.32953459] - angle: -1.4490799910796333
2026-01-20 13:31:16,081 - position: [ 0.13852659 -0.34536272  0.32485336] - angle: -1.4494009657337648
2026-01-20 13:31:16,379 - position: [ 0.14015111 -0.34412929  0.31995854] - angle: -1.4494211761716804
2026-01-20 13:31:16,662 - position: [ 0.14141822 -0.34233618  0.31674683] - angle: -1.4491139581649062
2026-01-20 13:31:16,874 - position: [ 0.14263448 -0.34076151  0.31421712] - angle: -1.4481173818217217
2026-01-20 13:31:17,099 - position: [ 0.14237607 -0.33925316  0.31352228] - angle: -1.4479613479505606
2026-01-20 13:31:17,322 - position: [ 0.14174104 -0.33831459  0.31361181] - angle: -1.447184338918333
2026-01-20 13:31:17,551 - position: [ 0.14166142 -0.33819199  0.3136313 ] - angle: -1.4473955068921192
2026-01-20 13:31:17,845 - position: [ 0.14146566 -0.34049952  0.32080027] - angle: -1.4481089554437365
2026-01-20 13:31:18,048 - position: [ 0.14139947 -0.34446844  0.32868233] - angle: -1.447837774525282
2026-01-20 13:31:18,274 - position: [ 0.14139947 -0.34446844  0.32868233] - angle: -1.447837774525282
2026-01-20 13:31:18,610 - position: [ 0.14057764 -0.3487398   0.34322798] - angle: -1.4476293035897827
2026-01-20 13:31:18,818 - position: [ 0.14120328 -0.35016695  0.34922683] - angle: -1.4486275303591278
2026-01-20 13:31:19,096 - position: [ 0.1444255  -0.35109866  0.35974178] - angle: -1.448854667181147
2026-01-20 13:31:19,355 - position: [ 0.14934058 -0.34855682  0.36969849] - angle: -1.4473624216999381
2026-01-20 13:31:19,613 - position: [ 0.15263982 -0.34653321  0.37061599] - angle: -1.4444785671704996
2026-01-20 13:31:19,826 - position: [ 0.15350889 -0.34576839  0.36829796] - angle: -1.4443247339456433
2026-01-20 13:31:20,043 - position: [ 0.1535456  -0.34567592  0.36808053] - angle: -1.4440380544374545
2026-01-20 13:31:20,262 - position: [ 0.15466125 -0.34478781  0.36413011] - angle: -1.4427896989706261
2026-01-20 13:31:20,509 - position: [ 0.15647222 -0.34146032  0.35395446] - angle: -1.4423490743139689
2026-01-20 13:31:20,748 - position: [ 0.15639283 -0.33931816  0.35028663] - angle: -1.4412616405271783
2026-01-20 13:31:20,979 - position: [ 0.15408364 -0.33424887  0.34090978] - angle: -1.4421558200697313
2026-01-20 13:31:21,234 - position: [ 0.15224765 -0.33444548  0.3415989 ] - angle: -1.4420340995489793
2026-01-20 13:31:21,453 - position: [ 0.14457048 -0.33424607  0.34648672] - angle: -1.4407391156517333
2026-01-20 13:31:21,695 - position: [ 0.1350546  -0.3374252   0.35374194] - angle: -1.4398837122793329
2026-01-20 13:31:21,954 - position: [ 0.1323532  -0.34164143  0.35467622] - angle: -1.43972044398555
2026-01-20 13:31:22,179 - position: [ 0.13046189 -0.34591231  0.35332671] - angle: -1.439784514849424
2026-01-20 13:31:22,437 - position: [ 0.13122785 -0.34991062  0.3523896 ] - angle: -1.4402625952704406
2026-01-20 13:31:22,664 - position: [ 0.13479993 -0.35310063  0.35212764] - angle: -1.4381789643602074
2026-01-20 13:31:22,910 - position: [ 0.13668683 -0.35476032  0.35242006] - angle: -1.438154636178341
2026-01-20 13:31:23,139 - position: [ 0.13824216 -0.35657787  0.35287291] - angle: -1.4378709692148641
2026-01-20 13:31:23,430 - position: [ 0.140195   -0.35862809  0.35297549] - angle: -1.4379454846986657
2026-01-20 13:31:23,681 - position: [ 0.140195   -0.35862809  0.35297549] - angle: -1.4379454846986657
2026-01-20 13:31:23,902 - position: [ 0.140195   -0.35862809  0.35297549] - angle: -1.4379454846986657
2026-01-20 13:31:24,202 - position: [ 0.140195   -0.35862809  0.35297549] - angle: -1.4379454846986657
2026-01-20 13:31:24,458 - position: [ 0.140195   -0.35862809  0.35297549] - angle: -1.4379454846986657
2026-01-20 13:31:24,695 - position: [ 0.140195   -0.35862809  0.35297549] - angle: -1.4379454846986657
2026-01-20 13:31:24,948 - position: [ 0.16045733 -0.36477947  0.34831443] - angle: -1.436354937780572
2026-01-20 13:31:25,189 - position: [ 0.16218641 -0.36598313  0.34856036] - angle: -1.4363269153793965
2026-01-20 13:31:25,443 - position: [ 0.16790164 -0.36991808  0.34990457] - angle: -1.4355493572600904
2026-01-20 13:31:25,752 - position: [ 0.17440143 -0.37390697  0.35532194] - angle: -1.4359485386952402
2026-01-20 13:31:26,084 - position: [ 0.17233588 -0.37290299  0.35637474] - angle: -1.4364001243264508
2026-01-20 13:31:26,316 - position: [ 0.16702557 -0.37109956  0.35694179] - angle: -1.4370403356395296
2026-01-20 13:31:26,527 - position: [ 0.16455358 -0.37025183  0.35641277] - angle: -1.437470967887701
2026-01-20 13:31:26,784 - position: [ 0.16220701 -0.36902842  0.35456467] - angle: -1.4397804853814282
2026-01-20 13:31:27,041 - position: [ 0.15915915 -0.36604065  0.35176414] - angle: -1.4371309774144958
2026-01-20 13:31:27,262 - position: [ 0.15813304 -0.36451265  0.35113192] - angle: -1.4368930315779984
2026-01-20 13:31:27,499 - position: [ 0.15626314 -0.36168069  0.35041809] - angle: -1.43633351013812
2026-01-20 13:31:27,750 - position: [ 0.1506677  -0.35704678  0.35049808] - angle: -1.4351548592584438
2026-01-20 13:31:27,983 - position: [ 0.14945295 -0.35736427  0.34988934] - angle: -1.4333571168256056
2026-01-20 13:31:28,230 - position: [ 0.14951742 -0.35762212  0.34977543] - angle: -1.4339610426883076
2026-01-20 13:31:28,522 - position: [ 0.1497639  -0.35805884  0.34900203] - angle: -1.43334216163939
2026-01-20 13:31:28,771 - position: [ 0.14730306 -0.35580939  0.34877211] - angle: -1.4346096225233982
2026-01-20 13:31:29,009 - position: [ 0.14539164 -0.35333708  0.34453508] - angle: -1.4312783579830186
2026-01-20 13:31:29,229 - position: [ 0.14245188 -0.34861803  0.34048754] - angle: -1.4316679214839003
2026-01-20 13:31:29,442 - position: [ 0.14245188 -0.34861803  0.34048754] - angle: -1.4316679214839003
2026-01-20 13:31:29,662 - position: [ 0.14245188 -0.34861803  0.34048754] - angle: -1.4316679214839003
2026-01-20 13:31:29,941 - position: [ 0.14245188 -0.34861803  0.34048754] - angle: -1.4316679214839003
2026-01-20 13:31:30,233 - position: [ 0.13787331 -0.33092344  0.3425886 ] - angle: -1.4316805328655602
2026-01-20 13:31:30,513 - position: [ 0.13551296 -0.32269818  0.34140709] - angle: -1.427608520778639
2026-01-20 13:31:30,752 - position: [ 0.13400699 -0.31988993  0.33889875] - angle: -1.4272537887396672
2026-01-20 13:31:31,007 - position: [ 0.1297885  -0.31783062  0.33686161] - angle: -1.4349790870233559
2026-01-20 13:31:31,232 - position: [ 0.1297885  -0.31783062  0.33686161] - angle: -1.4349790870233559
2026-01-20 13:31:31,462 - position: [ 0.12675603 -0.31659725  0.33971602] - angle: -1.434509237022823
2026-01-20 13:31:31,692 - position: [ 0.12675603 -0.31659725  0.33971602] - angle: -1.434509237022823
2026-01-20 13:31:31,914 - position: [ 0.11493853 -0.31632188  0.33908987] - angle: -1.4314375565003186
2026-01-20 13:31:32,155 - position: [ 0.11386704 -0.31555727  0.34072819] - angle: -1.424831607450082
2026-01-20 13:31:32,541 - position: [ 0.10979834 -0.31494007  0.34355107] - angle: -1.4311164205389182
2026-01-20 13:31:32,773 - position: [ 0.10835502 -0.31538546  0.34390268] - angle: -1.4310171077149958
2026-01-20 13:31:32,989 - position: [ 0.10777133 -0.31572986  0.34361798] - angle: -1.4243867206777754
2026-01-20 13:31:33,228 - position: [ 0.10588954 -0.31633249  0.34263405] - angle: -1.4269840261122027
2026-01-20 13:31:33,488 - position: [ 0.10588954 -0.31633249  0.34263405] - angle: -1.4269840261122027
2026-01-20 13:31:33,767 - position: [ 0.10073468 -0.31498593  0.34092042] - angle: -1.4226983512840068
2026-01-20 13:31:34,070 - position: [ 0.09789037 -0.31359741  0.34145635] - angle: -1.422973291385933
2026-01-20 13:31:34,326 - position: [ 0.09841523 -0.31410965  0.34305331] - angle: -1.4214160914465688
2026-01-20 13:31:34,630 - position: [ 0.09901503 -0.31489912  0.34458238] - angle: -1.4215414864665026
2026-01-20 13:31:34,875 - position: [ 0.09903179 -0.31570479  0.34534085] - angle: -1.4225140016071705
2026-01-20 13:31:35,092 - position: [ 0.09903179 -0.31570479  0.34534085] - angle: -1.4225140016071705
2026-01-20 13:31:35,360 - position: [ 0.09993257 -0.32133567  0.34848046] - angle: -1.4277172080213965
2026-01-20 13:31:35,601 - position: [ 0.09993257 -0.32133567  0.34848046] - angle: -1.4277172080213965
2026-01-20 13:31:35,850 - position: [ 0.09993257 -0.32133567  0.34848046] - angle: -1.4277172080213965
2026-01-20 13:31:36,106 - position: [ 0.10322774 -0.32117513  0.35944518] - angle: -1.4250941180836696
2026-01-20 13:31:36,326 - position: [ 0.10418338 -0.32069001  0.36009499] - angle: -1.424954121767255
2026-01-20 13:31:36,539 - position: [ 0.10418338 -0.32069001  0.36009499] - angle: -1.424954121767255
2026-01-20 13:31:36,771 - position: [ 0.10418338 -0.32069001  0.36009499] - angle: -1.424954121767255
2026-01-20 13:31:37,005 - position: [ 0.11813937 -0.31934923  0.36149019] - angle: -1.424301792339183
2026-01-20 13:31:37,246 - position: [ 0.12097191 -0.31961825  0.36232921] - angle: -1.4183758901441283
2026-01-20 13:31:37,497 - position: [ 0.12645407 -0.32450193  0.36269629] - angle: -1.4219337079859966
2026-01-20 13:31:37,744 - position: [ 0.13125555 -0.32855627  0.36239487] - angle: -1.4227104448793297
2026-01-20 13:31:37,966 - position: [ 0.13404186 -0.331267    0.36355108] - angle: -1.427046336249175
2026-01-20 13:31:38,213 - position: [ 0.13485134 -0.33347777  0.36665922] - angle: -1.421752860166956
2026-01-20 13:31:38,460 - position: [ 0.13299336 -0.34111351  0.37814143] - angle: -1.4198118404896474
2026-01-20 13:31:38,688 - position: [ 0.13206011 -0.34443411  0.3792941 ] - angle: -1.4227888273297937
2026-01-20 13:31:38,943 - position: [ 0.13304645 -0.34566247  0.37761477] - angle: -1.4176636326825198
2026-01-20 13:31:39,170 - position: [ 0.136141   -0.34670824  0.37536162] - angle: -1.4164181787751882
2026-01-20 13:31:39,381 - position: [ 0.13944842 -0.34773853  0.37090951] - angle: -1.4162561282262867
2026-01-20 13:31:39,619 - position: [ 0.1399231  -0.34776795  0.37035909] - angle: -1.4164003478948417
2026-01-20 13:31:39,861 - position: [ 0.13999562 -0.34776548  0.37023729] - angle: -1.416691073223991
2026-01-20 13:31:40,110 - position: [ 0.14099857 -0.34761035  0.36806369] - angle: -1.4171351983849436
2026-01-20 13:31:40,343 - position: [ 0.14626363 -0.34607637  0.36605129] - angle: -1.4184533796256211
2026-01-20 13:31:40,585 - position: [ 0.14637625 -0.34487417  0.3662    ] - angle: -1.4198346928487142
2026-01-20 13:31:40,862 - position: [ 0.14637625 -0.34487417  0.3662    ] - angle: -1.4198346928487142
2026-01-20 13:31:41,116 - position: [ 0.14019042 -0.33654431  0.36426181] - angle: -1.4162380141779107
2026-01-20 13:31:41,443 - position: [ 0.13858236 -0.33502308  0.36074489] - angle: -1.4179493338367015
2026-01-20 13:31:41,711 - position: [ 0.13858236 -0.33502308  0.36074489] - angle: -1.4179493338367015
2026-01-20 13:31:41,952 - position: [ 0.12995604 -0.33050302  0.34492964] - angle: -1.4179925734388577
2026-01-20 13:31:42,248 - position: [ 0.12618917 -0.33416343  0.33892709] - angle: -1.4164525362924474
2026-01-20 13:31:42,480 - position: [ 0.12596135 -0.33697373  0.33273318] - angle: -1.422379431652824
2026-01-20 13:31:42,696 - position: [ 0.12871    -0.33707672  0.32902908] - angle: -1.4135000161254898
2026-01-20 13:31:42,930 - position: [ 0.12871    -0.33707672  0.32902908] - angle: -1.4135000161254898
2026-01-20 13:31:43,163 - position: [ 0.12871    -0.33707672  0.32902908] - angle: -1.4135000161254898
2026-01-20 13:31:43,387 - position: [ 0.14081208 -0.34112605  0.32228971] - angle: -1.4175969056594582
2026-01-20 13:31:43,655 - position: [ 0.14646623 -0.34480742  0.32273284] - angle: -1.4189037893338319
2026-01-20 13:31:43,917 - position: [ 0.14775883 -0.34768203  0.326547  ] - angle: -1.4207275254140908
2026-01-20 13:31:44,155 - position: [ 0.14963529 -0.35722116  0.32691801] - angle: -1.4180904160711405
2026-01-20 13:31:44,374 - position: [ 0.14963529 -0.35722116  0.32691801] - angle: -1.4180904160711405
2026-01-20 13:31:44,592 - position: [ 0.15399115 -0.37783819  0.3241275 ] - angle: -1.4152781149519438
2026-01-20 13:31:44,874 - position: [ 0.15399115 -0.37783819  0.3241275 ] - angle: -1.4152781149519438
2026-01-20 13:31:45,095 - position: [ 0.15399115 -0.37783819  0.3241275 ] - angle: -1.4152781149519438
2026-01-20 13:31:45,370 - position: [ 0.1352779  -0.37105358  0.33523965] - angle: -1.4085863169820634
2026-01-20 13:31:45,620 - position: [ 0.13374722 -0.37089023  0.33868831] - angle: -1.4199188553538917
2026-01-20 13:31:45,865 - position: [ 0.13374722 -0.37089023  0.33868831] - angle: -1.4199188553538917
2026-01-20 13:31:46,096 - position: [ 0.11757722 -0.34211695  0.34137592] - angle: -1.4104341551488093
2026-01-20 13:31:46,342 - position: [ 0.11065397 -0.32969862  0.33977535] - angle: -1.4167987342484327
2026-01-20 13:31:46,554 - position: [ 0.1108593  -0.32120973  0.3375631 ] - angle: -1.4152486986856698
2026-01-20 13:31:46,831 - position: [ 0.1108593  -0.32120973  0.3375631 ] - angle: -1.4152486986856698
2026-01-20 13:31:47,083 - position: [ 0.1108593  -0.32120973  0.3375631 ] - angle: -1.4152486986856698
2026-01-20 13:31:47,314 - position: [ 0.1108593  -0.32120973  0.3375631 ] - angle: -1.4152486986856698
2026-01-20 13:31:47,562 - position: [ 0.1108593  -0.32120973  0.3375631 ] - angle: -1.4152486986856698
2026-01-20 13:31:47,793 - position: [ 0.10830194 -0.32106721  0.33505529] - angle: -1.4135752193335773
2026-01-20 13:31:48,022 - position: [ 0.10830194 -0.32106721  0.33505529] - angle: -1.4135752193335773
2026-01-20 13:31:48,251 - position: [ 0.10830194 -0.32106721  0.33505529] - angle: -1.4135752193335773
2026-01-20 13:31:48,466 - position: [ 0.10830194 -0.32106721  0.33505529] - angle: -1.4135752193335773
2026-01-20 13:31:48,705 - position: [ 0.10661349 -0.33122051  0.33304483] - angle: -1.4098184334865258
2026-01-20 13:31:48,996 - position: [ 0.10661349 -0.33122051  0.33304483] - angle: -1.4098184334865258
2026-01-20 13:31:49,252 - position: [ 0.10661349 -0.33122051  0.33304483] - angle: -1.4098184334865258
2026-01-20 13:31:49,537 - position: [ 0.10661349 -0.33122051  0.33304483] - angle: -1.4098184334865258
2026-01-20 13:31:49,774 - position: [ 0.12130509 -0.34697783  0.32007468] - angle: -1.412466035042002
2026-01-20 13:31:50,009 - position: [ 0.1212621  -0.34803516  0.32110336] - angle: -1.4126527163953764
2026-01-20 13:31:50,273 - position: [ 0.1212621  -0.34803516  0.32110336] - angle: -1.4126527163953764
2026-01-20 13:31:50,515 - position: [ 0.12390476 -0.34732506  0.3197993 ] - angle: -1.404909593719185
2026-01-20 13:31:50,754 - position: [ 0.12390476 -0.34732506  0.3197993 ] - angle: -1.404909593719185
2026-01-20 13:31:50,991 - position: [ 0.12390476 -0.34732506  0.3197993 ] - angle: -1.404909593719185
2026-01-20 13:31:51,202 - position: [ 0.12460284 -0.34223449  0.33103934] - angle: -1.4131037866392115
2026-01-20 13:31:51,429 - position: [ 0.12396392 -0.34065175  0.33431122] - angle: -1.4115598184096494
2026-01-20 13:31:51,675 - position: [ 0.12341868 -0.33892283  0.33678153] - angle: -1.4096297565438904
2026-01-20 13:31:51,886 - position: [ 0.12341868 -0.33892283  0.33678153] - angle: -1.4096297565438904
2026-01-20 13:31:52,107 - position: [ 0.11979338 -0.33285755  0.34344131] - angle: -1.4103438255328156
2026-01-20 13:31:52,348 - position: [ 0.11667883 -0.32849216  0.34600109] - angle: -1.4099674799342679
2026-01-20 13:31:52,636 - position: [ 0.11592129 -0.32658347  0.34620616] - angle: -1.412197412667978
2026-01-20 13:31:52,851 - position: [ 0.11671839 -0.32268018  0.34518489] - angle: -1.4082777727411067
2026-01-20 13:31:53,179 - position: [ 0.11666605 -0.32241511  0.34696668] - angle: -1.4089878865358796
2026-01-20 13:31:53,518 - position: [ 0.11666605 -0.32241511  0.34696668] - angle: -1.4089878865358796
2026-01-20 13:31:53,747 - position: [ 0.11666605 -0.32241511  0.34696668] - angle: -1.4089878865358796
2026-01-20 13:31:53,964 - position: [ 0.11666605 -0.32241511  0.34696668] - angle: -1.4089878865358796
2026-01-20 13:31:54,182 - position: [ 0.10535242 -0.32284775  0.34307218] - angle: -1.3990625251138549
2026-01-20 13:31:54,399 - position: [ 0.10555524 -0.32284012  0.34416184] - angle: -1.397804252520753
2026-01-20 13:31:54,626 - position: [ 0.10698888 -0.32708922  0.3466965 ] - angle: -1.4021984671736112
2026-01-20 13:31:54,837 - position: [ 0.10698888 -0.32708922  0.3466965 ] - angle: -1.4021984671736112
2026-01-20 13:31:55,111 - position: [ 0.10592055 -0.32829729  0.3465462 ] - angle: -1.4065829980052573
2026-01-20 13:31:55,377 - position: [ 0.10592055 -0.32829729  0.3465462 ] - angle: -1.4065829980052573
2026-01-20 13:31:55,656 - position: [ 0.10616402 -0.33585936  0.3541933 ] - angle: -1.3981667487153446
2026-01-20 13:31:55,973 - position: [ 0.10616402 -0.33585936  0.3541933 ] - angle: -1.3981667487153446
2026-01-20 13:31:56,241 - position: [ 0.10616402 -0.33585936  0.3541933 ] - angle: -1.3981667487153446
2026-01-20 13:31:56,483 - position: [ 0.11207617 -0.34164697  0.34997785] - angle: -1.4053070566669406
2026-01-20 13:31:56,729 - position: [ 0.11539653 -0.34265968  0.34636101] - angle: -1.404787062184266
2026-01-20 13:31:56,965 - position: [ 0.11647335 -0.34267971  0.34563312] - angle: -1.4047833807789503
2026-01-20 13:31:57,184 - position: [ 0.11894312 -0.34202766  0.3465516 ] - angle: -1.3950457498103566
2026-01-20 13:31:57,397 - position: [ 0.11894312 -0.34202766  0.3465516 ] - angle: -1.3950457498103566
2026-01-20 13:31:57,614 - position: [ 0.12004419 -0.34274912  0.34879151] - angle: -1.3977141790658174
2026-01-20 13:31:57,823 - position: [ 0.12009799 -0.34275681  0.34925187] - angle: -1.3981646051994336
2026-01-20 13:31:58,075 - position: [ 0.120542   -0.34251133  0.35062137] - angle: -1.398968758538607
2026-01-20 13:31:58,320 - position: [ 0.12075402 -0.34813276  0.35344926] - angle: -1.4012256498705558
2026-01-20 13:31:58,641 - position: [ 0.1214674  -0.35778305  0.35340282] - angle: -1.3983377797275214
2026-01-20 13:31:58,871 - position: [ 0.1219664  -0.36116004  0.35294297] - angle: -1.39324630164869
2026-01-20 13:31:59,094 - position: [ 0.1219664  -0.36116004  0.35294297] - angle: -1.39324630164869
2026-01-20 13:31:59,350 - position: [ 0.12582897 -0.37008771  0.3543565 ] - angle: -1.4003658760141708
2026-01-20 13:31:59,646 - position: [ 0.12734833 -0.37092921  0.35480529] - angle: -1.399861899158788
2026-01-20 13:31:59,950 - position: [ 0.12805578 -0.37131727  0.354949  ] - angle: -1.3992395133813318
2026-01-20 13:32:00,183 - position: [ 0.12805578 -0.37131727  0.354949  ] - angle: -1.3992395133813318
2026-01-20 13:32:00,424 - position: [ 0.1266738  -0.37379372  0.3482759 ] - angle: -1.392896190578841
2026-01-20 13:32:00,701 - position: [ 0.12398456 -0.3777473   0.34392196] - angle: -1.3961790792938196
2026-01-20 13:32:00,945 - position: [ 0.12350598 -0.3790662   0.34220809] - angle: -1.3957411312094146
2026-01-20 13:32:01,192 - position: [ 0.12188222 -0.37959501  0.3442044 ] - angle: -1.3987642837578234
2026-01-20 13:32:01,431 - position: [ 0.12193535 -0.3812252   0.33541843] - angle: -1.3992196463446458
2026-01-20 13:32:01,672 - position: [ 0.12312099 -0.38130093  0.33538207] - angle: -1.3953286072789255
2026-01-20 13:32:01,944 - position: [ 0.11907731 -0.36539486  0.33667737] - angle: -1.3963741974163963
2026-01-20 13:32:02,183 - position: [ 0.11907731 -0.36539486  0.33667737] - angle: -1.3963741974163963
2026-01-20 13:32:02,443 - position: [ 0.11681597 -0.35770598  0.33774093] - angle: -1.392506350629556
2026-01-20 13:32:02,742 - position: [ 0.11681597 -0.35770598  0.33774093] - angle: -1.392506350629556
2026-01-20 13:32:03,005 - position: [ 0.1172056  -0.34463808  0.3435621 ] - angle: -1.3896160149988916
2026-01-20 13:32:03,282 - position: [ 0.11935636 -0.34470516  0.34594247] - angle: -1.3875276304471957
2026-01-20 13:32:03,491 - position: [ 0.11935147 -0.34637612  0.34998098] - angle: -1.3959096511149802
2026-01-20 13:32:03,749 - position: [ 0.11935147 -0.34637612  0.34998098] - angle: -1.3959096511149802
2026-01-20 13:32:03,995 - position: [ 0.11376099 -0.35189286  0.34927419] - angle: -1.3962472335998095
2026-01-20 13:32:04,243 - position: [ 0.11278434 -0.35184672  0.34903139] - angle: -1.3967482202806076
2026-01-20 13:32:04,459 - position: [ 0.10839015 -0.35187826  0.34216085] - angle: -1.3958088804211335
2026-01-20 13:32:04,756 - position: [ 0.10995431 -0.35160366  0.33795974] - angle: -1.394762365875267
2026-01-20 13:32:05,122 - position: [ 0.11994192 -0.34833366  0.33316058] - angle: -1.3884212662161022
2026-01-20 13:32:05,357 - position: [ 0.11940073 -0.34832615  0.33272266] - angle: -1.3946958168835852
2026-01-20 13:32:05,584 - position: [ 0.12525845 -0.3461445   0.33218756] - angle: -1.3898416399504931
2026-01-20 13:32:05,851 - position: [ 0.12525845 -0.3461445   0.33218756] - angle: -1.3898416399504931
2026-01-20 13:32:06,119 - position: [ 0.12201633 -0.34855905  0.33549684] - angle: -1.3941197518154849
2026-01-20 13:32:06,345 - position: [ 0.12364573 -0.34948874  0.33639878] - angle: -1.3955677731531657
2026-01-20 13:32:06,622 - position: [ 0.12653595 -0.34994483  0.33482921] - angle: -1.3855682804352458
2026-01-20 13:32:06,894 - position: [ 0.12653595 -0.34994483  0.33482921] - angle: -1.3855682804352458
2026-01-20 13:32:07,168 - position: [ 0.13314609 -0.35463279  0.33141363] - angle: -1.3888411400937746
2026-01-20 13:32:07,401 - position: [ 0.13919163 -0.36193261  0.32749411] - angle: -1.388976724298196
2026-01-20 13:32:07,640 - position: [ 0.13933358 -0.36255524  0.3269639 ] - angle: -1.3892481847087939
2026-01-20 13:32:07,890 - position: [ 0.13933358 -0.36255524  0.3269639 ] - angle: -1.3892481847087939
2026-01-20 13:32:08,199 - position: [ 0.1355745  -0.3775436   0.32959598] - angle: -1.3891529457753218
2026-01-20 13:32:08,450 - position: [ 0.13674349 -0.39407584  0.3326923 ] - angle: -1.3882456675307187
2026-01-20 13:32:08,768 - position: [ 0.13674349 -0.39407584  0.3326923 ] - angle: -1.3882456675307187
2026-01-20 13:32:09,039 - position: [ 0.13793741 -0.40194362  0.33588398] - angle: -1.3913480921468153
2026-01-20 13:32:09,285 - position: [ 0.13710505 -0.39847967  0.34225306] - angle: -1.3892584835687911
2026-01-20 13:32:09,525 - position: [ 0.13611916 -0.39754227  0.34281215] - angle: -1.3886908062929146
2026-01-20 13:32:09,767 - position: [ 0.13611916 -0.39754227  0.34281215] - angle: -1.3886908062929146
2026-01-20 13:32:09,993 - position: [ 0.12169592 -0.38942185  0.34506094] - angle: -1.3888878845208614
2026-01-20 13:32:10,220 - position: [ 0.12068933 -0.39084068  0.34375229] - angle: -1.3890035932521032
2026-01-20 13:32:10,426 - position: [ 0.12065698 -0.39094946  0.34359846] - angle: -1.389140412744161
2026-01-20 13:32:10,677 - position: [ 0.12064465 -0.39683095  0.33876339] - angle: -1.3805541320633443
2026-01-20 13:32:10,906 - position: [ 0.12259098 -0.4012641   0.33508348] - angle: -1.3871183035969317
2026-01-20 13:32:11,115 - position: [ 0.12500988 -0.40421417  0.33335462] - angle: -1.3866435743724463
2026-01-20 13:32:11,341 - position: [ 0.12613727 -0.40462956  0.33333966] - angle: -1.387120308704346
2026-01-20 13:32:11,559 - position: [ 0.12613727 -0.40462956  0.33333966] - angle: -1.387120308704346
2026-01-20 13:32:11,797 - position: [ 0.1344137  -0.40664178  0.33715266] - angle: -1.3839572049288686
2026-01-20 13:32:12,048 - position: [ 0.13605477 -0.40756857  0.33836505] - angle: -1.3845111579968012
2026-01-20 13:32:12,255 - position: [ 0.13605477 -0.40756857  0.33836505] - angle: -1.3845111579968012
2026-01-20 13:32:12,479 - position: [ 0.1369918  -0.4054527   0.34094876] - angle: -1.3837512587026715
2026-01-20 13:32:12,716 - position: [ 0.13735664 -0.40471834  0.34202221] - angle: -1.3835338673141995
2026-01-20 13:32:12,942 - position: [ 0.1401277  -0.40739122  0.34356144] - angle: -1.3830777543378407
2026-01-20 13:32:13,157 - position: [ 0.14006907 -0.41169918  0.3432028 ] - angle: -1.3825610247776985
2026-01-20 13:32:13,416 - position: [ 0.13608591 -0.41090232  0.34200889] - angle: -1.3729467576987724
2026-01-20 13:32:13,696 - position: [ 0.13608591 -0.41090232  0.34200889] - angle: -1.3729467576987724
2026-01-20 13:32:13,942 - position: [ 0.13039917 -0.40915796  0.33932203] - angle: -1.3826672318695716
2026-01-20 13:32:14,173 - position: [ 0.12545305 -0.40660015  0.3386218 ] - angle: -1.3816362010099716
2026-01-20 13:32:14,392 - position: [ 0.11531291 -0.39857936  0.33582625] - angle: -1.3758212875574114
2026-01-20 13:32:14,701 - position: [ 0.10830789 -0.39784104  0.33473957] - angle: -1.3806255158229392
2026-01-20 13:32:14,985 - position: [ 0.10830789 -0.39784104  0.33473957] - angle: -1.3806255158229392
2026-01-20 13:32:15,239 - position: [ 0.1121228  -0.40350333  0.33469269] - angle: -1.378208667137676
2026-01-20 13:32:15,474 - position: [ 0.11218265 -0.3986674   0.33260289] - angle: -1.372113150876539
2026-01-20 13:32:15,722 - position: [ 0.11095181 -0.39466456  0.33232582] - angle: -1.3674720103408853
2026-01-20 13:32:15,943 - position: [ 0.10984813 -0.3927049   0.33217561] - angle: -1.374986236172135
2026-01-20 13:32:16,198 - position: [ 0.10992882 -0.39210996  0.33218208] - angle: -1.3796911775866558
2026-01-20 13:32:16,457 - position: [ 0.11046766 -0.38937351  0.33728412] - angle: -1.3788691642974986
2026-01-20 13:32:16,665 - position: [ 0.10514721 -0.38742068  0.34553978] - angle: -1.3668637246076085
2026-01-20 13:32:16,916 - position: [ 0.10194765 -0.38708255  0.34772518] - angle: -1.3685926958670431
2026-01-20 13:32:17,204 - position: [ 0.09584384 -0.38478723  0.3514556 ] - angle: -1.3683698984219288
2026-01-20 13:32:17,417 - position: [ 0.09954879 -0.38334537  0.34850624] - angle: -1.3651939000479416
2026-01-20 13:32:17,688 - position: [ 0.10157111 -0.38541004  0.34651721] - angle: -1.375702287119415
2026-01-20 13:32:17,926 - position: [ 0.11070937 -0.38871893  0.34098139] - angle: -1.3735940893625354
2026-01-20 13:32:18,185 - position: [ 0.1120116 -0.3877838  0.340536 ] - angle: -1.3647832254449423
2026-01-20 13:32:18,465 - position: [ 0.11064781 -0.38326064  0.33444002] - angle: -1.3676440097449158
2026-01-20 13:32:18,741 - position: [ 0.10681176 -0.37555298  0.33245891] - angle: -1.3741652230575805
2026-01-20 13:32:18,969 - position: [ 0.10681176 -0.37555298  0.33245891] - angle: -1.3741652230575805
2026-01-20 13:32:19,181 - position: [ 0.10548838 -0.370545    0.33434269] - angle: -1.3665337176683674
2026-01-20 13:32:19,441 - position: [ 0.09749759 -0.36719313  0.33925259] - angle: -1.3748206840861283
2026-01-20 13:32:19,657 - position: [ 0.09749759 -0.36719313  0.33925259] - angle: -1.3748206840861283
2026-01-20 13:32:19,879 - position: [ 0.09423834 -0.36704373  0.34754324] - angle: -1.3773401143536996
2026-01-20 13:32:20,092 - position: [ 0.09943451 -0.36974049  0.35245493] - angle: -1.3749493758295208
2026-01-20 13:32:20,315 - position: [ 0.09943451 -0.36974049  0.35245493] - angle: -1.3749493758295208
2026-01-20 13:32:20,539 - position: [ 0.11555452 -0.37596226  0.3596794 ] - angle: -1.3670926519247573
2026-01-20 13:32:20,860 - position: [ 0.12056798 -0.37888032  0.36071444] - angle: -1.3748225763373534
2026-01-20 13:32:21,072 - position: [ 0.12823394 -0.38257143  0.36135569] - angle: -1.3741084569888775
2026-01-20 13:32:21,328 - position: [ 0.14192596 -0.39058656  0.36099428] - angle: -1.3855035247612442
2026-01-20 13:32:21,569 - position: [ 0.14404461 -0.39239204  0.36151057] - angle: -1.3790620296676788
2026-01-20 13:32:21,813 - position: [ 0.14538369 -0.39702436  0.36188215] - angle: -1.3726941992155814
2026-01-20 13:32:22,048 - position: [ 0.14380306 -0.39858142  0.36226255] - angle: -1.3736316316743316
2026-01-20 13:32:22,279 - position: [ 0.1385916  -0.39636937  0.36364684] - angle: -1.3703174570916596
2026-01-20 13:32:22,524 - position: [ 0.13853553 -0.39726129  0.36289975] - angle: -1.3840338121318
2026-01-20 13:32:22,766 - position: [ 0.13853553 -0.39726129  0.36289975] - angle: -1.3840338121318
2026-01-20 13:32:22,982 - position: [ 0.13853553 -0.39726129  0.36289975] - angle: -1.3840338121318
2026-01-20 13:32:23,216 - position: [ 0.13853553 -0.39726129  0.36289975] - angle: -1.3840338121318
2026-01-20 13:32:23,427 - position: [ 0.12774977 -0.38771468  0.36808136] - angle: -1.3669835198742404
2026-01-20 13:32:23,667 - position: [ 0.12774977 -0.38771468  0.36808136] - angle: -1.3669835198742404
2026-01-20 13:32:23,873 - position: [ 0.12774977 -0.38771468  0.36808136] - angle: -1.3669835198742404
2026-01-20 13:32:24,093 - position: [ 0.12495749 -0.37458202  0.36695984] - angle: -1.3703097361484686
2026-01-20 13:32:24,330 - position: [ 0.12698904 -0.37198174  0.36575931] - angle: -1.368986308114971
2026-01-20 13:32:24,568 - position: [ 0.12761797 -0.37178224  0.36517856] - angle: -1.3736465413959271
2026-01-20 13:32:24,815 - position: [ 0.12761797 -0.37178224  0.36517856] - angle: -1.3736465413959271
2026-01-20 13:32:25,055 - position: [ 0.12761797 -0.37178224  0.36517856] - angle: -1.3736465413959271
2026-01-20 13:32:25,327 - position: [ 0.1314605  -0.35245961  0.36057374] - angle: -1.365579130143975
2026-01-20 13:32:25,600 - position: [ 0.13216193 -0.34874797  0.35532546] - angle: -1.364384177385579
2026-01-20 13:32:25,844 - position: [ 0.1299779  -0.34423447  0.35063484] - angle: -1.3672159965528086
2026-01-20 13:32:26,062 - position: [ 0.1299779  -0.34423447  0.35063484] - angle: -1.3672159965528086
2026-01-20 13:32:26,309 - position: [ 0.12637065 -0.34132692  0.34236392] - angle: -1.3657954202457678
2026-01-20 13:32:26,531 - position: [ 0.12688251 -0.34193847  0.33904263] - angle: -1.3610848460888114
2026-01-20 13:32:26,768 - position: [ 0.12761311 -0.34346297  0.34016895] - angle: -1.367094913679412
2026-01-20 13:32:26,973 - position: [ 0.12761311 -0.34346297  0.34016895] - angle: -1.367094913679412
2026-01-20 13:32:27,206 - position: [ 0.12761311 -0.34346297  0.34016895] - angle: -1.367094913679412
2026-01-20 13:32:27,426 - position: [ 0.12761311 -0.34346297  0.34016895] - angle: -1.367094913679412
2026-01-20 13:32:27,672 - position: [ 0.13415721 -0.35534355  0.33407754] - angle: -1.367378856887031
2026-01-20 13:32:27,899 - position: [ 0.1348481  -0.35410932  0.33480743] - angle: -1.3541238137307823
2026-01-20 13:32:28,106 - position: [ 0.14244625 -0.35827705  0.33412933] - angle: -1.3664544593161865
2026-01-20 13:32:28,317 - position: [ 0.14304429 -0.35796386  0.3342132 ] - angle: -1.3638984597484378
2026-01-20 13:32:28,548 - position: [ 0.14163938 -0.35227439  0.3324492 ] - angle: -1.3671005654631805
2026-01-20 13:32:28,779 - position: [ 0.14163938 -0.35227439  0.3324492 ] - angle: -1.3671005654631805
2026-01-20 13:32:29,083 - position: [ 0.12730302 -0.34338018  0.33309954] - angle: -1.3527916691469337
2026-01-20 13:32:29,316 - position: [ 0.12730302 -0.34338018  0.33309954] - angle: -1.3527916691469337
2026-01-20 13:32:29,560 - position: [ 0.11939408 -0.34958905  0.33216366] - angle: -1.3629316602181274
2026-01-20 13:32:29,889 - position: [ 0.11892167 -0.35096559  0.33085677] - angle: -1.3628081503899736
2026-01-20 13:32:30,120 - position: [ 0.11929483 -0.3528654   0.32751021] - angle: -1.355736564714923
2026-01-20 13:32:30,336 - position: [ 0.11929483 -0.3528654   0.32751021] - angle: -1.355736564714923
2026-01-20 13:32:30,583 - position: [ 0.11929483 -0.3528654   0.32751021] - angle: -1.355736564714923
2026-01-20 13:32:30,855 - position: [ 0.11929483 -0.3528654   0.32751021] - angle: -1.355736564714923
2026-01-20 13:32:31,161 - position: [ 0.11929483 -0.3528654   0.32751021] - angle: -1.355736564714923
2026-01-20 13:32:31,401 - position: [ 0.11929483 -0.3528654   0.32751021] - angle: -1.355736564714923
2026-01-20 13:32:31,631 - position: [ 0.11929483 -0.3528654   0.32751021] - angle: -1.355736564714923
2026-01-20 13:32:31,840 - position: [ 0.11929483 -0.3528654   0.32751021] - angle: -1.355736564714923
2026-01-20 13:32:32,088 - position: [ 0.11929483 -0.3528654   0.32751021] - angle: -1.355736564714923
2026-01-20 13:32:32,293 - position: [ 0.11929483 -0.3528654   0.32751021] - angle: -1.355736564714923
2026-01-20 13:32:32,500 - position: [ 0.11929483 -0.3528654   0.32751021] - angle: -1.355736564714923
2026-01-20 13:32:32,829 - position: [ 0.11929483 -0.3528654   0.32751021] - angle: -1.355736564714923
2026-01-20 13:32:33,132 - position: [ 0.11929483 -0.3528654   0.32751021] - angle: -1.355736564714923
2026-01-20 13:32:33,351 - position: [ 0.11021768 -0.36144492  0.32134986] - angle: -1.3578515086167933
2026-01-20 13:32:33,608 - position: [ 0.10979943 -0.36177677  0.32228673] - angle: -1.3580190406785522
2026-01-20 13:32:33,846 - position: [ 0.10979943 -0.36177677  0.32228673] - angle: -1.3580190406785522
2026-01-20 13:32:34,096 - position: [ 0.10979943 -0.36177677  0.32228673] - angle: -1.3580190406785522
2026-01-20 13:32:34,391 - position: [ 0.10979943 -0.36177677  0.32228673] - angle: -1.3580190406785522
2026-01-20 13:32:34,640 - position: [ 0.10979943 -0.36177677  0.32228673] - angle: -1.3580190406785522
2026-01-20 13:32:34,883 - position: [ 0.11008951 -0.36936373  0.3389889 ] - angle: -1.353924640261714
2026-01-20 13:32:35,129 - position: [ 0.11112746 -0.37083429  0.34904087] - angle: -1.351854108563471
2026-01-20 13:32:35,352 - position: [ 0.11095431 -0.37095428  0.35087016] - angle: -1.3520141146444145
2026-01-20 13:32:35,582 - position: [ 0.10930117 -0.37140942  0.353439  ] - angle: -1.3514278981754062
2026-01-20 13:32:35,790 - position: [ 0.10835531 -0.37158772  0.35404372] - angle: -1.3510828691008467
2026-01-20 13:32:36,012 - position: [ 0.10835531 -0.37158772  0.35404372] - angle: -1.3510828691008467
2026-01-20 13:32:36,315 - position: [ 0.10301803 -0.3741146   0.35541984] - angle: -1.35050449396467
2026-01-20 13:32:36,548 - position: [ 0.10124087 -0.37522954  0.35595718] - angle: -1.3498711648459127
2026-01-20 13:32:36,786 - position: [ 0.10044736 -0.37634799  0.35665888] - angle: -1.3495750788308567
2026-01-20 13:32:37,004 - position: [ 0.10254347 -0.37904787  0.36231369] - angle: -1.3519722858138712
2026-01-20 13:32:37,260 - position: [ 0.10254347 -0.37904787  0.36231369] - angle: -1.3519722858138712
2026-01-20 13:32:37,513 - position: [ 0.10254347 -0.37904787  0.36231369] - angle: -1.3519722858138712
2026-01-20 13:32:37,741 - position: [ 0.10315032 -0.37459874  0.36395574] - angle: -1.3510316023330788
2026-01-20 13:32:37,972 - position: [ 0.10251401 -0.37275273  0.36594853] - angle: -1.3505257076418529
2026-01-20 13:32:38,299 - position: [ 0.10222252 -0.37233651  0.36648893] - angle: -1.35036058583409
2026-01-20 13:32:38,552 - position: [ 0.10222252 -0.37233651  0.36648893] - angle: -1.35036058583409
2026-01-20 13:32:38,792 - position: [ 0.10222252 -0.37233651  0.36648893] - angle: -1.35036058583409
2026-01-20 13:32:39,044 - position: [ 0.10222252 -0.37233651  0.36648893] - angle: -1.35036058583409
2026-01-20 13:32:39,261 - position: [ 0.1056477  -0.38052082  0.36517581] - angle: -1.3409959920930143
2026-01-20 13:32:39,469 - position: [ 0.10559835 -0.38079932  0.36454532] - angle: -1.340583903515892
2026-01-20 13:32:39,699 - position: [ 0.10646404 -0.3831889   0.35999495] - angle: -1.3394764104101573
2026-01-20 13:32:39,964 - position: [ 0.10646404 -0.3831889   0.35999495] - angle: -1.3394764104101573
2026-01-20 13:32:40,178 - position: [ 0.10719889 -0.38779387  0.34828144] - angle: -1.3454019150868475
2026-01-20 13:32:40,406 - position: [ 0.10912043 -0.38701418  0.3471812 ] - angle: -1.3334822405040425
2026-01-20 13:32:40,667 - position: [ 0.11187822 -0.38917014  0.34638181] - angle: -1.3430143556114635
2026-01-20 13:32:40,892 - position: [ 0.11273553 -0.39015692  0.34420076] - angle: -1.3435870890393296
2026-01-20 13:32:41,107 - position: [ 0.11273553 -0.39015692  0.34420076] - angle: -1.3435870890393296
2026-01-20 13:32:41,329 - position: [ 0.11613761 -0.39013019  0.3426612 ] - angle: -1.346435127866346
2026-01-20 13:32:41,567 - position: [ 0.11613761 -0.39013019  0.3426612 ] - angle: -1.346435127866346
2026-01-20 13:32:41,816 - position: [ 0.11514524 -0.38443172  0.34254989] - angle: -1.3448644381546893
2026-01-20 13:32:42,086 - position: [ 0.10915114 -0.37868211  0.33873311] - angle: -1.3427757729056107
2026-01-20 13:32:42,294 - position: [ 0.10839596 -0.37819114  0.3375015 ] - angle: -1.3436054021968489
2026-01-20 13:32:42,536 - position: [ 0.10565742 -0.37670079  0.33326373] - angle: -1.3444237148814149
2026-01-20 13:32:42,761 - position: [ 0.10246715 -0.37605575  0.33582836] - angle: -1.3422573770845005
2026-01-20 13:32:43,004 - position: [ 0.10246715 -0.37605575  0.33582836] - angle: -1.3422573770845005
2026-01-20 13:32:43,252 - position: [ 0.10246715 -0.37605575  0.33582836] - angle: -1.3422573770845005
2026-01-20 13:32:43,503 - position: [ 0.09616109 -0.37793598  0.33848235] - angle: -1.3427287376748613
2026-01-20 13:32:43,732 - position: [ 0.09616109 -0.37793598  0.33848235] - angle: -1.3427287376748613
2026-01-20 13:32:43,976 - position: [ 0.08765454 -0.3796002   0.33497232] - angle: -1.3426473215997974
2026-01-20 13:32:44,209 - position: [ 0.08765454 -0.3796002   0.33497232] - angle: -1.3426473215997974
2026-01-20 13:32:44,420 - position: [ 0.08766158 -0.37900105  0.33506334] - angle: -1.3409930788632498
2026-01-20 13:32:44,665 - position: [ 0.09029409 -0.37935987  0.33565301] - angle: -1.342279116104292
2026-01-20 13:32:44,916 - position: [ 0.09029409 -0.37935987  0.33565301] - angle: -1.342279116104292
2026-01-20 13:32:45,154 - position: [ 0.09029409 -0.37935987  0.33565301] - angle: -1.342279116104292
2026-01-20 13:32:45,438 - position: [ 0.09967612 -0.38124466  0.34157529] - angle: -1.340399252422193
2026-01-20 13:32:45,691 - position: [ 0.10148676 -0.38107654  0.34101763] - angle: -1.341273151080138
2026-01-20 13:32:45,944 - position: [ 0.10295698 -0.3815937   0.34221897] - angle: -1.3407195618893466
2026-01-20 13:32:46,175 - position: [ 0.10336003 -0.38181794  0.34276941] - angle: -1.340302362742058
2026-01-20 13:32:46,423 - position: [ 0.10442762 -0.38222486  0.34420034] - angle: -1.3400968139064613
2026-01-20 13:32:46,702 - position: [ 0.10679836 -0.38262132  0.3490974 ] - angle: -1.3391339617384488
2026-01-20 13:32:46,934 - position: [ 0.10679836 -0.38262132  0.3490974 ] - angle: -1.3391339617384488
2026-01-20 13:32:47,215 - position: [ 0.11045247 -0.38313854  0.35465485] - angle: -1.337816445339742
2026-01-20 13:32:47,460 - position: [ 0.11469037 -0.38335985  0.36691296] - angle: -1.3343757144603798
2026-01-20 13:32:47,706 - position: [ 0.11476517 -0.38298637  0.36777174] - angle: -1.3337871727788793
2026-01-20 13:32:47,948 - position: [ 0.11660413 -0.37903413  0.37346494] - angle: -1.336400171094851
2026-01-20 13:32:48,195 - position: [ 0.11660413 -0.37903413  0.37346494] - angle: -1.336400171094851
2026-01-20 13:32:48,414 - position: [ 0.12182261 -0.37563416  0.37417516] - angle: -1.3349512633235476
2026-01-20 13:32:48,659 - position: [ 0.12395553 -0.37282306  0.37514049] - angle: -1.3324713464556202
2026-01-20 13:32:48,898 - position: [ 0.12270741 -0.36912021  0.37776464] - angle: -1.3328486624458553
2026-01-20 13:32:49,147 - position: [ 0.12720174 -0.36824229  0.3799035 ] - angle: -1.3286285183706732
2026-01-20 13:32:49,376 - position: [ 0.12774348 -0.36827272  0.38010982] - angle: -1.3284539906006394
2026-01-20 13:32:49,600 - position: [ 0.13536443 -0.37051809  0.3799493 ] - angle: -1.3351504855458645
2026-01-20 13:32:49,877 - position: [ 0.1386552  -0.37107036  0.38013637] - angle: -1.3328288788596443
2026-01-20 13:32:50,125 - position: [ 0.13890824 -0.36865276  0.37664789] - angle: -1.3319576094401766
2026-01-20 13:32:50,445 - position: [ 0.13688587 -0.36760643  0.37458134] - angle: -1.331797809467509
2026-01-20 13:32:50,669 - position: [ 0.1328866  -0.37083447  0.36923194] - angle: -1.3341986387086493
2026-01-20 13:32:50,914 - position: [ 0.13263813 -0.37152842  0.36848128] - angle: -1.3338351007853086
2026-01-20 13:32:51,154 - position: [ 0.13182974 -0.37708771  0.36214209] - angle: -1.333194045280187
2026-01-20 13:32:51,394 - position: [ 0.13189167 -0.37831178  0.36068419] - angle: -1.334256690563882
2026-01-20 13:32:51,635 - position: [ 0.13183334 -0.38346019  0.34871101] - angle: -1.3351901545470857
2026-01-20 13:32:51,848 - position: [ 0.13156413 -0.38371861  0.34728187] - angle: -1.3356233141270732
2026-01-20 13:32:52,096 - position: [ 0.13156413 -0.38371861  0.34728187] - angle: -1.3356233141270732
2026-01-20 13:32:52,344 - position: [ 0.13149416 -0.37779596  0.34134242] - angle: -1.3362941118870841
2026-01-20 13:32:52,662 - position: [ 0.1320907  -0.37571499  0.33887964] - angle: -1.3334633529000262
2026-01-20 13:32:52,874 - position: [ 0.13317695 -0.37685814  0.33453521] - angle: -1.3342675383341094
2026-01-20 13:32:53,109 - position: [ 0.13640794 -0.38162327  0.32892495] - angle: -1.3358299955357507
2026-01-20 13:32:53,377 - position: [ 0.13724761 -0.38344777  0.32773933] - angle: -1.3359636721522858
2026-01-20 13:32:53,650 - position: [ 0.13860416 -0.38446042  0.32739165] - angle: -1.3283129117161394
2026-01-20 13:32:53,870 - position: [ 0.13860416 -0.38446042  0.32739165] - angle: -1.3283129117161394
2026-01-20 13:32:54,102 - position: [ 0.14594027 -0.39146951  0.32489491] - angle: -1.3277444500861546
2026-01-20 13:32:54,334 - position: [ 0.14634851 -0.39401722  0.32383314] - angle: -1.3326483336529225
2026-01-20 13:32:54,624 - position: [ 0.14417946 -0.39415494  0.32324573] - angle: -1.333893456273608
2026-01-20 13:32:54,888 - position: [ 0.14417946 -0.39415494  0.32324573] - angle: -1.333893456273608
2026-01-20 13:32:55,123 - position: [ 0.13785592 -0.39411926  0.32701752] - angle: -1.3323628784972326
2026-01-20 13:32:55,420 - position: [ 0.13785592 -0.39411926  0.32701752] - angle: -1.3323628784972326
2026-01-20 13:32:55,718 - position: [ 0.13397606 -0.39285436  0.32898724] - angle: -1.3327365155398785
2026-01-20 13:32:55,938 - position: [ 0.13397606 -0.39285436  0.32898724] - angle: -1.3327365155398785
2026-01-20 13:32:56,146 - position: [ 0.13110025 -0.3953754   0.33483949] - angle: -1.329398685636324
2026-01-20 13:32:56,395 - position: [ 0.13110025 -0.3953754   0.33483949] - angle: -1.329398685636324
2026-01-20 13:32:56,613 - position: [ 0.13640065 -0.3976827   0.33714858] - angle: -1.3316351378162579
2026-01-20 13:32:56,856 - position: [ 0.13902593 -0.39723     0.33677262] - angle: -1.3309335278742793
2026-01-20 13:32:57,085 - position: [ 0.13962023 -0.39688224  0.33694428] - angle: -1.3306708703109993
2026-01-20 13:32:57,361 - position: [ 0.13992684 -0.39494488  0.33934021] - angle: -1.3301737028364458
2026-01-20 13:32:57,664 - position: [ 0.13890876 -0.39194095  0.34411383] - angle: -1.3303776211984615
2026-01-20 13:32:57,919 - position: [ 0.13971205 -0.39105812  0.34503591] - angle: -1.3298387226714206
2026-01-20 13:32:58,154 - position: [ 0.14056137 -0.38891706  0.34574878] - angle: -1.3223647693508007
2026-01-20 13:32:58,434 - position: [ 0.14056137 -0.38891706  0.34574878] - angle: -1.3223647693508007
2026-01-20 13:32:58,679 - position: [ 0.14123231 -0.38843331  0.34684679] - angle: -1.3227224454213622
2026-01-20 13:32:58,908 - position: [ 0.14197002 -0.39048097  0.34584662] - angle: -1.326445048833739
2026-01-20 13:32:59,142 - position: [ 0.14248313 -0.39121014  0.34487921] - angle: -1.325962753044101
2026-01-20 13:32:59,420 - position: [ 0.14248313 -0.39121014  0.34487921] - angle: -1.325962753044101
2026-01-20 13:32:59,711 - position: [ 0.14384417 -0.39052182  0.34450325] - angle: -1.316205737764847
2026-01-20 13:32:59,937 - position: [ 0.14384417 -0.39052182  0.34450325] - angle: -1.316205737764847
2026-01-20 13:33:00,148 - position: [ 0.14153999 -0.38895822  0.34842843] - angle: -1.3271175422803623
2026-01-20 13:33:00,381 - position: [ 0.1413132  -0.38838828  0.34863374] - angle: -1.3267772205290167
2026-01-20 13:33:00,613 - position: [ 0.13961944 -0.38439044  0.34887916] - angle: -1.3251014503254854
2026-01-20 13:33:00,858 - position: [ 0.14037254 -0.38447934  0.34921509] - angle: -1.326008976684852
2026-01-20 13:33:01,084 - position: [ 0.14037254 -0.38447934  0.34921509] - angle: -1.326008976684852
2026-01-20 13:33:01,292 - position: [ 0.14037254 -0.38447934  0.34921509] - angle: -1.326008976684852
2026-01-20 13:33:01,504 - position: [ 0.14037254 -0.38447934  0.34921509] - angle: -1.326008976684852
2026-01-20 13:33:01,760 - position: [ 0.14366321 -0.38510588  0.34655589] - angle: -1.3248837809007834
2026-01-20 13:33:01,998 - position: [ 0.14210065 -0.38235602  0.34634078] - angle: -1.320627399139263
2026-01-20 13:33:02,290 - position: [ 0.14131199 -0.38217357  0.34620443] - angle: -1.323198379253978
2026-01-20 13:33:02,565 - position: [ 0.1326296  -0.37876931  0.34748307] - angle: -1.3237938245942864
2026-01-20 13:33:02,805 - position: [ 0.12637945 -0.3764748   0.34725034] - angle: -1.3235292938972751
2026-01-20 13:33:03,087 - position: [ 0.12637945 -0.3764748   0.34725034] - angle: -1.3235292938972751
2026-01-20 13:33:03,325 - position: [ 0.12637945 -0.3764748   0.34725034] - angle: -1.3235292938972751
2026-01-20 13:33:03,571 - position: [ 0.11992749 -0.36562255  0.33513308] - angle: -1.3118151604791133
2026-01-20 13:33:03,798 - position: [ 0.12116526 -0.36455053  0.33230978] - angle: -1.3132600640995817
2026-01-20 13:33:04,032 - position: [ 0.12160318 -0.36583236  0.33090088] - angle: -1.3244557110406183
2026-01-20 13:33:04,267 - position: [ 0.12377401 -0.36571869  0.3290033 ] - angle: -1.323405017752684
2026-01-20 13:33:04,531 - position: [ 0.12377401 -0.36571869  0.3290033 ] - angle: -1.323405017752684
2026-01-20 13:33:04,759 - position: [ 0.12377401 -0.36571869  0.3290033 ] - angle: -1.323405017752684
2026-01-20 13:33:04,987 - position: [ 0.12781927 -0.36504382  0.33054993] - angle: -1.3247661522711338
2026-01-20 13:33:05,209 - position: [ 0.12781927 -0.36504382  0.33054993] - angle: -1.3247661522711338
2026-01-20 13:33:05,586 - position: [ 0.12781927 -0.36504382  0.33054993] - angle: -1.3247661522711338
2026-01-20 13:33:05,798 - position: [ 0.12807032 -0.36118078  0.34306145] - angle: -1.3112612356219198
2026-01-20 13:33:06,054 - position: [ 0.12868558 -0.36721838  0.3431797 ] - angle: -1.3246327984022699
2026-01-20 13:33:06,285 - position: [ 0.12985267 -0.37247482  0.34293234] - angle: -1.3234128441430277
2026-01-20 13:33:06,497 - position: [ 0.12897079 -0.37637854  0.34229386] - angle: -1.3185781479200247
2026-01-20 13:33:06,714 - position: [ 0.12897079 -0.37637854  0.34229386] - angle: -1.3185781479200247
2026-01-20 13:33:07,000 - position: [ 0.12897079 -0.37637854  0.34229386] - angle: -1.3185781479200247
2026-01-20 13:33:07,315 - position: [ 0.12897079 -0.37637854  0.34229386] - angle: -1.3185781479200247
2026-01-20 13:33:07,543 - position: [ 0.12200993 -0.38603017  0.3409186 ] - angle: -1.3211168442343904
2026-01-20 13:33:07,797 - position: [ 0.11998305 -0.38936004  0.33851793] - angle: -1.3199324874270397
2026-01-20 13:33:08,050 - position: [ 0.11886507 -0.39080733  0.33739725] - angle: -1.3202993251455037
2026-01-20 13:33:08,303 - position: [ 0.11763373 -0.3913542   0.33602265] - angle: -1.3066647292978248
2026-01-20 13:33:08,520 - position: [ 0.11763373 -0.3913542   0.33602265] - angle: -1.3066647292978248
2026-01-20 13:33:08,763 - position: [ 0.11763373 -0.3913542   0.33602265] - angle: -1.3066647292978248
2026-01-20 13:33:09,006 - position: [ 0.12337385 -0.40308744  0.33170047] - angle: -1.3185651969588554
2026-01-20 13:33:09,219 - position: [ 0.12340111 -0.40294909  0.33164531] - angle: -1.318781606230396
2026-01-20 13:33:09,461 - position: [ 0.12275424 -0.39987445  0.33239934] - angle: -1.3190602799761018
2026-01-20 13:33:09,746 - position: [ 0.11945726 -0.39437345  0.33689728] - angle: -1.3201378856716088
2026-01-20 13:33:10,051 - position: [ 0.11939835 -0.39102766  0.34073159] - angle: -1.3192178338210652
2026-01-20 13:33:10,288 - position: [ 0.12173133 -0.3880235   0.34606773] - angle: -1.319869092322397
2026-01-20 13:33:10,550 - position: [ 0.1262404  -0.38587627  0.35063624] - angle: -1.3149221229254513
2026-01-20 13:33:10,845 - position: [ 0.12990732 -0.38546684  0.35186532] - angle: -1.3154518677079485
2026-01-20 13:33:11,063 - position: [ 0.12990765 -0.38537672  0.35158214] - angle: -1.318934981209039
2026-01-20 13:33:11,283 - position: [ 0.13015711 -0.38489881  0.3519747 ] - angle: -1.3117264063179133
2026-01-20 13:33:11,496 - position: [ 0.12974569 -0.38549227  0.35161766] - angle: -1.3181257546437117
2026-01-20 13:33:11,725 - position: [ 0.12973662 -0.38562199  0.35265538] - angle: -1.3173908778301828
2026-01-20 13:33:11,962 - position: [ 0.12980075 -0.38569713  0.35618138] - angle: -1.3157829473439686
2026-01-20 13:33:12,219 - position: [ 0.13044007 -0.38645473  0.35913059] - angle: -1.3148381037840986
2026-01-20 13:33:12,475 - position: [ 0.13079052 -0.38904253  0.35931784] - angle: -1.316572214971579
2026-01-20 13:33:12,705 - position: [ 0.13100776 -0.39037439  0.35973027] - angle: -1.3131284510881898
2026-01-20 13:33:12,969 - position: [ 0.12874497 -0.39938167  0.35805267] - angle: -1.3136067069136579
2026-01-20 13:33:13,207 - position: [ 0.13037917 -0.40902752  0.35585883] - angle: -1.3110963499804198
2026-01-20 13:33:13,472 - position: [ 0.13138239 -0.41243935  0.35465822] - angle: -1.3140441867633461
2026-01-20 13:33:13,727 - position: [ 0.13523436 -0.42114833  0.35343778] - angle: -1.3117519978496448
2026-01-20 13:33:13,958 - position: [ 0.13583693 -0.42361259  0.35362116] - angle: -1.3126950288804333
2026-01-20 13:33:14,217 - position: [ 0.13606697 -0.42669746  0.35363665] - angle: -1.311979730840505
2026-01-20 13:33:14,517 - position: [ 0.13560875 -0.42779702  0.35213497] - angle: -1.311617722191245
2026-01-20 13:33:14,769 - position: [ 0.13488832 -0.42758936  0.34978795] - angle: -1.308135625014733
2026-01-20 13:33:15,009 - position: [ 0.13282579 -0.42577505  0.34495428] - angle: -1.310854289346524
2026-01-20 13:33:15,246 - position: [ 0.13215441 -0.42106891  0.34165871] - angle: -1.308238875209351
2026-01-20 13:33:15,472 - position: [ 0.13004258 -0.41900522  0.34016749] - angle: -1.3091434744480135
2026-01-20 13:33:15,809 - position: [ 0.12968969 -0.41854012  0.3402001 ] - angle: -1.3110196254668898
2026-01-20 13:33:16,063 - position: [ 0.13056158 -0.41703439  0.34104648] - angle: -1.3083229427727052
2026-01-20 13:33:16,333 - position: [ 0.13056158 -0.41703439  0.34104648] - angle: -1.3083229427727052
2026-01-20 13:33:16,556 - position: [ 0.13029048 -0.4122687   0.34036478] - angle: -1.3094053228318243
2026-01-20 13:33:16,873 - position: [ 0.13006884 -0.4082543   0.34011984] - angle: -1.3060453843298978
2026-01-20 13:33:17,098 - position: [ 0.12832811 -0.40431446  0.34309667] - angle: -1.3088722079565605
2026-01-20 13:33:17,367 - position: [ 0.12789525 -0.40265077  0.34090516] - angle: -1.305678956550333
2026-01-20 13:33:17,643 - position: [ 0.12487182 -0.3990387   0.34117505] - angle: -1.3016170768085606
2026-01-20 13:33:17,873 - position: [ 0.12373541 -0.39881212  0.34030759] - angle: -1.3084944259733784
2026-01-20 13:33:18,099 - position: [ 0.12000732 -0.3952212   0.33668482] - angle: -1.3079010293907238
2026-01-20 13:33:18,379 - position: [ 0.11925028 -0.39458957  0.33580443] - angle: -1.307424353736553
2026-01-20 13:33:18,595 - position: [ 0.11676839 -0.39593002  0.33220989] - angle: -1.3054507065906087
2026-01-20 13:33:18,830 - position: [ 0.11676839 -0.39593002  0.33220989] - angle: -1.3054507065906087
2026-01-20 13:33:19,061 - position: [ 0.1153109  -0.39573377  0.3343164 ] - angle: -1.304630580196089
2026-01-20 13:33:19,268 - position: [ 0.11530236 -0.39467514  0.33620048] - angle: -1.2925123158492013
2026-01-20 13:33:19,526 - position: [ 0.11292753 -0.39712217  0.3381204 ] - angle: -1.3054069133993678
2026-01-20 13:33:19,739 - position: [ 0.11223438 -0.3967185   0.33955196] - angle: -1.2939969636866744
2026-01-20 13:33:19,988 - position: [ 0.11042567 -0.39677289  0.3385796 ] - angle: -1.292828977523051
2026-01-20 13:33:20,238 - position: [ 0.10697139 -0.39627713  0.3366369 ] - angle: -1.3059839521170717
2026-01-20 13:33:20,479 - position: [ 0.10626764 -0.39537823  0.3361561 ] - angle: -1.3030456465445703
2026-01-20 13:33:20,745 - position: [ 0.10560884 -0.39455071  0.33601359] - angle: -1.305275609285078
2026-01-20 13:33:20,997 - position: [ 0.10557085 -0.39215255  0.33533645] - angle: -1.3055609795448992
2026-01-20 13:33:21,228 - position: [ 0.10557085 -0.39215255  0.33533645] - angle: -1.3055609795448992
2026-01-20 13:33:21,444 - position: [ 0.10557085 -0.39215255  0.33533645] - angle: -1.3055609795448992
2026-01-20 13:33:21,674 - position: [ 0.10584141 -0.38659713  0.33782899] - angle: -1.304310100486345
2026-01-20 13:33:21,895 - position: [ 0.10568792 -0.38531902  0.33830643] - angle: -1.3043556304741544
2026-01-20 13:33:22,164 - position: [ 0.10567611 -0.38280436  0.33963862] - angle: -1.3042998440388578
2026-01-20 13:33:22,381 - position: [ 0.10594397 -0.3810024   0.34093559] - angle: -1.3038909870317963
2026-01-20 13:33:22,597 - position: [ 0.10648412 -0.37911066  0.34248263] - angle: -1.303370970332014
2026-01-20 13:33:22,835 - position: [ 0.10856973 -0.37596959  0.34558359] - angle: -1.302112778381943
2026-01-20 13:33:23,136 - position: [ 0.11103635 -0.37111774  0.35512859] - angle: -1.303130741573062
2026-01-20 13:33:23,363 - position: [ 0.10933625 -0.37009692  0.35558882] - angle: -1.303611566625238
2026-01-20 13:33:23,596 - position: [ 0.10887291 -0.36960918  0.35921267] - angle: -1.3019688366917386
2026-01-20 13:33:23,837 - position: [ 0.10891584 -0.36910254  0.35543546] - angle: -1.3007245634460722
2026-01-20 13:33:24,084 - position: [ 0.10848767 -0.36668569  0.35335475] - angle: -1.3004083597143543
2026-01-20 13:33:24,307 - position: [ 0.10691412 -0.36686245  0.34758359] - angle: -1.299604938446942
2026-01-20 13:33:24,561 - position: [ 0.1071028  -0.36809355  0.34552056] - angle: -1.2984578568740055
2026-01-20 13:33:24,781 - position: [ 0.10661087 -0.36889794  0.3457945 ] - angle: -1.3007368218449864
2026-01-20 13:33:25,039 - position: [ 0.10561582 -0.37028936  0.35087505] - angle: -1.2985063810416149
2026-01-20 13:33:25,277 - position: [ 0.10555757 -0.37200022  0.35772353] - angle: -1.2972264868367303
2026-01-20 13:33:25,539 - position: [ 0.10612421 -0.37360662  0.36012477] - angle: -1.2983629913584074
2026-01-20 13:33:25,793 - position: [ 0.11055279 -0.37928957  0.36637074] - angle: -1.2966282492744465
2026-01-20 13:33:26,029 - position: [ 0.11186767 -0.38203791  0.36746305] - angle: -1.29601356729431
2026-01-20 13:33:26,247 - position: [ 0.11490408 -0.38634393  0.36921805] - angle: -1.2961685431242018
2026-01-20 13:33:26,480 - position: [ 0.11767694 -0.39004034  0.37398317] - angle: -1.2956039539311743
2026-01-20 13:33:26,766 - position: [ 0.11767694 -0.39004034  0.37398317] - angle: -1.2956039539311743
2026-01-20 13:33:27,047 - position: [ 0.12248847 -0.39387977  0.36275783] - angle: -1.2970363923994053
2026-01-20 13:33:27,279 - position: [ 0.12210269 -0.39331141  0.36145991] - angle: -1.2969657542820703
2026-01-20 13:33:27,503 - position: [ 0.11936683 -0.39087588  0.36029896] - angle: -1.2950377284823333
2026-01-20 13:33:27,769 - position: [ 0.1169495  -0.39093506  0.35880342] - angle: -1.2992386504582911
2026-01-20 13:33:28,011 - position: [ 0.1169495  -0.39093506  0.35880342] - angle: -1.2992386504582911
2026-01-20 13:33:28,276 - position: [ 0.11327127 -0.39009866  0.35229349] - angle: -1.2935634087680161
2026-01-20 13:33:28,544 - position: [ 0.11332701 -0.38874263  0.3491888 ] - angle: -1.2943910367632645
2026-01-20 13:33:28,775 - position: [ 0.11352026 -0.38774881  0.34629759] - angle: -1.2932287229262767
2026-01-20 13:33:29,019 - position: [ 0.11364565 -0.3872197   0.34557924] - angle: -1.2963175290206288
2026-01-20 13:33:29,252 - position: [ 0.11492261 -0.38767529  0.34776434] - angle: -1.2933526184723037
2026-01-20 13:33:29,503 - position: [ 0.11647086 -0.38870344  0.35335782] - angle: -1.2941037982193246
2026-01-20 13:33:29,742 - position: [ 0.11854038 -0.3918286   0.34764937] - angle: -1.2907097934593494
2026-01-20 13:33:29,952 - position: [ 0.11869176 -0.39287055  0.34726858] - angle: -1.29049039490992
2026-01-20 13:33:30,181 - position: [ 0.11869176 -0.39287055  0.34726858] - angle: -1.29049039490992
2026-01-20 13:33:30,397 - position: [ 0.11821713 -0.39427194  0.346385  ] - angle: -1.2927105790550422
2026-01-20 13:33:30,659 - position: [ 0.11849144 -0.39663303  0.34938353] - angle: -1.2923713703825195
2026-01-20 13:33:30,927 - position: [ 0.11849144 -0.39663303  0.34938353] - angle: -1.2923713703825195
2026-01-20 13:33:31,198 - position: [ 0.12338725 -0.39917356  0.34929255] - angle: -1.2921804480775223
2026-01-20 13:33:31,455 - position: [ 0.1239669  -0.40116027  0.34528553] - angle: -1.2902234412421967
2026-01-20 13:33:31,676 - position: [ 0.12417903 -0.40218195  0.34006226] - angle: -1.2918679010942458
2026-01-20 13:33:31,914 - position: [ 0.12417903 -0.40218195  0.34006226] - angle: -1.2918679010942458
2026-01-20 13:33:32,134 - position: [ 0.12744184 -0.40390694  0.33721662] - angle: -1.2897518169802136
2026-01-20 13:33:32,388 - position: [ 0.12548774 -0.4046174   0.33875537] - angle: -1.2901616124441313
2026-01-20 13:33:32,651 - position: [ 0.12538047 -0.40476632  0.33863622] - angle: -1.2904421509352635
2026-01-20 13:33:32,908 - position: [ 0.12538047 -0.40476632  0.33863622] - angle: -1.2904421509352635
2026-01-20 13:33:33,112 - position: [ 0.12538047 -0.40476632  0.33863622] - angle: -1.2904421509352635
2026-01-20 13:33:33,351 - position: [ 0.11907555 -0.41846058  0.3289462 ] - angle: -1.2868779766152025
2026-01-20 13:33:33,568 - position: [ 0.12221634 -0.4227958   0.3230952 ] - angle: -1.2873753427914707
2026-01-20 13:33:33,782 - position: [ 0.12235758 -0.42259806  0.32221422] - angle: -1.2880096161644503
2026-01-20 13:33:34,017 - position: [ 0.12707449 -0.42268223  0.32079169] - angle: -1.2887815962224525
2026-01-20 13:33:34,249 - position: [ 0.1269104  -0.41736132  0.32265848] - angle: -1.2869549044856905
2026-01-20 13:33:34,502 - position: [ 0.12325171 -0.41356897  0.31738061] - angle: -1.2856872547029035
2026-01-20 13:33:34,762 - position: [ 0.12325171 -0.41356897  0.31738061] - angle: -1.2856872547029035
2026-01-20 13:33:35,048 - position: [ 0.11410172 -0.40615639  0.3129333 ] - angle: -1.2857184944059359
2026-01-20 13:33:35,291 - position: [ 0.1139983  -0.40570149  0.31446224] - angle: -1.2847939460831843
2026-01-20 13:33:35,511 - position: [ 0.11443746 -0.40478677  0.31952834] - angle: -1.2844405432750166
2026-01-20 13:33:35,767 - position: [ 0.11672083 -0.40349692  0.32514316] - angle: -1.2845487880210937
2026-01-20 13:33:36,018 - position: [ 0.12007554 -0.40098941  0.33145827] - angle: -1.2840553815674998
2026-01-20 13:33:36,275 - position: [ 0.12007554 -0.40098941  0.33145827] - angle: -1.2840553815674998
2026-01-20 13:33:36,517 - position: [ 0.12070978 -0.38644344  0.33978832] - angle: -1.2827847113315012
2026-01-20 13:33:36,759 - position: [ 0.11847967 -0.38229886  0.33896339] - angle: -1.2859352003908757
2026-01-20 13:33:36,996 - position: [ 0.11946566 -0.3822673   0.34258056] - angle: -1.2849239726299944
2026-01-20 13:33:37,227 - position: [ 0.12298802 -0.38402516  0.3395074 ] - angle: -1.288236863286392
2026-01-20 13:33:37,469 - position: [ 0.13450675 -0.38601488  0.34546384] - angle: -1.2868281955092145
2026-01-20 13:33:37,757 - position: [ 0.1392369  -0.38671666  0.34422269] - angle: -1.2859766739890812
2026-01-20 13:33:38,020 - position: [ 0.13892123 -0.38480201  0.34947997] - angle: -1.2858204950422993
2026-01-20 13:33:38,259 - position: [ 0.13735572 -0.38551039  0.34636417] - angle: -1.2876612019717295
2026-01-20 13:33:38,566 - position: [ 0.13774261 -0.38744956  0.35120267] - angle: -1.2860233131092746
2026-01-20 13:33:38,781 - position: [ 0.13774261 -0.38744956  0.35120267] - angle: -1.2860233131092746
2026-01-20 13:33:39,015 - position: [ 0.13774261 -0.38744956  0.35120267] - angle: -1.2860233131092746
2026-01-20 13:33:39,246 - position: [ 0.13925606 -0.39432135  0.35137749] - angle: -1.2860161110745651
2026-01-20 13:33:39,512 - position: [ 0.14010628 -0.39627597  0.35340071] - angle: -1.283481773491765
2026-01-20 13:33:39,717 - position: [ 0.14235087 -0.39958337  0.35669807] - angle: -1.288536337011033
2026-01-20 13:33:39,944 - position: [ 0.14153555 -0.3991366   0.36228967] - angle: -1.2821157299261667
2026-01-20 13:33:40,179 - position: [ 0.14186504 -0.40042242  0.36305562] - angle: -1.2824832849493206
2026-01-20 13:33:40,456 - position: [ 0.1383895  -0.40050751  0.36447996] - angle: -1.2815644731121907
2026-01-20 13:33:40,663 - position: [ 0.13581893 -0.40095305  0.36099017] - angle: -1.2812901058658364
2026-01-20 13:33:40,878 - position: [ 0.13416854 -0.40045479  0.36396834] - angle: -1.2814657413701194
2026-01-20 13:33:41,109 - position: [ 0.13653633 -0.40313715  0.35996005] - angle: -1.2818528902617197
2026-01-20 13:33:41,373 - position: [ 0.13520099 -0.40270576  0.36279243] - angle: -1.2815910974832119
2026-01-20 13:33:41,593 - position: [ 0.13146731 -0.40475786  0.3580758 ] - angle: -1.2797445096840483
2026-01-20 13:33:41,824 - position: [ 0.12937231 -0.4034906   0.3607865 ] - angle: -1.2829772921527791
2026-01-20 13:33:42,029 - position: [ 0.12937231 -0.4034906   0.3607865 ] - angle: -1.2829772921527791
2026-01-20 13:33:42,240 - position: [ 0.13559717 -0.40234751  0.35127792] - angle: -1.2792335689770797
2026-01-20 13:33:42,446 - position: [ 0.13672824 -0.40129772  0.3491213 ] - angle: -1.278722360786095
2026-01-20 13:33:42,658 - position: [ 0.13570616 -0.39746729  0.34488466] - angle: -1.2807245130574452
2026-01-20 13:33:42,915 - position: [ 0.13591462 -0.39278391  0.33601424] - angle: -1.2812821135899948
2026-01-20 13:33:43,145 - position: [ 0.13830221 -0.39032677  0.32785645] - angle: -1.2813573835362537
2026-01-20 13:33:43,363 - position: [ 0.13830221 -0.39032677  0.32785645] - angle: -1.2813573835362537
2026-01-20 13:33:43,575 - position: [ 0.13702872 -0.38529348  0.33056247] - angle: -1.2796876789191165
2026-01-20 13:33:43,803 - position: [ 0.13628559 -0.38481176  0.3301684 ] - angle: -1.2801372832020292
2026-01-20 13:33:44,028 - position: [ 0.13647005 -0.38498935  0.329023  ] - angle: -1.2801875754785925
2026-01-20 13:33:44,250 - position: [ 0.13650925 -0.38498738  0.32859489] - angle: -1.280226984246176
2026-01-20 13:33:44,494 - position: [ 0.13650925 -0.38498738  0.32859489] - angle: -1.280226984246176
2026-01-20 13:33:44,776 - position: [ 0.12850451 -0.38192964  0.32531109] - angle: -1.2824622331539999
2026-01-20 13:33:45,003 - position: [ 0.12850451 -0.38192964  0.32531109] - angle: -1.2824622331539999
2026-01-20 13:33:45,239 - position: [ 0.12197942 -0.38217601  0.33159772] - angle: -1.2824642839912528
2026-01-20 13:33:45,462 - position: [ 0.12081601 -0.38124415  0.33466569] - angle: -1.2825704966535705
2026-01-20 13:33:45,698 - position: [ 0.1186549  -0.37851802  0.34024107] - angle: -1.281319901646357
2026-01-20 13:33:45,925 - position: [ 0.1195316  -0.37774092  0.34494653] - angle: -1.2807316404443743
2026-01-20 13:33:46,204 - position: [ 0.11895802 -0.37416703  0.35018235] - angle: -1.2802027921435841
2026-01-20 13:33:46,410 - position: [ 0.11913716 -0.37317023  0.35046801] - angle: -1.280034483547436
2026-01-20 13:33:46,621 - position: [ 0.12055435 -0.37141788  0.35023686] - angle: -1.2806045334347642
2026-01-20 13:33:46,836 - position: [ 0.12233243 -0.36787331  0.34380758] - angle: -1.2774048178611537
2026-01-20 13:33:47,084 - position: [ 0.11957341 -0.36431095  0.34334123] - angle: -1.2783723534416955
2026-01-20 13:33:47,286 - position: [ 0.11774976 -0.36342195  0.33748391] - angle: -1.2777402431454132
2026-01-20 13:33:47,503 - position: [ 0.11416864 -0.36235538  0.33394444] - angle: -1.2802876029904398
2026-01-20 13:33:47,727 - position: [ 0.11302515 -0.36231354  0.33207992] - angle: -1.2779530903035705
2026-01-20 13:33:47,960 - position: [ 0.11128393 -0.36127061  0.33377826] - angle: -1.2781732096245557
2026-01-20 13:33:48,174 - position: [ 0.11128393 -0.36127061  0.33377826] - angle: -1.2781732096245557
2026-01-20 13:33:48,409 - position: [ 0.11128393 -0.36127061  0.33377826] - angle: -1.2781732096245557
2026-01-20 13:33:48,654 - position: [ 0.10890438 -0.35500789  0.33209196] - angle: -1.2791838168817704
2026-01-20 13:33:48,862 - position: [ 0.10913549 -0.35465765  0.33209077] - angle: -1.2792026249124486
2026-01-20 13:33:49,091 - position: [ 0.11366822 -0.35367718  0.331756  ] - angle: -1.277348466438343
2026-01-20 13:33:49,349 - position: [ 0.11439351 -0.35395202  0.3327052 ] - angle: -1.2783519254716627
2026-01-20 13:33:49,587 - position: [ 0.11761194 -0.35837966  0.33715311] - angle: -1.278257355729147
2026-01-20 13:33:49,885 - position: [ 0.11761194 -0.35837966  0.33715311] - angle: -1.278257355729147
2026-01-20 13:33:50,159 - position: [ 0.11732551 -0.37031776  0.35826579] - angle: -1.276681210755362
2026-01-20 13:33:50,398 - position: [ 0.11733434 -0.37161705  0.36152855] - angle: -1.2770533898077954
2026-01-20 13:33:50,628 - position: [ 0.11900273 -0.37284011  0.36142308] - angle: -1.2780706161325521
2026-01-20 13:33:50,838 - position: [ 0.11862974 -0.37273037  0.36200589] - angle: -1.2759995719285007
2026-01-20 13:33:51,068 - position: [ 0.11811006 -0.37254405  0.36197105] - angle: -1.2763098889117779
2026-01-20 13:33:51,331 - position: [ 0.11847961 -0.37178093  0.35958076] - angle: -1.2786102753606667
2026-01-20 13:33:51,573 - position: [ 0.11901346 -0.37201637  0.35909745] - angle: -1.2779122883084053
2026-01-20 13:33:51,814 - position: [ 0.1227288  -0.37323612  0.35768029] - angle: -1.2769830402759808
2026-01-20 13:33:52,077 - position: [ 0.12365219 -0.37256482  0.35609454] - angle: -1.2766852886679039
2026-01-20 13:33:52,298 - position: [ 0.12374777 -0.37147498  0.35580143] - angle: -1.2734510595863338
2026-01-20 13:33:52,523 - position: [ 0.12343665 -0.37108013  0.35530099] - angle: -1.2751032203688508
2026-01-20 13:33:52,764 - position: [ 0.12046333 -0.36526534  0.35504177] - angle: -1.275513573123996
2026-01-20 13:33:52,989 - position: [ 0.11911339 -0.36406654  0.35505867] - angle: -1.27584048155297
2026-01-20 13:33:53,211 - position: [ 0.11911339 -0.36406654  0.35505867] - angle: -1.27584048155297
2026-01-20 13:33:53,433 - position: [ 0.11586666 -0.35669681  0.36217099] - angle: -1.2745400388302084
2026-01-20 13:33:53,687 - position: [ 0.11653058 -0.35322127  0.36454666] - angle: -1.2732850207526694
2026-01-20 13:33:53,957 - position: [ 0.11653058 -0.35322127  0.36454666] - angle: -1.2732850207526694
2026-01-20 13:33:54,165 - position: [ 0.11841147 -0.34964058  0.36465874] - angle: -1.2735881090868086
