2026-01-20 13:12:23,714 - position: [ 0.03982436 -1.22726941  0.8808648 ]
2026-01-20 13:12:23,971 - position: [ 0.03862435 -1.22705674  0.87958205]
2026-01-20 13:12:24,226 - position: [ 0.03828839 -1.23230767  0.88447255]
2026-01-20 13:12:24,492 - position: [ 0.03483044 -1.23292446  0.88297457]
2026-01-20 13:12:24,793 - position: [ 0.03302554 -1.23914027  0.88623172]
2026-01-20 13:12:25,059 - position: [ 0.0332922  -1.23547161  0.88855219]
2026-01-20 13:12:25,290 - position: [ 0.03354983 -1.2397784   0.8872245 ]
2026-01-20 13:12:25,517 - position: [ 0.03354983 -1.2397784   0.8872245 ]
2026-01-20 13:12:25,836 - position: [ 0.04757926 -1.23750627  0.88425446]
2026-01-20 13:12:26,101 - position: [ 0.04844193 -1.23498356  0.88066965]
2026-01-20 13:12:26,343 - position: [ 0.03655587 -1.24026203  0.87217492]
2026-01-20 13:12:26,577 - position: [ 0.03616652 -1.24504936  0.87887013]
2026-01-20 13:12:26,865 - position: [ 0.04179331 -1.26344347  0.88350105]
2026-01-20 13:12:27,087 - position: [ 0.04860472 -1.25938129  0.88178664]
2026-01-20 13:12:27,316 - position: [ 0.04648187 -1.24982703  0.88034868]
2026-01-20 13:12:27,555 - position: [ 0.04806234 -1.24902558  0.88077301]
2026-01-20 13:12:27,789 - position: [ 0.0368153  -1.23567867  0.87979287]
2026-01-20 13:12:28,070 - position: [ 0.03580212 -1.23357821  0.87996221]
2026-01-20 13:12:28,276 - position: [ 0.03626297 -1.23368585  0.8784461 ]
2026-01-20 13:12:28,508 - position: [ 0.03626297 -1.23368585  0.8784461 ]
2026-01-20 13:12:28,768 - position: [ 0.04250109 -1.21418118  0.87280923]
2026-01-20 13:12:29,010 - position: [ 0.03319604 -1.19771338  0.87349015]
2026-01-20 13:12:29,292 - position: [ 0.03038076 -1.18181372  0.87137997]
2026-01-20 13:12:29,508 - position: [ 0.03464361 -1.17470443  0.87325418]
2026-01-20 13:12:29,749 - position: [ 0.03586873 -1.17169058  0.87312281]
2026-01-20 13:12:29,966 - position: [ 0.03586873 -1.17169058  0.87312281]
2026-01-20 13:12:30,173 - position: [ 0.03586873 -1.17169058  0.87312281]
2026-01-20 13:12:30,385 - position: [ 0.05240352 -1.18590701  0.86767292]
2026-01-20 13:12:30,607 - position: [ 0.05160683 -1.18612337  0.8682124 ]
2026-01-20 13:12:30,819 - position: [ 0.05024042 -1.18406272  0.86836994]
2026-01-20 13:12:31,063 - position: [ 0.04782047 -1.18590701  0.8731451 ]
2026-01-20 13:12:31,296 - position: [ 0.04648167 -1.18460214  0.87262058]
2026-01-20 13:12:31,512 - position: [ 0.04629856 -1.18529546  0.87276363]
2026-01-20 13:12:31,729 - position: [ 0.04108957 -1.18938196  0.87410176]
2026-01-20 13:12:31,965 - position: [ 0.03387564 -1.19321835  0.87452453]
2026-01-20 13:12:32,178 - position: [ 0.03166479 -1.19295979  0.87379158]
2026-01-20 13:12:32,402 - position: [ 0.03257085 -1.2128346   0.87763351]
2026-01-20 13:12:32,646 - position: [ 0.03189559 -1.21330631  0.8782925 ]
2026-01-20 13:12:32,894 - position: [ 0.02843347 -1.20484245  0.87943691]
2026-01-20 13:12:33,121 - position: [ 0.02853313 -1.20449007  0.87934566]
2026-01-20 13:12:33,369 - position: [ 0.03119068 -1.20769298  0.88052201]
2026-01-20 13:12:33,662 - position: [ 0.02993538 -1.20300412  0.87956208]
2026-01-20 13:12:33,898 - position: [ 0.03052928 -1.20242834  0.87916672]
2026-01-20 13:12:34,117 - position: [ 0.03004983 -1.20697641  0.88162649]
2026-01-20 13:12:34,352 - position: [ 0.03066772 -1.2093631   0.88294351]
2026-01-20 13:12:34,567 - position: [ 0.02906813 -1.20948744  0.88251364]
2026-01-20 13:12:34,768 - position: [ 0.02740992 -1.20984364  0.88297284]
2026-01-20 13:12:34,982 - position: [ 0.02215638 -1.21376824  0.88429856]
2026-01-20 13:12:35,253 - position: [ 0.02146741 -1.21349466  0.88479364]
2026-01-20 13:12:35,462 - position: [ 0.04022603 -1.24598277  0.89014524]
2026-01-20 13:12:35,719 - position: [ 0.04099782 -1.25027919  0.89017248]
2026-01-20 13:12:35,933 - position: [ 0.03828898 -1.25479186  0.8906948 ]
2026-01-20 13:12:36,170 - position: [ 0.03306204 -1.25296485  0.89529794]
2026-01-20 13:12:36,390 - position: [ 0.0335176  -1.25286031  0.89582515]
2026-01-20 13:12:36,624 - position: [ 0.03891674 -1.24176562  0.87941182]
2026-01-20 13:12:36,860 - position: [ 0.03863481 -1.23579514  0.87864161]
2026-01-20 13:12:37,090 - position: [ 0.0369963  -1.23369384  0.87725234]
2026-01-20 13:12:37,312 - position: [ 0.03636887 -1.23618841  0.87948883]
2026-01-20 13:12:37,542 - position: [ 0.0386997  -1.24686706  0.8864817 ]
2026-01-20 13:12:37,764 - position: [ 0.04151764 -1.24245465  0.87845302]
2026-01-20 13:12:38,099 - position: [ 0.04493082 -1.24774659  0.88647568]
2026-01-20 13:12:38,324 - position: [ 0.04547947 -1.2483654   0.88574135]
2026-01-20 13:12:38,576 - position: [ 0.04648412 -1.2547282   0.8882091 ]
2026-01-20 13:12:38,846 - position: [ 0.04376863 -1.25378311  0.88878161]
2026-01-20 13:12:39,116 - position: [ 0.04449193 -1.25463486  0.8897413 ]
2026-01-20 13:12:39,327 - position: [ 0.04568008 -1.25483656  0.8900578 ]
2026-01-20 13:12:39,723 - position: [ 0.04452885 -1.25302315  0.88982195]
2026-01-20 13:12:39,997 - position: [ 0.04515866 -1.25343466  0.89049262]
2026-01-20 13:12:40,261 - position: [ 0.04639928 -1.25103879  0.89106697]
2026-01-20 13:12:40,500 - position: [ 0.04495089 -1.21199417  0.88478494]
2026-01-20 13:12:40,727 - position: [ 0.0457843  -1.20481539  0.88419068]
2026-01-20 13:12:40,978 - position: [ 0.04078938 -1.18549609  0.88253576]
2026-01-20 13:12:41,199 - position: [ 0.04102533 -1.18476069  0.88144284]
2026-01-20 13:12:41,436 - position: [ 0.04640213 -1.19068778  0.88135934]
2026-01-20 13:12:41,653 - position: [ 0.05109383 -1.19183385  0.88125652]
2026-01-20 13:12:41,875 - position: [ 0.04770225 -1.19736683  0.88447523]
2026-01-20 13:12:42,117 - position: [ 0.04824889 -1.19821441  0.88329715]
2026-01-20 13:12:42,345 - position: [ 0.04682366 -1.20659137  0.88497019]
2026-01-20 13:12:42,580 - position: [ 0.04481845 -1.21228063  0.88689476]
2026-01-20 13:12:42,824 - position: [ 0.04547391 -1.21139681  0.88627917]
2026-01-20 13:12:43,081 - position: [ 0.04625003 -1.21169662  0.88696998]
2026-01-20 13:12:43,297 - position: [ 0.04564519 -1.21328092  0.88791084]
2026-01-20 13:12:43,518 - position: [ 0.04563803 -1.21332848  0.88789827]
2026-01-20 13:12:43,748 - position: [ 0.04546399 -1.21353889  0.88818377]
2026-01-20 13:12:43,980 - position: [ 0.04681083 -1.21312547  0.88812786]
2026-01-20 13:12:44,196 - position: [ 0.0410572  -1.21391213  0.88905662]
2026-01-20 13:12:44,421 - position: [ 0.05080181 -1.2434597   0.89692944]
2026-01-20 13:12:44,668 - position: [ 0.04905131 -1.25141251  0.8960762 ]
2026-01-20 13:12:44,910 - position: [ 0.04666792 -1.25295794  0.89792711]
2026-01-20 13:12:45,205 - position: [ 0.05118831 -1.23661935  0.88508534]
2026-01-20 13:12:45,413 - position: [ 0.05166841 -1.23780358  0.88407189]
2026-01-20 13:12:45,658 - position: [ 0.05191386 -1.23857856  0.88406104]
2026-01-20 13:12:45,892 - position: [ 0.05402185 -1.24987078  0.88239133]
2026-01-20 13:12:46,156 - position: [ 0.05530562 -1.24368715  0.87712491]
2026-01-20 13:12:46,387 - position: [ 0.05459191 -1.24819303  0.88364315]
2026-01-20 13:12:46,603 - position: [ 0.05221682 -1.253286    0.88824302]
2026-01-20 13:12:46,924 - position: [ 0.05288518 -1.2495718   0.8895781 ]
2026-01-20 13:12:47,164 - position: [ 0.06560737 -1.2464987   0.88992918]
2026-01-20 13:12:47,419 - position: [ 0.06935041 -1.24030614  0.89001757]
2026-01-20 13:12:47,657 - position: [ 0.06190848 -1.23379409  0.88824612]
2026-01-20 13:12:47,861 - position: [ 0.05677419 -1.22571826  0.88917285]
2026-01-20 13:12:48,088 - position: [ 0.05457924 -1.21738017  0.88759822]
2026-01-20 13:12:48,325 - position: [ 0.05175351 -1.20416689  0.88597262]
2026-01-20 13:12:48,567 - position: [ 0.05287903 -1.20132434  0.88584179]
2026-01-20 13:12:48,819 - position: [ 0.05051293 -1.20038188  0.88620627]
2026-01-20 13:12:49,062 - position: [ 0.0500359  -1.20092344  0.88647348]
2026-01-20 13:12:49,344 - position: [ 0.05458468 -1.20392716  0.88688135]
2026-01-20 13:12:49,548 - position: [ 0.05467506 -1.20710194  0.88876355]
2026-01-20 13:12:49,764 - position: [ 0.05406518 -1.20817828  0.88836509]
2026-01-20 13:12:50,030 - position: [ 0.05024436 -1.20927191  0.88930517]
2026-01-20 13:12:50,251 - position: [ 0.05066597 -1.21035218  0.88991189]
2026-01-20 13:12:50,574 - position: [ 0.04802996 -1.21292162  0.89108485]
2026-01-20 13:12:50,785 - position: [ 0.0466866  -1.2138834   0.89137453]
2026-01-20 13:12:51,104 - position: [ 0.04632513 -1.21421051  0.89143395]
2026-01-20 13:12:51,380 - position: [ 0.0455849  -1.21385503  0.89155525]
2026-01-20 13:12:51,722 - position: [ 0.03777308 -1.22641385  0.89623302]
2026-01-20 13:12:52,045 - position: [ 0.04744733 -1.27430391  0.90537137]
2026-01-20 13:12:52,297 - position: [ 0.05093399 -1.26438379  0.90024531]
2026-01-20 13:12:52,552 - position: [ 0.0466468  -1.24908614  0.88486791]
2026-01-20 13:12:52,909 - position: [ 0.04445813 -1.258129    0.87542737]
2026-01-20 13:12:53,164 - position: [ 0.04326505 -1.27050817  0.88188171]
2026-01-20 13:12:53,402 - position: [ 0.04602973 -1.27075112  0.88374525]
2026-01-20 13:12:53,640 - position: [ 0.04745395 -1.26481903  0.88450587]
2026-01-20 13:12:53,883 - position: [ 0.05410813 -1.26954615  0.88134772]
2026-01-20 13:12:54,139 - position: [ 0.05065894 -1.26115394  0.88350427]
2026-01-20 13:12:54,392 - position: [ 0.04463919 -1.24769187  0.88230622]
2026-01-20 13:12:54,642 - position: [ 0.04090454 -1.24038386  0.88290274]
2026-01-20 13:12:54,950 - position: [ 0.03770174 -1.2282728   0.87997639]
2026-01-20 13:12:55,176 - position: [ 0.0329921  -1.22107697  0.87335962]
2026-01-20 13:12:55,447 - position: [ 0.02122133 -1.20317459  0.86966562]
2026-01-20 13:12:55,676 - position: [ 0.02229776 -1.19934583  0.86949646]
2026-01-20 13:12:55,948 - position: [ 0.03045284 -1.17913139  0.87168974]
2026-01-20 13:12:56,258 - position: [ 0.03259218 -1.1755594   0.87189895]
2026-01-20 13:12:56,491 - position: [ 0.03348569 -1.17264414  0.87220478]
2026-01-20 13:12:56,732 - position: [ 0.03417521 -1.17288589  0.87012202]
2026-01-20 13:12:57,046 - position: [ 0.0330659  -1.16325867  0.86928785]
2026-01-20 13:12:57,312 - position: [ 0.03755273 -1.15612721  0.86817735]
2026-01-20 13:12:57,555 - position: [ 0.03632461 -1.15816259  0.87038714]
2026-01-20 13:12:57,820 - position: [ 0.03615648 -1.15855742  0.87048459]
2026-01-20 13:12:58,039 - position: [ 0.03386417 -1.1659795   0.86959785]
2026-01-20 13:12:58,299 - position: [ 0.03345468 -1.16615832  0.8696329 ]
2026-01-20 13:12:58,590 - position: [ 0.03505361 -1.16590858  0.86793083]
2026-01-20 13:12:58,828 - position: [ 0.03547392 -1.17097986  0.8672536 ]
2026-01-20 13:12:59,073 - position: [ 0.0356194  -1.17271388  0.86336958]
2026-01-20 13:12:59,291 - position: [ 0.03690783 -1.18012965  0.86849141]
2026-01-20 13:12:59,533 - position: [ 0.03905363 -1.17882943  0.86932248]
2026-01-20 13:12:59,782 - position: [ 0.0388035  -1.17859519  0.87052572]
2026-01-20 13:13:00,048 - position: [ 0.03003909 -1.18059254  0.87502158]
2026-01-20 13:13:00,295 - position: [ 0.02829265 -1.18329549  0.87441486]
2026-01-20 13:13:00,606 - position: [ 0.02701298 -1.18295622  0.87326932]
2026-01-20 13:13:00,839 - position: [ 0.02617269 -1.18074131  0.87265939]
2026-01-20 13:13:01,100 - position: [ 0.02361219 -1.1786797   0.87197244]
2026-01-20 13:13:01,332 - position: [ 0.0283821  -1.17804265  0.87214935]
2026-01-20 13:13:01,621 - position: [ 0.02813543 -1.17793596  0.8720907 ]
2026-01-20 13:13:01,839 - position: [ 0.02656307 -1.17739677  0.87138456]
2026-01-20 13:13:02,052 - position: [ 0.0306656  -1.17712641  0.87117988]
2026-01-20 13:13:02,287 - position: [ 0.03423022 -1.1778878   0.87224567]
2026-01-20 13:13:02,511 - position: [ 0.03494836 -1.17720366  0.87294012]
2026-01-20 13:13:02,751 - position: [ 0.03546989 -1.17673576  0.87251014]
2026-01-20 13:13:02,987 - position: [ 0.03517905 -1.17751443  0.87289494]
2026-01-20 13:13:03,273 - position: [ 0.03613947 -1.17703485  0.87329787]
2026-01-20 13:13:03,512 - position: [ 0.03674566 -1.18113899  0.87284291]
2026-01-20 13:13:03,742 - position: [ 0.03558727 -1.18157172  0.87302899]
2026-01-20 13:13:03,954 - position: [ 0.03572712 -1.18113863  0.8744275 ]
2026-01-20 13:13:04,208 - position: [ 0.03585085 -1.18034434  0.87506187]
2026-01-20 13:13:04,424 - position: [ 0.03643388 -1.17859066  0.8748433 ]
2026-01-20 13:13:04,648 - position: [ 0.03669693 -1.17737544  0.87473023]
2026-01-20 13:13:04,879 - position: [ 0.03387411 -1.17513824  0.8743639 ]
2026-01-20 13:13:05,115 - position: [ 0.03231699 -1.17497969  0.87461829]
2026-01-20 13:13:05,375 - position: [ 0.03721706 -1.17668903  0.87524968]
2026-01-20 13:13:05,645 - position: [ 0.03775459 -1.17813098  0.87534058]
2026-01-20 13:13:05,913 - position: [ 0.03867671 -1.17821991  0.87538791]
2026-01-20 13:13:06,188 - position: [ 0.03988596 -1.17785871  0.87559718]
2026-01-20 13:13:06,411 - position: [ 0.03982302 -1.1782968   0.87561202]
2026-01-20 13:13:06,700 - position: [ 0.03760051 -1.17746449  0.8757903 ]
2026-01-20 13:13:07,027 - position: [ 0.0368364  -1.17825651  0.87610614]
2026-01-20 13:13:07,250 - position: [ 0.03529738 -1.1797812   0.87668812]
2026-01-20 13:13:07,522 - position: [ 0.03407189 -1.180264    0.87717277]
2026-01-20 13:13:07,835 - position: [ 0.03350193 -1.18012261  0.8772099 ]
2026-01-20 13:13:08,079 - position: [ 0.02682702 -1.17854416  0.87732762]
2026-01-20 13:13:08,402 - position: [ 0.0222622  -1.18303597  0.87894285]
2026-01-20 13:13:08,705 - position: [ 0.02494111 -1.18584836  0.88047856]
2026-01-20 13:13:08,954 - position: [ 0.02548876 -1.18612719  0.88059545]
2026-01-20 13:13:09,211 - position: [ 0.02367967 -1.18859482  0.88140428]
2026-01-20 13:13:09,434 - position: [ 0.02108306 -1.18473768  0.880463  ]
2026-01-20 13:13:09,668 - position: [ 0.02113494 -1.18459964  0.88042039]
2026-01-20 13:13:09,887 - position: [ 0.02009407 -1.1932199   0.88333613]
2026-01-20 13:13:10,128 - position: [ 0.02110016 -1.19338477  0.88380021]
2026-01-20 13:13:10,373 - position: [ 0.0222879  -1.19364762  0.88412654]
2026-01-20 13:13:10,609 - position: [ 0.0234969  -1.1915431   0.88366836]
2026-01-20 13:13:10,832 - position: [ 0.02304038 -1.19763649  0.88689148]
2026-01-20 13:13:11,076 - position: [ 0.02778766 -1.2011131   0.88761973]
2026-01-20 13:13:11,339 - position: [ 0.02632858 -1.20660985  0.8898567 ]
2026-01-20 13:13:11,550 - position: [ 0.02705481 -1.20668399  0.89003366]
2026-01-20 13:13:11,784 - position: [ 0.02705481 -1.20668399  0.89003366]
2026-01-20 13:13:12,074 - position: [ 0.02915033 -1.20748806  0.89007443]
2026-01-20 13:13:12,401 - position: [ 0.02260965 -1.20748854  0.89197987]
2026-01-20 13:13:12,626 - position: [ 0.0150436  -1.1848948   0.86856782]
2026-01-20 13:13:12,853 - position: [ 0.02089571 -1.19114923  0.87740219]
2026-01-20 13:13:13,091 - position: [ 0.02523045 -1.19283843  0.87751269]
2026-01-20 13:13:13,339 - position: [ 0.03153614 -1.18544579  0.87536234]
2026-01-20 13:13:13,562 - position: [ 0.03545182 -1.17620921  0.87258714]
2026-01-20 13:13:13,814 - position: [ 0.03771857 -1.17265987  0.87287629]
2026-01-20 13:13:14,069 - position: [ 0.03679739 -1.16329336  0.87079877]
2026-01-20 13:13:14,280 - position: [ 0.02777778 -1.1552906   0.8694644 ]
2026-01-20 13:13:14,519 - position: [ 0.02053717 -1.15678513  0.86949211]
2026-01-20 13:13:14,737 - position: [ 0.02077906 -1.15669322  0.86950797]
2026-01-20 13:13:14,977 - position: [ 0.0218351  -1.1585505   0.86987466]
2026-01-20 13:13:15,274 - position: [ 0.02239818 -1.15887392  0.86973602]
2026-01-20 13:13:15,647 - position: [ 0.02261174 -1.15865326  0.87058604]
2026-01-20 13:13:15,889 - position: [ 0.02171177 -1.1579715   0.87082756]
2026-01-20 13:13:16,177 - position: [ 0.02099663 -1.15534937  0.86967576]
2026-01-20 13:13:16,413 - position: [ 0.02251159 -1.15482008  0.87029803]
2026-01-20 13:13:16,643 - position: [ 0.02250873 -1.1576277   0.86911058]
2026-01-20 13:13:16,914 - position: [ 0.02131623 -1.16103363  0.86893702]
2026-01-20 13:13:17,164 - position: [ 0.01984269 -1.16666925  0.86999041]
2026-01-20 13:13:17,454 - position: [ 0.02055889 -1.1637696   0.86943614]
2026-01-20 13:13:17,711 - position: [ 0.02523489 -1.16615164  0.87148488]
2026-01-20 13:13:17,959 - position: [ 0.02654069 -1.16661894  0.87188143]
2026-01-20 13:13:18,192 - position: [ 0.03019254 -1.16659367  0.87196243]
2026-01-20 13:13:18,405 - position: [ 0.03054105 -1.16705096  0.8720426 ]
2026-01-20 13:13:18,641 - position: [ 0.03039798 -1.16704357  0.87174428]
2026-01-20 13:13:18,876 - position: [ 0.02927533 -1.16187704  0.8691262 ]
2026-01-20 13:13:19,144 - position: [ 0.03026395 -1.16242433  0.86977208]
2026-01-20 13:13:19,390 - position: [ 0.03315748 -1.16571152  0.87138051]
2026-01-20 13:13:19,624 - position: [ 0.03240812 -1.16799736  0.87214851]
2026-01-20 13:13:19,876 - position: [ 0.02766768 -1.16931093  0.87337071]
2026-01-20 13:13:20,086 - position: [ 0.02625655 -1.16853607  0.87357515]
2026-01-20 13:13:20,302 - position: [ 0.02651574 -1.16762304  0.8736155 ]
2026-01-20 13:13:20,518 - position: [ 0.02794668 -1.16727221  0.87330902]
2026-01-20 13:13:20,773 - position: [ 0.02798449 -1.16727662  0.87320799]
2026-01-20 13:13:21,017 - position: [ 0.02787522 -1.16764259  0.87322783]
2026-01-20 13:13:21,278 - position: [ 0.02729905 -1.16819501  0.87320799]
2026-01-20 13:13:21,500 - position: [ 0.02780857 -1.16861665  0.87350863]
2026-01-20 13:13:21,749 - position: [ 0.02823525 -1.16898131  0.87381917]
2026-01-20 13:13:21,993 - position: [ 0.02998889 -1.16895366  0.87449485]
2026-01-20 13:13:22,218 - position: [ 0.03016207 -1.16846156  0.87351495]
2026-01-20 13:13:22,430 - position: [ 0.0276543  -1.16552579  0.87250757]
2026-01-20 13:13:22,682 - position: [ 0.02891105 -1.16460562  0.87269801]
2026-01-20 13:13:22,952 - position: [ 0.03004075 -1.16643333  0.87326336]
2026-01-20 13:13:23,183 - position: [ 0.02858428 -1.16739511  0.87264794]
2026-01-20 13:13:23,427 - position: [ 0.02858428 -1.16739511  0.87264794]
2026-01-20 13:13:23,643 - position: [ 0.02651242 -1.16727221  0.87227947]
2026-01-20 13:13:23,876 - position: [ 0.02663913 -1.16704106  0.87238526]
2026-01-20 13:13:24,116 - position: [ 0.02822249 -1.16510487  0.87225819]
2026-01-20 13:13:24,400 - position: [ 0.02822905 -1.16352713  0.87212795]
2026-01-20 13:13:24,653 - position: [ 0.02527608 -1.16388535  0.87205571]
2026-01-20 13:13:24,880 - position: [ 0.02357704 -1.16636872  0.87311691]
2026-01-20 13:13:25,106 - position: [ 0.02361234 -1.16640794  0.87356132]
2026-01-20 13:13:25,327 - position: [ 0.02798087 -1.16826117  0.87438369]
2026-01-20 13:13:25,548 - position: [ 0.02892495 -1.17156482  0.87523538]
2026-01-20 13:13:25,799 - position: [ 0.02924583 -1.17041552  0.87497818]
2026-01-20 13:13:26,097 - position: [ 0.02579445 -1.16843963  0.87423724]
2026-01-20 13:13:26,347 - position: [ 0.02407686 -1.16811347  0.87419027]
2026-01-20 13:13:26,584 - position: [ 0.02343019 -1.16761374  0.87417793]
2026-01-20 13:13:26,832 - position: [ 0.02625711 -1.16748166  0.87390661]
2026-01-20 13:13:27,057 - position: [ 0.02721355 -1.16982377  0.87446392]
2026-01-20 13:13:27,272 - position: [ 0.02718577 -1.1715343   0.87504256]
2026-01-20 13:13:27,511 - position: [ 0.02589792 -1.17113793  0.87525558]
2026-01-20 13:13:27,841 - position: [ 0.02638304 -1.17146075  0.8754853 ]
2026-01-20 13:13:28,076 - position: [ 0.02613061 -1.17207432  0.87601203]
2026-01-20 13:13:28,323 - position: [ 0.02679028 -1.17206776  0.87593842]
2026-01-20 13:13:28,580 - position: [ 0.02647584 -1.17202926  0.87602377]
2026-01-20 13:13:28,796 - position: [ 0.02534953 -1.17504692  0.87708133]
2026-01-20 13:13:29,020 - position: [ 0.02483897 -1.17645574  0.87820703]
2026-01-20 13:13:29,242 - position: [ 0.02475683 -1.17615914  0.87758946]
2026-01-20 13:13:29,457 - position: [ 0.02418909 -1.17461979  0.87738162]
2026-01-20 13:13:29,756 - position: [ 0.0245081  -1.17508388  0.87763178]
2026-01-20 13:13:37,374 - position: [ 0.03411892 -1.17165303  0.87624413]
2026-01-20 13:13:37,640 - position: [ 0.03120741 -1.16227722  0.87404996]
2026-01-20 13:13:37,859 - position: [ 0.03143545 -1.1621027   0.87387031]
2026-01-20 13:13:38,091 - position: [ 0.03102496 -1.16241324  0.87376171]
2026-01-20 13:13:38,330 - position: [ 0.03079296 -1.16299617  0.87411487]
2026-01-20 13:13:38,572 - position: [ 0.03079296 -1.16299617  0.87411487]
2026-01-20 13:13:38,816 - position: [ 0.03035675 -1.16399634  0.8741293 ]
2026-01-20 13:13:39,071 - position: [ 0.03035675 -1.16399634  0.8741293 ]
2026-01-20 13:13:39,294 - position: [ 0.0282681  -1.16515124  0.87472409]
2026-01-20 13:13:39,600 - position: [ 0.02891607 -1.16665995  0.87534732]
2026-01-20 13:13:39,862 - position: [ 0.02901851 -1.16717029  0.87552011]
2026-01-20 13:13:40,068 - position: [ 0.02666578 -1.16803801  0.87582093]
2026-01-20 13:13:40,349 - position: [ 0.02671946 -1.16754246  0.87596357]
2026-01-20 13:13:40,592 - position: [ 0.02817477 -1.16644156  0.87611079]
2026-01-20 13:13:40,850 - position: [ 0.02881606 -1.16703939  0.87644696]
2026-01-20 13:13:41,160 - position: [ 0.02724701 -1.16582191  0.8755697 ]
2026-01-20 13:13:41,486 - position: [ 0.02593202 -1.16611755  0.87563026]
2026-01-20 13:13:41,693 - position: [ 0.02518696 -1.16605246  0.87553596]
2026-01-20 13:13:41,929 - position: [ 0.02319883 -1.1650542   0.87529898]
2026-01-20 13:13:42,176 - position: [ 0.02219805 -1.1646769   0.87501329]
2026-01-20 13:13:42,403 - position: [ 0.022052   -1.16528928  0.87527025]
2026-01-20 13:13:42,630 - position: [ 0.02168831 -1.16741872  0.87637293]
2026-01-20 13:13:42,870 - position: [ 0.0154021  -1.19137847  0.87792182]
2026-01-20 13:13:43,115 - position: [ 0.01832055 -1.20529783  0.87862688]
2026-01-20 13:13:43,344 - position: [ 0.02146262 -1.20479023  0.88043165]
2026-01-20 13:13:43,567 - position: [ 0.0245196  -1.2089864   0.88268209]
2026-01-20 13:13:43,870 - position: [ 0.02723756 -1.21472275  0.88277709]
2026-01-20 13:13:44,122 - position: [ 0.01198497 -1.22066104  0.87776983]
2026-01-20 13:13:44,371 - position: [ 0.01342102 -1.21058416  0.88078666]
2026-01-20 13:13:44,606 - position: [ 0.01859364 -1.21067846  0.8821938 ]
2026-01-20 13:13:44,852 - position: [ 0.02144927 -1.21665418  0.88295692]
2026-01-20 13:13:45,133 - position: [ 0.02085082 -1.21991134  0.88410258]
2026-01-20 13:13:45,410 - position: [ 0.01861563 -1.21978629  0.87807524]
2026-01-20 13:13:45,645 - position: [ 0.0165396  -1.22348309  0.87969846]
2026-01-20 13:13:45,878 - position: [ 0.0234188  -1.22249055  0.88220757]
2026-01-20 13:13:46,114 - position: [ 0.02187729 -1.21639037  0.88907725]
2026-01-20 13:13:46,344 - position: [ 0.02478542 -1.20735312  0.88966542]
2026-01-20 13:13:46,579 - position: [ 0.02984843 -1.19574821  0.88777554]
2026-01-20 13:13:46,825 - position: [ 0.03488807 -1.20427549  0.88752472]
2026-01-20 13:13:47,057 - position: [ 0.03438685 -1.20195746  0.88796908]
2026-01-20 13:13:47,269 - position: [ 0.03463348 -1.2016809   0.88808578]
2026-01-20 13:13:47,494 - position: [ 0.03616176 -1.2035501   0.88921219]
2026-01-20 13:13:47,769 - position: [ 0.03679656 -1.20532525  0.89089972]
2026-01-20 13:13:47,999 - position: [ 0.04117147 -1.21253598  0.89475727]
2026-01-20 13:13:48,242 - position: [ 0.03968931 -1.22137415  0.89887416]
2026-01-20 13:13:48,484 - position: [ 0.04394148 -1.22768724  0.90038717]
2026-01-20 13:13:48,701 - position: [ 0.05010835 -1.23382235  0.90187627]
2026-01-20 13:13:48,919 - position: [ 0.05199764 -1.25916004  0.90818298]
2026-01-20 13:13:49,148 - position: [ 0.04472472 -1.24842763  0.90347099]
2026-01-20 13:13:49,349 - position: [ 0.04535929 -1.23343766  0.88516992]
2026-01-20 13:13:49,669 - position: [ 0.04224623 -1.23054123  0.88177818]
2026-01-20 13:13:49,970 - position: [ 0.0373953  -1.22414994  0.87387842]
2026-01-20 13:13:50,200 - position: [ 0.03734205 -1.22273421  0.87667489]
2026-01-20 13:13:50,450 - position: [ 0.03751625 -1.22160673  0.87590903]
2026-01-20 13:13:50,694 - position: [ 0.03773712 -1.22642994  0.87766659]
2026-01-20 13:13:50,932 - position: [ 0.03547541 -1.22885418  0.87893462]
2026-01-20 13:13:51,146 - position: [ 0.03522765 -1.22691262  0.87863439]
2026-01-20 13:13:51,443 - position: [ 0.03503496 -1.22816789  0.8793329 ]
2026-01-20 13:13:51,667 - position: [ 0.031049   -1.22128499  0.87881047]
2026-01-20 13:13:51,919 - position: [ 0.03077509 -1.21385062  0.87819225]
2026-01-20 13:13:52,162 - position: [ 0.0315309  -1.20561457  0.87658888]
2026-01-20 13:13:52,373 - position: [ 0.0315309  -1.20561457  0.87658888]
2026-01-20 13:13:52,594 - position: [ 0.03224906 -1.19980872  0.87568688]
2026-01-20 13:13:52,842 - position: [ 0.03059568 -1.18889368  0.87356484]
2026-01-20 13:13:53,093 - position: [ 0.02525886 -1.17825127  0.87093216]
2026-01-20 13:13:53,332 - position: [ 0.02503206 -1.17909539  0.87266845]
2026-01-20 13:13:53,582 - position: [ 0.02404258 -1.17210269  0.8722012 ]
2026-01-20 13:13:53,827 - position: [ 0.0248951  -1.17303669  0.87279671]
2026-01-20 13:13:54,060 - position: [ 0.02625235 -1.1762265   0.87367868]
2026-01-20 13:13:54,274 - position: [ 0.02585523 -1.17689073  0.87308037]
2026-01-20 13:13:54,485 - position: [ 0.02537658 -1.17625558  0.87244475]
2026-01-20 13:13:54,752 - position: [ 0.02043442 -1.18369722  0.87579906]
2026-01-20 13:13:54,972 - position: [ 0.02386666 -1.18556583  0.87647498]
2026-01-20 13:13:55,223 - position: [ 0.03031645 -1.19070685  0.87850869]
2026-01-20 13:13:55,436 - position: [ 0.0288241  -1.1944648   0.87995911]
2026-01-20 13:13:55,664 - position: [ 0.02938678 -1.19256985  0.87983096]
2026-01-20 13:13:55,897 - position: [ 0.03001999 -1.1918093   0.8795839 ]
2026-01-20 13:13:56,137 - position: [ 0.03558542 -1.19169569  0.87986082]
2026-01-20 13:13:56,394 - position: [ 0.03537048 -1.19491625  0.88086283]
2026-01-20 13:13:56,612 - position: [ 0.03083451 -1.19657195  0.88250118]
2026-01-20 13:13:56,848 - position: [ 0.03075496 -1.19712615  0.88234174]
2026-01-20 13:13:57,090 - position: [ 0.03270567 -1.19630945  0.88189358]
2026-01-20 13:13:57,379 - position: [ 0.03270567 -1.19630945  0.88189358]
2026-01-20 13:13:57,616 - position: [ 0.03554505 -1.19520843  0.88276678]
2026-01-20 13:13:57,851 - position: [ 0.03350717 -1.19684649  0.88348424]
2026-01-20 13:13:58,107 - position: [ 0.03253319 -1.19719684  0.88380086]
2026-01-20 13:13:58,365 - position: [ 0.03264514 -1.1965102   0.88418978]
2026-01-20 13:13:58,650 - position: [ 0.0327719  -1.19644272  0.884224  ]
2026-01-20 13:13:58,907 - position: [ 0.03331349 -1.19667292  0.88441902]
2026-01-20 13:13:59,160 - position: [ 0.03301915 -1.19685328  0.8845982 ]
2026-01-20 13:13:59,477 - position: [ 0.03243021 -1.19545829  0.88450623]
2026-01-20 13:13:59,692 - position: [ 0.03183151 -1.19449699  0.88438326]
2026-01-20 13:13:59,900 - position: [ 0.03194261 -1.19415653  0.88433939]
2026-01-20 13:14:00,222 - position: [ 0.03243162 -1.19330478  0.88427538]
2026-01-20 13:14:00,503 - position: [ 0.03219185 -1.19291019  0.88440078]
2026-01-20 13:14:00,736 - position: [ 0.03103437 -1.19217575  0.88450491]
2026-01-20 13:14:00,997 - position: [ 0.02902417 -1.19323969  0.88549578]
2026-01-20 13:14:01,250 - position: [ 0.02710595 -1.18986309  0.88467759]
2026-01-20 13:14:01,474 - position: [ 0.02941076 -1.18903911  0.88471872]
2026-01-20 13:14:01,731 - position: [ 0.03170284 -1.19068038  0.88542402]
2026-01-20 13:14:02,010 - position: [ 0.03178922 -1.19306302  0.88583279]
2026-01-20 13:14:02,245 - position: [ 0.02872962 -1.19462132  0.88704377]
2026-01-20 13:14:02,504 - position: [ 0.02892641 -1.19691467  0.88735771]
2026-01-20 13:14:02,754 - position: [ 0.02853873 -1.19792128  0.88746578]
2026-01-20 13:14:02,965 - position: [ 0.03011304 -1.19833171  0.88745975]
2026-01-20 13:14:03,233 - position: [ 0.03203534 -1.19576561  0.887137  ]
2026-01-20 13:14:03,524 - position: [ 0.0323123  -1.19330943  0.88697183]
2026-01-20 13:14:03,726 - position: [ 0.0323887  -1.1928122   0.88714218]
2026-01-20 13:14:03,979 - position: [ 0.03203912 -1.19342995  0.88688689]
2026-01-20 13:14:04,266 - position: [ 0.02826422 -1.20009506  0.8881653 ]
2026-01-20 13:14:04,505 - position: [ 0.02827246 -1.19863009  0.888156  ]
2026-01-20 13:14:04,738 - position: [ 0.02849028 -1.19835436  0.88819247]
2026-01-20 13:14:04,978 - position: [ 0.02839578 -1.19926584  0.8883152 ]
2026-01-20 13:14:05,225 - position: [ 0.03204545 -1.20104027  0.88939881]
2026-01-20 13:14:05,490 - position: [ 0.03191591 -1.20261133  0.88996398]
2026-01-20 13:14:05,719 - position: [ 0.03048961 -1.20666766  0.89129657]
2026-01-20 13:14:05,935 - position: [ 0.02957362 -1.21053946  0.89188272]
2026-01-20 13:14:06,170 - position: [ 0.02579013 -1.21783102  0.89398563]
2026-01-20 13:14:06,406 - position: [ 0.02489094 -1.22117901  0.89414722]
2026-01-20 13:14:06,666 - position: [ 0.02659541 -1.22008312  0.89537859]
2026-01-20 13:14:06,905 - position: [ 0.02477994 -1.22431564  0.8976934 ]
2026-01-20 13:14:07,172 - position: [ 0.02713854 -1.23129547  0.89856315]
2026-01-20 13:14:07,397 - position: [ 0.03164951 -1.24461663  0.9010216 ]
2026-01-20 13:14:07,713 - position: [ 0.02778897 -1.24681473  0.90436161]
2026-01-20 13:14:07,978 - position: [ 0.02799681 -1.23452938  0.89360255]
2026-01-20 13:14:08,290 - position: [ 0.03056561 -1.22057343  0.87710828]
2026-01-20 13:14:08,529 - position: [ 0.03306482 -1.22224045  0.88251317]
2026-01-20 13:14:08,792 - position: [ 0.0352788  -1.23757327  0.89079332]
2026-01-20 13:14:09,059 - position: [ 0.03733416 -1.24301851  0.89246833]
2026-01-20 13:14:09,361 - position: [ 0.03819329 -1.24373257  0.89305204]
2026-01-20 13:14:09,664 - position: [ 0.03389961 -1.23951137  0.89188492]
2026-01-20 13:14:09,904 - position: [ 0.02848506 -1.2397052   0.89356112]
2026-01-20 13:14:10,137 - position: [ 0.02838311 -1.23955584  0.89368087]
2026-01-20 13:14:10,380 - position: [ 0.03187313 -1.23923016  0.89372182]
2026-01-20 13:14:10,610 - position: [ 0.03495422 -1.24321544  0.89534897]
2026-01-20 13:14:10,843 - position: [ 0.03287702 -1.248456    0.89617264]
2026-01-20 13:14:11,095 - position: [ 0.0343596  -1.24218929  0.89686298]
2026-01-20 13:14:11,331 - position: [ 0.03462315 -1.24214327  0.89691764]
2026-01-20 13:14:11,579 - position: [ 0.03462315 -1.24214327  0.89691764]
2026-01-20 13:14:11,820 - position: [ 0.03666555 -1.24620509  0.89766765]
2026-01-20 13:14:12,087 - position: [ 0.03556512 -1.25313592  0.8995133 ]
2026-01-20 13:14:12,320 - position: [ 0.03609135 -1.25527966  0.89984298]
2026-01-20 13:14:12,570 - position: [ 0.03565851 -1.25653911  0.90011138]
2026-01-20 13:14:12,855 - position: [ 0.03486861 -1.25529182  0.90096384]
2026-01-20 13:14:13,075 - position: [ 0.03538471 -1.25558007  0.90084457]
2026-01-20 13:14:13,292 - position: [ 0.03521107 -1.2576803   0.901456  ]
2026-01-20 13:14:13,527 - position: [ 0.03526636 -1.25861073  0.90148598]
2026-01-20 13:14:13,760 - position: [ 0.03551621 -1.25928628  0.90139258]
2026-01-20 13:14:13,982 - position: [ 0.03551621 -1.25928628  0.90139258]
2026-01-20 13:14:14,226 - position: [ 0.03421199 -1.26157296  0.90203428]
2026-01-20 13:14:14,466 - position: [ 0.0327038  -1.26875186  0.90435112]
2026-01-20 13:14:14,690 - position: [ 0.03053105 -1.26771879  0.90410662]
2026-01-20 13:14:14,940 - position: [ 0.02377739 -1.25811434  0.90425926]
2026-01-20 13:14:15,228 - position: [ 0.02524744 -1.26086545  0.90509975]
2026-01-20 13:14:15,532 - position: [ 0.02426914 -1.26190758  0.90474367]
2026-01-20 13:14:15,750 - position: [ 0.02473967 -1.25975931  0.90494955]
2026-01-20 13:14:15,990 - position: [ 0.02694344 -1.25737739  0.90464967]
2026-01-20 13:14:16,208 - position: [ 0.0283798  -1.25544822  0.90464348]
2026-01-20 13:14:16,423 - position: [ 0.0290219  -1.25597215  0.90552545]
2026-01-20 13:14:16,666 - position: [ 0.02950877 -1.2503686   0.90765631]
2026-01-20 13:14:16,879 - position: [ 0.03229063 -1.21970463  0.89072746]
2026-01-20 13:14:17,156 - position: [ 0.03351701 -1.21740079  0.88623208]
2026-01-20 13:14:17,409 - position: [ 0.03481484 -1.21552634  0.88151717]
2026-01-20 13:14:17,641 - position: [ 0.03560825 -1.19563925  0.85568208]
2026-01-20 13:14:17,904 - position: [ 0.03833474 -1.18905902  0.86115998]
2026-01-20 13:14:18,135 - position: [ 0.0369911 -1.1906935  0.8615272]
2026-01-20 13:14:18,351 - position: [ 0.03363233 -1.19730043  0.86556274]
2026-01-20 13:14:18,594 - position: [ 0.04027326 -1.21427906  0.87527078]
2026-01-20 13:14:18,807 - position: [ 0.04133755 -1.22395921  0.86443305]
2026-01-20 13:14:19,030 - position: [ 0.03785671 -1.21740675  0.86686528]
2026-01-20 13:14:19,297 - position: [ 0.03254814 -1.21699846  0.86671829]
2026-01-20 13:14:19,579 - position: [ 0.03414972 -1.20799029  0.84759909]
2026-01-20 13:14:19,804 - position: [ 0.03113877 -1.20308053  0.84580475]
2026-01-20 13:14:20,035 - position: [ 0.0285379  -1.2161386   0.86738658]
2026-01-20 13:14:20,269 - position: [ 0.03833644 -1.2231797   0.87223768]
2026-01-20 13:14:20,523 - position: [ 0.03492772 -1.21819365  0.87051451]
2026-01-20 13:14:20,756 - position: [ 0.03316772 -1.21456707  0.869892  ]
2026-01-20 13:14:20,988 - position: [ 0.0318824  -1.21342444  0.86924809]
2026-01-20 13:14:21,222 - position: [ 0.03180853 -1.21217334  0.8688935 ]
2026-01-20 13:14:21,446 - position: [ 0.03070382 -1.21147144  0.86914891]
2026-01-20 13:14:21,722 - position: [ 0.02994495 -1.21153688  0.86874574]
2026-01-20 13:14:21,972 - position: [ 0.02995407 -1.21159446  0.86920524]
2026-01-20 13:14:22,203 - position: [ 0.02958843 -1.21098638  0.8696118 ]
2026-01-20 13:14:22,420 - position: [ 0.0325702  -1.21086538  0.87101781]
2026-01-20 13:14:22,662 - position: [ 0.03499646 -1.21117115  0.87164795]
2026-01-20 13:14:22,886 - position: [ 0.03873092 -1.21043515  0.87154156]
2026-01-20 13:14:23,116 - position: [ 0.03989602 -1.20180833  0.86776954]
2026-01-20 13:14:23,363 - position: [ 0.04012807 -1.20032048  0.86742914]
2026-01-20 13:14:23,592 - position: [ 0.03862758 -1.19347775  0.86643368]
2026-01-20 13:14:23,813 - position: [ 0.03819294 -1.19187713  0.86656481]
2026-01-20 13:14:24,053 - position: [ 0.03819294 -1.19187713  0.86656481]
2026-01-20 13:14:24,271 - position: [ 0.03530207 -1.18391943  0.86701709]
2026-01-20 13:14:24,500 - position: [ 0.02885308 -1.17920053  0.86753887]
2026-01-20 13:14:24,717 - position: [ 0.03232831 -1.17591059  0.86631989]
2026-01-20 13:14:24,971 - position: [ 0.03435899 -1.17382395  0.86510885]
2026-01-20 13:14:25,215 - position: [ 0.02764863 -1.16750324  0.86296248]
2026-01-20 13:14:25,454 - position: [ 0.0277693  -1.1673249   0.86284631]
2026-01-20 13:14:25,727 - position: [ 0.02828629 -1.16653764  0.86241227]
2026-01-20 13:14:25,964 - position: [ 0.03002093 -1.1688472   0.86348683]
2026-01-20 13:14:26,215 - position: [ 0.02984645 -1.17026842  0.86397541]
2026-01-20 13:14:26,448 - position: [ 0.02894289 -1.17546797  0.86511093]
2026-01-20 13:14:26,654 - position: [ 0.02903741 -1.17255974  0.86428636]
2026-01-20 13:14:26,887 - position: [ 0.02661319 -1.16980803  0.863141  ]
2026-01-20 13:14:27,163 - position: [ 0.02450663 -1.16669703  0.86258399]
2026-01-20 13:14:27,440 - position: [ 0.02169505 -1.17501581  0.86338282]
2026-01-20 13:14:27,676 - position: [ 0.0212551  -1.1994766   0.86077648]
2026-01-20 13:14:27,908 - position: [ 0.02493604 -1.21054029  0.86739284]
2026-01-20 13:14:28,163 - position: [ 0.04090468 -1.21605706  0.86774731]
2026-01-20 13:14:28,420 - position: [ 0.04061298 -1.22991383  0.87255251]
2026-01-20 13:14:28,642 - position: [ 0.03964928 -1.22980022  0.87237304]
2026-01-20 13:14:28,878 - position: [ 0.02920666 -1.22153234  0.86805379]
2026-01-20 13:14:29,139 - position: [ 0.02857717 -1.220384    0.86826164]
2026-01-20 13:14:29,380 - position: [ 0.03222905 -1.21797967  0.86615324]
2026-01-20 13:14:29,603 - position: [ 0.02661896 -1.21781266  0.86578935]
2026-01-20 13:14:29,843 - position: [ 0.02464381 -1.22000504  0.86637455]
2026-01-20 13:14:30,050 - position: [ 0.0261219  -1.22231281  0.86648619]
2026-01-20 13:14:30,255 - position: [ 0.02665761 -1.22259986  0.86647767]
2026-01-20 13:14:30,464 - position: [ 0.02837389 -1.22273231  0.86776328]
2026-01-20 13:14:30,701 - position: [ 0.02850242 -1.22159684  0.86645865]
2026-01-20 13:14:30,909 - position: [ 0.0284077  -1.22149122  0.86692262]
2026-01-20 13:14:31,126 - position: [ 0.02790823 -1.22085953  0.8665936 ]
2026-01-20 13:14:31,345 - position: [ 0.02764148 -1.22083127  0.86672944]
2026-01-20 13:14:31,585 - position: [ 0.02679511 -1.22302818  0.86751145]
2026-01-20 13:14:31,851 - position: [ 0.02935208 -1.22491562  0.86912727]
2026-01-20 13:14:32,095 - position: [ 0.02896594 -1.22407448  0.86977583]
2026-01-20 13:14:32,375 - position: [ 0.03052056 -1.22341859  0.86820412]
2026-01-20 13:14:32,587 - position: [ 0.02707826 -1.230685    0.86891395]
2026-01-20 13:14:32,827 - position: [ 0.02824835 -1.23382461  0.86945713]
2026-01-20 13:14:33,063 - position: [ 0.02824835 -1.23382461  0.86945713]
2026-01-20 13:14:33,279 - position: [ 0.02723306 -1.23514771  0.87007689]
2026-01-20 13:14:33,509 - position: [ 0.02624313 -1.23571348  0.87028092]
2026-01-20 13:14:33,742 - position: [ 0.02577052 -1.22788739  0.86917228]
2026-01-20 13:14:34,006 - position: [ 0.02815344 -1.22465444  0.86826152]
2026-01-20 13:14:34,251 - position: [ 0.02857968 -1.2242974   0.868128  ]
2026-01-20 13:14:34,500 - position: [ 0.02926111 -1.22546828  0.86855966]
2026-01-20 13:14:34,732 - position: [ 0.02876844 -1.22572243  0.86876279]
2026-01-20 13:14:35,022 - position: [ 0.02964536 -1.22591162  0.86801076]
2026-01-20 13:14:35,272 - position: [ 0.02803941 -1.22535884  0.86823696]
2026-01-20 13:14:35,526 - position: [ 0.02954324 -1.22428763  0.86771625]
2026-01-20 13:14:35,778 - position: [ 0.03091693 -1.22441828  0.86750716]
2026-01-20 13:14:36,131 - position: [ 0.03209197 -1.22446406  0.86770725]
2026-01-20 13:14:36,371 - position: [ 0.03188862 -1.22424495  0.86779523]
2026-01-20 13:14:36,587 - position: [ 0.0316367  -1.22481596  0.86940235]
2026-01-20 13:14:36,823 - position: [ 0.0316265  -1.22512794  0.86955798]
2026-01-20 13:14:37,059 - position: [ 0.03031323 -1.22633171  0.86971468]
2026-01-20 13:14:37,305 - position: [ 0.02913198 -1.22673428  0.86985046]
2026-01-20 13:14:37,563 - position: [ 0.02853077 -1.22697318  0.86988521]
2026-01-20 13:14:37,781 - position: [ 0.02826294 -1.2250514   0.86929089]
2026-01-20 13:14:37,995 - position: [ 0.02766124 -1.22363842  0.86905271]
2026-01-20 13:14:38,201 - position: [ 0.02420454 -1.22151589  0.86990887]
2026-01-20 13:14:38,406 - position: [ 0.02253136 -1.21603835  0.87071866]
2026-01-20 13:14:38,652 - position: [ 0.02806783 -1.20690608  0.86982453]
2026-01-20 13:14:38,875 - position: [ 0.03767985 -1.20956349  0.86573547]
2026-01-20 13:14:39,095 - position: [ 0.03534142 -1.20618582  0.86541736]
2026-01-20 13:14:39,339 - position: [ 0.02891451 -1.19992173  0.865044  ]
2026-01-20 13:14:39,578 - position: [ 0.02371357 -1.19764519  0.86422747]
2026-01-20 13:14:39,793 - position: [ 0.02028587 -1.20208621  0.86853021]
2026-01-20 13:14:40,042 - position: [ 0.02477473 -1.20459211  0.86977178]
2026-01-20 13:14:40,293 - position: [ 0.02186214 -1.20942843  0.87234908]
2026-01-20 13:14:40,504 - position: [ 0.02203444 -1.20770693  0.87134093]
2026-01-20 13:14:40,733 - position: [ 0.0257003  -1.20393038  0.86888593]
2026-01-20 13:14:40,958 - position: [ 0.02904979 -1.20433223  0.87078583]
2026-01-20 13:14:41,188 - position: [ 0.03462785 -1.2011888   0.86981291]
2026-01-20 13:14:41,412 - position: [ 0.0288169  -1.19306123  0.8676514 ]
2026-01-20 13:14:41,651 - position: [ 0.02887935 -1.18965936  0.86738127]
2026-01-20 13:14:41,873 - position: [ 0.02782628 -1.18747807  0.86543852]
2026-01-20 13:14:42,097 - position: [ 0.02251164 -1.17655957  0.86551535]
2026-01-20 13:14:42,326 - position: [ 0.02601225 -1.17193103  0.86618048]
2026-01-20 13:14:42,549 - position: [ 0.02808299 -1.16920865  0.86537665]
2026-01-20 13:14:42,804 - position: [ 0.03284771 -1.17395413  0.86626548]
2026-01-20 13:14:43,023 - position: [ 0.03214772 -1.17492342  0.86543787]
2026-01-20 13:14:43,265 - position: [ 0.03214772 -1.17492342  0.86543787]
2026-01-20 13:14:43,496 - position: [ 0.03214772 -1.17492342  0.86543787]
2026-01-20 13:14:43,755 - position: [ 0.03265128 -1.17372847  0.86550182]
2026-01-20 13:14:44,015 - position: [ 0.02884128 -1.16904998  0.86646831]
2026-01-20 13:14:44,238 - position: [ 0.02713205 -1.16693187  0.86606103]
2026-01-20 13:14:44,488 - position: [ 0.02782095 -1.16735184  0.86653626]
2026-01-20 13:14:44,737 - position: [ 0.02786116 -1.17238569  0.868092  ]
2026-01-20 13:14:44,961 - position: [ 0.02740395 -1.17317617  0.86836898]
2026-01-20 13:14:45,181 - position: [ 0.02741237 -1.17079437  0.86747336]
2026-01-20 13:14:45,413 - position: [ 0.02757316 -1.17139411  0.8678714 ]
2026-01-20 13:14:45,620 - position: [ 0.02760218 -1.17181587  0.86770052]
2026-01-20 13:14:45,832 - position: [ 0.02738393 -1.17212284  0.86767423]
2026-01-20 13:14:46,052 - position: [ 0.02668856 -1.1734103   0.86810899]
2026-01-20 13:14:46,273 - position: [ 0.02654756 -1.17350554  0.86825544]
2026-01-20 13:14:46,563 - position: [ 0.026616   -1.17291927  0.86833417]
2026-01-20 13:14:46,865 - position: [ 0.02353509 -1.1677835   0.86702329]
2026-01-20 13:14:47,094 - position: [ 0.02344799 -1.16777956  0.86715388]
2026-01-20 13:14:47,330 - position: [ 0.0247787  -1.16945887  0.86754453]
2026-01-20 13:14:47,561 - position: [ 0.02501572 -1.17058706  0.86784422]
2026-01-20 13:14:47,827 - position: [ 0.02473654 -1.17070603  0.8679257 ]
2026-01-20 13:14:48,049 - position: [ 0.02291165 -1.17149246  0.86808401]
2026-01-20 13:14:48,309 - position: [ 0.02210187 -1.17101216  0.86780959]
2026-01-20 13:14:48,542 - position: [ 0.02123424 -1.17156684  0.86741102]
2026-01-20 13:14:48,789 - position: [ 0.02093739 -1.17284298  0.86751127]
2026-01-20 13:14:49,034 - position: [ 0.02224559 -1.17442775  0.86775905]
2026-01-20 13:14:49,266 - position: [ 0.02579946 -1.17267835  0.86727959]
2026-01-20 13:14:49,487 - position: [ 0.02748413 -1.17093825  0.86637574]
2026-01-20 13:14:49,696 - position: [ 0.02508927 -1.17187822  0.8665778 ]
2026-01-20 13:14:49,928 - position: [ 0.02478328 -1.17192626  0.86659914]
2026-01-20 13:14:50,183 - position: [ 0.02352506 -1.17335713  0.86727124]
2026-01-20 13:14:50,399 - position: [ 0.02066587 -1.17551804  0.86747324]
2026-01-20 13:14:50,621 - position: [ 0.01954435 -1.176247    0.86810124]
2026-01-20 13:14:50,903 - position: [ 0.01844825 -1.17904043  0.86918902]
2026-01-20 13:14:51,120 - position: [ 0.0165533  -1.18171895  0.86973524]
2026-01-20 13:14:51,373 - position: [ 0.01313175 -1.18392193  0.87121749]
2026-01-20 13:14:51,616 - position: [ 0.01216825 -1.1823746   0.87161309]
2026-01-20 13:14:51,855 - position: [ 0.01283886 -1.18085206  0.87107611]
2026-01-20 13:14:52,105 - position: [ 0.01283886 -1.18085206  0.87107611]
2026-01-20 13:14:52,338 - position: [ 0.01209127 -1.18158531  0.87144238]
2026-01-20 13:14:52,551 - position: [ 0.01139456 -1.18056905  0.87120461]
2026-01-20 13:14:52,769 - position: [ 0.01139456 -1.18056905  0.87120461]
2026-01-20 13:14:52,975 - position: [ 0.01209187 -1.17983222  0.87118149]
2026-01-20 13:14:53,262 - position: [ 0.01234016 -1.17966771  0.87110245]
2026-01-20 13:14:53,471 - position: [ 0.01270763 -1.17977488  0.87118542]
2026-01-20 13:14:53,694 - position: [ 0.01406803 -1.17909026  0.8713643 ]
2026-01-20 13:14:54,001 - position: [ 0.01467001 -1.17872763  0.87131947]
2026-01-20 13:14:54,223 - position: [ 0.01665597 -1.17771685  0.87126625]
2026-01-20 13:14:54,457 - position: [ 0.01676434 -1.17809117  0.87144727]
2026-01-20 13:14:54,701 - position: [ 0.01729912 -1.17840683  0.87152761]
2026-01-20 13:14:54,940 - position: [ 0.01844425 -1.1799773   0.8718558 ]
2026-01-20 13:14:55,190 - position: [ 0.01853555 -1.18007874  0.87195563]
2026-01-20 13:14:55,442 - position: [ 0.01787892 -1.17835438  0.87155408]
2026-01-20 13:14:55,678 - position: [ 0.01788387 -1.17887366  0.87120432]
2026-01-20 13:14:55,919 - position: [ 0.01759396 -1.17936695  0.87140161]
2026-01-20 13:14:56,182 - position: [ 0.01693897 -1.17893243  0.8714745 ]
2026-01-20 13:14:56,515 - position: [ 0.01667299 -1.1777463   0.87082505]
2026-01-20 13:14:56,754 - position: [ 0.01621656 -1.1785357   0.87073141]
2026-01-20 13:14:57,047 - position: [ 0.01412983 -1.17933571  0.8712163 ]
2026-01-20 13:14:57,295 - position: [ 0.01540534 -1.1767956   0.87065935]
2026-01-20 13:14:57,520 - position: [ 0.01627685 -1.17593539  0.87037534]
2026-01-20 13:14:57,869 - position: [ 0.01777697 -1.17698753  0.87027413]
2026-01-20 13:14:58,156 - position: [ 0.01775024 -1.17666554  0.87009209]
2026-01-20 13:14:58,360 - position: [ 0.01840931 -1.17586923  0.8700645 ]
2026-01-20 13:14:58,604 - position: [ 0.01781642 -1.17495966  0.86944896]
2026-01-20 13:14:58,838 - position: [ 0.0169297  -1.17741489  0.87103719]
2026-01-20 13:14:59,072 - position: [ 0.01854407 -1.17785037  0.87119305]
2026-01-20 13:14:59,309 - position: [ 0.02040735 -1.17719424  0.87124246]
2026-01-20 13:14:59,584 - position: [ 0.02087919 -1.1748215   0.87050086]
2026-01-20 13:14:59,860 - position: [ 0.02206304 -1.17575586  0.87123811]
2026-01-20 13:15:00,080 - position: [ 0.0238499  -1.17593145  0.87180752]
2026-01-20 13:15:00,309 - position: [ 0.02457368 -1.17642975  0.87268186]
2026-01-20 13:15:00,532 - position: [ 0.02534762 -1.17570376  0.87290472]
2026-01-20 13:15:00,748 - position: [ 0.02633559 -1.17541063  0.87284052]
2026-01-20 13:15:00,974 - position: [ 0.02687168 -1.17534447  0.87285638]
2026-01-20 13:15:01,230 - position: [ 0.02899769 -1.17603481  0.87311757]
2026-01-20 13:15:01,460 - position: [ 0.02619888 -1.17653358  0.87241071]
2026-01-20 13:15:01,687 - position: [ 0.02511932 -1.18169785  0.87306195]
2026-01-20 13:15:01,944 - position: [ 0.0196081  -1.19692767  0.8747673 ]
2026-01-20 13:15:02,189 - position: [ 0.02301035 -1.19491208  0.87467951]
2026-01-20 13:15:02,403 - position: [ 0.02735303 -1.19590974  0.8760342 ]
2026-01-20 13:15:02,631 - position: [ 0.02735303 -1.19590974  0.8760342 ]
2026-01-20 13:15:02,855 - position: [ 0.02893422 -1.1971426   0.87687206]
2026-01-20 13:15:03,091 - position: [ 0.02880481 -1.19719923  0.87681037]
2026-01-20 13:15:03,332 - position: [ 0.02867247 -1.19734061  0.87689531]
2026-01-20 13:15:03,552 - position: [ 0.02815878 -1.1944046   0.87608135]
2026-01-20 13:15:03,759 - position: [ 0.0282765  -1.19396007  0.87600279]
2026-01-20 13:15:03,994 - position: [ 0.02797592 -1.19433641  0.87585789]
2026-01-20 13:15:04,211 - position: [ 0.02840363 -1.19518805  0.8760094 ]
2026-01-20 13:15:04,428 - position: [ 0.02876234 -1.19652426  0.87596989]
2026-01-20 13:15:04,650 - position: [ 0.02921352 -1.19850326  0.87609828]
2026-01-20 13:15:04,892 - position: [ 0.02923657 -1.1983012   0.8771221 ]
2026-01-20 13:15:05,104 - position: [ 0.02835596 -1.19461274  0.8766464 ]
2026-01-20 13:15:05,312 - position: [ 0.02887172 -1.19556022  0.877051  ]
2026-01-20 13:15:05,560 - position: [ 0.028312   -1.19595897  0.87732327]
2026-01-20 13:15:05,779 - position: [ 0.0275789  -1.19637084  0.87740028]
2026-01-20 13:15:06,008 - position: [ 0.02506098 -1.19443464  0.87497407]
2026-01-20 13:15:06,236 - position: [ 0.02525721 -1.19383693  0.87433249]
2026-01-20 13:15:06,444 - position: [ 0.02772784 -1.19979465  0.87688029]
2026-01-20 13:15:06,721 - position: [ 0.02682783 -1.20489955  0.88003755]
2026-01-20 13:15:06,959 - position: [ 0.02784294 -1.20382798  0.87801045]
2026-01-20 13:15:07,389 - position: [ 0.02119075 -1.21579659  0.88114983]
2026-01-20 13:15:07,679 - position: [ 0.02682729 -1.23410428  0.88651955]
2026-01-20 13:15:07,940 - position: [ 0.01809639 -1.24900079  0.88802338]
2026-01-20 13:15:08,164 - position: [ 0.01546657 -1.25153518  0.88959855]
2026-01-20 13:15:08,389 - position: [ 0.01502828 -1.25245571  0.88998514]
2026-01-20 13:15:08,614 - position: [ 0.01629375 -1.25776625  0.8898229 ]
2026-01-20 13:15:08,871 - position: [ 0.0169865  -1.260625    0.89127159]
2026-01-20 13:15:09,156 - position: [-0.0031265  -1.24609315  0.88316035]
2026-01-20 13:15:09,389 - position: [-0.00507321 -1.24714077  0.88327122]
2026-01-20 13:15:09,604 - position: [ 0.00685415 -1.24949336  0.88397604]
2026-01-20 13:15:09,841 - position: [ 0.01679958 -1.25581789  0.88645446]
2026-01-20 13:15:10,095 - position: [ 0.01858771 -1.25639129  0.88673443]
2026-01-20 13:15:10,324 - position: [ 0.03300748 -1.258461    0.88811326]
2026-01-20 13:15:10,565 - position: [ 0.03247625 -1.25809979  0.887887  ]
2026-01-20 13:15:10,784 - position: [ 0.0334371  -1.2568146   0.88762844]
2026-01-20 13:15:11,022 - position: [ 0.03380703 -1.25661612  0.88749588]
2026-01-20 13:15:11,277 - position: [ 0.03671793 -1.25406301  0.88828379]
2026-01-20 13:15:11,519 - position: [ 0.03898326 -1.2522608   0.88828659]
2026-01-20 13:15:11,745 - position: [ 0.03995594 -1.2511487   0.88830733]
2026-01-20 13:15:11,987 - position: [ 0.03453491 -1.24824023  0.88685912]
2026-01-20 13:15:12,278 - position: [ 0.03986722 -1.24038541  0.88388371]
2026-01-20 13:15:12,507 - position: [ 0.04009178 -1.23976457  0.8841821 ]
2026-01-20 13:15:12,746 - position: [ 0.04615243 -1.2431221   0.88529772]
2026-01-20 13:15:12,982 - position: [ 0.0517297  -1.25164211  0.88877344]
2026-01-20 13:15:13,255 - position: [ 0.0480077  -1.24625492  0.88657433]
2026-01-20 13:15:13,482 - position: [ 0.04684302 -1.24495757  0.88575774]
2026-01-20 13:15:13,711 - position: [ 0.04461658 -1.24137795  0.88622379]
2026-01-20 13:15:13,925 - position: [ 0.04162095 -1.23975074  0.88632309]
2026-01-20 13:15:14,209 - position: [ 0.04031534 -1.23740327  0.88604599]
2026-01-20 13:15:14,418 - position: [ 0.03940056 -1.23704469  0.8856926 ]
2026-01-20 13:15:14,624 - position: [ 0.03705629 -1.23727214  0.88614237]
2026-01-20 13:15:14,862 - position: [ 0.03032816 -1.23622942  0.88563269]
2026-01-20 13:15:15,080 - position: [ 0.02831573 -1.22863495  0.88451868]
2026-01-20 13:15:15,309 - position: [ 0.02658963 -1.22836089  0.88500559]
2026-01-20 13:15:15,517 - position: [ 0.02627065 -1.22853935  0.88494557]
2026-01-20 13:15:15,746 - position: [ 0.02617266 -1.22806251  0.88443124]
2026-01-20 13:15:15,997 - position: [ 0.02871218 -1.22877145  0.88312465]
2026-01-20 13:15:16,236 - position: [ 0.02851782 -1.22914255  0.88189799]
2026-01-20 13:15:16,494 - position: [ 0.02515296 -1.22453451  0.88191456]
2026-01-20 13:15:16,703 - position: [ 0.02636468 -1.22302926  0.88077426]
2026-01-20 13:15:16,922 - position: [ 0.02787161 -1.22120512  0.88028187]
2026-01-20 13:15:17,160 - position: [ 0.02585605 -1.21561086  0.87813592]
2026-01-20 13:15:17,404 - position: [ 0.03193224 -1.21765435  0.87870032]
2026-01-20 13:15:17,675 - position: [ 0.02695708 -1.21789312  0.87968451]
2026-01-20 13:15:17,917 - position: [ 0.0279233  -1.22205281  0.88168216]
2026-01-20 13:15:18,205 - position: [ 0.03090791 -1.21754217  0.88282949]
2026-01-20 13:15:18,419 - position: [ 0.02874255 -1.21437895  0.88168824]
2026-01-20 13:15:18,677 - position: [ 0.02640022 -1.21498287  0.88216043]
2026-01-20 13:15:18,976 - position: [ 0.02342976 -1.21448767  0.88219094]
2026-01-20 13:15:19,280 - position: [ 0.02370092 -1.21402407  0.8828131 ]
2026-01-20 13:15:19,548 - position: [ 0.02626236 -1.21114671  0.88198453]
2026-01-20 13:15:19,767 - position: [ 0.02969327 -1.21355522  0.88425392]
2026-01-20 13:15:19,996 - position: [ 0.02644589 -1.21474588  0.88373011]
2026-01-20 13:15:20,213 - position: [ 0.02423476 -1.21418703  0.88327372]
2026-01-20 13:15:20,437 - position: [ 0.02136654 -1.2188009   0.88434064]
2026-01-20 13:15:20,674 - position: [ 0.0237131  -1.22346365  0.88576144]
2026-01-20 13:15:20,893 - position: [ 0.03092557 -1.22032905  0.88651186]
2026-01-20 13:15:21,131 - position: [ 0.03275682 -1.20640695  0.88363194]
2026-01-20 13:15:21,342 - position: [ 0.03184819 -1.20692432  0.88526487]
2026-01-20 13:15:21,560 - position: [ 0.03051538 -1.21052217  0.88675827]
2026-01-20 13:15:21,784 - position: [ 0.03071031 -1.21608782  0.88716727]
2026-01-20 13:15:22,013 - position: [ 0.03018029 -1.22211313  0.88716692]
2026-01-20 13:15:22,250 - position: [ 0.03004941 -1.22395682  0.88823414]
2026-01-20 13:15:22,506 - position: [ 0.0302659  -1.22511661  0.88802409]
2026-01-20 13:15:22,716 - position: [ 0.02987993 -1.22769463  0.88902175]
2026-01-20 13:15:22,987 - position: [ 0.03027672 -1.2299695   0.89010853]
2026-01-20 13:15:23,213 - position: [ 0.03027672 -1.2299695   0.89010853]
2026-01-20 13:15:23,491 - position: [ 0.03014848 -1.22977829  0.89044827]
2026-01-20 13:15:23,715 - position: [ 0.03053549 -1.22873652  0.89026207]
2026-01-20 13:15:23,953 - position: [ 0.03270742 -1.22352958  0.88948858]
2026-01-20 13:15:24,199 - position: [ 0.03235459 -1.22045267  0.88919944]
2026-01-20 13:15:24,412 - position: [ 0.0320871  -1.22076166  0.88966012]
2026-01-20 13:15:24,634 - position: [ 0.03235326 -1.22117174  0.88975847]
2026-01-20 13:15:24,857 - position: [ 0.03513128 -1.22132635  0.89015108]
2026-01-20 13:15:25,110 - position: [ 0.03584171 -1.22148931  0.89015526]
2026-01-20 13:15:25,343 - position: [ 0.03519589 -1.22022176  0.88993162]
2026-01-20 13:15:25,589 - position: [ 0.03312029 -1.21982598  0.89021009]
2026-01-20 13:15:25,807 - position: [ 0.03326757 -1.22082782  0.89040893]
2026-01-20 13:15:26,036 - position: [ 0.03302039 -1.22167063  0.89072269]
2026-01-20 13:15:26,280 - position: [ 0.03256451 -1.22207248  0.89074188]
2026-01-20 13:15:26,553 - position: [ 0.0290548  -1.22234416  0.89118916]
2026-01-20 13:15:26,798 - position: [ 0.02938823 -1.22283471  0.89126265]
2026-01-20 13:15:27,046 - position: [ 0.03037495 -1.22557545  0.89116061]
2026-01-20 13:15:27,278 - position: [ 0.0298153  -1.22859943  0.89216065]
2026-01-20 13:15:27,508 - position: [ 0.02922964 -1.22872031  0.89338982]
2026-01-20 13:15:27,720 - position: [ 0.03065423 -1.22985137  0.89280468]
2026-01-20 13:15:27,943 - position: [ 0.02934355 -1.22561753  0.89182758]
2026-01-20 13:15:28,149 - position: [ 0.02753377 -1.22516692  0.89195114]
2026-01-20 13:15:28,413 - position: [ 0.0299154  -1.23112988  0.89212948]
2026-01-20 13:15:28,661 - position: [ 0.0292697  -1.23473382  0.89372236]
2026-01-20 13:15:28,912 - position: [ 0.02903512 -1.23524845  0.89404279]
2026-01-20 13:15:29,138 - position: [ 0.0326178  -1.23621023  0.89466012]
2026-01-20 13:15:29,380 - position: [ 0.02649707 -1.23881698  0.89633894]
2026-01-20 13:15:29,589 - position: [ 0.02740943 -1.24439323  0.89763963]
2026-01-20 13:15:29,812 - position: [ 0.02576019 -1.24810779  0.89836806]
2026-01-20 13:15:30,016 - position: [ 0.02839095 -1.2519021   0.90179396]
2026-01-20 13:15:30,231 - position: [ 0.03099392 -1.2495513   0.89803469]
2026-01-20 13:15:30,514 - position: [ 0.03042143 -1.25028849  0.89472026]
2026-01-20 13:15:30,740 - position: [ 0.02794086 -1.24441624  0.89043093]
2026-01-20 13:15:30,951 - position: [ 0.03411736 -1.23618555  0.88356   ]
2026-01-20 13:15:31,171 - position: [ 0.03279788 -1.22778153  0.87610298]
2026-01-20 13:15:31,429 - position: [ 0.03064173 -1.22303522  0.87509227]
2026-01-20 13:15:31,684 - position: [ 0.03325178 -1.23831677  0.88670731]
2026-01-20 13:15:31,935 - position: [ 0.038665   -1.23935091  0.88766128]
2026-01-20 13:15:32,174 - position: [ 0.03950483 -1.23910534  0.88729334]
2026-01-20 13:15:32,423 - position: [ 0.03267166 -1.23212099  0.88650656]
2026-01-20 13:15:32,644 - position: [ 0.03146962 -1.2291621   0.88540912]
2026-01-20 13:15:32,885 - position: [ 0.02452552 -1.22903597  0.88600171]
2026-01-20 13:15:33,143 - position: [ 0.01739364 -1.22478139  0.88537788]
2026-01-20 13:15:33,361 - position: [ 0.01597625 -1.22174776  0.8850075 ]
2026-01-20 13:15:33,593 - position: [ 0.01596251 -1.22148156  0.88497585]
2026-01-20 13:15:33,819 - position: [ 0.01881376 -1.22012043  0.8853569 ]
2026-01-20 13:15:34,051 - position: [ 0.02787708 -1.21229422  0.88253254]
2026-01-20 13:15:34,283 - position: [ 0.0332258  -1.21279955  0.88332677]
2026-01-20 13:15:34,497 - position: [ 0.03435566 -1.21145988  0.88324755]
2026-01-20 13:15:34,739 - position: [ 0.03595325 -1.21024346  0.88291079]
2026-01-20 13:15:34,976 - position: [ 0.03615389 -1.20901728  0.8826943 ]
2026-01-20 13:15:35,289 - position: [ 0.03176843 -1.20545912  0.88130683]
2026-01-20 13:15:35,507 - position: [ 0.02848838 -1.20562363  0.88064748]
2026-01-20 13:15:35,750 - position: [ 0.02813701 -1.20596015  0.88040233]
2026-01-20 13:15:36,007 - position: [ 0.02868272 -1.20475721  0.88041699]
2026-01-20 13:15:36,277 - position: [ 0.02940697 -1.20409214  0.88002962]
2026-01-20 13:15:36,481 - position: [ 0.02967362 -1.20263028  0.87971789]
2026-01-20 13:15:36,714 - position: [ 0.02937626 -1.20062304  0.87931359]
2026-01-20 13:15:36,948 - position: [ 0.02945877 -1.19899738  0.87912655]
2026-01-20 13:15:37,234 - position: [ 0.02955134 -1.19877553  0.87907153]
2026-01-20 13:15:37,499 - position: [ 0.02955134 -1.19877553  0.87907153]
2026-01-20 13:15:37,749 - position: [ 0.02855099 -1.20239425  0.87990928]
2026-01-20 13:15:37,987 - position: [ 0.03014821 -1.2040813   0.88106275]
2026-01-20 13:15:38,213 - position: [ 0.03008789 -1.20440114  0.88145614]
2026-01-20 13:15:38,440 - position: [ 0.02921694 -1.20550263  0.88187838]
2026-01-20 13:15:38,720 - position: [ 0.02855348 -1.20641518  0.88181591]
2026-01-20 13:15:39,023 - position: [ 0.02694517 -1.2064302   0.88197285]
2026-01-20 13:15:39,288 - position: [ 0.02606599 -1.20463383  0.88126111]
2026-01-20 13:15:39,518 - position: [ 0.02445743 -1.20398581  0.88084847]
2026-01-20 13:15:39,745 - position: [ 0.02457483 -1.20439398  0.88113225]
2026-01-20 13:15:39,977 - position: [ 0.02568129 -1.21060288  0.88348687]
2026-01-20 13:15:40,223 - position: [ 0.02580655 -1.21221185  0.88389838]
2026-01-20 13:15:40,497 - position: [ 0.02527959 -1.21350574  0.88443279]
2026-01-20 13:15:40,750 - position: [ 0.02501884 -1.21261299  0.88436967]
2026-01-20 13:15:41,004 - position: [ 0.02565314 -1.21265793  0.88439512]
2026-01-20 13:15:41,224 - position: [ 0.02561303 -1.21236014  0.88433379]
2026-01-20 13:15:41,447 - position: [ 0.02548105 -1.21219015  0.88429236]
2026-01-20 13:15:41,673 - position: [ 0.02540267 -1.21257424  0.88443804]
2026-01-20 13:15:41,879 - position: [ 0.02533973 -1.21279776  0.88454735]
2026-01-20 13:15:42,089 - position: [ 0.02601252 -1.21482074  0.88543284]
2026-01-20 13:15:42,296 - position: [ 0.02597215 -1.21694732  0.88653392]
2026-01-20 13:15:42,518 - position: [ 0.02597215 -1.21694732  0.88653392]
2026-01-20 13:15:42,764 - position: [ 0.02186991 -1.24297643  0.89121205]
2026-01-20 13:15:42,987 - position: [ 0.02246497 -1.24509084  0.89163876]
2026-01-20 13:15:43,211 - position: [ 0.02255475 -1.24548829  0.89171976]
2026-01-20 13:15:43,434 - position: [ 0.03374903 -1.28502095  0.90133154]
2026-01-20 13:15:43,649 - position: [ 0.03173851 -1.28770363  0.9028362 ]
2026-01-20 13:15:43,895 - position: [ 0.03321673 -1.28860581  0.90360075]
2026-01-20 13:15:44,126 - position: [ 0.03488847 -1.28931665  0.90392774]
2026-01-20 13:15:44,352 - position: [ 0.03360235 -1.28885102  0.90474921]
2026-01-20 13:15:44,612 - position: [ 0.02520209 -1.28346539  0.90571982]
2026-01-20 13:15:44,877 - position: [ 0.02465331 -1.28356814  0.90587312]
2026-01-20 13:15:45,083 - position: [ 0.02389709 -1.28394067  0.90594608]
2026-01-20 13:15:45,319 - position: [ 0.02245047 -1.28636169  0.90615743]
2026-01-20 13:15:45,532 - position: [ 0.02325591 -1.28902972  0.90700102]
2026-01-20 13:15:45,768 - position: [ 0.02646466 -1.29324627  0.90897506]
2026-01-20 13:15:45,987 - position: [ 0.02516648 -1.29788005  0.91061109]
2026-01-20 13:15:46,209 - position: [ 0.02516648 -1.29788005  0.91061109]
2026-01-20 13:15:46,423 - position: [ 0.02309102 -1.2998569   0.91164207]
2026-01-20 13:15:46,664 - position: [ 0.02305442 -1.30007339  0.91183704]
2026-01-20 13:15:46,883 - position: [ 0.02290908 -1.30202818  0.91180748]
2026-01-20 13:15:47,090 - position: [ 0.02670344 -1.30768979  0.9128089 ]
2026-01-20 13:15:47,305 - position: [ 0.027475   -1.31549096  0.91336542]
2026-01-20 13:15:47,548 - position: [ 0.02579814 -1.31733155  0.91257197]
2026-01-20 13:15:47,760 - position: [ 0.02468506 -1.31844032  0.9124853 ]
2026-01-20 13:15:47,995 - position: [ 0.0200852  -1.32109952  0.91452652]
2026-01-20 13:15:48,219 - position: [ 0.01859583 -1.31885099  0.91468614]
2026-01-20 13:15:48,465 - position: [ 0.02327995 -1.31671202  0.91371077]
2026-01-20 13:15:48,758 - position: [ 0.02426736 -1.31702495  0.91453332]
2026-01-20 13:15:49,025 - position: [ 0.02407987 -1.32787907  0.91417754]
2026-01-20 13:15:49,238 - position: [ 0.0272925  -1.32874775  0.91472179]
2026-01-20 13:15:49,582 - position: [ 0.02059836 -1.32448232  0.91450828]
2026-01-20 13:15:49,809 - position: [ 0.01643828 -1.32414556  0.91423726]
2026-01-20 13:15:50,031 - position: [ 0.01451418 -1.32368541  0.91442722]
2026-01-20 13:15:50,310 - position: [ 0.0129669  -1.32492888  0.91403633]
2026-01-20 13:15:50,557 - position: [ 0.01818638 -1.32578051  0.9138996 ]
2026-01-20 13:15:50,797 - position: [ 0.01805866 -1.32473207  0.91306466]
2026-01-20 13:15:51,055 - position: [ 0.01841184 -1.32271779  0.9125312 ]
2026-01-20 13:15:51,319 - position: [ 0.01680228 -1.32424569  0.91181439]
2026-01-20 13:15:51,594 - position: [ 0.01692913 -1.3259418   0.91194397]
2026-01-20 13:15:51,818 - position: [ 0.01521454 -1.32557213  0.91161889]
2026-01-20 13:15:52,037 - position: [ 0.01468531 -1.32529032  0.91146934]
2026-01-20 13:15:52,285 - position: [ 0.01529694 -1.32425272  0.9114722 ]
2026-01-20 13:15:52,509 - position: [ 0.01329871 -1.32387805  0.91088212]
2026-01-20 13:15:52,729 - position: [ 0.01246652 -1.32423925  0.91120219]
2026-01-20 13:15:52,989 - position: [ 0.01268143 -1.32387495  0.91106206]
2026-01-20 13:15:53,282 - position: [ 0.01582336 -1.32169878  0.905909  ]
2026-01-20 13:15:53,491 - position: [ 0.01980352 -1.30914235  0.90428311]
2026-01-20 13:15:53,708 - position: [ 0.02339851 -1.30530274  0.90408379]
2026-01-20 13:15:53,929 - position: [ 0.02537265 -1.30242598  0.90417933]
2026-01-20 13:15:54,155 - position: [ 0.02633131 -1.30128932  0.90388685]
2026-01-20 13:15:54,376 - position: [ 0.02639484 -1.30081546  0.90392637]
2026-01-20 13:15:54,606 - position: [ 0.02297207 -1.30075896  0.90640134]
2026-01-20 13:15:54,824 - position: [ 0.03936114 -1.33336234  0.91229522]
2026-01-20 13:15:55,053 - position: [ 0.04187081 -1.33594692  0.91246885]
2026-01-20 13:15:55,296 - position: [ 0.04187081 -1.33594692  0.91246885]
2026-01-20 13:15:55,539 - position: [ 0.03720352 -1.34431243  0.9153831 ]
2026-01-20 13:15:55,768 - position: [ 0.04076925 -1.28049862  0.89866036]
2026-01-20 13:15:56,007 - position: [ 0.03948289 -1.2671175   0.88412094]
2026-01-20 13:15:56,232 - position: [ 0.03927734 -1.25286102  0.88289833]
2026-01-20 13:15:56,450 - position: [ 0.03836251 -1.25344419  0.88482827]
2026-01-20 13:15:56,662 - position: [ 0.03866708 -1.26411104  0.89066458]
2026-01-20 13:15:56,933 - position: [ 0.03834267 -1.26632953  0.89135003]
2026-01-20 13:15:57,173 - position: [ 0.04044227 -1.26760256  0.89162993]
2026-01-20 13:15:57,404 - position: [ 0.04044227 -1.26760256  0.89162993]
2026-01-20 13:15:57,677 - position: [ 0.0451874  -1.26888704  0.89078468]
2026-01-20 13:15:57,911 - position: [ 0.04336989 -1.26547754  0.88933355]
2026-01-20 13:15:58,265 - position: [ 0.04656877 -1.26002324  0.88781255]
2026-01-20 13:15:58,522 - position: [ 0.04772271 -1.25587499  0.8867991 ]
2026-01-20 13:15:58,739 - position: [ 0.04700311 -1.25554562  0.8865813 ]
2026-01-20 13:15:59,041 - position: [ 0.04461234 -1.2548337   0.8868739 ]
2026-01-20 13:15:59,292 - position: [ 0.04009321 -1.25545824  0.88818395]
2026-01-20 13:15:59,526 - position: [ 0.04108737 -1.25807953  0.88931304]
2026-01-20 13:15:59,744 - position: [ 0.04342979 -1.25621927  0.8875733 ]
2026-01-20 13:15:59,963 - position: [ 0.04160115 -1.25255334  0.88771439]
2026-01-20 13:16:00,230 - position: [ 0.04135428 -1.25194764  0.88763553]
2026-01-20 13:16:00,536 - position: [ 0.04018982 -1.25010693  0.88725191]
2026-01-20 13:16:00,832 - position: [ 0.04054539 -1.25120878  0.88824433]
2026-01-20 13:16:01,209 - position: [ 0.02872245 -1.24106908  0.88392448]
2026-01-20 13:16:01,482 - position: [ 0.04738407 -1.24549913  0.88724065]
2026-01-20 13:16:01,695 - position: [ 0.0473805  -1.24514699  0.88707066]
2026-01-20 13:16:01,939 - position: [ 0.0459794  -1.24172306  0.88580078]
2026-01-20 13:16:02,172 - position: [ 0.0453441  -1.23747921  0.88434696]
2026-01-20 13:16:02,398 - position: [ 0.04724211 -1.24216807  0.88612521]
2026-01-20 13:16:02,646 - position: [ 0.04044395 -1.24118435  0.88587642]
2026-01-20 13:16:02,940 - position: [ 0.03798331 -1.2350632   0.88608479]
2026-01-20 13:16:03,242 - position: [ 0.03354435 -1.22060692  0.8841337 ]
2026-01-20 13:16:03,489 - position: [ 0.02944623 -1.21381366  0.88358134]
2026-01-20 13:16:03,706 - position: [ 0.02519574 -1.2073791   0.88231105]
2026-01-20 13:16:03,952 - position: [ 0.02411297 -1.20246625  0.88172752]
2026-01-20 13:16:04,201 - position: [ 0.02200377 -1.20130956  0.88155866]
2026-01-20 13:16:04,486 - position: [ 0.02125908 -1.20244312  0.88184035]
2026-01-20 13:16:04,801 - position: [ 0.02047578 -1.20535469  0.88189483]
2026-01-20 13:16:05,093 - position: [ 0.02102899 -1.20672703  0.88316584]
2026-01-20 13:16:05,325 - position: [ 0.02070415 -1.20967674  0.88511765]
2026-01-20 13:16:05,619 - position: [ 0.02300028 -1.22702074  0.88899773]
2026-01-20 13:16:05,838 - position: [ 0.01413129 -1.22910392  0.89014101]
2026-01-20 13:16:06,055 - position: [ 0.01460399 -1.2291894   0.89013773]
2026-01-20 13:16:06,269 - position: [ 0.0219145  -1.23114014  0.89086854]
2026-01-20 13:16:06,504 - position: [ 0.02407815 -1.23386347  0.8913728 ]
2026-01-20 13:16:06,751 - position: [ 0.02431    -1.23499084  0.89187139]
2026-01-20 13:16:06,992 - position: [ 0.03079062 -1.23355484  0.89294767]
2026-01-20 13:16:07,230 - position: [ 0.03131706 -1.23414457  0.89339745]
2026-01-20 13:16:07,449 - position: [ 0.0314813  -1.23885965  0.89532024]
2026-01-20 13:16:07,718 - position: [ 0.03005778 -1.24459755  0.89715207]
2026-01-20 13:16:07,972 - position: [ 0.03190298 -1.24889946  0.89885575]
2026-01-20 13:16:08,209 - position: [ 0.03182881 -1.25257146  0.89973867]
2026-01-20 13:16:08,455 - position: [ 0.03140238 -1.25766277  0.90104985]
2026-01-20 13:16:08,728 - position: [ 0.03193211 -1.26191628  0.90152818]
2026-01-20 13:16:08,930 - position: [ 0.03168744 -1.26286602  0.90155661]
2026-01-20 13:16:09,165 - position: [ 0.0311962  -1.26521766  0.90190196]
2026-01-20 13:16:09,467 - position: [ 0.03123453 -1.26625955  0.9020651 ]
2026-01-20 13:16:09,812 - position: [ 0.03400848 -1.26447034  0.90034419]
2026-01-20 13:16:10,059 - position: [ 0.03116117 -1.2747159   0.90091151]
2026-01-20 13:16:10,299 - position: [ 0.02392949 -1.27671444  0.90238875]
2026-01-20 13:16:10,554 - position: [ 0.02847012 -1.29009044  0.90376228]
2026-01-20 13:16:10,764 - position: [ 0.02996741 -1.29600835  0.90413308]
2026-01-20 13:16:10,989 - position: [ 0.03090482 -1.30312085  0.90430474]
2026-01-20 13:16:11,257 - position: [ 0.03090482 -1.30312085  0.90430474]
2026-01-20 13:16:11,495 - position: [ 0.02409032 -1.29649711  0.90714186]
2026-01-20 13:16:11,730 - position: [ 0.02762254 -1.28670084  0.89521468]
2026-01-20 13:16:11,998 - position: [ 0.03084138 -1.25345242  0.8782208 ]
2026-01-20 13:16:12,264 - position: [ 0.03537415 -1.24289834  0.87791437]
2026-01-20 13:16:12,491 - position: [ 0.03265436 -1.24573541  0.87270647]
2026-01-20 13:16:12,722 - position: [ 0.0367627  -1.24348509  0.87210411]
2026-01-20 13:16:12,943 - position: [ 0.04305899 -1.24741697  0.87648886]
2026-01-20 13:16:13,177 - position: [ 0.04270177 -1.25074506  0.87885892]
2026-01-20 13:16:13,397 - position: [ 0.04554704 -1.24764228  0.87541759]
2026-01-20 13:16:13,634 - position: [ 0.04576656 -1.24794996  0.87573481]
2026-01-20 13:16:13,850 - position: [ 0.04431706 -1.24625242  0.87662184]
2026-01-20 13:16:14,088 - position: [ 0.0404035  -1.24753976  0.87562668]
2026-01-20 13:16:14,326 - position: [ 0.03588619 -1.25278735  0.87594771]
2026-01-20 13:16:14,537 - position: [ 0.03640686 -1.25301373  0.87576073]
2026-01-20 13:16:14,785 - position: [ 0.04531913 -1.24305654  0.87589812]
2026-01-20 13:16:14,996 - position: [ 0.04674275 -1.23892081  0.87571687]
2026-01-20 13:16:15,242 - position: [ 0.04646764 -1.23912835  0.8763023 ]
2026-01-20 13:16:15,477 - position: [ 0.04925224 -1.24071753  0.87733394]
2026-01-20 13:16:15,758 - position: [ 0.05149063 -1.23800039  0.87671125]
2026-01-20 13:16:16,036 - position: [ 0.05018524 -1.23661196  0.87675864]
2026-01-20 13:16:16,259 - position: [ 0.0433635  -1.23618579  0.87681627]
2026-01-20 13:16:16,471 - position: [ 0.04290879 -1.23577285  0.87677962]
2026-01-20 13:16:16,673 - position: [ 0.04392704 -1.23646772  0.87701535]
2026-01-20 13:16:16,900 - position: [ 0.04179849 -1.23863423  0.87641406]
2026-01-20 13:16:17,127 - position: [ 0.04103707 -1.24335206  0.87644821]
2026-01-20 13:16:17,357 - position: [ 0.04165994 -1.24607003  0.87670934]
2026-01-20 13:16:17,660 - position: [ 0.04054205 -1.24878204  0.87842631]
2026-01-20 13:16:17,911 - position: [ 0.04283026 -1.25020468  0.88076603]
2026-01-20 13:16:18,152 - position: [ 0.04312127 -1.25210238  0.88151038]
2026-01-20 13:16:18,371 - position: [ 0.03573266 -1.24929225  0.88051623]
2026-01-20 13:16:18,606 - position: [ 0.03443682 -1.24488187  0.87833923]
2026-01-20 13:16:18,888 - position: [ 0.03071786 -1.24152374  0.87829936]
2026-01-20 13:16:19,127 - position: [ 0.03153874 -1.23911726  0.87800574]
2026-01-20 13:16:19,385 - position: [ 0.03693986 -1.23473561  0.87721223]
2026-01-20 13:16:19,674 - position: [ 0.03221726 -1.22414768  0.87308055]
2026-01-20 13:16:19,896 - position: [ 0.04526913 -1.23528373  0.87750077]
2026-01-20 13:16:20,147 - position: [ 0.04497226 -1.23721611  0.87885702]
2026-01-20 13:16:20,399 - position: [ 0.03656913 -1.24037266  0.87800664]
2026-01-20 13:16:20,627 - position: [ 0.03869385 -1.24120522  0.87920713]
2026-01-20 13:16:20,869 - position: [ 0.03978563 -1.23943532  0.87812698]
2026-01-20 13:16:21,102 - position: [ 0.04109722 -1.24596202  0.87829351]
2026-01-20 13:16:21,308 - position: [ 0.04538472 -1.25097775  0.87860769]
2026-01-20 13:16:21,526 - position: [ 0.04727751 -1.25284803  0.87830651]
2026-01-20 13:16:21,789 - position: [ 0.04708008 -1.2448169   0.87490863]
2026-01-20 13:16:22,037 - position: [ 0.04740629 -1.23939848  0.8699218 ]
2026-01-20 13:16:22,251 - position: [ 0.0484787  -1.23230636  0.85743594]
2026-01-20 13:16:22,502 - position: [ 0.05045573 -1.23258877  0.86460471]
2026-01-20 13:16:22,736 - position: [ 0.04929579 -1.23810482  0.86868727]
2026-01-20 13:16:22,985 - position: [ 0.04966579 -1.24201798  0.8714177 ]
2026-01-20 13:16:23,208 - position: [ 0.04764238 -1.23893666  0.8707481 ]
2026-01-20 13:16:23,453 - position: [ 0.04414496 -1.2347455   0.87151098]
2026-01-20 13:16:23,741 - position: [ 0.04703879 -1.22838593  0.86986166]
2026-01-20 13:16:23,949 - position: [ 0.04186632 -1.22497225  0.8694737 ]
2026-01-20 13:16:24,214 - position: [ 0.03845832 -1.22260702  0.86958718]
2026-01-20 13:16:24,483 - position: [ 0.03585057 -1.21976995  0.86889219]
2026-01-20 13:16:24,731 - position: [ 0.03459219 -1.21842957  0.86894816]
2026-01-20 13:16:24,942 - position: [ 0.03581123 -1.21610868  0.867899  ]
2026-01-20 13:16:25,145 - position: [ 0.03722246 -1.21499527  0.86733985]
2026-01-20 13:16:25,362 - position: [ 0.03846029 -1.21625984  0.86836451]
2026-01-20 13:16:25,606 - position: [ 0.04250027 -1.2144289   0.86812466]
2026-01-20 13:16:25,824 - position: [ 0.0360612  -1.21003747  0.86737221]
2026-01-20 13:16:26,046 - position: [ 0.03528325 -1.20871973  0.86730564]
2026-01-20 13:16:26,278 - position: [ 0.0355758  -1.20467508  0.86661923]
2026-01-20 13:16:26,523 - position: [ 0.04047078 -1.19329643  0.86696506]
2026-01-20 13:16:26,748 - position: [ 0.04005563 -1.18898737  0.86582059]
2026-01-20 13:16:27,009 - position: [ 0.0391493  -1.18876815  0.86544341]
2026-01-20 13:16:27,230 - position: [ 0.04036884 -1.19041574  0.86570972]
2026-01-20 13:16:27,475 - position: [ 0.03950037 -1.19093704  0.86582148]
2026-01-20 13:16:27,699 - position: [ 0.03653554 -1.18893361  0.86539263]
2026-01-20 13:16:27,926 - position: [ 0.03589656 -1.18893695  0.86513561]
2026-01-20 13:16:28,149 - position: [ 0.0354493  -1.18884993  0.86492652]
2026-01-20 13:16:28,410 - position: [ 0.03294524 -1.18954957  0.86489117]
2026-01-20 13:16:28,648 - position: [ 0.03256942 -1.19013655  0.86527056]
2026-01-20 13:16:28,898 - position: [ 0.03371371 -1.18927121  0.86488861]
2026-01-20 13:16:29,213 - position: [ 0.03423361 -1.18699002  0.86499012]
2026-01-20 13:16:29,590 - position: [ 0.03520265 -1.18447363  0.86380076]
2026-01-20 13:16:29,863 - position: [ 0.03566863 -1.1847353   0.86356473]
2026-01-20 13:16:30,094 - position: [ 0.03566863 -1.1847353   0.86356473]
2026-01-20 13:16:30,328 - position: [ 0.03558379 -1.18503881  0.86372459]
2026-01-20 13:16:30,553 - position: [ 0.03558379 -1.18503881  0.86372459]
2026-01-20 13:16:30,791 - position: [ 0.03372805 -1.18275332  0.86218804]
2026-01-20 13:16:31,045 - position: [ 0.03135592 -1.18288672  0.86285967]
2026-01-20 13:16:31,329 - position: [ 0.03108319 -1.18138957  0.8641299 ]
2026-01-20 13:16:31,594 - position: [ 0.02988298 -1.17970264  0.86405689]
2026-01-20 13:16:31,822 - position: [ 0.0265661  -1.18307137  0.86448592]
2026-01-20 13:16:32,095 - position: [ 0.02666248 -1.18791294  0.86785084]
2026-01-20 13:16:32,315 - position: [ 0.02990422 -1.19102812  0.86929172]
2026-01-20 13:16:32,527 - position: [ 0.03502933 -1.19442022  0.87066704]
2026-01-20 13:16:32,743 - position: [ 0.03580457 -1.19367027  0.87048858]
2026-01-20 13:16:32,974 - position: [ 0.03334817 -1.19097924  0.86918241]
2026-01-20 13:16:33,176 - position: [ 0.03336339 -1.19006503  0.86883527]
2026-01-20 13:16:33,385 - position: [ 0.03402503 -1.18969357  0.86859447]
2026-01-20 13:16:33,624 - position: [ 0.03338966 -1.18823445  0.867935  ]
2026-01-20 13:16:33,853 - position: [ 0.03321518 -1.18746936  0.86791033]
2026-01-20 13:16:34,079 - position: [ 0.03288906 -1.18622351  0.86754727]
2026-01-20 13:16:34,289 - position: [ 0.03409605 -1.18546021  0.86745733]
2026-01-20 13:16:34,524 - position: [ 0.03396804 -1.18587542  0.86805487]
2026-01-20 13:16:34,730 - position: [ 0.03368061 -1.18614495  0.86818147]
2026-01-20 13:16:34,972 - position: [ 0.03368061 -1.18614495  0.86818147]
2026-01-20 13:16:35,226 - position: [ 0.03301733 -1.18848217  0.86875933]
2026-01-20 13:16:35,500 - position: [ 0.02969552 -1.20366395  0.87186897]
2026-01-20 13:16:35,790 - position: [ 0.02875959 -1.20527458  0.87198377]
2026-01-20 13:16:36,009 - position: [ 0.02796171 -1.20630431  0.87208164]
2026-01-20 13:16:36,263 - position: [ 0.02712077 -1.20718825  0.87209684]
2026-01-20 13:16:36,499 - position: [ 0.02603858 -1.20863938  0.87214756]
2026-01-20 13:16:36,765 - position: [ 0.02852627 -1.20680225  0.87178183]
2026-01-20 13:16:37,012 - position: [ 0.03008303 -1.20757616  0.87159973]
2026-01-20 13:16:37,225 - position: [ 0.02911706 -1.20535123  0.87077785]
2026-01-20 13:16:37,458 - position: [ 0.02674144 -1.20174992  0.87023866]
2026-01-20 13:16:37,691 - position: [ 0.02348135 -1.19752479  0.87045181]
2026-01-20 13:16:37,984 - position: [ 0.03034048 -1.20224941  0.87064236]
2026-01-20 13:16:38,237 - position: [ 0.0313611  -1.20602369  0.87100881]
2026-01-20 13:16:38,489 - position: [ 0.03096522 -1.20563149  0.86983788]
2026-01-20 13:16:38,811 - position: [ 0.0317078  -1.20522141  0.86916316]
2026-01-20 13:16:39,046 - position: [ 0.03065851 -1.20592868  0.87348461]
2026-01-20 13:16:39,254 - position: [ 0.03109713 -1.21099591  0.87480003]
2026-01-20 13:16:39,484 - position: [ 0.03172281 -1.21122742  0.87405497]
2026-01-20 13:16:39,728 - position: [ 0.03446919 -1.21092021  0.87196523]
2026-01-20 13:16:39,982 - position: [ 0.03446919 -1.21092021  0.87196523]
2026-01-20 13:16:40,241 - position: [ 0.02719703 -1.2007767   0.87079275]
2026-01-20 13:16:40,501 - position: [ 0.02564525 -1.19878697  0.87062174]
2026-01-20 13:16:40,709 - position: [ 0.0249239  -1.19742346  0.86914563]
2026-01-20 13:16:40,967 - position: [ 0.02441968 -1.19765937  0.86912274]
2026-01-20 13:16:41,195 - position: [ 0.02173637 -1.1974721   0.86948276]
2026-01-20 13:16:41,497 - position: [ 0.02282988 -1.19881344  0.87046635]
2026-01-20 13:16:41,732 - position: [ 0.02428374 -1.20081675  0.86953396]
2026-01-20 13:16:41,991 - position: [ 0.02622361 -1.20461011  0.87083423]
2026-01-20 13:16:42,232 - position: [ 0.02514936 -1.20363915  0.87027633]
2026-01-20 13:16:42,495 - position: [ 0.0237631  -1.20445406  0.86942101]
2026-01-20 13:16:42,705 - position: [ 0.0194146  -1.2085253   0.87281698]
2026-01-20 13:16:42,994 - position: [ 0.01798827 -1.20893729  0.87513131]
2026-01-20 13:16:43,227 - position: [ 0.02065667 -1.20900786  0.87696546]
2026-01-20 13:16:43,514 - position: [ 0.02849052 -1.20699096  0.8763392 ]
2026-01-20 13:16:43,726 - position: [ 0.03156864 -1.2020005   0.87521249]
2026-01-20 13:16:43,990 - position: [ 0.03134372 -1.20100701  0.87538058]
2026-01-20 13:16:44,234 - position: [ 0.03056864 -1.20085943  0.87562108]
2026-01-20 13:16:44,460 - position: [ 0.02862092 -1.20450854  0.8751772 ]
2026-01-20 13:16:44,672 - position: [ 0.02810679 -1.20661676  0.87538481]
2026-01-20 13:16:44,896 - position: [ 0.02765997 -1.20758832  0.87449056]
2026-01-20 13:16:45,120 - position: [ 0.02713655 -1.21038556  0.87408525]
2026-01-20 13:16:45,332 - position: [ 0.02981391 -1.2104218   0.87476677]
2026-01-20 13:16:45,563 - position: [ 0.03056276 -1.20971179  0.87479925]
2026-01-20 13:16:45,793 - position: [ 0.03710696 -1.20539284  0.87452906]
2026-01-20 13:16:46,003 - position: [ 0.03683392 -1.20830822  0.87503386]
2026-01-20 13:16:46,238 - position: [ 0.03485793 -1.2069732   0.87514108]
2026-01-20 13:16:46,567 - position: [ 0.034486   -1.20472777  0.87420475]
2026-01-20 13:16:46,810 - position: [ 0.03393031 -1.20370185  0.87417793]
2026-01-20 13:16:47,017 - position: [ 0.0332575  -1.20390928  0.87433267]
2026-01-20 13:16:47,300 - position: [ 0.03258284 -1.20231581  0.87384379]
2026-01-20 13:16:47,592 - position: [ 0.02893761 -1.20165253  0.87413937]
2026-01-20 13:16:47,840 - position: [ 0.02893234 -1.19999659  0.87353653]
2026-01-20 13:16:48,061 - position: [ 0.03135964 -1.19869006  0.87345481]
2026-01-20 13:16:48,289 - position: [ 0.03305618 -1.19464481  0.87287205]
2026-01-20 13:16:48,593 - position: [ 0.03358681 -1.19341135  0.87272322]
2026-01-20 13:16:48,859 - position: [ 0.03495834 -1.19424558  0.87279367]
2026-01-20 13:16:49,095 - position: [ 0.04141244 -1.19532728  0.87315315]
2026-01-20 13:16:49,347 - position: [ 0.04101904 -1.19543695  0.87415332]
2026-01-20 13:16:49,581 - position: [ 0.04146663 -1.19610238  0.87410289]
2026-01-20 13:16:49,810 - position: [ 0.04211929 -1.19906878  0.87438118]
2026-01-20 13:16:50,049 - position: [ 0.04049742 -1.19983637  0.87436885]
2026-01-20 13:16:50,278 - position: [ 0.03867666 -1.19994271  0.87446213]
2026-01-20 13:16:50,531 - position: [ 0.03847083 -1.20003974  0.87448937]
2026-01-20 13:16:50,784 - position: [ 0.03851252 -1.20188224  0.87493074]
2026-01-20 13:16:51,020 - position: [ 0.03719484 -1.20150912  0.87450039]
2026-01-20 13:16:51,250 - position: [ 0.03716359 -1.20119905  0.87454104]
2026-01-20 13:16:51,502 - position: [ 0.03708537 -1.20062304  0.87450594]
2026-01-20 13:16:51,743 - position: [ 0.036805   -1.20045674  0.87467968]
2026-01-20 13:16:51,988 - position: [ 0.03661409 -1.20072317  0.87498176]
2026-01-20 13:16:52,209 - position: [ 0.03664387 -1.20063829  0.8748557 ]
2026-01-20 13:16:52,448 - position: [ 0.03593689 -1.19992316  0.87476486]
