2026-01-21 11:32:03,548 - position: [ 0.44901633 -1.11246741  0.02272719]
2026-01-21 11:32:03,761 - position: [ 0.44901159 -1.1124115   0.02271548]
2026-01-21 11:32:04,016 - position: [ 0.44904318 -1.11242914  0.02274656]
2026-01-21 11:32:04,237 - position: [ 0.44899261 -1.11246824  0.02262712]
2026-01-21 11:32:04,456 - position: [ 0.44899184 -1.11242032  0.02273952]
2026-01-21 11:32:04,698 - position: [ 0.44906455 -1.11249757  0.0224977 ]
2026-01-21 11:32:04,998 - position: [ 0.44906455 -1.11249757  0.0224977 ]
2026-01-21 11:32:05,217 - position: [ 0.58464372 -1.04551971  0.48330522]
2026-01-21 11:32:05,446 - position: [ 0.57165009 -1.07093787  0.57566726]
2026-01-21 11:32:05,716 - position: [ 0.52758002 -1.17982781  0.73775971]
2026-01-21 11:32:05,933 - position: [ 0.50916094 -1.2278055   0.77002662]
2026-01-21 11:32:06,164 - position: [ 0.50916094 -1.2278055   0.77002662]
2026-01-21 11:32:06,391 - position: [ 0.50887668 -1.16142535  0.72634912]
2026-01-21 11:32:06,637 - position: [ 0.53394407 -1.03070343  0.47185135]
2026-01-21 11:32:06,879 - position: [ 0.52229214 -1.05310071  0.15498002]
2026-01-21 11:32:07,129 - position: [ 0.49279562 -1.09615612  0.06459809]
2026-01-21 11:32:07,380 - position: [ 0.47182781 -1.12804937  0.02256446]
2026-01-21 11:32:07,683 - position: [ 0.47246969 -1.1273675   0.02156036]
2026-01-21 11:32:07,901 - position: [ 0.47265759 -1.12746716  0.02140946]
2026-01-21 11:32:08,112 - position: [ 0.47269323 -1.12745821  0.02144214]
2026-01-21 11:32:08,369 - position: [ 0.47269323 -1.12745821  0.02144214]
2026-01-21 11:32:08,612 - position: [ 0.4725185  -1.12753952  0.02170746]
2026-01-21 11:32:08,831 - position: [ 0.47251078 -1.12748671  0.02180923]
2026-01-21 11:32:09,114 - position: [ 0.47249073 -1.12766826  0.02176081]
2026-01-21 11:32:09,341 - position: [ 0.47248265 -1.12764561  0.02187101]
2026-01-21 11:32:09,635 - position: [ 0.47243831 -1.12755156  0.02194359]
2026-01-21 11:32:09,892 - position: [ 0.47243187 -1.12761748  0.0218948 ]
2026-01-21 11:32:10,181 - position: [ 0.47246179 -1.12795973  0.02195982]
2026-01-21 11:32:10,416 - position: [ 0.47227961 -1.12767673  0.02202598]
2026-01-21 11:32:10,646 - position: [ 0.47235382 -1.1278218   0.02183304]
2026-01-21 11:32:10,856 - position: [ 0.47208837 -1.12762856  0.02214765]
2026-01-21 11:32:11,106 - position: [ 0.47226417 -1.12778986  0.021991  ]
2026-01-21 11:32:11,370 - position: [ 0.47217602 -1.12772179  0.02186135]
2026-01-21 11:32:11,601 - position: [ 0.47216344 -1.12771559  0.0219274 ]
2026-01-21 11:32:11,824 - position: [ 0.47208649 -1.1278441   0.02181419]
2026-01-21 11:32:12,027 - position: [ 0.4720906  -1.12759745  0.02181036]
2026-01-21 11:32:12,255 - position: [ 0.47194892 -1.12752867  0.02182716]
2026-01-21 11:32:12,481 - position: [ 0.47196469 -1.12738931  0.02181255]
2026-01-21 11:32:12,766 - position: [ 0.47203717 -1.12739253  0.02195716]
2026-01-21 11:32:13,043 - position: [ 0.47231629 -1.12774229  0.02169365]
2026-01-21 11:32:13,298 - position: [ 0.47230518 -1.12762833  0.02172169]
2026-01-21 11:32:13,533 - position: [ 0.47239745 -1.12760711  0.02179579]
2026-01-21 11:32:13,765 - position: [ 0.47243631 -1.12753081  0.02155819]
2026-01-21 11:32:14,015 - position: [ 0.47239697 -1.12754488  0.02145013]
2026-01-21 11:32:14,245 - position: [ 0.47235519 -1.12744033  0.02157192]
2026-01-21 11:32:14,484 - position: [ 0.47236443 -1.12739336  0.02165274]
2026-01-21 11:32:14,747 - position: [ 0.47237173 -1.12753069  0.02154662]
2026-01-21 11:32:14,960 - position: [ 0.47238559 -1.12757528  0.02143011]
2026-01-21 11:32:15,198 - position: [ 0.47228795 -1.12759995  0.02147971]
2026-01-21 11:32:15,443 - position: [ 0.47207111 -1.12740934  0.02140451]
2026-01-21 11:32:15,677 - position: [ 0.47207111 -1.12740934  0.02140451]
2026-01-21 11:32:15,915 - position: [ 0.47209659 -1.12730694  0.0218609 ]
2026-01-21 11:32:16,154 - position: [ 0.47234386 -1.12738872  0.02178486]
2026-01-21 11:32:16,362 - position: [ 0.47230369 -1.12749219  0.02191916]
2026-01-21 11:32:16,624 - position: [ 0.47243991 -1.12758672  0.02191945]
2026-01-21 11:32:16,840 - position: [ 0.47241479 -1.12761033  0.02197481]
2026-01-21 11:32:17,090 - position: [ 0.47268254 -1.127617    0.02167592]
2026-01-21 11:32:17,371 - position: [ 0.47258148 -1.12770522  0.02160923]
2026-01-21 11:32:17,604 - position: [ 0.47248513 -1.12757421  0.02158498]
2026-01-21 11:32:17,833 - position: [ 0.47230652 -1.12724257  0.02161894]
2026-01-21 11:32:18,075 - position: [ 0.472424   -1.12738812  0.02152102]
2026-01-21 11:32:18,303 - position: [ 0.47233397 -1.12735999  0.02145443]
2026-01-21 11:32:18,514 - position: [ 0.47241274 -1.12748921  0.02152425]
2026-01-21 11:32:18,725 - position: [ 0.47241274 -1.12748921  0.02152425]
2026-01-21 11:32:18,931 - position: [ 0.47235915 -1.12751758  0.02153811]
2026-01-21 11:32:19,173 - position: [ 0.47244763 -1.12752521  0.02185743]
2026-01-21 11:32:19,415 - position: [ 0.47273427 -1.12722206  0.02223041]
2026-01-21 11:32:19,624 - position: [ 0.47273427 -1.12722206  0.02223041]
2026-01-21 11:32:19,831 - position: [ 0.55868411 -1.05990684  0.36558926]
2026-01-21 11:32:20,057 - position: [ 0.52543283 -1.15725386  0.67087293]
2026-01-21 11:32:20,327 - position: [ 0.51004058 -1.22330785  0.74604005]
2026-01-21 11:32:20,675 - position: [ 0.51004058 -1.22330785  0.74604005]
2026-01-21 11:32:20,936 - position: [ 0.50174439 -1.2477622   0.74043632]
2026-01-21 11:32:21,177 - position: [ 0.51168126 -1.07712269  0.4453817 ]
2026-01-21 11:32:21,405 - position: [ 0.51577276 -1.06454134  0.39402792]
2026-01-21 11:32:21,641 - position: [ 0.48129281 -1.12559509  0.02255834]
2026-01-21 11:32:21,857 - position: [ 0.48172143 -1.12241232  0.02481443]
2026-01-21 11:32:22,115 - position: [ 0.48062372 -1.12198067  0.02398015]
2026-01-21 11:32:22,417 - position: [ 0.47708237 -1.12001324  0.02406021]
2026-01-21 11:32:22,646 - position: [ 0.47672236 -1.11994839  0.02394796]
2026-01-21 11:32:22,958 - position: [ 0.47673446 -1.1199677   0.023686  ]
2026-01-21 11:32:23,179 - position: [ 0.47656137 -1.12013328  0.02308472]
2026-01-21 11:32:23,430 - position: [ 0.47642779 -1.12016094  0.02287972]
2026-01-21 11:32:23,645 - position: [ 0.47622204 -1.12006354  0.02269447]
2026-01-21 11:32:23,891 - position: [ 0.47649616 -1.12014365  0.02301339]
2026-01-21 11:32:24,126 - position: [ 0.47698936 -1.12025726  0.02351029]
2026-01-21 11:32:24,380 - position: [ 0.48109481 -1.11636448  0.03227376]
2026-01-21 11:32:24,611 - position: [ 0.47345194 -1.12120712  0.02200122]
2026-01-21 11:32:24,833 - position: [ 0.47347471 -1.12122869  0.0221268 ]
2026-01-21 11:32:25,151 - position: [ 0.47344074 -1.12107491  0.02241071]
2026-01-21 11:32:25,384 - position: [ 0.47272557 -1.1207267   0.02181449]
2026-01-21 11:32:25,644 - position: [ 0.48412687 -1.1129483   0.05143481]
2026-01-21 11:32:25,889 - position: [ 0.47977018 -1.10363734  0.05252253]
2026-01-21 11:32:26,159 - position: [ 0.47355157 -1.11005044  0.0208937 ]
2026-01-21 11:32:26,405 - position: [ 0.47350866 -1.1098814   0.02090726]
2026-01-21 11:32:26,634 - position: [ 0.47333768 -1.10986817  0.02079649]
2026-01-21 11:32:26,938 - position: [ 0.47330511 -1.10986567  0.02094356]
2026-01-21 11:32:27,164 - position: [ 0.4732275  -1.10981596  0.0208429 ]
2026-01-21 11:32:27,380 - position: [ 0.47325766 -1.10982382  0.02078604]
2026-01-21 11:32:27,642 - position: [ 0.47319135 -1.10979259  0.02086664]
2026-01-21 11:32:27,960 - position: [ 0.5117237  -1.09353673  0.09404906]
2026-01-21 11:32:28,184 - position: [ 0.4929125  -1.09543836  0.0577656 ]
2026-01-21 11:32:28,418 - position: [ 0.48102492 -1.10836399  0.02175513]
2026-01-21 11:32:28,628 - position: [ 0.48069587 -1.108284    0.02185577]
2026-01-21 11:32:28,844 - position: [ 0.48063648 -1.10834396  0.02179371]
2026-01-21 11:32:29,066 - position: [ 0.48053581 -1.10848475  0.02168166]
2026-01-21 11:32:29,312 - position: [ 0.48023382 -1.10796487  0.02205695]
2026-01-21 11:32:29,529 - position: [ 0.48002973 -1.10798526  0.02195299]
2026-01-21 11:32:29,864 - position: [ 0.47972095 -1.10745454  0.02217304]
2026-01-21 11:32:30,126 - position: [ 0.47997466 -1.10776162  0.02223429]
2026-01-21 11:32:30,361 - position: [ 0.47922841 -1.10808933  0.0213038 ]
2026-01-21 11:32:30,564 - position: [ 0.47888917 -1.10762906  0.02128242]
2026-01-21 11:32:30,869 - position: [ 0.47914082 -1.10838532  0.02132343]
2026-01-21 11:32:31,081 - position: [ 0.47893772 -1.10811365  0.02117697]
2026-01-21 11:32:31,310 - position: [ 0.4789741  -1.10812628  0.02121828]
2026-01-21 11:32:31,521 - position: [ 0.47921705 -1.10832655  0.02121583]
2026-01-21 11:32:31,764 - position: [ 0.47933701 -1.10837841  0.02134961]
2026-01-21 11:32:31,983 - position: [ 0.47923961 -1.10830379  0.02133168]
2026-01-21 11:32:32,191 - position: [ 0.47926226 -1.10826755  0.0212593 ]
2026-01-21 11:32:32,437 - position: [ 0.47927225 -1.1082685   0.02125585]
2026-01-21 11:32:32,674 - position: [ 0.47926709 -1.10833395  0.02123683]
2026-01-21 11:32:32,903 - position: [ 0.47923583 -1.10829997  0.02124569]
2026-01-21 11:32:33,140 - position: [ 0.47922695 -1.10819578  0.02126351]
2026-01-21 11:32:33,388 - position: [ 0.47923031 -1.10820127  0.02124409]
2026-01-21 11:32:33,629 - position: [ 0.47927529 -1.10820174  0.02136608]
2026-01-21 11:32:33,888 - position: [ 0.47937948 -1.10813022  0.02167012]
2026-01-21 11:32:34,127 - position: [ 0.47928512 -1.10821307  0.02146744]
2026-01-21 11:32:34,357 - position: [ 0.47917405 -1.1080457   0.02144369]
2026-01-21 11:32:34,600 - position: [ 0.47914088 -1.10804272  0.02159622]
2026-01-21 11:32:34,855 - position: [ 0.47941366 -1.10809028  0.02196759]
2026-01-21 11:32:35,078 - position: [ 0.47944576 -1.10817611  0.0218767 ]
2026-01-21 11:32:35,351 - position: [ 0.47956318 -1.10822821  0.02183039]
2026-01-21 11:32:35,596 - position: [ 0.4795962  -1.10822272  0.02198669]
2026-01-21 11:32:35,830 - position: [ 0.47953594 -1.10824645  0.02186942]
2026-01-21 11:32:36,067 - position: [ 0.47916949 -1.10801768  0.02159802]
2026-01-21 11:32:36,317 - position: [ 0.47945574 -1.10827112  0.021728  ]
2026-01-21 11:32:36,578 - position: [ 0.4794293  -1.10820675  0.02180705]
2026-01-21 11:32:36,797 - position: [ 0.47924095 -1.10799277  0.02167992]
2026-01-21 11:32:37,003 - position: [ 0.47933602 -1.10801864  0.0216611 ]
2026-01-21 11:32:37,223 - position: [ 0.47943175 -1.10806382  0.02172829]
2026-01-21 11:32:37,464 - position: [ 0.47964698 -1.10852373  0.02138177]
2026-01-21 11:32:37,702 - position: [ 0.47966325 -1.10856247  0.02138557]
2026-01-21 11:32:37,920 - position: [ 0.47974291 -1.10858321  0.0214967 ]
2026-01-21 11:32:38,184 - position: [ 0.47982445 -1.10863185  0.02154223]
2026-01-21 11:32:38,436 - position: [ 0.47980282 -1.10864723  0.02151725]
2026-01-21 11:32:38,736 - position: [ 0.47971943 -1.10857546  0.02160856]
2026-01-21 11:32:39,046 - position: [ 0.47965366 -1.1085093   0.02159624]
2026-01-21 11:32:39,287 - position: [ 0.47969353 -1.1085211   0.02161596]
2026-01-21 11:32:39,506 - position: [ 0.47963762 -1.1084758   0.02162753]
2026-01-21 11:32:39,795 - position: [ 0.4796218  -1.10841668  0.02171541]
2026-01-21 11:32:47,030 - position: [ 0.47944006 -1.10807717  0.02164363]
2026-01-21 11:32:47,266 - position: [ 0.47944006 -1.10807717  0.02164363]
2026-01-21 11:32:47,503 - position: [ 0.47944292 -1.10808086  0.0216129 ]
2026-01-21 11:32:47,758 - position: [ 0.47939965 -1.10808885  0.02162201]
2026-01-21 11:32:47,987 - position: [ 0.47939965 -1.10808885  0.02162201]
2026-01-21 11:32:48,245 - position: [ 0.47948432 -1.10831439  0.02160375]
2026-01-21 11:32:48,477 - position: [ 0.47954226 -1.10831547  0.02180246]
2026-01-21 11:32:48,706 - position: [ 0.47955266 -1.10833979  0.02179743]
2026-01-21 11:32:48,943 - position: [ 0.47960517 -1.10841238  0.02182014]
2026-01-21 11:32:49,162 - position: [ 0.47961375 -1.10849905  0.02178339]
2026-01-21 11:32:49,441 - position: [ 0.47970748 -1.10853255  0.02180957]
2026-01-21 11:32:49,662 - position: [ 0.4797169  -1.10850775  0.02181768]
2026-01-21 11:32:49,884 - position: [ 0.4796567  -1.10848629  0.02176108]
2026-01-21 11:32:50,125 - position: [ 0.4796122  -1.10846031  0.02171577]
2026-01-21 11:32:50,368 - position: [ 0.47949091 -1.1083324   0.02159034]
2026-01-21 11:32:50,679 - position: [ 0.47947118 -1.10826385  0.02165522]
2026-01-21 11:32:50,907 - position: [ 0.47948167 -1.10813487  0.0216361 ]
2026-01-21 11:32:51,113 - position: [ 0.47947371 -1.10813189  0.02163024]
2026-01-21 11:32:51,343 - position: [ 0.47940895 -1.10820425  0.02155255]
2026-01-21 11:32:51,606 - position: [ 0.47938213 -1.1081903   0.02160109]
2026-01-21 11:32:51,847 - position: [ 0.47952694 -1.10835135  0.02167505]
2026-01-21 11:32:52,096 - position: [ 0.47957906 -1.10842776  0.02172646]
2026-01-21 11:32:52,422 - position: [ 0.47961891 -1.10852396  0.02173355]
2026-01-21 11:32:52,641 - position: [ 0.47961441 -1.1085      0.0217223 ]
2026-01-21 11:32:52,853 - position: [ 0.47961971 -1.1085223   0.02180405]
2026-01-21 11:32:53,108 - position: [ 0.47958389 -1.10850251  0.02179079]
2026-01-21 11:32:53,370 - position: [ 0.47961599 -1.10854721  0.02181385]
2026-01-21 11:32:53,637 - position: [ 0.47955102 -1.10852146  0.02181423]
2026-01-21 11:32:54,002 - position: [ 0.47953618 -1.10850346  0.0217844 ]
2026-01-21 11:32:54,303 - position: [ 0.47945067 -1.10835004  0.02161646]
2026-01-21 11:32:54,574 - position: [ 0.47932449 -1.10819161  0.02155021]
2026-01-21 11:32:54,796 - position: [ 0.47929546 -1.10809851  0.0216904 ]
2026-01-21 11:32:55,031 - position: [ 0.47929743 -1.10814381  0.0217218 ]
2026-01-21 11:32:55,284 - position: [ 0.47936198 -1.10820174  0.02175723]
2026-01-21 11:32:55,486 - position: [ 0.47936279 -1.10815692  0.02177988]
2026-01-21 11:32:55,709 - position: [ 0.49660534 -1.10267484  0.04302037]
2026-01-21 11:32:55,998 - position: [ 0.5287708  -1.08462572  0.10105326]
2026-01-21 11:32:56,309 - position: [ 0.53995603 -1.07857788  0.47618645]
2026-01-21 11:32:56,557 - position: [ 0.50743639 -1.20044649  0.68088526]
2026-01-21 11:32:56,819 - position: [ 0.5141077  -1.23587799  0.71188021]
2026-01-21 11:32:57,048 - position: [ 0.5141077  -1.23587799  0.71188021]
2026-01-21 11:32:57,327 - position: [ 0.5141077  -1.23587799  0.71188021]
2026-01-21 11:32:57,579 - position: [ 0.52781123 -1.08730721  0.52335095]
2026-01-21 11:32:57,807 - position: [ 0.52763867 -1.06035888  0.16336642]
2026-01-21 11:32:58,042 - position: [ 0.51385218 -1.10950744  0.04101857]
2026-01-21 11:32:58,287 - position: [ 0.5090819  -1.12672889  0.02034594]
2026-01-21 11:32:58,518 - position: [ 0.50911647 -1.12677872  0.02042284]
2026-01-21 11:32:58,811 - position: [ 0.5101949  -1.12713146  0.02192555]
2026-01-21 11:32:59,047 - position: [ 0.50790787 -1.12634766  0.02195069]
2026-01-21 11:32:59,263 - position: [ 0.50639349 -1.12532043  0.02186859]
2026-01-21 11:32:59,516 - position: [ 0.50602406 -1.12526095  0.0213164 ]
2026-01-21 11:32:59,783 - position: [ 0.50599384 -1.12530386  0.02136589]
2026-01-21 11:33:00,020 - position: [ 0.50656307 -1.12528086  0.0216983 ]
2026-01-21 11:33:00,241 - position: [ 0.50575483 -1.12483025  0.02107041]
2026-01-21 11:33:00,501 - position: [ 0.50617212 -1.12483025  0.02158949]
2026-01-21 11:33:00,781 - position: [ 0.5062021  -1.12478197  0.02188161]
2026-01-21 11:33:00,993 - position: [ 0.50586778 -1.12432849  0.02221922]
2026-01-21 11:33:01,240 - position: [ 0.50495082 -1.12410033  0.0214656 ]
2026-01-21 11:33:01,460 - position: [ 0.50502187 -1.12404549  0.02159452]
2026-01-21 11:33:01,680 - position: [ 0.5054304  -1.12407577  0.02180534]
2026-01-21 11:33:01,895 - position: [ 0.50244248 -1.12199414  0.04136786]
2026-01-21 11:33:02,166 - position: [ 0.49238932 -1.12243819  0.02023126]
2026-01-21 11:33:02,404 - position: [ 0.49245268 -1.12227261  0.02026461]
2026-01-21 11:33:02,609 - position: [ 0.49218899 -1.12209094  0.02036088]
2026-01-21 11:33:02,820 - position: [ 0.49212343 -1.12176824  0.02055056]
2026-01-21 11:33:03,049 - position: [ 0.49195021 -1.12174308  0.02039772]
2026-01-21 11:33:03,265 - position: [ 0.49184501 -1.12169182  0.02043997]
2026-01-21 11:33:03,494 - position: [ 0.49179244 -1.12157965  0.02055199]
2026-01-21 11:33:03,746 - position: [ 0.49173942 -1.12160635  0.02042277]
2026-01-21 11:33:03,986 - position: [ 0.49138454 -1.12131047  0.02034059]
2026-01-21 11:33:04,215 - position: [ 0.4915435  -1.12134063  0.02037815]
2026-01-21 11:33:04,483 - position: [ 0.49156627 -1.12144911  0.02044313]
2026-01-21 11:33:04,696 - position: [ 0.4915362  -1.12147629  0.02044853]
2026-01-21 11:33:04,964 - position: [ 0.49147248 -1.12141585  0.02054966]
2026-01-21 11:33:05,229 - position: [ 0.49147248 -1.12141585  0.02054966]
2026-01-21 11:33:05,491 - position: [ 0.49135098 -1.1213901   0.02070041]
2026-01-21 11:33:05,694 - position: [ 0.49142489 -1.1214608   0.02070395]
2026-01-21 11:33:05,946 - position: [ 0.49119875 -1.12119389  0.02068782]
2026-01-21 11:33:06,167 - position: [ 0.49071547 -1.12062335  0.02084359]
2026-01-21 11:33:06,434 - position: [ 0.49049774 -1.12043524  0.02080194]
2026-01-21 11:33:06,642 - position: [ 0.49055189 -1.12037206  0.0206351 ]
2026-01-21 11:33:06,872 - position: [ 0.49093553 -1.12065053  0.02071316]
2026-01-21 11:33:07,106 - position: [ 0.49093553 -1.12065053  0.02071316]
2026-01-21 11:33:07,325 - position: [ 0.49073088 -1.12056839  0.02072809]
2026-01-21 11:33:07,527 - position: [ 0.49092501 -1.12067437  0.02086848]
2026-01-21 11:33:07,756 - position: [ 0.49097514 -1.12074387  0.02084321]
2026-01-21 11:33:07,979 - position: [ 0.49100688 -1.12086225  0.02080696]
2026-01-21 11:33:08,222 - position: [ 0.49099696 -1.12072337  0.02101992]
2026-01-21 11:33:08,492 - position: [ 0.49038464 -1.1203295   0.02052094]
2026-01-21 11:33:08,702 - position: [ 0.49040025 -1.12022305  0.02072491]
2026-01-21 11:33:08,951 - position: [ 0.49054822 -1.12019551  0.02102274]
2026-01-21 11:33:09,181 - position: [ 0.49049789 -1.12033749  0.02082758]
2026-01-21 11:33:09,397 - position: [ 0.49044216 -1.12035143  0.02069882]
2026-01-21 11:33:09,641 - position: [ 0.49035341 -1.1202575   0.02059694]
2026-01-21 11:33:09,909 - position: [ 0.49038637 -1.12030387  0.02059483]
2026-01-21 11:33:10,146 - position: [ 0.49040434 -1.12012506  0.02071879]
2026-01-21 11:33:10,377 - position: [ 0.4904108  -1.12025583  0.02079056]
2026-01-21 11:33:10,584 - position: [ 0.49042964 -1.12024617  0.02075017]
2026-01-21 11:33:10,798 - position: [ 0.49043813 -1.12027669  0.02069859]
2026-01-21 11:33:11,047 - position: [ 0.490343   -1.12017071  0.02068973]
2026-01-21 11:33:11,261 - position: [ 0.49044165 -1.12029088  0.02068632]
2026-01-21 11:33:11,496 - position: [ 0.48999807 -1.11967731  0.02059938]
2026-01-21 11:33:11,717 - position: [ 0.49018797 -1.11997497  0.02066029]
2026-01-21 11:33:11,937 - position: [ 0.49050924 -1.12025368  0.02070568]
2026-01-21 11:33:12,226 - position: [ 0.49039447 -1.12037003  0.02053405]
2026-01-21 11:33:12,473 - position: [ 0.49063694 -1.12065721  0.02051697]
2026-01-21 11:33:12,762 - position: [ 0.49064425 -1.12057233  0.02062642]
2026-01-21 11:33:12,984 - position: [ 0.49060687 -1.12060928  0.02060441]
2026-01-21 11:33:13,224 - position: [ 0.49044466 -1.12048244  0.02065851]
2026-01-21 11:33:13,445 - position: [ 0.49056938 -1.12060928  0.0206407 ]
2026-01-21 11:33:13,669 - position: [ 0.49058923 -1.1206435   0.02059142]
2026-01-21 11:33:13,891 - position: [ 0.49055141 -1.12070358  0.02059641]
2026-01-21 11:33:14,110 - position: [ 0.49063638 -1.12077343  0.0206142 ]
2026-01-21 11:33:14,350 - position: [ 0.49076721 -1.12089765  0.02053751]
2026-01-21 11:33:14,591 - position: [ 0.49091849 -1.1210022   0.02059764]
2026-01-21 11:33:14,914 - position: [ 0.49094862 -1.12104547  0.02051045]
2026-01-21 11:33:15,151 - position: [ 0.49091992 -1.1209892   0.02059362]
2026-01-21 11:33:15,384 - position: [ 0.49091002 -1.12096381  0.02057742]
2026-01-21 11:33:15,600 - position: [ 0.49091586 -1.12104988  0.02053093]
2026-01-21 11:33:15,825 - position: [ 0.4909128  -1.12096858  0.02051205]
2026-01-21 11:33:16,052 - position: [ 0.49090201 -1.12095296  0.02057467]
2026-01-21 11:33:16,287 - position: [ 0.49077666 -1.12087369  0.02053062]
2026-01-21 11:33:16,504 - position: [ 0.4908022  -1.12088645  0.02050319]
2026-01-21 11:33:16,735 - position: [ 0.49086046 -1.12098992  0.02052114]
2026-01-21 11:33:16,995 - position: [ 0.49082994 -1.12102866  0.02048877]
2026-01-21 11:33:17,213 - position: [ 0.49083024 -1.12107909  0.02055467]
2026-01-21 11:33:17,455 - position: [ 0.49072778 -1.12110126  0.02053943]
2026-01-21 11:33:17,703 - position: [ 0.49089226 -1.12117505  0.02063811]
2026-01-21 11:33:17,922 - position: [ 0.49089685 -1.12119889  0.02063087]
2026-01-21 11:33:18,171 - position: [ 0.4908042  -1.12115562  0.02061344]
2026-01-21 11:33:18,397 - position: [ 0.49084008 -1.12114727  0.02066954]
2026-01-21 11:33:18,659 - position: [ 0.49085021 -1.12120056  0.02069052]
2026-01-21 11:33:18,874 - position: [ 0.49088293 -1.12126803  0.02067236]
2026-01-21 11:33:19,091 - position: [ 0.4909161  -1.12120271  0.02072128]
2026-01-21 11:33:19,313 - position: [ 0.49089622 -1.12123477  0.02069472]
2026-01-21 11:33:19,546 - position: [ 0.4909271  -1.12123299  0.02073804]
2026-01-21 11:33:19,763 - position: [ 0.49086127 -1.12119496  0.02068427]
2026-01-21 11:33:19,988 - position: [ 0.49091518 -1.12128258  0.02073397]
2026-01-21 11:33:20,219 - position: [ 0.49084926 -1.1212132   0.02070143]
2026-01-21 11:33:20,462 - position: [ 0.49083129 -1.12123561  0.0207431 ]
2026-01-21 11:33:20,743 - position: [ 0.49082109 -1.12117136  0.0206804 ]
2026-01-21 11:33:21,019 - position: [ 0.49065405 -1.12088764  0.02066176]
2026-01-21 11:33:21,257 - position: [ 0.49212649 -1.12023306  0.02290904]
2026-01-21 11:33:21,526 - position: [ 0.5221529  -1.09168875  0.10348794]
2026-01-21 11:33:21,808 - position: [ 0.53014857 -1.10384488  0.50655478]
2026-01-21 11:33:22,028 - position: [ 0.50712562 -1.18461037  0.6675263 ]
2026-01-21 11:33:22,300 - position: [ 0.49789184 -1.23502922  0.72122562]
2026-01-21 11:33:22,541 - position: [ 0.49789184 -1.23502922  0.72122562]
2026-01-21 11:33:22,766 - position: [ 0.49789184 -1.23502922  0.72122562]
2026-01-21 11:33:22,977 - position: [ 0.50601125 -1.16866517  0.60923767]
2026-01-21 11:33:23,290 - position: [ 0.53189462 -1.09061265  0.40800011]
2026-01-21 11:33:23,509 - position: [ 0.51981866 -1.13495326  0.02273117]
2026-01-21 11:33:23,735 - position: [ 0.52016807 -1.13494897  0.02206972]
2026-01-21 11:33:24,005 - position: [ 0.52042031 -1.13505363  0.02198426]
2026-01-21 11:33:24,225 - position: [ 0.5198471  -1.13427639  0.02219013]
2026-01-21 11:33:24,476 - position: [ 0.51905477 -1.1339283   0.02172459]
2026-01-21 11:33:24,704 - position: [ 0.51879835 -1.13385308  0.0221811 ]
2026-01-21 11:33:25,101 - position: [ 0.51668096 -1.13288522  0.02193976]
2026-01-21 11:33:25,340 - position: [ 0.51654315 -1.13290215  0.02181422]
2026-01-21 11:33:25,552 - position: [ 0.51655728 -1.13288772  0.0218265 ]
2026-01-21 11:33:25,777 - position: [ 0.51687157 -1.13329828  0.021871  ]
2026-01-21 11:33:25,979 - position: [ 0.51669359 -1.13316119  0.02167857]
2026-01-21 11:33:26,189 - position: [ 0.51653093 -1.1329881   0.02171322]
2026-01-21 11:33:26,433 - position: [ 0.5166989  -1.13288093  0.02208705]
2026-01-21 11:33:26,666 - position: [ 0.51672274 -1.13320446  0.02195139]
2026-01-21 11:33:26,912 - position: [ 0.51674747 -1.1331166   0.0222767 ]
2026-01-21 11:33:27,162 - position: [ 0.51670104 -1.13302946  0.02261429]
2026-01-21 11:33:27,389 - position: [ 0.51670986 -1.1330359   0.02268302]
2026-01-21 11:33:27,637 - position: [ 0.51669317 -1.13310933  0.02260555]
2026-01-21 11:33:27,858 - position: [ 0.51674557 -1.13313234  0.02271819]
2026-01-21 11:33:28,083 - position: [ 0.51673532 -1.13314629  0.0226522 ]
2026-01-21 11:33:28,339 - position: [ 0.51672721 -1.13311267  0.02278463]
2026-01-21 11:33:28,571 - position: [ 0.51669019 -1.13310039  0.02267096]
2026-01-21 11:33:28,834 - position: [ 0.51664364 -1.13297546  0.0227847 ]
2026-01-21 11:33:29,043 - position: [ 0.51760882 -1.13484704  0.02311678]
2026-01-21 11:33:29,294 - position: [ 0.51760882 -1.13484704  0.02311678]
2026-01-21 11:33:29,584 - position: [ 0.52623916 -1.13915908  0.0213391 ]
2026-01-21 11:33:29,884 - position: [ 0.52560908 -1.13864625  0.02146664]
2026-01-21 11:33:30,102 - position: [ 0.52546841 -1.13873768  0.02141809]
2026-01-21 11:33:30,330 - position: [ 0.52507836 -1.13837504  0.02106416]
2026-01-21 11:33:30,586 - position: [ 0.52479029 -1.13797641  0.02106512]
2026-01-21 11:33:30,806 - position: [ 0.52476007 -1.13797581  0.02105832]
2026-01-21 11:33:31,031 - position: [ 0.52467102 -1.13796914  0.02108558]
2026-01-21 11:33:31,274 - position: [ 0.52475423 -1.13800323  0.02104972]
2026-01-21 11:33:31,528 - position: [ 0.52469558 -1.13798857  0.02115103]
2026-01-21 11:33:31,729 - position: [ 0.52488518 -1.13803387  0.02136816]
2026-01-21 11:33:31,948 - position: [ 0.5251537  -1.13809144  0.02179585]
2026-01-21 11:33:32,187 - position: [ 0.52460462 -1.13805997  0.02123404]
2026-01-21 11:33:32,394 - position: [ 0.52473009 -1.13816321  0.02106737]
2026-01-21 11:33:32,617 - position: [ 0.52475005 -1.13810945  0.02101595]
2026-01-21 11:33:32,828 - position: [ 0.525626   -1.13777697  0.02231588]
2026-01-21 11:33:33,048 - position: [ 0.5158878  -1.14278424  0.02116634]
2026-01-21 11:33:33,275 - position: [ 0.51550877 -1.14281547  0.02148837]
2026-01-21 11:33:33,497 - position: [ 0.51558769 -1.14273477  0.02147353]
2026-01-21 11:33:33,725 - position: [ 0.51549017 -1.14249229  0.02135371]
2026-01-21 11:33:33,931 - position: [ 0.51546562 -1.14227962  0.0212802 ]
2026-01-21 11:33:34,138 - position: [ 0.51524931 -1.14220035  0.02148574]
2026-01-21 11:33:34,351 - position: [ 0.51506406 -1.14190221  0.02185719]
2026-01-21 11:33:34,576 - position: [ 0.51338655 -1.13932359  0.02241272]
2026-01-21 11:33:34,808 - position: [ 0.51402521 -1.14078903  0.02143884]
2026-01-21 11:33:35,048 - position: [ 0.51399481 -1.14081931  0.0213375 ]
2026-01-21 11:33:35,266 - position: [ 0.51384217 -1.14085436  0.02139168]
2026-01-21 11:33:35,505 - position: [ 0.51328051 -1.14045715  0.02197202]
2026-01-21 11:33:35,757 - position: [ 0.51359361 -1.14035463  0.02191171]
2026-01-21 11:33:36,004 - position: [ 0.51339638 -1.14013731  0.02207654]
2026-01-21 11:33:36,233 - position: [ 0.5130049  -1.1398735   0.02189099]
2026-01-21 11:33:36,451 - position: [ 0.51271415 -1.13950205  0.02197771]
2026-01-21 11:33:36,677 - position: [ 0.51329195 -1.13967752  0.022086  ]
2026-01-21 11:33:36,883 - position: [ 0.51286829 -1.13945043  0.02199608]
2026-01-21 11:33:37,125 - position: [ 0.51278907 -1.13954353  0.02183031]
2026-01-21 11:33:37,373 - position: [ 0.51269108 -1.13937473  0.02194612]
2026-01-21 11:33:37,643 - position: [ 0.51267821 -1.13919628  0.02245414]
2026-01-21 11:33:37,851 - position: [ 0.51287246 -1.13917482  0.0229868 ]
2026-01-21 11:33:38,055 - position: [ 0.51250261 -1.13910103  0.02279489]
2026-01-21 11:33:38,276 - position: [ 0.5124808  -1.13901961  0.02292121]
2026-01-21 11:33:38,502 - position: [ 0.5124808  -1.13901961  0.02292121]
2026-01-21 11:33:38,748 - position: [ 0.51234645 -1.13916039  0.02267303]
2026-01-21 11:33:38,993 - position: [ 0.51240641 -1.1391691   0.02281162]
2026-01-21 11:33:39,215 - position: [ 0.5127154  -1.13939321  0.02308707]
2026-01-21 11:33:39,426 - position: [ 0.51267761 -1.13933361  0.02295703]
2026-01-21 11:33:39,646 - position: [ 0.51218903 -1.13897252  0.02284662]
2026-01-21 11:33:39,868 - position: [ 0.51224852 -1.13927126  0.02261206]
2026-01-21 11:33:40,107 - position: [ 0.51218611 -1.13933957  0.02242267]
2026-01-21 11:33:40,323 - position: [ 0.51218611 -1.13933957  0.02242267]
2026-01-21 11:33:40,534 - position: [ 0.51214832 -1.13928306  0.02234641]
2026-01-21 11:33:40,763 - position: [ 0.51215118 -1.13946652  0.02229405]
2026-01-21 11:33:40,994 - position: [ 0.5121547  -1.13942051  0.02233682]
2026-01-21 11:33:41,226 - position: [ 0.51208299 -1.13948846  0.02217079]
2026-01-21 11:33:41,481 - position: [ 0.51202589 -1.13941085  0.02209495]
2026-01-21 11:33:41,713 - position: [ 0.51205838 -1.13926768  0.02228688]
2026-01-21 11:33:41,947 - position: [ 0.51207769 -1.13925099  0.02232074]
2026-01-21 11:33:42,167 - position: [ 0.51198566 -1.13926601  0.02208068]
2026-01-21 11:33:42,401 - position: [ 0.51208955 -1.13922763  0.02238102]
2026-01-21 11:33:42,608 - position: [ 0.51209378 -1.13915813  0.02237472]
2026-01-21 11:33:42,813 - position: [ 0.51210511 -1.13921678  0.02234081]
2026-01-21 11:33:43,055 - position: [ 0.51176548 -1.13914096  0.02190626]
2026-01-21 11:33:43,281 - position: [ 0.51180255 -1.13905096  0.02205368]
2026-01-21 11:33:43,518 - position: [ 0.51190263 -1.13899744  0.02199152]
2026-01-21 11:33:43,755 - position: [ 0.51189911 -1.13903546  0.0219885 ]
2026-01-21 11:33:44,002 - position: [ 0.51189244 -1.13892949  0.02211184]
2026-01-21 11:33:44,246 - position: [ 0.51180661 -1.13903546  0.02198229]
2026-01-21 11:33:44,492 - position: [ 0.511778   -1.13903618  0.02193972]
2026-01-21 11:33:44,779 - position: [ 0.51188099 -1.13906038  0.02202869]
2026-01-21 11:33:45,004 - position: [ 0.51216805 -1.13914716  0.0224534 ]
2026-01-21 11:33:45,257 - position: [ 0.51194477 -1.13896167  0.02225617]
2026-01-21 11:33:45,486 - position: [ 0.51201731 -1.13901162  0.02240653]
2026-01-21 11:33:45,687 - position: [ 0.51203829 -1.13906395  0.02241255]
2026-01-21 11:33:45,891 - position: [ 0.51197445 -1.13900208  0.0225136 ]
2026-01-21 11:33:46,110 - position: [ 0.51212424 -1.13919628  0.02249423]
2026-01-21 11:33:46,352 - position: [ 0.51213741 -1.13918972  0.02247796]
2026-01-21 11:33:46,602 - position: [ 0.512218   -1.13915181  0.02267638]
2026-01-21 11:33:46,861 - position: [ 0.51218748 -1.13916171  0.02257714]
2026-01-21 11:33:47,087 - position: [ 0.51224667 -1.13915431  0.02272091]
2026-01-21 11:33:47,332 - position: [ 0.51212078 -1.13905585  0.02264854]
2026-01-21 11:33:47,555 - position: [ 0.51205677 -1.13902688  0.02236709]
2026-01-21 11:33:47,843 - position: [ 0.51191092 -1.13893402  0.02258345]
2026-01-21 11:33:48,070 - position: [ 0.51196533 -1.13886201  0.02276772]
2026-01-21 11:33:48,377 - position: [ 0.51196522 -1.13885844  0.02280098]
2026-01-21 11:33:48,640 - position: [ 0.51190937 -1.13892388  0.02242937]
2026-01-21 11:33:48,842 - position: [ 0.51194191 -1.13890147  0.02272564]
2026-01-21 11:33:49,068 - position: [ 0.51197582 -1.13896596  0.02263274]
2026-01-21 11:33:49,309 - position: [ 0.51200652 -1.1388942   0.02284038]
2026-01-21 11:33:49,539 - position: [ 0.51198673 -1.13897121  0.02264171]
2026-01-21 11:33:49,799 - position: [ 0.5120154  -1.13894725  0.02292963]
2026-01-21 11:33:50,038 - position: [ 0.51198918 -1.1389761   0.02292436]
2026-01-21 11:33:50,290 - position: [ 0.51202989 -1.13899016  0.02289229]
2026-01-21 11:33:50,534 - position: [ 0.51205188 -1.13910973  0.02291062]
2026-01-21 11:33:50,775 - position: [ 0.51209384 -1.13911772  0.02301123]
2026-01-21 11:33:51,012 - position: [ 0.51214689 -1.13912785  0.02278427]
2026-01-21 11:33:51,229 - position: [ 0.51214141 -1.13909888  0.02304183]
2026-01-21 11:33:51,459 - position: [ 0.51213312 -1.13905537  0.02322781]
2026-01-21 11:33:51,756 - position: [ 0.5121758  -1.13906515  0.02328028]
2026-01-21 11:33:51,990 - position: [ 0.51213294 -1.13908875  0.0231526 ]
2026-01-21 11:33:52,218 - position: [ 0.51205909 -1.13902831  0.02293979]
2026-01-21 11:33:52,470 - position: [ 0.51206708 -1.13901782  0.02283403]
2026-01-21 11:33:52,845 - position: [ 0.51208889 -1.13890839  0.02308367]
2026-01-21 11:33:53,106 - position: [ 0.51230174 -1.13887608  0.02332714]
2026-01-21 11:33:53,402 - position: [ 0.51258463 -1.13887477  0.02380897]
2026-01-21 11:33:53,633 - position: [ 0.51223975 -1.13888395  0.02286047]
2026-01-21 11:33:53,858 - position: [ 0.51245207 -1.13859856  0.02370284]
2026-01-21 11:33:54,094 - position: [ 0.51232976 -1.13861108  0.02338704]
2026-01-21 11:33:54,345 - position: [ 0.51300567 -1.13904154  0.02378193]
2026-01-21 11:33:54,591 - position: [ 0.51297486 -1.13780665  0.02484488]
2026-01-21 11:33:54,816 - position: [ 0.56299061 -1.07634032  0.39490411]
2026-01-21 11:33:55,084 - position: [ 0.53735644 -1.16210842  0.76461291]
2026-01-21 11:33:55,359 - position: [ 0.51966232 -1.24115705  0.89237058]
2026-01-21 11:33:55,600 - position: [ 0.51966232 -1.24115705  0.89237058]
2026-01-21 11:33:55,836 - position: [ 0.50143486 -1.1453793   0.77494437]
2026-01-21 11:33:56,079 - position: [ 0.53658092 -1.03285658  0.39053515]
2026-01-21 11:33:56,298 - position: [ 0.50824654 -1.1492672   0.02321977]
2026-01-21 11:33:56,528 - position: [ 0.50666535 -1.14717174  0.02165154]
2026-01-21 11:33:56,738 - position: [ 0.50661933 -1.14764571  0.02201095]
2026-01-21 11:33:57,008 - position: [ 0.50571644 -1.14734995  0.02159208]
2026-01-21 11:33:57,273 - position: [ 0.50585771 -1.14568877  0.0225141 ]
2026-01-21 11:33:57,525 - position: [ 0.50496966 -1.14782667  0.02150143]
2026-01-21 11:33:57,739 - position: [ 0.49982238 -1.14505041  0.02128036]
2026-01-21 11:33:57,946 - position: [ 0.50034267 -1.14498341  0.02180039]
2026-01-21 11:33:58,169 - position: [ 0.50057322 -1.1447202   0.02313836]
2026-01-21 11:33:58,412 - position: [ 0.50008082 -1.14419627  0.02264161]
2026-01-21 11:33:58,640 - position: [ 0.49985453 -1.14367127  0.02335486]
2026-01-21 11:33:58,846 - position: [ 0.49985453 -1.14367127  0.02335486]
2026-01-21 11:33:59,097 - position: [ 0.49907407 -1.14285064  0.02321117]
2026-01-21 11:33:59,315 - position: [ 0.4988763  -1.14199877  0.02384726]
2026-01-21 11:33:59,542 - position: [ 0.4988113  -1.14177811  0.02429799]
2026-01-21 11:33:59,764 - position: [ 0.49869171 -1.14173543  0.02425191]
2026-01-21 11:34:00,023 - position: [ 0.49895525 -1.14171171  0.02449189]
2026-01-21 11:34:00,252 - position: [ 0.49840379 -1.14207125  0.02341294]
2026-01-21 11:34:00,458 - position: [ 0.4973816  -1.14171219  0.02268629]
2026-01-21 11:34:00,689 - position: [ 0.49772874 -1.14169955  0.02325851]
2026-01-21 11:34:00,933 - position: [ 0.49755371 -1.141366    0.02292925]
2026-01-21 11:34:01,183 - position: [ 0.49725959 -1.14118242  0.022813  ]
2026-01-21 11:34:01,422 - position: [ 0.49740121 -1.14132285  0.02302163]
2026-01-21 11:34:01,634 - position: [ 0.49771836 -1.1415025   0.0232457 ]
2026-01-21 11:34:01,867 - position: [ 0.49771836 -1.1415025   0.0232457 ]
2026-01-21 11:34:02,079 - position: [ 0.49765113 -1.14124966  0.02260592]
2026-01-21 11:34:02,307 - position: [ 0.49755216 -1.14199495  0.02237568]
2026-01-21 11:34:02,545 - position: [ 0.49789351 -1.14247274  0.02236199]
2026-01-21 11:34:02,795 - position: [ 0.49767482 -1.14237761  0.02200747]
2026-01-21 11:34:03,025 - position: [ 0.4978759  -1.14230204  0.02233436]
2026-01-21 11:34:03,277 - position: [ 0.49795488 -1.14221561  0.02254885]
2026-01-21 11:34:03,485 - position: [ 0.49811524 -1.14234436  0.02251114]
2026-01-21 11:34:03,771 - position: [ 0.49815607 -1.14240611  0.02266335]
2026-01-21 11:34:03,979 - position: [ 0.49840784 -1.14238465  0.02290634]
2026-01-21 11:34:04,227 - position: [ 0.49858177 -1.14227545  0.02311354]
2026-01-21 11:34:04,474 - position: [ 0.49852243 -1.14232779  0.02308839]
2026-01-21 11:34:04,720 - position: [ 0.49846023 -1.14230514  0.02291592]
2026-01-21 11:34:05,000 - position: [ 0.49855143 -1.14235747  0.02313542]
2026-01-21 11:34:05,221 - position: [ 0.49871236 -1.14248872  0.02329314]
2026-01-21 11:34:05,466 - position: [ 0.49863651 -1.14249432  0.02321337]
2026-01-21 11:34:05,698 - position: [ 0.49859804 -1.14239812  0.02302685]
2026-01-21 11:34:05,905 - position: [ 0.49870026 -1.14235401  0.02317404]
2026-01-21 11:34:06,108 - position: [ 0.49864897 -1.14224946  0.02315701]
2026-01-21 11:34:06,384 - position: [ 0.49844092 -1.14218092  0.022937  ]
2026-01-21 11:34:06,620 - position: [ 0.49838507 -1.14215481  0.02294708]
2026-01-21 11:34:06,864 - position: [ 0.49830288 -1.14221203  0.02287004]
2026-01-21 11:34:07,120 - position: [ 0.49831831 -1.14219618  0.0229895 ]
2026-01-21 11:34:07,345 - position: [ 0.49842012 -1.14236462  0.0228834 ]
2026-01-21 11:34:07,589 - position: [ 0.49842012 -1.14236462  0.0228834 ]
2026-01-21 11:34:07,816 - position: [ 0.49856523 -1.14238369  0.0231517 ]
2026-01-21 11:34:08,044 - position: [ 0.49852961 -1.14253259  0.02268275]
2026-01-21 11:34:08,280 - position: [ 0.49852294 -1.14223242  0.02302377]
2026-01-21 11:34:08,516 - position: [ 0.4983989  -1.14264774  0.02259577]
2026-01-21 11:34:08,758 - position: [ 0.49841049 -1.14258087  0.02266025]
2026-01-21 11:34:08,983 - position: [ 0.49852234 -1.14265132  0.02274043]
2026-01-21 11:34:09,228 - position: [ 0.49930954 -1.14284647  0.02339172]
2026-01-21 11:34:09,474 - position: [ 0.49885741 -1.14258039  0.02298706]
2026-01-21 11:34:09,733 - position: [ 0.49858871 -1.1425941   0.02278747]
2026-01-21 11:34:09,953 - position: [ 0.49878904 -1.14279616  0.02304117]
2026-01-21 11:34:10,186 - position: [ 0.49960428 -1.14285195  0.02388893]
2026-01-21 11:34:10,451 - position: [ 0.49960551 -1.14281058  0.02390856]
2026-01-21 11:34:10,715 - position: [ 0.4986397  -1.14260292  0.02298079]
2026-01-21 11:34:10,927 - position: [ 0.49869004 -1.14266527  0.02296503]
2026-01-21 11:34:11,135 - position: [ 0.49851167 -1.14256871  0.0226715 ]
2026-01-21 11:34:11,373 - position: [ 0.49854261 -1.14256287  0.02287281]
2026-01-21 11:34:11,612 - position: [ 0.4989177  -1.14261472  0.0232169 ]
2026-01-21 11:34:11,844 - position: [ 0.49852666 -1.14256716  0.0227846 ]
2026-01-21 11:34:12,126 - position: [ 0.49842629 -1.14243484  0.0228081 ]
2026-01-21 11:34:12,387 - position: [ 0.49892622 -1.14247692  0.02337218]
2026-01-21 11:34:12,662 - position: [ 0.49869692 -1.14241624  0.02303067]
2026-01-21 11:34:13,000 - position: [ 0.49894732 -1.14233637  0.02350589]
2026-01-21 11:34:13,272 - position: [ 0.49869034 -1.1423552   0.02322295]
2026-01-21 11:34:13,484 - position: [ 0.49849159 -1.1424017   0.02291429]
