2026-01-21 11:22:41,679 - position: [ 0.31529543 -1.3620671   0.78567636]
2026-01-21 11:22:41,883 - position: [ 0.31508687 -1.36233079  0.78532094]
2026-01-21 11:22:42,126 - position: [ 0.31508633 -1.36266959  0.78515691]
2026-01-21 11:22:42,481 - position: [ 0.31580615 -1.364097    0.78486377]
2026-01-21 11:22:42,697 - position: [ 0.31614161 -1.36381018  0.78480953]
2026-01-21 11:22:42,931 - position: [ 0.31711972 -1.36047578  0.78504175]
2026-01-21 11:22:43,172 - position: [ 0.31640786 -1.36082482  0.78538549]
2026-01-21 11:22:43,397 - position: [ 0.31444991 -1.36025584  0.7858935 ]
2026-01-21 11:22:43,638 - position: [ 0.3136234  -1.36020255  0.78619468]
2026-01-21 11:22:43,841 - position: [ 0.31209266 -1.36119652  0.78606552]
2026-01-21 11:22:44,098 - position: [ 0.31085277 -1.3604759   0.78570086]
2026-01-21 11:22:44,320 - position: [ 0.31046447 -1.35982502  0.78573573]
2026-01-21 11:22:44,547 - position: [ 0.30978414 -1.3600738   0.78637314]
2026-01-21 11:22:44,815 - position: [ 0.30874348 -1.36042082  0.78647465]
2026-01-21 11:22:45,076 - position: [ 0.30795377 -1.36028087  0.78678083]
2026-01-21 11:22:45,322 - position: [ 0.30706933 -1.36014736  0.78753614]
2026-01-21 11:22:45,576 - position: [ 0.30667841 -1.36132061  0.78814405]
2026-01-21 11:22:45,778 - position: [ 0.30682719 -1.36124265  0.78869885]
2026-01-21 11:22:46,072 - position: [ 0.30456427 -1.34245193  0.79596692]
2026-01-21 11:22:46,284 - position: [ 0.30266288 -1.32796419  0.8011995 ]
2026-01-21 11:22:46,502 - position: [ 0.30266288 -1.32796419  0.8011995 ]
2026-01-21 11:22:46,704 - position: [ 0.30266288 -1.32796419  0.8011995 ]
2026-01-21 11:22:46,941 - position: [ 0.30266288 -1.32796419  0.8011995 ]
2026-01-21 11:22:47,185 - position: [ 0.30266288 -1.32796419  0.8011995 ]
2026-01-21 11:22:47,437 - position: [ 0.30266288 -1.32796419  0.8011995 ]
2026-01-21 11:22:47,677 - position: [ 0.30266288 -1.32796419  0.8011995 ]
2026-01-21 11:22:47,897 - position: [ 0.30266288 -1.32796419  0.8011995 ]
2026-01-21 11:22:48,117 - position: [ 0.30266288 -1.32796419  0.8011995 ]
2026-01-21 11:22:48,353 - position: [ 0.3333883  -1.10689366  1.01945937]
2026-01-21 11:22:48,588 - position: [ 0.32271689 -1.21905828  0.86909389]
2026-01-21 11:22:48,807 - position: [ 0.31654084 -1.28378916  0.8202967 ]
2026-01-21 11:22:49,021 - position: [ 0.30838275 -1.35675263  0.79168522]
2026-01-21 11:22:49,292 - position: [ 0.30499169 -1.34625459  0.79561234]
2026-01-21 11:22:49,529 - position: [ 0.27075762 -1.24075222  0.8284449 ]
2026-01-21 11:22:49,756 - position: [ 0.29985261 -1.32051098  0.7956509 ]
2026-01-21 11:22:49,984 - position: [ 0.31206548 -1.35087681  0.78059006]
2026-01-21 11:22:50,223 - position: [ 0.29285842 -1.31729472  0.79521018]
2026-01-21 11:22:50,466 - position: [ 0.29530677 -1.31669438  0.79451764]
2026-01-21 11:22:50,686 - position: [ 0.2958405  -1.32650328  0.79251152]
2026-01-21 11:22:50,912 - position: [ 0.29816192 -1.33028686  0.79233944]
2026-01-21 11:22:51,160 - position: [ 0.29843137 -1.33338356  0.79181063]
2026-01-21 11:22:51,389 - position: [ 0.2990782  -1.33330655  0.79098123]
2026-01-21 11:22:51,638 - position: [ 0.30085748 -1.32515967  0.79175764]
2026-01-21 11:22:51,877 - position: [ 0.29754102 -1.31378031  0.79322004]
2026-01-21 11:22:52,100 - position: [ 0.29537696 -1.30974317  0.79278833]
2026-01-21 11:22:52,308 - position: [ 0.29393375 -1.31433952  0.7909922 ]
2026-01-21 11:22:52,527 - position: [ 0.29212892 -1.31542599  0.78996068]
2026-01-21 11:22:52,734 - position: [ 0.29212892 -1.31542599  0.78996068]
2026-01-21 11:22:52,966 - position: [ 0.29212892 -1.31542599  0.78996068]
2026-01-21 11:22:53,280 - position: [ 0.29212892 -1.31542599  0.78996068]
2026-01-21 11:22:53,515 - position: [ 0.28760004 -1.32333231  0.79047912]
2026-01-21 11:22:53,825 - position: [ 0.28231978 -1.32301295  0.79209167]
2026-01-21 11:22:54,119 - position: [ 0.28809166 -1.32631385  0.79867649]
2026-01-21 11:22:54,367 - position: [ 0.29334486 -1.33957613  0.7961849 ]
2026-01-21 11:22:54,625 - position: [ 0.29107022 -1.33720338  0.79588598]
2026-01-21 11:22:54,834 - position: [ 0.29136518 -1.33679199  0.79567826]
2026-01-21 11:22:55,159 - position: [ 0.28689983 -1.3343606   0.7944932 ]
2026-01-21 11:22:55,426 - position: [ 0.28893438 -1.33204341  0.79252833]
2026-01-21 11:22:55,687 - position: [ 0.28912428 -1.32866848  0.79148006]
2026-01-21 11:22:55,953 - position: [ 0.28940386 -1.32458019  0.79162288]
2026-01-21 11:22:56,195 - position: [ 0.2895745  -1.32471859  0.79164511]
2026-01-21 11:22:56,407 - position: [ 0.28843465 -1.32348037  0.79167193]
2026-01-21 11:22:56,655 - position: [ 0.29495105 -1.29138064  0.7936691 ]
2026-01-21 11:22:56,922 - position: [ 0.272973   -1.26982141  0.79214847]
2026-01-21 11:22:57,143 - position: [ 0.272973   -1.26982141  0.79214847]
2026-01-21 11:22:57,406 - position: [ 0.272973   -1.26982141  0.79214847]
2026-01-21 11:22:57,609 - position: [ 0.272973   -1.26982141  0.79214847]
2026-01-21 11:22:57,832 - position: [ 0.272973   -1.26982141  0.79214847]
2026-01-21 11:22:58,143 - position: [ 0.272973   -1.26982141  0.79214847]
2026-01-21 11:22:58,360 - position: [ 0.30350587 -1.31768417  0.78462714]
2026-01-21 11:22:58,618 - position: [ 0.29834935 -1.32206988  0.7912811 ]
2026-01-21 11:22:58,902 - position: [ 0.30149955 -1.31945837  0.79346299]
2026-01-21 11:22:59,137 - position: [ 0.30336779 -1.32037485  0.79296982]
2026-01-21 11:22:59,391 - position: [ 0.30334133 -1.31962502  0.79251701]
2026-01-21 11:22:59,656 - position: [ 0.30202812 -1.31969011  0.79101324]
2026-01-21 11:22:59,907 - position: [ 0.302753   -1.32017565  0.79067659]
2026-01-21 11:23:00,167 - position: [ 0.29942539 -1.32021272  0.78976142]
2026-01-21 11:23:00,395 - position: [ 0.29226258 -1.31007314  0.79099357]
2026-01-21 11:23:00,619 - position: [ 0.29013571 -1.31226051  0.79023659]
2026-01-21 11:23:00,832 - position: [ 0.28983387 -1.31202817  0.78935856]
2026-01-21 11:23:01,046 - position: [ 0.28983387 -1.31202817  0.78935856]
2026-01-21 11:23:01,276 - position: [ 0.28914484 -1.31265783  0.78708643]
2026-01-21 11:23:01,479 - position: [ 0.28914484 -1.31265783  0.78708643]
2026-01-21 11:23:01,736 - position: [ 0.28923774 -1.31498742  0.78781247]
2026-01-21 11:23:01,951 - position: [ 0.28789654 -1.31514275  0.78796977]
2026-01-21 11:23:02,154 - position: [ 0.28640297 -1.31508958  0.78815979]
2026-01-21 11:23:02,377 - position: [ 0.28385201 -1.31398916  0.78787488]
2026-01-21 11:23:02,611 - position: [ 0.28353751 -1.31265509  0.7887482 ]
2026-01-21 11:23:02,829 - position: [ 0.28641951 -1.31432116  0.78935534]
2026-01-21 11:23:03,067 - position: [ 0.28641951 -1.31432116  0.78935534]
2026-01-21 11:23:03,304 - position: [ 0.28641951 -1.31432116  0.78935534]
2026-01-21 11:23:03,512 - position: [ 0.28641951 -1.31432116  0.78935534]
2026-01-21 11:23:03,743 - position: [ 0.28641951 -1.31432116  0.78935534]
2026-01-21 11:23:03,965 - position: [ 0.28641951 -1.31432116  0.78935534]
2026-01-21 11:23:04,179 - position: [ 0.28641951 -1.31432116  0.78935534]
2026-01-21 11:23:04,406 - position: [ 0.28641951 -1.31432116  0.78935534]
2026-01-21 11:23:04,680 - position: [ 0.28641951 -1.31432116  0.78935534]
2026-01-21 11:23:04,905 - position: [ 0.28641951 -1.31432116  0.78935534]
2026-01-21 11:23:05,121 - position: [ 0.28641951 -1.31432116  0.78935534]
2026-01-21 11:23:05,382 - position: [ 0.28641951 -1.31432116  0.78935534]
2026-01-21 11:23:05,612 - position: [ 0.29922938 -1.32046568  0.78754109]
2026-01-21 11:23:05,814 - position: [ 0.2996375  -1.32081342  0.78753728]
2026-01-21 11:23:06,079 - position: [ 0.2996375  -1.32081342  0.78753728]
2026-01-21 11:23:06,292 - position: [ 0.2996375  -1.32081342  0.78753728]
2026-01-21 11:23:06,527 - position: [ 0.2996375  -1.32081342  0.78753728]
2026-01-21 11:23:06,785 - position: [ 0.2996375  -1.32081342  0.78753728]
2026-01-21 11:23:07,017 - position: [ 0.2996375  -1.32081342  0.78753728]
2026-01-21 11:23:07,231 - position: [ 0.2996375  -1.32081342  0.78753728]
2026-01-21 11:23:07,536 - position: [ 0.2996375  -1.32081342  0.78753728]
2026-01-21 11:23:07,748 - position: [ 0.2996375  -1.32081342  0.78753728]
2026-01-21 11:23:07,963 - position: [ 0.2996375  -1.32081342  0.78753728]
2026-01-21 11:23:08,197 - position: [ 0.2996375  -1.32081342  0.78753728]
2026-01-21 11:23:08,458 - position: [ 0.2996375  -1.32081342  0.78753728]
2026-01-21 11:23:08,698 - position: [ 0.2996375  -1.32081342  0.78753728]
2026-01-21 11:23:08,933 - position: [ 0.2996375  -1.32081342  0.78753728]
2026-01-21 11:23:09,161 - position: [ 0.2996375  -1.32081342  0.78753728]
2026-01-21 11:23:09,420 - position: [ 0.29003185 -1.32490909  0.79184711]
2026-01-21 11:23:09,686 - position: [ 0.29003185 -1.32490909  0.79184711]
2026-01-21 11:23:09,949 - position: [ 0.29003185 -1.32490909  0.79184711]
2026-01-21 11:23:10,156 - position: [ 0.29003185 -1.32490909  0.79184711]
2026-01-21 11:23:10,362 - position: [ 0.29003185 -1.32490909  0.79184711]
2026-01-21 11:23:10,628 - position: [ 0.29003185 -1.32490909  0.79184711]
2026-01-21 11:23:10,859 - position: [ 0.29003185 -1.32490909  0.79184711]
2026-01-21 11:23:11,146 - position: [ 0.27350304 -1.12649119  0.97625548]
2026-01-21 11:23:11,415 - position: [ 0.30295041 -1.37211287  0.77748448]
2026-01-21 11:23:11,641 - position: [ 0.30338949 -1.36472023  0.78971088]
2026-01-21 11:23:11,917 - position: [ 0.2875236  -1.31949067  0.81066179]
2026-01-21 11:23:12,123 - position: [ 0.27060086 -1.33424079  0.80776894]
2026-01-21 11:23:12,350 - position: [ 0.27060086 -1.33424079  0.80776894]
2026-01-21 11:23:12,594 - position: [ 0.29684386 -1.33800411  0.80224276]
2026-01-21 11:23:12,820 - position: [ 0.29207754 -1.33746505  0.7965166 ]
2026-01-21 11:23:13,040 - position: [ 0.28934428 -1.33832633  0.79556865]
2026-01-21 11:23:13,282 - position: [ 0.28934428 -1.33832633  0.79556865]
2026-01-21 11:23:13,569 - position: [ 0.28934428 -1.33832633  0.79556865]
2026-01-21 11:23:13,855 - position: [ 0.27905732 -1.31470132  0.80225962]
2026-01-21 11:23:14,200 - position: [ 0.29063848 -1.33002102  0.7952373 ]
2026-01-21 11:23:14,418 - position: [ 0.29350165 -1.32733798  0.79584944]
2026-01-21 11:23:14,639 - position: [ 0.29520783 -1.32413971  0.79446089]
2026-01-21 11:23:14,905 - position: [ 0.29292822 -1.32860935  0.79219669]
2026-01-21 11:23:15,130 - position: [ 0.29154128 -1.32899392  0.79191208]
2026-01-21 11:23:15,374 - position: [ 0.29678249 -1.32517755  0.79293752]
2026-01-21 11:23:15,636 - position: [ 0.30013412 -1.32885051  0.79360712]
2026-01-21 11:23:15,856 - position: [ 0.30072895 -1.31978953  0.80115747]
2026-01-21 11:23:16,089 - position: [ 0.30257583 -1.29859161  0.81545305]
2026-01-21 11:23:16,324 - position: [ 0.30430281 -1.28483176  0.82094294]
2026-01-21 11:23:16,582 - position: [ 0.30430281 -1.28483176  0.82094294]
2026-01-21 11:23:16,796 - position: [ 0.30430281 -1.28483176  0.82094294]
2026-01-21 11:23:17,049 - position: [ 0.30430281 -1.28483176  0.82094294]
2026-01-21 11:23:17,290 - position: [ 0.30430281 -1.28483176  0.82094294]
2026-01-21 11:23:17,583 - position: [ 0.30072141 -1.30694282  0.79872113]
2026-01-21 11:23:17,799 - position: [ 0.29991287 -1.31316185  0.79750401]
2026-01-21 11:23:18,031 - position: [ 0.29991287 -1.31316185  0.79750401]
2026-01-21 11:23:18,309 - position: [ 0.29991287 -1.31316185  0.79750401]
2026-01-21 11:23:18,552 - position: [ 0.29991287 -1.31316185  0.79750401]
2026-01-21 11:23:18,778 - position: [ 0.29991287 -1.31316185  0.79750401]
2026-01-21 11:23:19,016 - position: [ 0.29991287 -1.31316185  0.79750401]
2026-01-21 11:23:19,351 - position: [ 0.29991287 -1.31316185  0.79750401]
2026-01-21 11:23:19,590 - position: [ 0.29991287 -1.31316185  0.79750401]
2026-01-21 11:23:19,831 - position: [ 0.29991287 -1.31316185  0.79750401]
2026-01-21 11:23:20,079 - position: [ 0.29991287 -1.31316185  0.79750401]
2026-01-21 11:23:20,322 - position: [ 0.29991287 -1.31316185  0.79750401]
2026-01-21 11:23:20,553 - position: [ 0.29991287 -1.31316185  0.79750401]
2026-01-21 11:23:20,797 - position: [ 0.29991287 -1.31316185  0.79750401]
2026-01-21 11:23:21,021 - position: [ 0.29991287 -1.31316185  0.79750401]
2026-01-21 11:23:21,236 - position: [ 0.29991287 -1.31316185  0.79750401]
2026-01-21 11:23:21,461 - position: [ 0.29991287 -1.31316185  0.79750401]
2026-01-21 11:23:21,691 - position: [ 0.29991287 -1.31316185  0.79750401]
2026-01-21 11:23:21,952 - position: [ 0.29991287 -1.31316185  0.79750401]
2026-01-21 11:23:22,194 - position: [ 0.29991287 -1.31316185  0.79750401]
2026-01-21 11:23:22,429 - position: [ 0.29991287 -1.31316185  0.79750401]
2026-01-21 11:23:22,724 - position: [ 0.29991287 -1.31316185  0.79750401]
2026-01-21 11:23:23,026 - position: [ 0.29991287 -1.31316185  0.79750401]
2026-01-21 11:23:23,299 - position: [ 0.29991287 -1.31316185  0.79750401]
2026-01-21 11:23:23,551 - position: [ 0.29991287 -1.31316185  0.79750401]
2026-01-21 11:23:23,770 - position: [ 0.29991287 -1.31316185  0.79750401]
2026-01-21 11:23:24,009 - position: [ 0.29991287 -1.31316185  0.79750401]
2026-01-21 11:23:24,217 - position: [ 0.29991287 -1.31316185  0.79750401]
2026-01-21 11:23:24,489 - position: [ 0.29991287 -1.31316185  0.79750401]
2026-01-21 11:23:24,748 - position: [ 0.29991287 -1.31316185  0.79750401]
2026-01-21 11:23:25,002 - position: [ 0.29991287 -1.31316185  0.79750401]
2026-01-21 11:23:25,247 - position: [ 0.29991287 -1.31316185  0.79750401]
2026-01-21 11:23:25,481 - position: [ 0.29991287 -1.31316185  0.79750401]
2026-01-21 11:23:25,778 - position: [ 0.29991287 -1.31316185  0.79750401]
2026-01-21 11:23:25,994 - position: [ 0.29991287 -1.31316185  0.79750401]
2026-01-21 11:23:26,235 - position: [ 0.29991287 -1.31316185  0.79750401]
2026-01-21 11:23:26,516 - position: [ 0.29991287 -1.31316185  0.79750401]
2026-01-21 11:23:26,719 - position: [ 0.29991287 -1.31316185  0.79750401]
2026-01-21 11:23:26,969 - position: [ 0.29991287 -1.31316185  0.79750401]
2026-01-21 11:23:27,178 - position: [ 0.29991287 -1.31316185  0.79750401]
2026-01-21 11:23:27,384 - position: [ 0.29991287 -1.31316185  0.79750401]
2026-01-21 11:23:27,648 - position: [ 0.29991287 -1.31316185  0.79750401]
2026-01-21 11:23:27,868 - position: [ 0.29991287 -1.31316185  0.79750401]
2026-01-21 11:23:28,162 - position: [ 0.29991287 -1.31316185  0.79750401]
2026-01-21 11:23:28,417 - position: [ 0.29991287 -1.31316185  0.79750401]
2026-01-21 11:23:28,713 - position: [ 0.29991287 -1.31316185  0.79750401]
2026-01-21 11:23:28,954 - position: [ 0.29991287 -1.31316185  0.79750401]
2026-01-21 11:23:29,181 - position: [ 0.29991287 -1.31316185  0.79750401]
2026-01-21 11:23:29,398 - position: [ 0.29991287 -1.31316185  0.79750401]
2026-01-21 11:23:29,638 - position: [ 0.29991287 -1.31316185  0.79750401]
2026-01-21 11:23:29,878 - position: [ 0.29991287 -1.31316185  0.79750401]
2026-01-21 11:23:30,122 - position: [ 0.29991287 -1.31316185  0.79750401]
2026-01-21 11:23:30,370 - position: [ 0.29991287 -1.31316185  0.79750401]
2026-01-21 11:23:30,623 - position: [ 0.29991287 -1.31316185  0.79750401]
2026-01-21 11:23:30,889 - position: [ 0.29991287 -1.31316185  0.79750401]
2026-01-21 11:23:31,120 - position: [ 0.29991287 -1.31316185  0.79750401]
2026-01-21 11:23:31,528 - position: [ 0.29991287 -1.31316185  0.79750401]
2026-01-21 11:23:31,782 - position: [ 0.29991287 -1.31316185  0.79750401]
2026-01-21 11:23:31,988 - position: [ 0.29991287 -1.31316185  0.79750401]
2026-01-21 11:23:32,275 - position: [ 0.29991287 -1.31316185  0.79750401]
2026-01-21 11:23:32,540 - position: [ 0.29991287 -1.31316185  0.79750401]
2026-01-21 11:23:32,781 - position: [ 0.29991287 -1.31316185  0.79750401]
2026-01-21 11:23:32,983 - position: [ 0.29991287 -1.31316185  0.79750401]
2026-01-21 11:23:33,233 - position: [ 0.29991287 -1.31316185  0.79750401]
2026-01-21 11:23:33,457 - position: [ 0.29991287 -1.31316185  0.79750401]
2026-01-21 11:23:33,689 - position: [ 0.29991287 -1.31316185  0.79750401]
2026-01-21 11:23:33,927 - position: [ 0.29991287 -1.31316185  0.79750401]
2026-01-21 11:23:34,159 - position: [ 0.29991287 -1.31316185  0.79750401]
2026-01-21 11:23:34,425 - position: [ 0.29991287 -1.31316185  0.79750401]
2026-01-21 11:23:34,654 - position: [ 0.29991287 -1.31316185  0.79750401]
2026-01-21 11:23:34,928 - position: [ 0.29991287 -1.31316185  0.79750401]
2026-01-21 11:23:35,202 - position: [ 0.29991287 -1.31316185  0.79750401]
2026-01-21 11:23:35,468 - position: [ 0.29991287 -1.31316185  0.79750401]
2026-01-21 11:23:35,734 - position: [ 0.29991287 -1.31316185  0.79750401]
2026-01-21 11:23:35,947 - position: [ 0.29991287 -1.31316185  0.79750401]
2026-01-21 11:23:36,185 - position: [ 0.29991287 -1.31316185  0.79750401]
2026-01-21 11:23:36,409 - position: [ 0.29991287 -1.31316185  0.79750401]
2026-01-21 11:23:36,623 - position: [ 0.29991287 -1.31316185  0.79750401]
2026-01-21 11:23:36,876 - position: [ 0.29991287 -1.31316185  0.79750401]
2026-01-21 11:23:37,095 - position: [ 0.29991287 -1.31316185  0.79750401]
2026-01-21 11:23:37,396 - position: [ 0.29991287 -1.31316185  0.79750401]
2026-01-21 11:23:37,622 - position: [ 0.29991287 -1.31316185  0.79750401]
2026-01-21 11:23:37,854 - position: [ 0.29991287 -1.31316185  0.79750401]
2026-01-21 11:23:38,136 - position: [ 0.29991287 -1.31316185  0.79750401]
2026-01-21 11:23:38,352 - position: [ 0.29991287 -1.31316185  0.79750401]
2026-01-21 11:23:38,582 - position: [ 0.29991287 -1.31316185  0.79750401]
2026-01-21 11:23:38,833 - position: [ 0.29991287 -1.31316185  0.79750401]
2026-01-21 11:23:39,094 - position: [ 0.29991287 -1.31316185  0.79750401]
2026-01-21 11:23:39,326 - position: [ 0.29991287 -1.31316185  0.79750401]
2026-01-21 11:23:39,535 - position: [ 0.29991287 -1.31316185  0.79750401]
2026-01-21 11:23:39,774 - position: [ 0.29991287 -1.31316185  0.79750401]
2026-01-21 11:23:40,050 - position: [ 0.29991287 -1.31316185  0.79750401]
2026-01-21 11:23:40,256 - position: [ 0.32851452 -1.28320825  1.82402861]
2026-01-21 11:23:40,484 - position: [ 0.32745102 -1.30533648  1.82528794]
2026-01-21 11:23:40,745 - position: [ 0.33815479 -1.20674312  1.77861834]
2026-01-21 11:23:41,014 - position: [ 0.3394666  -1.14357567  1.71348226]
2026-01-21 11:23:41,252 - position: [ 0.3394666  -1.14357567  1.71348226]
2026-01-21 11:23:41,456 - position: [ 0.3394666  -1.14357567  1.71348226]
2026-01-21 11:23:41,669 - position: [ 0.32584247 -1.40059698  0.77421325]
2026-01-21 11:23:41,879 - position: [ 0.31795394 -1.37350047  0.78837633]
2026-01-21 11:23:42,117 - position: [ 0.31735641 -1.30883241  0.8129397 ]
2026-01-21 11:23:42,344 - position: [ 0.31661198 -1.31024659  0.81331593]
2026-01-21 11:23:42,600 - position: [ 0.31539646 -1.31575906  0.81083751]
2026-01-21 11:23:42,833 - position: [ 0.31539646 -1.31575906  0.81083751]
2026-01-21 11:23:43,075 - position: [ 0.31539646 -1.31575906  0.81083751]
2026-01-21 11:23:43,320 - position: [ 0.31539646 -1.31575906  0.81083751]
2026-01-21 11:23:43,619 - position: [ 0.31539646 -1.31575906  0.81083751]
2026-01-21 11:23:43,861 - position: [ 0.31539646 -1.31575906  0.81083751]
2026-01-21 11:23:44,084 - position: [ 0.31539646 -1.31575906  0.81083751]
2026-01-21 11:23:44,295 - position: [ 0.31539646 -1.31575906  0.81083751]
2026-01-21 11:23:44,498 - position: [ 0.31539646 -1.31575906  0.81083751]
2026-01-21 11:23:44,747 - position: [ 0.31539646 -1.31575906  0.81083751]
2026-01-21 11:23:44,958 - position: [ 0.31539646 -1.31575906  0.81083751]
2026-01-21 11:23:45,182 - position: [ 0.31539646 -1.31575906  0.81083751]
2026-01-21 11:23:45,390 - position: [ 0.31539646 -1.31575906  0.81083751]
2026-01-21 11:23:45,606 - position: [ 0.31539646 -1.31575906  0.81083751]
2026-01-21 11:23:45,847 - position: [ 0.31539646 -1.31575906  0.81083751]
2026-01-21 11:23:46,099 - position: [ 0.31539646 -1.31575906  0.81083751]
2026-01-21 11:23:46,319 - position: [ 0.31539646 -1.31575906  0.81083751]
2026-01-21 11:23:46,558 - position: [ 0.31539646 -1.31575906  0.81083751]
2026-01-21 11:23:46,777 - position: [ 0.31539646 -1.31575906  0.81083751]
2026-01-21 11:23:47,000 - position: [ 0.31539646 -1.31575906  0.81083751]
2026-01-21 11:23:47,221 - position: [ 0.31539646 -1.31575906  0.81083751]
2026-01-21 11:23:47,449 - position: [ 0.31539646 -1.31575906  0.81083751]
2026-01-21 11:23:47,675 - position: [ 0.31539646 -1.31575906  0.81083751]
2026-01-21 11:23:47,927 - position: [ 0.31539646 -1.31575906  0.81083751]
2026-01-21 11:23:48,143 - position: [ 0.31539646 -1.31575906  0.81083751]
2026-01-21 11:23:48,391 - position: [ 0.31539646 -1.31575906  0.81083751]
2026-01-21 11:23:48,612 - position: [ 0.31539646 -1.31575906  0.81083751]
2026-01-21 11:23:48,821 - position: [ 0.31539646 -1.31575906  0.81083751]
2026-01-21 11:23:49,054 - position: [ 0.31539646 -1.31575906  0.81083751]
2026-01-21 11:23:49,282 - position: [ 0.31539646 -1.31575906  0.81083751]
2026-01-21 11:23:49,525 - position: [ 0.31539646 -1.31575906  0.81083751]
2026-01-21 11:23:49,770 - position: [ 0.31539646 -1.31575906  0.81083751]
2026-01-21 11:23:50,003 - position: [ 0.31539646 -1.31575906  0.81083751]
2026-01-21 11:23:50,249 - position: [ 0.31539646 -1.31575906  0.81083751]
2026-01-21 11:23:50,460 - position: [ 0.31539646 -1.31575906  0.81083751]
2026-01-21 11:23:50,669 - position: [ 0.31539646 -1.31575906  0.81083751]
2026-01-21 11:23:50,908 - position: [ 0.31539646 -1.31575906  0.81083751]
2026-01-21 11:23:51,141 - position: [ 0.31539646 -1.31575906  0.81083751]
2026-01-21 11:23:51,380 - position: [ 0.31539646 -1.31575906  0.81083751]
2026-01-21 11:23:51,598 - position: [ 0.31539646 -1.31575906  0.81083751]
2026-01-21 11:23:51,809 - position: [ 0.31539646 -1.31575906  0.81083751]
2026-01-21 11:23:52,031 - position: [ 0.31539646 -1.31575906  0.81083751]
2026-01-21 11:23:52,246 - position: [ 0.31539646 -1.31575906  0.81083751]
2026-01-21 11:23:52,501 - position: [ 0.31539646 -1.31575906  0.81083751]
2026-01-21 11:23:52,781 - position: [ 0.31539646 -1.31575906  0.81083751]
2026-01-21 11:23:53,036 - position: [ 0.31539646 -1.31575906  0.81083751]
2026-01-21 11:23:53,246 - position: [ 0.31539646 -1.31575906  0.81083751]
2026-01-21 11:23:53,477 - position: [ 0.31539646 -1.31575906  0.81083751]
2026-01-21 11:23:53,682 - position: [ 0.31539646 -1.31575906  0.81083751]
2026-01-21 11:23:53,958 - position: [ 0.31539646 -1.31575906  0.81083751]
2026-01-21 11:23:54,196 - position: [ 0.31539646 -1.31575906  0.81083751]
2026-01-21 11:23:54,440 - position: [ 0.31539646 -1.31575906  0.81083751]
2026-01-21 11:23:54,681 - position: [ 0.31539646 -1.31575906  0.81083751]
2026-01-21 11:23:54,912 - position: [ 0.31539646 -1.31575906  0.81083751]
2026-01-21 11:23:55,166 - position: [ 0.31539646 -1.31575906  0.81083751]
2026-01-21 11:23:55,409 - position: [ 0.31539646 -1.31575906  0.81083751]
2026-01-21 11:23:55,612 - position: [ 0.31539646 -1.31575906  0.81083751]
2026-01-21 11:23:55,844 - position: [ 0.31539646 -1.31575906  0.81083751]
2026-01-21 11:23:56,065 - position: [ 0.31539646 -1.31575906  0.81083751]
2026-01-21 11:23:56,272 - position: [ 0.31539646 -1.31575906  0.81083751]
2026-01-21 11:23:56,541 - position: [ 0.31539646 -1.31575906  0.81083751]
2026-01-21 11:23:56,863 - position: [ 0.31539646 -1.31575906  0.81083751]
2026-01-21 11:23:57,102 - position: [ 0.31539646 -1.31575906  0.81083751]
2026-01-21 11:23:57,349 - position: [ 0.31539646 -1.31575906  0.81083751]
2026-01-21 11:23:57,606 - position: [ 0.31539646 -1.31575906  0.81083751]
2026-01-21 11:23:57,810 - position: [ 0.31539646 -1.31575906  0.81083751]
2026-01-21 11:23:58,040 - position: [ 0.31539646 -1.31575906  0.81083751]
2026-01-21 11:23:58,278 - position: [ 0.31539646 -1.31575906  0.81083751]
2026-01-21 11:23:58,489 - position: [ 0.31539646 -1.31575906  0.81083751]
2026-01-21 11:23:58,707 - position: [ 0.31539646 -1.31575906  0.81083751]
2026-01-21 11:23:58,921 - position: [ 0.31539646 -1.31575906  0.81083751]
2026-01-21 11:23:59,196 - position: [ 0.31539646 -1.31575906  0.81083751]
2026-01-21 11:23:59,453 - position: [ 0.31539646 -1.31575906  0.81083751]
2026-01-21 11:23:59,740 - position: [ 0.31539646 -1.31575906  0.81083751]
2026-01-21 11:23:59,953 - position: [ 0.31539646 -1.31575906  0.81083751]
2026-01-21 11:24:00,217 - position: [ 0.31539646 -1.31575906  0.81083751]
2026-01-21 11:24:00,519 - position: [ 0.31539646 -1.31575906  0.81083751]
2026-01-21 11:24:00,736 - position: [ 0.31539646 -1.31575906  0.81083751]
2026-01-21 11:24:00,969 - position: [ 0.31539646 -1.31575906  0.81083751]
2026-01-21 11:24:01,259 - position: [ 0.31539646 -1.31575906  0.81083751]
2026-01-21 11:24:01,493 - position: [ 0.31539646 -1.31575906  0.81083751]
2026-01-21 11:24:01,719 - position: [ 0.31539646 -1.31575906  0.81083751]
2026-01-21 11:24:01,935 - position: [ 0.31539646 -1.31575906  0.81083751]
2026-01-21 11:24:02,142 - position: [ 0.31539646 -1.31575906  0.81083751]
2026-01-21 11:24:02,399 - position: [ 0.31539646 -1.31575906  0.81083751]
2026-01-21 11:24:02,619 - position: [ 0.31539646 -1.31575906  0.81083751]
2026-01-21 11:24:02,840 - position: [ 0.31539646 -1.31575906  0.81083751]
2026-01-21 11:24:03,053 - position: [ 0.31539646 -1.31575906  0.81083751]
2026-01-21 11:24:03,261 - position: [ 0.31539646 -1.31575906  0.81083751]
2026-01-21 11:24:03,503 - position: [ 0.31539646 -1.31575906  0.81083751]
2026-01-21 11:24:03,726 - position: [ 0.31539646 -1.31575906  0.81083751]
2026-01-21 11:24:03,996 - position: [ 0.31539646 -1.31575906  0.81083751]
2026-01-21 11:24:04,309 - position: [ 0.31539646 -1.31575906  0.81083751]
2026-01-21 11:24:04,542 - position: [ 0.31539646 -1.31575906  0.81083751]
2026-01-21 11:24:04,760 - position: [ 0.31539646 -1.31575906  0.81083751]
2026-01-21 11:24:04,974 - position: [ 0.31539646 -1.31575906  0.81083751]
2026-01-21 11:24:05,256 - position: [ 0.31539646 -1.31575906  0.81083751]
2026-01-21 11:24:05,490 - position: [ 0.31539646 -1.31575906  0.81083751]
2026-01-21 11:24:05,735 - position: [ 0.31539646 -1.31575906  0.81083751]
2026-01-21 11:24:05,944 - position: [ 0.31539646 -1.31575906  0.81083751]
2026-01-21 11:24:06,197 - position: [ 0.31539646 -1.31575906  0.81083751]
2026-01-21 11:24:06,464 - position: [ 0.31539646 -1.31575906  0.81083751]
2026-01-21 11:24:06,712 - position: [ 0.31539646 -1.31575906  0.81083751]
2026-01-21 11:24:06,973 - position: [ 0.31539646 -1.31575906  0.81083751]
2026-01-21 11:24:07,198 - position: [ 0.31539646 -1.31575906  0.81083751]
2026-01-21 11:24:07,420 - position: [ 0.31539646 -1.31575906  0.81083751]
2026-01-21 11:24:07,634 - position: [ 0.31539646 -1.31575906  0.81083751]
2026-01-21 11:24:07,898 - position: [ 0.31539646 -1.31575906  0.81083751]
2026-01-21 11:24:08,147 - position: [ 0.31539646 -1.31575906  0.81083751]
2026-01-21 11:24:08,355 - position: [ 0.31539646 -1.31575906  0.81083751]
2026-01-21 11:24:08,563 - position: [ 0.31539646 -1.31575906  0.81083751]
2026-01-21 11:24:08,781 - position: [ 0.31539646 -1.31575906  0.81083751]
2026-01-21 11:24:09,014 - position: [ 0.31539646 -1.31575906  0.81083751]
2026-01-21 11:24:09,235 - position: [ 0.31539646 -1.31575906  0.81083751]
2026-01-21 11:24:09,455 - position: [ 0.31539646 -1.31575906  0.81083751]
2026-01-21 11:24:09,717 - position: [ 0.31539646 -1.31575906  0.81083751]
2026-01-21 11:24:09,926 - position: [ 0.31539646 -1.31575906  0.81083751]
2026-01-21 11:24:10,138 - position: [ 0.31539646 -1.31575906  0.81083751]
2026-01-21 11:24:10,373 - position: [ 0.31539646 -1.31575906  0.81083751]
2026-01-21 11:24:10,596 - position: [ 0.31539646 -1.31575906  0.81083751]
2026-01-21 11:24:10,808 - position: [ 0.31539646 -1.31575906  0.81083751]
2026-01-21 11:24:11,070 - position: [ 0.31539646 -1.31575906  0.81083751]
2026-01-21 11:24:11,356 - position: [ 0.31539646 -1.31575906  0.81083751]
2026-01-21 11:24:11,609 - position: [ 0.31539646 -1.31575906  0.81083751]
2026-01-21 11:24:11,870 - position: [ 0.31539646 -1.31575906  0.81083751]
2026-01-21 11:24:12,116 - position: [ 0.31539646 -1.31575906  0.81083751]
2026-01-21 11:24:12,350 - position: [ 0.31539646 -1.31575906  0.81083751]
2026-01-21 11:24:12,628 - position: [ 0.31539646 -1.31575906  0.81083751]
2026-01-21 11:24:12,851 - position: [ 0.31539646 -1.31575906  0.81083751]
2026-01-21 11:24:13,108 - position: [ 0.31539646 -1.31575906  0.81083751]
2026-01-21 11:24:13,335 - position: [ 0.31539646 -1.31575906  0.81083751]
2026-01-21 11:24:13,593 - position: [ 0.31539646 -1.31575906  0.81083751]
2026-01-21 11:24:13,831 - position: [ 0.31539646 -1.31575906  0.81083751]
2026-01-21 11:24:14,080 - position: [ 0.31539646 -1.31575906  0.81083751]
2026-01-21 11:24:14,316 - position: [ 0.31539646 -1.31575906  0.81083751]
2026-01-21 11:24:14,537 - position: [ 0.31539646 -1.31575906  0.81083751]
2026-01-21 11:24:14,752 - position: [ 0.31539646 -1.31575906  0.81083751]
2026-01-21 11:24:14,963 - position: [ 0.31539646 -1.31575906  0.81083751]
2026-01-21 11:24:15,208 - position: [ 0.31539646 -1.31575906  0.81083751]
2026-01-21 11:24:15,468 - position: [ 0.31539646 -1.31575906  0.81083751]
2026-01-21 11:24:15,722 - position: [ 0.31539646 -1.31575906  0.81083751]
2026-01-21 11:24:15,958 - position: [ 0.31539646 -1.31575906  0.81083751]
2026-01-21 11:24:16,195 - position: [ 0.31539646 -1.31575906  0.81083751]
2026-01-21 11:24:16,455 - position: [ 0.31539646 -1.31575906  0.81083751]
2026-01-21 11:24:16,662 - position: [ 0.31539646 -1.31575906  0.81083751]
2026-01-21 11:24:16,863 - position: [ 0.31539646 -1.31575906  0.81083751]
2026-01-21 11:24:17,113 - position: [ 0.31539646 -1.31575906  0.81083751]
2026-01-21 11:24:17,477 - position: [ 0.31539646 -1.31575906  0.81083751]
2026-01-21 11:24:17,790 - position: [ 0.31539646 -1.31575906  0.81083751]
2026-01-21 11:24:18,038 - position: [ 0.31539646 -1.31575906  0.81083751]
2026-01-21 11:24:18,317 - position: [ 0.31539646 -1.31575906  0.81083751]
2026-01-21 11:24:18,569 - position: [ 0.31539646 -1.31575906  0.81083751]
2026-01-21 11:24:18,808 - position: [ 0.31539646 -1.31575906  0.81083751]
2026-01-21 11:24:19,035 - position: [ 0.31539646 -1.31575906  0.81083751]
2026-01-21 11:24:19,278 - position: [ 0.31539646 -1.31575906  0.81083751]
2026-01-21 11:24:19,494 - position: [ 0.31539646 -1.31575906  0.81083751]
2026-01-21 11:24:19,720 - position: [ 0.31539646 -1.31575906  0.81083751]
2026-01-21 11:24:19,944 - position: [ 0.31539646 -1.31575906  0.81083751]
2026-01-21 11:24:20,153 - position: [ 0.31884918 -1.25509357  1.74194968]
2026-01-21 11:24:20,390 - position: [ 0.30952477 -1.32604241  1.74908686]
2026-01-21 11:24:20,612 - position: [ 0.31156561 -1.34963584  1.74678826]
2026-01-21 11:24:20,844 - position: [ 0.31610852 -1.34052074  1.7442627 ]
2026-01-21 11:24:21,088 - position: [ 0.31204936 -1.32892644  1.74284279]
2026-01-21 11:24:21,319 - position: [ 0.30045462 -1.15955853  1.59469819]
2026-01-21 11:24:21,561 - position: [ 0.29436389 -1.08167255  1.38847089]
2026-01-21 11:24:21,809 - position: [ 0.29436389 -1.08167255  1.38847089]
2026-01-21 11:24:22,031 - position: [ 0.29436389 -1.08167255  1.38847089]
2026-01-21 11:24:22,235 - position: [ 0.29436389 -1.08167255  1.38847089]
2026-01-21 11:24:22,466 - position: [ 0.29436389 -1.08167255  1.38847089]
2026-01-21 11:24:22,682 - position: [ 0.29436389 -1.08167255  1.38847089]
2026-01-21 11:24:22,932 - position: [ 0.29436389 -1.08167255  1.38847089]
2026-01-21 11:24:23,286 - position: [ 0.29436389 -1.08167255  1.38847089]
2026-01-21 11:24:23,505 - position: [ 0.2785244  -1.29988885  0.81881988]
2026-01-21 11:24:23,710 - position: [ 0.30543107 -1.28043556  0.83278161]
2026-01-21 11:24:23,937 - position: [ 0.31302792 -1.29622781  0.81283671]
2026-01-21 11:24:24,141 - position: [ 0.29377264 -1.32156181  0.79689986]
2026-01-21 11:24:24,395 - position: [ 0.29377264 -1.32156181  0.79689986]
2026-01-21 11:24:24,597 - position: [ 0.29377264 -1.32156181  0.79689986]
2026-01-21 11:24:24,885 - position: [ 0.29377264 -1.32156181  0.79689986]
2026-01-21 11:24:25,102 - position: [ 0.29377264 -1.32156181  0.79689986]
2026-01-21 11:24:25,307 - position: [ 0.29377264 -1.32156181  0.79689986]
2026-01-21 11:24:25,535 - position: [ 0.29377264 -1.32156181  0.79689986]
2026-01-21 11:24:25,756 - position: [ 0.29377264 -1.32156181  0.79689986]
2026-01-21 11:24:25,969 - position: [ 0.29377264 -1.32156181  0.79689986]
2026-01-21 11:24:26,173 - position: [ 0.29377264 -1.32156181  0.79689986]
2026-01-21 11:24:26,378 - position: [ 0.29377264 -1.32156181  0.79689986]
2026-01-21 11:24:26,598 - position: [ 0.29377264 -1.32156181  0.79689986]
2026-01-21 11:24:26,857 - position: [ 0.29377264 -1.32156181  0.79689986]
2026-01-21 11:24:27,104 - position: [ 0.29377264 -1.32156181  0.79689986]
2026-01-21 11:24:27,318 - position: [ 0.29377264 -1.32156181  0.79689986]
2026-01-21 11:24:27,531 - position: [ 0.29377264 -1.32156181  0.79689986]
2026-01-21 11:24:27,773 - position: [ 0.29377264 -1.32156181  0.79689986]
2026-01-21 11:24:28,020 - position: [ 0.29377264 -1.32156181  0.79689986]
2026-01-21 11:24:28,279 - position: [ 0.29377264 -1.32156181  0.79689986]
2026-01-21 11:24:28,521 - position: [ 0.29377264 -1.32156181  0.79689986]
2026-01-21 11:24:28,744 - position: [ 0.29377264 -1.32156181  0.79689986]
2026-01-21 11:24:28,951 - position: [ 0.29377264 -1.32156181  0.79689986]
2026-01-21 11:24:29,201 - position: [ 0.29377264 -1.32156181  0.79689986]
2026-01-21 11:24:29,412 - position: [ 0.29377264 -1.32156181  0.79689986]
2026-01-21 11:24:29,619 - position: [ 0.32675335 -1.2708596   0.80881506]
2026-01-21 11:24:29,952 - position: [ 0.32675335 -1.2708596   0.80881506]
2026-01-21 11:24:30,231 - position: [ 0.32675335 -1.2708596   0.80881506]
2026-01-21 11:24:30,469 - position: [ 0.32675335 -1.2708596   0.80881506]
2026-01-21 11:24:30,687 - position: [ 0.29883185 -1.2937156   0.79835761]
2026-01-21 11:24:30,915 - position: [ 0.29973871 -1.29370499  0.79895502]
2026-01-21 11:24:31,142 - position: [ 0.30140844 -1.29179144  0.80066484]
2026-01-21 11:24:31,426 - position: [ 0.30399007 -1.28494859  0.8068772 ]
2026-01-21 11:24:31,657 - position: [ 0.30241147 -1.28094411  0.80925822]
2026-01-21 11:24:31,858 - position: [ 0.30348989 -1.28005457  0.8105492 ]
2026-01-21 11:24:32,093 - position: [ 0.30500421 -1.27764237  0.81457931]
2026-01-21 11:24:32,318 - position: [ 0.30495363 -1.27745354  0.81817204]
2026-01-21 11:24:32,577 - position: [ 0.30563876 -1.27889454  0.81920964]
2026-01-21 11:24:32,798 - position: [ 0.30258018 -1.28308153  0.81690985]
2026-01-21 11:24:33,033 - position: [ 0.3006632  -1.2815882   0.81706524]
2026-01-21 11:24:33,280 - position: [ 0.30020145 -1.27980506  0.81842488]
2026-01-21 11:24:33,489 - position: [ 0.30603287 -1.28334689  0.81880182]
2026-01-21 11:24:33,724 - position: [ 0.30602574 -1.28539431  0.81480777]
2026-01-21 11:24:33,989 - position: [ 0.30736786 -1.28435123  0.81473058]
2026-01-21 11:24:34,235 - position: [ 0.30736786 -1.28435123  0.81473058]
2026-01-21 11:24:34,470 - position: [ 0.30269414 -1.28742731  0.80900407]
2026-01-21 11:24:34,761 - position: [ 0.30905566 -1.28423762  0.8143689 ]
2026-01-21 11:24:34,978 - position: [ 0.30871639 -1.2829994   0.81381893]
2026-01-21 11:24:35,262 - position: [ 0.30764741 -1.28584278  0.81120116]
2026-01-21 11:24:35,489 - position: [ 0.30726284 -1.28700984  0.81032127]
2026-01-21 11:24:35,689 - position: [ 0.30614862 -1.28098035  0.81391007]
2026-01-21 11:24:35,932 - position: [ 0.30523607 -1.28101861  0.81332564]
2026-01-21 11:24:36,184 - position: [ 0.30320588 -1.28298879  0.81037879]
2026-01-21 11:24:36,400 - position: [ 0.29998711 -1.28065503  0.81021047]
2026-01-21 11:24:36,639 - position: [ 0.301029   -1.28247333  0.80991226]
2026-01-21 11:24:36,928 - position: [ 0.30258626 -1.28772652  0.8090511 ]
2026-01-21 11:24:37,211 - position: [ 0.30399957 -1.29129243  0.80818301]
2026-01-21 11:24:37,434 - position: [ 0.2998912  -1.30382955  0.79990923]
2026-01-21 11:24:37,650 - position: [ 0.2984179  -1.30659485  0.79627603]
2026-01-21 11:24:37,873 - position: [ 0.2984179  -1.30659485  0.79627603]
2026-01-21 11:24:38,120 - position: [ 0.2984179  -1.30659485  0.79627603]
2026-01-21 11:24:38,443 - position: [ 0.2984179  -1.30659485  0.79627603]
2026-01-21 11:24:38,690 - position: [ 0.2984179  -1.30659485  0.79627603]
2026-01-21 11:24:38,924 - position: [ 0.2984179  -1.30659485  0.79627603]
2026-01-21 11:24:39,129 - position: [ 0.2984179  -1.30659485  0.79627603]
2026-01-21 11:24:39,382 - position: [ 0.2984179  -1.30659485  0.79627603]
2026-01-21 11:24:39,636 - position: [ 0.2984179  -1.30659485  0.79627603]
2026-01-21 11:24:39,857 - position: [ 0.2984179  -1.30659485  0.79627603]
2026-01-21 11:24:40,072 - position: [ 0.2984179  -1.30659485  0.79627603]
2026-01-21 11:24:40,297 - position: [ 0.2984179  -1.30659485  0.79627603]
2026-01-21 11:24:40,508 - position: [ 0.2984179  -1.30659485  0.79627603]
2026-01-21 11:24:40,790 - position: [ 0.2984179  -1.30659485  0.79627603]
2026-01-21 11:24:41,035 - position: [ 0.2984179  -1.30659485  0.79627603]
2026-01-21 11:24:41,252 - position: [ 0.2984179  -1.30659485  0.79627603]
2026-01-21 11:24:41,515 - position: [ 0.2984179  -1.30659485  0.79627603]
2026-01-21 11:24:41,742 - position: [ 0.2984179  -1.30659485  0.79627603]
2026-01-21 11:24:41,980 - position: [ 0.2984179  -1.30659485  0.79627603]
2026-01-21 11:24:42,257 - position: [ 0.2984179  -1.30659485  0.79627603]
2026-01-21 11:24:42,473 - position: [ 0.2984179  -1.30659485  0.79627603]
2026-01-21 11:24:42,679 - position: [ 0.2984179  -1.30659485  0.79627603]
2026-01-21 11:24:42,886 - position: [ 0.2984179  -1.30659485  0.79627603]
2026-01-21 11:24:43,164 - position: [ 0.2984179  -1.30659485  0.79627603]
2026-01-21 11:24:43,400 - position: [ 0.2984179  -1.30659485  0.79627603]
2026-01-21 11:24:43,623 - position: [ 0.2984179  -1.30659485  0.79627603]
2026-01-21 11:24:43,862 - position: [ 0.30067191 -1.30933964  0.79649574]
2026-01-21 11:24:44,083 - position: [ 0.304647   -1.31575751  0.7969628 ]
2026-01-21 11:24:44,343 - position: [ 0.30762279 -1.31560886  0.79839158]
2026-01-21 11:24:44,565 - position: [ 0.30879277 -1.31422794  0.79888409]
2026-01-21 11:24:44,804 - position: [ 0.31175628 -1.3150959   0.79847568]
2026-01-21 11:24:45,058 - position: [ 0.31401211 -1.31418848  0.79783607]
2026-01-21 11:24:45,270 - position: [ 0.31548256 -1.31038451  0.79832816]
2026-01-21 11:24:45,501 - position: [ 0.31616288 -1.30763543  0.79813093]
2026-01-21 11:24:45,715 - position: [ 0.31665584 -1.30789804  0.79820383]
2026-01-21 11:24:45,926 - position: [ 0.31678864 -1.30926251  0.79807103]
2026-01-21 11:24:46,147 - position: [ 0.31702128 -1.30958879  0.79830897]
2026-01-21 11:24:46,438 - position: [ 0.31676337 -1.31281114  0.79782104]
2026-01-21 11:24:46,649 - position: [ 0.31636408 -1.31674898  0.79986584]
2026-01-21 11:24:46,856 - position: [ 0.31374231 -1.32532525  0.79906285]
2026-01-21 11:24:47,095 - position: [ 0.31232291 -1.33052301  0.79880244]
2026-01-21 11:24:47,327 - position: [ 0.31131345 -1.33523107  0.79811823]
2026-01-21 11:24:47,563 - position: [ 0.31109396 -1.33458161  0.79863673]
2026-01-21 11:24:47,817 - position: [ 0.31169325 -1.33014834  0.79978776]
2026-01-21 11:24:48,045 - position: [ 0.31283462 -1.33196938  0.79870445]
2026-01-21 11:24:48,254 - position: [ 0.31492242 -1.33087647  0.80043387]
2026-01-21 11:24:48,494 - position: [ 0.31405604 -1.32950318  0.80023372]
2026-01-21 11:24:48,716 - position: [ 0.31157103 -1.3271004   0.79886556]
2026-01-21 11:24:48,942 - position: [ 0.31174231 -1.3254782   0.79803556]
2026-01-21 11:24:49,163 - position: [ 0.31378892 -1.32305217  0.79903775]
2026-01-21 11:24:49,383 - position: [ 0.31659397 -1.32361555  0.79856288]
2026-01-21 11:24:49,652 - position: [ 0.31705999 -1.32535267  0.79529756]
2026-01-21 11:24:49,866 - position: [ 0.31911197 -1.32272851  0.79388076]
2026-01-21 11:24:50,105 - position: [ 0.31824762 -1.32153225  0.7931748 ]
2026-01-21 11:24:50,360 - position: [ 0.31681907 -1.31910837  0.79269522]
2026-01-21 11:24:50,568 - position: [ 0.31434885 -1.31994247  0.79176003]
2026-01-21 11:24:50,813 - position: [ 0.30906725 -1.31999242  0.79088372]
2026-01-21 11:24:51,071 - position: [ 0.30520561 -1.31954658  0.79083586]
2026-01-21 11:24:51,300 - position: [ 0.3044827  -1.31936157  0.79138798]
2026-01-21 11:24:51,566 - position: [ 0.30281273 -1.31945992  0.7908023 ]
2026-01-21 11:24:51,807 - position: [ 0.30181041 -1.32152748  0.79030275]
2026-01-21 11:24:52,053 - position: [ 0.30019128 -1.31938004  0.79061747]
2026-01-21 11:24:52,284 - position: [ 0.30017099 -1.31851733  0.79100716]
2026-01-21 11:24:52,516 - position: [ 0.30187905 -1.31916869  0.79118377]
2026-01-21 11:24:52,747 - position: [ 0.30209473 -1.32071197  0.79045904]
2026-01-21 11:24:53,002 - position: [ 0.30186129 -1.32089484  0.79028577]
2026-01-21 11:24:53,238 - position: [ 0.30247658 -1.32102501  0.79030925]
2026-01-21 11:24:53,467 - position: [ 0.30247658 -1.32102501  0.79030925]
2026-01-21 11:24:53,683 - position: [ 0.30077183 -1.31988645  0.79072124]
2026-01-21 11:24:53,902 - position: [ 0.29945534 -1.32070506  0.79082179]
2026-01-21 11:24:54,197 - position: [ 0.29829717 -1.32245517  0.79114664]
2026-01-21 11:24:54,427 - position: [ 0.29856563 -1.32286179  0.79133588]
2026-01-21 11:24:54,681 - position: [ 0.2974804  -1.32208514  0.79111707]
2026-01-21 11:24:54,908 - position: [ 0.29741958 -1.32228148  0.79084772]
2026-01-21 11:24:55,153 - position: [ 0.29751438 -1.32225811  0.7908662 ]
2026-01-21 11:24:55,424 - position: [ 0.29715991 -1.32203829  0.79106325]
2026-01-21 11:24:55,662 - position: [ 0.29810348 -1.32223618  0.7917164 ]
2026-01-21 11:24:55,911 - position: [ 0.29935768 -1.32382333  0.79160833]
2026-01-21 11:24:56,154 - position: [ 0.29903901 -1.32350492  0.79126382]
2026-01-21 11:24:56,382 - position: [ 0.29924908 -1.32108629  0.79130924]
2026-01-21 11:24:56,590 - position: [ 0.30128202 -1.32189596  0.79082036]
2026-01-21 11:24:56,826 - position: [ 0.30220881 -1.3239826   0.79007131]
2026-01-21 11:24:57,040 - position: [ 0.30200475 -1.32341266  0.7900306 ]
2026-01-21 11:24:57,267 - position: [ 0.30190668 -1.32338929  0.78999734]
2026-01-21 11:24:57,479 - position: [ 0.30177122 -1.32348955  0.78975534]
2026-01-21 11:24:57,706 - position: [ 0.30381918 -1.32007098  0.79154718]
2026-01-21 11:24:57,934 - position: [ 0.30022272 -1.27424026  0.82022041]
2026-01-21 11:24:58,150 - position: [ 0.30022272 -1.27424026  0.82022041]
2026-01-21 11:24:58,381 - position: [ 0.30022272 -1.27424026  0.82022041]
2026-01-21 11:24:58,627 - position: [ 0.29046932 -1.21262181  0.85457557]
2026-01-21 11:24:58,850 - position: [ 0.29905108 -1.25339484  0.82617903]
2026-01-21 11:24:59,070 - position: [ 0.30741116 -1.30650032  0.79821759]
2026-01-21 11:24:59,273 - position: [ 0.30578938 -1.30461168  0.79858619]
2026-01-21 11:24:59,505 - position: [ 0.3009966  -1.29612195  0.80001289]
2026-01-21 11:24:59,722 - position: [ 0.3009966  -1.29612195  0.80001289]
2026-01-21 11:24:59,927 - position: [ 0.3009966  -1.29612195  0.80001289]
2026-01-21 11:25:00,139 - position: [ 0.3009966  -1.29612195  0.80001289]
2026-01-21 11:25:00,357 - position: [ 0.3009966  -1.29612195  0.80001289]
2026-01-21 11:25:00,574 - position: [ 0.31604415 -1.23257959  1.66159093]
2026-01-21 11:25:00,807 - position: [ 0.31818053 -1.26368344  1.66979766]
2026-01-21 11:25:01,053 - position: [ 0.33071619 -1.14487827  1.60127628]
2026-01-21 11:25:01,318 - position: [ 0.33071619 -1.14487827  1.60127628]
2026-01-21 11:25:01,567 - position: [ 0.33071619 -1.14487827  1.60127628]
2026-01-21 11:25:01,850 - position: [ 0.33071619 -1.14487827  1.60127628]
2026-01-21 11:25:02,087 - position: [ 0.33071619 -1.14487827  1.60127628]
2026-01-21 11:25:02,332 - position: [ 0.33071619 -1.14487827  1.60127628]
2026-01-21 11:25:02,572 - position: [ 0.33071619 -1.14487827  1.60127628]
2026-01-21 11:25:02,805 - position: [ 0.33071619 -1.14487827  1.60127628]
2026-01-21 11:25:03,077 - position: [ 0.33071619 -1.14487827  1.60127628]
2026-01-21 11:25:03,288 - position: [ 0.33071619 -1.14487827  1.60127628]
2026-01-21 11:25:03,581 - position: [ 0.33071619 -1.14487827  1.60127628]
2026-01-21 11:25:03,867 - position: [ 0.33071619 -1.14487827  1.60127628]
2026-01-21 11:25:04,115 - position: [ 0.33071619 -1.14487827  1.60127628]
2026-01-21 11:25:04,344 - position: [ 0.33071619 -1.14487827  1.60127628]
2026-01-21 11:25:04,558 - position: [ 0.33071619 -1.14487827  1.60127628]
2026-01-21 11:25:04,816 - position: [ 0.33071619 -1.14487827  1.60127628]
2026-01-21 11:25:05,041 - position: [ 0.33071619 -1.14487827  1.60127628]
2026-01-21 11:25:05,262 - position: [ 0.33071619 -1.14487827  1.60127628]
2026-01-21 11:25:05,475 - position: [ 0.33071619 -1.14487827  1.60127628]
2026-01-21 11:25:05,707 - position: [ 0.33071619 -1.14487827  1.60127628]
2026-01-21 11:25:05,922 - position: [ 0.33071619 -1.14487827  1.60127628]
2026-01-21 11:25:06,140 - position: [ 0.33071619 -1.14487827  1.60127628]
2026-01-21 11:25:06,398 - position: [ 0.33071619 -1.14487827  1.60127628]
2026-01-21 11:25:06,629 - position: [ 0.33071619 -1.14487827  1.60127628]
2026-01-21 11:25:06,851 - position: [ 0.33071619 -1.14487827  1.60127628]
2026-01-21 11:25:07,058 - position: [ 0.33071619 -1.14487827  1.60127628]
2026-01-21 11:25:07,268 - position: [ 0.33071619 -1.14487827  1.60127628]
2026-01-21 11:25:07,488 - position: [ 0.33071619 -1.14487827  1.60127628]
2026-01-21 11:25:07,714 - position: [ 0.33071619 -1.14487827  1.60127628]
2026-01-21 11:25:07,950 - position: [ 0.33071619 -1.14487827  1.60127628]
2026-01-21 11:25:08,178 - position: [ 0.33071619 -1.14487827  1.60127628]
2026-01-21 11:25:08,427 - position: [ 0.33071619 -1.14487827  1.60127628]
2026-01-21 11:25:08,635 - position: [ 0.33071619 -1.14487827  1.60127628]
2026-01-21 11:25:08,889 - position: [ 0.33071619 -1.14487827  1.60127628]
2026-01-21 11:25:09,142 - position: [ 0.33071619 -1.14487827  1.60127628]
2026-01-21 11:25:09,364 - position: [ 0.33071619 -1.14487827  1.60127628]
2026-01-21 11:25:09,581 - position: [ 0.33071619 -1.14487827  1.60127628]
2026-01-21 11:25:09,821 - position: [ 0.33071619 -1.14487827  1.60127628]
2026-01-21 11:25:10,089 - position: [ 0.33071619 -1.14487827  1.60127628]
2026-01-21 11:25:10,324 - position: [ 0.33071619 -1.14487827  1.60127628]
2026-01-21 11:25:10,611 - position: [ 0.33071619 -1.14487827  1.60127628]
2026-01-21 11:25:10,835 - position: [ 0.33071619 -1.14487827  1.60127628]
2026-01-21 11:25:11,041 - position: [ 0.33071619 -1.14487827  1.60127628]
2026-01-21 11:25:11,273 - position: [ 0.33071619 -1.14487827  1.60127628]
2026-01-21 11:25:11,493 - position: [ 0.33071619 -1.14487827  1.60127628]
2026-01-21 11:25:11,725 - position: [ 0.33071619 -1.14487827  1.60127628]
2026-01-21 11:25:11,942 - position: [ 0.33071619 -1.14487827  1.60127628]
2026-01-21 11:25:12,162 - position: [ 0.33071619 -1.14487827  1.60127628]
2026-01-21 11:25:12,410 - position: [ 0.33071619 -1.14487827  1.60127628]
2026-01-21 11:25:12,643 - position: [ 0.33071619 -1.14487827  1.60127628]
2026-01-21 11:25:12,872 - position: [ 0.33071619 -1.14487827  1.60127628]
2026-01-21 11:25:13,099 - position: [ 0.33071619 -1.14487827  1.60127628]
2026-01-21 11:25:13,344 - position: [ 0.33071619 -1.14487827  1.60127628]
2026-01-21 11:25:13,589 - position: [ 0.33071619 -1.14487827  1.60127628]
2026-01-21 11:25:13,829 - position: [ 0.33071619 -1.14487827  1.60127628]
2026-01-21 11:25:14,065 - position: [ 0.33071619 -1.14487827  1.60127628]
2026-01-21 11:25:14,321 - position: [ 0.33071619 -1.14487827  1.60127628]
2026-01-21 11:25:14,556 - position: [ 0.33071619 -1.14487827  1.60127628]
2026-01-21 11:25:14,772 - position: [ 0.33071619 -1.14487827  1.60127628]
2026-01-21 11:25:15,039 - position: [ 0.33071619 -1.14487827  1.60127628]
2026-01-21 11:25:15,250 - position: [ 0.33071619 -1.14487827  1.60127628]
2026-01-21 11:25:15,472 - position: [ 0.33071619 -1.14487827  1.60127628]
2026-01-21 11:25:15,690 - position: [ 0.33071619 -1.14487827  1.60127628]
2026-01-21 11:25:15,973 - position: [ 0.33071619 -1.14487827  1.60127628]
2026-01-21 11:25:16,203 - position: [ 0.33071619 -1.14487827  1.60127628]
2026-01-21 11:25:16,445 - position: [ 0.33071619 -1.14487827  1.60127628]
2026-01-21 11:25:16,664 - position: [ 0.33071619 -1.14487827  1.60127628]
2026-01-21 11:25:16,882 - position: [ 0.33071619 -1.14487827  1.60127628]
2026-01-21 11:25:17,095 - position: [ 0.33071619 -1.14487827  1.60127628]
2026-01-21 11:25:17,297 - position: [ 0.33071619 -1.14487827  1.60127628]
2026-01-21 11:25:17,532 - position: [ 0.33071619 -1.14487827  1.60127628]
2026-01-21 11:25:17,735 - position: [ 0.33071619 -1.14487827  1.60127628]
2026-01-21 11:25:17,957 - position: [ 0.33071619 -1.14487827  1.60127628]
2026-01-21 11:25:18,188 - position: [ 0.33071619 -1.14487827  1.60127628]
2026-01-21 11:25:18,409 - position: [ 0.33071619 -1.14487827  1.60127628]
2026-01-21 11:25:18,631 - position: [ 0.33071619 -1.14487827  1.60127628]
2026-01-21 11:25:18,852 - position: [ 0.33071619 -1.14487827  1.60127628]
2026-01-21 11:25:19,108 - position: [ 0.33071619 -1.14487827  1.60127628]
2026-01-21 11:25:19,316 - position: [ 0.33071619 -1.14487827  1.60127628]
2026-01-21 11:25:19,536 - position: [ 0.33071619 -1.14487827  1.60127628]
2026-01-21 11:25:19,761 - position: [ 0.33071619 -1.14487827  1.60127628]
2026-01-21 11:25:19,984 - position: [ 0.33071619 -1.14487827  1.60127628]
2026-01-21 11:25:20,228 - position: [ 0.33071619 -1.14487827  1.60127628]
2026-01-21 11:25:20,473 - position: [ 0.33071619 -1.14487827  1.60127628]
2026-01-21 11:25:20,720 - position: [ 0.33071619 -1.14487827  1.60127628]
2026-01-21 11:25:20,989 - position: [ 0.33071619 -1.14487827  1.60127628]
2026-01-21 11:25:21,195 - position: [ 0.33071619 -1.14487827  1.60127628]
2026-01-21 11:25:21,424 - position: [ 0.33071619 -1.14487827  1.60127628]
2026-01-21 11:25:21,655 - position: [ 0.33071619 -1.14487827  1.60127628]
2026-01-21 11:25:21,894 - position: [ 0.33071619 -1.14487827  1.60127628]
2026-01-21 11:25:22,129 - position: [ 0.33071619 -1.14487827  1.60127628]
2026-01-21 11:25:22,387 - position: [ 0.33071619 -1.14487827  1.60127628]
2026-01-21 11:25:22,618 - position: [ 0.33071619 -1.14487827  1.60127628]
2026-01-21 11:25:22,870 - position: [ 0.33071619 -1.14487827  1.60127628]
2026-01-21 11:25:23,091 - position: [ 0.33071619 -1.14487827  1.60127628]
2026-01-21 11:25:23,317 - position: [ 0.33071619 -1.14487827  1.60127628]
2026-01-21 11:25:23,548 - position: [ 0.33071619 -1.14487827  1.60127628]
2026-01-21 11:25:23,824 - position: [ 0.33071619 -1.14487827  1.60127628]
2026-01-21 11:25:24,092 - position: [ 0.33071619 -1.14487827  1.60127628]
2026-01-21 11:25:24,329 - position: [ 0.33071619 -1.14487827  1.60127628]
2026-01-21 11:25:24,554 - position: [ 0.33071619 -1.14487827  1.60127628]
2026-01-21 11:25:24,801 - position: [ 0.33071619 -1.14487827  1.60127628]
2026-01-21 11:25:25,040 - position: [ 0.26977837 -1.31116199  0.79674017]
2026-01-21 11:25:25,267 - position: [ 0.26838326 -1.31135356  0.7963739 ]
2026-01-21 11:25:25,545 - position: [ 0.26838326 -1.31135356  0.7963739 ]
2026-01-21 11:25:25,775 - position: [ 0.26838326 -1.31135356  0.7963739 ]
2026-01-21 11:25:26,013 - position: [ 0.26838326 -1.31135356  0.7963739 ]
2026-01-21 11:25:26,254 - position: [ 0.26838326 -1.31135356  0.7963739 ]
2026-01-21 11:25:26,495 - position: [ 0.26838326 -1.31135356  0.7963739 ]
2026-01-21 11:25:26,711 - position: [ 0.26838326 -1.31135356  0.7963739 ]
2026-01-21 11:25:26,941 - position: [ 0.26838326 -1.31135356  0.7963739 ]
2026-01-21 11:25:27,175 - position: [ 0.26838326 -1.31135356  0.7963739 ]
2026-01-21 11:25:27,407 - position: [ 0.26838326 -1.31135356  0.7963739 ]
2026-01-21 11:25:27,649 - position: [ 0.26838326 -1.31135356  0.7963739 ]
2026-01-21 11:25:27,880 - position: [ 0.26838326 -1.31135356  0.7963739 ]
2026-01-21 11:25:28,108 - position: [ 0.26838326 -1.31135356  0.7963739 ]
2026-01-21 11:25:28,346 - position: [ 0.26838326 -1.31135356  0.7963739 ]
2026-01-21 11:25:28,559 - position: [ 0.26838326 -1.31135356  0.7963739 ]
2026-01-21 11:25:28,798 - position: [ 0.26838326 -1.31135356  0.7963739 ]
2026-01-21 11:25:29,039 - position: [ 0.26838326 -1.31135356  0.7963739 ]
2026-01-21 11:25:29,259 - position: [ 0.26838326 -1.31135356  0.7963739 ]
2026-01-21 11:25:29,487 - position: [ 0.26838326 -1.31135356  0.7963739 ]
2026-01-21 11:25:29,716 - position: [ 0.26838326 -1.31135356  0.7963739 ]
2026-01-21 11:25:29,946 - position: [ 0.26838326 -1.31135356  0.7963739 ]
2026-01-21 11:25:30,165 - position: [ 0.26838326 -1.31135356  0.7963739 ]
2026-01-21 11:25:30,417 - position: [ 0.26838326 -1.31135356  0.7963739 ]
2026-01-21 11:25:30,654 - position: [ 0.26838326 -1.31135356  0.7963739 ]
2026-01-21 11:25:30,875 - position: [ 0.26838326 -1.31135356  0.7963739 ]
2026-01-21 11:25:31,106 - position: [ 0.26838326 -1.31135356  0.7963739 ]
2026-01-21 11:25:31,310 - position: [ 0.26838326 -1.31135356  0.7963739 ]
2026-01-21 11:25:31,543 - position: [ 0.26838326 -1.31135356  0.7963739 ]
2026-01-21 11:25:31,748 - position: [ 0.26838326 -1.31135356  0.7963739 ]
2026-01-21 11:25:31,961 - position: [ 0.26838326 -1.31135356  0.7963739 ]
2026-01-21 11:25:32,237 - position: [ 0.26838326 -1.31135356  0.7963739 ]
2026-01-21 11:25:32,515 - position: [ 0.26838326 -1.31135356  0.7963739 ]
2026-01-21 11:25:32,754 - position: [ 0.26838326 -1.31135356  0.7963739 ]
2026-01-21 11:25:32,976 - position: [ 0.26838326 -1.31135356  0.7963739 ]
2026-01-21 11:25:33,237 - position: [ 0.26838326 -1.31135356  0.7963739 ]
2026-01-21 11:25:33,457 - position: [ 0.26838326 -1.31135356  0.7963739 ]
2026-01-21 11:25:33,683 - position: [ 0.26838326 -1.31135356  0.7963739 ]
2026-01-21 11:25:33,900 - position: [ 0.26838326 -1.31135356  0.7963739 ]
2026-01-21 11:25:34,167 - position: [ 0.3106344  -1.4474057   0.81524467]
2026-01-21 11:25:34,425 - position: [ 0.31530279 -1.45328438  0.81400067]
2026-01-21 11:25:34,638 - position: [ 0.31530279 -1.45328438  0.81400067]
