2026-01-21 11:38:43,794 - position: [ 0.11743285 -1.16431296  1.01570332]
2026-01-21 11:38:44,022 - position: [ 0.11743285 -1.16431296  1.01570332]
2026-01-21 11:38:44,237 - position: [ 0.11743285 -1.16431296  1.01570332]
2026-01-21 11:38:44,465 - position: [ 0.11743285 -1.16431296  1.01570332]
2026-01-21 11:38:44,707 - position: [ 0.11743285 -1.16431296  1.01570332]
2026-01-21 11:38:44,940 - position: [ 0.11743285 -1.16431296  1.01570332]
2026-01-21 11:38:45,193 - position: [ 0.11743285 -1.16431296  1.01570332]
2026-01-21 11:38:45,434 - position: [ 0.11743285 -1.16431296  1.01570332]
2026-01-21 11:38:45,665 - position: [ 0.38321877 -1.13142252  1.68404472]
2026-01-21 11:38:45,895 - position: [ 0.37705055 -1.17344296  1.73631167]
2026-01-21 11:38:46,138 - position: [ 0.36455593 -1.29040945  1.8219744 ]
2026-01-21 11:38:46,364 - position: [ 0.35742593 -1.31812692  1.82888579]
2026-01-21 11:38:46,594 - position: [ 0.36186826 -1.3263334   1.82895744]
2026-01-21 11:38:46,816 - position: [ 0.37475887 -1.27515435  1.78185177]
2026-01-21 11:38:47,058 - position: [ 0.39294174 -1.11415267  1.54219294]
2026-01-21 11:38:47,273 - position: [ 0.37506172 -1.14107108  0.93643892]
2026-01-21 11:38:47,507 - position: [ 0.32877293 -1.32119501  0.78937835]
2026-01-21 11:38:47,776 - position: [ 0.32877293 -1.32119501  0.78937835]
2026-01-21 11:38:48,005 - position: [ 0.32877293 -1.32119501  0.78937835]
2026-01-21 11:38:48,250 - position: [ 0.32877293 -1.32119501  0.78937835]
2026-01-21 11:38:48,488 - position: [ 0.32877293 -1.32119501  0.78937835]
2026-01-21 11:38:48,722 - position: [ 0.32877293 -1.32119501  0.78937835]
2026-01-21 11:38:48,942 - position: [ 0.32877293 -1.32119501  0.78937835]
2026-01-21 11:38:49,174 - position: [ 0.32877293 -1.32119501  0.78937835]
2026-01-21 11:38:49,386 - position: [ 0.32877293 -1.32119501  0.78937835]
2026-01-21 11:38:49,620 - position: [ 0.32877293 -1.32119501  0.78937835]
2026-01-21 11:38:49,868 - position: [ 0.32877293 -1.32119501  0.78937835]
2026-01-21 11:38:50,140 - position: [ 0.32877293 -1.32119501  0.78937835]
2026-01-21 11:38:50,382 - position: [ 0.32877293 -1.32119501  0.78937835]
2026-01-21 11:38:50,635 - position: [ 0.32877293 -1.32119501  0.78937835]
2026-01-21 11:38:50,862 - position: [ 0.32877293 -1.32119501  0.78937835]
2026-01-21 11:38:51,095 - position: [ 0.32877293 -1.32119501  0.78937835]
2026-01-21 11:38:51,306 - position: [ 0.32877293 -1.32119501  0.78937835]
2026-01-21 11:38:51,561 - position: [ 0.32877293 -1.32119501  0.78937835]
2026-01-21 11:38:51,774 - position: [ 0.32877293 -1.32119501  0.78937835]
2026-01-21 11:38:52,000 - position: [ 0.32877293 -1.32119501  0.78937835]
2026-01-21 11:38:52,224 - position: [ 0.32877293 -1.32119501  0.78937835]
2026-01-21 11:38:52,461 - position: [ 0.32877293 -1.32119501  0.78937835]
2026-01-21 11:38:52,697 - position: [ 0.32877293 -1.32119501  0.78937835]
2026-01-21 11:38:52,926 - position: [ 0.32877293 -1.32119501  0.78937835]
2026-01-21 11:38:53,160 - position: [ 0.32877293 -1.32119501  0.78937835]
2026-01-21 11:38:53,396 - position: [ 0.32877293 -1.32119501  0.78937835]
2026-01-21 11:38:53,644 - position: [ 0.32877293 -1.32119501  0.78937835]
2026-01-21 11:38:53,894 - position: [ 0.32877293 -1.32119501  0.78937835]
2026-01-21 11:38:54,100 - position: [ 0.32877293 -1.32119501  0.78937835]
2026-01-21 11:38:54,408 - position: [ 0.32877293 -1.32119501  0.78937835]
2026-01-21 11:38:54,673 - position: [ 0.32877293 -1.32119501  0.78937835]
2026-01-21 11:38:54,897 - position: [ 0.32877293 -1.32119501  0.78937835]
2026-01-21 11:38:55,150 - position: [ 0.32877293 -1.32119501  0.78937835]
2026-01-21 11:38:55,389 - position: [ 0.32877293 -1.32119501  0.78937835]
2026-01-21 11:38:55,622 - position: [ 0.32877293 -1.32119501  0.78937835]
2026-01-21 11:38:55,844 - position: [ 0.32877293 -1.32119501  0.78937835]
2026-01-21 11:38:56,049 - position: [ 0.32877293 -1.32119501  0.78937835]
2026-01-21 11:38:56,290 - position: [ 0.32877293 -1.32119501  0.78937835]
2026-01-21 11:38:56,512 - position: [ 0.32877293 -1.32119501  0.78937835]
2026-01-21 11:38:56,797 - position: [ 0.32877293 -1.32119501  0.78937835]
2026-01-21 11:38:57,030 - position: [ 0.32877293 -1.32119501  0.78937835]
2026-01-21 11:38:57,253 - position: [ 0.32877293 -1.32119501  0.78937835]
2026-01-21 11:38:57,480 - position: [ 0.32877293 -1.32119501  0.78937835]
2026-01-21 11:38:57,718 - position: [ 0.32877293 -1.32119501  0.78937835]
2026-01-21 11:38:57,962 - position: [ 0.32877293 -1.32119501  0.78937835]
2026-01-21 11:38:58,182 - position: [ 0.32877293 -1.32119501  0.78937835]
2026-01-21 11:38:58,434 - position: [ 0.32877293 -1.32119501  0.78937835]
2026-01-21 11:38:58,691 - position: [ 0.32877293 -1.32119501  0.78937835]
2026-01-21 11:38:58,923 - position: [ 0.32877293 -1.32119501  0.78937835]
2026-01-21 11:38:59,138 - position: [ 0.32877293 -1.32119501  0.78937835]
2026-01-21 11:38:59,360 - position: [ 0.32877293 -1.32119501  0.78937835]
2026-01-21 11:38:59,590 - position: [ 0.32877293 -1.32119501  0.78937835]
2026-01-21 11:38:59,796 - position: [ 0.39349213 -1.1747191   1.83831012]
2026-01-21 11:39:00,014 - position: [ 0.37528241 -1.23052931  1.8513639 ]
2026-01-21 11:39:00,255 - position: [ 0.36746919 -1.25860763  1.85172331]
2026-01-21 11:39:00,488 - position: [ 0.3496365  -1.33583462  1.8316108 ]
2026-01-21 11:39:00,708 - position: [ 0.33979601 -1.25969255  1.79289651]
2026-01-21 11:39:00,964 - position: [ 0.35940048 -1.06385279  1.51257229]
2026-01-21 11:39:01,231 - position: [ 0.35104164 -1.15364027  0.87017655]
2026-01-21 11:39:01,464 - position: [ 0.34790793 -1.18717468  0.84034163]
2026-01-21 11:39:01,699 - position: [ 0.34519741 -1.20936108  0.82450414]
2026-01-21 11:39:01,960 - position: [ 0.34519741 -1.20936108  0.82450414]
2026-01-21 11:39:02,175 - position: [ 0.34519741 -1.20936108  0.82450414]
2026-01-21 11:39:02,409 - position: [ 0.34519741 -1.20936108  0.82450414]
2026-01-21 11:39:02,652 - position: [ 0.34519741 -1.20936108  0.82450414]
2026-01-21 11:39:02,882 - position: [ 0.34519741 -1.20936108  0.82450414]
2026-01-21 11:39:03,095 - position: [ 0.34519741 -1.20936108  0.82450414]
2026-01-21 11:39:03,308 - position: [ 0.34519741 -1.20936108  0.82450414]
2026-01-21 11:39:03,552 - position: [ 0.34519741 -1.20936108  0.82450414]
2026-01-21 11:39:03,772 - position: [ 0.34519741 -1.20936108  0.82450414]
2026-01-21 11:39:03,991 - position: [ 0.34519741 -1.20936108  0.82450414]
2026-01-21 11:39:04,210 - position: [ 0.34519741 -1.20936108  0.82450414]
2026-01-21 11:39:04,423 - position: [ 0.34519741 -1.20936108  0.82450414]
2026-01-21 11:39:04,674 - position: [ 0.34519741 -1.20936108  0.82450414]
2026-01-21 11:39:04,920 - position: [ 0.34519741 -1.20936108  0.82450414]
2026-01-21 11:39:05,137 - position: [ 0.34519741 -1.20936108  0.82450414]
2026-01-21 11:39:05,351 - position: [ 0.34519741 -1.20936108  0.82450414]
2026-01-21 11:39:05,575 - position: [ 0.34519741 -1.20936108  0.82450414]
2026-01-21 11:39:05,813 - position: [ 0.34519741 -1.20936108  0.82450414]
2026-01-21 11:39:06,084 - position: [ 0.34519741 -1.20936108  0.82450414]
2026-01-21 11:39:06,319 - position: [ 0.34519741 -1.20936108  0.82450414]
2026-01-21 11:39:06,532 - position: [ 0.34519741 -1.20936108  0.82450414]
2026-01-21 11:39:06,786 - position: [ 0.34519741 -1.20936108  0.82450414]
2026-01-21 11:39:06,992 - position: [ 0.34519741 -1.20936108  0.82450414]
2026-01-21 11:39:07,216 - position: [ 0.34519741 -1.20936108  0.82450414]
2026-01-21 11:39:07,448 - position: [ 0.34519741 -1.20936108  0.82450414]
2026-01-21 11:39:07,722 - position: [ 0.34519741 -1.20936108  0.82450414]
2026-01-21 11:39:07,979 - position: [ 0.34519741 -1.20936108  0.82450414]
2026-01-21 11:39:08,213 - position: [ 0.34519741 -1.20936108  0.82450414]
2026-01-21 11:39:08,448 - position: [ 0.34519741 -1.20936108  0.82450414]
2026-01-21 11:39:08,657 - position: [ 0.34519741 -1.20936108  0.82450414]
2026-01-21 11:39:08,877 - position: [ 0.34519741 -1.20936108  0.82450414]
2026-01-21 11:39:09,112 - position: [ 0.34519741 -1.20936108  0.82450414]
2026-01-21 11:39:09,392 - position: [ 0.34519741 -1.20936108  0.82450414]
2026-01-21 11:39:09,639 - position: [ 0.34519741 -1.20936108  0.82450414]
2026-01-21 11:39:09,855 - position: [ 0.34519741 -1.20936108  0.82450414]
2026-01-21 11:39:10,082 - position: [ 0.34519741 -1.20936108  0.82450414]
2026-01-21 11:39:10,339 - position: [ 0.34519741 -1.20936108  0.82450414]
2026-01-21 11:39:10,561 - position: [ 0.34519741 -1.20936108  0.82450414]
2026-01-21 11:39:10,804 - position: [ 0.34519741 -1.20936108  0.82450414]
2026-01-21 11:39:11,040 - position: [ 0.34519741 -1.20936108  0.82450414]
2026-01-21 11:39:11,266 - position: [ 0.34519741 -1.20936108  0.82450414]
2026-01-21 11:39:11,515 - position: [ 0.34519741 -1.20936108  0.82450414]
2026-01-21 11:39:11,752 - position: [ 0.34519741 -1.20936108  0.82450414]
2026-01-21 11:39:11,969 - position: [ 0.34519741 -1.20936108  0.82450414]
2026-01-21 11:39:12,265 - position: [ 0.34519741 -1.20936108  0.82450414]
2026-01-21 11:39:12,513 - position: [ 0.34519741 -1.20936108  0.82450414]
2026-01-21 11:39:12,749 - position: [ 0.34519741 -1.20936108  0.82450414]
2026-01-21 11:39:13,064 - position: [ 0.34519741 -1.20936108  0.82450414]
2026-01-21 11:39:13,277 - position: [ 0.34519741 -1.20936108  0.82450414]
2026-01-21 11:39:13,496 - position: [ 0.34519741 -1.20936108  0.82450414]
2026-01-21 11:39:13,762 - position: [ 0.34519741 -1.20936108  0.82450414]
2026-01-21 11:39:13,979 - position: [ 0.34519741 -1.20936108  0.82450414]
2026-01-21 11:39:14,235 - position: [ 0.34519741 -1.20936108  0.82450414]
2026-01-21 11:39:14,511 - position: [ 0.34519741 -1.20936108  0.82450414]
2026-01-21 11:39:14,737 - position: [ 0.34519741 -1.20936108  0.82450414]
2026-01-21 11:39:14,982 - position: [ 0.34519741 -1.20936108  0.82450414]
2026-01-21 11:39:15,236 - position: [ 0.34519741 -1.20936108  0.82450414]
2026-01-21 11:39:15,480 - position: [ 0.34519741 -1.20936108  0.82450414]
2026-01-21 11:39:15,697 - position: [ 0.34519741 -1.20936108  0.82450414]
2026-01-21 11:39:15,953 - position: [ 0.34519741 -1.20936108  0.82450414]
2026-01-21 11:39:16,174 - position: [ 0.34519741 -1.20936108  0.82450414]
2026-01-21 11:39:16,402 - position: [ 0.34519741 -1.20936108  0.82450414]
2026-01-21 11:39:16,645 - position: [ 0.34519741 -1.20936108  0.82450414]
2026-01-21 11:39:16,866 - position: [ 0.34519741 -1.20936108  0.82450414]
2026-01-21 11:39:17,113 - position: [ 0.34519741 -1.20936108  0.82450414]
2026-01-21 11:39:17,347 - position: [ 0.34519741 -1.20936108  0.82450414]
2026-01-21 11:39:17,561 - position: [ 0.34519741 -1.20936108  0.82450414]
2026-01-21 11:39:17,814 - position: [ 0.34519741 -1.20936108  0.82450414]
2026-01-21 11:39:18,029 - position: [ 0.34519741 -1.20936108  0.82450414]
2026-01-21 11:39:18,280 - position: [ 0.34519741 -1.20936108  0.82450414]
2026-01-21 11:39:18,492 - position: [ 0.34519741 -1.20936108  0.82450414]
2026-01-21 11:39:18,703 - position: [ 0.34519741 -1.20936108  0.82450414]
2026-01-21 11:39:18,926 - position: [ 0.34519741 -1.20936108  0.82450414]
2026-01-21 11:39:19,155 - position: [ 0.34519741 -1.20936108  0.82450414]
2026-01-21 11:39:19,392 - position: [ 0.34519741 -1.20936108  0.82450414]
2026-01-21 11:39:19,599 - position: [ 0.34519741 -1.20936108  0.82450414]
2026-01-21 11:39:19,831 - position: [ 0.34519741 -1.20936108  0.82450414]
2026-01-21 11:39:20,048 - position: [ 0.34519741 -1.20936108  0.82450414]
2026-01-21 11:39:20,258 - position: [ 0.34519741 -1.20936108  0.82450414]
2026-01-21 11:39:20,486 - position: [ 0.34519741 -1.20936108  0.82450414]
2026-01-21 11:39:20,695 - position: [ 0.34519741 -1.20936108  0.82450414]
2026-01-21 11:39:20,918 - position: [ 0.34519741 -1.20936108  0.82450414]
2026-01-21 11:39:21,193 - position: [ 0.34519741 -1.20936108  0.82450414]
2026-01-21 11:39:21,439 - position: [ 0.34519741 -1.20936108  0.82450414]
2026-01-21 11:39:21,651 - position: [ 0.34519741 -1.20936108  0.82450414]
2026-01-21 11:39:21,911 - position: [ 0.34519741 -1.20936108  0.82450414]
2026-01-21 11:39:22,127 - position: [ 0.34519741 -1.20936108  0.82450414]
2026-01-21 11:39:22,379 - position: [ 0.42868072 -1.17143059  1.73674583]
2026-01-21 11:39:22,659 - position: [ 0.42868072 -1.17143059  1.73674583]
2026-01-21 11:39:22,883 - position: [ 0.40079117 -1.24095011  1.72779119]
2026-01-21 11:39:23,102 - position: [ 0.40844235 -1.17964911  1.67189133]
2026-01-21 11:39:23,353 - position: [ 0.32047457 -1.13224208  0.98005366]
2026-01-21 11:39:23,575 - position: [ 0.33224201 -1.22825634  0.84350139]
2026-01-21 11:39:23,805 - position: [ 0.33224201 -1.22825634  0.84350139]
2026-01-21 11:39:24,045 - position: [ 0.33224201 -1.22825634  0.84350139]
2026-01-21 11:39:24,261 - position: [ 0.33224201 -1.22825634  0.84350139]
2026-01-21 11:39:24,586 - position: [ 0.33224201 -1.22825634  0.84350139]
2026-01-21 11:39:24,831 - position: [ 0.33224201 -1.22825634  0.84350139]
2026-01-21 11:39:25,068 - position: [ 0.33224201 -1.22825634  0.84350139]
2026-01-21 11:39:25,316 - position: [ 0.33224201 -1.22825634  0.84350139]
2026-01-21 11:39:25,531 - position: [ 0.33224201 -1.22825634  0.84350139]
2026-01-21 11:39:25,805 - position: [ 0.33224201 -1.22825634  0.84350139]
2026-01-21 11:39:26,034 - position: [ 0.33224201 -1.22825634  0.84350139]
2026-01-21 11:39:26,250 - position: [ 0.33224201 -1.22825634  0.84350139]
2026-01-21 11:39:26,532 - position: [ 0.33224201 -1.22825634  0.84350139]
2026-01-21 11:39:26,744 - position: [ 0.33224201 -1.22825634  0.84350139]
2026-01-21 11:39:27,004 - position: [ 0.33224201 -1.22825634  0.84350139]
2026-01-21 11:39:27,212 - position: [ 0.33224201 -1.22825634  0.84350139]
2026-01-21 11:39:27,420 - position: [ 0.33224201 -1.22825634  0.84350139]
2026-01-21 11:39:27,668 - position: [ 0.33224201 -1.22825634  0.84350139]
2026-01-21 11:39:27,885 - position: [ 0.33224201 -1.22825634  0.84350139]
2026-01-21 11:39:28,202 - position: [ 0.33224201 -1.22825634  0.84350139]
2026-01-21 11:39:28,410 - position: [ 0.33224201 -1.22825634  0.84350139]
2026-01-21 11:39:28,701 - position: [ 0.33224201 -1.22825634  0.84350139]
2026-01-21 11:39:28,951 - position: [ 0.33224201 -1.22825634  0.84350139]
2026-01-21 11:39:29,156 - position: [ 0.33224201 -1.22825634  0.84350139]
2026-01-21 11:39:29,363 - position: [ 0.33224201 -1.22825634  0.84350139]
2026-01-21 11:39:29,626 - position: [ 0.33224201 -1.22825634  0.84350139]
2026-01-21 11:39:29,874 - position: [ 0.33224201 -1.22825634  0.84350139]
2026-01-21 11:39:30,124 - position: [ 0.33224201 -1.22825634  0.84350139]
2026-01-21 11:39:30,352 - position: [ 0.33224201 -1.22825634  0.84350139]
2026-01-21 11:39:30,597 - position: [ 0.33224201 -1.22825634  0.84350139]
2026-01-21 11:39:30,841 - position: [ 0.33224201 -1.22825634  0.84350139]
2026-01-21 11:39:31,070 - position: [ 0.33224201 -1.22825634  0.84350139]
2026-01-21 11:39:31,297 - position: [ 0.33224201 -1.22825634  0.84350139]
2026-01-21 11:39:31,623 - position: [ 0.33224201 -1.22825634  0.84350139]
2026-01-21 11:39:31,874 - position: [ 0.33224201 -1.22825634  0.84350139]
2026-01-21 11:39:32,106 - position: [ 0.33224201 -1.22825634  0.84350139]
2026-01-21 11:39:32,386 - position: [ 0.33224201 -1.22825634  0.84350139]
2026-01-21 11:39:32,632 - position: [ 0.33224201 -1.22825634  0.84350139]
2026-01-21 11:39:32,918 - position: [ 0.33224201 -1.22825634  0.84350139]
2026-01-21 11:39:33,156 - position: [ 0.33224201 -1.22825634  0.84350139]
2026-01-21 11:39:33,425 - position: [ 0.33224201 -1.22825634  0.84350139]
2026-01-21 11:39:33,644 - position: [ 0.33224201 -1.22825634  0.84350139]
2026-01-21 11:39:33,889 - position: [ 0.33224201 -1.22825634  0.84350139]
2026-01-21 11:39:34,092 - position: [ 0.33224201 -1.22825634  0.84350139]
2026-01-21 11:39:34,315 - position: [ 0.33224201 -1.22825634  0.84350139]
2026-01-21 11:39:34,550 - position: [ 0.33224201 -1.22825634  0.84350139]
2026-01-21 11:39:34,793 - position: [ 0.33224201 -1.22825634  0.84350139]
2026-01-21 11:39:35,014 - position: [ 0.33224201 -1.22825634  0.84350139]
2026-01-21 11:39:35,227 - position: [ 0.33224201 -1.22825634  0.84350139]
2026-01-21 11:39:35,428 - position: [ 0.33224201 -1.22825634  0.84350139]
2026-01-21 11:39:35,636 - position: [ 0.33224201 -1.22825634  0.84350139]
2026-01-21 11:39:35,862 - position: [ 0.33224201 -1.22825634  0.84350139]
2026-01-21 11:39:36,078 - position: [ 0.33224201 -1.22825634  0.84350139]
2026-01-21 11:39:36,400 - position: [ 0.33224201 -1.22825634  0.84350139]
2026-01-21 11:39:36,634 - position: [ 0.33224201 -1.22825634  0.84350139]
2026-01-21 11:39:36,841 - position: [ 0.33224201 -1.22825634  0.84350139]
2026-01-21 11:39:37,053 - position: [ 0.33224201 -1.22825634  0.84350139]
2026-01-21 11:39:37,260 - position: [ 0.33224201 -1.22825634  0.84350139]
2026-01-21 11:39:37,461 - position: [ 0.33224201 -1.22825634  0.84350139]
2026-01-21 11:39:37,729 - position: [ 0.33224201 -1.22825634  0.84350139]
2026-01-21 11:39:37,959 - position: [ 0.33224201 -1.22825634  0.84350139]
2026-01-21 11:39:38,214 - position: [ 0.33224201 -1.22825634  0.84350139]
2026-01-21 11:39:38,463 - position: [ 0.33224201 -1.22825634  0.84350139]
2026-01-21 11:39:38,679 - position: [ 0.33224201 -1.22825634  0.84350139]
2026-01-21 11:39:38,894 - position: [ 0.33224201 -1.22825634  0.84350139]
2026-01-21 11:39:39,120 - position: [ 0.33224201 -1.22825634  0.84350139]
2026-01-21 11:39:39,355 - position: [ 0.34223658 -1.34262931  0.78886789]
2026-01-21 11:39:39,615 - position: [ 0.34010994 -1.34179878  0.78814566]
2026-01-21 11:39:39,865 - position: [ 0.34138522 -1.3431325   0.78785968]
2026-01-21 11:39:40,104 - position: [ 0.34468949 -1.34422696  0.78722554]
2026-01-21 11:39:40,361 - position: [ 0.34710857 -1.34609067  0.78581488]
2026-01-21 11:39:40,625 - position: [ 0.34706327 -1.34659362  0.78498948]
2026-01-21 11:39:40,875 - position: [ 0.34654441 -1.34544349  0.78458351]
2026-01-21 11:39:41,137 - position: [ 0.34587744 -1.3451643   0.78452694]
2026-01-21 11:39:41,419 - position: [ 0.34577763 -1.34162688  0.78487998]
2026-01-21 11:39:41,656 - position: [ 0.34667012 -1.34013224  0.78441924]
2026-01-21 11:39:41,888 - position: [ 0.34906709 -1.34007382  0.78418934]
2026-01-21 11:39:42,119 - position: [ 0.34926462 -1.33998704  0.78390288]
2026-01-21 11:39:42,387 - position: [ 0.34936756 -1.33969188  0.78376448]
2026-01-21 11:39:42,656 - position: [ 0.34980533 -1.3380779   0.78392088]
2026-01-21 11:39:42,914 - position: [ 0.34948513 -1.33739078  0.78404319]
2026-01-21 11:39:43,150 - position: [ 0.34903064 -1.3360374   0.78406334]
2026-01-21 11:39:43,414 - position: [ 0.34855214 -1.33547342  0.7843858 ]
2026-01-21 11:39:43,632 - position: [ 0.34786737 -1.33514249  0.78455573]
2026-01-21 11:39:43,854 - position: [ 0.34758657 -1.33515787  0.78532296]
2026-01-21 11:39:44,105 - position: [ 0.34758464 -1.33577752  0.78572893]
2026-01-21 11:39:44,317 - position: [ 0.34778905 -1.3367244   0.78590804]
2026-01-21 11:39:44,548 - position: [ 0.34650937 -1.32894647  0.78980708]
2026-01-21 11:39:44,776 - position: [ 0.34692931 -1.32238293  0.7916702 ]
2026-01-21 11:39:45,061 - position: [ 0.35495549 -1.28452682  0.81829739]
2026-01-21 11:39:45,293 - position: [ 0.35495549 -1.28452682  0.81829739]
2026-01-21 11:39:45,503 - position: [ 0.35495549 -1.28452682  0.81829739]
2026-01-21 11:39:45,756 - position: [ 0.47202376 -1.11625719  1.6535331 ]
2026-01-21 11:39:45,998 - position: [ 0.42819652 -1.24867904  1.78686833]
2026-01-21 11:39:46,256 - position: [ 0.38804203 -1.32935929  1.8029424 ]
2026-01-21 11:39:46,499 - position: [ 0.39428401 -1.32234681  1.80525136]
2026-01-21 11:39:46,723 - position: [ 0.41634527 -1.23850155  1.76248443]
2026-01-21 11:39:46,995 - position: [ 0.46351627 -1.07749689  1.57331944]
2026-01-21 11:39:47,241 - position: [ 0.47509483 -1.01413     1.21240985]
2026-01-21 11:39:47,449 - position: [ 0.47509483 -1.01413     1.21240985]
2026-01-21 11:39:47,671 - position: [ 0.47509483 -1.01413     1.21240985]
2026-01-21 11:39:47,952 - position: [ 0.47509483 -1.01413     1.21240985]
2026-01-21 11:39:48,185 - position: [ 0.47509483 -1.01413     1.21240985]
2026-01-21 11:39:48,411 - position: [ 0.47509483 -1.01413     1.21240985]
2026-01-21 11:39:48,680 - position: [ 0.47509483 -1.01413     1.21240985]
2026-01-21 11:39:48,902 - position: [ 0.47509483 -1.01413     1.21240985]
2026-01-21 11:39:49,130 - position: [ 0.47509483 -1.01413     1.21240985]
2026-01-21 11:39:49,362 - position: [ 0.47509483 -1.01413     1.21240985]
2026-01-21 11:39:49,565 - position: [ 0.47509483 -1.01413     1.21240985]
2026-01-21 11:39:49,771 - position: [ 0.47509483 -1.01413     1.21240985]
2026-01-21 11:39:50,041 - position: [ 0.47509483 -1.01413     1.21240985]
2026-01-21 11:39:50,248 - position: [ 0.47509483 -1.01413     1.21240985]
2026-01-21 11:39:50,483 - position: [ 0.47509483 -1.01413     1.21240985]
2026-01-21 11:39:50,715 - position: [ 0.47509483 -1.01413     1.21240985]
2026-01-21 11:39:50,959 - position: [ 0.47509483 -1.01413     1.21240985]
2026-01-21 11:39:51,207 - position: [ 0.47509483 -1.01413     1.21240985]
2026-01-21 11:39:51,424 - position: [ 0.47509483 -1.01413     1.21240985]
2026-01-21 11:39:51,650 - position: [ 0.47509483 -1.01413     1.21240985]
2026-01-21 11:39:51,883 - position: [ 0.47509483 -1.01413     1.21240985]
2026-01-21 11:39:52,094 - position: [ 0.47509483 -1.01413     1.21240985]
2026-01-21 11:39:52,300 - position: [ 0.47509483 -1.01413     1.21240985]
2026-01-21 11:39:52,523 - position: [ 0.47509483 -1.01413     1.21240985]
2026-01-21 11:39:52,748 - position: [ 0.47509483 -1.01413     1.21240985]
2026-01-21 11:39:52,996 - position: [ 0.47509483 -1.01413     1.21240985]
2026-01-21 11:39:53,252 - position: [ 0.47509483 -1.01413     1.21240985]
2026-01-21 11:39:53,479 - position: [ 0.47509483 -1.01413     1.21240985]
2026-01-21 11:39:53,682 - position: [ 0.47509483 -1.01413     1.21240985]
2026-01-21 11:39:53,902 - position: [ 0.47509483 -1.01413     1.21240985]
2026-01-21 11:39:54,134 - position: [ 0.47509483 -1.01413     1.21240985]
2026-01-21 11:39:54,366 - position: [ 0.47509483 -1.01413     1.21240985]
2026-01-21 11:39:54,589 - position: [ 0.47509483 -1.01413     1.21240985]
2026-01-21 11:39:54,796 - position: [ 0.47509483 -1.01413     1.21240985]
2026-01-21 11:39:55,022 - position: [ 0.47509483 -1.01413     1.21240985]
2026-01-21 11:39:55,234 - position: [ 0.47509483 -1.01413     1.21240985]
2026-01-21 11:39:55,475 - position: [ 0.47509483 -1.01413     1.21240985]
2026-01-21 11:39:55,702 - position: [ 0.47509483 -1.01413     1.21240985]
2026-01-21 11:39:56,035 - position: [ 0.47509483 -1.01413     1.21240985]
2026-01-21 11:39:56,260 - position: [ 0.47509483 -1.01413     1.21240985]
2026-01-21 11:39:56,558 - position: [ 0.47509483 -1.01413     1.21240985]
2026-01-21 11:39:56,774 - position: [ 0.47509483 -1.01413     1.21240985]
2026-01-21 11:39:57,062 - position: [ 0.47509483 -1.01413     1.21240985]
2026-01-21 11:39:57,274 - position: [ 0.47509483 -1.01413     1.21240985]
2026-01-21 11:39:57,502 - position: [ 0.47509483 -1.01413     1.21240985]
2026-01-21 11:39:57,732 - position: [ 0.47509483 -1.01413     1.21240985]
2026-01-21 11:39:57,965 - position: [ 0.47509483 -1.01413     1.21240985]
2026-01-21 11:39:58,225 - position: [ 0.47509483 -1.01413     1.21240985]
2026-01-21 11:39:58,589 - position: [ 0.47509483 -1.01413     1.21240985]
2026-01-21 11:39:58,884 - position: [ 0.47509483 -1.01413     1.21240985]
2026-01-21 11:39:59,151 - position: [ 0.47509483 -1.01413     1.21240985]
2026-01-21 11:39:59,481 - position: [ 0.47509483 -1.01413     1.21240985]
2026-01-21 11:39:59,716 - position: [ 0.47509483 -1.01413     1.21240985]
2026-01-21 11:39:59,945 - position: [ 0.47509483 -1.01413     1.21240985]
2026-01-21 11:40:00,158 - position: [ 0.47509483 -1.01413     1.21240985]
2026-01-21 11:40:00,407 - position: [ 0.47509483 -1.01413     1.21240985]
2026-01-21 11:40:00,643 - position: [ 0.47509483 -1.01413     1.21240985]
2026-01-21 11:40:00,885 - position: [ 0.47509483 -1.01413     1.21240985]
2026-01-21 11:40:01,140 - position: [ 0.47509483 -1.01413     1.21240985]
2026-01-21 11:40:01,358 - position: [ 0.47509483 -1.01413     1.21240985]
2026-01-21 11:40:01,653 - position: [ 0.47509483 -1.01413     1.21240985]
2026-01-21 11:40:01,895 - position: [ 0.47509483 -1.01413     1.21240985]
2026-01-21 11:40:02,107 - position: [ 0.47509483 -1.01413     1.21240985]
2026-01-21 11:40:02,334 - position: [ 0.47509483 -1.01413     1.21240985]
2026-01-21 11:40:02,566 - position: [ 0.47509483 -1.01413     1.21240985]
2026-01-21 11:40:02,809 - position: [ 0.47509483 -1.01413     1.21240985]
2026-01-21 11:40:03,030 - position: [ 0.47509483 -1.01413     1.21240985]
2026-01-21 11:40:03,255 - position: [ 0.47509483 -1.01413     1.21240985]
2026-01-21 11:40:03,498 - position: [ 0.47509483 -1.01413     1.21240985]
2026-01-21 11:40:03,731 - position: [ 0.47509483 -1.01413     1.21240985]
2026-01-21 11:40:03,941 - position: [ 0.47509483 -1.01413     1.21240985]
2026-01-21 11:40:04,180 - position: [ 0.47509483 -1.01413     1.21240985]
2026-01-21 11:40:04,426 - position: [ 0.47509483 -1.01413     1.21240985]
2026-01-21 11:40:04,644 - position: [ 0.47509483 -1.01413     1.21240985]
2026-01-21 11:40:04,866 - position: [ 0.47509483 -1.01413     1.21240985]
2026-01-21 11:40:05,086 - position: [ 0.47509483 -1.01413     1.21240985]
2026-01-21 11:40:05,293 - position: [ 0.47509483 -1.01413     1.21240985]
2026-01-21 11:40:05,559 - position: [ 0.47509483 -1.01413     1.21240985]
2026-01-21 11:40:05,765 - position: [ 0.47509483 -1.01413     1.21240985]
2026-01-21 11:40:06,005 - position: [ 0.47509483 -1.01413     1.21240985]
2026-01-21 11:40:06,264 - position: [ 0.47509483 -1.01413     1.21240985]
2026-01-21 11:40:06,483 - position: [ 0.47509483 -1.01413     1.21240985]
2026-01-21 11:40:06,702 - position: [ 0.47509483 -1.01413     1.21240985]
2026-01-21 11:40:06,981 - position: [ 0.47509483 -1.01413     1.21240985]
2026-01-21 11:40:07,208 - position: [ 0.47509483 -1.01413     1.21240985]
2026-01-21 11:40:07,514 - position: [ 0.47509483 -1.01413     1.21240985]
2026-01-21 11:40:07,733 - position: [ 0.47509483 -1.01413     1.21240985]
2026-01-21 11:40:07,988 - position: [ 0.47509483 -1.01413     1.21240985]
2026-01-21 11:40:08,211 - position: [ 0.47509483 -1.01413     1.21240985]
2026-01-21 11:40:08,431 - position: [ 0.47509483 -1.01413     1.21240985]
2026-01-21 11:40:08,726 - position: [ 0.47509483 -1.01413     1.21240985]
2026-01-21 11:40:08,987 - position: [ 0.47509483 -1.01413     1.21240985]
2026-01-21 11:40:09,205 - position: [ 0.47509483 -1.01413     1.21240985]
2026-01-21 11:40:09,423 - position: [ 0.47509483 -1.01413     1.21240985]
2026-01-21 11:40:09,636 - position: [ 0.47509483 -1.01413     1.21240985]
2026-01-21 11:40:09,848 - position: [ 0.47509483 -1.01413     1.21240985]
2026-01-21 11:40:10,070 - position: [ 0.47509483 -1.01413     1.21240985]
2026-01-21 11:40:10,314 - position: [ 0.47509483 -1.01413     1.21240985]
2026-01-21 11:40:10,587 - position: [ 0.47509483 -1.01413     1.21240985]
2026-01-21 11:40:10,841 - position: [ 0.47509483 -1.01413     1.21240985]
2026-01-21 11:40:11,091 - position: [ 0.47509483 -1.01413     1.21240985]
2026-01-21 11:40:11,319 - position: [ 0.47509483 -1.01413     1.21240985]
2026-01-21 11:40:11,528 - position: [ 0.47509483 -1.01413     1.21240985]
2026-01-21 11:40:11,739 - position: [ 0.47509483 -1.01413     1.21240985]
2026-01-21 11:40:11,960 - position: [ 0.47509483 -1.01413     1.21240985]
2026-01-21 11:40:12,185 - position: [ 0.47509483 -1.01413     1.21240985]
2026-01-21 11:40:12,394 - position: [ 0.47509483 -1.01413     1.21240985]
2026-01-21 11:40:12,642 - position: [ 0.47509483 -1.01413     1.21240985]
2026-01-21 11:40:12,850 - position: [ 0.44781101 -1.17553377  1.68743205]
2026-01-21 11:40:13,078 - position: [ 0.4116599  -1.31045532  1.75841391]
2026-01-21 11:40:13,379 - position: [ 0.41001689 -1.30724227  1.76272702]
2026-01-21 11:40:13,604 - position: [ 0.41134921 -1.30510402  1.76076484]
2026-01-21 11:40:13,840 - position: [ 0.41125721 -1.30416214  1.75827909]
2026-01-21 11:40:14,049 - position: [ 0.40447038 -1.24216723  1.69409382]
2026-01-21 11:40:14,285 - position: [ 0.39758757 -1.19468844  1.63521922]
2026-01-21 11:40:14,532 - position: [ 0.39758757 -1.19468844  1.63521922]
2026-01-21 11:40:14,772 - position: [ 0.39758757 -1.19468844  1.63521922]
2026-01-21 11:40:15,023 - position: [ 0.39758757 -1.19468844  1.63521922]
2026-01-21 11:40:15,281 - position: [ 0.39758757 -1.19468844  1.63521922]
2026-01-21 11:40:15,513 - position: [ 0.39758757 -1.19468844  1.63521922]
2026-01-21 11:40:15,738 - position: [ 0.39758757 -1.19468844  1.63521922]
2026-01-21 11:40:16,082 - position: [ 0.39758757 -1.19468844  1.63521922]
2026-01-21 11:40:16,348 - position: [ 0.39758757 -1.19468844  1.63521922]
2026-01-21 11:40:16,634 - position: [ 0.39758757 -1.19468844  1.63521922]
2026-01-21 11:40:16,842 - position: [ 0.39758757 -1.19468844  1.63521922]
2026-01-21 11:40:17,069 - position: [ 0.39758757 -1.19468844  1.63521922]
2026-01-21 11:40:17,270 - position: [ 0.39758757 -1.19468844  1.63521922]
2026-01-21 11:40:17,556 - position: [ 0.39758757 -1.19468844  1.63521922]
2026-01-21 11:40:17,795 - position: [ 0.39758757 -1.19468844  1.63521922]
2026-01-21 11:40:18,010 - position: [ 0.39758757 -1.19468844  1.63521922]
2026-01-21 11:40:18,229 - position: [ 0.39758757 -1.19468844  1.63521922]
2026-01-21 11:40:18,454 - position: [ 0.39758757 -1.19468844  1.63521922]
2026-01-21 11:40:18,708 - position: [ 0.39758757 -1.19468844  1.63521922]
2026-01-21 11:40:18,939 - position: [ 0.39758757 -1.19468844  1.63521922]
2026-01-21 11:40:19,158 - position: [ 0.39758757 -1.19468844  1.63521922]
2026-01-21 11:40:19,386 - position: [ 0.39758757 -1.19468844  1.63521922]
2026-01-21 11:40:19,642 - position: [ 0.39758757 -1.19468844  1.63521922]
2026-01-21 11:40:19,885 - position: [ 0.37409508 -1.28167164  0.79996848]
2026-01-21 11:40:20,103 - position: [ 0.36878338 -1.28611791  0.7966488 ]
2026-01-21 11:40:20,337 - position: [ 0.36878338 -1.28611791  0.7966488 ]
2026-01-21 11:40:20,580 - position: [ 0.36878338 -1.28611791  0.7966488 ]
2026-01-21 11:40:20,797 - position: [ 0.36878338 -1.28611791  0.7966488 ]
2026-01-21 11:40:21,030 - position: [ 0.36878338 -1.28611791  0.7966488 ]
2026-01-21 11:40:21,238 - position: [ 0.36878338 -1.28611791  0.7966488 ]
2026-01-21 11:40:21,467 - position: [ 0.36878338 -1.28611791  0.7966488 ]
2026-01-21 11:40:21,691 - position: [ 0.36878338 -1.28611791  0.7966488 ]
2026-01-21 11:40:21,917 - position: [ 0.36878338 -1.28611791  0.7966488 ]
2026-01-21 11:40:22,167 - position: [ 0.36878338 -1.28611791  0.7966488 ]
2026-01-21 11:40:22,373 - position: [ 0.36878338 -1.28611791  0.7966488 ]
2026-01-21 11:40:22,601 - position: [ 0.36878338 -1.28611791  0.7966488 ]
2026-01-21 11:40:22,824 - position: [ 0.36878338 -1.28611791  0.7966488 ]
2026-01-21 11:40:23,067 - position: [ 0.36878338 -1.28611791  0.7966488 ]
2026-01-21 11:40:23,340 - position: [ 0.36878338 -1.28611791  0.7966488 ]
2026-01-21 11:40:23,559 - position: [ 0.36878338 -1.28611791  0.7966488 ]
2026-01-21 11:40:23,854 - position: [ 0.36878338 -1.28611791  0.7966488 ]
2026-01-21 11:40:24,165 - position: [ 0.36878338 -1.28611791  0.7966488 ]
2026-01-21 11:40:24,371 - position: [ 0.36878338 -1.28611791  0.7966488 ]
2026-01-21 11:40:24,621 - position: [ 0.36878338 -1.28611791  0.7966488 ]
2026-01-21 11:40:24,859 - position: [ 0.36878338 -1.28611791  0.7966488 ]
2026-01-21 11:40:25,076 - position: [ 0.36878338 -1.28611791  0.7966488 ]
2026-01-21 11:40:25,338 - position: [ 0.36878338 -1.28611791  0.7966488 ]
2026-01-21 11:40:25,548 - position: [ 0.36878338 -1.28611791  0.7966488 ]
2026-01-21 11:40:25,770 - position: [ 0.36878338 -1.28611791  0.7966488 ]
2026-01-21 11:40:26,039 - position: [ 0.36878338 -1.28611791  0.7966488 ]
2026-01-21 11:40:26,277 - position: [ 0.36878338 -1.28611791  0.7966488 ]
2026-01-21 11:40:26,577 - position: [ 0.36878338 -1.28611791  0.7966488 ]
2026-01-21 11:40:26,794 - position: [ 0.36878338 -1.28611791  0.7966488 ]
2026-01-21 11:40:27,039 - position: [ 0.36878338 -1.28611791  0.7966488 ]
2026-01-21 11:40:27,331 - position: [ 0.36878338 -1.28611791  0.7966488 ]
2026-01-21 11:40:27,536 - position: [ 0.36878338 -1.28611791  0.7966488 ]
2026-01-21 11:40:27,744 - position: [ 0.36878338 -1.28611791  0.7966488 ]
2026-01-21 11:40:28,057 - position: [ 0.36878338 -1.28611791  0.7966488 ]
2026-01-21 11:40:28,303 - position: [ 0.36878338 -1.28611791  0.7966488 ]
2026-01-21 11:40:28,552 - position: [ 0.36878338 -1.28611791  0.7966488 ]
2026-01-21 11:40:28,797 - position: [ 0.36878338 -1.28611791  0.7966488 ]
2026-01-21 11:40:29,035 - position: [ 0.36878338 -1.28611791  0.7966488 ]
2026-01-21 11:40:29,297 - position: [ 0.36878338 -1.28611791  0.7966488 ]
2026-01-21 11:40:29,541 - position: [ 0.36878338 -1.28611791  0.7966488 ]
2026-01-21 11:40:29,754 - position: [ 0.36878338 -1.28611791  0.7966488 ]
2026-01-21 11:40:30,001 - position: [ 0.36878338 -1.28611791  0.7966488 ]
2026-01-21 11:40:30,244 - position: [ 0.36878338 -1.28611791  0.7966488 ]
2026-01-21 11:40:30,498 - position: [ 0.36878338 -1.28611791  0.7966488 ]
2026-01-21 11:40:30,763 - position: [ 0.36878338 -1.28611791  0.7966488 ]
2026-01-21 11:40:31,014 - position: [ 0.36878338 -1.28611791  0.7966488 ]
2026-01-21 11:40:31,256 - position: [ 0.36878338 -1.28611791  0.7966488 ]
2026-01-21 11:40:31,487 - position: [ 0.36878338 -1.28611791  0.7966488 ]
2026-01-21 11:40:31,796 - position: [ 0.36878338 -1.28611791  0.7966488 ]
2026-01-21 11:40:32,057 - position: [ 0.36878338 -1.28611791  0.7966488 ]
2026-01-21 11:40:32,281 - position: [ 0.36878338 -1.28611791  0.7966488 ]
2026-01-21 11:40:32,493 - position: [ 0.36878338 -1.28611791  0.7966488 ]
2026-01-21 11:40:32,713 - position: [ 0.36878338 -1.28611791  0.7966488 ]
2026-01-21 11:40:32,962 - position: [ 0.36878338 -1.28611791  0.7966488 ]
2026-01-21 11:40:33,199 - position: [ 0.36878338 -1.28611791  0.7966488 ]
2026-01-21 11:40:33,479 - position: [ 0.36878338 -1.28611791  0.7966488 ]
2026-01-21 11:40:33,709 - position: [ 0.36878338 -1.28611791  0.7966488 ]
