2026-01-21 11:32:03,518 - position: [0.03582668 2.26407337 0.91306555] - angle: -1.5925976743271342
2026-01-21 11:32:03,751 - position: [0.03799415 2.26086712 0.91672939] - angle: -1.5926981424056859
2026-01-21 11:32:04,010 - position: [0.03983275 2.25695515 0.91888171] - angle: -1.5931776078260746
2026-01-21 11:32:04,227 - position: [0.04050272 2.25342822 0.92123628] - angle: -1.59234758850911
2026-01-21 11:32:04,456 - position: [0.04089969 2.25216556 0.92265612] - angle: -1.592720707676131
2026-01-21 11:32:04,688 - position: [0.04100359 2.25149584 0.92347115] - angle: -1.5922448540676841
2026-01-21 11:32:04,993 - position: [0.04100359 2.25149584 0.92347115] - angle: -1.5922448540676841
2026-01-21 11:32:05,216 - position: [0.03809721 2.23403287 0.9815042 ] - angle: -1.5923346636380415
2026-01-21 11:32:05,430 - position: [0.03811659 2.23250318 0.98618817] - angle: -1.592919241683223
2026-01-21 11:32:05,716 - position: [0.03863813 2.22751045 0.99533725] - angle: -1.5920750548473386
2026-01-21 11:32:05,933 - position: [0.03955032 2.22111344 0.99750715] - angle: -1.5917862323519945
2026-01-21 11:32:06,164 - position: [0.04006711 2.2168889  0.99457413] - angle: -1.5918210704472955
2026-01-21 11:32:06,390 - position: [0.0407178  2.21379662 0.99085635] - angle: -1.5917772954693055
2026-01-21 11:32:06,636 - position: [0.04142237 2.20997524 0.98539561] - angle: -1.5912900485735637
2026-01-21 11:32:06,869 - position: [0.04249714 2.2068994  0.9809972 ] - angle: -1.5909612123628563
2026-01-21 11:32:07,107 - position: [0.04330521 2.20557356 0.97918224] - angle: -1.590811238396423
2026-01-21 11:32:07,379 - position: [0.0442374  2.20399261 0.97709984] - angle: -1.591085824611322
2026-01-21 11:32:07,683 - position: [0.04663901 2.19995427 0.97141612] - angle: -1.59124608475312
2026-01-21 11:32:07,897 - position: [0.04795318 2.19761443 0.96803069] - angle: -1.5903748612849906
2026-01-21 11:32:08,112 - position: [0.05042975 2.194525   0.96059966] - angle: -1.589781720062665
2026-01-21 11:32:08,352 - position: [0.05042975 2.194525   0.96059966] - angle: -1.589781720062665
2026-01-21 11:32:08,602 - position: [0.04950121 2.19562507 0.94877565] - angle: -1.5888684189991409
2026-01-21 11:32:08,813 - position: [0.04844933 2.19676876 0.94715738] - angle: -1.5894067059696653
2026-01-21 11:32:09,096 - position: [0.04459129 2.1990819  0.94238335] - angle: -1.5886480098290576
2026-01-21 11:32:09,335 - position: [0.04167556 2.20040488 0.9388544 ] - angle: -1.5882365232779971
2026-01-21 11:32:09,629 - position: [0.03946959 2.20165896 0.93559712] - angle: -1.5880457110342654
2026-01-21 11:32:09,886 - position: [0.03870659 2.20310235 0.93253791] - angle: -1.5879963168838511
2026-01-21 11:32:10,170 - position: [0.03888925 2.20972657 0.91629714] - angle: -1.5867781394782767
2026-01-21 11:32:10,411 - position: [0.0396165  2.20820355 0.9079892 ] - angle: -1.5870576560551735
2026-01-21 11:32:10,645 - position: [0.03956398 2.20561028 0.90525132] - angle: -1.5863013930209293
2026-01-21 11:32:10,856 - position: [0.03887307 2.20124936 0.90202326] - angle: -1.585450313965608
2026-01-21 11:32:11,106 - position: [0.03832096 2.18610382 0.89537883] - angle: -1.586015576092695
2026-01-21 11:32:11,364 - position: [0.03926694 2.17394376 0.89198947] - angle: -1.5858622646559004
2026-01-21 11:32:11,601 - position: [0.03957902 2.16608572 0.89017266] - angle: -1.5856550201253645
2026-01-21 11:32:11,820 - position: [0.04053171 2.15701151 0.88905209] - angle: -1.585614308478383
2026-01-21 11:32:12,026 - position: [0.04128969 2.15080023 0.88845038] - angle: -1.5854298591532672
2026-01-21 11:32:12,255 - position: [0.04141236 2.14139318 0.88743401] - angle: -1.5854479307407505
2026-01-21 11:32:12,471 - position: [0.04143568 2.13624644 0.88646978] - angle: -1.584945852674739
2026-01-21 11:32:12,708 - position: [0.04150603 2.13076615 0.88411635] - angle: -1.5843408456462633
2026-01-21 11:32:13,043 - position: [0.04292843 2.12700558 0.87918097] - angle: -1.5844090715959718
2026-01-21 11:32:13,298 - position: [0.04235053 2.12643957 0.87668622] - angle: -1.583833607059943
2026-01-21 11:32:13,523 - position: [0.04085109 2.12732005 0.87276673] - angle: -1.5836567216457968
2026-01-21 11:32:13,765 - position: [0.03886194 2.1294322  0.87043625] - angle: -1.583928460042264
2026-01-21 11:32:14,015 - position: [0.03762949 2.13147163 0.86755931] - angle: -1.5824507416380644
2026-01-21 11:32:14,245 - position: [0.03704662 2.1318078  0.86499381] - angle: -1.5823621292705141
2026-01-21 11:32:14,479 - position: [0.03699338 2.13185406 0.86457968] - angle: -1.582152786884203
2026-01-21 11:32:14,738 - position: [0.03469744 2.13381529 0.85836005] - angle: -1.5818152125416303
2026-01-21 11:32:14,960 - position: [0.03459693 2.13436985 0.85803437] - angle: -1.5823638498588757
2026-01-21 11:32:15,193 - position: [0.03431828 2.13488865 0.85746157] - angle: -1.582551604274185
2026-01-21 11:32:15,443 - position: [0.03312581 2.1397059  0.85336989] - angle: -1.5814915508534266
2026-01-21 11:32:15,676 - position: [0.03312581 2.1397059  0.85336989] - angle: -1.5814915508534266
2026-01-21 11:32:15,915 - position: [0.03355543 2.15075231 0.8511892 ] - angle: -1.5817051718174513
2026-01-21 11:32:16,154 - position: [0.03181042 2.15360546 0.8542847 ] - angle: -1.5808921316730125
2026-01-21 11:32:16,356 - position: [0.03070892 2.15331459 0.85620511] - angle: -1.5808600161325863
2026-01-21 11:32:16,619 - position: [0.02848605 2.1505878  0.85988683] - angle: -1.5804440542930678
2026-01-21 11:32:16,840 - position: [0.02717051 2.14876103 0.86198455] - angle: -1.5806246940121227
2026-01-21 11:32:17,085 - position: [0.0223192  2.14152336 0.86742872] - angle: -1.5797685499509866
2026-01-21 11:32:17,364 - position: [0.01783488 2.13423467 0.86983317] - angle: -1.5794620849594363
2026-01-21 11:32:17,598 - position: [0.01675461 2.13165545 0.87021738] - angle: -1.5795358014562186
2026-01-21 11:32:17,823 - position: [0.01644043 2.12513232 0.8710804 ] - angle: -1.578972735980268
2026-01-21 11:32:18,064 - position: [0.01863701 2.12059641 0.87142467] - angle: -1.5782600637335733
2026-01-21 11:32:18,303 - position: [0.01957548 2.11898804 0.87168241] - angle: -1.5777804902485197
2026-01-21 11:32:18,514 - position: [0.02050537 2.11776352 0.87240702] - angle: -1.5776148271070864
2026-01-21 11:32:18,725 - position: [0.02050537 2.11776352 0.87240702] - angle: -1.5776148271070864
2026-01-21 11:32:18,931 - position: [0.02354209 2.11898446 0.87493724] - angle: -1.5780310620953415
2026-01-21 11:32:19,173 - position: [0.02435954 2.11946082 0.87666029] - angle: -1.577367991149444
2026-01-21 11:32:19,405 - position: [0.02445712 2.12017918 0.8773945 ] - angle: -1.5773348384130106
2026-01-21 11:32:19,624 - position: [0.02445712 2.12017918 0.8773945 ] - angle: -1.5773348384130106
2026-01-21 11:32:19,831 - position: [0.02184109 2.12765431 0.8812058 ] - angle: -1.5772190406667361
2026-01-21 11:32:20,057 - position: [0.02111871 2.13177085 0.8827045 ] - angle: -1.5762327644997516
2026-01-21 11:32:20,295 - position: [0.02116955 2.13307953 0.88333124] - angle: -1.5760624208889134
2026-01-21 11:32:20,636 - position: [0.02232951 2.13537955 0.88702679] - angle: -1.5758220545399961
2026-01-21 11:32:20,920 - position: [0.02094603 2.13565373 0.88936275] - angle: -1.5757587574666942
2026-01-21 11:32:21,172 - position: [0.01962234 2.13499284 0.89249241] - angle: -1.576363308590687
2026-01-21 11:32:21,394 - position: [0.01949069 2.13483381 0.89283955] - angle: -1.5760754195228701
2026-01-21 11:32:21,641 - position: [0.01790798 2.13157606 0.89689076] - angle: -1.5750215786770383
2026-01-21 11:32:21,852 - position: [0.01765078 2.13005662 0.89852029] - angle: -1.574547801206017
2026-01-21 11:32:22,093 - position: [0.01798953 2.12798405 0.90141565] - angle: -1.5751311765676848
2026-01-21 11:32:22,395 - position: [0.02210895 2.12637854 0.90352863] - angle: -1.5744565564929207
2026-01-21 11:32:22,636 - position: [0.02675483 2.12417221 0.90571839] - angle: -1.5759600969461065
2026-01-21 11:32:22,924 - position: [0.03272324 2.12387824 0.90930158] - angle: -1.574836215739678
2026-01-21 11:32:23,172 - position: [0.03286625 2.12574053 0.91141438] - angle: -1.5745929497125193
2026-01-21 11:32:23,424 - position: [0.03135873 2.12616038 0.91305995] - angle: -1.5745285740863544
2026-01-21 11:32:23,640 - position: [0.03045938 2.12550235 0.91324878] - angle: -1.5739514292315189
2026-01-21 11:32:23,875 - position: [0.02969536 2.12304688 0.91383624] - angle: -1.57411599757849
2026-01-21 11:32:24,126 - position: [0.0336839  2.11479044 0.91447163] - angle: -1.5754016631410508
2026-01-21 11:32:24,342 - position: [0.03776148 2.1093595  0.91533118] - angle: -1.575438598787664
2026-01-21 11:32:24,596 - position: [0.04161248 2.11056876 0.91767913] - angle: -1.5749456938850326
2026-01-21 11:32:24,827 - position: [0.04240886 2.11250114 0.91845572] - angle: -1.574716582468394
2026-01-21 11:32:25,099 - position: [0.04033218 2.12437963 0.91936702] - angle: -1.5758987643658706
2026-01-21 11:32:25,379 - position: [0.03632032 2.13601446 0.91853833] - angle: -1.5757293617614891
2026-01-21 11:32:25,633 - position: [0.02569988 2.15963912 0.91363358] - angle: -1.5769344486054626
2026-01-21 11:32:25,869 - position: [0.02175088 2.16698265 0.91064227] - angle: -1.5766217859293876
2026-01-21 11:32:26,159 - position: [0.01711051 2.17208672 0.90525621] - angle: -1.5753423060776468
2026-01-21 11:32:26,389 - position: [0.014436   2.17167044 0.90167868] - angle: -1.5740922142828708
2026-01-21 11:32:26,617 - position: [0.00830346 2.16903996 0.89606804] - angle: -1.5741567393551463
2026-01-21 11:32:26,903 - position: [-4.56422509e-04  2.16511631e+00  8.89867425e-01] - angle: -1.5735174663561633
2026-01-21 11:32:27,163 - position: [-0.0055181   2.16061139  0.88585788] - angle: -1.5725999829965254
2026-01-21 11:32:27,366 - position: [-0.0057579   2.16044068  0.88561618] - angle: -1.5726197920082843
2026-01-21 11:32:27,631 - position: [-0.00724256  2.15738058  0.88388956] - angle: -1.5720543617404958
2026-01-21 11:32:27,886 - position: [-0.00394305  2.14786887  0.88149506] - angle: -1.5712814970863285
2026-01-21 11:32:28,174 - position: [-2.07488518e-03  2.14559817e+00  8.81731868e-01] - angle: -1.5716869857526508
2026-01-21 11:32:28,414 - position: [-2.20468559e-04  2.14491415e+00  8.81439090e-01] - angle: -1.5712568319155267
2026-01-21 11:32:28,628 - position: [6.09225535e-04 2.14642620e+00 8.80660892e-01] - angle: -1.571463340665865
2026-01-21 11:32:28,844 - position: [5.96372818e-04 2.14699149e+00 8.80490363e-01] - angle: -1.5711670721500033
2026-01-21 11:32:29,056 - position: [7.21565157e-04 2.14907122e+00 8.80066097e-01] - angle: -1.5711029404139882
2026-01-21 11:32:29,292 - position: [-0.00256388  2.16027474  0.87646419] - angle: -1.5701841239355416
2026-01-21 11:32:29,529 - position: [-0.00363023  2.16374326  0.87546182] - angle: -1.5705111197803645
2026-01-21 11:32:29,864 - position: [-0.00375021  2.16511631  0.87529027] - angle: -1.5706474971018154
2026-01-21 11:32:30,126 - position: [-0.00313869  2.16651249  0.87512082] - angle: -1.5712223768056148
2026-01-21 11:32:30,356 - position: [7.04564445e-04 2.16757607e+00 8.73713613e-01] - angle: -1.5698674877658143
2026-01-21 11:32:30,564 - position: [8.14242521e-04 2.16761351e+00 8.73481631e-01] - angle: -1.5695690778291453
2026-01-21 11:32:30,837 - position: [0.0042677  2.17008686 0.87085855] - angle: -1.5693295800712135
2026-01-21 11:32:31,071 - position: [0.01201765 2.16718102 0.8712157 ] - angle: -1.568789560464384
2026-01-21 11:32:31,304 - position: [0.01335205 2.16637015 0.87137008] - angle: -1.5688091529512236
2026-01-21 11:32:31,520 - position: [0.01971819 2.1586566  0.87911397] - angle: -1.5681125406903775
2026-01-21 11:32:31,764 - position: [0.01935692 2.15825105 0.88488835] - angle: -1.5682190301438088
2026-01-21 11:32:31,983 - position: [0.01849332 2.15887785 0.88890362] - angle: -1.5683303290049277
2026-01-21 11:32:32,186 - position: [0.01791804 2.16037107 0.89345241] - angle: -1.5681719508020793
2026-01-21 11:32:32,437 - position: [0.01773552 2.16080999 0.89467394] - angle: -1.5682184087327804
2026-01-21 11:32:32,674 - position: [0.01759743 2.16186953 0.89753646] - angle: -1.5673624673464275
2026-01-21 11:32:32,903 - position: [0.01752152 2.16204333 0.89794171] - angle: -1.5677063044199935
2026-01-21 11:32:33,135 - position: [0.01653947 2.16370416 0.90336287] - angle: -1.5671139467105593
2026-01-21 11:32:33,370 - position: [0.01580794 2.16293406 0.90572578] - angle: -1.5669960362183013
2026-01-21 11:32:33,618 - position: [0.01352127 2.15351772 0.90539867] - angle: -1.5654409556076927
2026-01-21 11:32:33,868 - position: [0.01236828 2.14345026 0.90037858] - angle: -1.5643678454270296
2026-01-21 11:32:34,122 - position: [0.01045493 2.14235473 0.89558697] - angle: -1.5640327842043331
2026-01-21 11:32:34,351 - position: [0.01214885 2.13672256 0.89239943] - angle: -1.56383883798838
2026-01-21 11:32:34,599 - position: [0.01321756 2.13013124 0.89084309] - angle: -1.563420629038121
2026-01-21 11:32:34,839 - position: [0.01426536 2.12495565 0.89120305] - angle: -1.5628543381502413
2026-01-21 11:32:35,078 - position: [0.01630297 2.12047696 0.89266157] - angle: -1.562135709234807
2026-01-21 11:32:35,320 - position: [0.01752525 2.11915612 0.89348638] - angle: -1.5625483296101281
2026-01-21 11:32:35,591 - position: [0.02056861 2.11765242 0.89511853] - angle: -1.5621895852537473
2026-01-21 11:32:35,824 - position: [0.02106927 2.11800218 0.8957212 ] - angle: -1.5618554311937638
2026-01-21 11:32:36,067 - position: [0.02285352 2.11952949 0.89728147] - angle: -1.5611667691083433
2026-01-21 11:32:36,306 - position: [0.02700856 2.1234026  0.89872301] - angle: -1.5606058593627092
2026-01-21 11:32:36,578 - position: [0.02863826 2.12725902 0.89818054] - angle: -1.559396541283233
2026-01-21 11:32:36,796 - position: [0.02985341 2.13028622 0.89768529] - angle: -1.5588917320453253
2026-01-21 11:32:37,003 - position: [0.03085675 2.13247108 0.89781445] - angle: -1.5587319243050195
2026-01-21 11:32:37,223 - position: [0.03111775 2.13351083 0.89932525] - angle: -1.5580154874711587
2026-01-21 11:32:37,442 - position: [0.0305412  2.13599491 0.90223616] - angle: -1.5577141872151783
2026-01-21 11:32:37,702 - position: [0.03063763 2.1367147  0.90304661] - angle: -1.557709208838637
2026-01-21 11:32:37,915 - position: [0.03072949 2.13999104 0.90464014] - angle: -1.5563505504068544
2026-01-21 11:32:38,183 - position: [0.028557   2.14345312 0.90378356] - angle: -1.5560915918137654
2026-01-21 11:32:38,425 - position: [0.02773294 2.14456677 0.90316093] - angle: -1.5557864512794728
2026-01-21 11:32:38,730 - position: [0.02301999 2.14741468 0.89774871] - angle: -1.5566354500508681
2026-01-21 11:32:39,027 - position: [0.02320548 2.14452004 0.89659524] - angle: -1.5556138247241735
2026-01-21 11:32:39,272 - position: [0.02215272 2.13311911 0.89322162] - angle: -1.554342553281165
2026-01-21 11:32:39,501 - position: [0.02079538 2.12860155 0.89157951] - angle: -1.5545465466436803
2026-01-21 11:32:39,755 - position: [0.01796047 2.1124258  0.88668025] - angle: -1.5534252115299139
2026-01-21 11:32:47,029 - position: [0.02527045 2.17578197 0.89088023] - angle: -1.54477545486625
2026-01-21 11:32:47,266 - position: [0.02527045 2.17578197 0.89088023] - angle: -1.54477545486625
2026-01-21 11:32:47,491 - position: [0.02692666 2.17112708 0.88740325] - angle: -1.5440494627300123
2026-01-21 11:32:47,732 - position: [0.02698097 2.17070293 0.88719064] - angle: -1.5438308704525383
2026-01-21 11:32:47,981 - position: [0.02698097 2.17070293 0.88719064] - angle: -1.5438308704525383
2026-01-21 11:32:48,208 - position: [0.02985368 2.15279031 0.88842553] - angle: -1.5429791711670484
2026-01-21 11:32:48,470 - position: [0.03229161 2.13944602 0.88780451] - angle: -1.5422865441593356
2026-01-21 11:32:48,684 - position: [0.03380823 2.13251209 0.88753051] - angle: -1.5427668094626266
2026-01-21 11:32:48,932 - position: [0.03541546 2.12682223 0.88789654] - angle: -1.5423797594030284
2026-01-21 11:32:49,161 - position: [0.03599097 2.12367964 0.88827521] - angle: -1.5420879079648704
2026-01-21 11:32:49,420 - position: [0.03685683 2.12030602 0.88962585] - angle: -1.5418184700415511
2026-01-21 11:32:49,662 - position: [0.03547469 2.12434316 0.88940907] - angle: -1.5413328496496441
2026-01-21 11:32:49,883 - position: [0.03229754 2.13234544 0.88836795] - angle: -1.541458709739362
2026-01-21 11:32:50,124 - position: [0.03069287 2.13663459 0.88765669] - angle: -1.541726100537765
2026-01-21 11:32:50,361 - position: [0.02714907 2.14653754 0.88438541] - angle: -1.5417495007181423
2026-01-21 11:32:50,624 - position: [0.02473603 2.15190125 0.88243443] - angle: -1.5416044243141505
2026-01-21 11:32:50,897 - position: [0.01949433 2.15973258 0.87884152] - angle: -1.5413143090964834
2026-01-21 11:32:51,113 - position: [0.01720472 2.16445065 0.87774616] - angle: -1.541576458890329
2026-01-21 11:32:51,343 - position: [0.01544458 2.16734004 0.87675452] - angle: -1.541427951726258
2026-01-21 11:32:51,591 - position: [0.01519165 2.16763687 0.87659049] - angle: -1.5415320925566838
2026-01-21 11:32:51,846 - position: [0.01193418 2.17182708 0.87149733] - angle: -1.5403297707985755
2026-01-21 11:32:52,096 - position: [0.01109892 2.17272949 0.86991191] - angle: -1.5407113769342065
2026-01-21 11:32:52,346 - position: [0.0093103  2.17273879 0.86838871] - angle: -1.539621632633414
2026-01-21 11:32:52,636 - position: [0.00839255 2.17182469 0.86835009] - angle: -1.5395120258780746
2026-01-21 11:32:52,847 - position: [0.00695869 2.1683476  0.87041956] - angle: -1.53913936602844
2026-01-21 11:32:53,102 - position: [0.00491629 2.16603112 0.87329668] - angle: -1.5387027748293356
2026-01-21 11:32:53,344 - position: [0.00391488 2.16520381 0.87498325] - angle: -1.5384009882664538
2026-01-21 11:32:53,637 - position: [0.00402758 2.16605568 0.8770054 ] - angle: -1.5377071883554203
2026-01-21 11:32:53,922 - position: [0.00431141 2.16714978 0.87793875] - angle: -1.537512439567994
2026-01-21 11:32:54,302 - position: [0.0044671  2.1705389  0.88137823] - angle: -1.5377073167275102
2026-01-21 11:32:54,574 - position: [0.00501801 2.1729331  0.88371533] - angle: -1.5373970869276627
2026-01-21 11:32:54,795 - position: [0.00633703 2.17488837 0.88488197] - angle: -1.5365980176611167
2026-01-21 11:32:55,031 - position: [0.00652971 2.17811131 0.88639313] - angle: -1.5355536413957807
2026-01-21 11:32:55,279 - position: [0.00676637 2.18019748 0.88768524] - angle: -1.5355698842821321
2026-01-21 11:32:55,486 - position: [0.00695019 2.18074179 0.8881191 ] - angle: -1.535269215513607
2026-01-21 11:32:55,704 - position: [0.0084547  2.1843996  0.89083171] - angle: -1.5345946424033454
2026-01-21 11:32:55,998 - position: [0.00815154 2.18600416 0.89143795] - angle: -1.5343731172118273
2026-01-21 11:32:56,229 - position: [0.00743892 2.1906662  0.89189231] - angle: -1.534417274291715
2026-01-21 11:32:56,546 - position: [0.00524736 2.19348097 0.89024311] - angle: -1.5336213715214462
2026-01-21 11:32:56,814 - position: [0.00323353 2.19409466 0.8881014 ] - angle: -1.5336063001077123
2026-01-21 11:32:57,048 - position: [0.00230048 2.19385386 0.8876844 ] - angle: -1.5335176823783843
2026-01-21 11:32:57,305 - position: [2.19559559e-04 2.19529343e+00 8.87902856e-01] - angle: -1.533485130487898
2026-01-21 11:32:57,578 - position: [-9.35625518e-04  2.19887590e+00  8.89237761e-01] - angle: -1.5333306387621644
2026-01-21 11:32:57,801 - position: [-1.90506643e-03  2.20123959e+00  8.89893293e-01] - angle: -1.532364193363955
2026-01-21 11:32:58,031 - position: [-0.00240451  2.20286441  0.89015484] - angle: -1.5325901681597047
2026-01-21 11:32:58,265 - position: [-0.00278919  2.20812178  0.89146942] - angle: -1.532367631099837
2026-01-21 11:32:58,507 - position: [-0.00255544  2.20905948  0.89174831] - angle: -1.532291372270186
2026-01-21 11:32:58,772 - position: [-0.0032371   2.21388984  0.89491194] - angle: -1.5317668975680405
2026-01-21 11:32:59,041 - position: [-0.00391244  2.21575236  0.89711922] - angle: -1.530998016371126
2026-01-21 11:32:59,258 - position: [-0.0034915   2.21624899  0.89948606] - angle: -1.5302863805950633
2026-01-21 11:32:59,477 - position: [-0.00370931  2.21575189  0.9013105 ] - angle: -1.5292795237832784
2026-01-21 11:32:59,727 - position: [-0.00319555  2.21494937  0.90276355] - angle: -1.529298511806671
2026-01-21 11:33:00,020 - position: [-1.62642531e-03  2.21322227e+00  9.04465795e-01] - angle: -1.5288987615940002
2026-01-21 11:33:00,241 - position: [-5.35264553e-04  2.21152639e+00  9.05057609e-01] - angle: -1.5281787059261687
2026-01-21 11:33:00,446 - position: [9.34879063e-04 2.21108222e+00 9.05322313e-01] - angle: -1.5278022240898763
2026-01-21 11:33:00,780 - position: [1.91079639e-03 2.21104312e+00 9.05503929e-01] - angle: -1.527701924975065
2026-01-21 11:33:00,993 - position: [0.00439172 2.21489096 0.90639073] - angle: -1.5275533069580631
2026-01-21 11:33:01,235 - position: [0.0036692  2.21995735 0.90872943] - angle: -1.5272560520449683
2026-01-21 11:33:01,455 - position: [0.00347872 2.2211566  0.90892935] - angle: -1.526657695249999
2026-01-21 11:33:01,673 - position: [0.0034184  2.22221231 0.90909773] - angle: -1.5268579590528062
2026-01-21 11:33:01,894 - position: [0.00323979 2.22629499 0.90968782] - angle: -1.526537617076642
2026-01-21 11:33:02,122 - position: [0.00550802 2.230515   0.91106409] - angle: -1.5262235943736626
2026-01-21 11:33:02,383 - position: [0.00686414 2.22890663 0.91045278] - angle: -1.5256647601143838
2026-01-21 11:33:02,609 - position: [0.00721232 2.22732449 0.90960228] - angle: -1.5258516649901943
2026-01-21 11:33:02,815 - position: [0.00673088 2.22908044 0.90855891] - angle: -1.5249217949841536
2026-01-21 11:33:03,039 - position: [0.00575744 2.23288822 0.90780663] - angle: -1.524949399990371
2026-01-21 11:33:03,264 - position: [0.00448151 2.23562145 0.9077698 ] - angle: -1.5245745416140144
2026-01-21 11:33:03,494 - position: [0.00406289 2.23584008 0.90783066] - angle: -1.5245627572461737
2026-01-21 11:33:03,745 - position: [0.00391039 2.2357645  0.90773553] - angle: -1.5244503846284951
2026-01-21 11:33:03,986 - position: [0.00393242 2.2356267  0.90699768] - angle: -1.5237413563766884
2026-01-21 11:33:04,214 - position: [0.00402347 2.23811769 0.90682405] - angle: -1.523349063693701
2026-01-21 11:33:04,469 - position: [0.00406899 2.24161863 0.90825838] - angle: -1.52296152648406
2026-01-21 11:33:04,696 - position: [0.00389224 2.2438426  0.90952522] - angle: -1.5234269696159441
2026-01-21 11:33:04,937 - position: [0.0046806  2.24473643 0.9105193 ] - angle: -1.5228100783604086
2026-01-21 11:33:05,224 - position: [0.0046806  2.24473643 0.9105193 ] - angle: -1.5228100783604086
2026-01-21 11:33:05,435 - position: [0.00551887 2.24080372 0.91049069] - angle: -1.5223768951094683
2026-01-21 11:33:05,694 - position: [0.00536834 2.23563409 0.90869641] - angle: -1.5214460067222588
2026-01-21 11:33:05,925 - position: [0.0057294  2.22947121 0.90520787] - angle: -1.5211986140185902
2026-01-21 11:33:06,155 - position: [0.00777272 2.22093368 0.90005833] - angle: -1.5210471131745127
2026-01-21 11:33:06,423 - position: [0.00889054 2.21598959 0.89704216] - angle: -1.5206778701649344
2026-01-21 11:33:06,642 - position: [0.00905994 2.21185684 0.89430797] - angle: -1.5204694098110072
2026-01-21 11:33:06,872 - position: [0.00876771 2.20735168 0.89129299] - angle: -1.5196345308531765
2026-01-21 11:33:07,105 - position: [0.00876771 2.20735168 0.89129299] - angle: -1.5196345308531765
2026-01-21 11:33:07,325 - position: [0.0079092  2.19779205 0.8869282 ] - angle: -1.5196072120750008
2026-01-21 11:33:07,527 - position: [0.0075012  2.19447756 0.88565356] - angle: -1.5186860743410757
2026-01-21 11:33:07,756 - position: [0.00749139 2.18826556 0.88282526] - angle: -1.5179910538871613
2026-01-21 11:33:07,979 - position: [0.00772237 2.1852591  0.88095206] - angle: -1.5174975076367527
2026-01-21 11:33:08,217 - position: [0.00631649 2.18001223 0.87789124] - angle: -1.5165859961584096
2026-01-21 11:33:08,492 - position: [0.0041584  2.17620015 0.87425226] - angle: -1.5166137196534768
2026-01-21 11:33:08,702 - position: [0.00259078 2.17366695 0.87106019] - angle: -1.5161269508775508
2026-01-21 11:33:08,951 - position: [9.61161801e-04 2.17138219e+00 8.67827594e-01] - angle: -1.5159416069904301
2026-01-21 11:33:09,181 - position: [-1.31014234e-03  2.16922522e+00  8.64268124e-01] - angle: -1.5156412007890947
2026-01-21 11:33:09,397 - position: [-0.00276058  2.16806293  0.86282152] - angle: -1.5155754593665938
2026-01-21 11:33:09,640 - position: [-0.00385101  2.16730428  0.86226559] - angle: -1.515680717923383
2026-01-21 11:33:09,909 - position: [-0.00528257  2.16618967  0.86219221] - angle: -1.5155537443292597
2026-01-21 11:33:10,128 - position: [-0.00602444  2.1648531   0.86288273] - angle: -1.5157857322483834
2026-01-21 11:33:10,372 - position: [-0.00595168  2.1646955   0.86380166] - angle: -1.515327191201394
2026-01-21 11:33:10,579 - position: [-0.00594531  2.16469097  0.86429334] - angle: -1.5150986432425397
2026-01-21 11:33:10,785 - position: [-0.00593901  2.16479778  0.86502147] - angle: -1.51483589269432
2026-01-21 11:33:11,041 - position: [-0.00587257  2.16770339  0.87080228] - angle: -1.514501262103614
2026-01-21 11:33:11,253 - position: [-0.00554591  2.16945672  0.8725931 ] - angle: -1.5148247144827485
2026-01-21 11:33:11,491 - position: [-0.00444219  2.17788219  0.87761593] - angle: -1.5141293995494816
2026-01-21 11:33:11,715 - position: [-0.00503246  2.18162966  0.87847954] - angle: -1.5146607484295553
2026-01-21 11:33:11,932 - position: [-0.00553285  2.18621826  0.87739784] - angle: -1.514519177695386
2026-01-21 11:33:12,169 - position: [-0.00563918  2.18820381  0.87611306] - angle: -1.5139196437356408
2026-01-21 11:33:12,467 - position: [-0.0070066   2.18701744  0.87172496] - angle: -1.5132534304073908
2026-01-21 11:33:12,750 - position: [-0.00792385  2.18430662  0.86852717] - angle: -1.5122791077342352
2026-01-21 11:33:12,984 - position: [-0.00821263  2.18131304  0.86628526] - angle: -1.5125300991793384
2026-01-21 11:33:13,219 - position: [-0.00758029  2.17500067  0.86432928] - angle: -1.5119147772383057
2026-01-21 11:33:13,440 - position: [-0.0073733   2.17274427  0.86415565] - angle: -1.5113703572521495
2026-01-21 11:33:13,658 - position: [-0.00737019  2.16904855  0.86417478] - angle: -1.511803825824356
2026-01-21 11:33:13,886 - position: [-0.00678958  2.16365957  0.86735535] - angle: -1.511108836400147
2026-01-21 11:33:14,092 - position: [-0.00691635  2.16275716  0.86851835] - angle: -1.5109213086547966
2026-01-21 11:33:14,344 - position: [-0.00850706  2.16085911  0.87030983] - angle: -1.5111625345067567
2026-01-21 11:33:14,591 - position: [-0.00944419  2.15788054  0.87051582] - angle: -1.5107190809451927
2026-01-21 11:33:14,885 - position: [-0.0098048   2.15486407  0.87019449] - angle: -1.510789865578416
2026-01-21 11:33:15,151 - position: [-0.00712556  2.14669275  0.86917323] - angle: -1.50976594729151
2026-01-21 11:33:15,379 - position: [-0.00685395  2.14611816  0.86912155] - angle: -1.5097527415631822
2026-01-21 11:33:15,595 - position: [-1.73757435e-04  2.13647270e+00  8.68552625e-01] - angle: -1.5089060226664142
2026-01-21 11:33:15,823 - position: [0.00331883 2.12935591 0.86746025] - angle: -1.5087642269499302
2026-01-21 11:33:16,042 - position: [0.00458023 2.1277051  0.86743373] - angle: -1.508444154204709
2026-01-21 11:33:16,287 - position: [0.00972035 2.11993885 0.86520171] - angle: -1.5075268607292416
2026-01-21 11:33:16,503 - position: [0.01118339 2.11735702 0.8642903 ] - angle: -1.507523021259968
2026-01-21 11:33:16,725 - position: [0.01258928 2.1148622  0.8634631 ] - angle: -1.5081010509982713
2026-01-21 11:33:16,979 - position: [0.01283766 2.11405563 0.86326224] - angle: -1.5078269946699927
2026-01-21 11:33:17,213 - position: [0.01262933 2.11237884 0.86272681] - angle: -1.5071269467095725
2026-01-21 11:33:17,441 - position: [0.01413897 2.10855222 0.86330009] - angle: -1.5070973247481967
2026-01-21 11:33:17,689 - position: [0.01643631 2.10600019 0.8647514 ] - angle: -1.5062643904260007
2026-01-21 11:33:17,906 - position: [0.01727601 2.10542083 0.86505306] - angle: -1.5064290786251204
2026-01-21 11:33:18,130 - position: [0.01953657 2.10804296 0.86483544] - angle: -1.5058182143719887
2026-01-21 11:33:18,396 - position: [0.01994151 2.11413765 0.86466914] - angle: -1.5044602073066429
2026-01-21 11:33:18,639 - position: [0.0206323  2.12107944 0.86479115] - angle: -1.5053465842206224
2026-01-21 11:33:18,874 - position: [0.02210762 2.12968731 0.86568809] - angle: -1.504445771134416
2026-01-21 11:33:19,091 - position: [0.01976525 2.14229465 0.86701965] - angle: -1.5041164680507717
2026-01-21 11:33:19,312 - position: [0.01553805 2.14777827 0.86757916] - angle: -1.5036098038225871
2026-01-21 11:33:19,546 - position: [0.01318869 2.15023637 0.86766511] - angle: -1.502956150520704
2026-01-21 11:33:19,752 - position: [0.00995726 2.15580058 0.8674854 ] - angle: -1.503286037883401
2026-01-21 11:33:19,977 - position: [0.00867991 2.15918064 0.86661744] - angle: -1.5035172974671203
2026-01-21 11:33:20,219 - position: [0.00805224 2.16034436 0.8651427 ] - angle: -1.5028737986841385
2026-01-21 11:33:20,462 - position: [0.00767647 2.1606884  0.86487484] - angle: -1.5024699865456648
2026-01-21 11:33:20,714 - position: [0.00758876 2.16054034 0.8657909 ] - angle: -1.5026258915269874
2026-01-21 11:33:21,018 - position: [0.00977301 2.16030884 0.87161291] - angle: -1.5018472150188744
2026-01-21 11:33:21,243 - position: [0.01066795 2.16233206 0.87384713] - angle: -1.5016553084861353
2026-01-21 11:33:21,515 - position: [0.01179301 2.16634035 0.87609273] - angle: -1.5020776840353798
2026-01-21 11:33:21,808 - position: [0.01333136 2.17001176 0.87746823] - angle: -1.502049873227425
2026-01-21 11:33:22,028 - position: [0.01422027 2.1709137  0.87706411] - angle: -1.5010813836691583
2026-01-21 11:33:22,236 - position: [0.01412443 2.17109108 0.87640524] - angle: -1.5013273000552432
2026-01-21 11:33:22,513 - position: [0.01114846 2.17109585 0.87372059] - angle: -1.500343226593606
2026-01-21 11:33:22,766 - position: [0.00954016 2.17043114 0.8731243 ] - angle: -1.500933474752824
2026-01-21 11:33:22,977 - position: [0.00871665 2.16938448 0.87362313] - angle: -1.500504249024913
2026-01-21 11:33:23,243 - position: [0.00870399 2.169029   0.87453651] - angle: -1.500329449002356
2026-01-21 11:33:23,504 - position: [0.00706921 2.16648698 0.87718934] - angle: -1.5001187641855291
2026-01-21 11:33:23,720 - position: [0.00453961 2.16376138 0.88070363] - angle: -1.499955018603416
2026-01-21 11:33:23,964 - position: [0.00329226 2.16224384 0.88224739] - angle: -1.4993450703379976
2026-01-21 11:33:24,219 - position: [1.93816086e-03 2.15911770e+00 8.83899748e-01] - angle: -1.4992459046937743
2026-01-21 11:33:24,452 - position: [1.09655119e-03 2.15702772e+00 8.85385573e-01] - angle: -1.499212771623796
2026-01-21 11:33:24,699 - position: [-6.45947992e-04  2.15388346e+00  8.85837018e-01] - angle: -1.497780294550778
2026-01-21 11:33:25,085 - position: [-0.00359301  2.14979529  0.88625228] - angle: -1.4979703706020668
2026-01-21 11:33:25,316 - position: [-0.00508125  2.14607692  0.88642889] - angle: -1.4974033378328078
2026-01-21 11:33:25,546 - position: [-0.00518397  2.14514375  0.88657111] - angle: -1.4976004165898047
2026-01-21 11:33:25,753 - position: [-0.00715202  2.13902211  0.88888395] - angle: -1.4970761077296033
2026-01-21 11:33:25,978 - position: [-0.0095086   2.13673878  0.8907181 ] - angle: -1.4964821413359202
2026-01-21 11:33:26,189 - position: [-0.01185136  2.13454795  0.89188826] - angle: -1.4962887438637318
2026-01-21 11:33:26,406 - position: [-0.01300086  2.13368845  0.89224041] - angle: -1.4965007579434735
2026-01-21 11:33:26,653 - position: [-0.01707079  2.13097835  0.8946498 ] - angle: -1.495877679327203
2026-01-21 11:33:26,896 - position: [-0.01716787  2.12843013  0.89708823] - angle: -1.4957916574421715
2026-01-21 11:33:27,137 - position: [-0.01701774  2.1259017   0.90047657] - angle: -1.4959231619504392
2026-01-21 11:33:27,388 - position: [-0.01686819  2.12414503  0.9023748 ] - angle: -1.4951323980177467
2026-01-21 11:33:27,636 - position: [-0.01658204  2.12263632  0.90379047] - angle: -1.4948558084910788
2026-01-21 11:33:27,847 - position: [-0.01611416  2.1208446   0.90727001] - angle: -1.4948654861717694
2026-01-21 11:33:28,061 - position: [-0.01683701  2.1214323   0.9078564 ] - angle: -1.4943236254736112
2026-01-21 11:33:28,328 - position: [-0.01768589  2.12325001  0.90677094] - angle: -1.4937192194797606
2026-01-21 11:33:28,571 - position: [-0.0172731   2.12479448  0.90583766] - angle: -1.493106441758596
2026-01-21 11:33:28,813 - position: [-0.0168316   2.12710595  0.90440071] - angle: -1.4929424797480326
2026-01-21 11:33:29,043 - position: [-0.01743957  2.13430381  0.9034577 ] - angle: -1.491872512514958
2026-01-21 11:33:29,293 - position: [-0.01743957  2.13430381  0.9034577 ] - angle: -1.491872512514958
2026-01-21 11:33:29,578 - position: [-0.01855926  2.13871074  0.90689582] - angle: -1.4918100556641636
2026-01-21 11:33:29,884 - position: [-0.01633014  2.1362536   0.91106993] - angle: -1.4909555842981317
2026-01-21 11:33:30,102 - position: [-0.01502113  2.13416171  0.9132759 ] - angle: -1.4903092238187532
2026-01-21 11:33:30,330 - position: [-0.01387616  2.13187861  0.91510087] - angle: -1.4902281652715987
2026-01-21 11:33:30,581 - position: [-0.01161642  2.12806106  0.91558337] - angle: -1.489375288256456
2026-01-21 11:33:30,806 - position: [-0.01105675  2.12696528  0.91545373] - angle: -1.4889913692226915
2026-01-21 11:33:31,025 - position: [-0.01054147  2.12631392  0.91563475] - angle: -1.48918335703884
2026-01-21 11:33:31,274 - position: [-0.00952279  2.1241982   0.91561812] - angle: -1.4894606925422784
2026-01-21 11:33:31,517 - position: [-0.00868368  2.11472487  0.91511703] - angle: -1.488470123742192
2026-01-21 11:33:31,728 - position: [-0.00870547  2.11060596  0.91450512] - angle: -1.4876239590785723
2026-01-21 11:33:31,948 - position: [-0.0093238   2.10600114  0.90928411] - angle: -1.4868399744528396
2026-01-21 11:33:32,186 - position: [-0.00903499  2.10798597  0.90659726] - angle: -1.487105445809064
2026-01-21 11:33:32,389 - position: [-0.00941706  2.1111474   0.90373719] - angle: -1.4864330345567605
2026-01-21 11:33:32,616 - position: [-0.00981959  2.1182065   0.89988345] - angle: -1.4866990315302382
2026-01-21 11:33:32,828 - position: [-0.00995105  2.12061644  0.89881825] - angle: -1.4872029759199394
2026-01-21 11:33:33,048 - position: [-0.0104465   2.12685251  0.89604473] - angle: -1.4866093178390947
2026-01-21 11:33:33,265 - position: [-0.01085602  2.12821436  0.89550877] - angle: -1.4864548533336004
2026-01-21 11:33:33,485 - position: [-0.01099872  2.12826085  0.89529467] - angle: -1.4864303875805258
2026-01-21 11:33:33,725 - position: [-0.01174173  2.12724876  0.89402908] - angle: -1.48595236081615
2026-01-21 11:33:33,931 - position: [-0.0121014   2.12611198  0.89293146] - angle: -1.4861794355042166
2026-01-21 11:33:34,138 - position: [-0.01225899  2.12436652  0.89099902] - angle: -1.4853945358544633
2026-01-21 11:33:34,351 - position: [-0.01074522  2.12416482  0.88761288] - angle: -1.4851868364773706
2026-01-21 11:33:34,576 - position: [-0.00950582  2.12847114  0.88599461] - angle: -1.4848776308843261
2026-01-21 11:33:34,802 - position: [-0.008802    2.13167357  0.88529807] - angle: -1.484282551365259
2026-01-21 11:33:35,043 - position: [-0.00863424  2.13219833  0.88516259] - angle: -1.4840820636668157
2026-01-21 11:33:35,262 - position: [-0.00806564  2.13565826  0.88405287] - angle: -1.484062028197445
2026-01-21 11:33:35,494 - position: [-0.0081157   2.14041758  0.88352185] - angle: -1.4836410333978605
2026-01-21 11:33:35,750 - position: [-0.00836243  2.1447885   0.8835972 ] - angle: -1.4833036803804087
2026-01-21 11:33:35,998 - position: [-0.00860991  2.1487813   0.88327742] - angle: -1.483153269490253
2026-01-21 11:33:36,228 - position: [-0.01060984  2.15437913  0.88221622] - angle: -1.4830494702029662
2026-01-21 11:33:36,451 - position: [-0.01232124  2.1584928   0.88113171] - angle: -1.4829979405229032
2026-01-21 11:33:36,666 - position: [-0.012798    2.16194773  0.88050771] - angle: -1.4823059430861854
2026-01-21 11:33:36,878 - position: [-0.01270301  2.16641879  0.87982959] - angle: -1.4823272622272654
2026-01-21 11:33:37,114 - position: [-0.01265821  2.16938138  0.87899858] - angle: -1.482288652483132
2026-01-21 11:33:37,343 - position: [-0.01239209  2.17276073  0.87756068] - angle: -1.4820348163246173
2026-01-21 11:33:37,643 - position: [-0.01134176  2.17418265  0.87682146] - angle: -1.481889952432867
2026-01-21 11:33:37,851 - position: [-0.01110206  2.1741631   0.8768447 ] - angle: -1.481553620803148
2026-01-21 11:33:38,055 - position: [-0.01084301  2.17368484  0.87718379] - angle: -1.4814260109898965
2026-01-21 11:33:38,276 - position: [-0.01036824  2.17354846  0.87785923] - angle: -1.4811747049163895
2026-01-21 11:33:38,497 - position: [-0.01036824  2.17354846  0.87785923] - angle: -1.4811747049163895
2026-01-21 11:33:38,743 - position: [-0.01047207  2.17642856  0.87999582] - angle: -1.4801227503853331
2026-01-21 11:33:38,987 - position: [-0.0102311   2.17788672  0.88139904] - angle: -1.4804939664741674
2026-01-21 11:33:39,210 - position: [-0.01025355  2.17874932  0.88226163] - angle: -1.4797651925597277
2026-01-21 11:33:39,425 - position: [-0.01028176  2.18042016  0.883964  ] - angle: -1.4798431919412551
2026-01-21 11:33:39,645 - position: [-0.0088668   2.18315458  0.8856672 ] - angle: -1.4799725477740062
2026-01-21 11:33:39,860 - position: [-0.00806903  2.18453169  0.88550031] - angle: -1.4796703655651111
2026-01-21 11:33:40,102 - position: [-0.00760313  2.1856041   0.88457519] - angle: -1.4789381739934058
2026-01-21 11:33:40,318 - position: [-0.00760313  2.1856041   0.88457519] - angle: -1.4789381739934058
2026-01-21 11:33:40,529 - position: [-0.00771629  2.18661404  0.8834914 ] - angle: -1.4784262983899126
2026-01-21 11:33:40,758 - position: [-0.00873097  2.18789434  0.88429064] - angle: -1.4784447604123696
2026-01-21 11:33:40,975 - position: [-0.00877047  2.18791485  0.88429135] - angle: -1.4782944927943595
2026-01-21 11:33:41,219 - position: [-0.01045237  2.18798065  0.88800752] - angle: -1.4774502518628942
2026-01-21 11:33:41,450 - position: [-0.01111306  2.1876502   0.89142448] - angle: -1.4774646868449661
2026-01-21 11:33:41,707 - position: [-0.01196653  2.1857338   0.89826286] - angle: -1.4770406558108027
2026-01-21 11:33:41,941 - position: [-0.01153805  2.18412018  0.90213394] - angle: -1.47600336003143
2026-01-21 11:33:42,161 - position: [-0.00957314  2.1785903   0.90791535] - angle: -1.4758681196512633
2026-01-21 11:33:42,401 - position: [-0.00797279  2.17335629  0.90975928] - angle: -1.4751568905314967
2026-01-21 11:33:42,608 - position: [-0.00632167  2.1687448   0.90947402] - angle: -1.4749692594568278
2026-01-21 11:33:42,812 - position: [-0.0053525   2.16673946  0.9079963 ] - angle: -1.4750792549674103
2026-01-21 11:33:43,054 - position: [-0.0043658   2.16616225  0.90344244] - angle: -1.4746343136912965
2026-01-21 11:33:43,281 - position: [-0.00425244  2.1670928   0.90057617] - angle: -1.474547768410917
2026-01-21 11:33:43,513 - position: [-0.00404491  2.16939545  0.89793611] - angle: -1.4742441280954766
2026-01-21 11:33:43,750 - position: [-0.00396952  2.17016697  0.89716822] - angle: -1.4742522608740258
2026-01-21 11:33:43,964 - position: [-0.00445386  2.17474246  0.8906973 ] - angle: -1.4741916290895967
2026-01-21 11:33:44,246 - position: [-0.00491627  2.1751132   0.88885021] - angle: -1.4737482849291053
2026-01-21 11:33:44,487 - position: [-0.00575413  2.17460418  0.8869397 ] - angle: -1.4738979411429627
2026-01-21 11:33:44,700 - position: [-0.00668181  2.17470074  0.88649338] - angle: -1.4738737496941257
2026-01-21 11:33:45,004 - position: [-0.00813904  2.17772388  0.88695133] - angle: -1.4737764278411727
2026-01-21 11:33:45,247 - position: [-0.0076998   2.17974973  0.88683438] - angle: -1.4730694880942483
2026-01-21 11:33:45,478 - position: [-0.00714657  2.18335009  0.88654733] - angle: -1.4730532641787835
2026-01-21 11:33:45,687 - position: [-0.00696476  2.18555689  0.88564223] - angle: -1.4721510793919141
2026-01-21 11:33:45,891 - position: [-0.00685508  2.18609095  0.88542491] - angle: -1.4723477831636806
2026-01-21 11:33:46,110 - position: [-0.00617461  2.18993711  0.88411844] - angle: -1.471870808451882
2026-01-21 11:33:46,316 - position: [-0.00541147  2.19386244  0.88415104] - angle: -1.471839880442836
2026-01-21 11:33:46,581 - position: [-0.00308184  2.19740796  0.88483071] - angle: -1.4719334295547823
2026-01-21 11:33:46,861 - position: [1.66686554e-03 2.19452214e+00 8.83169651e-01] - angle: -1.4711127413228668
2026-01-21 11:33:47,076 - position: [0.00396748 2.19239831 0.8821972 ] - angle: -1.471381876778055
2026-01-21 11:33:47,327 - position: [0.00854752 2.18545127 0.8793813 ] - angle: -1.4710136705226584
2026-01-21 11:33:47,555 - position: [0.01106656 2.17756963 0.87731725] - angle: -1.4707167695822823
2026-01-21 11:33:47,838 - position: [0.01162266 2.17532992 0.87672335] - angle: -1.4703405453385217
2026-01-21 11:33:48,065 - position: [0.01384888 2.16520023 0.87310344] - angle: -1.469644546487482
2026-01-21 11:33:48,330 - position: [0.01401367 2.16492724 0.87318128] - angle: -1.4698361391076928
2026-01-21 11:33:48,634 - position: [0.01219099 2.16246915 0.87151098] - angle: -1.4690290618168707
2026-01-21 11:33:48,841 - position: [0.01074186 2.16408396 0.87230742] - angle: -1.4685650526648684
2026-01-21 11:33:49,057 - position: [0.00856022 2.16472793 0.87345803] - angle: -1.4685388812836226
2026-01-21 11:33:49,299 - position: [0.0072056  2.16350031 0.87418282] - angle: -1.468182706293895
2026-01-21 11:33:49,539 - position: [0.00521912 2.15889478 0.87559223] - angle: -1.468415476423416
2026-01-21 11:33:49,751 - position: [0.0049422  2.15732908 0.87624037] - angle: -1.468175940402919
2026-01-21 11:33:50,033 - position: [0.00338053 2.15309358 0.87835133] - angle: -1.4680400532695486
2026-01-21 11:33:50,283 - position: [7.66529643e-04 2.15597105e+00 8.80164921e-01] - angle: -1.4675363569696636
2026-01-21 11:33:50,508 - position: [-2.67717522e-04  2.15809512e+00  8.80655706e-01] - angle: -1.4669588189414653
2026-01-21 11:33:50,775 - position: [-1.76798261e-03  2.16339946e+00  8.82267714e-01] - angle: -1.4667950217456913
2026-01-21 11:33:51,006 - position: [-2.10747868e-03  2.16512036e+00  8.83602917e-01] - angle: -1.4667758012452983
2026-01-21 11:33:51,229 - position: [-0.00226381  2.16605139  0.88708711] - angle: -1.466605148544243
2026-01-21 11:33:51,456 - position: [-2.12626602e-03  2.16584253e+00  8.87711346e-01] - angle: -1.4665221584715669
2026-01-21 11:33:51,735 - position: [-1.40989339e-03  2.15989351e+00  8.93151522e-01] - angle: -1.4658405662072447
2026-01-21 11:33:51,970 - position: [-1.97769655e-03  2.15350604e+00  8.94247949e-01] - angle: -1.4648063505312812
2026-01-21 11:33:52,218 - position: [-1.89762574e-03  2.14890885e+00  8.93359542e-01] - angle: -1.465114084067623
2026-01-21 11:33:52,464 - position: [-9.39330726e-04  2.14492440e+00  8.90489101e-01] - angle: -1.4646970098879035
2026-01-21 11:33:52,787 - position: [-3.32836120e-04  2.14334822e+00  8.86377454e-01] - angle: -1.464613655479483
2026-01-21 11:33:53,106 - position: [-3.48085072e-04  2.14562249e+00  8.77796113e-01] - angle: -1.463836670374012
2026-01-21 11:33:53,329 - position: [-4.95268498e-04  2.14604592e+00  8.77016127e-01] - angle: -1.4637777705441137
2026-01-21 11:33:53,628 - position: [-1.67665747e-03  2.14921641e+00  8.73585880e-01] - angle: -1.4633632900846782
2026-01-21 11:33:53,857 - position: [-0.00563083  2.15734434  0.8692075 ] - angle: -1.4632946160781164
2026-01-21 11:33:54,078 - position: [-0.00798291  2.16193414  0.867782  ] - angle: -1.46310830948712
2026-01-21 11:33:54,325 - position: [-0.00982273  2.16434407  0.86679131] - angle: -1.462675462446534
2026-01-21 11:33:54,569 - position: [-0.01273778  2.1665597   0.86698157] - angle: -1.4620548997450253
2026-01-21 11:33:54,816 - position: [-0.01594939  2.16904378  0.86835682] - angle: -1.4614750958568647
2026-01-21 11:33:55,071 - position: [-0.01807899  2.17132378  0.87032795] - angle: -1.4618884876319074
2026-01-21 11:33:55,344 - position: [-0.01947195  2.17295909  0.87206233] - angle: -1.4611693856361572
2026-01-21 11:33:55,575 - position: [-0.02361449  2.17636156  0.87552041] - angle: -1.4610606099172045
2026-01-21 11:33:55,815 - position: [-0.02432125  2.17853808  0.87773103] - angle: -1.461023865153995
2026-01-21 11:33:56,069 - position: [-0.0244777   2.17941642  0.87901527] - angle: -1.4602541579172081
2026-01-21 11:33:56,298 - position: [-0.02339474  2.17967319  0.87993383] - angle: -1.4598534780724033
2026-01-21 11:33:56,527 - position: [-0.02185111  2.17935324  0.88061273] - angle: -1.4595504884757693
2026-01-21 11:33:56,736 - position: [-0.02104865  2.17908001  0.88119012] - angle: -1.4594582456034213
2026-01-21 11:33:56,997 - position: [-0.01922019  2.17763758  0.88369483] - angle: -1.4591824322084825
2026-01-21 11:33:57,247 - position: [-0.01834186  2.17530489  0.88551491] - angle: -1.4581898314025783
2026-01-21 11:33:57,525 - position: [-0.01672327  2.17003059  0.88662517] - angle: -1.4575569151676824
2026-01-21 11:33:57,733 - position: [-0.01553502  2.16677833  0.88652426] - angle: -1.4573601609513527
2026-01-21 11:33:57,946 - position: [-0.01449928  2.16393685  0.88641953] - angle: -1.45719772433965
2026-01-21 11:33:58,163 - position: [-0.01290754  2.15906167  0.88634247] - angle: -1.456791181787279
2026-01-21 11:33:58,404 - position: [-0.0118726   2.15582466  0.88561326] - angle: -1.4566048633380082
2026-01-21 11:33:58,624 - position: [-0.01006687  2.1521945   0.88466054] - angle: -1.4561123001481553
2026-01-21 11:33:58,846 - position: [-0.01006687  2.1521945   0.88466054] - angle: -1.4561123001481553
2026-01-21 11:33:59,066 - position: [-0.00540973  2.14390016  0.88317186] - angle: -1.4555835510405721
2026-01-21 11:33:59,315 - position: [-0.00329283  2.14026427  0.88257128] - angle: -1.4553632594073673
2026-01-21 11:33:59,536 - position: [-0.00282803  2.1388917   0.88239044] - angle: -1.455145763357292
2026-01-21 11:33:59,759 - position: [-0.00273882  2.13854218  0.8823359 ] - angle: -1.4550497216491682
2026-01-21 11:33:59,964 - position: [-0.00243554  2.1376636   0.88194543] - angle: -1.4553404254662574
2026-01-21 11:34:00,252 - position: [-1.89501210e-03  2.13680291e+00  8.80669951e-01] - angle: -1.4557759284005187
2026-01-21 11:34:00,453 - position: [-2.05564778e-03  2.13699102e+00  8.80358338e-01] - angle: -1.4553836664988928
2026-01-21 11:34:00,669 - position: [-0.00271137  2.13797331  0.88029069] - angle: -1.4551401709542304
2026-01-21 11:34:00,911 - position: [-0.00296614  2.13986373  0.87964678] - angle: -1.4546825138770108
2026-01-21 11:34:01,172 - position: [-7.57622649e-04  2.14051700e+00  8.79520476e-01] - angle: -1.4552515710791627
2026-01-21 11:34:01,412 - position: [1.26131345e-03 2.13989878e+00 8.78975570e-01] - angle: -1.4550102476862334
2026-01-21 11:34:01,629 - position: [0.00301208 2.1393888  0.87862641] - angle: -1.4543467789903306
2026-01-21 11:34:01,866 - position: [0.00301208 2.1393888  0.87862641] - angle: -1.4543467789903306
2026-01-21 11:34:02,079 - position: [0.00611425 2.13895965 0.8783704 ] - angle: -1.4547673650245465
2026-01-21 11:34:02,296 - position: [0.00898633 2.13895845 0.87843162] - angle: -1.4543534860271925
2026-01-21 11:34:02,540 - position: [0.01128237 2.13891935 0.87811136] - angle: -1.4541750806660825
2026-01-21 11:34:02,790 - position: [0.0139458  2.13939047 0.87919962] - angle: -1.4539918388857385
2026-01-21 11:34:03,015 - position: [0.01554202 2.13964605 0.88097   ] - angle: -1.4540248490752825
2026-01-21 11:34:03,277 - position: [0.01600017 2.13896728 0.88361144] - angle: -1.4535442250102468
2026-01-21 11:34:03,484 - position: [0.01545313 2.13883734 0.88481778] - angle: -1.453357446039735
2026-01-21 11:34:03,760 - position: [0.01432594 2.13876939 0.8847692 ] - angle: -1.453533415714586
2026-01-21 11:34:03,978 - position: [0.0125115  2.13797188 0.883663  ] - angle: -1.4529745352823555
2026-01-21 11:34:04,206 - position: [0.01225714 2.13658071 0.88322598] - angle: -1.4540947410349059
2026-01-21 11:34:04,436 - position: [0.01334289 2.12811875 0.88212109] - angle: -1.4532622118359844
2026-01-21 11:34:04,710 - position: [0.01584222 2.11700058 0.88083595] - angle: -1.453214432564824
2026-01-21 11:34:04,996 - position: [0.01714968 2.11210728 0.88009065] - angle: -1.4533453237011686
2026-01-21 11:34:05,216 - position: [0.01994045 2.10351038 0.87789834] - angle: -1.45169238987215
2026-01-21 11:34:05,456 - position: [0.02074465 2.10057664 0.8769455 ] - angle: -1.452066745336829
2026-01-21 11:34:05,697 - position: [0.02119348 2.09525704 0.87554634] - angle: -1.45183853111585
2026-01-21 11:34:05,904 - position: [0.02198289 2.09342575 0.87536395] - angle: -1.451337632277642
2026-01-21 11:34:06,108 - position: [0.02235943 2.09240437 0.87519389] - angle: -1.4512835482368596
2026-01-21 11:34:06,378 - position: [0.0229319  2.09158564 0.8753674 ] - angle: -1.4512194925652109
2026-01-21 11:34:06,590 - position: [0.02650172 2.08973193 0.87566537] - angle: -1.4510613136435695
2026-01-21 11:34:06,859 - position: [0.03326371 2.08703423 0.87597662] - angle: -1.452282115210234
2026-01-21 11:34:07,114 - position: [0.03534623 2.08632207 0.87567389] - angle: -1.4522491394347545
2026-01-21 11:34:07,345 - position: [0.03939416 2.08652091 0.87496078] - angle: -1.452098834020458
2026-01-21 11:34:07,571 - position: [0.03939416 2.08652091 0.87496078] - angle: -1.452098834020458
2026-01-21 11:34:07,811 - position: [0.02864354 2.09922838 0.87122262] - angle: -1.4518827768520208
2026-01-21 11:34:08,032 - position: [0.02499226 2.10213518 0.87037861] - angle: -1.4516711846659418
2026-01-21 11:34:08,279 - position: [0.02360395 2.1031487  0.87004119] - angle: -1.4516429180760362
2026-01-21 11:34:08,510 - position: [0.00601048 2.1165235  0.86615074] - angle: -1.4510815101295407
2026-01-21 11:34:08,758 - position: [-5.78777981e-05  2.12275696e+00  8.65173340e-01] - angle: -1.4513846363101184
2026-01-21 11:34:08,982 - position: [-0.00287182  2.12730598  0.86502856] - angle: -1.4513482321355702
2026-01-21 11:34:09,187 - position: [-0.0061612   2.13465428  0.86531723] - angle: -1.4518036241572396
2026-01-21 11:34:09,448 - position: [-0.00728994  2.14175677  0.86535347] - angle: -1.451475809088015
2026-01-21 11:34:09,728 - position: [-0.00691757  2.15296078  0.86442202] - angle: -1.451311209535615
2026-01-21 11:34:09,947 - position: [-0.00615933  2.15638208  0.86341304] - angle: -1.4505625068738959
2026-01-21 11:34:10,181 - position: [-0.00486969  2.16245747  0.86042237] - angle: -1.4503623528404517
2026-01-21 11:34:10,430 - position: [-0.00487242  2.16261721  0.86031872] - angle: -1.4502562683250781
2026-01-21 11:34:10,715 - position: [-0.00385841  2.17181301  0.85656643] - angle: -1.449790417655553
2026-01-21 11:34:10,927 - position: [-0.00432659  2.17539477  0.85614896] - angle: -1.4488077274155842
2026-01-21 11:34:11,130 - position: [-0.00416732  2.17907166  0.85723066] - angle: -1.449832304877805
2026-01-21 11:34:11,368 - position: [-0.00392207  2.18178058  0.85848087] - angle: -1.4487730561211474
2026-01-21 11:34:11,601 - position: [-0.00375872  2.18534589  0.86048907] - angle: -1.4486982413399234
2026-01-21 11:34:11,830 - position: [-0.00236225  2.18991804  0.86454481] - angle: -1.4488592168476426
2026-01-21 11:34:12,110 - position: [-1.49315596e-03  2.19153047e+00  8.67045105e-01] - angle: -1.4484910080639124
2026-01-21 11:34:12,381 - position: [-9.32689931e-04  2.19381046e+00  8.69656265e-01] - angle: -1.4484067529968399
2026-01-21 11:34:12,605 - position: [-1.64172100e-03  2.19680691e+00  8.71834219e-01] - angle: -1.4483661873761884
2026-01-21 11:34:12,990 - position: [-0.00462047  2.20389342  0.87501943] - angle: -1.448216987773825
2026-01-21 11:34:13,257 - position: [-0.00733885  2.20866442  0.87815243] - angle: -1.4476392612838653
2026-01-21 11:34:13,484 - position: [-0.00887503  2.21018553  0.88038087] - angle: -1.4475052521433782
