2026-01-21 11:22:41,674 - position: [1.33829447e-03 2.29052973e+00 8.87861013e-01] - angle: -1.6049383421296266
2026-01-21 11:22:41,883 - position: [1.23006874e-03 2.28828859e+00 8.94186914e-01] - angle: -1.605042805746585
2026-01-21 11:22:42,125 - position: [1.46642164e-03 2.28745747e+00 8.95851195e-01] - angle: -1.6053076570761853
2026-01-21 11:22:42,462 - position: [0.00458918 2.28450894 0.89946848] - angle: -1.6043705907650887
2026-01-21 11:22:42,692 - position: [0.00531305 2.28394938 0.89933318] - angle: -1.6041663193376845
2026-01-21 11:22:42,913 - position: [0.00724261 2.28241324 0.89722413] - angle: -1.604719459719412
2026-01-21 11:22:43,145 - position: [0.00790061 2.27967811 0.89407748] - angle: -1.6048463257135737
2026-01-21 11:22:43,397 - position: [0.01106853 2.27564716 0.92338443] - angle: -1.603061437377474
2026-01-21 11:22:43,638 - position: [0.01432661 2.27424431 0.98615831] - angle: -1.6038255493335534
2026-01-21 11:22:43,841 - position: [0.01800997 2.27211308 1.22089362] - angle: -1.6054086716372238
2026-01-21 11:22:44,088 - position: [0.01949877 2.27009225 1.4351306 ] - angle: -1.6071818537330573
2026-01-21 11:22:44,307 - position: [0.02061986 2.26677465 1.55081654] - angle: -1.6077323285357714
2026-01-21 11:22:44,547 - position: [0.02638017 2.25697303 1.70380294] - angle: -1.6069391276986673
2026-01-21 11:22:44,790 - position: [0.0322267  2.25039315 1.75358236] - angle: -1.607430622516807
2026-01-21 11:22:45,055 - position: [0.03670076 2.24635291 1.77149069] - angle: -1.60781412898681
2026-01-21 11:22:45,317 - position: [0.04366224 2.24260688 1.78150403] - angle: -1.6075102984837528
2026-01-21 11:22:45,575 - position: [0.04907343 2.24449086 1.7781713 ] - angle: -1.6076723197074916
2026-01-21 11:22:45,778 - position: [0.050745   2.24599361 1.77584112] - angle: -1.6070818406480125
2026-01-21 11:22:45,987 - position: [0.04854583 2.24763632 1.77469134] - angle: -1.606135593440479
2026-01-21 11:22:46,284 - position: [0.04260375 2.2463882  1.77564418] - angle: -1.6066318112192315
2026-01-21 11:22:46,497 - position: [0.04014179 2.24549937 1.77660632] - angle: -1.606029709999568
2026-01-21 11:22:46,703 - position: [0.03952194 2.24521399 1.77671933] - angle: -1.6060589813571244
2026-01-21 11:22:46,936 - position: [0.03131562 2.23623395 1.78073013] - angle: -1.6054533087292384
2026-01-21 11:22:47,169 - position: [0.02837235 2.23052263 1.78342032] - angle: -1.6053720156099498
2026-01-21 11:22:47,413 - position: [0.02685777 2.22851229 1.78424394] - angle: -1.6053564947877863
2026-01-21 11:22:47,677 - position: [0.02365581 2.22493315 1.78619683] - angle: -1.605014660304918
2026-01-21 11:22:47,897 - position: [0.02348221 2.22444844 1.78652   ] - angle: -1.605287473344121
2026-01-21 11:22:48,112 - position: [0.02342518 2.22425508 1.78656566] - angle: -1.6053970636218953
2026-01-21 11:22:48,347 - position: [0.02310987 2.2237103  1.7864778 ] - angle: -1.6050016546960322
2026-01-21 11:22:48,583 - position: [0.02238175 2.22133422 1.78495288] - angle: -1.605360541782595
2026-01-21 11:22:48,796 - position: [0.02254236 2.21990013 1.78468204] - angle: -1.6052386925596203
2026-01-21 11:22:49,016 - position: [0.023942   2.21259022 1.78337133] - angle: -1.6050546340712195
2026-01-21 11:22:49,238 - position: [0.0244063  2.21069384 1.7829684 ] - angle: -1.605156038081116
2026-01-21 11:22:49,511 - position: [0.02978798 2.18988609 1.77910089] - angle: -1.6055604922059725
2026-01-21 11:22:49,739 - position: [0.03072329 2.18121815 1.77706325] - angle: -1.605151945412751
2026-01-21 11:22:49,958 - position: [0.0305633  2.17684484 1.77590704] - angle: -1.6052250810272932
2026-01-21 11:22:50,223 - position: [0.02837817 2.16322279 1.77335811] - angle: -1.604282113471835
2026-01-21 11:22:50,450 - position: [0.0280608  2.16080332 1.77336299] - angle: -1.604555719448479
2026-01-21 11:22:50,681 - position: [0.02667606 2.15562081 1.77413106] - angle: -1.6041295740858015
2026-01-21 11:22:50,912 - position: [0.02609061 2.15420771 1.77520776] - angle: -1.603999513808235
2026-01-21 11:22:51,149 - position: [0.02488839 2.15163732 1.77779412] - angle: -1.6039300771069378
2026-01-21 11:22:51,388 - position: [0.02389582 2.14968348 1.78009522] - angle: -1.6043849358938473
2026-01-21 11:22:51,627 - position: [0.02130138 2.14489174 1.78233719] - angle: -1.603728746289086
2026-01-21 11:22:51,871 - position: [0.02077553 2.1415534  1.78237832] - angle: -1.603696588433909
2026-01-21 11:22:52,100 - position: [0.02206074 2.1363039  1.78196263] - angle: -1.6035039216447693
2026-01-21 11:22:52,308 - position: [0.02343261 2.13234186 1.78159344] - angle: -1.6033909392205867
2026-01-21 11:22:52,526 - position: [0.02460895 2.12753916 1.78196192] - angle: -1.6037154847998085
2026-01-21 11:22:52,733 - position: [0.02488979 2.12442636 1.78244543] - angle: -1.6035172714814774
2026-01-21 11:22:52,965 - position: [0.02583342 2.12152553 1.78241241] - angle: -1.6028464334419095
2026-01-21 11:22:53,279 - position: [0.02775243 2.11964297 1.78073537] - angle: -1.603230489910091
2026-01-21 11:22:53,499 - position: [0.02997066 2.12024832 1.77645266] - angle: -1.6026216056671458
2026-01-21 11:22:53,770 - position: [0.03136837 2.12226677 1.77345109] - angle: -1.6030196979589624
2026-01-21 11:22:54,082 - position: [0.02979422 2.13136339 1.76906252] - angle: -1.6024450062398543
2026-01-21 11:22:54,346 - position: [0.02517638 2.13958859 1.76742542] - angle: -1.60141472002657
2026-01-21 11:22:54,620 - position: [0.02219384 2.14264727 1.76816285] - angle: -1.6010918182530283
2026-01-21 11:22:54,829 - position: [0.02135407 2.14304757 1.76839185] - angle: -1.6013417235740492
2026-01-21 11:22:55,137 - position: [0.01695304 2.14154005 1.76939559] - angle: -1.6016420267706017
2026-01-21 11:22:55,415 - position: [0.0081513  2.13330078 1.77062333] - angle: -1.6011362146016346
2026-01-21 11:22:55,672 - position: [0.00459316 2.12809443 1.77068901] - angle: -1.6012676609580803
2026-01-21 11:22:55,947 - position: [0.00256702 2.1238277  1.76997459] - angle: -1.6008378527906295
2026-01-21 11:22:56,194 - position: [1.38909905e-03 2.12210035e+00 1.76883888e+00] - angle: -1.6006860657373245
2026-01-21 11:22:56,401 - position: [4.45661863e-04 2.12210035e+00 1.76737738e+00] - angle: -1.6004274625912096
2026-01-21 11:22:56,655 - position: [-1.39934337e-03  2.12496614e+00  1.76483750e+00] - angle: -1.6001259962045395
2026-01-21 11:22:56,915 - position: [-0.00301801  2.12998629  1.76373756] - angle: -1.6006027286650841
2026-01-21 11:22:57,143 - position: [-0.00317401  2.13163829  1.76373744] - angle: -1.600574486484481
2026-01-21 11:22:57,406 - position: [-0.00316845  2.13111663  1.76443303] - angle: -1.6003697384953508
2026-01-21 11:22:57,609 - position: [-0.00300303  2.13074231  1.76455629] - angle: -1.6005332259057656
2026-01-21 11:22:57,832 - position: [-0.00275398  2.12874937  1.765697  ] - angle: -1.599685550079914
2026-01-21 11:22:58,135 - position: [-0.00272242  2.12784386  1.76723683] - angle: -1.600173803781523
2026-01-21 11:22:58,350 - position: [-0.00245006  2.12588859  1.77069736] - angle: -1.5998694980263863
2026-01-21 11:22:58,607 - position: [-0.00286818  2.12403584  1.77064562] - angle: -1.5996990702633278
2026-01-21 11:22:58,866 - position: [-0.0032802   2.12183475  1.77018774] - angle: -1.5995522757944185
2026-01-21 11:22:59,127 - position: [-0.00310902  2.11744261  1.77016473] - angle: -1.5991561254429865
2026-01-21 11:22:59,381 - position: [-0.00317708  2.11498475  1.77004051] - angle: -1.59868773558963
2026-01-21 11:22:59,616 - position: [-0.00416267  2.10735989  1.76906025] - angle: -1.5987068583438901
2026-01-21 11:22:59,901 - position: [-0.00540626  2.10136557  1.76734352] - angle: -1.5981076562140881
2026-01-21 11:23:00,160 - position: [-0.00553179  2.08822918  1.76304793] - angle: -1.5978985469474747
2026-01-21 11:23:00,394 - position: [-0.00452143  2.07725167  1.75893736] - angle: -1.5974234459855357
2026-01-21 11:23:00,607 - position: [-0.00359345  2.07192111  1.75691044] - angle: -1.597662055640443
2026-01-21 11:23:00,827 - position: [-0.00342341  2.07040787  1.75645781] - angle: -1.5976077970468232
2026-01-21 11:23:01,046 - position: [-0.00368686  2.06666851  1.75627887] - angle: -1.5965727492083257
2026-01-21 11:23:01,276 - position: [-0.00352265  2.06595039  1.75667286] - angle: -1.5966162448592547
2026-01-21 11:23:01,479 - position: [-0.003383    2.06608152  1.75757039] - angle: -1.5969141817972474
2026-01-21 11:23:01,735 - position: [-0.00344026  2.06772208  1.76000607] - angle: -1.5964113696002293
2026-01-21 11:23:01,945 - position: [-0.00378871  2.07029748  1.76196575] - angle: -1.5961520197321635
2026-01-21 11:23:02,154 - position: [-0.00359991  2.07148027  1.76220381] - angle: -1.5958538024715034
2026-01-21 11:23:02,371 - position: [-0.00308858  2.07314825  1.76239812] - angle: -1.5954218265189581
2026-01-21 11:23:02,611 - position: [-0.00370555  2.07601023  1.76272547] - angle: -1.5950860829339302
2026-01-21 11:23:02,814 - position: [-0.00337786  2.07936215  1.76362789] - angle: -1.5953100587834301
2026-01-21 11:23:03,067 - position: [-0.00208466  2.0815053   1.76393116] - angle: -1.5951367002421684
2026-01-21 11:23:03,283 - position: [1.63335423e-03 2.08574939e+00 1.76461387e+00] - angle: -1.5950785970960446
2026-01-21 11:23:03,507 - position: [0.00501017 2.09095454 1.7644043 ] - angle: -1.5948780899567243
2026-01-21 11:23:03,738 - position: [0.00779309 2.09745049 1.76301908] - angle: -1.5944502116587351
2026-01-21 11:23:03,965 - position: [0.0085856  2.10052347 1.76233494] - angle: -1.5948147608459688
2026-01-21 11:23:04,174 - position: [0.00878592 2.10522604 1.76148617] - angle: -1.5949273286978993
2026-01-21 11:23:04,395 - position: [0.00876898 2.11046386 1.75853574] - angle: -1.5935541218317812
2026-01-21 11:23:04,665 - position: [0.00838827 2.11121941 1.75633299] - angle: -1.5936396364747818
2026-01-21 11:23:04,896 - position: [0.00434117 2.113796   1.75389659] - angle: -1.5922802884140026
2026-01-21 11:23:05,121 - position: [0.00239312 2.11551213 1.7534492 ] - angle: -1.5922431604360874
2026-01-21 11:23:05,365 - position: [8.79737199e-05 2.11876082e+00 1.75309300e+00] - angle: -1.5917298002733071
2026-01-21 11:23:05,607 - position: [-0.00232072  2.12163568  1.75207472] - angle: -1.5916450832163758
2026-01-21 11:23:05,813 - position: [-0.00501226  2.12477064  1.74925148] - angle: -1.5913184500984787
2026-01-21 11:23:06,079 - position: [-0.00561041  2.1267848   1.74515986] - angle: -1.591401191441311
2026-01-21 11:23:06,287 - position: [-0.00450403  2.12953043  1.74098945] - angle: -1.591585906162929
2026-01-21 11:23:06,510 - position: [-0.00462788  2.13295174  1.73929787] - angle: -1.590954999022797
2026-01-21 11:23:06,751 - position: [-0.00445122  2.13464427  1.73969197] - angle: -1.5909363635707514
2026-01-21 11:23:06,991 - position: [-0.00448836  2.13712716  1.74016547] - angle: -1.5900908352987884
2026-01-21 11:23:07,225 - position: [-0.00568092  2.14118624  1.74144268] - angle: -1.5901483718535054
2026-01-21 11:23:07,485 - position: [-0.00858164  2.15080047  1.74453771] - angle: -1.5893334804613746
2026-01-21 11:23:07,747 - position: [-0.00990679  2.15671635  1.74764073] - angle: -1.5894745066885125
2026-01-21 11:23:07,957 - position: [-0.01008969  2.15933728  1.74924147] - angle: -1.5893135122553232
2026-01-21 11:23:08,177 - position: [-0.01002177  2.16097927  1.75063169] - angle: -1.5894891992415037
2026-01-21 11:23:08,452 - position: [-0.01013541  2.17222953  1.76291764] - angle: -1.588652142504312
2026-01-21 11:23:08,697 - position: [-0.0101503   2.17338967  1.7647177 ] - angle: -1.589208157393406
2026-01-21 11:23:08,933 - position: [-0.01005006  2.1740272   1.76567566] - angle: -1.5887374544131925
2026-01-21 11:23:09,159 - position: [-0.00931315  2.17618895  1.7682786 ] - angle: -1.5883793375048931
2026-01-21 11:23:09,418 - position: [-0.00931315  2.17618895  1.7682786 ] - angle: -1.5883793375048931
2026-01-21 11:23:09,680 - position: [-0.01115939  2.17110085  1.76399875] - angle: -1.586526303681799
2026-01-21 11:23:09,898 - position: [-0.01132905  2.16956806  1.76300383] - angle: -1.5867812906517909
2026-01-21 11:23:10,155 - position: [-0.01205033  2.16740537  1.7621485 ] - angle: -1.5869002040256754
2026-01-21 11:23:10,357 - position: [-0.0123095   2.16643     1.76191354] - angle: -1.5867248776022107
2026-01-21 11:23:10,625 - position: [-0.01340325  2.15918398  1.75831139] - angle: -1.585851827396696
2026-01-21 11:23:10,858 - position: [-0.01371314  2.1591258   1.75630975] - angle: -1.5852371118889783
2026-01-21 11:23:11,101 - position: [-0.01411392  2.16490531  1.75396609] - angle: -1.5847491309287527
2026-01-21 11:23:11,371 - position: [-0.01329577  2.17312455  1.7537179 ] - angle: -1.5852473899793402
2026-01-21 11:23:11,625 - position: [-0.01185591  2.18200564  1.75462055] - angle: -1.5849407548880263
2026-01-21 11:23:11,896 - position: [-0.01142731  2.18943644  1.75606346] - angle: -1.5848222822701548
2026-01-21 11:23:12,123 - position: [-0.01152738  2.19127369  1.7568382 ] - angle: -1.5846178994819304
2026-01-21 11:23:12,350 - position: [-0.01152738  2.19127369  1.7568382 ] - angle: -1.5846178994819304
2026-01-21 11:23:12,554 - position: [-0.01114475  2.19097257  1.75863028] - angle: -1.5832586069567078
2026-01-21 11:23:12,820 - position: [-0.01110102  2.18982196  1.75835359] - angle: -1.5826746865477954
2026-01-21 11:23:13,039 - position: [-0.01101802  2.18976903  1.75832522] - angle: -1.5826958233892992
2026-01-21 11:23:13,266 - position: [-0.01049225  2.19071841  1.75931716] - angle: -1.582522991771973
2026-01-21 11:23:13,550 - position: [-0.01093293  2.19088984  1.76051283] - angle: -1.5814714188819083
2026-01-21 11:23:13,818 - position: [-0.01101907  2.19109869  1.76317739] - angle: -1.581908096713894
2026-01-21 11:23:14,164 - position: [-0.01088848  2.19282198  1.76537192] - angle: -1.5808260540896075
2026-01-21 11:23:14,418 - position: [-0.01271196  2.19604492  1.76580083] - angle: -1.580025196500542
2026-01-21 11:23:14,619 - position: [-0.01427369  2.20026493  1.76662207] - angle: -1.5794832954238318
2026-01-21 11:23:14,883 - position: [-0.01585336  2.20825052  1.76904452] - angle: -1.578849388753918
2026-01-21 11:23:15,123 - position: [-0.01668965  2.21160579  1.77044415] - angle: -1.5793697211498214
2026-01-21 11:23:15,371 - position: [-0.01970275  2.21909308  1.77346516] - angle: -1.5782139171001877
2026-01-21 11:23:15,589 - position: [-0.02311202  2.22558141  1.775473  ] - angle: -1.5785473848133602
2026-01-21 11:23:15,856 - position: [-0.02787676  2.23686099  1.77860355] - angle: -1.578379530762085
2026-01-21 11:23:16,084 - position: [-0.0293977   2.2409339   1.77903533] - angle: -1.5782435586727583
2026-01-21 11:23:16,324 - position: [-0.02961982  2.24307823  1.77945042] - angle: -1.5770016217110765
2026-01-21 11:23:16,582 - position: [-0.03017899  2.2467804   1.7798121 ] - angle: -1.5771329809687265
2026-01-21 11:23:16,795 - position: [-0.03049731  2.24772334  1.78032041] - angle: -1.5766567784972425
2026-01-21 11:23:17,044 - position: [-0.03090921  2.24697113  1.78045309] - angle: -1.5758772327509938
2026-01-21 11:23:17,287 - position: [-0.03084229  2.23774481  1.7776227 ] - angle: -1.5748758928611153
2026-01-21 11:23:17,566 - position: [-0.02866954  2.22591329  1.77182364] - angle: -1.573876629172621
2026-01-21 11:23:17,788 - position: [-0.02828813  2.22265625  1.76975846] - angle: -1.5731529922858511
2026-01-21 11:23:18,030 - position: [-0.02596201  2.21568155  1.76483858] - angle: -1.5722465631279388
2026-01-21 11:23:18,282 - position: [-0.02468093  2.21386719  1.76347446] - angle: -1.572198513972272
2026-01-21 11:23:18,542 - position: [-0.01870263  2.21195722  1.75948763] - angle: -1.5713193877819078
2026-01-21 11:23:18,770 - position: [-0.01699144  2.21256971  1.75907385] - angle: -1.570786484603662
2026-01-21 11:23:19,015 - position: [-0.00941026  2.21905732  1.75768769] - angle: -1.5706299593460002
2026-01-21 11:23:19,295 - position: [-0.00588952  2.22587061  1.75707567] - angle: -1.5700627856615519
2026-01-21 11:23:19,585 - position: [-0.00494725  2.22888136  1.7567457 ] - angle: -1.569776059037228
2026-01-21 11:23:19,805 - position: [-0.00365765  2.23459721  1.75614214] - angle: -1.569473289002473
2026-01-21 11:23:20,074 - position: [-0.00355586  2.23616076  1.75654113] - angle: -1.5687891903410498
2026-01-21 11:23:20,306 - position: [-0.00380006  2.23673868  1.75670433] - angle: -1.5684638279088916
2026-01-21 11:23:20,553 - position: [-0.00571173  2.23344803  1.75582933] - angle: -1.5673143504676683
2026-01-21 11:23:20,786 - position: [-0.00571173  2.23344803  1.75582933] - angle: -1.5673143504676683
2026-01-21 11:23:21,010 - position: [-0.00948856  2.22607541  1.75336301] - angle: -1.5664674588138556
2026-01-21 11:23:21,236 - position: [-0.01071298  2.22448373  1.75256848] - angle: -1.5662034278301893
2026-01-21 11:23:21,456 - position: [-0.01121148  2.22357249  1.75235927] - angle: -1.566481078225899
2026-01-21 11:23:21,689 - position: [-0.01173786  2.22159576  1.75212109] - angle: -1.5659470746828688
2026-01-21 11:23:21,894 - position: [-0.0114087   2.21420574  1.75319862] - angle: -1.5647158037773274
2026-01-21 11:23:22,189 - position: [-0.01165168  2.2117939   1.75460351] - angle: -1.56371346111984
2026-01-21 11:23:22,414 - position: [-0.01272224  2.21035099  1.75562871] - angle: -1.5637564926024394
2026-01-21 11:23:22,666 - position: [-0.01473607  2.20998073  1.75580823] - angle: -1.5625722582400368
2026-01-21 11:23:23,021 - position: [-0.01906739  2.20907712  1.75520456] - angle: -1.5621279603020048
2026-01-21 11:23:23,280 - position: [-0.02007853  2.20863533  1.75468409] - angle: -1.5614018807705334
2026-01-21 11:23:23,551 - position: [-0.02168698  2.2098546   1.75406909] - angle: -1.5605313627175943
2026-01-21 11:23:23,765 - position: [-0.02345955  2.21219206  1.75339091] - angle: -1.5599937013949035
2026-01-21 11:23:24,008 - position: [-0.02345955  2.21219206  1.75339091] - angle: -1.5599937013949035
2026-01-21 11:23:24,212 - position: [-0.02412168  2.21241045  1.75295091] - angle: -1.559979379753218
2026-01-21 11:23:24,444 - position: [-0.02419788  2.21184516  1.75245047] - angle: -1.559711569012991
2026-01-21 11:23:24,748 - position: [-0.02379281  2.2108295   1.75126886] - angle: -1.559411114366449
2026-01-21 11:23:24,992 - position: [-0.02232081  2.20790887  1.7507441 ] - angle: -1.5590692180063583
2026-01-21 11:23:25,221 - position: [-0.02233918  2.20673823  1.75071847] - angle: -1.5586761988093225
2026-01-21 11:23:25,481 - position: [-0.02342523  2.20266318  1.74918687] - angle: -1.5578626254956185
2026-01-21 11:23:25,683 - position: [-0.02465029  2.19993377  1.74842453] - angle: -1.5578260361000456
2026-01-21 11:23:25,984 - position: [-0.02631154  2.19741297  1.7482208 ] - angle: -1.557363996415758
2026-01-21 11:23:26,228 - position: [-0.02631154  2.19741297  1.7482208 ] - angle: -1.557363996415758
2026-01-21 11:23:26,516 - position: [-0.03080685  2.19952321  1.75142705] - angle: -1.5557003299620509
2026-01-21 11:23:26,718 - position: [-0.03095461  2.20017195  1.75223446] - angle: -1.5553508642658311
2026-01-21 11:23:26,949 - position: [-0.03075597  2.200387    1.75209427] - angle: -1.5553084197129823
2026-01-21 11:23:27,177 - position: [-0.02965418  2.20055437  1.75138795] - angle: -1.5550477346307479
2026-01-21 11:23:27,384 - position: [-0.02762947  2.201159    1.75055194] - angle: -1.5542295962334562
2026-01-21 11:23:27,633 - position: [-0.02595308  2.20394278  1.74979746] - angle: -1.5541601005148942
2026-01-21 11:23:27,867 - position: [-0.02613462  2.20541906  1.75043297] - angle: -1.5531545604514059
2026-01-21 11:23:28,157 - position: [-0.0261819   2.20599556  1.7527808 ] - angle: -1.5526159822871217
2026-01-21 11:23:28,391 - position: [-0.02695188  2.20606613  1.75732172] - angle: -1.551841430431712
2026-01-21 11:23:28,713 - position: [-0.02663194  2.20505452  1.76129138] - angle: -1.5515867829089607
2026-01-21 11:23:28,937 - position: [-0.02621952  2.20377612  1.76266694] - angle: -1.551189514634915
2026-01-21 11:23:29,175 - position: [-0.02581223  2.20091915  1.76542783] - angle: -1.5510106857714345
2026-01-21 11:23:29,396 - position: [-0.02569773  2.19913769  1.76654708] - angle: -1.551074214981627
2026-01-21 11:23:29,618 - position: [-0.02529966  2.18966818  1.76752293] - angle: -1.5500621892414408
2026-01-21 11:23:29,872 - position: [-0.02466207  2.18899512  1.76743591] - angle: -1.5496712629859037
2026-01-21 11:23:30,102 - position: [-0.02466207  2.18899512  1.76743591] - angle: -1.5496712629859037
2026-01-21 11:23:30,360 - position: [-0.02284444  2.19325447  1.76411927] - angle: -1.5489562731511088
2026-01-21 11:23:30,618 - position: [-0.02284444  2.19325447  1.76411927] - angle: -1.5489562731511088
2026-01-21 11:23:30,880 - position: [-0.02404676  2.20220351  1.75825799] - angle: -1.5467949684530216
2026-01-21 11:23:31,109 - position: [-0.02330007  2.20311928  1.7569989 ] - angle: -1.5467328866404708
2026-01-21 11:23:31,522 - position: [-0.02200338  2.20187831  1.75600266] - angle: -1.5463377763235018
2026-01-21 11:23:31,771 - position: [-0.01972667  2.19797087  1.75588   ] - angle: -1.5455027501081502
2026-01-21 11:23:31,983 - position: [-0.01806523  2.19305801  1.7554878 ] - angle: -1.5452570012636824
2026-01-21 11:23:32,218 - position: [-0.01740943  2.18926001  1.75575602] - angle: -1.544551911778234
2026-01-21 11:23:32,539 - position: [-0.01556127  2.18448424  1.75668108] - angle: -1.5451462463675076
2026-01-21 11:23:32,767 - position: [-0.01351614  2.18072128  1.75721025] - angle: -1.5435094238702858
2026-01-21 11:23:32,982 - position: [-0.01344096  2.18072939  1.75772119] - angle: -1.5427444712942888
2026-01-21 11:23:33,233 - position: [-0.01417716  2.18276429  1.75865579] - angle: -1.5426170987009789
2026-01-21 11:23:33,457 - position: [-0.01608705  2.18675661  1.75931215] - angle: -1.5432714641218017
2026-01-21 11:23:33,689 - position: [-0.01845841  2.19075155  1.7596817 ] - angle: -1.5424462214428125
2026-01-21 11:23:33,920 - position: [-0.02183438  2.19861937  1.75910211] - angle: -1.5414771479629263
2026-01-21 11:23:34,150 - position: [-0.02248739  2.2022388   1.75828052] - angle: -1.5409656611915126
2026-01-21 11:23:34,381 - position: [-0.02269356  2.20427036  1.75820506] - angle: -1.540704477662612
2026-01-21 11:23:34,649 - position: [-0.02147917  2.20309949  1.75938618] - angle: -1.5400237744245997
2026-01-21 11:23:34,915 - position: [-0.01862177  2.19765592  1.76171637] - angle: -1.5395219670826088
2026-01-21 11:23:35,185 - position: [-0.01707781  2.19251633  1.76193917] - angle: -1.538752773512356
2026-01-21 11:23:35,463 - position: [-0.01598191  2.18731856  1.76234579] - angle: -1.5386079096080252
2026-01-21 11:23:35,699 - position: [-0.01502469  2.17472267  1.76294935] - angle: -1.5377604878114566
2026-01-21 11:23:35,947 - position: [-0.0138817   2.16376925  1.76397467] - angle: -1.5375915579477475
2026-01-21 11:23:36,178 - position: [-0.01341639  2.16142654  1.76414621] - angle: -1.5375094385856012
2026-01-21 11:23:36,392 - position: [-0.01297141  2.15874362  1.76415074] - angle: -1.5369124085873924
2026-01-21 11:23:36,623 - position: [-0.01364781  2.15098     1.76433122] - angle: -1.5357581930199493
2026-01-21 11:23:36,865 - position: [-0.01444589  2.14545989  1.76452386] - angle: -1.5357225241451404
2026-01-21 11:23:37,085 - position: [-0.0152703   2.13910222  1.76486504] - angle: -1.5347921321559412
2026-01-21 11:23:37,395 - position: [-0.01541481  2.13301635  1.7654072 ] - angle: -1.5346543951402394
2026-01-21 11:23:37,617 - position: [-0.01552669  2.12848687  1.76668787] - angle: -1.5344500499695233
2026-01-21 11:23:37,849 - position: [-0.01546323  2.12689209  1.76779056] - angle: -1.534065311089218
2026-01-21 11:23:38,090 - position: [-0.0147346   2.12670493  1.76839972] - angle: -1.5339007869765822
2026-01-21 11:23:38,338 - position: [-0.0147346   2.12670493  1.76839972] - angle: -1.5339007869765822
2026-01-21 11:23:38,577 - position: [-0.01376435  2.12492967  1.76965499] - angle: -1.5338723903766667
2026-01-21 11:23:38,811 - position: [-0.01348442  2.122926    1.7685008 ] - angle: -1.5332314644439013
2026-01-21 11:23:39,083 - position: [-0.01295151  2.12130642  1.7664572 ] - angle: -1.5322821193977978
2026-01-21 11:23:39,325 - position: [-0.01268636  2.12087798  1.76492262] - angle: -1.531955347205209
2026-01-21 11:23:39,535 - position: [-0.01252944  2.12081623  1.76454413] - angle: -1.5321266662239972
2026-01-21 11:23:39,774 - position: [-0.01108524  2.12083292  1.76280785] - angle: -1.5319570572642025
2026-01-21 11:23:40,023 - position: [-0.01141535  2.1214788   1.76238799] - angle: -1.5308346839707134
2026-01-21 11:23:40,255 - position: [-0.01665246  2.12786055  1.76460671] - angle: -1.529510038533254
2026-01-21 11:23:40,484 - position: [-0.01805388  2.13047075  1.76489663] - angle: -1.5288454991305525
2026-01-21 11:23:40,740 - position: [-0.01886926  2.13426352  1.7648201 ] - angle: -1.5279691175114007
2026-01-21 11:23:40,981 - position: [-0.01849893  2.1362474   1.76455927] - angle: -1.5277105393567059
2026-01-21 11:23:41,241 - position: [-0.0176721   2.13967538  1.76327312] - angle: -1.527149880395036
2026-01-21 11:23:41,454 - position: [-0.01651453  2.14386773  1.7624768 ] - angle: -1.5274908823262487
2026-01-21 11:23:41,663 - position: [-0.0161071   2.14724398  1.76231408] - angle: -1.5272530289233432
2026-01-21 11:23:41,878 - position: [-0.01593533  2.15012121  1.76220942] - angle: -1.5269060436480415
2026-01-21 11:23:42,116 - position: [-0.01519644  2.15728021  1.76179516] - angle: -1.526065155647236
2026-01-21 11:23:42,328 - position: [-0.0151417   2.15936422  1.76173866] - angle: -1.526083489884002
2026-01-21 11:23:42,600 - position: [-0.01643693  2.16389894  1.76156974] - angle: -1.525615376732293
2026-01-21 11:23:42,833 - position: [-0.01773364  2.16986942  1.76168692] - angle: -1.525051854646395
2026-01-21 11:23:43,065 - position: [-0.01729157  2.17793894  1.76183796] - angle: -1.5245631407884557
2026-01-21 11:23:43,310 - position: [-0.01539863  2.18200588  1.76169479] - angle: -1.524545453888031
2026-01-21 11:23:43,594 - position: [-0.01222833  2.18194795  1.76161933] - angle: -1.5239288325381257
2026-01-21 11:23:43,861 - position: [-0.01133368  2.17787671  1.76257527] - angle: -1.5228306547992196
2026-01-21 11:23:44,083 - position: [-0.01194044  2.17118764  1.7644875 ] - angle: -1.5224248187977998
2026-01-21 11:23:44,294 - position: [-0.01342138  2.16470289  1.76620698] - angle: -1.5217768595215357
2026-01-21 11:23:44,498 - position: [-0.01468965  2.16015339  1.76704168] - angle: -1.5217305591706283
2026-01-21 11:23:44,743 - position: [-0.01779346  2.14815688  1.76714599] - angle: -1.5212908378788872
2026-01-21 11:23:44,953 - position: [-0.01916312  2.14018321  1.76602101] - angle: -1.5206217377075797
2026-01-21 11:23:45,182 - position: [-0.0200339   2.13371038  1.76448441] - angle: -1.5205830207640365
2026-01-21 11:23:45,389 - position: [-0.02145615  2.12780046  1.76300764] - angle: -1.5204719044835127
2026-01-21 11:23:45,601 - position: [-0.02298727  2.12306738  1.76251221] - angle: -1.5202350996657708
2026-01-21 11:23:45,814 - position: [-0.02406634  2.11710882  1.7619797 ] - angle: -1.5196091123190745
2026-01-21 11:23:46,085 - position: [-0.02415343  2.11515427  1.76132083] - angle: -1.5191049994180625
2026-01-21 11:23:46,308 - position: [-0.02429854  2.11603379  1.76159847] - angle: -1.5187420467777328
2026-01-21 11:23:46,547 - position: [-0.02402395  2.12543797  1.76160729] - angle: -1.5179366574474602
2026-01-21 11:23:46,777 - position: [-0.02459661  2.13528991  1.76154137] - angle: -1.517557265078659
2026-01-21 11:23:46,994 - position: [-0.02545608  2.1450243   1.76105547] - angle: -1.5170211047221422
2026-01-21 11:23:47,221 - position: [-0.02565353  2.15225387  1.75957692] - angle: -1.517149897264337
2026-01-21 11:23:47,449 - position: [-0.02533004  2.15791273  1.75744283] - angle: -1.516139791969997
2026-01-21 11:23:47,675 - position: [-0.02465835  2.15973473  1.75555134] - angle: -1.5163574069596915
2026-01-21 11:23:47,927 - position: [-0.02465835  2.15973473  1.75555134] - angle: -1.5163574069596915
2026-01-21 11:23:48,133 - position: [-0.02177037  2.15613389  1.75108802] - angle: -1.515796007963056
2026-01-21 11:23:48,378 - position: [-0.01853551  2.14544368  1.74734032] - angle: -1.5142790394210834
2026-01-21 11:23:48,607 - position: [-0.01724994  2.13728189  1.74585414] - angle: -1.5143730390000711
2026-01-21 11:23:48,821 - position: [-0.01615623  2.13501644  1.74519908] - angle: -1.5143969546124887
2026-01-21 11:23:49,049 - position: [-0.01457244  2.135216    1.74473882] - angle: -1.5143417906588201
2026-01-21 11:23:49,282 - position: [-0.01292343  2.13710928  1.74484861] - angle: -1.5137544920059343
2026-01-21 11:23:49,504 - position: [-0.01147184  2.13907695  1.7454015 ] - angle: -1.51297470840134
2026-01-21 11:23:49,770 - position: [-0.01062217  2.13872743  1.74599123] - angle: -1.5127284001964623
2026-01-21 11:23:49,997 - position: [-0.01053562  2.1379776   1.74620295] - angle: -1.5128730889805162
2026-01-21 11:23:50,244 - position: [-0.0116523   2.12975335  1.74668419] - angle: -1.511874152262699
2026-01-21 11:23:50,460 - position: [-0.01102505  2.12461901  1.74720871] - angle: -1.5116248075476837
2026-01-21 11:23:50,669 - position: [-0.01020536  2.11978292  1.74850094] - angle: -1.511350755055418
2026-01-21 11:23:50,903 - position: [-0.01058101  2.11772251  1.74972486] - angle: -1.511007454414392
2026-01-21 11:23:51,115 - position: [-0.01137721  2.11718321  1.75051641] - angle: -1.510530627747479
2026-01-21 11:23:51,380 - position: [-0.01137721  2.11718321  1.75051641] - angle: -1.510530627747479
2026-01-21 11:23:51,598 - position: [-0.01167087  2.11814165  1.75119817] - angle: -1.5095267920992699
2026-01-21 11:23:51,809 - position: [-0.01138044  2.11889434  1.75194287] - angle: -1.5094994867608489
2026-01-21 11:23:52,031 - position: [-0.01079874  2.11999965  1.75280797] - angle: -1.5089543921203008
2026-01-21 11:23:52,246 - position: [-0.01062212  2.12466455  1.75096059] - angle: -1.5087035166201548
2026-01-21 11:23:52,501 - position: [-0.0114821   2.12919569  1.74918389] - angle: -1.507996630195731
2026-01-21 11:23:52,739 - position: [-0.01247005  2.13321853  1.74689913] - angle: -1.5077736474493806
2026-01-21 11:23:53,010 - position: [-0.01176395  2.13608599  1.745345  ] - angle: -1.5074860737523208
2026-01-21 11:23:53,246 - position: [-0.0117169   2.13630414  1.74520397] - angle: -1.5073199531123365
2026-01-21 11:23:53,477 - position: [-0.01043912  2.14127016  1.74454355] - angle: -1.5061830297712104
2026-01-21 11:23:53,682 - position: [-0.01020347  2.14188361  1.74451017] - angle: -1.505916438304682
2026-01-21 11:23:53,902 - position: [-0.00901731  2.14536047  1.74445069] - angle: -1.5061629807207426
2026-01-21 11:23:54,180 - position: [-0.009626    2.14831543  1.74521923] - angle: -1.5062464390914738
2026-01-21 11:23:54,440 - position: [-0.01001652  2.14878416  1.74535179] - angle: -1.505911043039526
2026-01-21 11:23:54,671 - position: [-0.01118822  2.14876246  1.74446142] - angle: -1.5052055157604807
2026-01-21 11:23:54,910 - position: [-0.0101975   2.14797354  1.74141586] - angle: -1.5040307708398188
2026-01-21 11:23:55,157 - position: [-0.00977761  2.14824796  1.74011195] - angle: -1.5039439307154834
2026-01-21 11:23:55,404 - position: [-0.01051541  2.15032029  1.74018312] - angle: -1.5030591070281032
2026-01-21 11:23:55,611 - position: [-0.01180236  2.15139127  1.74176109] - angle: -1.5018691077608768
2026-01-21 11:23:55,844 - position: [-0.01387337  2.15281749  1.74498701] - angle: -1.5012863606443294
2026-01-21 11:23:56,054 - position: [-0.01447686  2.15314841  1.74565017] - angle: -1.5008284076214222
2026-01-21 11:23:56,272 - position: [-0.01822708  2.15929842  1.74944746] - angle: -1.5004220623508102
2026-01-21 11:23:56,502 - position: [-0.0193492   2.1645658   1.75083697] - angle: -1.5004032639896234
2026-01-21 11:23:56,820 - position: [-0.01988977  2.16698503  1.75167322] - angle: -1.495721418609452
2026-01-21 11:23:57,091 - position: [-0.01957311  2.17564845  1.75075305] - angle: -1.4992597662098688
2026-01-21 11:23:57,333 - position: [-0.02079548  2.18219423  1.74926019] - angle: -1.4990023532027248
2026-01-21 11:23:57,606 - position: [-0.02391657  2.18922281  1.74741948] - angle: -1.497991801157271
2026-01-21 11:23:57,810 - position: [-0.02573815  2.19326282  1.74649191] - angle: -1.4973035638922498
2026-01-21 11:23:58,034 - position: [-0.02622923  2.19519043  1.74613369] - angle: -1.4979891691301077
2026-01-21 11:23:58,278 - position: [-0.02610995  2.20408297  1.74601722] - angle: -1.4924274680230596
2026-01-21 11:23:58,489 - position: [-0.02434739  2.21033645  1.74503195] - angle: -1.4965943134167197
2026-01-21 11:23:58,706 - position: [-0.02414485  2.21260881  1.74303913] - angle: -1.4961104403701686
2026-01-21 11:23:58,920 - position: [-0.02426053  2.21287799  1.74103332] - angle: -1.4961589242884905
2026-01-21 11:23:59,181 - position: [-0.02422231  2.21286678  1.74036622] - angle: -1.4964472211509965
2026-01-21 11:23:59,413 - position: [-0.02449698  2.21027303  1.73763955] - angle: -1.4906985046653114
2026-01-21 11:23:59,735 - position: [-0.02291996  2.2057569   1.73686123] - angle: -1.4916492073782481
2026-01-21 11:23:59,944 - position: [-0.02240345  2.20377469  1.73660028] - angle: -1.4911029484681344
2026-01-21 11:24:00,217 - position: [-0.02125499  2.20091534  1.7355665 ] - angle: -1.4898376126138029
2026-01-21 11:24:00,505 - position: [-0.0210375   2.20297575  1.73255289] - angle: -1.4891750245589401
2026-01-21 11:24:00,725 - position: [-0.02264536  2.2062726   1.73105872] - angle: -1.490206633439847
2026-01-21 11:24:00,957 - position: [-0.02529094  2.2103014   1.73002267] - angle: -1.4892057211685081
2026-01-21 11:24:01,259 - position: [-0.0282814   2.21380115  1.72816253] - angle: -1.48825979123316
2026-01-21 11:24:01,493 - position: [-0.02985157  2.21504807  1.72520697] - angle: -1.4885388887154454
2026-01-21 11:24:01,717 - position: [-0.03010818  2.21484923  1.72063887] - angle: -1.4888589334806954
2026-01-21 11:24:01,930 - position: [-0.02824366  2.21305847  1.71663535] - angle: -1.4880858490430375
2026-01-21 11:24:02,136 - position: [-0.02517103  2.20987344  1.71313691] - angle: -1.4875107084925858
2026-01-21 11:24:02,399 - position: [-0.0230174   2.20679259  1.71118259] - angle: -1.4868276575320265
2026-01-21 11:24:02,619 - position: [-0.02195575  2.20305252  1.71035886] - angle: -1.486348740005778
2026-01-21 11:24:02,840 - position: [-0.02195575  2.20305252  1.71035886] - angle: -1.486348740005778
2026-01-21 11:24:03,048 - position: [-0.02195575  2.20305252  1.71035886] - angle: -1.486348740005778
2026-01-21 11:24:03,260 - position: [-0.02042044  2.19780397  1.71098125] - angle: -1.4858003893764113
2026-01-21 11:24:03,475 - position: [-0.02264884  2.19770646  1.71181285] - angle: -1.486290642578894
2026-01-21 11:24:03,726 - position: [-0.0253928   2.19769359  1.71305978] - angle: -1.485066274637723
2026-01-21 11:24:03,971 - position: [-0.02674776  2.19757581  1.71431935] - angle: -1.4844676674814439
2026-01-21 11:24:04,304 - position: [-0.02701211  2.19639564  1.71603656] - angle: -1.4844495187903655
2026-01-21 11:24:04,542 - position: [-0.02573953  2.19437456  1.71565926] - angle: -1.4832905007349173
2026-01-21 11:24:04,750 - position: [-0.02508888  2.19293046  1.71428192] - angle: -1.4838275270110008
2026-01-21 11:24:04,974 - position: [-0.02494483  2.1913836   1.71277106] - angle: -1.4830996868485378
2026-01-21 11:24:05,256 - position: [-0.02533963  2.18967724  1.71106577] - angle: -1.4817193504851924
2026-01-21 11:24:05,490 - position: [-0.02618098  2.18898559  1.71119869] - angle: -1.481849225076779
2026-01-21 11:24:05,734 - position: [-0.02773387  2.18797851  1.71254039] - angle: -1.4812857087311704
2026-01-21 11:24:05,943 - position: [-0.03106155  2.18628407  1.71549392] - angle: -1.4810337150621007
2026-01-21 11:24:06,190 - position: [-0.03463918  2.18557119  1.71797156] - angle: -1.480299661416126
2026-01-21 11:24:06,464 - position: [-0.03605403  2.1868012   1.71931052] - angle: -1.480113198274788
2026-01-21 11:24:06,687 - position: [-0.03569243  2.18786716  1.7197957 ] - angle: -1.4786958324609611
2026-01-21 11:24:06,944 - position: [-0.03457931  2.18814516  1.72017419] - angle: -1.4789821131543186
2026-01-21 11:24:07,198 - position: [-0.03299771  2.18817115  1.72075832] - angle: -1.477983887977794
2026-01-21 11:24:07,414 - position: [-0.03140077  2.18814826  1.7214036 ] - angle: -1.4777556637508171
2026-01-21 11:24:07,629 - position: [-0.03076422  2.18750572  1.72311068] - angle: -1.4776087080746065
2026-01-21 11:24:07,893 - position: [-0.03132764  2.18625259  1.72424078] - angle: -1.4769240517465536
2026-01-21 11:24:08,147 - position: [-0.03209504  2.1845789   1.72548902] - angle: -1.4769065835282928
2026-01-21 11:24:08,355 - position: [-0.03258596  2.1825726   1.72672021] - angle: -1.4760278794222592
2026-01-21 11:24:08,562 - position: [-0.03423484  2.17767477  1.7297796 ] - angle: -1.4769988930681026
2026-01-21 11:24:08,781 - position: [-0.034861    2.17333579  1.73210227] - angle: -1.4756145876089892
2026-01-21 11:24:08,998 - position: [-0.03519638  2.16931057  1.73298204] - angle: -1.4747960075039392
2026-01-21 11:24:09,235 - position: [-0.03556348  2.16760707  1.73255873] - angle: -1.475215028769429
2026-01-21 11:24:09,454 - position: [-0.03629203  2.16782427  1.73235548] - angle: -1.4735923263310577
2026-01-21 11:24:09,676 - position: [-0.03777843  2.17143178  1.73315525] - angle: -1.473494648123029
2026-01-21 11:24:09,926 - position: [-0.03811966  2.17234063  1.73337579] - angle: -1.4737626233988013
2026-01-21 11:24:10,126 - position: [-0.04069508  2.17982864  1.73480487] - angle: -1.4735470514152058
2026-01-21 11:24:10,361 - position: [-0.04092337  2.18197632  1.73538291] - angle: -1.4725557301961145
2026-01-21 11:24:10,591 - position: [-0.04103588  2.18448615  1.73590052] - angle: -1.4723712619055052
2026-01-21 11:24:10,803 - position: [-0.04112114  2.18730879  1.7364943 ] - angle: -1.4726670555429813
2026-01-21 11:24:11,064 - position: [-0.04203798  2.19471002  1.73645794] - angle: -1.4710454558672215
2026-01-21 11:24:11,334 - position: [-0.04170977  2.19819379  1.73637211] - angle: -1.4700741585107138
2026-01-21 11:24:11,609 - position: [-0.04270966  2.20719576  1.73958993] - angle: -1.4697348988049677
2026-01-21 11:24:11,870 - position: [-0.04517725  2.20960903  1.74090648] - angle: -1.468851921433303
2026-01-21 11:24:12,111 - position: [-0.04789104  2.21179867  1.74182165] - angle: -1.4680734481491506
2026-01-21 11:24:12,339 - position: [-0.04837111  2.21191239  1.74145067] - angle: -1.4681200927263394
2026-01-21 11:24:12,613 - position: [-0.0474565   2.2091105   1.73873127] - angle: -1.4675333918223434
2026-01-21 11:24:12,851 - position: [-0.04543613  2.20405889  1.73603177] - angle: -1.4669975131662967
2026-01-21 11:24:13,098 - position: [-0.04370538  2.19877172  1.73451459] - angle: -1.466436637273596
2026-01-21 11:24:13,319 - position: [-0.04282196  2.19414949  1.73366392] - angle: -1.4660486774669663
2026-01-21 11:24:13,581 - position: [-0.04282196  2.19414949  1.73366392] - angle: -1.4660486774669663
2026-01-21 11:24:13,831 - position: [-0.04181717  2.18620372  1.73287225] - angle: -1.4649487536305181
2026-01-21 11:24:14,080 - position: [-0.04259092  2.18737125  1.73328805] - angle: -1.465011521949517
2026-01-21 11:24:14,285 - position: [-0.04474246  2.19119883  1.73573244] - angle: -1.4642132097968377
2026-01-21 11:24:14,531 - position: [-0.04808285  2.19727802  1.73858261] - angle: -1.4636859205114399
2026-01-21 11:24:14,742 - position: [-0.05032644  2.20419931  1.74194872] - angle: -1.4631151790505674
2026-01-21 11:24:14,958 - position: [-0.05101902  2.20832014  1.74427426] - angle: -1.4626581593963435
2026-01-21 11:24:15,192 - position: [-0.05112983  2.2105813   1.7459929 ] - angle: -1.4620556799298514
2026-01-21 11:24:15,463 - position: [-0.04927393  2.21506476  1.74936557] - angle: -1.4617377844064325
2026-01-21 11:24:15,692 - position: [-0.04808261  2.21693015  1.75138545] - angle: -1.4613025270986881
2026-01-21 11:24:15,952 - position: [-0.0462263   2.21856356  1.75173593] - angle: -1.4609178389626734
2026-01-21 11:24:16,195 - position: [-0.04092637  2.21751237  1.75018287] - angle: -1.459041670598738
2026-01-21 11:24:16,424 - position: [-0.0365373   2.21270013  1.74861193] - angle: -1.4589385344964225
2026-01-21 11:24:16,662 - position: [-0.0330102   2.20658135  1.74742925] - angle: -1.4586016050957382
2026-01-21 11:24:16,863 - position: [-0.03114101  2.20249581  1.74658608] - angle: -1.4584299672135725
2026-01-21 11:24:17,101 - position: [-0.02899603  2.19844246  1.74584424] - angle: -1.458779206449504
2026-01-21 11:24:17,357 - position: [-0.02825677  2.19605255  1.74468434] - angle: -1.4578054958515008
2026-01-21 11:24:17,726 - position: [-0.02989639  2.19599581  1.74309015] - angle: -1.457514286270312
2026-01-21 11:24:18,008 - position: [-0.03069584  2.19863272  1.74268091] - angle: -1.456209227097545
2026-01-21 11:24:18,317 - position: [-0.03128181  2.20147634  1.74142754] - angle: -1.456820092567737
2026-01-21 11:24:18,569 - position: [-0.03050967  2.20402384  1.73748481] - angle: -1.4556709052208068
2026-01-21 11:24:18,797 - position: [-0.02812244  2.20338249  1.73420513] - angle: -1.4549051713047811
2026-01-21 11:24:19,034 - position: [-0.02498863  2.20185041  1.73030519] - angle: -1.4548706555741457
2026-01-21 11:24:19,278 - position: [-0.02418782  2.20040798  1.72896779] - angle: -1.4544495801332489
2026-01-21 11:24:19,494 - position: [-0.02336922  2.19720459  1.72807634] - angle: -1.459167839646859
2026-01-21 11:24:19,720 - position: [-0.02545315  2.19529223  1.72864735] - angle: -1.454726979116077
2026-01-21 11:24:19,943 - position: [-0.02815177  2.1955235   1.72903216] - angle: -1.4546035679467146
2026-01-21 11:24:20,153 - position: [-0.03215115  2.1978364   1.72994065] - angle: -1.4531415278873339
2026-01-21 11:24:20,385 - position: [-0.03328029  2.19970465  1.73015416] - angle: -1.45248369456918
2026-01-21 11:24:20,606 - position: [-0.03337972  2.20087481  1.72978091] - angle: -1.4523473208534705
2026-01-21 11:24:20,839 - position: [-0.03402261  2.20316863  1.72884083] - angle: -1.4522377982834347
2026-01-21 11:24:21,080 - position: [-0.03654452  2.20519924  1.72715759] - angle: -1.4512384917856247
2026-01-21 11:24:21,314 - position: [-0.03773023  2.20493746  1.72493458] - angle: -1.4510911542418476
2026-01-21 11:24:21,551 - position: [-0.03858943  2.20510077  1.72455716] - angle: -1.4516934441474132
2026-01-21 11:24:21,804 - position: [-0.0420838   2.20678091  1.72334576] - angle: -1.4503907064729957
2026-01-21 11:24:22,031 - position: [-0.04367798  2.20909858  1.72326112] - angle: -1.4495883485485712
2026-01-21 11:24:22,235 - position: [-0.04430402  2.21064997  1.72324157] - angle: -1.4498050504409354
2026-01-21 11:24:22,454 - position: [-0.04534603  2.21298337  1.72292733] - angle: -1.4483052863051373
2026-01-21 11:24:22,681 - position: [-0.04532455  2.21576929  1.72167957] - angle: -1.4474952869267392
2026-01-21 11:24:22,905 - position: [-0.04491339  2.21705818  1.72037101] - angle: -1.4470406800462436
2026-01-21 11:24:23,253 - position: [-0.04345314  2.22259784  1.71913278] - angle: -1.4476581752406497
2026-01-21 11:24:23,498 - position: [-0.04111466  2.22305298  1.71985233] - angle: -1.4465175473380838
2026-01-21 11:24:23,709 - position: [-0.03961336  2.22229266  1.72048855] - angle: -1.4459933820306996
2026-01-21 11:24:23,923 - position: [-0.0379496   2.22024703  1.72175443] - angle: -1.445659304400134
2026-01-21 11:24:24,140 - position: [-0.03739175  2.21882105  1.72288394] - angle: -1.4455482562776103
2026-01-21 11:24:24,384 - position: [-0.03714495  2.21604633  1.7245146 ] - angle: -1.445046155055688
2026-01-21 11:24:24,596 - position: [-0.03750064  2.21525216  1.72497547] - angle: -1.4447157350755298
2026-01-21 11:24:24,853 - position: [-0.03783445  2.21517181  1.72494578] - angle: -1.444944537183113
2026-01-21 11:24:25,102 - position: [-0.03752849  2.21636009  1.72389495] - angle: -1.4445426362053393
2026-01-21 11:24:25,307 - position: [-0.03644073  2.21645355  1.72315264] - angle: -1.4442716716795858
2026-01-21 11:24:25,535 - position: [-0.03577932  2.21627164  1.72273159] - angle: -1.4438568861055479
2026-01-21 11:24:25,756 - position: [-0.03462622  2.21590137  1.72285414] - angle: -1.4438722761620983
2026-01-21 11:24:25,969 - position: [-0.03471895  2.21504712  1.72366428] - angle: -1.4436925019029365
2026-01-21 11:24:26,173 - position: [-0.0354651   2.21517372  1.72447145] - angle: -1.4438780890309197
2026-01-21 11:24:26,378 - position: [-0.03594622  2.21657634  1.72619915] - angle: -1.4428646967329617
2026-01-21 11:24:26,592 - position: [-0.03583331  2.21789098  1.72721744] - angle: -1.4427171704850683
2026-01-21 11:24:26,834 - position: [-0.03523465  2.22240257  1.72848821] - angle: -1.4416269406630429
2026-01-21 11:24:27,104 - position: [-0.03563     2.22401381  1.72852886] - angle: -1.4416732630409008
2026-01-21 11:24:27,314 - position: [-0.03551125  2.22507024  1.72890079] - angle: -1.4414424377672335
2026-01-21 11:24:27,531 - position: [-0.03538325  2.22636771  1.72981   ] - angle: -1.4413453144154107
2026-01-21 11:24:27,773 - position: [-0.03487918  2.22691011  1.73131979] - angle: -1.4406188385769707
2026-01-21 11:24:28,006 - position: [-0.03473902  2.2248497   1.73277533] - angle: -1.4400199441458903
2026-01-21 11:24:28,268 - position: [-0.03546196  2.2212472   1.7357018 ] - angle: -1.4390008309023026
2026-01-21 11:24:28,511 - position: [-0.03760847  2.21862435  1.73916447] - angle: -1.4385234388314125
2026-01-21 11:24:28,728 - position: [-0.04063607  2.21511579  1.74242198] - angle: -1.438482049704024
2026-01-21 11:24:28,951 - position: [-0.04159108  2.2133193   1.74351799] - angle: -1.4377320145032932
2026-01-21 11:24:29,200 - position: [-0.04316247  2.20743322  1.74572551] - angle: -1.437024123582268
2026-01-21 11:24:29,407 - position: [-0.04273831  2.20485711  1.74623728] - angle: -1.436144093346027
2026-01-21 11:24:29,619 - position: [-0.04078393  2.20266128  1.74695802] - angle: -1.4371519831355712
2026-01-21 11:24:29,880 - position: [-0.03844003  2.20063233  1.74681914] - angle: -1.4363327911640535
2026-01-21 11:24:30,220 - position: [-0.03557584  2.19964457  1.74549258] - angle: -1.4357320317616522
2026-01-21 11:24:30,469 - position: [-0.03413308  2.19849086  1.74412632] - angle: -1.4347087118438324
2026-01-21 11:24:30,677 - position: [-0.03327556  2.1974051   1.74268138] - angle: -1.4348067203114825
2026-01-21 11:24:30,909 - position: [-0.03249322  2.19557238  1.7401458 ] - angle: -1.4347247990842473
2026-01-21 11:24:31,124 - position: [-0.03257832  2.19422078  1.73895431] - angle: -1.4344489156681415
2026-01-21 11:24:31,393 - position: [-0.03489895  2.18708873  1.73428595] - angle: -1.4330792763955458
2026-01-21 11:24:31,651 - position: [-0.0379508   2.17908907  1.73121035] - angle: -1.4325322110126097
2026-01-21 11:24:31,858 - position: [-0.03859804  2.17783999  1.73069978] - angle: -1.433290512105692
2026-01-21 11:24:32,076 - position: [-0.0436639   2.17297697  1.72822559] - angle: -1.432710901740045
2026-01-21 11:24:32,318 - position: [-0.04747082  2.17259312  1.7260499 ] - angle: -1.4318115200121837
2026-01-21 11:24:32,576 - position: [-0.04853927  2.1732161   1.72547245] - angle: -1.4315257475339274
2026-01-21 11:24:32,786 - position: [-0.05063588  2.17594314  1.72579455] - angle: -1.4317228944288494
2026-01-21 11:24:33,028 - position: [-0.05145277  2.17781901  1.72681236] - angle: -1.4320169906239113
2026-01-21 11:24:33,279 - position: [-0.05163346  2.17861199  1.72743142] - angle: -1.4320914318444666
2026-01-21 11:24:33,483 - position: [-0.05166629  2.18020391  1.72942901] - angle: -1.431779112405751
2026-01-21 11:24:33,712 - position: [-0.051371    2.18071842  1.72964191] - angle: -1.4308288561302285
2026-01-21 11:24:33,979 - position: [-0.05108089  2.18127251  1.72939503] - angle: -1.4308660039861656
2026-01-21 11:24:34,230 - position: [-0.05108089  2.18127251  1.72939503] - angle: -1.4308660039861656
2026-01-21 11:24:34,459 - position: [-0.05008581  2.18394279  1.72803485] - angle: -1.4299358176098034
2026-01-21 11:24:34,756 - position: [-0.05007395  2.18975568  1.72443283] - angle: -1.4294764371387059
2026-01-21 11:24:34,973 - position: [-0.04977595  2.18933344  1.72403908] - angle: -1.4284298048495399
2026-01-21 11:24:35,262 - position: [-0.0501754   2.18589592  1.7241106 ] - angle: -1.4276300403939572
2026-01-21 11:24:35,489 - position: [-0.05040604  2.18314838  1.72431064] - angle: -1.42833775257919
2026-01-21 11:24:35,689 - position: [-0.05039159  2.17543483  1.72472656] - angle: -1.4276737591879711
2026-01-21 11:24:35,919 - position: [-0.04991945  2.17232728  1.72502649] - angle: -1.427671803653729
2026-01-21 11:24:36,161 - position: [-0.04627128  2.15613437  1.72604704] - angle: -1.4271774175197995
2026-01-21 11:24:36,400 - position: [-0.04097079  2.13873649  1.72737038] - angle: -1.4269930025114275
2026-01-21 11:24:36,639 - position: [-0.03815915  2.13210845  1.72865224] - angle: -1.4264337046089652
2026-01-21 11:24:36,928 - position: [-0.03303111  2.12229657  1.73221815] - angle: -1.426357981896277
2026-01-21 11:24:37,188 - position: [-0.03105316  2.12035704  1.73315918] - angle: -1.4258238055357615
2026-01-21 11:24:37,434 - position: [-0.02783107  2.11822915  1.73322451] - angle: -1.4300812768814515
2026-01-21 11:24:37,644 - position: [-0.02700224  2.11708474  1.73268962] - angle: -1.43005217096503
2026-01-21 11:24:37,873 - position: [-0.02633068  2.11444926  1.73169112] - angle: -1.4291032706654168
2026-01-21 11:24:38,119 - position: [-0.02599726  2.11087036  1.7302022 ] - angle: -1.4290957320530038
2026-01-21 11:24:38,393 - position: [-0.02593824  2.10552716  1.72888529] - angle: -1.4288558419762403
2026-01-21 11:24:38,685 - position: [-0.02522979  2.09643173  1.72768557] - angle: -1.4273719907268054
2026-01-21 11:24:38,924 - position: [-0.02534799  2.09544826  1.72723544] - angle: -1.4275556889234648
2026-01-21 11:24:39,128 - position: [-0.02426305  2.09514093  1.72818577] - angle: -1.427516759028229
2026-01-21 11:24:39,382 - position: [-0.02298847  2.09469724  1.73167145] - angle: -1.4269890698949417
2026-01-21 11:24:39,625 - position: [-0.0237013   2.09651923  1.7357986 ] - angle: -1.4264904235033704
2026-01-21 11:24:39,843 - position: [-0.02493266  2.0997858   1.73873043] - angle: -1.425579321139466
2026-01-21 11:24:40,067 - position: [-0.02555191  2.10322356  1.74109137] - angle: -1.4260699278246207
2026-01-21 11:24:40,292 - position: [-0.02419917  2.1044724   1.74197567] - angle: -1.4254108165350057
2026-01-21 11:24:40,508 - position: [-0.02357247  2.10445642  1.74218285] - angle: -1.4251719752524594
2026-01-21 11:24:40,733 - position: [-0.0221158   2.10471058  1.74234438] - angle: -1.424101843374935
2026-01-21 11:24:41,034 - position: [-0.02154394  2.10645986  1.7433449 ] - angle: -1.4239649687920308
2026-01-21 11:24:41,241 - position: [-0.02242456  2.10945082  1.74517119] - angle: -1.4231133867932728
2026-01-21 11:24:41,479 - position: [-0.02348301  2.11182928  1.74610043] - angle: -1.4231688492219914
2026-01-21 11:24:41,732 - position: [-0.02555593  2.11685753  1.74709177] - angle: -1.4231216527731205
2026-01-21 11:24:41,980 - position: [-0.02899746  2.12474418  1.74754834] - angle: -1.417979745326611
2026-01-21 11:24:42,241 - position: [-0.03016412  2.13098741  1.74645948] - angle: -1.4179916534122463
2026-01-21 11:24:42,473 - position: [-0.03006871  2.13605022  1.7449348 ] - angle: -1.4178243951215834
2026-01-21 11:24:42,679 - position: [-0.03011844  2.13980865  1.74357343] - angle: -1.4171937646550927
2026-01-21 11:24:42,886 - position: [-0.03011099  2.14127207  1.74281812] - angle: -1.416904451426678
2026-01-21 11:24:43,133 - position: [-0.02984355  2.14371395  1.74135339] - angle: -1.417006176360999
2026-01-21 11:24:43,395 - position: [-0.02869247  2.144907    1.73959887] - angle: -1.415608780355027
2026-01-21 11:24:43,618 - position: [-0.02816596  2.14628434  1.73854804] - angle: -1.415811256369925
2026-01-21 11:24:43,836 - position: [-0.0285375   2.14680672  1.73801148] - angle: -1.4160330165892088
2026-01-21 11:24:44,083 - position: [-0.031189    2.14831471  1.73585021] - angle: -1.4152318442193392
2026-01-21 11:24:44,322 - position: [-0.03351784  2.14945197  1.73396766] - angle: -1.415235638500079
2026-01-21 11:24:44,560 - position: [-0.03550911  2.15077543  1.73204923] - angle: -1.4139424596764179
2026-01-21 11:24:44,794 - position: [-0.03765374  2.15241385  1.73032451] - angle: -1.4141901238278365
2026-01-21 11:24:45,058 - position: [-0.03832348  2.15211153  1.73028541] - angle: -1.413037973405816
2026-01-21 11:24:45,264 - position: [-0.03844447  2.14858627  1.73128498] - angle: -1.4128736527429568
2026-01-21 11:24:45,500 - position: [-0.03857149  2.14422989  1.73219669] - angle: -1.4131120241086559
2026-01-21 11:24:45,715 - position: [-0.0379404   2.14117146  1.73267257] - angle: -1.4129590044550793
2026-01-21 11:24:45,921 - position: [-0.03737638  2.13602352  1.7325772 ] - angle: -1.4124462996290656
2026-01-21 11:24:46,135 - position: [-0.03747439  2.13440704  1.73242438] - angle: -1.4120296647085784
2026-01-21 11:24:46,398 - position: [-0.03812523  2.13003135  1.73145306] - angle: -1.4112779927153425
2026-01-21 11:24:46,644 - position: [-0.0387927   2.12479496  1.73088467] - angle: -1.410478900091789
2026-01-21 11:24:46,856 - position: [-0.03913876  2.12186766  1.73120773] - angle: -1.410317657664983
2026-01-21 11:24:47,089 - position: [-0.03969487  2.12022686  1.73129404] - angle: -1.4103862784833159
2026-01-21 11:24:47,316 - position: [-0.04022224  2.11943531  1.73102236] - angle: -1.410149774467504
2026-01-21 11:24:47,558 - position: [-0.04078239  2.11942148  1.7309736 ] - angle: -1.4098640680604189
2026-01-21 11:24:47,812 - position: [-0.04136054  2.11736369  1.72994256] - angle: -1.4078242030280852
2026-01-21 11:24:48,040 - position: [-0.04086868  2.11504793  1.7288034 ] - angle: -1.406856151632495
2026-01-21 11:24:48,254 - position: [-0.03918458  2.10971665  1.72701538] - angle: -1.4062178491134714
2026-01-21 11:24:48,486 - position: [-0.03698168  2.10419011  1.72582614] - angle: -1.4104485637482762
2026-01-21 11:24:48,715 - position: [-0.03381773  2.09429479  1.72409868] - angle: -1.4105651559508807
2026-01-21 11:24:48,937 - position: [-0.02951426  2.08449912  1.72282815] - angle: -1.4104660379052398
2026-01-21 11:24:49,162 - position: [-0.0264814   2.079741    1.72341931] - angle: -1.4098066783227905
2026-01-21 11:24:49,383 - position: [-0.02457643  2.07560301  1.72584772] - angle: -1.4094740108578665
2026-01-21 11:24:49,652 - position: [-0.02371076  2.07124901  1.73015463] - angle: -1.409220690590283
2026-01-21 11:24:49,865 - position: [-0.02328192  2.06952286  1.73438811] - angle: -1.4094529958079836
2026-01-21 11:24:50,081 - position: [-0.02313712  2.06900787  1.73605466] - angle: -1.4093728526075697
2026-01-21 11:24:50,360 - position: [-0.02276564  2.06542802  1.74058342] - angle: -1.4094869982722016
2026-01-21 11:24:50,568 - position: [-0.02262762  2.06259918  1.74206543] - angle: -1.4084126022319499
2026-01-21 11:24:50,802 - position: [-0.0223802   2.05944419  1.74342322] - angle: -1.4089700239625382
2026-01-21 11:24:51,039 - position: [-0.02292188  2.05858922  1.74403882] - angle: -1.4090543214014328
2026-01-21 11:24:51,294 - position: [-0.0239549   2.05917287  1.74382627] - angle: -1.4087363935891015
2026-01-21 11:24:51,540 - position: [-0.02618774  2.06121778  1.74235892] - angle: -1.4095187372321702
2026-01-21 11:24:51,806 - position: [-0.02788215  2.0640409   1.74006736] - angle: -1.4087903837988698
2026-01-21 11:24:52,046 - position: [-0.03032597  2.06788898  1.73745632] - angle: -1.4081826324577555
2026-01-21 11:24:52,278 - position: [-0.03407214  2.07135892  1.73489821] - angle: -1.407914523545759
2026-01-21 11:24:52,499 - position: [-0.03952959  2.07627583  1.73079002] - angle: -1.4079477670180114
2026-01-21 11:24:52,747 - position: [-0.04264563  2.07919121  1.72748423] - angle: -1.40746851882415
2026-01-21 11:24:52,991 - position: [-0.04342166  2.07968521  1.72660816] - angle: -1.4075794554576473
2026-01-21 11:24:53,232 - position: [-0.04468629  2.08055162  1.72514045] - angle: -1.4070654820518986
2026-01-21 11:24:53,461 - position: [-0.04468629  2.08055162  1.72514045] - angle: -1.4070654820518986
2026-01-21 11:24:53,678 - position: [-0.03870133  2.07836246  1.72548997] - angle: -1.407023632949437
2026-01-21 11:24:53,897 - position: [-0.03422539  2.07826257  1.72517049] - angle: -1.4069576186104844
2026-01-21 11:24:54,182 - position: [-0.02888967  2.08083344  1.72416162] - angle: -1.4065543987754223
2026-01-21 11:24:54,405 - position: [-0.02694907  2.08302832  1.72347271] - angle: -1.4056955871149133
2026-01-21 11:24:54,680 - position: [-0.02513064  2.0892849   1.72158086] - angle: -1.4044965911132392
2026-01-21 11:24:54,883 - position: [-0.02402599  2.09030223  1.72090244] - angle: -1.4044279571346707
2026-01-21 11:24:55,153 - position: [-0.0223706   2.08865619  1.72029436] - angle: -1.403832395460869
2026-01-21 11:24:55,413 - position: [-0.02011861  2.08549619  1.71949756] - angle: -1.4036108138354977
2026-01-21 11:24:55,656 - position: [-0.015287    2.07739592  1.71733618] - angle: -1.402181897160188
2026-01-21 11:24:55,900 - position: [-0.01263857  2.06905556  1.71657753] - angle: -1.401445786946157
2026-01-21 11:24:56,144 - position: [-0.01126209  2.06242585  1.71620333] - angle: -1.400576330237866
2026-01-21 11:24:56,368 - position: [-0.0087986   2.05120134  1.71551371] - angle: -1.4008276698127564
2026-01-21 11:24:56,585 - position: [-0.00558078  2.04159904  1.71586215] - angle: -1.4002959759640246
2026-01-21 11:24:56,825 - position: [-0.00404382  2.03773499  1.71899211] - angle: -1.4002369145067899
2026-01-21 11:24:57,035 - position: [-0.0041442   2.0376327   1.72237647] - angle: -1.4000787336989169
2026-01-21 11:24:57,267 - position: [-0.00423015  2.03871059  1.72437251] - angle: -1.4003779525989009
2026-01-21 11:24:57,474 - position: [-0.00563947  2.04263473  1.72875249] - angle: -1.4006123632618381
2026-01-21 11:24:57,690 - position: [-0.00724935  2.04614115  1.73131561] - angle: -1.4007204422171675
2026-01-21 11:24:57,934 - position: [-0.00925003  2.05180764  1.73322701] - angle: -1.4013181091517026
2026-01-21 11:24:58,149 - position: [-0.00987632  2.05558228  1.73385918] - angle: -1.4005270347481633
2026-01-21 11:24:58,380 - position: [-0.01017891  2.06268644  1.73381853] - angle: -1.4004889329745982
2026-01-21 11:24:58,616 - position: [-0.00995031  2.06785369  1.73228931] - angle: -1.4001647402943003
2026-01-21 11:24:58,849 - position: [-0.00920057  2.07078552  1.73056626] - angle: -1.399272945223704
2026-01-21 11:24:59,065 - position: [-0.0093381   2.08147049  1.7238673 ] - angle: -1.3988328142592916
2026-01-21 11:24:59,273 - position: [-0.00994809  2.08428884  1.72226405] - angle: -1.3986724534156938
2026-01-21 11:24:59,495 - position: [-0.01159414  2.09495878  1.71614504] - angle: -1.3975888857886636
2026-01-21 11:24:59,710 - position: [-0.01298723  2.10023618  1.71308148] - angle: -1.397621344133312
2026-01-21 11:24:59,926 - position: [-0.01552981  2.10692096  1.7094332 ] - angle: -1.397523809906319
2026-01-21 11:25:00,139 - position: [-0.01910278  2.11198211  1.70633936] - angle: -1.3969412718197587
2026-01-21 11:25:00,352 - position: [-0.02053025  2.11433911  1.70507288] - angle: -1.397121030482329
2026-01-21 11:25:00,574 - position: [-0.020739    2.1163044   1.70356929] - angle: -1.3967993912746461
2026-01-21 11:25:00,797 - position: [-0.01409823  2.11757684  1.70055628] - angle: -1.396043693902214
2026-01-21 11:25:01,048 - position: [-0.01149134  2.11914349  1.69870019] - angle: -1.3970410380685423
2026-01-21 11:25:01,318 - position: [-0.00959127  2.12011647  1.69857359] - angle: -1.396051501659985
2026-01-21 11:25:01,567 - position: [-0.01010294  2.12194014  1.69866157] - angle: -1.3973940436365613
2026-01-21 11:25:01,801 - position: [-0.01171097  2.12414098  1.69896221] - angle: -1.3965154611274406
2026-01-21 11:25:02,081 - position: [-0.01667676  2.12908554  1.69795907] - angle: -1.3962355632230383
2026-01-21 11:25:02,332 - position: [-0.01806494  2.13065362  1.69747579] - angle: -1.3959700933102273
2026-01-21 11:25:02,567 - position: [-0.0242869   2.13968301  1.69508255] - angle: -1.3962895340375794
2026-01-21 11:25:02,799 - position: [-0.02509329  2.14111209  1.6948868 ] - angle: -1.3962876799348538
2026-01-21 11:25:03,076 - position: [-0.02517188  2.147861    1.69326448] - angle: -1.3960707044078169
2026-01-21 11:25:03,288 - position: [-0.02356308  2.15092015  1.69239497] - angle: -1.3957473668033327
2026-01-21 11:25:03,549 - position: [-0.02259689  2.15543747  1.69244051] - angle: -1.3948010742392074
2026-01-21 11:25:03,820 - position: [-0.02228032  2.16152358  1.69362009] - angle: -1.3948038630873572
2026-01-21 11:25:04,110 - position: [-0.02308724  2.16648626  1.69583082] - angle: -1.3905200575766425
2026-01-21 11:25:04,337 - position: [-0.02334488  2.1689446   1.69725096] - angle: -1.3899951759808618
2026-01-21 11:25:04,552 - position: [-0.02447117  2.17250419  1.69978523] - angle: -1.390465332551659
2026-01-21 11:25:04,800 - position: [-0.02623498  2.1754787   1.70257223] - angle: -1.388717856391057
2026-01-21 11:25:05,041 - position: [-0.02730046  2.17615795  1.70424879] - angle: -1.3880348826861448
2026-01-21 11:25:05,249 - position: [-0.02796317  2.17566729  1.70615768] - angle: -1.3874882160410817
2026-01-21 11:25:05,470 - position: [-0.02839799  2.17469025  1.70906901] - angle: -1.3876716916128147
2026-01-21 11:25:05,706 - position: [-0.02826617  2.17458367  1.70996761] - angle: -1.3875455819086588
2026-01-21 11:25:05,915 - position: [-0.02719663  2.17485523  1.7121675 ] - angle: -1.386851651935335
2026-01-21 11:25:06,124 - position: [-0.02585867  2.1757865   1.71312308] - angle: -1.386370305403375
2026-01-21 11:25:06,384 - position: [-0.02243799  2.1778295   1.71405864] - angle: -1.3861446805829232
2026-01-21 11:25:06,618 - position: [-0.02108889  2.1797123   1.71482027] - angle: -1.385408808780034
2026-01-21 11:25:06,851 - position: [-0.02086872  2.18024111  1.71499336] - angle: -1.3857959719898862
2026-01-21 11:25:07,053 - position: [-0.01947534  2.18552828  1.7172631 ] - angle: -1.3852765401721583
2026-01-21 11:25:07,263 - position: [-0.01965411  2.18724918  1.71857774] - angle: -1.3840754401907822
2026-01-21 11:25:07,487 - position: [-0.01987961  2.18735361  1.7188127 ] - angle: -1.3842667307986987
2026-01-21 11:25:07,714 - position: [-0.01947111  2.18604565  1.71867692] - angle: -1.3837563689943644
2026-01-21 11:25:07,950 - position: [-0.01891641  2.18393564  1.71808827] - angle: -1.3831264700059882
2026-01-21 11:25:08,178 - position: [-0.01896479  2.18166733  1.71711743] - angle: -1.383441464575076
2026-01-21 11:25:08,421 - position: [-0.02049781  2.17887235  1.71586692] - angle: -1.3824384198455895
2026-01-21 11:25:08,634 - position: [-0.02244669  2.17678189  1.71497071] - angle: -1.3821225453545884
2026-01-21 11:25:08,873 - position: [-0.02434861  2.17402887  1.71366847] - angle: -1.3816766865290253
2026-01-21 11:25:09,131 - position: [-0.02540634  2.17016935  1.71112776] - angle: -1.3808988351747788
2026-01-21 11:25:09,358 - position: [-0.02519888  2.16610336  1.7090317 ] - angle: -1.379904439274028
2026-01-21 11:25:09,581 - position: [-0.0249936   2.16358495  1.70789075] - angle: -1.3812582841798458
2026-01-21 11:25:09,784 - position: [-0.02540477  2.16226983  1.70710433] - angle: -1.3805863998293093
2026-01-21 11:25:10,081 - position: [-0.02540476  2.16478109  1.70645726] - angle: -1.3798779503495786
2026-01-21 11:25:10,324 - position: [-0.02527133  2.16975188  1.70646942] - angle: -1.3794214724139189
2026-01-21 11:25:10,558 - position: [-0.02429053  2.1740458   1.7064271 ] - angle: -1.3799012077523547
2026-01-21 11:25:10,830 - position: [-0.02239521  2.17730927  1.70625615] - angle: -1.3781251614902041
2026-01-21 11:25:11,041 - position: [-0.02143558  2.178689    1.70588017] - angle: -1.3773955386367533
2026-01-21 11:25:11,265 - position: [-0.02068432  2.18052053  1.70532072] - angle: -1.3783177343952553
2026-01-21 11:25:11,482 - position: [-0.02106766  2.1817565   1.7051183 ] - angle: -1.3776122403373687
2026-01-21 11:25:11,711 - position: [-0.02271095  2.18115902  1.70507371] - angle: -1.3768256866917756
2026-01-21 11:25:11,936 - position: [-0.02463082  2.17927027  1.70545149] - angle: -1.3763155352141836
2026-01-21 11:25:12,157 - position: [-0.02512067  2.17814279  1.70604348] - angle: -1.375789975227863
2026-01-21 11:25:12,400 - position: [-0.02294854  2.17338967  1.71015298] - angle: -1.3751406603160987
2026-01-21 11:25:12,643 - position: [-0.02059014  2.16876173  1.71563554] - angle: -1.3746179110759047
2026-01-21 11:25:12,867 - position: [-0.01960376  2.16589546  1.71846259] - angle: -1.37493896306185
2026-01-21 11:25:13,073 - position: [-0.01918493  2.16166663  1.72216558] - angle: -1.373452898067598
2026-01-21 11:25:13,328 - position: [-0.0199671   2.16033673  1.72362113] - angle: -1.3726063235624935
2026-01-21 11:25:13,584 - position: [-0.01989717  2.1588192   1.72616017] - angle: -1.373392293424184
2026-01-21 11:25:13,824 - position: [-0.01969403  2.15823627  1.72744501] - angle: -1.3726240189781254
2026-01-21 11:25:14,065 - position: [-0.01908301  2.15747094  1.73099911] - angle: -1.373102241812075
2026-01-21 11:25:14,311 - position: [-0.01629217  2.16038728  1.73602021] - angle: -1.3708327554262465
2026-01-21 11:25:14,539 - position: [-0.01860489  2.16695046  1.7382592 ] - angle: -1.3698607951765096
2026-01-21 11:25:14,767 - position: [-0.02216367  2.17176366  1.73752797] - angle: -1.3697075891944195
2026-01-21 11:25:15,013 - position: [-0.02763899  2.17748189  1.73429036] - angle: -1.3691684615106943
2026-01-21 11:25:15,245 - position: [-0.0309092   2.17861843  1.73017752] - angle: -1.368311803449421
2026-01-21 11:25:15,466 - position: [-0.02869941  2.17280245  1.72762465] - angle: -1.3679107135677513
2026-01-21 11:25:15,690 - position: [-0.02697648  2.1685164   1.72782886] - angle: -1.3680856293740438
2026-01-21 11:25:15,931 - position: [-0.02631671  2.1664536   1.72813725] - angle: -1.367701733247669
2026-01-21 11:25:16,197 - position: [-0.01978587  2.15933847  1.73128927] - angle: -1.366436744834492
2026-01-21 11:25:16,429 - position: [-0.01882837  2.16014338  1.73416483] - angle: -1.366836458464935
2026-01-21 11:25:16,664 - position: [-0.01946761  2.16286516  1.73906267] - angle: -1.3667307652170306
2026-01-21 11:25:16,882 - position: [-0.018584    2.16413569  1.74443638] - angle: -1.366989930755171
2026-01-21 11:25:17,095 - position: [-0.01797573  2.16394687  1.74737418] - angle: -1.3666016858262218
2026-01-21 11:25:17,297 - position: [-0.01729291  2.16302919  1.74917328] - angle: -1.3665117640161992
2026-01-21 11:25:17,532 - position: [-0.01953547  2.16023493  1.75180376] - angle: -1.3659517314258074
2026-01-21 11:25:17,735 - position: [-0.02249711  2.1600461   1.7527349 ] - angle: -1.3663324791976033
2026-01-21 11:25:17,957 - position: [-0.02426572  2.15726399  1.75479972] - angle: -1.3646605530543932
2026-01-21 11:25:18,178 - position: [-0.0233629   2.15257716  1.75530124] - angle: -1.36449675719183
2026-01-21 11:25:18,392 - position: [-0.0191344   2.14648843  1.75443661] - angle: -1.3639408735015222
2026-01-21 11:25:18,626 - position: [-0.01421144  2.14231563  1.75253451] - angle: -1.3675472393441401
2026-01-21 11:25:18,841 - position: [-0.0117769   2.14017391  1.75026822] - angle: -1.3674808541335
2026-01-21 11:25:19,072 - position: [-0.01232955  2.13926029  1.7484833 ] - angle: -1.3668187918323698
2026-01-21 11:25:19,316 - position: [-0.01399349  2.13810921  1.74753463] - angle: -1.3664503625088602
2026-01-21 11:25:19,525 - position: [-0.01684005  2.13736677  1.74793029] - angle: -1.36677137146286
2026-01-21 11:25:19,749 - position: [-0.02079414  2.13819504  1.74781179] - angle: -1.3619194086816173
2026-01-21 11:25:19,983 - position: [-0.02393924  2.14199829  1.74430335] - angle: -1.3616705835771779
2026-01-21 11:25:20,214 - position: [-0.02639325  2.14727664  1.73743331] - angle: -1.3615406565917034
2026-01-21 11:25:20,463 - position: [-0.02846508  2.15303755  1.72820401] - angle: -1.3607005446757832
2026-01-21 11:25:20,715 - position: [-0.02959651  2.15750384  1.72167397] - angle: -1.3606020360878275
2026-01-21 11:25:20,973 - position: [-0.02970676  2.15746713  1.71766591] - angle: -1.3605357832647225
2026-01-21 11:25:21,195 - position: [-0.03005622  2.15555024  1.71732485] - angle: -1.3603572209007653
2026-01-21 11:25:21,424 - position: [-0.03123436  2.15364242  1.71956158] - angle: -1.359617548157182
2026-01-21 11:25:21,650 - position: [-0.03116219  2.15186405  1.72289228] - angle: -1.3604671843548486
2026-01-21 11:25:21,892 - position: [-0.03095395  2.15066624  1.72460961] - angle: -1.3596711323422719
2026-01-21 11:25:22,118 - position: [-0.02912407  2.14584589  1.72981954] - angle: -1.3591017243550025
2026-01-21 11:25:22,386 - position: [-0.02215503  2.13026214  1.7359215 ] - angle: -1.362645966590931
2026-01-21 11:25:22,617 - position: [-0.01680244  2.11704826  1.73905361] - angle: -1.3623639752257932
2026-01-21 11:25:22,854 - position: [-0.01341247  2.1057837   1.74265504] - angle: -1.362041791418211
2026-01-21 11:25:23,090 - position: [-0.01209841  2.09045792  1.74965286] - angle: -1.3623650957398965
2026-01-21 11:25:23,312 - position: [-0.01403247  2.08245349  1.75561035] - angle: -1.361486399365373
2026-01-21 11:25:23,525 - position: [-0.01575152  2.07962346  1.75934124] - angle: -1.3618361498095881
2026-01-21 11:25:23,767 - position: [-0.01842493  2.0801878   1.76246858] - angle: -1.3610792703609609
2026-01-21 11:25:24,073 - position: [-0.02264863  2.08347583  1.76368117] - angle: -1.361194642044222
2026-01-21 11:25:24,328 - position: [-0.02494886  2.08408856  1.76178181] - angle: -1.360581982503557
2026-01-21 11:25:24,554 - position: [-0.02685841  2.08341837  1.75969529] - angle: -1.3603375393604278
2026-01-21 11:25:24,789 - position: [-0.02957183  2.08179092  1.75485122] - angle: -1.3596114015255125
2026-01-21 11:25:25,039 - position: [-0.0289015   2.0800724   1.75138438] - angle: -1.3601912713533788
2026-01-21 11:25:25,248 - position: [-0.02448606  2.07685828  1.74583209] - angle: -1.3587515788695441
2026-01-21 11:25:25,544 - position: [-0.02188355  2.07407856  1.74007845] - angle: -1.3580192397600848
2026-01-21 11:25:25,769 - position: [-0.02313458  2.07285857  1.73720491] - angle: -1.357907020888066
2026-01-21 11:25:26,013 - position: [-0.02557578  2.0723896   1.73295033] - angle: -1.357564909971681
2026-01-21 11:25:26,249 - position: [-0.02657867  2.07379842  1.72925556] - angle: -1.35681456528018
2026-01-21 11:25:26,485 - position: [-0.02780096  2.0765543   1.72630584] - angle: -1.3561726184879719
2026-01-21 11:25:26,698 - position: [-0.0281371   2.07734919  1.72573519] - angle: -1.356327172002723
2026-01-21 11:25:26,936 - position: [-0.03039877  2.08371186  1.72304249] - angle: -1.3555767877405076
2026-01-21 11:25:27,168 - position: [-0.03153996  2.08817554  1.72206986] - angle: -1.3550564730775596
2026-01-21 11:25:27,407 - position: [-0.03128307  2.09617472  1.72068977] - angle: -1.3549918132546792
2026-01-21 11:25:27,644 - position: [-0.03038768  2.10171366  1.71960354] - angle: -1.3550590247295542
2026-01-21 11:25:27,875 - position: [-0.02995642  2.10871601  1.7180723 ] - angle: -1.3545682787693583
2026-01-21 11:25:28,108 - position: [-0.02974897  2.11275673  1.71777165] - angle: -1.354546750769753
2026-01-21 11:25:28,340 - position: [-0.02870428  2.11724067  1.71877229] - angle: -1.3541001969305246
2026-01-21 11:25:28,553 - position: [-0.02671362  2.11687732  1.7199986 ] - angle: -1.3542593649538825
2026-01-21 11:25:28,793 - position: [-0.02641257  2.11679721  1.72009528] - angle: -1.3546034436197054
2026-01-21 11:25:29,038 - position: [-0.01696284  2.11282921  1.72068763] - angle: -1.3540023187870718
2026-01-21 11:25:29,248 - position: [-0.01179959  2.11498046  1.717821  ] - angle: -1.3532987229651603
2026-01-21 11:25:29,482 - position: [-0.01098879  2.11488891  1.71733999] - angle: -1.3532543415977085
2026-01-21 11:25:29,711 - position: [-0.0104996   2.11440897  1.71693695] - angle: -1.3529896307922087
2026-01-21 11:25:29,946 - position: [-0.01069356  2.1141448   1.71789587] - angle: -1.35274245029632
2026-01-21 11:25:30,164 - position: [-0.01183856  2.11588931  1.71869254] - angle: -1.352041661253017
2026-01-21 11:25:30,407 - position: [-0.01182513  2.11804533  1.71911657] - angle: -1.3521172279017288
2026-01-21 11:25:30,649 - position: [-0.01201352  2.11845303  1.71904647] - angle: -1.3524366579352791
2026-01-21 11:25:30,869 - position: [-0.01356774  2.12472296  1.71821284] - angle: -1.351018508024794
2026-01-21 11:25:31,105 - position: [-0.01513407  2.12766814  1.71699405] - angle: -1.3509861104666396
2026-01-21 11:25:31,310 - position: [-0.01772571  2.1304121   1.71645153] - angle: -1.3505471087029326
2026-01-21 11:25:31,514 - position: [-0.02065394  2.13236213  1.71629643] - angle: -1.3503472477358751
2026-01-21 11:25:31,748 - position: [-0.02132628  2.13150716  1.71480823] - angle: -1.3505080864081997
2026-01-21 11:25:31,951 - position: [-0.0197069   2.12820339  1.71337807] - angle: -1.3500372637273865
2026-01-21 11:25:32,210 - position: [-0.01400598  2.12035155  1.71257615] - angle: -1.3507077171597643
2026-01-21 11:25:32,459 - position: [-0.00712935  2.11127949  1.7135303 ] - angle: -1.3507839299531739
2026-01-21 11:25:32,752 - position: [-0.00498765  2.10456538  1.71740866] - angle: -1.3497376083487
2026-01-21 11:25:32,970 - position: [-0.00726462  2.10633445  1.72153449] - angle: -1.3495234691106708
2026-01-21 11:25:33,220 - position: [-0.01051591  2.11182046  1.72389209] - angle: -1.3496610213152227
2026-01-21 11:25:33,451 - position: [-0.01571697  2.12073827  1.72683477] - angle: -1.3490920805968503
2026-01-21 11:25:33,666 - position: [-0.02208875  2.12945747  1.72985077] - angle: -1.3487830943252455
2026-01-21 11:25:33,900 - position: [-0.02707112  2.13459039  1.73094189] - angle: -1.3447320537138623
2026-01-21 11:25:34,154 - position: [-0.02924081  2.13721395  1.7310034 ] - angle: -1.3446265235148278
2026-01-21 11:25:34,403 - position: [-0.04018416  2.14543319  1.72552466] - angle: -1.3435128682524544
2026-01-21 11:25:34,637 - position: [-0.04306039  2.1455636   1.71689796] - angle: -1.3430284591496875
