2026-01-21 11:38:43,784 - position: [ 0.10659563 -1.26324308  1.75785553]
2026-01-21 11:38:44,022 - position: [ 0.10756701 -1.26368189  1.75853932]
2026-01-21 11:38:44,232 - position: [ 0.10977039 -1.26660371  1.75907719]
2026-01-21 11:38:44,465 - position: [ 0.1100968  -1.26734853  1.75901556]
2026-01-21 11:38:44,707 - position: [ 0.10743879 -1.27126217  1.75975549]
2026-01-21 11:38:44,935 - position: [ 0.10358788 -1.27170551  1.76011097]
2026-01-21 11:38:45,193 - position: [ 0.09796123 -1.27740347  1.75915456]
2026-01-21 11:38:45,428 - position: [ 0.09382563 -1.28208447  1.76072371]
2026-01-21 11:38:45,665 - position: [ 0.08378786 -1.29397023  1.76942635]
2026-01-21 11:38:45,890 - position: [ 0.08454479 -1.30482292  1.77646828]
2026-01-21 11:38:46,129 - position: [ 0.08980165 -1.33175647  1.79271245]
2026-01-21 11:38:46,354 - position: [ 0.09357255 -1.3393892   1.79583609]
2026-01-21 11:38:46,594 - position: [ 0.09383664 -1.35701978  1.80000412]
2026-01-21 11:38:46,816 - position: [ 0.09383664 -1.35701978  1.80000412]
2026-01-21 11:38:47,058 - position: [ 0.08469123 -1.37130845  1.80312681]
2026-01-21 11:38:47,273 - position: [ 0.08566542 -1.37418699  1.80309999]
2026-01-21 11:38:47,507 - position: [ 0.09884322 -1.36510491  1.80216765]
2026-01-21 11:38:47,771 - position: [ 0.10832534 -1.35102642  1.79786265]
2026-01-21 11:38:48,005 - position: [ 0.1106504  -1.35638368  1.79945731]
2026-01-21 11:38:48,250 - position: [ 0.10574646 -1.36161256  1.80138636]
2026-01-21 11:38:48,488 - position: [ 0.09880682 -1.35325348  1.79931486]
2026-01-21 11:38:48,721 - position: [ 0.09910093 -1.35039687  1.79680598]
2026-01-21 11:38:48,942 - position: [ 0.09507482 -1.3397882   1.79574382]
2026-01-21 11:38:49,174 - position: [ 0.09507482 -1.3397882   1.79574382]
2026-01-21 11:38:49,386 - position: [ 0.11062552 -1.34729064  1.79650342]
2026-01-21 11:38:49,620 - position: [ 0.13018312 -1.3566128   1.80120146]
2026-01-21 11:38:49,868 - position: [ 0.12495274 -1.36118281  1.80403185]
2026-01-21 11:38:50,140 - position: [ 0.11568277 -1.36567318  1.80557275]
2026-01-21 11:38:50,377 - position: [ 0.10771067 -1.36130059  1.80367875]
2026-01-21 11:38:50,623 - position: [ 0.10574687 -1.36523724  1.80429685]
2026-01-21 11:38:50,862 - position: [ 0.10675653 -1.3688066   1.80510414]
2026-01-21 11:38:51,080 - position: [ 0.11730318 -1.35456288  1.80350065]
2026-01-21 11:38:51,300 - position: [ 0.11882543 -1.34638488  1.80277538]
2026-01-21 11:38:51,561 - position: [ 0.117267   -1.35036159  1.80376506]
2026-01-21 11:38:51,774 - position: [ 0.11796961 -1.35197902  1.80345404]
2026-01-21 11:38:52,000 - position: [ 0.11957441 -1.35386002  1.80348086]
2026-01-21 11:38:52,202 - position: [ 0.12316128 -1.35747492  1.80360413]
2026-01-21 11:38:52,451 - position: [ 0.12267015 -1.36850274  1.80418348]
2026-01-21 11:38:52,697 - position: [ 0.11815782 -1.37363946  1.80397737]
2026-01-21 11:38:52,920 - position: [ 0.11309624 -1.37260866  1.8038919 ]
2026-01-21 11:38:53,160 - position: [ 0.11269449 -1.37194836  1.80392122]
2026-01-21 11:38:53,396 - position: [ 0.11451582 -1.36749887  1.80396652]
2026-01-21 11:38:53,638 - position: [ 0.1149028  -1.36762047  1.80420125]
2026-01-21 11:38:53,893 - position: [ 0.11051966 -1.34561968  1.79925287]
2026-01-21 11:38:54,100 - position: [ 0.10958134 -1.3467499   1.79968238]
2026-01-21 11:38:54,361 - position: [ 0.11281434 -1.35432804  1.80172217]
2026-01-21 11:38:54,657 - position: [ 0.11476017 -1.3590045   1.80299294]
2026-01-21 11:38:54,897 - position: [ 0.11551154 -1.36003816  1.80295336]
2026-01-21 11:38:55,145 - position: [ 0.11394368 -1.37605381  1.80336869]
2026-01-21 11:38:55,379 - position: [ 0.1140313  -1.37634361  1.80389631]
2026-01-21 11:38:55,622 - position: [ 0.11920814 -1.36533451  1.80347943]
2026-01-21 11:38:55,838 - position: [ 0.11959229 -1.36157501  1.80274081]
2026-01-21 11:38:56,048 - position: [ 0.1183726  -1.35913944  1.80296612]
2026-01-21 11:38:56,290 - position: [ 0.110238   -1.35826039  1.80200207]
2026-01-21 11:38:56,512 - position: [ 0.1100117  -1.36016023  1.8024534 ]
2026-01-21 11:38:56,797 - position: [ 0.10917201 -1.36385214  1.80284476]
2026-01-21 11:38:57,030 - position: [ 0.10917201 -1.36385214  1.80284476]
2026-01-21 11:38:57,248 - position: [ 0.11296634 -1.36759281  1.80339324]
2026-01-21 11:38:57,480 - position: [ 0.11401589 -1.36788988  1.80318284]
2026-01-21 11:38:57,700 - position: [ 0.11535065 -1.36774516  1.80378067]
2026-01-21 11:38:57,962 - position: [ 0.11953039 -1.36789608  1.80470634]
2026-01-21 11:38:58,182 - position: [ 0.11857389 -1.36868441  1.80493104]
2026-01-21 11:38:58,423 - position: [ 0.11857389 -1.36868441  1.80493104]
2026-01-21 11:38:58,674 - position: [ 0.11857389 -1.36868441  1.80493104]
2026-01-21 11:38:58,923 - position: [ 0.10925246 -1.36646855  1.80322397]
2026-01-21 11:38:59,132 - position: [ 0.1018743  -1.36744678  1.80221677]
2026-01-21 11:38:59,359 - position: [ 0.09145533 -1.37753022  1.8021456 ]
2026-01-21 11:38:59,585 - position: [ 0.08697997 -1.38824856  1.80434728]
2026-01-21 11:38:59,796 - position: [ 0.08556782 -1.38589323  1.8052845 ]
2026-01-21 11:39:00,014 - position: [ 0.08553945 -1.38312399  1.80530274]
2026-01-21 11:39:00,255 - position: [ 0.08616349 -1.38143384  1.80474925]
2026-01-21 11:39:00,483 - position: [ 0.09285659 -1.37330389  1.80517864]
2026-01-21 11:39:00,703 - position: [ 0.09474912 -1.37235808  1.80539   ]
2026-01-21 11:39:00,958 - position: [ 0.08060551 -1.37829173  1.80652177]
2026-01-21 11:39:01,231 - position: [ 0.10042154 -1.38095903  1.80715847]
2026-01-21 11:39:01,464 - position: [ 0.10267422 -1.38028133  1.80706775]
2026-01-21 11:39:01,699 - position: [ 0.11636417 -1.35042679  1.8011899 ]
2026-01-21 11:39:01,915 - position: [ 0.11624868 -1.35566866  1.80324364]
2026-01-21 11:39:02,175 - position: [ 0.11624868 -1.35566866  1.80324364]
2026-01-21 11:39:02,408 - position: [ 0.10951126 -1.37254512  1.8056556 ]
2026-01-21 11:39:02,652 - position: [ 0.1108785  -1.37058139  1.80417049]
2026-01-21 11:39:02,882 - position: [ 0.11196049 -1.37179828  1.80343521]
2026-01-21 11:39:03,095 - position: [ 0.11196049 -1.37179828  1.80343521]
2026-01-21 11:39:03,303 - position: [ 0.11328051 -1.36931276  1.80174434]
2026-01-21 11:39:03,552 - position: [ 0.12087558 -1.37543678  1.80208516]
2026-01-21 11:39:03,771 - position: [ 0.12537393 -1.37586474  1.80278575]
2026-01-21 11:39:03,991 - position: [ 0.12932393 -1.36747611  1.80053318]
2026-01-21 11:39:04,210 - position: [ 0.13307476 -1.36304283  1.80018771]
2026-01-21 11:39:04,423 - position: [ 0.12984084 -1.36030447  1.80041218]
2026-01-21 11:39:04,674 - position: [ 0.12000747 -1.35561216  1.80026507]
2026-01-21 11:39:04,920 - position: [ 0.11839516 -1.35365283  1.79947245]
2026-01-21 11:39:05,137 - position: [ 0.11822093 -1.3511951   1.79980981]
2026-01-21 11:39:05,351 - position: [ 0.11118325 -1.34210622  1.79821932]
2026-01-21 11:39:05,575 - position: [ 0.10827256 -1.33771002  1.79766464]
2026-01-21 11:39:05,813 - position: [ 0.10825735 -1.3371942   1.7975359 ]
2026-01-21 11:39:06,084 - position: [ 0.11759771 -1.33948112  1.79748654]
2026-01-21 11:39:06,319 - position: [ 0.12782818 -1.34721541  1.79804432]
2026-01-21 11:39:06,532 - position: [ 0.12731373 -1.35795939  1.79878807]
2026-01-21 11:39:06,781 - position: [ 0.12177251 -1.36316824  1.79995465]
2026-01-21 11:39:06,987 - position: [ 0.12020353 -1.37695074  1.80332577]
2026-01-21 11:39:07,211 - position: [ 0.121962   -1.38053119  1.80356026]
2026-01-21 11:39:07,448 - position: [ 0.12130412 -1.38508713  1.80387282]
2026-01-21 11:39:07,716 - position: [ 0.11971037 -1.38806641  1.8041749 ]
2026-01-21 11:39:07,974 - position: [ 0.12037754 -1.38307047  1.8049053 ]
2026-01-21 11:39:08,207 - position: [ 0.12037754 -1.38307047  1.8049053 ]
2026-01-21 11:39:08,448 - position: [ 0.12290978 -1.36758578  1.80342579]
2026-01-21 11:39:08,657 - position: [ 0.12114768 -1.36653805  1.8025471 ]
2026-01-21 11:39:08,877 - position: [ 0.12022705 -1.36954308  1.80246627]
2026-01-21 11:39:09,088 - position: [ 0.11496249 -1.36821949  1.79992986]
2026-01-21 11:39:09,372 - position: [ 0.11976761 -1.37380052  1.80155504]
2026-01-21 11:39:09,633 - position: [ 0.12486383 -1.37354553  1.80158758]
2026-01-21 11:39:09,855 - position: [ 0.13046795 -1.3700763   1.80168998]
2026-01-21 11:39:10,075 - position: [ 0.12525593 -1.36387384  1.80007553]
2026-01-21 11:39:10,339 - position: [ 0.12409813 -1.35999298  1.79942286]
2026-01-21 11:39:10,561 - position: [ 0.12277383 -1.36305106  1.80084383]
2026-01-21 11:39:10,799 - position: [ 0.11983346 -1.3620975   1.80085635]
2026-01-21 11:39:11,040 - position: [ 0.11698851 -1.36168718  1.8012048 ]
2026-01-21 11:39:11,265 - position: [ 0.11836518 -1.36373222  1.80131531]
2026-01-21 11:39:11,514 - position: [ 0.1202723  -1.36570513  1.80208588]
2026-01-21 11:39:11,752 - position: [ 0.12112611 -1.36527181  1.80161357]
2026-01-21 11:39:11,969 - position: [ 0.12140054 -1.36603618  1.80143654]
2026-01-21 11:39:12,239 - position: [ 0.11971021 -1.36029875  1.80143332]
2026-01-21 11:39:12,508 - position: [ 0.11907356 -1.36122501  1.80164933]
2026-01-21 11:39:12,749 - position: [ 0.12111676 -1.35943687  1.80177593]
2026-01-21 11:39:13,064 - position: [ 0.12166869 -1.35540521  1.80121112]
2026-01-21 11:39:13,277 - position: [ 0.12158757 -1.35518706  1.80122471]
2026-01-21 11:39:13,496 - position: [ 0.11974473 -1.35472667  1.80124736]
2026-01-21 11:39:13,762 - position: [ 0.11984532 -1.35074615  1.80073202]
2026-01-21 11:39:13,979 - position: [ 0.11784805 -1.35387766  1.80206978]
2026-01-21 11:39:14,235 - position: [ 0.11508472 -1.35071504  1.80124688]
2026-01-21 11:39:14,482 - position: [ 0.11313469 -1.351987    1.80168545]
2026-01-21 11:39:14,732 - position: [ 0.11273357 -1.35254109  1.80136716]
2026-01-21 11:39:14,982 - position: [ 0.10874443 -1.35498583  1.80140066]
2026-01-21 11:39:15,231 - position: [ 0.10831914 -1.35335898  1.80158007]
2026-01-21 11:39:15,480 - position: [ 0.10973421 -1.35157597  1.80101502]
2026-01-21 11:39:15,697 - position: [ 0.11002873 -1.35150623  1.80116534]
2026-01-21 11:39:15,937 - position: [ 0.11350535 -1.35258818  1.8011452 ]
2026-01-21 11:39:16,173 - position: [ 0.11517907 -1.35538292  1.80138516]
2026-01-21 11:39:16,402 - position: [ 0.11752442 -1.3561573   1.80134976]
2026-01-21 11:39:16,634 - position: [ 0.11812561 -1.35468554  1.8003608 ]
2026-01-21 11:39:16,866 - position: [ 0.11584517 -1.35290515  1.80048728]
2026-01-21 11:39:17,108 - position: [ 0.11423271 -1.35232878  1.80083179]
2026-01-21 11:39:17,347 - position: [ 0.11327557 -1.34943366  1.800771  ]
2026-01-21 11:39:17,561 - position: [ 0.11756049 -1.34607983  1.80085146]
2026-01-21 11:39:17,814 - position: [ 0.11912934 -1.34359646  1.79983258]
2026-01-21 11:39:18,029 - position: [ 0.11946836 -1.34333825  1.79983425]
2026-01-21 11:39:18,275 - position: [ 0.11925328 -1.34841573  1.80090368]
2026-01-21 11:39:18,492 - position: [ 0.11937708 -1.3485961   1.80054498]
2026-01-21 11:39:18,703 - position: [ 0.11922842 -1.34909725  1.80053389]
2026-01-21 11:39:18,921 - position: [ 0.11693515 -1.34969056  1.79984736]
2026-01-21 11:39:19,155 - position: [ 0.11357657 -1.35297418  1.80059278]
2026-01-21 11:39:19,392 - position: [ 0.11315848 -1.3526969   1.800583  ]
2026-01-21 11:39:19,599 - position: [ 0.11234383 -1.35175717  1.80055642]
2026-01-21 11:39:19,831 - position: [ 0.11234383 -1.35175717  1.80055642]
2026-01-21 11:39:20,048 - position: [ 0.11626912 -1.34263515  1.79991317]
2026-01-21 11:39:20,258 - position: [ 0.11504339 -1.34767854  1.79970479]
2026-01-21 11:39:20,485 - position: [ 0.11175698 -1.35471249  1.80054045]
2026-01-21 11:39:20,695 - position: [ 0.10801554 -1.35919905  1.80090606]
2026-01-21 11:39:20,918 - position: [ 0.10568111 -1.36499     1.8014245 ]
2026-01-21 11:39:21,188 - position: [ 0.11002363 -1.36972833  1.80119455]
2026-01-21 11:39:21,439 - position: [ 0.11430454 -1.36920738  1.80110145]
2026-01-21 11:39:21,651 - position: [ 0.11228567 -1.37013447  1.8011651 ]
2026-01-21 11:39:21,911 - position: [ 0.10558785 -1.37727737  1.80241859]
2026-01-21 11:39:22,126 - position: [ 0.0983645  -1.37939501  1.80328345]
2026-01-21 11:39:22,374 - position: [ 0.08869722 -1.38110983  1.80343759]
2026-01-21 11:39:22,658 - position: [ 0.08869722 -1.38110983  1.80343759]
2026-01-21 11:39:22,878 - position: [ 0.09628186 -1.37861311  1.8032409 ]
2026-01-21 11:39:23,102 - position: [ 0.09819379 -1.38185239  1.80364251]
2026-01-21 11:39:23,352 - position: [ 0.11741674 -1.39259923  1.80597925]
2026-01-21 11:39:23,575 - position: [ 0.12627377 -1.38854539  1.80571103]
2026-01-21 11:39:23,805 - position: [ 0.13607334 -1.37999463  1.80234683]
2026-01-21 11:39:24,040 - position: [ 0.12364238 -1.38839507  1.80377829]
2026-01-21 11:39:24,261 - position: [ 0.12168807 -1.38890898  1.80422914]
2026-01-21 11:39:24,513 - position: [ 0.11708964 -1.38454187  1.80333602]
2026-01-21 11:39:24,831 - position: [ 0.12329044 -1.38173175  1.80354083]
2026-01-21 11:39:25,057 - position: [ 0.12329044 -1.38173175  1.80354083]
2026-01-21 11:39:25,316 - position: [ 0.12465744 -1.36597276  1.80215871]
2026-01-21 11:39:25,531 - position: [ 0.12074023 -1.36232507  1.80158651]
2026-01-21 11:39:25,789 - position: [ 0.11718273 -1.36204517  1.80145562]
2026-01-21 11:39:26,034 - position: [ 0.11849737 -1.36487985  1.80155706]
2026-01-21 11:39:26,250 - position: [ 0.11728615 -1.35761595  1.80146289]
2026-01-21 11:39:26,532 - position: [ 0.1370246  -1.35850465  1.80113864]
2026-01-21 11:39:26,738 - position: [ 0.1376535  -1.35788167  1.80160022]
2026-01-21 11:39:27,004 - position: [ 0.13942747 -1.35521722  1.80093622]
2026-01-21 11:39:27,212 - position: [ 0.13204964 -1.35305166  1.80073786]
2026-01-21 11:39:27,414 - position: [ 0.1270113  -1.35649896  1.80172706]
2026-01-21 11:39:27,652 - position: [ 0.12503156 -1.35991824  1.80149591]
2026-01-21 11:39:27,884 - position: [ 0.12338342 -1.36131716  1.80191016]
2026-01-21 11:39:28,202 - position: [ 0.12053528 -1.36613488  1.80281985]
2026-01-21 11:39:28,409 - position: [ 0.11566675 -1.36220372  1.8016324 ]
2026-01-21 11:39:28,701 - position: [ 0.11641861 -1.35521424  1.8005867 ]
2026-01-21 11:39:28,947 - position: [ 0.11684857 -1.35377419  1.80059195]
2026-01-21 11:39:29,156 - position: [ 0.1185068  -1.35318267  1.80059588]
2026-01-21 11:39:29,363 - position: [ 0.12410276 -1.35562098  1.80117476]
2026-01-21 11:39:29,621 - position: [ 0.12285998 -1.35840118  1.80069208]
2026-01-21 11:39:29,874 - position: [ 0.11525334 -1.36457872  1.80056536]
2026-01-21 11:39:30,100 - position: [ 0.11545822 -1.36387014  1.80050445]
2026-01-21 11:39:30,351 - position: [ 0.11256532 -1.36162281  1.79974449]
2026-01-21 11:39:30,597 - position: [ 0.11458673 -1.36076832  1.79857183]
2026-01-21 11:39:30,836 - position: [ 0.1180574  -1.36448252  1.79943049]
2026-01-21 11:39:31,070 - position: [ 0.12234463 -1.3657459   1.79942286]
2026-01-21 11:39:31,297 - position: [ 0.12423382 -1.36038721  1.79849505]
2026-01-21 11:39:31,618 - position: [ 0.12714702 -1.3587389   1.79970551]
2026-01-21 11:39:31,874 - position: [ 0.12687631 -1.36794186  1.80317259]
2026-01-21 11:39:32,106 - position: [ 0.12540068 -1.37184644  1.80431128]
2026-01-21 11:39:32,375 - position: [ 0.12088448 -1.37699151  1.80628061]
2026-01-21 11:39:32,632 - position: [ 0.11421391 -1.37064064  1.80595267]
2026-01-21 11:39:32,918 - position: [ 0.11869432 -1.35839987  1.80377758]
2026-01-21 11:39:33,151 - position: [ 0.11931154 -1.3567524   1.80329394]
2026-01-21 11:39:33,418 - position: [ 0.11519205 -1.35476398  1.80253482]
2026-01-21 11:39:33,644 - position: [ 0.11501057 -1.35441089  1.80257046]
2026-01-21 11:39:33,889 - position: [ 0.11152667 -1.35533369  1.80367482]
2026-01-21 11:39:34,092 - position: [ 0.11255409 -1.35280955  1.8026644 ]
2026-01-21 11:39:34,315 - position: [ 0.10848547 -1.34882605  1.80123007]
2026-01-21 11:39:34,550 - position: [ 0.08975015 -1.34124696  1.794137  ]
2026-01-21 11:39:34,772 - position: [ 0.08984392 -1.34533393  1.79347575]
2026-01-21 11:39:35,005 - position: [ 0.11641061 -1.35888374  1.80004954]
2026-01-21 11:39:35,222 - position: [ 0.11795125 -1.35842264  1.79985976]
2026-01-21 11:39:35,428 - position: [ 0.12601    -1.36555266  1.80175781]
2026-01-21 11:39:35,635 - position: [ 0.12906949 -1.36727917  1.80152416]
2026-01-21 11:39:35,857 - position: [ 0.12270302 -1.36236811  1.8009938 ]
2026-01-21 11:39:36,073 - position: [ 0.11602913 -1.35778534  1.80121958]
2026-01-21 11:39:36,392 - position: [ 0.12016879 -1.35389006  1.80124724]
2026-01-21 11:39:36,634 - position: [ 0.12394214 -1.3609513   1.80193007]
2026-01-21 11:39:36,841 - position: [ 0.12871078 -1.36387181  1.80196095]
2026-01-21 11:39:37,053 - position: [ 0.12897751 -1.36656654  1.80241251]
2026-01-21 11:39:37,260 - position: [ 0.12795214 -1.36839485  1.8020575 ]
2026-01-21 11:39:37,461 - position: [ 0.12622477 -1.37012339  1.80213785]
2026-01-21 11:39:37,716 - position: [ 0.12152963 -1.37735832  1.8029511 ]
2026-01-21 11:39:37,953 - position: [ 0.11904885 -1.37759745  1.80309284]
2026-01-21 11:39:38,209 - position: [ 0.12111471 -1.37412381  1.80283463]
2026-01-21 11:39:38,462 - position: [ 0.12161823 -1.37341356  1.80319631]
2026-01-21 11:39:38,679 - position: [ 0.11914393 -1.37478769  1.8036921 ]
2026-01-21 11:39:38,894 - position: [ 0.11762789 -1.37524152  1.80387425]
2026-01-21 11:39:39,103 - position: [ 0.11586402 -1.37508011  1.8039887 ]
2026-01-21 11:39:39,355 - position: [ 0.11322496 -1.36847425  1.80359054]
2026-01-21 11:39:39,615 - position: [ 0.11406447 -1.36829019  1.80334246]
2026-01-21 11:39:39,865 - position: [ 0.1140728  -1.36795378  1.80340254]
2026-01-21 11:39:40,104 - position: [ 0.11617567 -1.36637807  1.803442  ]
2026-01-21 11:39:40,348 - position: [ 0.11914048 -1.36263072  1.80251372]
2026-01-21 11:39:40,572 - position: [ 0.1203948  -1.35976744  1.80217183]
2026-01-21 11:39:40,870 - position: [ 0.11864063 -1.35429692  1.8014735 ]
2026-01-21 11:39:41,136 - position: [ 0.11560712 -1.34881425  1.80090535]
2026-01-21 11:39:41,414 - position: [ 0.11314871 -1.34487629  1.80066085]
2026-01-21 11:39:41,656 - position: [ 0.11570547 -1.34718513  1.80137038]
2026-01-21 11:39:41,888 - position: [ 0.1196005  -1.3489337   1.80089808]
2026-01-21 11:39:42,119 - position: [ 0.12091237 -1.34860528  1.80085492]
2026-01-21 11:39:42,366 - position: [ 0.1213727  -1.3486042   1.80107939]
2026-01-21 11:39:42,645 - position: [ 0.12169439 -1.34879982  1.80110264]
2026-01-21 11:39:42,909 - position: [ 0.12051115 -1.34782827  1.80074537]
2026-01-21 11:39:43,150 - position: [ 0.12008867 -1.34804261  1.80100238]
2026-01-21 11:39:43,408 - position: [ 0.11869912 -1.34841609  1.80132854]
2026-01-21 11:39:43,627 - position: [ 0.11778257 -1.34957039  1.8009795 ]
2026-01-21 11:39:43,854 - position: [ 0.11648928 -1.35368574  1.80128253]
2026-01-21 11:39:44,098 - position: [ 0.11569754 -1.35652959  1.80111825]
2026-01-21 11:39:44,312 - position: [ 0.11575668 -1.35644543  1.80097103]
2026-01-21 11:39:44,532 - position: [ 0.11618342 -1.35700154  1.80067778]
2026-01-21 11:39:44,776 - position: [ 0.11457383 -1.36185765  1.80138564]
2026-01-21 11:39:45,061 - position: [ 0.10906386 -1.36230755  1.80095303]
2026-01-21 11:39:45,292 - position: [ 0.10906386 -1.36230755  1.80095303]
2026-01-21 11:39:45,503 - position: [ 0.10906386 -1.36230755  1.80095303]
2026-01-21 11:39:45,750 - position: [ 0.09707737 -1.37726879  1.80168533]
2026-01-21 11:39:45,983 - position: [ 0.09200316 -1.37626004  1.80257893]
2026-01-21 11:39:46,251 - position: [ 0.0938192  -1.37509024  1.80241919]
2026-01-21 11:39:46,498 - position: [ 0.09289736 -1.37860298  1.80194652]
2026-01-21 11:39:46,723 - position: [ 0.09738882 -1.37879956  1.8031764 ]
2026-01-21 11:39:46,989 - position: [ 0.09806383 -1.38570476  1.80418622]
2026-01-21 11:39:47,241 - position: [ 0.10883013 -1.38691866  1.80555451]
2026-01-21 11:39:47,449 - position: [ 0.11306302 -1.3810631   1.80485404]
2026-01-21 11:39:47,660 - position: [ 0.12374705 -1.36547601  1.80279064]
2026-01-21 11:39:47,952 - position: [ 0.11387925 -1.3663007   1.80290008]
2026-01-21 11:39:48,182 - position: [ 0.10892203 -1.37260711  1.80296552]
2026-01-21 11:39:48,411 - position: [ 0.11557517 -1.37888062  1.80347097]
2026-01-21 11:39:48,675 - position: [ 0.12126184 -1.38187611  1.80336583]
2026-01-21 11:39:48,894 - position: [ 0.12258335 -1.37998414  1.80323625]
2026-01-21 11:39:49,130 - position: [ 0.12546052 -1.37728786  1.80323744]
2026-01-21 11:39:49,362 - position: [ 0.12934701 -1.37268353  1.80154181]
2026-01-21 11:39:49,565 - position: [ 0.12648545 -1.37810385  1.80251873]
2026-01-21 11:39:49,771 - position: [ 0.12215824 -1.3806417   1.80280721]
2026-01-21 11:39:50,025 - position: [ 0.11270478 -1.379035    1.80221403]
2026-01-21 11:39:50,248 - position: [ 0.11441252 -1.38263619  1.8027792 ]
2026-01-21 11:39:50,478 - position: [ 0.11598749 -1.38494217  1.80246532]
2026-01-21 11:39:50,715 - position: [ 0.11202855 -1.38057148  1.8016609 ]
2026-01-21 11:39:50,954 - position: [ 0.10710075 -1.37675345  1.80104113]
2026-01-21 11:39:51,207 - position: [ 0.10602339 -1.37581909  1.8013798 ]
2026-01-21 11:39:51,408 - position: [ 0.11022374 -1.37447309  1.80120277]
2026-01-21 11:39:51,650 - position: [ 0.11419442 -1.37070072  1.80066395]
2026-01-21 11:39:51,883 - position: [ 0.11736784 -1.36449742  1.79964674]
2026-01-21 11:39:52,094 - position: [ 0.12068561 -1.36057556  1.79967427]
2026-01-21 11:39:52,300 - position: [ 0.12152603 -1.35969651  1.79939091]
2026-01-21 11:39:52,523 - position: [ 0.11964807 -1.36775732  1.80180228]
2026-01-21 11:39:52,736 - position: [ 0.12022127 -1.36882317  1.80256903]
2026-01-21 11:39:52,996 - position: [ 0.11924195 -1.36555874  1.80125082]
2026-01-21 11:39:53,241 - position: [ 0.11770999 -1.36146474  1.79987037]
2026-01-21 11:39:53,478 - position: [ 0.11549219 -1.36694956  1.80082226]
2026-01-21 11:39:53,682 - position: [ 0.11697249 -1.36851704  1.80010021]
2026-01-21 11:39:53,902 - position: [ 0.11355647 -1.37508225  1.80151606]
2026-01-21 11:39:54,134 - position: [ 0.11356086 -1.37293124  1.80084944]
2026-01-21 11:39:54,366 - position: [ 0.11100353 -1.3725605   1.80089533]
2026-01-21 11:39:54,589 - position: [ 0.11013597 -1.37061608  1.80038691]
2026-01-21 11:39:54,795 - position: [ 0.111684   -1.37177539  1.80034435]
2026-01-21 11:39:55,022 - position: [ 0.11788748 -1.37825835  1.80209088]
2026-01-21 11:39:55,234 - position: [ 0.12202936 -1.37982845  1.80242324]
2026-01-21 11:39:55,464 - position: [ 0.12512264 -1.37853622  1.80229867]
2026-01-21 11:39:55,692 - position: [ 0.1261923  -1.3682034   1.80009305]
2026-01-21 11:39:56,024 - position: [ 0.12799928 -1.35364449  1.79716492]
2026-01-21 11:39:56,260 - position: [ 0.12946722 -1.35264945  1.7983427 ]
2026-01-21 11:39:56,558 - position: [ 0.12924902 -1.3543179   1.79803157]
2026-01-21 11:39:56,774 - position: [ 0.13130304 -1.37400997  1.80305767]
2026-01-21 11:39:57,061 - position: [ 0.13600065 -1.36765814  1.80031729]
2026-01-21 11:39:57,274 - position: [ 0.14019391 -1.36759484  1.80038464]
2026-01-21 11:39:57,502 - position: [ 0.13775131 -1.3647759   1.7999512 ]
2026-01-21 11:39:57,732 - position: [ 0.13348395 -1.36769402  1.79958892]
2026-01-21 11:39:57,965 - position: [ 0.13262351 -1.37320697  1.80001402]
2026-01-21 11:39:58,206 - position: [ 0.13152482 -1.37413025  1.7997278 ]
2026-01-21 11:39:58,564 - position: [ 0.13184859 -1.38553071  1.80267906]
2026-01-21 11:39:58,884 - position: [ 0.1322868  -1.37981224  1.80198634]
2026-01-21 11:39:59,131 - position: [ 0.13194497 -1.37593031  1.80134034]
2026-01-21 11:39:59,455 - position: [ 0.13057141 -1.37355602  1.80142868]
2026-01-21 11:39:59,716 - position: [ 0.12878779 -1.37047684  1.80133617]
2026-01-21 11:39:59,939 - position: [ 0.12837002 -1.36522508  1.80065918]
2026-01-21 11:40:00,152 - position: [ 0.12701096 -1.36384964  1.80116177]
2026-01-21 11:40:00,395 - position: [ 0.12541959 -1.36301601  1.80055511]
2026-01-21 11:40:00,643 - position: [ 0.12460978 -1.36229455  1.80055928]
2026-01-21 11:40:00,880 - position: [ 0.1235268  -1.36180341  1.80068445]
2026-01-21 11:40:01,130 - position: [ 0.12435456 -1.3604424   1.80044913]
2026-01-21 11:40:01,358 - position: [ 0.12320634 -1.364694    1.80070126]
2026-01-21 11:40:01,632 - position: [ 0.12327296 -1.36774302  1.80080962]
2026-01-21 11:40:01,895 - position: [ 0.1242005  -1.36874521  1.80145454]
2026-01-21 11:40:02,107 - position: [ 0.12417371 -1.36285806  1.80007374]
2026-01-21 11:40:02,334 - position: [ 0.1239799  -1.3625021   1.80024827]
2026-01-21 11:40:02,566 - position: [ 0.12229487 -1.36109221  1.79947674]
2026-01-21 11:40:02,804 - position: [ 0.12146982 -1.36257803  1.79933274]
2026-01-21 11:40:03,030 - position: [ 0.11868505 -1.36856389  1.80058789]
2026-01-21 11:40:03,255 - position: [ 0.11741016 -1.37229741  1.80013335]
2026-01-21 11:40:03,498 - position: [ 0.11710497 -1.37919891  1.79968417]
2026-01-21 11:40:03,726 - position: [ 0.11689584 -1.37909162  1.79971492]
2026-01-21 11:40:03,941 - position: [ 0.11579642 -1.37783945  1.79954588]
2026-01-21 11:40:04,154 - position: [ 0.11579642 -1.37783945  1.79954588]
2026-01-21 11:40:04,420 - position: [ 0.12092067 -1.37758589  1.80108714]
2026-01-21 11:40:04,644 - position: [ 0.12331227 -1.37120724  1.80024898]
2026-01-21 11:40:04,866 - position: [ 0.1241703  -1.36894512  1.80062938]
2026-01-21 11:40:05,086 - position: [ 0.12719275 -1.36532938  1.80061841]
2026-01-21 11:40:05,293 - position: [ 0.12688844 -1.36419499  1.8002733 ]
2026-01-21 11:40:05,554 - position: [ 0.12643385 -1.36585045  1.80053425]
2026-01-21 11:40:05,765 - position: [ 0.1262462  -1.36830831  1.80058634]
2026-01-21 11:40:05,990 - position: [ 0.12652621 -1.37011957  1.80068552]
2026-01-21 11:40:06,264 - position: [ 0.12457025 -1.36680865  1.80128872]
2026-01-21 11:40:06,483 - position: [ 0.12292494 -1.36214447  1.8004179 ]
2026-01-21 11:40:06,696 - position: [ 0.12038276 -1.35611939  1.79996419]
2026-01-21 11:40:06,968 - position: [ 0.11800776 -1.35247302  1.8003341 ]
2026-01-21 11:40:07,208 - position: [ 0.11644948 -1.35450673  1.80114412]
2026-01-21 11:40:07,514 - position: [ 0.11711301 -1.35420012  1.80100131]
2026-01-21 11:40:07,728 - position: [ 0.12362189 -1.35449958  1.80096674]
2026-01-21 11:40:07,988 - position: [ 0.12466104 -1.35482466  1.80083358]
2026-01-21 11:40:08,211 - position: [ 0.11887979 -1.35007179  1.79851377]
2026-01-21 11:40:08,431 - position: [ 0.10697128 -1.34618437  1.79464126]
2026-01-21 11:40:08,678 - position: [ 0.0886605  -1.35414648  1.79176152]
2026-01-21 11:40:08,987 - position: [ 0.06973537 -1.35358834  1.78475642]
2026-01-21 11:40:09,198 - position: [ 0.07006128 -1.3533591   1.78008687]
2026-01-21 11:40:09,423 - position: [ 0.08046912 -1.36707032  1.78919017]
2026-01-21 11:40:09,636 - position: [ 0.08010514 -1.37349784  1.7923404 ]
2026-01-21 11:40:09,848 - position: [ 0.09100498 -1.36243761  1.78761685]
2026-01-21 11:40:10,070 - position: [ 0.09185673 -1.34743428  1.78396714]
2026-01-21 11:40:10,309 - position: [ 0.08737114 -1.34518087  1.7941159 ]
2026-01-21 11:40:10,587 - position: [ 0.11423148 -1.38693643  1.80656135]
2026-01-21 11:40:10,841 - position: [ 0.13491957 -1.36640215  1.80761802]
2026-01-21 11:40:11,091 - position: [ 0.13593793 -1.35064721  1.8065244 ]
2026-01-21 11:40:11,318 - position: [ 0.13634706 -1.34046257  1.80496264]
2026-01-21 11:40:11,528 - position: [ 0.13634706 -1.34046257  1.80496264]
2026-01-21 11:40:11,739 - position: [ 0.12250006 -1.36773705  1.81012833]
2026-01-21 11:40:11,959 - position: [ 0.12061108 -1.37120628  1.81127369]
2026-01-21 11:40:12,183 - position: [ 0.11471001 -1.37007308  1.81108797]
2026-01-21 11:40:12,388 - position: [ 0.11923786 -1.36602974  1.80926669]
2026-01-21 11:40:12,642 - position: [ 0.11838605 -1.37685537  1.80895901]
2026-01-21 11:40:12,850 - position: [ 0.1221804  -1.39614081  1.80882192]
2026-01-21 11:40:13,062 - position: [ 0.11464997 -1.39692914  1.80905044]
2026-01-21 11:40:13,325 - position: [ 0.11050867 -1.39266431  1.80718815]
2026-01-21 11:40:13,604 - position: [ 0.11050607 -1.39159381  1.80717814]
2026-01-21 11:40:13,821 - position: [ 0.11358471 -1.39325416  1.80674827]
2026-01-21 11:40:14,049 - position: [ 0.11566261 -1.39993703  1.80846584]
2026-01-21 11:40:14,285 - position: [ 0.11411711 -1.41454983  1.80999625]
2026-01-21 11:40:14,511 - position: [ 0.13441388 -1.39688861  1.80802584]
2026-01-21 11:40:14,772 - position: [ 0.13081387 -1.37616193  1.80557287]
2026-01-21 11:40:15,023 - position: [ 0.12299058 -1.36696196  1.80456674]
2026-01-21 11:40:15,281 - position: [ 0.12100266 -1.36302996  1.80382121]
2026-01-21 11:40:15,485 - position: [ 0.12164828 -1.3699913   1.80554473]
2026-01-21 11:40:15,737 - position: [ 0.11903977 -1.37407041  1.80463707]
2026-01-21 11:40:16,058 - position: [ 0.10938804 -1.37009215  1.80269194]
2026-01-21 11:40:16,312 - position: [ 0.10023982 -1.37089479  1.79912269]
2026-01-21 11:40:16,634 - position: [ 0.10406286 -1.3710779   1.79978466]
2026-01-21 11:40:16,842 - position: [ 0.11308734 -1.38075876  1.80168557]
2026-01-21 11:40:17,063 - position: [ 0.12165909 -1.39342046  1.80389154]
2026-01-21 11:40:17,270 - position: [ 0.12409456 -1.39638746  1.80420148]
2026-01-21 11:40:17,556 - position: [ 0.12592125 -1.39786589  1.80527556]
2026-01-21 11:40:17,783 - position: [ 0.11421961 -1.38024116  1.80349183]
2026-01-21 11:40:18,010 - position: [ 0.11153243 -1.36653411  1.80205941]
2026-01-21 11:40:18,228 - position: [ 0.10265539 -1.36080575  1.80037558]
2026-01-21 11:40:18,454 - position: [ 0.10158749 -1.35694635  1.79955924]
2026-01-21 11:40:18,703 - position: [ 0.11068034 -1.3578428   1.80048048]
2026-01-21 11:40:18,939 - position: [ 0.10981595 -1.35146868  1.7993145 ]
2026-01-21 11:40:19,157 - position: [ 0.11115566 -1.35020959  1.79947913]
2026-01-21 11:40:19,386 - position: [ 0.11474415 -1.35086894  1.80020797]
2026-01-21 11:40:19,632 - position: [ 0.11635265 -1.35084784  1.80076826]
2026-01-21 11:40:19,884 - position: [ 0.1041316  -1.34808707  1.80076838]
2026-01-21 11:40:20,103 - position: [ 0.10624748 -1.35225487  1.80275536]
2026-01-21 11:40:20,337 - position: [ 0.1108745  -1.34524441  1.80106449]
2026-01-21 11:40:20,580 - position: [ 0.12023783 -1.35129642  1.80093467]
2026-01-21 11:40:20,797 - position: [ 0.11775541 -1.34765935  1.80013263]
2026-01-21 11:40:21,030 - position: [ 0.11775541 -1.34765935  1.80013263]
2026-01-21 11:40:21,233 - position: [ 0.1156977  -1.34656763  1.7992115 ]
2026-01-21 11:40:21,467 - position: [ 0.11351278 -1.35057747  1.7992394 ]
2026-01-21 11:40:21,691 - position: [ 0.11128216 -1.34732068  1.79865968]
2026-01-21 11:40:21,917 - position: [ 0.10910222 -1.34573615  1.79844618]
2026-01-21 11:40:22,162 - position: [ 0.10180509 -1.34746373  1.79852557]
2026-01-21 11:40:22,373 - position: [ 0.10655534 -1.34988499  1.79765582]
2026-01-21 11:40:22,595 - position: [ 0.10837839 -1.36045754  1.80243301]
2026-01-21 11:40:22,819 - position: [ 0.1080174  -1.36533391  1.80210257]
2026-01-21 11:40:23,062 - position: [ 0.10956293 -1.36371553  1.80123472]
2026-01-21 11:40:23,322 - position: [ 0.10465712 -1.36792254  1.80265892]
2026-01-21 11:40:23,559 - position: [ 0.10733437 -1.36663568  1.80179012]
2026-01-21 11:40:23,831 - position: [ 0.10716356 -1.36697602  1.80034661]
2026-01-21 11:40:24,149 - position: [ 0.10669982 -1.36762822  1.79988515]
2026-01-21 11:40:24,366 - position: [ 0.10668423 -1.37680566  1.80032933]
2026-01-21 11:40:24,599 - position: [ 0.10713287 -1.37620091  1.8002938 ]
2026-01-21 11:40:24,858 - position: [ 0.10891484 -1.37223053  1.79976416]
2026-01-21 11:40:25,076 - position: [ 0.11107601 -1.3692596   1.79911649]
2026-01-21 11:40:25,324 - position: [ 0.10766163 -1.36540747  1.79803813]
2026-01-21 11:40:25,548 - position: [ 0.11202507 -1.36779118  1.79973471]
2026-01-21 11:40:25,770 - position: [ 0.11928971 -1.3781985   1.80143738]
2026-01-21 11:40:26,028 - position: [ 0.11819343 -1.37086082  1.8001287 ]
2026-01-21 11:40:26,272 - position: [ 0.11500292 -1.36427784  1.7995702 ]
2026-01-21 11:40:26,556 - position: [ 0.11421364 -1.36217999  1.8000344 ]
2026-01-21 11:40:26,794 - position: [ 0.11434963 -1.36667001  1.80102885]
2026-01-21 11:40:27,024 - position: [ 0.11461022 -1.37144887  1.8021692 ]
2026-01-21 11:40:27,289 - position: [ 0.11182269 -1.37793982  1.80212951]
2026-01-21 11:40:27,533 - position: [ 0.11021933 -1.37618184  1.80255401]
2026-01-21 11:40:27,744 - position: [ 0.10924256 -1.37201917  1.80149424]
2026-01-21 11:40:28,057 - position: [ 0.10959204 -1.37112606  1.80080855]
2026-01-21 11:40:28,297 - position: [ 0.10831679 -1.3746016   1.80156839]
2026-01-21 11:40:28,547 - position: [ 0.10629024 -1.37205136  1.79939246]
2026-01-21 11:40:28,797 - position: [ 0.11306354 -1.38534617  1.80321515]
2026-01-21 11:40:29,029 - position: [ 0.1278713  -1.3841306   1.80242014]
2026-01-21 11:40:29,275 - position: [ 0.12482597 -1.37673521  1.80225921]
2026-01-21 11:40:29,541 - position: [ 0.12084675 -1.36153567  1.79978204]
2026-01-21 11:40:29,754 - position: [ 0.11199658 -1.35976243  1.7995683 ]
2026-01-21 11:40:29,979 - position: [ 0.11347963 -1.35547912  1.79968011]
2026-01-21 11:40:30,244 - position: [ 0.11525407 -1.3531878   1.79988968]
2026-01-21 11:40:30,498 - position: [ 0.11889422 -1.36177194  1.80000019]
2026-01-21 11:40:30,758 - position: [ 0.11882976 -1.36733544  1.80094397]
2026-01-21 11:40:31,009 - position: [ 0.11829749 -1.36003149  1.79987204]
2026-01-21 11:40:31,241 - position: [ 0.11854608 -1.35873675  1.79970479]
2026-01-21 11:40:31,486 - position: [ 0.1200464  -1.35832596  1.79953969]
2026-01-21 11:40:31,786 - position: [ 0.12261856 -1.36356926  1.80124855]
2026-01-21 11:40:32,057 - position: [ 0.1224779  -1.36330807  1.80199051]
2026-01-21 11:40:32,281 - position: [ 0.12755848 -1.35101366  1.80135572]
2026-01-21 11:40:32,493 - position: [ 0.13049912 -1.34904385  1.80103719]
2026-01-21 11:40:32,712 - position: [ 0.13187447 -1.34919333  1.80120957]
2026-01-21 11:40:32,957 - position: [ 0.13369313 -1.34866154  1.80127501]
2026-01-21 11:40:33,183 - position: [ 0.13665587 -1.34668946  1.80159926]
2026-01-21 11:40:33,468 - position: [ 0.1354668  -1.34656334  1.80117834]
2026-01-21 11:40:33,706 - position: [ 0.13301082 -1.3514837   1.80225587]
