2026-01-21 11:35:39,341 - position: [ 0.16691007 -1.49107623  0.84561574]
2026-01-21 11:35:39,590 - position: [ 0.16769949 -1.49170089  0.84561133]
2026-01-21 11:35:39,805 - position: [ 0.16835751 -1.49213588  0.84555817]
2026-01-21 11:35:40,040 - position: [ 0.16632409 -1.49190998  0.84475857]
2026-01-21 11:35:40,255 - position: [ 0.16262975 -1.49220371  0.84456939]
2026-01-21 11:35:40,477 - position: [ 0.16040002 -1.49113846  0.84422904]
2026-01-21 11:35:40,717 - position: [ 0.15734513 -1.49127543  0.84400529]
2026-01-21 11:35:40,935 - position: [ 0.15600292 -1.49116039  0.8437621 ]
2026-01-21 11:35:41,197 - position: [ 0.14903347 -1.49250841  0.8432523 ]
2026-01-21 11:35:41,470 - position: [ 0.14797077 -1.49537444  0.84428352]
2026-01-21 11:35:41,690 - position: [ 0.14797077 -1.49537444  0.84428352]
2026-01-21 11:35:41,909 - position: [ 0.14286256 -1.49986064  0.84699661]
2026-01-21 11:35:42,137 - position: [ 0.14149317 -1.50000834  0.84755492]
2026-01-21 11:35:42,403 - position: [ 0.1392597  -1.50307035  0.84751934]
2026-01-21 11:35:42,669 - position: [ 0.13897422 -1.50323641  0.84733343]
2026-01-21 11:35:42,882 - position: [ 0.13035323 -1.50476241  0.84741795]
2026-01-21 11:35:43,132 - position: [ 0.13456571 -1.50444758  0.84764665]
2026-01-21 11:35:43,363 - position: [ 0.15340908 -1.49338102  0.84655392]
2026-01-21 11:35:43,593 - position: [ 0.15491317 -1.49751234  0.8475067 ]
2026-01-21 11:35:43,804 - position: [ 0.15491317 -1.49751234  0.8475067 ]
2026-01-21 11:35:44,027 - position: [ 0.15269943 -1.4927547   0.8467257 ]
2026-01-21 11:35:44,266 - position: [ 0.14934555 -1.49261391  0.84619951]
2026-01-21 11:35:44,478 - position: [ 0.14383812 -1.49277282  0.84567499]
2026-01-21 11:35:44,699 - position: [ 0.14637351 -1.48857224  0.84464222]
2026-01-21 11:35:44,910 - position: [ 0.1497914  -1.48820341  0.84436399]
2026-01-21 11:35:45,112 - position: [ 0.15001021 -1.4886117   0.84450066]
2026-01-21 11:35:45,370 - position: [ 0.14794303 -1.49096453  0.84473574]
2026-01-21 11:35:45,682 - position: [ 0.1463802  -1.49285245  0.84467185]
2026-01-21 11:35:45,911 - position: [ 0.14511727 -1.48899984  0.84364706]
2026-01-21 11:35:46,142 - position: [ 0.14378163 -1.48291361  0.84152693]
2026-01-21 11:35:46,377 - position: [ 0.12662731 -1.48745346  0.84353775]
2026-01-21 11:35:46,643 - position: [ 0.13461392 -1.48747277  0.84418148]
2026-01-21 11:35:46,875 - position: [ 0.1566544  -1.4928354   0.84591424]
2026-01-21 11:35:47,113 - position: [ 0.15740892 -1.49592984  0.84634572]
2026-01-21 11:35:47,361 - position: [ 0.15591525 -1.49644518  0.84597647]
2026-01-21 11:35:47,663 - position: [ 0.15572688 -1.49571192  0.84563237]
2026-01-21 11:35:47,884 - position: [ 0.15547521 -1.49478853  0.84546971]
2026-01-21 11:35:48,100 - position: [ 0.15488578 -1.49505126  0.84570748]
2026-01-21 11:35:48,364 - position: [ 0.15304701 -1.49295712  0.84654564]
2026-01-21 11:35:48,580 - position: [ 0.15299013 -1.49295139  0.84679615]
2026-01-21 11:35:48,797 - position: [ 0.15308231 -1.49400878  0.84657556]
2026-01-21 11:35:49,005 - position: [ 0.15309118 -1.49682593  0.84712505]
2026-01-21 11:35:49,216 - position: [ 0.15364155 -1.49506485  0.84675699]
2026-01-21 11:35:49,460 - position: [ 0.15663747 -1.49621212  0.84691066]
2026-01-21 11:35:49,692 - position: [ 0.15614893 -1.49827039  0.84709525]
2026-01-21 11:35:49,927 - position: [ 0.1552725  -1.49885786  0.84713632]
2026-01-21 11:35:50,139 - position: [ 0.1553555  -1.49745977  0.84678227]
2026-01-21 11:35:50,380 - position: [ 0.15562615 -1.49808514  0.84745181]
2026-01-21 11:35:50,609 - position: [ 0.15672009 -1.49853647  0.84693182]
2026-01-21 11:35:50,887 - position: [ 0.15662466 -1.49817717  0.84684718]
2026-01-21 11:35:51,119 - position: [ 0.15313362 -1.49824655  0.84592938]
2026-01-21 11:35:51,446 - position: [ 0.15501267 -1.49564064  0.84470397]
2026-01-21 11:35:51,669 - position: [ 0.15567228 -1.49634564  0.84465885]
2026-01-21 11:35:51,896 - position: [ 0.15549801 -1.49723721  0.84487414]
2026-01-21 11:35:52,132 - position: [ 0.15518776 -1.4974041   0.84499049]
2026-01-21 11:35:52,353 - position: [ 0.15555106 -1.49738955  0.8451184 ]
2026-01-21 11:35:52,594 - position: [ 0.15520374 -1.49593556  0.84462476]
2026-01-21 11:35:52,819 - position: [ 0.15460716 -1.49521875  0.84450495]
2026-01-21 11:35:53,036 - position: [ 0.15457204 -1.495664    0.84446502]
2026-01-21 11:35:53,331 - position: [ 0.15406629 -1.4957695   0.84444553]
2026-01-21 11:35:53,602 - position: [ 0.15116234 -1.49524176  0.84456944]
2026-01-21 11:35:53,842 - position: [ 0.14481734 -1.49430573  0.84447491]
2026-01-21 11:35:54,155 - position: [ 0.13954017 -1.49414778  0.84437913]
2026-01-21 11:35:54,468 - position: [ 0.13226147 -1.4990108   0.84595478]
2026-01-21 11:35:54,734 - position: [ 0.13166361 -1.50049484  0.84674621]
2026-01-21 11:35:54,953 - position: [ 0.12959875 -1.50465405  0.84679145]
2026-01-21 11:35:55,197 - position: [ 0.13022017 -1.5011282   0.8461926 ]
2026-01-21 11:35:55,408 - position: [ 0.13049197 -1.4999814   0.84546787]
2026-01-21 11:35:55,629 - position: [ 0.12348714 -1.51145864  0.84710395]
2026-01-21 11:35:55,848 - position: [ 0.1334981  -1.50471056  0.84600461]
2026-01-21 11:35:56,112 - position: [ 0.14912997 -1.50220263  0.84572476]
2026-01-21 11:35:56,346 - position: [ 0.14945611 -1.50449693  0.84665328]
2026-01-21 11:35:56,600 - position: [ 0.14803758 -1.50306118  0.84622496]
2026-01-21 11:35:56,876 - position: [ 0.14234556 -1.49554515  0.84490883]
2026-01-21 11:35:57,127 - position: [ 0.14436787 -1.50306797  0.84676486]
2026-01-21 11:35:57,386 - position: [ 0.14812247 -1.50053465  0.84650201]
2026-01-21 11:35:57,604 - position: [ 0.14900775 -1.50053453  0.84685326]
2026-01-21 11:35:57,824 - position: [ 0.1460553  -1.50077915  0.84869683]
2026-01-21 11:35:58,061 - position: [ 0.14609222 -1.49438381  0.84789962]
2026-01-21 11:35:58,293 - position: [ 0.14537558 -1.49028599  0.84564656]
2026-01-21 11:35:58,522 - position: [ 0.14749438 -1.49467409  0.84564131]
2026-01-21 11:35:58,734 - position: [ 0.14437822 -1.49539804  0.84684891]
2026-01-21 11:35:58,938 - position: [ 0.14445573 -1.49092412  0.84628922]
2026-01-21 11:35:59,174 - position: [ 0.14445573 -1.49092412  0.84628922]
2026-01-21 11:35:59,406 - position: [ 0.14522928 -1.49334693  0.84604675]
2026-01-21 11:35:59,630 - position: [ 0.14448711 -1.49369049  0.84561992]
2026-01-21 11:35:59,838 - position: [ 0.14460772 -1.48899984  0.84346402]
2026-01-21 11:36:00,047 - position: [ 0.14106075 -1.49100924  0.84307605]
2026-01-21 11:36:00,249 - position: [ 0.14527474 -1.50834334  0.84727877]
2026-01-21 11:36:00,495 - position: [ 0.14473817 -1.49943805  0.8461746 ]
2026-01-21 11:36:00,700 - position: [ 0.1483902  -1.49792123  0.84680712]
2026-01-21 11:36:00,906 - position: [ 0.14814705 -1.49421203  0.84524226]
2026-01-21 11:36:01,153 - position: [ 0.14674519 -1.49543118  0.84608066]
2026-01-21 11:36:01,431 - position: [ 0.14620098 -1.49793243  0.84489548]
2026-01-21 11:36:01,679 - position: [ 0.14670694 -1.49549961  0.84440368]
2026-01-21 11:36:01,907 - position: [ 0.14879426 -1.49864995  0.84462625]
2026-01-21 11:36:02,211 - position: [ 0.14650494 -1.49517882  0.8431769 ]
2026-01-21 11:36:02,437 - position: [ 0.14427048 -1.48988295  0.84139341]
2026-01-21 11:36:02,645 - position: [ 0.14304659 -1.49143326  0.84317344]
2026-01-21 11:36:02,862 - position: [ 0.14648595 -1.49441922  0.84404558]
2026-01-21 11:36:03,128 - position: [ 0.15070967 -1.4950031   0.84387469]
2026-01-21 11:36:03,370 - position: [ 0.15156609 -1.49336517  0.84346169]
2026-01-21 11:36:03,628 - position: [ 0.14925636 -1.48946559  0.84266984]
2026-01-21 11:36:03,858 - position: [ 0.14999335 -1.49129009  0.8438251 ]
2026-01-21 11:36:04,147 - position: [ 0.15137021 -1.49315524  0.8441034 ]
2026-01-21 11:36:04,394 - position: [ 0.1497398  -1.49793208  0.84519875]
2026-01-21 11:36:04,603 - position: [ 0.14954458 -1.49755895  0.84496003]
2026-01-21 11:36:04,831 - position: [ 0.14970905 -1.49586713  0.84545082]
2026-01-21 11:36:05,078 - position: [ 0.14905789 -1.4958607   0.84476519]
2026-01-21 11:36:05,307 - position: [ 0.14901502 -1.49582934  0.84480476]
2026-01-21 11:36:05,561 - position: [ 0.14937834 -1.49593258  0.84466821]
2026-01-21 11:36:05,804 - position: [ 0.1504454  -1.49486017  0.84447545]
2026-01-21 11:36:06,067 - position: [ 0.14852057 -1.49536788  0.84398854]
2026-01-21 11:36:06,296 - position: [ 0.14814021 -1.49783242  0.84416074]
2026-01-21 11:36:06,515 - position: [ 0.14877792 -1.49814343  0.84433877]
2026-01-21 11:36:06,754 - position: [ 0.14981735 -1.49754202  0.8442958 ]
2026-01-21 11:36:06,969 - position: [ 0.15001705 -1.49718642  0.84425908]
2026-01-21 11:36:07,213 - position: [ 0.15025148 -1.49600387  0.84382957]
2026-01-21 11:36:07,434 - position: [ 0.15025148 -1.49600387  0.84382957]
2026-01-21 11:36:07,687 - position: [ 0.14788175 -1.49644756  0.84377974]
2026-01-21 11:36:07,917 - position: [ 0.14805354 -1.49670815  0.84385014]
2026-01-21 11:36:08,178 - position: [ 0.14834814 -1.49691927  0.84395033]
2026-01-21 11:36:08,489 - position: [ 0.14796171 -1.49680531  0.84406936]
2026-01-21 11:36:08,744 - position: [ 0.14778246 -1.49602365  0.84408712]
2026-01-21 11:36:09,019 - position: [ 0.1475112  -1.49592471  0.84410274]
2026-01-21 11:36:09,299 - position: [ 0.14848481 -1.49591351  0.84404194]
2026-01-21 11:36:09,555 - position: [ 0.14914557 -1.49618793  0.84379274]
2026-01-21 11:36:09,833 - position: [ 0.14783977 -1.49685192  0.84330767]
2026-01-21 11:36:10,069 - position: [ 0.14780451 -1.49683249  0.84328794]
2026-01-21 11:36:10,320 - position: [ 0.14761207 -1.49595857  0.84275573]
2026-01-21 11:36:10,585 - position: [ 0.14781021 -1.49590409  0.84269428]
2026-01-21 11:36:10,796 - position: [ 0.14885375 -1.49631035  0.8427366 ]
2026-01-21 11:36:11,006 - position: [ 0.14890765 -1.49602997  0.84258264]
2026-01-21 11:36:11,237 - position: [ 0.14871243 -1.49588513  0.84261721]
2026-01-21 11:36:11,478 - position: [ 0.14840776 -1.49594188  0.84262949]
2026-01-21 11:36:11,705 - position: [ 0.14697069 -1.49581838  0.84296656]
2026-01-21 11:36:12,016 - position: [ 0.14767897 -1.49686337  0.84319299]
2026-01-21 11:36:12,248 - position: [ 0.14767897 -1.49686337  0.84319299]
2026-01-21 11:36:12,491 - position: [ 0.14729382 -1.49452603  0.84291178]
2026-01-21 11:36:12,711 - position: [ 0.146585   -1.49404144  0.84263664]
2026-01-21 11:36:12,941 - position: [ 0.14702401 -1.49534202  0.84286171]
2026-01-21 11:36:13,155 - position: [ 0.14711834 -1.49548364  0.84264672]
2026-01-21 11:36:13,417 - position: [ 0.14713125 -1.49532557  0.8425855 ]
2026-01-21 11:36:13,628 - position: [ 0.1474553  -1.49526405  0.84255272]
2026-01-21 11:36:13,843 - position: [ 0.14754978 -1.49517596  0.84255755]
2026-01-21 11:36:14,087 - position: [ 0.14751564 -1.49460959  0.84216923]
2026-01-21 11:36:14,317 - position: [ 0.1457535  -1.4941287   0.84177971]
2026-01-21 11:36:14,543 - position: [ 0.14311726 -1.49687707  0.84220797]
2026-01-21 11:36:14,745 - position: [ 0.1371849  -1.49899209  0.84260821]
2026-01-21 11:36:15,000 - position: [ 0.13145605 -1.50387847  0.84332901]
2026-01-21 11:36:15,216 - position: [ 0.13257717 -1.50750315  0.84440482]
2026-01-21 11:36:15,485 - position: [ 0.11824086 -1.51357198  0.84690928]
2026-01-21 11:36:15,728 - position: [ 0.11669699 -1.50859654  0.84635985]
2026-01-21 11:36:15,953 - position: [ 0.11822087 -1.50950778  0.84641355]
2026-01-21 11:36:16,195 - position: [ 0.1194688  -1.51875544  0.84731919]
2026-01-21 11:36:16,438 - position: [ 0.12243798 -1.51410258  0.84645939]
2026-01-21 11:36:16,666 - position: [ 0.11856341 -1.51685786  0.84654772]
2026-01-21 11:36:16,882 - position: [ 0.11779407 -1.51685107  0.84681022]
2026-01-21 11:36:17,144 - position: [ 0.12598491 -1.51855862  0.84724617]
2026-01-21 11:36:17,382 - position: [ 0.15034962 -1.51094782  0.84682566]
2026-01-21 11:36:17,692 - position: [ 0.16414429 -1.49274826  0.84456331]
2026-01-21 11:36:17,936 - position: [ 0.15987577 -1.49094284  0.84327388]
2026-01-21 11:36:18,139 - position: [ 0.15092103 -1.49588501  0.84397548]
2026-01-21 11:36:18,362 - position: [ 0.14855453 -1.49264193  0.84318519]
2026-01-21 11:36:18,579 - position: [ 0.14814311 -1.49223495  0.84325933]
2026-01-21 11:36:18,838 - position: [ 0.14536895 -1.50078189  0.84514421]
2026-01-21 11:36:19,097 - position: [ 0.1408617  -1.49985743  0.84450048]
2026-01-21 11:36:19,318 - position: [ 0.14170015 -1.48547459  0.84088719]
2026-01-21 11:36:19,532 - position: [ 0.14420207 -1.48324347  0.84011024]
2026-01-21 11:36:19,744 - position: [ 0.14522499 -1.48799193  0.84069794]
2026-01-21 11:36:19,962 - position: [ 0.14539784 -1.48860264  0.84083295]
2026-01-21 11:36:20,220 - position: [ 0.14673863 -1.49514365  0.84206676]
2026-01-21 11:36:20,491 - position: [ 0.14515847 -1.49141634  0.8415091 ]
2026-01-21 11:36:20,726 - position: [ 0.14058511 -1.48665202  0.84087831]
2026-01-21 11:36:21,001 - position: [ 0.1418239  -1.48656964  0.83982038]
2026-01-21 11:36:21,298 - position: [ 0.14443424 -1.48537755  0.83912569]
2026-01-21 11:36:21,576 - position: [ 0.14442213 -1.49605024  0.84186381]
2026-01-21 11:36:21,891 - position: [ 0.14248952 -1.50391757  0.84344643]
2026-01-21 11:36:22,098 - position: [ 0.138449   -1.50095737  0.84279341]
2026-01-21 11:36:22,325 - position: [ 0.13757429 -1.49596989  0.8406682 ]
2026-01-21 11:36:22,556 - position: [ 0.14188166 -1.49105382  0.84044313]
2026-01-21 11:36:22,805 - position: [ 0.14319532 -1.49233568  0.84074014]
2026-01-21 11:36:23,128 - position: [ 0.13934587 -1.49290097  0.8404339 ]
2026-01-21 11:36:23,376 - position: [ 0.13948879 -1.49284029  0.84166169]
2026-01-21 11:36:23,624 - position: [ 0.14290823 -1.48733926  0.83995169]
2026-01-21 11:36:23,829 - position: [ 0.14559208 -1.48887432  0.84018785]
2026-01-21 11:36:24,080 - position: [ 0.14619574 -1.4932133   0.84163302]
2026-01-21 11:36:24,310 - position: [ 0.1416683  -1.48894191  0.84031737]
2026-01-21 11:36:24,555 - position: [ 0.14138706 -1.48996723  0.84037799]
2026-01-21 11:36:24,760 - position: [ 0.13017987 -1.49341512  0.83993572]
2026-01-21 11:36:24,990 - position: [ 0.13036753 -1.49531567  0.84146816]
2026-01-21 11:36:25,214 - position: [ 0.13926233 -1.4919914   0.84051669]
2026-01-21 11:36:25,439 - position: [ 0.14644748 -1.49866533  0.84333026]
2026-01-21 11:36:25,652 - position: [ 0.15140602 -1.5062083   0.84515119]
2026-01-21 11:36:25,900 - position: [ 0.15300535 -1.50808001  0.84500861]
2026-01-21 11:36:26,151 - position: [ 0.15328495 -1.50493371  0.84355754]
2026-01-21 11:36:26,360 - position: [ 0.15145344 -1.49895155  0.84187901]
2026-01-21 11:36:26,626 - position: [ 0.14699401 -1.4909029   0.84007597]
2026-01-21 11:36:26,939 - position: [ 0.14867947 -1.49087274  0.84035379]
2026-01-21 11:36:27,154 - position: [ 0.14918175 -1.48925209  0.83990663]
2026-01-21 11:36:27,406 - position: [ 0.1475635  -1.48999643  0.8397488 ]
2026-01-21 11:36:27,649 - position: [ 0.14672026 -1.49362171  0.84138948]
2026-01-21 11:36:27,913 - position: [ 0.14705975 -1.49678862  0.84273708]
2026-01-21 11:36:28,145 - position: [ 0.14597532 -1.49792004  0.84262192]
2026-01-21 11:36:28,410 - position: [ 0.14324984 -1.49721062  0.8421877 ]
2026-01-21 11:36:28,621 - position: [ 0.1437463  -1.49839759  0.84212232]
2026-01-21 11:36:28,892 - position: [ 0.14647514 -1.50419545  0.8436749 ]
2026-01-21 11:36:29,121 - position: [ 0.14985241 -1.50206554  0.84350252]
2026-01-21 11:36:29,342 - position: [ 0.14616965 -1.50061774  0.84395486]
2026-01-21 11:36:29,588 - position: [ 0.1458457 -1.5004921  0.8440944]
2026-01-21 11:36:29,804 - position: [ 0.14474566 -1.50018799  0.84422493]
2026-01-21 11:36:30,030 - position: [ 0.14751074 -1.499174    0.84424621]
2026-01-21 11:36:30,251 - position: [ 0.14901236 -1.50177836  0.84441924]
2026-01-21 11:36:30,503 - position: [ 0.14668426 -1.5003525   0.84422714]
2026-01-21 11:36:30,710 - position: [ 0.14543793 -1.50044489  0.84302926]
2026-01-21 11:36:30,948 - position: [ 0.14495067 -1.50072646  0.84337479]
2026-01-21 11:36:31,171 - position: [ 0.14552523 -1.50063634  0.84299421]
2026-01-21 11:36:31,414 - position: [ 0.14741036 -1.50175607  0.84327626]
2026-01-21 11:36:31,633 - position: [ 0.14796698 -1.50124061  0.84302163]
2026-01-21 11:36:31,855 - position: [ 0.14729217 -1.5010674   0.84301132]
2026-01-21 11:36:32,063 - position: [ 0.14723931 -1.50133145  0.8431831 ]
2026-01-21 11:36:32,358 - position: [ 0.1467628  -1.49993992  0.84287751]
2026-01-21 11:36:32,621 - position: [ 0.14725168 -1.49995124  0.84303898]
2026-01-21 11:36:32,852 - position: [ 0.14768858 -1.49948323  0.84302211]
2026-01-21 11:36:33,090 - position: [ 0.14767595 -1.4995091   0.84283251]
2026-01-21 11:36:33,389 - position: [ 0.14792579 -1.50045216  0.84297746]
2026-01-21 11:36:33,659 - position: [ 0.14804406 -1.49949503  0.84290838]
2026-01-21 11:36:33,925 - position: [ 0.14796156 -1.49971271  0.84289992]
2026-01-21 11:36:34,203 - position: [ 0.14756182 -1.49943936  0.84280068]
2026-01-21 11:36:34,443 - position: [ 0.14801089 -1.50013041  0.84291744]
2026-01-21 11:36:34,698 - position: [ 0.14876641 -1.5012486   0.84341002]
2026-01-21 11:36:34,941 - position: [ 0.14874411 -1.50134444  0.84325272]
2026-01-21 11:36:35,168 - position: [ 0.14877151 -1.50195992  0.84321821]
2026-01-21 11:36:35,437 - position: [ 0.14931166 -1.50361145  0.84335947]
2026-01-21 11:36:35,701 - position: [ 0.14826749 -1.50150681  0.84249979]
2026-01-21 11:36:35,942 - position: [ 0.14829674 -1.50162196  0.84247369]
2026-01-21 11:36:36,166 - position: [ 0.14823735 -1.50127888  0.84244633]
2026-01-21 11:36:36,428 - position: [ 0.14926516 -1.49982965  0.84203571]
2026-01-21 11:36:36,700 - position: [ 0.14936051 -1.50082743  0.84220642]
2026-01-21 11:36:36,945 - position: [ 0.14883518 -1.49965584  0.8420679 ]
2026-01-21 11:36:37,146 - position: [ 0.14859888 -1.49931169  0.84206694]
2026-01-21 11:36:37,357 - position: [ 0.14772154 -1.49898803  0.84202158]
2026-01-21 11:36:37,652 - position: [ 0.14746003 -1.49869764  0.84196234]
2026-01-21 11:36:37,869 - position: [ 0.14758085 -1.49853694  0.84190631]
2026-01-21 11:36:38,086 - position: [ 0.14772144 -1.49890959  0.84195751]
2026-01-21 11:36:38,305 - position: [ 0.14639246 -1.49878776  0.84196365]
2026-01-21 11:36:38,545 - position: [ 0.14574337 -1.49750829  0.84184396]
2026-01-21 11:36:38,772 - position: [ 0.14595416 -1.49730408  0.84193665]
2026-01-21 11:36:38,997 - position: [ 0.1451292  -1.4975425   0.84175944]
2026-01-21 11:36:39,235 - position: [ 0.14432113 -1.49786198  0.84178489]
2026-01-21 11:36:39,475 - position: [ 0.13576293 -1.4990958   0.84124196]
2026-01-21 11:36:39,699 - position: [ 0.12748188 -1.50232375  0.84207261]
2026-01-21 11:36:39,910 - position: [ 0.12462692 -1.50220966  0.84198385]
2026-01-21 11:36:40,140 - position: [ 0.121218   -1.50219321  0.8426404 ]
2026-01-21 11:36:40,373 - position: [ 0.11875954 -1.50499952  0.84389848]
2026-01-21 11:36:40,665 - position: [ 0.11190745 -1.50994754  0.84401739]
2026-01-21 11:36:40,908 - position: [ 0.10992692 -1.50710607  0.84331721]
2026-01-21 11:36:41,124 - position: [ 0.11240456 -1.50575268  0.84310508]
2026-01-21 11:36:41,338 - position: [ 0.11349688 -1.50640881  0.84309864]
2026-01-21 11:36:41,622 - position: [ 0.11332049 -1.50447273  0.84228176]
2026-01-21 11:36:41,894 - position: [ 0.11723321 -1.50144291  0.84205496]
2026-01-21 11:36:42,133 - position: [ 0.11757211 -1.50233996  0.84230894]
2026-01-21 11:36:42,352 - position: [ 0.11754248 -1.50607109  0.84326714]
2026-01-21 11:36:42,631 - position: [ 0.12520853 -1.49996829  0.84221029]
2026-01-21 11:36:42,862 - position: [ 0.134288   -1.49824309  0.84163404]
2026-01-21 11:36:43,077 - position: [ 0.134288   -1.49824309  0.84163404]
2026-01-21 11:36:43,291 - position: [ 0.13701254 -1.49873006  0.84204209]
2026-01-21 11:36:43,553 - position: [ 0.13594124 -1.49726117  0.84110045]
2026-01-21 11:36:43,754 - position: [ 0.13678004 -1.4950211   0.84045231]
2026-01-21 11:36:43,985 - position: [ 0.13748728 -1.49550009  0.84052056]
2026-01-21 11:36:44,231 - position: [ 0.1377814  -1.49467111  0.84055436]
2026-01-21 11:36:44,443 - position: [ 0.14124048 -1.48388076  0.83852726]
2026-01-21 11:36:44,687 - position: [ 0.14106461 -1.48347843  0.83833241]
2026-01-21 11:36:44,955 - position: [ 0.14073393 -1.48615634  0.83860177]
2026-01-21 11:36:45,174 - position: [ 0.14005466 -1.49286854  0.84051782]
2026-01-21 11:36:45,396 - position: [ 0.13760668 -1.50065923  0.84282196]
2026-01-21 11:36:45,610 - position: [ 0.13928187 -1.50263095  0.84286749]
2026-01-21 11:36:45,836 - position: [ 0.14052929 -1.5015893   0.84269524]
2026-01-21 11:36:46,122 - position: [ 0.14479524 -1.49011302  0.84027636]
2026-01-21 11:36:46,341 - position: [ 0.14205888 -1.49192333  0.84038222]
2026-01-21 11:36:46,588 - position: [ 0.13997911 -1.49881697  0.84173816]
2026-01-21 11:36:46,840 - position: [ 0.14425091 -1.49744892  0.84201896]
2026-01-21 11:36:47,070 - position: [ 0.14397679 -1.49974895  0.84293264]
2026-01-21 11:36:47,328 - position: [ 0.14366072 -1.50075173  0.84305847]
2026-01-21 11:36:47,557 - position: [ 0.14204013 -1.50274229  0.8429082 ]
2026-01-21 11:36:47,775 - position: [ 0.14128484 -1.50293612  0.84298211]
2026-01-21 11:36:48,028 - position: [ 0.13875134 -1.49748302  0.84132338]
2026-01-21 11:36:48,262 - position: [ 0.13806675 -1.49761462  0.84152645]
2026-01-21 11:36:48,491 - position: [ 0.13790964 -1.49960792  0.84173268]
2026-01-21 11:36:48,726 - position: [ 0.14116985 -1.50257802  0.84259003]
2026-01-21 11:36:48,946 - position: [ 0.14338984 -1.49853194  0.8416695 ]
2026-01-21 11:36:49,162 - position: [ 0.14448746 -1.49775398  0.84196407]
2026-01-21 11:36:49,378 - position: [ 0.14282513 -1.49652267  0.84111804]
2026-01-21 11:36:49,597 - position: [ 0.14336367 -1.50073588  0.84103501]
2026-01-21 11:36:49,827 - position: [ 0.14278729 -1.49968827  0.84045535]
2026-01-21 11:36:50,081 - position: [ 0.14224119 -1.49838877  0.84054393]
2026-01-21 11:36:50,321 - position: [ 0.14291856 -1.49898875  0.84149635]
2026-01-21 11:36:50,545 - position: [ 0.14416264 -1.49428129  0.83950204]
2026-01-21 11:36:50,751 - position: [ 0.14388204 -1.49663985  0.84079564]
2026-01-21 11:36:50,956 - position: [ 0.13829891 -1.49653423  0.84074122]
2026-01-21 11:36:51,202 - position: [ 0.13734712 -1.49715602  0.84072793]
2026-01-21 11:36:51,437 - position: [ 0.13633288 -1.49868214  0.84110171]
2026-01-21 11:36:51,672 - position: [ 0.14023808 -1.49994957  0.84148669]
2026-01-21 11:36:51,881 - position: [ 0.14338085 -1.50006998  0.84169322]
2026-01-21 11:36:52,098 - position: [ 0.13577022 -1.49798954  0.84103757]
2026-01-21 11:36:52,318 - position: [ 0.13692805 -1.49478078  0.84062785]
2026-01-21 11:36:52,534 - position: [ 0.1398235  -1.49561775  0.84027672]
2026-01-21 11:36:52,777 - position: [ 0.14340797 -1.50136364  0.84120601]
2026-01-21 11:36:53,042 - position: [ 0.14454426 -1.50443494  0.84192377]
2026-01-21 11:36:53,284 - position: [ 0.14752996 -1.50923789  0.8422147 ]
2026-01-21 11:36:53,503 - position: [ 0.14743204 -1.50794864  0.84214377]
2026-01-21 11:36:53,721 - position: [ 0.14581324 -1.50972116  0.84308153]
2026-01-21 11:36:53,937 - position: [ 0.14258401 -1.5109694   0.84258598]
2026-01-21 11:36:54,176 - position: [ 0.13905953 -1.51239789  0.84275925]
2026-01-21 11:36:54,422 - position: [ 0.14669992 -1.50688279  0.8424257 ]
2026-01-21 11:36:54,639 - position: [ 0.14873402 -1.50340557  0.84140784]
2026-01-21 11:36:54,859 - position: [ 0.14947684 -1.50041938  0.84086949]
2026-01-21 11:36:55,095 - position: [ 0.14665228 -1.49288356  0.84013426]
2026-01-21 11:36:55,335 - position: [ 0.1382464  -1.49627924  0.84099567]
2026-01-21 11:36:55,591 - position: [ 0.14151254 -1.4932214   0.83979654]
2026-01-21 11:36:55,805 - position: [ 0.14186032 -1.49267209  0.8397845 ]
2026-01-21 11:36:56,060 - position: [ 0.14343525 -1.49641168  0.84094381]
2026-01-21 11:36:56,311 - position: [ 0.14817567 -1.51674962  0.84523785]
2026-01-21 11:36:56,520 - position: [ 0.14954427 -1.52907693  0.84757119]
2026-01-21 11:36:56,825 - position: [ 0.14882083 -1.53104758  0.84791297]
2026-01-21 11:36:57,027 - position: [ 0.14505337 -1.5175612   0.84492815]
2026-01-21 11:36:57,240 - position: [ 0.14554258 -1.50748885  0.8434698 ]
2026-01-21 11:36:57,470 - position: [ 0.13967276 -1.50329375  0.84190255]
2026-01-21 11:36:57,714 - position: [ 0.13666673 -1.50056005  0.84121954]
2026-01-21 11:36:57,989 - position: [ 0.14937437 -1.49416602  0.84147269]
2026-01-21 11:36:58,271 - position: [ 0.15176255 -1.49477899  0.84209508]
2026-01-21 11:36:58,499 - position: [ 0.15060689 -1.4952184   0.84204918]
2026-01-21 11:36:58,814 - position: [ 0.15188175 -1.49946213  0.84292227]
2026-01-21 11:36:59,042 - position: [ 0.15219812 -1.50074589  0.84308004]
2026-01-21 11:36:59,326 - position: [ 0.15084164 -1.49958968  0.84242928]
2026-01-21 11:36:59,567 - position: [ 0.14725168 -1.493613    0.84148574]
2026-01-21 11:36:59,769 - position: [ 0.14894332 -1.4955951   0.84255576]
2026-01-21 11:36:59,994 - position: [ 0.14894332 -1.4955951   0.84255576]
2026-01-21 11:37:00,229 - position: [ 0.15008703 -1.49712086  0.84236747]
2026-01-21 11:37:00,481 - position: [ 0.14850871 -1.49979055  0.84321809]
2026-01-21 11:37:00,705 - position: [ 0.14862147 -1.49868453  0.84296536]
2026-01-21 11:37:00,938 - position: [ 0.14664011 -1.50143635  0.8432501 ]
2026-01-21 11:37:01,165 - position: [ 0.14642344 -1.50332046  0.84366649]
2026-01-21 11:37:01,379 - position: [ 0.14813194 -1.50471139  0.84429413]
2026-01-21 11:37:01,604 - position: [ 0.14813194 -1.50471139  0.84429413]
2026-01-21 11:37:01,863 - position: [ 0.14813262 -1.50290382  0.84313035]
2026-01-21 11:37:02,093 - position: [ 0.14809388 -1.50282896  0.8431322 ]
2026-01-21 11:37:02,312 - position: [ 0.14610398 -1.50260985  0.84248698]
2026-01-21 11:37:02,616 - position: [ 0.146732   -1.5024538   0.84232038]
2026-01-21 11:37:02,839 - position: [ 0.14571708 -1.50113392  0.84183109]
2026-01-21 11:37:03,054 - position: [ 0.14507815 -1.50177765  0.84186047]
2026-01-21 11:37:03,307 - position: [ 0.14508785 -1.50173759  0.84168535]
2026-01-21 11:37:03,535 - position: [ 0.14451544 -1.50221217  0.84175545]
2026-01-21 11:37:03,839 - position: [ 0.14352947 -1.50118148  0.84156591]
2026-01-21 11:37:04,047 - position: [ 0.14320138 -1.5007925   0.84152496]
2026-01-21 11:37:04,342 - position: [ 0.14401326 -1.50228965  0.84199387]
2026-01-21 11:37:04,577 - position: [ 0.14407566 -1.50246966  0.84211403]
2026-01-21 11:37:04,810 - position: [ 0.14404581 -1.50177896  0.84183633]
2026-01-21 11:37:05,033 - position: [ 0.14389108 -1.50203705  0.8418175 ]
2026-01-21 11:37:05,252 - position: [ 0.14383902 -1.50193751  0.84189123]
2026-01-21 11:37:05,498 - position: [ 0.1436936  -1.50129139  0.84186256]
2026-01-21 11:37:05,761 - position: [ 0.14423577 -1.50091422  0.84188634]
2026-01-21 11:37:06,040 - position: [ 0.14380445 -1.50139415  0.84181803]
2026-01-21 11:37:06,297 - position: [ 0.1436445  -1.50175583  0.84177053]
2026-01-21 11:37:06,538 - position: [ 0.1436445  -1.50175583  0.84177053]
2026-01-21 11:37:06,840 - position: [ 0.1434112  -1.50101352  0.84133655]
2026-01-21 11:37:07,079 - position: [ 0.14324033 -1.50091767  0.84128529]
2026-01-21 11:37:07,322 - position: [ 0.14343728 -1.50163126  0.84132624]
2026-01-21 11:37:07,561 - position: [ 0.14333345 -1.50110364  0.84132451]
2026-01-21 11:37:07,816 - position: [ 0.14210543 -1.4987427   0.84066242]
2026-01-21 11:37:08,078 - position: [ 0.14179337 -1.49835086  0.84047842]
2026-01-21 11:37:08,294 - position: [ 0.13714938 -1.49721575  0.83986503]
2026-01-21 11:37:08,553 - position: [ 0.1328662  -1.4966352   0.83958942]
2026-01-21 11:37:08,765 - position: [ 0.12668112 -1.49846447  0.840038  ]
2026-01-21 11:37:08,976 - position: [ 0.12751852 -1.50198591  0.84160715]
2026-01-21 11:37:09,217 - position: [ 0.12018009 -1.51058054  0.84439492]
2026-01-21 11:37:09,435 - position: [ 0.11507837 -1.51440704  0.84466076]
2026-01-21 11:37:09,663 - position: [ 0.11485653 -1.51323199  0.84449017]
2026-01-21 11:37:09,903 - position: [ 0.11381122 -1.51165843  0.84368283]
2026-01-21 11:37:10,133 - position: [ 0.1125631  -1.51195395  0.84344381]
2026-01-21 11:37:10,377 - position: [ 0.10356312 -1.51971781  0.84416598]
2026-01-21 11:37:10,582 - position: [ 0.12181715 -1.51278579  0.84490699]
2026-01-21 11:37:10,788 - position: [ 0.13537923 -1.49878895  0.84317452]
2026-01-21 11:37:11,054 - position: [ 0.15071535 -1.49266648  0.84268504]
2026-01-21 11:37:11,291 - position: [ 0.14746077 -1.50066102  0.84368294]
2026-01-21 11:37:11,538 - position: [ 0.14695904 -1.49948609  0.84327441]
2026-01-21 11:37:11,750 - position: [ 0.14846125 -1.49292815  0.84251237]
2026-01-21 11:37:12,031 - position: [ 0.14710684 -1.49462831  0.84324867]
2026-01-21 11:37:12,250 - position: [ 0.14563121 -1.50104141  0.84502113]
2026-01-21 11:37:12,476 - position: [ 0.14637117 -1.49854183  0.84472024]
2026-01-21 11:37:12,730 - position: [ 0.14571469 -1.49295855  0.8431347 ]
2026-01-21 11:37:12,950 - position: [ 0.1439106  -1.49523604  0.84325844]
2026-01-21 11:37:13,196 - position: [ 0.14620341 -1.49690318  0.84332502]
2026-01-21 11:37:13,442 - position: [ 0.1523598  -1.4979583   0.84336305]
2026-01-21 11:37:13,661 - position: [ 0.14976257 -1.49855924  0.84399718]
2026-01-21 11:37:13,899 - position: [ 0.15111013 -1.49003053  0.84106803]
2026-01-21 11:37:14,101 - position: [ 0.15111013 -1.49003053  0.84106803]
2026-01-21 11:37:14,333 - position: [ 0.14757437 -1.49463356  0.84199584]
2026-01-21 11:37:14,605 - position: [ 0.14794315 -1.49825966  0.84242392]
2026-01-21 11:37:14,829 - position: [ 0.14868815 -1.49991179  0.84369409]
2026-01-21 11:37:15,094 - position: [ 0.14840215 -1.49510562  0.84180719]
2026-01-21 11:37:15,349 - position: [ 0.14697212 -1.49451065  0.84109634]
2026-01-21 11:37:15,580 - position: [ 0.15152833 -1.49175811  0.84077513]
2026-01-21 11:37:15,789 - position: [ 0.15553819 -1.49233699  0.8418541 ]
2026-01-21 11:37:16,032 - position: [ 0.155889   -1.49090123  0.84158289]
2026-01-21 11:37:16,264 - position: [ 0.15151317 -1.49171472  0.84091568]
2026-01-21 11:37:16,510 - position: [ 0.14761439 -1.48834431  0.83988881]
2026-01-21 11:37:16,756 - position: [ 0.14761439 -1.48834431  0.83988881]
2026-01-21 11:37:17,025 - position: [ 0.15439931 -1.49626184  0.84213406]
2026-01-21 11:37:17,299 - position: [ 0.15146834 -1.49393642  0.84118962]
2026-01-21 11:37:17,510 - position: [ 0.14926544 -1.49374294  0.84116799]
2026-01-21 11:37:17,753 - position: [ 0.14844091 -1.49477863  0.84121579]
2026-01-21 11:37:17,990 - position: [ 0.14685589 -1.49364948  0.84087676]
2026-01-21 11:37:18,213 - position: [ 0.1465212  -1.49330974  0.84078729]
2026-01-21 11:37:18,439 - position: [ 0.14351034 -1.49009848  0.83978719]
2026-01-21 11:37:18,705 - position: [ 0.12759221 -1.48641098  0.83671033]
2026-01-21 11:37:18,920 - position: [ 0.13306563 -1.49310601  0.84083039]
2026-01-21 11:37:19,164 - position: [ 0.13414855 -1.49366522  0.84041524]
2026-01-21 11:37:19,418 - position: [ 0.13652061 -1.49113441  0.83935779]
2026-01-21 11:37:19,683 - position: [ 0.14239843 -1.4977212   0.84133601]
2026-01-21 11:37:19,904 - position: [ 0.14275049 -1.5007199   0.84174281]
2026-01-21 11:37:20,144 - position: [ 0.14200684 -1.50116944  0.84160036]
2026-01-21 11:37:20,365 - position: [ 0.13948403 -1.5018239   0.84195721]
2026-01-21 11:37:20,569 - position: [ 0.14000009 -1.50049496  0.84205937]
2026-01-21 11:37:20,822 - position: [ 0.14138161 -1.49986708  0.84208816]
2026-01-21 11:37:21,090 - position: [ 0.14246923 -1.49773467  0.84143424]
2026-01-21 11:37:21,320 - position: [ 0.1432642  -1.49511743  0.84113157]
2026-01-21 11:37:21,594 - position: [ 0.14335094 -1.49506462  0.84151495]
2026-01-21 11:37:21,834 - position: [ 0.1457404  -1.49463117  0.84151006]
2026-01-21 11:37:22,059 - position: [ 0.1496418  -1.48945928  0.84074372]
2026-01-21 11:37:22,292 - position: [ 0.15304232 -1.49375355  0.84316331]
2026-01-21 11:37:22,539 - position: [ 0.15311569 -1.49470043  0.84360313]
2026-01-21 11:37:22,778 - position: [ 0.14812416 -1.49345064  0.84238321]
2026-01-21 11:37:23,019 - position: [ 0.14815871 -1.48756528  0.84083444]
2026-01-21 11:37:23,241 - position: [ 0.14883029 -1.48581147  0.84001482]
2026-01-21 11:37:23,522 - position: [ 0.14952514 -1.48566139  0.83978778]
2026-01-21 11:37:23,768 - position: [ 0.14761743 -1.48796201  0.83978659]
2026-01-21 11:37:24,044 - position: [ 0.14705083 -1.48878562  0.83983934]
2026-01-21 11:37:24,344 - position: [ 0.1453311  -1.49256635  0.84111547]
2026-01-21 11:37:24,564 - position: [ 0.14533767 -1.49382651  0.84147578]
2026-01-21 11:37:24,765 - position: [ 0.14639823 -1.49327981  0.84129751]
2026-01-21 11:37:25,008 - position: [ 0.14702056 -1.49298108  0.84124845]
2026-01-21 11:37:25,233 - position: [ 0.14746252 -1.49295592  0.84115833]
2026-01-21 11:37:25,486 - position: [ 0.1462117  -1.49473703  0.84061289]
2026-01-21 11:37:25,724 - position: [ 0.14621001 -1.4936409   0.84035432]
2026-01-21 11:37:26,004 - position: [ 0.14738905 -1.4930284   0.84029043]
2026-01-21 11:37:26,252 - position: [ 0.14738905 -1.4930284   0.84029043]
2026-01-21 11:37:26,479 - position: [ 0.14718352 -1.49353945  0.84018826]
2026-01-21 11:37:26,689 - position: [ 0.14630187 -1.49318373  0.8401106 ]
2026-01-21 11:37:26,934 - position: [ 0.14650881 -1.49435532  0.8408004 ]
