2026-01-21 11:26:55,981 - position: [0. 0. 0.]
2026-01-21 11:26:56,241 - position: [0. 0. 0.]
2026-01-21 11:26:56,443 - position: [0. 0. 0.]
2026-01-21 11:26:56,661 - position: [0. 0. 0.]
2026-01-21 11:26:56,895 - position: [0. 0. 0.]
2026-01-21 11:26:57,167 - position: [0. 0. 0.]
2026-01-21 11:26:57,481 - position: [0. 0. 0.]
2026-01-21 11:26:57,717 - position: [0. 0. 0.]
2026-01-21 11:26:57,942 - position: [0. 0. 0.]
2026-01-21 11:26:58,173 - position: [0. 0. 0.]
2026-01-21 11:26:58,430 - position: [0. 0. 0.]
2026-01-21 11:26:58,660 - position: [0. 0. 0.]
2026-01-21 11:26:58,967 - position: [0. 0. 0.]
2026-01-21 11:26:59,231 - position: [0. 0. 0.]
2026-01-21 11:26:59,462 - position: [0. 0. 0.]
2026-01-21 11:26:59,726 - position: [0. 0. 0.]
2026-01-21 11:26:59,973 - position: [0. 0. 0.]
2026-01-21 11:27:00,204 - position: [0. 0. 0.]
2026-01-21 11:27:00,425 - position: [0. 0. 0.]
2026-01-21 11:27:00,629 - position: [0. 0. 0.]
2026-01-21 11:27:00,853 - position: [0. 0. 0.]
2026-01-21 11:27:01,108 - position: [0. 0. 0.]
2026-01-21 11:27:01,346 - position: [0. 0. 0.]
2026-01-21 11:27:01,616 - position: [0. 0. 0.]
2026-01-21 11:27:01,860 - position: [0. 0. 0.]
2026-01-21 11:27:02,083 - position: [0. 0. 0.]
2026-01-21 11:27:02,335 - position: [0. 0. 0.]
2026-01-21 11:27:02,536 - position: [0. 0. 0.]
2026-01-21 11:27:02,768 - position: [0. 0. 0.]
2026-01-21 11:27:02,998 - position: [0. 0. 0.]
2026-01-21 11:27:03,269 - position: [0. 0. 0.]
2026-01-21 11:27:03,532 - position: [0. 0. 0.]
2026-01-21 11:27:03,749 - position: [0. 0. 0.]
2026-01-21 11:27:03,963 - position: [0. 0. 0.]
2026-01-21 11:27:04,171 - position: [0. 0. 0.]
2026-01-21 11:27:04,414 - position: [0. 0. 0.]
2026-01-21 11:27:04,626 - position: [0. 0. 0.]
2026-01-21 11:27:04,853 - position: [0. 0. 0.]
2026-01-21 11:27:05,161 - position: [0. 0. 0.]
2026-01-21 11:27:05,382 - position: [0. 0. 0.]
2026-01-21 11:27:05,625 - position: [0. 0. 0.]
2026-01-21 11:27:05,867 - position: [0. 0. 0.]
2026-01-21 11:27:06,083 - position: [0. 0. 0.]
2026-01-21 11:27:06,326 - position: [0. 0. 0.]
2026-01-21 11:27:06,588 - position: [0. 0. 0.]
2026-01-21 11:27:06,827 - position: [0. 0. 0.]
2026-01-21 11:27:07,045 - position: [0. 0. 0.]
2026-01-21 11:27:07,342 - position: [0. 0. 0.]
2026-01-21 11:27:07,569 - position: [0. 0. 0.]
2026-01-21 11:27:07,774 - position: [0. 0. 0.]
2026-01-21 11:27:08,031 - position: [0. 0. 0.]
2026-01-21 11:27:08,254 - position: [0. 0. 0.]
2026-01-21 11:27:08,467 - position: [0. 0. 0.]
2026-01-21 11:27:08,701 - position: [0. 0. 0.]
2026-01-21 11:27:08,957 - position: [0. 0. 0.]
2026-01-21 11:27:09,176 - position: [0. 0. 0.]
2026-01-21 11:27:09,483 - position: [0. 0. 0.]
2026-01-21 11:27:09,714 - position: [0. 0. 0.]
2026-01-21 11:27:09,968 - position: [0. 0. 0.]
2026-01-21 11:27:10,189 - position: [0. 0. 0.]
2026-01-21 11:27:10,429 - position: [0. 0. 0.]
2026-01-21 11:27:10,679 - position: [0. 0. 0.]
2026-01-21 11:27:10,912 - position: [0. 0. 0.]
2026-01-21 11:27:11,122 - position: [0. 0. 0.]
2026-01-21 11:27:11,353 - position: [0. 0. 0.]
2026-01-21 11:27:11,556 - position: [0. 0. 0.]
2026-01-21 11:27:11,769 - position: [0. 0. 0.]
2026-01-21 11:27:12,035 - position: [0. 0. 0.]
2026-01-21 11:27:12,248 - position: [0. 0. 0.]
2026-01-21 11:27:12,522 - position: [0. 0. 0.]
2026-01-21 11:27:12,784 - position: [0. 0. 0.]
2026-01-21 11:27:13,026 - position: [0. 0. 0.]
2026-01-21 11:27:13,255 - position: [0. 0. 0.]
2026-01-21 11:27:13,485 - position: [0. 0. 0.]
2026-01-21 11:27:13,717 - position: [0. 0. 0.]
2026-01-21 11:27:13,986 - position: [0. 0. 0.]
2026-01-21 11:27:14,232 - position: [0. 0. 0.]
2026-01-21 11:27:14,458 - position: [0. 0. 0.]
2026-01-21 11:27:14,696 - position: [0. 0. 0.]
2026-01-21 11:27:14,909 - position: [0. 0. 0.]
2026-01-21 11:27:15,122 - position: [0. 0. 0.]
2026-01-21 11:27:15,405 - position: [0. 0. 0.]
2026-01-21 11:27:15,612 - position: [0. 0. 0.]
2026-01-21 11:27:15,838 - position: [0. 0. 0.]
2026-01-21 11:27:16,087 - position: [0. 0. 0.]
2026-01-21 11:27:16,302 - position: [0. 0. 0.]
2026-01-21 11:27:16,551 - position: [0. 0. 0.]
2026-01-21 11:27:16,792 - position: [0. 0. 0.]
2026-01-21 11:27:17,015 - position: [0. 0. 0.]
2026-01-21 11:27:17,283 - position: [0. 0. 0.]
2026-01-21 11:27:17,522 - position: [0. 0. 0.]
2026-01-21 11:27:17,744 - position: [0. 0. 0.]
2026-01-21 11:27:17,980 - position: [0. 0. 0.]
2026-01-21 11:27:18,189 - position: [0. 0. 0.]
2026-01-21 11:27:18,414 - position: [0. 0. 0.]
2026-01-21 11:27:18,620 - position: [0. 0. 0.]
2026-01-21 11:27:18,938 - position: [0. 0. 0.]
2026-01-21 11:27:19,159 - position: [0. 0. 0.]
2026-01-21 11:27:19,372 - position: [0. 0. 0.]
2026-01-21 11:27:19,599 - position: [0. 0. 0.]
2026-01-21 11:27:19,846 - position: [0. 0. 0.]
2026-01-21 11:27:20,057 - position: [0. 0. 0.]
2026-01-21 11:27:20,285 - position: [0. 0. 0.]
2026-01-21 11:27:20,497 - position: [0. 0. 0.]
2026-01-21 11:27:20,718 - position: [0. 0. 0.]
2026-01-21 11:27:20,981 - position: [0. 0. 0.]
2026-01-21 11:27:21,221 - position: [0. 0. 0.]
2026-01-21 11:27:21,430 - position: [0. 0. 0.]
2026-01-21 11:27:21,658 - position: [0. 0. 0.]
2026-01-21 11:27:21,947 - position: [0. 0. 0.]
2026-01-21 11:27:22,180 - position: [0. 0. 0.]
2026-01-21 11:27:22,421 - position: [0. 0. 0.]
2026-01-21 11:27:22,675 - position: [0. 0. 0.]
2026-01-21 11:27:22,917 - position: [0. 0. 0.]
2026-01-21 11:27:23,154 - position: [0. 0. 0.]
2026-01-21 11:27:23,414 - position: [0. 0. 0.]
2026-01-21 11:27:23,671 - position: [0. 0. 0.]
2026-01-21 11:27:23,895 - position: [0. 0. 0.]
2026-01-21 11:27:24,117 - position: [0. 0. 0.]
2026-01-21 11:27:24,324 - position: [0. 0. 0.]
2026-01-21 11:27:24,549 - position: [0. 0. 0.]
2026-01-21 11:27:24,761 - position: [0. 0. 0.]
2026-01-21 11:27:25,017 - position: [0. 0. 0.]
2026-01-21 11:27:25,239 - position: [0. 0. 0.]
2026-01-21 11:27:25,464 - position: [0. 0. 0.]
2026-01-21 11:27:25,687 - position: [0. 0. 0.]
2026-01-21 11:27:25,931 - position: [0. 0. 0.]
2026-01-21 11:27:26,168 - position: [0. 0. 0.]
2026-01-21 11:27:26,409 - position: [0. 0. 0.]
2026-01-21 11:27:26,642 - position: [0. 0. 0.]
2026-01-21 11:27:26,894 - position: [0. 0. 0.]
2026-01-21 11:27:27,133 - position: [0. 0. 0.]
2026-01-21 11:27:27,346 - position: [0. 0. 0.]
2026-01-21 11:27:27,593 - position: [0. 0. 0.]
2026-01-21 11:27:27,823 - position: [0. 0. 0.]
2026-01-21 11:27:28,053 - position: [0. 0. 0.]
2026-01-21 11:27:28,310 - position: [0. 0. 0.]
2026-01-21 11:27:28,535 - position: [0. 0. 0.]
2026-01-21 11:27:28,774 - position: [0. 0. 0.]
2026-01-21 11:27:29,047 - position: [0. 0. 0.]
2026-01-21 11:27:29,260 - position: [0. 0. 0.]
2026-01-21 11:27:29,542 - position: [0. 0. 0.]
2026-01-21 11:27:29,750 - position: [0. 0. 0.]
2026-01-21 11:27:29,996 - position: [0. 0. 0.]
2026-01-21 11:27:30,235 - position: [0. 0. 0.]
2026-01-21 11:27:30,496 - position: [0. 0. 0.]
2026-01-21 11:27:30,808 - position: [0. 0. 0.]
2026-01-21 11:27:31,090 - position: [0. 0. 0.]
2026-01-21 11:27:31,323 - position: [0. 0. 0.]
2026-01-21 11:27:31,543 - position: [0. 0. 0.]
2026-01-21 11:27:31,770 - position: [0. 0. 0.]
2026-01-21 11:27:31,997 - position: [0. 0. 0.]
2026-01-21 11:27:32,236 - position: [0. 0. 0.]
2026-01-21 11:27:32,473 - position: [0. 0. 0.]
2026-01-21 11:27:32,707 - position: [0. 0. 0.]
2026-01-21 11:27:32,921 - position: [0. 0. 0.]
2026-01-21 11:27:33,143 - position: [0. 0. 0.]
2026-01-21 11:27:33,398 - position: [0. 0. 0.]
2026-01-21 11:27:33,601 - position: [0. 0. 0.]
2026-01-21 11:27:33,818 - position: [0. 0. 0.]
2026-01-21 11:27:34,040 - position: [0. 0. 0.]
2026-01-21 11:27:34,300 - position: [0. 0. 0.]
2026-01-21 11:27:34,527 - position: [0. 0. 0.]
2026-01-21 11:27:34,751 - position: [0. 0. 0.]
2026-01-21 11:27:34,977 - position: [0. 0. 0.]
2026-01-21 11:27:35,228 - position: [0. 0. 0.]
2026-01-21 11:27:35,496 - position: [0. 0. 0.]
2026-01-21 11:27:35,703 - position: [0. 0. 0.]
2026-01-21 11:27:35,954 - position: [0. 0. 0.]
2026-01-21 11:27:36,190 - position: [0. 0. 0.]
2026-01-21 11:27:36,429 - position: [0. 0. 0.]
2026-01-21 11:27:36,776 - position: [0. 0. 0.]
2026-01-21 11:27:37,017 - position: [0. 0. 0.]
2026-01-21 11:27:37,261 - position: [0. 0. 0.]
2026-01-21 11:27:37,494 - position: [0. 0. 0.]
2026-01-21 11:27:37,735 - position: [0. 0. 0.]
2026-01-21 11:27:37,959 - position: [0. 0. 0.]
2026-01-21 11:27:38,218 - position: [0. 0. 0.]
2026-01-21 11:27:38,475 - position: [0. 0. 0.]
2026-01-21 11:27:38,703 - position: [0. 0. 0.]
2026-01-21 11:27:38,981 - position: [0. 0. 0.]
2026-01-21 11:27:39,203 - position: [0. 0. 0.]
2026-01-21 11:27:39,431 - position: [0. 0. 0.]
2026-01-21 11:27:39,669 - position: [0. 0. 0.]
2026-01-21 11:27:39,896 - position: [0. 0. 0.]
2026-01-21 11:27:40,132 - position: [0. 0. 0.]
2026-01-21 11:27:40,388 - position: [0. 0. 0.]
2026-01-21 11:27:40,629 - position: [0. 0. 0.]
2026-01-21 11:27:40,891 - position: [0. 0. 0.]
2026-01-21 11:27:41,114 - position: [0. 0. 0.]
2026-01-21 11:27:41,340 - position: [0. 0. 0.]
2026-01-21 11:27:41,560 - position: [0. 0. 0.]
2026-01-21 11:27:41,791 - position: [0. 0. 0.]
2026-01-21 11:27:42,016 - position: [0. 0. 0.]
2026-01-21 11:27:42,268 - position: [0. 0. 0.]
2026-01-21 11:27:42,564 - position: [0. 0. 0.]
2026-01-21 11:27:42,803 - position: [0. 0. 0.]
2026-01-21 11:27:43,015 - position: [0. 0. 0.]
2026-01-21 11:27:43,263 - position: [0. 0. 0.]
2026-01-21 11:27:43,486 - position: [0. 0. 0.]
2026-01-21 11:27:43,721 - position: [0. 0. 0.]
2026-01-21 11:27:43,944 - position: [0. 0. 0.]
2026-01-21 11:27:44,178 - position: [0. 0. 0.]
2026-01-21 11:27:44,424 - position: [0. 0. 0.]
2026-01-21 11:27:44,655 - position: [0. 0. 0.]
2026-01-21 11:27:44,893 - position: [0. 0. 0.]
2026-01-21 11:27:45,139 - position: [0. 0. 0.]
2026-01-21 11:27:45,346 - position: [0. 0. 0.]
2026-01-21 11:27:45,569 - position: [0. 0. 0.]
2026-01-21 11:27:45,772 - position: [0. 0. 0.]
2026-01-21 11:27:46,032 - position: [0. 0. 0.]
2026-01-21 11:27:46,258 - position: [0. 0. 0.]
2026-01-21 11:27:46,493 - position: [0. 0. 0.]
2026-01-21 11:27:46,720 - position: [0. 0. 0.]
2026-01-21 11:27:46,943 - position: [0. 0. 0.]
2026-01-21 11:27:47,173 - position: [0. 0. 0.]
2026-01-21 11:27:47,390 - position: [0. 0. 0.]
2026-01-21 11:27:47,612 - position: [0. 0. 0.]
2026-01-21 11:27:47,830 - position: [0. 0. 0.]
2026-01-21 11:27:48,037 - position: [0. 0. 0.]
2026-01-21 11:27:48,291 - position: [0. 0. 0.]
2026-01-21 11:27:48,492 - position: [0. 0. 0.]
2026-01-21 11:27:48,742 - position: [0. 0. 0.]
2026-01-21 11:27:48,997 - position: [0. 0. 0.]
2026-01-21 11:27:49,205 - position: [0. 0. 0.]
2026-01-21 11:27:49,419 - position: [0. 0. 0.]
2026-01-21 11:27:49,648 - position: [0. 0. 0.]
2026-01-21 11:27:49,860 - position: [0. 0. 0.]
2026-01-21 11:27:50,067 - position: [0. 0. 0.]
2026-01-21 11:27:50,289 - position: [0. 0. 0.]
2026-01-21 11:27:50,521 - position: [0. 0. 0.]
2026-01-21 11:27:50,729 - position: [0. 0. 0.]
2026-01-21 11:27:50,973 - position: [0. 0. 0.]
2026-01-21 11:27:51,249 - position: [0. 0. 0.]
2026-01-21 11:27:51,471 - position: [0. 0. 0.]
2026-01-21 11:27:51,700 - position: [0. 0. 0.]
2026-01-21 11:27:51,931 - position: [0. 0. 0.]
2026-01-21 11:27:52,188 - position: [0. 0. 0.]
2026-01-21 11:27:52,402 - position: [0. 0. 0.]
2026-01-21 11:27:52,616 - position: [0. 0. 0.]
2026-01-21 11:27:52,937 - position: [0. 0. 0.]
2026-01-21 11:27:53,149 - position: [0. 0. 0.]
2026-01-21 11:27:53,409 - position: [0. 0. 0.]
2026-01-21 11:27:53,733 - position: [0. 0. 0.]
2026-01-21 11:27:53,988 - position: [0. 0. 0.]
2026-01-21 11:27:54,227 - position: [0. 0. 0.]
2026-01-21 11:27:54,456 - position: [0. 0. 0.]
2026-01-21 11:27:54,673 - position: [0. 0. 0.]
2026-01-21 11:27:54,935 - position: [0. 0. 0.]
2026-01-21 11:27:55,206 - position: [0. 0. 0.]
2026-01-21 11:27:55,430 - position: [0. 0. 0.]
2026-01-21 11:27:55,647 - position: [0. 0. 0.]
2026-01-21 11:27:55,884 - position: [0. 0. 0.]
2026-01-21 11:27:56,151 - position: [0. 0. 0.]
2026-01-21 11:27:56,381 - position: [0. 0. 0.]
2026-01-21 11:27:56,649 - position: [0. 0. 0.]
2026-01-21 11:27:56,898 - position: [0. 0. 0.]
2026-01-21 11:27:57,187 - position: [0. 0. 0.]
2026-01-21 11:27:57,402 - position: [0. 0. 0.]
2026-01-21 11:27:57,662 - position: [0. 0. 0.]
2026-01-21 11:27:57,892 - position: [0. 0. 0.]
2026-01-21 11:27:58,136 - position: [0. 0. 0.]
2026-01-21 11:27:58,422 - position: [0. 0. 0.]
2026-01-21 11:27:58,624 - position: [0. 0. 0.]
2026-01-21 11:27:58,831 - position: [0. 0. 0.]
2026-01-21 11:27:59,066 - position: [0. 0. 0.]
2026-01-21 11:27:59,275 - position: [0. 0. 0.]
2026-01-21 11:27:59,525 - position: [0. 0. 0.]
2026-01-21 11:27:59,818 - position: [0. 0. 0.]
2026-01-21 11:28:00,133 - position: [0. 0. 0.]
2026-01-21 11:28:00,379 - position: [0. 0. 0.]
2026-01-21 11:28:00,592 - position: [0. 0. 0.]
2026-01-21 11:28:00,880 - position: [0. 0. 0.]
2026-01-21 11:28:01,112 - position: [0. 0. 0.]
2026-01-21 11:28:01,356 - position: [0. 0. 0.]
2026-01-21 11:28:01,565 - position: [0. 0. 0.]
2026-01-21 11:28:01,817 - position: [0. 0. 0.]
2026-01-21 11:28:02,033 - position: [0. 0. 0.]
2026-01-21 11:28:02,260 - position: [0. 0. 0.]
2026-01-21 11:28:02,479 - position: [0. 0. 0.]
2026-01-21 11:28:02,694 - position: [0. 0. 0.]
2026-01-21 11:28:02,934 - position: [0. 0. 0.]
2026-01-21 11:28:03,160 - position: [0. 0. 0.]
2026-01-21 11:28:03,410 - position: [0. 0. 0.]
2026-01-21 11:28:03,659 - position: [0. 0. 0.]
2026-01-21 11:28:03,865 - position: [0. 0. 0.]
2026-01-21 11:28:04,112 - position: [0. 0. 0.]
2026-01-21 11:28:04,353 - position: [0. 0. 0.]
2026-01-21 11:28:04,571 - position: [0. 0. 0.]
2026-01-21 11:28:04,796 - position: [0. 0. 0.]
2026-01-21 11:28:05,014 - position: [0. 0. 0.]
2026-01-21 11:28:05,238 - position: [0. 0. 0.]
2026-01-21 11:28:05,440 - position: [0. 0. 0.]
2026-01-21 11:28:05,697 - position: [0. 0. 0.]
2026-01-21 11:28:05,944 - position: [0. 0. 0.]
2026-01-21 11:28:06,194 - position: [0. 0. 0.]
2026-01-21 11:28:06,416 - position: [0. 0. 0.]
2026-01-21 11:28:06,627 - position: [0. 0. 0.]
2026-01-21 11:28:06,902 - position: [0. 0. 0.]
2026-01-21 11:28:07,151 - position: [0. 0. 0.]
2026-01-21 11:28:07,383 - position: [0. 0. 0.]
2026-01-21 11:28:07,635 - position: [0. 0. 0.]
2026-01-21 11:28:07,872 - position: [0. 0. 0.]
2026-01-21 11:28:08,102 - position: [0. 0. 0.]
2026-01-21 11:28:08,346 - position: [0. 0. 0.]
2026-01-21 11:28:08,561 - position: [0. 0. 0.]
2026-01-21 11:28:08,762 - position: [0. 0. 0.]
2026-01-21 11:28:09,023 - position: [0. 0. 0.]
2026-01-21 11:28:09,334 - position: [0. 0. 0.]
2026-01-21 11:28:09,560 - position: [0. 0. 0.]
2026-01-21 11:28:09,794 - position: [0. 0. 0.]
2026-01-21 11:28:10,004 - position: [0. 0. 0.]
2026-01-21 11:28:10,315 - position: [0. 0. 0.]
2026-01-21 11:28:10,565 - position: [0. 0. 0.]
2026-01-21 11:28:10,798 - position: [0. 0. 0.]
2026-01-21 11:28:11,028 - position: [0. 0. 0.]
2026-01-21 11:28:11,261 - position: [0. 0. 0.]
2026-01-21 11:28:11,514 - position: [0. 0. 0.]
2026-01-21 11:28:11,790 - position: [0. 0. 0.]
2026-01-21 11:28:12,010 - position: [0. 0. 0.]
2026-01-21 11:28:12,227 - position: [0. 0. 0.]
2026-01-21 11:28:12,441 - position: [0. 0. 0.]
2026-01-21 11:28:12,694 - position: [0. 0. 0.]
2026-01-21 11:28:12,942 - position: [0. 0. 0.]
2026-01-21 11:28:13,177 - position: [0. 0. 0.]
2026-01-21 11:28:13,379 - position: [0. 0. 0.]
2026-01-21 11:28:13,628 - position: [0. 0. 0.]
2026-01-21 11:28:13,859 - position: [0. 0. 0.]
2026-01-21 11:28:14,092 - position: [0. 0. 0.]
2026-01-21 11:28:14,339 - position: [0. 0. 0.]
2026-01-21 11:28:14,580 - position: [0. 0. 0.]
2026-01-21 11:28:14,787 - position: [0. 0. 0.]
2026-01-21 11:28:15,050 - position: [0. 0. 0.]
2026-01-21 11:28:15,357 - position: [0. 0. 0.]
2026-01-21 11:28:15,584 - position: [0. 0. 0.]
2026-01-21 11:28:15,786 - position: [0. 0. 0.]
2026-01-21 11:28:15,997 - position: [0. 0. 0.]
2026-01-21 11:28:16,221 - position: [0. 0. 0.]
2026-01-21 11:28:16,442 - position: [0. 0. 0.]
2026-01-21 11:28:16,676 - position: [0. 0. 0.]
2026-01-21 11:28:16,910 - position: [0. 0. 0.]
2026-01-21 11:28:17,142 - position: [0. 0. 0.]
2026-01-21 11:28:17,416 - position: [0. 0. 0.]
2026-01-21 11:28:17,645 - position: [0. 0. 0.]
2026-01-21 11:28:17,949 - position: [0. 0. 0.]
2026-01-21 11:28:18,184 - position: [0. 0. 0.]
2026-01-21 11:28:18,408 - position: [0. 0. 0.]
2026-01-21 11:28:18,643 - position: [0. 0. 0.]
2026-01-21 11:28:18,870 - position: [0. 0. 0.]
2026-01-21 11:28:19,092 - position: [0. 0. 0.]
2026-01-21 11:28:19,349 - position: [0. 0. 0.]
2026-01-21 11:28:19,588 - position: [0. 0. 0.]
2026-01-21 11:28:19,809 - position: [0. 0. 0.]
2026-01-21 11:28:20,047 - position: [0. 0. 0.]
2026-01-21 11:28:20,254 - position: [0. 0. 0.]
2026-01-21 11:28:20,477 - position: [0. 0. 0.]
2026-01-21 11:28:20,727 - position: [0. 0. 0.]
2026-01-21 11:28:20,957 - position: [0. 0. 0.]
2026-01-21 11:28:21,227 - position: [0. 0. 0.]
2026-01-21 11:28:21,522 - position: [0. 0. 0.]
2026-01-21 11:28:21,734 - position: [0. 0. 0.]
2026-01-21 11:28:21,983 - position: [0. 0. 0.]
2026-01-21 11:28:22,230 - position: [0. 0. 0.]
2026-01-21 11:28:22,491 - position: [0. 0. 0.]
2026-01-21 11:28:22,724 - position: [0. 0. 0.]
2026-01-21 11:28:22,955 - position: [0. 0. 0.]
2026-01-21 11:28:23,230 - position: [0. 0. 0.]
2026-01-21 11:28:23,464 - position: [0. 0. 0.]
2026-01-21 11:28:23,687 - position: [0. 0. 0.]
2026-01-21 11:28:23,916 - position: [0. 0. 0.]
2026-01-21 11:28:24,158 - position: [0. 0. 0.]
2026-01-21 11:28:24,410 - position: [0. 0. 0.]
2026-01-21 11:28:24,699 - position: [0. 0. 0.]
2026-01-21 11:28:24,907 - position: [0. 0. 0.]
2026-01-21 11:28:25,138 - position: [0. 0. 0.]
2026-01-21 11:28:25,366 - position: [0. 0. 0.]
2026-01-21 11:28:25,609 - position: [0. 0. 0.]
2026-01-21 11:28:25,904 - position: [0. 0. 0.]
2026-01-21 11:28:26,150 - position: [0. 0. 0.]
2026-01-21 11:28:26,485 - position: [0. 0. 0.]
2026-01-21 11:28:26,738 - position: [0. 0. 0.]
2026-01-21 11:28:26,987 - position: [0. 0. 0.]
2026-01-21 11:28:27,219 - position: [0. 0. 0.]
2026-01-21 11:28:27,442 - position: [0. 0. 0.]
2026-01-21 11:28:27,654 - position: [0. 0. 0.]
2026-01-21 11:28:27,889 - position: [0. 0. 0.]
2026-01-21 11:28:28,103 - position: [0. 0. 0.]
2026-01-21 11:28:28,348 - position: [0. 0. 0.]
2026-01-21 11:28:28,604 - position: [0. 0. 0.]
2026-01-21 11:28:28,837 - position: [0. 0. 0.]
2026-01-21 11:28:29,055 - position: [0. 0. 0.]
2026-01-21 11:28:29,310 - position: [0. 0. 0.]
2026-01-21 11:28:29,534 - position: [0. 0. 0.]
2026-01-21 11:28:29,752 - position: [0. 0. 0.]
2026-01-21 11:28:29,967 - position: [0. 0. 0.]
2026-01-21 11:28:30,257 - position: [0. 0. 0.]
2026-01-21 11:28:30,516 - position: [0. 0. 0.]
2026-01-21 11:28:30,717 - position: [0. 0. 0.]
2026-01-21 11:28:30,930 - position: [0. 0. 0.]
2026-01-21 11:28:31,176 - position: [0. 0. 0.]
2026-01-21 11:28:31,426 - position: [0. 0. 0.]
2026-01-21 11:28:31,686 - position: [0. 0. 0.]
2026-01-21 11:28:31,943 - position: [0. 0. 0.]
2026-01-21 11:28:32,160 - position: [0. 0. 0.]
2026-01-21 11:28:32,432 - position: [0. 0. 0.]
2026-01-21 11:28:32,684 - position: [0. 0. 0.]
2026-01-21 11:28:32,893 - position: [0. 0. 0.]
2026-01-21 11:28:33,115 - position: [0. 0. 0.]
2026-01-21 11:28:33,368 - position: [0. 0. 0.]
2026-01-21 11:28:33,604 - position: [0. 0. 0.]
2026-01-21 11:28:33,864 - position: [0. 0. 0.]
2026-01-21 11:28:34,093 - position: [0. 0. 0.]
2026-01-21 11:28:34,332 - position: [0. 0. 0.]
2026-01-21 11:28:34,558 - position: [0. 0. 0.]
2026-01-21 11:28:34,800 - position: [0. 0. 0.]
2026-01-21 11:28:35,027 - position: [0. 0. 0.]
2026-01-21 11:28:35,260 - position: [0. 0. 0.]
2026-01-21 11:28:35,468 - position: [0. 0. 0.]
2026-01-21 11:28:35,680 - position: [0. 0. 0.]
2026-01-21 11:28:35,948 - position: [0. 0. 0.]
2026-01-21 11:28:36,167 - position: [0. 0. 0.]
2026-01-21 11:28:36,371 - position: [0. 0. 0.]
2026-01-21 11:28:36,629 - position: [0. 0. 0.]
2026-01-21 11:28:36,840 - position: [0. 0. 0.]
2026-01-21 11:28:37,055 - position: [0. 0. 0.]
2026-01-21 11:28:37,271 - position: [0. 0. 0.]
2026-01-21 11:28:37,541 - position: [0. 0. 0.]
2026-01-21 11:28:37,773 - position: [0. 0. 0.]
2026-01-21 11:28:37,994 - position: [0. 0. 0.]
2026-01-21 11:28:38,249 - position: [0. 0. 0.]
2026-01-21 11:28:38,530 - position: [0. 0. 0.]
2026-01-21 11:28:38,809 - position: [0. 0. 0.]
2026-01-21 11:28:39,055 - position: [0. 0. 0.]
2026-01-21 11:28:39,304 - position: [0. 0. 0.]
2026-01-21 11:28:39,531 - position: [0. 0. 0.]
2026-01-21 11:28:39,766 - position: [0. 0. 0.]
2026-01-21 11:28:40,019 - position: [0. 0. 0.]
2026-01-21 11:28:40,323 - position: [0. 0. 0.]
2026-01-21 11:28:40,675 - position: [0. 0. 0.]
2026-01-21 11:28:40,954 - position: [0. 0. 0.]
2026-01-21 11:28:41,193 - position: [0. 0. 0.]
2026-01-21 11:28:41,447 - position: [0. 0. 0.]
2026-01-21 11:28:41,724 - position: [0. 0. 0.]
2026-01-21 11:28:41,945 - position: [0. 0. 0.]
2026-01-21 11:28:42,147 - position: [0. 0. 0.]
2026-01-21 11:28:42,376 - position: [0. 0. 0.]
2026-01-21 11:28:42,609 - position: [0. 0. 0.]
2026-01-21 11:28:42,941 - position: [0. 0. 0.]
2026-01-21 11:28:43,180 - position: [0. 0. 0.]
2026-01-21 11:28:43,411 - position: [0. 0. 0.]
2026-01-21 11:28:43,628 - position: [0. 0. 0.]
2026-01-21 11:28:43,878 - position: [0. 0. 0.]
2026-01-21 11:28:44,115 - position: [0. 0. 0.]
2026-01-21 11:28:44,356 - position: [0. 0. 0.]
2026-01-21 11:28:44,573 - position: [0. 0. 0.]
2026-01-21 11:28:44,796 - position: [0. 0. 0.]
2026-01-21 11:28:45,027 - position: [0. 0. 0.]
2026-01-21 11:28:45,314 - position: [0. 0. 0.]
2026-01-21 11:28:45,517 - position: [0. 0. 0.]
2026-01-21 11:28:45,730 - position: [0. 0. 0.]
2026-01-21 11:28:45,993 - position: [0. 0. 0.]
2026-01-21 11:28:46,261 - position: [0. 0. 0.]
2026-01-21 11:28:46,552 - position: [0. 0. 0.]
2026-01-21 11:28:46,781 - position: [0. 0. 0.]
2026-01-21 11:28:46,999 - position: [0. 0. 0.]
2026-01-21 11:28:47,233 - position: [0. 0. 0.]
2026-01-21 11:28:47,452 - position: [0. 0. 0.]
2026-01-21 11:28:47,678 - position: [0. 0. 0.]
2026-01-21 11:28:47,932 - position: [0. 0. 0.]
2026-01-21 11:28:48,179 - position: [0. 0. 0.]
2026-01-21 11:28:48,392 - position: [0. 0. 0.]
2026-01-21 11:28:48,613 - position: [0. 0. 0.]
2026-01-21 11:28:48,833 - position: [0. 0. 0.]
2026-01-21 11:28:49,067 - position: [0. 0. 0.]
2026-01-21 11:28:49,293 - position: [0. 0. 0.]
2026-01-21 11:28:49,497 - position: [0. 0. 0.]
2026-01-21 11:28:49,737 - position: [0. 0. 0.]
2026-01-21 11:28:49,958 - position: [0. 0. 0.]
2026-01-21 11:28:50,202 - position: [0. 0. 0.]
2026-01-21 11:28:50,480 - position: [0. 0. 0.]
2026-01-21 11:28:50,712 - position: [0. 0. 0.]
2026-01-21 11:28:50,992 - position: [0. 0. 0.]
2026-01-21 11:28:51,293 - position: [0. 0. 0.]
2026-01-21 11:28:51,615 - position: [0. 0. 0.]
2026-01-21 11:28:51,898 - position: [0. 0. 0.]
2026-01-21 11:28:52,112 - position: [0. 0. 0.]
2026-01-21 11:28:52,339 - position: [0. 0. 0.]
2026-01-21 11:28:52,576 - position: [0. 0. 0.]
2026-01-21 11:28:52,796 - position: [0. 0. 0.]
2026-01-21 11:28:53,024 - position: [0. 0. 0.]
2026-01-21 11:28:53,234 - position: [0. 0. 0.]
2026-01-21 11:28:53,471 - position: [0. 0. 0.]
2026-01-21 11:28:53,687 - position: [0. 0. 0.]
2026-01-21 11:28:53,914 - position: [0. 0. 0.]
2026-01-21 11:28:54,126 - position: [0. 0. 0.]
2026-01-21 11:28:54,370 - position: [0. 0. 0.]
2026-01-21 11:28:54,608 - position: [0. 0. 0.]
2026-01-21 11:28:54,876 - position: [0. 0. 0.]
2026-01-21 11:28:55,089 - position: [0. 0. 0.]
2026-01-21 11:28:55,321 - position: [0. 0. 0.]
2026-01-21 11:28:55,575 - position: [0. 0. 0.]
2026-01-21 11:28:55,803 - position: [0. 0. 0.]
2026-01-21 11:28:56,035 - position: [0. 0. 0.]
2026-01-21 11:28:56,251 - position: [0. 0. 0.]
2026-01-21 11:28:56,486 - position: [0. 0. 0.]
2026-01-21 11:28:56,700 - position: [0. 0. 0.]
2026-01-21 11:28:56,975 - position: [0. 0. 0.]
2026-01-21 11:28:57,238 - position: [0. 0. 0.]
2026-01-21 11:28:57,444 - position: [0. 0. 0.]
2026-01-21 11:28:57,766 - position: [0. 0. 0.]
2026-01-21 11:28:58,025 - position: [0. 0. 0.]
2026-01-21 11:28:58,344 - position: [0. 0. 0.]
2026-01-21 11:28:58,615 - position: [0. 0. 0.]
2026-01-21 11:28:58,896 - position: [0. 0. 0.]
2026-01-21 11:28:59,119 - position: [0. 0. 0.]
2026-01-21 11:28:59,340 - position: [0. 0. 0.]
2026-01-21 11:28:59,559 - position: [0. 0. 0.]
2026-01-21 11:28:59,802 - position: [0. 0. 0.]
2026-01-21 11:29:00,066 - position: [0. 0. 0.]
2026-01-21 11:29:00,337 - position: [0. 0. 0.]
2026-01-21 11:29:00,615 - position: [0. 0. 0.]
2026-01-21 11:29:00,883 - position: [0. 0. 0.]
2026-01-21 11:29:01,125 - position: [0. 0. 0.]
2026-01-21 11:29:01,345 - position: [0. 0. 0.]
2026-01-21 11:29:01,606 - position: [0. 0. 0.]
2026-01-21 11:29:01,846 - position: [0. 0. 0.]
2026-01-21 11:29:02,080 - position: [0. 0. 0.]
2026-01-21 11:29:02,300 - position: [0. 0. 0.]
2026-01-21 11:29:02,547 - position: [0. 0. 0.]
2026-01-21 11:29:02,768 - position: [0. 0. 0.]
2026-01-21 11:29:02,984 - position: [0. 0. 0.]
2026-01-21 11:29:03,209 - position: [0. 0. 0.]
2026-01-21 11:29:03,444 - position: [0. 0. 0.]
2026-01-21 11:29:03,695 - position: [0. 0. 0.]
2026-01-21 11:29:03,952 - position: [0. 0. 0.]
2026-01-21 11:29:04,206 - position: [0. 0. 0.]
2026-01-21 11:29:04,469 - position: [0. 0. 0.]
2026-01-21 11:29:04,749 - position: [0. 0. 0.]
2026-01-21 11:29:04,974 - position: [0. 0. 0.]
2026-01-21 11:29:05,228 - position: [0. 0. 0.]
2026-01-21 11:29:05,485 - position: [0. 0. 0.]
2026-01-21 11:29:05,716 - position: [0. 0. 0.]
2026-01-21 11:29:05,974 - position: [0. 0. 0.]
2026-01-21 11:29:06,212 - position: [0. 0. 0.]
2026-01-21 11:29:06,429 - position: [0. 0. 0.]
2026-01-21 11:29:06,656 - position: [0. 0. 0.]
2026-01-21 11:29:06,886 - position: [0. 0. 0.]
2026-01-21 11:29:07,123 - position: [0. 0. 0.]
2026-01-21 11:29:07,341 - position: [0. 0. 0.]
2026-01-21 11:29:07,585 - position: [0. 0. 0.]
2026-01-21 11:29:07,809 - position: [0. 0. 0.]
2026-01-21 11:29:08,021 - position: [0. 0. 0.]
2026-01-21 11:29:08,250 - position: [0. 0. 0.]
2026-01-21 11:29:08,482 - position: [0. 0. 0.]
2026-01-21 11:29:08,751 - position: [0. 0. 0.]
2026-01-21 11:29:09,007 - position: [0. 0. 0.]
2026-01-21 11:29:09,236 - position: [0. 0. 0.]
2026-01-21 11:29:09,459 - position: [0. 0. 0.]
2026-01-21 11:29:09,702 - position: [0. 0. 0.]
2026-01-21 11:29:09,952 - position: [0. 0. 0.]
2026-01-21 11:29:10,239 - position: [0. 0. 0.]
2026-01-21 11:29:10,448 - position: [0. 0. 0.]
2026-01-21 11:29:10,687 - position: [0. 0. 0.]
2026-01-21 11:29:10,951 - position: [0. 0. 0.]
2026-01-21 11:29:11,168 - position: [0. 0. 0.]
2026-01-21 11:29:11,428 - position: [0. 0. 0.]
2026-01-21 11:29:11,663 - position: [0. 0. 0.]
2026-01-21 11:29:11,876 - position: [0. 0. 0.]
2026-01-21 11:29:12,105 - position: [0. 0. 0.]
2026-01-21 11:29:12,320 - position: [0. 0. 0.]
2026-01-21 11:29:12,539 - position: [0. 0. 0.]
2026-01-21 11:29:12,776 - position: [0. 0. 0.]
2026-01-21 11:29:13,009 - position: [0. 0. 0.]
2026-01-21 11:29:13,236 - position: [0. 0. 0.]
2026-01-21 11:29:13,471 - position: [0. 0. 0.]
2026-01-21 11:29:13,712 - position: [0. 0. 0.]
2026-01-21 11:29:14,005 - position: [0. 0. 0.]
2026-01-21 11:29:14,272 - position: [0. 0. 0.]
2026-01-21 11:29:14,511 - position: [0. 0. 0.]
2026-01-21 11:29:14,765 - position: [0. 0. 0.]
2026-01-21 11:29:15,017 - position: [0. 0. 0.]
2026-01-21 11:29:15,267 - position: [0. 0. 0.]
2026-01-21 11:29:15,506 - position: [0. 0. 0.]
2026-01-21 11:29:15,729 - position: [0. 0. 0.]
2026-01-21 11:29:15,948 - position: [0. 0. 0.]
2026-01-21 11:29:16,155 - position: [0. 0. 0.]
2026-01-21 11:29:16,371 - position: [0. 0. 0.]
2026-01-21 11:29:16,599 - position: [0. 0. 0.]
2026-01-21 11:29:16,864 - position: [0. 0. 0.]
2026-01-21 11:29:17,084 - position: [0. 0. 0.]
2026-01-21 11:29:17,301 - position: [0. 0. 0.]
2026-01-21 11:29:17,525 - position: [0. 0. 0.]
2026-01-21 11:29:17,762 - position: [0. 0. 0.]
2026-01-21 11:29:18,007 - position: [0. 0. 0.]
2026-01-21 11:29:18,250 - position: [0. 0. 0.]
2026-01-21 11:29:18,454 - position: [0. 0. 0.]
2026-01-21 11:29:18,726 - position: [0. 0. 0.]
2026-01-21 11:29:19,003 - position: [0. 0. 0.]
2026-01-21 11:29:19,299 - position: [0. 0. 0.]
2026-01-21 11:29:19,547 - position: [0. 0. 0.]
2026-01-21 11:29:19,841 - position: [0. 0. 0.]
2026-01-21 11:29:20,221 - position: [0. 0. 0.]
2026-01-21 11:29:20,530 - position: [0. 0. 0.]
2026-01-21 11:29:20,788 - position: [0. 0. 0.]
2026-01-21 11:29:21,025 - position: [0. 0. 0.]
2026-01-21 11:29:21,269 - position: [0. 0. 0.]
2026-01-21 11:29:21,486 - position: [0. 0. 0.]
2026-01-21 11:29:21,720 - position: [0. 0. 0.]
2026-01-21 11:29:21,944 - position: [0. 0. 0.]
2026-01-21 11:29:22,313 - position: [0. 0. 0.]
2026-01-21 11:29:22,574 - position: [0. 0. 0.]
2026-01-21 11:29:22,807 - position: [0. 0. 0.]
2026-01-21 11:29:23,078 - position: [0. 0. 0.]
2026-01-21 11:29:23,291 - position: [0. 0. 0.]
2026-01-21 11:29:23,509 - position: [0. 0. 0.]
2026-01-21 11:29:23,743 - position: [0. 0. 0.]
2026-01-21 11:29:23,957 - position: [0. 0. 0.]
2026-01-21 11:29:24,203 - position: [0. 0. 0.]
2026-01-21 11:29:24,453 - position: [0. 0. 0.]
2026-01-21 11:29:24,684 - position: [0. 0. 0.]
2026-01-21 11:29:24,928 - position: [0. 0. 0.]
2026-01-21 11:29:25,160 - position: [0. 0. 0.]
2026-01-21 11:29:25,388 - position: [0. 0. 0.]
2026-01-21 11:29:25,624 - position: [0. 0. 0.]
2026-01-21 11:29:25,838 - position: [0. 0. 0.]
2026-01-21 11:29:26,121 - position: [0. 0. 0.]
2026-01-21 11:29:26,447 - position: [0. 0. 0.]
2026-01-21 11:29:26,674 - position: [0. 0. 0.]
2026-01-21 11:29:26,999 - position: [0. 0. 0.]
2026-01-21 11:29:27,228 - position: [0. 0. 0.]
2026-01-21 11:29:27,479 - position: [0. 0. 0.]
2026-01-21 11:29:27,722 - position: [0. 0. 0.]
2026-01-21 11:29:27,966 - position: [0. 0. 0.]
2026-01-21 11:29:28,199 - position: [0. 0. 0.]
2026-01-21 11:29:28,435 - position: [0. 0. 0.]
2026-01-21 11:29:28,651 - position: [0. 0. 0.]
2026-01-21 11:29:28,893 - position: [0. 0. 0.]
2026-01-21 11:29:29,108 - position: [0. 0. 0.]
2026-01-21 11:29:29,351 - position: [0. 0. 0.]
2026-01-21 11:29:29,586 - position: [0. 0. 0.]
2026-01-21 11:29:29,811 - position: [0. 0. 0.]
2026-01-21 11:29:30,038 - position: [0. 0. 0.]
2026-01-21 11:29:30,246 - position: [0. 0. 0.]
2026-01-21 11:29:30,468 - position: [0. 0. 0.]
2026-01-21 11:29:30,705 - position: [0. 0. 0.]
2026-01-21 11:29:30,922 - position: [0. 0. 0.]
2026-01-21 11:29:31,148 - position: [0. 0. 0.]
2026-01-21 11:29:31,376 - position: [0. 0. 0.]
2026-01-21 11:29:31,578 - position: [0. 0. 0.]
2026-01-21 11:29:31,816 - position: [0. 0. 0.]
2026-01-21 11:29:32,028 - position: [0. 0. 0.]
2026-01-21 11:29:32,275 - position: [0. 0. 0.]
2026-01-21 11:29:32,528 - position: [0. 0. 0.]
2026-01-21 11:29:32,796 - position: [0. 0. 0.]
2026-01-21 11:29:33,025 - position: [0. 0. 0.]
2026-01-21 11:29:33,310 - position: [0. 0. 0.]
2026-01-21 11:29:33,545 - position: [0. 0. 0.]
2026-01-21 11:29:33,794 - position: [0. 0. 0.]
2026-01-21 11:29:34,153 - position: [0. 0. 0.]
2026-01-21 11:29:34,402 - position: [0. 0. 0.]
2026-01-21 11:29:34,623 - position: [0. 0. 0.]
2026-01-21 11:29:34,863 - position: [0. 0. 0.]
2026-01-21 11:29:35,115 - position: [0. 0. 0.]
2026-01-21 11:29:35,347 - position: [0. 0. 0.]
2026-01-21 11:29:35,563 - position: [0. 0. 0.]
2026-01-21 11:29:35,806 - position: [0. 0. 0.]
2026-01-21 11:29:36,140 - position: [0. 0. 0.]
2026-01-21 11:29:36,399 - position: [0. 0. 0.]
2026-01-21 11:29:36,647 - position: [0. 0. 0.]
2026-01-21 11:29:36,919 - position: [0. 0. 0.]
2026-01-21 11:29:37,132 - position: [0. 0. 0.]
2026-01-21 11:29:37,415 - position: [0. 0. 0.]
2026-01-21 11:29:37,637 - position: [0. 0. 0.]
2026-01-21 11:29:37,866 - position: [0. 0. 0.]
2026-01-21 11:29:38,073 - position: [0. 0. 0.]
2026-01-21 11:29:38,301 - position: [0. 0. 0.]
2026-01-21 11:29:38,545 - position: [0. 0. 0.]
2026-01-21 11:29:38,786 - position: [0. 0. 0.]
2026-01-21 11:29:39,019 - position: [0. 0. 0.]
2026-01-21 11:29:39,255 - position: [0. 0. 0.]
2026-01-21 11:29:39,479 - position: [0. 0. 0.]
2026-01-21 11:29:39,739 - position: [0. 0. 0.]
2026-01-21 11:29:39,955 - position: [0. 0. 0.]
2026-01-21 11:29:40,245 - position: [0. 0. 0.]
2026-01-21 11:29:40,507 - position: [0. 0. 0.]
2026-01-21 11:29:40,770 - position: [0. 0. 0.]
2026-01-21 11:29:41,026 - position: [0. 0. 0.]
2026-01-21 11:29:41,340 - position: [0. 0. 0.]
2026-01-21 11:29:41,594 - position: [0. 0. 0.]
2026-01-21 11:29:41,833 - position: [0. 0. 0.]
2026-01-21 11:29:42,161 - position: [0. 0. 0.]
2026-01-21 11:29:42,443 - position: [0. 0. 0.]
2026-01-21 11:29:42,662 - position: [0. 0. 0.]
2026-01-21 11:29:42,887 - position: [0. 0. 0.]
2026-01-21 11:29:43,115 - position: [0. 0. 0.]
2026-01-21 11:29:43,349 - position: [0. 0. 0.]
2026-01-21 11:29:43,558 - position: [0. 0. 0.]
2026-01-21 11:29:43,844 - position: [0. 0. 0.]
2026-01-21 11:29:44,088 - position: [0. 0. 0.]
2026-01-21 11:29:44,326 - position: [0. 0. 0.]
2026-01-21 11:29:44,555 - position: [0. 0. 0.]
2026-01-21 11:29:44,801 - position: [0. 0. 0.]
2026-01-21 11:29:45,063 - position: [0. 0. 0.]
2026-01-21 11:29:45,335 - position: [0. 0. 0.]
2026-01-21 11:29:45,563 - position: [0. 0. 0.]
2026-01-21 11:29:45,810 - position: [0. 0. 0.]
2026-01-21 11:29:46,078 - position: [0. 0. 0.]
2026-01-21 11:29:46,292 - position: [0. 0. 0.]
2026-01-21 11:29:46,501 - position: [0. 0. 0.]
2026-01-21 11:29:46,763 - position: [0. 0. 0.]
2026-01-21 11:29:47,008 - position: [0. 0. 0.]
2026-01-21 11:29:47,243 - position: [0. 0. 0.]
2026-01-21 11:29:47,458 - position: [0. 0. 0.]
2026-01-21 11:29:47,677 - position: [0. 0. 0.]
2026-01-21 11:29:47,938 - position: [0. 0. 0.]
2026-01-21 11:29:48,141 - position: [0. 0. 0.]
2026-01-21 11:29:48,375 - position: [0. 0. 0.]
2026-01-21 11:29:48,615 - position: [0. 0. 0.]
2026-01-21 11:29:48,833 - position: [0. 0. 0.]
2026-01-21 11:29:49,080 - position: [0. 0. 0.]
2026-01-21 11:29:49,320 - position: [0. 0. 0.]
2026-01-21 11:29:49,546 - position: [0. 0. 0.]
2026-01-21 11:29:49,801 - position: [0. 0. 0.]
2026-01-21 11:29:50,081 - position: [0. 0. 0.]
2026-01-21 11:29:50,318 - position: [0. 0. 0.]
2026-01-21 11:29:50,536 - position: [0. 0. 0.]
2026-01-21 11:29:50,763 - position: [0. 0. 0.]
2026-01-21 11:29:50,971 - position: [0. 0. 0.]
2026-01-21 11:29:51,207 - position: [0. 0. 0.]
2026-01-21 11:29:51,441 - position: [0. 0. 0.]
2026-01-21 11:29:51,658 - position: [0. 0. 0.]
2026-01-21 11:29:51,873 - position: [0. 0. 0.]
2026-01-21 11:29:52,088 - position: [0. 0. 0.]
2026-01-21 11:29:52,309 - position: [0. 0. 0.]
2026-01-21 11:29:52,537 - position: [0. 0. 0.]
2026-01-21 11:29:52,746 - position: [0. 0. 0.]
2026-01-21 11:29:52,983 - position: [0. 0. 0.]
2026-01-21 11:29:53,189 - position: [0. 0. 0.]
2026-01-21 11:29:53,430 - position: [0. 0. 0.]
2026-01-21 11:29:53,687 - position: [0. 0. 0.]
2026-01-21 11:29:53,962 - position: [0. 0. 0.]
2026-01-21 11:29:54,215 - position: [0. 0. 0.]
2026-01-21 11:29:54,452 - position: [0. 0. 0.]
2026-01-21 11:29:54,681 - position: [0. 0. 0.]
2026-01-21 11:29:54,907 - position: [0. 0. 0.]
2026-01-21 11:29:55,124 - position: [0. 0. 0.]
2026-01-21 11:29:55,357 - position: [0. 0. 0.]
2026-01-21 11:29:55,578 - position: [0. 0. 0.]
2026-01-21 11:29:55,881 - position: [0. 0. 0.]
2026-01-21 11:29:56,110 - position: [0. 0. 0.]
2026-01-21 11:29:56,319 - position: [0. 0. 0.]
2026-01-21 11:29:56,588 - position: [0. 0. 0.]
2026-01-21 11:29:56,807 - position: [0. 0. 0.]
2026-01-21 11:29:57,069 - position: [0. 0. 0.]
2026-01-21 11:29:57,284 - position: [0. 0. 0.]
2026-01-21 11:29:57,508 - position: [0. 0. 0.]
2026-01-21 11:29:57,720 - position: [0. 0. 0.]
2026-01-21 11:29:57,928 - position: [0. 0. 0.]
2026-01-21 11:29:58,147 - position: [0. 0. 0.]
2026-01-21 11:29:58,391 - position: [0. 0. 0.]
2026-01-21 11:29:58,616 - position: [0. 0. 0.]
2026-01-21 11:29:58,855 - position: [0. 0. 0.]
2026-01-21 11:29:59,085 - position: [0. 0. 0.]
2026-01-21 11:29:59,297 - position: [0. 0. 0.]
2026-01-21 11:29:59,537 - position: [0. 0. 0.]
2026-01-21 11:29:59,881 - position: [0. 0. 0.]
2026-01-21 11:30:00,121 - position: [0. 0. 0.]
2026-01-21 11:30:00,357 - position: [0. 0. 0.]
2026-01-21 11:30:00,568 - position: [0. 0. 0.]
2026-01-21 11:30:00,808 - position: [0. 0. 0.]
2026-01-21 11:30:01,035 - position: [0. 0. 0.]
2026-01-21 11:30:01,267 - position: [0. 0. 0.]
2026-01-21 11:30:01,496 - position: [0. 0. 0.]
2026-01-21 11:30:01,729 - position: [0. 0. 0.]
2026-01-21 11:30:01,955 - position: [0. 0. 0.]
2026-01-21 11:30:02,181 - position: [0. 0. 0.]
2026-01-21 11:30:02,418 - position: [0. 0. 0.]
2026-01-21 11:30:02,622 - position: [0. 0. 0.]
2026-01-21 11:30:02,870 - position: [0. 0. 0.]
2026-01-21 11:30:03,106 - position: [0. 0. 0.]
2026-01-21 11:30:03,347 - position: [0. 0. 0.]
2026-01-21 11:30:03,555 - position: [0. 0. 0.]
2026-01-21 11:30:03,806 - position: [0. 0. 0.]
2026-01-21 11:30:04,026 - position: [0. 0. 0.]
2026-01-21 11:30:04,271 - position: [0. 0. 0.]
2026-01-21 11:30:04,546 - position: [0. 0. 0.]
2026-01-21 11:30:04,830 - position: [0. 0. 0.]
2026-01-21 11:30:05,059 - position: [0. 0. 0.]
2026-01-21 11:30:05,298 - position: [0. 0. 0.]
2026-01-21 11:30:05,533 - position: [0. 0. 0.]
2026-01-21 11:30:05,757 - position: [0. 0. 0.]
2026-01-21 11:30:05,985 - position: [0. 0. 0.]
2026-01-21 11:30:06,213 - position: [0. 0. 0.]
2026-01-21 11:30:06,445 - position: [0. 0. 0.]
2026-01-21 11:30:06,678 - position: [0. 0. 0.]
2026-01-21 11:30:06,918 - position: [0. 0. 0.]
2026-01-21 11:30:07,164 - position: [0. 0. 0.]
2026-01-21 11:30:07,382 - position: [0. 0. 0.]
2026-01-21 11:30:07,622 - position: [0. 0. 0.]
2026-01-21 11:30:07,868 - position: [0. 0. 0.]
2026-01-21 11:30:08,129 - position: [0. 0. 0.]
2026-01-21 11:30:08,405 - position: [0. 0. 0.]
2026-01-21 11:30:08,644 - position: [0. 0. 0.]
2026-01-21 11:30:08,895 - position: [0. 0. 0.]
2026-01-21 11:30:09,112 - position: [0. 0. 0.]
2026-01-21 11:30:09,320 - position: [0. 0. 0.]
2026-01-21 11:30:09,541 - position: [0. 0. 0.]
2026-01-21 11:30:09,744 - position: [0. 0. 0.]
2026-01-21 11:30:09,956 - position: [0. 0. 0.]
2026-01-21 11:30:10,182 - position: [0. 0. 0.]
2026-01-21 11:30:10,412 - position: [0. 0. 0.]
2026-01-21 11:30:10,622 - position: [0. 0. 0.]
2026-01-21 11:30:10,848 - position: [0. 0. 0.]
2026-01-21 11:30:11,062 - position: [0. 0. 0.]
2026-01-21 11:30:11,296 - position: [0. 0. 0.]
2026-01-21 11:30:11,516 - position: [0. 0. 0.]
2026-01-21 11:30:11,745 - position: [0. 0. 0.]
2026-01-21 11:30:11,950 - position: [0. 0. 0.]
2026-01-21 11:30:12,182 - position: [0. 0. 0.]
2026-01-21 11:30:12,424 - position: [0. 0. 0.]
2026-01-21 11:30:12,693 - position: [0. 0. 0.]
2026-01-21 11:30:12,921 - position: [0. 0. 0.]
2026-01-21 11:30:13,148 - position: [0. 0. 0.]
2026-01-21 11:30:13,379 - position: [0. 0. 0.]
2026-01-21 11:30:13,584 - position: [0. 0. 0.]
2026-01-21 11:30:13,799 - position: [0. 0. 0.]
2026-01-21 11:30:14,021 - position: [0. 0. 0.]
2026-01-21 11:30:14,234 - position: [0. 0. 0.]
2026-01-21 11:30:14,458 - position: [0. 0. 0.]
2026-01-21 11:30:14,683 - position: [0. 0. 0.]
2026-01-21 11:30:14,946 - position: [0. 0. 0.]
2026-01-21 11:30:15,197 - position: [0. 0. 0.]
2026-01-21 11:30:15,460 - position: [0. 0. 0.]
2026-01-21 11:30:15,679 - position: [0. 0. 0.]
2026-01-21 11:30:15,923 - position: [0. 0. 0.]
2026-01-21 11:30:16,165 - position: [0. 0. 0.]
2026-01-21 11:30:16,412 - position: [0. 0. 0.]
2026-01-21 11:30:16,646 - position: [0. 0. 0.]
2026-01-21 11:30:16,867 - position: [0. 0. 0.]
2026-01-21 11:30:17,117 - position: [0. 0. 0.]
2026-01-21 11:30:17,369 - position: [0. 0. 0.]
2026-01-21 11:30:17,646 - position: [0. 0. 0.]
