2026-01-20 12:17:04,498 - position: [ 0.34611204 -1.33577895  0.71579659]
2026-01-20 12:17:04,754 - position: [ 0.34611204 -1.33577895  0.71579659]
2026-01-20 12:17:04,956 - position: [ 0.34611204 -1.33577895  0.71579659]
2026-01-20 12:17:05,161 - position: [ 0.34611204 -1.33577895  0.71579659]
2026-01-20 12:17:05,439 - position: [ 0.34611204 -1.33577895  0.71579659]
2026-01-20 12:17:05,669 - position: [ 0.34611204 -1.33577895  0.71579659]
2026-01-20 12:17:05,877 - position: [ 0.34611204 -1.33577895  0.71579659]
2026-01-20 12:17:06,120 - position: [ 0.34611204 -1.33577895  0.71579659]
2026-01-20 12:17:06,396 - position: [ 0.34611204 -1.33577895  0.71579659]
2026-01-20 12:17:06,614 - position: [ 0.34348375 -1.3325187   0.71689129]
2026-01-20 12:17:06,830 - position: [ 0.34481332 -1.3351717   0.71623552]
2026-01-20 12:17:07,052 - position: [ 0.34481332 -1.3351717   0.71623552]
2026-01-20 12:17:07,285 - position: [ 0.53489649 -0.97776079  1.41302204]
2026-01-20 12:17:07,528 - position: [ 0.4865717  -1.15580618  1.82508659]
2026-01-20 12:17:07,749 - position: [ 0.38589936 -1.39194798  1.96177113]
2026-01-20 12:17:08,015 - position: [ 0.33840615 -1.50188637  1.95705712]
2026-01-20 12:17:08,228 - position: [ 0.32781529 -1.51823533  1.95466566]
2026-01-20 12:17:08,465 - position: [ 0.28799841 -1.49953926  1.95435369]
2026-01-20 12:17:08,728 - position: [ 0.28676701 -1.49885857  1.95397806]
2026-01-20 12:17:08,977 - position: [ 0.31401569 -1.43991542  1.94441986]
2026-01-20 12:17:09,270 - position: [ 0.39122573 -1.29318881  1.81324589]
2026-01-20 12:17:09,481 - position: [ 0.45409483 -1.04436731  1.24222803]
2026-01-20 12:17:09,702 - position: [ 0.45409483 -1.04436731  1.24222803]
2026-01-20 12:17:09,923 - position: [ 0.45409483 -1.04436731  1.24222803]
2026-01-20 12:17:10,175 - position: [ 0.45409483 -1.04436731  1.24222803]
2026-01-20 12:17:10,435 - position: [ 0.38131323 -1.36404419  0.7217443 ]
2026-01-20 12:17:10,663 - position: [ 0.38131323 -1.36404419  0.7217443 ]
2026-01-20 12:17:10,869 - position: [ 0.38131323 -1.36404419  0.7217443 ]
2026-01-20 12:17:11,093 - position: [ 0.38131323 -1.36404419  0.7217443 ]
2026-01-20 12:17:11,336 - position: [ 0.38131323 -1.36404419  0.7217443 ]
2026-01-20 12:17:11,589 - position: [ 0.38131323 -1.36404419  0.7217443 ]
2026-01-20 12:17:11,847 - position: [ 0.38131323 -1.36404419  0.7217443 ]
2026-01-20 12:17:12,119 - position: [ 0.38131323 -1.36404419  0.7217443 ]
2026-01-20 12:17:12,368 - position: [ 0.38131323 -1.36404419  0.7217443 ]
2026-01-20 12:17:12,595 - position: [ 0.38131323 -1.36404419  0.7217443 ]
2026-01-20 12:17:12,836 - position: [ 0.38131323 -1.36404419  0.7217443 ]
2026-01-20 12:17:13,069 - position: [ 0.38131323 -1.36404419  0.7217443 ]
2026-01-20 12:17:13,289 - position: [ 0.38131323 -1.36404419  0.7217443 ]
2026-01-20 12:17:13,515 - position: [ 0.38131323 -1.36404419  0.7217443 ]
2026-01-20 12:17:13,761 - position: [ 0.38131323 -1.36404419  0.7217443 ]
2026-01-20 12:17:13,997 - position: [ 0.38131323 -1.36404419  0.7217443 ]
2026-01-20 12:17:14,298 - position: [ 0.38131323 -1.36404419  0.7217443 ]
2026-01-20 12:17:14,506 - position: [ 0.38131323 -1.36404419  0.7217443 ]
2026-01-20 12:17:14,763 - position: [ 0.38131323 -1.36404419  0.7217443 ]
2026-01-20 12:17:15,024 - position: [ 0.38131323 -1.36404419  0.7217443 ]
2026-01-20 12:17:15,250 - position: [ 0.38131323 -1.36404419  0.7217443 ]
2026-01-20 12:17:15,474 - position: [ 0.38131323 -1.36404419  0.7217443 ]
2026-01-20 12:17:15,731 - position: [ 0.38131323 -1.36404419  0.7217443 ]
2026-01-20 12:17:15,980 - position: [ 0.38131323 -1.36404419  0.7217443 ]
2026-01-20 12:17:16,240 - position: [ 0.38131323 -1.36404419  0.7217443 ]
2026-01-20 12:17:16,484 - position: [ 0.38131323 -1.36404419  0.7217443 ]
2026-01-20 12:17:16,721 - position: [ 0.36087644 -1.35193503  0.71675652]
2026-01-20 12:17:17,000 - position: [ 0.36087644 -1.35193503  0.71675652]
2026-01-20 12:17:17,254 - position: [ 0.36725053 -1.36581087  0.71542108]
2026-01-20 12:17:17,474 - position: [ 0.36725053 -1.36581087  0.71542108]
2026-01-20 12:17:17,765 - position: [ 0.36725053 -1.36581087  0.71542108]
2026-01-20 12:17:18,011 - position: [ 0.36725053 -1.36581087  0.71542108]
2026-01-20 12:17:18,287 - position: [ 0.36725053 -1.36581087  0.71542108]
2026-01-20 12:17:18,523 - position: [ 0.36725053 -1.36581087  0.71542108]
2026-01-20 12:17:18,834 - position: [ 0.36725053 -1.36581087  0.71542108]
2026-01-20 12:17:19,146 - position: [ 0.36725053 -1.36581087  0.71542108]
2026-01-20 12:17:19,385 - position: [ 0.36725053 -1.36581087  0.71542108]
2026-01-20 12:17:19,595 - position: [ 0.38578475 -1.39513636  0.70341814]
2026-01-20 12:17:19,843 - position: [ 0.38578475 -1.39513636  0.70341814]
2026-01-20 12:17:20,054 - position: [ 0.38578475 -1.39513636  0.70341814]
2026-01-20 12:17:20,285 - position: [ 0.38578475 -1.39513636  0.70341814]
2026-01-20 12:17:20,578 - position: [ 0.38578475 -1.39513636  0.70341814]
2026-01-20 12:17:20,793 - position: [ 0.38578475 -1.39513636  0.70341814]
2026-01-20 12:17:21,065 - position: [ 0.38578475 -1.39513636  0.70341814]
2026-01-20 12:17:21,341 - position: [ 0.38578475 -1.39513636  0.70341814]
2026-01-20 12:17:21,564 - position: [ 0.38578475 -1.39513636  0.70341814]
2026-01-20 12:17:21,815 - position: [ 0.38578475 -1.39513636  0.70341814]
2026-01-20 12:17:22,076 - position: [ 0.37873992 -1.40274549  0.69892895]
2026-01-20 12:17:22,303 - position: [ 0.37943387 -1.40260935  0.7001186 ]
2026-01-20 12:17:22,536 - position: [ 0.38004741 -1.39940381  0.70123297]
2026-01-20 12:17:22,778 - position: [ 0.38004741 -1.39940381  0.70123297]
2026-01-20 12:17:22,994 - position: [ 0.38004741 -1.39940381  0.70123297]
2026-01-20 12:17:23,284 - position: [ 0.38004741 -1.39940381  0.70123297]
2026-01-20 12:17:23,573 - position: [ 0.38004741 -1.39940381  0.70123297]
2026-01-20 12:17:23,781 - position: [ 0.38004741 -1.39940381  0.70123297]
2026-01-20 12:17:24,012 - position: [ 0.38004741 -1.39940381  0.70123297]
2026-01-20 12:17:24,255 - position: [ 0.38004741 -1.39940381  0.70123297]
2026-01-20 12:17:24,523 - position: [ 0.38004741 -1.39940381  0.70123297]
2026-01-20 12:17:24,759 - position: [ 0.38004741 -1.39940381  0.70123297]
2026-01-20 12:17:25,010 - position: [ 0.38004741 -1.39940381  0.70123297]
2026-01-20 12:17:25,243 - position: [ 0.38004741 -1.39940381  0.70123297]
2026-01-20 12:17:25,504 - position: [ 0.38004741 -1.39940381  0.70123297]
2026-01-20 12:17:25,743 - position: [ 0.38004741 -1.39940381  0.70123297]
2026-01-20 12:17:25,995 - position: [ 0.38004741 -1.39940381  0.70123297]
2026-01-20 12:17:26,311 - position: [ 0.39187223 -1.41865921  0.70368123]
2026-01-20 12:17:26,603 - position: [ 0.39127561 -1.41787827  0.70355713]
2026-01-20 12:17:26,858 - position: [ 0.39127561 -1.41787827  0.70355713]
2026-01-20 12:17:27,091 - position: [ 0.39127561 -1.41787827  0.70355713]
2026-01-20 12:17:27,344 - position: [ 0.39127561 -1.41787827  0.70355713]
2026-01-20 12:17:27,556 - position: [ 0.38717693 -1.40381491  0.70223582]
2026-01-20 12:17:27,779 - position: [ 0.3881757  -1.40365958  0.70270646]
2026-01-20 12:17:28,032 - position: [ 0.3881757  -1.40365958  0.70270646]
2026-01-20 12:17:28,270 - position: [ 0.3881757  -1.40365958  0.70270646]
2026-01-20 12:17:28,501 - position: [ 0.39609504 -1.3929863   0.7066502 ]
2026-01-20 12:17:28,772 - position: [ 0.39780289 -1.39366615  0.70604932]
2026-01-20 12:17:29,103 - position: [ 0.39780289 -1.39366615  0.70604932]
2026-01-20 12:17:29,316 - position: [ 0.39780289 -1.39366615  0.70604932]
2026-01-20 12:17:29,559 - position: [ 0.40000874 -1.39492261  0.70848054]
2026-01-20 12:17:29,808 - position: [ 0.40000874 -1.39492261  0.70848054]
2026-01-20 12:17:30,065 - position: [ 0.40000874 -1.39492261  0.70848054]
2026-01-20 12:17:30,441 - position: [ 0.40000874 -1.39492261  0.70848054]
2026-01-20 12:17:30,765 - position: [ 0.39792508 -1.40426922  0.70190334]
2026-01-20 12:17:31,011 - position: [ 0.39792508 -1.40426922  0.70190334]
2026-01-20 12:17:31,214 - position: [ 0.39792508 -1.40426922  0.70190334]
2026-01-20 12:17:31,593 - position: [ 0.39792508 -1.40426922  0.70190334]
2026-01-20 12:17:31,936 - position: [ 0.39024356 -1.40581167  0.70041245]
2026-01-20 12:17:32,216 - position: [ 0.38872671 -1.39580429  0.70153308]
2026-01-20 12:17:32,478 - position: [ 0.38508493 -1.3950752   0.70113683]
2026-01-20 12:17:32,759 - position: [ 0.38543594 -1.39794302  0.70055962]
2026-01-20 12:17:33,002 - position: [ 0.3862471  -1.3962698   0.70172697]
2026-01-20 12:17:33,231 - position: [ 0.39125484 -1.38851523  0.70580506]
2026-01-20 12:17:33,460 - position: [ 0.39166605 -1.38636291  0.70720273]
2026-01-20 12:17:33,698 - position: [ 0.38792285 -1.38698006  0.70585877]
2026-01-20 12:17:33,909 - position: [ 0.38842136 -1.38835418  0.7057088 ]
2026-01-20 12:17:34,146 - position: [ 0.38332871 -1.39343333  0.70294905]
2026-01-20 12:17:34,371 - position: [ 0.38269669 -1.39383185  0.7024824 ]
2026-01-20 12:17:34,619 - position: [ 0.38118649 -1.38911426  0.70134223]
2026-01-20 12:17:34,880 - position: [ 0.38118649 -1.38911426  0.70134223]
2026-01-20 12:17:35,090 - position: [ 0.38118649 -1.38911426  0.70134223]
2026-01-20 12:17:35,328 - position: [ 0.38118649 -1.38911426  0.70134223]
2026-01-20 12:17:35,577 - position: [ 0.35844573 -1.33999312  1.97295284]
2026-01-20 12:17:35,814 - position: [ 0.28944847 -1.49599004  1.9597373 ]
2026-01-20 12:17:36,030 - position: [ 0.279612   -1.50487781  1.95840859]
2026-01-20 12:17:36,389 - position: [ 0.27730039 -1.4752872   1.96103227]
2026-01-20 12:17:36,596 - position: [ 0.28152338 -1.45943189  1.95858908]
2026-01-20 12:17:36,811 - position: [ 0.29154837 -1.43524885  1.94973934]
2026-01-20 12:17:37,037 - position: [ 0.32358482 -1.38183773  1.92949903]
2026-01-20 12:17:37,295 - position: [ 0.46310431 -1.07471991  1.37693286]
2026-01-20 12:17:37,561 - position: [ 0.4623276  -1.05383599  1.22341728]
2026-01-20 12:17:37,795 - position: [ 0.4623276  -1.05383599  1.22341728]
2026-01-20 12:17:38,064 - position: [ 0.4623276  -1.05383599  1.22341728]
2026-01-20 12:17:38,303 - position: [ 0.4623276  -1.05383599  1.22341728]
2026-01-20 12:17:38,622 - position: [ 0.4623276  -1.05383599  1.22341728]
2026-01-20 12:17:38,853 - position: [ 0.4623276  -1.05383599  1.22341728]
2026-01-20 12:17:39,078 - position: [ 0.37278432 -1.3130784   0.71822935]
2026-01-20 12:17:39,290 - position: [ 0.38165322 -1.33168256  0.71275342]
2026-01-20 12:17:39,588 - position: [ 0.37832469 -1.33675694  0.71076083]
2026-01-20 12:17:39,860 - position: [ 0.37832469 -1.33675694  0.71076083]
2026-01-20 12:17:40,105 - position: [ 0.37832469 -1.33675694  0.71076083]
2026-01-20 12:17:40,362 - position: [ 0.37832469 -1.33675694  0.71076083]
2026-01-20 12:17:40,571 - position: [ 0.37832469 -1.33675694  0.71076083]
2026-01-20 12:17:40,866 - position: [ 0.35867557 -1.33595765  0.71633857]
2026-01-20 12:17:41,145 - position: [ 0.35867557 -1.33595765  0.71633857]
2026-01-20 12:17:41,400 - position: [ 0.35867557 -1.33595765  0.71633857]
2026-01-20 12:17:41,639 - position: [ 0.35867557 -1.33595765  0.71633857]
2026-01-20 12:17:41,864 - position: [ 0.35867557 -1.33595765  0.71633857]
2026-01-20 12:17:42,078 - position: [ 0.35867557 -1.33595765  0.71633857]
2026-01-20 12:17:42,360 - position: [ 0.35867557 -1.33595765  0.71633857]
2026-01-20 12:17:42,615 - position: [ 0.35867557 -1.33595765  0.71633857]
2026-01-20 12:17:42,868 - position: [ 0.35867557 -1.33595765  0.71633857]
2026-01-20 12:17:43,105 - position: [ 0.35867557 -1.33595765  0.71633857]
2026-01-20 12:17:43,375 - position: [ 0.35867557 -1.33595765  0.71633857]
2026-01-20 12:17:43,667 - position: [ 0.35867557 -1.33595765  0.71633857]
2026-01-20 12:17:43,899 - position: [ 0.35867557 -1.33595765  0.71633857]
2026-01-20 12:17:44,153 - position: [ 0.35867557 -1.33595765  0.71633857]
2026-01-20 12:17:44,414 - position: [ 0.35867557 -1.33595765  0.71633857]
2026-01-20 12:17:44,653 - position: [ 0.35867557 -1.33595765  0.71633857]
2026-01-20 12:17:44,916 - position: [ 0.35867557 -1.33595765  0.71633857]
2026-01-20 12:17:45,179 - position: [ 0.35867557 -1.33595765  0.71633857]
2026-01-20 12:17:45,424 - position: [ 0.35867557 -1.33595765  0.71633857]
2026-01-20 12:17:45,661 - position: [ 0.35867557 -1.33595765  0.71633857]
2026-01-20 12:17:45,947 - position: [ 0.35867557 -1.33595765  0.71633857]
2026-01-20 12:17:46,261 - position: [ 0.35090464 -1.35147011  0.71152407]
2026-01-20 12:17:46,508 - position: [ 0.35090464 -1.35147011  0.71152407]
2026-01-20 12:17:46,738 - position: [ 0.35090464 -1.35147011  0.71152407]
2026-01-20 12:17:46,961 - position: [ 0.35090464 -1.35147011  0.71152407]
2026-01-20 12:17:47,190 - position: [ 0.35090464 -1.35147011  0.71152407]
2026-01-20 12:17:47,396 - position: [ 0.35090464 -1.35147011  0.71152407]
2026-01-20 12:17:47,652 - position: [ 0.35090464 -1.35147011  0.71152407]
2026-01-20 12:17:47,908 - position: [ 0.35090464 -1.35147011  0.71152407]
2026-01-20 12:17:48,196 - position: [ 0.35090464 -1.35147011  0.71152407]
2026-01-20 12:17:48,433 - position: [ 0.35724166 -1.35999513  0.71238941]
2026-01-20 12:17:48,655 - position: [ 0.35724166 -1.35999513  0.71238941]
2026-01-20 12:17:48,900 - position: [ 0.35724166 -1.35999513  0.71238941]
2026-01-20 12:17:49,173 - position: [ 0.35724166 -1.35999513  0.71238941]
2026-01-20 12:17:49,432 - position: [ 0.35724166 -1.35999513  0.71238941]
2026-01-20 12:17:49,675 - position: [ 0.38087368 -1.37031889  0.70912129]
2026-01-20 12:17:49,927 - position: [ 0.37480795 -1.3662194   0.71063173]
2026-01-20 12:17:50,163 - position: [ 0.37480795 -1.3662194   0.71063173]
2026-01-20 12:17:50,418 - position: [ 0.37480795 -1.3662194   0.71063173]
2026-01-20 12:17:50,634 - position: [ 0.37480795 -1.3662194   0.71063173]
2026-01-20 12:17:50,860 - position: [ 0.37480795 -1.3662194   0.71063173]
2026-01-20 12:17:51,122 - position: [ 0.37480795 -1.3662194   0.71063173]
2026-01-20 12:17:51,343 - position: [ 0.37480795 -1.3662194   0.71063173]
2026-01-20 12:17:51,579 - position: [ 0.37480795 -1.3662194   0.71063173]
2026-01-20 12:17:51,846 - position: [ 0.37480795 -1.3662194   0.71063173]
2026-01-20 12:17:52,111 - position: [ 0.37480795 -1.3662194   0.71063173]
2026-01-20 12:17:52,387 - position: [ 0.37480795 -1.3662194   0.71063173]
2026-01-20 12:17:52,628 - position: [ 0.37480795 -1.3662194   0.71063173]
2026-01-20 12:17:52,867 - position: [ 0.37480795 -1.3662194   0.71063173]
2026-01-20 12:17:53,188 - position: [ 0.37480795 -1.3662194   0.71063173]
2026-01-20 12:17:53,446 - position: [ 0.37804773 -1.37644804  0.70657134]
2026-01-20 12:17:53,739 - position: [ 0.37804773 -1.37644804  0.70657134]
2026-01-20 12:17:53,978 - position: [ 0.37804773 -1.37644804  0.70657134]
2026-01-20 12:17:54,275 - position: [ 0.37804773 -1.37644804  0.70657134]
2026-01-20 12:17:54,555 - position: [ 0.37804773 -1.37644804  0.70657134]
2026-01-20 12:17:54,797 - position: [ 0.3695806  -1.38298118  0.70813048]
2026-01-20 12:17:55,055 - position: [ 0.37213451 -1.37299919  0.70664877]
2026-01-20 12:17:55,362 - position: [ 0.37213451 -1.37299919  0.70664877]
2026-01-20 12:17:55,596 - position: [ 0.37213451 -1.37299919  0.70664877]
2026-01-20 12:17:55,883 - position: [ 0.37213451 -1.37299919  0.70664877]
2026-01-20 12:17:56,092 - position: [ 0.37213451 -1.37299919  0.70664877]
2026-01-20 12:17:56,397 - position: [ 0.36479181 -1.38113546  0.70344269]
2026-01-20 12:17:56,702 - position: [ 0.36479181 -1.38113546  0.70344269]
2026-01-20 12:17:57,008 - position: [ 0.36226234 -1.37754738  0.70443135]
2026-01-20 12:17:57,280 - position: [ 0.36226234 -1.37754738  0.70443135]
2026-01-20 12:17:57,507 - position: [ 0.36226234 -1.37754738  0.70443135]
2026-01-20 12:17:57,743 - position: [ 0.36226234 -1.37754738  0.70443135]
2026-01-20 12:17:57,985 - position: [ 0.36226234 -1.37754738  0.70443135]
2026-01-20 12:17:58,232 - position: [ 0.36226234 -1.37754738  0.70443135]
2026-01-20 12:17:58,509 - position: [ 0.36226234 -1.37754738  0.70443135]
2026-01-20 12:17:58,738 - position: [ 0.36226234 -1.37754738  0.70443135]
2026-01-20 12:17:58,951 - position: [ 0.36226234 -1.37754738  0.70443135]
2026-01-20 12:17:59,194 - position: [ 0.36226234 -1.37754738  0.70443135]
2026-01-20 12:17:59,418 - position: [ 0.36226234 -1.37754738  0.70443135]
2026-01-20 12:17:59,667 - position: [ 0.36226234 -1.37754738  0.70443135]
2026-01-20 12:17:59,896 - position: [ 0.36226234 -1.37754738  0.70443135]
2026-01-20 12:18:00,125 - position: [ 0.36226234 -1.37754738  0.70443135]
2026-01-20 12:18:00,351 - position: [ 0.36226234 -1.37754738  0.70443135]
2026-01-20 12:18:00,553 - position: [ 0.36226234 -1.37754738  0.70443135]
2026-01-20 12:18:00,790 - position: [ 0.36226234 -1.37754738  0.70443135]
2026-01-20 12:18:01,034 - position: [ 0.36226234 -1.37754738  0.70443135]
2026-01-20 12:18:01,389 - position: [ 0.36226234 -1.37754738  0.70443135]
2026-01-20 12:18:01,638 - position: [ 0.36860347 -1.38459241  0.7127409 ]
2026-01-20 12:18:01,877 - position: [ 0.36860347 -1.38459241  0.7127409 ]
2026-01-20 12:18:02,179 - position: [ 0.36860347 -1.38459241  0.7127409 ]
2026-01-20 12:18:02,412 - position: [ 0.36860347 -1.38459241  0.7127409 ]
2026-01-20 12:18:02,681 - position: [ 0.36860347 -1.38459241  0.7127409 ]
2026-01-20 12:18:02,896 - position: [ 0.36860347 -1.38459241  0.7127409 ]
2026-01-20 12:18:03,134 - position: [ 0.36860347 -1.38459241  0.7127409 ]
2026-01-20 12:18:03,402 - position: [ 0.36860347 -1.38459241  0.7127409 ]
2026-01-20 12:18:03,620 - position: [ 0.36860347 -1.38459241  0.7127409 ]
2026-01-20 12:18:03,848 - position: [ 0.36860347 -1.38459241  0.7127409 ]
2026-01-20 12:18:04,105 - position: [ 0.36860347 -1.38459241  0.7127409 ]
2026-01-20 12:18:04,379 - position: [ 0.36860347 -1.38459241  0.7127409 ]
2026-01-20 12:18:04,600 - position: [ 0.36860347 -1.38459241  0.7127409 ]
2026-01-20 12:18:04,840 - position: [ 0.36860347 -1.38459241  0.7127409 ]
2026-01-20 12:18:05,136 - position: [ 0.36860347 -1.38459241  0.7127409 ]
2026-01-20 12:18:05,402 - position: [ 0.36860347 -1.38459241  0.7127409 ]
2026-01-20 12:18:05,645 - position: [ 0.36860347 -1.38459241  0.7127409 ]
2026-01-20 12:18:05,875 - position: [ 0.36860347 -1.38459241  0.7127409 ]
2026-01-20 12:18:06,080 - position: [ 0.36860347 -1.38459241  0.7127409 ]
2026-01-20 12:18:06,321 - position: [ 0.36860347 -1.38459241  0.7127409 ]
2026-01-20 12:18:06,535 - position: [ 0.36860347 -1.38459241  0.7127409 ]
2026-01-20 12:18:06,772 - position: [ 0.36860347 -1.38459241  0.7127409 ]
2026-01-20 12:18:07,016 - position: [ 0.36860347 -1.38459241  0.7127409 ]
2026-01-20 12:18:07,243 - position: [ 0.36860347 -1.38459241  0.7127409 ]
2026-01-20 12:18:07,491 - position: [ 0.36860347 -1.38459241  0.7127409 ]
2026-01-20 12:18:07,754 - position: [ 0.36860347 -1.38459241  0.7127409 ]
2026-01-20 12:18:08,016 - position: [ 0.36860347 -1.38459241  0.7127409 ]
2026-01-20 12:18:08,306 - position: [ 0.36860347 -1.38459241  0.7127409 ]
2026-01-20 12:18:08,548 - position: [ 0.36860347 -1.38459241  0.7127409 ]
2026-01-20 12:18:08,805 - position: [ 0.36860347 -1.38459241  0.7127409 ]
2026-01-20 12:18:09,067 - position: [ 0.36860347 -1.38459241  0.7127409 ]
2026-01-20 12:18:09,287 - position: [ 0.36860347 -1.38459241  0.7127409 ]
2026-01-20 12:18:09,521 - position: [ 0.36860347 -1.38459241  0.7127409 ]
2026-01-20 12:18:09,776 - position: [ 0.36860347 -1.38459241  0.7127409 ]
2026-01-20 12:18:10,004 - position: [ 0.36860347 -1.38459241  0.7127409 ]
2026-01-20 12:18:10,315 - position: [ 0.36860347 -1.38459241  0.7127409 ]
2026-01-20 12:18:10,560 - position: [ 0.36860347 -1.38459241  0.7127409 ]
2026-01-20 12:18:10,807 - position: [ 0.36848125 -1.38034654  0.70779872]
2026-01-20 12:18:11,031 - position: [ 0.36848125 -1.38034654  0.70779872]
2026-01-20 12:18:11,266 - position: [ 0.53185868 -0.98757333  1.42509723]
2026-01-20 12:18:11,575 - position: [ 0.50562799 -1.13526344  1.79400337]
2026-01-20 12:18:11,819 - position: [ 0.36536658 -1.47350633  1.96768117]
2026-01-20 12:18:12,055 - position: [ 0.31755608 -1.51729107  1.95527697]
2026-01-20 12:18:12,355 - position: [ 0.31621921 -1.51533711  1.95538366]
2026-01-20 12:18:12,612 - position: [ 0.34798825 -1.42242086  1.95969594]
2026-01-20 12:18:12,860 - position: [ 0.43356881 -1.21179032  1.76777875]
2026-01-20 12:18:13,068 - position: [ 0.47998583 -1.03841102  1.3702898 ]
2026-01-20 12:18:13,324 - position: [ 0.48168761 -1.01715636  1.2106235 ]
2026-01-20 12:18:13,569 - position: [ 0.48168761 -1.01715636  1.2106235 ]
2026-01-20 12:18:13,795 - position: [ 0.48168761 -1.01715636  1.2106235 ]
2026-01-20 12:18:14,032 - position: [ 0.48168761 -1.01715636  1.2106235 ]
2026-01-20 12:18:14,255 - position: [ 0.48168761 -1.01715636  1.2106235 ]
2026-01-20 12:18:14,492 - position: [ 0.48168761 -1.01715636  1.2106235 ]
2026-01-20 12:18:14,699 - position: [ 0.48168761 -1.01715636  1.2106235 ]
2026-01-20 12:18:14,970 - position: [ 0.37483197 -1.38844287  0.70284265]
2026-01-20 12:18:15,191 - position: [ 0.38085058 -1.39637995  0.70157361]
2026-01-20 12:18:15,443 - position: [ 0.38085058 -1.39637995  0.70157361]
2026-01-20 12:18:15,677 - position: [ 0.37649232 -1.37854278  0.70091605]
2026-01-20 12:18:15,911 - position: [ 0.37724382 -1.38152206  0.70189399]
2026-01-20 12:18:16,147 - position: [ 0.37848419 -1.38539302  0.70359606]
2026-01-20 12:18:16,372 - position: [ 0.37848419 -1.38539302  0.70359606]
2026-01-20 12:18:16,622 - position: [ 0.37848419 -1.38539302  0.70359606]
2026-01-20 12:18:16,902 - position: [ 0.37848419 -1.38539302  0.70359606]
2026-01-20 12:18:17,167 - position: [ 0.37848419 -1.38539302  0.70359606]
2026-01-20 12:18:17,466 - position: [ 0.37848419 -1.38539302  0.70359606]
2026-01-20 12:18:17,735 - position: [ 0.37848419 -1.38539302  0.70359606]
2026-01-20 12:18:17,968 - position: [ 0.37848419 -1.38539302  0.70359606]
2026-01-20 12:18:18,220 - position: [ 0.37848419 -1.38539302  0.70359606]
2026-01-20 12:18:18,451 - position: [ 0.37112051 -1.38708055  0.698807  ]
2026-01-20 12:18:18,688 - position: [ 0.3696841  -1.38321388  0.69989389]
2026-01-20 12:18:18,918 - position: [ 0.3696841  -1.38321388  0.69989389]
2026-01-20 12:18:19,151 - position: [ 0.3696841  -1.38321388  0.69989389]
2026-01-20 12:18:19,381 - position: [ 0.36962932 -1.38322484  0.69921422]
2026-01-20 12:18:19,598 - position: [ 0.36962932 -1.38322484  0.69921422]
2026-01-20 12:18:19,914 - position: [ 0.36962932 -1.38322484  0.69921422]
2026-01-20 12:18:20,160 - position: [ 0.36962932 -1.38322484  0.69921422]
2026-01-20 12:18:20,402 - position: [ 0.36962932 -1.38322484  0.69921422]
2026-01-20 12:18:20,617 - position: [ 0.36962932 -1.38322484  0.69921422]
2026-01-20 12:18:20,876 - position: [ 0.36962932 -1.38322484  0.69921422]
2026-01-20 12:18:21,128 - position: [ 0.36962932 -1.38322484  0.69921422]
2026-01-20 12:18:21,399 - position: [ 0.36962932 -1.38322484  0.69921422]
2026-01-20 12:18:21,693 - position: [ 0.36962932 -1.38322484  0.69921422]
2026-01-20 12:18:22,031 - position: [ 0.36994404 -1.39188433  0.70014518]
2026-01-20 12:18:22,294 - position: [ 0.37187189 -1.38926053  0.7004562 ]
2026-01-20 12:18:22,569 - position: [ 0.37187189 -1.38926053  0.7004562 ]
2026-01-20 12:18:22,822 - position: [ 0.37187189 -1.38926053  0.7004562 ]
2026-01-20 12:18:23,044 - position: [ 0.37187189 -1.38926053  0.7004562 ]
2026-01-20 12:18:23,277 - position: [ 0.37187189 -1.38926053  0.7004562 ]
2026-01-20 12:18:23,506 - position: [ 0.37187189 -1.38926053  0.7004562 ]
2026-01-20 12:18:23,717 - position: [ 0.37187189 -1.38926053  0.7004562 ]
2026-01-20 12:18:23,932 - position: [ 0.37187189 -1.38926053  0.7004562 ]
2026-01-20 12:18:24,174 - position: [ 0.37187189 -1.38926053  0.7004562 ]
2026-01-20 12:18:24,464 - position: [ 0.37187189 -1.38926053  0.7004562 ]
2026-01-20 12:18:24,723 - position: [ 0.37187189 -1.38926053  0.7004562 ]
2026-01-20 12:18:24,957 - position: [ 0.37187189 -1.38926053  0.7004562 ]
2026-01-20 12:18:25,176 - position: [ 0.37187189 -1.38926053  0.7004562 ]
2026-01-20 12:18:25,464 - position: [ 0.37187189 -1.38926053  0.7004562 ]
2026-01-20 12:18:25,696 - position: [ 0.37187189 -1.38926053  0.7004562 ]
2026-01-20 12:18:25,938 - position: [ 0.37187189 -1.38926053  0.7004562 ]
2026-01-20 12:18:26,178 - position: [ 0.37187189 -1.38926053  0.7004562 ]
2026-01-20 12:18:26,431 - position: [ 0.37187189 -1.38926053  0.7004562 ]
2026-01-20 12:18:26,663 - position: [ 0.37187189 -1.38926053  0.7004562 ]
2026-01-20 12:18:26,879 - position: [ 0.37187189 -1.38926053  0.7004562 ]
2026-01-20 12:18:27,173 - position: [ 0.37187189 -1.38926053  0.7004562 ]
2026-01-20 12:18:27,513 - position: [ 0.37187189 -1.38926053  0.7004562 ]
2026-01-20 12:18:27,770 - position: [ 0.37187189 -1.38926053  0.7004562 ]
2026-01-20 12:18:27,999 - position: [ 0.37187189 -1.38926053  0.7004562 ]
2026-01-20 12:18:28,221 - position: [ 0.37187189 -1.38926053  0.7004562 ]
2026-01-20 12:18:28,487 - position: [ 0.37187189 -1.38926053  0.7004562 ]
2026-01-20 12:18:28,723 - position: [ 0.37187189 -1.38926053  0.7004562 ]
2026-01-20 12:18:29,017 - position: [ 0.37187189 -1.38926053  0.7004562 ]
2026-01-20 12:18:29,250 - position: [ 0.37187189 -1.38926053  0.7004562 ]
2026-01-20 12:18:29,525 - position: [ 0.37187189 -1.38926053  0.7004562 ]
2026-01-20 12:18:29,755 - position: [ 0.37187189 -1.38926053  0.7004562 ]
2026-01-20 12:18:30,014 - position: [ 0.37187189 -1.38926053  0.7004562 ]
2026-01-20 12:18:30,241 - position: [ 0.37187189 -1.38926053  0.7004562 ]
2026-01-20 12:18:30,464 - position: [ 0.37187189 -1.38926053  0.7004562 ]
2026-01-20 12:18:30,686 - position: [ 0.37187189 -1.38926053  0.7004562 ]
2026-01-20 12:18:30,929 - position: [ 0.37187189 -1.38926053  0.7004562 ]
2026-01-20 12:18:31,223 - position: [ 0.37187189 -1.38926053  0.7004562 ]
2026-01-20 12:18:31,480 - position: [ 0.37187189 -1.38926053  0.7004562 ]
2026-01-20 12:18:31,683 - position: [ 0.37187189 -1.38926053  0.7004562 ]
2026-01-20 12:18:31,921 - position: [ 0.37187189 -1.38926053  0.7004562 ]
2026-01-20 12:18:32,132 - position: [ 0.37187189 -1.38926053  0.7004562 ]
2026-01-20 12:18:32,369 - position: [ 0.37187189 -1.38926053  0.7004562 ]
2026-01-20 12:18:32,599 - position: [ 0.37187189 -1.38926053  0.7004562 ]
2026-01-20 12:18:32,847 - position: [ 0.37187189 -1.38926053  0.7004562 ]
2026-01-20 12:18:33,068 - position: [ 0.37187189 -1.38926053  0.7004562 ]
2026-01-20 12:18:33,342 - position: [ 0.37187189 -1.38926053  0.7004562 ]
2026-01-20 12:18:33,558 - position: [ 0.37187189 -1.38926053  0.7004562 ]
2026-01-20 12:18:33,801 - position: [ 0.37187189 -1.38926053  0.7004562 ]
2026-01-20 12:18:34,041 - position: [ 0.37187189 -1.38926053  0.7004562 ]
2026-01-20 12:18:34,354 - position: [ 0.37187189 -1.38926053  0.7004562 ]
2026-01-20 12:18:34,641 - position: [ 0.37187189 -1.38926053  0.7004562 ]
2026-01-20 12:18:34,941 - position: [ 0.37187189 -1.38926053  0.7004562 ]
2026-01-20 12:18:35,293 - position: [ 0.37187189 -1.38926053  0.7004562 ]
2026-01-20 12:18:35,538 - position: [ 0.37187189 -1.38926053  0.7004562 ]
2026-01-20 12:18:35,766 - position: [ 0.37187189 -1.38926053  0.7004562 ]
2026-01-20 12:18:36,055 - position: [ 0.37187189 -1.38926053  0.7004562 ]
2026-01-20 12:18:36,266 - position: [ 0.37187189 -1.38926053  0.7004562 ]
2026-01-20 12:18:36,551 - position: [ 0.37187189 -1.38926053  0.7004562 ]
2026-01-20 12:18:36,758 - position: [ 0.37187189 -1.38926053  0.7004562 ]
2026-01-20 12:18:36,987 - position: [ 0.37187189 -1.38926053  0.7004562 ]
2026-01-20 12:18:37,236 - position: [ 0.37187189 -1.38926053  0.7004562 ]
2026-01-20 12:18:37,455 - position: [ 0.37187189 -1.38926053  0.7004562 ]
2026-01-20 12:18:37,695 - position: [ 0.37187189 -1.38926053  0.7004562 ]
2026-01-20 12:18:37,925 - position: [ 0.37187189 -1.38926053  0.7004562 ]
2026-01-20 12:18:38,155 - position: [ 0.37187189 -1.38926053  0.7004562 ]
2026-01-20 12:18:38,419 - position: [ 0.37187189 -1.38926053  0.7004562 ]
2026-01-20 12:18:38,657 - position: [ 0.37187189 -1.38926053  0.7004562 ]
2026-01-20 12:18:38,889 - position: [ 0.37187189 -1.38926053  0.7004562 ]
2026-01-20 12:18:39,173 - position: [ 0.37187189 -1.38926053  0.7004562 ]
2026-01-20 12:18:39,407 - position: [ 0.37187189 -1.38926053  0.7004562 ]
2026-01-20 12:18:39,626 - position: [ 0.37187189 -1.38926053  0.7004562 ]
2026-01-20 12:18:39,868 - position: [ 0.37187189 -1.38926053  0.7004562 ]
2026-01-20 12:18:40,114 - position: [ 0.37187189 -1.38926053  0.7004562 ]
2026-01-20 12:18:40,402 - position: [ 0.37187189 -1.38926053  0.7004562 ]
2026-01-20 12:18:40,637 - position: [ 0.37187189 -1.38926053  0.7004562 ]
2026-01-20 12:18:40,889 - position: [ 0.37187189 -1.38926053  0.7004562 ]
2026-01-20 12:18:41,119 - position: [ 0.37187189 -1.38926053  0.7004562 ]
2026-01-20 12:18:41,342 - position: [ 0.37187189 -1.38926053  0.7004562 ]
2026-01-20 12:18:41,580 - position: [ 0.37187189 -1.38926053  0.7004562 ]
2026-01-20 12:18:41,874 - position: [ 0.37187189 -1.38926053  0.7004562 ]
2026-01-20 12:18:42,200 - position: [ 0.37187189 -1.38926053  0.7004562 ]
2026-01-20 12:18:42,503 - position: [ 0.37187189 -1.38926053  0.7004562 ]
2026-01-20 12:18:42,811 - position: [ 0.37187189 -1.38926053  0.7004562 ]
2026-01-20 12:18:43,023 - position: [ 0.37187189 -1.38926053  0.7004562 ]
2026-01-20 12:18:43,240 - position: [ 0.37187189 -1.38926053  0.7004562 ]
2026-01-20 12:18:43,484 - position: [ 0.37187189 -1.38926053  0.7004562 ]
2026-01-20 12:18:43,708 - position: [ 0.37187189 -1.38926053  0.7004562 ]
2026-01-20 12:18:43,945 - position: [ 0.37187189 -1.38926053  0.7004562 ]
2026-01-20 12:18:44,208 - position: [ 0.37187189 -1.38926053  0.7004562 ]
2026-01-20 12:18:44,423 - position: [ 0.37187189 -1.38926053  0.7004562 ]
2026-01-20 12:18:44,667 - position: [ 0.37396795 -1.39106226  0.70069951]
2026-01-20 12:18:44,895 - position: [ 0.37396795 -1.39106226  0.70069951]
2026-01-20 12:18:45,149 - position: [ 0.37396795 -1.39106226  0.70069951]
2026-01-20 12:18:45,392 - position: [ 0.37396795 -1.39106226  0.70069951]
2026-01-20 12:18:45,600 - position: [ 0.37396795 -1.39106226  0.70069951]
2026-01-20 12:18:45,842 - position: [ 0.37396795 -1.39106226  0.70069951]
2026-01-20 12:18:46,054 - position: [ 0.37396795 -1.39106226  0.70069951]
2026-01-20 12:18:46,297 - position: [ 0.37396795 -1.39106226  0.70069951]
2026-01-20 12:18:46,530 - position: [ 0.37396795 -1.39106226  0.70069951]
2026-01-20 12:18:46,835 - position: [ 0.37396795 -1.39106226  0.70069951]
2026-01-20 12:18:47,076 - position: [ 0.5413363  -0.9875707   1.22811079]
2026-01-20 12:18:47,296 - position: [ 0.54749846 -0.99815261  1.47086382]
2026-01-20 12:18:47,551 - position: [ 0.42679176 -1.2488004   1.90789557]
2026-01-20 12:18:47,916 - position: [ 0.32048821 -1.48163819  1.9582932 ]
2026-01-20 12:18:48,221 - position: [ 0.29085386 -1.52487075  1.94970644]
2026-01-20 12:18:48,461 - position: [ 0.30463791 -1.45460391  1.9598217 ]
2026-01-20 12:18:48,680 - position: [ 0.332807   -1.36113405  1.9497484 ]
2026-01-20 12:18:48,956 - position: [ 0.39493948 -1.21628499  1.80145669]
2026-01-20 12:18:49,173 - position: [ 0.46640101 -1.04669428  1.38533533]
2026-01-20 12:18:49,433 - position: [ 0.46640101 -1.04669428  1.38533533]
2026-01-20 12:18:49,649 - position: [ 0.46640101 -1.04669428  1.38533533]
2026-01-20 12:18:49,891 - position: [ 0.46640101 -1.04669428  1.38533533]
2026-01-20 12:18:50,151 - position: [ 0.46640101 -1.04669428  1.38533533]
2026-01-20 12:18:50,373 - position: [ 0.46640101 -1.04669428  1.38533533]
2026-01-20 12:18:50,637 - position: [ 0.46640101 -1.04669428  1.38533533]
2026-01-20 12:18:50,879 - position: [ 0.37595591 -1.3292774   0.72023892]
2026-01-20 12:18:51,087 - position: [ 0.37595591 -1.3292774   0.72023892]
2026-01-20 12:18:51,357 - position: [ 0.37595591 -1.3292774   0.72023892]
2026-01-20 12:18:51,623 - position: [ 0.37595591 -1.3292774   0.72023892]
2026-01-20 12:18:51,895 - position: [ 0.37595591 -1.3292774   0.72023892]
2026-01-20 12:18:52,118 - position: [ 0.37595591 -1.3292774   0.72023892]
2026-01-20 12:18:52,347 - position: [ 0.37595591 -1.3292774   0.72023892]
2026-01-20 12:18:52,652 - position: [ 0.37595591 -1.3292774   0.72023892]
2026-01-20 12:18:52,949 - position: [ 0.37595591 -1.3292774   0.72023892]
2026-01-20 12:18:53,259 - position: [ 0.37595591 -1.3292774   0.72023892]
2026-01-20 12:18:53,526 - position: [ 0.37595591 -1.3292774   0.72023892]
2026-01-20 12:18:53,778 - position: [ 0.37595591 -1.3292774   0.72023892]
2026-01-20 12:18:53,996 - position: [ 0.37595591 -1.3292774   0.72023892]
2026-01-20 12:18:54,211 - position: [ 0.37595591 -1.3292774   0.72023892]
2026-01-20 12:18:54,455 - position: [ 0.37595591 -1.3292774   0.72023892]
2026-01-20 12:18:54,698 - position: [ 0.37595591 -1.3292774   0.72023892]
2026-01-20 12:18:54,993 - position: [ 0.37595591 -1.3292774   0.72023892]
2026-01-20 12:18:55,208 - position: [ 0.37595591 -1.3292774   0.72023892]
2026-01-20 12:18:55,435 - position: [ 0.37595591 -1.3292774   0.72023892]
2026-01-20 12:18:55,693 - position: [ 0.37595591 -1.3292774   0.72023892]
2026-01-20 12:18:55,916 - position: [ 0.37595591 -1.3292774   0.72023892]
2026-01-20 12:18:56,216 - position: [ 0.36952496 -1.37361848  0.70217979]
2026-01-20 12:18:56,422 - position: [ 0.36952496 -1.37361848  0.70217979]
2026-01-20 12:18:56,710 - position: [ 0.36952496 -1.37361848  0.70217979]
2026-01-20 12:18:56,957 - position: [ 0.37536088 -1.37506998  0.7031303 ]
2026-01-20 12:18:57,210 - position: [ 0.37536088 -1.37506998  0.7031303 ]
2026-01-20 12:18:57,538 - position: [ 0.37536088 -1.37506998  0.7031303 ]
2026-01-20 12:18:57,777 - position: [ 0.37536088 -1.37506998  0.7031303 ]
2026-01-20 12:18:58,035 - position: [ 0.37536088 -1.37506998  0.7031303 ]
2026-01-20 12:18:58,247 - position: [ 0.37536088 -1.37506998  0.7031303 ]
2026-01-20 12:18:58,567 - position: [ 0.37536088 -1.37506998  0.7031303 ]
2026-01-20 12:18:58,811 - position: [ 0.37536088 -1.37506998  0.7031303 ]
2026-01-20 12:18:59,044 - position: [ 0.37536088 -1.37506998  0.7031303 ]
2026-01-20 12:18:59,252 - position: [ 0.37536088 -1.37506998  0.7031303 ]
2026-01-20 12:18:59,481 - position: [ 0.37536088 -1.37506998  0.7031303 ]
2026-01-20 12:18:59,706 - position: [ 0.37536088 -1.37506998  0.7031303 ]
2026-01-20 12:18:59,931 - position: [ 0.37536088 -1.37506998  0.7031303 ]
2026-01-20 12:19:00,236 - position: [ 0.37536088 -1.37506998  0.7031303 ]
2026-01-20 12:19:00,469 - position: [ 0.3669751  -1.37452304  0.7065345 ]
2026-01-20 12:19:00,728 - position: [ 0.3669751  -1.37452304  0.7065345 ]
2026-01-20 12:19:00,946 - position: [ 0.3669751  -1.37452304  0.7065345 ]
2026-01-20 12:19:01,174 - position: [ 0.35989675 -1.37521279  0.70412612]
2026-01-20 12:19:01,394 - position: [ 0.35989675 -1.37521279  0.70412612]
2026-01-20 12:19:01,627 - position: [ 0.35989675 -1.37521279  0.70412612]
2026-01-20 12:19:01,856 - position: [ 0.35989675 -1.37521279  0.70412612]
2026-01-20 12:19:02,130 - position: [ 0.35989675 -1.37521279  0.70412612]
2026-01-20 12:19:02,448 - position: [ 0.37292695 -1.36438036  0.70400852]
2026-01-20 12:19:02,679 - position: [ 0.37292695 -1.36438036  0.70400852]
2026-01-20 12:19:02,914 - position: [ 0.37292695 -1.36438036  0.70400852]
2026-01-20 12:19:03,142 - position: [ 0.37292695 -1.36438036  0.70400852]
2026-01-20 12:19:03,444 - position: [ 0.37292695 -1.36438036  0.70400852]
2026-01-20 12:19:03,698 - position: [ 0.37292695 -1.36438036  0.70400852]
2026-01-20 12:19:03,957 - position: [ 0.39090505 -1.41095817  0.70088857]
2026-01-20 12:19:04,193 - position: [ 0.39090505 -1.41095817  0.70088857]
2026-01-20 12:19:04,411 - position: [ 0.39090505 -1.41095817  0.70088857]
2026-01-20 12:19:04,645 - position: [ 0.39090505 -1.41095817  0.70088857]
2026-01-20 12:19:04,874 - position: [ 0.39090505 -1.41095817  0.70088857]
2026-01-20 12:19:05,091 - position: [ 0.39090505 -1.41095817  0.70088857]
2026-01-20 12:19:05,308 - position: [ 0.39090505 -1.41095817  0.70088857]
2026-01-20 12:19:05,531 - position: [ 0.39090505 -1.41095817  0.70088857]
2026-01-20 12:19:05,777 - position: [ 0.39090505 -1.41095817  0.70088857]
2026-01-20 12:19:05,994 - position: [ 0.39090505 -1.41095817  0.70088857]
2026-01-20 12:19:06,257 - position: [ 0.39090505 -1.41095817  0.70088857]
2026-01-20 12:19:06,509 - position: [ 0.39090505 -1.41095817  0.70088857]
2026-01-20 12:19:06,712 - position: [ 0.39090505 -1.41095817  0.70088857]
2026-01-20 12:19:06,941 - position: [ 0.39090505 -1.41095817  0.70088857]
2026-01-20 12:19:07,188 - position: [ 0.39090505 -1.41095817  0.70088857]
2026-01-20 12:19:07,413 - position: [ 0.39090505 -1.41095817  0.70088857]
2026-01-20 12:19:07,633 - position: [ 0.39090505 -1.41095817  0.70088857]
2026-01-20 12:19:07,878 - position: [ 0.39090505 -1.41095817  0.70088857]
2026-01-20 12:19:08,102 - position: [ 0.39090505 -1.41095817  0.70088857]
2026-01-20 12:19:08,339 - position: [ 0.39090505 -1.41095817  0.70088857]
2026-01-20 12:19:08,586 - position: [ 0.39090505 -1.41095817  0.70088857]
2026-01-20 12:19:08,822 - position: [ 0.39090505 -1.41095817  0.70088857]
2026-01-20 12:19:09,083 - position: [ 0.39090505 -1.41095817  0.70088857]
2026-01-20 12:19:09,331 - position: [ 0.39090505 -1.41095817  0.70088857]
2026-01-20 12:19:09,576 - position: [ 0.39090505 -1.41095817  0.70088857]
2026-01-20 12:19:09,855 - position: [ 0.39090505 -1.41095817  0.70088857]
2026-01-20 12:19:10,116 - position: [ 0.39090505 -1.41095817  0.70088857]
2026-01-20 12:19:10,354 - position: [ 0.39090505 -1.41095817  0.70088857]
2026-01-20 12:19:10,603 - position: [ 0.39090505 -1.41095817  0.70088857]
2026-01-20 12:19:10,825 - position: [ 0.39090505 -1.41095817  0.70088857]
2026-01-20 12:19:11,043 - position: [ 0.39090505 -1.41095817  0.70088857]
2026-01-20 12:19:11,267 - position: [ 0.39090505 -1.41095817  0.70088857]
2026-01-20 12:19:11,519 - position: [ 0.39090505 -1.41095817  0.70088857]
2026-01-20 12:19:11,756 - position: [ 0.39090505 -1.41095817  0.70088857]
2026-01-20 12:19:11,975 - position: [ 0.39090505 -1.41095817  0.70088857]
2026-01-20 12:19:12,201 - position: [ 0.39090505 -1.41095817  0.70088857]
2026-01-20 12:19:12,524 - position: [ 0.39090505 -1.41095817  0.70088857]
2026-01-20 12:19:12,753 - position: [ 0.39090505 -1.41095817  0.70088857]
2026-01-20 12:19:12,996 - position: [ 0.39090505 -1.41095817  0.70088857]
2026-01-20 12:19:13,207 - position: [ 0.39090505 -1.41095817  0.70088857]
2026-01-20 12:19:13,443 - position: [ 0.39090505 -1.41095817  0.70088857]
2026-01-20 12:19:13,699 - position: [ 0.39090505 -1.41095817  0.70088857]
2026-01-20 12:19:13,905 - position: [ 0.39090505 -1.41095817  0.70088857]
2026-01-20 12:19:14,119 - position: [ 0.39090505 -1.41095817  0.70088857]
2026-01-20 12:19:14,331 - position: [ 0.39090505 -1.41095817  0.70088857]
2026-01-20 12:19:14,584 - position: [ 0.39090505 -1.41095817  0.70088857]
2026-01-20 12:19:14,885 - position: [ 0.39090505 -1.41095817  0.70088857]
2026-01-20 12:19:15,128 - position: [ 0.39090505 -1.41095817  0.70088857]
2026-01-20 12:19:15,438 - position: [ 0.39090505 -1.41095817  0.70088857]
2026-01-20 12:19:15,676 - position: [ 0.39090505 -1.41095817  0.70088857]
2026-01-20 12:19:15,920 - position: [ 0.39090505 -1.41095817  0.70088857]
2026-01-20 12:19:16,165 - position: [ 0.39090505 -1.41095817  0.70088857]
2026-01-20 12:19:16,410 - position: [ 0.39090505 -1.41095817  0.70088857]
2026-01-20 12:19:16,745 - position: [ 0.39090505 -1.41095817  0.70088857]
2026-01-20 12:19:17,011 - position: [ 0.39090505 -1.41095817  0.70088857]
2026-01-20 12:19:17,251 - position: [ 0.39090505 -1.41095817  0.70088857]
2026-01-20 12:19:17,530 - position: [ 0.39090505 -1.41095817  0.70088857]
2026-01-20 12:19:17,759 - position: [ 0.39090505 -1.41095817  0.70088857]
2026-01-20 12:19:18,005 - position: [ 0.39090505 -1.41095817  0.70088857]
2026-01-20 12:19:18,223 - position: [ 0.39090505 -1.41095817  0.70088857]
2026-01-20 12:19:18,520 - position: [ 0.39090505 -1.41095817  0.70088857]
2026-01-20 12:19:18,784 - position: [ 0.39090505 -1.41095817  0.70088857]
2026-01-20 12:19:19,011 - position: [ 0.39090505 -1.41095817  0.70088857]
2026-01-20 12:19:19,278 - position: [ 0.39090505 -1.41095817  0.70088857]
2026-01-20 12:19:19,499 - position: [ 0.39090505 -1.41095817  0.70088857]
2026-01-20 12:19:19,736 - position: [ 0.39090505 -1.41095817  0.70088857]
2026-01-20 12:19:19,955 - position: [ 0.39090505 -1.41095817  0.70088857]
2026-01-20 12:19:20,232 - position: [ 0.39090505 -1.41095817  0.70088857]
2026-01-20 12:19:20,476 - position: [ 0.39090505 -1.41095817  0.70088857]
2026-01-20 12:19:20,718 - position: [ 0.39090505 -1.41095817  0.70088857]
2026-01-20 12:19:20,976 - position: [ 0.39090505 -1.41095817  0.70088857]
2026-01-20 12:19:21,254 - position: [ 0.39090505 -1.41095817  0.70088857]
2026-01-20 12:19:21,472 - position: [ 0.39090505 -1.41095817  0.70088857]
2026-01-20 12:19:21,685 - position: [ 0.39090505 -1.41095817  0.70088857]
2026-01-20 12:19:21,912 - position: [ 0.39090505 -1.41095817  0.70088857]
2026-01-20 12:19:22,187 - position: [ 0.39090505 -1.41095817  0.70088857]
2026-01-20 12:19:22,439 - position: [ 0.39090505 -1.41095817  0.70088857]
2026-01-20 12:19:22,653 - position: [ 0.39090505 -1.41095817  0.70088857]
2026-01-20 12:19:22,961 - position: [ 0.39090505 -1.41095817  0.70088857]
2026-01-20 12:19:23,184 - position: [ 0.39090505 -1.41095817  0.70088857]
2026-01-20 12:19:23,402 - position: [ 0.39090505 -1.41095817  0.70088857]
2026-01-20 12:19:23,656 - position: [ 0.39090505 -1.41095817  0.70088857]
2026-01-20 12:19:23,861 - position: [ 0.39090505 -1.41095817  0.70088857]
2026-01-20 12:19:24,095 - position: [ 0.39090505 -1.41095817  0.70088857]
2026-01-20 12:19:24,307 - position: [ 0.39090505 -1.41095817  0.70088857]
2026-01-20 12:19:24,510 - position: [ 0.39090505 -1.41095817  0.70088857]
2026-01-20 12:19:24,797 - position: [ 0.39090505 -1.41095817  0.70088857]
2026-01-20 12:19:25,055 - position: [ 0.39090505 -1.41095817  0.70088857]
2026-01-20 12:19:25,293 - position: [ 0.39090505 -1.41095817  0.70088857]
2026-01-20 12:19:25,589 - position: [ 0.39090505 -1.41095817  0.70088857]
2026-01-20 12:19:25,837 - position: [ 0.39090505 -1.41095817  0.70088857]
2026-01-20 12:19:26,070 - position: [ 0.39090505 -1.41095817  0.70088857]
2026-01-20 12:19:26,316 - position: [ 0.39090505 -1.41095817  0.70088857]
2026-01-20 12:19:26,518 - position: [ 0.39090505 -1.41095817  0.70088857]
2026-01-20 12:19:26,803 - position: [ 0.39090505 -1.41095817  0.70088857]
2026-01-20 12:19:27,010 - position: [ 0.39090505 -1.41095817  0.70088857]
2026-01-20 12:19:27,216 - position: [ 0.39090505 -1.41095817  0.70088857]
2026-01-20 12:19:27,467 - position: [ 0.39090505 -1.41095817  0.70088857]
2026-01-20 12:19:27,686 - position: [ 0.39090505 -1.41095817  0.70088857]
2026-01-20 12:19:27,998 - position: [ 0.39090505 -1.41095817  0.70088857]
2026-01-20 12:19:28,227 - position: [ 0.39090505 -1.41095817  0.70088857]
2026-01-20 12:19:28,442 - position: [ 0.39090505 -1.41095817  0.70088857]
2026-01-20 12:19:28,672 - position: [ 0.39090505 -1.41095817  0.70088857]
2026-01-20 12:19:28,897 - position: [ 0.39090505 -1.41095817  0.70088857]
2026-01-20 12:19:29,122 - position: [ 0.39090505 -1.41095817  0.70088857]
2026-01-20 12:19:29,375 - position: [ 0.39090505 -1.41095817  0.70088857]
2026-01-20 12:19:29,621 - position: [ 0.39090505 -1.41095817  0.70088857]
2026-01-20 12:19:29,875 - position: [ 0.39090505 -1.41095817  0.70088857]
2026-01-20 12:19:30,087 - position: [ 0.39090505 -1.41095817  0.70088857]
2026-01-20 12:19:30,356 - position: [ 0.39090505 -1.41095817  0.70088857]
2026-01-20 12:19:30,572 - position: [ 0.39090505 -1.41095817  0.70088857]
2026-01-20 12:19:30,858 - position: [ 0.39090505 -1.41095817  0.70088857]
2026-01-20 12:19:31,092 - position: [ 0.39090505 -1.41095817  0.70088857]
2026-01-20 12:19:31,347 - position: [ 0.39090505 -1.41095817  0.70088857]
2026-01-20 12:19:31,578 - position: [ 0.39090505 -1.41095817  0.70088857]
2026-01-20 12:19:31,790 - position: [ 0.39090505 -1.41095817  0.70088857]
2026-01-20 12:19:32,036 - position: [ 0.39090505 -1.41095817  0.70088857]
2026-01-20 12:19:32,248 - position: [ 0.39090505 -1.41095817  0.70088857]
2026-01-20 12:19:32,468 - position: [ 0.39090505 -1.41095817  0.70088857]
2026-01-20 12:19:32,679 - position: [ 0.39090505 -1.41095817  0.70088857]
2026-01-20 12:19:32,939 - position: [ 0.39090505 -1.41095817  0.70088857]
2026-01-20 12:19:33,181 - position: [ 0.39090505 -1.41095817  0.70088857]
2026-01-20 12:19:33,387 - position: [ 0.39090505 -1.41095817  0.70088857]
2026-01-20 12:19:33,620 - position: [ 0.39090505 -1.41095817  0.70088857]
2026-01-20 12:19:33,934 - position: [ 0.39090505 -1.41095817  0.70088857]
2026-01-20 12:19:34,186 - position: [ 0.39090505 -1.41095817  0.70088857]
2026-01-20 12:19:34,401 - position: [ 0.39090505 -1.41095817  0.70088857]
2026-01-20 12:19:34,630 - position: [ 0.39090505 -1.41095817  0.70088857]
2026-01-20 12:19:34,880 - position: [ 0.39090505 -1.41095817  0.70088857]
2026-01-20 12:19:35,167 - position: [ 0.39090505 -1.41095817  0.70088857]
2026-01-20 12:19:35,443 - position: [ 0.39090505 -1.41095817  0.70088857]
2026-01-20 12:19:35,691 - position: [ 0.39090505 -1.41095817  0.70088857]
2026-01-20 12:19:35,958 - position: [ 0.39090505 -1.41095817  0.70088857]
2026-01-20 12:19:36,172 - position: [ 0.39090505 -1.41095817  0.70088857]
2026-01-20 12:19:36,374 - position: [ 0.39090505 -1.41095817  0.70088857]
2026-01-20 12:19:36,613 - position: [ 0.39090505 -1.41095817  0.70088857]
2026-01-20 12:19:36,851 - position: [ 0.39090505 -1.41095817  0.70088857]
2026-01-20 12:19:37,093 - position: [ 0.39090505 -1.41095817  0.70088857]
2026-01-20 12:19:37,309 - position: [ 0.39090505 -1.41095817  0.70088857]
2026-01-20 12:19:37,559 - position: [ 0.39090505 -1.41095817  0.70088857]
2026-01-20 12:19:37,806 - position: [ 0.39090505 -1.41095817  0.70088857]
2026-01-20 12:19:38,052 - position: [ 0.39090505 -1.41095817  0.70088857]
2026-01-20 12:19:38,298 - position: [ 0.39090505 -1.41095817  0.70088857]
2026-01-20 12:19:38,507 - position: [ 0.39090505 -1.41095817  0.70088857]
2026-01-20 12:19:38,816 - position: [ 0.39090505 -1.41095817  0.70088857]
2026-01-20 12:19:39,065 - position: [ 0.39090505 -1.41095817  0.70088857]
2026-01-20 12:19:39,385 - position: [ 0.39090505 -1.41095817  0.70088857]
2026-01-20 12:19:39,619 - position: [ 0.39090505 -1.41095817  0.70088857]
2026-01-20 12:19:39,840 - position: [ 0.39090505 -1.41095817  0.70088857]
2026-01-20 12:19:40,089 - position: [ 0.39090505 -1.41095817  0.70088857]
2026-01-20 12:19:40,375 - position: [ 0.39090505 -1.41095817  0.70088857]
2026-01-20 12:19:40,615 - position: [ 0.39090505 -1.41095817  0.70088857]
2026-01-20 12:19:40,854 - position: [ 0.39090505 -1.41095817  0.70088857]
2026-01-20 12:19:41,071 - position: [ 0.39090505 -1.41095817  0.70088857]
2026-01-20 12:19:41,286 - position: [ 0.39090505 -1.41095817  0.70088857]
2026-01-20 12:19:41,490 - position: [ 0.39090505 -1.41095817  0.70088857]
2026-01-20 12:19:41,719 - position: [ 0.39090505 -1.41095817  0.70088857]
2026-01-20 12:19:41,981 - position: [ 0.39090505 -1.41095817  0.70088857]
2026-01-20 12:19:42,194 - position: [ 0.39090505 -1.41095817  0.70088857]
2026-01-20 12:19:42,465 - position: [ 0.39090505 -1.41095817  0.70088857]
2026-01-20 12:19:42,724 - position: [ 0.39090505 -1.41095817  0.70088857]
2026-01-20 12:19:42,951 - position: [ 0.39090505 -1.41095817  0.70088857]
2026-01-20 12:19:43,174 - position: [ 0.39090505 -1.41095817  0.70088857]
2026-01-20 12:19:43,409 - position: [ 0.39090505 -1.41095817  0.70088857]
2026-01-20 12:19:43,612 - position: [ 0.39090505 -1.41095817  0.70088857]
2026-01-20 12:19:43,833 - position: [ 0.39090505 -1.41095817  0.70088857]
2026-01-20 12:19:44,075 - position: [ 0.39090505 -1.41095817  0.70088857]
2026-01-20 12:19:44,299 - position: [ 0.39090505 -1.41095817  0.70088857]
2026-01-20 12:19:44,581 - position: [ 0.39090505 -1.41095817  0.70088857]
2026-01-20 12:19:44,855 - position: [ 0.39090505 -1.41095817  0.70088857]
2026-01-20 12:19:45,098 - position: [ 0.39090505 -1.41095817  0.70088857]
2026-01-20 12:19:45,349 - position: [ 0.39090505 -1.41095817  0.70088857]
2026-01-20 12:19:45,597 - position: [ 0.39090505 -1.41095817  0.70088857]
2026-01-20 12:19:45,821 - position: [ 0.39090505 -1.41095817  0.70088857]
2026-01-20 12:19:46,033 - position: [ 0.39090505 -1.41095817  0.70088857]
2026-01-20 12:19:46,241 - position: [ 0.39090505 -1.41095817  0.70088857]
2026-01-20 12:19:46,489 - position: [ 0.39090505 -1.41095817  0.70088857]
2026-01-20 12:19:46,759 - position: [ 0.39090505 -1.41095817  0.70088857]
2026-01-20 12:19:47,016 - position: [ 0.39090505 -1.41095817  0.70088857]
2026-01-20 12:19:47,245 - position: [ 0.39090505 -1.41095817  0.70088857]
2026-01-20 12:19:47,506 - position: [ 0.39090505 -1.41095817  0.70088857]
2026-01-20 12:19:47,747 - position: [ 0.39090505 -1.41095817  0.70088857]
2026-01-20 12:19:47,993 - position: [ 0.39090505 -1.41095817  0.70088857]
2026-01-20 12:19:48,209 - position: [ 0.39090505 -1.41095817  0.70088857]
2026-01-20 12:19:48,446 - position: [ 0.39090505 -1.41095817  0.70088857]
2026-01-20 12:19:48,672 - position: [ 0.39090505 -1.41095817  0.70088857]
2026-01-20 12:19:48,910 - position: [ 0.39090505 -1.41095817  0.70088857]
2026-01-20 12:19:49,169 - position: [ 0.39090505 -1.41095817  0.70088857]
2026-01-20 12:19:49,538 - position: [ 0.39090505 -1.41095817  0.70088857]
2026-01-20 12:19:49,815 - position: [ 0.39090505 -1.41095817  0.70088857]
2026-01-20 12:19:50,092 - position: [ 0.39090505 -1.41095817  0.70088857]
2026-01-20 12:19:50,397 - position: [ 0.39090505 -1.41095817  0.70088857]
2026-01-20 12:19:50,618 - position: [ 0.39090505 -1.41095817  0.70088857]
2026-01-20 12:19:50,835 - position: [ 0.39090505 -1.41095817  0.70088857]
2026-01-20 12:19:51,074 - position: [ 0.39090505 -1.41095817  0.70088857]
2026-01-20 12:19:51,325 - position: [ 0.39090505 -1.41095817  0.70088857]
2026-01-20 12:19:51,557 - position: [ 0.39090505 -1.41095817  0.70088857]
2026-01-20 12:19:51,804 - position: [ 0.39090505 -1.41095817  0.70088857]
2026-01-20 12:19:52,026 - position: [ 0.39090505 -1.41095817  0.70088857]
2026-01-20 12:19:52,278 - position: [ 0.39090505 -1.41095817  0.70088857]
2026-01-20 12:19:52,503 - position: [ 0.39090505 -1.41095817  0.70088857]
2026-01-20 12:19:52,746 - position: [ 0.39090505 -1.41095817  0.70088857]
2026-01-20 12:19:52,980 - position: [ 0.39090505 -1.41095817  0.70088857]
2026-01-20 12:19:53,293 - position: [ 0.39090505 -1.41095817  0.70088857]
2026-01-20 12:19:53,597 - position: [ 0.39090505 -1.41095817  0.70088857]
2026-01-20 12:19:53,822 - position: [ 0.44066665 -1.16390252  1.85077703]
2026-01-20 12:19:54,118 - position: [ 0.38570943 -1.32122099  1.94588089]
2026-01-20 12:19:54,391 - position: [ 0.33813196 -1.47318411  1.93529117]
2026-01-20 12:19:54,676 - position: [ 0.31516674 -1.45960164  1.927212  ]
2026-01-20 12:19:54,915 - position: [ 0.34018254 -1.38707364  1.92446935]
2026-01-20 12:19:55,137 - position: [ 0.37975511 -1.27519917  1.84113467]
2026-01-20 12:19:55,368 - position: [ 0.45165002 -1.0323081   1.38395894]
2026-01-20 12:19:55,614 - position: [ 0.45709318 -1.00801039  1.19888258]
2026-01-20 12:19:55,825 - position: [ 0.45464796 -1.01168382  1.12813699]
2026-01-20 12:19:56,095 - position: [ 0.45464796 -1.01168382  1.12813699]
2026-01-20 12:19:56,317 - position: [ 0.45464796 -1.01168382  1.12813699]
2026-01-20 12:19:56,550 - position: [ 0.45464796 -1.01168382  1.12813699]
2026-01-20 12:19:56,782 - position: [ 0.45464796 -1.01168382  1.12813699]
2026-01-20 12:19:57,020 - position: [ 0.45464796 -1.01168382  1.12813699]
2026-01-20 12:19:57,259 - position: [ 0.45464796 -1.01168382  1.12813699]
2026-01-20 12:19:57,512 - position: [ 0.45464796 -1.01168382  1.12813699]
2026-01-20 12:19:57,730 - position: [ 0.45464796 -1.01168382  1.12813699]
2026-01-20 12:19:57,992 - position: [ 0.45464796 -1.01168382  1.12813699]
2026-01-20 12:19:58,239 - position: [ 0.45464796 -1.01168382  1.12813699]
2026-01-20 12:19:58,459 - position: [ 0.45464796 -1.01168382  1.12813699]
2026-01-20 12:19:58,683 - position: [ 0.45464796 -1.01168382  1.12813699]
2026-01-20 12:19:58,900 - position: [ 0.45464796 -1.01168382  1.12813699]
2026-01-20 12:19:59,118 - position: [ 0.37600383 -1.32020295  0.70846432]
2026-01-20 12:19:59,354 - position: [ 0.37600383 -1.32020295  0.70846432]
2026-01-20 12:19:59,560 - position: [ 0.37600383 -1.32020295  0.70846432]
2026-01-20 12:19:59,767 - position: [ 0.37600383 -1.32020295  0.70846432]
2026-01-20 12:20:00,013 - position: [ 0.37600383 -1.32020295  0.70846432]
2026-01-20 12:20:00,247 - position: [ 0.37600383 -1.32020295  0.70846432]
2026-01-20 12:20:00,453 - position: [ 0.37653917 -1.30958438  0.71009433]
2026-01-20 12:20:00,697 - position: [ 0.37740111 -1.31655097  0.7090534 ]
2026-01-20 12:20:01,002 - position: [ 0.37740111 -1.31655097  0.7090534 ]
2026-01-20 12:20:01,245 - position: [ 0.37740111 -1.31655097  0.7090534 ]
2026-01-20 12:20:01,467 - position: [ 0.37740111 -1.31655097  0.7090534 ]
2026-01-20 12:20:01,699 - position: [ 0.37447459 -1.3115381   0.70922315]
2026-01-20 12:20:01,937 - position: [ 0.37341291 -1.3130157   0.70945328]
2026-01-20 12:20:02,172 - position: [ 0.37341291 -1.3130157   0.70945328]
2026-01-20 12:20:02,402 - position: [ 0.37341291 -1.3130157   0.70945328]
2026-01-20 12:20:02,851 - position: [ 0.36978823 -1.31063771  0.70820522]
2026-01-20 12:20:03,062 - position: [ 0.37928599 -1.3134855   0.7078355 ]
2026-01-20 12:20:03,329 - position: [ 0.37928599 -1.3134855   0.7078355 ]
2026-01-20 12:20:03,615 - position: [ 0.37928599 -1.3134855   0.7078355 ]
2026-01-20 12:20:03,837 - position: [ 0.37928599 -1.3134855   0.7078355 ]
2026-01-20 12:20:04,052 - position: [ 0.36225414 -1.30352974  0.70767856]
2026-01-20 12:20:04,276 - position: [ 0.36428344 -1.31206548  0.70627952]
2026-01-20 12:20:04,502 - position: [ 0.36428344 -1.31206548  0.70627952]
2026-01-20 12:20:04,716 - position: [ 0.36428344 -1.31206548  0.70627952]
2026-01-20 12:20:04,955 - position: [ 0.36892006 -1.31293368  0.70811373]
2026-01-20 12:20:05,205 - position: [ 0.36892006 -1.31293368  0.70811373]
2026-01-20 12:20:05,598 - position: [ 0.37058839 -1.3151871   0.70803833]
2026-01-20 12:20:05,836 - position: [ 0.37058839 -1.3151871   0.70803833]
2026-01-20 12:20:06,052 - position: [ 0.36895904 -1.31330049  0.70871753]
2026-01-20 12:20:06,283 - position: [ 0.36895904 -1.31330049  0.70871753]
2026-01-20 12:20:06,520 - position: [ 0.37094572 -1.31575322  0.70767277]
2026-01-20 12:20:06,810 - position: [ 0.37094572 -1.31575322  0.70767277]
2026-01-20 12:20:07,032 - position: [ 0.36249292 -1.31124306  0.70701259]
2026-01-20 12:20:07,256 - position: [ 0.36320016 -1.3139894   0.70595872]
2026-01-20 12:20:07,464 - position: [ 0.36320016 -1.3139894   0.70595872]
2026-01-20 12:20:07,701 - position: [ 0.36320016 -1.3139894   0.70595872]
2026-01-20 12:20:07,936 - position: [ 0.36320016 -1.3139894   0.70595872]
2026-01-20 12:20:08,160 - position: [ 0.36320016 -1.3139894   0.70595872]
2026-01-20 12:20:08,377 - position: [ 0.36320016 -1.3139894   0.70595872]
2026-01-20 12:20:08,632 - position: [ 0.36320016 -1.3139894   0.70595872]
2026-01-20 12:20:08,885 - position: [ 0.36320016 -1.3139894   0.70595872]
2026-01-20 12:20:09,117 - position: [ 0.36320016 -1.3139894   0.70595872]
2026-01-20 12:20:09,354 - position: [ 0.36320016 -1.3139894   0.70595872]
2026-01-20 12:20:09,562 - position: [ 0.36320016 -1.3139894   0.70595872]
2026-01-20 12:20:09,778 - position: [ 0.36320016 -1.3139894   0.70595872]
2026-01-20 12:20:10,020 - position: [ 0.36320016 -1.3139894   0.70595872]
2026-01-20 12:20:10,234 - position: [ 0.36320016 -1.3139894   0.70595872]
2026-01-20 12:20:10,451 - position: [ 0.36320016 -1.3139894   0.70595872]
2026-01-20 12:20:10,678 - position: [ 0.36320016 -1.3139894   0.70595872]
2026-01-20 12:20:10,931 - position: [ 0.36320016 -1.3139894   0.70595872]
2026-01-20 12:20:11,151 - position: [ 0.36320016 -1.3139894   0.70595872]
2026-01-20 12:20:11,400 - position: [ 0.36320016 -1.3139894   0.70595872]
2026-01-20 12:20:11,621 - position: [ 0.36320016 -1.3139894   0.70595872]
2026-01-20 12:20:11,843 - position: [ 0.36320016 -1.3139894   0.70595872]
2026-01-20 12:20:12,109 - position: [ 0.36320016 -1.3139894   0.70595872]
2026-01-20 12:20:12,384 - position: [ 0.36320016 -1.3139894   0.70595872]
2026-01-20 12:20:12,674 - position: [ 0.36320016 -1.3139894   0.70595872]
2026-01-20 12:20:12,952 - position: [ 0.36320016 -1.3139894   0.70595872]
2026-01-20 12:20:13,184 - position: [ 0.36320016 -1.3139894   0.70595872]
2026-01-20 12:20:13,397 - position: [ 0.36320016 -1.3139894   0.70595872]
2026-01-20 12:20:13,605 - position: [ 0.36320016 -1.3139894   0.70595872]
2026-01-20 12:20:13,833 - position: [ 0.36320016 -1.3139894   0.70595872]
2026-01-20 12:20:14,113 - position: [ 0.36320016 -1.3139894   0.70595872]
2026-01-20 12:20:14,328 - position: [ 0.36320016 -1.3139894   0.70595872]
2026-01-20 12:20:14,538 - position: [ 0.36320016 -1.3139894   0.70595872]
2026-01-20 12:20:14,752 - position: [ 0.36320016 -1.3139894   0.70595872]
2026-01-20 12:20:14,975 - position: [ 0.36320016 -1.3139894   0.70595872]
2026-01-20 12:20:15,189 - position: [ 0.36320016 -1.3139894   0.70595872]
2026-01-20 12:20:15,429 - position: [ 0.36320016 -1.3139894   0.70595872]
2026-01-20 12:20:15,688 - position: [ 0.36320016 -1.3139894   0.70595872]
2026-01-20 12:20:15,940 - position: [ 0.36320016 -1.3139894   0.70595872]
2026-01-20 12:20:16,172 - position: [ 0.36320016 -1.3139894   0.70595872]
2026-01-20 12:20:16,404 - position: [ 0.36320016 -1.3139894   0.70595872]
2026-01-20 12:20:16,693 - position: [ 0.36320016 -1.3139894   0.70595872]
2026-01-20 12:20:16,960 - position: [ 0.36320016 -1.3139894   0.70595872]
2026-01-20 12:20:17,226 - position: [ 0.36320016 -1.3139894   0.70595872]
2026-01-20 12:20:17,491 - position: [ 0.36320016 -1.3139894   0.70595872]
2026-01-20 12:20:17,750 - position: [ 0.36320016 -1.3139894   0.70595872]
2026-01-20 12:20:18,015 - position: [ 0.36320016 -1.3139894   0.70595872]
2026-01-20 12:20:18,261 - position: [ 0.36320016 -1.3139894   0.70595872]
2026-01-20 12:20:18,469 - position: [ 0.36320016 -1.3139894   0.70595872]
2026-01-20 12:20:18,773 - position: [ 0.36320016 -1.3139894   0.70595872]
2026-01-20 12:20:18,984 - position: [ 0.36320016 -1.3139894   0.70595872]
2026-01-20 12:20:19,225 - position: [ 0.36320016 -1.3139894   0.70595872]
2026-01-20 12:20:19,436 - position: [ 0.36320016 -1.3139894   0.70595872]
2026-01-20 12:20:19,664 - position: [ 0.36320016 -1.3139894   0.70595872]
2026-01-20 12:20:19,925 - position: [ 0.36320016 -1.3139894   0.70595872]
2026-01-20 12:20:20,137 - position: [ 0.36320016 -1.3139894   0.70595872]
2026-01-20 12:20:20,411 - position: [ 0.36320016 -1.3139894   0.70595872]
2026-01-20 12:20:20,644 - position: [ 0.36320016 -1.3139894   0.70595872]
2026-01-20 12:20:20,869 - position: [ 0.36320016 -1.3139894   0.70595872]
2026-01-20 12:20:21,130 - position: [ 0.35937628 -1.31397784  0.69932121]
2026-01-20 12:20:21,366 - position: [ 0.35937628 -1.31397784  0.69932121]
2026-01-20 12:20:21,598 - position: [ 0.35937628 -1.31397784  0.69932121]
2026-01-20 12:20:21,802 - position: [ 0.35937628 -1.31397784  0.69932121]
2026-01-20 12:20:22,068 - position: [ 0.35937628 -1.31397784  0.69932121]
2026-01-20 12:20:22,283 - position: [ 0.35937628 -1.31397784  0.69932121]
2026-01-20 12:20:22,508 - position: [ 0.35937628 -1.31397784  0.69932121]
2026-01-20 12:20:22,755 - position: [ 0.35937628 -1.31397784  0.69932121]
2026-01-20 12:20:23,024 - position: [ 0.35937628 -1.31397784  0.69932121]
2026-01-20 12:20:23,279 - position: [ 0.35937628 -1.31397784  0.69932121]
2026-01-20 12:20:23,659 - position: [ 0.35937628 -1.31397784  0.69932121]
2026-01-20 12:20:23,935 - position: [ 0.35432023 -1.31114566  0.70343512]
2026-01-20 12:20:24,213 - position: [ 0.35432023 -1.31114566  0.70343512]
2026-01-20 12:20:24,451 - position: [ 0.35432023 -1.31114566  0.70343512]
2026-01-20 12:20:24,796 - position: [ 0.35432023 -1.31114566  0.70343512]
2026-01-20 12:20:25,128 - position: [ 0.35432023 -1.31114566  0.70343512]
2026-01-20 12:20:25,378 - position: [ 0.35432023 -1.31114566  0.70343512]
2026-01-20 12:20:25,599 - position: [ 0.35432023 -1.31114566  0.70343512]
2026-01-20 12:20:25,833 - position: [ 0.35432023 -1.31114566  0.70343512]
2026-01-20 12:20:26,059 - position: [ 0.35432023 -1.31114566  0.70343512]
2026-01-20 12:20:26,296 - position: [ 0.35432023 -1.31114566  0.70343512]
2026-01-20 12:20:26,544 - position: [ 0.35432023 -1.31114566  0.70343512]
2026-01-20 12:20:26,756 - position: [ 0.35432023 -1.31114566  0.70343512]
2026-01-20 12:20:26,994 - position: [ 0.35432023 -1.31114566  0.70343512]
2026-01-20 12:20:27,238 - position: [ 0.35432023 -1.31114566  0.70343512]
2026-01-20 12:20:27,504 - position: [ 0.35432023 -1.31114566  0.70343512]
2026-01-20 12:20:27,794 - position: [ 0.35432023 -1.31114566  0.70343512]
2026-01-20 12:20:28,018 - position: [ 0.35432023 -1.31114566  0.70343512]
2026-01-20 12:20:28,260 - position: [ 0.35432023 -1.31114566  0.70343512]
2026-01-20 12:20:28,485 - position: [ 0.35432023 -1.31114566  0.70343512]
2026-01-20 12:20:28,689 - position: [ 0.35432023 -1.31114566  0.70343512]
2026-01-20 12:20:28,970 - position: [ 0.35432023 -1.31114566  0.70343512]
2026-01-20 12:20:29,217 - position: [ 0.35432023 -1.31114566  0.70343512]
2026-01-20 12:20:29,427 - position: [ 0.35432023 -1.31114566  0.70343512]
2026-01-20 12:20:29,652 - position: [ 0.35432023 -1.31114566  0.70343512]
2026-01-20 12:20:29,919 - position: [ 0.35432023 -1.31114566  0.70343512]
2026-01-20 12:20:30,140 - position: [ 0.35432023 -1.31114566  0.70343512]
2026-01-20 12:20:30,395 - position: [ 0.35432023 -1.31114566  0.70343512]
2026-01-20 12:20:30,637 - position: [ 0.35432023 -1.31114566  0.70343512]
2026-01-20 12:20:30,852 - position: [ 0.35432023 -1.31114566  0.70343512]
2026-01-20 12:20:31,089 - position: [ 0.35432023 -1.31114566  0.70343512]
2026-01-20 12:20:31,302 - position: [ 0.35432023 -1.31114566  0.70343512]
2026-01-20 12:20:31,521 - position: [ 0.35432023 -1.31114566  0.70343512]
2026-01-20 12:20:31,730 - position: [ 0.35432023 -1.31114566  0.70343512]
