2026-01-20 11:57:37,663 - position: [ 0.09323569 -1.0191561   0.82242364]
2026-01-20 11:57:37,883 - position: [ 0.09482688 -1.01618254  0.82016581]
2026-01-20 11:57:38,101 - position: [ 0.09383956 -1.01366091  0.81907934]
2026-01-20 11:57:38,307 - position: [ 0.09383956 -1.01366091  0.81907934]
2026-01-20 11:57:38,562 - position: [ 0.09551177 -1.01573157  0.82011908]
2026-01-20 11:57:38,789 - position: [ 0.09918695 -1.01900303  0.82256311]
2026-01-20 11:57:39,019 - position: [ 0.10701265 -1.02132916  0.82341784]
2026-01-20 11:57:39,253 - position: [ 0.10807429 -1.02197564  0.82324666]
2026-01-20 11:57:39,476 - position: [ 0.09708434 -1.01764524  0.82297689]
2026-01-20 11:57:39,730 - position: [ 0.10422533 -1.02382672  0.83052975]
2026-01-20 11:57:39,951 - position: [ 0.10442654 -1.02787757  0.83176243]
2026-01-20 11:57:40,180 - position: [ 0.10414149 -1.03744948  0.83409083]
2026-01-20 11:57:40,418 - position: [ 0.10364296 -1.03893352  0.83442599]
2026-01-20 11:57:40,708 - position: [ 0.10128473 -1.03979111  0.83547801]
2026-01-20 11:57:40,930 - position: [ 0.10080134 -1.04292428  0.83591235]
2026-01-20 11:57:41,144 - position: [ 0.1005431  -1.04472268  0.83630115]
2026-01-20 11:57:41,373 - position: [ 0.1026249  -1.04906905  0.83773154]
2026-01-20 11:57:41,659 - position: [ 0.09850398 -1.04579234  0.83620209]
2026-01-20 11:57:41,886 - position: [ 0.10363802 -1.06392825  0.84478426]
2026-01-20 11:57:42,100 - position: [ 0.10361646 -1.06730556  0.84608173]
2026-01-20 11:57:42,321 - position: [ 0.08608037 -1.06676948  0.84490025]
2026-01-20 11:57:42,548 - position: [ 0.05833609 -1.08592057  0.84448379]
2026-01-20 11:57:42,779 - position: [ 0.06069941 -1.07402587  0.8431316 ]
2026-01-20 11:57:42,987 - position: [ 0.10443318 -1.06176949  0.843512  ]
2026-01-20 11:57:43,267 - position: [ 0.10443318 -1.06176949  0.843512  ]
2026-01-20 11:57:43,498 - position: [ 0.09867406 -1.06205547  0.84136343]
2026-01-20 11:57:43,747 - position: [ 0.0941232  -1.06829011  0.84043753]
2026-01-20 11:57:44,017 - position: [ 0.1185956  -1.04482841  0.83097368]
2026-01-20 11:57:44,232 - position: [ 0.12148226 -1.04408038  0.83037585]
2026-01-20 11:57:44,449 - position: [ 0.10913504 -1.02831268  0.82692331]
2026-01-20 11:57:44,659 - position: [ 0.10642352 -1.02836287  0.82720631]
2026-01-20 11:57:44,866 - position: [ 0.10421604 -1.03187013  0.82788575]
2026-01-20 11:57:45,087 - position: [ 0.10448121 -1.03581357  0.82831073]
2026-01-20 11:57:45,302 - position: [ 0.10641109 -1.03921187  0.82881689]
2026-01-20 11:57:45,541 - position: [ 0.10964815 -1.04134524  0.82941943]
2026-01-20 11:57:45,776 - position: [ 0.11186104 -1.03697038  0.82796675]
2026-01-20 11:57:45,993 - position: [ 0.10973579 -1.03419495  0.82771039]
2026-01-20 11:57:46,243 - position: [ 0.11071068 -1.03477955  0.82767886]
2026-01-20 11:57:46,493 - position: [ 0.11138903 -1.03806782  0.82889837]
2026-01-20 11:57:46,714 - position: [ 0.11116943 -1.03821707  0.82860839]
2026-01-20 11:57:46,966 - position: [ 0.10812112 -1.03829551  0.82846946]
2026-01-20 11:57:47,185 - position: [ 0.10677439 -1.03254092  0.82624429]
2026-01-20 11:57:47,424 - position: [ 0.1102273  -1.03684759  0.82785571]
2026-01-20 11:57:47,642 - position: [ 0.10879683 -1.0375402   0.8285436 ]
2026-01-20 11:57:47,871 - position: [ 0.10926254 -1.03704822  0.82808477]
2026-01-20 11:57:48,089 - position: [ 0.10933667 -1.03700852  0.82805401]
2026-01-20 11:57:48,321 - position: [ 0.10908611 -1.03714931  0.82793087]
2026-01-20 11:57:48,622 - position: [ 0.10920044 -1.03665924  0.82765573]
2026-01-20 11:57:48,887 - position: [ 0.11135703 -1.03655398  0.82763845]
2026-01-20 11:57:49,115 - position: [ 0.10965066 -1.03691924  0.82675695]
2026-01-20 11:57:49,375 - position: [ 0.09625471 -1.03626621  0.82705468]
2026-01-20 11:57:49,631 - position: [ 0.08770624 -1.03375983  0.82528073]
2026-01-20 11:57:49,901 - position: [ 0.09644636 -1.03056455  0.82435536]
2026-01-20 11:57:50,150 - position: [ 0.10096336 -1.03160453  0.82459414]
2026-01-20 11:57:50,367 - position: [ 0.10096336 -1.03160453  0.82459414]
2026-01-20 11:57:50,629 - position: [ 0.10096336 -1.03160453  0.82459414]
2026-01-20 11:57:50,883 - position: [ 0.10326698 -1.03508079  0.82596588]
2026-01-20 11:57:51,118 - position: [ 0.10347711 -1.03491938  0.82600242]
2026-01-20 11:57:51,387 - position: [ 0.107256   -1.03426087  0.82549739]
2026-01-20 11:57:51,644 - position: [ 0.10842676 -1.03373945  0.82527632]
2026-01-20 11:57:51,906 - position: [ 0.10929259 -1.0329392   0.82498223]
2026-01-20 11:57:52,184 - position: [ 0.10924891 -1.03083456  0.82420474]
2026-01-20 11:57:52,405 - position: [ 0.10795901 -1.03162146  0.82375133]
2026-01-20 11:57:52,679 - position: [ 0.10775345 -1.03176916  0.82348555]
2026-01-20 11:57:52,897 - position: [ 0.10798899 -1.03309655  0.8238126 ]
2026-01-20 11:57:53,147 - position: [ 0.10818144 -1.0321691   0.82352829]
2026-01-20 11:57:53,354 - position: [ 0.10830788 -1.03190827  0.82344455]
2026-01-20 11:57:53,597 - position: [ 0.10880622 -1.03158998  0.82338929]
2026-01-20 11:57:53,801 - position: [ 0.10886829 -1.03156865  0.82330018]
2026-01-20 11:57:54,009 - position: [ 0.10856334 -1.03110409  0.82286769]
2026-01-20 11:57:54,219 - position: [ 0.10824849 -1.03120279  0.82284856]
2026-01-20 11:57:54,460 - position: [ 0.10644004 -1.03164303  0.82276762]
2026-01-20 11:57:54,737 - position: [ 0.10466928 -1.03152001  0.82264096]
2026-01-20 11:57:54,970 - position: [ 0.10459058 -1.03140223  0.82263881]
2026-01-20 11:57:55,235 - position: [ 0.10458542 -1.03066397  0.82227343]
2026-01-20 11:57:55,501 - position: [ 0.10093729 -1.02982116  0.82205206]
2026-01-20 11:57:55,717 - position: [ 0.06360074 -1.05330849  0.82847148]
2026-01-20 11:57:55,973 - position: [ 0.05632057 -1.0617609   0.82935476]
2026-01-20 11:57:56,250 - position: [ 0.04856003 -1.06812239  0.8296991 ]
2026-01-20 11:57:56,483 - position: [ 0.04842288 -1.04787183  0.8227753 ]
2026-01-20 11:57:56,725 - position: [ 0.0696652  -1.03507102  0.82112962]
2026-01-20 11:57:56,969 - position: [ 0.08664649 -1.03424096  0.82279503]
2026-01-20 11:57:57,205 - position: [ 0.09488975 -1.0382663   0.82561243]
2026-01-20 11:57:57,538 - position: [ 0.09593596 -1.03642452  0.82504314]
2026-01-20 11:57:57,775 - position: [ 0.09610095 -1.0360173   0.82474524]
2026-01-20 11:57:58,002 - position: [ 0.09677844 -1.03595674  0.82472038]
2026-01-20 11:57:58,233 - position: [ 0.0978963  -1.0334487   0.82360148]
2026-01-20 11:57:58,442 - position: [ 0.09756599 -1.03415263  0.82369184]
2026-01-20 11:57:58,649 - position: [ 0.09784718 -1.03386772  0.8235991 ]
2026-01-20 11:57:58,898 - position: [ 0.09837719 -1.03453922  0.82376468]
2026-01-20 11:57:59,152 - position: [ 0.09848019 -1.03485227  0.82389534]
2026-01-20 11:57:59,368 - position: [ 0.09845404 -1.03477597  0.82379627]
2026-01-20 11:57:59,611 - position: [ 0.09798007 -1.03443742  0.82360893]
2026-01-20 11:57:59,838 - position: [ 0.08671592 -1.03710985  0.82442325]
2026-01-20 11:58:00,093 - position: [ 0.08640099 -1.0371362   0.82438332]
2026-01-20 11:58:00,326 - position: [ 0.08526853 -1.04068935  0.82435071]
2026-01-20 11:58:00,561 - position: [ 0.08447266 -1.03985488  0.82427514]
2026-01-20 11:58:00,790 - position: [ 0.08424954 -1.03986466  0.82438099]
2026-01-20 11:58:01,117 - position: [ 0.08543648 -1.0382129   0.82326746]
2026-01-20 11:58:01,349 - position: [ 0.08562339 -1.03746641  0.82300115]
2026-01-20 11:58:01,605 - position: [ 0.08538233 -1.03653693  0.8226099 ]
2026-01-20 11:58:01,898 - position: [ 0.08561011 -1.03578663  0.82247752]
2026-01-20 11:58:02,125 - position: [ 0.08616027 -1.0345422   0.82215118]
2026-01-20 11:58:02,373 - position: [ 0.08722232 -1.03432727  0.8219772 ]
2026-01-20 11:58:02,580 - position: [ 0.0875081  -1.03282964  0.82168549]
2026-01-20 11:58:02,827 - position: [ 0.08893228 -1.03334951  0.82195598]
2026-01-20 11:58:03,080 - position: [ 0.09117652 -1.03547287  0.82336026]
2026-01-20 11:58:03,305 - position: [ 0.09650335 -1.04097319  0.82654518]
2026-01-20 11:58:03,514 - position: [ 0.10034697 -1.04537284  0.82820576]
2026-01-20 11:58:03,722 - position: [ 0.10249405 -1.04805195  0.82935745]
2026-01-20 11:58:03,953 - position: [ 0.10320587 -1.04950106  0.83023506]
2026-01-20 11:58:04,182 - position: [ 0.10215563 -1.04832768  0.8295517 ]
2026-01-20 11:58:04,425 - position: [ 0.10311896 -1.04682791  0.82917726]
2026-01-20 11:58:04,638 - position: [ 0.10353027 -1.0460515   0.82881212]
2026-01-20 11:58:04,855 - position: [ 0.10437509 -1.046489    0.82886571]
2026-01-20 11:58:05,122 - position: [ 0.10455499 -1.04558432  0.82864678]
2026-01-20 11:58:05,332 - position: [ 0.10503565 -1.04452252  0.82811248]
2026-01-20 11:58:05,566 - position: [ 0.10496957 -1.04515362  0.82815683]
2026-01-20 11:58:05,823 - position: [ 0.10461904 -1.04504907  0.82793993]
2026-01-20 11:58:06,073 - position: [ 0.10440229 -1.04507995  0.82778925]
2026-01-20 11:58:06,346 - position: [ 0.10524798 -1.04572594  0.82795405]
2026-01-20 11:58:06,658 - position: [ 0.10557843 -1.04581726  0.82804853]
2026-01-20 11:58:06,917 - position: [ 0.10556819 -1.0455339   0.82802504]
2026-01-20 11:58:07,180 - position: [ 0.10515524 -1.04580832  0.82809252]
2026-01-20 11:58:07,461 - position: [ 0.10537659 -1.04633176  0.82833481]
2026-01-20 11:58:07,713 - position: [ 0.10510105 -1.04560316  0.82801354]
2026-01-20 11:58:07,945 - position: [ 0.10282777 -1.04485083  0.82753992]
2026-01-20 11:58:08,376 - position: [ 0.10122094 -1.04937136  0.82982963]
2026-01-20 11:58:08,661 - position: [ 0.10122094 -1.04937136  0.82982963]
2026-01-20 11:58:08,891 - position: [ 0.0944324  -1.04472387  0.82642031]
2026-01-20 11:58:09,139 - position: [ 0.09246219 -1.04498541  0.8262949 ]
2026-01-20 11:58:09,370 - position: [ 0.09038296 -1.04469359  0.8258962 ]
2026-01-20 11:58:09,627 - position: [ 0.08945622 -1.04424298  0.82532036]
2026-01-20 11:58:09,841 - position: [ 0.0849849  -1.04529369  0.82388872]
2026-01-20 11:58:10,088 - position: [ 0.08627285 -1.04536772  0.82393008]
2026-01-20 11:58:10,359 - position: [ 0.09004824 -1.04504979  0.82512242]
2026-01-20 11:58:10,580 - position: [ 0.09324568 -1.04649091  0.82576197]
2026-01-20 11:58:10,804 - position: [ 0.093863   -1.04694867  0.82593614]
2026-01-20 11:58:11,052 - position: [ 0.09522512 -1.04705119  0.82616639]
2026-01-20 11:58:11,264 - position: [ 0.0989777  -1.05101323  0.82851785]
2026-01-20 11:58:11,489 - position: [ 0.09906419 -1.0516547   0.82883996]
2026-01-20 11:58:11,704 - position: [ 0.09905039 -1.0517652   0.82884586]
2026-01-20 11:58:11,960 - position: [ 0.10052072 -1.04913545  0.82797855]
2026-01-20 11:58:12,197 - position: [ 0.10115224 -1.04882669  0.82792544]
2026-01-20 11:58:12,452 - position: [ 0.10171086 -1.04796338  0.82768834]
2026-01-20 11:58:12,720 - position: [ 0.10237637 -1.04750657  0.82755607]
2026-01-20 11:58:12,936 - position: [ 0.10273366 -1.04646623  0.82734573]
2026-01-20 11:58:13,137 - position: [ 0.1028979  -1.04616654  0.8273502 ]
2026-01-20 11:58:13,487 - position: [ 0.10368448 -1.0446527   0.82690424]
2026-01-20 11:58:13,720 - position: [ 0.10408888 -1.04364562  0.82682991]
2026-01-20 11:58:13,984 - position: [ 0.098751   -1.04458916  0.82740736]
2026-01-20 11:58:14,247 - position: [ 0.1007354  -1.03861237  0.82696015]
2026-01-20 11:58:14,457 - position: [ 0.10465615 -1.03093278  0.82655334]
2026-01-20 11:58:14,810 - position: [ 0.10448314 -1.04215872  0.83428949]
2026-01-20 11:58:15,071 - position: [ 0.10576511 -1.04500914  0.83409613]
2026-01-20 11:58:15,309 - position: [ 0.10734032 -1.04776716  0.83414537]
2026-01-20 11:58:15,616 - position: [ 0.10703313 -1.05182338  0.8352924 ]
2026-01-20 11:58:15,874 - position: [ 0.10589534 -1.05350375  0.83566701]
2026-01-20 11:58:16,130 - position: [ 0.10424732 -1.05577755  0.83642107]
2026-01-20 11:58:16,409 - position: [ 0.10319903 -1.05840671  0.83766264]
2026-01-20 11:58:16,646 - position: [ 0.10072041 -1.06642723  0.83812332]
2026-01-20 11:58:16,928 - position: [ 0.10230982 -1.06161213  0.83638257]
2026-01-20 11:58:17,163 - position: [ 0.10152877 -1.0515182   0.8337701 ]
2026-01-20 11:58:17,437 - position: [ 0.10696991 -1.04121721  0.82881016]
2026-01-20 11:58:17,747 - position: [ 0.09947259 -1.04556131  0.82964313]
2026-01-20 11:58:17,965 - position: [ 0.09763043 -1.04642415  0.82997769]
2026-01-20 11:58:18,199 - position: [ 0.09707139 -1.04600811  0.82972139]
2026-01-20 11:58:18,448 - position: [ 0.09388021 -1.04363608  0.82839191]
2026-01-20 11:58:18,713 - position: [ 0.0949872  -1.04147875  0.82826167]
2026-01-20 11:58:18,933 - position: [ 0.09677066 -1.03930557  0.82788163]
2026-01-20 11:58:19,179 - position: [ 0.09844821 -1.03656149  0.82677639]
2026-01-20 11:58:19,467 - position: [ 0.09870657 -1.03673959  0.82690614]
2026-01-20 11:58:19,762 - position: [ 0.09985013 -1.03994191  0.82720906]
2026-01-20 11:58:20,006 - position: [ 0.10079736 -1.03872263  0.82672012]
2026-01-20 11:58:20,265 - position: [ 0.10079736 -1.03872263  0.82672012]
2026-01-20 11:58:20,487 - position: [ 0.09899926 -1.04057562  0.82691711]
2026-01-20 11:58:20,712 - position: [ 0.09611679 -1.04294837  0.82757574]
2026-01-20 11:58:20,936 - position: [ 0.09529804 -1.04394019  0.82777548]
2026-01-20 11:58:21,150 - position: [ 0.09527282 -1.04196227  0.82678753]
2026-01-20 11:58:21,385 - position: [ 0.09529655 -1.04125726  0.82658726]
2026-01-20 11:58:21,635 - position: [ 0.09655023 -1.04209113  0.82685673]
2026-01-20 11:58:21,875 - position: [ 0.0967418  -1.04148912  0.82647616]
2026-01-20 11:58:22,088 - position: [ 0.09651903 -1.04014182  0.82591313]
2026-01-20 11:58:22,335 - position: [ 0.09646461 -1.03885758  0.82471943]
2026-01-20 11:58:22,609 - position: [ 0.09247935 -1.03790641  0.82413405]
2026-01-20 11:58:22,924 - position: [ 0.08953246 -1.03541827  0.82352322]
2026-01-20 11:58:23,189 - position: [ 0.09059944 -1.03717029  0.82405478]
2026-01-20 11:58:23,395 - position: [ 0.09059944 -1.03717029  0.82405478]
2026-01-20 11:58:23,620 - position: [ 0.09116945 -1.03742611  0.82444656]
2026-01-20 11:58:23,854 - position: [ 0.09035702 -1.03620422  0.82366002]
2026-01-20 11:58:24,097 - position: [ 0.09009591 -1.03615296  0.82342243]
2026-01-20 11:58:24,338 - position: [ 0.08979505 -1.03832352  0.82407182]
2026-01-20 11:58:24,601 - position: [ 0.0901171  -1.03831398  0.82414299]
2026-01-20 11:58:24,847 - position: [ 0.09084375 -1.03830266  0.82432175]
2026-01-20 11:58:25,091 - position: [ 0.09041429 -1.037956    0.82413125]
2026-01-20 11:58:25,328 - position: [ 0.09073075 -1.03947687  0.82467699]
2026-01-20 11:58:25,593 - position: [ 0.09180573 -1.03953969  0.82483023]
2026-01-20 11:58:25,859 - position: [ 0.09352832 -1.03861165  0.82466203]
2026-01-20 11:58:26,132 - position: [ 0.0948169  -1.03721118  0.82435018]
2026-01-20 11:58:26,471 - position: [ 0.09473533 -1.0369314   0.82414794]
2026-01-20 11:58:26,710 - position: [ 0.09807755 -1.03513265  0.82378781]
2026-01-20 11:58:26,937 - position: [ 0.09796882 -1.03396249  0.82329983]
2026-01-20 11:58:27,182 - position: [ 0.09774503 -1.03454149  0.82326776]
2026-01-20 11:58:27,419 - position: [ 0.0972781  -1.03638983  0.82377887]
2026-01-20 11:58:27,644 - position: [ 0.09695908 -1.0373491   0.82400715]
2026-01-20 11:58:27,874 - position: [ 0.09611124 -1.03974974  0.82416385]
2026-01-20 11:58:28,104 - position: [ 0.09558471 -1.04001629  0.82405716]
2026-01-20 11:58:28,339 - position: [ 0.09528758 -1.04017675  0.82409781]
2026-01-20 11:58:28,615 - position: [ 0.09551606 -1.04156911  0.82433212]
2026-01-20 11:58:28,926 - position: [ 0.09453132 -1.04008138  0.82286006]
2026-01-20 11:58:29,160 - position: [ 0.09151789 -1.04031777  0.82198191]
2026-01-20 11:58:29,477 - position: [ 0.09250182 -1.03871286  0.821796  ]
2026-01-20 11:58:29,737 - position: [ 0.09633779 -1.03510606  0.82128346]
2026-01-20 11:58:29,974 - position: [ 0.09582032 -1.03366303  0.82060778]
2026-01-20 11:58:30,201 - position: [ 0.09552565 -1.0348978   0.82152241]
2026-01-20 11:58:30,462 - position: [ 0.09625712 -1.03610849  0.8221252 ]
2026-01-20 11:58:30,720 - position: [ 0.09825236 -1.03613102  0.82214755]
2026-01-20 11:58:30,969 - position: [ 0.09895763 -1.03546584  0.82214922]
2026-01-20 11:58:31,182 - position: [ 0.09938779 -1.03587949  0.8220526 ]
2026-01-20 11:58:31,427 - position: [ 0.10224126 -1.03637624  0.82276511]
2026-01-20 11:58:31,647 - position: [ 0.10268051 -1.03604937  0.82273316]
2026-01-20 11:58:31,877 - position: [ 0.10288405 -1.03601217  0.82274836]
2026-01-20 11:58:32,143 - position: [ 0.10282407 -1.0362581   0.82293862]
2026-01-20 11:58:32,400 - position: [ 0.10375788 -1.03606176  0.82302827]
2026-01-20 11:58:32,643 - position: [ 0.10408925 -1.03726757  0.82358497]
2026-01-20 11:58:32,859 - position: [ 0.10405915 -1.03804815  0.82397187]
2026-01-20 11:58:33,079 - position: [ 0.1025404  -1.04075277  0.82482135]
2026-01-20 11:58:33,317 - position: [ 0.10382625 -1.04114306  0.82481152]
2026-01-20 11:58:33,524 - position: [ 0.10387327 -1.04097664  0.82505   ]
2026-01-20 11:58:33,783 - position: [ 0.10378344 -1.04168725  0.82506686]
2026-01-20 11:58:34,016 - position: [ 0.10335544 -1.04097903  0.82479358]
2026-01-20 11:58:34,296 - position: [ 0.10373845 -1.0401814   0.82458258]
2026-01-20 11:58:34,513 - position: [ 0.10378975 -1.04013348  0.8245731 ]
2026-01-20 11:58:34,756 - position: [ 0.10402751 -1.04149687  0.82515126]
2026-01-20 11:58:34,981 - position: [ 0.10383299 -1.04217231  0.82509679]
2026-01-20 11:58:35,217 - position: [ 0.10201722 -1.04218209  0.82498193]
2026-01-20 11:58:35,464 - position: [ 0.10159398 -1.04210424  0.82504839]
2026-01-20 11:58:35,693 - position: [ 0.10126707 -1.04055393  0.82471502]
2026-01-20 11:58:35,925 - position: [ 0.10174308 -1.04160631  0.82472855]
2026-01-20 11:58:36,156 - position: [ 0.10487287 -1.04374588  0.82581651]
2026-01-20 11:58:36,369 - position: [ 0.10487287 -1.04374588  0.82581651]
2026-01-20 11:58:36,599 - position: [ 0.10146235 -1.0446558   0.82589686]
2026-01-20 11:58:36,814 - position: [ 0.10226433 -1.04407167  0.82558995]
2026-01-20 11:58:37,064 - position: [ 0.10241275 -1.04371154  0.82554334]
2026-01-20 11:58:37,351 - position: [ 0.10247814 -1.04330146  0.82539773]
2026-01-20 11:58:37,651 - position: [ 0.10243557 -1.04216433  0.82479662]
2026-01-20 11:58:37,893 - position: [ 0.10228561 -1.04195929  0.82473391]
2026-01-20 11:58:38,205 - position: [ 0.10294059 -1.04191422  0.82478499]
2026-01-20 11:58:38,457 - position: [ 0.10353503 -1.03996873  0.82377285]
2026-01-20 11:58:38,708 - position: [ 0.10395046 -1.04011023  0.82387656]
2026-01-20 11:58:38,929 - position: [ 0.10409852 -1.04020643  0.82408297]
2026-01-20 11:58:39,195 - position: [ 0.10412183 -1.03975546  0.82411504]
2026-01-20 11:58:39,454 - position: [ 0.10466841 -1.0400058   0.8242442 ]
2026-01-20 11:58:39,698 - position: [ 0.10466841 -1.0400058   0.8242442 ]
2026-01-20 11:58:39,952 - position: [ 0.10565443 -1.04112077  0.82489061]
2026-01-20 11:58:40,186 - position: [ 0.10604295 -1.04106879  0.8250221 ]
2026-01-20 11:58:40,449 - position: [ 0.10619302 -1.04134727  0.82492656]
2026-01-20 11:58:40,673 - position: [ 0.10614689 -1.04156768  0.82484668]
2026-01-20 11:58:40,898 - position: [ 0.10716598 -1.04145205  0.82472962]
2026-01-20 11:58:41,125 - position: [ 0.10718011 -1.04140306  0.82469374]
2026-01-20 11:58:41,351 - position: [ 0.10739022 -1.04129851  0.82468504]
2026-01-20 11:58:41,637 - position: [ 0.10715899 -1.04080915  0.82479244]
2026-01-20 11:58:41,865 - position: [ 0.10693091 -1.04155123  0.82482314]
2026-01-20 11:58:42,124 - position: [ 0.10655027 -1.04233456  0.8252486 ]
2026-01-20 11:58:42,336 - position: [ 0.10642059 -1.04318392  0.82540637]
2026-01-20 11:58:42,550 - position: [ 0.10618797 -1.04262686  0.82550424]
2026-01-20 11:58:42,840 - position: [ 0.10669891 -1.04090559  0.82497889]
2026-01-20 11:58:43,059 - position: [ 0.10633605 -1.04111362  0.82510847]
2026-01-20 11:58:43,297 - position: [ 0.10633605 -1.04111362  0.82510847]
2026-01-20 11:58:43,522 - position: [ 0.10897968 -1.04611182  0.82699102]
2026-01-20 11:58:43,749 - position: [ 0.10776863 -1.04627037  0.82710749]
2026-01-20 11:58:43,974 - position: [ 0.10664147 -1.04380691  0.82564598]
2026-01-20 11:58:44,186 - position: [ 0.10692871 -1.04389703  0.82576191]
2026-01-20 11:58:44,424 - position: [ 0.105912   -1.04354799  0.82569832]
2026-01-20 11:58:44,722 - position: [ 0.1070221  -1.04523289  0.82614511]
2026-01-20 11:58:44,964 - position: [ 0.10755579 -1.04542518  0.82611406]
2026-01-20 11:58:45,191 - position: [ 0.10711529 -1.04638028  0.82639009]
2026-01-20 11:58:45,423 - position: [ 0.10665233 -1.04363036  0.82562381]
2026-01-20 11:58:45,657 - position: [ 0.10665233 -1.04363036  0.82562381]
2026-01-20 11:58:45,940 - position: [ 0.1086483  -1.04343212  0.82574928]
2026-01-20 11:58:46,156 - position: [ 0.1086483  -1.04343212  0.82574928]
2026-01-20 11:58:46,391 - position: [ 0.10896832 -1.04311824  0.82548022]
2026-01-20 11:58:46,639 - position: [ 0.10850832 -1.04382622  0.82567036]
2026-01-20 11:58:46,888 - position: [ 0.10846974 -1.04406476  0.82567483]
2026-01-20 11:58:47,120 - position: [ 0.10785862 -1.04384065  0.82594144]
2026-01-20 11:58:47,351 - position: [ 0.10860861 -1.04279912  0.82557166]
2026-01-20 11:58:47,561 - position: [ 0.10857636 -1.0432905   0.82593048]
2026-01-20 11:58:47,800 - position: [ 0.1081236  -1.04314852  0.82597858]
2026-01-20 11:58:48,041 - position: [ 0.10828528 -1.0436306   0.82621318]
2026-01-20 11:58:48,304 - position: [ 0.10961813 -1.04403007  0.82624727]
2026-01-20 11:58:48,546 - position: [ 0.10906149 -1.04334581  0.82615834]
2026-01-20 11:58:48,772 - position: [ 0.10893388 -1.04354501  0.82625228]
2026-01-20 11:58:49,083 - position: [ 0.10946557 -1.04359317  0.82591844]
2026-01-20 11:58:49,328 - position: [ 0.10958149 -1.04376674  0.826042  ]
2026-01-20 11:58:49,537 - position: [ 0.10887057 -1.04422605  0.82603168]
2026-01-20 11:58:49,763 - position: [ 0.10948543 -1.04398417  0.82598352]
2026-01-20 11:58:50,021 - position: [ 0.1096836  -1.04402149  0.82601309]
2026-01-20 11:58:50,333 - position: [ 0.10973363 -1.0435816   0.82569921]
2026-01-20 11:58:50,638 - position: [ 0.10905668 -1.04359543  0.82583594]
2026-01-20 11:58:50,868 - position: [ 0.10883858 -1.04348564  0.8258211 ]
2026-01-20 11:58:51,133 - position: [ 0.1087135  -1.04317641  0.8257032 ]
2026-01-20 11:58:51,360 - position: [ 0.10888264 -1.04323328  0.82583064]
2026-01-20 11:58:51,612 - position: [ 0.1090362  -1.04273868  0.82537645]
2026-01-20 11:58:51,896 - position: [ 0.10903903 -1.04214668  0.82490814]
2026-01-20 11:58:52,154 - position: [ 0.10935546 -1.04224312  0.82482654]
2026-01-20 11:58:52,361 - position: [ 0.1093613  -1.04186821  0.82482648]
2026-01-20 11:58:52,650 - position: [ 0.10972311 -1.04174399  0.82481509]
2026-01-20 11:58:52,870 - position: [ 0.11000565 -1.04171288  0.82465225]
2026-01-20 11:58:53,093 - position: [ 0.10904232 -1.04069197  0.8244006 ]
2026-01-20 11:58:53,325 - position: [ 0.10910846 -1.04026639  0.82414716]
2026-01-20 11:58:53,568 - position: [ 0.10809944 -1.04049993  0.8244186 ]
2026-01-20 11:58:53,778 - position: [ 0.10718183 -1.04110205  0.8250348 ]
2026-01-20 11:58:54,063 - position: [ 0.10780745 -1.04094887  0.82475823]
2026-01-20 11:58:54,414 - position: [ 0.10817952 -1.0417794   0.82481259]
2026-01-20 11:58:54,676 - position: [ 0.10803632 -1.04179704  0.82453448]
2026-01-20 11:58:54,916 - position: [ 0.10732017 -1.04170704  0.82452852]
2026-01-20 11:58:55,139 - position: [ 0.10579849 -1.04172635  0.8246842 ]
2026-01-20 11:58:55,353 - position: [ 0.10489137 -1.04264367  0.82487988]
2026-01-20 11:58:55,595 - position: [ 0.10314517 -1.04403687  0.82498366]
2026-01-20 11:58:55,866 - position: [ 0.09832725 -1.04370546  0.8241958 ]
2026-01-20 11:58:56,094 - position: [ 0.09677865 -1.03957498  0.82273173]
2026-01-20 11:58:56,341 - position: [ 0.10070957 -1.02932358  0.82872015]
2026-01-20 11:58:56,583 - position: [ 0.09828334 -1.06407142  0.8395617 ]
2026-01-20 11:58:56,849 - position: [ 0.10072745 -1.06855214  0.84010518]
2026-01-20 11:58:57,116 - position: [ 0.10023974 -1.0681411   0.84067076]
2026-01-20 11:58:57,360 - position: [ 0.09634213 -1.07218742  0.84021175]
2026-01-20 11:58:57,604 - position: [ 0.09391566 -1.07362866  0.83991426]
2026-01-20 11:58:57,849 - position: [ 0.09790861 -1.06945002  0.83679569]
2026-01-20 11:58:58,124 - position: [ 0.09893616 -1.06820703  0.83642054]
2026-01-20 11:58:58,400 - position: [ 0.09754137 -1.05668998  0.83186555]
2026-01-20 11:58:58,625 - position: [ 0.09740261 -1.05577123  0.8315984 ]
2026-01-20 11:58:58,891 - position: [ 0.10199115 -1.05328119  0.83089113]
2026-01-20 11:58:59,103 - position: [ 0.10777534 -1.05379772  0.82923627]
2026-01-20 11:58:59,429 - position: [ 0.10827736 -1.05216753  0.82887709]
2026-01-20 11:58:59,665 - position: [ 0.10459698 -1.04781866  0.82684362]
2026-01-20 11:58:59,924 - position: [ 0.10390403 -1.04571247  0.82501167]
2026-01-20 11:59:00,219 - position: [ 0.10402253 -1.04851878  0.82626909]
2026-01-20 11:59:00,482 - position: [ 0.10503229 -1.04756343  0.82552868]
2026-01-20 11:59:00,758 - position: [ 0.10506425 -1.04739976  0.82546002]
2026-01-20 11:59:00,966 - position: [ 0.10477847 -1.04602706  0.82496965]
2026-01-20 11:59:01,204 - position: [ 0.10458855 -1.0451386   0.82457978]
2026-01-20 11:59:01,443 - position: [ 0.10452707 -1.04494262  0.82458621]
2026-01-20 11:59:01,708 - position: [ 0.10495577 -1.04451239  0.82440513]
2026-01-20 11:59:01,925 - position: [ 0.10584525 -1.04364872  0.8238892 ]
2026-01-20 11:59:02,141 - position: [ 0.10630382 -1.04350615  0.82388377]
2026-01-20 11:59:02,369 - position: [ 0.10666481 -1.04400086  0.82408637]
2026-01-20 11:59:02,598 - position: [ 0.10672654 -1.04376829  0.82404786]
2026-01-20 11:59:02,810 - position: [ 0.10702156 -1.04360175  0.82405281]
2026-01-20 11:59:03,072 - position: [ 0.10801048 -1.04363787  0.82398373]
2026-01-20 11:59:03,308 - position: [ 0.10246531 -1.04266584  0.82221943]
2026-01-20 11:59:03,544 - position: [ 0.10136686 -1.04123068  0.82164103]
2026-01-20 11:59:03,802 - position: [ 0.10436332 -1.0413568   0.82233536]
2026-01-20 11:59:04,013 - position: [ 0.10642055 -1.04075527  0.82237124]
2026-01-20 11:59:04,245 - position: [ 0.10654764 -1.04037201  0.82207108]
2026-01-20 11:59:04,450 - position: [ 0.10420651 -1.04081452  0.82200783]
2026-01-20 11:59:04,680 - position: [ 0.1029925  -1.04220021  0.82247847]
2026-01-20 11:59:04,933 - position: [ 0.1029925  -1.04220021  0.82247847]
2026-01-20 11:59:05,147 - position: [ 0.10015935 -1.04418373  0.82279009]
2026-01-20 11:59:05,466 - position: [ 0.10194464 -1.0445466   0.82333624]
2026-01-20 11:59:05,692 - position: [ 0.10010293 -1.04397595  0.8223812 ]
2026-01-20 11:59:05,927 - position: [ 0.09055033 -1.03906488  0.81921494]
2026-01-20 11:59:06,136 - position: [ 0.08729116 -1.04155707  0.82030481]
2026-01-20 11:59:06,396 - position: [ 0.08629076 -1.04492748  0.82189143]
2026-01-20 11:59:06,631 - position: [ 0.09441343 -1.0442822   0.82168496]
2026-01-20 11:59:06,865 - position: [ 0.09583271 -1.04447484  0.82177025]
2026-01-20 11:59:07,085 - position: [ 0.09838983 -1.03872466  0.82116944]
2026-01-20 11:59:07,331 - position: [ 0.10045739 -1.04491615  0.82408696]
2026-01-20 11:59:07,574 - position: [ 0.10334392 -1.04728734  0.82462108]
2026-01-20 11:59:07,795 - position: [ 0.10659039 -1.04659712  0.8242296 ]
2026-01-20 11:59:08,017 - position: [ 0.10761762 -1.04301989  0.82274479]
2026-01-20 11:59:08,317 - position: [ 0.10734262 -1.04311728  0.82259953]
2026-01-20 11:59:08,564 - position: [ 0.10934977 -1.04321384  0.82274401]
2026-01-20 11:59:08,803 - position: [ 0.10995544 -1.04297078  0.82266307]
2026-01-20 11:59:09,015 - position: [ 0.10986952 -1.04217601  0.82242829]
2026-01-20 11:59:09,252 - position: [ 0.11024137 -1.04235828  0.82229137]
2026-01-20 11:59:09,508 - position: [ 0.11091453 -1.04132938  0.82213861]
2026-01-20 11:59:09,761 - position: [ 0.11091545 -1.04125702  0.82201773]
2026-01-20 11:59:10,013 - position: [ 0.11148483 -1.04180396  0.82215381]
2026-01-20 11:59:10,250 - position: [ 0.11174107 -1.04119086  0.82207638]
2026-01-20 11:59:10,502 - position: [ 0.11174107 -1.04119086  0.82207638]
2026-01-20 11:59:10,771 - position: [ 0.11224078 -1.04088879  0.82150584]
2026-01-20 11:59:10,984 - position: [ 0.11233996 -1.04023242  0.82125491]
2026-01-20 11:59:11,208 - position: [ 0.11281118 -1.04081202  0.82151186]
2026-01-20 11:59:11,472 - position: [ 0.11322832 -1.04107213  0.82171845]
2026-01-20 11:59:11,692 - position: [ 0.1135011  -1.04064429  0.82151765]
2026-01-20 11:59:11,951 - position: [ 0.11342873 -1.04034102  0.82132268]
2026-01-20 11:59:12,175 - position: [ 0.11234118 -1.04073775  0.82163048]
2026-01-20 11:59:12,381 - position: [ 0.1121892  -1.04064882  0.82147807]
2026-01-20 11:59:12,608 - position: [ 0.1122659  -1.04036784  0.82136679]
2026-01-20 11:59:12,849 - position: [ 0.1119749  -1.04057539  0.82130396]
2026-01-20 11:59:13,078 - position: [ 0.11141681 -1.04079545  0.82148063]
2026-01-20 11:59:13,283 - position: [ 0.11032325 -1.04001427  0.82131034]
2026-01-20 11:59:13,529 - position: [ 0.10991518 -1.04065907  0.82106185]
2026-01-20 11:59:13,772 - position: [ 0.10905606 -1.04164219  0.82157695]
2026-01-20 11:59:14,021 - position: [ 0.10837974 -1.04233825  0.82193959]
2026-01-20 11:59:14,263 - position: [ 0.11195107 -1.04821718  0.82412124]
2026-01-20 11:59:14,623 - position: [ 0.11074017 -1.04762805  0.824058  ]
2026-01-20 11:59:14,832 - position: [ 0.11045804 -1.04770267  0.82393992]
2026-01-20 11:59:15,063 - position: [ 0.1112721  -1.04736328  0.82415593]
2026-01-20 11:59:15,347 - position: [ 0.11124789 -1.04589784  0.82372636]
2026-01-20 11:59:15,604 - position: [ 0.11105818 -1.04558635  0.82350057]
2026-01-20 11:59:15,849 - position: [ 0.11160891 -1.04414701  0.82280827]
2026-01-20 11:59:16,097 - position: [ 0.1124328  -1.04385579  0.82244605]
2026-01-20 11:59:16,380 - position: [ 0.11242639 -1.04284787  0.82177395]
2026-01-20 11:59:16,636 - position: [ 0.1130706  -1.04213119  0.82159728]
2026-01-20 11:59:16,866 - position: [ 0.11362623 -1.0418607   0.82162678]
2026-01-20 11:59:17,131 - position: [ 0.11346805 -1.04176307  0.82146376]
2026-01-20 11:59:17,394 - position: [ 0.11367784 -1.04121339  0.82119268]
2026-01-20 11:59:17,619 - position: [ 0.1138004  -1.04112113  0.82117236]
2026-01-20 11:59:17,838 - position: [ 0.11395843 -1.0408026   0.82116914]
2026-01-20 11:59:18,075 - position: [ 0.11404679 -1.04031265  0.821073  ]
2026-01-20 11:59:18,300 - position: [ 0.1145404  -1.0400033   0.82099956]
2026-01-20 11:59:18,536 - position: [ 0.11483859 -1.04011941  0.82089889]
2026-01-20 11:59:18,758 - position: [ 0.11495826 -1.04015791  0.82090157]
2026-01-20 11:59:18,998 - position: [ 0.11501397 -1.04012692  0.82085252]
2026-01-20 11:59:19,244 - position: [ 0.11463775 -1.04025793  0.82074547]
2026-01-20 11:59:19,487 - position: [ 0.11446606 -1.04057288  0.82079399]
2026-01-20 11:59:19,709 - position: [ 0.11456856 -1.04041815  0.82075554]
2026-01-20 11:59:19,992 - position: [ 0.11314923 -1.04024112  0.82029921]
2026-01-20 11:59:20,223 - position: [ 0.11288239 -1.0398978   0.82027781]
2026-01-20 11:59:20,443 - position: [ 0.11319473 -1.03996229  0.82031798]
2026-01-20 11:59:20,709 - position: [ 0.11289784 -1.03961182  0.82007498]
2026-01-20 11:59:20,940 - position: [ 0.11448741 -1.04124236  0.82079971]
2026-01-20 11:59:21,169 - position: [ 0.11489961 -1.04139543  0.82083088]
2026-01-20 11:59:21,419 - position: [ 0.11397661 -1.0403266   0.8205989 ]
2026-01-20 11:59:21,648 - position: [ 0.11294495 -1.04176772  0.82147843]
2026-01-20 11:59:21,923 - position: [ 0.10802813 -1.04297423  0.82099497]
2026-01-20 11:59:22,147 - position: [ 0.10847791 -1.04311371  0.82079458]
2026-01-20 11:59:22,355 - position: [ 0.10935641 -1.04228139  0.82034856]
2026-01-20 11:59:22,566 - position: [ 0.10937547 -1.04224873  0.82028431]
2026-01-20 11:59:22,788 - position: [ 0.11043498 -1.04034066  0.81985813]
2026-01-20 11:59:23,060 - position: [ 0.111136   -1.04137933  0.82032388]
2026-01-20 11:59:23,376 - position: [ 0.11168201 -1.04021418  0.81988299]
2026-01-20 11:59:23,586 - position: [ 0.11296638 -1.0406642   0.82014066]
2026-01-20 11:59:23,837 - position: [ 0.11329155 -1.04051232  0.820126  ]
2026-01-20 11:59:24,069 - position: [ 0.11338354 -1.04032314  0.82008737]
2026-01-20 11:59:24,306 - position: [ 0.1140394  -1.04015589  0.82027805]
2026-01-20 11:59:24,542 - position: [ 0.11515921 -1.04091048  0.82048333]
2026-01-20 11:59:24,815 - position: [ 0.11332542 -1.04417372  0.82190132]
2026-01-20 11:59:25,069 - position: [ 0.1139546  -1.04448152  0.8219654 ]
2026-01-20 11:59:25,319 - position: [ 0.11485717 -1.04481351  0.82244551]
2026-01-20 11:59:25,570 - position: [ 0.11437323 -1.04509425  0.82234919]
2026-01-20 11:59:25,799 - position: [ 0.11442722 -1.0451411   0.82244945]
2026-01-20 11:59:26,045 - position: [ 0.11494682 -1.04588759  0.82269198]
2026-01-20 11:59:26,278 - position: [ 0.11531443 -1.0452491   0.82230979]
2026-01-20 11:59:26,510 - position: [ 0.11559954 -1.04455364  0.82202852]
2026-01-20 11:59:26,821 - position: [ 0.1151281  -1.04274976  0.82166249]
2026-01-20 11:59:27,094 - position: [ 0.11564025 -1.04226935  0.82133418]
2026-01-20 11:59:27,302 - position: [ 0.1160383  -1.04098952  0.82054979]
2026-01-20 11:59:27,580 - position: [ 0.11608978 -1.0408572   0.82041711]
2026-01-20 11:59:27,790 - position: [ 0.11605872 -1.04099989  0.82048535]
2026-01-20 11:59:28,028 - position: [ 0.11655062 -1.0417738   0.82090485]
2026-01-20 11:59:28,274 - position: [ 0.11754812 -1.04231262  0.82092315]
2026-01-20 11:59:28,526 - position: [ 0.11746159 -1.04290557  0.82119232]
2026-01-20 11:59:28,763 - position: [ 0.11753112 -1.04353321  0.82140422]
2026-01-20 11:59:28,998 - position: [ 0.11754368 -1.0438652   0.82143313]
2026-01-20 11:59:29,267 - position: [ 0.11676697 -1.04367566  0.82130951]
2026-01-20 11:59:29,474 - position: [ 0.11750244 -1.04418218  0.82178885]
2026-01-20 11:59:29,725 - position: [ 0.11692815 -1.04693747  0.82226741]
2026-01-20 11:59:29,956 - position: [ 0.1162504  -1.0486232   0.82275134]
2026-01-20 11:59:30,188 - position: [ 0.11741199 -1.04716277  0.82217628]
2026-01-20 11:59:30,428 - position: [ 0.11651949 -1.04551446  0.82160723]
2026-01-20 11:59:30,637 - position: [ 0.11624165 -1.04499006  0.8214435 ]
2026-01-20 11:59:30,875 - position: [ 0.11606349 -1.04443061  0.82127082]
2026-01-20 11:59:31,136 - position: [ 0.11702767 -1.04297376  0.82083935]
2026-01-20 11:59:31,374 - position: [ 0.11762112 -1.04379189  0.82092136]
2026-01-20 11:59:31,634 - position: [ 0.11831881 -1.044379    0.82109642]
2026-01-20 11:59:31,893 - position: [ 0.11865482 -1.04439056  0.82086182]
2026-01-20 11:59:32,216 - position: [ 0.11885857 -1.04429221  0.82112229]
2026-01-20 11:59:32,419 - position: [ 0.1196426  -1.04413521  0.82089508]
2026-01-20 11:59:32,676 - position: [ 0.11970823 -1.04380345  0.82091951]
2026-01-20 11:59:32,899 - position: [ 0.11899282 -1.043311    0.82088929]
2026-01-20 11:59:33,171 - position: [ 0.11931407 -1.04195285  0.82054126]
2026-01-20 11:59:33,399 - position: [ 0.11939902 -1.04179084  0.82050735]
2026-01-20 11:59:33,612 - position: [ 0.11993961 -1.04122913  0.82013929]
2026-01-20 11:59:33,891 - position: [ 0.12035515 -1.0420953   0.82057744]
2026-01-20 11:59:34,175 - position: [ 0.12298417 -1.03968656  0.81935406]
2026-01-20 11:59:34,507 - position: [ 0.12359732 -1.0396682   0.81934208]
2026-01-20 11:59:34,715 - position: [ 0.12339161 -1.03822351  0.81864721]
2026-01-20 11:59:34,937 - position: [ 0.1234879  -1.03911185  0.81888664]
2026-01-20 11:59:35,200 - position: [ 0.12349908 -1.03914142  0.81895018]
2026-01-20 11:59:35,456 - position: [ 0.12444146 -1.03811145  0.8187747 ]
2026-01-20 11:59:35,701 - position: [ 0.12372036 -1.03805077  0.81846023]
2026-01-20 11:59:35,936 - position: [ 0.12312704 -1.03827047  0.81875318]
2026-01-20 11:59:36,158 - position: [ 0.12328429 -1.03872812  0.81890732]
2026-01-20 11:59:36,363 - position: [ 0.12364859 -1.03890264  0.81893814]
2026-01-20 11:59:36,683 - position: [ 0.12349439 -1.03881526  0.81873155]
2026-01-20 11:59:36,911 - position: [ 0.12358151 -1.03838372  0.81851524]
2026-01-20 11:59:37,183 - position: [ 0.12346837 -1.03822374  0.81826121]
2026-01-20 11:59:37,497 - position: [ 0.1229376  -1.03881192  0.81885594]
2026-01-20 11:59:37,719 - position: [ 0.12374964 -1.04066455  0.82003874]
2026-01-20 11:59:37,926 - position: [ 0.12390611 -1.0423727   0.82098824]
2026-01-20 11:59:38,164 - position: [ 0.12483017 -1.04504848  0.82264584]
2026-01-20 11:59:38,389 - position: [ 0.12399302 -1.04457319  0.82220119]
2026-01-20 11:59:38,640 - position: [ 0.12397611 -1.04449797  0.82218218]
2026-01-20 11:59:38,871 - position: [ 0.12397611 -1.04449797  0.82218218]
2026-01-20 11:59:39,087 - position: [ 0.12441303 -1.0428803   0.82153141]
2026-01-20 11:59:39,318 - position: [ 0.12280247 -1.0443958   0.82152051]
2026-01-20 11:59:39,556 - position: [ 0.12157506 -1.04574037  0.82195485]
2026-01-20 11:59:39,813 - position: [ 0.11855807 -1.04524529  0.8225711 ]
2026-01-20 11:59:40,086 - position: [ 0.1182672  -1.04498446  0.82237518]
2026-01-20 11:59:40,314 - position: [ 0.11120296 -1.04326034  0.82161492]
2026-01-20 11:59:40,548 - position: [ 0.09182119 -1.04256344  0.81943804]
2026-01-20 11:59:40,756 - position: [ 0.08536143 -1.04336011  0.81865823]
2026-01-20 11:59:40,976 - position: [ 0.08387343 -1.04351795  0.81850469]
2026-01-20 11:59:41,230 - position: [ 0.09704164 -1.04392016  0.82069373]
2026-01-20 11:59:41,454 - position: [ 0.10442911 -1.04498708  0.82198673]
2026-01-20 11:59:41,777 - position: [ 0.11174672 -1.04689884  0.82304835]
2026-01-20 11:59:42,006 - position: [ 0.11212219 -1.04727149  0.82315147]
2026-01-20 11:59:42,328 - position: [ 0.11678675 -1.04576528  0.82330334]
2026-01-20 11:59:42,591 - position: [ 0.11763507 -1.04598343  0.82345283]
2026-01-20 11:59:42,814 - position: [ 0.11806577 -1.04588628  0.82329071]
2026-01-20 11:59:43,046 - position: [ 0.11813323 -1.0451647   0.82304019]
2026-01-20 11:59:43,271 - position: [ 0.11906462 -1.04460263  0.82271767]
2026-01-20 11:59:43,519 - position: [ 0.1190755  -1.04492819  0.82286352]
2026-01-20 11:59:43,754 - position: [ 0.11955747 -1.04467356  0.82274389]
2026-01-20 11:59:43,964 - position: [ 0.12006739 -1.04406714  0.82258368]
2026-01-20 11:59:44,198 - position: [ 0.12061099 -1.04393065  0.82245499]
2026-01-20 11:59:44,443 - position: [ 0.12088869 -1.04397976  0.82247609]
2026-01-20 11:59:44,765 - position: [ 0.12108739 -1.04396665  0.82252401]
2026-01-20 11:59:45,002 - position: [ 0.12017124 -1.04529548  0.82330364]
2026-01-20 11:59:45,244 - position: [ 0.11619318 -1.05684829  0.82734185]
2026-01-20 11:59:45,455 - position: [ 0.11608091 -1.04964983  0.8242873 ]
2026-01-20 11:59:45,701 - position: [ 0.11885609 -1.04319966  0.82323176]
2026-01-20 11:59:45,913 - position: [ 0.11971644 -1.03239918  0.82514125]
2026-01-20 11:59:46,178 - position: [ 0.11840785 -1.04380631  0.82953662]
2026-01-20 11:59:46,412 - position: [ 0.11840785 -1.04380631  0.82953662]
2026-01-20 11:59:46,654 - position: [ 0.12083346 -1.06411648  0.83640355]
2026-01-20 11:59:46,902 - position: [ 0.1166694  -1.07426965  0.83878559]
2026-01-20 11:59:47,131 - position: [ 0.11723799 -1.07508254  0.83602774]
2026-01-20 11:59:47,338 - position: [ 0.11894543 -1.06713271  0.83097816]
2026-01-20 11:59:47,553 - position: [ 0.11748907 -1.06006682  0.82866418]
2026-01-20 11:59:47,793 - position: [ 0.11762139 -1.05862343  0.8288821 ]
2026-01-20 11:59:48,079 - position: [ 0.11928389 -1.04425073  0.82398343]
2026-01-20 11:59:48,314 - position: [ 0.1212455  -1.03861368  0.82150227]
2026-01-20 11:59:48,561 - position: [ 0.12641685 -1.03772461  0.82067978]
2026-01-20 11:59:48,785 - position: [ 0.12556501 -1.03815627  0.82149094]
2026-01-20 11:59:49,022 - position: [ 0.12792629 -1.03743041  0.81951362]
2026-01-20 11:59:49,301 - position: [ 0.12894966 -1.0342145   0.81850225]
2026-01-20 11:59:49,613 - position: [ 0.12724163 -1.02746892  0.81650871]
2026-01-20 11:59:49,901 - position: [ 0.12486818 -1.02737129  0.81693888]
2026-01-20 11:59:50,161 - position: [ 0.12498986 -1.02877212  0.81597805]
2026-01-20 11:59:50,425 - position: [ 0.12556954 -1.03035569  0.81666243]
2026-01-20 11:59:50,665 - position: [ 0.12625849 -1.03126168  0.81663537]
2026-01-20 11:59:50,904 - position: [ 0.12634203 -1.03378296  0.81764072]
2026-01-20 11:59:51,148 - position: [ 0.12270371 -1.03489828  0.81793272]
2026-01-20 11:59:51,382 - position: [ 0.12317793 -1.0368253   0.81881899]
2026-01-20 11:59:51,669 - position: [ 0.12310264 -1.03825903  0.81901002]
2026-01-20 11:59:51,923 - position: [ 0.12378266 -1.03733206  0.81862521]
2026-01-20 11:59:52,162 - position: [ 0.12378266 -1.03733206  0.81862521]
2026-01-20 11:59:52,404 - position: [ 0.1210164 -1.0379926  0.8170318]
2026-01-20 11:59:52,623 - position: [ 0.11312029 -1.03077912  0.81433195]
2026-01-20 11:59:52,910 - position: [ 0.10818663 -1.03404188  0.8166427 ]
2026-01-20 11:59:53,153 - position: [ 0.11737259 -1.04137981  0.81925392]
2026-01-20 11:59:53,390 - position: [ 0.12192126 -1.04389906  0.81968153]
2026-01-20 11:59:53,611 - position: [ 0.12034331 -1.04170835  0.8185991 ]
2026-01-20 11:59:53,832 - position: [ 0.11554239 -1.03959394  0.81768233]
2026-01-20 11:59:54,118 - position: [ 0.1215998  -1.0429275   0.81951302]
2026-01-20 11:59:54,358 - position: [ 0.12324002 -1.04291034  0.81920576]
2026-01-20 11:59:54,595 - position: [ 0.12999965 -1.04703426  0.82160687]
2026-01-20 11:59:54,828 - position: [ 0.12553382 -1.04588199  0.82068247]
2026-01-20 11:59:55,096 - position: [ 0.12387922 -1.04545641  0.82067287]
2026-01-20 11:59:55,351 - position: [ 0.12432285 -1.04694426  0.82125533]
2026-01-20 11:59:55,594 - position: [ 0.12233924 -1.04486251  0.81961083]
2026-01-20 11:59:55,875 - position: [ 0.12230749 -1.04402065  0.82006311]
2026-01-20 11:59:56,092 - position: [ 0.13238096 -1.04255915  0.81889355]
2026-01-20 11:59:56,313 - position: [ 0.13275498 -1.04231441  0.81922764]
2026-01-20 11:59:56,557 - position: [ 0.12783331 -1.03500593  0.81795412]
2026-01-20 11:59:56,794 - position: [ 0.13108671 -1.03810668  0.81873488]
2026-01-20 11:59:57,021 - position: [ 0.1268384  -1.03919363  0.81863958]
2026-01-20 11:59:57,260 - position: [ 0.12490217 -1.04093516  0.81893146]
2026-01-20 11:59:57,496 - position: [ 0.12362221 -1.04099321  0.8186304 ]
2026-01-20 11:59:57,763 - position: [ 0.1173684  -1.04556096  0.82140177]
2026-01-20 11:59:57,982 - position: [ 0.11982541 -1.04460132  0.82091242]
2026-01-20 11:59:58,213 - position: [ 0.12242588 -1.04469872  0.82088739]
2026-01-20 11:59:58,431 - position: [ 0.12502347 -1.04607475  0.8204453 ]
2026-01-20 11:59:58,680 - position: [ 0.12502347 -1.04607475  0.8204453 ]
2026-01-20 11:59:58,909 - position: [ 0.11913204 -1.03923023  0.81907588]
2026-01-20 11:59:59,148 - position: [ 0.12003232 -1.0394963   0.819094  ]
2026-01-20 11:59:59,424 - position: [ 0.12088686 -1.03866732  0.81835157]
2026-01-20 11:59:59,642 - position: [ 0.12096985 -1.03837395  0.81823802]
2026-01-20 11:59:59,865 - position: [ 0.11719798 -1.0391227   0.81861192]
2026-01-20 12:00:00,079 - position: [ 0.11701841 -1.03920472  0.81854224]
2026-01-20 12:00:00,297 - position: [ 0.11550115 -1.03816044  0.81738484]
2026-01-20 12:00:00,511 - position: [ 0.11359324 -1.04337716  0.81908369]
2026-01-20 12:00:00,746 - position: [ 0.11505347 -1.04491448  0.81975055]
2026-01-20 12:00:00,999 - position: [ 0.11650285 -1.04360664  0.81931835]
2026-01-20 12:00:01,255 - position: [ 0.11622035 -1.03811252  0.81738496]
2026-01-20 12:00:01,485 - position: [ 0.11556038 -1.03784645  0.81731898]
2026-01-20 12:00:01,704 - position: [ 0.11555253 -1.0386436   0.81811953]
2026-01-20 12:00:01,915 - position: [ 0.11501887 -1.04005265  0.81832963]
2026-01-20 12:00:02,171 - position: [ 0.11255863 -1.04191196  0.8190304 ]
2026-01-20 12:00:02,393 - position: [ 0.11112168 -1.04237282  0.81980509]
2026-01-20 12:00:02,656 - position: [ 0.11015115 -1.0425061   0.82035804]
2026-01-20 12:00:02,890 - position: [ 0.10981682 -1.04248226  0.820656  ]
2026-01-20 12:00:03,105 - position: [ 0.11078429 -1.04352522  0.82077181]
2026-01-20 12:00:03,336 - position: [ 0.11198141 -1.04192638  0.82003254]
2026-01-20 12:00:03,621 - position: [ 0.11358795 -1.04079497  0.81940371]
2026-01-20 12:00:03,831 - position: [ 0.1149139  -1.04051304  0.81922996]
2026-01-20 12:00:04,089 - position: [ 0.11495627 -1.0405333   0.81925243]
2026-01-20 12:00:04,349 - position: [ 0.11684494 -1.03973246  0.81903672]
2026-01-20 12:00:04,579 - position: [ 0.11798344 -1.0395515   0.81872308]
2026-01-20 12:00:04,794 - position: [ 0.12097432 -1.03933084  0.81795454]
2026-01-20 12:00:05,023 - position: [ 0.12198161 -1.0407573   0.818887  ]
2026-01-20 12:00:05,253 - position: [ 0.12145535 -1.04095697  0.81902903]
2026-01-20 12:00:05,462 - position: [ 0.12116256 -1.04068637  0.81906855]
2026-01-20 12:00:05,732 - position: [ 0.12091594 -1.04042602  0.81893724]
2026-01-20 12:00:05,953 - position: [ 0.12085921 -1.04001904  0.81874037]
2026-01-20 12:00:06,201 - position: [ 0.12180115 -1.04023337  0.818968  ]
2026-01-20 12:00:06,455 - position: [ 0.11910039 -1.04102683  0.81902426]
2026-01-20 12:00:06,720 - position: [ 0.11846868 -1.04047227  0.81872785]
2026-01-20 12:00:06,955 - position: [ 0.11732881 -1.03872859  0.81791258]
2026-01-20 12:00:07,184 - position: [ 0.11529995 -1.04060471  0.81790674]
2026-01-20 12:00:07,406 - position: [ 0.11804322 -1.03948033  0.81748366]
2026-01-20 12:00:07,637 - position: [ 0.11879952 -1.03778768  0.81703258]
2026-01-20 12:00:07,872 - position: [ 0.11879952 -1.03778768  0.81703258]
2026-01-20 12:00:08,124 - position: [ 0.11916991 -1.03729343  0.81672776]
2026-01-20 12:00:08,385 - position: [ 0.12075967 -1.03523111  0.81651318]
2026-01-20 12:00:08,628 - position: [ 0.119725   -1.03423715  0.81548339]
2026-01-20 12:00:08,842 - position: [ 0.11868436 -1.03354084  0.81478679]
2026-01-20 12:00:09,096 - position: [ 0.11886854 -1.03343022  0.81474799]
2026-01-20 12:00:09,349 - position: [ 0.11883243 -1.03361201  0.81557792]
2026-01-20 12:00:09,604 - position: [ 0.11762867 -1.03370667  0.81564361]
2026-01-20 12:00:09,848 - position: [ 0.11588066 -1.03544211  0.815813  ]
2026-01-20 12:00:10,091 - position: [ 0.11432677 -1.03626561  0.81626707]
2026-01-20 12:00:10,336 - position: [ 0.11427486 -1.03660488  0.81655699]
2026-01-20 12:00:10,563 - position: [ 0.11567634 -1.03696525  0.81656647]
2026-01-20 12:00:10,817 - position: [ 0.11719628 -1.04137015  0.81782174]
2026-01-20 12:00:11,058 - position: [ 0.11905858 -1.04148483  0.81809324]
2026-01-20 12:00:11,291 - position: [ 0.10795392 -1.03909588  0.81638825]
2026-01-20 12:00:11,535 - position: [ 0.12100734 -1.04337597  0.81881499]
2026-01-20 12:00:11,789 - position: [ 0.12118362 -1.04680538  0.81919611]
2026-01-20 12:00:12,011 - position: [ 0.11413358 -1.04656398  0.82083064]
2026-01-20 12:00:12,243 - position: [ 0.11693564 -1.04770255  0.8197822 ]
2026-01-20 12:00:12,477 - position: [ 0.10388402 -1.04446471  0.82069284]
2026-01-20 12:00:12,723 - position: [ 0.11955386 -1.04972792  0.82167542]
2026-01-20 12:00:13,002 - position: [ 0.11900046 -1.04694593  0.82200086]
2026-01-20 12:00:13,239 - position: [ 0.11881417 -1.03604448  0.81924921]
2026-01-20 12:00:13,463 - position: [ 0.1195104  -1.0394094   0.82023168]
2026-01-20 12:00:13,765 - position: [ 0.12265588 -1.04034054  0.82096153]
2026-01-20 12:00:13,990 - position: [ 0.12287103 -1.04010761  0.82042253]
2026-01-20 12:00:14,259 - position: [ 0.12242506 -1.03868687  0.81924939]
2026-01-20 12:00:14,475 - position: [ 0.12300787 -1.03822839  0.81728607]
2026-01-20 12:00:14,705 - position: [ 0.12236184 -1.03753209  0.81760186]
2026-01-20 12:00:14,971 - position: [ 0.12229947 -1.03574145  0.81682479]
2026-01-20 12:00:15,178 - position: [ 0.12204999 -1.03623354  0.81709951]
2026-01-20 12:00:15,394 - position: [ 0.12288862 -1.04269803  0.81973654]
2026-01-20 12:00:15,673 - position: [ 0.12444997 -1.05000651  0.82215279]
2026-01-20 12:00:15,916 - position: [ 0.12427226 -1.05141854  0.82245362]
2026-01-20 12:00:16,151 - position: [ 0.12437151 -1.05135477  0.82239896]
2026-01-20 12:00:16,427 - position: [ 0.12394991 -1.05097389  0.82169068]
2026-01-20 12:00:16,662 - position: [ 0.12433064 -1.04925621  0.82116544]
2026-01-20 12:00:16,867 - position: [ 0.12523058 -1.04700065  0.82111233]
2026-01-20 12:00:17,080 - position: [ 0.12543747 -1.04645145  0.82117909]
2026-01-20 12:00:17,345 - position: [ 0.12498161 -1.04704273  0.82058859]
2026-01-20 12:00:17,616 - position: [ 0.12429856 -1.04565942  0.82022649]
2026-01-20 12:00:17,866 - position: [ 0.12528108 -1.04370165  0.81925225]
2026-01-20 12:00:18,078 - position: [ 0.12586874 -1.04393625  0.81934202]
2026-01-20 12:00:18,296 - position: [ 0.12593676 -1.04494154  0.81944424]
2026-01-20 12:00:18,573 - position: [ 0.12631863 -1.0447768   0.81927353]
2026-01-20 12:00:18,817 - position: [ 0.12683004 -1.04360247  0.81914616]
2026-01-20 12:00:19,051 - position: [ 0.12642866 -1.04165471  0.81849635]
2026-01-20 12:00:19,301 - position: [ 0.12539977 -1.04175818  0.8183983 ]
2026-01-20 12:00:19,536 - position: [ 0.12435047 -1.04306221  0.81892174]
2026-01-20 12:00:19,804 - position: [ 0.12348945 -1.04343534  0.81928867]
2026-01-20 12:00:20,060 - position: [ 0.12576273 -1.04273415  0.81874788]
2026-01-20 12:00:20,337 - position: [ 0.12618315 -1.04342723  0.81880838]
2026-01-20 12:00:20,599 - position: [ 0.12466281 -1.04254615  0.81820226]
2026-01-20 12:00:20,834 - position: [ 0.12423505 -1.04152405  0.81816024]
2026-01-20 12:00:21,088 - position: [ 0.12547363 -1.04253078  0.8183499 ]
2026-01-20 12:00:21,303 - position: [ 0.12515938 -1.04427457  0.81938469]
2026-01-20 12:00:21,532 - position: [ 0.12558985 -1.04812372  0.82063544]
2026-01-20 12:00:21,757 - position: [ 0.12516345 -1.05308282  0.82205826]
2026-01-20 12:00:22,016 - position: [ 0.12517251 -1.05308437  0.82149982]
2026-01-20 12:00:22,232 - position: [ 0.11789367 -1.04966986  0.82011044]
2026-01-20 12:00:22,478 - position: [ 0.11563303 -1.05124056  0.82085693]
2026-01-20 12:00:22,772 - position: [ 0.11333794 -1.05941451  0.82474285]
2026-01-20 12:00:23,020 - position: [ 0.1146809  -1.0598079   0.82429987]
2026-01-20 12:00:23,325 - position: [ 0.11713257 -1.05711687  0.82324731]
2026-01-20 12:00:23,676 - position: [ 0.11943216 -1.0556227   0.82241201]
2026-01-20 12:00:23,910 - position: [ 0.11947466 -1.06055164  0.82534361]
2026-01-20 12:00:24,167 - position: [ 0.11971316 -1.06256771  0.82639337]
2026-01-20 12:00:24,423 - position: [ 0.12021101 -1.06117225  0.82619935]
2026-01-20 12:00:24,702 - position: [ 0.12146901 -1.05564153  0.8235001 ]
2026-01-20 12:00:24,944 - position: [ 0.12127665 -1.05507195  0.82332319]
2026-01-20 12:00:25,156 - position: [ 0.12102483 -1.05418718  0.82314271]
2026-01-20 12:00:25,384 - position: [ 0.12141228 -1.05339766  0.82245862]
2026-01-20 12:00:25,598 - position: [ 0.12193578 -1.05480063  0.82297033]
2026-01-20 12:00:25,799 - position: [ 0.12256005 -1.05451345  0.82285398]
2026-01-20 12:00:26,006 - position: [ 0.12275445 -1.05484641  0.82270092]
2026-01-20 12:00:26,236 - position: [ 0.12295993 -1.05493319  0.82270777]
2026-01-20 12:00:26,498 - position: [ 0.12324618 -1.05452049  0.8227157 ]
2026-01-20 12:00:26,708 - position: [ 0.12420566 -1.05510437  0.82287067]
2026-01-20 12:00:26,959 - position: [ 0.1242872  -1.05612063  0.82337737]
2026-01-20 12:00:27,163 - position: [ 0.12560937 -1.05584133  0.82317555]
2026-01-20 12:00:27,395 - position: [ 0.12661295 -1.05542266  0.82319266]
2026-01-20 12:00:27,639 - position: [ 0.1269235  -1.05521214  0.82315361]
2026-01-20 12:00:27,870 - position: [ 0.12706734 -1.05501306  0.82285804]
2026-01-20 12:00:28,115 - position: [ 0.12663329 -1.05586278  0.82321364]
2026-01-20 12:00:28,334 - position: [ 0.12598564 -1.05755854  0.82369804]
2026-01-20 12:00:28,567 - position: [ 0.12450045 -1.05659759  0.82384318]
2026-01-20 12:00:28,876 - position: [ 0.12630519 -1.05443716  0.82294405]
2026-01-20 12:00:29,097 - position: [ 0.12624776 -1.05508649  0.82328719]
2026-01-20 12:00:29,371 - position: [ 0.12776995 -1.05671406  0.8239255 ]
2026-01-20 12:00:29,627 - position: [ 0.12875038 -1.05571973  0.82383639]
2026-01-20 12:00:29,876 - position: [ 0.12960032 -1.05502272  0.82349092]
2026-01-20 12:00:30,109 - position: [ 0.12998988 -1.05466557  0.82327902]
2026-01-20 12:00:30,332 - position: [ 0.12880763 -1.05377388  0.82281941]
2026-01-20 12:00:30,560 - position: [ 0.12872392 -1.05391026  0.82281661]
2026-01-20 12:00:30,772 - position: [ 0.12573311 -1.053707    0.82210326]
2026-01-20 12:00:30,999 - position: [ 0.11986812 -1.05175495  0.82369047]
2026-01-20 12:00:31,230 - position: [ 0.12352711 -1.05383193  0.82312757]
2026-01-20 12:00:31,491 - position: [ 0.11985244 -1.0576396   0.82415491]
2026-01-20 12:00:31,717 - position: [ 0.11959684 -1.06081569  0.82525378]
2026-01-20 12:00:32,021 - position: [ 0.11925683 -1.06077576  0.82547957]
2026-01-20 12:00:32,309 - position: [ 0.11862257 -1.05734754  0.82425374]
2026-01-20 12:00:32,564 - position: [ 0.12357447 -1.05610096  0.822846  ]
2026-01-20 12:00:32,791 - position: [ 0.12404425 -1.05598223  0.8226679 ]
2026-01-20 12:00:33,036 - position: [ 0.12445275 -1.05589676  0.82234305]
2026-01-20 12:00:33,338 - position: [ 0.1205101  -1.05604053  0.82207221]
2026-01-20 12:00:33,571 - position: [ 0.12344342 -1.0531776   0.82063407]
2026-01-20 12:00:33,893 - position: [ 0.12206884 -1.05103445  0.81982285]
2026-01-20 12:00:34,124 - position: [ 0.12023161 -1.05113852  0.82003802]
2026-01-20 12:00:34,390 - position: [ 0.11691112 -1.05056429  0.82007641]
2026-01-20 12:00:34,651 - position: [ 0.12376621 -1.0438379   0.81600976]
2026-01-20 12:00:34,904 - position: [ 0.12134321 -1.04874587  0.8191303 ]
2026-01-20 12:00:35,114 - position: [ 0.12123179 -1.05053163  0.81960839]
2026-01-20 12:00:35,337 - position: [ 0.12835187 -1.05593348  0.82253438]
2026-01-20 12:00:35,627 - position: [ 0.13405873 -1.05547595  0.82162541]
2026-01-20 12:00:35,858 - position: [ 0.1319544  -1.04444468  0.81942075]
2026-01-20 12:00:36,146 - position: [ 0.13190785 -1.04504418  0.82019544]
2026-01-20 12:00:36,374 - position: [ 0.1322269  -1.04581165  0.82002729]
2026-01-20 12:00:36,648 - position: [ 0.12994054 -1.04644382  0.81985742]
2026-01-20 12:00:36,952 - position: [ 0.12805454 -1.04669487  0.82050359]
2026-01-20 12:00:37,205 - position: [ 0.1291475  -1.04573464  0.8191781 ]
2026-01-20 12:00:37,446 - position: [ 0.12803501 -1.04542553  0.81934983]
2026-01-20 12:00:37,709 - position: [ 0.12684515 -1.04494512  0.8197574 ]
2026-01-20 12:00:37,993 - position: [ 0.12684515 -1.04494512  0.8197574 ]
2026-01-20 12:00:38,236 - position: [ 0.11653707 -1.05300546  0.82254153]
2026-01-20 12:00:38,547 - position: [ 0.13143852 -1.06112492  0.82388616]
2026-01-20 12:00:38,791 - position: [ 0.12811072 -1.055637    0.82390934]
2026-01-20 12:00:39,048 - position: [ 0.12154354 -1.05484545  0.82452595]
2026-01-20 12:00:39,332 - position: [ 0.11937818 -1.05697465  0.8257789 ]
2026-01-20 12:00:39,567 - position: [ 0.1214821  -1.05256975  0.8226561 ]
2026-01-20 12:00:39,842 - position: [ 0.12000378 -1.05530453  0.82366949]
2026-01-20 12:00:40,073 - position: [ 0.11643123 -1.05655718  0.8234756 ]
2026-01-20 12:00:40,313 - position: [ 0.11466211 -1.05623198  0.82322866]
2026-01-20 12:00:40,583 - position: [ 0.11516491 -1.0527091   0.82174337]
2026-01-20 12:00:40,845 - position: [ 0.1162625  -1.04951739  0.82044435]
2026-01-20 12:00:41,101 - position: [ 0.12395471 -1.05681169  0.82245314]
2026-01-20 12:00:41,397 - position: [ 0.12279931 -1.05010748  0.81991458]
2026-01-20 12:00:41,603 - position: [ 0.12212829 -1.04852855  0.81975329]
2026-01-20 12:00:41,835 - position: [ 0.12251407 -1.05067778  0.82163954]
2026-01-20 12:00:42,044 - position: [ 0.1266281  -1.05640852  0.82359219]
2026-01-20 12:00:42,289 - position: [ 0.12804914 -1.06441319  0.82718045]
2026-01-20 12:00:42,521 - position: [ 0.12883799 -1.06640506  0.82666314]
2026-01-20 12:00:42,793 - position: [ 0.12780966 -1.06664252  0.82754564]
2026-01-20 12:00:43,032 - position: [ 0.12970638 -1.06369996  0.82470632]
2026-01-20 12:00:43,244 - position: [ 0.12970638 -1.06369996  0.82470632]
2026-01-20 12:00:43,480 - position: [ 0.12983702 -1.06159949  0.82421875]
2026-01-20 12:00:43,718 - position: [ 0.12891911 -1.06271076  0.82404417]
2026-01-20 12:00:43,944 - position: [ 0.12664066 -1.05919111  0.82310337]
2026-01-20 12:00:44,155 - position: [ 0.12552926 -1.05826879  0.82271576]
2026-01-20 12:00:44,428 - position: [ 0.12460435 -1.05751443  0.82294351]
2026-01-20 12:00:44,683 - position: [ 0.12438674 -1.05611503  0.82246679]
2026-01-20 12:00:44,956 - position: [ 0.12489844 -1.0573982   0.82297313]
2026-01-20 12:00:45,192 - position: [ 0.12535781 -1.0571624   0.82283145]
2026-01-20 12:00:45,439 - position: [ 0.12499423 -1.05675697  0.8226338 ]
2026-01-20 12:00:45,646 - position: [ 0.12446109 -1.05617309  0.82247245]
2026-01-20 12:00:45,866 - position: [ 0.12390754 -1.05516756  0.82231671]
2026-01-20 12:00:46,147 - position: [ 0.12382722 -1.05534565  0.82238674]
2026-01-20 12:00:46,383 - position: [ 0.12386034 -1.05545211  0.82240325]
2026-01-20 12:00:46,620 - position: [ 0.12337848 -1.05640101  0.82270837]
2026-01-20 12:00:46,870 - position: [ 0.12289837 -1.05541015  0.82244045]
2026-01-20 12:00:47,103 - position: [ 0.1237769  -1.05719459  0.82283205]
2026-01-20 12:00:47,336 - position: [ 0.12521422 -1.05883992  0.82344246]
2026-01-20 12:00:47,614 - position: [ 0.12533128 -1.05900609  0.82383031]
2026-01-20 12:00:47,936 - position: [ 0.12573354 -1.05874062  0.82362372]
2026-01-20 12:00:48,175 - position: [ 0.12573354 -1.05874062  0.82362372]
2026-01-20 12:00:48,432 - position: [ 0.12621889 -1.05878556  0.82359183]
2026-01-20 12:00:48,706 - position: [ 0.12787212 -1.05959749  0.82389474]
2026-01-20 12:00:48,958 - position: [ 0.12862474 -1.05709314  0.82394385]
2026-01-20 12:00:49,197 - position: [ 0.13563997 -1.05841744  0.82658321]
2026-01-20 12:00:49,437 - position: [ 0.14626147 -1.05792964  0.82614654]
2026-01-20 12:00:49,669 - position: [ 0.15278459 -1.05604613  0.8266744 ]
2026-01-20 12:00:49,909 - position: [ 0.15389767 -1.05464137  0.82631087]
2026-01-20 12:00:50,145 - position: [ 0.15303251 -1.04746437  0.82306844]
2026-01-20 12:00:50,381 - position: [ 0.15331644 -1.04651392  0.8229332 ]
2026-01-20 12:00:50,634 - position: [ 0.15335788 -1.04619801  0.82303214]
2026-01-20 12:00:50,882 - position: [ 0.15332898 -1.04604363  0.82288855]
2026-01-20 12:00:51,103 - position: [ 0.15412423 -1.0458827   0.82262504]
2026-01-20 12:00:51,316 - position: [ 0.15456495 -1.04575264  0.82250571]
2026-01-20 12:00:51,570 - position: [ 0.15473974 -1.04430997  0.82166624]
2026-01-20 12:00:51,821 - position: [ 0.15497917 -1.04348588  0.82121402]
2026-01-20 12:00:52,066 - position: [ 0.15534411 -1.04309952  0.82091248]
2026-01-20 12:00:52,280 - position: [ 0.15536436 -1.03985298  0.81955481]
2026-01-20 12:00:52,553 - position: [ 0.15498197 -1.03943396  0.81936687]
2026-01-20 12:00:52,789 - position: [ 0.15514331 -1.03982973  0.81937647]
2026-01-20 12:00:53,024 - position: [ 0.15535434 -1.04000998  0.81927347]
2026-01-20 12:00:53,263 - position: [ 0.15525664 -1.03943074  0.81893593]
2026-01-20 12:00:53,527 - position: [ 0.15588655 -1.03893006  0.81874567]
2026-01-20 12:00:53,803 - position: [ 0.15727821 -1.03848326  0.81821293]
2026-01-20 12:00:54,067 - position: [ 0.15529938 -1.03944468  0.81899607]
2026-01-20 12:00:54,331 - position: [ 0.15545714 -1.04004085  0.81909084]
2026-01-20 12:00:54,592 - position: [ 0.15510592 -1.04001784  0.81916773]
2026-01-20 12:00:54,846 - position: [ 0.15464769 -1.04005539  0.81920475]
2026-01-20 12:00:55,073 - position: [ 0.15452136 -1.04016078  0.81925344]
2026-01-20 12:00:55,345 - position: [ 0.15418163 -1.04121208  0.81954873]
2026-01-20 12:00:55,627 - position: [ 0.15400848 -1.04161     0.8197121 ]
2026-01-20 12:00:55,883 - position: [ 0.15336421 -1.04307783  0.82016236]
2026-01-20 12:00:56,108 - position: [ 0.15311569 -1.04388356  0.82045418]
2026-01-20 12:00:56,349 - position: [ 0.15304665 -1.0440762   0.82046121]
2026-01-20 12:00:56,570 - position: [ 0.14667562 -1.05601788  0.82464528]
2026-01-20 12:00:56,787 - position: [ 0.13089705 -1.07346916  0.83263361]
2026-01-20 12:00:57,026 - position: [ 0.12933144 -1.07424021  0.83396375]
2026-01-20 12:00:57,287 - position: [ 0.13646711 -1.06646895  0.83450824]
2026-01-20 12:00:57,549 - position: [ 0.13954718 -1.07569516  0.83789462]
2026-01-20 12:00:57,796 - position: [ 0.13905329 -1.07933033  0.83714366]
2026-01-20 12:00:58,033 - position: [ 0.13595667 -1.08059788  0.83760715]
2026-01-20 12:00:58,266 - position: [ 0.13544889 -1.07828653  0.83649278]
2026-01-20 12:00:58,474 - position: [ 0.13513471 -1.06852341  0.83210516]
2026-01-20 12:00:58,710 - position: [ 0.13664207 -1.05873597  0.8282969 ]
2026-01-20 12:00:58,952 - position: [ 0.1370938  -1.05631959  0.82756925]
2026-01-20 12:00:59,184 - position: [ 0.13394217 -1.0551877   0.82480925]
2026-01-20 12:00:59,449 - position: [ 0.13267723 -1.05315232  0.8239705 ]
2026-01-20 12:00:59,678 - position: [ 0.13267723 -1.05315232  0.8239705 ]
2026-01-20 12:00:59,895 - position: [ 0.12688717 -1.05224872  0.82380223]
2026-01-20 12:01:00,108 - position: [ 0.12422723 -1.05042815  0.82336646]
2026-01-20 12:01:00,361 - position: [ 0.12651916 -1.05182076  0.82471198]
2026-01-20 12:01:00,606 - position: [ 0.12622267 -1.04887712  0.82313037]
2026-01-20 12:01:00,881 - position: [ 0.12785278 -1.04964256  0.82293916]
2026-01-20 12:01:01,194 - position: [ 0.12998606 -1.048388    0.82077044]
2026-01-20 12:01:01,447 - position: [ 0.13139707 -1.04660797  0.82035768]
2026-01-20 12:01:01,669 - position: [ 0.13381888 -1.03853607  0.81850487]
2026-01-20 12:01:01,914 - position: [ 0.13330406 -1.03791392  0.8193239 ]
2026-01-20 12:01:02,201 - position: [ 0.13484421 -1.03820169  0.81936455]
2026-01-20 12:01:02,441 - position: [ 0.13677931 -1.03752172  0.81850344]
2026-01-20 12:01:02,660 - position: [ 0.14059485 -1.03568482  0.81744224]
2026-01-20 12:01:02,877 - position: [ 0.14092456 -1.03642201  0.81737047]
2026-01-20 12:01:03,118 - position: [ 0.14258198 -1.03692174  0.81684536]
2026-01-20 12:01:03,356 - position: [ 0.14325562 -1.03832912  0.81834352]
2026-01-20 12:01:03,564 - position: [ 0.14324081 -1.03905404  0.81848264]
2026-01-20 12:01:03,820 - position: [ 0.14329147 -1.04003775  0.81871706]
2026-01-20 12:01:04,037 - position: [ 0.14216028 -1.04014611  0.81903756]
2026-01-20 12:01:04,283 - position: [ 0.1426169  -1.0404464   0.81861502]
2026-01-20 12:01:04,496 - position: [ 0.14308207 -1.03924227  0.8184641 ]
2026-01-20 12:01:04,738 - position: [ 0.14316252 -1.03888762  0.81833041]
2026-01-20 12:01:04,992 - position: [ 0.14008918 -1.04390955  0.8197847 ]
2026-01-20 12:01:05,204 - position: [ 0.1365906  -1.04991603  0.82012135]
2026-01-20 12:01:05,440 - position: [ 0.13357002 -1.06044888  0.81845772]
2026-01-20 12:01:05,677 - position: [ 0.12706108 -1.06483722  0.81931466]
2026-01-20 12:01:05,909 - position: [ 0.12677157 -1.0623188   0.81831533]
2026-01-20 12:01:06,120 - position: [ 0.12696022 -1.06023574  0.81874388]
2026-01-20 12:01:06,374 - position: [ 0.12702197 -1.06033683  0.8205018 ]
2026-01-20 12:01:06,612 - position: [ 0.12735467 -1.05845463  0.82057482]
2026-01-20 12:01:06,904 - position: [ 0.12797624 -1.05635452  0.82019496]
2026-01-20 12:01:07,149 - position: [ 0.12653698 -1.05818152  0.82144284]
2026-01-20 12:01:07,415 - position: [ 0.12285884 -1.05587554  0.82195354]
2026-01-20 12:01:07,621 - position: [ 0.12143408 -1.05485618  0.82108176]
2026-01-20 12:01:07,896 - position: [ 0.12197364 -1.05279028  0.82146442]
2026-01-20 12:01:08,113 - position: [ 0.12401748 -1.05115402  0.82165682]
2026-01-20 12:01:08,343 - position: [ 0.12522057 -1.05067754  0.82055879]
2026-01-20 12:01:08,626 - position: [ 0.12405821 -1.04899728  0.81968552]
2026-01-20 12:01:08,861 - position: [ 0.12324284 -1.04807234  0.82003987]
2026-01-20 12:01:09,064 - position: [ 0.12429518 -1.04847109  0.81987655]
2026-01-20 12:01:09,305 - position: [ 0.12202358 -1.04947221  0.82205564]
2026-01-20 12:01:09,526 - position: [ 0.12186532 -1.04964912  0.82202888]
2026-01-20 12:01:09,773 - position: [ 0.12408246 -1.05098987  0.82092869]
2026-01-20 12:01:10,068 - position: [ 0.12258591 -1.05133474  0.82159573]
2026-01-20 12:01:10,311 - position: [ 0.12419521 -1.04976392  0.82042462]
2026-01-20 12:01:10,677 - position: [ 0.12169814 -1.05400348  0.82265759]
2026-01-20 12:01:10,896 - position: [ 0.11081551 -1.06541491  0.82514817]
2026-01-20 12:01:11,158 - position: [ 0.10937915 -1.06573343  0.82455844]
2026-01-20 12:01:11,387 - position: [ 0.10979499 -1.06350946  0.82441396]
2026-01-20 12:01:11,634 - position: [ 0.10959437 -1.06257796  0.82378376]
2026-01-20 12:01:11,880 - position: [ 0.11092686 -1.06044185  0.82328349]
2026-01-20 12:01:12,110 - position: [ 0.11138471 -1.0601275   0.82308227]
2026-01-20 12:01:12,358 - position: [ 0.11286195 -1.06055951  0.82343072]
2026-01-20 12:01:12,634 - position: [ 0.11362536 -1.06056869  0.82343167]
2026-01-20 12:01:12,859 - position: [ 0.11362536 -1.06056869  0.82343167]
2026-01-20 12:01:13,093 - position: [ 0.11414122 -1.05908585  0.82290757]
2026-01-20 12:01:13,329 - position: [ 0.11502803 -1.05896449  0.82294393]
2026-01-20 12:01:13,541 - position: [ 0.11590454 -1.05895281  0.82276851]
2026-01-20 12:01:13,775 - position: [ 0.11590454 -1.05895281  0.82276851]
2026-01-20 12:01:14,034 - position: [ 0.1176816  -1.05934751  0.8227908 ]
2026-01-20 12:01:14,254 - position: [ 0.11804751 -1.05984426  0.82326341]
2026-01-20 12:01:14,506 - position: [ 0.11798018 -1.0602572   0.82323688]
2026-01-20 12:01:14,730 - position: [ 0.11880092 -1.05972219  0.82279944]
2026-01-20 12:01:14,974 - position: [ 0.11840843 -1.05770874  0.82216376]
2026-01-20 12:01:15,227 - position: [ 0.11856639 -1.05810499  0.82209295]
2026-01-20 12:01:15,471 - position: [ 0.12005188 -1.05653667  0.82148272]
2026-01-20 12:01:15,730 - position: [ 0.11977766 -1.05639803  0.82130641]
2026-01-20 12:01:15,967 - position: [ 0.11884011 -1.05564404  0.82102573]
2026-01-20 12:01:16,195 - position: [ 0.11864991 -1.05544794  0.82095414]
2026-01-20 12:01:16,420 - position: [ 0.11864991 -1.05544794  0.82095414]
2026-01-20 12:01:16,696 - position: [ 0.11817095 -1.05462444  0.82044899]
2026-01-20 12:01:16,946 - position: [ 0.11909181 -1.05555224  0.82076061]
2026-01-20 12:01:17,282 - position: [ 0.12024248 -1.0553714   0.82079011]
2026-01-20 12:01:17,528 - position: [ 0.12062111 -1.05533564  0.82068193]
2026-01-20 12:01:17,776 - position: [ 0.12058397 -1.05470812  0.82049024]
2026-01-20 12:01:18,061 - position: [ 0.12015893 -1.05459166  0.82042921]
2026-01-20 12:01:18,280 - position: [ 0.12058013 -1.05484962  0.82053488]
2026-01-20 12:01:18,514 - position: [ 0.12089874 -1.05488622  0.82071376]
2026-01-20 12:01:18,753 - position: [ 0.12233869 -1.05426419  0.82049382]
2026-01-20 12:01:18,977 - position: [ 0.12244461 -1.05429113  0.82063127]
2026-01-20 12:01:19,266 - position: [ 0.12235999 -1.05389392  0.82049251]
2026-01-20 12:01:19,490 - position: [ 0.12182871 -1.05428672  0.82078063]
2026-01-20 12:01:19,716 - position: [ 0.12147468 -1.05616689  0.82153714]
2026-01-20 12:01:19,931 - position: [ 0.12174879 -1.05753553  0.82183272]
2026-01-20 12:01:20,151 - position: [ 0.12174879 -1.05753553  0.82183272]
2026-01-20 12:01:20,405 - position: [ 0.12300155 -1.05636752  0.82144505]
2026-01-20 12:01:20,628 - position: [ 0.12249503 -1.05605209  0.82197678]
2026-01-20 12:01:20,887 - position: [ 0.12293541 -1.05460286  0.82089233]
2026-01-20 12:01:21,115 - position: [ 0.12140656 -1.05464935  0.82170081]
2026-01-20 12:01:21,368 - position: [ 0.12323286 -1.05465174  0.82073271]
2026-01-20 12:01:21,607 - position: [ 0.12361031 -1.05416703  0.82056683]
2026-01-20 12:01:21,819 - position: [ 0.12385725 -1.05390048  0.82035685]
2026-01-20 12:01:22,080 - position: [ 0.12401517 -1.05374861  0.8202979 ]
2026-01-20 12:01:22,306 - position: [ 0.12382911 -1.05467355  0.82051498]
2026-01-20 12:01:22,517 - position: [ 0.1237841  -1.05440164  0.8205514 ]
2026-01-20 12:01:22,860 - position: [ 0.12483516 -1.05485845  0.82059228]
2026-01-20 12:01:23,088 - position: [ 0.1251708  -1.05506539  0.82070625]
2026-01-20 12:01:23,299 - position: [ 0.12443285 -1.05515409  0.8208074 ]
2026-01-20 12:01:23,548 - position: [ 0.12420803 -1.0548321   0.82054526]
2026-01-20 12:01:23,802 - position: [ 0.12468124 -1.05457592  0.82051706]
2026-01-20 12:01:24,043 - position: [ 0.12441895 -1.05368495  0.82086802]
2026-01-20 12:01:24,299 - position: [ 0.12439012 -1.05388355  0.82088262]
2026-01-20 12:01:24,519 - position: [ 0.12476214 -1.05497849  0.82040507]
2026-01-20 12:01:24,759 - position: [ 0.12441362 -1.05625141  0.82046485]
2026-01-20 12:01:25,009 - position: [ 0.12396371 -1.05773985  0.82171953]
2026-01-20 12:01:25,283 - position: [ 0.12587215 -1.0586921   0.82163906]
2026-01-20 12:01:25,489 - position: [ 0.12626724 -1.05776012  0.82183361]
2026-01-20 12:01:25,705 - position: [ 0.12709406 -1.05813599  0.82113141]
2026-01-20 12:01:25,918 - position: [ 0.1257582  -1.0579567   0.82186943]
2026-01-20 12:01:26,214 - position: [ 0.12559243 -1.05764914  0.82182312]
2026-01-20 12:01:26,477 - position: [ 0.12545431 -1.05729985  0.82148409]
2026-01-20 12:01:26,714 - position: [ 0.12644316 -1.05680263  0.82058841]
2026-01-20 12:01:26,943 - position: [ 0.12634361 -1.0564537   0.82050377]
2026-01-20 12:01:27,222 - position: [ 0.12641808 -1.05608857  0.82035798]
2026-01-20 12:01:27,499 - position: [ 0.12647274 -1.05571961  0.82016939]
2026-01-20 12:01:27,735 - position: [ 0.1268429  -1.05563319  0.81996578]
2026-01-20 12:01:27,979 - position: [ 0.12642814 -1.05667293  0.82062322]
2026-01-20 12:01:28,192 - position: [ 0.12661187 -1.05669844  0.8208214 ]
2026-01-20 12:01:28,417 - position: [ 0.12664261 -1.05662262  0.82074559]
2026-01-20 12:01:28,747 - position: [ 0.12624669 -1.05595553  0.82058185]
2026-01-20 12:01:28,974 - position: [ 0.1211141  -1.06197429  0.82321757]
2026-01-20 12:01:29,224 - position: [ 0.10941884 -1.07227778  0.82606161]
2026-01-20 12:01:29,452 - position: [ 0.10774147 -1.07170415  0.82495564]
2026-01-20 12:01:29,690 - position: [ 0.10889772 -1.06900418  0.82441747]
2026-01-20 12:01:29,929 - position: [ 0.1125479  -1.0656358   0.82325763]
2026-01-20 12:01:30,239 - position: [ 0.11393005 -1.064345    0.82188445]
2026-01-20 12:01:30,463 - position: [ 0.11577877 -1.0607146   0.82106286]
2026-01-20 12:01:30,728 - position: [ 0.11566647 -1.06112504  0.82173103]
2026-01-20 12:01:30,992 - position: [ 0.11513309 -1.0634172   0.82259053]
2026-01-20 12:01:31,245 - position: [ 0.11591464 -1.06313026  0.82258081]
2026-01-20 12:01:31,495 - position: [ 0.11632013 -1.06185293  0.82250166]
2026-01-20 12:01:31,748 - position: [ 0.11691192 -1.06178164  0.82237959]
2026-01-20 12:01:31,983 - position: [ 0.11749317 -1.06116152  0.82221061]
2026-01-20 12:01:32,279 - position: [ 0.11797076 -1.05977798  0.82189143]
2026-01-20 12:01:32,526 - position: [ 0.11829414 -1.06049919  0.82211953]
2026-01-20 12:01:32,735 - position: [ 0.1188623  -1.06052113  0.82216215]
2026-01-20 12:01:32,951 - position: [ 0.11938985 -1.05974734  0.82198542]
2026-01-20 12:01:33,179 - position: [ 0.11979613 -1.05961263  0.82179201]
2026-01-20 12:01:33,405 - position: [ 0.11842413 -1.06186962  0.82264489]
2026-01-20 12:01:33,650 - position: [ 0.1179269  -1.06436825  0.8234573 ]
2026-01-20 12:01:33,875 - position: [ 0.11832717 -1.06376684  0.82322556]
2026-01-20 12:01:34,184 - position: [ 0.11834173 -1.06289172  0.82298625]
2026-01-20 12:01:34,442 - position: [ 0.11991017 -1.06194329  0.82210124]
2026-01-20 12:01:34,681 - position: [ 0.1210708  -1.06083965  0.82165587]
2026-01-20 12:01:34,947 - position: [ 0.11761671 -1.06067896  0.82178295]
2026-01-20 12:01:35,211 - position: [ 0.11607289 -1.06204271  0.82209545]
2026-01-20 12:01:35,461 - position: [ 0.11791169 -1.06361043  0.82289916]
2026-01-20 12:01:35,719 - position: [ 0.11797053 -1.0648247   0.82359445]
2026-01-20 12:01:35,992 - position: [ 0.11488784 -1.0626241   0.82412946]
2026-01-20 12:01:36,282 - position: [ 0.11453024 -1.0621109   0.82323134]
2026-01-20 12:01:36,521 - position: [ 0.11636496 -1.06207955  0.82282078]
2026-01-20 12:01:36,808 - position: [ 0.11809549 -1.05822837  0.82154942]
2026-01-20 12:01:37,050 - position: [ 0.1181545  -1.05865526  0.8213824 ]
2026-01-20 12:01:37,276 - position: [ 0.11887748 -1.0602895   0.8218022 ]
2026-01-20 12:01:37,499 - position: [ 0.11828587 -1.05806518  0.82098377]
2026-01-20 12:01:37,821 - position: [ 0.11776015 -1.05760348  0.82087684]
2026-01-20 12:01:38,056 - position: [ 0.11747032 -1.05706048  0.8207317 ]
2026-01-20 12:01:38,333 - position: [ 0.11896898 -1.05728281  0.82073295]
2026-01-20 12:01:38,547 - position: [ 0.11955022 -1.05733109  0.82074893]
2026-01-20 12:01:38,837 - position: [ 0.11957916 -1.05735457  0.82069737]
2026-01-20 12:01:39,084 - position: [ 0.11996058 -1.05679786  0.82057184]
2026-01-20 12:01:39,338 - position: [ 0.12013632 -1.05639517  0.82074803]
2026-01-20 12:01:39,600 - position: [ 0.11980021 -1.05584753  0.82096535]
2026-01-20 12:01:39,818 - position: [ 0.12058974 -1.05560851  0.82049495]
2026-01-20 12:01:40,100 - position: [ 0.1209972  -1.05514121  0.82024395]
2026-01-20 12:01:40,325 - position: [ 0.12161624 -1.05491698  0.82020801]
2026-01-20 12:01:40,553 - position: [ 0.12242816 -1.05450594  0.81961358]
2026-01-20 12:01:40,778 - position: [ 0.12273948 -1.05453074  0.81958616]
2026-01-20 12:01:41,040 - position: [ 0.12395152 -1.0542016   0.81933916]
2026-01-20 12:01:41,279 - position: [ 0.12404414 -1.0539856   0.81930554]
2026-01-20 12:01:41,574 - position: [ 0.12472855 -1.0528115   0.81894583]
2026-01-20 12:01:41,855 - position: [ 0.12652679 -1.05384099  0.81933719]
2026-01-20 12:01:42,077 - position: [ 0.12684634 -1.05400681  0.81947213]
2026-01-20 12:01:42,297 - position: [ 0.12679222 -1.05432606  0.81948292]
2026-01-20 12:01:42,560 - position: [ 0.1254248  -1.05762947  0.82198191]
2026-01-20 12:01:42,780 - position: [ 0.12423611 -1.05816984  0.8221693 ]
2026-01-20 12:01:43,023 - position: [ 0.12511156 -1.05752051  0.82182115]
2026-01-20 12:01:43,264 - position: [ 0.1249971  -1.05580771  0.82084823]
2026-01-20 12:01:43,485 - position: [ 0.1251425  -1.05659652  0.82088292]
2026-01-20 12:01:43,766 - position: [ 0.1253345  -1.0567832   0.82089639]
2026-01-20 12:01:44,024 - position: [ 0.13201581 -1.05506134  0.82026088]
2026-01-20 12:01:44,304 - position: [ 0.1297458  -1.05544639  0.82051861]
2026-01-20 12:01:44,558 - position: [ 0.13192439 -1.05458891  0.82005888]
2026-01-20 12:01:44,802 - position: [ 0.13168964 -1.05377662  0.81986302]
2026-01-20 12:01:45,039 - position: [ 0.13138519 -1.05378211  0.81983417]
2026-01-20 12:01:45,261 - position: [ 0.12955016 -1.05533624  0.82013351]
2026-01-20 12:01:45,564 - position: [ 0.129685   -1.05526721  0.82005721]
2026-01-20 12:01:45,793 - position: [ 0.12953256 -1.05560482  0.82056797]
2026-01-20 12:01:45,999 - position: [ 0.12919608 -1.05695224  0.82115769]
2026-01-20 12:01:46,305 - position: [ 0.12757054 -1.05849147  0.82152015]
2026-01-20 12:01:46,534 - position: [ 0.12825583 -1.05561292  0.82026833]
2026-01-20 12:01:46,767 - position: [ 0.12824906 -1.05516672  0.8199023 ]
2026-01-20 12:01:46,988 - position: [ 0.12831059 -1.05559957  0.82002419]
2026-01-20 12:01:47,207 - position: [ 0.1281746  -1.05609119  0.82030016]
2026-01-20 12:01:47,427 - position: [ 0.1281451  -1.05528605  0.82011825]
2026-01-20 12:01:47,668 - position: [ 0.12656142 -1.05914056  0.82220465]
2026-01-20 12:01:47,920 - position: [ 0.12085786 -1.06100631  0.82325107]
2026-01-20 12:01:48,149 - position: [ 0.11548628 -1.05904925  0.82278651]
2026-01-20 12:01:48,385 - position: [ 0.11884951 -1.05701745  0.82224119]
2026-01-20 12:01:48,634 - position: [ 0.12130692 -1.05704129  0.82149774]
2026-01-20 12:01:48,897 - position: [ 0.12134045 -1.05710304  0.82126021]
2026-01-20 12:01:49,114 - position: [ 0.12167555 -1.05616224  0.8208096 ]
2026-01-20 12:01:49,340 - position: [ 0.12261464 -1.05734468  0.82138348]
2026-01-20 12:01:49,562 - position: [ 0.128804   -1.05717158  0.82143313]
2026-01-20 12:01:49,784 - position: [ 0.12685764 -1.06042027  0.82320851]
2026-01-20 12:01:50,034 - position: [ 0.12674867 -1.06070459  0.82334113]
2026-01-20 12:01:50,266 - position: [ 0.12674044 -1.06232154  0.82330757]
2026-01-20 12:01:50,500 - position: [ 0.12556782 -1.06285071  0.8230378 ]
2026-01-20 12:01:50,741 - position: [ 0.12652987 -1.062621    0.82321787]
2026-01-20 12:01:50,997 - position: [ 0.12997262 -1.06007171  0.82207429]
2026-01-20 12:01:51,206 - position: [ 0.13000245 -1.06017137  0.8220315 ]
2026-01-20 12:01:51,435 - position: [ 0.12718277 -1.05911946  0.8219983 ]
2026-01-20 12:01:51,693 - position: [ 0.12637386 -1.05884516  0.82223719]
2026-01-20 12:01:51,922 - position: [ 0.12823847 -1.05913174  0.82272804]
2026-01-20 12:01:52,209 - position: [ 0.12951268 -1.05860364  0.82265693]
2026-01-20 12:01:52,448 - position: [ 0.13155125 -1.05810499  0.82161182]
2026-01-20 12:01:52,656 - position: [ 0.13219422 -1.05824065  0.82160109]
2026-01-20 12:01:52,927 - position: [ 0.13224852 -1.05811882  0.8215661 ]
2026-01-20 12:01:53,153 - position: [ 0.13224852 -1.05811882  0.8215661 ]
2026-01-20 12:01:53,383 - position: [ 0.133525   -1.05748498  0.82088453]
2026-01-20 12:01:53,622 - position: [ 0.13394104 -1.05690789  0.82057816]
2026-01-20 12:01:53,845 - position: [ 0.13369179 -1.05688798  0.82061899]
2026-01-20 12:01:54,086 - position: [ 0.13201194 -1.05764413  0.82136273]
2026-01-20 12:01:54,308 - position: [ 0.13127865 -1.05805063  0.82166094]
2026-01-20 12:01:54,537 - position: [ 0.12957923 -1.05812681  0.82238024]
2026-01-20 12:01:54,810 - position: [ 0.12742864 -1.06135893  0.82231331]
2026-01-20 12:01:55,074 - position: [ 0.11558171 -1.06807053  0.82434458]
2026-01-20 12:01:55,318 - position: [ 0.11008862 -1.06779695  0.82423902]
2026-01-20 12:01:55,555 - position: [ 0.12305133 -1.06418335  0.82395756]
2026-01-20 12:01:55,803 - position: [ 0.12166947 -1.06717765  0.82472986]
2026-01-20 12:01:56,043 - position: [ 0.11826012 -1.0690496   0.82503301]
2026-01-20 12:01:56,271 - position: [ 0.11750504 -1.07093775  0.82570094]
2026-01-20 12:01:56,512 - position: [ 0.10749919 -1.07333946  0.82619172]
2026-01-20 12:01:56,747 - position: [ 0.10335889 -1.07527483  0.82660794]
2026-01-20 12:01:56,972 - position: [ 0.10417739 -1.07567525  0.8263222 ]
2026-01-20 12:01:57,197 - position: [ 0.1094014  -1.06832755  0.82434511]
2026-01-20 12:01:57,450 - position: [ 0.10976457 -1.067047    0.82433033]
2026-01-20 12:01:57,684 - position: [ 0.11042127 -1.06750333  0.82427096]
2026-01-20 12:01:57,896 - position: [ 0.11120629 -1.06753719  0.82419306]
2026-01-20 12:01:58,186 - position: [ 0.11191978 -1.06615102  0.82370216]
2026-01-20 12:01:58,464 - position: [ 0.1128711  -1.06716394  0.82408547]
2026-01-20 12:01:58,802 - position: [ 0.11458173 -1.0646019   0.82457352]
2026-01-20 12:01:59,038 - position: [ 0.11659225 -1.0632627   0.82392496]
2026-01-20 12:01:59,357 - position: [ 0.11590049 -1.06397152  0.82419497]
2026-01-20 12:01:59,591 - position: [ 0.11512876 -1.06442285  0.82445753]
2026-01-20 12:01:59,802 - position: [ 0.11483827 -1.06424344  0.82440591]
2026-01-20 12:02:00,043 - position: [ 0.11508032 -1.06438625  0.82442844]
2026-01-20 12:02:00,251 - position: [ 0.11496709 -1.06362855  0.82399869]
2026-01-20 12:02:00,465 - position: [ 0.11582642 -1.06076133  0.82295972]
2026-01-20 12:02:00,684 - position: [ 0.11527639 -1.06106436  0.82311189]
2026-01-20 12:02:00,973 - position: [ 0.11515719 -1.06214654  0.82247448]
2026-01-20 12:02:01,197 - position: [ 0.11661427 -1.06130326  0.82249856]
2026-01-20 12:02:01,444 - position: [ 0.11708923 -1.05980039  0.82253343]
2026-01-20 12:02:01,683 - position: [ 0.11908092 -1.06463206  0.82573265]
2026-01-20 12:02:01,937 - position: [ 0.11959767 -1.06597733  0.82587701]
2026-01-20 12:02:02,176 - position: [ 0.11901836 -1.06857586  0.8258636 ]
2026-01-20 12:02:02,393 - position: [ 0.11922554 -1.06811202  0.82538259]
2026-01-20 12:02:02,649 - position: [ 0.11994202 -1.06609643  0.82482159]
2026-01-20 12:02:02,953 - position: [ 0.12086855 -1.06419885  0.82402623]
2026-01-20 12:02:03,191 - position: [ 0.12111155 -1.06401539  0.82397932]
2026-01-20 12:02:03,407 - position: [ 0.1215777  -1.06408358  0.82393873]
2026-01-20 12:02:03,646 - position: [ 0.12176006 -1.06337106  0.82334328]
2026-01-20 12:02:03,899 - position: [ 0.12309173 -1.06337595  0.82370514]
2026-01-20 12:02:04,159 - position: [ 0.12369405 -1.06308794  0.8245343 ]
2026-01-20 12:02:04,373 - position: [ 0.12388449 -1.0640111   0.82467997]
2026-01-20 12:02:04,609 - position: [ 0.12389351 -1.06431687  0.82469451]
2026-01-20 12:02:04,842 - position: [ 0.12380877 -1.06440532  0.82465059]
2026-01-20 12:02:05,094 - position: [ 0.12380877 -1.06440532  0.82465059]
2026-01-20 12:02:05,332 - position: [ 0.12383512 -1.06352866  0.82437479]
2026-01-20 12:02:05,549 - position: [ 0.12390587 -1.06258905  0.82389069]
2026-01-20 12:02:05,799 - position: [ 0.12377208 -1.06236613  0.82390213]
2026-01-20 12:02:06,021 - position: [ 0.12363284 -1.06246936  0.82390416]
2026-01-20 12:02:06,273 - position: [ 0.12328269 -1.06128633  0.82346773]
2026-01-20 12:02:06,541 - position: [ 0.1240767  -1.06201756  0.82391846]
2026-01-20 12:02:06,757 - position: [ 0.1240767  -1.06201756  0.82391846]
2026-01-20 12:02:06,978 - position: [ 0.12576622 -1.06143582  0.82346314]
2026-01-20 12:02:07,213 - position: [ 0.12416428 -1.0622201   0.82452589]
2026-01-20 12:02:07,441 - position: [ 0.10839983 -1.06459427  0.82614422]
2026-01-20 12:02:07,684 - position: [ 0.10375331 -1.06593406  0.82643539]
2026-01-20 12:02:07,919 - position: [ 0.08626775 -1.07036448  0.82615858]
2026-01-20 12:02:08,160 - position: [ 0.0785957  -1.07760382  0.82748705]
2026-01-20 12:02:08,419 - position: [ 0.07216168 -1.07873034  0.82526606]
2026-01-20 12:02:08,658 - position: [ 0.08264223 -1.10660958  0.83967334]
2026-01-20 12:02:08,880 - position: [ 0.09229607 -1.13305199  0.84806448]
2026-01-20 12:02:09,108 - position: [ 0.09187246 -1.13546264  0.84783369]
2026-01-20 12:02:09,389 - position: [ 0.09208865 -1.13804018  0.8461163 ]
2026-01-20 12:02:09,677 - position: [ 0.10193045 -1.12332535  0.84503359]
2026-01-20 12:02:09,931 - position: [ 0.11764173 -1.11861205  0.84307611]
2026-01-20 12:02:10,211 - position: [ 0.13994502 -1.07589829  0.82720202]
2026-01-20 12:02:10,421 - position: [ 0.12849948 -1.03306627  0.80455989]
2026-01-20 12:02:10,653 - position: [ 0.1225013  -1.01909876  0.801889  ]
2026-01-20 12:02:10,862 - position: [ 0.1225013  -1.01909876  0.801889  ]
2026-01-20 12:02:11,106 - position: [ 0.14026105 -1.03261352  0.81421041]
2026-01-20 12:02:11,331 - position: [ 0.16687748 -1.05324936  0.82306242]
2026-01-20 12:02:11,593 - position: [ 0.17841773 -1.06466675  0.8287046 ]
2026-01-20 12:02:11,871 - position: [ 0.19374886 -1.06445706  0.82965463]
2026-01-20 12:02:12,110 - position: [ 0.20241697 -1.06555474  0.82893485]
2026-01-20 12:02:12,363 - position: [ 0.20375799 -1.0652231   0.82820827]
2026-01-20 12:02:12,636 - position: [ 0.2043045 -1.0646373  0.8277362]
2026-01-20 12:02:12,913 - position: [ 0.20523591 -1.06726003  0.82758874]
