2026-01-20 16:20:51,680 - position: [ 0.10325247 -0.20028904  0.91132224] - angle: -1.63161957583735
2026-01-20 16:20:51,887 - position: [ 0.103089   -0.20404127  0.91743821] - angle: -1.6309966262925073
2026-01-20 16:20:52,244 - position: [ 0.10078175 -0.20848694  0.91917539] - angle: -1.6308686359571931
2026-01-20 16:20:52,486 - position: [ 0.09693092 -0.21403491  0.9170115 ] - angle: -1.6304950392948534
2026-01-20 16:20:52,708 - position: [ 0.09601329 -0.2146979   0.92779344] - angle: -1.6301021607528572
2026-01-20 16:20:52,915 - position: [ 0.09575632 -0.21482249  0.93637538] - angle: -1.6300941879980666
2026-01-20 16:20:53,155 - position: [ 0.09570545 -0.21605808  1.01215637] - angle: -1.6309979740016942
2026-01-20 16:20:53,426 - position: [ 0.09591122 -0.2172474   1.04624987] - angle: -1.6304146737322522
2026-01-20 16:20:53,675 - position: [ 0.09735724 -0.22624272  1.20083773] - angle: -1.6316547470973983
2026-01-20 16:20:53,918 - position: [ 0.09965813 -0.23720281  1.31731677] - angle: -1.6326993578771116
2026-01-20 16:20:54,151 - position: [ 0.10521517 -0.25608468  1.47395992] - angle: -1.6331295613022379
2026-01-20 16:20:54,363 - position: [ 0.11362576 -0.27301228  1.58988512] - angle: -1.6351486359064609
2026-01-20 16:20:54,654 - position: [ 0.1197858  -0.28263626  1.6442349 ] - angle: -1.6332637287148373
2026-01-20 16:20:54,945 - position: [ 0.12721832 -0.29178023  1.68885326] - angle: -1.6355834903974493
2026-01-20 16:20:55,178 - position: [ 0.15785258 -0.3207145   1.77563453] - angle: -1.6346209948196861
2026-01-20 16:20:55,448 - position: [ 0.17084599 -0.32764935  1.77621913] - angle: -1.6334320374399462
2026-01-20 16:20:55,691 - position: [ 0.17720415 -0.32507116  1.74508834] - angle: -1.6320683941319025
2026-01-20 16:20:55,995 - position: [ 0.17225471 -0.3243207   1.7139045 ] - angle: -1.6323005822132801
2026-01-20 16:20:56,267 - position: [ 0.1684587  -0.32493851  1.68831146] - angle: -1.632799470996142
2026-01-20 16:20:56,480 - position: [ 0.16663016 -0.32814491  1.66760767] - angle: -1.631435297405992
2026-01-20 16:20:56,737 - position: [ 0.16560462 -0.33315599  1.65225875] - angle: -1.6322558969329153
2026-01-20 16:20:57,020 - position: [ 0.15882657 -0.3548567   1.62928665] - angle: -1.6322824283821316
2026-01-20 16:20:57,247 - position: [ 0.15559827 -0.36020079  1.62722671] - angle: -1.6332037409060796
2026-01-20 16:20:57,492 - position: [ 0.15105885 -0.36473849  1.62798226] - angle: -1.6334101930912244
2026-01-20 16:20:57,755 - position: [ 0.14496855 -0.36408764  1.63267314] - angle: -1.6338309026164453
2026-01-20 16:20:57,991 - position: [ 0.1406507  -0.36194754  1.63582385] - angle: -1.633446109893402
2026-01-20 16:20:58,256 - position: [ 0.13923874 -0.36120611  1.63664317] - angle: -1.632405637719927
2026-01-20 16:20:58,470 - position: [ 0.13607524 -0.36012015  1.63802326] - angle: -1.6319574253757088
2026-01-20 16:20:58,747 - position: [ 0.13436428 -0.36125201  1.6382221 ] - angle: -1.6322454999465403
2026-01-20 16:20:58,971 - position: [ 0.13452712 -0.3631331   1.6376822 ] - angle: -1.6322068199516186
2026-01-20 16:20:59,222 - position: [ 0.13968915 -0.37267458  1.63151598] - angle: -1.6319296052924113
2026-01-20 16:20:59,473 - position: [ 0.13931431 -0.37083057  1.62781203] - angle: -1.6334479789553544
2026-01-20 16:20:59,703 - position: [ 0.13512652 -0.36893368  1.62001765] - angle: -1.6323193094191453
2026-01-20 16:20:59,907 - position: [ 0.13643697 -0.37042859  1.61791754] - angle: -1.6336093622864247
2026-01-20 16:21:00,155 - position: [ 0.13643697 -0.37042859  1.61791754] - angle: -1.6336093622864247
2026-01-20 16:21:00,374 - position: [ 0.14356603 -0.37927249  1.61742437] - angle: -1.6326166462923162
2026-01-20 16:21:00,591 - position: [ 0.14611177 -0.38576725  1.61800349] - angle: -1.6327499213298378
2026-01-20 16:21:00,806 - position: [ 0.14766473 -0.39354572  1.61823249] - angle: -1.6332833024547018
2026-01-20 16:21:01,097 - position: [ 0.15057246 -0.4021562   1.6187396 ] - angle: -1.6336467689783234
2026-01-20 16:21:01,339 - position: [ 0.15320577 -0.41201046  1.61915052] - angle: -1.6330186610438737
2026-01-20 16:21:01,586 - position: [ 0.15366749 -0.42264166  1.61900079] - angle: -1.6333098002739064
2026-01-20 16:21:01,823 - position: [ 0.15490337 -0.43942899  1.61969769] - angle: -1.633043528051961
2026-01-20 16:21:02,092 - position: [ 0.15559615 -0.44975048  1.62032688] - angle: -1.6338313445870298
2026-01-20 16:21:02,299 - position: [ 0.15481606 -0.46313739  1.62138557] - angle: -1.6330728522779143
2026-01-20 16:21:02,653 - position: [ 0.14720573 -0.48119482  1.62128162] - angle: -1.632250995936758
2026-01-20 16:21:02,889 - position: [ 0.14454296 -0.48446772  1.62101483] - angle: -1.6331314551397966
2026-01-20 16:21:03,105 - position: [ 0.14389251 -0.48512387  1.62071145] - angle: -1.6333349228714003
2026-01-20 16:21:03,327 - position: [ 0.14173067 -0.48636511  1.62094808] - angle: -1.6324055384193823
2026-01-20 16:21:03,561 - position: [ 0.14186849 -0.48387656  1.6228739 ] - angle: -1.6315453209574944
2026-01-20 16:21:03,802 - position: [ 0.14208604 -0.48156911  1.62440288] - angle: -1.6308143263232742
2026-01-20 16:21:04,052 - position: [ 0.14208604 -0.48156911  1.62440288] - angle: -1.6308143263232742
2026-01-20 16:21:04,274 - position: [ 0.13940933 -0.47730127  1.62760341] - angle: -1.6298903526355666
2026-01-20 16:21:04,480 - position: [ 0.13765441 -0.4768585   1.62872541] - angle: -1.6294100204120285
2026-01-20 16:21:04,754 - position: [ 0.13402969 -0.47650191  1.62819374] - angle: -1.6295277234482866
2026-01-20 16:21:04,995 - position: [ 0.13366298 -0.47639802  1.62802958] - angle: -1.6291877463757736
2026-01-20 16:21:05,230 - position: [ 0.13182911 -0.47537205  1.62770665] - angle: -1.628659996447853
2026-01-20 16:21:05,472 - position: [ 0.13048692 -0.47418356  1.62693   ] - angle: -1.6291184680459327
2026-01-20 16:21:05,722 - position: [ 0.12851499 -0.45702511  1.6181972 ] - angle: -1.6271722135706952
2026-01-20 16:21:05,946 - position: [ 0.13035528 -0.44754061  1.61446989] - angle: -1.6261454289760309
2026-01-20 16:21:06,179 - position: [ 0.13383275 -0.43505421  1.61260986] - angle: -1.6263452091864732
2026-01-20 16:21:06,484 - position: [ 0.13598076 -0.4266887   1.61148036] - angle: -1.6274170550254965
2026-01-20 16:21:06,714 - position: [ 0.13864915 -0.42299917  1.60828197] - angle: -1.6262788772308108
2026-01-20 16:21:06,932 - position: [ 0.13884757 -0.42607632  1.60751438] - angle: -1.6249295679445206
2026-01-20 16:21:07,182 - position: [ 0.13917278 -0.43931925  1.60479379] - angle: -1.6251262919917817
2026-01-20 16:21:07,385 - position: [ 0.13917278 -0.43931925  1.60479379] - angle: -1.6251262919917817
2026-01-20 16:21:07,639 - position: [ 0.13770431 -0.46492648  1.60292554] - angle: -1.6255138236130815
2026-01-20 16:21:07,884 - position: [ 0.13616762 -0.47347039  1.60332966] - angle: -1.6263474905210646
2026-01-20 16:21:08,131 - position: [ 0.13320839 -0.48066843  1.60530007] - angle: -1.626294059608532
2026-01-20 16:21:08,397 - position: [ 0.13190244 -0.47886217  1.60644615] - angle: -1.6265390485566993
2026-01-20 16:21:08,640 - position: [ 0.13062382 -0.47377354  1.60919881] - angle: -1.625944346410134
2026-01-20 16:21:08,911 - position: [ 0.12933081 -0.46831408  1.61257863] - angle: -1.6251045015191572
2026-01-20 16:21:09,154 - position: [ 0.12803096 -0.46408558  1.61549723] - angle: -1.6248886580489206
2026-01-20 16:21:09,376 - position: [ 0.12822972 -0.45702174  1.62063766] - angle: -1.6241781833372784
2026-01-20 16:21:09,628 - position: [ 0.12814957 -0.45269999  1.62294555] - angle: -1.6238823066879151
2026-01-20 16:21:09,843 - position: [ 0.12755701 -0.45053625  1.62382996] - angle: -1.6237406499895926
2026-01-20 16:21:10,145 - position: [ 0.12767455 -0.44824505  1.62435079] - angle: -1.623147715222971
2026-01-20 16:21:10,459 - position: [ 0.1339689  -0.44863749  1.62410164] - angle: -1.623536386004714
2026-01-20 16:21:10,664 - position: [ 0.13634093 -0.44725522  1.62510502] - angle: -1.6240726603893378
2026-01-20 16:21:10,875 - position: [ 0.13864225 -0.44245112  1.6279496 ] - angle: -1.6229440451706836
2026-01-20 16:21:11,116 - position: [ 0.13939366 -0.44216841  1.62909782] - angle: -1.6230229977599917
2026-01-20 16:21:11,341 - position: [ 0.13920182 -0.44266355  1.62912178] - angle: -1.6223881707805177
2026-01-20 16:21:11,630 - position: [ 0.13882215 -0.44509289  1.62901592] - angle: -1.6227930271639508
2026-01-20 16:21:11,871 - position: [ 0.13849953 -0.44850755  1.62855113] - angle: -1.6215672586545375
2026-01-20 16:21:12,079 - position: [ 0.13844834 -0.44890979  1.62854218] - angle: -1.6214284872762539
2026-01-20 16:21:12,316 - position: [ 0.13809018 -0.45414442  1.62783408] - angle: -1.6212853821543156
2026-01-20 16:21:12,528 - position: [ 0.1386133  -0.46167001  1.62713647] - angle: -1.6209970682790225
2026-01-20 16:21:12,780 - position: [ 0.13925537 -0.46928549  1.62520874] - angle: -1.6206949217702098
2026-01-20 16:21:13,031 - position: [ 0.14277752 -0.47716641  1.6224575 ] - angle: -1.620837147276042
2026-01-20 16:21:13,278 - position: [ 0.14316304 -0.47713855  1.62320006] - angle: -1.620435593831754
2026-01-20 16:21:13,494 - position: [ 0.14364113 -0.4730984   1.62492049] - angle: -1.6209142806754064
2026-01-20 16:21:13,712 - position: [ 0.14448413 -0.4657039   1.62802744] - angle: -1.6205787896003976
2026-01-20 16:21:13,930 - position: [ 0.14522845 -0.46172553  1.62946475] - angle: -1.6215095857054118
2026-01-20 16:21:14,156 - position: [ 0.14664996 -0.45716676  1.63159025] - angle: -1.6210868393414062
2026-01-20 16:21:14,388 - position: [ 0.14845294 -0.44949412  1.63446093] - angle: -1.6210427872591744
2026-01-20 16:21:14,651 - position: [ 0.15153126 -0.44204691  1.63520443] - angle: -1.6206660386701603
2026-01-20 16:21:14,863 - position: [ 0.15179555 -0.44182709  1.63505602] - angle: -1.6207549862659194
2026-01-20 16:21:15,077 - position: [ 0.15243991 -0.44155082  1.63479829] - angle: -1.6205558298722744
2026-01-20 16:21:15,344 - position: [ 0.15309699 -0.44151828  1.63451421] - angle: -1.619984618765761
2026-01-20 16:21:15,571 - position: [ 0.15476701 -0.44175071  1.63419485] - angle: -1.6204432592933387
2026-01-20 16:21:15,943 - position: [ 0.15802865 -0.4425678   1.63673389] - angle: -1.6211544430790816
2026-01-20 16:21:16,177 - position: [ 0.15464573 -0.4407382   1.63982284] - angle: -1.619328648926384
2026-01-20 16:21:16,434 - position: [ 0.15081818 -0.43982682  1.64193034] - angle: -1.618980899211567
2026-01-20 16:21:16,671 - position: [ 0.15033101 -0.43980867  1.64200985] - angle: -1.6186566701725562
2026-01-20 16:21:16,896 - position: [ 0.14662422 -0.43984258  1.64167023] - angle: -1.6175302168052497
2026-01-20 16:21:17,113 - position: [ 0.14119005 -0.43995765  1.64099181] - angle: -1.617727751954357
2026-01-20 16:21:17,384 - position: [ 0.13632651 -0.44144565  1.63928878] - angle: -1.616642060828564
2026-01-20 16:21:17,665 - position: [ 0.13468768 -0.44310558  1.63841712] - angle: -1.6169686789647013
2026-01-20 16:21:17,923 - position: [ 0.13388546 -0.44427356  1.63806736] - angle: -1.6177022889284913
2026-01-20 16:21:18,145 - position: [ 0.13370995 -0.44447476  1.63829291] - angle: -1.6176817258751228
2026-01-20 16:21:18,442 - position: [ 0.13370995 -0.44447476  1.63829291] - angle: -1.6176817258751228
2026-01-20 16:21:18,706 - position: [ 0.13298471 -0.44563934  1.63773274] - angle: -1.61662876179712
2026-01-20 16:21:18,941 - position: [ 0.13258943 -0.44661427  1.63824272] - angle: -1.6170906946898924
2026-01-20 16:21:19,180 - position: [ 0.13331808 -0.44800201  1.6394552 ] - angle: -1.6166552776810805
2026-01-20 16:21:19,402 - position: [ 0.13476104 -0.44961488  1.64097714] - angle: -1.6157834604041472
2026-01-20 16:21:19,768 - position: [ 0.1374656  -0.45323178  1.64231205] - angle: -1.616625512575789
2026-01-20 16:21:19,991 - position: [ 0.14164186 -0.4595449   1.64131808] - angle: -1.614634808520556
2026-01-20 16:21:20,236 - position: [ 0.14345476 -0.46297222  1.64086556] - angle: -1.6139672777991771
2026-01-20 16:21:20,547 - position: [ 0.1458523  -0.4672254   1.63456142] - angle: -1.6122207606600192
2026-01-20 16:21:20,884 - position: [ 0.14470756 -0.46458319  1.62779474] - angle: -1.611800184424097
2026-01-20 16:21:21,104 - position: [ 0.14423494 -0.45961207  1.62495816] - angle: -1.6121323403259673
2026-01-20 16:21:21,373 - position: [ 0.1435046  -0.4572832   1.62557137] - angle: -1.612332938116774
2026-01-20 16:21:21,627 - position: [ 0.14298563 -0.4553217   1.62643516] - angle: -1.612459423426257
2026-01-20 16:21:21,924 - position: [ 0.14267866 -0.45276985  1.62754941] - angle: -1.6117758842637402
2026-01-20 16:21:22,200 - position: [ 0.14284261 -0.4502936   1.628618  ] - angle: -1.6126126112363206
2026-01-20 16:21:22,421 - position: [ 0.14297135 -0.44838282  1.62891936] - angle: -1.6117338156476446
2026-01-20 16:21:22,667 - position: [ 0.14297135 -0.44838282  1.62891936] - angle: -1.6117338156476446
2026-01-20 16:21:22,944 - position: [ 0.14154635 -0.44624239  1.6311661 ] - angle: -1.6105374447111824
2026-01-20 16:21:23,300 - position: [ 0.13974057 -0.44788745  1.63351119] - angle: -1.610027412801081
2026-01-20 16:21:23,534 - position: [ 0.14098302 -0.44732645  1.63453257] - angle: -1.6099703335544326
2026-01-20 16:21:23,767 - position: [ 0.14208221 -0.44695687  1.63540983] - angle: -1.6101580542339136
2026-01-20 16:21:24,003 - position: [ 0.14345957 -0.44633979  1.63621163] - angle: -1.6097115763807004
2026-01-20 16:21:24,348 - position: [ 0.15143088 -0.44728497  1.63644791] - angle: -1.6096121075760266
2026-01-20 16:21:24,613 - position: [ 0.15296154 -0.44515544  1.63466752] - angle: -1.6078621265466424
2026-01-20 16:21:24,830 - position: [ 0.15382394 -0.44212887  1.63286829] - angle: -1.6070261365044196
2026-01-20 16:21:25,112 - position: [ 0.1540603  -0.4392243   1.63106287] - angle: -1.6063930907097692
2026-01-20 16:21:25,344 - position: [ 0.1535825  -0.43894422  1.63126421] - angle: -1.6066202344724863
2026-01-20 16:21:25,572 - position: [ 0.15354943 -0.43914685  1.63172317] - angle: -1.607270039901433
2026-01-20 16:21:25,817 - position: [ 0.15085213 -0.43694067  1.63344431] - angle: -1.6052890187220719
2026-01-20 16:21:26,094 - position: [ 0.14909938 -0.43449542  1.63432145] - angle: -1.606162828418248
2026-01-20 16:21:26,320 - position: [ 0.14864784 -0.43385705  1.63452828] - angle: -1.606069657712582
2026-01-20 16:21:26,669 - position: [ 0.13692124 -0.41999283  1.63864017] - angle: -1.6047181543747993
2026-01-20 16:21:26,970 - position: [ 0.13242157 -0.41385499  1.64005077] - angle: -1.6049897802518487
2026-01-20 16:21:27,243 - position: [ 0.1320288  -0.41065052  1.63999724] - angle: -1.604130214532157
2026-01-20 16:21:27,505 - position: [ 0.13433054 -0.40847203  1.63919568] - angle: -1.6042591352373403
2026-01-20 16:21:27,812 - position: [ 0.13919497 -0.40805399  1.63687718] - angle: -1.6042356218416343
2026-01-20 16:21:28,059 - position: [ 0.14272527 -0.40903813  1.63436902] - angle: -1.602741273899987
2026-01-20 16:21:28,312 - position: [ 0.143457   -0.40951154  1.63355827] - angle: -1.6023815903955718
2026-01-20 16:21:28,605 - position: [ 0.14402947 -0.41102791  1.6288873 ] - angle: -1.6019938694999798
2026-01-20 16:21:28,864 - position: [ 0.14384054 -0.41083845  1.62464011] - angle: -1.6014045153906213
2026-01-20 16:21:29,088 - position: [ 0.14382669 -0.41084981  1.62250781] - angle: -1.601708826293109
2026-01-20 16:21:29,310 - position: [ 0.14464875 -0.41127858  1.62099862] - angle: -1.6019045021310223
2026-01-20 16:21:29,540 - position: [ 0.14882848 -0.4147253   1.61723542] - angle: -1.6010905251231815
2026-01-20 16:21:29,803 - position: [ 0.1512263  -0.41736263  1.61527908] - angle: -1.6000807762586096
2026-01-20 16:21:30,073 - position: [ 0.15259613 -0.41946924  1.6134603 ] - angle: -1.601022783303785
2026-01-20 16:21:30,315 - position: [ 0.15343302 -0.42180312  1.6095103 ] - angle: -1.6004693488123838
2026-01-20 16:21:30,531 - position: [ 0.15365821 -0.42317763  1.60646093] - angle: -1.6004238684419603
2026-01-20 16:21:30,827 - position: [ 0.15370899 -0.42330042  1.60629892] - angle: -1.6010538687583464
2026-01-20 16:21:31,097 - position: [ 0.15042777 -0.42784786  1.59689224] - angle: -1.6016510497359695
2026-01-20 16:21:31,320 - position: [ 0.14855011 -0.42863148  1.59521604] - angle: -1.600919723528694
2026-01-20 16:21:31,573 - position: [ 0.14559931 -0.42971256  1.59428918] - angle: -1.59760738825819
2026-01-20 16:21:31,785 - position: [ 0.14559931 -0.42971256  1.59428918] - angle: -1.59760738825819
2026-01-20 16:21:32,028 - position: [ 0.14748447 -0.43630961  1.58820736] - angle: -1.5990802148118846
2026-01-20 16:21:32,261 - position: [ 0.14949264 -0.43656567  1.58666158] - angle: -1.5989599233692982
2026-01-20 16:21:32,519 - position: [ 0.14983909 -0.4345808   1.58669913] - angle: -1.5983595770163292
2026-01-20 16:21:32,786 - position: [ 0.14828515 -0.43085319  1.58791625] - angle: -1.5963031478733587
2026-01-20 16:21:33,028 - position: [ 0.14788833 -0.42907909  1.58829474] - angle: -1.5964856858105332
2026-01-20 16:21:33,286 - position: [ 0.14594905 -0.42664328  1.58835554] - angle: -1.595938915537853
2026-01-20 16:21:33,520 - position: [ 0.14506435 -0.42661408  1.58821571] - angle: -1.5968807081676015
2026-01-20 16:21:33,823 - position: [ 0.14449209 -0.42645743  1.58848739] - angle: -1.5962162414309962
2026-01-20 16:21:34,102 - position: [ 0.1441965  -0.42517072  1.58782327] - angle: -1.5963113115381242
2026-01-20 16:21:34,324 - position: [ 0.14521849 -0.42294636  1.58704782] - angle: -1.5961894603619573
2026-01-20 16:21:34,545 - position: [ 0.145118   -0.42312279  1.5869261 ] - angle: -1.5963597875153308
2026-01-20 16:21:34,774 - position: [ 0.145118   -0.42312279  1.5869261 ] - angle: -1.5963597875153308
2026-01-20 16:21:35,038 - position: [ 0.14274494 -0.43201232  1.58210766] - angle: -1.5959423547189342
2026-01-20 16:21:35,301 - position: [ 0.14274494 -0.43201232  1.58210766] - angle: -1.5959423547189342
2026-01-20 16:21:35,536 - position: [ 0.14051023 -0.43213776  1.5794524 ] - angle: -1.5906538825213872
2026-01-20 16:21:35,771 - position: [ 0.14123692 -0.43206203  1.57811058] - angle: -1.5945377654083543
2026-01-20 16:21:36,075 - position: [ 0.14165752 -0.43178737  1.57734179] - angle: -1.594337170969137
2026-01-20 16:21:36,310 - position: [ 0.14165752 -0.43178737  1.57734179] - angle: -1.594337170969137
2026-01-20 16:21:36,540 - position: [ 0.14165752 -0.43178737  1.57734179] - angle: -1.594337170969137
2026-01-20 16:21:36,774 - position: [ 0.14576018 -0.43005097  1.57160127] - angle: -1.5934846596749708
2026-01-20 16:21:37,023 - position: [ 0.14908868 -0.4345195   1.5672909 ] - angle: -1.5947086222977944
2026-01-20 16:21:37,278 - position: [ 0.15047038 -0.4317978   1.56436157] - angle: -1.592679266339581
2026-01-20 16:21:37,572 - position: [ 0.15073821 -0.42950341  1.56466639] - angle: -1.592610045064319
2026-01-20 16:21:37,869 - position: [ 0.14923364 -0.41963524  1.57062006] - angle: -1.5900461258039025
2026-01-20 16:21:38,106 - position: [ 0.14946841 -0.41611019  1.57339549] - angle: -1.5911846512619068
2026-01-20 16:21:38,355 - position: [ 0.14974581 -0.41283628  1.57785666] - angle: -1.5904259543244148
2026-01-20 16:21:38,575 - position: [ 0.15033855 -0.41126415  1.58263862] - angle: -1.586619221748954
2026-01-20 16:21:38,887 - position: [ 0.1514522  -0.41268587  1.58409119] - angle: -1.588811313457322
2026-01-20 16:21:39,091 - position: [ 0.15237391 -0.41291773  1.58467281] - angle: -1.5889256091619748
2026-01-20 16:21:39,351 - position: [ 0.15276131 -0.41287565  1.584723  ] - angle: -1.589522816545287
2026-01-20 16:21:39,614 - position: [ 0.1536482  -0.41561469  1.58224452] - angle: -1.5896292503784064
2026-01-20 16:21:39,825 - position: [ 0.15427247 -0.41774631  1.58101296] - angle: -1.5897650371748977
2026-01-20 16:21:40,056 - position: [ 0.15502392 -0.42395034  1.57707942] - angle: -1.5884717281551755
2026-01-20 16:21:40,295 - position: [ 0.15475962 -0.42696416  1.57418764] - angle: -1.589942326199477
2026-01-20 16:21:40,536 - position: [ 0.15416473 -0.42747578  1.57365513] - angle: -1.5883715819273938
2026-01-20 16:21:40,759 - position: [ 0.15394519 -0.42768487  1.57315874] - angle: -1.588265454124885
2026-01-20 16:21:40,996 - position: [ 0.15249325 -0.42835364  1.57111192] - angle: -1.5868216780692173
2026-01-20 16:21:41,255 - position: [ 0.14727008 -0.42949709  1.55823326] - angle: -1.5866085115881097
2026-01-20 16:21:41,479 - position: [ 0.14568448 -0.43081871  1.55696428] - angle: -1.5870964644080239
2026-01-20 16:21:41,756 - position: [ 0.14272924 -0.43288359  1.55724978] - angle: -1.586317351416282
2026-01-20 16:21:42,001 - position: [ 0.14059447 -0.435453    1.55795002] - angle: -1.5868744546235538
2026-01-20 16:21:42,229 - position: [ 0.1392065  -0.43732584  1.55863917] - angle: -1.5865759678941256
2026-01-20 16:21:42,438 - position: [ 0.13722362 -0.43881384  1.56020427] - angle: -1.5855434410790137
2026-01-20 16:21:42,668 - position: [ 0.13620426 -0.44016242  1.56123865] - angle: -1.5854301459223574
2026-01-20 16:21:42,881 - position: [ 0.13615367 -0.44150603  1.56079757] - angle: -1.58594453943675
2026-01-20 16:21:43,127 - position: [ 0.13641112 -0.44598958  1.55632937] - angle: -1.5839027712155662
2026-01-20 16:21:43,374 - position: [ 0.13721253 -0.44722247  1.55152893] - angle: -1.583445635819638
2026-01-20 16:21:43,614 - position: [ 0.13928497 -0.44588175  1.5464325 ] - angle: -1.5823678727701607
2026-01-20 16:21:43,857 - position: [ 0.14100234 -0.44457048  1.54391217] - angle: -1.5820949334393468
2026-01-20 16:21:44,123 - position: [ 0.14145473 -0.44411761  1.54351389] - angle: -1.5806369780223406
2026-01-20 16:21:44,375 - position: [ 0.14132272 -0.44314098  1.5441891 ] - angle: -1.5796001300442848
2026-01-20 16:21:44,605 - position: [ 0.14109059 -0.43985066  1.54753757] - angle: -1.5801729032962708
2026-01-20 16:21:44,863 - position: [ 0.14097059 -0.43843868  1.54951262] - angle: -1.581086306238566
2026-01-20 16:21:45,116 - position: [ 0.1372945  -0.43399081  1.5553546 ] - angle: -1.5805529491755852
2026-01-20 16:21:45,428 - position: [ 0.13568984 -0.43195027  1.55660534] - angle: -1.5804039119886752
2026-01-20 16:21:45,684 - position: [ 0.13529845 -0.43132508  1.55701327] - angle: -1.5799594625229094
2026-01-20 16:21:45,925 - position: [ 0.13529845 -0.43132508  1.55701327] - angle: -1.5799594625229094
2026-01-20 16:21:46,145 - position: [ 0.13400058 -0.42841211  1.55900812] - angle: -1.5793929495340464
2026-01-20 16:21:46,368 - position: [ 0.1315473  -0.4200685   1.56370306] - angle: -1.5792553975514894
2026-01-20 16:21:46,656 - position: [ 0.130905   -0.41273427  1.56687963] - angle: -1.5799070212261146
2026-01-20 16:21:46,893 - position: [ 0.12708387 -0.39851698  1.57053339] - angle: -1.5786002807041788
2026-01-20 16:21:47,158 - position: [ 0.12292424 -0.39755049  1.57621896] - angle: -1.5756491913298811
2026-01-20 16:21:47,382 - position: [ 0.12466383 -0.39634427  1.57791412] - angle: -1.5766897260492287
2026-01-20 16:21:47,707 - position: [ 0.12617485 -0.39898559  1.58020866] - angle: -1.5761206181785603
2026-01-20 16:21:47,932 - position: [ 0.12622376 -0.39929375  1.58044779] - angle: -1.5766551584793689
2026-01-20 16:21:48,152 - position: [ 0.1278346  -0.40669262  1.58445013] - angle: -1.577715203238542
2026-01-20 16:21:48,392 - position: [ 0.12772663 -0.40853611  1.58566666] - angle: -1.574892472483036
2026-01-20 16:21:48,629 - position: [ 0.12801912 -0.41055894  1.58671379] - angle: -1.5760053630726851
2026-01-20 16:21:48,886 - position: [ 0.12828684 -0.41233084  1.58760846] - angle: -1.5769856352858609
2026-01-20 16:21:49,097 - position: [ 0.12948863 -0.41821691  1.59061861] - angle: -1.5754742078154793
2026-01-20 16:21:49,355 - position: [ 0.13009255 -0.42031911  1.5921272 ] - angle: -1.5743875739800774
2026-01-20 16:21:49,577 - position: [ 0.13060471 -0.42144486  1.59303558] - angle: -1.5748314000621875
2026-01-20 16:21:49,795 - position: [ 0.1306881  -0.42159075  1.59370804] - angle: -1.5764027494881372
2026-01-20 16:21:50,016 - position: [ 0.13032433 -0.42139906  1.593925  ] - angle: -1.5750908191847781
2026-01-20 16:21:50,229 - position: [ 0.13024846 -0.42106092  1.59387124] - angle: -1.576202854719547
2026-01-20 16:21:50,508 - position: [ 0.1266041  -0.40917149  1.59422302] - angle: -1.5728661168527989
2026-01-20 16:21:50,730 - position: [ 0.12647755 -0.40663198  1.59380579] - angle: -1.575799459533945
2026-01-20 16:21:50,986 - position: [ 0.12628141 -0.40601841  1.59379709] - angle: -1.5739880187547532
2026-01-20 16:21:51,269 - position: [ 0.12542439 -0.39525688  1.59307253] - angle: -1.57422636814779
2026-01-20 16:21:51,531 - position: [ 0.1261135  -0.3755998   1.59798801] - angle: -1.5742030085615646
2026-01-20 16:21:51,818 - position: [ 0.12884502 -0.37070829  1.61046851] - angle: -1.5716006066001968
2026-01-20 16:21:52,057 - position: [ 0.12778623 -0.36912176  1.61528242] - angle: -1.5692050529255641
2026-01-20 16:21:52,312 - position: [ 0.1272947  -0.36806279  1.61557484] - angle: -1.5694000870549987
2026-01-20 16:21:52,573 - position: [ 0.12686342 -0.36612627  1.61491168] - angle: -1.5687762544209738
2026-01-20 16:21:52,800 - position: [ 0.12493856 -0.352521    1.61481988] - angle: -1.568476649180924
2026-01-20 16:21:53,046 - position: [ 0.12360793 -0.35001785  1.61642957] - angle: -1.5675005204185921
2026-01-20 16:21:53,261 - position: [ 0.12322289 -0.3507584   1.61784792] - angle: -1.5679708990217605
2026-01-20 16:21:53,508 - position: [ 0.12182172 -0.36102054  1.62113047] - angle: -1.5670266751194597
2026-01-20 16:21:53,808 - position: [ 0.12143266 -0.36385494  1.62180531] - angle: -1.5672074006693504
2026-01-20 16:21:54,040 - position: [ 0.11985853 -0.37474364  1.62302601] - angle: -1.5667914657174764
2026-01-20 16:21:54,267 - position: [ 0.11898412 -0.38124073  1.62312961] - angle: -1.5666903481535934
2026-01-20 16:21:54,536 - position: [ 0.11849939 -0.38724098  1.62376618] - angle: -1.5674953756510295
2026-01-20 16:21:54,782 - position: [ 0.11771292 -0.39059469  1.62504208] - angle: -1.5659347622694164
2026-01-20 16:21:55,059 - position: [ 0.11403748 -0.39753282  1.62833464] - angle: -1.5642956241945059
2026-01-20 16:21:55,303 - position: [ 0.11199295 -0.40171903  1.62947023] - angle: -1.5636751861381577
2026-01-20 16:21:55,566 - position: [ 0.11144114 -0.40401992  1.63052928] - angle: -1.5650756273331003
2026-01-20 16:21:55,841 - position: [ 0.11135688 -0.40496269  1.63085413] - angle: -1.5661476129234546
2026-01-20 16:21:56,081 - position: [ 0.11195772 -0.40913031  1.63226211] - angle: -1.5636766452622828
2026-01-20 16:21:56,328 - position: [ 0.11230895 -0.41039914  1.63229489] - angle: -1.5631466077259017
2026-01-20 16:21:56,567 - position: [ 0.11230895 -0.41039914  1.63229489] - angle: -1.5631466077259017
2026-01-20 16:21:56,821 - position: [ 0.11650905 -0.42034611  1.63179636] - angle: -1.5647397897339523
2026-01-20 16:21:57,094 - position: [ 0.11637256 -0.42072013  1.63281715] - angle: -1.5628359004552572
2026-01-20 16:21:57,381 - position: [ 0.1176963  -0.42091683  1.63511741] - angle: -1.563118273490816
2026-01-20 16:21:57,712 - position: [ 0.12037072 -0.4222545   1.63691676] - angle: -1.5647272742358393
2026-01-20 16:21:57,989 - position: [ 0.1214726  -0.42461914  1.6373657 ] - angle: -1.5642357567207408
2026-01-20 16:21:58,235 - position: [ 0.12031345 -0.42646629  1.63622534] - angle: -1.562369593112058
2026-01-20 16:21:58,487 - position: [ 0.11873282 -0.42757264  1.63416874] - angle: -1.561448179445581
2026-01-20 16:21:58,703 - position: [ 0.11803272 -0.43281087  1.62861431] - angle: -1.5598990899387908
2026-01-20 16:21:58,927 - position: [ 0.11814909 -0.43557507  1.62663889] - angle: -1.5607479626430178
2026-01-20 16:21:59,270 - position: [ 0.11797328 -0.44615525  1.62159038] - angle: -1.5602862548265497
2026-01-20 16:21:59,488 - position: [ 0.1172535  -0.45035201  1.61933601] - angle: -1.5588666623130432
2026-01-20 16:21:59,753 - position: [ 0.11697797 -0.45247692  1.61797774] - angle: -1.5593501434653128
2026-01-20 16:21:59,986 - position: [ 0.11675495 -0.45501575  1.61693919] - angle: -1.5600723239650995
2026-01-20 16:22:00,233 - position: [ 0.11653752 -0.45679611  1.61700928] - angle: -1.5588825169552796
2026-01-20 16:22:00,467 - position: [ 0.11490794 -0.45718896  1.61990142] - angle: -1.5570476104340965
2026-01-20 16:22:00,756 - position: [ 0.11496577 -0.45495984  1.62173843] - angle: -1.5598105253242434
2026-01-20 16:22:00,974 - position: [ 0.11526488 -0.45371756  1.62267876] - angle: -1.5597541913425443
2026-01-20 16:22:01,196 - position: [ 0.11530657 -0.45323038  1.62340164] - angle: -1.5577625240642852
2026-01-20 16:22:01,418 - position: [ 0.11494347 -0.45092022  1.62484372] - angle: -1.558508010308913
2026-01-20 16:22:01,629 - position: [ 0.11344013 -0.44874933  1.62437618] - angle: -1.5569843791050548
2026-01-20 16:22:01,893 - position: [ 0.11246724 -0.44400653  1.62303233] - angle: -1.5571046638947248
2026-01-20 16:22:02,144 - position: [ 0.11224999 -0.43686968  1.62110353] - angle: -1.5578075058274492
2026-01-20 16:22:02,479 - position: [ 0.11271641 -0.43291652  1.61998343] - angle: -1.5568608769210805
2026-01-20 16:22:02,719 - position: [ 0.11380181 -0.43040168  1.61872327] - angle: -1.5563855061360399
2026-01-20 16:22:02,957 - position: [ 0.1161245  -0.42706218  1.61572623] - angle: -1.55665363683993
2026-01-20 16:22:03,195 - position: [ 0.11995541 -0.42557892  1.61130083] - angle: -1.5565123643186083
2026-01-20 16:22:03,458 - position: [ 0.1224865  -0.42707574  1.60857999] - angle: -1.556114578484023
2026-01-20 16:22:03,686 - position: [ 0.12410563 -0.4287594   1.60709774] - angle: -1.5549345745471248
2026-01-20 16:22:03,924 - position: [ 0.12531708 -0.43304777  1.60559607] - angle: -1.557223216817083
2026-01-20 16:22:04,226 - position: [ 0.12515184 -0.43699041  1.60576403] - angle: -1.5568716885827092
2026-01-20 16:22:04,454 - position: [ 0.12520553 -0.43860486  1.60633504] - angle: -1.5551795421329442
2026-01-20 16:22:04,696 - position: [ 0.12532914 -0.43874598  1.6064657 ] - angle: -1.5548021613602319
2026-01-20 16:22:04,928 - position: [ 0.1263407  -0.43876612  1.60631406] - angle: -1.5558028402121606
2026-01-20 16:22:05,141 - position: [ 0.12666978 -0.43842563  1.60702479] - angle: -1.553706533275466
2026-01-20 16:22:05,399 - position: [ 0.12637621 -0.43809688  1.60691428] - angle: -1.5524676314028891
2026-01-20 16:22:05,640 - position: [ 0.12929772 -0.44104204  1.60500693] - angle: -1.55357510714444
2026-01-20 16:22:05,935 - position: [ 0.12867904 -0.43966177  1.60456562] - angle: -1.5533569906061175
2026-01-20 16:22:06,140 - position: [ 0.12804055 -0.43878809  1.60471582] - angle: -1.5533517511861379
2026-01-20 16:22:06,408 - position: [ 0.12687401 -0.43768933  1.6050154 ] - angle: -1.5535200264762739
2026-01-20 16:22:06,657 - position: [ 0.12478162 -0.43799338  1.6074934 ] - angle: -1.5509766087580479
2026-01-20 16:22:06,899 - position: [ 0.12373603 -0.43875104  1.60972834] - angle: -1.55250469980906
2026-01-20 16:22:07,113 - position: [ 0.1233521  -0.43894488  1.61008036] - angle: -1.5509822902740256
2026-01-20 16:22:07,353 - position: [ 0.1230768  -0.43908024  1.61037767] - angle: -1.5504839709931861
2026-01-20 16:22:07,564 - position: [ 0.12175942 -0.44035643  1.6151346 ] - angle: -1.5512711767103524
2026-01-20 16:22:07,805 - position: [ 0.12159566 -0.44202149  1.61640275] - angle: -1.550079168152231
2026-01-20 16:22:08,063 - position: [ 0.12128382 -0.44804433  1.61723852] - angle: -1.5504918615056842
2026-01-20 16:22:08,331 - position: [ 0.11775137 -0.45607752  1.61823165] - angle: -1.5503399716874218
2026-01-20 16:22:08,559 - position: [ 0.11681125 -0.45777601  1.61895239] - angle: -1.5495130723255386
2026-01-20 16:22:08,811 - position: [ 0.11422298 -0.46198967  1.62139106] - angle: -1.5498681021819083
2026-01-20 16:22:09,043 - position: [ 0.1132799  -0.46327379  1.62242258] - angle: -1.5489777801522275
2026-01-20 16:22:09,297 - position: [ 0.11234665 -0.46481955  1.62382805] - angle: -1.5487261224324884
2026-01-20 16:22:09,567 - position: [ 0.11163866 -0.46670255  1.62581384] - angle: -1.5487841038653936
2026-01-20 16:22:09,822 - position: [ 0.10964492 -0.46750286  1.62572038] - angle: -1.5479593430224252
2026-01-20 16:22:10,178 - position: [ 0.10249297 -0.46314049  1.6268791 ] - angle: -1.5465324960826985
2026-01-20 16:22:10,392 - position: [ 0.10228333 -0.46025455  1.62706208] - angle: -1.546654959149703
2026-01-20 16:22:10,642 - position: [ 0.10319494 -0.45936033  1.62628603] - angle: -1.546087543849609
2026-01-20 16:22:10,884 - position: [ 0.10357156 -0.45887116  1.62578595] - angle: -1.5455916656484447
2026-01-20 16:22:11,129 - position: [ 0.10757709 -0.45040199  1.61889994] - angle: -1.5468249835802306
2026-01-20 16:22:11,359 - position: [ 0.10806809 -0.44779831  1.61594617] - angle: -1.5461303663046508
2026-01-20 16:22:11,717 - position: [ 0.1089669  -0.45098615  1.6147722 ] - angle: -1.5458553828363257
2026-01-20 16:22:11,972 - position: [ 0.10906485 -0.45277065  1.61494482] - angle: -1.5456942622591607
2026-01-20 16:22:12,248 - position: [ 0.10895167 -0.46042198  1.61584806] - angle: -1.5451570966683494
2026-01-20 16:22:12,465 - position: [ 0.10875409 -0.46600747  1.61768913] - angle: -1.5446787807917923
2026-01-20 16:22:12,708 - position: [ 0.10893428 -0.48023948  1.62173712] - angle: -1.544260219010888
2026-01-20 16:22:12,916 - position: [ 0.10933119 -0.48851964  1.62443709] - angle: -1.544409666235953
2026-01-20 16:22:13,142 - position: [ 0.11047337 -0.49614313  1.62759113] - angle: -1.5439935381105974
2026-01-20 16:22:13,357 - position: [ 0.11225799 -0.5020507   1.63056326] - angle: -1.5446975110366759
2026-01-20 16:22:13,616 - position: [ 0.11294165 -0.50543475  1.6329987 ] - angle: -1.5439663621261555
2026-01-20 16:22:13,884 - position: [ 0.11412922 -0.51017988  1.63758457] - angle: -1.543583180236094
2026-01-20 16:22:14,129 - position: [ 0.11427299 -0.51056367  1.63826859] - angle: -1.5443760616073763
2026-01-20 16:22:14,394 - position: [ 0.11427299 -0.51056367  1.63826859] - angle: -1.5443760616073763
2026-01-20 16:22:14,644 - position: [ 0.11120899 -0.51825106  1.64732921] - angle: -1.5439335032581516
2026-01-20 16:22:14,863 - position: [ 0.11021071 -0.51764464  1.64825773] - angle: -1.5423555828476276
2026-01-20 16:22:15,137 - position: [ 0.11028913 -0.5113337   1.64901137] - angle: -1.5417228571656776
2026-01-20 16:22:15,387 - position: [ 0.11054049 -0.50465113  1.64795935] - angle: -1.5428271455256648
2026-01-20 16:22:15,616 - position: [ 0.11045031 -0.49832284  1.64628029] - angle: -1.5408818394936699
2026-01-20 16:22:15,874 - position: [ 0.11052016 -0.49495098  1.6448853 ] - angle: -1.540960083217735
2026-01-20 16:22:16,111 - position: [ 0.11248454 -0.48819992  1.64207149] - angle: -1.5404241756832362
2026-01-20 16:22:16,347 - position: [ 0.11517801 -0.48605618  1.64067757] - angle: -1.539726893141117
2026-01-20 16:22:16,553 - position: [ 0.11546352 -0.48602858  1.64047122] - angle: -1.5399303000165578
2026-01-20 16:22:16,800 - position: [ 0.11652515 -0.49099219  1.63617074] - angle: -1.539705276201417
2026-01-20 16:22:17,035 - position: [ 0.11656862 -0.49240831  1.63507712] - angle: -1.5409394973341919
2026-01-20 16:22:17,281 - position: [ 0.1165571  -0.49317917  1.63479459] - angle: -1.5402497154880521
2026-01-20 16:22:17,519 - position: [ 0.1165063  -0.49336258  1.6347127 ] - angle: -1.5403688135090108
2026-01-20 16:22:17,799 - position: [ 0.11634472 -0.49574512  1.63375247] - angle: -1.5401849754276067
2026-01-20 16:22:18,117 - position: [ 0.11594523 -0.49808225  1.63291585] - angle: -1.539427109517007
2026-01-20 16:22:18,344 - position: [ 0.11170705 -0.48596501  1.63433802] - angle: -1.5398161916943915
2026-01-20 16:22:18,658 - position: [ 0.10999511 -0.46635491  1.63386738] - angle: -1.5399104546439233
2026-01-20 16:22:18,949 - position: [ 0.11387998 -0.45990622  1.63148856] - angle: -1.5384146383097455
2026-01-20 16:22:19,155 - position: [ 0.11573748 -0.45793489  1.62993729] - angle: -1.539286544549332
2026-01-20 16:22:19,380 - position: [ 0.11817973 -0.45446101  1.62714636] - angle: -1.5391037494647928
2026-01-20 16:22:19,620 - position: [ 0.12043373 -0.45141125  1.62316978] - angle: -1.5377353469952881
2026-01-20 16:22:19,895 - position: [ 0.12206685 -0.44931555  1.62065685] - angle: -1.5371201618459787
2026-01-20 16:22:20,106 - position: [ 0.12344816 -0.44724071  1.61936355] - angle: -1.5387180976348773
2026-01-20 16:22:20,360 - position: [ 0.12328859 -0.44656163  1.6189816 ] - angle: -1.5375033162031695
2026-01-20 16:22:20,657 - position: [ 0.12233644 -0.4389486   1.61987185] - angle: -1.5366743992473855
2026-01-20 16:22:20,893 - position: [ 0.12230115 -0.43602452  1.61990106] - angle: -1.5356664956032424
2026-01-20 16:22:21,142 - position: [ 0.12294871 -0.42904517  1.62023115] - angle: -1.5356971896283893
2026-01-20 16:22:21,366 - position: [ 0.1238289  -0.424043    1.62057793] - angle: -1.5360723395468332
2026-01-20 16:22:21,582 - position: [ 0.12448684 -0.42168978  1.62067747] - angle: -1.5360808360406963
2026-01-20 16:22:21,827 - position: [ 0.12448684 -0.42168978  1.62067747] - angle: -1.5360808360406963
2026-01-20 16:22:22,092 - position: [ 0.12731566 -0.41511852  1.62019598] - angle: -1.5362162309430074
2026-01-20 16:22:22,299 - position: [ 0.12974887 -0.40898901  1.61769474] - angle: -1.5348287445191815
2026-01-20 16:22:22,543 - position: [ 0.13350886 -0.40030572  1.61279595] - angle: -1.5341998480638872
2026-01-20 16:22:22,749 - position: [ 0.1354031  -0.3957991   1.60941494] - angle: -1.5371556903588184
2026-01-20 16:22:22,965 - position: [ 0.13627735 -0.39041868  1.60357213] - angle: -1.5370144594624642
2026-01-20 16:22:23,236 - position: [ 0.13711323 -0.38806129  1.59895766] - angle: -1.536163942555242
2026-01-20 16:22:23,488 - position: [ 0.13812082 -0.3863776   1.59353149] - angle: -1.5357535587018805
2026-01-20 16:22:23,723 - position: [ 0.13849247 -0.38618705  1.58864141] - angle: -1.535246578558
2026-01-20 16:22:23,974 - position: [ 0.13778991 -0.38660011  1.58739436] - angle: -1.5301539224677825
2026-01-20 16:22:24,243 - position: [ 0.13852827 -0.39055964  1.5846504 ] - angle: -1.5343925012306867
2026-01-20 16:22:24,464 - position: [ 0.13852827 -0.39055964  1.5846504 ] - angle: -1.5343925012306867
2026-01-20 16:22:24,688 - position: [ 0.13852827 -0.39055964  1.5846504 ] - angle: -1.5343925012306867
2026-01-20 16:22:24,940 - position: [ 0.13255411 -0.39761242  1.59473205] - angle: -1.5299252766184264
2026-01-20 16:22:25,262 - position: [ 0.13030793 -0.40197146  1.59961522] - angle: -1.5289882888191335
2026-01-20 16:22:25,566 - position: [ 0.13030793 -0.40197146  1.59961522] - angle: -1.5289882888191335
2026-01-20 16:22:25,786 - position: [ 0.1296313  -0.42228776  1.60700941] - angle: -1.5330747496728439
2026-01-20 16:22:25,996 - position: [ 0.1296313  -0.42228776  1.60700941] - angle: -1.5330747496728439
2026-01-20 16:22:26,203 - position: [ 0.1296313  -0.42228776  1.60700941] - angle: -1.5330747496728439
2026-01-20 16:22:26,445 - position: [ 0.13040642 -0.43086204  1.60781622] - angle: -1.5314497278215091
2026-01-20 16:22:26,669 - position: [ 0.13139246 -0.43986949  1.60755372] - angle: -1.5299887743859326
2026-01-20 16:22:26,915 - position: [ 0.13043617 -0.44387129  1.60491025] - angle: -1.531335060954755
2026-01-20 16:22:27,129 - position: [ 0.12992755 -0.44105104  1.60424232] - angle: -1.5312146640828281
2026-01-20 16:22:27,360 - position: [ 0.12723331 -0.43445006  1.60387504] - angle: -1.526906839284841
2026-01-20 16:22:27,595 - position: [ 0.12692706 -0.43182072  1.60374832] - angle: -1.5315573500891495
2026-01-20 16:22:27,853 - position: [ 0.12476757 -0.42792568  1.60518277] - angle: -1.527842614344817
2026-01-20 16:22:28,114 - position: [ 0.12517753 -0.42753121  1.60510707] - angle: -1.5321886001763185
2026-01-20 16:22:28,374 - position: [ 0.12315619 -0.42450371  1.60775721] - angle: -1.5319084561089515
2026-01-20 16:22:28,598 - position: [ 0.1200943  -0.42455339  1.60803759] - angle: -1.5267700063767156
2026-01-20 16:22:28,822 - position: [ 0.11967208 -0.42451283  1.60769582] - angle: -1.526528985731753
2026-01-20 16:22:29,050 - position: [ 0.11967208 -0.42451283  1.60769582] - angle: -1.526528985731753
2026-01-20 16:22:29,285 - position: [ 0.11717742 -0.41636905  1.60385275] - angle: -1.5251751205147084
2026-01-20 16:22:29,509 - position: [ 0.11606982 -0.41552144  1.60282707] - angle: -1.5252972462640417
2026-01-20 16:22:29,742 - position: [ 0.11479828 -0.41816518  1.60021842] - angle: -1.5252001887645732
2026-01-20 16:22:29,967 - position: [ 0.11413101 -0.41894346  1.59942138] - angle: -1.5250327119564946
2026-01-20 16:22:30,207 - position: [ 0.11342691 -0.419016    1.59857774] - angle: -1.5241330288240809
2026-01-20 16:22:30,434 - position: [ 0.10869341 -0.41575125  1.59580481] - angle: -1.5251553375346258
2026-01-20 16:22:30,670 - position: [ 0.10654271 -0.41532654  1.59625888] - angle: -1.5229963330534395
2026-01-20 16:22:30,874 - position: [ 0.10501033 -0.41540548  1.59684336] - angle: -1.5220393843295548
2026-01-20 16:22:31,092 - position: [ 0.10065373 -0.41533232  1.59900999] - angle: -1.5218224808588916
2026-01-20 16:22:31,314 - position: [ 0.09897325 -0.41693288  1.59985411] - angle: -1.521790302303636
2026-01-20 16:22:31,585 - position: [ 0.09931041 -0.41751194  1.59980631] - angle: -1.5237107830238488
2026-01-20 16:22:31,790 - position: [ 0.09931041 -0.41751194  1.59980631] - angle: -1.5237107830238488
2026-01-20 16:22:32,010 - position: [ 0.09931041 -0.41751194  1.59980631] - angle: -1.5237107830238488
2026-01-20 16:22:32,231 - position: [ 0.10146017 -0.42740202  1.60373306] - angle: -1.5230108733502186
2026-01-20 16:22:32,448 - position: [ 0.10595129 -0.43756324  1.60775411] - angle: -1.5230710466674768
2026-01-20 16:22:32,670 - position: [ 0.10669634 -0.44215864  1.60942888] - angle: -1.5222212489763502
2026-01-20 16:22:32,939 - position: [ 0.10690976 -0.44481784  1.61068654] - angle: -1.5229730531101304
2026-01-20 16:22:33,204 - position: [ 0.10664913 -0.44741985  1.61353993] - angle: -1.5217915560756086
2026-01-20 16:22:33,446 - position: [ 0.10650481 -0.44821391  1.61660635] - angle: -1.5219720256014497
2026-01-20 16:22:33,653 - position: [ 0.10664441 -0.44856498  1.61926961] - angle: -1.52097075450994
2026-01-20 16:22:33,867 - position: [ 0.10643899 -0.44868279  1.62370455] - angle: -1.5200826807018677
2026-01-20 16:22:34,096 - position: [ 0.10646332 -0.44875669  1.6291008 ] - angle: -1.519913723243878
2026-01-20 16:22:34,350 - position: [ 0.10762947 -0.44826883  1.6334393 ] - angle: -1.5193865044556016
2026-01-20 16:22:34,582 - position: [ 0.10982326 -0.44725129  1.63612056] - angle: -1.5202802525810308
2026-01-20 16:22:34,797 - position: [ 0.11037166 -0.44690356  1.63638246] - angle: -1.519866474256808
2026-01-20 16:22:35,039 - position: [ 0.1143762  -0.44665724  1.63851261] - angle: -1.5205428562838539
2026-01-20 16:22:35,242 - position: [ 0.11576805 -0.44842568  1.63878953] - angle: -1.5202762111042927
2026-01-20 16:22:35,455 - position: [ 0.1163831  -0.45071933  1.63836133] - angle: -1.5201022647735192
2026-01-20 16:22:35,674 - position: [ 0.11712331 -0.45883662  1.6354841 ] - angle: -1.5200326563351512
2026-01-20 16:22:35,887 - position: [ 0.11780418 -0.46740514  1.63160145] - angle: -1.518902988636773
2026-01-20 16:22:36,106 - position: [ 0.11870907 -0.47218746  1.62894213] - angle: -1.51834791185331
2026-01-20 16:22:36,325 - position: [ 0.11870907 -0.47218746  1.62894213] - angle: -1.51834791185331
2026-01-20 16:22:36,542 - position: [ 0.12027802 -0.47560731  1.62700379] - angle: -1.5175055203241952
2026-01-20 16:22:36,766 - position: [ 0.12038337 -0.47633094  1.62680447] - angle: -1.5176330386695502
2026-01-20 16:22:37,002 - position: [ 0.11948469 -0.48251489  1.6289134 ] - angle: -1.517546553612363
2026-01-20 16:22:37,223 - position: [ 0.12021776 -0.48671445  1.63046753] - angle: -1.5168889317240621
2026-01-20 16:22:37,483 - position: [ 0.12154861 -0.48835525  1.63037241] - angle: -1.5153100759604667
2026-01-20 16:22:37,733 - position: [ 0.1226843  -0.48798373  1.62813902] - angle: -1.51575553418565
2026-01-20 16:22:38,100 - position: [ 0.11774166 -0.48019615  1.62255061] - angle: -1.5155799431553465
2026-01-20 16:22:38,330 - position: [ 0.11595885 -0.47729295  1.62149346] - angle: -1.5153663402408224
2026-01-20 16:22:38,558 - position: [ 0.11595885 -0.47729295  1.62149346] - angle: -1.5153663402408224
2026-01-20 16:22:38,796 - position: [ 0.11441509 -0.47477746  1.62081933] - angle: -1.5149865903735238
2026-01-20 16:22:39,066 - position: [ 0.11081082 -0.46819395  1.62062407] - angle: -1.5151349050351715
2026-01-20 16:22:39,332 - position: [ 0.10959715 -0.4657124   1.62144244] - angle: -1.5143598901047373
2026-01-20 16:22:39,599 - position: [ 0.10503927 -0.45300847  1.62449408] - angle: -1.5137251285431628
2026-01-20 16:22:39,842 - position: [ 0.10426497 -0.45177475  1.62377465] - angle: -1.5130505148736204
2026-01-20 16:22:40,068 - position: [ 0.10127585 -0.44804448  1.62096643] - angle: -1.5127231386499234
2026-01-20 16:22:40,385 - position: [ 0.09886146 -0.43961686  1.61670244] - angle: -1.5123499949126402
2026-01-20 16:22:40,591 - position: [ 0.09908878 -0.43341869  1.61434126] - angle: -1.512848692753408
2026-01-20 16:22:40,840 - position: [ 0.09836637 -0.42578512  1.61119676] - angle: -1.5115988500260573
2026-01-20 16:22:41,089 - position: [ 0.09852491 -0.42100579  1.6085006 ] - angle: -1.5127797789728858
2026-01-20 16:22:41,357 - position: [ 0.09986617 -0.41774881  1.60475755] - angle: -1.5140455304099478
2026-01-20 16:22:41,643 - position: [ 0.10116664 -0.41349646  1.59917188] - angle: -1.5101186013792804
2026-01-20 16:22:41,859 - position: [ 0.1028696  -0.40978652  1.5949688 ] - angle: -1.5116754056335489
2026-01-20 16:22:42,118 - position: [ 0.10253233 -0.40560547  1.59344006] - angle: -1.507758525101253
2026-01-20 16:22:42,363 - position: [ 0.1026101  -0.40167642  1.59205127] - angle: -1.5101386918095034
2026-01-20 16:22:42,605 - position: [ 0.10234952 -0.39910537  1.59298098] - angle: -1.5110806661162273
2026-01-20 16:22:42,825 - position: [ 0.10176212 -0.39734557  1.59402788] - angle: -1.5054444457776652
2026-01-20 16:22:43,028 - position: [ 0.1046305  -0.39398441  1.595312  ] - angle: -1.5090338194913744
2026-01-20 16:22:43,263 - position: [ 0.10510817 -0.39219853  1.59601009] - angle: -1.5084189593222752
2026-01-20 16:22:43,481 - position: [ 0.1054028  -0.39081666  1.5961678 ] - angle: -1.508067812430613
2026-01-20 16:22:43,688 - position: [ 0.10585947 -0.38999903  1.59670651] - angle: -1.5080242419340935
2026-01-20 16:22:43,922 - position: [ 0.10675006 -0.38897046  1.59785616] - angle: -1.5088218162166687
2026-01-20 16:22:44,153 - position: [ 0.10875081 -0.38911927  1.59872651] - angle: -1.5083541619722278
2026-01-20 16:22:44,374 - position: [ 0.10917881 -0.38932285  1.59881151] - angle: -1.5076949011564875
2026-01-20 16:22:44,614 - position: [ 0.1111115  -0.39024946  1.599002  ] - angle: -1.5072444912607263
2026-01-20 16:22:44,837 - position: [ 0.11164517 -0.39010507  1.59913802] - angle: -1.507372106191533
2026-01-20 16:22:45,042 - position: [ 0.11164517 -0.39010507  1.59913802] - angle: -1.507372106191533
2026-01-20 16:22:45,256 - position: [ 0.11201931 -0.38986099  1.5995084 ] - angle: -1.5069981319310162
2026-01-20 16:22:45,487 - position: [ 0.11252625 -0.39021716  1.60012317] - angle: -1.506914962727834
2026-01-20 16:22:45,716 - position: [ 0.11251641 -0.3905285   1.60030103] - angle: -1.5069226322064466
2026-01-20 16:22:45,956 - position: [ 0.11269008 -0.39089102  1.60046566] - angle: -1.5064883083979894
2026-01-20 16:22:46,251 - position: [ 0.11278229 -0.39197862  1.60062349] - angle: -1.506811246244005
2026-01-20 16:22:46,508 - position: [ 0.11182363 -0.39717659  1.60022199] - angle: -1.5069088096847372
2026-01-20 16:22:46,750 - position: [ 0.11116395 -0.40403488  1.59972918] - angle: -1.5052996017683098
2026-01-20 16:22:46,995 - position: [ 0.11335108 -0.4113068   1.59771836] - angle: -1.5039329377265491
2026-01-20 16:22:47,230 - position: [ 0.11422196 -0.4123663   1.59678316] - angle: -1.503418150915321
2026-01-20 16:22:47,498 - position: [ 0.11750808 -0.41395807  1.59526098] - angle: -1.5037937512709219
2026-01-20 16:22:47,744 - position: [ 0.12052788 -0.41781124  1.5937053 ] - angle: -1.5041210715818414
2026-01-20 16:22:48,016 - position: [ 0.12139644 -0.42610997  1.59252548] - angle: -1.5036519005397535
2026-01-20 16:22:48,286 - position: [ 0.11987714 -0.4283675   1.59387743] - angle: -1.5031503264381643
2026-01-20 16:22:48,527 - position: [ 0.11774182 -0.43011889  1.59578502] - angle: -1.5025493226294815
2026-01-20 16:22:48,742 - position: [ 0.11626508 -0.43270609  1.59801137] - angle: -1.502408759133342
2026-01-20 16:22:48,999 - position: [ 0.11383641 -0.4369413   1.60381234] - angle: -1.5026431727010525
2026-01-20 16:22:49,243 - position: [ 0.11080132 -0.44030967  1.60727549] - angle: -1.499801940154775
2026-01-20 16:22:49,480 - position: [ 0.10859615 -0.44247442  1.6096915 ] - angle: -1.4996138821938074
2026-01-20 16:22:49,718 - position: [ 0.10730261 -0.4434278   1.61232269] - angle: -1.4997913240920209
2026-01-20 16:22:49,961 - position: [ 0.1073482  -0.44252157  1.61422765] - angle: -1.4983884414865871
2026-01-20 16:22:50,228 - position: [ 0.107656  -0.4418312  1.6151917] - angle: -1.497932493284421
2026-01-20 16:22:50,452 - position: [ 0.10816715 -0.44114494  1.61597288] - angle: -1.4981240297008922
2026-01-20 16:22:50,687 - position: [ 0.11111633 -0.44024462  1.61864352] - angle: -1.4974716286488055
2026-01-20 16:22:50,920 - position: [ 0.11341655 -0.44028595  1.620507  ] - angle: -1.4972894191996375
2026-01-20 16:22:51,196 - position: [ 0.11436069 -0.44015002  1.62103927] - angle: -1.4969606628261212
2026-01-20 16:22:51,421 - position: [ 0.11694526 -0.44036609  1.62055326] - angle: -1.496583730650526
2026-01-20 16:22:51,689 - position: [ 0.11932679 -0.4413687   1.61918104] - angle: -1.4973575377725168
2026-01-20 16:22:51,916 - position: [ 0.12344737 -0.44397834  1.61754191] - angle: -1.496778342026151
2026-01-20 16:22:52,138 - position: [ 0.12587221 -0.44504768  1.61680365] - angle: -1.4971700576231086
2026-01-20 16:22:52,381 - position: [ 0.12662737 -0.44519982  1.61655581] - angle: -1.4972578484442929
2026-01-20 16:22:52,600 - position: [ 0.12732197 -0.44529408  1.61626363] - angle: -1.4972928653165751
2026-01-20 16:22:52,860 - position: [ 0.12908356 -0.44183776  1.61465895] - angle: -1.4966067276436
2026-01-20 16:22:53,118 - position: [ 0.12856828 -0.43847078  1.61425018] - angle: -1.496313490599289
2026-01-20 16:22:53,338 - position: [ 0.12827271 -0.42852327  1.61485994] - angle: -1.4953974539703245
2026-01-20 16:22:53,586 - position: [ 0.12772782 -0.42245433  1.61695635] - angle: -1.4953520158241784
2026-01-20 16:22:53,817 - position: [ 0.12792476 -0.42137361  1.61744833] - angle: -1.4947393011151746
2026-01-20 16:22:54,030 - position: [ 0.12851593 -0.42218855  1.61650109] - angle: -1.494377389185554
2026-01-20 16:22:54,237 - position: [ 0.12867865 -0.42290181  1.61551452] - angle: -1.4939987115810243
2026-01-20 16:22:54,521 - position: [ 0.12844497 -0.4244017   1.6122129 ] - angle: -1.4933896121505352
2026-01-20 16:22:54,776 - position: [ 0.12648214 -0.42435527  1.60991263] - angle: -1.493010993110659
2026-01-20 16:22:54,992 - position: [ 0.12411869 -0.422445    1.60682797] - angle: -1.4950087118982114
2026-01-20 16:22:55,219 - position: [ 0.12379702 -0.42183012  1.60403025] - angle: -1.4946737088203403
2026-01-20 16:22:55,497 - position: [ 0.12440343 -0.42211428  1.60063088] - angle: -1.493509732674557
2026-01-20 16:22:55,732 - position: [ 0.12567785 -0.4235132   1.59544384] - angle: -1.493217918780914
2026-01-20 16:22:56,001 - position: [ 0.12534221 -0.42575151  1.59094036] - angle: -1.4931431301901261
2026-01-20 16:22:56,290 - position: [ 0.1246986  -0.42701048  1.58988154] - angle: -1.4926207491925942
2026-01-20 16:22:56,527 - position: [ 0.1232516  -0.42926791  1.58902907] - angle: -1.4934294716908996
2026-01-20 16:22:56,751 - position: [ 0.11991239 -0.43111306  1.59009731] - angle: -1.4873488932381553
2026-01-20 16:22:56,962 - position: [ 0.11894099 -0.43177029  1.59034908] - angle: -1.4871815609936716
2026-01-20 16:22:57,207 - position: [ 0.11499507 -0.43543044  1.5896647 ] - angle: -1.4911772626099986
2026-01-20 16:22:57,449 - position: [ 0.11333145 -0.43693316  1.5889467 ] - angle: -1.4910723973690345
2026-01-20 16:22:57,675 - position: [ 0.1091129  -0.43962884  1.58705294] - angle: -1.4893896938022584
2026-01-20 16:22:58,000 - position: [ 0.10539977 -0.44034037  1.58629322] - angle: -1.4898783609318413
2026-01-20 16:22:58,222 - position: [ 0.10348095 -0.44107565  1.5859623 ] - angle: -1.4904123662819786
2026-01-20 16:22:58,436 - position: [ 0.10211899 -0.44255275  1.5845015 ] - angle: -1.4854936975971063
2026-01-20 16:22:58,702 - position: [ 0.10207686 -0.44444153  1.58205128] - angle: -1.4891411803386156
2026-01-20 16:22:58,959 - position: [ 0.10098682 -0.44578516  1.57969522] - angle: -1.488757063051473
2026-01-20 16:22:59,205 - position: [ 0.10098682 -0.44578516  1.57969522] - angle: -1.488757063051473
2026-01-20 16:22:59,478 - position: [ 0.10566575 -0.45608756  1.56496274] - angle: -1.4894461343823195
2026-01-20 16:22:59,700 - position: [ 0.10711116 -0.45893458  1.56342888] - angle: -1.490122444489769
2026-01-20 16:22:59,930 - position: [ 0.10635108 -0.4611229   1.56348777] - angle: -1.4884820050088656
2026-01-20 16:23:00,151 - position: [ 0.10543951 -0.46289369  1.56535983] - angle: -1.4881690864727664
2026-01-20 16:23:00,368 - position: [ 0.10459825 -0.46453956  1.56968701] - angle: -1.4879293389882808
2026-01-20 16:23:00,596 - position: [ 0.10423157 -0.46674961  1.57970345] - angle: -1.4876982829511474
2026-01-20 16:23:00,882 - position: [ 0.10415833 -0.46774971  1.58406508] - angle: -1.4874673779213818
2026-01-20 16:23:01,116 - position: [ 0.10323972 -0.46768507  1.59166193] - angle: -1.486429651200626
2026-01-20 16:23:01,332 - position: [ 0.10327225 -0.46629795  1.60037923] - angle: -1.4862913229947972
2026-01-20 16:23:01,600 - position: [ 0.10355542 -0.46518591  1.60483277] - angle: -1.4846535202581967
2026-01-20 16:23:01,843 - position: [ 0.10352396 -0.46488559  1.60647488] - angle: -1.484002629811
2026-01-20 16:23:02,076 - position: [ 0.10244472 -0.46481413  1.60998476] - angle: -1.483081372060738
2026-01-20 16:23:02,306 - position: [ 0.10064801 -0.46456078  1.61030042] - angle: -1.483441951773564
2026-01-20 16:23:02,539 - position: [ 0.10009287 -0.46276471  1.60995102] - angle: -1.4840659540045231
2026-01-20 16:23:02,761 - position: [ 0.09976379 -0.46114913  1.60880232] - angle: -1.4834460937524434
2026-01-20 16:23:03,065 - position: [ 0.09864096 -0.45898354  1.60740578] - angle: -1.4840560261790365
2026-01-20 16:23:03,280 - position: [ 0.09812337 -0.45706549  1.60597599] - angle: -1.4836943679638748
2026-01-20 16:23:03,526 - position: [ 0.09700643 -0.45347494  1.6042769 ] - angle: -1.4821974876145627
2026-01-20 16:23:03,752 - position: [ 0.09488178 -0.44890583  1.60304773] - angle: -1.4844509104143522
2026-01-20 16:23:04,007 - position: [ 0.09054457 -0.44342217  1.60320127] - angle: -1.4791806513449073
2026-01-20 16:23:04,256 - position: [ 0.08804068 -0.43737689  1.60286951] - angle: -1.4786933897942607
2026-01-20 16:23:04,511 - position: [ 0.08791518 -0.43633682  1.60230231] - angle: -1.4831047795458163
2026-01-20 16:23:04,744 - position: [ 0.08696057 -0.43516773  1.60159767] - angle: -1.4838033535193054
2026-01-20 16:23:04,973 - position: [ 0.08384213 -0.43315676  1.59905684] - angle: -1.4783097328761317
2026-01-20 16:23:05,212 - position: [ 0.08420616 -0.43326634  1.59756291] - angle: -1.483241726894379
2026-01-20 16:23:05,439 - position: [ 0.08467951 -0.43110266  1.59191215] - angle: -1.4830483633281464
2026-01-20 16:23:05,673 - position: [ 0.08614479 -0.4277865   1.58732986] - angle: -1.4817397292954206
2026-01-20 16:23:05,901 - position: [ 0.08724467 -0.4269      1.58617377] - angle: -1.482162954714945
2026-01-20 16:23:06,113 - position: [ 0.09015835 -0.42572755  1.58425176] - angle: -1.481157572074168
2026-01-20 16:23:06,365 - position: [ 0.09274545 -0.42467022  1.58260989] - angle: -1.4771957966818356
2026-01-20 16:23:06,637 - position: [ 0.09977087 -0.42447326  1.57989109] - angle: -1.4779287092518474
2026-01-20 16:23:06,915 - position: [ 0.10564765 -0.42790306  1.57909238] - angle: -1.4813758085450988
2026-01-20 16:23:07,135 - position: [ 0.10829307 -0.43250641  1.57967067] - angle: -1.4804535007507384
2026-01-20 16:23:07,423 - position: [ 0.10871337 -0.43379852  1.57985365] - angle: -1.4809014005613372
2026-01-20 16:23:07,650 - position: [ 0.10782061 -0.43390608  1.58123112] - angle: -1.4808703237620335
2026-01-20 16:23:07,860 - position: [ 0.10482318 -0.43281722  1.58302534] - angle: -1.4799891567764951
2026-01-20 16:23:08,088 - position: [ 0.10320228 -0.43208662  1.58397305] - angle: -1.4767227603495794
2026-01-20 16:23:08,295 - position: [ 0.09845578 -0.43022916  1.58899021] - angle: -1.4799456821273362
2026-01-20 16:23:08,568 - position: [ 0.09521879 -0.42975405  1.59196413] - angle: -1.4753939778178942
2026-01-20 16:23:08,791 - position: [ 0.09423411 -0.43141824  1.59529531] - angle: -1.478435254855372
2026-01-20 16:23:09,070 - position: [ 0.09381875 -0.43546519  1.59723318] - angle: -1.4740929382736296
2026-01-20 16:23:09,298 - position: [ 0.09353854 -0.44117054  1.59737086] - angle: -1.4739225360938844
2026-01-20 16:23:09,510 - position: [ 0.0930367  -0.4438116   1.59749496] - angle: -1.4740774349807007
2026-01-20 16:23:09,720 - position: [ 0.09237128 -0.44553232  1.59786427] - angle: -1.4737926342213998
2026-01-20 16:23:09,959 - position: [ 0.09245352 -0.44563621  1.59801078] - angle: -1.473858096026062
2026-01-20 16:23:10,205 - position: [ 0.09418979 -0.4460085   1.59817839] - angle: -1.4783213240296225
2026-01-20 16:23:10,408 - position: [ 0.09708166 -0.44621709  1.59812355] - angle: -1.4780257552972293
2026-01-20 16:23:10,617 - position: [ 0.10046818 -0.44687089  1.59792888] - angle: -1.477531314349532
2026-01-20 16:23:10,912 - position: [ 0.10282248 -0.4479745   1.59798288] - angle: -1.4731103252666102
2026-01-20 16:23:11,213 - position: [ 0.11275478 -0.45987791  1.59489036] - angle: -1.4765604655575748
2026-01-20 16:23:11,488 - position: [ 0.11313723 -0.46290055  1.59443712] - angle: -1.4724479642334467
2026-01-20 16:23:11,709 - position: [ 0.11313723 -0.46290055  1.59443712] - angle: -1.4724479642334467
2026-01-20 16:23:11,948 - position: [ 0.11402949 -0.46695945  1.59360409] - angle: -1.4729505516964547
2026-01-20 16:23:12,185 - position: [ 0.11470447 -0.46796641  1.59321368] - angle: -1.4764930987879716
2026-01-20 16:23:12,411 - position: [ 0.11475033 -0.46852246  1.59317887] - angle: -1.4761562570403868
2026-01-20 16:23:12,630 - position: [ 0.11475033 -0.46852246  1.59317887] - angle: -1.4761562570403868
2026-01-20 16:23:12,876 - position: [ 0.11448759 -0.47043341  1.59294736] - angle: -1.47211127638966
2026-01-20 16:23:13,112 - position: [ 0.11535764 -0.47510505  1.592363  ] - angle: -1.4762955213877498
2026-01-20 16:23:13,376 - position: [ 0.11721063 -0.4850626   1.59288073] - angle: -1.4757259872517459
2026-01-20 16:23:13,619 - position: [ 0.11713993 -0.48637706  1.5937947 ] - angle: -1.472173543689126
2026-01-20 16:23:13,852 - position: [ 0.11745674 -0.48668346  1.59435868] - angle: -1.4720304078824045
2026-01-20 16:23:14,085 - position: [ 0.11964164 -0.47922117  1.60005856] - angle: -1.47587584427278
2026-01-20 16:23:14,395 - position: [ 0.12041515 -0.46384135  1.60441244] - angle: -1.472951245360143
2026-01-20 16:23:14,629 - position: [ 0.12045196 -0.46361455  1.60432291] - angle: -1.4729290730049631
2026-01-20 16:23:14,845 - position: [ 0.12033727 -0.46349049  1.60402024] - angle: -1.4729847310648867
2026-01-20 16:23:15,088 - position: [ 0.1200864  -0.46389145  1.60338318] - angle: -1.4731500557058057
2026-01-20 16:23:15,361 - position: [ 0.11887421 -0.46638641  1.59843123] - angle: -1.4705367635726727
2026-01-20 16:23:15,612 - position: [ 0.11887421 -0.46638641  1.59843123] - angle: -1.4705367635726727
2026-01-20 16:23:15,825 - position: [ 0.11599346 -0.47061339  1.59012938] - angle: -1.4738521400990492
2026-01-20 16:23:16,073 - position: [ 0.1141834  -0.47113365  1.58878601] - angle: -1.469707555517613
2026-01-20 16:23:16,315 - position: [ 0.11372463 -0.47140929  1.58805263] - angle: -1.4694919503135142
2026-01-20 16:23:16,547 - position: [ 0.10706653 -0.47374406  1.58182609] - angle: -1.4686778749187366
2026-01-20 16:23:16,797 - position: [ 0.10753138 -0.47615418  1.57906806] - angle: -1.4661502932124608
2026-01-20 16:23:17,118 - position: [ 0.10977457 -0.47693133  1.57174087] - angle: -1.4706784989042365
2026-01-20 16:23:17,394 - position: [ 0.10583667 -0.46156579  1.56604826] - angle: -1.4704865298768768
2026-01-20 16:23:17,626 - position: [ 0.10152246 -0.4465571   1.5575881 ] - angle: -1.4721707272995244
2026-01-20 16:23:17,840 - position: [ 0.09905828 -0.44535205  1.55577707] - angle: -1.4721453953323533
2026-01-20 16:23:18,084 - position: [ 0.09905828 -0.44535205  1.55577707] - angle: -1.4721453953323533
2026-01-20 16:23:18,318 - position: [ 0.09239791 -0.44277161  1.55301285] - angle: -1.4711936729937194
2026-01-20 16:23:18,568 - position: [ 0.08429062 -0.43872344  1.5521785 ] - angle: -1.4709527136050746
2026-01-20 16:23:18,867 - position: [ 0.08002092 -0.43551406  1.55386448] - angle: -1.4709775776171088
2026-01-20 16:23:19,132 - position: [ 0.0769228  -0.43284658  1.55717325] - angle: -1.471567833202093
2026-01-20 16:23:19,367 - position: [ 0.07297324 -0.43083712  1.56311285] - angle: -1.470167849659755
2026-01-20 16:23:19,694 - position: [ 0.07036439 -0.43042585  1.56679332] - angle: -1.4699914112104513
2026-01-20 16:23:19,931 - position: [ 0.07027435 -0.42978016  1.56913149] - angle: -1.468779134636566
2026-01-20 16:23:20,155 - position: [ 0.07069486 -0.42951912  1.57042968] - angle: -1.4692122816755893
2026-01-20 16:23:20,379 - position: [ 0.07140029 -0.42960587  1.57375562] - angle: -1.469355353805689
2026-01-20 16:23:20,583 - position: [ 0.07040027 -0.43176663  1.58510399] - angle: -1.4634500266845025
2026-01-20 16:23:20,798 - position: [ 0.06886312 -0.43201661  1.58993745] - angle: -1.46283367448051
2026-01-20 16:23:21,015 - position: [ 0.06846662 -0.43231687  1.59244609] - angle: -1.4670344107851268
2026-01-20 16:23:21,232 - position: [ 0.06530582 -0.43232974  1.59945107] - angle: -1.4672407177958444
2026-01-20 16:23:21,474 - position: [ 0.06629263 -0.43472505  1.60313916] - angle: -1.4675921617620555
2026-01-20 16:23:21,702 - position: [ 0.06820156 -0.43630937  1.6035732 ] - angle: -1.4675119184750898
2026-01-20 16:23:21,935 - position: [ 0.071302   -0.43817648  1.60378826] - angle: -1.466440387134171
2026-01-20 16:23:22,163 - position: [ 0.07203881 -0.43854907  1.60446727] - angle: -1.4622041629773603
2026-01-20 16:23:22,450 - position: [ 0.07480304 -0.43988663  1.60521555] - angle: -1.4662807349516491
2026-01-20 16:23:22,656 - position: [ 0.07878358 -0.44350424  1.61002934] - angle: -1.4641310805433405
2026-01-20 16:23:22,942 - position: [ 0.08048459 -0.44690329  1.61432159] - angle: -1.4658387246832674
2026-01-20 16:23:23,203 - position: [ 0.08100327 -0.45081204  1.61956251] - angle: -1.4659202026627858
2026-01-20 16:23:23,411 - position: [ 0.08084308 -0.45597818  1.62727737] - angle: -1.4634563150049966
2026-01-20 16:23:23,614 - position: [ 0.083704   -0.4595882   1.63760102] - angle: -1.4623129175651743
2026-01-20 16:23:23,857 - position: [ 0.08717827 -0.45716202  1.64709783] - angle: -1.4628119261256525
2026-01-20 16:23:24,073 - position: [ 0.08715017 -0.45634916  1.64832675] - angle: -1.4625352200058859
2026-01-20 16:23:24,300 - position: [ 0.08686862 -0.45548582  1.6492306 ] - angle: -1.461632263821293
2026-01-20 16:23:24,583 - position: [ 0.08674748 -0.45419985  1.65079868] - angle: -1.4612520032032967
2026-01-20 16:23:24,795 - position: [ 0.08676025 -0.45284167  1.65234113] - angle: -1.461967561598216
2026-01-20 16:23:25,013 - position: [ 0.08657216 -0.45071018  1.65413189] - angle: -1.4618473427952692
2026-01-20 16:23:25,307 - position: [ 0.08592816 -0.44721824  1.65576518] - angle: -1.460627307884193
2026-01-20 16:23:25,564 - position: [ 0.08489369 -0.43671057  1.65573108] - angle: -1.4606817071688898
2026-01-20 16:23:25,787 - position: [ 0.0924493  -0.42275479  1.6524955 ] - angle: -1.4603563459269449
2026-01-20 16:23:26,089 - position: [ 0.09522404 -0.41223443  1.64972067] - angle: -1.458698964082382
2026-01-20 16:23:26,324 - position: [ 0.09533497 -0.41110957  1.6494447 ] - angle: -1.4584236953602159
2026-01-20 16:23:26,558 - position: [ 0.09176295 -0.4060649   1.64745843] - angle: -1.457988283438847
2026-01-20 16:23:26,809 - position: [ 0.08718109 -0.41062665  1.64601195] - angle: -1.4578327399467472
2026-01-20 16:23:27,049 - position: [ 0.08431741 -0.4129537   1.6454109 ] - angle: -1.4573903230879033
2026-01-20 16:23:27,291 - position: [ 0.08271891 -0.4146187   1.64497232] - angle: -1.4574301310675608
2026-01-20 16:23:27,541 - position: [ 0.08093905 -0.41699123  1.64394999] - angle: -1.4563750471661754
2026-01-20 16:23:27,824 - position: [ 0.07991084 -0.42104909  1.64162254] - angle: -1.4565953204741748
2026-01-20 16:23:28,062 - position: [ 0.07825772 -0.42431387  1.63836622] - angle: -1.4553725519258038
2026-01-20 16:23:28,343 - position: [ 0.07801809 -0.42533225  1.63711166] - angle: -1.4566503241092628
2026-01-20 16:23:28,558 - position: [ 0.07775096 -0.42577854  1.63644063] - angle: -1.4564321435793763
2026-01-20 16:23:28,861 - position: [ 0.08017811 -0.42726243  1.62622845] - angle: -1.4553917917553214
2026-01-20 16:23:29,123 - position: [ 0.0812003  -0.4278197   1.62195098] - angle: -1.4533610608133594
2026-01-20 16:23:29,351 - position: [ 0.08215044 -0.42698687  1.61927509] - angle: -1.4542526673876592
2026-01-20 16:23:29,572 - position: [ 0.0822088  -0.42670041  1.61924648] - angle: -1.454105426730973
2026-01-20 16:23:29,804 - position: [ 0.08409997 -0.42502776  1.61965406] - angle: -1.4540012739400812
2026-01-20 16:23:30,062 - position: [ 0.08414175 -0.42480835  1.61972404] - angle: -1.4535100463062385
2026-01-20 16:23:30,266 - position: [ 0.08542828 -0.42271829  1.619766  ] - angle: -1.453852061702606
2026-01-20 16:23:30,509 - position: [ 0.08693577 -0.42048395  1.62023401] - angle: -1.45407887527637
2026-01-20 16:23:30,737 - position: [ 0.08762474 -0.4193061   1.62051642] - angle: -1.4527860058855255
2026-01-20 16:23:30,954 - position: [ 0.0904275  -0.41713151  1.62213135] - angle: -1.4530297093492957
2026-01-20 16:23:31,173 - position: [ 0.09664491 -0.41384751  1.62803876] - angle: -1.453593880816154
2026-01-20 16:23:31,404 - position: [ 0.1014322  -0.40972978  1.63410556] - angle: -1.4522491617939481
2026-01-20 16:23:31,634 - position: [ 0.10287964 -0.40617463  1.63635337] - angle: -1.4529620758537458
2026-01-20 16:23:31,886 - position: [ 0.10354363 -0.40392274  1.63728642] - angle: -1.4519369665391295
2026-01-20 16:23:32,132 - position: [ 0.10396101 -0.39791462  1.63805079] - angle: -1.4519651475441502
2026-01-20 16:23:32,387 - position: [ 0.10447477 -0.39471829  1.63765287] - angle: -1.4511563398174352
2026-01-20 16:23:32,621 - position: [ 0.10488678 -0.39399266  1.63755381] - angle: -1.4511876516974187
2026-01-20 16:23:32,908 - position: [ 0.10665932 -0.39370549  1.6360482 ] - angle: -1.4504225694591284
2026-01-20 16:23:33,141 - position: [ 0.10692024 -0.39599535  1.6348772 ] - angle: -1.4505211447274142
2026-01-20 16:23:33,352 - position: [ 0.10682761 -0.39708835  1.63433981] - angle: -1.4497626112605584
2026-01-20 16:23:33,566 - position: [ 0.10656114 -0.400148    1.63294804] - angle: -1.4496609870137727
2026-01-20 16:23:33,832 - position: [ 0.10411467 -0.4053708   1.63037026] - angle: -1.4482852721708346
2026-01-20 16:23:34,088 - position: [ 0.10309424 -0.4083463   1.62819266] - angle: -1.4479421740211156
2026-01-20 16:23:34,312 - position: [ 0.10352877 -0.40986574  1.62718344] - angle: -1.448167400527069
2026-01-20 16:23:34,554 - position: [ 0.10487909 -0.41020146  1.62758446] - angle: -1.4475486602785486
2026-01-20 16:23:34,792 - position: [ 0.10628255 -0.41005173  1.62874424] - angle: -1.4480979716097213
2026-01-20 16:23:35,085 - position: [ 0.11086579 -0.41015732  1.63212907] - angle: -1.4465640467801304
2026-01-20 16:23:35,319 - position: [ 0.11433352 -0.41214293  1.63297391] - angle: -1.4454970282271198
2026-01-20 16:23:35,558 - position: [ 0.11757199 -0.41690037  1.63205218] - angle: -1.4452677375234573
2026-01-20 16:23:35,778 - position: [ 0.11893009 -0.41958341  1.63130355] - angle: -1.445824659519095
2026-01-20 16:23:36,033 - position: [ 0.1223526  -0.42829219  1.62743986] - angle: -1.4445690545723187
2026-01-20 16:23:36,246 - position: [ 0.12315825 -0.43253928  1.6250037 ] - angle: -1.444659260416402
2026-01-20 16:23:36,471 - position: [ 0.12269781 -0.43614271  1.62331629] - angle: -1.4445363930920432
2026-01-20 16:23:36,726 - position: [ 0.12122014 -0.4413425   1.62194586] - angle: -1.4444265879095255
2026-01-20 16:23:36,956 - position: [ 0.12061715 -0.44266617  1.6216259 ] - angle: -1.4439550193049375
2026-01-20 16:23:37,179 - position: [ 0.12054915 -0.44280624  1.6215899 ] - angle: -1.4436692624286152
2026-01-20 16:23:37,403 - position: [ 0.11940408 -0.44521868  1.62086725] - angle: -1.4430596316296924
2026-01-20 16:23:37,657 - position: [ 0.11778913 -0.44830257  1.61966586] - angle: -1.4437457241680236
2026-01-20 16:23:37,874 - position: [ 0.1168942  -0.44938013  1.61906314] - angle: -1.4432508372004516
2026-01-20 16:23:38,099 - position: [ 0.11597767 -0.45057163  1.61859608] - angle: -1.442771004633486
2026-01-20 16:23:38,314 - position: [ 0.11658159 -0.45891657  1.61731052] - angle: -1.44183619858901
2026-01-20 16:23:38,563 - position: [ 0.1222261  -0.46526951  1.61577094] - angle: -1.4423942657883964
2026-01-20 16:23:38,772 - position: [ 0.12448691 -0.46737233  1.61515284] - angle: -1.4419893631172251
2026-01-20 16:23:39,024 - position: [ 0.12561555 -0.47100285  1.61430192] - angle: -1.4417958703268212
2026-01-20 16:23:39,253 - position: [ 0.12429027 -0.47160375  1.61381745] - angle: -1.440831399096668
2026-01-20 16:23:39,483 - position: [ 0.12208232 -0.47101218  1.61183298] - angle: -1.440192363618682
2026-01-20 16:23:39,724 - position: [ 0.11893392 -0.47066072  1.60901833] - angle: -1.4402417911191545
2026-01-20 16:23:40,073 - position: [ 0.1144514  -0.46972516  1.6031673 ] - angle: -1.4393432959269523
2026-01-20 16:23:40,315 - position: [ 0.11332804 -0.46714759  1.60053778] - angle: -1.4415068780292555
2026-01-20 16:23:40,556 - position: [ 0.11308476 -0.4655512   1.59938765] - angle: -1.4417384125143928
2026-01-20 16:23:40,772 - position: [ 0.11338318 -0.46477547  1.59837675] - angle: -1.4416084135333254
2026-01-20 16:23:40,991 - position: [ 0.11414384 -0.46626711  1.59848785] - angle: -1.4401587967487526
2026-01-20 16:23:41,231 - position: [ 0.11595411 -0.46945584  1.59848154] - angle: -1.4401003396683723
2026-01-20 16:23:41,451 - position: [ 0.11593205 -0.47172856  1.59773517] - angle: -1.4406819489531393
2026-01-20 16:23:41,678 - position: [ 0.11553717 -0.4729785   1.59699714] - angle: -1.4398283503298908
2026-01-20 16:23:41,923 - position: [ 0.11647178 -0.4754712   1.59632242] - angle: -1.43963171532612
2026-01-20 16:23:42,127 - position: [ 0.11673574 -0.47640222  1.59601891] - angle: -1.4390398521742904
2026-01-20 16:23:42,350 - position: [ 0.1172372  -0.47540936  1.59676373] - angle: -1.4388089820397285
2026-01-20 16:23:42,561 - position: [ 0.11760032 -0.47380576  1.59739077] - angle: -1.4397562713823113
2026-01-20 16:23:42,788 - position: [ 0.11689094 -0.46532467  1.59821784] - angle: -1.439155072368592
2026-01-20 16:23:43,026 - position: [ 0.11538316 -0.46053925  1.59798956] - angle: -1.4385002507886648
2026-01-20 16:23:43,273 - position: [ 0.11256929 -0.45487571  1.59714973] - angle: -1.4377313288863403
2026-01-20 16:23:43,500 - position: [ 0.10418821 -0.44286206  1.59311879] - angle: -1.4378553234060383
2026-01-20 16:23:43,759 - position: [ 0.10297818 -0.43811592  1.5890795 ] - angle: -1.4379700215766151
2026-01-20 16:23:43,981 - position: [ 0.10368267 -0.43530872  1.58687782] - angle: -1.437649432606718
2026-01-20 16:23:44,246 - position: [ 0.10434131 -0.43117726  1.58412182] - angle: -1.4371751836758966
2026-01-20 16:23:44,487 - position: [ 0.10441382 -0.4251934   1.58201504] - angle: -1.437472888626878
2026-01-20 16:23:44,710 - position: [ 0.10370513 -0.41959548  1.58078194] - angle: -1.4364324081826352
2026-01-20 16:23:44,961 - position: [ 0.10343258 -0.41770872  1.5805707 ] - angle: -1.4368639428880332
2026-01-20 16:23:45,186 - position: [ 0.1025997  -0.41209152  1.58127189] - angle: -1.4371959028394885
2026-01-20 16:23:45,456 - position: [ 0.10226888 -0.41128168  1.58533955] - angle: -1.43732811103912
2026-01-20 16:23:45,681 - position: [ 0.10089911 -0.41639504  1.5917114 ] - angle: -1.4363608069298524
2026-01-20 16:23:45,961 - position: [ 0.09983599 -0.42072213  1.59589231] - angle: -1.4374526118529274
2026-01-20 16:23:46,194 - position: [ 0.09995106 -0.42262873  1.59881186] - angle: -1.4360268094911817
2026-01-20 16:23:46,431 - position: [ 0.10083017 -0.42282757  1.59998417] - angle: -1.4358643844771768
2026-01-20 16:23:46,722 - position: [ 0.10270266 -0.42222163  1.60152626] - angle: -1.4348594019664507
2026-01-20 16:23:47,002 - position: [ 0.10442515 -0.42108718  1.60346019] - angle: -1.4360272864293777
2026-01-20 16:23:47,285 - position: [ 0.10783317 -0.42267853  1.60658288] - angle: -1.4344364452475613
2026-01-20 16:23:47,528 - position: [ 0.10812716 -0.42512926  1.60676026] - angle: -1.4358820020796164
2026-01-20 16:23:47,729 - position: [ 0.10791377 -0.42657119  1.60668159] - angle: -1.4348150567373974
2026-01-20 16:23:47,965 - position: [ 0.10835735 -0.42771757  1.606668  ] - angle: -1.4348961461668233
2026-01-20 16:23:48,194 - position: [ 0.11156664 -0.42731461  1.607656  ] - angle: -1.4332522438351991
2026-01-20 16:23:48,441 - position: [ 0.11102006 -0.42763039  1.60785556] - angle: -1.4338506339567925
2026-01-20 16:23:48,665 - position: [ 0.10958431 -0.43000758  1.60838223] - angle: -1.4336441533528834
2026-01-20 16:23:48,883 - position: [ 0.11042269 -0.43084881  1.60894024] - angle: -1.4342217071218424
2026-01-20 16:23:49,105 - position: [ 0.11056025 -0.43165493  1.60995245] - angle: -1.4338868373343283
2026-01-20 16:23:49,342 - position: [ 0.10894528 -0.43466842  1.61321294] - angle: -1.4346309030265827
2026-01-20 16:23:49,616 - position: [ 0.10904163 -0.43410614  1.6159966 ] - angle: -1.4331859901951542
2026-01-20 16:23:49,828 - position: [ 0.10971178 -0.43366891  1.61797047] - angle: -1.433134176576865
2026-01-20 16:23:50,088 - position: [ 0.10900863 -0.43354428  1.61913526] - angle: -1.4331874028422016
2026-01-20 16:23:50,388 - position: [ 0.1086049  -0.43441683  1.6202966 ] - angle: -1.4326203060479594
2026-01-20 16:23:50,656 - position: [ 0.11076823 -0.44006324  1.62149   ] - angle: -1.4322846468582986
2026-01-20 16:23:50,873 - position: [ 0.10888079 -0.44506836  1.62068105] - angle: -1.431096771556803
2026-01-20 16:23:51,083 - position: [ 0.10763767 -0.44709671  1.62042344] - angle: -1.4308361685237343
2026-01-20 16:23:51,299 - position: [ 0.1074635  -0.44742757  1.62046099] - angle: -1.4309346352131311
2026-01-20 16:23:51,523 - position: [ 0.10646327 -0.44979385  1.62057722] - angle: -1.430808286188149
2026-01-20 16:23:51,751 - position: [ 0.10615466 -0.45129141  1.62096858] - angle: -1.4310358082870391
2026-01-20 16:23:51,995 - position: [ 0.10781506 -0.45533651  1.62205291] - angle: -1.4305613565510007
2026-01-20 16:23:52,242 - position: [ 0.11251491 -0.45617652  1.62236798] - angle: -1.4306240870917262
2026-01-20 16:23:52,549 - position: [ 0.11613262 -0.45504799  1.62223899] - angle: -1.430069226488853
2026-01-20 16:23:52,771 - position: [ 0.11949427 -0.45329955  1.62172604] - angle: -1.4299697287828508
2026-01-20 16:23:52,989 - position: [ 0.12121753 -0.45272619  1.62094605] - angle: -1.4304598980617342
2026-01-20 16:23:53,235 - position: [ 0.12183276 -0.45381767  1.62009823] - angle: -1.4297037816364924
2026-01-20 16:23:53,465 - position: [ 0.12169521 -0.4550634   1.61982095] - angle: -1.4300329345589806
2026-01-20 16:23:53,704 - position: [ 0.12138773 -0.45753983  1.61951399] - angle: -1.4301598288894422
2026-01-20 16:23:53,977 - position: [ 0.12353265 -0.46026298  1.61862981] - angle: -1.4303288425041947
2026-01-20 16:23:54,211 - position: [ 0.11658974 -0.44895604  1.61594653] - angle: -1.4291742102148
2026-01-20 16:23:54,433 - position: [ 0.11402393 -0.44613227  1.61522532] - angle: -1.4295716269568355
2026-01-20 16:23:54,699 - position: [ 0.11064633 -0.44154668  1.61365688] - angle: -1.4291773854544978
2026-01-20 16:23:54,933 - position: [ 0.10920891 -0.43740696  1.61267686] - angle: -1.4292635888760379
2026-01-20 16:23:55,184 - position: [ 0.11377615 -0.43300495  1.61209309] - angle: -1.4282494587967176
2026-01-20 16:23:55,385 - position: [ 0.11771885 -0.4319331   1.61212993] - angle: -1.4282795573142129
2026-01-20 16:23:55,631 - position: [ 0.12434542 -0.4307436   1.61257064] - angle: -1.427927246731338
2026-01-20 16:23:55,895 - position: [ 0.12686267 -0.43057853  1.61164021] - angle: -1.4277730753617082
2026-01-20 16:23:56,134 - position: [ 0.12737536 -0.4311119   1.6100775 ] - angle: -1.427523806658658
2026-01-20 16:23:56,383 - position: [ 0.12705597 -0.4320465   1.60938752] - angle: -1.427104153681083
2026-01-20 16:23:56,633 - position: [ 0.12510845 -0.4349505   1.60959947] - angle: -1.4273247011195531
2026-01-20 16:23:56,891 - position: [ 0.12459525 -0.43443513  1.60994101] - angle: -1.4279114701263316
