2026-01-20 16:09:58,487 - position: [0. 0. 0.]
2026-01-20 16:09:58,780 - position: [0. 0. 0.]
2026-01-20 16:09:59,037 - position: [0. 0. 0.]
2026-01-20 16:09:59,258 - position: [0. 0. 0.]
2026-01-20 16:09:59,503 - position: [0. 0. 0.]
2026-01-20 16:09:59,729 - position: [0. 0. 0.]
2026-01-20 16:09:59,979 - position: [0. 0. 0.]
2026-01-20 16:10:00,216 - position: [0. 0. 0.]
2026-01-20 16:10:00,469 - position: [0. 0. 0.]
2026-01-20 16:10:00,692 - position: [0. 0. 0.]
2026-01-20 16:10:00,910 - position: [0. 0. 0.]
2026-01-20 16:10:01,186 - position: [0. 0. 0.]
2026-01-20 16:10:01,452 - position: [0. 0. 0.]
2026-01-20 16:10:01,739 - position: [0. 0. 0.]
2026-01-20 16:10:01,957 - position: [0. 0. 0.]
2026-01-20 16:10:02,215 - position: [0. 0. 0.]
2026-01-20 16:10:02,425 - position: [0. 0. 0.]
2026-01-20 16:10:02,639 - position: [0. 0. 0.]
2026-01-20 16:10:02,890 - position: [0. 0. 0.]
2026-01-20 16:10:03,184 - position: [0. 0. 0.]
2026-01-20 16:10:03,409 - position: [0. 0. 0.]
2026-01-20 16:10:03,655 - position: [0. 0. 0.]
2026-01-20 16:10:03,910 - position: [0. 0. 0.]
2026-01-20 16:10:04,151 - position: [0. 0. 0.]
2026-01-20 16:10:04,366 - position: [0. 0. 0.]
2026-01-20 16:10:04,624 - position: [0. 0. 0.]
2026-01-20 16:10:04,878 - position: [0. 0. 0.]
2026-01-20 16:10:05,120 - position: [0. 0. 0.]
2026-01-20 16:10:05,398 - position: [0. 0. 0.]
2026-01-20 16:10:05,611 - position: [0. 0. 0.]
2026-01-20 16:10:05,818 - position: [0. 0. 0.]
2026-01-20 16:10:06,059 - position: [0. 0. 0.]
2026-01-20 16:10:06,284 - position: [0. 0. 0.]
2026-01-20 16:10:06,521 - position: [0. 0. 0.]
2026-01-20 16:10:06,776 - position: [0. 0. 0.]
2026-01-20 16:10:07,047 - position: [0. 0. 0.]
2026-01-20 16:10:07,336 - position: [0. 0. 0.]
2026-01-20 16:10:07,617 - position: [0. 0. 0.]
2026-01-20 16:10:07,842 - position: [0. 0. 0.]
2026-01-20 16:10:08,102 - position: [0. 0. 0.]
2026-01-20 16:10:08,341 - position: [0. 0. 0.]
2026-01-20 16:10:08,618 - position: [0. 0. 0.]
2026-01-20 16:10:08,849 - position: [0. 0. 0.]
2026-01-20 16:10:09,065 - position: [0. 0. 0.]
2026-01-20 16:10:09,278 - position: [0. 0. 0.]
2026-01-20 16:10:09,524 - position: [0. 0. 0.]
2026-01-20 16:10:09,758 - position: [0. 0. 0.]
2026-01-20 16:10:09,990 - position: [0. 0. 0.]
2026-01-20 16:10:10,230 - position: [0. 0. 0.]
2026-01-20 16:10:10,436 - position: [0. 0. 0.]
2026-01-20 16:10:10,668 - position: [0. 0. 0.]
2026-01-20 16:10:10,879 - position: [0. 0. 0.]
2026-01-20 16:10:11,092 - position: [0. 0. 0.]
2026-01-20 16:10:11,354 - position: [0. 0. 0.]
2026-01-20 16:10:11,585 - position: [0. 0. 0.]
2026-01-20 16:10:11,959 - position: [0. 0. 0.]
2026-01-20 16:10:12,214 - position: [0. 0. 0.]
2026-01-20 16:10:12,442 - position: [0. 0. 0.]
2026-01-20 16:10:12,709 - position: [0. 0. 0.]
2026-01-20 16:10:12,923 - position: [0. 0. 0.]
2026-01-20 16:10:13,205 - position: [0. 0. 0.]
2026-01-20 16:10:13,489 - position: [0. 0. 0.]
2026-01-20 16:10:13,707 - position: [0. 0. 0.]
2026-01-20 16:10:13,965 - position: [0. 0. 0.]
2026-01-20 16:10:14,231 - position: [0. 0. 0.]
2026-01-20 16:10:14,557 - position: [0. 0. 0.]
2026-01-20 16:10:14,901 - position: [0. 0. 0.]
2026-01-20 16:10:15,137 - position: [0. 0. 0.]
2026-01-20 16:10:15,365 - position: [0. 0. 0.]
2026-01-20 16:10:15,613 - position: [0. 0. 0.]
2026-01-20 16:10:15,903 - position: [0. 0. 0.]
2026-01-20 16:10:16,214 - position: [0. 0. 0.]
2026-01-20 16:10:16,430 - position: [0. 0. 0.]
2026-01-20 16:10:16,662 - position: [0. 0. 0.]
2026-01-20 16:10:16,930 - position: [0. 0. 0.]
2026-01-20 16:10:17,170 - position: [0. 0. 0.]
2026-01-20 16:10:17,422 - position: [0. 0. 0.]
2026-01-20 16:10:17,710 - position: [0. 0. 0.]
2026-01-20 16:10:17,948 - position: [0. 0. 0.]
2026-01-20 16:10:18,160 - position: [0. 0. 0.]
2026-01-20 16:10:18,421 - position: [0. 0. 0.]
2026-01-20 16:10:18,665 - position: [0. 0. 0.]
2026-01-20 16:10:18,955 - position: [0. 0. 0.]
2026-01-20 16:10:19,203 - position: [0. 0. 0.]
2026-01-20 16:10:19,440 - position: [0. 0. 0.]
2026-01-20 16:10:19,678 - position: [0. 0. 0.]
2026-01-20 16:10:19,927 - position: [0. 0. 0.]
2026-01-20 16:10:20,177 - position: [0. 0. 0.]
2026-01-20 16:10:20,485 - position: [0. 0. 0.]
2026-01-20 16:10:20,735 - position: [0. 0. 0.]
2026-01-20 16:10:20,942 - position: [0. 0. 0.]
2026-01-20 16:10:21,226 - position: [0. 0. 0.]
2026-01-20 16:10:21,438 - position: [0. 0. 0.]
2026-01-20 16:10:21,679 - position: [0. 0. 0.]
2026-01-20 16:10:21,930 - position: [0. 0. 0.]
2026-01-20 16:10:22,184 - position: [0. 0. 0.]
2026-01-20 16:10:22,473 - position: [0. 0. 0.]
2026-01-20 16:10:22,721 - position: [0. 0. 0.]
2026-01-20 16:10:22,943 - position: [0. 0. 0.]
2026-01-20 16:10:23,191 - position: [0. 0. 0.]
2026-01-20 16:10:23,436 - position: [0. 0. 0.]
2026-01-20 16:10:23,658 - position: [0. 0. 0.]
2026-01-20 16:10:23,899 - position: [0. 0. 0.]
2026-01-20 16:10:24,134 - position: [0. 0. 0.]
2026-01-20 16:10:24,358 - position: [0. 0. 0.]
2026-01-20 16:10:24,590 - position: [0. 0. 0.]
2026-01-20 16:10:24,866 - position: [0. 0. 0.]
2026-01-20 16:10:25,094 - position: [0. 0. 0.]
2026-01-20 16:10:25,396 - position: [0. 0. 0.]
2026-01-20 16:10:25,647 - position: [0. 0. 0.]
2026-01-20 16:10:25,864 - position: [0. 0. 0.]
2026-01-20 16:10:26,111 - position: [0. 0. 0.]
2026-01-20 16:10:26,394 - position: [0. 0. 0.]
2026-01-20 16:10:26,651 - position: [0. 0. 0.]
2026-01-20 16:10:26,913 - position: [0. 0. 0.]
2026-01-20 16:10:27,183 - position: [0. 0. 0.]
2026-01-20 16:10:27,487 - position: [0. 0. 0.]
2026-01-20 16:10:27,754 - position: [0. 0. 0.]
2026-01-20 16:10:27,975 - position: [0. 0. 0.]
2026-01-20 16:10:28,257 - position: [0. 0. 0.]
2026-01-20 16:10:28,641 - position: [0. 0. 0.]
2026-01-20 16:10:28,890 - position: [0. 0. 0.]
2026-01-20 16:10:29,121 - position: [0. 0. 0.]
2026-01-20 16:10:29,396 - position: [0. 0. 0.]
2026-01-20 16:10:29,643 - position: [0. 0. 0.]
2026-01-20 16:10:29,867 - position: [0. 0. 0.]
2026-01-20 16:10:30,112 - position: [0. 0. 0.]
2026-01-20 16:10:30,341 - position: [0. 0. 0.]
2026-01-20 16:10:30,585 - position: [0. 0. 0.]
2026-01-20 16:10:30,852 - position: [0. 0. 0.]
2026-01-20 16:10:31,107 - position: [0. 0. 0.]
2026-01-20 16:10:31,339 - position: [0. 0. 0.]
2026-01-20 16:10:31,556 - position: [0. 0. 0.]
2026-01-20 16:10:31,835 - position: [0. 0. 0.]
2026-01-20 16:10:32,074 - position: [0. 0. 0.]
2026-01-20 16:10:32,316 - position: [0. 0. 0.]
2026-01-20 16:10:32,595 - position: [0. 0. 0.]
2026-01-20 16:10:32,886 - position: [0. 0. 0.]
2026-01-20 16:10:33,107 - position: [ 0.0139228  -1.24251449  0.21400571]
2026-01-20 16:10:33,310 - position: [ 0.01623586 -1.241539    0.21747129]
2026-01-20 16:10:33,529 - position: [ 0.01929365 -1.23353982  0.21989712]
2026-01-20 16:10:33,748 - position: [ 0.02229879 -1.22992778  0.22223367]
2026-01-20 16:10:33,990 - position: [-0.00356111 -1.2430644   0.19198652]
2026-01-20 16:10:34,291 - position: [-0.00356111 -1.2430644   0.19198652]
2026-01-20 16:10:34,526 - position: [-0.00356111 -1.2430644   0.19198652]
2026-01-20 16:10:34,768 - position: [-0.00356111 -1.2430644   0.19198652]
2026-01-20 16:10:34,986 - position: [-0.00356111 -1.2430644   0.19198652]
2026-01-20 16:10:35,216 - position: [-0.00356111 -1.2430644   0.19198652]
2026-01-20 16:10:35,442 - position: [-0.00356111 -1.2430644   0.19198652]
2026-01-20 16:10:35,657 - position: [-0.00356111 -1.2430644   0.19198652]
2026-01-20 16:10:35,886 - position: [-0.00356111 -1.2430644   0.19198652]
2026-01-20 16:10:36,118 - position: [-0.00356111 -1.2430644   0.19198652]
2026-01-20 16:10:36,356 - position: [-0.00356111 -1.2430644   0.19198652]
2026-01-20 16:10:36,575 - position: [-0.00356111 -1.2430644   0.19198652]
2026-01-20 16:10:36,818 - position: [-0.00356111 -1.2430644   0.19198652]
2026-01-20 16:10:37,029 - position: [-0.00356111 -1.2430644   0.19198652]
2026-01-20 16:10:37,270 - position: [-0.00356111 -1.2430644   0.19198652]
2026-01-20 16:10:37,493 - position: [-0.00356111 -1.2430644   0.19198652]
2026-01-20 16:10:37,734 - position: [-0.00356111 -1.2430644   0.19198652]
2026-01-20 16:10:37,942 - position: [-0.00356111 -1.2430644   0.19198652]
2026-01-20 16:10:38,183 - position: [-0.00356111 -1.2430644   0.19198652]
2026-01-20 16:10:38,475 - position: [-0.00356111 -1.2430644   0.19198652]
2026-01-20 16:10:38,760 - position: [-0.00356111 -1.2430644   0.19198652]
2026-01-20 16:10:39,009 - position: [-0.00356111 -1.2430644   0.19198652]
2026-01-20 16:10:39,238 - position: [-0.00356111 -1.2430644   0.19198652]
2026-01-20 16:10:39,492 - position: [-0.00356111 -1.2430644   0.19198652]
2026-01-20 16:10:39,724 - position: [-0.00356111 -1.2430644   0.19198652]
2026-01-20 16:10:40,002 - position: [-0.00356111 -1.2430644   0.19198652]
2026-01-20 16:10:40,265 - position: [-0.00356111 -1.2430644   0.19198652]
2026-01-20 16:10:40,498 - position: [-0.00356111 -1.2430644   0.19198652]
2026-01-20 16:10:40,720 - position: [-0.00356111 -1.2430644   0.19198652]
2026-01-20 16:10:40,947 - position: [-0.00356111 -1.2430644   0.19198652]
2026-01-20 16:10:41,226 - position: [-0.00356111 -1.2430644   0.19198652]
2026-01-20 16:10:41,453 - position: [-0.00356111 -1.2430644   0.19198652]
2026-01-20 16:10:41,658 - position: [-0.00356111 -1.2430644   0.19198652]
2026-01-20 16:10:41,900 - position: [-0.00356111 -1.2430644   0.19198652]
2026-01-20 16:10:42,132 - position: [-0.00356111 -1.2430644   0.19198652]
2026-01-20 16:10:42,345 - position: [-0.00356111 -1.2430644   0.19198652]
2026-01-20 16:10:42,567 - position: [-0.00356111 -1.2430644   0.19198652]
2026-01-20 16:10:42,780 - position: [-0.00356111 -1.2430644   0.19198652]
2026-01-20 16:10:43,003 - position: [-0.00356111 -1.2430644   0.19198652]
2026-01-20 16:10:43,254 - position: [-0.00356111 -1.2430644   0.19198652]
2026-01-20 16:10:43,485 - position: [-0.00356111 -1.2430644   0.19198652]
2026-01-20 16:10:43,766 - position: [-0.00356111 -1.2430644   0.19198652]
2026-01-20 16:10:44,009 - position: [-0.00356111 -1.2430644   0.19198652]
2026-01-20 16:10:44,228 - position: [-0.00356111 -1.2430644   0.19198652]
2026-01-20 16:10:44,473 - position: [-0.00356111 -1.2430644   0.19198652]
2026-01-20 16:10:44,775 - position: [-0.00356111 -1.2430644   0.19198652]
2026-01-20 16:10:45,022 - position: [-0.00356111 -1.2430644   0.19198652]
2026-01-20 16:10:45,248 - position: [-0.00356111 -1.2430644   0.19198652]
2026-01-20 16:10:45,487 - position: [-0.00356111 -1.2430644   0.19198652]
2026-01-20 16:10:45,703 - position: [-0.00356111 -1.2430644   0.19198652]
2026-01-20 16:10:45,923 - position: [-0.00356111 -1.2430644   0.19198652]
2026-01-20 16:10:46,261 - position: [-0.00356111 -1.2430644   0.19198652]
2026-01-20 16:10:46,575 - position: [-0.00356111 -1.2430644   0.19198652]
2026-01-20 16:10:46,811 - position: [-0.00356111 -1.2430644   0.19198652]
2026-01-20 16:10:47,076 - position: [-0.00356111 -1.2430644   0.19198652]
2026-01-20 16:10:47,302 - position: [-0.00356111 -1.2430644   0.19198652]
2026-01-20 16:10:47,541 - position: [-0.00356111 -1.2430644   0.19198652]
2026-01-20 16:10:47,772 - position: [-0.00356111 -1.2430644   0.19198652]
2026-01-20 16:10:48,101 - position: [-0.00356111 -1.2430644   0.19198652]
2026-01-20 16:10:48,331 - position: [-0.00356111 -1.2430644   0.19198652]
2026-01-20 16:10:48,570 - position: [-0.00356111 -1.2430644   0.19198652]
2026-01-20 16:10:48,848 - position: [-0.00356111 -1.2430644   0.19198652]
2026-01-20 16:10:49,070 - position: [-0.00356111 -1.2430644   0.19198652]
2026-01-20 16:10:49,312 - position: [-0.00356111 -1.2430644   0.19198652]
2026-01-20 16:10:49,541 - position: [-0.00356111 -1.2430644   0.19198652]
2026-01-20 16:10:49,816 - position: [-0.00356111 -1.2430644   0.19198652]
2026-01-20 16:10:50,044 - position: [-0.00356111 -1.2430644   0.19198652]
2026-01-20 16:10:50,289 - position: [-0.00356111 -1.2430644   0.19198652]
2026-01-20 16:10:50,572 - position: [-0.00356111 -1.2430644   0.19198652]
2026-01-20 16:10:50,808 - position: [-0.00356111 -1.2430644   0.19198652]
2026-01-20 16:10:51,065 - position: [-0.00356111 -1.2430644   0.19198652]
2026-01-20 16:10:51,353 - position: [-0.00356111 -1.2430644   0.19198652]
2026-01-20 16:10:51,578 - position: [-0.00356111 -1.2430644   0.19198652]
2026-01-20 16:10:51,820 - position: [-0.00356111 -1.2430644   0.19198652]
2026-01-20 16:10:52,067 - position: [-0.00356111 -1.2430644   0.19198652]
2026-01-20 16:10:52,304 - position: [-0.00356111 -1.2430644   0.19198652]
2026-01-20 16:10:52,530 - position: [-0.00356111 -1.2430644   0.19198652]
2026-01-20 16:10:52,779 - position: [-0.00356111 -1.2430644   0.19198652]
2026-01-20 16:10:53,056 - position: [-0.00356111 -1.2430644   0.19198652]
2026-01-20 16:10:53,335 - position: [-0.00356111 -1.2430644   0.19198652]
2026-01-20 16:10:53,579 - position: [-0.00356111 -1.2430644   0.19198652]
2026-01-20 16:10:53,827 - position: [-0.00356111 -1.2430644   0.19198652]
2026-01-20 16:10:54,087 - position: [-0.00356111 -1.2430644   0.19198652]
2026-01-20 16:10:54,355 - position: [-0.00356111 -1.2430644   0.19198652]
2026-01-20 16:10:54,563 - position: [-0.00356111 -1.2430644   0.19198652]
2026-01-20 16:10:54,797 - position: [-0.00356111 -1.2430644   0.19198652]
2026-01-20 16:10:55,036 - position: [-0.00356111 -1.2430644   0.19198652]
2026-01-20 16:10:55,247 - position: [-0.00356111 -1.2430644   0.19198652]
2026-01-20 16:10:55,464 - position: [-0.00356111 -1.2430644   0.19198652]
2026-01-20 16:10:55,669 - position: [-0.00356111 -1.2430644   0.19198652]
2026-01-20 16:10:55,956 - position: [-0.00356111 -1.2430644   0.19198652]
2026-01-20 16:10:56,233 - position: [-0.00356111 -1.2430644   0.19198652]
2026-01-20 16:10:56,467 - position: [-0.00356111 -1.2430644   0.19198652]
2026-01-20 16:10:56,755 - position: [-0.00356111 -1.2430644   0.19198652]
2026-01-20 16:10:57,163 - position: [-0.00356111 -1.2430644   0.19198652]
2026-01-20 16:10:57,371 - position: [-0.00356111 -1.2430644   0.19198652]
2026-01-20 16:10:57,665 - position: [-0.00356111 -1.2430644   0.19198652]
2026-01-20 16:10:57,936 - position: [-0.00356111 -1.2430644   0.19198652]
2026-01-20 16:10:58,158 - position: [-0.00356111 -1.2430644   0.19198652]
2026-01-20 16:10:58,377 - position: [-0.00356111 -1.2430644   0.19198652]
2026-01-20 16:10:58,636 - position: [-0.00356111 -1.2430644   0.19198652]
2026-01-20 16:10:58,967 - position: [-0.00356111 -1.2430644   0.19198652]
2026-01-20 16:10:59,248 - position: [-0.00356111 -1.2430644   0.19198652]
2026-01-20 16:10:59,505 - position: [-0.00356111 -1.2430644   0.19198652]
2026-01-20 16:10:59,739 - position: [-0.00356111 -1.2430644   0.19198652]
2026-01-20 16:10:59,951 - position: [-0.00356111 -1.2430644   0.19198652]
2026-01-20 16:11:00,171 - position: [-0.00356111 -1.2430644   0.19198652]
2026-01-20 16:11:00,409 - position: [-0.00356111 -1.2430644   0.19198652]
2026-01-20 16:11:00,690 - position: [-0.00356111 -1.2430644   0.19198652]
2026-01-20 16:11:00,936 - position: [-0.00356111 -1.2430644   0.19198652]
2026-01-20 16:11:01,206 - position: [-0.00356111 -1.2430644   0.19198652]
2026-01-20 16:11:01,459 - position: [-0.00356111 -1.2430644   0.19198652]
2026-01-20 16:11:01,698 - position: [-0.00356111 -1.2430644   0.19198652]
2026-01-20 16:11:02,008 - position: [-0.00356111 -1.2430644   0.19198652]
2026-01-20 16:11:02,246 - position: [-0.00356111 -1.2430644   0.19198652]
2026-01-20 16:11:02,448 - position: [-0.00356111 -1.2430644   0.19198652]
2026-01-20 16:11:02,686 - position: [-0.00356111 -1.2430644   0.19198652]
2026-01-20 16:11:02,912 - position: [-0.00356111 -1.2430644   0.19198652]
2026-01-20 16:11:03,143 - position: [-0.00356111 -1.2430644   0.19198652]
2026-01-20 16:11:03,411 - position: [-0.00356111 -1.2430644   0.19198652]
2026-01-20 16:11:03,703 - position: [-0.00356111 -1.2430644   0.19198652]
2026-01-20 16:11:03,931 - position: [-0.00356111 -1.2430644   0.19198652]
2026-01-20 16:11:04,145 - position: [-0.00356111 -1.2430644   0.19198652]
2026-01-20 16:11:04,384 - position: [-0.00356111 -1.2430644   0.19198652]
2026-01-20 16:11:04,624 - position: [-0.00356111 -1.2430644   0.19198652]
2026-01-20 16:11:04,855 - position: [-0.00356111 -1.2430644   0.19198652]
2026-01-20 16:11:05,134 - position: [-0.00356111 -1.2430644   0.19198652]
2026-01-20 16:11:05,373 - position: [-0.00356111 -1.2430644   0.19198652]
2026-01-20 16:11:05,600 - position: [-0.00356111 -1.2430644   0.19198652]
2026-01-20 16:11:05,812 - position: [-0.00356111 -1.2430644   0.19198652]
2026-01-20 16:11:06,053 - position: [-0.00356111 -1.2430644   0.19198652]
2026-01-20 16:11:06,266 - position: [-0.00356111 -1.2430644   0.19198652]
2026-01-20 16:11:06,509 - position: [-0.00356111 -1.2430644   0.19198652]
2026-01-20 16:11:06,709 - position: [-0.00356111 -1.2430644   0.19198652]
2026-01-20 16:11:06,978 - position: [-0.00356111 -1.2430644   0.19198652]
2026-01-20 16:11:07,212 - position: [-0.00356111 -1.2430644   0.19198652]
2026-01-20 16:11:07,428 - position: [-0.00356111 -1.2430644   0.19198652]
2026-01-20 16:11:07,662 - position: [-0.00356111 -1.2430644   0.19198652]
2026-01-20 16:11:07,921 - position: [-0.00356111 -1.2430644   0.19198652]
2026-01-20 16:11:08,157 - position: [-0.00356111 -1.2430644   0.19198652]
2026-01-20 16:11:08,365 - position: [-0.00356111 -1.2430644   0.19198652]
2026-01-20 16:11:08,585 - position: [-0.00356111 -1.2430644   0.19198652]
2026-01-20 16:11:08,829 - position: [-0.00356111 -1.2430644   0.19198652]
2026-01-20 16:11:09,083 - position: [-0.00356111 -1.2430644   0.19198652]
2026-01-20 16:11:09,324 - position: [-0.00356111 -1.2430644   0.19198652]
2026-01-20 16:11:09,565 - position: [-0.00356111 -1.2430644   0.19198652]
2026-01-20 16:11:09,871 - position: [-0.00356111 -1.2430644   0.19198652]
2026-01-20 16:11:10,159 - position: [-0.00356111 -1.2430644   0.19198652]
2026-01-20 16:11:10,444 - position: [-0.00356111 -1.2430644   0.19198652]
2026-01-20 16:11:10,671 - position: [-0.00356111 -1.2430644   0.19198652]
2026-01-20 16:11:10,953 - position: [-0.00356111 -1.2430644   0.19198652]
2026-01-20 16:11:11,170 - position: [-0.00356111 -1.2430644   0.19198652]
2026-01-20 16:11:11,565 - position: [-0.00356111 -1.2430644   0.19198652]
2026-01-20 16:11:11,900 - position: [-0.00356111 -1.2430644   0.19198652]
2026-01-20 16:11:12,128 - position: [-0.00356111 -1.2430644   0.19198652]
2026-01-20 16:11:12,352 - position: [-0.00356111 -1.2430644   0.19198652]
2026-01-20 16:11:12,611 - position: [-0.00356111 -1.2430644   0.19198652]
2026-01-20 16:11:12,812 - position: [-0.00356111 -1.2430644   0.19198652]
2026-01-20 16:11:13,055 - position: [-0.00356111 -1.2430644   0.19198652]
2026-01-20 16:11:13,319 - position: [-0.00356111 -1.2430644   0.19198652]
2026-01-20 16:11:13,533 - position: [-0.00356111 -1.2430644   0.19198652]
2026-01-20 16:11:13,740 - position: [-0.00356111 -1.2430644   0.19198652]
2026-01-20 16:11:14,042 - position: [-0.00356111 -1.2430644   0.19198652]
2026-01-20 16:11:14,327 - position: [-0.00356111 -1.2430644   0.19198652]
2026-01-20 16:11:14,530 - position: [-0.00356111 -1.2430644   0.19198652]
2026-01-20 16:11:14,751 - position: [-0.00356111 -1.2430644   0.19198652]
2026-01-20 16:11:14,968 - position: [-0.00356111 -1.2430644   0.19198652]
2026-01-20 16:11:15,191 - position: [-0.00356111 -1.2430644   0.19198652]
2026-01-20 16:11:15,455 - position: [-0.00356111 -1.2430644   0.19198652]
2026-01-20 16:11:15,668 - position: [-0.00356111 -1.2430644   0.19198652]
2026-01-20 16:11:15,894 - position: [-0.00356111 -1.2430644   0.19198652]
2026-01-20 16:11:16,142 - position: [-0.00356111 -1.2430644   0.19198652]
2026-01-20 16:11:16,377 - position: [-0.00356111 -1.2430644   0.19198652]
2026-01-20 16:11:16,638 - position: [-0.00356111 -1.2430644   0.19198652]
2026-01-20 16:11:16,874 - position: [-0.00356111 -1.2430644   0.19198652]
2026-01-20 16:11:17,122 - position: [-0.00356111 -1.2430644   0.19198652]
2026-01-20 16:11:17,351 - position: [-0.00356111 -1.2430644   0.19198652]
2026-01-20 16:11:17,594 - position: [-0.00356111 -1.2430644   0.19198652]
2026-01-20 16:11:17,812 - position: [-0.00356111 -1.2430644   0.19198652]
2026-01-20 16:11:18,055 - position: [-0.00356111 -1.2430644   0.19198652]
2026-01-20 16:11:18,287 - position: [-0.00356111 -1.2430644   0.19198652]
2026-01-20 16:11:18,694 - position: [-0.00356111 -1.2430644   0.19198652]
2026-01-20 16:11:18,924 - position: [-0.00356111 -1.2430644   0.19198652]
2026-01-20 16:11:19,160 - position: [-0.00356111 -1.2430644   0.19198652]
2026-01-20 16:11:19,427 - position: [-0.00356111 -1.2430644   0.19198652]
2026-01-20 16:11:19,687 - position: [-0.00356111 -1.2430644   0.19198652]
2026-01-20 16:11:19,941 - position: [-0.00356111 -1.2430644   0.19198652]
2026-01-20 16:11:20,159 - position: [-0.00356111 -1.2430644   0.19198652]
2026-01-20 16:11:20,392 - position: [-0.00356111 -1.2430644   0.19198652]
2026-01-20 16:11:20,607 - position: [-0.00356111 -1.2430644   0.19198652]
2026-01-20 16:11:20,837 - position: [-0.00356111 -1.2430644   0.19198652]
2026-01-20 16:11:21,048 - position: [-0.00356111 -1.2430644   0.19198652]
2026-01-20 16:11:21,287 - position: [-0.00356111 -1.2430644   0.19198652]
2026-01-20 16:11:21,525 - position: [-0.00356111 -1.2430644   0.19198652]
2026-01-20 16:11:21,765 - position: [-0.00356111 -1.2430644   0.19198652]
2026-01-20 16:11:21,990 - position: [-0.00356111 -1.2430644   0.19198652]
2026-01-20 16:11:22,261 - position: [-0.00356111 -1.2430644   0.19198652]
2026-01-20 16:11:22,472 - position: [-0.00356111 -1.2430644   0.19198652]
2026-01-20 16:11:22,723 - position: [-0.00356111 -1.2430644   0.19198652]
2026-01-20 16:11:23,017 - position: [-0.00356111 -1.2430644   0.19198652]
2026-01-20 16:11:23,253 - position: [-0.00356111 -1.2430644   0.19198652]
2026-01-20 16:11:23,458 - position: [-0.00356111 -1.2430644   0.19198652]
2026-01-20 16:11:23,727 - position: [-0.00356111 -1.2430644   0.19198652]
2026-01-20 16:11:23,932 - position: [-0.00356111 -1.2430644   0.19198652]
2026-01-20 16:11:24,201 - position: [-0.00356111 -1.2430644   0.19198652]
2026-01-20 16:11:24,474 - position: [-0.00356111 -1.2430644   0.19198652]
2026-01-20 16:11:24,712 - position: [-0.00356111 -1.2430644   0.19198652]
2026-01-20 16:11:24,922 - position: [-0.00356111 -1.2430644   0.19198652]
2026-01-20 16:11:25,206 - position: [-0.00356111 -1.2430644   0.19198652]
2026-01-20 16:11:25,442 - position: [-0.00356111 -1.2430644   0.19198652]
2026-01-20 16:11:25,668 - position: [-0.00356111 -1.2430644   0.19198652]
2026-01-20 16:11:26,024 - position: [-0.00356111 -1.2430644   0.19198652]
2026-01-20 16:11:26,231 - position: [-0.00356111 -1.2430644   0.19198652]
2026-01-20 16:11:26,479 - position: [-0.00356111 -1.2430644   0.19198652]
2026-01-20 16:11:26,720 - position: [-0.00356111 -1.2430644   0.19198652]
2026-01-20 16:11:26,981 - position: [-0.00356111 -1.2430644   0.19198652]
2026-01-20 16:11:27,237 - position: [-0.00356111 -1.2430644   0.19198652]
2026-01-20 16:11:27,506 - position: [-0.00356111 -1.2430644   0.19198652]
2026-01-20 16:11:27,730 - position: [-0.00356111 -1.2430644   0.19198652]
2026-01-20 16:11:27,978 - position: [-0.00356111 -1.2430644   0.19198652]
2026-01-20 16:11:28,208 - position: [-0.00356111 -1.2430644   0.19198652]
2026-01-20 16:11:28,484 - position: [-0.00356111 -1.2430644   0.19198652]
2026-01-20 16:11:28,754 - position: [-0.00356111 -1.2430644   0.19198652]
2026-01-20 16:11:28,986 - position: [-0.00356111 -1.2430644   0.19198652]
2026-01-20 16:11:29,199 - position: [-0.00356111 -1.2430644   0.19198652]
2026-01-20 16:11:29,413 - position: [-0.00356111 -1.2430644   0.19198652]
2026-01-20 16:11:29,663 - position: [-0.00356111 -1.2430644   0.19198652]
2026-01-20 16:11:29,925 - position: [-0.00356111 -1.2430644   0.19198652]
2026-01-20 16:11:30,155 - position: [-0.00356111 -1.2430644   0.19198652]
2026-01-20 16:11:30,411 - position: [-0.00356111 -1.2430644   0.19198652]
2026-01-20 16:11:30,622 - position: [-0.00356111 -1.2430644   0.19198652]
2026-01-20 16:11:30,828 - position: [-0.00356111 -1.2430644   0.19198652]
2026-01-20 16:11:31,062 - position: [-0.00356111 -1.2430644   0.19198652]
2026-01-20 16:11:31,296 - position: [-0.00356111 -1.2430644   0.19198652]
2026-01-20 16:11:31,525 - position: [-0.00356111 -1.2430644   0.19198652]
2026-01-20 16:11:31,783 - position: [-0.00356111 -1.2430644   0.19198652]
2026-01-20 16:11:31,989 - position: [-0.00356111 -1.2430644   0.19198652]
2026-01-20 16:11:32,258 - position: [-0.00356111 -1.2430644   0.19198652]
2026-01-20 16:11:32,500 - position: [-0.00356111 -1.2430644   0.19198652]
2026-01-20 16:11:32,746 - position: [-0.00356111 -1.2430644   0.19198652]
2026-01-20 16:11:32,967 - position: [-0.00356111 -1.2430644   0.19198652]
2026-01-20 16:11:33,255 - position: [-0.00356111 -1.2430644   0.19198652]
2026-01-20 16:11:33,484 - position: [-0.00356111 -1.2430644   0.19198652]
2026-01-20 16:11:33,718 - position: [-0.00356111 -1.2430644   0.19198652]
2026-01-20 16:11:33,952 - position: [-0.00356111 -1.2430644   0.19198652]
2026-01-20 16:11:34,177 - position: [-0.00356111 -1.2430644   0.19198652]
2026-01-20 16:11:34,444 - position: [-0.00356111 -1.2430644   0.19198652]
2026-01-20 16:11:34,675 - position: [-0.00356111 -1.2430644   0.19198652]
2026-01-20 16:11:34,933 - position: [-0.00356111 -1.2430644   0.19198652]
2026-01-20 16:11:35,137 - position: [-0.00356111 -1.2430644   0.19198652]
2026-01-20 16:11:35,346 - position: [-0.00356111 -1.2430644   0.19198652]
2026-01-20 16:11:35,607 - position: [-0.00356111 -1.2430644   0.19198652]
2026-01-20 16:11:35,846 - position: [-0.00356111 -1.2430644   0.19198652]
2026-01-20 16:11:36,111 - position: [-0.00356111 -1.2430644   0.19198652]
2026-01-20 16:11:36,328 - position: [-0.00356111 -1.2430644   0.19198652]
2026-01-20 16:11:36,566 - position: [-0.00356111 -1.2430644   0.19198652]
2026-01-20 16:11:36,827 - position: [-0.00356111 -1.2430644   0.19198652]
2026-01-20 16:11:37,104 - position: [-0.00356111 -1.2430644   0.19198652]
2026-01-20 16:11:37,338 - position: [-0.00356111 -1.2430644   0.19198652]
2026-01-20 16:11:37,554 - position: [-0.00356111 -1.2430644   0.19198652]
2026-01-20 16:11:37,767 - position: [-0.00356111 -1.2430644   0.19198652]
2026-01-20 16:11:37,998 - position: [-0.00356111 -1.2430644   0.19198652]
2026-01-20 16:11:38,212 - position: [-0.00356111 -1.2430644   0.19198652]
2026-01-20 16:11:38,437 - position: [-0.00356111 -1.2430644   0.19198652]
2026-01-20 16:11:38,668 - position: [-0.00356111 -1.2430644   0.19198652]
2026-01-20 16:11:38,899 - position: [-0.00356111 -1.2430644   0.19198652]
2026-01-20 16:11:39,123 - position: [-0.00356111 -1.2430644   0.19198652]
2026-01-20 16:11:39,366 - position: [-0.00356111 -1.2430644   0.19198652]
2026-01-20 16:11:39,591 - position: [-0.00356111 -1.2430644   0.19198652]
2026-01-20 16:11:39,854 - position: [-0.00356111 -1.2430644   0.19198652]
2026-01-20 16:11:40,077 - position: [-0.00356111 -1.2430644   0.19198652]
2026-01-20 16:11:40,318 - position: [-0.00356111 -1.2430644   0.19198652]
2026-01-20 16:11:40,556 - position: [-0.00356111 -1.2430644   0.19198652]
2026-01-20 16:11:40,784 - position: [-0.00356111 -1.2430644   0.19198652]
2026-01-20 16:11:40,990 - position: [-0.00356111 -1.2430644   0.19198652]
2026-01-20 16:11:41,234 - position: [-0.00356111 -1.2430644   0.19198652]
2026-01-20 16:11:41,482 - position: [-0.00356111 -1.2430644   0.19198652]
2026-01-20 16:11:41,737 - position: [-0.00356111 -1.2430644   0.19198652]
2026-01-20 16:11:41,982 - position: [-0.00356111 -1.2430644   0.19198652]
2026-01-20 16:11:42,215 - position: [-0.00356111 -1.2430644   0.19198652]
2026-01-20 16:11:42,461 - position: [-0.00356111 -1.2430644   0.19198652]
2026-01-20 16:11:42,674 - position: [-0.00356111 -1.2430644   0.19198652]
2026-01-20 16:11:42,908 - position: [-0.00356111 -1.2430644   0.19198652]
2026-01-20 16:11:43,158 - position: [-0.00356111 -1.2430644   0.19198652]
2026-01-20 16:11:43,411 - position: [-0.00356111 -1.2430644   0.19198652]
2026-01-20 16:11:43,641 - position: [-0.00356111 -1.2430644   0.19198652]
2026-01-20 16:11:43,910 - position: [-0.00356111 -1.2430644   0.19198652]
2026-01-20 16:11:44,122 - position: [-0.00356111 -1.2430644   0.19198652]
2026-01-20 16:11:44,382 - position: [-0.00356111 -1.2430644   0.19198652]
2026-01-20 16:11:44,636 - position: [-0.00356111 -1.2430644   0.19198652]
2026-01-20 16:11:44,872 - position: [-0.00356111 -1.2430644   0.19198652]
2026-01-20 16:11:45,111 - position: [-0.00356111 -1.2430644   0.19198652]
2026-01-20 16:11:45,366 - position: [-0.00356111 -1.2430644   0.19198652]
2026-01-20 16:11:45,636 - position: [-0.00356111 -1.2430644   0.19198652]
2026-01-20 16:11:45,888 - position: [-0.00356111 -1.2430644   0.19198652]
2026-01-20 16:11:46,108 - position: [-0.00356111 -1.2430644   0.19198652]
2026-01-20 16:11:46,368 - position: [-0.00356111 -1.2430644   0.19198652]
2026-01-20 16:11:46,605 - position: [-0.00356111 -1.2430644   0.19198652]
2026-01-20 16:11:46,874 - position: [-0.00356111 -1.2430644   0.19198652]
2026-01-20 16:11:47,145 - position: [-0.00356111 -1.2430644   0.19198652]
2026-01-20 16:11:47,369 - position: [-0.00356111 -1.2430644   0.19198652]
2026-01-20 16:11:47,724 - position: [-0.00356111 -1.2430644   0.19198652]
2026-01-20 16:11:47,963 - position: [-0.00356111 -1.2430644   0.19198652]
2026-01-20 16:11:48,179 - position: [-0.00356111 -1.2430644   0.19198652]
2026-01-20 16:11:48,435 - position: [-0.00356111 -1.2430644   0.19198652]
2026-01-20 16:11:48,685 - position: [-0.00356111 -1.2430644   0.19198652]
2026-01-20 16:11:48,911 - position: [-0.00356111 -1.2430644   0.19198652]
2026-01-20 16:11:49,177 - position: [-0.00356111 -1.2430644   0.19198652]
2026-01-20 16:11:49,417 - position: [-0.00356111 -1.2430644   0.19198652]
2026-01-20 16:11:49,666 - position: [-0.00356111 -1.2430644   0.19198652]
2026-01-20 16:11:49,903 - position: [-0.00356111 -1.2430644   0.19198652]
2026-01-20 16:11:50,129 - position: [-0.00356111 -1.2430644   0.19198652]
2026-01-20 16:11:50,376 - position: [-0.00356111 -1.2430644   0.19198652]
2026-01-20 16:11:50,617 - position: [-0.00356111 -1.2430644   0.19198652]
2026-01-20 16:11:50,861 - position: [-0.00356111 -1.2430644   0.19198652]
2026-01-20 16:11:51,063 - position: [-0.00356111 -1.2430644   0.19198652]
2026-01-20 16:11:51,298 - position: [-0.00356111 -1.2430644   0.19198652]
2026-01-20 16:11:51,525 - position: [-0.00356111 -1.2430644   0.19198652]
2026-01-20 16:11:51,761 - position: [-0.00356111 -1.2430644   0.19198652]
2026-01-20 16:11:51,983 - position: [-0.00356111 -1.2430644   0.19198652]
2026-01-20 16:11:52,228 - position: [-0.00356111 -1.2430644   0.19198652]
2026-01-20 16:11:52,443 - position: [-0.00356111 -1.2430644   0.19198652]
2026-01-20 16:11:52,680 - position: [-0.00356111 -1.2430644   0.19198652]
2026-01-20 16:11:52,893 - position: [-0.00356111 -1.2430644   0.19198652]
2026-01-20 16:11:53,124 - position: [-0.00356111 -1.2430644   0.19198652]
2026-01-20 16:11:53,359 - position: [-0.00356111 -1.2430644   0.19198652]
2026-01-20 16:11:53,598 - position: [-0.00356111 -1.2430644   0.19198652]
2026-01-20 16:11:53,845 - position: [-0.00356111 -1.2430644   0.19198652]
2026-01-20 16:11:54,114 - position: [-0.00356111 -1.2430644   0.19198652]
2026-01-20 16:11:54,372 - position: [-0.00356111 -1.2430644   0.19198652]
2026-01-20 16:11:54,590 - position: [-0.00356111 -1.2430644   0.19198652]
2026-01-20 16:11:54,815 - position: [-0.00356111 -1.2430644   0.19198652]
2026-01-20 16:11:55,021 - position: [-0.00356111 -1.2430644   0.19198652]
2026-01-20 16:11:55,224 - position: [-0.00356111 -1.2430644   0.19198652]
2026-01-20 16:11:55,476 - position: [-0.00356111 -1.2430644   0.19198652]
2026-01-20 16:11:55,743 - position: [-0.00356111 -1.2430644   0.19198652]
2026-01-20 16:11:55,973 - position: [-0.00356111 -1.2430644   0.19198652]
2026-01-20 16:11:56,203 - position: [-0.00356111 -1.2430644   0.19198652]
2026-01-20 16:11:56,420 - position: [-0.00356111 -1.2430644   0.19198652]
2026-01-20 16:11:56,642 - position: [-0.00356111 -1.2430644   0.19198652]
2026-01-20 16:11:56,865 - position: [-0.00356111 -1.2430644   0.19198652]
2026-01-20 16:11:57,109 - position: [-0.00356111 -1.2430644   0.19198652]
2026-01-20 16:11:57,350 - position: [-0.00356111 -1.2430644   0.19198652]
2026-01-20 16:11:57,556 - position: [-0.00356111 -1.2430644   0.19198652]
2026-01-20 16:11:57,776 - position: [-0.00356111 -1.2430644   0.19198652]
2026-01-20 16:11:58,033 - position: [-0.00356111 -1.2430644   0.19198652]
2026-01-20 16:11:58,249 - position: [-0.00356111 -1.2430644   0.19198652]
2026-01-20 16:11:58,602 - position: [-0.00356111 -1.2430644   0.19198652]
2026-01-20 16:11:58,882 - position: [-0.00356111 -1.2430644   0.19198652]
2026-01-20 16:11:59,085 - position: [-0.00356111 -1.2430644   0.19198652]
2026-01-20 16:11:59,345 - position: [-0.00356111 -1.2430644   0.19198652]
2026-01-20 16:11:59,562 - position: [-0.00356111 -1.2430644   0.19198652]
2026-01-20 16:11:59,784 - position: [-0.00356111 -1.2430644   0.19198652]
2026-01-20 16:12:00,021 - position: [-0.00356111 -1.2430644   0.19198652]
2026-01-20 16:12:00,239 - position: [-0.00356111 -1.2430644   0.19198652]
2026-01-20 16:12:00,459 - position: [-0.00356111 -1.2430644   0.19198652]
2026-01-20 16:12:00,695 - position: [-0.00356111 -1.2430644   0.19198652]
2026-01-20 16:12:00,939 - position: [-0.00356111 -1.2430644   0.19198652]
2026-01-20 16:12:01,152 - position: [-0.00356111 -1.2430644   0.19198652]
2026-01-20 16:12:01,383 - position: [-0.00356111 -1.2430644   0.19198652]
2026-01-20 16:12:01,599 - position: [-0.00356111 -1.2430644   0.19198652]
2026-01-20 16:12:01,848 - position: [-0.00356111 -1.2430644   0.19198652]
2026-01-20 16:12:02,087 - position: [-0.00356111 -1.2430644   0.19198652]
2026-01-20 16:12:02,332 - position: [-0.00356111 -1.2430644   0.19198652]
2026-01-20 16:12:02,600 - position: [-0.00356111 -1.2430644   0.19198652]
2026-01-20 16:12:02,867 - position: [-0.00356111 -1.2430644   0.19198652]
2026-01-20 16:12:03,103 - position: [-0.00356111 -1.2430644   0.19198652]
2026-01-20 16:12:03,329 - position: [-0.00356111 -1.2430644   0.19198652]
2026-01-20 16:12:03,580 - position: [-0.00356111 -1.2430644   0.19198652]
2026-01-20 16:12:03,830 - position: [-0.00356111 -1.2430644   0.19198652]
2026-01-20 16:12:04,049 - position: [-0.00356111 -1.2430644   0.19198652]
2026-01-20 16:12:04,268 - position: [-0.00356111 -1.2430644   0.19198652]
2026-01-20 16:12:04,530 - position: [-0.00356111 -1.2430644   0.19198652]
2026-01-20 16:12:04,799 - position: [-0.00356111 -1.2430644   0.19198652]
2026-01-20 16:12:05,065 - position: [-0.00356111 -1.2430644   0.19198652]
2026-01-20 16:12:05,291 - position: [-0.00356111 -1.2430644   0.19198652]
2026-01-20 16:12:05,509 - position: [-0.00356111 -1.2430644   0.19198652]
2026-01-20 16:12:05,732 - position: [-0.00356111 -1.2430644   0.19198652]
2026-01-20 16:12:05,968 - position: [-0.00356111 -1.2430644   0.19198652]
2026-01-20 16:12:06,190 - position: [-0.00356111 -1.2430644   0.19198652]
2026-01-20 16:12:06,446 - position: [-0.00356111 -1.2430644   0.19198652]
2026-01-20 16:12:06,705 - position: [-0.00356111 -1.2430644   0.19198652]
2026-01-20 16:12:06,938 - position: [-0.00356111 -1.2430644   0.19198652]
2026-01-20 16:12:07,177 - position: [-0.00356111 -1.2430644   0.19198652]
2026-01-20 16:12:07,392 - position: [-0.00356111 -1.2430644   0.19198652]
2026-01-20 16:12:07,636 - position: [-0.00356111 -1.2430644   0.19198652]
2026-01-20 16:12:07,857 - position: [-0.00356111 -1.2430644   0.19198652]
2026-01-20 16:12:08,065 - position: [-0.00356111 -1.2430644   0.19198652]
2026-01-20 16:12:08,295 - position: [-0.00356111 -1.2430644   0.19198652]
2026-01-20 16:12:08,519 - position: [-0.00356111 -1.2430644   0.19198652]
2026-01-20 16:12:08,743 - position: [-0.00356111 -1.2430644   0.19198652]
2026-01-20 16:12:08,951 - position: [-0.00356111 -1.2430644   0.19198652]
2026-01-20 16:12:09,152 - position: [-0.00356111 -1.2430644   0.19198652]
2026-01-20 16:12:09,414 - position: [-0.00356111 -1.2430644   0.19198652]
2026-01-20 16:12:09,647 - position: [-0.00356111 -1.2430644   0.19198652]
2026-01-20 16:12:09,873 - position: [-0.00356111 -1.2430644   0.19198652]
2026-01-20 16:12:10,110 - position: [-0.00356111 -1.2430644   0.19198652]
2026-01-20 16:12:10,350 - position: [-0.00356111 -1.2430644   0.19198652]
2026-01-20 16:12:10,586 - position: [-0.00356111 -1.2430644   0.19198652]
2026-01-20 16:12:10,831 - position: [-0.00356111 -1.2430644   0.19198652]
2026-01-20 16:12:11,041 - position: [-0.00356111 -1.2430644   0.19198652]
2026-01-20 16:12:11,343 - position: [-0.00356111 -1.2430644   0.19198652]
2026-01-20 16:12:11,595 - position: [-0.00356111 -1.2430644   0.19198652]
2026-01-20 16:12:11,812 - position: [-0.00356111 -1.2430644   0.19198652]
2026-01-20 16:12:12,059 - position: [-0.00356111 -1.2430644   0.19198652]
2026-01-20 16:12:12,282 - position: [-0.00356111 -1.2430644   0.19198652]
2026-01-20 16:12:12,489 - position: [-0.00356111 -1.2430644   0.19198652]
2026-01-20 16:12:12,694 - position: [-0.00356111 -1.2430644   0.19198652]
2026-01-20 16:12:12,923 - position: [-0.00356111 -1.2430644   0.19198652]
2026-01-20 16:12:13,135 - position: [-0.00356111 -1.2430644   0.19198652]
2026-01-20 16:12:13,340 - position: [-0.00356111 -1.2430644   0.19198652]
2026-01-20 16:12:13,579 - position: [-0.00356111 -1.2430644   0.19198652]
2026-01-20 16:12:13,790 - position: [-0.00356111 -1.2430644   0.19198652]
2026-01-20 16:12:14,031 - position: [-0.00356111 -1.2430644   0.19198652]
2026-01-20 16:12:14,268 - position: [-0.00356111 -1.2430644   0.19198652]
2026-01-20 16:12:14,500 - position: [-0.00356111 -1.2430644   0.19198652]
2026-01-20 16:12:14,766 - position: [-0.00356111 -1.2430644   0.19198652]
2026-01-20 16:12:15,014 - position: [-0.00356111 -1.2430644   0.19198652]
2026-01-20 16:12:15,245 - position: [-0.00356111 -1.2430644   0.19198652]
2026-01-20 16:12:15,480 - position: [-0.00356111 -1.2430644   0.19198652]
2026-01-20 16:12:15,700 - position: [-0.00356111 -1.2430644   0.19198652]
2026-01-20 16:12:15,940 - position: [-0.00356111 -1.2430644   0.19198652]
2026-01-20 16:12:16,201 - position: [-0.00356111 -1.2430644   0.19198652]
2026-01-20 16:12:16,437 - position: [-0.00356111 -1.2430644   0.19198652]
2026-01-20 16:12:16,639 - position: [-0.00356111 -1.2430644   0.19198652]
2026-01-20 16:12:16,853 - position: [-0.00356111 -1.2430644   0.19198652]
2026-01-20 16:12:17,067 - position: [-0.00356111 -1.2430644   0.19198652]
2026-01-20 16:12:17,296 - position: [-0.00356111 -1.2430644   0.19198652]
2026-01-20 16:12:17,515 - position: [-0.00356111 -1.2430644   0.19198652]
2026-01-20 16:12:17,792 - position: [-0.00356111 -1.2430644   0.19198652]
2026-01-20 16:12:18,003 - position: [-0.00356111 -1.2430644   0.19198652]
2026-01-20 16:12:18,251 - position: [-0.00356111 -1.2430644   0.19198652]
2026-01-20 16:12:18,484 - position: [-0.00356111 -1.2430644   0.19198652]
2026-01-20 16:12:18,706 - position: [-0.00356111 -1.2430644   0.19198652]
2026-01-20 16:12:18,955 - position: [-0.00356111 -1.2430644   0.19198652]
2026-01-20 16:12:19,178 - position: [-0.00356111 -1.2430644   0.19198652]
2026-01-20 16:12:19,411 - position: [-0.00356111 -1.2430644   0.19198652]
2026-01-20 16:12:19,623 - position: [-0.00356111 -1.2430644   0.19198652]
2026-01-20 16:12:19,867 - position: [-0.00356111 -1.2430644   0.19198652]
2026-01-20 16:12:20,070 - position: [-0.00356111 -1.2430644   0.19198652]
2026-01-20 16:12:20,354 - position: [-0.00356111 -1.2430644   0.19198652]
2026-01-20 16:12:20,569 - position: [-0.00356111 -1.2430644   0.19198652]
2026-01-20 16:12:20,855 - position: [-0.00356111 -1.2430644   0.19198652]
2026-01-20 16:12:21,089 - position: [-0.00356111 -1.2430644   0.19198652]
2026-01-20 16:12:21,309 - position: [-0.00356111 -1.2430644   0.19198652]
2026-01-20 16:12:21,559 - position: [-0.00356111 -1.2430644   0.19198652]
2026-01-20 16:12:21,837 - position: [-0.00356111 -1.2430644   0.19198652]
2026-01-20 16:12:22,069 - position: [-0.00356111 -1.2430644   0.19198652]
2026-01-20 16:12:22,297 - position: [-0.00356111 -1.2430644   0.19198652]
2026-01-20 16:12:22,537 - position: [-0.00356111 -1.2430644   0.19198652]
2026-01-20 16:12:22,787 - position: [-0.00356111 -1.2430644   0.19198652]
2026-01-20 16:12:23,037 - position: [-0.00356111 -1.2430644   0.19198652]
2026-01-20 16:12:23,309 - position: [-0.00356111 -1.2430644   0.19198652]
2026-01-20 16:12:23,542 - position: [-0.00356111 -1.2430644   0.19198652]
2026-01-20 16:12:23,827 - position: [-0.00356111 -1.2430644   0.19198652]
2026-01-20 16:12:24,049 - position: [-0.00356111 -1.2430644   0.19198652]
2026-01-20 16:12:24,258 - position: [-0.00356111 -1.2430644   0.19198652]
2026-01-20 16:12:24,471 - position: [-0.00356111 -1.2430644   0.19198652]
2026-01-20 16:12:24,682 - position: [-0.00356111 -1.2430644   0.19198652]
2026-01-20 16:12:24,934 - position: [-0.00356111 -1.2430644   0.19198652]
2026-01-20 16:12:25,166 - position: [-0.00356111 -1.2430644   0.19198652]
2026-01-20 16:12:25,404 - position: [-0.00356111 -1.2430644   0.19198652]
2026-01-20 16:12:25,654 - position: [-0.00356111 -1.2430644   0.19198652]
2026-01-20 16:12:25,888 - position: [-0.00356111 -1.2430644   0.19198652]
2026-01-20 16:12:26,143 - position: [-0.00356111 -1.2430644   0.19198652]
2026-01-20 16:12:26,362 - position: [-0.00356111 -1.2430644   0.19198652]
2026-01-20 16:12:26,592 - position: [-0.00356111 -1.2430644   0.19198652]
2026-01-20 16:12:26,825 - position: [-0.00356111 -1.2430644   0.19198652]
2026-01-20 16:12:27,055 - position: [-0.00356111 -1.2430644   0.19198652]
2026-01-20 16:12:27,300 - position: [-0.00356111 -1.2430644   0.19198652]
2026-01-20 16:12:27,531 - position: [-0.00356111 -1.2430644   0.19198652]
2026-01-20 16:12:27,766 - position: [-0.00356111 -1.2430644   0.19198652]
2026-01-20 16:12:28,015 - position: [-0.00356111 -1.2430644   0.19198652]
2026-01-20 16:12:28,247 - position: [-0.00356111 -1.2430644   0.19198652]
2026-01-20 16:12:28,465 - position: [-0.00356111 -1.2430644   0.19198652]
2026-01-20 16:12:28,689 - position: [-0.00356111 -1.2430644   0.19198652]
2026-01-20 16:12:28,927 - position: [-0.00356111 -1.2430644   0.19198652]
2026-01-20 16:12:29,164 - position: [-0.00356111 -1.2430644   0.19198652]
2026-01-20 16:12:29,394 - position: [-0.00356111 -1.2430644   0.19198652]
2026-01-20 16:12:29,631 - position: [-0.00356111 -1.2430644   0.19198652]
2026-01-20 16:12:29,858 - position: [-0.00356111 -1.2430644   0.19198652]
2026-01-20 16:12:30,069 - position: [-0.00356111 -1.2430644   0.19198652]
2026-01-20 16:12:30,317 - position: [-0.00356111 -1.2430644   0.19198652]
2026-01-20 16:12:30,561 - position: [-0.00356111 -1.2430644   0.19198652]
2026-01-20 16:12:30,806 - position: [-0.00356111 -1.2430644   0.19198652]
2026-01-20 16:12:31,018 - position: [-0.00356111 -1.2430644   0.19198652]
2026-01-20 16:12:31,271 - position: [-0.00356111 -1.2430644   0.19198652]
2026-01-20 16:12:31,475 - position: [-0.00356111 -1.2430644   0.19198652]
2026-01-20 16:12:31,705 - position: [-0.00356111 -1.2430644   0.19198652]
2026-01-20 16:12:31,911 - position: [-0.00356111 -1.2430644   0.19198652]
2026-01-20 16:12:32,126 - position: [-0.00356111 -1.2430644   0.19198652]
2026-01-20 16:12:32,342 - position: [-0.00356111 -1.2430644   0.19198652]
2026-01-20 16:12:32,567 - position: [-0.00356111 -1.2430644   0.19198652]
2026-01-20 16:12:32,803 - position: [-0.00356111 -1.2430644   0.19198652]
2026-01-20 16:12:33,004 - position: [-0.00356111 -1.2430644   0.19198652]
2026-01-20 16:12:33,240 - position: [-0.00356111 -1.2430644   0.19198652]
2026-01-20 16:12:33,479 - position: [-0.00356111 -1.2430644   0.19198652]
2026-01-20 16:12:33,692 - position: [-0.00356111 -1.2430644   0.19198652]
2026-01-20 16:12:33,919 - position: [-0.00356111 -1.2430644   0.19198652]
2026-01-20 16:12:34,140 - position: [-0.00356111 -1.2430644   0.19198652]
2026-01-20 16:12:34,388 - position: [-0.00356111 -1.2430644   0.19198652]
2026-01-20 16:12:34,628 - position: [-0.00356111 -1.2430644   0.19198652]
2026-01-20 16:12:34,861 - position: [-0.00356111 -1.2430644   0.19198652]
2026-01-20 16:12:35,103 - position: [-0.00356111 -1.2430644   0.19198652]
2026-01-20 16:12:35,343 - position: [-0.00356111 -1.2430644   0.19198652]
2026-01-20 16:12:35,573 - position: [-0.00356111 -1.2430644   0.19198652]
2026-01-20 16:12:35,848 - position: [-0.00356111 -1.2430644   0.19198652]
2026-01-20 16:12:36,080 - position: [-0.00356111 -1.2430644   0.19198652]
2026-01-20 16:12:36,315 - position: [-0.00356111 -1.2430644   0.19198652]
2026-01-20 16:12:36,558 - position: [-0.00356111 -1.2430644   0.19198652]
2026-01-20 16:12:36,811 - position: [-0.00356111 -1.2430644   0.19198652]
2026-01-20 16:12:37,041 - position: [-0.00356111 -1.2430644   0.19198652]
2026-01-20 16:12:37,291 - position: [-0.00356111 -1.2430644   0.19198652]
2026-01-20 16:12:37,561 - position: [-0.00356111 -1.2430644   0.19198652]
2026-01-20 16:12:37,811 - position: [-0.00356111 -1.2430644   0.19198652]
2026-01-20 16:12:38,079 - position: [-0.00356111 -1.2430644   0.19198652]
2026-01-20 16:12:38,317 - position: [-0.00356111 -1.2430644   0.19198652]
2026-01-20 16:12:38,533 - position: [-0.00356111 -1.2430644   0.19198652]
2026-01-20 16:12:38,747 - position: [-0.00356111 -1.2430644   0.19198652]
2026-01-20 16:12:38,977 - position: [-0.00356111 -1.2430644   0.19198652]
2026-01-20 16:12:39,184 - position: [-0.00356111 -1.2430644   0.19198652]
2026-01-20 16:12:39,417 - position: [-0.00356111 -1.2430644   0.19198652]
2026-01-20 16:12:39,648 - position: [-0.00356111 -1.2430644   0.19198652]
2026-01-20 16:12:39,924 - position: [-0.00356111 -1.2430644   0.19198652]
2026-01-20 16:12:40,188 - position: [-0.00356111 -1.2430644   0.19198652]
2026-01-20 16:12:40,424 - position: [-0.00356111 -1.2430644   0.19198652]
2026-01-20 16:12:40,684 - position: [-0.00356111 -1.2430644   0.19198652]
2026-01-20 16:12:40,940 - position: [-0.00356111 -1.2430644   0.19198652]
2026-01-20 16:12:41,180 - position: [-0.00356111 -1.2430644   0.19198652]
2026-01-20 16:12:41,397 - position: [-0.00356111 -1.2430644   0.19198652]
2026-01-20 16:12:41,630 - position: [-0.00356111 -1.2430644   0.19198652]
2026-01-20 16:12:41,857 - position: [-0.00356111 -1.2430644   0.19198652]
2026-01-20 16:12:42,083 - position: [-0.00356111 -1.2430644   0.19198652]
2026-01-20 16:12:42,294 - position: [-0.00356111 -1.2430644   0.19198652]
2026-01-20 16:12:42,524 - position: [-0.00356111 -1.2430644   0.19198652]
2026-01-20 16:12:42,740 - position: [-0.00356111 -1.2430644   0.19198652]
2026-01-20 16:12:43,004 - position: [-0.00356111 -1.2430644   0.19198652]
2026-01-20 16:12:43,223 - position: [-0.00356111 -1.2430644   0.19198652]
2026-01-20 16:12:43,434 - position: [-0.00356111 -1.2430644   0.19198652]
2026-01-20 16:12:43,693 - position: [-0.00356111 -1.2430644   0.19198652]
2026-01-20 16:12:43,917 - position: [-0.00356111 -1.2430644   0.19198652]
2026-01-20 16:12:44,126 - position: [-0.00356111 -1.2430644   0.19198652]
2026-01-20 16:12:44,406 - position: [-0.00356111 -1.2430644   0.19198652]
2026-01-20 16:12:44,645 - position: [-0.00356111 -1.2430644   0.19198652]
2026-01-20 16:12:44,897 - position: [-0.00356111 -1.2430644   0.19198652]
2026-01-20 16:12:45,124 - position: [-0.00356111 -1.2430644   0.19198652]
2026-01-20 16:12:45,357 - position: [-0.00356111 -1.2430644   0.19198652]
2026-01-20 16:12:45,599 - position: [-0.00356111 -1.2430644   0.19198652]
2026-01-20 16:12:45,893 - position: [-0.00356111 -1.2430644   0.19198652]
2026-01-20 16:12:46,128 - position: [-0.00356111 -1.2430644   0.19198652]
2026-01-20 16:12:46,353 - position: [-0.00356111 -1.2430644   0.19198652]
2026-01-20 16:12:46,602 - position: [-0.00356111 -1.2430644   0.19198652]
2026-01-20 16:12:46,815 - position: [-0.00356111 -1.2430644   0.19198652]
2026-01-20 16:12:47,066 - position: [-0.00356111 -1.2430644   0.19198652]
2026-01-20 16:12:47,301 - position: [-0.00356111 -1.2430644   0.19198652]
2026-01-20 16:12:47,535 - position: [-0.00356111 -1.2430644   0.19198652]
2026-01-20 16:12:47,824 - position: [-0.00356111 -1.2430644   0.19198652]
2026-01-20 16:12:48,066 - position: [-0.00356111 -1.2430644   0.19198652]
2026-01-20 16:12:48,321 - position: [-0.00356111 -1.2430644   0.19198652]
2026-01-20 16:12:48,537 - position: [-0.00356111 -1.2430644   0.19198652]
2026-01-20 16:12:48,748 - position: [-0.00356111 -1.2430644   0.19198652]
2026-01-20 16:12:48,960 - position: [-0.00356111 -1.2430644   0.19198652]
2026-01-20 16:12:49,176 - position: [-0.00356111 -1.2430644   0.19198652]
2026-01-20 16:12:49,461 - position: [-0.00356111 -1.2430644   0.19198652]
2026-01-20 16:12:49,710 - position: [-0.00356111 -1.2430644   0.19198652]
2026-01-20 16:12:49,949 - position: [-0.00356111 -1.2430644   0.19198652]
2026-01-20 16:12:50,241 - position: [-0.00356111 -1.2430644   0.19198652]
2026-01-20 16:12:50,496 - position: [-0.00356111 -1.2430644   0.19198652]
2026-01-20 16:12:50,740 - position: [-0.00356111 -1.2430644   0.19198652]
2026-01-20 16:12:51,045 - position: [-0.00356111 -1.2430644   0.19198652]
2026-01-20 16:12:51,285 - position: [-0.00356111 -1.2430644   0.19198652]
2026-01-20 16:12:51,516 - position: [-0.00356111 -1.2430644   0.19198652]
2026-01-20 16:12:51,779 - position: [-0.00356111 -1.2430644   0.19198652]
2026-01-20 16:12:52,010 - position: [-0.00356111 -1.2430644   0.19198652]
2026-01-20 16:12:52,221 - position: [-0.00356111 -1.2430644   0.19198652]
2026-01-20 16:12:52,433 - position: [-0.00356111 -1.2430644   0.19198652]
2026-01-20 16:12:52,639 - position: [-0.00356111 -1.2430644   0.19198652]
2026-01-20 16:12:52,873 - position: [-0.00356111 -1.2430644   0.19198652]
2026-01-20 16:12:53,106 - position: [-0.00356111 -1.2430644   0.19198652]
2026-01-20 16:12:53,311 - position: [-0.00356111 -1.2430644   0.19198652]
2026-01-20 16:12:53,534 - position: [-0.00356111 -1.2430644   0.19198652]
2026-01-20 16:12:53,791 - position: [-0.00356111 -1.2430644   0.19198652]
2026-01-20 16:12:54,043 - position: [-0.00356111 -1.2430644   0.19198652]
2026-01-20 16:12:54,261 - position: [-0.00356111 -1.2430644   0.19198652]
2026-01-20 16:12:54,493 - position: [-0.00356111 -1.2430644   0.19198652]
2026-01-20 16:12:54,715 - position: [-0.00356111 -1.2430644   0.19198652]
2026-01-20 16:12:54,939 - position: [-0.00356111 -1.2430644   0.19198652]
2026-01-20 16:12:55,199 - position: [-0.00356111 -1.2430644   0.19198652]
2026-01-20 16:12:55,432 - position: [-0.00356111 -1.2430644   0.19198652]
2026-01-20 16:12:55,648 - position: [-0.00356111 -1.2430644   0.19198652]
2026-01-20 16:12:55,898 - position: [-0.00356111 -1.2430644   0.19198652]
2026-01-20 16:12:56,119 - position: [-0.00356111 -1.2430644   0.19198652]
2026-01-20 16:12:56,350 - position: [-0.00356111 -1.2430644   0.19198652]
2026-01-20 16:12:56,568 - position: [-0.00356111 -1.2430644   0.19198652]
2026-01-20 16:12:56,784 - position: [-0.00356111 -1.2430644   0.19198652]
2026-01-20 16:12:57,060 - position: [-0.00356111 -1.2430644   0.19198652]
2026-01-20 16:12:57,390 - position: [-0.00356111 -1.2430644   0.19198652]
2026-01-20 16:12:57,617 - position: [-0.00356111 -1.2430644   0.19198652]
2026-01-20 16:12:57,845 - position: [-0.00356111 -1.2430644   0.19198652]
2026-01-20 16:12:58,078 - position: [-0.00356111 -1.2430644   0.19198652]
2026-01-20 16:12:58,308 - position: [-0.00356111 -1.2430644   0.19198652]
2026-01-20 16:12:58,533 - position: [-0.00356111 -1.2430644   0.19198652]
2026-01-20 16:12:58,750 - position: [-0.00356111 -1.2430644   0.19198652]
2026-01-20 16:12:59,027 - position: [-0.00356111 -1.2430644   0.19198652]
2026-01-20 16:12:59,285 - position: [-0.00356111 -1.2430644   0.19198652]
2026-01-20 16:12:59,510 - position: [-0.00356111 -1.2430644   0.19198652]
2026-01-20 16:12:59,751 - position: [-0.00356111 -1.2430644   0.19198652]
2026-01-20 16:13:00,003 - position: [-0.00356111 -1.2430644   0.19198652]
2026-01-20 16:13:00,240 - position: [-0.00356111 -1.2430644   0.19198652]
2026-01-20 16:13:00,509 - position: [-0.00356111 -1.2430644   0.19198652]
2026-01-20 16:13:00,725 - position: [-0.00356111 -1.2430644   0.19198652]
2026-01-20 16:13:00,998 - position: [-0.00356111 -1.2430644   0.19198652]
2026-01-20 16:13:01,242 - position: [-0.00356111 -1.2430644   0.19198652]
2026-01-20 16:13:01,456 - position: [-0.00356111 -1.2430644   0.19198652]
2026-01-20 16:13:01,670 - position: [-0.00356111 -1.2430644   0.19198652]
2026-01-20 16:13:01,893 - position: [-0.00356111 -1.2430644   0.19198652]
2026-01-20 16:13:02,194 - position: [-0.00356111 -1.2430644   0.19198652]
2026-01-20 16:13:02,530 - position: [-0.00356111 -1.2430644   0.19198652]
2026-01-20 16:13:02,757 - position: [-0.00356111 -1.2430644   0.19198652]
2026-01-20 16:13:02,996 - position: [-0.00356111 -1.2430644   0.19198652]
2026-01-20 16:13:03,225 - position: [-0.00356111 -1.2430644   0.19198652]
2026-01-20 16:13:03,445 - position: [-0.00356111 -1.2430644   0.19198652]
2026-01-20 16:13:03,744 - position: [-0.00356111 -1.2430644   0.19198652]
2026-01-20 16:13:03,997 - position: [-0.00356111 -1.2430644   0.19198652]
2026-01-20 16:13:04,219 - position: [-0.00356111 -1.2430644   0.19198652]
2026-01-20 16:13:04,453 - position: [-0.00356111 -1.2430644   0.19198652]
2026-01-20 16:13:04,685 - position: [-0.00356111 -1.2430644   0.19198652]
2026-01-20 16:13:04,927 - position: [-0.00356111 -1.2430644   0.19198652]
2026-01-20 16:13:05,196 - position: [-0.00356111 -1.2430644   0.19198652]
2026-01-20 16:13:05,418 - position: [-0.00356111 -1.2430644   0.19198652]
2026-01-20 16:13:05,620 - position: [-0.00356111 -1.2430644   0.19198652]
2026-01-20 16:13:05,843 - position: [-0.00356111 -1.2430644   0.19198652]
2026-01-20 16:13:06,086 - position: [-0.00356111 -1.2430644   0.19198652]
2026-01-20 16:13:06,309 - position: [-0.00356111 -1.2430644   0.19198652]
2026-01-20 16:13:06,557 - position: [-0.00356111 -1.2430644   0.19198652]
2026-01-20 16:13:06,794 - position: [-0.00356111 -1.2430644   0.19198652]
2026-01-20 16:13:07,024 - position: [-0.00356111 -1.2430644   0.19198652]
2026-01-20 16:13:07,266 - position: [-0.00356111 -1.2430644   0.19198652]
2026-01-20 16:13:07,471 - position: [-0.00356111 -1.2430644   0.19198652]
2026-01-20 16:13:07,688 - position: [-0.00356111 -1.2430644   0.19198652]
2026-01-20 16:13:07,909 - position: [-0.00356111 -1.2430644   0.19198652]
2026-01-20 16:13:08,151 - position: [-0.00356111 -1.2430644   0.19198652]
2026-01-20 16:13:08,379 - position: [-0.00356111 -1.2430644   0.19198652]
2026-01-20 16:13:08,609 - position: [-0.00356111 -1.2430644   0.19198652]
2026-01-20 16:13:08,829 - position: [-0.00356111 -1.2430644   0.19198652]
2026-01-20 16:13:09,036 - position: [-0.00356111 -1.2430644   0.19198652]
2026-01-20 16:13:09,251 - position: [-0.00356111 -1.2430644   0.19198652]
2026-01-20 16:13:09,483 - position: [-0.00356111 -1.2430644   0.19198652]
2026-01-20 16:13:09,710 - position: [-0.00356111 -1.2430644   0.19198652]
2026-01-20 16:13:09,950 - position: [-0.00356111 -1.2430644   0.19198652]
2026-01-20 16:13:10,181 - position: [-0.00356111 -1.2430644   0.19198652]
2026-01-20 16:13:10,433 - position: [-0.00356111 -1.2430644   0.19198652]
2026-01-20 16:13:10,650 - position: [-0.00356111 -1.2430644   0.19198652]
2026-01-20 16:13:10,888 - position: [-0.00356111 -1.2430644   0.19198652]
2026-01-20 16:13:11,100 - position: [-0.00356111 -1.2430644   0.19198652]
2026-01-20 16:13:11,338 - position: [-0.00356111 -1.2430644   0.19198652]
2026-01-20 16:13:11,582 - position: [-0.00356111 -1.2430644   0.19198652]
2026-01-20 16:13:11,810 - position: [-0.00356111 -1.2430644   0.19198652]
2026-01-20 16:13:12,032 - position: [-0.00356111 -1.2430644   0.19198652]
2026-01-20 16:13:12,272 - position: [-0.00356111 -1.2430644   0.19198652]
2026-01-20 16:13:12,503 - position: [-0.00356111 -1.2430644   0.19198652]
2026-01-20 16:13:12,735 - position: [-0.00356111 -1.2430644   0.19198652]
2026-01-20 16:13:12,958 - position: [-0.00356111 -1.2430644   0.19198652]
2026-01-20 16:13:13,216 - position: [-0.00356111 -1.2430644   0.19198652]
2026-01-20 16:13:13,438 - position: [-0.00356111 -1.2430644   0.19198652]
2026-01-20 16:13:13,661 - position: [-0.00356111 -1.2430644   0.19198652]
2026-01-20 16:13:13,915 - position: [-0.00356111 -1.2430644   0.19198652]
2026-01-20 16:13:14,141 - position: [-0.00356111 -1.2430644   0.19198652]
2026-01-20 16:13:14,377 - position: [-0.00356111 -1.2430644   0.19198652]
2026-01-20 16:13:14,587 - position: [-0.00356111 -1.2430644   0.19198652]
2026-01-20 16:13:14,818 - position: [-0.00356111 -1.2430644   0.19198652]
2026-01-20 16:13:15,048 - position: [-0.00356111 -1.2430644   0.19198652]
2026-01-20 16:13:15,270 - position: [-0.00356111 -1.2430644   0.19198652]
2026-01-20 16:13:15,513 - position: [-0.00356111 -1.2430644   0.19198652]
2026-01-20 16:13:15,737 - position: [-0.00356111 -1.2430644   0.19198652]
2026-01-20 16:13:15,976 - position: [-0.00356111 -1.2430644   0.19198652]
2026-01-20 16:13:16,217 - position: [-0.00356111 -1.2430644   0.19198652]
2026-01-20 16:13:16,447 - position: [-0.00356111 -1.2430644   0.19198652]
2026-01-20 16:13:16,666 - position: [-0.00356111 -1.2430644   0.19198652]
2026-01-20 16:13:16,888 - position: [-0.00356111 -1.2430644   0.19198652]
2026-01-20 16:13:17,127 - position: [-0.00356111 -1.2430644   0.19198652]
2026-01-20 16:13:17,359 - position: [-0.00356111 -1.2430644   0.19198652]
2026-01-20 16:13:17,603 - position: [-0.00356111 -1.2430644   0.19198652]
2026-01-20 16:13:17,830 - position: [-0.00356111 -1.2430644   0.19198652]
2026-01-20 16:13:18,049 - position: [-0.00356111 -1.2430644   0.19198652]
2026-01-20 16:13:18,260 - position: [-0.00356111 -1.2430644   0.19198652]
2026-01-20 16:13:18,475 - position: [-0.00356111 -1.2430644   0.19198652]
2026-01-20 16:13:18,720 - position: [-0.00356111 -1.2430644   0.19198652]
2026-01-20 16:13:18,946 - position: [-0.00356111 -1.2430644   0.19198652]
2026-01-20 16:13:19,186 - position: [-0.00356111 -1.2430644   0.19198652]
2026-01-20 16:13:19,442 - position: [-0.00356111 -1.2430644   0.19198652]
2026-01-20 16:13:19,660 - position: [-0.00356111 -1.2430644   0.19198652]
2026-01-20 16:13:19,937 - position: [-0.00356111 -1.2430644   0.19198652]
2026-01-20 16:13:20,159 - position: [-0.00356111 -1.2430644   0.19198652]
2026-01-20 16:13:20,383 - position: [-0.00356111 -1.2430644   0.19198652]
2026-01-20 16:13:20,596 - position: [-0.00356111 -1.2430644   0.19198652]
2026-01-20 16:13:20,842 - position: [-0.00356111 -1.2430644   0.19198652]
2026-01-20 16:13:21,112 - position: [-0.00356111 -1.2430644   0.19198652]
2026-01-20 16:13:21,337 - position: [-0.00356111 -1.2430644   0.19198652]
2026-01-20 16:13:21,563 - position: [-0.00356111 -1.2430644   0.19198652]
2026-01-20 16:13:21,770 - position: [-0.00356111 -1.2430644   0.19198652]
2026-01-20 16:13:22,005 - position: [-0.00356111 -1.2430644   0.19198652]
2026-01-20 16:13:22,245 - position: [-0.00356111 -1.2430644   0.19198652]
2026-01-20 16:13:22,575 - position: [-0.00356111 -1.2430644   0.19198652]
2026-01-20 16:13:22,812 - position: [-0.00356111 -1.2430644   0.19198652]
2026-01-20 16:13:23,051 - position: [-0.00356111 -1.2430644   0.19198652]
2026-01-20 16:13:23,286 - position: [-0.00356111 -1.2430644   0.19198652]
2026-01-20 16:13:23,508 - position: [-0.00356111 -1.2430644   0.19198652]
2026-01-20 16:13:23,768 - position: [-0.00356111 -1.2430644   0.19198652]
2026-01-20 16:13:23,998 - position: [-0.00356111 -1.2430644   0.19198652]
2026-01-20 16:13:24,208 - position: [-0.00356111 -1.2430644   0.19198652]
2026-01-20 16:13:24,425 - position: [-0.00356111 -1.2430644   0.19198652]
2026-01-20 16:13:24,645 - position: [-0.00356111 -1.2430644   0.19198652]
2026-01-20 16:13:24,899 - position: [-0.00356111 -1.2430644   0.19198652]
2026-01-20 16:13:25,124 - position: [-0.00356111 -1.2430644   0.19198652]
2026-01-20 16:13:25,336 - position: [-0.00356111 -1.2430644   0.19198652]
2026-01-20 16:13:25,626 - position: [-0.00356111 -1.2430644   0.19198652]
2026-01-20 16:13:25,860 - position: [-0.00356111 -1.2430644   0.19198652]
2026-01-20 16:13:26,165 - position: [-0.00356111 -1.2430644   0.19198652]
2026-01-20 16:13:26,397 - position: [-0.00356111 -1.2430644   0.19198652]
2026-01-20 16:13:26,663 - position: [-0.00356111 -1.2430644   0.19198652]
2026-01-20 16:13:26,876 - position: [-0.00356111 -1.2430644   0.19198652]
2026-01-20 16:13:27,080 - position: [-0.00356111 -1.2430644   0.19198652]
2026-01-20 16:13:27,322 - position: [-0.00356111 -1.2430644   0.19198652]
2026-01-20 16:13:27,530 - position: [-0.00356111 -1.2430644   0.19198652]
2026-01-20 16:13:27,756 - position: [-0.00356111 -1.2430644   0.19198652]
2026-01-20 16:13:27,989 - position: [-0.00356111 -1.2430644   0.19198652]
2026-01-20 16:13:28,202 - position: [-0.00356111 -1.2430644   0.19198652]
2026-01-20 16:13:28,412 - position: [-0.00356111 -1.2430644   0.19198652]
2026-01-20 16:13:28,652 - position: [-0.00356111 -1.2430644   0.19198652]
2026-01-20 16:13:28,887 - position: [-0.00356111 -1.2430644   0.19198652]
2026-01-20 16:13:29,101 - position: [-0.00356111 -1.2430644   0.19198652]
2026-01-20 16:13:29,327 - position: [-0.00356111 -1.2430644   0.19198652]
2026-01-20 16:13:29,557 - position: [-0.00356111 -1.2430644   0.19198652]
2026-01-20 16:13:29,780 - position: [-0.00356111 -1.2430644   0.19198652]
2026-01-20 16:13:30,009 - position: [-0.00356111 -1.2430644   0.19198652]
2026-01-20 16:13:30,232 - position: [-0.00356111 -1.2430644   0.19198652]
2026-01-20 16:13:30,510 - position: [-0.00356111 -1.2430644   0.19198652]
2026-01-20 16:13:30,734 - position: [-0.00356111 -1.2430644   0.19198652]
2026-01-20 16:13:30,994 - position: [-0.00356111 -1.2430644   0.19198652]
2026-01-20 16:13:31,214 - position: [-0.00356111 -1.2430644   0.19198652]
2026-01-20 16:13:31,436 - position: [-0.00356111 -1.2430644   0.19198652]
2026-01-20 16:13:31,679 - position: [-0.00356111 -1.2430644   0.19198652]
2026-01-20 16:13:31,950 - position: [-0.00356111 -1.2430644   0.19198652]
2026-01-20 16:13:32,209 - position: [-0.00356111 -1.2430644   0.19198652]
2026-01-20 16:13:32,427 - position: [-0.00356111 -1.2430644   0.19198652]
2026-01-20 16:13:32,651 - position: [-0.00356111 -1.2430644   0.19198652]
2026-01-20 16:13:32,886 - position: [-0.00356111 -1.2430644   0.19198652]
2026-01-20 16:13:33,109 - position: [-0.00356111 -1.2430644   0.19198652]
2026-01-20 16:13:33,334 - position: [-0.00356111 -1.2430644   0.19198652]
2026-01-20 16:13:33,540 - position: [-0.00356111 -1.2430644   0.19198652]
2026-01-20 16:13:33,773 - position: [-0.00356111 -1.2430644   0.19198652]
2026-01-20 16:13:33,981 - position: [-0.00356111 -1.2430644   0.19198652]
2026-01-20 16:13:34,190 - position: [-0.00356111 -1.2430644   0.19198652]
2026-01-20 16:13:34,450 - position: [-0.00356111 -1.2430644   0.19198652]
2026-01-20 16:13:34,669 - position: [-0.00356111 -1.2430644   0.19198652]
2026-01-20 16:13:34,911 - position: [-0.00356111 -1.2430644   0.19198652]
2026-01-20 16:13:35,150 - position: [-0.00356111 -1.2430644   0.19198652]
2026-01-20 16:13:35,405 - position: [-0.00356111 -1.2430644   0.19198652]
2026-01-20 16:13:35,704 - position: [-0.00356111 -1.2430644   0.19198652]
2026-01-20 16:13:35,948 - position: [-0.00356111 -1.2430644   0.19198652]
2026-01-20 16:13:36,173 - position: [-0.00356111 -1.2430644   0.19198652]
2026-01-20 16:13:36,399 - position: [-0.00356111 -1.2430644   0.19198652]
2026-01-20 16:13:36,634 - position: [-0.00356111 -1.2430644   0.19198652]
2026-01-20 16:13:36,856 - position: [-0.00356111 -1.2430644   0.19198652]
2026-01-20 16:13:37,098 - position: [-0.00356111 -1.2430644   0.19198652]
2026-01-20 16:13:37,324 - position: [-0.00356111 -1.2430644   0.19198652]
2026-01-20 16:13:37,550 - position: [-0.00356111 -1.2430644   0.19198652]
2026-01-20 16:13:37,763 - position: [-0.00356111 -1.2430644   0.19198652]
2026-01-20 16:13:38,002 - position: [-0.00356111 -1.2430644   0.19198652]
2026-01-20 16:13:38,233 - position: [-0.00356111 -1.2430644   0.19198652]
2026-01-20 16:13:38,459 - position: [-0.00356111 -1.2430644   0.19198652]
2026-01-20 16:13:38,677 - position: [-0.00356111 -1.2430644   0.19198652]
2026-01-20 16:13:38,894 - position: [-0.00356111 -1.2430644   0.19198652]
2026-01-20 16:13:39,143 - position: [-0.00356111 -1.2430644   0.19198652]
2026-01-20 16:13:39,369 - position: [-0.00356111 -1.2430644   0.19198652]
2026-01-20 16:13:39,611 - position: [-0.00356111 -1.2430644   0.19198652]
2026-01-20 16:13:39,835 - position: [-0.00356111 -1.2430644   0.19198652]
2026-01-20 16:13:40,077 - position: [-0.00356111 -1.2430644   0.19198652]
2026-01-20 16:13:40,317 - position: [-0.00356111 -1.2430644   0.19198652]
2026-01-20 16:13:40,539 - position: [-0.00356111 -1.2430644   0.19198652]
2026-01-20 16:13:40,761 - position: [-0.00356111 -1.2430644   0.19198652]
2026-01-20 16:13:40,991 - position: [-0.00356111 -1.2430644   0.19198652]
2026-01-20 16:13:41,234 - position: [-0.00356111 -1.2430644   0.19198652]
2026-01-20 16:13:41,448 - position: [-0.00356111 -1.2430644   0.19198652]
2026-01-20 16:13:41,702 - position: [-0.00356111 -1.2430644   0.19198652]
2026-01-20 16:13:41,943 - position: [-0.00356111 -1.2430644   0.19198652]
2026-01-20 16:13:42,209 - position: [-0.00356111 -1.2430644   0.19198652]
2026-01-20 16:13:42,421 - position: [-0.00356111 -1.2430644   0.19198652]
2026-01-20 16:13:42,644 - position: [-0.00356111 -1.2430644   0.19198652]
2026-01-20 16:13:42,871 - position: [-0.00356111 -1.2430644   0.19198652]
2026-01-20 16:13:43,102 - position: [-0.00356111 -1.2430644   0.19198652]
2026-01-20 16:13:43,333 - position: [-0.00356111 -1.2430644   0.19198652]
2026-01-20 16:13:43,613 - position: [-0.00356111 -1.2430644   0.19198652]
2026-01-20 16:13:43,856 - position: [-0.00356111 -1.2430644   0.19198652]
2026-01-20 16:13:44,108 - position: [-0.00356111 -1.2430644   0.19198652]
2026-01-20 16:13:44,331 - position: [-0.00356111 -1.2430644   0.19198652]
2026-01-20 16:13:44,572 - position: [-0.00356111 -1.2430644   0.19198652]
2026-01-20 16:13:44,807 - position: [-0.00356111 -1.2430644   0.19198652]
2026-01-20 16:13:45,066 - position: [-0.00356111 -1.2430644   0.19198652]
2026-01-20 16:13:45,296 - position: [-0.00356111 -1.2430644   0.19198652]
2026-01-20 16:13:45,514 - position: [-0.00356111 -1.2430644   0.19198652]
2026-01-20 16:13:45,731 - position: [-0.00356111 -1.2430644   0.19198652]
2026-01-20 16:13:45,973 - position: [-0.00356111 -1.2430644   0.19198652]
2026-01-20 16:13:46,186 - position: [-0.00356111 -1.2430644   0.19198652]
2026-01-20 16:13:46,428 - position: [-0.00356111 -1.2430644   0.19198652]
2026-01-20 16:13:46,666 - position: [-0.00356111 -1.2430644   0.19198652]
2026-01-20 16:13:46,924 - position: [-0.00356111 -1.2430644   0.19198652]
2026-01-20 16:13:47,153 - position: [-0.00356111 -1.2430644   0.19198652]
2026-01-20 16:13:47,384 - position: [-0.00356111 -1.2430644   0.19198652]
2026-01-20 16:13:47,617 - position: [-0.00356111 -1.2430644   0.19198652]
2026-01-20 16:13:47,873 - position: [-0.00356111 -1.2430644   0.19198652]
2026-01-20 16:13:48,116 - position: [-0.00356111 -1.2430644   0.19198652]
2026-01-20 16:13:48,358 - position: [-0.00356111 -1.2430644   0.19198652]
2026-01-20 16:13:48,610 - position: [-0.00356111 -1.2430644   0.19198652]
2026-01-20 16:13:48,837 - position: [-0.00356111 -1.2430644   0.19198652]
2026-01-20 16:13:49,090 - position: [-0.00356111 -1.2430644   0.19198652]
2026-01-20 16:13:49,344 - position: [-0.00356111 -1.2430644   0.19198652]
2026-01-20 16:13:49,553 - position: [-0.00356111 -1.2430644   0.19198652]
2026-01-20 16:13:49,767 - position: [-0.00356111 -1.2430644   0.19198652]
2026-01-20 16:13:50,012 - position: [-0.00356111 -1.2430644   0.19198652]
2026-01-20 16:13:50,252 - position: [ 0.04500662 -1.2406466   0.29480574]
2026-01-20 16:13:50,471 - position: [ 0.06130305 -1.11771512  0.28047207]
2026-01-20 16:13:50,702 - position: [ 0.06042621 -1.10123336  0.26967835]
2026-01-20 16:13:50,941 - position: [ 0.04834696 -1.10163462  0.25076297]
2026-01-20 16:13:51,174 - position: [ 0.04614438 -1.10709465  0.25102594]
2026-01-20 16:13:51,399 - position: [ 0.04498062 -1.10867035  0.2505632 ]
2026-01-20 16:13:51,646 - position: [ 0.04458836 -1.11012506  0.25078925]
2026-01-20 16:13:51,871 - position: [ 0.04286418 -1.11220133  0.24937803]
2026-01-20 16:13:52,091 - position: [ 0.0410564  -1.11572933  0.24859531]
2026-01-20 16:13:52,323 - position: [ 0.0410564  -1.11572933  0.24859531]
2026-01-20 16:13:52,575 - position: [ 0.0410564  -1.11572933  0.24859531]
2026-01-20 16:13:52,827 - position: [ 0.0410564  -1.11572933  0.24859531]
2026-01-20 16:13:53,055 - position: [ 0.0410564  -1.11572933  0.24859531]
2026-01-20 16:13:53,387 - position: [ 0.0410564  -1.11572933  0.24859531]
2026-01-20 16:13:53,606 - position: [ 0.0410564  -1.11572933  0.24859531]
2026-01-20 16:13:53,854 - position: [ 0.07564628 -1.12880051  0.27728865]
2026-01-20 16:13:54,073 - position: [ 0.04861251 -1.1703949   0.25178686]
2026-01-20 16:13:54,319 - position: [ 0.02833334 -1.19126725  0.22542769]
2026-01-20 16:13:54,524 - position: [ 0.00492923 -1.1964016   0.1852088 ]
2026-01-20 16:13:54,765 - position: [ 0.00492923 -1.1964016   0.1852088 ]
2026-01-20 16:13:54,994 - position: [ 0.00492923 -1.1964016   0.1852088 ]
2026-01-20 16:13:55,195 - position: [ 0.00492923 -1.1964016   0.1852088 ]
2026-01-20 16:13:55,434 - position: [ 0.00492923 -1.1964016   0.1852088 ]
2026-01-20 16:13:55,661 - position: [ 0.00492923 -1.1964016   0.1852088 ]
2026-01-20 16:13:55,880 - position: [ 0.00492923 -1.1964016   0.1852088 ]
2026-01-20 16:13:56,168 - position: [ 0.00492923 -1.1964016   0.1852088 ]
2026-01-20 16:13:56,418 - position: [ 0.00492923 -1.1964016   0.1852088 ]
2026-01-20 16:13:56,657 - position: [ 0.00492923 -1.1964016   0.1852088 ]
2026-01-20 16:13:56,866 - position: [ 0.00492923 -1.1964016   0.1852088 ]
2026-01-20 16:13:57,176 - position: [ 0.00492923 -1.1964016   0.1852088 ]
2026-01-20 16:13:57,387 - position: [ 0.00492923 -1.1964016   0.1852088 ]
2026-01-20 16:13:57,617 - position: [ 0.00492923 -1.1964016   0.1852088 ]
2026-01-20 16:13:57,868 - position: [ 0.00492923 -1.1964016   0.1852088 ]
2026-01-20 16:13:58,097 - position: [ 0.00492923 -1.1964016   0.1852088 ]
2026-01-20 16:13:58,418 - position: [ 0.00492923 -1.1964016   0.1852088 ]
2026-01-20 16:13:58,676 - position: [ 0.00492923 -1.1964016   0.1852088 ]
2026-01-20 16:13:58,884 - position: [ 0.00492923 -1.1964016   0.1852088 ]
2026-01-20 16:13:59,118 - position: [ 0.00492923 -1.1964016   0.1852088 ]
2026-01-20 16:13:59,391 - position: [ 0.00492923 -1.1964016   0.1852088 ]
2026-01-20 16:13:59,671 - position: [ 0.00492923 -1.1964016   0.1852088 ]
2026-01-20 16:13:59,926 - position: [ 0.00492923 -1.1964016   0.1852088 ]
2026-01-20 16:14:00,178 - position: [ 0.00492923 -1.1964016   0.1852088 ]
2026-01-20 16:14:00,416 - position: [ 0.00492923 -1.1964016   0.1852088 ]
2026-01-20 16:14:00,685 - position: [ 0.00492923 -1.1964016   0.1852088 ]
2026-01-20 16:14:00,908 - position: [ 0.00492923 -1.1964016   0.1852088 ]
2026-01-20 16:14:01,143 - position: [ 0.00492923 -1.1964016   0.1852088 ]
2026-01-20 16:14:01,352 - position: [ 0.00492923 -1.1964016   0.1852088 ]
2026-01-20 16:14:01,563 - position: [ 0.00492923 -1.1964016   0.1852088 ]
2026-01-20 16:14:01,798 - position: [ 0.00492923 -1.1964016   0.1852088 ]
2026-01-20 16:14:02,022 - position: [ 0.00492923 -1.1964016   0.1852088 ]
2026-01-20 16:14:02,234 - position: [ 0.00492923 -1.1964016   0.1852088 ]
2026-01-20 16:14:02,476 - position: [ 0.00492923 -1.1964016   0.1852088 ]
2026-01-20 16:14:02,688 - position: [ 0.00492923 -1.1964016   0.1852088 ]
2026-01-20 16:14:02,924 - position: [ 0.00492923 -1.1964016   0.1852088 ]
2026-01-20 16:14:03,176 - position: [ 0.00492923 -1.1964016   0.1852088 ]
2026-01-20 16:14:03,408 - position: [ 0.00492923 -1.1964016   0.1852088 ]
2026-01-20 16:14:03,644 - position: [ 0.00492923 -1.1964016   0.1852088 ]
2026-01-20 16:14:03,880 - position: [ 0.00492923 -1.1964016   0.1852088 ]
2026-01-20 16:14:04,108 - position: [ 0.00492923 -1.1964016   0.1852088 ]
2026-01-20 16:14:04,319 - position: [ 0.00492923 -1.1964016   0.1852088 ]
2026-01-20 16:14:04,556 - position: [ 0.00492923 -1.1964016   0.1852088 ]
2026-01-20 16:14:04,810 - position: [ 0.00492923 -1.1964016   0.1852088 ]
2026-01-20 16:14:05,071 - position: [ 0.00492923 -1.1964016   0.1852088 ]
2026-01-20 16:14:05,319 - position: [ 0.00492923 -1.1964016   0.1852088 ]
2026-01-20 16:14:05,539 - position: [ 0.00492923 -1.1964016   0.1852088 ]
2026-01-20 16:14:05,773 - position: [ 0.00492923 -1.1964016   0.1852088 ]
2026-01-20 16:14:05,996 - position: [ 0.00492923 -1.1964016   0.1852088 ]
2026-01-20 16:14:06,227 - position: [ 0.00492923 -1.1964016   0.1852088 ]
2026-01-20 16:14:06,453 - position: [ 0.00492923 -1.1964016   0.1852088 ]
2026-01-20 16:14:06,739 - position: [ 0.00492923 -1.1964016   0.1852088 ]
2026-01-20 16:14:06,965 - position: [ 0.00492923 -1.1964016   0.1852088 ]
2026-01-20 16:14:07,186 - position: [ 0.00492923 -1.1964016   0.1852088 ]
2026-01-20 16:14:07,487 - position: [ 0.00492923 -1.1964016   0.1852088 ]
2026-01-20 16:14:07,818 - position: [ 0.00492923 -1.1964016   0.1852088 ]
2026-01-20 16:14:08,054 - position: [ 0.00492923 -1.1964016   0.1852088 ]
2026-01-20 16:14:08,261 - position: [ 0.00492923 -1.1964016   0.1852088 ]
2026-01-20 16:14:08,496 - position: [ 0.00492923 -1.1964016   0.1852088 ]
2026-01-20 16:14:08,725 - position: [ 0.00492923 -1.1964016   0.1852088 ]
2026-01-20 16:14:08,941 - position: [ 0.00492923 -1.1964016   0.1852088 ]
2026-01-20 16:14:09,170 - position: [ 0.00492923 -1.1964016   0.1852088 ]
2026-01-20 16:14:09,414 - position: [ 0.00492923 -1.1964016   0.1852088 ]
2026-01-20 16:14:09,737 - position: [ 0.00492923 -1.1964016   0.1852088 ]
2026-01-20 16:14:09,961 - position: [ 0.00492923 -1.1964016   0.1852088 ]
2026-01-20 16:14:10,245 - position: [ 0.00492923 -1.1964016   0.1852088 ]
2026-01-20 16:14:10,480 - position: [ 0.00492923 -1.1964016   0.1852088 ]
2026-01-20 16:14:10,766 - position: [ 0.00492923 -1.1964016   0.1852088 ]
2026-01-20 16:14:11,012 - position: [ 0.00492923 -1.1964016   0.1852088 ]
2026-01-20 16:14:11,229 - position: [ 0.00492923 -1.1964016   0.1852088 ]
2026-01-20 16:14:11,460 - position: [ 0.00492923 -1.1964016   0.1852088 ]
2026-01-20 16:14:11,700 - position: [ 0.00492923 -1.1964016   0.1852088 ]
2026-01-20 16:14:11,913 - position: [ 0.00492923 -1.1964016   0.1852088 ]
2026-01-20 16:14:12,126 - position: [ 0.00492923 -1.1964016   0.1852088 ]
2026-01-20 16:14:12,427 - position: [ 0.00492923 -1.1964016   0.1852088 ]
2026-01-20 16:14:12,650 - position: [ 0.00492923 -1.1964016   0.1852088 ]
2026-01-20 16:14:12,883 - position: [ 0.00492923 -1.1964016   0.1852088 ]
2026-01-20 16:14:13,094 - position: [ 0.00492923 -1.1964016   0.1852088 ]
2026-01-20 16:14:13,344 - position: [ 0.00492923 -1.1964016   0.1852088 ]
2026-01-20 16:14:13,563 - position: [ 0.00492923 -1.1964016   0.1852088 ]
2026-01-20 16:14:13,810 - position: [ 0.00492923 -1.1964016   0.1852088 ]
2026-01-20 16:14:14,041 - position: [ 0.00492923 -1.1964016   0.1852088 ]
2026-01-20 16:14:14,264 - position: [ 0.00492923 -1.1964016   0.1852088 ]
2026-01-20 16:14:14,594 - position: [ 0.00492923 -1.1964016   0.1852088 ]
2026-01-20 16:14:14,816 - position: [ 0.00492923 -1.1964016   0.1852088 ]
2026-01-20 16:14:15,033 - position: [ 0.00492923 -1.1964016   0.1852088 ]
2026-01-20 16:14:15,245 - position: [ 0.00492923 -1.1964016   0.1852088 ]
2026-01-20 16:14:15,459 - position: [ 0.00492923 -1.1964016   0.1852088 ]
2026-01-20 16:14:15,667 - position: [ 0.00492923 -1.1964016   0.1852088 ]
2026-01-20 16:14:15,912 - position: [ 0.00492923 -1.1964016   0.1852088 ]
2026-01-20 16:14:16,151 - position: [ 0.00492923 -1.1964016   0.1852088 ]
2026-01-20 16:14:16,375 - position: [ 0.00492923 -1.1964016   0.1852088 ]
2026-01-20 16:14:16,600 - position: [ 0.00492923 -1.1964016   0.1852088 ]
2026-01-20 16:14:16,827 - position: [ 0.00492923 -1.1964016   0.1852088 ]
2026-01-20 16:14:17,050 - position: [ 0.00492923 -1.1964016   0.1852088 ]
2026-01-20 16:14:17,255 - position: [ 0.00492923 -1.1964016   0.1852088 ]
2026-01-20 16:14:17,483 - position: [ 0.00492923 -1.1964016   0.1852088 ]
2026-01-20 16:14:17,733 - position: [ 0.00492923 -1.1964016   0.1852088 ]
2026-01-20 16:14:17,940 - position: [ 0.00492923 -1.1964016   0.1852088 ]
2026-01-20 16:14:18,210 - position: [ 0.00492923 -1.1964016   0.1852088 ]
2026-01-20 16:14:18,428 - position: [ 0.00492923 -1.1964016   0.1852088 ]
2026-01-20 16:14:18,749 - position: [ 0.00492923 -1.1964016   0.1852088 ]
2026-01-20 16:14:18,953 - position: [ 0.00492923 -1.1964016   0.1852088 ]
2026-01-20 16:14:19,172 - position: [ 0.00492923 -1.1964016   0.1852088 ]
2026-01-20 16:14:19,442 - position: [ 0.00492923 -1.1964016   0.1852088 ]
2026-01-20 16:14:19,681 - position: [ 0.00492923 -1.1964016   0.1852088 ]
2026-01-20 16:14:19,926 - position: [ 0.00492923 -1.1964016   0.1852088 ]
2026-01-20 16:14:20,136 - position: [ 0.00492923 -1.1964016   0.1852088 ]
2026-01-20 16:14:20,396 - position: [ 0.00492923 -1.1964016   0.1852088 ]
2026-01-20 16:14:20,611 - position: [ 0.00492923 -1.1964016   0.1852088 ]
2026-01-20 16:14:20,852 - position: [ 0.00492923 -1.1964016   0.1852088 ]
2026-01-20 16:14:21,096 - position: [ 0.00492923 -1.1964016   0.1852088 ]
2026-01-20 16:14:21,337 - position: [ 0.00492923 -1.1964016   0.1852088 ]
2026-01-20 16:14:21,583 - position: [ 0.00492923 -1.1964016   0.1852088 ]
2026-01-20 16:14:21,823 - position: [ 0.00492923 -1.1964016   0.1852088 ]
2026-01-20 16:14:22,039 - position: [ 0.00492923 -1.1964016   0.1852088 ]
2026-01-20 16:14:22,276 - position: [ 0.00492923 -1.1964016   0.1852088 ]
2026-01-20 16:14:22,522 - position: [ 0.00492923 -1.1964016   0.1852088 ]
2026-01-20 16:14:22,760 - position: [ 0.00492923 -1.1964016   0.1852088 ]
2026-01-20 16:14:22,963 - position: [ 0.00492923 -1.1964016   0.1852088 ]
2026-01-20 16:14:23,209 - position: [ 0.00492923 -1.1964016   0.1852088 ]
2026-01-20 16:14:23,419 - position: [ 0.00492923 -1.1964016   0.1852088 ]
2026-01-20 16:14:23,666 - position: [ 0.00492923 -1.1964016   0.1852088 ]
2026-01-20 16:14:23,900 - position: [ 0.00492923 -1.1964016   0.1852088 ]
2026-01-20 16:14:24,147 - position: [ 0.00492923 -1.1964016   0.1852088 ]
2026-01-20 16:14:24,396 - position: [ 0.00492923 -1.1964016   0.1852088 ]
2026-01-20 16:14:24,624 - position: [ 0.00492923 -1.1964016   0.1852088 ]
2026-01-20 16:14:24,862 - position: [ 0.00492923 -1.1964016   0.1852088 ]
2026-01-20 16:14:25,070 - position: [ 0.00492923 -1.1964016   0.1852088 ]
2026-01-20 16:14:25,298 - position: [ 0.00492923 -1.1964016   0.1852088 ]
2026-01-20 16:14:25,550 - position: [ 0.00492923 -1.1964016   0.1852088 ]
2026-01-20 16:14:25,797 - position: [ 0.00492923 -1.1964016   0.1852088 ]
