2026-01-21 11:09:26,571 - position: [ 0.34570029 -1.28749204  0.81179434]
2026-01-21 11:09:26,795 - position: [ 0.34568995 -1.28763545  0.811813  ]
2026-01-21 11:09:27,033 - position: [ 0.34541246 -1.28835189  0.81218535]
2026-01-21 11:09:27,362 - position: [ 0.34543341 -1.28987861  0.81294155]
2026-01-21 11:09:27,627 - position: [ 0.34534398 -1.28969872  0.81314415]
2026-01-21 11:09:27,881 - position: [ 0.34517866 -1.29045975  0.81367797]
2026-01-21 11:09:28,117 - position: [ 0.34558809 -1.29062498  0.81377864]
2026-01-21 11:09:28,329 - position: [ 0.34681609 -1.29116344  0.81396216]
2026-01-21 11:09:28,556 - position: [ 0.35246626 -1.29223239  0.81401801]
2026-01-21 11:09:28,800 - position: [ 0.35384586 -1.29249895  0.81339705]
2026-01-21 11:09:29,035 - position: [ 0.35341543 -1.29019105  0.81376892]
2026-01-21 11:09:29,293 - position: [ 0.35790703 -1.28866363  0.81379962]
2026-01-21 11:09:29,525 - position: [ 0.35798243 -1.28695273  0.81332898]
2026-01-21 11:09:29,772 - position: [ 0.36779809 -1.26640403  0.81384057]
2026-01-21 11:09:30,084 - position: [ 0.41876879 -1.21536601  0.83487624]
2026-01-21 11:09:30,344 - position: [ 0.41876879 -1.21536601  0.83487624]
2026-01-21 11:09:30,599 - position: [ 0.41876879 -1.21536601  0.83487624]
2026-01-21 11:09:30,881 - position: [ 0.41876879 -1.21536601  0.83487624]
2026-01-21 11:09:31,091 - position: [ 0.43021294 -1.35609806  1.98676169]
2026-01-21 11:09:31,313 - position: [ 0.44523764 -1.29523623  1.96538973]
2026-01-21 11:09:31,570 - position: [ 0.457901   -1.24673057  1.94161868]
2026-01-21 11:09:31,806 - position: [ 0.46701545 -1.22094393  1.92539346]
2026-01-21 11:09:32,026 - position: [ 0.52614713 -1.07380116  0.99378341]
2026-01-21 11:09:32,270 - position: [ 0.42785904 -1.30800581  0.80598605]
2026-01-21 11:09:32,524 - position: [ 0.40245697 -1.35256517  0.79392046]
2026-01-21 11:09:32,760 - position: [ 0.3986803  -1.35626984  0.793764  ]
2026-01-21 11:09:32,977 - position: [ 0.39648515 -1.35817301  0.79366368]
2026-01-21 11:09:33,236 - position: [ 0.36226287 -1.30251372  0.80186105]
2026-01-21 11:09:33,437 - position: [ 0.37046993 -1.30731714  0.79828691]
2026-01-21 11:09:33,647 - position: [ 0.36923799 -1.28711176  0.80089635]
2026-01-21 11:09:33,871 - position: [ 0.35454786 -1.28797555  0.8053779 ]
2026-01-21 11:09:34,090 - position: [ 0.35611725 -1.30275989  0.80305272]
2026-01-21 11:09:34,319 - position: [ 0.36998302 -1.34473634  0.80288541]
2026-01-21 11:09:34,537 - position: [ 0.37421435 -1.34287989  0.8070153 ]
2026-01-21 11:09:34,767 - position: [ 0.37321764 -1.33827639  0.80779308]
2026-01-21 11:09:35,008 - position: [ 0.35190952 -1.30058432  0.80625719]
2026-01-21 11:09:35,227 - position: [ 0.33809689 -1.28695989  0.80508256]
2026-01-21 11:09:35,452 - position: [ 0.33286855 -1.2806617   0.8052035 ]
2026-01-21 11:09:35,718 - position: [ 0.33030692 -1.27545893  0.80457383]
2026-01-21 11:09:36,003 - position: [ 0.32393998 -1.27383256  0.80371654]
2026-01-21 11:09:36,234 - position: [ 0.32146335 -1.27009463  0.80369985]
2026-01-21 11:09:36,444 - position: [ 0.3227872  -1.26804388  0.80420059]
2026-01-21 11:09:36,683 - position: [ 0.32488334 -1.26781285  0.80454344]
2026-01-21 11:09:36,918 - position: [ 0.37582996 -1.26741815  0.80980873]
2026-01-21 11:09:37,152 - position: [ 0.38667434 -1.26696301  0.81133759]
2026-01-21 11:09:37,360 - position: [ 0.43392977 -1.27136219  0.81699616]
2026-01-21 11:09:37,594 - position: [ 0.44026637 -1.29022634  0.81890249]
2026-01-21 11:09:37,842 - position: [ 0.45730811 -1.30059099  0.82349777]
2026-01-21 11:09:38,061 - position: [ 0.4538762  -1.30804658  0.82455146]
2026-01-21 11:09:38,294 - position: [ 0.44857252 -1.30716681  0.82032204]
2026-01-21 11:09:38,539 - position: [ 0.43998328 -1.29970288  0.81739366]
2026-01-21 11:09:38,834 - position: [ 0.4405055  -1.26820564  0.81536096]
2026-01-21 11:09:39,070 - position: [ 0.44905743 -1.23411143  0.82254189]
2026-01-21 11:09:39,360 - position: [ 0.4979555  -1.17435086  0.87314457]
2026-01-21 11:09:39,635 - position: [ 0.41492391 -1.22430944  0.81523412]
2026-01-21 11:09:39,870 - position: [ 0.35659233 -1.26439703  0.79485089]
2026-01-21 11:09:40,177 - position: [ 0.35615468 -1.25533593  0.79707658]
2026-01-21 11:09:40,413 - position: [ 0.35097137 -1.24799228  0.8027252 ]
2026-01-21 11:09:40,646 - position: [ 0.35534245 -1.26493967  0.80009866]
2026-01-21 11:09:40,879 - position: [ 0.36308026 -1.28043056  0.79941857]
2026-01-21 11:09:41,132 - position: [ 0.37008971 -1.28665411  0.80131543]
2026-01-21 11:09:41,373 - position: [ 0.42148417 -1.27879488  0.81688678]
2026-01-21 11:09:41,614 - position: [ 0.36753437 -1.29171276  0.8079288 ]
2026-01-21 11:09:41,843 - position: [ 0.37359425 -1.28924835  0.81089407]
2026-01-21 11:09:42,056 - position: [ 0.38127455 -1.29348612  0.81158984]
2026-01-21 11:09:42,283 - position: [ 0.37761652 -1.30194473  0.80893755]
2026-01-21 11:09:42,509 - position: [ 0.37897843 -1.32631886  0.80901772]
2026-01-21 11:09:42,721 - position: [ 0.37603122 -1.32656026  0.80872762]
2026-01-21 11:09:42,965 - position: [ 0.37133557 -1.32351363  0.80790794]
2026-01-21 11:09:43,199 - position: [ 0.37069705 -1.32279527  0.80776346]
2026-01-21 11:09:43,417 - position: [ 0.36516577 -1.3158145   0.80760169]
2026-01-21 11:09:43,688 - position: [ 0.3638185  -1.30975795  0.80756754]
2026-01-21 11:09:43,920 - position: [ 0.3590793  -1.3020128   0.80703771]
2026-01-21 11:09:44,144 - position: [ 0.35761356 -1.29824257  0.80653983]
2026-01-21 11:09:44,354 - position: [ 0.35274655 -1.28892374  0.80576444]
2026-01-21 11:09:44,595 - position: [ 0.35118961 -1.28026676  0.80514109]
2026-01-21 11:09:44,821 - position: [ 0.35169649 -1.27504063  0.80457443]
2026-01-21 11:09:45,043 - position: [ 0.35294616 -1.26557374  0.80276936]
2026-01-21 11:09:45,249 - position: [ 0.35281661 -1.26203668  0.80192673]
2026-01-21 11:09:45,502 - position: [ 0.35215712 -1.25463521  0.80041695]
2026-01-21 11:09:45,717 - position: [ 0.35249275 -1.25052488  0.79949248]
2026-01-21 11:09:45,924 - position: [ 0.35253006 -1.24971211  0.79907542]
2026-01-21 11:09:46,196 - position: [ 0.35409456 -1.25570261  0.79995978]
2026-01-21 11:09:46,521 - position: [ 0.35382596 -1.26372337  0.80104387]
2026-01-21 11:09:46,798 - position: [ 0.35210875 -1.27307189  0.80078679]
2026-01-21 11:09:47,025 - position: [ 0.34928107 -1.26738107  0.80096418]
2026-01-21 11:09:47,241 - position: [ 0.34855685 -1.26191902  0.80032319]
2026-01-21 11:09:47,506 - position: [ 0.3475     -1.2559936   0.79949147]
2026-01-21 11:09:47,709 - position: [ 0.33831742 -1.21650457  0.79851091]
2026-01-21 11:09:47,937 - position: [ 0.33831742 -1.21650457  0.79851091]
2026-01-21 11:09:48,174 - position: [ 0.33611253 -1.22068357  0.79858714]
2026-01-21 11:09:48,395 - position: [ 0.34294179 -1.23844123  0.79831201]
2026-01-21 11:09:48,628 - position: [ 0.34786201 -1.26403558  0.79881716]
2026-01-21 11:09:48,885 - position: [ 0.35045585 -1.28009629  0.79996854]
2026-01-21 11:09:49,113 - position: [ 0.34841475 -1.31192017  0.80250674]
2026-01-21 11:09:49,327 - position: [ 0.34887627 -1.31576622  0.80281055]
2026-01-21 11:09:49,554 - position: [ 0.35314003 -1.33766508  0.80649424]
2026-01-21 11:09:49,797 - position: [ 0.35124519 -1.34069014  0.8073765 ]
2026-01-21 11:09:50,005 - position: [ 0.3469761  -1.34913433  0.80741793]
2026-01-21 11:09:50,242 - position: [ 0.34771323 -1.35294557  0.80742633]
2026-01-21 11:09:50,475 - position: [ 0.34795982 -1.35231113  0.80735105]
2026-01-21 11:09:50,763 - position: [ 0.3487336  -1.35045016  0.80705553]
2026-01-21 11:09:51,001 - position: [ 0.34884235 -1.34326184  0.8051514 ]
2026-01-21 11:09:51,246 - position: [ 0.34943834 -1.32434094  0.80331403]
2026-01-21 11:09:51,488 - position: [ 0.34971637 -1.31540954  0.80283278]
2026-01-21 11:09:51,705 - position: [ 0.35094413 -1.29939032  0.80280739]
2026-01-21 11:09:52,000 - position: [ 0.35024285 -1.29523742  0.80203944]
2026-01-21 11:09:52,235 - position: [ 0.3484728  -1.29261971  0.80135387]
2026-01-21 11:09:52,469 - position: [ 0.34376457 -1.28806603  0.79831308]
2026-01-21 11:09:52,710 - position: [ 0.34229115 -1.28362978  0.79752302]
2026-01-21 11:09:52,981 - position: [ 0.34154552 -1.27905214  0.7971344 ]
2026-01-21 11:09:53,202 - position: [ 0.34198859 -1.27079058  0.79728222]
2026-01-21 11:09:53,442 - position: [ 0.34537083 -1.25371277  0.79768777]
2026-01-21 11:09:53,648 - position: [ 0.34438422 -1.22793126  0.79772371]
2026-01-21 11:09:53,860 - position: [ 0.34116969 -1.22271132  0.79565138]
2026-01-21 11:09:54,090 - position: [ 0.33712438 -1.22094893  0.79179788]
2026-01-21 11:09:54,330 - position: [ 0.33423132 -1.21984565  0.78981334]
2026-01-21 11:09:54,541 - position: [ 0.32550591 -1.22077131  0.78910971]
2026-01-21 11:09:54,806 - position: [ 0.32505971 -1.2216239   0.7891413 ]
2026-01-21 11:09:55,047 - position: [ 0.34221679 -1.24209821  0.79081559]
2026-01-21 11:09:55,284 - position: [ 0.36381    -1.24984467  0.79368275]
2026-01-21 11:09:55,538 - position: [ 0.41085497 -1.25314534  0.80386561]
2026-01-21 11:09:55,764 - position: [ 0.40685216 -1.26887786  0.80453438]
2026-01-21 11:09:56,051 - position: [ 0.43218899 -1.283813    0.80947655]
2026-01-21 11:09:56,286 - position: [ 0.52709776 -1.26902604  0.84595042]
2026-01-21 11:09:56,549 - position: [ 0.49821886 -1.26715827  0.83363962]
2026-01-21 11:09:56,795 - position: [ 0.35569605 -1.29154801  0.79664999]
2026-01-21 11:09:57,028 - position: [ 0.37432802 -1.27684116  0.80095327]
2026-01-21 11:09:57,284 - position: [ 0.3565028  -1.26297247  0.79983944]
2026-01-21 11:09:57,518 - position: [ 0.35549933 -1.2635783   0.79864997]
2026-01-21 11:09:57,749 - position: [ 0.35095155 -1.27778006  0.79741526]
2026-01-21 11:09:57,981 - position: [ 0.35682276 -1.28923452  0.79786295]
2026-01-21 11:09:58,198 - position: [ 0.35713413 -1.29458988  0.79803902]
2026-01-21 11:09:58,449 - position: [ 0.35503569 -1.29448915  0.79860014]
2026-01-21 11:09:58,726 - position: [ 0.35374004 -1.30166578  0.79858863]
2026-01-21 11:09:58,960 - position: [ 0.35382143 -1.30448079  0.79903704]
2026-01-21 11:09:59,181 - position: [ 0.35377175 -1.30373693  0.79916334]
2026-01-21 11:09:59,413 - position: [ 0.35318139 -1.30050588  0.79863673]
2026-01-21 11:09:59,676 - position: [ 0.35252297 -1.2910136   0.7978065 ]
2026-01-21 11:09:59,912 - position: [ 0.35278967 -1.28899729  0.79747856]
2026-01-21 11:10:00,156 - position: [ 0.35377458 -1.286515    0.79694933]
2026-01-21 11:10:00,377 - position: [ 0.35442802 -1.28505337  0.79667622]
2026-01-21 11:10:00,599 - position: [ 0.3566322  -1.2822063   0.79553366]
2026-01-21 11:10:00,823 - position: [ 0.35762876 -1.28117609  0.79577613]
2026-01-21 11:10:01,103 - position: [ 0.35852423 -1.28119326  0.79617178]
2026-01-21 11:10:01,342 - position: [ 0.35938761 -1.28327405  0.79698759]
2026-01-21 11:10:01,560 - position: [ 0.35979939 -1.28392315  0.79789305]
2026-01-21 11:10:01,777 - position: [ 0.35982457 -1.27979898  0.79939735]
2026-01-21 11:10:02,028 - position: [ 0.45319286 -1.14408708  0.87750024]
2026-01-21 11:10:02,293 - position: [ 0.45319286 -1.14408708  0.87750024]
2026-01-21 11:10:02,514 - position: [ 0.45319286 -1.14408708  0.87750024]
2026-01-21 11:10:02,727 - position: [ 0.40988755 -1.38398123  1.96732438]
2026-01-21 11:10:02,948 - position: [ 0.42677516 -1.34577048  1.96580911]
2026-01-21 11:10:03,162 - position: [ 0.42677516 -1.34577048  1.96580911]
2026-01-21 11:10:03,414 - position: [ 0.42677516 -1.34577048  1.96580911]
2026-01-21 11:10:03,661 - position: [ 0.42677516 -1.34577048  1.96580911]
2026-01-21 11:10:03,995 - position: [ 0.43071258 -1.17352092  0.83349633]
2026-01-21 11:10:04,220 - position: [ 0.4019554  -1.33404803  0.79345882]
2026-01-21 11:10:04,435 - position: [ 0.42725092 -1.28819513  0.80957484]
2026-01-21 11:10:04,673 - position: [ 0.43969297 -1.26817763  0.81512123]
2026-01-21 11:10:04,904 - position: [ 0.44006979 -1.26808929  0.81508559]
2026-01-21 11:10:05,127 - position: [ 0.42979985 -1.27986252  0.80640727]
2026-01-21 11:10:05,336 - position: [ 0.42183203 -1.28672266  0.8012014 ]
2026-01-21 11:10:05,575 - position: [ 0.44022334 -1.27030456  0.8082726 ]
2026-01-21 11:10:05,848 - position: [ 0.42411625 -1.24145412  0.80960822]
2026-01-21 11:10:06,051 - position: [ 0.42983642 -1.27872694  0.80148792]
2026-01-21 11:10:06,281 - position: [ 0.43201032 -1.28700829  0.80133122]
2026-01-21 11:10:06,519 - position: [ 0.42501128 -1.29664433  0.80039531]
2026-01-21 11:10:06,765 - position: [ 0.42164719 -1.28703892  0.80410457]
2026-01-21 11:10:06,984 - position: [ 0.41994455 -1.28471875  0.805197  ]
2026-01-21 11:10:07,217 - position: [ 0.43287101 -1.2684772   0.81142271]
2026-01-21 11:10:07,459 - position: [ 0.43394065 -1.22851145  0.8176409 ]
2026-01-21 11:10:07,685 - position: [ 0.42839536 -1.20707667  0.81880236]
2026-01-21 11:10:07,906 - position: [ 0.42839536 -1.20707667  0.81880236]
2026-01-21 11:10:08,134 - position: [ 0.42573789 -1.22787511  0.81286711]
2026-01-21 11:10:08,367 - position: [ 0.42305398 -1.23121715  0.81104302]
2026-01-21 11:10:08,618 - position: [ 0.42332241 -1.22569144  0.80981356]
2026-01-21 11:10:08,862 - position: [ 0.46413374 -1.22520101  0.82745111]
2026-01-21 11:10:09,108 - position: [ 0.46719453 -1.20881307  0.83400255]
2026-01-21 11:10:09,397 - position: [ 0.43869153 -1.20264637  0.8288666 ]
2026-01-21 11:10:09,629 - position: [ 0.43538171 -1.23129535  0.81545162]
2026-01-21 11:10:09,846 - position: [ 0.43288571 -1.23454583  0.82487297]
2026-01-21 11:10:10,073 - position: [ 0.5048418  -1.25465798  0.84394395]
2026-01-21 11:10:10,340 - position: [ 0.53600144 -1.29779673  0.84559637]
2026-01-21 11:10:10,555 - position: [ 0.55242312 -1.29178739  0.857669  ]
2026-01-21 11:10:10,848 - position: [ 0.51539433 -1.22423232  0.85863543]
2026-01-21 11:10:11,078 - position: [ 0.43367687 -1.25053358  0.82173169]
2026-01-21 11:10:11,361 - position: [ 0.36383212 -1.27578759  0.80341893]
2026-01-21 11:10:11,592 - position: [ 0.43556935 -1.25163412  0.8151474 ]
2026-01-21 11:10:11,877 - position: [ 0.56188768 -1.22149754  0.88216943]
2026-01-21 11:10:12,182 - position: [ 0.47404194 -1.25479805  0.8399114 ]
2026-01-21 11:10:12,458 - position: [ 0.41148338 -1.29251134  0.80957621]
2026-01-21 11:10:12,693 - position: [ 0.38088259 -1.30820096  0.801319  ]
2026-01-21 11:10:12,945 - position: [ 0.36622393 -1.30658436  0.79960674]
2026-01-21 11:10:13,158 - position: [ 0.35660756 -1.30535531  0.79630411]
2026-01-21 11:10:13,371 - position: [ 0.36436325 -1.28147388  0.79978263]
2026-01-21 11:10:13,611 - position: [ 0.36436325 -1.28147388  0.79978263]
2026-01-21 11:10:13,815 - position: [ 0.35317442 -1.25950491  0.80072612]
2026-01-21 11:10:14,046 - position: [ 0.35354611 -1.25965869  0.80026138]
2026-01-21 11:10:14,254 - position: [ 0.3535257  -1.25990796  0.79984665]
2026-01-21 11:10:14,479 - position: [ 0.35298586 -1.25232732  0.80296719]
2026-01-21 11:10:14,697 - position: [ 0.35403055 -1.25240982  0.80343622]
2026-01-21 11:10:14,935 - position: [ 0.35379842 -1.24718809  0.80502391]
2026-01-21 11:10:15,181 - position: [ 0.35268989 -1.24618042  0.80512094]
2026-01-21 11:10:15,387 - position: [ 0.35360309 -1.24619985  0.80481851]
2026-01-21 11:10:15,604 - position: [ 0.35455921 -1.24604607  0.80408853]
2026-01-21 11:10:15,828 - position: [ 0.35458681 -1.24571943  0.8037529 ]
2026-01-21 11:10:16,090 - position: [ 0.35175887 -1.24022377  0.80144173]
2026-01-21 11:10:16,345 - position: [ 0.35680178 -1.23574162  0.79950655]
2026-01-21 11:10:16,564 - position: [ 0.38603345 -1.22678268  0.80294734]
2026-01-21 11:10:16,831 - position: [ 0.44647631 -1.21548593  0.8139469 ]
2026-01-21 11:10:17,039 - position: [ 0.45374766 -1.23446321  0.81224751]
2026-01-21 11:10:17,288 - position: [ 0.46174648 -1.24822605  0.81106853]
2026-01-21 11:10:17,517 - position: [ 0.47193342 -1.25609946  0.81238061]
2026-01-21 11:10:17,729 - position: [ 0.4956789  -1.26452577  0.82109195]
2026-01-21 11:10:18,025 - position: [ 0.48708376 -1.2665205   0.81810629]
2026-01-21 11:10:18,249 - position: [ 0.48708376 -1.2665205   0.81810629]
2026-01-21 11:10:18,463 - position: [ 0.44845745 -1.27246261  0.80603677]
2026-01-21 11:10:18,682 - position: [ 0.40198532 -1.25751269  0.80188107]
2026-01-21 11:10:18,979 - position: [ 0.36130998 -1.23671103  0.80469739]
2026-01-21 11:10:19,214 - position: [ 0.37015715 -1.22725451  0.80854416]
2026-01-21 11:10:19,428 - position: [ 0.37481731 -1.23244393  0.80763185]
2026-01-21 11:10:19,643 - position: [ 0.37382939 -1.22432339  0.80875671]
2026-01-21 11:10:19,955 - position: [ 0.37527409 -1.22425556  0.80878717]
2026-01-21 11:10:20,194 - position: [ 0.38561547 -1.2112745   0.81912273]
2026-01-21 11:10:20,460 - position: [ 0.42557475 -1.20944333  0.82898676]
2026-01-21 11:10:20,694 - position: [ 0.47317946 -1.20514035  0.84475166]
2026-01-21 11:10:20,918 - position: [ 0.48524368 -1.19714117  0.85468882]
2026-01-21 11:10:21,137 - position: [ 0.4710719  -1.22342777  0.83454031]
2026-01-21 11:10:21,370 - position: [ 0.47300914 -1.22660816  0.8339504 ]
2026-01-21 11:10:21,628 - position: [ 0.47178304 -1.22315669  0.8340289 ]
2026-01-21 11:10:21,900 - position: [ 0.45402163 -1.20676792  0.8385663 ]
2026-01-21 11:10:22,122 - position: [ 0.46651027 -1.21963453  0.83550704]
2026-01-21 11:10:22,407 - position: [ 0.49961022 -1.2362957   0.83486974]
2026-01-21 11:10:22,624 - position: [ 0.50441438 -1.22914016  0.84455675]
2026-01-21 11:10:22,854 - position: [ 0.48282015 -1.22383022  0.83448446]
2026-01-21 11:10:23,057 - position: [ 0.46279144 -1.23669064  0.82124233]
2026-01-21 11:10:23,299 - position: [ 0.44726595 -1.24112093  0.81354523]
2026-01-21 11:10:23,516 - position: [ 0.53907537 -1.2266618   0.85194981]
2026-01-21 11:10:23,726 - position: [ 0.52718139 -1.22296584  0.847269  ]
2026-01-21 11:10:23,955 - position: [ 0.52718139 -1.22296584  0.847269  ]
2026-01-21 11:10:24,178 - position: [ 0.38045937 -1.23436034  0.80575782]
2026-01-21 11:10:24,398 - position: [ 0.49391407 -1.20849144  0.84469199]
2026-01-21 11:10:24,653 - position: [ 0.60508192 -1.24625707  0.88315195]
2026-01-21 11:10:24,899 - position: [ 0.59979177 -1.24982476  0.88006753]
2026-01-21 11:10:25,103 - position: [ 0.55413109 -1.24907243  0.86573321]
2026-01-21 11:10:25,340 - position: [ 0.40009391 -1.19570625  0.8308115 ]
2026-01-21 11:10:25,576 - position: [ 0.36044395 -1.22174275  0.80855256]
2026-01-21 11:10:25,816 - position: [ 0.40361643 -1.25045335  0.8022086 ]
2026-01-21 11:10:26,049 - position: [ 0.38623881 -1.23168588  0.80609792]
2026-01-21 11:10:26,257 - position: [ 0.10126893 -1.12364841  0.98345554]
2026-01-21 11:10:26,510 - position: [-1.05557428e-03 -1.15360022e+00  1.11202073e+00]
2026-01-21 11:10:26,753 - position: [ 0.00354578 -1.15970254  1.18211627]
2026-01-21 11:10:27,065 - position: [ 0.0045502  -1.18672478  1.23316872]
2026-01-21 11:10:27,295 - position: [ 0.25421873 -1.13315141  0.87489945]
2026-01-21 11:10:27,537 - position: [ 0.52525491 -1.30247021  0.83611548]
2026-01-21 11:10:27,747 - position: [ 0.53263617 -1.30829597  0.84676731]
2026-01-21 11:10:27,970 - position: [ 0.5269075  -1.30354905  0.84671485]
2026-01-21 11:10:28,181 - position: [ 0.39891547 -1.28086615  0.80284667]
2026-01-21 11:10:28,403 - position: [ 0.36006737 -1.27735662  0.79194379]
2026-01-21 11:10:28,649 - position: [ 0.37451109 -1.24381852  0.80234915]
2026-01-21 11:10:28,872 - position: [ 0.3667585  -1.23324072  0.80361307]
2026-01-21 11:10:29,124 - position: [ 0.34703788 -1.22795868  0.79770762]
2026-01-21 11:10:29,363 - position: [ 0.35063615 -1.22446668  0.79789943]
2026-01-21 11:10:29,565 - position: [ 0.35325471 -1.22111332  0.79648274]
2026-01-21 11:10:29,852 - position: [ 0.42702353 -1.22241521  0.81025028]
2026-01-21 11:10:30,075 - position: [ 0.48759323 -1.22427011  0.82226324]
2026-01-21 11:10:30,322 - position: [ 0.49944615 -1.22898138  0.82793355]
2026-01-21 11:10:30,605 - position: [ 0.49210399 -1.21123016  0.83181894]
2026-01-21 11:10:30,825 - position: [ 0.46795675 -1.22339749  0.82228011]
2026-01-21 11:10:31,099 - position: [ 0.46795675 -1.22339749  0.82228011]
2026-01-21 11:10:31,390 - position: [ 0.39664912 -1.25043011  0.79656297]
2026-01-21 11:10:31,629 - position: [ 0.40390268 -1.23286557  0.80148894]
2026-01-21 11:10:31,896 - position: [ 0.41094571 -1.2282759   0.80161941]
2026-01-21 11:10:32,153 - position: [ 0.41149405 -1.23212826  0.80135477]
2026-01-21 11:10:32,377 - position: [ 0.39217073 -1.24651778  0.79570371]
2026-01-21 11:10:32,594 - position: [ 0.37544954 -1.25191712  0.79283214]
2026-01-21 11:10:32,839 - position: [ 0.39482042 -1.2434361   0.79877311]
2026-01-21 11:10:33,071 - position: [ 0.39482042 -1.2434361   0.79877311]
2026-01-21 11:10:33,277 - position: [ 0.44856212 -1.23931134  0.83980381]
2026-01-21 11:10:33,515 - position: [ 0.57245547 -1.25588667  0.89362222]
2026-01-21 11:10:33,746 - position: [ 0.58700585 -1.26137137  0.90148252]
2026-01-21 11:10:33,957 - position: [ 0.59916276 -1.25627601  0.89828795]
2026-01-21 11:10:34,201 - position: [ 0.49304357 -1.2652539   0.82742465]
2026-01-21 11:10:34,438 - position: [ 0.38461694 -1.27838123  0.79890531]
2026-01-21 11:10:34,679 - position: [ 0.38770667 -1.24537051  0.80637747]
2026-01-21 11:10:34,918 - position: [ 0.37182489 -1.24107003  0.8053562 ]
2026-01-21 11:10:35,130 - position: [ 0.350804   -1.25904822  0.79869056]
2026-01-21 11:10:35,358 - position: [ 0.35477966 -1.26688576  0.79865223]
2026-01-21 11:10:35,594 - position: [ 0.34506837 -1.26872039  0.79850924]
2026-01-21 11:10:35,819 - position: [ 0.34308448 -1.27020812  0.79922795]
2026-01-21 11:10:36,045 - position: [ 0.34069955 -1.27729988  0.80057043]
2026-01-21 11:10:36,302 - position: [ 0.34272826 -1.27615869  0.80141854]
2026-01-21 11:10:36,534 - position: [ 0.3388274  -1.26339352  0.80276352]
2026-01-21 11:10:36,756 - position: [ 0.33778578 -1.25491226  0.80338842]
2026-01-21 11:10:36,980 - position: [ 0.33759716 -1.25355744  0.8034538 ]
2026-01-21 11:10:37,227 - position: [ 0.33257738 -1.23676789  0.80343109]
2026-01-21 11:10:37,446 - position: [ 0.3304826  -1.23597848  0.8027069 ]
2026-01-21 11:10:37,679 - position: [ 0.33024141 -1.2358073   0.8025052 ]
2026-01-21 11:10:37,911 - position: [ 0.32976708 -1.23332     0.80248612]
2026-01-21 11:10:38,137 - position: [ 0.32851735 -1.22815168  0.80236274]
2026-01-21 11:10:38,441 - position: [ 0.32738408 -1.22377324  0.8018291 ]
2026-01-21 11:10:38,651 - position: [ 0.32756889 -1.2239902   0.8018961 ]
2026-01-21 11:10:38,893 - position: [ 0.32888317 -1.22562027  0.80194741]
2026-01-21 11:10:39,102 - position: [ 0.32814562 -1.22587228  0.80220693]
2026-01-21 11:10:39,352 - position: [ 0.32858482 -1.22389662  0.80266052]
2026-01-21 11:10:39,595 - position: [ 0.32787016 -1.22173846  0.80205935]
2026-01-21 11:10:39,826 - position: [ 0.32995197 -1.22103214  0.80225515]
2026-01-21 11:10:40,055 - position: [ 0.33357549 -1.22212553  0.80252534]
2026-01-21 11:10:40,271 - position: [ 0.34912312 -1.24799633  0.80467099]
2026-01-21 11:10:40,493 - position: [ 0.35556832 -1.26177227  0.8049947 ]
2026-01-21 11:10:40,705 - position: [ 0.35597539 -1.26538265  0.80401522]
2026-01-21 11:10:40,981 - position: [ 0.36060074 -1.29801011  0.80011964]
2026-01-21 11:10:41,297 - position: [ 0.35989833 -1.28870749  0.80306989]
2026-01-21 11:10:41,527 - position: [ 0.35834512 -1.28478634  0.80307472]
2026-01-21 11:10:41,772 - position: [ 0.35834512 -1.28478634  0.80307472]
2026-01-21 11:10:42,002 - position: [ 0.3508707  -1.27440524  0.79965872]
2026-01-21 11:10:42,243 - position: [ 0.35077262 -1.27186298  0.79949754]
2026-01-21 11:10:42,511 - position: [ 0.35103863 -1.26877236  0.80000687]
2026-01-21 11:10:42,735 - position: [ 0.35105652 -1.26868904  0.79997921]
2026-01-21 11:10:42,947 - position: [ 0.34983659 -1.2617408   0.80023611]
2026-01-21 11:10:43,279 - position: [ 0.35033402 -1.26247513  0.80058789]
2026-01-21 11:10:43,552 - position: [ 0.350573   -1.2634362   0.80060434]
2026-01-21 11:10:43,819 - position: [ 0.35107338 -1.2641964   0.80026096]
2026-01-21 11:10:44,075 - position: [ 0.35053092 -1.26323438  0.79958659]
2026-01-21 11:10:44,331 - position: [ 0.35100776 -1.26185     0.79947764]
2026-01-21 11:10:44,561 - position: [ 0.35152614 -1.26229739  0.79979521]
2026-01-21 11:10:44,806 - position: [ 0.3514078  -1.26236486  0.80023992]
2026-01-21 11:10:45,086 - position: [ 0.35134879 -1.26224959  0.80048078]
2026-01-21 11:10:45,312 - position: [ 0.3504473  -1.26161146  0.80159926]
2026-01-21 11:10:45,573 - position: [ 0.35128418 -1.26644993  0.80247343]
2026-01-21 11:10:45,774 - position: [ 0.35184124 -1.26808631  0.80298281]
2026-01-21 11:10:45,994 - position: [ 0.35304818 -1.2711606   0.80324131]
2026-01-21 11:10:46,258 - position: [ 0.35545537 -1.2766192   0.80277389]
2026-01-21 11:10:46,478 - position: [ 0.35781738 -1.2782433   0.80269825]
2026-01-21 11:10:46,728 - position: [ 0.35837388 -1.27867389  0.80261081]
2026-01-21 11:10:46,979 - position: [ 0.36630255 -1.27961075  0.80244535]
2026-01-21 11:10:47,200 - position: [ 0.36837509 -1.27879906  0.8023991 ]
2026-01-21 11:10:47,422 - position: [ 0.37522942 -1.27373338  0.80206305]
2026-01-21 11:10:47,682 - position: [ 0.37606397 -1.27332604  0.80088645]
2026-01-21 11:10:47,971 - position: [ 0.37943786 -1.27291584  0.79944998]
2026-01-21 11:10:48,222 - position: [ 0.3767508  -1.26415467  0.80162543]
2026-01-21 11:10:48,475 - position: [ 0.37641323 -1.26475     0.80118924]
2026-01-21 11:10:48,718 - position: [ 0.36624196 -1.25632274  0.80086815]
2026-01-21 11:10:48,943 - position: [ 0.36469102 -1.25671935  0.79948765]
2026-01-21 11:10:49,182 - position: [ 0.35890478 -1.25113761  0.80106986]
2026-01-21 11:10:49,413 - position: [ 0.35953858 -1.25523174  0.79965705]
2026-01-21 11:10:49,662 - position: [ 0.36757892 -1.25254488  0.80164737]
2026-01-21 11:10:49,932 - position: [ 0.42007223 -1.25332642  0.80807102]
2026-01-21 11:10:50,151 - position: [ 0.49962381 -1.2759912   0.82518911]
2026-01-21 11:10:50,439 - position: [ 0.52186358 -1.29592431  0.83016795]
2026-01-21 11:10:50,660 - position: [ 0.49429944 -1.29066825  0.82087862]
2026-01-21 11:10:50,902 - position: [ 0.46595818 -1.26620233  0.81613785]
2026-01-21 11:10:51,167 - position: [ 0.46442652 -1.2525183   0.82168478]
2026-01-21 11:10:51,393 - position: [ 0.49462301 -1.2546705   0.83232433]
2026-01-21 11:10:51,651 - position: [ 0.48526374 -1.26454687  0.82801592]
2026-01-21 11:10:51,869 - position: [ 0.46691963 -1.25885963  0.82307714]
2026-01-21 11:10:52,125 - position: [ 0.49579829 -1.27268815  0.82820219]
2026-01-21 11:10:52,366 - position: [ 0.57420242 -1.27639925  0.85983986]
2026-01-21 11:10:52,631 - position: [ 0.58255321 -1.27648044  0.86952037]
2026-01-21 11:10:52,870 - position: [ 0.44902942 -1.30567062  0.80885506]
2026-01-21 11:10:53,108 - position: [ 0.45852038 -1.29683208  0.80878413]
2026-01-21 11:10:53,329 - position: [ 0.48605892 -1.27709913  0.82199776]
2026-01-21 11:10:53,539 - position: [ 0.43433341 -1.27587366  0.80826211]
2026-01-21 11:10:53,812 - position: [ 0.41487375 -1.27951419  0.80232131]
2026-01-21 11:10:54,039 - position: [ 0.46609563 -1.28021443  0.81691509]
2026-01-21 11:10:54,302 - position: [ 0.56592453 -1.27896774  0.8464126 ]
2026-01-21 11:10:54,533 - position: [ 0.49512023 -1.26802242  0.82361436]
2026-01-21 11:10:54,852 - position: [ 0.49497929 -1.25697136  0.82497853]
2026-01-21 11:10:55,077 - position: [ 0.5020408  -1.24772537  0.82864076]
2026-01-21 11:10:55,295 - position: [ 0.48839793 -1.2444936   0.82378721]
2026-01-21 11:10:55,573 - position: [ 0.48457778 -1.24455643  0.82146323]
2026-01-21 11:10:55,801 - position: [ 0.48614255 -1.23190987  0.82266384]
2026-01-21 11:10:56,009 - position: [ 0.49321383 -1.24017882  0.82368946]
2026-01-21 11:10:56,363 - position: [ 0.54288691 -1.27379823  0.84293002]
2026-01-21 11:10:56,603 - position: [ 0.44543248 -1.27925277  0.80651486]
2026-01-21 11:10:56,848 - position: [ 0.45275241 -1.27759814  0.80877   ]
2026-01-21 11:10:57,146 - position: [ 0.4560203  -1.26152301  0.81807429]
2026-01-21 11:10:57,411 - position: [ 0.39311722 -1.26358771  0.80007559]
2026-01-21 11:10:57,648 - position: [ 0.37359428 -1.24992239  0.80026221]
2026-01-21 11:10:57,894 - position: [ 0.36126891 -1.25204778  0.79914844]
2026-01-21 11:10:58,132 - position: [ 0.37016332 -1.2570343   0.79882509]
2026-01-21 11:10:58,365 - position: [ 0.37213412 -1.25652838  0.79760849]
2026-01-21 11:10:58,641 - position: [ 0.36884218 -1.23802066  0.79930234]
2026-01-21 11:10:58,919 - position: [ 0.36679325 -1.23832929  0.79907519]
2026-01-21 11:10:59,186 - position: [ 0.36797988 -1.2394501   0.80163306]
2026-01-21 11:10:59,514 - position: [ 0.36790183 -1.23957539  0.80185187]
2026-01-21 11:10:59,765 - position: [ 0.36580968 -1.24096143  0.80356008]
2026-01-21 11:10:59,998 - position: [ 0.36494365 -1.24758565  0.80479711]
2026-01-21 11:11:00,268 - position: [ 0.36511707 -1.24788702  0.80484116]
2026-01-21 11:11:00,613 - position: [ 0.36482394 -1.24528444  0.80519825]
2026-01-21 11:11:00,866 - position: [ 0.36652258 -1.23890626  0.8033517 ]
2026-01-21 11:11:01,078 - position: [ 0.36597899 -1.23671913  0.80256796]
2026-01-21 11:11:01,351 - position: [ 0.36537355 -1.23471332  0.80198359]
2026-01-21 11:11:01,564 - position: [ 0.36533087 -1.23457265  0.80194879]
2026-01-21 11:11:01,800 - position: [ 0.36502582 -1.23147357  0.80208564]
2026-01-21 11:11:02,059 - position: [ 0.36492798 -1.23000205  0.8020739 ]
2026-01-21 11:11:02,310 - position: [ 0.36499196 -1.2291404   0.80210179]
2026-01-21 11:11:02,532 - position: [ 0.36490229 -1.22908485  0.80191863]
2026-01-21 11:11:02,751 - position: [ 0.36470184 -1.22995853  0.80173451]
2026-01-21 11:11:03,011 - position: [ 0.36554202 -1.23135102  0.80167764]
2026-01-21 11:11:03,244 - position: [ 0.36557174 -1.23104703  0.80172783]
2026-01-21 11:11:03,517 - position: [ 0.36554974 -1.2296797   0.80177075]
2026-01-21 11:11:03,762 - position: [ 0.36560103 -1.22912502  0.80175918]
2026-01-21 11:11:04,023 - position: [ 0.36570469 -1.22803569  0.80181885]
2026-01-21 11:11:04,277 - position: [ 0.36639303 -1.2274214   0.80185783]
2026-01-21 11:11:04,488 - position: [ 0.36607382 -1.22729135  0.80164742]
2026-01-21 11:11:04,718 - position: [ 0.36593977 -1.22754002  0.80148351]
2026-01-21 11:11:04,952 - position: [ 0.36623564 -1.22918749  0.80122685]
2026-01-21 11:11:05,173 - position: [ 0.36598861 -1.2300055   0.80185813]
2026-01-21 11:11:05,458 - position: [ 0.36775327 -1.23359275  0.80295444]
2026-01-21 11:11:05,720 - position: [ 0.37696251 -1.23543918  0.80634028]
2026-01-21 11:11:05,969 - position: [ 0.40580028 -1.24019861  0.81491148]
2026-01-21 11:11:06,212 - position: [ 0.5793581  -1.08340287  1.00470889]
2026-01-21 11:11:06,461 - position: [ 0.5793581  -1.08340287  1.00470889]
2026-01-21 11:11:06,688 - position: [ 0.5793581  -1.08340287  1.00470889]
2026-01-21 11:11:06,915 - position: [ 0.5793581  -1.08340287  1.00470889]
2026-01-21 11:11:07,156 - position: [ 0.43505615 -1.42051923  1.99239182]
2026-01-21 11:11:07,405 - position: [ 0.43228719 -1.39393067  1.99365973]
2026-01-21 11:11:07,635 - position: [ 0.4368557  -1.35479903  1.99075592]
2026-01-21 11:11:07,861 - position: [ 0.4368557  -1.35479903  1.99075592]
2026-01-21 11:11:08,088 - position: [ 0.4368557  -1.35479903  1.99075592]
2026-01-21 11:11:08,323 - position: [ 0.44586474 -1.19515574  0.85140198]
2026-01-21 11:11:08,579 - position: [ 0.36744532 -1.32625651  0.79822952]
2026-01-21 11:11:08,806 - position: [ 0.36851072 -1.26325905  0.81132334]
2026-01-21 11:11:09,059 - position: [ 0.35018694 -1.23595667  0.82049012]
2026-01-21 11:11:09,299 - position: [ 0.36611101 -1.26911759  0.80555129]
2026-01-21 11:11:09,546 - position: [ 0.38428524 -1.28941691  0.80461824]
2026-01-21 11:11:09,764 - position: [ 0.36995703 -1.27191424  0.81051773]
2026-01-21 11:11:10,024 - position: [ 0.38008013 -1.28073502  0.80967975]
2026-01-21 11:11:10,239 - position: [ 0.38363835 -1.28570008  0.80843109]
2026-01-21 11:11:10,450 - position: [ 0.38804528 -1.30478108  0.79840046]
2026-01-21 11:11:10,705 - position: [ 0.38756284 -1.26337659  0.80371445]
2026-01-21 11:11:10,973 - position: [ 0.38754812 -1.23409522  0.80893445]
2026-01-21 11:11:11,180 - position: [ 0.38252449 -1.23228252  0.81032068]
2026-01-21 11:11:11,416 - position: [ 0.38245833 -1.24834597  0.80602598]
2026-01-21 11:11:11,668 - position: [ 0.39690113 -1.29061913  0.80198991]
2026-01-21 11:11:11,906 - position: [ 0.42644241 -1.30294597  0.80759186]
2026-01-21 11:11:12,137 - position: [ 0.48203129 -1.28153574  0.82562941]
2026-01-21 11:11:12,370 - position: [ 0.42645654 -1.27257979  0.81934059]
2026-01-21 11:11:12,623 - position: [ 0.35916561 -1.2910533   0.79534513]
2026-01-21 11:11:12,924 - position: [ 0.36672059 -1.2669338   0.80584252]
2026-01-21 11:11:13,160 - position: [ 0.35891193 -1.26638782  0.80395871]
2026-01-21 11:11:13,370 - position: [ 0.35197634 -1.26675332  0.79978198]
2026-01-21 11:11:13,594 - position: [ 0.34367669 -1.26334143  0.80033457]
2026-01-21 11:11:13,890 - position: [ 0.34871224 -1.26593459  0.80246961]
2026-01-21 11:11:14,105 - position: [ 0.35194206 -1.26464701  0.80435795]
2026-01-21 11:11:14,342 - position: [ 0.35711545 -1.26254916  0.80857134]
2026-01-21 11:11:14,583 - position: [ 0.35760695 -1.2626164   0.80890828]
2026-01-21 11:11:14,815 - position: [ 0.37574273 -1.27177286  0.8133027 ]
2026-01-21 11:11:15,072 - position: [ 0.38336968 -1.27410758  0.81568706]
2026-01-21 11:11:15,294 - position: [ 0.38483316 -1.27299345  0.81526697]
2026-01-21 11:11:15,538 - position: [ 0.37880176 -1.26674175  0.81483698]
2026-01-21 11:11:15,748 - position: [ 0.37465656 -1.26149237  0.81444114]
2026-01-21 11:11:15,983 - position: [ 0.36942485 -1.25687838  0.8120563 ]
2026-01-21 11:11:16,191 - position: [ 0.37008479 -1.25695169  0.81119609]
2026-01-21 11:11:16,426 - position: [ 0.37075201 -1.25070179  0.81263024]
2026-01-21 11:11:16,638 - position: [ 0.36974379 -1.24952292  0.81237704]
2026-01-21 11:11:16,872 - position: [ 0.36949542 -1.25068545  0.81125265]
2026-01-21 11:11:17,152 - position: [ 0.3675307  -1.25253141  0.80963188]
2026-01-21 11:11:17,380 - position: [ 0.36731163 -1.2527703   0.80950242]
2026-01-21 11:11:17,614 - position: [ 0.36785492 -1.25326669  0.80945212]
2026-01-21 11:11:17,827 - position: [ 0.36785492 -1.25326669  0.80945212]
2026-01-21 11:11:18,078 - position: [ 0.37019616 -1.25346804  0.80832261]
2026-01-21 11:11:18,283 - position: [ 0.37770882 -1.25291717  0.80848581]
2026-01-21 11:11:18,512 - position: [ 0.39274919 -1.2594595   0.81086677]
2026-01-21 11:11:18,747 - position: [ 0.38417768 -1.26392472  0.8082177 ]
2026-01-21 11:11:18,959 - position: [ 0.3868342  -1.25836122  0.81017846]
2026-01-21 11:11:19,222 - position: [ 0.383255   -1.24903655  0.81098777]
2026-01-21 11:11:19,488 - position: [ 0.38120142 -1.25226235  0.80822378]
2026-01-21 11:11:19,695 - position: [ 0.38792962 -1.25616586  0.8073203 ]
2026-01-21 11:11:19,989 - position: [ 0.38741624 -1.26087332  0.8065052 ]
2026-01-21 11:11:20,206 - position: [ 0.39039463 -1.2699517   0.80787164]
2026-01-21 11:11:20,444 - position: [ 0.39911219 -1.29609227  0.80480921]
2026-01-21 11:11:20,674 - position: [ 0.40266889 -1.29933763  0.80487448]
2026-01-21 11:11:20,894 - position: [ 0.42452574 -1.26764905  0.80750734]
2026-01-21 11:11:21,166 - position: [ 0.42434672 -1.23623514  0.81103396]
2026-01-21 11:11:21,405 - position: [ 0.41407096 -1.2225163   0.80780089]
2026-01-21 11:11:21,645 - position: [ 0.40874797 -1.22606468  0.80716807]
2026-01-21 11:11:21,874 - position: [ 0.4047927  -1.23056245  0.80907458]
2026-01-21 11:11:22,095 - position: [ 0.40408325 -1.23173094  0.80830181]
2026-01-21 11:11:22,337 - position: [ 0.41105559 -1.24174607  0.81047434]
2026-01-21 11:11:22,629 - position: [ 0.41415623 -1.26020217  0.80852634]
2026-01-21 11:11:22,847 - position: [ 0.39466819 -1.25024939  0.81174171]
2026-01-21 11:11:23,102 - position: [ 0.39669457 -1.24627042  0.81464881]
2026-01-21 11:11:23,333 - position: [ 0.40980601 -1.28058982  0.80699748]
2026-01-21 11:11:23,580 - position: [ 0.40801457 -1.28625643  0.80417693]
2026-01-21 11:11:23,820 - position: [ 0.39675367 -1.25197279  0.81260586]
2026-01-21 11:11:24,109 - position: [ 0.3943134  -1.25237441  0.81122553]
2026-01-21 11:11:24,359 - position: [ 0.39689454 -1.24901164  0.81229824]
2026-01-21 11:11:24,577 - position: [ 0.41061747 -1.26157486  0.8094033 ]
2026-01-21 11:11:24,825 - position: [ 0.39909235 -1.25137162  0.80806017]
2026-01-21 11:11:25,104 - position: [ 0.38950884 -1.23630011  0.80904686]
2026-01-21 11:11:25,371 - position: [ 0.38770321 -1.24455583  0.80389249]
2026-01-21 11:11:25,584 - position: [ 0.39277673 -1.25110185  0.80321592]
2026-01-21 11:11:25,833 - position: [ 0.40426415 -1.21417511  0.82411575]
2026-01-21 11:11:26,046 - position: [ 0.40426415 -1.21417511  0.82411575]
2026-01-21 11:11:26,299 - position: [ 0.41494763 -1.30012715  0.79864538]
2026-01-21 11:11:26,547 - position: [ 0.39582288 -1.26320088  0.80565906]
2026-01-21 11:11:26,787 - position: [ 0.40118048 -1.24968481  0.80945897]
2026-01-21 11:11:27,038 - position: [ 0.40638548 -1.26549971  0.80391717]
2026-01-21 11:11:27,257 - position: [ 0.39948142 -1.26987076  0.79771739]
2026-01-21 11:11:27,503 - position: [ 0.39885566 -1.24131191  0.80393696]
2026-01-21 11:11:27,713 - position: [ 0.39521831 -1.23408437  0.80152297]
2026-01-21 11:11:27,962 - position: [ 0.39436972 -1.22256374  0.80386758]
2026-01-21 11:11:28,246 - position: [ 0.40174851 -1.19614697  0.81602782]
2026-01-21 11:11:28,479 - position: [ 0.41072938 -1.21052825  0.81020081]
2026-01-21 11:11:28,721 - position: [ 0.39773509 -1.2656517   0.80211312]
2026-01-21 11:11:28,962 - position: [ 0.3976374  -1.27969086  0.80412632]
2026-01-21 11:11:29,200 - position: [ 0.39794374 -1.29821897  0.80424714]
2026-01-21 11:11:29,418 - position: [ 0.39978468 -1.31218648  0.80398822]
2026-01-21 11:11:29,657 - position: [ 0.39720297 -1.31211352  0.80411714]
2026-01-21 11:11:29,903 - position: [ 0.3857857 -1.2998364  0.8058266]
2026-01-21 11:11:30,104 - position: [ 0.38491958 -1.29976153  0.80579782]
2026-01-21 11:11:30,357 - position: [ 0.37160119 -1.31019557  0.80481702]
2026-01-21 11:11:30,562 - position: [ 0.37424171 -1.31247413  0.80452311]
2026-01-21 11:11:30,813 - position: [ 0.37442237 -1.31819618  0.80356407]
2026-01-21 11:11:31,092 - position: [ 0.38058642 -1.32578635  0.8032819 ]
2026-01-21 11:11:31,327 - position: [ 0.37985325 -1.31434608  0.80410343]
2026-01-21 11:11:31,529 - position: [ 0.37933064 -1.30895698  0.80337995]
2026-01-21 11:11:31,740 - position: [ 0.37840593 -1.3036387   0.80215818]
2026-01-21 11:11:31,960 - position: [ 0.37845984 -1.30274594  0.80209261]
2026-01-21 11:11:32,163 - position: [ 0.37827128 -1.29631126  0.80206335]
2026-01-21 11:11:32,411 - position: [ 0.37814662 -1.29450166  0.8022514 ]
2026-01-21 11:11:32,632 - position: [ 0.37735832 -1.29362321  0.80280513]
2026-01-21 11:11:32,843 - position: [ 0.37573007 -1.2958405   0.80209535]
2026-01-21 11:11:33,072 - position: [ 0.37573007 -1.2958405   0.80209535]
2026-01-21 11:11:33,346 - position: [ 0.37234753 -1.2951622   0.80123705]
2026-01-21 11:11:33,579 - position: [ 0.37168846 -1.29438031  0.80103081]
2026-01-21 11:11:33,837 - position: [ 0.3718279  -1.29446256  0.80094844]
2026-01-21 11:11:34,148 - position: [ 0.37062234 -1.29369521  0.80090147]
2026-01-21 11:11:34,420 - position: [ 0.37037656 -1.2952106   0.80089426]
2026-01-21 11:11:34,660 - position: [ 0.36988956 -1.29539359  0.80063468]
2026-01-21 11:11:34,995 - position: [ 0.36945421 -1.29362786  0.80020916]
2026-01-21 11:11:35,258 - position: [ 0.3688195  -1.29171181  0.79983765]
2026-01-21 11:11:35,461 - position: [ 0.36829844 -1.29021573  0.79967058]
2026-01-21 11:11:35,692 - position: [ 0.36749956 -1.28874016  0.80012196]
2026-01-21 11:11:35,945 - position: [ 0.36361685 -1.28928292  0.79964966]
2026-01-21 11:11:36,186 - position: [ 0.36057693 -1.29121923  0.79827785]
2026-01-21 11:11:36,441 - position: [ 0.35814101 -1.28948653  0.79810715]
2026-01-21 11:11:36,749 - position: [ 0.35442331 -1.28677547  0.79717726]
2026-01-21 11:11:36,955 - position: [ 0.34457394 -1.26711512  0.79856169]
2026-01-21 11:11:37,184 - position: [ 0.3471846  -1.26317799  0.79966593]
2026-01-21 11:11:37,448 - position: [ 0.34595552 -1.2695235   0.79719257]
2026-01-21 11:11:37,684 - position: [ 0.34411228 -1.27057326  0.79605412]
2026-01-21 11:11:37,904 - position: [ 0.34036633 -1.26696503  0.79554081]
2026-01-21 11:11:38,141 - position: [ 0.3396937  -1.26687849  0.79464829]
2026-01-21 11:11:38,352 - position: [ 0.34205592 -1.26869559  0.79485601]
2026-01-21 11:11:38,704 - position: [ 0.34313077 -1.26886415  0.79510349]
2026-01-21 11:11:38,952 - position: [ 0.34820503 -1.27358723  0.79553431]
2026-01-21 11:11:39,154 - position: [ 0.34862632 -1.27446759  0.79552895]
2026-01-21 11:11:39,360 - position: [ 0.34988818 -1.27641761  0.79581076]
2026-01-21 11:11:39,580 - position: [ 0.35037291 -1.27589726  0.79599208]
2026-01-21 11:11:39,801 - position: [ 0.3499572  -1.27521873  0.79616737]
2026-01-21 11:11:40,060 - position: [ 0.35265058 -1.27711737  0.79673737]
2026-01-21 11:11:40,295 - position: [ 0.3545762  -1.27893746  0.79767799]
2026-01-21 11:11:40,526 - position: [ 0.35555965 -1.28003597  0.7982502 ]
2026-01-21 11:11:40,783 - position: [ 0.35745853 -1.28021181  0.80009979]
2026-01-21 11:11:41,063 - position: [ 0.35809284 -1.28355837  0.79973817]
2026-01-21 11:11:41,332 - position: [ 0.35787377 -1.28332353  0.79854065]
2026-01-21 11:11:41,597 - position: [ 0.35853878 -1.28078926  0.7989589 ]
2026-01-21 11:11:41,812 - position: [ 0.36260465 -1.28079498  0.79987633]
2026-01-21 11:11:42,032 - position: [ 0.36304641 -1.27909875  0.80018759]
2026-01-21 11:11:42,316 - position: [ 0.36497808 -1.27632439  0.80226696]
2026-01-21 11:11:42,608 - position: [ 0.37059984 -1.27220845  0.80413336]
2026-01-21 11:11:42,896 - position: [ 0.37692982 -1.26788545  0.809466  ]
2026-01-21 11:11:43,126 - position: [ 0.38552088 -1.26707244  0.81613135]
2026-01-21 11:11:43,400 - position: [ 0.38067305 -1.26839268  0.8110013 ]
2026-01-21 11:11:43,641 - position: [ 0.38067305 -1.26839268  0.8110013 ]
2026-01-21 11:11:43,857 - position: [ 0.44728634 -1.25477254  0.82836491]
2026-01-21 11:11:44,133 - position: [ 0.47413662 -1.26769519  0.83193564]
2026-01-21 11:11:44,372 - position: [ 0.42055869 -1.26263094  0.81973726]
2026-01-21 11:11:44,587 - position: [ 0.39042661 -1.26414323  0.81202656]
2026-01-21 11:11:44,856 - position: [ 0.46050644 -1.26657641  0.82310671]
2026-01-21 11:11:45,109 - position: [ 0.46479586 -1.26664329  0.82313925]
2026-01-21 11:11:45,345 - position: [ 0.4902851  -1.25957775  0.82996458]
2026-01-21 11:11:45,583 - position: [ 0.54222381 -1.26394427  0.85006839]
2026-01-21 11:11:45,816 - position: [ 0.52224815 -1.25962782  0.84509361]
2026-01-21 11:11:46,046 - position: [ 0.36319947 -1.30743062  0.79055393]
2026-01-21 11:11:46,256 - position: [ 0.36551386 -1.27742434  0.80031639]
2026-01-21 11:11:46,493 - position: [ 0.36534116 -1.27631593  0.80083883]
2026-01-21 11:11:46,741 - position: [ 0.36783808 -1.28072536  0.80725634]
2026-01-21 11:11:46,955 - position: [ 0.39398065 -1.28176439  0.815934  ]
2026-01-21 11:11:47,233 - position: [ 0.46283337 -1.29905665  0.82964355]
2026-01-21 11:11:47,456 - position: [ 0.40728724 -1.31866229  0.8084327 ]
2026-01-21 11:11:47,701 - position: [ 0.44174033 -1.31132984  0.82115859]
2026-01-21 11:11:47,936 - position: [ 0.46403888 -1.30113351  0.82884449]
2026-01-21 11:11:48,162 - position: [ 0.42656472 -1.28875422  0.81883091]
2026-01-21 11:11:48,368 - position: [ 0.41581091 -1.31025386  0.80411553]
2026-01-21 11:11:48,571 - position: [ 0.41147462 -1.30789697  0.80406493]
2026-01-21 11:11:48,886 - position: [ 0.38791305 -1.30330372  0.79858804]
2026-01-21 11:11:49,120 - position: [ 0.3904824  -1.29817545  0.79899305]
2026-01-21 11:11:49,383 - position: [ 0.38722605 -1.29377687  0.79900408]
2026-01-21 11:11:49,634 - position: [ 0.38459581 -1.28742576  0.79932749]
2026-01-21 11:11:49,906 - position: [ 0.3877317  -1.28983223  0.79947299]
2026-01-21 11:11:50,144 - position: [ 0.38669384 -1.28497481  0.800264  ]
2026-01-21 11:11:50,383 - position: [ 0.38719276 -1.28266466  0.80041683]
2026-01-21 11:11:50,621 - position: [ 0.38769603 -1.28246379  0.8001951 ]
2026-01-21 11:11:50,924 - position: [ 0.49968821 -1.24902141  0.8427037 ]
2026-01-21 11:11:51,141 - position: [ 0.59799773 -1.26799393  0.89505261]
2026-01-21 11:11:51,372 - position: [ 0.59799773 -1.26799393  0.89505261]
2026-01-21 11:11:51,599 - position: [ 0.4699266  -1.29675281  0.82233149]
2026-01-21 11:11:51,819 - position: [ 0.38304019 -1.29920959  0.80341965]
2026-01-21 11:11:52,048 - position: [ 0.38064376 -1.29717815  0.79842412]
2026-01-21 11:11:52,272 - position: [ 0.36679879 -1.26323891  0.80405933]
2026-01-21 11:11:52,480 - position: [ 0.36219764 -1.28766465  0.79647499]
2026-01-21 11:11:52,730 - position: [ 0.37026358 -1.30561602  0.79419059]
2026-01-21 11:11:53,001 - position: [ 0.35315886 -1.29820752  0.79462773]
2026-01-21 11:11:53,278 - position: [ 0.33400565 -1.28077233  0.79487258]
2026-01-21 11:11:53,518 - position: [ 0.32890815 -1.27723241  0.79464763]
2026-01-21 11:11:53,729 - position: [ 0.32716894 -1.27572024  0.79478675]
2026-01-21 11:11:53,930 - position: [ 0.32833636 -1.2742815   0.79587007]
2026-01-21 11:11:54,166 - position: [ 0.33211479 -1.27244771  0.79658866]
2026-01-21 11:11:54,381 - position: [ 0.33954129 -1.27273202  0.79759389]
2026-01-21 11:11:54,651 - position: [ 0.34110194 -1.27392173  0.79758728]
2026-01-21 11:11:54,900 - position: [ 0.34110194 -1.27392173  0.79758728]
2026-01-21 11:11:55,137 - position: [ 0.34629139 -1.27842343  0.79875624]
2026-01-21 11:11:55,382 - position: [ 0.34644511 -1.27929318  0.79903585]
2026-01-21 11:11:55,620 - position: [ 0.34724471 -1.28022456  0.79938793]
2026-01-21 11:11:55,845 - position: [ 0.35029641 -1.28807795  0.79978883]
2026-01-21 11:11:56,094 - position: [ 0.34979936 -1.28790724  0.79950196]
2026-01-21 11:11:56,311 - position: [ 0.34922662 -1.2879622   0.7989803 ]
2026-01-21 11:11:56,562 - position: [ 0.34922662 -1.2879622   0.7989803 ]
2026-01-21 11:11:56,811 - position: [ 0.3493568  -1.28791177  0.79874414]
2026-01-21 11:11:57,036 - position: [ 0.34951276 -1.28821969  0.79875612]
2026-01-21 11:11:57,289 - position: [ 0.34928164 -1.28762174  0.79894602]
2026-01-21 11:11:57,516 - position: [ 0.34927639 -1.288854    0.79877728]
2026-01-21 11:11:57,742 - position: [ 0.34929422 -1.28902066  0.79886252]
2026-01-21 11:11:57,955 - position: [ 0.34907556 -1.28981769  0.79860795]
2026-01-21 11:11:58,205 - position: [ 0.34911165 -1.2891928   0.79881632]
2026-01-21 11:11:58,454 - position: [ 0.34903905 -1.28913796  0.79874307]
2026-01-21 11:11:58,682 - position: [ 0.3494589  -1.28962779  0.79873025]
2026-01-21 11:11:58,897 - position: [ 0.34983656 -1.28978693  0.7982192 ]
2026-01-21 11:11:59,127 - position: [ 0.34984502 -1.28913057  0.7982133 ]
2026-01-21 11:11:59,346 - position: [ 0.34964237 -1.2894417   0.79806268]
2026-01-21 11:11:59,634 - position: [ 0.34992582 -1.2905854   0.79828143]
2026-01-21 11:11:59,844 - position: [ 0.35024989 -1.29130399  0.79862499]
2026-01-21 11:12:00,088 - position: [ 0.35219327 -1.293365    0.79943049]
2026-01-21 11:12:00,321 - position: [ 0.35353944 -1.29566407  0.79945552]
2026-01-21 11:12:00,558 - position: [ 0.35584757 -1.29789245  0.79945683]
2026-01-21 11:12:00,768 - position: [ 0.35737324 -1.29874289  0.79922593]
2026-01-21 11:12:00,988 - position: [ 0.3620173  -1.29886472  0.79954809]
2026-01-21 11:12:01,215 - position: [ 0.36497784 -1.29940963  0.79941088]
2026-01-21 11:12:01,450 - position: [ 0.37123665 -1.30305076  0.79848748]
2026-01-21 11:12:01,681 - position: [ 0.38465416 -1.30725133  0.79741406]
2026-01-21 11:12:01,918 - position: [ 0.38584593 -1.30740511  0.79726386]
2026-01-21 11:12:02,217 - position: [ 0.39779601 -1.30218637  0.79823476]
2026-01-21 11:12:02,448 - position: [ 0.40377688 -1.29421985  0.80021524]
2026-01-21 11:12:02,671 - position: [ 0.3998974  -1.28821683  0.80074632]
2026-01-21 11:12:02,901 - position: [ 0.39749748 -1.29150975  0.80042368]
2026-01-21 11:12:03,112 - position: [ 0.39303264 -1.28744924  0.80072832]
2026-01-21 11:12:03,343 - position: [ 0.38994944 -1.28539658  0.79983014]
2026-01-21 11:12:03,564 - position: [ 0.38782468 -1.28155768  0.79963744]
2026-01-21 11:12:03,823 - position: [ 0.38782468 -1.28155768  0.79963744]
2026-01-21 11:12:04,068 - position: [ 0.39912367 -1.26034904  0.8017323 ]
2026-01-21 11:12:04,330 - position: [ 0.45839882 -1.19841778  0.8426407 ]
2026-01-21 11:12:04,615 - position: [ 0.45839882 -1.19841778  0.8426407 ]
2026-01-21 11:12:04,865 - position: [ 0.45839882 -1.19841778  0.8426407 ]
2026-01-21 11:12:05,072 - position: [ 0.45839882 -1.19841778  0.8426407 ]
2026-01-21 11:12:05,279 - position: [ 0.45839882 -1.19841778  0.8426407 ]
2026-01-21 11:12:05,531 - position: [ 0.43264979 -1.46519148  1.96126676]
2026-01-21 11:12:05,758 - position: [ 0.45004705 -1.43134224  1.95641375]
2026-01-21 11:12:05,980 - position: [ 0.45004705 -1.43134224  1.95641375]
2026-01-21 11:12:06,273 - position: [ 0.45004705 -1.43134224  1.95641375]
2026-01-21 11:12:06,547 - position: [ 0.45365661 -1.28848135  0.80227005]
2026-01-21 11:12:06,838 - position: [ 0.40748554 -1.34660304  0.78558034]
2026-01-21 11:12:07,082 - position: [ 0.40652984 -1.26628351  0.79957747]
2026-01-21 11:12:07,328 - position: [ 0.37698591 -1.22275877  0.80806065]
2026-01-21 11:12:07,537 - position: [ 0.36023971 -1.2620554   0.78670734]
2026-01-21 11:12:07,751 - position: [ 0.36609423 -1.27644348  0.78286821]
2026-01-21 11:12:07,978 - position: [ 0.36702344 -1.27764404  0.78266567]
2026-01-21 11:12:08,247 - position: [ 0.39357302 -1.29043818  0.78598946]
2026-01-21 11:12:08,494 - position: [ 0.37669736 -1.28205585  0.79042417]
2026-01-21 11:12:08,747 - position: [ 0.3943634  -1.32816601  0.79343194]
2026-01-21 11:12:08,959 - position: [ 0.39904252 -1.32101548  0.79741305]
2026-01-21 11:12:09,185 - position: [ 0.39843494 -1.31176507  0.80056602]
2026-01-21 11:12:09,429 - position: [ 0.39850092 -1.31617785  0.79742777]
2026-01-21 11:12:09,735 - position: [ 0.39546546 -1.30357671  0.79737467]
2026-01-21 11:12:09,967 - position: [ 0.39049003 -1.28937948  0.79562223]
2026-01-21 11:12:10,183 - position: [ 0.38432333 -1.26066542  0.79210144]
2026-01-21 11:12:10,474 - position: [ 0.38682863 -1.25407481  0.79033279]
2026-01-21 11:12:10,739 - position: [ 0.38977075 -1.24463069  0.78881991]
2026-01-21 11:12:10,984 - position: [ 0.38910446 -1.23384094  0.79035068]
2026-01-21 11:12:11,220 - position: [ 0.38253209 -1.21401858  0.79745704]
2026-01-21 11:12:11,453 - position: [ 0.38124678 -1.21335125  0.79805815]
2026-01-21 11:12:11,697 - position: [ 0.39847627 -1.25067353  0.79194236]
2026-01-21 11:12:11,926 - position: [ 0.39503691 -1.24400425  0.79581273]
2026-01-21 11:12:12,179 - position: [ 0.39692572 -1.25352561  0.79592317]
2026-01-21 11:12:12,393 - position: [ 0.3983967  -1.25574374  0.79606515]
2026-01-21 11:12:12,648 - position: [ 0.40349072 -1.27385879  0.80078137]
2026-01-21 11:12:12,899 - position: [ 0.3982901  -1.27781546  0.80303359]
2026-01-21 11:12:13,154 - position: [ 0.4091917  -1.29013503  0.80596298]
2026-01-21 11:12:13,366 - position: [ 0.40814865 -1.2949096   0.80515116]
2026-01-21 11:12:13,589 - position: [ 0.39902773 -1.28585911  0.80539095]
2026-01-21 11:12:13,829 - position: [ 0.39580023 -1.27559888  0.80704206]
2026-01-21 11:12:14,060 - position: [ 0.39601365 -1.26898599  0.80711579]
2026-01-21 11:12:14,283 - position: [ 0.4350729  -1.27065682  0.8111456 ]
2026-01-21 11:12:14,534 - position: [ 0.53615189 -1.28195167  0.83456314]
2026-01-21 11:12:14,775 - position: [ 0.5507614  -1.27680695  0.84100276]
2026-01-21 11:12:15,012 - position: [ 0.55073446 -1.27597725  0.84078419]
2026-01-21 11:12:15,279 - position: [ 0.55073446 -1.27597725  0.84078419]
2026-01-21 11:12:15,527 - position: [ 0.55073446 -1.27597725  0.84078419]
2026-01-21 11:12:15,761 - position: [ 0.55073446 -1.27597725  0.84078419]
2026-01-21 11:12:16,001 - position: [ 0.55073446 -1.27597725  0.84078419]
2026-01-21 11:12:16,220 - position: [ 0.55073446 -1.27597725  0.84078419]
2026-01-21 11:12:16,463 - position: [ 0.38782033 -1.27680397  0.79378611]
2026-01-21 11:12:16,674 - position: [ 0.35865423 -1.27086878  0.78868419]
2026-01-21 11:12:16,883 - position: [ 0.36238828 -1.24405575  0.79582947]
2026-01-21 11:12:17,097 - position: [ 0.34587735 -1.2385726   0.79680079]
2026-01-21 11:12:17,351 - position: [ 0.33103949 -1.24444556  0.79341274]
2026-01-21 11:12:17,636 - position: [ 0.34210771 -1.24688196  0.79323888]
2026-01-21 11:12:17,851 - position: [ 0.34143993 -1.25472713  0.79253346]
2026-01-21 11:12:18,079 - position: [ 0.34295562 -1.25796664  0.79177123]
2026-01-21 11:12:18,334 - position: [ 0.34365299 -1.25828457  0.7911737 ]
2026-01-21 11:12:18,635 - position: [ 0.34453589 -1.2579565   0.79054689]
2026-01-21 11:12:18,950 - position: [ 0.34750247 -1.25722957  0.7919718 ]
2026-01-21 11:12:19,159 - position: [ 0.34834105 -1.25951862  0.79302961]
2026-01-21 11:12:19,386 - position: [ 0.34792122 -1.26232576  0.79340953]
2026-01-21 11:12:19,603 - position: [ 0.34827027 -1.26081371  0.79364651]
2026-01-21 11:12:19,814 - position: [ 0.34799793 -1.2588402   0.79349285]
2026-01-21 11:12:20,076 - position: [ 0.34867674 -1.25657678  0.79323101]
2026-01-21 11:12:20,304 - position: [ 0.35013691 -1.25680101  0.79272085]
2026-01-21 11:12:20,544 - position: [ 0.35110733 -1.25598001  0.79254287]
2026-01-21 11:12:20,766 - position: [ 0.35102314 -1.25342846  0.79249334]
2026-01-21 11:12:20,994 - position: [ 0.3506842  -1.25043929  0.79272753]
2026-01-21 11:12:21,238 - position: [ 0.35117844 -1.25018513  0.79266131]
2026-01-21 11:12:21,515 - position: [ 0.35129628 -1.25132179  0.79271913]
2026-01-21 11:12:21,783 - position: [ 0.37399435 -1.23456395  0.79784524]
2026-01-21 11:12:22,026 - position: [ 0.38257185 -1.22058749  0.80578417]
2026-01-21 11:12:22,274 - position: [ 0.39402929 -1.24153364  0.79554313]
2026-01-21 11:12:22,514 - position: [ 0.43417096 -1.2698766   0.7928369 ]
2026-01-21 11:12:22,751 - position: [ 0.46873489 -1.28063917  0.81405234]
2026-01-21 11:12:22,998 - position: [ 0.41113821 -1.26136124  0.80105901]
2026-01-21 11:12:23,226 - position: [ 0.36448818 -1.25098097  0.79720199]
2026-01-21 11:12:23,471 - position: [ 0.34893566 -1.25640106  0.79194838]
2026-01-21 11:12:23,736 - position: [ 0.3641572  -1.28758979  0.78950697]
2026-01-21 11:12:23,960 - position: [ 0.36470547 -1.29132843  0.7918123 ]
2026-01-21 11:12:24,184 - position: [ 0.36837628 -1.29141486  0.79438728]
2026-01-21 11:12:24,421 - position: [ 0.36748776 -1.28230536  0.79770643]
2026-01-21 11:12:24,633 - position: [ 0.36656913 -1.27430022  0.79936844]
2026-01-21 11:12:24,879 - position: [ 0.37405032 -1.27537155  0.79915762]
2026-01-21 11:12:25,106 - position: [ 0.37334102 -1.27745605  0.79834563]
2026-01-21 11:12:25,320 - position: [ 0.37095389 -1.27655399  0.79771316]
2026-01-21 11:12:25,562 - position: [ 0.36838588 -1.27600479  0.79699391]
2026-01-21 11:12:25,774 - position: [ 0.36864108 -1.27036846  0.79745889]
2026-01-21 11:12:25,996 - position: [ 0.48529816 -1.25770175  0.81965137]
2026-01-21 11:12:26,224 - position: [ 0.58067697 -1.20790386  0.87167233]
2026-01-21 11:12:26,451 - position: [ 0.554658   -1.1803422   0.87194026]
2026-01-21 11:12:26,689 - position: [ 0.554658   -1.1803422   0.87194026]
2026-01-21 11:12:26,954 - position: [ 0.52285028 -1.25109255  0.82398546]
2026-01-21 11:12:27,181 - position: [ 0.52505571 -1.25230229  0.8232789 ]
2026-01-21 11:12:27,408 - position: [ 0.52190113 -1.25106668  0.82301462]
2026-01-21 11:12:27,641 - position: [ 0.49218202 -1.27210903  0.80779719]
2026-01-21 11:12:27,906 - position: [ 0.46450666 -1.27316487  0.7952655 ]
2026-01-21 11:12:28,115 - position: [ 0.46611187 -1.26010501  0.79866797]
2026-01-21 11:12:28,348 - position: [ 0.45733178 -1.20421576  0.80902374]
2026-01-21 11:12:28,613 - position: [ 0.44952428 -1.20449865  0.80828506]
2026-01-21 11:12:28,902 - position: [ 0.45260078 -1.24398625  0.79705554]
2026-01-21 11:12:29,163 - position: [ 0.06089169 -1.1411103   1.07205927]
2026-01-21 11:12:29,365 - position: [ 0.04400304 -1.14565229  1.10254502]
2026-01-21 11:12:29,571 - position: [ 0.03706448 -1.14720595  1.14680707]
2026-01-21 11:12:29,777 - position: [ 0.03461865 -1.1725961   1.21188736]
2026-01-21 11:12:30,065 - position: [ 0.08792257 -1.13555312  1.1702038 ]
2026-01-21 11:12:30,343 - position: [ 0.14229047 -1.10896134  1.08633244]
2026-01-21 11:12:30,608 - position: [ 0.33174515 -1.15939832  0.85863018]
2026-01-21 11:12:30,844 - position: [ 0.41922513 -1.29148829  0.79020703]
2026-01-21 11:12:31,086 - position: [ 0.39749125 -1.25970006  0.80260038]
2026-01-21 11:12:31,330 - position: [ 0.39662445 -1.27875233  0.79682618]
2026-01-21 11:12:31,570 - position: [ 0.40774602 -1.28819704  0.79268473]
2026-01-21 11:12:31,781 - position: [ 0.41315931 -1.28379095  0.79550672]
2026-01-21 11:12:32,024 - position: [ 0.39598295 -1.26977599  0.79812169]
2026-01-21 11:12:32,282 - position: [ 0.39614037 -1.28948522  0.79063141]
2026-01-21 11:12:32,519 - position: [ 0.38486394 -1.28804576  0.79004246]
2026-01-21 11:12:32,740 - position: [ 0.38167578 -1.2713207   0.7902692 ]
2026-01-21 11:12:32,962 - position: [ 0.38167578 -1.2713207   0.7902692 ]
2026-01-21 11:12:33,212 - position: [ 0.38032818 -1.25699902  0.78971678]
2026-01-21 11:12:33,441 - position: [ 0.38292119 -1.25423348  0.78932834]
2026-01-21 11:12:33,703 - position: [ 0.38195312 -1.24958825  0.78719044]
2026-01-21 11:12:33,905 - position: [ 0.3845081  -1.23676682  0.78407651]
2026-01-21 11:12:34,144 - position: [ 0.37675011 -1.20765555  0.7910822 ]
2026-01-21 11:12:34,387 - position: [ 0.36842629 -1.20491791  0.79489803]
2026-01-21 11:12:34,669 - position: [ 0.39400697 -1.23152351  0.78900743]
2026-01-21 11:12:34,896 - position: [ 0.38979402 -1.27015698  0.78368121]
2026-01-21 11:12:35,106 - position: [ 0.3980118  -1.27861989  0.78647399]
2026-01-21 11:12:35,343 - position: [ 0.38561809 -1.28060126  0.78819948]
2026-01-21 11:12:35,571 - position: [ 0.38561809 -1.28060126  0.78819948]
2026-01-21 11:12:35,804 - position: [ 0.38001218 -1.28425944  0.78705269]
2026-01-21 11:12:36,050 - position: [ 0.37681332 -1.27561271  0.7877934 ]
2026-01-21 11:12:36,274 - position: [ 0.3777532  -1.26919353  0.78845584]
2026-01-21 11:12:36,504 - position: [ 0.3784754  -1.26382899  0.79123944]
2026-01-21 11:12:36,719 - position: [ 0.37677446 -1.26050746  0.79141611]
2026-01-21 11:12:36,954 - position: [ 0.37410337 -1.25824225  0.79111981]
2026-01-21 11:12:37,199 - position: [ 0.38670433 -1.25656867  0.79008919]
2026-01-21 11:12:37,420 - position: [ 0.38924876 -1.25557435  0.79058641]
2026-01-21 11:12:37,706 - position: [ 0.36151227 -1.2590003   0.78995699]
2026-01-21 11:12:38,015 - position: [ 0.37251249 -1.27898121  0.78571469]
2026-01-21 11:12:38,250 - position: [ 0.36501467 -1.27804303  0.78652811]
2026-01-21 11:12:38,526 - position: [ 0.36332616 -1.28235984  0.78565723]
2026-01-21 11:12:38,742 - position: [ 0.36267093 -1.28111112  0.78575009]
2026-01-21 11:12:38,978 - position: [ 0.35931322 -1.27551341  0.78602189]
2026-01-21 11:12:39,235 - position: [ 0.35996264 -1.27266061  0.78605223]
2026-01-21 11:12:39,523 - position: [ 0.3593356  -1.26924443  0.78609306]
2026-01-21 11:12:39,737 - position: [ 0.35915491 -1.27005804  0.78592896]
2026-01-21 11:12:40,004 - position: [ 0.35918689 -1.27152717  0.78607041]
2026-01-21 11:12:40,260 - position: [ 0.35880122 -1.27239227  0.78642321]
2026-01-21 11:12:40,505 - position: [ 0.35902271 -1.27347147  0.78655279]
2026-01-21 11:12:40,711 - position: [ 0.35918275 -1.27416623  0.78661883]
2026-01-21 11:12:40,927 - position: [ 0.35934052 -1.27416301  0.7867713 ]
2026-01-21 11:12:41,164 - position: [ 0.35912856 -1.27517629  0.78705859]
2026-01-21 11:12:41,377 - position: [ 0.3590925  -1.27537858  0.78728157]
2026-01-21 11:12:41,656 - position: [ 0.35835829 -1.2772001   0.78871191]
2026-01-21 11:12:41,904 - position: [ 0.35856798 -1.27926373  0.79044682]
2026-01-21 11:12:42,161 - position: [ 0.3606478  -1.2791425   0.79240334]
2026-01-21 11:12:42,390 - position: [ 0.36081591 -1.27990746  0.79253602]
2026-01-21 11:12:42,611 - position: [ 0.36198106 -1.2801615   0.79186863]
2026-01-21 11:12:42,853 - position: [ 0.36198106 -1.2801615   0.79186863]
2026-01-21 11:12:43,081 - position: [ 0.36120003 -1.27991796  0.7909236 ]
2026-01-21 11:12:43,292 - position: [ 0.36146843 -1.27800608  0.78969324]
2026-01-21 11:12:43,563 - position: [ 0.36131796 -1.27749193  0.78931952]
2026-01-21 11:12:43,833 - position: [ 0.39479557 -1.2776351   0.78491312]
2026-01-21 11:12:44,061 - position: [ 0.43210188 -1.22322726  0.79917318]
2026-01-21 11:12:44,274 - position: [ 0.4321506  -1.20563352  0.80413842]
2026-01-21 11:12:44,514 - position: [ 0.42584383 -1.19175482  0.80872476]
2026-01-21 11:12:44,753 - position: [ 0.42624184 -1.18031657  0.81502521]
2026-01-21 11:12:45,005 - position: [ 0.43601891 -1.1879617   0.81132096]
2026-01-21 11:12:45,254 - position: [ 0.44053313 -1.20190644  0.80593437]
2026-01-21 11:12:45,491 - position: [ 0.44053313 -1.20190644  0.80593437]
2026-01-21 11:12:45,744 - position: [ 0.44053313 -1.20190644  0.80593437]
2026-01-21 11:12:46,051 - position: [ 0.42983195 -1.2181654   0.7997846 ]
2026-01-21 11:12:46,279 - position: [ 0.42157066 -1.26186275  0.79286939]
2026-01-21 11:12:46,537 - position: [ 0.41791952 -1.33913732  0.77826244]
2026-01-21 11:12:46,760 - position: [ 0.41150475 -1.25949049  0.79898912]
2026-01-21 11:12:46,993 - position: [ 0.40996134 -1.22744799  0.80618513]
2026-01-21 11:12:47,238 - position: [ 0.42302567 -1.2799685   0.79959601]
2026-01-21 11:12:47,439 - position: [ 0.43811572 -1.33010459  0.79339731]
2026-01-21 11:12:47,642 - position: [ 0.41057527 -1.30454147  0.79496491]
2026-01-21 11:12:47,888 - position: [ 0.37190172 -1.26496172  0.802082  ]
2026-01-21 11:12:48,116 - position: [ 0.38274261 -1.27414083  0.79151177]
2026-01-21 11:12:48,375 - position: [ 0.37489495 -1.27855134  0.79361063]
2026-01-21 11:12:48,652 - position: [ 0.37890461 -1.29176188  0.7929607 ]
2026-01-21 11:12:48,864 - position: [ 0.38178107 -1.2991662   0.79207367]
2026-01-21 11:12:49,149 - position: [ 0.38768339 -1.29176569  0.79648232]
2026-01-21 11:12:49,401 - position: [ 0.39452359 -1.29782617  0.78856492]
2026-01-21 11:12:49,645 - position: [ 0.39256644 -1.27537644  0.79046655]
2026-01-21 11:12:49,873 - position: [ 0.38809788 -1.2393837   0.79289418]
2026-01-21 11:12:50,087 - position: [ 0.38387194 -1.22535658  0.79281521]
2026-01-21 11:12:50,320 - position: [ 0.3830952  -1.22287285  0.79351985]
2026-01-21 11:12:50,560 - position: [ 0.3801375  -1.23282719  0.79424858]
2026-01-21 11:12:50,779 - position: [ 0.38153979 -1.2405616   0.79371822]
2026-01-21 11:12:51,016 - position: [ 0.37520278 -1.25729644  0.78977859]
2026-01-21 11:12:51,233 - position: [ 0.37584019 -1.26299632  0.78873354]
2026-01-21 11:12:51,477 - position: [ 0.38487801 -1.25300515  0.79389852]
2026-01-21 11:12:51,721 - position: [ 0.39355856 -1.24223816  0.79696   ]
2026-01-21 11:12:51,954 - position: [ 0.38871047 -1.24747515  0.79791713]
2026-01-21 11:12:52,169 - position: [ 0.3900075  -1.27743804  0.79124022]
2026-01-21 11:12:52,395 - position: [ 0.38529003 -1.27374208  0.79120803]
2026-01-21 11:12:52,653 - position: [ 0.3660382  -1.2578578   0.79482144]
2026-01-21 11:12:52,876 - position: [ 0.37613711 -1.25931191  0.79554421]
2026-01-21 11:12:53,112 - position: [ 0.38443872 -1.27464163  0.79280502]
2026-01-21 11:12:53,396 - position: [ 0.3827225  -1.27658463  0.79341525]
2026-01-21 11:12:53,633 - position: [ 0.38276252 -1.27579296  0.79418886]
2026-01-21 11:12:53,938 - position: [ 0.38925734 -1.27676237  0.7946704 ]
2026-01-21 11:12:54,172 - position: [ 0.38998586 -1.27363288  0.79509747]
2026-01-21 11:12:54,388 - position: [ 0.39175504 -1.27254665  0.7929669 ]
2026-01-21 11:12:54,614 - position: [ 0.39242229 -1.26947069  0.79156893]
2026-01-21 11:12:54,856 - position: [ 0.39362222 -1.26191556  0.79201657]
2026-01-21 11:12:55,130 - position: [ 0.39330977 -1.25772631  0.79181391]
2026-01-21 11:12:55,459 - position: [ 0.39469934 -1.25751305  0.79107839]
2026-01-21 11:12:55,693 - position: [ 0.39405227 -1.25611436  0.79020047]
2026-01-21 11:12:55,904 - position: [ 0.39567927 -1.25176883  0.78993452]
2026-01-21 11:12:56,131 - position: [ 0.39963132 -1.23825967  0.78911263]
2026-01-21 11:12:56,396 - position: [ 0.4097245  -1.2081964   0.79441273]
2026-01-21 11:12:56,637 - position: [ 0.42645207 -1.18809652  0.81341487]
2026-01-21 11:12:56,859 - position: [ 0.42319366 -1.20913541  0.81012434]
2026-01-21 11:12:57,120 - position: [ 0.41767523 -1.25465882  0.8045609 ]
2026-01-21 11:12:57,365 - position: [ 0.41773811 -1.25910604  0.80393517]
2026-01-21 11:12:57,593 - position: [ 0.39904198 -1.29839039  0.79302263]
2026-01-21 11:12:57,810 - position: [ 0.39254582 -1.30265868  0.79020792]
2026-01-21 11:12:58,057 - position: [ 0.40376481 -1.31922209  0.78682017]
2026-01-21 11:12:58,312 - position: [ 0.40125659 -1.3152796   0.78486592]
2026-01-21 11:12:58,541 - position: [ 0.39159316 -1.29842043  0.78155798]
2026-01-21 11:12:58,784 - position: [ 0.38882995 -1.28865397  0.78239065]
2026-01-21 11:12:58,993 - position: [ 0.3849043  -1.28223574  0.78320086]
2026-01-21 11:12:59,227 - position: [ 0.3762522  -1.27553332  0.78453451]
2026-01-21 11:12:59,476 - position: [ 0.38301134 -1.28819287  0.78590411]
2026-01-21 11:12:59,684 - position: [ 0.38628858 -1.28603351  0.7888394 ]
2026-01-21 11:12:59,932 - position: [ 0.38850462 -1.28416049  0.79007208]
2026-01-21 11:13:00,168 - position: [ 0.39041093 -1.28601944  0.79027379]
2026-01-21 11:13:00,379 - position: [ 0.39024466 -1.28668118  0.79054779]
2026-01-21 11:13:00,596 - position: [ 0.39048988 -1.28736603  0.79076266]
2026-01-21 11:13:00,819 - position: [ 0.38994291 -1.28881788  0.79110098]
2026-01-21 11:13:01,093 - position: [ 0.39007151 -1.28687716  0.79180211]
2026-01-21 11:13:01,334 - position: [ 0.39154726 -1.28391802  0.79187417]
2026-01-21 11:13:01,549 - position: [ 0.39725429 -1.28508294  0.79071885]
2026-01-21 11:13:01,764 - position: [ 0.40198997 -1.28818989  0.79010844]
2026-01-21 11:13:01,990 - position: [ 0.4030757  -1.28874922  0.78990191]
2026-01-21 11:13:02,210 - position: [ 0.40720314 -1.28629398  0.78784382]
2026-01-21 11:13:02,421 - position: [ 0.40868145 -1.28376627  0.78747302]
2026-01-21 11:13:02,684 - position: [ 0.41021466 -1.28417277  0.78791022]
2026-01-21 11:13:02,929 - position: [ 0.41027158 -1.28672874  0.78799105]
2026-01-21 11:13:03,137 - position: [ 0.40661439 -1.29096889  0.78871489]
2026-01-21 11:13:03,372 - position: [ 0.40177631 -1.29344606  0.78918278]
2026-01-21 11:13:03,624 - position: [ 0.39676604 -1.2959789   0.78996384]
2026-01-21 11:13:03,866 - position: [ 0.39188331 -1.29957247  0.79091406]
2026-01-21 11:13:04,100 - position: [ 0.38944671 -1.29860282  0.79179984]
2026-01-21 11:13:04,337 - position: [ 0.38518897 -1.29303491  0.79318196]
2026-01-21 11:13:04,646 - position: [ 0.38364488 -1.29470253  0.79231459]
2026-01-21 11:13:05,005 - position: [ 0.38472867 -1.30047226  0.79369712]
2026-01-21 11:13:05,295 - position: [ 0.38330254 -1.29759812  0.79208714]
2026-01-21 11:13:05,544 - position: [ 0.3819102  -1.29071593  0.79020703]
2026-01-21 11:13:05,780 - position: [ 0.38274074 -1.28685844  0.78996825]
2026-01-21 11:13:06,000 - position: [ 0.38056892 -1.28138447  0.78961229]
2026-01-21 11:13:06,236 - position: [ 0.38056892 -1.28138447  0.78961229]
2026-01-21 11:13:06,477 - position: [ 0.38018483 -1.27584851  0.79017478]
2026-01-21 11:13:06,720 - position: [ 0.37978083 -1.27441382  0.79046524]
2026-01-21 11:13:06,932 - position: [ 0.3791115  -1.27392244  0.79057056]
2026-01-21 11:13:07,142 - position: [ 0.37883347 -1.27280056  0.79058111]
2026-01-21 11:13:07,374 - position: [ 0.37814066 -1.27139175  0.79046291]
2026-01-21 11:13:07,589 - position: [ 0.37844813 -1.27289534  0.79037142]
2026-01-21 11:13:07,830 - position: [ 0.37867489 -1.2745738   0.79058415]
2026-01-21 11:13:08,063 - position: [ 0.37825197 -1.27569366  0.79070294]
2026-01-21 11:13:08,296 - position: [ 0.37875926 -1.27600467  0.79120201]
2026-01-21 11:13:08,507 - position: [ 0.38002336 -1.27747858  0.79183072]
2026-01-21 11:13:08,721 - position: [ 0.38065168 -1.2809236   0.79157692]
2026-01-21 11:13:08,932 - position: [ 0.38036457 -1.28157806  0.79121739]
2026-01-21 11:13:09,169 - position: [ 0.38073495 -1.28165293  0.79139125]
2026-01-21 11:13:09,392 - position: [ 0.38076124 -1.28187597  0.7915743 ]
2026-01-21 11:13:09,625 - position: [ 0.38048145 -1.28305638  0.79136997]
2026-01-21 11:13:09,842 - position: [ 0.38040224 -1.28322816  0.79131293]
2026-01-21 11:13:10,043 - position: [ 0.37996432 -1.28069365  0.79138607]
2026-01-21 11:13:10,285 - position: [ 0.3795355  -1.28045702  0.79082769]
2026-01-21 11:13:10,501 - position: [ 0.37964499 -1.2803731   0.7906068 ]
2026-01-21 11:13:10,739 - position: [ 0.37948534 -1.27975464  0.79008794]
2026-01-21 11:13:10,958 - position: [ 0.38066629 -1.28182232  0.79048938]
2026-01-21 11:13:11,199 - position: [ 0.38110951 -1.28359032  0.7905525 ]
2026-01-21 11:13:11,449 - position: [ 0.38058087 -1.28401375  0.7910471 ]
2026-01-21 11:13:11,675 - position: [ 0.3803556  -1.28386903  0.79158598]
2026-01-21 11:13:11,895 - position: [ 0.3833172  -1.28261685  0.79394597]
2026-01-21 11:13:12,096 - position: [ 0.38199505 -1.28445804  0.7931397 ]
2026-01-21 11:13:12,390 - position: [ 0.38164541 -1.28359187  0.79274195]
2026-01-21 11:13:12,618 - position: [ 0.38176954 -1.28301644  0.79246736]
2026-01-21 11:13:12,821 - position: [ 0.38200757 -1.28279126  0.79224986]
2026-01-21 11:13:13,059 - position: [ 0.38177538 -1.28190708  0.79207647]
2026-01-21 11:13:13,278 - position: [ 0.38209912 -1.28290129  0.79173571]
2026-01-21 11:13:13,478 - position: [ 0.38197112 -1.28342342  0.79171252]
2026-01-21 11:13:13,683 - position: [ 0.38157815 -1.28272426  0.79153872]
2026-01-21 11:13:13,909 - position: [ 0.38105223 -1.2805953   0.79130256]
2026-01-21 11:13:14,115 - position: [ 0.38150913 -1.28116357  0.79135913]
2026-01-21 11:13:14,342 - position: [ 0.38313419 -1.28314614  0.79123366]
2026-01-21 11:13:14,563 - position: [ 0.38752747 -1.28799844  0.79168606]
2026-01-21 11:13:14,800 - position: [ 0.39183936 -1.29395258  0.79221034]
2026-01-21 11:13:15,029 - position: [ 0.39517    -1.29910469  0.79162186]
2026-01-21 11:13:15,258 - position: [ 0.396254   -1.29688418  0.79171747]
2026-01-21 11:13:15,489 - position: [ 0.39634889 -1.29689467  0.79172754]
2026-01-21 11:13:15,738 - position: [ 0.40461534 -1.30077684  0.79242992]
2026-01-21 11:13:15,977 - position: [ 0.40641883 -1.30151916  0.79259259]
2026-01-21 11:13:16,217 - position: [ 0.41129351 -1.30218351  0.79327166]
2026-01-21 11:13:16,442 - position: [ 0.41807252 -1.3021127   0.79409784]
2026-01-21 11:13:16,696 - position: [ 0.43931085 -1.30269349  0.79596186]
2026-01-21 11:13:16,934 - position: [ 0.44323012 -1.3032546   0.79471576]
2026-01-21 11:13:17,165 - position: [ 0.44326797 -1.30242157  0.79304272]
2026-01-21 11:13:17,395 - position: [ 0.44177982 -1.30041957  0.79195952]
2026-01-21 11:13:17,626 - position: [ 0.44032982 -1.29992211  0.79169482]
2026-01-21 11:13:17,858 - position: [ 0.44076732 -1.29946065  0.79210365]
2026-01-21 11:13:18,127 - position: [ 0.43868852 -1.29898357  0.79218286]
2026-01-21 11:13:18,367 - position: [ 0.4303613  -1.29733729  0.79218739]
2026-01-21 11:13:18,650 - position: [ 0.42348647 -1.29588568  0.79254591]
2026-01-21 11:13:18,892 - position: [ 0.41629833 -1.29420555  0.79306984]
2026-01-21 11:13:19,115 - position: [ 0.40573618 -1.29179823  0.79293728]
2026-01-21 11:13:19,322 - position: [ 0.39549467 -1.28974569  0.7932356 ]
2026-01-21 11:13:19,545 - position: [ 0.38514611 -1.29111886  0.7934531 ]
2026-01-21 11:13:19,773 - position: [ 0.37389719 -1.29563582  0.7931394 ]
2026-01-21 11:13:20,010 - position: [ 0.3659462  -1.2986722   0.79259682]
2026-01-21 11:13:20,235 - position: [ 0.36059719 -1.29928994  0.79271203]
2026-01-21 11:13:20,470 - position: [ 0.3583073  -1.29876781  0.79497361]
2026-01-21 11:13:20,695 - position: [ 0.35890186 -1.2990644   0.79566991]
2026-01-21 11:13:20,921 - position: [ 0.38602334 -1.27997553  0.80747288]
2026-01-21 11:13:21,133 - position: [ 0.42050916 -1.22145832  0.8407495 ]
2026-01-21 11:13:21,393 - position: [ 0.42050916 -1.22145832  0.8407495 ]
2026-01-21 11:13:21,634 - position: [ 0.45017037 -1.37869585  1.97520518]
2026-01-21 11:13:21,844 - position: [ 0.39203477 -1.47537601  1.98137569]
2026-01-21 11:13:22,060 - position: [ 0.38828129 -1.47289073  1.97739661]
2026-01-21 11:13:22,346 - position: [ 0.41034308 -1.42606735  1.97381759]
2026-01-21 11:13:22,579 - position: [ 0.41875148 -1.40771592  1.97124815]
2026-01-21 11:13:22,818 - position: [ 0.41875148 -1.40771592  1.97124815]
2026-01-21 11:13:23,051 - position: [ 0.41875148 -1.40771592  1.97124815]
2026-01-21 11:13:23,277 - position: [ 0.41875148 -1.40771592  1.97124815]
2026-01-21 11:13:23,491 - position: [ 0.36480838 -1.3257817   0.79169852]
2026-01-21 11:13:23,700 - position: [ 0.32676372 -1.28280926  0.79791266]
2026-01-21 11:13:23,915 - position: [ 0.33090159 -1.24543834  0.80936003]
2026-01-21 11:13:24,163 - position: [ 0.33788112 -1.2570951   0.80481654]
2026-01-21 11:13:24,436 - position: [ 0.33879343 -1.26704288  0.80212045]
2026-01-21 11:13:24,663 - position: [ 0.33261716 -1.26404595  0.80299014]
2026-01-21 11:13:24,937 - position: [ 0.33140919 -1.2607373   0.80430156]
2026-01-21 11:13:25,183 - position: [ 0.32424033 -1.2525692   0.80133229]
2026-01-21 11:13:25,431 - position: [ 0.3349165  -1.24334383  0.80623794]
2026-01-21 11:13:25,648 - position: [ 0.3415648  -1.23913014  0.80878049]
2026-01-21 11:13:25,894 - position: [ 0.34695947 -1.25168502  0.80720848]
2026-01-21 11:13:26,108 - position: [ 0.35088807 -1.26070392  0.8005541 ]
2026-01-21 11:13:26,332 - position: [ 0.33489174 -1.24993861  0.80322289]
2026-01-21 11:13:26,540 - position: [ 0.33756298 -1.24557459  0.80507088]
2026-01-21 11:13:26,802 - position: [ 0.3426123  -1.25158656  0.80283695]
2026-01-21 11:13:27,021 - position: [ 0.34172165 -1.2457782   0.80514842]
2026-01-21 11:13:27,225 - position: [ 0.34059015 -1.24510121  0.80367166]
2026-01-21 11:13:27,454 - position: [ 0.33967164 -1.24329543  0.8023625 ]
2026-01-21 11:13:27,705 - position: [ 0.3442314  -1.24525487  0.80146974]
2026-01-21 11:13:27,941 - position: [ 0.34772876 -1.24703515  0.80112928]
2026-01-21 11:13:28,148 - position: [ 0.34221458 -1.23663425  0.80367303]
2026-01-21 11:13:28,370 - position: [ 0.34373957 -1.23207831  0.80593449]
2026-01-21 11:13:28,594 - position: [ 0.35088673 -1.23227835  0.80252045]
2026-01-21 11:13:28,831 - position: [ 0.3499434  -1.22085392  0.81022441]
2026-01-21 11:13:29,077 - position: [ 0.3532925  -1.2349416   0.80222237]
2026-01-21 11:13:29,315 - position: [ 0.34109148 -1.22639549  0.80817509]
2026-01-21 11:13:29,614 - position: [ 0.34317395 -1.22939742  0.80702388]
2026-01-21 11:13:29,863 - position: [ 0.35192248 -1.24364853  0.80259913]
2026-01-21 11:13:30,107 - position: [ 0.34773189 -1.24445128  0.80283737]
2026-01-21 11:13:30,324 - position: [ 0.33213943 -1.21955895  0.80499309]
2026-01-21 11:13:30,539 - position: [ 0.3221713  -1.20469224  0.8098774 ]
2026-01-21 11:13:30,756 - position: [ 0.31844223 -1.19851565  0.81202018]
2026-01-21 11:13:31,044 - position: [ 0.33723807 -1.23027408  0.80475658]
2026-01-21 11:13:31,270 - position: [ 0.36130723 -1.27273393  0.80058688]
2026-01-21 11:13:31,480 - position: [ 0.36073375 -1.27378106  0.80081999]
2026-01-21 11:13:31,698 - position: [ 0.35336801 -1.28321636  0.80416793]
2026-01-21 11:13:31,956 - position: [ 0.36507997 -1.30308783  0.79953218]
2026-01-21 11:13:32,221 - position: [ 0.35550553 -1.30671239  0.80172676]
2026-01-21 11:13:32,456 - position: [ 0.34543774 -1.30088615  0.7986998 ]
2026-01-21 11:13:32,685 - position: [ 0.34445062 -1.29667199  0.79823953]
2026-01-21 11:13:32,958 - position: [ 0.34479141 -1.28883445  0.79866183]
2026-01-21 11:13:33,241 - position: [ 0.34573403 -1.272771    0.79856616]
2026-01-21 11:13:33,491 - position: [ 0.34402156 -1.26713181  0.79827332]
2026-01-21 11:13:33,737 - position: [ 0.34385094 -1.26561654  0.79820007]
2026-01-21 11:13:33,969 - position: [ 0.34419164 -1.26164925  0.79840863]
2026-01-21 11:13:34,194 - position: [ 0.34590703 -1.25623822  0.79961282]
2026-01-21 11:13:34,443 - position: [ 0.34691685 -1.25262392  0.80135578]
2026-01-21 11:13:34,663 - position: [ 0.34691685 -1.25262392  0.80135578]
2026-01-21 11:13:34,891 - position: [ 0.34628224 -1.2526865   0.80160677]
2026-01-21 11:13:35,133 - position: [ 0.34418434 -1.24688053  0.80109614]
2026-01-21 11:13:35,376 - position: [ 0.34276047 -1.24660373  0.8000806 ]
2026-01-21 11:13:35,613 - position: [ 0.3423335  -1.24906814  0.79972059]
2026-01-21 11:13:35,867 - position: [ 0.34190318 -1.25083303  0.80010396]
2026-01-21 11:13:36,099 - position: [ 0.34204647 -1.2561754   0.79989177]
2026-01-21 11:13:36,344 - position: [ 0.34190476 -1.257846    0.79984635]
2026-01-21 11:13:36,592 - position: [ 0.34119156 -1.25666201  0.79970419]
2026-01-21 11:13:36,810 - position: [ 0.3407304  -1.25401306  0.79958963]
2026-01-21 11:13:37,062 - position: [ 0.3393321  -1.2519784   0.79872459]
2026-01-21 11:13:37,282 - position: [ 0.33883765 -1.25177121  0.79851508]
2026-01-21 11:13:37,526 - position: [ 0.33817106 -1.25260985  0.79811621]
2026-01-21 11:13:37,760 - position: [ 0.33850557 -1.25569475  0.79930204]
2026-01-21 11:13:37,996 - position: [ 0.34132677 -1.25574422  0.80203712]
2026-01-21 11:13:38,219 - position: [ 0.34816456 -1.25697601  0.80642855]
2026-01-21 11:13:38,476 - position: [ 0.34789062 -1.26533043  0.80778158]
2026-01-21 11:13:38,719 - position: [ 0.346632   -1.27332675  0.80669701]
2026-01-21 11:13:38,928 - position: [ 0.346632   -1.27332675  0.80669701]
2026-01-21 11:13:39,191 - position: [ 0.34286812 -1.26281118  0.8106997 ]
2026-01-21 11:13:39,440 - position: [ 0.34510982 -1.26223385  0.81169844]
2026-01-21 11:13:39,664 - position: [ 0.35665858 -1.28467476  0.80152476]
2026-01-21 11:13:39,873 - position: [ 0.35753229 -1.27406287  0.8041954 ]
2026-01-21 11:13:40,131 - position: [ 0.35274813 -1.25979793  0.80557656]
2026-01-21 11:13:40,372 - position: [ 0.34836298 -1.25234497  0.80583459]
2026-01-21 11:13:40,599 - position: [ 0.38345253 -1.25329578  0.80662149]
2026-01-21 11:13:40,889 - position: [ 0.4635047  -1.24718523  0.82898474]
2026-01-21 11:13:41,139 - position: [ 0.40035501 -1.27716994  0.80636293]
2026-01-21 11:13:41,363 - position: [ 0.37938234 -1.29577255  0.7938543 ]
2026-01-21 11:13:41,571 - position: [ 0.38573253 -1.28975511  0.7975142 ]
2026-01-21 11:13:41,818 - position: [ 0.39731333 -1.26581347  0.80842578]
2026-01-21 11:13:42,038 - position: [ 0.38873741 -1.27040398  0.80457437]
2026-01-21 11:13:42,262 - position: [ 0.38643205 -1.28091347  0.79995555]
2026-01-21 11:13:42,483 - position: [ 0.38574183 -1.27270901  0.80094832]
2026-01-21 11:13:42,706 - position: [ 0.38544747 -1.27104461  0.80082715]
2026-01-21 11:13:42,910 - position: [ 0.38788742 -1.26821566  0.79990345]
2026-01-21 11:13:43,172 - position: [ 0.38546291 -1.26743746  0.7983852 ]
2026-01-21 11:13:43,413 - position: [ 0.38382116 -1.26255631  0.79859161]
2026-01-21 11:13:43,632 - position: [ 0.38372144 -1.26321697  0.79899436]
2026-01-21 11:13:43,856 - position: [ 0.38440964 -1.26486051  0.79986942]
2026-01-21 11:13:44,107 - position: [ 0.38479277 -1.26536226  0.80019861]
2026-01-21 11:13:44,349 - position: [ 0.38538033 -1.26649392  0.80054992]
2026-01-21 11:13:44,565 - position: [ 0.38549897 -1.2649591   0.8011393 ]
2026-01-21 11:13:44,790 - position: [ 0.38988841 -1.25870109  0.80484581]
2026-01-21 11:13:44,991 - position: [ 0.38999352 -1.25825691  0.80510563]
2026-01-21 11:13:45,279 - position: [ 0.38972914 -1.25763226  0.8058309 ]
2026-01-21 11:13:45,514 - position: [ 0.38318974 -1.25823474  0.80266863]
2026-01-21 11:13:45,751 - position: [ 0.38139409 -1.25485015  0.80183357]
2026-01-21 11:13:45,987 - position: [ 0.38428995 -1.24965346  0.80389738]
2026-01-21 11:13:46,235 - position: [ 0.3869814  -1.25951076  0.80248582]
2026-01-21 11:13:46,505 - position: [ 0.38774216 -1.26983058  0.80043751]
2026-01-21 11:13:46,746 - position: [ 0.38542405 -1.26981246  0.80071241]
2026-01-21 11:13:46,992 - position: [ 0.38449538 -1.26948929  0.80119556]
2026-01-21 11:13:47,237 - position: [ 0.38566756 -1.27002764  0.80152792]
2026-01-21 11:13:47,479 - position: [ 0.38472942 -1.2682482   0.80119562]
2026-01-21 11:13:47,756 - position: [ 0.38506621 -1.2673713   0.80081409]
2026-01-21 11:13:48,024 - position: [ 0.38444597 -1.26367891  0.80052894]
2026-01-21 11:13:48,272 - position: [ 0.3832038  -1.26181006  0.80027604]
2026-01-21 11:13:48,485 - position: [ 0.3834061  -1.26252484  0.80031198]
2026-01-21 11:13:48,747 - position: [ 0.38372144 -1.26331627  0.80033261]
2026-01-21 11:13:49,013 - position: [ 0.38353199 -1.26381993  0.80079526]
2026-01-21 11:13:49,229 - position: [ 0.38383597 -1.26403654  0.80125821]
2026-01-21 11:13:49,439 - position: [ 0.38378242 -1.26424313  0.80153114]
2026-01-21 11:13:49,668 - position: [ 0.38387772 -1.26452649  0.80162162]
2026-01-21 11:13:49,897 - position: [ 0.38384411 -1.26489806  0.80188662]
2026-01-21 11:13:50,157 - position: [ 0.38863924 -1.25759137  0.80575919]
2026-01-21 11:13:50,473 - position: [ 0.38912752 -1.25689161  0.80612081]
2026-01-21 11:13:50,778 - position: [ 0.39180723 -1.25099599  0.81097096]
2026-01-21 11:13:51,020 - position: [ 0.39067063 -1.25510085  0.80829012]
2026-01-21 11:13:51,250 - position: [ 0.39082363 -1.24979782  0.8075878 ]
2026-01-21 11:13:51,487 - position: [ 0.3902249  -1.23626351  0.80628324]
2026-01-21 11:13:51,701 - position: [ 0.38845673 -1.21912396  0.80606568]
2026-01-21 11:13:51,961 - position: [ 0.38192156 -1.21507096  0.80456495]
2026-01-21 11:13:52,188 - position: [ 0.39419633 -1.22283578  0.80292952]
2026-01-21 11:13:52,432 - position: [ 0.40124443 -1.23295128  0.80219179]
2026-01-21 11:13:52,717 - position: [ 0.39781588 -1.22828889  0.80207092]
2026-01-21 11:13:52,935 - position: [ 0.39951041 -1.22663212  0.80321527]
2026-01-21 11:13:53,148 - position: [ 0.40146533 -1.24159598  0.80005878]
2026-01-21 11:13:53,362 - position: [ 0.40060616 -1.24171698  0.80206555]
2026-01-21 11:13:53,597 - position: [ 0.39925414 -1.23398304  0.80367893]
2026-01-21 11:13:53,804 - position: [ 0.39970833 -1.23319578  0.80470872]
2026-01-21 11:13:54,008 - position: [ 0.40241498 -1.24636531  0.79971975]
2026-01-21 11:13:54,239 - position: [ 0.39834303 -1.23781085  0.7992298 ]
2026-01-21 11:13:54,462 - position: [ 0.39525571 -1.23305345  0.79956686]
2026-01-21 11:13:54,667 - position: [ 0.39943248 -1.24378574  0.79726869]
2026-01-21 11:13:54,872 - position: [ 0.39556849 -1.22477615  0.80360001]
2026-01-21 11:13:55,082 - position: [ 0.39807141 -1.22370887  0.80456889]
2026-01-21 11:13:55,327 - position: [ 0.39958385 -1.24500299  0.79997414]
2026-01-21 11:13:55,535 - position: [ 0.4037078  -1.25417447  0.80089748]
2026-01-21 11:13:55,768 - position: [ 0.40371686 -1.25427818  0.80080873]
2026-01-21 11:13:56,003 - position: [ 0.39660409 -1.26058507  0.80016291]
2026-01-21 11:13:56,232 - position: [ 0.39852428 -1.2699523   0.79976386]
2026-01-21 11:13:56,473 - position: [ 0.40333271 -1.2795279   0.79996938]
2026-01-21 11:13:56,710 - position: [ 0.40539324 -1.27390552  0.80317712]
2026-01-21 11:13:56,932 - position: [ 0.4049781  -1.2712481   0.80376601]
2026-01-21 11:13:57,149 - position: [ 0.4049781  -1.2712481   0.80376601]
2026-01-21 11:13:57,350 - position: [ 0.39861229 -1.26200175  0.80533749]
2026-01-21 11:13:57,562 - position: [ 0.3980546  -1.26708972  0.80389762]
2026-01-21 11:13:57,768 - position: [ 0.39904186 -1.27064669  0.80353546]
2026-01-21 11:13:57,989 - position: [ 0.39957485 -1.27072549  0.80373865]
2026-01-21 11:13:58,214 - position: [ 0.39960682 -1.27147353  0.80356753]
2026-01-21 11:13:58,462 - position: [ 0.40193796 -1.27064896  0.80325651]
2026-01-21 11:13:58,707 - position: [ 0.39985061 -1.2644124   0.80218995]
2026-01-21 11:13:58,917 - position: [ 0.39829504 -1.26093948  0.8012982 ]
2026-01-21 11:13:59,137 - position: [ 0.39565513 -1.25594532  0.80187362]
2026-01-21 11:13:59,351 - position: [ 0.39272904 -1.24894309  0.8012895 ]
2026-01-21 11:13:59,565 - position: [ 0.41787085 -1.24577284  0.81098431]
2026-01-21 11:13:59,792 - position: [ 0.42533174 -1.29465878  0.80016613]
2026-01-21 11:14:00,017 - position: [ 0.41241309 -1.27287376  0.80245364]
2026-01-21 11:14:00,306 - position: [ 0.41693223 -1.23782015  0.81042349]
2026-01-21 11:14:00,547 - position: [ 0.40449029 -1.24394047  0.80522984]
2026-01-21 11:14:00,812 - position: [ 0.40983567 -1.25617278  0.80118257]
2026-01-21 11:14:01,050 - position: [ 0.41178355 -1.26632071  0.79946822]
2026-01-21 11:14:01,307 - position: [ 0.40235156 -1.24126577  0.80462116]
2026-01-21 11:14:01,544 - position: [ 0.38727152 -1.22670269  0.80644494]
2026-01-21 11:14:01,829 - position: [ 0.40164787 -1.24229455  0.8040185 ]
2026-01-21 11:14:02,117 - position: [ 0.42751256 -1.31788254  0.79194975]
2026-01-21 11:14:02,359 - position: [ 0.41602883 -1.27651942  0.79589349]
2026-01-21 11:14:02,585 - position: [ 0.40526962 -1.21112049  0.80959415]
2026-01-21 11:14:02,809 - position: [ 0.41864508 -1.2469939   0.79784948]
2026-01-21 11:14:03,022 - position: [ 0.41695645 -1.2586658   0.79395527]
2026-01-21 11:14:03,262 - position: [ 0.40334219 -1.24248779  0.80457515]
2026-01-21 11:14:03,502 - position: [ 0.42361343 -1.24278545  0.80438167]
2026-01-21 11:14:03,731 - position: [ 0.42620498 -1.21537411  0.81348228]
2026-01-21 11:14:03,990 - position: [ 0.39929742 -1.16904068  0.83036268]
2026-01-21 11:14:04,239 - position: [ 0.41638991 -1.23725259  0.81667942]
2026-01-21 11:14:04,474 - position: [ 0.41171634 -1.22515953  0.81967717]
2026-01-21 11:14:04,715 - position: [ 0.40588051 -1.21486235  0.82149249]
2026-01-21 11:14:04,957 - position: [ 0.41394153 -1.24552882  0.81227881]
2026-01-21 11:14:05,249 - position: [ 0.41684622 -1.27029467  0.80649567]
2026-01-21 11:14:05,529 - position: [ 0.41448703 -1.26089883  0.80713451]
2026-01-21 11:14:05,783 - position: [ 0.4094975  -1.2408514   0.80948544]
2026-01-21 11:14:06,026 - position: [ 0.41332093 -1.24071157  0.80933738]
2026-01-21 11:14:06,287 - position: [ 0.41489708 -1.24138963  0.80733055]
2026-01-21 11:14:06,569 - position: [ 0.41377318 -1.24841583  0.80566722]
2026-01-21 11:14:06,836 - position: [ 0.41243106 -1.24921489  0.80434012]
2026-01-21 11:14:07,052 - position: [ 0.41046256 -1.26698172  0.80206513]
2026-01-21 11:14:07,323 - position: [ 0.40950975 -1.27993488  0.79625893]
2026-01-21 11:14:07,542 - position: [ 0.40970591 -1.28425503  0.79154551]
2026-01-21 11:14:07,767 - position: [ 0.41566154 -1.27121866  0.80062389]
2026-01-21 11:14:07,993 - position: [ 0.4177779  -1.27655983  0.80301642]
2026-01-21 11:14:08,232 - position: [ 0.42237446 -1.30343449  0.80275434]
2026-01-21 11:14:08,487 - position: [ 0.42256141 -1.33026028  0.80258304]
2026-01-21 11:14:08,730 - position: [ 0.41920543 -1.29748178  0.81955922]
2026-01-21 11:14:08,933 - position: [ 0.41136402 -1.30452931  0.81337661]
2026-01-21 11:14:09,139 - position: [ 0.38985521 -1.33089447  0.79905051]
2026-01-21 11:14:09,368 - position: [ 0.39244065 -1.33066261  0.79967076]
2026-01-21 11:14:09,588 - position: [ 0.40248778 -1.32534814  0.80339903]
2026-01-21 11:14:09,815 - position: [ 0.4060075  -1.32208312  0.80593312]
2026-01-21 11:14:10,053 - position: [ 0.40646294 -1.32655871  0.80429852]
2026-01-21 11:14:10,300 - position: [ 0.40725407 -1.32770383  0.80312771]
2026-01-21 11:14:10,573 - position: [ 0.4079029  -1.32400215  0.80325872]
2026-01-21 11:14:10,779 - position: [ 0.40816352 -1.31610119  0.80405724]
2026-01-21 11:14:11,003 - position: [ 0.40767381 -1.31039894  0.80359149]
2026-01-21 11:14:11,228 - position: [ 0.40730962 -1.30814183  0.80347496]
2026-01-21 11:14:11,474 - position: [ 0.40230933 -1.28330827  0.80150431]
2026-01-21 11:14:11,708 - position: [ 0.40084237 -1.28077304  0.80109131]
2026-01-21 11:14:11,983 - position: [ 0.39891961 -1.27721167  0.80070317]
2026-01-21 11:14:12,220 - position: [ 0.3950468  -1.26896989  0.80020803]
2026-01-21 11:14:12,429 - position: [ 0.39267936 -1.26441503  0.79966944]
2026-01-21 11:14:12,694 - position: [ 0.38886189 -1.25758469  0.79933882]
2026-01-21 11:14:12,929 - position: [ 0.38449281 -1.26220357  0.79713845]
2026-01-21 11:14:13,211 - position: [ 0.38377962 -1.2585268   0.79806858]
2026-01-21 11:14:13,450 - position: [ 0.38214371 -1.25550091  0.79861295]
2026-01-21 11:14:13,684 - position: [ 0.38190377 -1.25554657  0.79859483]
2026-01-21 11:14:13,926 - position: [ 0.38341099 -1.26216793  0.7984879 ]
2026-01-21 11:14:14,180 - position: [ 0.38311139 -1.27045107  0.79723495]
2026-01-21 11:14:14,440 - position: [ 0.37735549 -1.26407504  0.79156631]
2026-01-21 11:14:14,688 - position: [ 0.35201332 -1.20002139  0.79418707]
2026-01-21 11:14:15,037 - position: [ 0.27489537 -1.13187754  0.80020875]
2026-01-21 11:14:15,259 - position: [ 0.25465664 -1.17182124  0.78112221]
2026-01-21 11:14:15,488 - position: [ 0.16856311 -1.18566585  0.73765838]
2026-01-21 11:14:15,734 - position: [ 0.09304781 -1.18517816  0.76300865]
2026-01-21 11:14:15,977 - position: [ 0.00724249 -1.2632277   0.81111562]
2026-01-21 11:14:16,222 - position: [ 0.06593438 -1.36438036  0.79920435]
2026-01-21 11:14:16,513 - position: [-0.19628921 -1.52542937  0.84544218]
2026-01-21 11:14:16,736 - position: [-0.37139201 -1.57554162  0.86946535]
2026-01-21 11:14:16,970 - position: [-0.45778248 -1.61924779  0.8342647 ]
2026-01-21 11:14:17,258 - position: [-0.57159793 -1.60558379  0.80317253]
2026-01-21 11:14:17,525 - position: [-0.83252048 -1.67205226  0.8433063 ]
2026-01-21 11:14:17,757 - position: [-0.93285954 -1.74314725  0.87081683]
2026-01-21 11:14:17,970 - position: [-0.85429168 -1.80077493  0.85126621]
2026-01-21 11:14:18,221 - position: [-0.75447071 -1.88739812  0.84596401]
2026-01-21 11:14:18,458 - position: [-0.73461473 -1.97918546  0.85120088]
2026-01-21 11:14:18,670 - position: [-0.84186465 -1.98173749  0.90752774]
2026-01-21 11:14:18,893 - position: [-0.89888924 -1.97610867  0.93823838]
2026-01-21 11:14:19,125 - position: [-0.96619058 -1.98993158  0.9506647 ]
2026-01-21 11:14:19,362 - position: [-0.97192675 -1.9885453   0.95021659]
2026-01-21 11:14:19,602 - position: [-1.06356692 -2.07168746  1.3381803 ]
