2026-01-21 10:37:35,148 - position: [0. 0. 0.]
2026-01-21 10:37:35,374 - position: [0. 0. 0.]
2026-01-21 10:37:35,621 - position: [0. 0. 0.]
2026-01-21 10:37:35,832 - position: [0. 0. 0.]
2026-01-21 10:37:36,101 - position: [0. 0. 0.]
2026-01-21 10:37:36,328 - position: [0. 0. 0.]
2026-01-21 10:37:36,581 - position: [0. 0. 0.]
2026-01-21 10:37:36,830 - position: [0. 0. 0.]
2026-01-21 10:37:37,068 - position: [0. 0. 0.]
2026-01-21 10:37:37,293 - position: [0. 0. 0.]
2026-01-21 10:37:37,525 - position: [0. 0. 0.]
2026-01-21 10:37:37,759 - position: [0. 0. 0.]
2026-01-21 10:37:37,989 - position: [0. 0. 0.]
2026-01-21 10:37:38,224 - position: [0. 0. 0.]
2026-01-21 10:37:38,449 - position: [0. 0. 0.]
2026-01-21 10:37:38,704 - position: [0. 0. 0.]
2026-01-21 10:37:38,927 - position: [0. 0. 0.]
2026-01-21 10:37:39,178 - position: [0. 0. 0.]
2026-01-21 10:37:39,412 - position: [0. 0. 0.]
2026-01-21 10:37:39,663 - position: [0. 0. 0.]
2026-01-21 10:37:39,915 - position: [0. 0. 0.]
2026-01-21 10:37:40,161 - position: [0. 0. 0.]
2026-01-21 10:37:40,407 - position: [0. 0. 0.]
2026-01-21 10:37:40,612 - position: [0. 0. 0.]
2026-01-21 10:37:40,860 - position: [0. 0. 0.]
2026-01-21 10:37:41,064 - position: [0. 0. 0.]
2026-01-21 10:37:41,297 - position: [0. 0. 0.]
2026-01-21 10:37:41,554 - position: [0. 0. 0.]
2026-01-21 10:37:41,797 - position: [0. 0. 0.]
2026-01-21 10:37:42,033 - position: [0. 0. 0.]
2026-01-21 10:37:42,284 - position: [0. 0. 0.]
2026-01-21 10:37:42,495 - position: [0. 0. 0.]
2026-01-21 10:37:42,773 - position: [0. 0. 0.]
2026-01-21 10:37:43,010 - position: [0. 0. 0.]
2026-01-21 10:37:43,232 - position: [0. 0. 0.]
2026-01-21 10:37:43,447 - position: [0. 0. 0.]
2026-01-21 10:37:43,669 - position: [0. 0. 0.]
2026-01-21 10:37:43,894 - position: [0. 0. 0.]
2026-01-21 10:37:44,209 - position: [0. 0. 0.]
2026-01-21 10:37:44,450 - position: [0. 0. 0.]
2026-01-21 10:37:44,690 - position: [0. 0. 0.]
2026-01-21 10:37:44,899 - position: [0. 0. 0.]
2026-01-21 10:37:45,132 - position: [0. 0. 0.]
2026-01-21 10:37:45,342 - position: [0. 0. 0.]
2026-01-21 10:37:45,563 - position: [0. 0. 0.]
2026-01-21 10:37:45,821 - position: [0. 0. 0.]
2026-01-21 10:37:46,045 - position: [0. 0. 0.]
2026-01-21 10:37:46,300 - position: [0. 0. 0.]
2026-01-21 10:37:46,512 - position: [0. 0. 0.]
2026-01-21 10:37:46,771 - position: [0. 0. 0.]
2026-01-21 10:37:46,983 - position: [0. 0. 0.]
2026-01-21 10:37:47,235 - position: [0. 0. 0.]
2026-01-21 10:37:47,479 - position: [0. 0. 0.]
2026-01-21 10:37:47,760 - position: [0. 0. 0.]
2026-01-21 10:37:47,979 - position: [0. 0. 0.]
2026-01-21 10:37:48,218 - position: [0. 0. 0.]
2026-01-21 10:37:48,460 - position: [0. 0. 0.]
2026-01-21 10:37:48,698 - position: [0. 0. 0.]
2026-01-21 10:37:48,938 - position: [0. 0. 0.]
2026-01-21 10:37:49,192 - position: [0. 0. 0.]
2026-01-21 10:37:49,507 - position: [0. 0. 0.]
2026-01-21 10:37:49,720 - position: [0. 0. 0.]
2026-01-21 10:37:49,975 - position: [0. 0. 0.]
2026-01-21 10:37:50,277 - position: [0. 0. 0.]
2026-01-21 10:37:50,505 - position: [0. 0. 0.]
2026-01-21 10:37:50,731 - position: [0. 0. 0.]
2026-01-21 10:37:50,958 - position: [0. 0. 0.]
2026-01-21 10:37:51,177 - position: [0. 0. 0.]
2026-01-21 10:37:51,455 - position: [0. 0. 0.]
2026-01-21 10:37:51,737 - position: [0. 0. 0.]
2026-01-21 10:37:51,962 - position: [0. 0. 0.]
2026-01-21 10:37:52,195 - position: [0. 0. 0.]
2026-01-21 10:37:52,478 - position: [0. 0. 0.]
2026-01-21 10:37:52,816 - position: [0. 0. 0.]
2026-01-21 10:37:53,068 - position: [0. 0. 0.]
2026-01-21 10:37:53,282 - position: [0. 0. 0.]
2026-01-21 10:37:53,539 - position: [0. 0. 0.]
2026-01-21 10:37:53,775 - position: [0. 0. 0.]
2026-01-21 10:37:53,985 - position: [0. 0. 0.]
2026-01-21 10:37:54,228 - position: [0. 0. 0.]
2026-01-21 10:37:54,442 - position: [0. 0. 0.]
2026-01-21 10:37:54,685 - position: [0. 0. 0.]
2026-01-21 10:37:54,926 - position: [0. 0. 0.]
2026-01-21 10:37:55,150 - position: [0. 0. 0.]
2026-01-21 10:37:55,407 - position: [0. 0. 0.]
2026-01-21 10:37:55,651 - position: [0. 0. 0.]
2026-01-21 10:37:55,911 - position: [0. 0. 0.]
2026-01-21 10:37:56,167 - position: [0. 0. 0.]
2026-01-21 10:37:56,398 - position: [0. 0. 0.]
2026-01-21 10:37:56,605 - position: [0. 0. 0.]
2026-01-21 10:37:56,837 - position: [0. 0. 0.]
2026-01-21 10:37:57,101 - position: [0. 0. 0.]
2026-01-21 10:37:57,314 - position: [0. 0. 0.]
2026-01-21 10:37:57,560 - position: [0. 0. 0.]
2026-01-21 10:37:57,770 - position: [0. 0. 0.]
2026-01-21 10:37:58,042 - position: [0. 0. 0.]
2026-01-21 10:37:58,282 - position: [0. 0. 0.]
2026-01-21 10:37:58,524 - position: [0. 0. 0.]
2026-01-21 10:37:58,752 - position: [0. 0. 0.]
2026-01-21 10:37:58,985 - position: [0. 0. 0.]
2026-01-21 10:37:59,212 - position: [0. 0. 0.]
2026-01-21 10:37:59,454 - position: [0. 0. 0.]
2026-01-21 10:37:59,681 - position: [0. 0. 0.]
2026-01-21 10:37:59,931 - position: [0. 0. 0.]
2026-01-21 10:38:00,207 - position: [0. 0. 0.]
2026-01-21 10:38:00,432 - position: [0. 0. 0.]
2026-01-21 10:38:00,667 - position: [0. 0. 0.]
2026-01-21 10:38:00,871 - position: [0. 0. 0.]
2026-01-21 10:38:01,111 - position: [0. 0. 0.]
2026-01-21 10:38:01,378 - position: [0. 0. 0.]
2026-01-21 10:38:01,629 - position: [0. 0. 0.]
2026-01-21 10:38:01,842 - position: [0. 0. 0.]
2026-01-21 10:38:02,062 - position: [0. 0. 0.]
2026-01-21 10:38:02,295 - position: [0. 0. 0.]
2026-01-21 10:38:02,540 - position: [0. 0. 0.]
2026-01-21 10:38:02,782 - position: [0. 0. 0.]
2026-01-21 10:38:03,004 - position: [0. 0. 0.]
2026-01-21 10:38:03,241 - position: [0. 0. 0.]
2026-01-21 10:38:03,454 - position: [0. 0. 0.]
2026-01-21 10:38:03,687 - position: [0. 0. 0.]
2026-01-21 10:38:03,894 - position: [0. 0. 0.]
2026-01-21 10:38:04,176 - position: [0. 0. 0.]
2026-01-21 10:38:04,379 - position: [0. 0. 0.]
2026-01-21 10:38:04,614 - position: [0. 0. 0.]
2026-01-21 10:38:04,845 - position: [0. 0. 0.]
2026-01-21 10:38:05,216 - position: [0. 0. 0.]
2026-01-21 10:38:05,501 - position: [0. 0. 0.]
2026-01-21 10:38:05,760 - position: [0. 0. 0.]
2026-01-21 10:38:06,050 - position: [0. 0. 0.]
2026-01-21 10:38:06,279 - position: [0. 0. 0.]
2026-01-21 10:38:06,488 - position: [0. 0. 0.]
2026-01-21 10:38:06,733 - position: [0. 0. 0.]
2026-01-21 10:38:06,966 - position: [0. 0. 0.]
2026-01-21 10:38:07,195 - position: [0. 0. 0.]
2026-01-21 10:38:07,400 - position: [0. 0. 0.]
2026-01-21 10:38:07,608 - position: [0. 0. 0.]
2026-01-21 10:38:07,894 - position: [0. 0. 0.]
2026-01-21 10:38:08,117 - position: [0. 0. 0.]
2026-01-21 10:38:08,347 - position: [0. 0. 0.]
2026-01-21 10:38:08,590 - position: [0. 0. 0.]
2026-01-21 10:38:08,847 - position: [0. 0. 0.]
2026-01-21 10:38:09,107 - position: [0. 0. 0.]
2026-01-21 10:38:09,333 - position: [0. 0. 0.]
2026-01-21 10:38:09,556 - position: [0. 0. 0.]
2026-01-21 10:38:09,807 - position: [0. 0. 0.]
2026-01-21 10:38:10,055 - position: [0. 0. 0.]
2026-01-21 10:38:10,273 - position: [0. 0. 0.]
2026-01-21 10:38:10,506 - position: [0. 0. 0.]
2026-01-21 10:38:10,763 - position: [0. 0. 0.]
2026-01-21 10:38:11,016 - position: [0. 0. 0.]
2026-01-21 10:38:11,244 - position: [0. 0. 0.]
2026-01-21 10:38:11,479 - position: [0. 0. 0.]
2026-01-21 10:38:11,699 - position: [0. 0. 0.]
2026-01-21 10:38:11,947 - position: [0. 0. 0.]
2026-01-21 10:38:12,183 - position: [0. 0. 0.]
2026-01-21 10:38:12,412 - position: [0. 0. 0.]
2026-01-21 10:38:12,647 - position: [0. 0. 0.]
2026-01-21 10:38:12,893 - position: [0. 0. 0.]
2026-01-21 10:38:13,167 - position: [0. 0. 0.]
2026-01-21 10:38:13,416 - position: [0. 0. 0.]
2026-01-21 10:38:13,698 - position: [0. 0. 0.]
2026-01-21 10:38:13,940 - position: [0. 0. 0.]
2026-01-21 10:38:14,155 - position: [0. 0. 0.]
2026-01-21 10:38:14,410 - position: [0. 0. 0.]
2026-01-21 10:38:14,668 - position: [0. 0. 0.]
2026-01-21 10:38:14,892 - position: [0. 0. 0.]
2026-01-21 10:38:15,124 - position: [0. 0. 0.]
2026-01-21 10:38:15,355 - position: [0. 0. 0.]
2026-01-21 10:38:15,592 - position: [0. 0. 0.]
2026-01-21 10:38:15,800 - position: [0. 0. 0.]
2026-01-21 10:38:16,024 - position: [0. 0. 0.]
2026-01-21 10:38:16,239 - position: [0. 0. 0.]
2026-01-21 10:38:16,465 - position: [0. 0. 0.]
2026-01-21 10:38:16,691 - position: [0. 0. 0.]
2026-01-21 10:38:16,911 - position: [0. 0. 0.]
2026-01-21 10:38:17,150 - position: [0. 0. 0.]
2026-01-21 10:38:17,395 - position: [0. 0. 0.]
2026-01-21 10:38:17,618 - position: [0. 0. 0.]
2026-01-21 10:38:17,831 - position: [0. 0. 0.]
2026-01-21 10:38:18,049 - position: [0. 0. 0.]
2026-01-21 10:38:18,283 - position: [0. 0. 0.]
2026-01-21 10:38:18,507 - position: [0. 0. 0.]
2026-01-21 10:38:18,713 - position: [0. 0. 0.]
2026-01-21 10:38:18,967 - position: [0. 0. 0.]
2026-01-21 10:38:19,240 - position: [0. 0. 0.]
2026-01-21 10:38:19,485 - position: [0. 0. 0.]
2026-01-21 10:38:19,718 - position: [0. 0. 0.]
2026-01-21 10:38:19,937 - position: [0. 0. 0.]
2026-01-21 10:38:20,141 - position: [0. 0. 0.]
2026-01-21 10:38:20,363 - position: [0. 0. 0.]
2026-01-21 10:38:20,578 - position: [0. 0. 0.]
2026-01-21 10:38:20,782 - position: [0. 0. 0.]
2026-01-21 10:38:21,045 - position: [0. 0. 0.]
2026-01-21 10:38:21,251 - position: [0. 0. 0.]
2026-01-21 10:38:21,483 - position: [0. 0. 0.]
2026-01-21 10:38:21,709 - position: [0. 0. 0.]
2026-01-21 10:38:21,951 - position: [0. 0. 0.]
2026-01-21 10:38:22,187 - position: [0. 0. 0.]
2026-01-21 10:38:22,427 - position: [0. 0. 0.]
2026-01-21 10:38:22,735 - position: [0. 0. 0.]
2026-01-21 10:38:22,999 - position: [0. 0. 0.]
2026-01-21 10:38:23,272 - position: [0. 0. 0.]
2026-01-21 10:38:23,494 - position: [0. 0. 0.]
2026-01-21 10:38:23,716 - position: [0. 0. 0.]
2026-01-21 10:38:23,949 - position: [0. 0. 0.]
2026-01-21 10:38:24,158 - position: [0. 0. 0.]
2026-01-21 10:38:24,399 - position: [0. 0. 0.]
2026-01-21 10:38:24,654 - position: [0. 0. 0.]
2026-01-21 10:38:24,886 - position: [0. 0. 0.]
2026-01-21 10:38:25,150 - position: [0. 0. 0.]
2026-01-21 10:38:25,407 - position: [0. 0. 0.]
2026-01-21 10:38:25,632 - position: [0. 0. 0.]
2026-01-21 10:38:25,863 - position: [0. 0. 0.]
2026-01-21 10:38:26,108 - position: [0. 0. 0.]
2026-01-21 10:38:26,350 - position: [0. 0. 0.]
2026-01-21 10:38:26,607 - position: [0. 0. 0.]
2026-01-21 10:38:26,874 - position: [0. 0. 0.]
2026-01-21 10:38:27,126 - position: [0. 0. 0.]
2026-01-21 10:38:27,368 - position: [0. 0. 0.]
2026-01-21 10:38:27,618 - position: [0. 0. 0.]
2026-01-21 10:38:27,839 - position: [0. 0. 0.]
2026-01-21 10:38:28,082 - position: [0. 0. 0.]
2026-01-21 10:38:28,298 - position: [0. 0. 0.]
2026-01-21 10:38:28,527 - position: [0. 0. 0.]
2026-01-21 10:38:28,752 - position: [0. 0. 0.]
2026-01-21 10:38:28,990 - position: [0. 0. 0.]
2026-01-21 10:38:29,202 - position: [0. 0. 0.]
2026-01-21 10:38:29,444 - position: [0. 0. 0.]
2026-01-21 10:38:29,666 - position: [0. 0. 0.]
2026-01-21 10:38:29,924 - position: [0. 0. 0.]
2026-01-21 10:38:30,252 - position: [0. 0. 0.]
2026-01-21 10:38:30,499 - position: [0. 0. 0.]
2026-01-21 10:38:30,721 - position: [0. 0. 0.]
2026-01-21 10:38:30,948 - position: [0. 0. 0.]
2026-01-21 10:38:31,181 - position: [0. 0. 0.]
2026-01-21 10:38:31,414 - position: [0. 0. 0.]
2026-01-21 10:38:31,639 - position: [0. 0. 0.]
2026-01-21 10:38:31,888 - position: [0. 0. 0.]
2026-01-21 10:38:32,141 - position: [0. 0. 0.]
2026-01-21 10:38:32,387 - position: [0. 0. 0.]
2026-01-21 10:38:32,609 - position: [0. 0. 0.]
2026-01-21 10:38:32,888 - position: [0. 0. 0.]
2026-01-21 10:38:33,124 - position: [0. 0. 0.]
2026-01-21 10:38:33,382 - position: [0. 0. 0.]
2026-01-21 10:38:33,590 - position: [0. 0. 0.]
2026-01-21 10:38:33,843 - position: [0. 0. 0.]
2026-01-21 10:38:34,109 - position: [0. 0. 0.]
2026-01-21 10:38:34,341 - position: [0. 0. 0.]
2026-01-21 10:38:34,552 - position: [0. 0. 0.]
2026-01-21 10:38:34,776 - position: [0. 0. 0.]
2026-01-21 10:38:34,990 - position: [0. 0. 0.]
2026-01-21 10:38:35,228 - position: [0. 0. 0.]
2026-01-21 10:38:35,492 - position: [0. 0. 0.]
2026-01-21 10:38:35,724 - position: [0. 0. 0.]
2026-01-21 10:38:35,933 - position: [0. 0. 0.]
2026-01-21 10:38:36,164 - position: [0. 0. 0.]
2026-01-21 10:38:36,454 - position: [0. 0. 0.]
2026-01-21 10:38:36,670 - position: [0. 0. 0.]
2026-01-21 10:38:36,911 - position: [0. 0. 0.]
2026-01-21 10:38:37,137 - position: [0. 0. 0.]
2026-01-21 10:38:37,428 - position: [0. 0. 0.]
2026-01-21 10:38:37,666 - position: [0. 0. 0.]
2026-01-21 10:38:37,879 - position: [0. 0. 0.]
2026-01-21 10:38:38,084 - position: [0. 0. 0.]
2026-01-21 10:38:38,289 - position: [0. 0. 0.]
2026-01-21 10:38:38,498 - position: [0. 0. 0.]
2026-01-21 10:38:38,731 - position: [0. 0. 0.]
2026-01-21 10:38:38,953 - position: [0. 0. 0.]
2026-01-21 10:38:39,166 - position: [0. 0. 0.]
2026-01-21 10:38:39,423 - position: [0. 0. 0.]
2026-01-21 10:38:39,654 - position: [0. 0. 0.]
2026-01-21 10:38:39,881 - position: [0. 0. 0.]
2026-01-21 10:38:40,098 - position: [0. 0. 0.]
2026-01-21 10:38:40,306 - position: [0. 0. 0.]
2026-01-21 10:38:40,561 - position: [0. 0. 0.]
2026-01-21 10:38:40,811 - position: [0. 0. 0.]
2026-01-21 10:38:41,066 - position: [0. 0. 0.]
2026-01-21 10:38:41,291 - position: [0. 0. 0.]
2026-01-21 10:38:41,522 - position: [0. 0. 0.]
2026-01-21 10:38:41,733 - position: [0. 0. 0.]
2026-01-21 10:38:42,020 - position: [0. 0. 0.]
2026-01-21 10:38:42,222 - position: [0. 0. 0.]
2026-01-21 10:38:42,447 - position: [0. 0. 0.]
2026-01-21 10:38:42,678 - position: [0. 0. 0.]
2026-01-21 10:38:42,922 - position: [0. 0. 0.]
2026-01-21 10:38:43,214 - position: [0. 0. 0.]
2026-01-21 10:38:43,526 - position: [0. 0. 0.]
2026-01-21 10:38:43,763 - position: [0. 0. 0.]
2026-01-21 10:38:44,016 - position: [0. 0. 0.]
2026-01-21 10:38:44,252 - position: [0. 0. 0.]
2026-01-21 10:38:44,488 - position: [0. 0. 0.]
2026-01-21 10:38:44,730 - position: [0. 0. 0.]
2026-01-21 10:38:44,946 - position: [0. 0. 0.]
2026-01-21 10:38:45,204 - position: [0. 0. 0.]
2026-01-21 10:38:45,484 - position: [0. 0. 0.]
2026-01-21 10:38:45,714 - position: [0. 0. 0.]
2026-01-21 10:38:45,956 - position: [0. 0. 0.]
2026-01-21 10:38:46,193 - position: [0. 0. 0.]
2026-01-21 10:38:46,493 - position: [0. 0. 0.]
2026-01-21 10:38:46,729 - position: [0. 0. 0.]
2026-01-21 10:38:46,989 - position: [0. 0. 0.]
2026-01-21 10:38:47,247 - position: [0. 0. 0.]
2026-01-21 10:38:47,497 - position: [0. 0. 0.]
2026-01-21 10:38:47,744 - position: [0. 0. 0.]
2026-01-21 10:38:47,969 - position: [0. 0. 0.]
2026-01-21 10:38:48,226 - position: [0. 0. 0.]
2026-01-21 10:38:48,476 - position: [0. 0. 0.]
2026-01-21 10:38:48,728 - position: [0. 0. 0.]
2026-01-21 10:38:48,948 - position: [0. 0. 0.]
2026-01-21 10:38:49,183 - position: [0. 0. 0.]
2026-01-21 10:38:49,401 - position: [0. 0. 0.]
2026-01-21 10:38:49,609 - position: [0. 0. 0.]
2026-01-21 10:38:49,858 - position: [0. 0. 0.]
2026-01-21 10:38:50,138 - position: [0. 0. 0.]
2026-01-21 10:38:50,430 - position: [0. 0. 0.]
2026-01-21 10:38:50,714 - position: [0. 0. 0.]
2026-01-21 10:38:50,934 - position: [0. 0. 0.]
2026-01-21 10:38:51,174 - position: [0. 0. 0.]
2026-01-21 10:38:51,410 - position: [0. 0. 0.]
2026-01-21 10:38:51,649 - position: [0. 0. 0.]
2026-01-21 10:38:51,914 - position: [0. 0. 0.]
2026-01-21 10:38:52,154 - position: [0. 0. 0.]
2026-01-21 10:38:52,377 - position: [0. 0. 0.]
2026-01-21 10:38:52,625 - position: [0. 0. 0.]
2026-01-21 10:38:52,952 - position: [0. 0. 0.]
2026-01-21 10:38:53,216 - position: [0. 0. 0.]
2026-01-21 10:38:53,473 - position: [0. 0. 0.]
2026-01-21 10:38:53,735 - position: [0. 0. 0.]
2026-01-21 10:38:53,963 - position: [0. 0. 0.]
2026-01-21 10:38:54,258 - position: [0. 0. 0.]
2026-01-21 10:38:54,465 - position: [0. 0. 0.]
2026-01-21 10:38:54,696 - position: [0. 0. 0.]
2026-01-21 10:38:54,923 - position: [0. 0. 0.]
2026-01-21 10:38:55,189 - position: [0. 0. 0.]
2026-01-21 10:38:55,436 - position: [0. 0. 0.]
2026-01-21 10:38:55,652 - position: [0. 0. 0.]
2026-01-21 10:38:55,892 - position: [0. 0. 0.]
2026-01-21 10:38:56,101 - position: [0. 0. 0.]
2026-01-21 10:38:56,331 - position: [0. 0. 0.]
2026-01-21 10:38:56,558 - position: [0. 0. 0.]
2026-01-21 10:38:56,777 - position: [0. 0. 0.]
2026-01-21 10:38:57,017 - position: [0. 0. 0.]
2026-01-21 10:38:57,249 - position: [0. 0. 0.]
2026-01-21 10:38:57,473 - position: [0. 0. 0.]
2026-01-21 10:38:57,695 - position: [0. 0. 0.]
2026-01-21 10:38:57,914 - position: [0. 0. 0.]
2026-01-21 10:38:58,182 - position: [0. 0. 0.]
2026-01-21 10:38:58,429 - position: [0. 0. 0.]
2026-01-21 10:38:58,647 - position: [0. 0. 0.]
2026-01-21 10:38:58,892 - position: [0. 0. 0.]
2026-01-21 10:38:59,133 - position: [0. 0. 0.]
2026-01-21 10:38:59,373 - position: [0. 0. 0.]
2026-01-21 10:38:59,593 - position: [0. 0. 0.]
2026-01-21 10:38:59,810 - position: [0. 0. 0.]
2026-01-21 10:39:00,084 - position: [0. 0. 0.]
2026-01-21 10:39:00,322 - position: [0. 0. 0.]
2026-01-21 10:39:00,534 - position: [0. 0. 0.]
2026-01-21 10:39:00,762 - position: [0. 0. 0.]
2026-01-21 10:39:00,999 - position: [0. 0. 0.]
2026-01-21 10:39:01,245 - position: [0. 0. 0.]
2026-01-21 10:39:01,487 - position: [0. 0. 0.]
2026-01-21 10:39:01,752 - position: [0. 0. 0.]
2026-01-21 10:39:01,982 - position: [0. 0. 0.]
2026-01-21 10:39:02,215 - position: [0. 0. 0.]
2026-01-21 10:39:02,417 - position: [0. 0. 0.]
2026-01-21 10:39:02,638 - position: [0. 0. 0.]
2026-01-21 10:39:02,864 - position: [0. 0. 0.]
2026-01-21 10:39:03,104 - position: [0. 0. 0.]
2026-01-21 10:39:03,329 - position: [0. 0. 0.]
2026-01-21 10:39:03,613 - position: [0. 0. 0.]
2026-01-21 10:39:03,831 - position: [0. 0. 0.]
2026-01-21 10:39:04,091 - position: [0. 0. 0.]
2026-01-21 10:39:04,305 - position: [0. 0. 0.]
2026-01-21 10:39:04,530 - position: [0. 0. 0.]
2026-01-21 10:39:04,861 - position: [0. 0. 0.]
2026-01-21 10:39:05,095 - position: [0. 0. 0.]
2026-01-21 10:39:05,366 - position: [0. 0. 0.]
2026-01-21 10:39:05,655 - position: [0. 0. 0.]
2026-01-21 10:39:05,937 - position: [0. 0. 0.]
2026-01-21 10:39:06,192 - position: [0. 0. 0.]
2026-01-21 10:39:06,430 - position: [0. 0. 0.]
2026-01-21 10:39:06,664 - position: [0. 0. 0.]
2026-01-21 10:39:06,890 - position: [0. 0. 0.]
2026-01-21 10:39:07,119 - position: [0. 0. 0.]
2026-01-21 10:39:07,372 - position: [0. 0. 0.]
2026-01-21 10:39:07,600 - position: [0. 0. 0.]
2026-01-21 10:39:07,845 - position: [0. 0. 0.]
2026-01-21 10:39:08,088 - position: [0. 0. 0.]
2026-01-21 10:39:08,349 - position: [0. 0. 0.]
2026-01-21 10:39:08,602 - position: [0. 0. 0.]
2026-01-21 10:39:08,821 - position: [0. 0. 0.]
2026-01-21 10:39:09,040 - position: [0. 0. 0.]
2026-01-21 10:39:09,341 - position: [0. 0. 0.]
2026-01-21 10:39:09,552 - position: [0. 0. 0.]
2026-01-21 10:39:09,752 - position: [0. 0. 0.]
2026-01-21 10:39:09,974 - position: [0. 0. 0.]
2026-01-21 10:39:10,222 - position: [0. 0. 0.]
2026-01-21 10:39:10,455 - position: [0. 0. 0.]
2026-01-21 10:39:10,677 - position: [0. 0. 0.]
2026-01-21 10:39:10,890 - position: [0. 0. 0.]
2026-01-21 10:39:11,124 - position: [0. 0. 0.]
2026-01-21 10:39:11,346 - position: [0. 0. 0.]
2026-01-21 10:39:11,605 - position: [0. 0. 0.]
2026-01-21 10:39:11,811 - position: [0. 0. 0.]
2026-01-21 10:39:12,084 - position: [0. 0. 0.]
2026-01-21 10:39:12,362 - position: [0. 0. 0.]
2026-01-21 10:39:12,602 - position: [0. 0. 0.]
2026-01-21 10:39:12,838 - position: [0. 0. 0.]
2026-01-21 10:39:13,045 - position: [0. 0. 0.]
2026-01-21 10:39:13,276 - position: [0. 0. 0.]
2026-01-21 10:39:13,512 - position: [0. 0. 0.]
2026-01-21 10:39:13,768 - position: [0. 0. 0.]
2026-01-21 10:39:14,014 - position: [0. 0. 0.]
2026-01-21 10:39:14,242 - position: [0. 0. 0.]
2026-01-21 10:39:14,483 - position: [0. 0. 0.]
2026-01-21 10:39:14,750 - position: [0. 0. 0.]
2026-01-21 10:39:15,040 - position: [0. 0. 0.]
2026-01-21 10:39:15,295 - position: [0. 0. 0.]
2026-01-21 10:39:15,522 - position: [0. 0. 0.]
2026-01-21 10:39:15,755 - position: [0. 0. 0.]
2026-01-21 10:39:16,005 - position: [0. 0. 0.]
2026-01-21 10:39:16,221 - position: [0. 0. 0.]
2026-01-21 10:39:16,435 - position: [0. 0. 0.]
2026-01-21 10:39:16,674 - position: [0. 0. 0.]
2026-01-21 10:39:16,909 - position: [0. 0. 0.]
2026-01-21 10:39:17,172 - position: [0. 0. 0.]
2026-01-21 10:39:17,411 - position: [0. 0. 0.]
2026-01-21 10:39:17,623 - position: [0. 0. 0.]
2026-01-21 10:39:17,862 - position: [0. 0. 0.]
2026-01-21 10:39:18,143 - position: [0. 0. 0.]
2026-01-21 10:39:18,370 - position: [0. 0. 0.]
2026-01-21 10:39:18,579 - position: [0. 0. 0.]
2026-01-21 10:39:18,801 - position: [0. 0. 0.]
2026-01-21 10:39:19,012 - position: [0. 0. 0.]
2026-01-21 10:39:19,215 - position: [0. 0. 0.]
2026-01-21 10:39:19,450 - position: [0. 0. 0.]
2026-01-21 10:39:19,700 - position: [0. 0. 0.]
2026-01-21 10:39:19,909 - position: [0. 0. 0.]
2026-01-21 10:39:20,188 - position: [0. 0. 0.]
2026-01-21 10:39:20,431 - position: [0. 0. 0.]
2026-01-21 10:39:20,655 - position: [0. 0. 0.]
2026-01-21 10:39:20,957 - position: [0. 0. 0.]
2026-01-21 10:39:21,192 - position: [0. 0. 0.]
2026-01-21 10:39:21,439 - position: [0. 0. 0.]
2026-01-21 10:39:21,689 - position: [0. 0. 0.]
2026-01-21 10:39:21,918 - position: [0. 0. 0.]
2026-01-21 10:39:22,147 - position: [0. 0. 0.]
2026-01-21 10:39:22,379 - position: [0. 0. 0.]
2026-01-21 10:39:22,590 - position: [0. 0. 0.]
2026-01-21 10:39:22,812 - position: [0. 0. 0.]
2026-01-21 10:39:23,044 - position: [0. 0. 0.]
2026-01-21 10:39:23,266 - position: [0. 0. 0.]
2026-01-21 10:39:23,553 - position: [0. 0. 0.]
2026-01-21 10:39:23,841 - position: [0. 0. 0.]
2026-01-21 10:39:24,082 - position: [0. 0. 0.]
2026-01-21 10:39:24,307 - position: [0. 0. 0.]
2026-01-21 10:39:24,538 - position: [0. 0. 0.]
2026-01-21 10:39:24,797 - position: [0. 0. 0.]
2026-01-21 10:39:25,022 - position: [0. 0. 0.]
2026-01-21 10:39:25,280 - position: [0. 0. 0.]
2026-01-21 10:39:25,599 - position: [0. 0. 0.]
2026-01-21 10:39:25,824 - position: [0. 0. 0.]
2026-01-21 10:39:26,031 - position: [0. 0. 0.]
2026-01-21 10:39:26,251 - position: [0. 0. 0.]
2026-01-21 10:39:26,501 - position: [0. 0. 0.]
2026-01-21 10:39:26,714 - position: [0. 0. 0.]
2026-01-21 10:39:26,959 - position: [0. 0. 0.]
2026-01-21 10:39:27,192 - position: [0. 0. 0.]
2026-01-21 10:39:27,410 - position: [0. 0. 0.]
2026-01-21 10:39:27,628 - position: [0. 0. 0.]
2026-01-21 10:39:27,856 - position: [0. 0. 0.]
2026-01-21 10:39:28,057 - position: [0. 0. 0.]
2026-01-21 10:39:28,312 - position: [0. 0. 0.]
2026-01-21 10:39:28,580 - position: [0. 0. 0.]
2026-01-21 10:39:28,845 - position: [0. 0. 0.]
2026-01-21 10:39:29,089 - position: [0. 0. 0.]
2026-01-21 10:39:29,316 - position: [0. 0. 0.]
2026-01-21 10:39:29,600 - position: [0. 0. 0.]
2026-01-21 10:39:29,846 - position: [0. 0. 0.]
2026-01-21 10:39:30,123 - position: [0. 0. 0.]
2026-01-21 10:39:30,397 - position: [0. 0. 0.]
2026-01-21 10:39:30,657 - position: [0. 0. 0.]
2026-01-21 10:39:30,896 - position: [0. 0. 0.]
2026-01-21 10:39:31,142 - position: [0. 0. 0.]
2026-01-21 10:39:31,419 - position: [0. 0. 0.]
2026-01-21 10:39:31,634 - position: [0. 0. 0.]
2026-01-21 10:39:31,885 - position: [0. 0. 0.]
2026-01-21 10:39:32,164 - position: [0. 0. 0.]
2026-01-21 10:39:32,405 - position: [0. 0. 0.]
2026-01-21 10:39:32,647 - position: [0. 0. 0.]
2026-01-21 10:39:32,872 - position: [0. 0. 0.]
2026-01-21 10:39:33,102 - position: [0. 0. 0.]
2026-01-21 10:39:33,337 - position: [0. 0. 0.]
2026-01-21 10:39:33,580 - position: [0. 0. 0.]
2026-01-21 10:39:33,818 - position: [0. 0. 0.]
2026-01-21 10:39:34,045 - position: [0. 0. 0.]
2026-01-21 10:39:34,296 - position: [0. 0. 0.]
2026-01-21 10:39:34,555 - position: [0. 0. 0.]
2026-01-21 10:39:34,862 - position: [0. 0. 0.]
2026-01-21 10:39:35,138 - position: [0. 0. 0.]
2026-01-21 10:39:35,398 - position: [0. 0. 0.]
2026-01-21 10:39:35,670 - position: [0. 0. 0.]
2026-01-21 10:39:36,005 - position: [0. 0. 0.]
2026-01-21 10:39:36,288 - position: [0. 0. 0.]
2026-01-21 10:39:36,501 - position: [0. 0. 0.]
2026-01-21 10:39:36,729 - position: [0. 0. 0.]
2026-01-21 10:39:37,018 - position: [0. 0. 0.]
2026-01-21 10:39:37,243 - position: [0. 0. 0.]
2026-01-21 10:39:37,478 - position: [0. 0. 0.]
2026-01-21 10:39:37,696 - position: [0. 0. 0.]
2026-01-21 10:39:37,999 - position: [0. 0. 0.]
2026-01-21 10:39:38,205 - position: [0. 0. 0.]
2026-01-21 10:39:38,442 - position: [0. 0. 0.]
2026-01-21 10:39:38,699 - position: [0. 0. 0.]
2026-01-21 10:39:38,933 - position: [0. 0. 0.]
2026-01-21 10:39:39,160 - position: [0. 0. 0.]
2026-01-21 10:39:39,423 - position: [0. 0. 0.]
2026-01-21 10:39:39,652 - position: [0. 0. 0.]
2026-01-21 10:39:39,909 - position: [0. 0. 0.]
2026-01-21 10:39:40,138 - position: [0. 0. 0.]
2026-01-21 10:39:40,364 - position: [0. 0. 0.]
2026-01-21 10:39:40,595 - position: [0. 0. 0.]
2026-01-21 10:39:40,822 - position: [0. 0. 0.]
2026-01-21 10:39:41,027 - position: [0. 0. 0.]
2026-01-21 10:39:41,262 - position: [0. 0. 0.]
2026-01-21 10:39:41,496 - position: [0. 0. 0.]
2026-01-21 10:39:41,701 - position: [0. 0. 0.]
2026-01-21 10:39:41,933 - position: [0. 0. 0.]
2026-01-21 10:39:42,166 - position: [0. 0. 0.]
2026-01-21 10:39:42,423 - position: [0. 0. 0.]
2026-01-21 10:39:42,652 - position: [0. 0. 0.]
2026-01-21 10:39:42,898 - position: [0. 0. 0.]
2026-01-21 10:39:43,112 - position: [0. 0. 0.]
2026-01-21 10:39:43,358 - position: [0. 0. 0.]
2026-01-21 10:39:43,654 - position: [0. 0. 0.]
2026-01-21 10:39:43,926 - position: [0. 0. 0.]
2026-01-21 10:39:44,175 - position: [0. 0. 0.]
2026-01-21 10:39:44,417 - position: [0. 0. 0.]
2026-01-21 10:39:44,647 - position: [0. 0. 0.]
2026-01-21 10:39:44,897 - position: [0. 0. 0.]
2026-01-21 10:39:45,123 - position: [0. 0. 0.]
2026-01-21 10:39:45,352 - position: [0. 0. 0.]
2026-01-21 10:39:45,561 - position: [0. 0. 0.]
2026-01-21 10:39:45,769 - position: [0. 0. 0.]
2026-01-21 10:39:46,003 - position: [0. 0. 0.]
2026-01-21 10:39:46,235 - position: [0. 0. 0.]
2026-01-21 10:39:46,456 - position: [0. 0. 0.]
2026-01-21 10:39:46,670 - position: [0. 0. 0.]
2026-01-21 10:39:47,001 - position: [0. 0. 0.]
2026-01-21 10:39:47,278 - position: [0. 0. 0.]
2026-01-21 10:39:47,535 - position: [0. 0. 0.]
2026-01-21 10:39:47,811 - position: [0. 0. 0.]
2026-01-21 10:39:48,046 - position: [0. 0. 0.]
2026-01-21 10:39:48,297 - position: [0. 0. 0.]
2026-01-21 10:39:48,580 - position: [0. 0. 0.]
2026-01-21 10:39:48,824 - position: [0. 0. 0.]
2026-01-21 10:39:49,062 - position: [0. 0. 0.]
2026-01-21 10:39:49,279 - position: [0. 0. 0.]
2026-01-21 10:39:49,503 - position: [0. 0. 0.]
2026-01-21 10:39:49,730 - position: [0. 0. 0.]
2026-01-21 10:39:49,956 - position: [0. 0. 0.]
2026-01-21 10:39:50,209 - position: [0. 0. 0.]
2026-01-21 10:39:50,451 - position: [0. 0. 0.]
2026-01-21 10:39:50,664 - position: [0. 0. 0.]
2026-01-21 10:39:50,906 - position: [0. 0. 0.]
2026-01-21 10:39:51,144 - position: [0. 0. 0.]
2026-01-21 10:39:51,348 - position: [0. 0. 0.]
2026-01-21 10:39:51,584 - position: [0. 0. 0.]
2026-01-21 10:39:51,793 - position: [0. 0. 0.]
2026-01-21 10:39:52,055 - position: [0. 0. 0.]
2026-01-21 10:39:52,300 - position: [0. 0. 0.]
2026-01-21 10:39:52,518 - position: [0. 0. 0.]
2026-01-21 10:39:52,772 - position: [0. 0. 0.]
2026-01-21 10:39:52,998 - position: [0. 0. 0.]
2026-01-21 10:39:53,266 - position: [0. 0. 0.]
2026-01-21 10:39:53,512 - position: [0. 0. 0.]
2026-01-21 10:39:53,734 - position: [0. 0. 0.]
2026-01-21 10:39:53,994 - position: [0. 0. 0.]
2026-01-21 10:39:54,230 - position: [0. 0. 0.]
2026-01-21 10:39:54,487 - position: [0. 0. 0.]
2026-01-21 10:39:54,726 - position: [0. 0. 0.]
2026-01-21 10:39:54,927 - position: [0. 0. 0.]
2026-01-21 10:39:55,169 - position: [0. 0. 0.]
2026-01-21 10:39:55,382 - position: [0. 0. 0.]
2026-01-21 10:39:55,663 - position: [0. 0. 0.]
2026-01-21 10:39:55,982 - position: [0. 0. 0.]
2026-01-21 10:39:56,269 - position: [0. 0. 0.]
2026-01-21 10:39:56,609 - position: [0. 0. 0.]
2026-01-21 10:39:56,904 - position: [0. 0. 0.]
2026-01-21 10:39:57,134 - position: [0. 0. 0.]
2026-01-21 10:39:57,354 - position: [0. 0. 0.]
2026-01-21 10:39:57,592 - position: [0. 0. 0.]
2026-01-21 10:39:57,822 - position: [0. 0. 0.]
2026-01-21 10:39:58,076 - position: [0. 0. 0.]
2026-01-21 10:39:58,310 - position: [0. 0. 0.]
2026-01-21 10:39:58,519 - position: [0. 0. 0.]
2026-01-21 10:39:58,733 - position: [0. 0. 0.]
2026-01-21 10:39:58,950 - position: [0. 0. 0.]
2026-01-21 10:39:59,224 - position: [0. 0. 0.]
2026-01-21 10:39:59,441 - position: [0. 0. 0.]
2026-01-21 10:39:59,675 - position: [0. 0. 0.]
2026-01-21 10:39:59,888 - position: [0. 0. 0.]
2026-01-21 10:40:00,128 - position: [0. 0. 0.]
2026-01-21 10:40:00,366 - position: [0. 0. 0.]
2026-01-21 10:40:00,595 - position: [0. 0. 0.]
2026-01-21 10:40:00,839 - position: [0. 0. 0.]
2026-01-21 10:40:01,082 - position: [0. 0. 0.]
2026-01-21 10:40:01,299 - position: [0. 0. 0.]
2026-01-21 10:40:01,521 - position: [0. 0. 0.]
2026-01-21 10:40:01,761 - position: [0. 0. 0.]
2026-01-21 10:40:01,979 - position: [0. 0. 0.]
2026-01-21 10:40:02,196 - position: [0. 0. 0.]
2026-01-21 10:40:02,439 - position: [0. 0. 0.]
2026-01-21 10:40:02,665 - position: [0. 0. 0.]
2026-01-21 10:40:02,895 - position: [0. 0. 0.]
2026-01-21 10:40:03,230 - position: [0. 0. 0.]
2026-01-21 10:40:03,465 - position: [0. 0. 0.]
2026-01-21 10:40:03,687 - position: [0. 0. 0.]
2026-01-21 10:40:03,903 - position: [0. 0. 0.]
2026-01-21 10:40:04,141 - position: [0. 0. 0.]
2026-01-21 10:40:04,390 - position: [0. 0. 0.]
2026-01-21 10:40:04,790 - position: [0. 0. 0.]
2026-01-21 10:40:05,045 - position: [0. 0. 0.]
2026-01-21 10:40:05,275 - position: [0. 0. 0.]
2026-01-21 10:40:05,509 - position: [0. 0. 0.]
2026-01-21 10:40:05,749 - position: [0. 0. 0.]
2026-01-21 10:40:05,966 - position: [0. 0. 0.]
2026-01-21 10:40:06,184 - position: [0. 0. 0.]
2026-01-21 10:40:06,448 - position: [0. 0. 0.]
2026-01-21 10:40:06,707 - position: [0. 0. 0.]
2026-01-21 10:40:06,988 - position: [0. 0. 0.]
2026-01-21 10:40:07,235 - position: [0. 0. 0.]
2026-01-21 10:40:07,467 - position: [0. 0. 0.]
2026-01-21 10:40:07,742 - position: [0. 0. 0.]
2026-01-21 10:40:08,009 - position: [0. 0. 0.]
2026-01-21 10:40:08,227 - position: [0. 0. 0.]
2026-01-21 10:40:08,462 - position: [0. 0. 0.]
2026-01-21 10:40:08,700 - position: [0. 0. 0.]
2026-01-21 10:40:08,931 - position: [0. 0. 0.]
2026-01-21 10:40:09,185 - position: [0. 0. 0.]
2026-01-21 10:40:09,423 - position: [0. 0. 0.]
2026-01-21 10:40:09,641 - position: [0. 0. 0.]
2026-01-21 10:40:09,927 - position: [0. 0. 0.]
2026-01-21 10:40:10,228 - position: [0. 0. 0.]
2026-01-21 10:40:10,489 - position: [0. 0. 0.]
2026-01-21 10:40:10,719 - position: [0. 0. 0.]
2026-01-21 10:40:10,961 - position: [0. 0. 0.]
2026-01-21 10:40:11,243 - position: [0. 0. 0.]
2026-01-21 10:40:11,554 - position: [0. 0. 0.]
2026-01-21 10:40:11,797 - position: [0. 0. 0.]
2026-01-21 10:40:12,027 - position: [0. 0. 0.]
2026-01-21 10:40:12,241 - position: [0. 0. 0.]
2026-01-21 10:40:12,524 - position: [0. 0. 0.]
2026-01-21 10:40:12,736 - position: [0. 0. 0.]
2026-01-21 10:40:12,983 - position: [0. 0. 0.]
2026-01-21 10:40:13,290 - position: [0. 0. 0.]
2026-01-21 10:40:13,526 - position: [0. 0. 0.]
2026-01-21 10:40:13,765 - position: [0. 0. 0.]
2026-01-21 10:40:14,014 - position: [0. 0. 0.]
2026-01-21 10:40:14,336 - position: [0. 0. 0.]
2026-01-21 10:40:14,587 - position: [0. 0. 0.]
2026-01-21 10:40:14,886 - position: [0. 0. 0.]
2026-01-21 10:40:15,103 - position: [0. 0. 0.]
2026-01-21 10:40:15,342 - position: [0. 0. 0.]
2026-01-21 10:40:15,579 - position: [0. 0. 0.]
2026-01-21 10:40:15,798 - position: [0. 0. 0.]
2026-01-21 10:40:16,020 - position: [0. 0. 0.]
2026-01-21 10:40:16,257 - position: [0. 0. 0.]
2026-01-21 10:40:16,517 - position: [0. 0. 0.]
2026-01-21 10:40:16,763 - position: [0. 0. 0.]
2026-01-21 10:40:16,974 - position: [0. 0. 0.]
2026-01-21 10:40:17,179 - position: [0. 0. 0.]
2026-01-21 10:40:17,416 - position: [0. 0. 0.]
2026-01-21 10:40:17,675 - position: [0. 0. 0.]
2026-01-21 10:40:17,966 - position: [0. 0. 0.]
2026-01-21 10:40:18,205 - position: [0. 0. 0.]
2026-01-21 10:40:18,416 - position: [0. 0. 0.]
2026-01-21 10:40:18,636 - position: [0. 0. 0.]
2026-01-21 10:40:18,865 - position: [0. 0. 0.]
2026-01-21 10:40:19,070 - position: [0. 0. 0.]
2026-01-21 10:40:19,273 - position: [0. 0. 0.]
2026-01-21 10:40:19,514 - position: [0. 0. 0.]
2026-01-21 10:40:19,736 - position: [0. 0. 0.]
2026-01-21 10:40:19,945 - position: [0. 0. 0.]
2026-01-21 10:40:20,217 - position: [0. 0. 0.]
2026-01-21 10:40:20,433 - position: [0. 0. 0.]
2026-01-21 10:40:20,650 - position: [0. 0. 0.]
2026-01-21 10:40:20,866 - position: [0. 0. 0.]
2026-01-21 10:40:21,116 - position: [0. 0. 0.]
2026-01-21 10:40:21,328 - position: [0. 0. 0.]
2026-01-21 10:40:21,596 - position: [0. 0. 0.]
2026-01-21 10:40:21,863 - position: [0. 0. 0.]
2026-01-21 10:40:22,086 - position: [0. 0. 0.]
2026-01-21 10:40:22,288 - position: [0. 0. 0.]
2026-01-21 10:40:22,509 - position: [0. 0. 0.]
2026-01-21 10:40:22,734 - position: [0. 0. 0.]
2026-01-21 10:40:22,969 - position: [0. 0. 0.]
2026-01-21 10:40:23,214 - position: [0. 0. 0.]
2026-01-21 10:40:23,436 - position: [0. 0. 0.]
2026-01-21 10:40:23,692 - position: [0. 0. 0.]
2026-01-21 10:40:23,911 - position: [0. 0. 0.]
2026-01-21 10:40:24,157 - position: [0. 0. 0.]
2026-01-21 10:40:24,387 - position: [0. 0. 0.]
2026-01-21 10:40:24,614 - position: [0. 0. 0.]
2026-01-21 10:40:24,843 - position: [0. 0. 0.]
2026-01-21 10:40:25,100 - position: [0. 0. 0.]
2026-01-21 10:40:25,321 - position: [0. 0. 0.]
2026-01-21 10:40:25,535 - position: [0. 0. 0.]
2026-01-21 10:40:25,765 - position: [0. 0. 0.]
2026-01-21 10:40:25,986 - position: [0. 0. 0.]
2026-01-21 10:40:26,225 - position: [0. 0. 0.]
2026-01-21 10:40:26,426 - position: [0. 0. 0.]
2026-01-21 10:40:26,667 - position: [0. 0. 0.]
2026-01-21 10:40:26,947 - position: [0. 0. 0.]
2026-01-21 10:40:27,179 - position: [0. 0. 0.]
2026-01-21 10:40:27,410 - position: [0. 0. 0.]
2026-01-21 10:40:27,644 - position: [0. 0. 0.]
2026-01-21 10:40:27,868 - position: [0. 0. 0.]
2026-01-21 10:40:28,129 - position: [0. 0. 0.]
2026-01-21 10:40:28,382 - position: [0. 0. 0.]
2026-01-21 10:40:28,623 - position: [0. 0. 0.]
2026-01-21 10:40:28,872 - position: [0. 0. 0.]
2026-01-21 10:40:29,124 - position: [0. 0. 0.]
2026-01-21 10:40:29,368 - position: [0. 0. 0.]
2026-01-21 10:40:29,603 - position: [0. 0. 0.]
2026-01-21 10:40:29,831 - position: [0. 0. 0.]
2026-01-21 10:40:30,108 - position: [0. 0. 0.]
2026-01-21 10:40:30,364 - position: [0. 0. 0.]
2026-01-21 10:40:30,585 - position: [0. 0. 0.]
2026-01-21 10:40:30,795 - position: [0. 0. 0.]
2026-01-21 10:40:31,018 - position: [0. 0. 0.]
2026-01-21 10:40:31,240 - position: [0. 0. 0.]
2026-01-21 10:40:31,478 - position: [0. 0. 0.]
2026-01-21 10:40:31,713 - position: [0. 0. 0.]
2026-01-21 10:40:31,935 - position: [0. 0. 0.]
2026-01-21 10:40:32,144 - position: [0. 0. 0.]
2026-01-21 10:40:32,373 - position: [0. 0. 0.]
2026-01-21 10:40:32,604 - position: [0. 0. 0.]
2026-01-21 10:40:32,806 - position: [0. 0. 0.]
2026-01-21 10:40:33,028 - position: [0. 0. 0.]
2026-01-21 10:40:33,268 - position: [0. 0. 0.]
2026-01-21 10:40:33,500 - position: [0. 0. 0.]
2026-01-21 10:40:33,708 - position: [0. 0. 0.]
2026-01-21 10:40:33,942 - position: [0. 0. 0.]
2026-01-21 10:40:34,199 - position: [0. 0. 0.]
2026-01-21 10:40:34,416 - position: [0. 0. 0.]
2026-01-21 10:40:34,701 - position: [0. 0. 0.]
2026-01-21 10:40:34,971 - position: [0. 0. 0.]
2026-01-21 10:40:35,226 - position: [0. 0. 0.]
2026-01-21 10:40:35,478 - position: [0. 0. 0.]
2026-01-21 10:40:35,702 - position: [0. 0. 0.]
2026-01-21 10:40:35,951 - position: [0. 0. 0.]
2026-01-21 10:40:36,194 - position: [0. 0. 0.]
2026-01-21 10:40:36,401 - position: [0. 0. 0.]
2026-01-21 10:40:36,627 - position: [0. 0. 0.]
2026-01-21 10:40:36,840 - position: [0. 0. 0.]
2026-01-21 10:40:37,072 - position: [0. 0. 0.]
2026-01-21 10:40:37,334 - position: [0. 0. 0.]
2026-01-21 10:40:37,553 - position: [0. 0. 0.]
2026-01-21 10:40:37,791 - position: [0. 0. 0.]
2026-01-21 10:40:38,000 - position: [0. 0. 0.]
2026-01-21 10:40:38,259 - position: [0. 0. 0.]
2026-01-21 10:40:38,478 - position: [0. 0. 0.]
2026-01-21 10:40:38,727 - position: [0. 0. 0.]
2026-01-21 10:40:38,960 - position: [0. 0. 0.]
2026-01-21 10:40:39,174 - position: [0. 0. 0.]
2026-01-21 10:40:39,383 - position: [0. 0. 0.]
2026-01-21 10:40:39,600 - position: [0. 0. 0.]
2026-01-21 10:40:39,921 - position: [0. 0. 0.]
2026-01-21 10:40:40,179 - position: [0. 0. 0.]
2026-01-21 10:40:40,387 - position: [0. 0. 0.]
2026-01-21 10:40:40,599 - position: [0. 0. 0.]
2026-01-21 10:40:40,810 - position: [0. 0. 0.]
2026-01-21 10:40:41,116 - position: [0. 0. 0.]
2026-01-21 10:40:41,382 - position: [0. 0. 0.]
2026-01-21 10:40:41,651 - position: [0. 0. 0.]
2026-01-21 10:40:41,899 - position: [0. 0. 0.]
2026-01-21 10:40:42,158 - position: [0. 0. 0.]
2026-01-21 10:40:42,388 - position: [0. 0. 0.]
2026-01-21 10:40:42,650 - position: [0. 0. 0.]
2026-01-21 10:40:42,875 - position: [0. 0. 0.]
2026-01-21 10:40:43,136 - position: [0. 0. 0.]
2026-01-21 10:40:43,359 - position: [0. 0. 0.]
2026-01-21 10:40:43,610 - position: [0. 0. 0.]
2026-01-21 10:40:43,852 - position: [0. 0. 0.]
2026-01-21 10:40:44,132 - position: [0. 0. 0.]
2026-01-21 10:40:44,378 - position: [0. 0. 0.]
2026-01-21 10:40:44,641 - position: [0. 0. 0.]
2026-01-21 10:40:44,942 - position: [0. 0. 0.]
2026-01-21 10:40:45,192 - position: [0. 0. 0.]
2026-01-21 10:40:45,500 - position: [0. 0. 0.]
2026-01-21 10:40:45,737 - position: [0. 0. 0.]
2026-01-21 10:40:45,952 - position: [0. 0. 0.]
2026-01-21 10:40:46,171 - position: [0. 0. 0.]
2026-01-21 10:40:46,438 - position: [0. 0. 0.]
2026-01-21 10:40:46,667 - position: [0. 0. 0.]
2026-01-21 10:40:46,973 - position: [0. 0. 0.]
2026-01-21 10:40:47,239 - position: [0. 0. 0.]
2026-01-21 10:40:47,470 - position: [0. 0. 0.]
2026-01-21 10:40:47,709 - position: [0. 0. 0.]
2026-01-21 10:40:47,936 - position: [0. 0. 0.]
2026-01-21 10:40:48,195 - position: [0. 0. 0.]
2026-01-21 10:40:48,446 - position: [0. 0. 0.]
2026-01-21 10:40:48,769 - position: [0. 0. 0.]
2026-01-21 10:40:49,063 - position: [0. 0. 0.]
2026-01-21 10:40:49,270 - position: [0. 0. 0.]
2026-01-21 10:40:49,494 - position: [0. 0. 0.]
2026-01-21 10:40:49,721 - position: [0. 0. 0.]
2026-01-21 10:40:50,017 - position: [0. 0. 0.]
2026-01-21 10:40:50,265 - position: [0. 0. 0.]
2026-01-21 10:40:50,494 - position: [0. 0. 0.]
2026-01-21 10:40:50,722 - position: [0. 0. 0.]
2026-01-21 10:40:51,019 - position: [0. 0. 0.]
2026-01-21 10:40:51,295 - position: [0. 0. 0.]
2026-01-21 10:40:51,590 - position: [0. 0. 0.]
2026-01-21 10:40:51,850 - position: [0. 0. 0.]
2026-01-21 10:40:52,094 - position: [0. 0. 0.]
2026-01-21 10:40:52,349 - position: [0. 0. 0.]
2026-01-21 10:40:52,602 - position: [0. 0. 0.]
2026-01-21 10:40:52,828 - position: [0. 0. 0.]
2026-01-21 10:40:53,041 - position: [0. 0. 0.]
2026-01-21 10:40:53,298 - position: [0. 0. 0.]
2026-01-21 10:40:53,542 - position: [0. 0. 0.]
2026-01-21 10:40:53,785 - position: [0. 0. 0.]
2026-01-21 10:40:53,997 - position: [0. 0. 0.]
2026-01-21 10:40:54,215 - position: [0. 0. 0.]
2026-01-21 10:40:54,422 - position: [0. 0. 0.]
2026-01-21 10:40:54,696 - position: [0. 0. 0.]
2026-01-21 10:40:54,920 - position: [0. 0. 0.]
2026-01-21 10:40:55,165 - position: [0. 0. 0.]
2026-01-21 10:40:55,413 - position: [0. 0. 0.]
2026-01-21 10:40:55,680 - position: [0. 0. 0.]
2026-01-21 10:40:55,941 - position: [0. 0. 0.]
2026-01-21 10:40:56,184 - position: [0. 0. 0.]
2026-01-21 10:40:56,391 - position: [0. 0. 0.]
2026-01-21 10:40:56,660 - position: [0. 0. 0.]
2026-01-21 10:40:56,937 - position: [0. 0. 0.]
2026-01-21 10:40:57,278 - position: [0. 0. 0.]
2026-01-21 10:40:57,517 - position: [0. 0. 0.]
2026-01-21 10:40:57,755 - position: [0. 0. 0.]
2026-01-21 10:40:57,996 - position: [0. 0. 0.]
2026-01-21 10:40:58,212 - position: [0. 0. 0.]
2026-01-21 10:40:58,419 - position: [0. 0. 0.]
2026-01-21 10:40:58,638 - position: [0. 0. 0.]
2026-01-21 10:40:58,861 - position: [0. 0. 0.]
2026-01-21 10:40:59,086 - position: [0. 0. 0.]
2026-01-21 10:40:59,307 - position: [0. 0. 0.]
2026-01-21 10:40:59,546 - position: [0. 0. 0.]
2026-01-21 10:40:59,780 - position: [0. 0. 0.]
2026-01-21 10:41:00,051 - position: [0. 0. 0.]
2026-01-21 10:41:00,291 - position: [0. 0. 0.]
2026-01-21 10:41:00,524 - position: [0. 0. 0.]
2026-01-21 10:41:00,736 - position: [0. 0. 0.]
2026-01-21 10:41:00,974 - position: [0. 0. 0.]
2026-01-21 10:41:01,191 - position: [0. 0. 0.]
2026-01-21 10:41:01,446 - position: [0. 0. 0.]
2026-01-21 10:41:01,662 - position: [0. 0. 0.]
2026-01-21 10:41:01,908 - position: [0. 0. 0.]
2026-01-21 10:41:02,198 - position: [0. 0. 0.]
2026-01-21 10:41:02,447 - position: [0. 0. 0.]
2026-01-21 10:41:02,712 - position: [0. 0. 0.]
2026-01-21 10:41:02,957 - position: [0. 0. 0.]
2026-01-21 10:41:03,167 - position: [0. 0. 0.]
2026-01-21 10:41:03,385 - position: [0. 0. 0.]
2026-01-21 10:41:03,621 - position: [0. 0. 0.]
2026-01-21 10:41:03,830 - position: [0. 0. 0.]
2026-01-21 10:41:04,089 - position: [0. 0. 0.]
2026-01-21 10:41:04,315 - position: [0. 0. 0.]
2026-01-21 10:41:04,573 - position: [0. 0. 0.]
2026-01-21 10:41:04,790 - position: [0. 0. 0.]
2026-01-21 10:41:05,022 - position: [0. 0. 0.]
2026-01-21 10:41:05,256 - position: [0. 0. 0.]
2026-01-21 10:41:05,475 - position: [0. 0. 0.]
2026-01-21 10:41:05,765 - position: [0. 0. 0.]
2026-01-21 10:41:05,976 - position: [0. 0. 0.]
2026-01-21 10:41:06,199 - position: [0. 0. 0.]
2026-01-21 10:41:06,469 - position: [0. 0. 0.]
2026-01-21 10:41:06,724 - position: [0. 0. 0.]
2026-01-21 10:41:06,983 - position: [0. 0. 0.]
2026-01-21 10:41:07,249 - position: [0. 0. 0.]
2026-01-21 10:41:07,468 - position: [0. 0. 0.]
2026-01-21 10:41:07,768 - position: [0. 0. 0.]
2026-01-21 10:41:07,999 - position: [0. 0. 0.]
2026-01-21 10:41:08,282 - position: [0. 0. 0.]
2026-01-21 10:41:08,512 - position: [0. 0. 0.]
2026-01-21 10:41:08,755 - position: [0. 0. 0.]
2026-01-21 10:41:09,026 - position: [0. 0. 0.]
2026-01-21 10:41:09,260 - position: [0. 0. 0.]
2026-01-21 10:41:09,484 - position: [0. 0. 0.]
2026-01-21 10:41:09,702 - position: [0. 0. 0.]
2026-01-21 10:41:09,937 - position: [0. 0. 0.]
2026-01-21 10:41:10,184 - position: [0. 0. 0.]
2026-01-21 10:41:10,461 - position: [0. 0. 0.]
2026-01-21 10:41:10,683 - position: [0. 0. 0.]
2026-01-21 10:41:10,912 - position: [0. 0. 0.]
2026-01-21 10:41:11,160 - position: [0. 0. 0.]
2026-01-21 10:41:11,403 - position: [0. 0. 0.]
2026-01-21 10:41:11,623 - position: [0. 0. 0.]
2026-01-21 10:41:11,835 - position: [0. 0. 0.]
2026-01-21 10:41:12,049 - position: [0. 0. 0.]
2026-01-21 10:41:12,278 - position: [0. 0. 0.]
2026-01-21 10:41:12,505 - position: [0. 0. 0.]
2026-01-21 10:41:12,751 - position: [0. 0. 0.]
2026-01-21 10:41:12,984 - position: [0. 0. 0.]
2026-01-21 10:41:13,205 - position: [0. 0. 0.]
2026-01-21 10:41:13,440 - position: [0. 0. 0.]
2026-01-21 10:41:13,658 - position: [0. 0. 0.]
2026-01-21 10:41:13,938 - position: [0. 0. 0.]
2026-01-21 10:41:14,166 - position: [0. 0. 0.]
2026-01-21 10:41:14,380 - position: [0. 0. 0.]
2026-01-21 10:41:14,602 - position: [0. 0. 0.]
2026-01-21 10:41:14,810 - position: [0. 0. 0.]
2026-01-21 10:41:15,093 - position: [0. 0. 0.]
2026-01-21 10:41:15,361 - position: [0. 0. 0.]
2026-01-21 10:41:15,609 - position: [0. 0. 0.]
2026-01-21 10:41:15,815 - position: [0. 0. 0.]
2026-01-21 10:41:16,040 - position: [0. 0. 0.]
2026-01-21 10:41:16,279 - position: [0. 0. 0.]
2026-01-21 10:41:16,576 - position: [0. 0. 0.]
2026-01-21 10:41:16,809 - position: [0. 0. 0.]
2026-01-21 10:41:17,042 - position: [0. 0. 0.]
2026-01-21 10:41:17,280 - position: [0. 0. 0.]
2026-01-21 10:41:17,517 - position: [0. 0. 0.]
2026-01-21 10:41:17,776 - position: [0. 0. 0.]
2026-01-21 10:41:18,015 - position: [0. 0. 0.]
2026-01-21 10:41:18,266 - position: [0. 0. 0.]
2026-01-21 10:41:18,510 - position: [0. 0. 0.]
2026-01-21 10:41:18,748 - position: [0. 0. 0.]
2026-01-21 10:41:18,966 - position: [0. 0. 0.]
2026-01-21 10:41:19,187 - position: [0. 0. 0.]
2026-01-21 10:41:19,413 - position: [0. 0. 0.]
2026-01-21 10:41:19,679 - position: [0. 0. 0.]
2026-01-21 10:41:19,888 - position: [0. 0. 0.]
2026-01-21 10:41:20,108 - position: [0. 0. 0.]
2026-01-21 10:41:20,331 - position: [0. 0. 0.]
2026-01-21 10:41:20,572 - position: [0. 0. 0.]
2026-01-21 10:41:20,804 - position: [0. 0. 0.]
2026-01-21 10:41:21,014 - position: [0. 0. 0.]
2026-01-21 10:41:21,375 - position: [0. 0. 0.]
2026-01-21 10:41:21,610 - position: [0. 0. 0.]
2026-01-21 10:41:21,863 - position: [0. 0. 0.]
2026-01-21 10:41:22,083 - position: [0. 0. 0.]
2026-01-21 10:41:22,290 - position: [0. 0. 0.]
2026-01-21 10:41:22,540 - position: [0. 0. 0.]
2026-01-21 10:41:22,800 - position: [0. 0. 0.]
2026-01-21 10:41:23,035 - position: [0. 0. 0.]
2026-01-21 10:41:23,268 - position: [0. 0. 0.]
2026-01-21 10:41:23,555 - position: [0. 0. 0.]
2026-01-21 10:41:23,773 - position: [0. 0. 0.]
2026-01-21 10:41:24,023 - position: [0. 0. 0.]
2026-01-21 10:41:24,281 - position: [0. 0. 0.]
2026-01-21 10:41:24,512 - position: [0. 0. 0.]
2026-01-21 10:41:24,720 - position: [0. 0. 0.]
2026-01-21 10:41:24,958 - position: [0. 0. 0.]
2026-01-21 10:41:25,203 - position: [0. 0. 0.]
2026-01-21 10:41:25,535 - position: [0. 0. 0.]
2026-01-21 10:41:25,755 - position: [0. 0. 0.]
2026-01-21 10:41:25,973 - position: [0. 0. 0.]
2026-01-21 10:41:26,353 - position: [0. 0. 0.]
2026-01-21 10:41:26,604 - position: [0. 0. 0.]
2026-01-21 10:41:26,878 - position: [0. 0. 0.]
2026-01-21 10:41:27,112 - position: [0. 0. 0.]
2026-01-21 10:41:27,319 - position: [0. 0. 0.]
2026-01-21 10:41:27,544 - position: [0. 0. 0.]
2026-01-21 10:41:27,784 - position: [0. 0. 0.]
2026-01-21 10:41:28,022 - position: [0. 0. 0.]
2026-01-21 10:41:28,262 - position: [0. 0. 0.]
2026-01-21 10:41:28,511 - position: [0. 0. 0.]
2026-01-21 10:41:28,716 - position: [0. 0. 0.]
2026-01-21 10:41:28,947 - position: [0. 0. 0.]
2026-01-21 10:41:29,187 - position: [0. 0. 0.]
2026-01-21 10:41:29,405 - position: [0. 0. 0.]
2026-01-21 10:41:29,630 - position: [0. 0. 0.]
2026-01-21 10:41:29,880 - position: [0. 0. 0.]
2026-01-21 10:41:30,118 - position: [0. 0. 0.]
2026-01-21 10:41:30,342 - position: [0. 0. 0.]
2026-01-21 10:41:30,562 - position: [0. 0. 0.]
2026-01-21 10:41:30,802 - position: [0. 0. 0.]
2026-01-21 10:41:31,032 - position: [0. 0. 0.]
2026-01-21 10:41:31,281 - position: [0. 0. 0.]
2026-01-21 10:41:31,515 - position: [0. 0. 0.]
2026-01-21 10:41:31,756 - position: [0. 0. 0.]
2026-01-21 10:41:31,992 - position: [0. 0. 0.]
2026-01-21 10:41:32,223 - position: [0. 0. 0.]
2026-01-21 10:41:32,451 - position: [0. 0. 0.]
2026-01-21 10:41:32,699 - position: [0. 0. 0.]
2026-01-21 10:41:32,962 - position: [0. 0. 0.]
2026-01-21 10:41:33,185 - position: [0. 0. 0.]
2026-01-21 10:41:33,424 - position: [0. 0. 0.]
2026-01-21 10:41:33,669 - position: [0. 0. 0.]
2026-01-21 10:41:33,980 - position: [0. 0. 0.]
2026-01-21 10:41:34,199 - position: [0. 0. 0.]
2026-01-21 10:41:34,457 - position: [0. 0. 0.]
2026-01-21 10:41:34,679 - position: [0. 0. 0.]
2026-01-21 10:41:35,009 - position: [0. 0. 0.]
2026-01-21 10:41:35,256 - position: [0. 0. 0.]
2026-01-21 10:41:35,472 - position: [0. 0. 0.]
2026-01-21 10:41:35,723 - position: [0. 0. 0.]
2026-01-21 10:41:35,980 - position: [0. 0. 0.]
2026-01-21 10:41:36,198 - position: [0. 0. 0.]
2026-01-21 10:41:36,410 - position: [0. 0. 0.]
2026-01-21 10:41:36,643 - position: [0. 0. 0.]
2026-01-21 10:41:36,890 - position: [0. 0. 0.]
2026-01-21 10:41:37,136 - position: [0. 0. 0.]
2026-01-21 10:41:37,397 - position: [0. 0. 0.]
2026-01-21 10:41:37,613 - position: [0. 0. 0.]
2026-01-21 10:41:37,847 - position: [0. 0. 0.]
2026-01-21 10:41:38,077 - position: [0. 0. 0.]
2026-01-21 10:41:38,294 - position: [0. 0. 0.]
2026-01-21 10:41:38,495 - position: [0. 0. 0.]
2026-01-21 10:41:38,715 - position: [0. 0. 0.]
2026-01-21 10:41:38,920 - position: [0. 0. 0.]
2026-01-21 10:41:39,122 - position: [0. 0. 0.]
2026-01-21 10:41:39,350 - position: [0. 0. 0.]
2026-01-21 10:41:39,589 - position: [0. 0. 0.]
2026-01-21 10:41:39,818 - position: [0. 0. 0.]
2026-01-21 10:41:40,026 - position: [0. 0. 0.]
2026-01-21 10:41:40,229 - position: [0. 0. 0.]
2026-01-21 10:41:40,457 - position: [0. 0. 0.]
2026-01-21 10:41:40,711 - position: [0. 0. 0.]
2026-01-21 10:41:40,924 - position: [0. 0. 0.]
2026-01-21 10:41:41,140 - position: [0. 0. 0.]
2026-01-21 10:41:41,346 - position: [0. 0. 0.]
2026-01-21 10:41:41,558 - position: [0. 0. 0.]
2026-01-21 10:41:41,779 - position: [0. 0. 0.]
2026-01-21 10:41:42,033 - position: [0. 0. 0.]
2026-01-21 10:41:42,288 - position: [0. 0. 0.]
2026-01-21 10:41:42,522 - position: [0. 0. 0.]
2026-01-21 10:41:42,752 - position: [0. 0. 0.]
2026-01-21 10:41:43,002 - position: [0. 0. 0.]
2026-01-21 10:41:43,287 - position: [0. 0. 0.]
2026-01-21 10:41:43,563 - position: [0. 0. 0.]
2026-01-21 10:41:43,782 - position: [0. 0. 0.]
2026-01-21 10:41:44,018 - position: [0. 0. 0.]
2026-01-21 10:41:44,251 - position: [0. 0. 0.]
2026-01-21 10:41:44,506 - position: [0. 0. 0.]
2026-01-21 10:41:44,742 - position: [0. 0. 0.]
2026-01-21 10:41:45,025 - position: [0. 0. 0.]
2026-01-21 10:41:45,335 - position: [0. 0. 0.]
2026-01-21 10:41:45,581 - position: [0. 0. 0.]
2026-01-21 10:41:45,796 - position: [0. 0. 0.]
2026-01-21 10:41:46,068 - position: [0. 0. 0.]
2026-01-21 10:41:46,336 - position: [0. 0. 0.]
2026-01-21 10:41:46,583 - position: [0. 0. 0.]
2026-01-21 10:41:46,790 - position: [0. 0. 0.]
2026-01-21 10:41:47,093 - position: [0. 0. 0.]
2026-01-21 10:41:47,372 - position: [0. 0. 0.]
2026-01-21 10:41:47,638 - position: [0. 0. 0.]
2026-01-21 10:41:47,857 - position: [0. 0. 0.]
2026-01-21 10:41:48,065 - position: [0. 0. 0.]
2026-01-21 10:41:48,411 - position: [0. 0. 0.]
2026-01-21 10:41:48,694 - position: [0. 0. 0.]
2026-01-21 10:41:48,925 - position: [0. 0. 0.]
2026-01-21 10:41:49,270 - position: [0. 0. 0.]
2026-01-21 10:41:49,490 - position: [0. 0. 0.]
2026-01-21 10:41:49,712 - position: [0. 0. 0.]
2026-01-21 10:41:49,933 - position: [0. 0. 0.]
2026-01-21 10:41:50,150 - position: [0. 0. 0.]
2026-01-21 10:41:50,366 - position: [0. 0. 0.]
2026-01-21 10:41:50,573 - position: [0. 0. 0.]
2026-01-21 10:41:50,781 - position: [0. 0. 0.]
2026-01-21 10:41:50,995 - position: [0. 0. 0.]
2026-01-21 10:41:51,212 - position: [0. 0. 0.]
2026-01-21 10:41:51,474 - position: [0. 0. 0.]
2026-01-21 10:41:51,713 - position: [0. 0. 0.]
2026-01-21 10:41:51,934 - position: [0. 0. 0.]
2026-01-21 10:41:52,176 - position: [0. 0. 0.]
2026-01-21 10:41:52,423 - position: [0. 0. 0.]
2026-01-21 10:41:52,664 - position: [0. 0. 0.]
2026-01-21 10:41:52,895 - position: [0. 0. 0.]
2026-01-21 10:41:53,116 - position: [0. 0. 0.]
2026-01-21 10:41:53,366 - position: [0. 0. 0.]
2026-01-21 10:41:53,587 - position: [0. 0. 0.]
2026-01-21 10:41:53,808 - position: [0. 0. 0.]
2026-01-21 10:41:54,038 - position: [0. 0. 0.]
2026-01-21 10:41:54,265 - position: [0. 0. 0.]
2026-01-21 10:41:54,509 - position: [0. 0. 0.]
2026-01-21 10:41:54,754 - position: [0. 0. 0.]
2026-01-21 10:41:54,994 - position: [0. 0. 0.]
2026-01-21 10:41:55,219 - position: [0. 0. 0.]
2026-01-21 10:41:55,447 - position: [0. 0. 0.]
2026-01-21 10:41:55,707 - position: [0. 0. 0.]
2026-01-21 10:41:55,928 - position: [0. 0. 0.]
2026-01-21 10:41:56,171 - position: [0. 0. 0.]
2026-01-21 10:41:56,415 - position: [0. 0. 0.]
2026-01-21 10:41:56,642 - position: [0. 0. 0.]
2026-01-21 10:41:56,904 - position: [0. 0. 0.]
2026-01-21 10:41:57,125 - position: [0. 0. 0.]
2026-01-21 10:41:57,364 - position: [0. 0. 0.]
2026-01-21 10:41:57,595 - position: [0. 0. 0.]
2026-01-21 10:41:57,822 - position: [0. 0. 0.]
2026-01-21 10:41:58,154 - position: [0. 0. 0.]
2026-01-21 10:41:58,382 - position: [0. 0. 0.]
2026-01-21 10:41:58,598 - position: [0. 0. 0.]
2026-01-21 10:41:58,853 - position: [0. 0. 0.]
2026-01-21 10:41:59,090 - position: [0. 0. 0.]
2026-01-21 10:41:59,314 - position: [0. 0. 0.]
2026-01-21 10:41:59,562 - position: [0. 0. 0.]
2026-01-21 10:41:59,789 - position: [0. 0. 0.]
2026-01-21 10:42:00,048 - position: [0. 0. 0.]
2026-01-21 10:42:00,279 - position: [0. 0. 0.]
2026-01-21 10:42:00,518 - position: [0. 0. 0.]
2026-01-21 10:42:00,764 - position: [0. 0. 0.]
2026-01-21 10:42:00,973 - position: [0. 0. 0.]
2026-01-21 10:42:01,204 - position: [0. 0. 0.]
2026-01-21 10:42:01,410 - position: [0. 0. 0.]
2026-01-21 10:42:01,658 - position: [0. 0. 0.]
2026-01-21 10:42:01,881 - position: [0. 0. 0.]
2026-01-21 10:42:02,121 - position: [0. 0. 0.]
2026-01-21 10:42:02,350 - position: [0. 0. 0.]
2026-01-21 10:42:02,601 - position: [0. 0. 0.]
2026-01-21 10:42:02,825 - position: [0. 0. 0.]
2026-01-21 10:42:03,122 - position: [0. 0. 0.]
2026-01-21 10:42:03,333 - position: [0. 0. 0.]
2026-01-21 10:42:03,609 - position: [0. 0. 0.]
2026-01-21 10:42:03,827 - position: [0. 0. 0.]
2026-01-21 10:42:04,087 - position: [0. 0. 0.]
2026-01-21 10:42:04,311 - position: [0. 0. 0.]
2026-01-21 10:42:04,573 - position: [0. 0. 0.]
2026-01-21 10:42:04,810 - position: [0. 0. 0.]
2026-01-21 10:42:05,024 - position: [0. 0. 0.]
2026-01-21 10:42:05,284 - position: [0. 0. 0.]
2026-01-21 10:42:05,535 - position: [0. 0. 0.]
2026-01-21 10:42:05,790 - position: [0. 0. 0.]
2026-01-21 10:42:06,037 - position: [0. 0. 0.]
2026-01-21 10:42:06,296 - position: [0. 0. 0.]
2026-01-21 10:42:06,544 - position: [0. 0. 0.]
2026-01-21 10:42:06,794 - position: [0. 0. 0.]
2026-01-21 10:42:06,997 - position: [0. 0. 0.]
2026-01-21 10:42:07,209 - position: [0. 0. 0.]
2026-01-21 10:42:07,443 - position: [0. 0. 0.]
2026-01-21 10:42:07,653 - position: [0. 0. 0.]
2026-01-21 10:42:07,883 - position: [0. 0. 0.]
2026-01-21 10:42:08,103 - position: [0. 0. 0.]
2026-01-21 10:42:08,312 - position: [0. 0. 0.]
2026-01-21 10:42:08,521 - position: [0. 0. 0.]
2026-01-21 10:42:08,762 - position: [0. 0. 0.]
2026-01-21 10:42:08,991 - position: [0. 0. 0.]
2026-01-21 10:42:09,237 - position: [0. 0. 0.]
2026-01-21 10:42:09,482 - position: [0. 0. 0.]
2026-01-21 10:42:09,734 - position: [0. 0. 0.]
2026-01-21 10:42:09,941 - position: [0. 0. 0.]
2026-01-21 10:42:10,179 - position: [0. 0. 0.]
2026-01-21 10:42:10,443 - position: [0. 0. 0.]
2026-01-21 10:42:10,770 - position: [0. 0. 0.]
2026-01-21 10:42:11,033 - position: [0. 0. 0.]
2026-01-21 10:42:11,244 - position: [0. 0. 0.]
2026-01-21 10:42:11,476 - position: [0. 0. 0.]
2026-01-21 10:42:11,718 - position: [0. 0. 0.]
2026-01-21 10:42:11,940 - position: [0. 0. 0.]
2026-01-21 10:42:12,197 - position: [0. 0. 0.]
2026-01-21 10:42:12,436 - position: [0. 0. 0.]
2026-01-21 10:42:12,650 - position: [0. 0. 0.]
2026-01-21 10:42:12,887 - position: [0. 0. 0.]
2026-01-21 10:42:13,183 - position: [0. 0. 0.]
2026-01-21 10:42:13,466 - position: [0. 0. 0.]
2026-01-21 10:42:13,705 - position: [0. 0. 0.]
2026-01-21 10:42:13,987 - position: [0. 0. 0.]
2026-01-21 10:42:14,232 - position: [0. 0. 0.]
2026-01-21 10:42:14,469 - position: [0. 0. 0.]
2026-01-21 10:42:14,745 - position: [0. 0. 0.]
2026-01-21 10:42:14,968 - position: [0. 0. 0.]
2026-01-21 10:42:15,232 - position: [0. 0. 0.]
2026-01-21 10:42:15,463 - position: [0. 0. 0.]
2026-01-21 10:42:15,697 - position: [0. 0. 0.]
2026-01-21 10:42:15,949 - position: [0. 0. 0.]
2026-01-21 10:42:16,162 - position: [0. 0. 0.]
2026-01-21 10:42:16,404 - position: [0. 0. 0.]
2026-01-21 10:42:16,621 - position: [0. 0. 0.]
2026-01-21 10:42:16,946 - position: [0. 0. 0.]
2026-01-21 10:42:17,201 - position: [0. 0. 0.]
2026-01-21 10:42:17,423 - position: [0. 0. 0.]
2026-01-21 10:42:17,662 - position: [0. 0. 0.]
