2026-01-21 10:43:36,651 - position: [ 0.07699357 -1.28421974  1.83492398]
2026-01-21 10:43:36,876 - position: [ 0.07536931 -1.28695941  1.83561349]
2026-01-21 10:43:37,212 - position: [ 0.07663331 -1.28924406  1.83594811]
2026-01-21 10:43:37,457 - position: [ 0.07942066 -1.28923941  1.83551884]
2026-01-21 10:43:37,717 - position: [ 0.08217593 -1.28987896  1.83504701]
2026-01-21 10:43:37,960 - position: [ 0.07746265 -1.2969172   1.83370113]
2026-01-21 10:43:38,230 - position: [ 0.07117924 -1.30373347  1.83298349]
2026-01-21 10:43:38,455 - position: [ 0.07371227 -1.30040741  1.82482064]
2026-01-21 10:43:38,698 - position: [ 0.07847181 -1.29737628  1.82090783]
2026-01-21 10:43:38,952 - position: [ 0.08518679 -1.29756296  1.82441938]
2026-01-21 10:43:39,164 - position: [ 0.08699774 -1.30160975  1.82766533]
2026-01-21 10:43:39,423 - position: [ 0.08055269 -1.3195926   1.83237767]
2026-01-21 10:43:39,684 - position: [ 0.07839046 -1.32511854  1.83542037]
2026-01-21 10:43:39,915 - position: [ 0.06169043 -1.33872676  1.84074318]
2026-01-21 10:43:40,119 - position: [ 0.0615137  -1.34531999  1.84371817]
2026-01-21 10:43:40,326 - position: [ 0.07224198 -1.33627343  1.84395826]
2026-01-21 10:43:40,558 - position: [ 0.07431653 -1.33034289  1.8419261 ]
2026-01-21 10:43:40,781 - position: [ 0.07787082 -1.32066989  1.83996892]
2026-01-21 10:43:41,070 - position: [ 0.07979155 -1.31398368  1.84115732]
2026-01-21 10:43:41,306 - position: [ 0.05221033 -1.31624734  1.84163344]
2026-01-21 10:43:41,578 - position: [ 0.04336255 -1.31460094  1.84088194]
2026-01-21 10:43:41,840 - position: [ 0.04336255 -1.31460094  1.84088194]
2026-01-21 10:43:42,097 - position: [ 0.05785055 -1.30715799  1.84115851]
2026-01-21 10:43:42,315 - position: [ 0.0695549  -1.33173203  1.84404159]
2026-01-21 10:43:42,543 - position: [ 0.06904186 -1.33985186  1.846187  ]
2026-01-21 10:43:42,772 - position: [ 0.07030583 -1.34292805  1.84742892]
2026-01-21 10:43:42,996 - position: [ 0.07655896 -1.35280764  1.84872699]
2026-01-21 10:43:43,204 - position: [ 0.07882871 -1.35468972  1.8482753 ]
2026-01-21 10:43:43,452 - position: [ 0.08030686 -1.36104059  1.84777367]
2026-01-21 10:43:43,697 - position: [ 0.08025047 -1.36442387  1.84739411]
2026-01-21 10:43:43,919 - position: [ 0.08034258 -1.36280954  1.84545815]
2026-01-21 10:43:44,148 - position: [ 0.07610348 -1.36186218  1.84569216]
2026-01-21 10:43:44,370 - position: [ 0.09305675 -1.35965943  1.84501648]
2026-01-21 10:43:44,594 - position: [ 0.08869012 -1.3577081   1.84495747]
2026-01-21 10:43:44,828 - position: [ 0.08738194 -1.36299586  1.84613323]
2026-01-21 10:43:45,062 - position: [ 0.0858433  -1.36706603  1.84736156]
2026-01-21 10:43:45,279 - position: [ 0.08391289 -1.3653512   1.84710968]
2026-01-21 10:43:45,484 - position: [ 0.08130126 -1.35367513  1.84559643]
2026-01-21 10:43:45,749 - position: [ 0.08176054 -1.35025179  1.84543419]
2026-01-21 10:43:45,967 - position: [ 0.08207671 -1.34272492  1.84497046]
2026-01-21 10:43:46,206 - position: [ 0.08176365 -1.33884847  1.84466255]
2026-01-21 10:43:46,477 - position: [ 0.0815505  -1.33990014  1.84446681]
2026-01-21 10:43:46,736 - position: [ 0.07979396 -1.34295809  1.84467626]
2026-01-21 10:43:46,947 - position: [ 0.05869479 -1.34607387  1.84350836]
2026-01-21 10:43:47,205 - position: [ 0.06134181 -1.33159041  1.83814323]
2026-01-21 10:43:47,476 - position: [ 0.05984228 -1.33282065  1.8409903 ]
2026-01-21 10:43:47,738 - position: [ 0.06541377 -1.32841289  1.84026003]
2026-01-21 10:43:47,978 - position: [ 0.06620896 -1.32753861  1.83914745]
2026-01-21 10:43:48,184 - position: [ 0.0697079  -1.32887876  1.83997297]
2026-01-21 10:43:48,459 - position: [ 0.07009442 -1.32907283  1.84006536]
2026-01-21 10:43:48,702 - position: [ 0.05703311 -1.32614315  1.83809435]
2026-01-21 10:43:48,986 - position: [ 0.05804418 -1.33000433  1.8401866 ]
2026-01-21 10:43:49,289 - position: [ 0.06572157 -1.33207083  1.8406868 ]
2026-01-21 10:43:49,501 - position: [ 0.06671482 -1.32964218  1.84153414]
2026-01-21 10:43:49,716 - position: [ 0.07043323 -1.32537794  1.84185421]
2026-01-21 10:43:49,952 - position: [ 0.07023513 -1.32176769  1.84090364]
2026-01-21 10:43:50,235 - position: [ 0.06852642 -1.325881    1.84105146]
2026-01-21 10:43:50,445 - position: [ 0.07255198 -1.32696009  1.84014952]
2026-01-21 10:43:50,658 - position: [ 0.07376868 -1.32041228  1.84070933]
2026-01-21 10:43:50,901 - position: [ 0.07024528 -1.31328321  1.84069109]
2026-01-21 10:43:51,155 - position: [ 0.06696352 -1.31044376  1.84246373]
2026-01-21 10:43:51,400 - position: [ 0.06699152 -1.30555391  1.84197986]
2026-01-21 10:43:51,636 - position: [ 0.06699152 -1.30555391  1.84197986]
2026-01-21 10:43:51,872 - position: [ 0.0657769 -1.3087703  1.8408134]
2026-01-21 10:43:52,142 - position: [ 0.07044133 -1.32914639  1.84019136]
2026-01-21 10:43:52,385 - position: [ 0.06361359 -1.33253276  1.84175622]
2026-01-21 10:43:52,644 - position: [ 0.06624304 -1.32082129  1.84037912]
2026-01-21 10:43:52,909 - position: [ 0.07097085 -1.31641901  1.83988428]
2026-01-21 10:43:53,219 - position: [ 0.0751922  -1.31524551  1.83974802]
2026-01-21 10:43:53,485 - position: [ 0.07088651 -1.32251298  1.84240651]
2026-01-21 10:43:53,688 - position: [ 0.06792051 -1.32960629  1.84465718]
2026-01-21 10:43:53,905 - position: [ 0.06770214 -1.3331672   1.84521937]
2026-01-21 10:43:54,127 - position: [ 0.06713598 -1.3386631   1.84580052]
2026-01-21 10:43:54,390 - position: [ 0.06713598 -1.3386631   1.84580052]
2026-01-21 10:43:54,598 - position: [ 0.06228618 -1.36352956  1.84598172]
2026-01-21 10:43:54,804 - position: [ 0.05926649 -1.37185788  1.84635532]
2026-01-21 10:43:55,043 - position: [ 0.05689    -1.37538564  1.84665084]
2026-01-21 10:43:55,292 - position: [ 0.05592274 -1.37623465  1.8467139 ]
2026-01-21 10:43:55,504 - position: [ 0.05586444 -1.37658513  1.846771  ]
2026-01-21 10:43:55,741 - position: [ 0.05618316 -1.37632227  1.84679854]
2026-01-21 10:43:55,987 - position: [ 0.05848129 -1.35851133  1.84649312]
2026-01-21 10:43:56,233 - position: [ 0.05849437 -1.35572386  1.84599268]
2026-01-21 10:43:56,452 - position: [ 0.05787194 -1.34824359  1.84553874]
2026-01-21 10:43:56,665 - position: [ 0.0589055  -1.34255958  1.84553146]
2026-01-21 10:43:56,916 - position: [ 0.06225201 -1.33593261  1.8451848 ]
2026-01-21 10:43:57,119 - position: [ 0.06431311 -1.33451307  1.84531713]
2026-01-21 10:43:57,357 - position: [ 0.06645611 -1.33197844  1.8453902 ]
2026-01-21 10:43:57,581 - position: [ 0.06587031 -1.32962334  1.84496284]
2026-01-21 10:43:57,809 - position: [ 0.0616124  -1.32877481  1.843099  ]
2026-01-21 10:43:58,062 - position: [ 0.05387247 -1.32661223  1.84183168]
2026-01-21 10:43:58,284 - position: [ 0.04662572 -1.3274188   1.84115851]
2026-01-21 10:43:58,487 - position: [ 0.05095334 -1.33222795  1.84304118]
2026-01-21 10:43:58,832 - position: [ 0.05903959 -1.33993983  1.8438648 ]
2026-01-21 10:43:59,064 - position: [ 0.05704974 -1.34297013  1.84424436]
2026-01-21 10:43:59,366 - position: [ 0.05172599 -1.34172404  1.84379351]
2026-01-21 10:43:59,567 - position: [ 0.05025898 -1.34209168  1.84379864]
2026-01-21 10:43:59,859 - position: [ 0.05009601 -1.34294546  1.84388983]
2026-01-21 10:44:00,107 - position: [ 0.05069931 -1.34182882  1.84394658]
2026-01-21 10:44:00,338 - position: [ 0.05443062 -1.33848011  1.84409523]
2026-01-21 10:44:00,663 - position: [ 0.05604993 -1.33614755  1.84412873]
2026-01-21 10:44:00,879 - position: [ 0.05615449 -1.33441174  1.8438915 ]
2026-01-21 10:44:01,120 - position: [ 0.05558775 -1.33412313  1.84374392]
2026-01-21 10:44:01,393 - position: [ 0.05544747 -1.33387208  1.84366751]
2026-01-21 10:44:01,651 - position: [ 0.05414438 -1.3330667   1.84344792]
2026-01-21 10:44:01,907 - position: [ 0.05377666 -1.33268321  1.84345961]
2026-01-21 10:44:02,210 - position: [ 0.05471283 -1.33021593  1.84346354]
2026-01-21 10:44:02,454 - position: [ 0.05426167 -1.33074629  1.84360099]
2026-01-21 10:44:02,707 - position: [ 0.05458186 -1.33352721  1.84417284]
2026-01-21 10:44:03,038 - position: [ 0.05503772 -1.3382473   1.84502101]
2026-01-21 10:44:03,265 - position: [ 0.05594338 -1.33711302  1.8449713 ]
2026-01-21 10:44:03,473 - position: [ 0.05617983 -1.33367848  1.84460485]
2026-01-21 10:44:03,717 - position: [ 0.05594991 -1.32894766  1.84405839]
2026-01-21 10:44:03,939 - position: [ 0.05655098 -1.3239044   1.84367096]
2026-01-21 10:44:04,145 - position: [ 0.05802104 -1.32015049  1.84328413]
2026-01-21 10:44:04,368 - position: [ 0.05875984 -1.31860268  1.84246182]
2026-01-21 10:44:04,655 - position: [ 0.05386683 -1.31949615  1.84135687]
2026-01-21 10:44:04,901 - position: [ 0.0486828  -1.32158899  1.84073329]
2026-01-21 10:44:05,145 - position: [ 0.04206135 -1.32189286  1.83916569]
2026-01-21 10:44:05,389 - position: [ 0.0439666  -1.31933928  1.83910477]
2026-01-21 10:44:05,611 - position: [ 0.05932397 -1.32351696  1.84116459]
2026-01-21 10:44:05,880 - position: [ 0.06328683 -1.32263422  1.84158611]
2026-01-21 10:44:06,119 - position: [ 0.06362736 -1.32182944  1.84147823]
2026-01-21 10:44:06,364 - position: [ 0.0662907  -1.32853961  1.84249437]
2026-01-21 10:44:06,568 - position: [ 0.06634006 -1.33199883  1.84352386]
2026-01-21 10:44:06,777 - position: [ 0.06378718 -1.33230138  1.84352481]
2026-01-21 10:44:07,035 - position: [ 0.06317135 -1.33105195  1.84294856]
2026-01-21 10:44:07,277 - position: [ 0.06300891 -1.33119547  1.84293175]
2026-01-21 10:44:07,606 - position: [ 0.06595808 -1.33090425  1.84253407]
2026-01-21 10:44:07,949 - position: [ 0.05533976 -1.31737685  1.84046102]
2026-01-21 10:44:08,160 - position: [ 0.06254146 -1.31741321  1.84095311]
2026-01-21 10:44:08,383 - position: [ 0.06598128 -1.32136488  1.84288144]
2026-01-21 10:44:08,587 - position: [ 0.07074133 -1.31606925  1.84400678]
2026-01-21 10:44:08,840 - position: [ 0.07614414 -1.31546021  1.84443796]
2026-01-21 10:44:09,160 - position: [ 0.07288717 -1.31736147  1.84402907]
2026-01-21 10:44:09,392 - position: [ 0.06668993 -1.32326412  1.84305763]
2026-01-21 10:44:09,610 - position: [ 0.06390258 -1.32660961  1.84265685]
2026-01-21 10:44:09,829 - position: [ 0.06049801 -1.32759738  1.8432976 ]
2026-01-21 10:44:10,057 - position: [ 0.06273244 -1.33499038  1.84425867]
2026-01-21 10:44:10,302 - position: [ 0.05627444 -1.3423593   1.84432089]
2026-01-21 10:44:10,526 - position: [ 0.05948415 -1.34416258  1.84504056]
2026-01-21 10:44:10,734 - position: [ 0.05470536 -1.3477633   1.84510493]
2026-01-21 10:44:10,976 - position: [ 0.07103515 -1.3419776   1.84684205]
2026-01-21 10:44:11,212 - position: [ 0.06717706 -1.33563828  1.84294605]
2026-01-21 10:44:11,422 - position: [ 0.06806064 -1.34159803  1.84196627]
2026-01-21 10:44:11,655 - position: [ 0.06952025 -1.34392738  1.84359157]
2026-01-21 10:44:11,869 - position: [ 0.06752885 -1.34350312  1.84349597]
2026-01-21 10:44:12,078 - position: [ 0.06752885 -1.34350312  1.84349597]
2026-01-21 10:44:12,327 - position: [ 0.0596481  -1.34579611  1.8438884 ]
2026-01-21 10:44:12,550 - position: [ 0.06253518 -1.34068131  1.84483027]
2026-01-21 10:44:12,817 - position: [ 0.06037819 -1.34088135  1.84556091]
2026-01-21 10:44:13,027 - position: [ 0.06225854 -1.33107817  1.8460691 ]
2026-01-21 10:44:13,288 - position: [ 0.06286243 -1.31796181  1.8450017 ]
2026-01-21 10:44:13,536 - position: [ 0.06403279 -1.30636919  1.84361124]
2026-01-21 10:44:13,773 - position: [ 0.06026323 -1.30448401  1.84286118]
2026-01-21 10:44:14,001 - position: [ 0.06026577 -1.3042177   1.84272707]
2026-01-21 10:44:14,249 - position: [ 0.05717828 -1.29837132  1.84072959]
2026-01-21 10:44:14,494 - position: [ 0.05185778 -1.30239725  1.83850729]
2026-01-21 10:44:14,775 - position: [ 0.06747285 -1.30665529  1.84060478]
2026-01-21 10:44:14,982 - position: [ 0.05564577 -1.31485724  1.84192371]
2026-01-21 10:44:15,204 - position: [ 0.05190364 -1.31708837  1.84288621]
2026-01-21 10:44:15,447 - position: [ 0.06348268 -1.30785191  1.84242737]
2026-01-21 10:44:15,666 - position: [ 0.06611153 -1.31077433  1.84249377]
2026-01-21 10:44:15,891 - position: [ 0.066792   -1.31402743  1.84292996]
2026-01-21 10:44:16,157 - position: [ 0.06289549 -1.31444407  1.84254992]
2026-01-21 10:44:16,392 - position: [ 0.06340667 -1.3139441   1.84208393]
2026-01-21 10:44:16,663 - position: [ 0.06518137 -1.31771386  1.84274209]
2026-01-21 10:44:16,892 - position: [ 0.06545877 -1.31850564  1.84269452]
2026-01-21 10:44:17,139 - position: [ 0.0655577  -1.31935954  1.84336805]
2026-01-21 10:44:17,365 - position: [ 0.04866438 -1.3171351   1.84229112]
2026-01-21 10:44:17,624 - position: [ 0.04878242 -1.31136525  1.83958912]
2026-01-21 10:44:17,849 - position: [ 0.05013909 -1.30677903  1.83886003]
2026-01-21 10:44:18,077 - position: [ 0.03374194 -1.30220377  1.83688998]
2026-01-21 10:44:18,300 - position: [ 0.05512095 -1.29190421  1.83622921]
2026-01-21 10:44:18,528 - position: [ 0.05248368 -1.30086505  1.83837175]
2026-01-21 10:44:18,771 - position: [ 0.03773204 -1.31381154  1.8372103 ]
2026-01-21 10:44:19,007 - position: [ 0.04041738 -1.31976914  1.83869779]
2026-01-21 10:44:19,268 - position: [ 0.02452339 -1.33059752  1.83213091]
2026-01-21 10:44:19,508 - position: [ 0.06668071 -1.33025146  1.8391068 ]
2026-01-21 10:44:19,732 - position: [ 0.0708668  -1.33777034  1.84023213]
2026-01-21 10:44:19,937 - position: [ 0.07558429 -1.34346306  1.84269309]
2026-01-21 10:44:20,186 - position: [ 0.07228642 -1.34381354  1.84282291]
2026-01-21 10:44:20,424 - position: [ 0.07023268 -1.34586179  1.84294701]
2026-01-21 10:44:20,694 - position: [ 0.06292115 -1.34813952  1.84597695]
2026-01-21 10:44:20,931 - position: [ 0.06163554 -1.34955192  1.84571242]
2026-01-21 10:44:21,133 - position: [ 0.06120998 -1.35233366  1.84553075]
2026-01-21 10:44:21,350 - position: [ 0.06137982 -1.35510504  1.84526885]
2026-01-21 10:44:21,567 - position: [ 0.0611963  -1.36108029  1.84545481]
2026-01-21 10:44:21,900 - position: [ 0.06206161 -1.3672576   1.84593678]
2026-01-21 10:44:22,170 - position: [ 0.06439123 -1.36668622  1.84536088]
2026-01-21 10:44:22,382 - position: [ 0.06717309 -1.363392    1.84484577]
2026-01-21 10:44:22,621 - position: [ 0.07638685 -1.35825336  1.8457545 ]
2026-01-21 10:44:22,877 - position: [ 0.07792124 -1.358549    1.84589005]
2026-01-21 10:44:23,137 - position: [ 0.07915872 -1.35863256  1.84607065]
2026-01-21 10:44:23,370 - position: [ 0.07915872 -1.35863256  1.84607065]
2026-01-21 10:44:23,607 - position: [ 0.07600841 -1.36205673  1.84628952]
2026-01-21 10:44:23,865 - position: [ 0.07419756 -1.36285639  1.84635961]
2026-01-21 10:44:24,081 - position: [ 0.06640998 -1.36111939  1.84448183]
2026-01-21 10:44:24,305 - position: [ 0.06227506 -1.36217058  1.84413469]
2026-01-21 10:44:24,596 - position: [ 0.05819717 -1.35631526  1.84120774]
2026-01-21 10:44:24,891 - position: [ 0.06070422 -1.35265481  1.84355092]
2026-01-21 10:44:25,111 - position: [ 0.052368   -1.34864998  1.84389281]
2026-01-21 10:44:25,376 - position: [ 0.05567752 -1.35835063  1.84357989]
2026-01-21 10:44:25,613 - position: [ 0.05436546 -1.37758088  1.84452045]
2026-01-21 10:44:25,840 - position: [ 0.05381605 -1.37933838  1.84485984]
2026-01-21 10:44:26,077 - position: [ 0.05162141 -1.3825475   1.84685075]
2026-01-21 10:44:26,294 - position: [ 0.06002367 -1.34739709  1.84822655]
2026-01-21 10:44:26,505 - position: [ 0.0592776  -1.32848656  1.84669483]
2026-01-21 10:44:26,744 - position: [ 0.05998697 -1.32741725  1.84607983]
2026-01-21 10:44:26,977 - position: [ 0.06139076 -1.32664716  1.8449676 ]
2026-01-21 10:44:27,189 - position: [ 0.06019902 -1.32690465  1.84375167]
2026-01-21 10:44:27,458 - position: [ 0.05986843 -1.33054256  1.84440792]
2026-01-21 10:44:27,726 - position: [ 0.05854354 -1.33383512  1.84501839]
2026-01-21 10:44:27,943 - position: [ 0.05725313 -1.33865297  1.84481418]
2026-01-21 10:44:28,184 - position: [ 0.05624176 -1.34235215  1.84499276]
2026-01-21 10:44:28,450 - position: [ 0.05739372 -1.34386134  1.84452057]
2026-01-21 10:44:28,704 - position: [ 0.056244   -1.3438704   1.84414816]
2026-01-21 10:44:28,905 - position: [ 0.05525815 -1.34490705  1.84372354]
2026-01-21 10:44:29,158 - position: [ 0.05713664 -1.35181534  1.84202504]
2026-01-21 10:44:29,371 - position: [ 0.06653118 -1.36066639  1.84233487]
2026-01-21 10:44:29,624 - position: [ 0.07087416 -1.36326647  1.84395564]
2026-01-21 10:44:29,893 - position: [ 0.07267077 -1.36265361  1.84412754]
2026-01-21 10:44:30,096 - position: [ 0.07269182 -1.3620683   1.84412575]
2026-01-21 10:44:30,330 - position: [ 0.07088648 -1.35678434  1.84366214]
2026-01-21 10:44:30,537 - position: [ 0.07250433 -1.35397828  1.84377134]
2026-01-21 10:44:30,776 - position: [ 0.06775614 -1.35481465  1.84450245]
2026-01-21 10:44:31,008 - position: [ 0.06238391 -1.34271479  1.8438096 ]
2026-01-21 10:44:31,306 - position: [ 0.06595216 -1.34573865  1.84493601]
2026-01-21 10:44:31,525 - position: [ 0.06398221 -1.34558499  1.8442595 ]
2026-01-21 10:44:31,756 - position: [ 0.05319573 -1.34364736  1.84325743]
2026-01-21 10:44:32,021 - position: [ 0.05709595 -1.33190739  1.84610772]
2026-01-21 10:44:32,254 - position: [ 0.06594756 -1.34264123  1.84683144]
2026-01-21 10:44:32,466 - position: [ 0.0672082  -1.34488547  1.84687102]
2026-01-21 10:44:32,699 - position: [ 0.0672082  -1.34488547  1.84687102]
2026-01-21 10:44:32,919 - position: [ 0.07429831 -1.34395051  1.84514534]
2026-01-21 10:44:33,233 - position: [ 0.06733432 -1.33421969  1.84400725]
2026-01-21 10:44:33,517 - position: [ 0.07414311 -1.32954097  1.84426975]
2026-01-21 10:44:33,767 - position: [ 0.07421669 -1.33542752  1.84609389]
2026-01-21 10:44:34,015 - position: [ 0.07075515 -1.34402204  1.84559548]
2026-01-21 10:44:34,279 - position: [ 0.06950838 -1.35168016  1.84568894]
2026-01-21 10:44:34,502 - position: [ 0.06990711 -1.34960127  1.84585512]
2026-01-21 10:44:34,738 - position: [ 0.06930545 -1.34724641  1.84558153]
2026-01-21 10:44:35,037 - position: [ 0.07152712 -1.34532666  1.84527802]
2026-01-21 10:44:35,267 - position: [ 0.07026277 -1.34411788  1.84470713]
2026-01-21 10:44:35,542 - position: [ 0.07318782 -1.34368682  1.84446204]
2026-01-21 10:44:35,805 - position: [ 0.07578261 -1.34492433  1.84441006]
2026-01-21 10:44:36,033 - position: [ 0.07602406 -1.34536672  1.84440279]
2026-01-21 10:44:36,233 - position: [ 0.07914267 -1.35349953  1.84511888]
2026-01-21 10:44:36,460 - position: [ 0.07963379 -1.36091626  1.84586418]
2026-01-21 10:44:36,699 - position: [ 0.0808557  -1.36741805  1.84611392]
2026-01-21 10:44:36,914 - position: [ 0.08147145 -1.37235034  1.84576404]
2026-01-21 10:44:37,126 - position: [ 0.08131536 -1.37487674  1.84573328]
2026-01-21 10:44:37,376 - position: [ 0.07727387 -1.37863123  1.8457185 ]
2026-01-21 10:44:37,606 - position: [ 0.07506733 -1.37849057  1.84677863]
2026-01-21 10:44:37,890 - position: [ 0.07659337 -1.3697716   1.84621215]
2026-01-21 10:44:38,143 - position: [ 0.0745905  -1.36098003  1.84458458]
2026-01-21 10:44:38,383 - position: [ 0.07063607 -1.34812737  1.84308136]
2026-01-21 10:44:38,811 - position: [ 0.06763239 -1.33098185  1.84180403]
2026-01-21 10:44:39,038 - position: [ 0.0655505  -1.32517767  1.84187293]
2026-01-21 10:44:39,271 - position: [ 0.06094236 -1.32448566  1.84257293]
2026-01-21 10:44:39,600 - position: [ 0.05958621 -1.32701087  1.84359431]
2026-01-21 10:44:39,855 - position: [ 0.06479759 -1.3300854   1.84492385]
2026-01-21 10:44:40,080 - position: [ 0.06952277 -1.33549106  1.84574151]
2026-01-21 10:44:40,288 - position: [ 0.07680792 -1.33180797  1.84510291]
2026-01-21 10:44:40,554 - position: [ 0.07413692 -1.33498895  1.84490275]
2026-01-21 10:44:40,847 - position: [ 0.06047639 -1.33190143  1.84213209]
2026-01-21 10:44:41,110 - position: [ 0.06379147 -1.33058059  1.84261   ]
2026-01-21 10:44:41,426 - position: [ 0.065094   -1.33159029  1.843858  ]
2026-01-21 10:44:41,657 - position: [ 0.07115627 -1.33171499  1.84513783]
2026-01-21 10:44:41,891 - position: [ 0.07009713 -1.33024359  1.84487712]
2026-01-21 10:44:42,095 - position: [ 0.06919043 -1.32954788  1.84454107]
2026-01-21 10:44:42,317 - position: [ 0.06954124 -1.33109212  1.84512591]
2026-01-21 10:44:42,561 - position: [ 0.06972998 -1.33132231  1.84503341]
2026-01-21 10:44:42,824 - position: [ 0.06972924 -1.3312614   1.84512126]
2026-01-21 10:44:43,051 - position: [ 0.06750119 -1.33495569  1.84546304]
2026-01-21 10:44:43,291 - position: [ 0.06750991 -1.33503377  1.84545779]
2026-01-21 10:44:43,523 - position: [ 0.06859057 -1.33919632  1.84580612]
2026-01-21 10:44:43,738 - position: [ 0.05329813 -1.33350575  1.84289896]
2026-01-21 10:44:43,981 - position: [ 0.05994906 -1.32736683  1.84115708]
2026-01-21 10:44:44,263 - position: [ 0.06152862 -1.31437933  1.84004211]
2026-01-21 10:44:44,645 - position: [ 0.07293172 -1.30828106  1.84252965]
2026-01-21 10:44:44,887 - position: [ 0.06220557 -1.30349004  1.84128857]
2026-01-21 10:44:45,107 - position: [ 0.05929664 -1.30203676  1.84244299]
2026-01-21 10:44:45,354 - position: [ 0.05826386 -1.30013728  1.84014189]
2026-01-21 10:44:45,589 - position: [ 0.06232334 -1.29805624  1.84172583]
2026-01-21 10:44:45,804 - position: [ 0.06023524 -1.29796612  1.84253502]
2026-01-21 10:44:46,055 - position: [ 0.06882541 -1.31084239  1.84451652]
2026-01-21 10:44:46,296 - position: [ 0.07295024 -1.32094431  1.84537685]
2026-01-21 10:44:46,509 - position: [ 0.07096265 -1.32324815  1.84509957]
2026-01-21 10:44:46,727 - position: [ 0.0706695  -1.3240484   1.84515846]
2026-01-21 10:44:46,983 - position: [ 0.07196944 -1.3243897   1.84533024]
2026-01-21 10:44:47,239 - position: [ 0.0713783  -1.32248104  1.84492719]
2026-01-21 10:44:47,477 - position: [ 0.07195748 -1.32179749  1.84480536]
2026-01-21 10:44:47,692 - position: [ 0.07278016 -1.32183051  1.84477246]
2026-01-21 10:44:47,931 - position: [ 0.06893065 -1.32262588  1.84407651]
2026-01-21 10:44:48,163 - position: [ 0.04082226 -1.31229019  1.83984828]
2026-01-21 10:44:48,390 - position: [ 0.05418515 -1.31032789  1.84103   ]
2026-01-21 10:44:48,673 - position: [ 0.05262657 -1.30807459  1.84037709]
2026-01-21 10:44:48,955 - position: [ 0.03730689 -1.30216289  1.83651459]
2026-01-21 10:44:49,247 - position: [ 0.0439475  -1.3019067   1.83685231]
2026-01-21 10:44:49,489 - position: [ 0.04658515 -1.3015933   1.83957076]
2026-01-21 10:44:49,714 - position: [ 0.04381567 -1.28706205  1.83652103]
2026-01-21 10:44:49,973 - position: [ 0.05575605 -1.29314184  1.83971286]
2026-01-21 10:44:50,192 - position: [ 0.07639372 -1.31700468  1.8445605 ]
2026-01-21 10:44:50,431 - position: [ 0.07741505 -1.32093143  1.84357429]
2026-01-21 10:44:50,669 - position: [ 0.07741505 -1.32093143  1.84357429]
2026-01-21 10:44:50,889 - position: [ 0.07721536 -1.32194674  1.84328687]
2026-01-21 10:44:51,102 - position: [ 0.07705651 -1.32723367  1.84384143]
2026-01-21 10:44:51,320 - position: [ 0.07735872 -1.33984017  1.84470844]
2026-01-21 10:44:51,581 - position: [ 0.07862827 -1.35424447  1.84587979]
2026-01-21 10:44:51,846 - position: [ 0.0764561  -1.3606317   1.84454191]
2026-01-21 10:44:52,093 - position: [ 0.07659226 -1.36118364  1.84448242]
2026-01-21 10:44:52,326 - position: [ 0.0806817  -1.36039853  1.84369755]
2026-01-21 10:44:52,597 - position: [ 0.08257905 -1.35800052  1.84342122]
2026-01-21 10:44:52,869 - position: [ 0.0867604  -1.35618746  1.84333372]
2026-01-21 10:44:53,129 - position: [ 0.0917411  -1.36467576  1.84356964]
2026-01-21 10:44:53,388 - position: [ 0.09156156 -1.36639929  1.84352088]
2026-01-21 10:44:53,603 - position: [ 0.09110235 -1.36727905  1.84373379]
2026-01-21 10:44:53,845 - position: [ 0.0899275  -1.36893165  1.8441689 ]
2026-01-21 10:44:54,206 - position: [ 0.08970711 -1.36971974  1.84437716]
2026-01-21 10:44:54,471 - position: [ 0.0889623  -1.3746736   1.84577191]
2026-01-21 10:44:54,688 - position: [ 0.08051581 -1.37352812  1.8451972 ]
2026-01-21 10:44:54,960 - position: [ 0.07231942 -1.36921656  1.84435213]
2026-01-21 10:44:55,236 - position: [ 0.06414764 -1.36501229  1.8442378 ]
2026-01-21 10:44:55,500 - position: [ 0.05912124 -1.35983932  1.84377897]
2026-01-21 10:44:55,719 - position: [ 0.05710736 -1.35392308  1.8433497 ]
2026-01-21 10:44:55,946 - position: [ 0.05757296 -1.34479606  1.84264982]
2026-01-21 10:44:56,163 - position: [ 0.05771818 -1.34324622  1.84282529]
2026-01-21 10:44:56,382 - position: [ 0.05589118 -1.34222865  1.84293902]
2026-01-21 10:44:56,619 - position: [ 0.05515087 -1.34280789  1.84307611]
2026-01-21 10:44:56,855 - position: [ 0.05013568 -1.34199572  1.84350455]
2026-01-21 10:44:57,064 - position: [ 0.05013568 -1.34199572  1.84350455]
2026-01-21 10:44:57,364 - position: [ 0.02076053 -1.33828795  1.83747721]
2026-01-21 10:44:57,644 - position: [ 0.02913873 -1.33199632  1.83693266]
2026-01-21 10:44:57,904 - position: [ 0.02510211 -1.3327527   1.83693516]
2026-01-21 10:44:58,127 - position: [ 0.0461929  -1.33723354  1.84314835]
2026-01-21 10:44:58,349 - position: [ 0.04825654 -1.33481693  1.84320271]
2026-01-21 10:44:58,581 - position: [ 0.06065973 -1.33301234  1.84532154]
2026-01-21 10:44:58,836 - position: [ 0.04987599 -1.33831573  1.84483242]
2026-01-21 10:44:59,080 - position: [ 0.0588236  -1.33477354  1.84526658]
2026-01-21 10:44:59,461 - position: [ 0.05701531 -1.33937466  1.84439576]
2026-01-21 10:44:59,671 - position: [ 0.05671704 -1.34310257  1.8452282 ]
2026-01-21 10:44:59,916 - position: [ 0.06285243 -1.35089278  1.84454978]
2026-01-21 10:45:00,186 - position: [ 0.06346647 -1.35710156  1.84178305]
2026-01-21 10:45:00,464 - position: [ 0.06719826 -1.36150169  1.8441577 ]
2026-01-21 10:45:00,722 - position: [ 0.0662349  -1.36102664  1.84410501]
2026-01-21 10:45:00,944 - position: [ 0.06762949 -1.35915601  1.84563136]
2026-01-21 10:45:01,227 - position: [ 0.06547495 -1.3578763   1.84873354]
2026-01-21 10:45:01,482 - position: [ 0.06100675 -1.35560274  1.84851253]
2026-01-21 10:45:01,767 - position: [ 0.05303799 -1.35345483  1.84812629]
2026-01-21 10:45:02,006 - position: [ 0.04811663 -1.3501972   1.84779954]
2026-01-21 10:45:02,218 - position: [ 0.04863881 -1.34808445  1.84735119]
2026-01-21 10:45:02,452 - position: [ 0.05267245 -1.34647846  1.84735954]
2026-01-21 10:45:02,696 - position: [ 0.05624396 -1.34384477  1.84726286]
2026-01-21 10:45:02,935 - position: [ 0.05757871 -1.34299958  1.84729147]
2026-01-21 10:45:03,148 - position: [ 0.06139575 -1.34037566  1.84707296]
2026-01-21 10:45:03,355 - position: [ 0.06295198 -1.34019768  1.84702742]
2026-01-21 10:45:03,585 - position: [ 0.06338578 -1.33917522  1.84685957]
2026-01-21 10:45:03,788 - position: [ 0.06232641 -1.33684719  1.84657228]
2026-01-21 10:45:04,009 - position: [ 0.06241892 -1.33585107  1.846403  ]
2026-01-21 10:45:04,218 - position: [ 0.06177314 -1.33252347  1.84590542]
2026-01-21 10:45:04,460 - position: [ 0.06163358 -1.33145785  1.84587932]
2026-01-21 10:45:04,686 - position: [ 0.06187308 -1.33006966  1.8457123 ]
2026-01-21 10:45:04,918 - position: [ 0.06171181 -1.32585657  1.84549737]
2026-01-21 10:45:05,189 - position: [ 0.06224669 -1.32397163  1.84549356]
2026-01-21 10:45:05,399 - position: [ 0.06259809 -1.32281113  1.84552121]
2026-01-21 10:45:05,708 - position: [ 0.06365972 -1.32217503  1.84529829]
2026-01-21 10:45:05,946 - position: [ 0.065952   -1.32224977  1.84508979]
2026-01-21 10:45:06,191 - position: [ 0.06788266 -1.32129872  1.84498858]
2026-01-21 10:45:06,447 - position: [ 0.06855644 -1.31886756  1.8446393 ]
2026-01-21 10:45:06,705 - position: [ 0.06937431 -1.31633341  1.84454119]
2026-01-21 10:45:06,954 - position: [ 0.07056073 -1.3131578   1.84432256]
2026-01-21 10:45:07,198 - position: [ 0.07131065 -1.3101927   1.84411371]
2026-01-21 10:45:07,409 - position: [ 0.07253245 -1.30832732  1.84395993]
2026-01-21 10:45:07,679 - position: [ 0.07339392 -1.30758011  1.84449947]
2026-01-21 10:45:07,881 - position: [ 0.05856551 -1.30630541  1.84475183]
2026-01-21 10:45:08,091 - position: [ 0.05421775 -1.31129611  1.8454777 ]
2026-01-21 10:45:08,338 - position: [ 0.05168711 -1.31438792  1.84557676]
2026-01-21 10:45:08,575 - position: [ 0.05153842 -1.31445992  1.84557414]
2026-01-21 10:45:08,814 - position: [ 0.05161976 -1.31641448  1.84517252]
2026-01-21 10:45:09,072 - position: [ 0.05403773 -1.31739378  1.84444797]
2026-01-21 10:45:09,376 - position: [ 0.0596554  -1.31199372  1.84347725]
2026-01-21 10:45:09,598 - position: [ 0.06021371 -1.31149423  1.84350324]
2026-01-21 10:45:09,851 - position: [ 0.04746272 -1.287835    1.83603191]
2026-01-21 10:45:10,081 - position: [ 0.05548632 -1.28125048  1.83908212]
2026-01-21 10:45:10,325 - position: [ 0.04806665 -1.28012037  1.83800399]
2026-01-21 10:45:10,587 - position: [ 0.06121124 -1.28727245  1.84235704]
2026-01-21 10:45:10,805 - position: [ 0.06542495 -1.30066323  1.84436309]
2026-01-21 10:45:11,022 - position: [ 0.06245113 -1.30716717  1.84416389]
2026-01-21 10:45:11,239 - position: [ 0.05432256 -1.30083549  1.84221005]
2026-01-21 10:45:11,451 - position: [ 0.05741511 -1.30146003  1.84288931]
2026-01-21 10:45:11,664 - position: [ 0.06577455 -1.29804575  1.8431077 ]
2026-01-21 10:45:11,910 - position: [ 0.06721126 -1.29575169  1.84300363]
2026-01-21 10:45:12,169 - position: [ 0.06392366 -1.29545498  1.84342682]
2026-01-21 10:45:12,414 - position: [ 0.06114168 -1.2951138   1.84237146]
2026-01-21 10:45:12,633 - position: [ 0.06286546 -1.2947017   1.84219563]
2026-01-21 10:45:12,841 - position: [ 0.06615315 -1.30109882  1.84223843]
2026-01-21 10:45:13,077 - position: [ 0.06994338 -1.30452836  1.84244585]
2026-01-21 10:45:13,310 - position: [ 0.07426132 -1.30622721  1.84285998]
2026-01-21 10:45:13,589 - position: [ 0.07520953 -1.3051945   1.84257686]
2026-01-21 10:45:13,897 - position: [ 0.07014399 -1.30732346  1.84290385]
2026-01-21 10:45:14,147 - position: [ 0.06422601 -1.29659128  1.8415761 ]
2026-01-21 10:45:14,385 - position: [ 0.0788133  -1.30139315  1.8425076 ]
2026-01-21 10:45:14,608 - position: [ 0.08286178 -1.32168543  1.8471992 ]
2026-01-21 10:45:14,843 - position: [ 0.08058498 -1.33867073  1.84637737]
2026-01-21 10:45:15,051 - position: [ 0.07940616 -1.34072638  1.84599543]
2026-01-21 10:45:15,308 - position: [ 0.07114699 -1.339342    1.84356332]
2026-01-21 10:45:15,538 - position: [ 0.07114699 -1.339342    1.84356332]
2026-01-21 10:45:15,770 - position: [ 0.07114699 -1.339342    1.84356332]
2026-01-21 10:45:16,006 - position: [ 0.06953437 -1.33760905  1.84238374]
2026-01-21 10:45:16,238 - position: [ 0.06928787 -1.33711851  1.84233284]
2026-01-21 10:45:16,467 - position: [ 0.06639624 -1.33047533  1.84135973]
2026-01-21 10:45:16,737 - position: [ 0.06237651 -1.32759035  1.84127617]
2026-01-21 10:45:16,979 - position: [ 0.05534974 -1.33035135  1.84171367]
2026-01-21 10:45:17,202 - position: [ 0.05534974 -1.33035135  1.84171367]
2026-01-21 10:45:17,475 - position: [ 0.05359008 -1.33569086  1.84124696]
2026-01-21 10:45:17,707 - position: [ 0.04605822 -1.33694804  1.83882475]
2026-01-21 10:45:17,930 - position: [ 0.02999027 -1.33878112  1.8360337 ]
2026-01-21 10:45:18,139 - position: [ 0.04684946 -1.31179178  1.83758831]
2026-01-21 10:45:18,358 - position: [ 0.06280388 -1.31823373  1.84233022]
2026-01-21 10:45:18,565 - position: [ 0.06280388 -1.31823373  1.84233022]
2026-01-21 10:45:18,785 - position: [ 0.07501964 -1.32246947  1.84253883]
2026-01-21 10:45:19,043 - position: [ 0.06901127 -1.33402073  1.84256971]
2026-01-21 10:45:19,279 - position: [ 0.06685593 -1.33869338  1.84314096]
2026-01-21 10:45:19,607 - position: [ 0.06716389 -1.36174977  1.84341502]
2026-01-21 10:45:19,829 - position: [ 0.0668468  -1.36513782  1.84423769]
2026-01-21 10:45:20,087 - position: [ 0.06628408 -1.36468494  1.84466732]
2026-01-21 10:45:20,359 - position: [ 0.06686493 -1.3575021   1.84430504]
2026-01-21 10:45:20,567 - position: [ 0.0665885  -1.35336518  1.84400606]
2026-01-21 10:45:20,816 - position: [ 0.06661642 -1.34712589  1.84257364]
2026-01-21 10:45:21,020 - position: [ 0.06476661 -1.34181225  1.84236848]
2026-01-21 10:45:21,291 - position: [ 0.06169748 -1.33748543  1.84235418]
2026-01-21 10:45:21,494 - position: [ 0.06071033 -1.33574069  1.84219027]
2026-01-21 10:45:21,765 - position: [ 0.05786286 -1.33280087  1.84208775]
2026-01-21 10:45:21,989 - position: [ 0.05771344 -1.33058476  1.84193611]
2026-01-21 10:45:22,225 - position: [ 0.05900599 -1.32892537  1.84189534]
2026-01-21 10:45:22,514 - position: [ 0.06169042 -1.3243202   1.84173441]
2026-01-21 10:45:22,743 - position: [ 0.06546681 -1.32463241  1.84200752]
2026-01-21 10:45:22,956 - position: [ 0.06569433 -1.32479751  1.84206223]
2026-01-21 10:45:23,221 - position: [ 0.06857783 -1.32775712  1.84219193]
2026-01-21 10:45:23,469 - position: [ 0.06884521 -1.32956111  1.84240603]
2026-01-21 10:45:23,701 - position: [ 0.06853724 -1.33159888  1.84236288]
2026-01-21 10:45:23,992 - position: [ 0.06983318 -1.33741212  1.84269142]
2026-01-21 10:45:24,202 - position: [ 0.07013255 -1.34100568  1.84297717]
2026-01-21 10:45:24,442 - position: [ 0.07111646 -1.34627533  1.84326041]
2026-01-21 10:45:24,685 - position: [ 0.07176474 -1.34806168  1.84331155]
2026-01-21 10:45:24,943 - position: [ 0.07159178 -1.3493408   1.84321404]
2026-01-21 10:45:25,189 - position: [ 0.07192958 -1.3490721   1.84327793]
2026-01-21 10:45:25,444 - position: [ 0.06944612 -1.34581351  1.84272623]
2026-01-21 10:45:25,674 - position: [ 0.06281582 -1.34851825  1.84035206]
2026-01-21 10:45:25,882 - position: [ 0.05820385 -1.3537668   1.841012  ]
2026-01-21 10:45:26,145 - position: [ 0.04735169 -1.35765743  1.84004676]
2026-01-21 10:45:26,369 - position: [ 0.05627872 -1.35648894  1.84122705]
2026-01-21 10:45:26,628 - position: [ 0.05996117 -1.3554486   1.8408891 ]
2026-01-21 10:45:26,844 - position: [ 0.05630887 -1.36237359  1.83850217]
2026-01-21 10:45:27,083 - position: [ 0.05083134 -1.36961007  1.84003735]
2026-01-21 10:45:27,355 - position: [ 0.04880517 -1.37220311  1.84054685]
2026-01-21 10:45:27,612 - position: [ 0.0413174  -1.38026679  1.84163058]
2026-01-21 10:45:27,900 - position: [ 0.02968796 -1.3874687   1.84211552]
2026-01-21 10:45:28,114 - position: [ 0.02382069 -1.38934886  1.84334505]
2026-01-21 10:45:28,345 - position: [ 0.03317903 -1.36247849  1.84338582]
2026-01-21 10:45:28,578 - position: [ 0.05216198 -1.35910499  1.8437494 ]
2026-01-21 10:45:28,803 - position: [ 0.05396558 -1.36628163  1.84398842]
2026-01-21 10:45:29,041 - position: [ 0.05384361 -1.37095535  1.84405041]
2026-01-21 10:45:29,267 - position: [ 0.05193564 -1.37781799  1.84296656]
2026-01-21 10:45:29,483 - position: [ 0.04908371 -1.37492239  1.84179175]
2026-01-21 10:45:29,716 - position: [ 0.04908371 -1.37492239  1.84179175]
2026-01-21 10:45:29,941 - position: [ 0.05696236 -1.37856865  1.84293604]
2026-01-21 10:45:30,164 - position: [ 0.05989595 -1.36595523  1.84212506]
2026-01-21 10:45:30,407 - position: [ 0.05980765 -1.36085331  1.84148598]
2026-01-21 10:45:30,659 - position: [ 0.05951188 -1.36085403  1.84268475]
2026-01-21 10:45:30,920 - position: [ 0.0586282  -1.35466814  1.84276366]
2026-01-21 10:45:31,147 - position: [ 0.05752394 -1.35036874  1.84325075]
2026-01-21 10:45:31,462 - position: [ 0.05773209 -1.34018958  1.84201992]
2026-01-21 10:45:31,664 - position: [ 0.05807572 -1.34046853  1.84264517]
2026-01-21 10:45:31,939 - position: [ 0.06479812 -1.33350205  1.84023154]
2026-01-21 10:45:32,217 - position: [ 0.05918149 -1.33660305  1.84060824]
2026-01-21 10:45:32,437 - position: [ 0.04974219 -1.33881176  1.84342229]
2026-01-21 10:45:32,656 - position: [ 0.05441628 -1.33231664  1.84268391]
2026-01-21 10:45:32,927 - position: [ 0.06696317 -1.33383775  1.84314728]
2026-01-21 10:45:33,174 - position: [ 0.07542361 -1.35155928  1.84649527]
2026-01-21 10:45:33,435 - position: [ 0.08171373 -1.37343597  1.84697509]
2026-01-21 10:45:33,663 - position: [ 0.08576333 -1.38330352  1.84693182]
2026-01-21 10:45:33,882 - position: [ 0.08810276 -1.38984692  1.84699988]
2026-01-21 10:45:34,114 - position: [ 0.0880207  -1.39013016  1.84706318]
2026-01-21 10:45:34,326 - position: [ 0.0880207  -1.39013016  1.84706318]
2026-01-21 10:45:34,581 - position: [ 0.08441498 -1.39003146  1.84721553]
2026-01-21 10:45:34,822 - position: [ 0.0842938  -1.3891139   1.84720933]
2026-01-21 10:45:35,059 - position: [ 0.08426601 -1.38239193  1.84647405]
2026-01-21 10:45:35,328 - position: [ 0.08105685 -1.38357794  1.84603369]
2026-01-21 10:45:35,610 - position: [ 0.07556809 -1.39155316  1.84697008]
2026-01-21 10:45:35,856 - position: [ 0.07177874 -1.39821255  1.84745371]
2026-01-21 10:45:36,089 - position: [ 0.06725922 -1.40218866  1.84682035]
2026-01-21 10:45:36,341 - position: [ 0.06178745 -1.40135384  1.8454653 ]
2026-01-21 10:45:36,650 - position: [ 0.05960731 -1.39682031  1.84545565]
2026-01-21 10:45:36,908 - position: [ 0.05953519 -1.3925097   1.84534597]
2026-01-21 10:45:37,153 - position: [ 0.06082884 -1.38534033  1.84461629]
2026-01-21 10:45:37,404 - position: [ 0.06149242 -1.37381434  1.84167826]
2026-01-21 10:45:37,627 - position: [ 0.06166644 -1.371418    1.84133971]
2026-01-21 10:45:37,862 - position: [ 0.06551558 -1.35821772  1.84163415]
2026-01-21 10:45:38,101 - position: [ 0.06562936 -1.35789967  1.84164333]
2026-01-21 10:45:38,332 - position: [ 0.06861892 -1.34944093  1.84134674]
2026-01-21 10:45:38,533 - position: [ 0.0654305  -1.34492719  1.84260499]
2026-01-21 10:45:38,741 - position: [ 0.06023455 -1.34298718  1.84256709]
2026-01-21 10:45:38,951 - position: [ 0.06050199 -1.34079742  1.84282589]
2026-01-21 10:45:39,186 - position: [ 0.06050199 -1.34079742  1.84282589]
2026-01-21 10:45:39,450 - position: [ 0.04659087 -1.33123708  1.84161377]
2026-01-21 10:45:39,716 - position: [ 0.0546819  -1.32670021  1.84059131]
2026-01-21 10:45:39,935 - position: [ 0.05653632 -1.34845245  1.84404504]
2026-01-21 10:45:40,150 - position: [ 0.05132821 -1.35167658  1.84253275]
2026-01-21 10:45:40,370 - position: [ 0.05830343 -1.35812306  1.8426367 ]
2026-01-21 10:45:40,586 - position: [ 0.07561902 -1.36277163  1.8428458 ]
2026-01-21 10:45:40,839 - position: [ 0.06716763 -1.36472511  1.84370732]
2026-01-21 10:45:41,075 - position: [ 0.05655976 -1.36424005  1.84266055]
2026-01-21 10:45:41,366 - position: [ 0.05589567 -1.35880709  1.8437897 ]
2026-01-21 10:45:41,646 - position: [ 0.05681799 -1.35829663  1.84414208]
2026-01-21 10:45:41,881 - position: [ 0.05487013 -1.35130823  1.84495056]
2026-01-21 10:45:42,142 - position: [ 0.06173312 -1.34898889  1.84416711]
2026-01-21 10:45:42,385 - position: [ 0.05285562 -1.35116005  1.84449935]
2026-01-21 10:45:42,619 - position: [ 0.07012847 -1.34640491  1.84458435]
2026-01-21 10:45:42,842 - position: [ 0.05441304 -1.33724833  1.84210074]
2026-01-21 10:45:43,154 - position: [ 0.0501633  -1.33015394  1.84290755]
2026-01-21 10:45:43,359 - position: [ 0.04351042 -1.33000338  1.83945835]
2026-01-21 10:45:43,574 - position: [ 0.03878395 -1.3370136   1.83972585]
2026-01-21 10:45:43,799 - position: [ 0.03016192 -1.3490001   1.84106874]
2026-01-21 10:45:44,013 - position: [ 0.04189568 -1.32950103  1.84177935]
2026-01-21 10:45:44,220 - position: [ 0.04982785 -1.33247042  1.84194875]
2026-01-21 10:45:44,469 - position: [ 0.05418111 -1.34916317  1.84315312]
2026-01-21 10:45:44,716 - position: [ 0.05760607 -1.3515166   1.84267163]
2026-01-21 10:45:44,947 - position: [ 0.06582312 -1.35864532  1.84213459]
2026-01-21 10:45:45,189 - position: [ 0.07521587 -1.37503266  1.84421897]
2026-01-21 10:45:45,416 - position: [ 0.08225042 -1.38363504  1.84536111]
2026-01-21 10:45:45,650 - position: [ 0.08613344 -1.38762307  1.84515417]
2026-01-21 10:45:45,900 - position: [ 0.09010338 -1.3932606   1.84600115]
2026-01-21 10:45:46,171 - position: [ 0.08985204 -1.39885724  1.84679353]
2026-01-21 10:45:46,421 - position: [ 0.07989582 -1.39616799  1.84506655]
2026-01-21 10:45:46,651 - position: [ 0.07414316 -1.38552892  1.8428992 ]
2026-01-21 10:45:46,916 - position: [ 0.07068819 -1.38643861  1.84456789]
2026-01-21 10:45:47,147 - position: [ 0.06772646 -1.3830452   1.84468365]
2026-01-21 10:45:47,358 - position: [ 0.0676549  -1.38127398  1.84450996]
2026-01-21 10:45:47,627 - position: [ 0.06725601 -1.37396431  1.844473  ]
2026-01-21 10:45:47,861 - position: [ 0.06472136 -1.36083353  1.84392321]
2026-01-21 10:45:48,110 - position: [ 0.06360459 -1.34305763  1.84276998]
2026-01-21 10:45:48,355 - position: [ 0.08266258 -1.34071779  1.84435558]
2026-01-21 10:45:48,596 - position: [ 0.10004734 -1.34825587  1.84326041]
2026-01-21 10:45:48,859 - position: [ 0.09749041 -1.35471869  1.84313536]
2026-01-21 10:45:49,091 - position: [ 0.08803569 -1.36689007  1.84186637]
2026-01-21 10:45:49,348 - position: [ 0.08169743 -1.36411798  1.84226048]
2026-01-21 10:45:49,607 - position: [ 0.08149832 -1.36371195  1.8418299 ]
2026-01-21 10:45:49,873 - position: [ 0.08129465 -1.36437738  1.84206963]
2026-01-21 10:45:50,125 - position: [ 0.07806613 -1.35898054  1.84044254]
2026-01-21 10:45:50,371 - position: [ 0.0693447  -1.35627961  1.84079742]
2026-01-21 10:45:50,637 - position: [ 0.06486541 -1.35648167  1.8411026 ]
2026-01-21 10:45:50,943 - position: [ 0.0641045  -1.36100519  1.84180486]
2026-01-21 10:45:51,161 - position: [ 0.06154138 -1.36303604  1.84202683]
2026-01-21 10:45:51,421 - position: [ 0.05433533 -1.35958517  1.84158325]
2026-01-21 10:45:51,657 - position: [ 0.02965882 -1.35702431  1.83876204]
2026-01-21 10:45:51,939 - position: [ 0.02601629 -1.34531903  1.83758056]
2026-01-21 10:45:52,152 - position: [ 0.02842109 -1.34289408  1.83792186]
2026-01-21 10:45:52,394 - position: [ 0.0407727  -1.33567369  1.83924556]
2026-01-21 10:45:52,698 - position: [ 0.04414477 -1.3246007   1.83841157]
2026-01-21 10:45:52,945 - position: [ 0.0427059  -1.30913007  1.83631051]
2026-01-21 10:45:53,203 - position: [ 0.05086245 -1.29735994  1.83963859]
2026-01-21 10:45:53,437 - position: [ 0.04726788 -1.29952621  1.83804989]
2026-01-21 10:45:53,664 - position: [ 0.04878848 -1.31510365  1.84084332]
2026-01-21 10:45:53,892 - position: [ 0.05565874 -1.33030581  1.84081149]
2026-01-21 10:45:54,149 - position: [ 0.05072243 -1.34730577  1.84173894]
2026-01-21 10:45:54,411 - position: [ 0.04446708 -1.3638109   1.84219193]
2026-01-21 10:45:54,631 - position: [ 0.04014817 -1.37956822  1.843045  ]
2026-01-21 10:45:54,864 - position: [ 0.03983252 -1.38435781  1.84296882]
2026-01-21 10:45:55,142 - position: [ 0.04161755 -1.39411271  1.84390104]
2026-01-21 10:45:55,413 - position: [ 0.04561656 -1.40013492  1.84495378]
2026-01-21 10:45:55,634 - position: [ 0.0490163  -1.4009999   1.84551394]
2026-01-21 10:45:55,886 - position: [ 0.05054059 -1.40032077  1.84537935]
2026-01-21 10:45:56,148 - position: [ 0.05054059 -1.40032077  1.84537935]
2026-01-21 10:45:56,365 - position: [ 0.06272689 -1.3917464   1.84553242]
2026-01-21 10:45:56,588 - position: [ 0.07228737 -1.38471735  1.84517097]
2026-01-21 10:45:56,800 - position: [ 0.07488183 -1.38207531  1.84465194]
2026-01-21 10:45:57,027 - position: [ 0.07898657 -1.37666368  1.84406388]
2026-01-21 10:45:57,283 - position: [ 0.07715327 -1.3695631   1.84355307]
2026-01-21 10:45:57,563 - position: [ 0.06975245 -1.3526305   1.84248054]
2026-01-21 10:45:57,833 - position: [ 0.06597787 -1.3390162   1.84162641]
2026-01-21 10:45:58,096 - position: [ 0.05796493 -1.32754147  1.84173727]
2026-01-21 10:45:58,357 - position: [ 0.03649148 -1.31670356  1.83865201]
2026-01-21 10:45:58,627 - position: [ 0.04981477 -1.31615674  1.84159005]
2026-01-21 10:45:58,870 - position: [ 0.05665723 -1.32230937  1.84214282]
2026-01-21 10:45:59,120 - position: [ 0.06254045 -1.33098233  1.84234285]
2026-01-21 10:45:59,346 - position: [ 0.06268218 -1.33929098  1.84297347]
2026-01-21 10:45:59,571 - position: [ 0.0610421  -1.35527599  1.84340751]
2026-01-21 10:45:59,805 - position: [ 0.05717653 -1.36934268  1.84369254]
2026-01-21 10:46:00,038 - position: [ 0.0477712  -1.37437105  1.84598279]
2026-01-21 10:46:00,257 - position: [ 0.04465947 -1.36981082  1.84365702]
2026-01-21 10:46:00,583 - position: [ 0.04931774 -1.35567248  1.84213579]
2026-01-21 10:46:00,843 - position: [ 0.0523525  -1.34808207  1.84168553]
2026-01-21 10:46:01,092 - position: [ 0.06032623 -1.34079266  1.84370697]
2026-01-21 10:46:01,328 - position: [ 0.05938404 -1.33998787  1.84365356]
2026-01-21 10:46:01,574 - position: [ 0.05746091 -1.33894026  1.84375739]
2026-01-21 10:46:01,783 - position: [ 0.04979699 -1.33258533  1.84344101]
2026-01-21 10:46:01,994 - position: [ 0.05292149 -1.32199597  1.84141612]
2026-01-21 10:46:02,283 - position: [ 0.05632792 -1.30658197  1.84083164]
2026-01-21 10:46:02,515 - position: [ 0.05632792 -1.30658197  1.84083164]
2026-01-21 10:46:02,738 - position: [ 0.06421675 -1.28927636  1.84035432]
2026-01-21 10:46:02,951 - position: [ 0.07645486 -1.29965448  1.84289587]
2026-01-21 10:46:03,161 - position: [ 0.07785426 -1.30975544  1.84341359]
2026-01-21 10:46:03,382 - position: [ 0.07746085 -1.31691182  1.84401596]
2026-01-21 10:46:03,630 - position: [ 0.07566015 -1.32670557  1.84412146]
2026-01-21 10:46:03,882 - position: [ 0.07410437 -1.33122706  1.84405959]
2026-01-21 10:46:04,186 - position: [ 0.07120412 -1.33937538  1.84406543]
2026-01-21 10:46:04,461 - position: [ 0.06702492 -1.34497821  1.844684  ]
2026-01-21 10:46:04,700 - position: [ 0.06663971 -1.34352064  1.84467006]
2026-01-21 10:46:04,926 - position: [ 0.06602761 -1.34129989  1.84417343]
2026-01-21 10:46:05,214 - position: [ 0.06566791 -1.33791339  1.84345114]
2026-01-21 10:46:05,449 - position: [ 0.06363221 -1.33657396  1.84223652]
2026-01-21 10:46:05,680 - position: [ 0.06403092 -1.34312987  1.84274495]
2026-01-21 10:46:05,910 - position: [ 0.06260865 -1.35510862  1.84229934]
2026-01-21 10:46:06,147 - position: [ 0.06325775 -1.36673462  1.84303439]
2026-01-21 10:46:06,479 - position: [ 0.06568809 -1.38578081  1.84502208]
2026-01-21 10:46:06,729 - position: [ 0.06630376 -1.39620221  1.84572601]
2026-01-21 10:46:06,994 - position: [ 0.06191401 -1.40049767  1.84542096]
2026-01-21 10:46:07,230 - position: [ 0.06023544 -1.4011302   1.84573841]
2026-01-21 10:46:07,452 - position: [ 0.05677435 -1.39647329  1.84566236]
2026-01-21 10:46:07,704 - position: [ 0.05402517 -1.3885988   1.84556699]
2026-01-21 10:46:07,964 - position: [ 0.05305466 -1.38215852  1.84546816]
2026-01-21 10:46:08,220 - position: [ 0.05354233 -1.37948513  1.84544778]
2026-01-21 10:46:08,505 - position: [ 0.05396628 -1.37530327  1.84548104]
2026-01-21 10:46:08,716 - position: [ 0.05259925 -1.37103903  1.84523284]
2026-01-21 10:46:08,963 - position: [ 0.05122008 -1.37006187  1.84514558]
2026-01-21 10:46:09,199 - position: [ 0.04933359 -1.36872756  1.84510469]
2026-01-21 10:46:09,437 - position: [ 0.04406755 -1.3666724   1.8449235 ]
2026-01-21 10:46:09,650 - position: [ 0.04286885 -1.36476386  1.84474969]
2026-01-21 10:46:09,892 - position: [ 0.04288203 -1.36350095  1.8444097 ]
2026-01-21 10:46:10,129 - position: [ 0.04448605 -1.36068678  1.84419143]
2026-01-21 10:46:10,369 - position: [ 0.04644875 -1.3514502   1.84313476]
2026-01-21 10:46:10,579 - position: [ 0.04709261 -1.34648311  1.84207988]
2026-01-21 10:46:10,809 - position: [ 0.04921162 -1.34445882  1.84008086]
2026-01-21 10:46:11,056 - position: [ 0.04990444 -1.34453309  1.8398236 ]
2026-01-21 10:46:11,296 - position: [ 0.04786443 -1.34707391  1.83984327]
2026-01-21 10:46:11,524 - position: [ 0.04227704 -1.35155106  1.8398453 ]
2026-01-21 10:46:11,757 - position: [ 0.03567138 -1.35692358  1.84082925]
2026-01-21 10:46:11,981 - position: [ 0.0336783  -1.35346746  1.84125674]
2026-01-21 10:46:12,225 - position: [ 0.03245098 -1.34817588  1.84140491]
2026-01-21 10:46:12,478 - position: [ 0.03100334 -1.33939111  1.84124458]
2026-01-21 10:46:12,744 - position: [ 0.03048282 -1.33417714  1.84104598]
2026-01-21 10:46:12,979 - position: [ 0.03157565 -1.33200467  1.84111083]
2026-01-21 10:46:13,213 - position: [ 0.03350605 -1.33227265  1.84126306]
2026-01-21 10:46:13,441 - position: [ 0.03455493 -1.33337772  1.84143901]
2026-01-21 10:46:13,664 - position: [ 0.03486899 -1.33640432  1.84188652]
2026-01-21 10:46:13,941 - position: [ 0.02133931 -1.33740044  1.83548188]
2026-01-21 10:46:14,143 - position: [ 0.02835418 -1.3419385   1.83699989]
2026-01-21 10:46:14,455 - position: [ 0.02485906 -1.34799528  1.83907974]
2026-01-21 10:46:14,689 - position: [ 0.02451535 -1.36206114  1.83939028]
2026-01-21 10:46:14,949 - position: [ 0.0339108  -1.37899709  1.84051132]
2026-01-21 10:46:15,184 - position: [ 0.03713834 -1.40400553  1.84392393]
2026-01-21 10:46:15,437 - position: [ 0.03352191 -1.41379058  1.8469032 ]
2026-01-21 10:46:15,693 - position: [ 0.04091397 -1.40152383  1.84884739]
2026-01-21 10:46:15,937 - position: [ 0.04895018 -1.39147055  1.84932554]
2026-01-21 10:46:16,170 - position: [ 0.05077231 -1.38908792  1.84883201]
2026-01-21 10:46:16,411 - position: [ 0.06482409 -1.38886631  1.84830034]
2026-01-21 10:46:16,654 - position: [ 0.07090655 -1.3868643   1.84748816]
2026-01-21 10:46:16,870 - position: [ 0.07094152 -1.38354862  1.84682882]
2026-01-21 10:46:17,078 - position: [ 0.07072626 -1.38080728  1.84619081]
2026-01-21 10:46:17,296 - position: [ 0.06820749 -1.36866534  1.84386575]
2026-01-21 10:46:17,525 - position: [ 0.06183941 -1.35727012  1.84090149]
2026-01-21 10:46:17,744 - position: [ 0.07136081 -1.35203743  1.84276187]
2026-01-21 10:46:17,988 - position: [ 0.06784876 -1.34373438  1.84132874]
2026-01-21 10:46:18,200 - position: [ 0.06911005 -1.34115267  1.8425138 ]
2026-01-21 10:46:18,438 - position: [ 0.06975287 -1.33906758  1.84302235]
2026-01-21 10:46:18,682 - position: [ 0.06667956 -1.33971047  1.84310627]
2026-01-21 10:46:18,897 - position: [ 0.06881233 -1.34114635  1.84390473]
2026-01-21 10:46:19,112 - position: [ 0.07335658 -1.34556937  1.84452939]
2026-01-21 10:46:19,337 - position: [ 0.07245487 -1.34506845  1.84583378]
2026-01-21 10:46:19,551 - position: [ 0.0693757  -1.34272349  1.84519017]
2026-01-21 10:46:19,778 - position: [ 0.06904599 -1.34156764  1.84485328]
2026-01-21 10:46:20,002 - position: [ 0.06797586 -1.34096575  1.84494734]
2026-01-21 10:46:20,243 - position: [ 0.06405873 -1.34025276  1.84393203]
2026-01-21 10:46:20,464 - position: [ 0.06412119 -1.34209609  1.84346259]
2026-01-21 10:46:20,694 - position: [ 0.0620199  -1.34576285  1.8420527 ]
2026-01-21 10:46:20,932 - position: [ 0.0620199  -1.34576285  1.8420527 ]
2026-01-21 10:46:21,173 - position: [ 0.06600898 -1.34513128  1.84276056]
2026-01-21 10:46:21,413 - position: [ 0.05789893 -1.34037244  1.84238648]
2026-01-21 10:46:21,637 - position: [ 0.05538676 -1.33779204  1.84145987]
2026-01-21 10:46:21,859 - position: [ 0.05552128 -1.33818305  1.84137654]
2026-01-21 10:46:22,109 - position: [ 0.057652   -1.33945167  1.84162033]
2026-01-21 10:46:22,348 - position: [ 0.05848053 -1.34056246  1.84196401]
2026-01-21 10:46:22,574 - position: [ 0.04436437 -1.34062719  1.83910763]
2026-01-21 10:46:22,811 - position: [ 0.04172078 -1.3411833   1.83862865]
2026-01-21 10:46:23,035 - position: [ 0.05084049 -1.34191573  1.84160173]
2026-01-21 10:46:23,282 - position: [ 0.0660172  -1.34361017  1.84124827]
2026-01-21 10:46:23,523 - position: [ 0.0738859  -1.35045934  1.84253538]
2026-01-21 10:46:23,736 - position: [ 0.07055821 -1.35410357  1.84382343]
2026-01-21 10:46:23,971 - position: [ 0.06323677 -1.34785306  1.84250307]
2026-01-21 10:46:24,264 - position: [ 0.05662696 -1.3523742   1.84331667]
2026-01-21 10:46:24,501 - position: [ 0.05211437 -1.35321009  1.84393823]
2026-01-21 10:46:24,712 - position: [ 0.04156124 -1.35099173  1.84163117]
2026-01-21 10:46:24,943 - position: [ 0.03539539 -1.35005593  1.84096909]
2026-01-21 10:46:25,166 - position: [ 0.03572256 -1.34606564  1.84072375]
2026-01-21 10:46:25,414 - position: [ 0.03941602 -1.34076512  1.84067738]
2026-01-21 10:46:25,712 - position: [ 0.03282909 -1.3309741   1.83505428]
2026-01-21 10:46:26,005 - position: [ 0.05822228 -1.31590772  1.8384192 ]
2026-01-21 10:46:26,229 - position: [ 0.05651288 -1.31845188  1.83972132]
2026-01-21 10:46:26,484 - position: [ 0.05847391 -1.31953728  1.83957207]
2026-01-21 10:46:26,728 - position: [ 0.074603   -1.34479451  1.84439182]
2026-01-21 10:46:26,961 - position: [ 0.0709825  -1.35781705  1.8458159 ]
2026-01-21 10:46:27,200 - position: [ 0.06458307 -1.37128365  1.84654605]
2026-01-21 10:46:27,403 - position: [ 0.0621285  -1.3741672   1.84658718]
2026-01-21 10:46:27,663 - position: [ 0.0621285  -1.3741672   1.84658718]
2026-01-21 10:46:27,883 - position: [ 0.054617   -1.37735653  1.84624386]
2026-01-21 10:46:28,087 - position: [ 0.0566028  -1.37637281  1.84614623]
2026-01-21 10:46:28,373 - position: [ 0.05876806 -1.37310064  1.84609044]
2026-01-21 10:46:28,621 - position: [ 0.06490213 -1.36390817  1.84466374]
2026-01-21 10:46:28,831 - position: [ 0.06610186 -1.36134255  1.84400678]
2026-01-21 10:46:29,043 - position: [ 0.06939534 -1.34686971  1.84273577]
2026-01-21 10:46:29,288 - position: [ 0.07124938 -1.33773112  1.84155703]
2026-01-21 10:46:29,520 - position: [ 0.07290076 -1.33035839  1.84083045]
2026-01-21 10:46:29,729 - position: [ 0.07340792 -1.32632387  1.84060609]
2026-01-21 10:46:29,980 - position: [ 0.07267057 -1.32005537  1.84047556]
2026-01-21 10:46:30,191 - position: [ 0.05703256 -1.31274021  1.8387171 ]
2026-01-21 10:46:30,425 - position: [ 0.06607459 -1.31141758  1.84057689]
2026-01-21 10:46:30,678 - position: [ 0.06884319 -1.30922949  1.83908248]
2026-01-21 10:46:30,886 - position: [ 0.07092945 -1.31831789  1.84080172]
2026-01-21 10:46:31,135 - position: [ 0.07121769 -1.33447015  1.84348893]
2026-01-21 10:46:31,368 - position: [ 0.0691018  -1.33747983  1.84464419]
2026-01-21 10:46:31,642 - position: [ 0.05045155 -1.34770548  1.84207261]
2026-01-21 10:46:31,862 - position: [ 0.05034536 -1.36120045  1.84225166]
2026-01-21 10:46:32,104 - position: [ 0.05883389 -1.36758721  1.8427372 ]
2026-01-21 10:46:32,331 - position: [ 0.06328325 -1.37304556  1.84421206]
2026-01-21 10:46:32,594 - position: [ 0.05171978 -1.37496316  1.84313691]
2026-01-21 10:46:32,860 - position: [ 0.04736737 -1.38163519  1.84391916]
2026-01-21 10:46:33,082 - position: [ 0.0434992  -1.38387477  1.84435165]
2026-01-21 10:46:33,362 - position: [ 0.03520747 -1.37799406  1.84163618]
2026-01-21 10:46:33,594 - position: [ 0.03753667 -1.37242818  1.83822668]
2026-01-21 10:46:33,857 - position: [ 0.05957215 -1.36800563  1.83845723]
2026-01-21 10:46:34,081 - position: [ 0.04898347 -1.36683679  1.83850026]
2026-01-21 10:46:34,307 - position: [ 0.05918742 -1.36153996  1.84086883]
2026-01-21 10:46:34,510 - position: [ 0.05896147 -1.35682237  1.83935535]
2026-01-21 10:46:34,752 - position: [ 0.05842864 -1.35823274  1.84155583]
2026-01-21 10:46:34,980 - position: [ 0.05242515 -1.35664785  1.84042621]
2026-01-21 10:46:35,225 - position: [ 0.06093933 -1.35501945  1.84102833]
2026-01-21 10:46:35,506 - position: [ 0.05599745 -1.35300469  1.84040368]
2026-01-21 10:46:35,725 - position: [ 0.04403273 -1.35323894  1.8382318 ]
2026-01-21 10:46:35,936 - position: [ 0.05591075 -1.35701168  1.83853137]
2026-01-21 10:46:36,173 - position: [ 0.04955227 -1.3650353   1.83876932]
2026-01-21 10:46:36,399 - position: [ 0.04469246 -1.36887872  1.83957732]
2026-01-21 10:46:36,603 - position: [ 0.05466764 -1.36607814  1.84207392]
2026-01-21 10:46:36,838 - position: [ 0.05150215 -1.35508001  1.84153223]
2026-01-21 10:46:37,077 - position: [ 0.0638869  -1.33890784  1.84107935]
2026-01-21 10:46:37,296 - position: [ 0.06644068 -1.33267653  1.83919561]
2026-01-21 10:46:37,518 - position: [ 0.06380888 -1.34673941  1.8416543 ]
2026-01-21 10:46:37,789 - position: [ 0.06525804 -1.36740661  1.84161019]
2026-01-21 10:46:38,038 - position: [ 0.07437259 -1.3878721   1.84211767]
2026-01-21 10:46:38,291 - position: [ 0.07598734 -1.41379786  1.84484422]
2026-01-21 10:46:38,573 - position: [ 0.07598734 -1.41379786  1.84484422]
2026-01-21 10:46:38,806 - position: [ 0.06799397 -1.42310202  1.84642112]
2026-01-21 10:46:39,027 - position: [ 0.06276814 -1.41962957  1.84634781]
2026-01-21 10:46:39,320 - position: [ 0.05989763 -1.41332757  1.8466363 ]
2026-01-21 10:46:39,535 - position: [ 0.05933464 -1.40529978  1.8463999 ]
2026-01-21 10:46:39,793 - position: [ 0.05949089 -1.39756727  1.84575868]
2026-01-21 10:46:40,001 - position: [ 0.06276479 -1.37919343  1.84390938]
2026-01-21 10:46:40,214 - position: [ 0.06304073 -1.37728083  1.84371281]
2026-01-21 10:46:40,423 - position: [ 0.06359827 -1.36444259  1.84274137]
2026-01-21 10:46:40,668 - position: [ 0.06427243 -1.35471809  1.84204698]
2026-01-21 10:46:40,909 - position: [ 0.06405874 -1.33716917  1.84000731]
2026-01-21 10:46:41,137 - position: [ 0.06345164 -1.33098388  1.83872402]
2026-01-21 10:46:41,376 - position: [ 0.06040311 -1.31600583  1.83345366]
2026-01-21 10:46:41,590 - position: [ 0.05806671 -1.31319618  1.8327831 ]
2026-01-21 10:46:41,803 - position: [ 0.05398209 -1.31005418  1.83286643]
2026-01-21 10:46:42,029 - position: [ 0.05044486 -1.31458926  1.833004  ]
2026-01-21 10:46:42,251 - position: [ 0.04395504 -1.32206857  1.83441639]
2026-01-21 10:46:42,491 - position: [ 0.03793811 -1.31386232  1.83177233]
2026-01-21 10:46:42,700 - position: [ 0.03149985 -1.31890345  1.83429158]
2026-01-21 10:46:42,934 - position: [ 0.03291617 -1.32115936  1.83760309]
2026-01-21 10:46:43,175 - position: [ 0.04676483 -1.3395977   1.84254622]
2026-01-21 10:46:43,414 - position: [ 0.04798676 -1.33944023  1.84236884]
2026-01-21 10:46:43,655 - position: [ 0.04741263 -1.33229959  1.8406235 ]
2026-01-21 10:46:43,917 - position: [ 0.04647631 -1.32632244  1.84105814]
2026-01-21 10:46:44,154 - position: [ 0.04717796 -1.3121134   1.84011412]
2026-01-21 10:46:44,377 - position: [ 0.04962254 -1.30659676  1.83995378]
2026-01-21 10:46:44,600 - position: [ 0.05245876 -1.3008635   1.83957374]
2026-01-21 10:46:44,881 - position: [ 0.05434677 -1.29801905  1.83940363]
2026-01-21 10:46:45,173 - position: [ 0.05908745 -1.29533923  1.83921671]
2026-01-21 10:46:45,427 - position: [ 0.06053402 -1.29709959  1.83895564]
2026-01-21 10:46:45,670 - position: [ 0.06092957 -1.2979449   1.83905005]
2026-01-21 10:46:45,895 - position: [ 0.06405365 -1.30885518  1.83988559]
2026-01-21 10:46:46,157 - position: [ 0.06732716 -1.31602383  1.8402983 ]
2026-01-21 10:46:46,379 - position: [ 0.07151634 -1.32495522  1.84127223]
2026-01-21 10:46:46,609 - position: [ 0.07674836 -1.33128715  1.84154844]
2026-01-21 10:46:46,833 - position: [ 0.08099981 -1.33656704  1.84192038]
2026-01-21 10:46:47,073 - position: [ 0.08917644 -1.34083486  1.84158456]
2026-01-21 10:46:47,275 - position: [ 0.09345711 -1.34965801  1.84197879]
2026-01-21 10:46:47,514 - position: [ 0.0897084  -1.35991561  1.84274936]
2026-01-21 10:46:47,754 - position: [ 0.08335113 -1.36561334  1.84302223]
2026-01-21 10:46:48,050 - position: [ 0.07662591 -1.36956966  1.84400237]
2026-01-21 10:46:48,340 - position: [ 0.07418596 -1.37007177  1.84454846]
2026-01-21 10:46:48,618 - position: [ 0.07225017 -1.37027526  1.84448993]
2026-01-21 10:46:48,850 - position: [ 0.07431351 -1.37292683  1.84508443]
2026-01-21 10:46:49,116 - position: [ 0.07513037 -1.37495673  1.84590411]
2026-01-21 10:46:49,369 - position: [ 0.07254056 -1.37997842  1.84569287]
2026-01-21 10:46:49,647 - position: [ 0.06814735 -1.38192666  1.84550452]
2026-01-21 10:46:49,892 - position: [ 0.06159411 -1.38277805  1.84472752]
2026-01-21 10:46:50,143 - position: [ 0.06315006 -1.38104236  1.84383857]
2026-01-21 10:46:50,376 - position: [ 0.06705287 -1.38101447  1.84399974]
2026-01-21 10:46:50,615 - position: [ 0.06471279 -1.38001239  1.84347343]
2026-01-21 10:46:50,851 - position: [ 0.05829434 -1.37600446  1.84353745]
2026-01-21 10:46:51,067 - position: [ 0.052361   -1.38036025  1.84301829]
2026-01-21 10:46:51,388 - position: [ 0.04628043 -1.38323963  1.8426522 ]
2026-01-21 10:46:51,648 - position: [ 0.03812809 -1.3778826   1.84070563]
2026-01-21 10:46:51,862 - position: [ 0.03756616 -1.37696767  1.84078491]
2026-01-21 10:46:52,159 - position: [ 0.0373274  -1.36547327  1.83925068]
2026-01-21 10:46:52,395 - position: [ 0.03868898 -1.35788167  1.84117877]
2026-01-21 10:46:52,608 - position: [ 0.04504985 -1.35120189  1.84150922]
2026-01-21 10:46:52,820 - position: [ 0.04572808 -1.34446108  1.84103954]
2026-01-21 10:46:53,045 - position: [ 0.05315781 -1.33012164  1.84175861]
2026-01-21 10:46:53,272 - position: [ 0.05408148 -1.32736897  1.84163952]
2026-01-21 10:46:53,512 - position: [ 0.05393746 -1.32496166  1.8418318 ]
2026-01-21 10:46:53,744 - position: [ 0.04926352 -1.32116687  1.84117639]
2026-01-21 10:46:53,973 - position: [ 0.04694339 -1.32159221  1.84163082]
2026-01-21 10:46:54,203 - position: [ 0.04985298 -1.32394886  1.84168351]
2026-01-21 10:46:54,443 - position: [ 0.05397021 -1.32725978  1.84248412]
2026-01-21 10:46:54,711 - position: [ 0.05462458 -1.33043551  1.84270084]
2026-01-21 10:46:54,953 - position: [ 0.05453631 -1.33439994  1.84314239]
2026-01-21 10:46:55,188 - position: [ 0.05648495 -1.33665454  1.84308231]
2026-01-21 10:46:55,402 - position: [ 0.05950793 -1.33657408  1.84269738]
2026-01-21 10:46:55,619 - position: [ 0.06196168 -1.33521175  1.84197855]
2026-01-21 10:46:55,862 - position: [ 0.06629024 -1.33192992  1.8416369 ]
2026-01-21 10:46:56,108 - position: [ 0.06887031 -1.32399881  1.84156275]
2026-01-21 10:46:56,328 - position: [ 0.06975389 -1.31642723  1.8417021 ]
2026-01-21 10:46:56,579 - position: [ 0.06964664 -1.30825639  1.84194303]
2026-01-21 10:46:56,860 - position: [ 0.06792212 -1.30284083  1.84164608]
2026-01-21 10:46:57,101 - position: [ 0.06792212 -1.30284083  1.84164608]
2026-01-21 10:46:57,329 - position: [ 0.06711949 -1.30886662  1.84139526]
2026-01-21 10:46:57,564 - position: [ 0.07224095 -1.30966198  1.84073329]
2026-01-21 10:46:57,794 - position: [ 0.07363576 -1.31124961  1.8405565 ]
2026-01-21 10:46:58,040 - position: [ 0.06971957 -1.30849218  1.8395226 ]
2026-01-21 10:46:58,297 - position: [ 0.06899959 -1.31389785  1.83992875]
2026-01-21 10:46:58,562 - position: [ 0.06653985 -1.3260808   1.84099114]
2026-01-21 10:46:58,798 - position: [ 0.07331143 -1.33036327  1.84189272]
2026-01-21 10:46:59,017 - position: [ 0.07612003 -1.33325422  1.84253895]
2026-01-21 10:46:59,265 - position: [ 0.07626525 -1.33792675  1.84355927]
2026-01-21 10:46:59,528 - position: [ 0.06671235 -1.34825528  1.84422827]
2026-01-21 10:46:59,756 - position: [ 0.07408763 -1.35849106  1.84485197]
2026-01-21 10:47:00,003 - position: [ 0.07291496 -1.36148047  1.84288931]
2026-01-21 10:47:00,245 - position: [ 0.07200438 -1.3574487   1.84273267]
2026-01-21 10:47:00,480 - position: [ 0.07290842 -1.3554678   1.84368765]
2026-01-21 10:47:00,682 - position: [ 0.06568208 -1.34589469  1.84227717]
2026-01-21 10:47:00,887 - position: [ 0.06515699 -1.33240664  1.83800685]
2026-01-21 10:47:01,136 - position: [ 0.06596068 -1.33091712  1.83865535]
2026-01-21 10:47:01,356 - position: [ 0.07589201 -1.32530022  1.83907211]
2026-01-21 10:47:01,602 - position: [ 0.07995887 -1.32534337  1.83881509]
2026-01-21 10:47:01,834 - position: [ 0.09153282 -1.33396602  1.8406378 ]
2026-01-21 10:47:02,063 - position: [ 0.09153282 -1.33396602  1.8406378 ]
2026-01-21 10:47:02,301 - position: [ 0.10252041 -1.34845531  1.84248579]
2026-01-21 10:47:02,603 - position: [ 0.10252041 -1.34845531  1.84248579]
2026-01-21 10:47:02,847 - position: [ 0.10411953 -1.35573125  1.84268296]
2026-01-21 10:47:03,077 - position: [ 0.10417383 -1.35908449  1.84266639]
2026-01-21 10:47:03,342 - position: [ 0.09866872 -1.3570596   1.84372818]
2026-01-21 10:47:03,627 - position: [ 0.09466622 -1.35052502  1.84355307]
2026-01-21 10:47:03,837 - position: [ 0.09227592 -1.34570253  1.84341311]
2026-01-21 10:47:04,042 - position: [ 0.09252246 -1.34322488  1.84354806]
2026-01-21 10:47:04,260 - position: [ 0.09235715 -1.34165442  1.84355927]
2026-01-21 10:47:04,501 - position: [ 0.09106369 -1.34150839  1.84345174]
2026-01-21 10:47:04,780 - position: [ 0.09006101 -1.3427397   1.84343362]
2026-01-21 10:47:05,008 - position: [ 0.08819615 -1.34397364  1.84326434]
2026-01-21 10:47:05,227 - position: [ 0.0872438  -1.34429812  1.84321737]
2026-01-21 10:47:05,476 - position: [ 0.08620719 -1.344082    1.84348726]
2026-01-21 10:47:05,687 - position: [ 0.08607569 -1.3427676   1.84346044]
2026-01-21 10:47:05,921 - position: [ 0.0865657  -1.34247279  1.84358776]
2026-01-21 10:47:06,200 - position: [ 0.0866743  -1.34113181  1.84358239]
2026-01-21 10:47:06,443 - position: [ 0.08803578 -1.34178197  1.84426558]
2026-01-21 10:47:06,693 - position: [ 0.08569875 -1.34646893  1.84486699]
2026-01-21 10:47:06,940 - position: [ 0.08487036 -1.34876657  1.84526336]
2026-01-21 10:47:07,194 - position: [ 0.08398433 -1.35031199  1.84538567]
2026-01-21 10:47:07,399 - position: [ 0.08257204 -1.3507427   1.84550118]
2026-01-21 10:47:07,624 - position: [ 0.08174928 -1.35072351  1.84551036]
2026-01-21 10:47:07,906 - position: [ 0.08132163 -1.35056555  1.84552515]
2026-01-21 10:47:08,135 - position: [ 0.08138471 -1.35049939  1.84554803]
2026-01-21 10:47:08,362 - position: [ 0.08191177 -1.34816384  1.84542441]
2026-01-21 10:47:08,584 - position: [ 0.08196094 -1.34588397  1.84524405]
2026-01-21 10:47:08,796 - position: [ 0.08190504 -1.34539497  1.84516943]
2026-01-21 10:47:09,025 - position: [ 0.07978274 -1.34767628  1.84532154]
2026-01-21 10:47:09,256 - position: [ 0.07959356 -1.34955442  1.84546256]
2026-01-21 10:47:09,472 - position: [ 0.07959356 -1.34955442  1.84546256]
2026-01-21 10:47:09,697 - position: [ 0.0793128  -1.34947026  1.84526503]
2026-01-21 10:47:09,900 - position: [ 0.08120684 -1.34455967  1.84504116]
2026-01-21 10:47:10,133 - position: [ 0.08198991 -1.34041452  1.84488821]
2026-01-21 10:47:10,382 - position: [ 0.0807905  -1.33919597  1.84479702]
2026-01-21 10:47:10,644 - position: [ 0.07767411 -1.33708119  1.84455752]
2026-01-21 10:47:10,861 - position: [ 0.0766727  -1.33664715  1.84455955]
2026-01-21 10:47:11,081 - position: [ 0.07624561 -1.33664155  1.84455955]
2026-01-21 10:47:11,307 - position: [ 0.07558524 -1.33837724  1.84474421]
2026-01-21 10:47:11,547 - position: [ 0.07620532 -1.33943534  1.84481072]
2026-01-21 10:47:11,785 - position: [ 0.07699802 -1.33992279  1.84480333]
2026-01-21 10:47:12,007 - position: [ 0.07786142 -1.33951247  1.84478903]
2026-01-21 10:47:12,269 - position: [ 0.07892385 -1.33855152  1.84479856]
2026-01-21 10:47:12,494 - position: [ 0.07873451 -1.33738136  1.84466922]
2026-01-21 10:47:12,717 - position: [ 0.07850561 -1.33519959  1.84442437]
2026-01-21 10:47:12,948 - position: [ 0.07678597 -1.33568525  1.8441714 ]
2026-01-21 10:47:13,164 - position: [ 0.06914381 -1.33943892  1.842628  ]
2026-01-21 10:47:13,396 - position: [ 0.05490009 -1.34664071  1.83753085]
2026-01-21 10:47:13,655 - position: [ 0.05562405 -1.36051393  1.84073186]
2026-01-21 10:47:13,916 - position: [ 0.05423084 -1.36076653  1.8424083 ]
2026-01-21 10:47:14,151 - position: [ 0.05079002 -1.36132383  1.84192824]
2026-01-21 10:47:14,407 - position: [ 0.04587267 -1.36613524  1.84059608]
2026-01-21 10:47:14,674 - position: [ 0.04866419 -1.37285233  1.84114742]
2026-01-21 10:47:14,916 - position: [ 0.04343867 -1.38831484  1.84361386]
2026-01-21 10:47:15,136 - position: [ 0.04179411 -1.39180303  1.84454548]
2026-01-21 10:47:15,375 - position: [ 0.04650278 -1.38539767  1.84551048]
2026-01-21 10:47:15,626 - position: [ 0.05545721 -1.36227608  1.84484243]
2026-01-21 10:47:15,890 - position: [ 0.05684073 -1.34891701  1.84353101]
2026-01-21 10:47:16,114 - position: [ 0.05139516 -1.33595979  1.84130478]
2026-01-21 10:47:16,363 - position: [ 0.04011989 -1.31316519  1.83827126]
2026-01-21 10:47:16,600 - position: [ 0.04041008 -1.3054179   1.83678746]
2026-01-21 10:47:16,824 - position: [ 0.04282147 -1.31367683  1.83830941]
2026-01-21 10:47:17,026 - position: [ 0.0449154  -1.33169234  1.84107137]
2026-01-21 10:47:17,276 - position: [ 0.04533433 -1.33560896  1.84173465]
2026-01-21 10:47:17,527 - position: [ 0.04423518 -1.35988474  1.84315324]
2026-01-21 10:47:17,779 - position: [ 0.04227972 -1.36907279  1.84357738]
2026-01-21 10:47:18,044 - position: [ 0.03360013 -1.37787974  1.8438853 ]
2026-01-21 10:47:18,257 - position: [ 0.02847873 -1.38445413  1.8440758 ]
2026-01-21 10:47:18,489 - position: [ 0.02764818 -1.38636065  1.8439461 ]
2026-01-21 10:47:18,752 - position: [ 0.03283292 -1.38757217  1.84395826]
2026-01-21 10:47:19,070 - position: [ 0.0465847  -1.3885113   1.84450221]
2026-01-21 10:47:19,299 - position: [ 0.05436324 -1.39023101  1.84500742]
2026-01-21 10:47:19,646 - position: [ 0.0605036  -1.38120782  1.84349406]
2026-01-21 10:47:19,866 - position: [ 0.06294645 -1.37423933  1.84352338]
2026-01-21 10:47:20,124 - position: [ 0.06230205 -1.36497355  1.84290671]
2026-01-21 10:47:20,381 - position: [ 0.06157662 -1.35841095  1.84263098]
2026-01-21 10:47:20,613 - position: [ 0.06051952 -1.35204077  1.83981919]
2026-01-21 10:47:20,817 - position: [ 0.05991422 -1.35222495  1.83917165]
2026-01-21 10:47:21,037 - position: [ 0.05955589 -1.35055411  1.83840728]
2026-01-21 10:47:21,306 - position: [ 0.06125178 -1.35057867  1.83773172]
2026-01-21 10:47:21,542 - position: [ 0.06520405 -1.35051513  1.83569908]
2026-01-21 10:47:21,760 - position: [ 0.06213259 -1.3481164   1.83397329]
2026-01-21 10:47:21,986 - position: [ 0.0590128  -1.3404274   1.83407569]
2026-01-21 10:47:22,268 - position: [ 0.0657286  -1.33152342  1.83275521]
2026-01-21 10:47:22,470 - position: [ 0.06785322 -1.33663559  1.83544195]
2026-01-21 10:47:22,682 - position: [ 0.06857969 -1.33865535  1.83458209]
2026-01-21 10:47:22,921 - position: [ 0.06000042 -1.33362293  1.8348794 ]
2026-01-21 10:47:23,151 - position: [ 0.0551475  -1.32937336  1.83604121]
2026-01-21 10:47:23,404 - position: [ 0.05542464 -1.32445431  1.8393122 ]
2026-01-21 10:47:23,674 - position: [ 0.05251574 -1.32649434  1.8394419 ]
2026-01-21 10:47:23,937 - position: [ 0.04318087 -1.3375212   1.83778429]
2026-01-21 10:47:24,209 - position: [ 0.05163788 -1.35530984  1.83810461]
2026-01-21 10:47:24,433 - position: [ 0.05533779 -1.35996103  1.83943439]
2026-01-21 10:47:24,641 - position: [ 0.06573621 -1.35556352  1.84285748]
2026-01-21 10:47:24,872 - position: [ 0.06246222 -1.35013163  1.84326684]
2026-01-21 10:47:25,154 - position: [ 0.06794564 -1.34644186  1.84334636]
2026-01-21 10:47:25,430 - position: [ 0.07578111 -1.34884429  1.84557867]
2026-01-21 10:47:25,694 - position: [ 0.07978472 -1.34700263  1.84607291]
2026-01-21 10:47:25,897 - position: [ 0.08332722 -1.34478748  1.84511018]
2026-01-21 10:47:26,140 - position: [ 0.08710337 -1.34375179  1.84435177]
2026-01-21 10:47:26,416 - position: [ 0.08281158 -1.34598672  1.84445393]
2026-01-21 10:47:26,653 - position: [ 0.0737664  -1.34514749  1.84408355]
2026-01-21 10:47:26,914 - position: [ 0.06339383 -1.34322429  1.84330952]
2026-01-21 10:47:27,148 - position: [ 0.05552322 -1.34010637  1.84299064]
2026-01-21 10:47:27,387 - position: [ 0.05382037 -1.33824098  1.84278846]
2026-01-21 10:47:27,646 - position: [ 0.05235627 -1.32924581  1.84241939]
2026-01-21 10:47:27,911 - position: [ 0.05216065 -1.32772791  1.84241521]
2026-01-21 10:47:28,212 - position: [ 0.05332737 -1.32854736  1.84270835]
2026-01-21 10:47:28,438 - position: [ 0.05451098 -1.33706367  1.84325492]
2026-01-21 10:47:28,662 - position: [ 0.05500407 -1.3396579   1.84345651]
2026-01-21 10:47:28,947 - position: [ 0.04983904 -1.34729302  1.84285307]
2026-01-21 10:47:29,191 - position: [ 0.00666093 -1.33683777  1.82907534]
2026-01-21 10:47:29,414 - position: [ 0.00393703 -1.33946121  1.82716477]
2026-01-21 10:47:29,634 - position: [ 0.01306161 -1.34167457  1.82854807]
2026-01-21 10:47:29,851 - position: [ 0.01763782 -1.34661567  1.83082354]
2026-01-21 10:47:30,115 - position: [ 0.01898188 -1.34717441  1.83091235]
2026-01-21 10:47:30,388 - position: [ 0.02738533 -1.35333073  1.83279872]
2026-01-21 10:47:30,650 - position: [ 0.04239524 -1.35501182  1.83255661]
2026-01-21 10:47:30,964 - position: [ 0.04094229 -1.34863603  1.83164585]
2026-01-21 10:47:31,204 - position: [ 0.04827208 -1.34628415  1.83442807]
2026-01-21 10:47:31,437 - position: [ 0.05945728 -1.34005642  1.83554626]
2026-01-21 10:47:31,655 - position: [ 0.05678526 -1.3239584   1.83431935]
2026-01-21 10:47:31,917 - position: [ 0.05877437 -1.32664859  1.83625758]
2026-01-21 10:47:32,128 - position: [ 0.05876873 -1.33073187  1.83743978]
2026-01-21 10:47:32,353 - position: [ 0.06125012 -1.33716226  1.84100556]
2026-01-21 10:47:32,559 - position: [ 0.06115019 -1.33337212  1.84184813]
2026-01-21 10:47:32,773 - position: [ 0.04628526 -1.33493996  1.84270489]
2026-01-21 10:47:33,014 - position: [ 0.04107657 -1.33277905  1.84263027]
2026-01-21 10:47:33,260 - position: [ 0.03220914 -1.32822847  1.84284055]
2026-01-21 10:47:33,483 - position: [ 0.03695251 -1.31750631  1.84292698]
2026-01-21 10:47:33,708 - position: [ 0.03615522 -1.31535316  1.84297097]
2026-01-21 10:47:33,951 - position: [ 0.03279559 -1.30833101  1.84286213]
2026-01-21 10:47:34,187 - position: [ 0.03255473 -1.30623901  1.84312952]
2026-01-21 10:47:34,413 - position: [ 0.0329997  -1.30553854  1.84292758]
2026-01-21 10:47:34,648 - position: [ 0.03840565 -1.3077029   1.84136057]
2026-01-21 10:47:34,904 - position: [ 0.03668267 -1.3121568   1.84084952]
2026-01-21 10:47:35,144 - position: [ 0.02504376 -1.31761253  1.84049618]
2026-01-21 10:47:35,484 - position: [ 0.03124136 -1.31798613  1.84102571]
2026-01-21 10:47:35,729 - position: [ 0.04022992 -1.31687582  1.83993256]
2026-01-21 10:47:35,960 - position: [ 0.05267793 -1.33376122  1.84088326]
2026-01-21 10:47:36,204 - position: [ 0.0660937  -1.34012556  1.84282064]
2026-01-21 10:47:36,436 - position: [ 0.05260703 -1.33634782  1.83815622]
2026-01-21 10:47:36,709 - position: [ 0.05512324 -1.34200895  1.83755851]
2026-01-21 10:47:36,925 - position: [ 0.05057621 -1.33636868  1.84041941]
2026-01-21 10:47:37,143 - position: [ 0.04621274 -1.32413423  1.83823586]
2026-01-21 10:47:37,383 - position: [ 0.0511695  -1.32607949  1.83760881]
2026-01-21 10:47:37,622 - position: [ 0.052956   -1.32863152  1.83819437]
2026-01-21 10:47:37,861 - position: [ 0.05072984 -1.33570278  1.84142959]
2026-01-21 10:47:38,074 - position: [ 0.04598125 -1.33184052  1.84248328]
2026-01-21 10:47:38,336 - position: [ 0.04244685 -1.33477223  1.84292889]
2026-01-21 10:47:38,570 - position: [ 0.04228231 -1.33548999  1.84294474]
2026-01-21 10:47:38,787 - position: [ 0.04247067 -1.34411204  1.84264672]
2026-01-21 10:47:39,043 - position: [ 0.04279046 -1.34365904  1.84275162]
2026-01-21 10:47:39,292 - position: [ 0.04372352 -1.34027755  1.84260869]
2026-01-21 10:47:39,535 - position: [ 0.04391056 -1.33813381  1.84248817]
2026-01-21 10:47:39,784 - position: [ 0.04423898 -1.3383199   1.84254634]
2026-01-21 10:47:40,048 - position: [ 0.04618582 -1.33938468  1.84262991]
2026-01-21 10:47:40,325 - position: [ 0.04594507 -1.33697796  1.84393787]
2026-01-21 10:47:40,551 - position: [ 0.0451166  -1.32907557  1.84245753]
2026-01-21 10:47:40,788 - position: [ 0.06219465 -1.32424748  1.83875191]
2026-01-21 10:47:41,021 - position: [ 0.04914291 -1.32992375  1.83778179]
2026-01-21 10:47:41,264 - position: [ 0.05438198 -1.33173382  1.83864427]
2026-01-21 10:47:41,504 - position: [ 0.04327429 -1.32778156  1.83635426]
2026-01-21 10:47:41,882 - position: [ 0.03842958 -1.32675433  1.83330691]
2026-01-21 10:47:42,090 - position: [ 0.02810677 -1.30848312  1.8323679 ]
2026-01-21 10:47:42,341 - position: [ 0.04026184 -1.30604947  1.83826888]
2026-01-21 10:47:42,587 - position: [ 0.02794285 -1.30071437  1.8370074 ]
2026-01-21 10:47:42,809 - position: [ 0.04191349 -1.30691612  1.84057724]
2026-01-21 10:47:43,056 - position: [ 0.03831047 -1.30682397  1.83827746]
2026-01-21 10:47:43,262 - position: [ 0.0373172  -1.3085562   1.83850718]
2026-01-21 10:47:43,480 - position: [ 0.03741935 -1.31648779  1.83972812]
2026-01-21 10:47:43,717 - position: [ 0.04385588 -1.32550955  1.81926417]
2026-01-21 10:47:44,004 - position: [ 0.06606457 -1.34179759  1.82698011]
2026-01-21 10:47:44,267 - position: [ 0.09128288 -1.33727491  1.83612323]
2026-01-21 10:47:44,514 - position: [ 0.07529175 -1.33302116  1.84237015]
2026-01-21 10:47:44,759 - position: [ 0.07089451 -1.32725286  1.84287119]
2026-01-21 10:47:45,016 - position: [ 0.0602139  -1.33764827  1.84135461]
2026-01-21 10:47:45,271 - position: [ 0.05436156 -1.35763788  1.84446824]
2026-01-21 10:47:45,520 - position: [ 0.04926139 -1.35802424  1.84514225]
2026-01-21 10:47:45,773 - position: [ 0.04241069 -1.36024034  1.84515405]
2026-01-21 10:47:46,015 - position: [ 0.04030053 -1.36544681  1.84412789]
2026-01-21 10:47:46,240 - position: [ 0.04030364 -1.36572516  1.84396446]
2026-01-21 10:47:46,482 - position: [ 0.04564476 -1.3630898   1.84358406]
2026-01-21 10:47:46,726 - position: [ 0.04713086 -1.36071324  1.84358835]
2026-01-21 10:47:46,948 - position: [ 0.04722889 -1.36179793  1.84360707]
2026-01-21 10:47:47,183 - position: [ 0.04786327 -1.36608219  1.84403789]
2026-01-21 10:47:47,432 - position: [ 0.05009391 -1.37022793  1.84426379]
2026-01-21 10:47:47,652 - position: [ 0.05147356 -1.37262774  1.84446168]
2026-01-21 10:47:47,887 - position: [ 0.05106354 -1.37874663  1.84489787]
2026-01-21 10:47:48,110 - position: [ 0.04959117 -1.38060927  1.8451407 ]
2026-01-21 10:47:48,349 - position: [ 0.04600456 -1.38238096  1.84501231]
2026-01-21 10:47:48,574 - position: [ 0.04600456 -1.38238096  1.84501231]
2026-01-21 10:47:48,819 - position: [ 0.04421641 -1.38660538  1.84452832]
2026-01-21 10:47:49,048 - position: [ 0.04553765 -1.38749301  1.84463668]
2026-01-21 10:47:49,289 - position: [ 0.04590759 -1.38727212  1.84468579]
2026-01-21 10:47:49,525 - position: [ 0.05076773 -1.38016343  1.84449625]
2026-01-21 10:47:49,738 - position: [ 0.05519005 -1.37165332  1.84343064]
2026-01-21 10:47:49,952 - position: [ 0.0553697  -1.34396899  1.83428288]
2026-01-21 10:47:50,161 - position: [ 0.0553697  -1.34396899  1.83428288]
2026-01-21 10:47:50,382 - position: [ 0.06048588 -1.35326076  1.83943737]
2026-01-21 10:47:50,605 - position: [ 0.06048189 -1.35334444  1.83951294]
2026-01-21 10:47:50,831 - position: [ 0.06054702 -1.35735166  1.83814585]
2026-01-21 10:47:51,070 - position: [ 0.05937582 -1.36827743  1.83875394]
2026-01-21 10:47:51,277 - position: [ 0.05937582 -1.36827743  1.83875394]
2026-01-21 10:47:51,500 - position: [ 0.06072005 -1.38238299  1.84109533]
2026-01-21 10:47:51,722 - position: [ 0.0573264  -1.39523065  1.84214604]
2026-01-21 10:47:51,974 - position: [ 0.0501756  -1.40340602  1.84246612]
2026-01-21 10:47:52,228 - position: [ 0.04457702 -1.40931892  1.84267581]
2026-01-21 10:47:52,460 - position: [ 0.04498338 -1.41364539  1.84311008]
2026-01-21 10:47:52,712 - position: [ 0.04799588 -1.41491139  1.84368694]
2026-01-21 10:47:52,979 - position: [ 0.05311248 -1.41387975  1.84423435]
2026-01-21 10:47:53,184 - position: [ 0.05571327 -1.41029632  1.84429896]
2026-01-21 10:47:53,416 - position: [ 0.05573971 -1.40865207  1.84424949]
2026-01-21 10:47:53,661 - position: [ 0.05576401 -1.4074173   1.84415805]
2026-01-21 10:47:53,885 - position: [ 0.05587987 -1.4054991   1.84400439]
2026-01-21 10:47:54,098 - position: [ 0.05517664 -1.40430427  1.84386551]
2026-01-21 10:47:54,328 - position: [ 0.05554194 -1.40175223  1.84382641]
2026-01-21 10:47:54,551 - position: [ 0.05495788 -1.39944708  1.84376597]
2026-01-21 10:47:54,793 - position: [ 0.05411787 -1.39600718  1.8436321 ]
2026-01-21 10:47:55,016 - position: [ 0.05274284 -1.39325762  1.84394944]
2026-01-21 10:47:55,233 - position: [ 0.05217728 -1.39026606  1.8440665 ]
2026-01-21 10:47:55,468 - position: [ 0.05032318 -1.38393128  1.84390748]
2026-01-21 10:47:55,781 - position: [ 0.04898505 -1.35436893  1.84228253]
2026-01-21 10:47:55,998 - position: [ 0.05313925 -1.33669448  1.84055364]
2026-01-21 10:47:56,200 - position: [ 0.05493736 -1.32539451  1.83985376]
2026-01-21 10:47:56,465 - position: [ 0.05573481 -1.31371486  1.83790994]
