2024-08-26 13:27:54,017 - takeoff,survivor,[0. 0. 0.],[1.56275976 3.41938353 1.56633472],3.048119881723003
2024-08-26 13:27:54,226 - takeoff,survivor,[0. 0. 0.],[1.56078112 3.42458558 1.56376588],3.0527410572246607
2024-08-26 13:27:54,426 - takeoff,survivor,[0. 0. 0.],[1.56117117 3.42842269 1.56475186],3.06054941024544
2024-08-26 13:27:54,626 - takeoff,survivor,[0. 0. 0.],[1.5606842  3.43089819 1.56498432],3.0612230593052017
2024-08-26 13:27:54,833 - takeoff,survivor,[0. 0. 0.],[1.55947042 3.43451667 1.56787694],3.0428985335754524
2024-08-26 13:27:55,033 - takeoff,survivor,[0. 0. 0.],[1.5602361  3.43694901 1.58239293],3.0720053077589475
2024-08-26 13:27:55,234 - takeoff,survivor,[0. 0. 0.],[1.56211889 3.44506907 1.61201441],3.0802584028667983
2024-08-26 13:27:55,440 - takeoff,survivor,[0. 0. 0.],[1.56214416 3.45398736 1.64960539],3.0840878291066476
2024-08-26 13:27:55,652 - takeoff,survivor,[0. 0. 0.],[1.56374395 3.46183443 1.68256438],3.105703056299452
2024-08-26 13:27:55,877 - takeoff,survivor,[0. 0. 0.],[1.56474829 3.4687283  1.70268714],3.1042653952304473
2024-08-26 13:27:56,088 - takeoff,survivor,[0. 0. 0.],[1.56276727 3.47316623 1.71721828],3.1068825931421946
2024-08-26 13:27:56,325 - takeoff,survivor,[0. 0. 0.],[1.56157446 3.48147535 1.74281371],3.1097806138105937
2024-08-26 13:27:56,556 - find survivor WP0,survivor,[0. 0. 0.],[1.55963969 3.48604417 1.75976634],3.1115006953264195
2024-08-26 13:27:56,769 - find survivor WP0,survivor,[0. 0. 0.],[1.55843437 3.49013472 1.77283275],3.111161620626409
2024-08-26 13:27:56,980 - find survivor WP0,survivor,[0. 0. 0.],[1.55596566 3.49348783 1.79067564],3.113353290453687
2024-08-26 13:27:57,217 - find survivor WP0,survivor,[0. 0. 0.],[1.5540024  3.49781442 1.80704308],3.1091884194658794
2024-08-26 13:27:57,420 - find survivor WP0,survivor,[0. 0. 0.],[1.55271566 3.50130272 1.82364857],3.1074199587417426
2024-08-26 13:27:57,625 - find survivor WP0,survivor,[0. 0. 0.],[1.55102098 3.50554633 1.83844328],3.0915639864017175
2024-08-26 13:27:57,834 - find survivor WP0,survivor,[0. 0. 0.],[1.55067289 3.50919509 1.85703337],3.101891112223691
2024-08-26 13:27:58,035 - find survivor WP0,survivor,[0. 0. 0.],[1.54939699 3.51414394 1.87653792],3.0876795985889656
2024-08-26 13:27:58,263 - find survivor WP0,survivor,[0. 0. 0.],[1.54782033 3.51780534 1.89263546],3.0842705700711415
2024-08-26 13:27:58,468 - find survivor WP0,survivor,[0. 0. 0.],[1.54457319 3.52040505 1.90314269],3.0759399147938438
2024-08-26 13:27:58,673 - find survivor WP0,survivor,[0. 0. 0.],[1.54116702 3.52206492 1.91585767],3.081813038360904
2024-08-26 13:27:58,874 - find survivor WP0,survivor,[0. 0. 0.],[1.53808904 3.52383471 1.92400706],3.076381550048198
2024-08-26 13:27:59,074 - find survivor WP0,survivor,[0. 0. 0.],[1.53538179 3.52514982 1.93190217],3.076496178670887
2024-08-26 13:27:59,280 - find survivor WP0,survivor,[0. 0. 0.],[1.53220963 3.52844715 1.94259977],3.074235395889482
2024-08-26 13:27:59,498 - find survivor WP0,survivor,[0. 0. 0.],[1.53019059 3.52996659 1.95278847],3.078218403195356
2024-08-26 13:27:59,721 - find survivor WP0,survivor,[0. 0. 0.],[1.52987897 3.53243804 1.96366012],3.092379871527444
2024-08-26 13:27:59,943 - find survivor WP0,survivor,[0. 0. 0.],[1.52898872 3.5350771  1.97301257],3.0840475749973155
2024-08-26 13:28:00,149 - find survivor WP0,survivor,[0. 0. 0.],[1.5290432  3.53803039 1.98194873],3.0989441925812775
2024-08-26 13:28:00,354 - find survivor WP0,survivor,[0. 0. 0.],[1.52856112 3.53999639 1.99039519],3.1025532469146757
2024-08-26 13:28:00,555 - find survivor WP0,survivor,[0. 0. 0.],[1.52638078 3.54207277 1.99738693],3.0910842484037158
2024-08-26 13:28:00,755 - find survivor WP0,survivor,[0. 0. 0.],[1.52563441 3.54376483 2.0031693 ],3.088185356247148
2024-08-26 13:28:00,980 - find survivor WP0,survivor,[0. 0. 0.],[1.52325845 3.5441668  2.01090384],3.099184797799353
2024-08-26 13:28:01,180 - find survivor WP1,survivor,[0. 0. 0.],[1.52214384 3.54499674 2.01763773],3.1012297288631077
2024-08-26 13:28:01,384 - find survivor WP1,survivor,[0. 0. 0.],[1.52137506 3.5320909  2.02556229],3.107940660026377
2024-08-26 13:28:01,600 - find survivor WP1,survivor,[0. 0. 0.],[1.51772678 3.47538781 2.02953935],3.0939010786663825
2024-08-26 13:28:01,817 - find survivor WP1,survivor,[0. 0. 0.],[1.51654792 3.37699914 2.03396225],3.1050626728661532
2024-08-26 13:28:02,039 - find survivor WP1,survivor,[0. 0. 0.],[1.51684928 3.27102757 2.0345912 ],3.1078696429679074
2024-08-26 13:28:02,240 - find survivor WP1,survivor,[0. 0. 0.],[1.51862276 3.19271374 2.0385983 ],3.115097681372883
2024-08-26 13:28:02,440 - find survivor WP1,none,[0. 0. 0.],[1.51913297 3.16346574 2.04240203],3.1169157231436
2024-08-26 13:28:02,642 - find survivor WP1,none,[0. 0. 0.],[1.51825428 3.15073061 2.04382253],3.1076758193186476
2024-08-26 13:28:02,855 - find survivor WP1,none,[0. 0. 0.],[1.51617372 3.12695956 2.04171991],3.0974428801174865
2024-08-26 13:28:03,116 - find survivor WP1,none,[0. 0. 0.],[1.51400232 3.03638172 2.03217316],3.1010197799958172
2024-08-26 13:28:03,323 - find survivor WP1,none,[0. 0. 0.],[1.5164367  2.96954751 2.02751446],3.098963765581079
2024-08-26 13:28:03,528 - find survivor WP1,none,[0. 0. 0.],[1.52164626 2.93610477 2.02897763],3.103256972042042
2024-08-26 13:28:03,731 - find survivor WP1,none,[0. 0. 0.],[1.52766943 2.91165185 2.03265119],3.1023100484992256
2024-08-26 13:28:03,952 - find survivor WP1,none,[0. 0. 0.],[1.53013706 2.89615965 2.03439689],3.096278874077913
2024-08-26 13:28:04,152 - find survivor WP1,none,[0. 0. 0.],[1.52989078 2.87742877 2.03419447],3.093118932984064
2024-08-26 13:28:04,368 - find survivor WP1,none,[0. 0. 0.],[1.52773905 2.84825158 2.03371453],3.0937235973855945
2024-08-26 13:28:04,571 - find survivor WP1,none,[0. 0. 0.],[1.52829778 2.82719707 2.03773022],3.0985229686522606
2024-08-26 13:28:04,784 - find survivor WP1,none,[0. 0. 0.],[1.5316726  2.80578589 2.04300666],3.098096079709485
2024-08-26 13:28:05,017 - find survivor WP1,none,[0. 0. 0.],[1.5421735  2.78339601 2.05099893],3.113498951120327
2024-08-26 13:28:05,252 - find survivor WP1,none,[0. 0. 0.],[1.55166757 2.76411486 2.05740309],3.103407918823372
2024-08-26 13:28:05,518 - find survivor WP1,none,[0. 0. 0.],[1.56056178 2.74204063 2.06525731],3.1045135034163835
2024-08-26 13:28:05,732 - find survivor WP1,none,[0. 0. 0.],[1.56367493 2.73001409 2.0692811 ],3.1056966713425442
2024-08-26 13:28:05,948 - find survivor WP1,none,[0. 0. 0.],[1.56389666 2.71524286 2.07604432],3.1115017930096016
2024-08-26 13:28:06,154 - find survivor WP1,none,[0. 0. 0.],[1.56089282 2.70526624 2.07856321],3.115746741454517
2024-08-26 13:28:06,354 - find survivor WP1,none,[0. 0. 0.],[1.55863476 2.69513965 2.08245826],3.1111038890798675
2024-08-26 13:28:06,564 - find survivor WP1,none,[0. 0. 0.],[1.5575099  2.68477464 2.08280921],3.109669408546437
2024-08-26 13:28:06,764 - find survivor WP1,none,[0. 0. 0.],[1.5579406  2.67688036 2.08297539],3.1095281023291026
2024-08-26 13:28:06,970 - find survivor WP1,none,[0. 0. 0.],[1.55991793 2.66634583 2.08298326],3.1118141902476855
2024-08-26 13:28:07,180 - find survivor WP1,none,[0. 0. 0.],[1.56214857 2.65484285 2.08630538],3.107948383128361
2024-08-26 13:28:07,397 - find survivor WP1,none,[0. 0. 0.],[1.56398511 2.64468169 2.08834386],3.1070988676903912
2024-08-26 13:28:07,648 - find survivor WP3,none,[0. 0. 0.],[1.56624961 2.6364181  2.09422398],3.1263820628397765
2024-08-26 13:28:07,858 - find survivor WP3,none,[0. 0. 0.],[1.55905211 2.63179827 2.09247851],3.112006690752114
2024-08-26 13:28:08,060 - find survivor WP3,none,[0. 0. 0.],[1.51775026 2.6295259  2.09371853],3.1132039978956376
2024-08-26 13:28:08,267 - find survivor WP3,none,[0. 0. 0.],[1.4015131  2.62822413 2.09170771],3.1112445524855357
2024-08-26 13:28:08,468 - find survivor WP3,none,[0. 0. 0.],[1.25467873 2.62351966 2.09363818],3.1063194850809808
2024-08-26 13:28:08,705 - find survivor WP3,none,[0. 0. 0.],[1.06786084 2.61872602 2.09676862],3.103483977547838
2024-08-26 13:28:08,934 - find survivor WP3,none,[0. 0. 0.],[0.76587135 2.61305499 2.10294032],3.093674480045242
2024-08-26 13:28:09,168 - find survivor WP3,none,[0. 0. 0.],[0.45904928 2.60979533 2.10802126],3.0886997648727412
2024-08-26 13:28:09,430 - find survivor WP3,none,[0. 0. 0.],[0.07148913 2.60847425 2.11428261],3.0888308533958764
2024-08-26 13:28:09,630 - find survivor WP3,none,[0. 0. 0.],[-0.21106195  2.60887003  2.12190366],3.0924692182947124
2024-08-26 13:28:09,894 - find survivor WP3,none,[0. 0. 0.],[-0.52129471  2.60552001  2.12463951],3.099693502418389
2024-08-26 13:28:10,105 - find survivor WP3,none,[0. 0. 0.],[-0.72055668  2.60197902  2.12487268],3.1085570623628853
2024-08-26 13:28:10,310 - find survivor WP3,none,[0. 0. 0.],[-0.81822705  2.60028386  2.13041401],3.1121260562221558
2024-08-26 13:28:10,531 - find survivor WP3,none,[0. 0. 0.],[-0.90419877  2.59954667  2.13322973],3.1081089234018764
2024-08-26 13:28:10,759 - find survivor WP3,none,[0. 0. 0.],[-1.1221081   2.59996891  2.1309979 ],3.0941534446257206
2024-08-26 13:28:10,994 - find survivor WP3,none,[0. 0. 0.],[-1.35594237  2.60215831  2.12310839],3.090101974815566
2024-08-26 13:28:11,204 - find survivor WP3,none,[0. 0. 0.],[-1.55002081  2.60161495  2.11750174],3.1216330712922926
2024-08-26 13:28:11,454 - find survivor WP3,none,[0. 0. 0.],[-1.69197392  2.60000896  2.10943675],3.1249578341358566
2024-08-26 13:28:11,654 - find survivor WP3,none,[0. 0. 0.],[-1.74665511  2.60246849  2.10688663],3.0903085452967467
2024-08-26 13:28:11,855 - find survivor WP3,none,[0. 0. 0.],[-1.79294002  2.60754442  2.10727882],3.08435978974141
2024-08-26 13:28:12,068 - find survivor WP3,none,[0. 0. 0.],[-1.88461721  2.61249352  2.10669994],3.0853621039157506
2024-08-26 13:28:12,269 - find survivor WP3,none,[0. 0. 0.],[-2.00565171  2.61371946  2.10364604],3.0876730802162955
2024-08-26 13:28:12,469 - find survivor WP3,none,[0. 0. 0.],[-2.15304875  2.60544205  2.09969187],3.116941313375995
2024-08-26 13:28:12,679 - find survivor WP3,none,[0. 0. 0.],[-2.22762847  2.59590364  2.09029794],3.115250084339056
2024-08-26 13:28:12,879 - find survivor WP3,none,[0. 0. 0.],[-2.26052547  2.58482194  2.08375239],3.1035863645773
2024-08-26 13:28:13,117 - find survivor WP3,none,[0. 0. 0.],[-2.27140522  2.58013511  2.07759857],3.11682800508218
2024-08-26 13:28:13,323 - find survivor WP3,none,[0. 0. 0.],[-2.31998205  2.5851562   2.07746887],3.107709424455982
2024-08-26 13:28:13,528 - find survivor WP3,none,[0. 0. 0.],[-2.41389012  2.58897662  2.08215737],3.1070632940230194
2024-08-26 13:28:13,751 - find survivor WP3,none,[0. 0. 0.],[-2.51769662  2.58560729  2.08643198],3.124231136504594
2024-08-26 13:28:13,954 - find survivor WP3,none,[0. 0. 0.],[-2.58543897  2.58086443  2.08998394],3.109382683158286
2024-08-26 13:28:14,154 - find survivor WP3,none,[0. 0. 0.],[-2.61102366  2.57632565  2.09311962],3.125791464027365
2024-08-26 13:28:14,368 - find survivor WP3,none,[0. 0. 0.],[-2.62189388  2.57331657  2.09409976],3.116345262247372
2024-08-26 13:28:14,569 - find survivor WP3,none,[0. 0. 0.],[-2.63803267  2.5739255   2.09359241],3.104190421591843
2024-08-26 13:28:14,778 - find survivor WP3,none,[0. 0. 0.],[-2.68202257  2.57342863  2.09613299],3.112201080174819
2024-08-26 13:28:14,998 - find survivor WP3,none,[0. 0. 0.],[-2.76111913  2.5712285   2.0980413 ],3.119813473782579
2024-08-26 13:28:15,198 - find survivor WP3,none,[0. 0. 0.],[-2.81898451  2.56864643  2.1036787 ],3.1286573851471733
2024-08-26 13:28:15,459 - find survivor WP3,none,[0. 0. 0.],[-2.84652424  2.56398582  2.10433078],3.1099711576839253
2024-08-26 13:28:15,674 - find survivor WP3,none,[0. 0. 0.],[-2.84904075  2.56412292  2.11076808],3.1115453242956574
2024-08-26 13:28:15,883 - find survivor WP3,none,[0. 0. 0.],[-2.85367537  2.56300116  2.11182714],3.110795193521586
2024-08-26 13:28:16,086 - find survivor WP3,none,[0. 0. 0.],[-2.89287734  2.56172752  2.11910081],3.1132186769703933
2024-08-26 13:28:16,291 - find survivor WP3,none,[0. 0. 0.],[-2.94121456  2.56007743  2.12353516],3.123074610492769
2024-08-26 13:28:16,492 - find survivor WP3,none,[0. 0. 0.],[-2.98773789  2.55945301  2.12806487],3.1201842161570768
2024-08-26 13:28:16,725 - find survivor WP3,none,[0. 0. 0.],[-3.01168132  2.55824065  2.13343167],3.1219694858172518
2024-08-26 13:28:16,969 - find survivor WP3,none,[0. 0. 0.],[-3.01159     2.55526519  2.12939858],3.1296251093698833
2024-08-26 13:28:17,175 - find survivor WP3,none,[0. 0. 0.],[-3.0064764   2.5545826   2.12930298],3.1271040054473564
2024-08-26 13:28:17,393 - find survivor WP3,none,[0. 0. 0.],[-3.01804543  2.55386209  2.13065672],-3.136464671873618
2024-08-26 13:28:17,601 - find survivor WP3,none,[0. 0. 0.],[-3.04624391  2.55081105  2.12850094],-3.130925296926586
2024-08-26 13:28:17,823 - find survivor WP3,none,[0. 0. 0.],[-3.07753968  2.5460577   2.13629413],3.1343418416307935
2024-08-26 13:28:18,037 - find survivor WP3,none,[0. 0. 0.],[-3.10335779  2.54198647  2.13380742],3.135130918226902
2024-08-26 13:28:18,256 - find survivor WP3,none,[0. 0. 0.],[-3.1157093   2.53781557  2.13375425],3.1377730145291
2024-08-26 13:28:18,493 - find survivor WP3,none,[0. 0. 0.],[-3.12048411  2.53832889  2.14180326],3.128138777172097
2024-08-26 13:28:18,695 - find survivor WP3,none,[0. 0. 0.],[-3.12437558  2.5378592   2.13927197],3.13866958742652
2024-08-26 13:28:18,926 - find survivor WP3,none,[0. 0. 0.],[-3.13062     2.53796315  2.13823056],-3.1408275947021234
2024-08-26 13:28:19,168 - find survivor WP4,none,[0. 0. 0.],[-3.14532161  2.53726745  2.13779473],3.130483857967465
2024-08-26 13:28:19,375 - find survivor WP4,none,[0. 0. 0.],[-3.15702891  2.53555346  2.14337921],-3.1412926628535742
2024-08-26 13:28:19,576 - find survivor WP4,none,[0. 0. 0.],[-3.17018819  2.53266168  2.14428926],-3.0389947425509236
2024-08-26 13:28:19,778 - find survivor WP4,none,[0. 0. 0.],[-3.18408513  2.53217173  2.14634824],-2.7770690761523724
2024-08-26 13:28:19,978 - find survivor WP4,none,[0. 0. 0.],[-3.19031572  2.53041291  2.15829682],-2.4635272304733213
2024-08-26 13:28:20,190 - find survivor WP4,none,[0. 0. 0.],[-3.19596601  2.53003168  2.17257094],-2.164252960746648
2024-08-26 13:28:20,403 - find survivor WP4,none,[0. 0. 0.],[-3.19740176  2.52753568  2.18057966],-1.8074584278079504
2024-08-26 13:28:20,606 - find survivor WP4,none,[0. 0. 0.],[-3.19386339  2.52794957  2.18786621],-1.48802610371217
2024-08-26 13:28:20,830 - find survivor WP4,none,[0. 0. 0.],[-3.19052052  2.53165364  2.18680024],-1.1274791387744698
2024-08-26 13:28:21,030 - find survivor WP4,none,[0. 0. 0.],[-3.19429016  2.53779149  2.18171692],-0.8229184458926175
2024-08-26 13:28:21,231 - find survivor WP4,none,[0. 0. 0.],[-3.20952511  2.54430652  2.17317438],-0.5672353162727353
2024-08-26 13:28:21,431 - find survivor WP4,none,[0. 0. 0.],[-3.23086309  2.55018377  2.16388178],-0.3971394581967638
2024-08-26 13:28:21,639 - find survivor WP4,none,[0. 0. 0.],[-3.25303793  2.55556321  2.15628886],-0.3038466311220722
2024-08-26 13:28:21,851 - find survivor WP4,none,[0. 0. 0.],[-3.26955247  2.55817771  2.14605117],-0.22946854539035821
2024-08-26 13:28:22,053 - find survivor WP5,none,[0. 0. 0.],[-3.27575469  2.55422306  2.14219761],-0.18537507535788422
2024-08-26 13:28:22,259 - find survivor WP5,none,[0. 0. 0.],[-3.27028441  2.54798722  2.13932872],-0.16291498426025042
2024-08-26 13:28:22,476 - find survivor WP5,none,[0. 0. 0.],[-3.20957327  2.54925704  2.13797903],-0.15583385713447973
2024-08-26 13:28:22,682 - find survivor WP5,none,[0. 0. 0.],[-3.10592556  2.55637622  2.13596344],-0.13290245258730793
2024-08-26 13:28:22,900 - find survivor WP5,none,[0. 0. 0.],[-2.94535208  2.56654167  2.13555169],-0.1276865586464846
2024-08-26 13:28:23,117 - find survivor WP5,none2,[0. 0. 0.],[-2.73924136  2.56632257  2.13837337],-0.11347930497362158
2024-08-26 13:28:23,383 - find survivor WP5,none2,[0. 0. 0.],[-2.51574659  2.56062913  2.14207888],-0.10936431928951218
2024-08-26 13:28:23,658 - find survivor WP5,none2,[0. 0. 0.],[-2.06870055  2.53288388  2.14901567],-0.10932812373265466
2024-08-26 13:28:23,871 - find survivor WP5,none2,[0. 0. 0.],[-1.84859264  2.51160574  2.15384459],-0.10054912758338186
2024-08-26 13:28:24,113 - find survivor WP5,none2,[0. 0. 0.],[-1.68750894  2.49517083  2.15879941],-0.11264677693097691
2024-08-26 13:28:24,360 - find survivor WP5,none2,[0. 0. 0.],[-1.60193408  2.49943805  2.15945864],-0.10101642836202362
2024-08-26 13:28:24,606 - find survivor WP5,none2,[0. 0. 0.],[-1.47312284  2.5055151   2.15915585],-0.07310356341521551
2024-08-26 13:28:24,808 - find survivor WP5,none2,[0. 0. 0.],[-1.33161199  2.50342417  2.16082215],-0.09196419389466759
2024-08-26 13:28:25,015 - find survivor WP5,none2,[0. 0. 0.],[-1.13429415  2.4945581   2.16487145],-0.06907458176416847
2024-08-26 13:28:25,236 - find survivor WP5,none2,[0. 0. 0.],[-0.96613425  2.48673511  2.16839242],-0.08080112809165962
2024-08-26 13:28:25,437 - find survivor WP5,none2,[0. 0. 0.],[-0.88549507  2.48384118  2.16591811],-0.07816354958086791
2024-08-26 13:28:25,644 - find survivor WP5,none2,[0. 0. 0.],[-0.85818434  2.48533344  2.16523838],-0.08221897317564086
2024-08-26 13:28:25,867 - find survivor WP5,survivor,[0. 0. 0.],[-0.81569767  2.48554635  2.16644025],-0.07356854215134279
2024-08-26 13:28:26,112 - find survivor WP5,survivor,[0. 0. 0.],[-0.70379668  2.47933793  2.17092657],-0.06744463642010445
2024-08-26 13:28:26,322 - find survivor WP5,survivor,[0. 0. 0.],[-0.59215289  2.47223759  2.17764544],-0.06336123442071662
2024-08-26 13:28:26,549 - find survivor WP5,survivor,[0. 0. 0.],[-0.44156036  2.46438766  2.18623519],-0.055063133324803504
2024-08-26 13:28:26,755 - find survivor WP5,survivor,[0. 0. 0.],[-0.40947002  2.4656868   2.19049406],-0.0485916556479391
2024-08-26 13:28:26,960 - find survivor WP5,survivor,[0. 0. 0.],[-0.40721598  2.46702385  2.19683194],-0.05021817100698667
2024-08-26 13:28:27,173 - find survivor WP5,survivor,[0. 0. 0.],[-0.36082521  2.46706581  2.20564961],-0.026075763145332997
2024-08-26 13:28:27,376 - find survivor WP5,survivor,[0. 0. 0.],[-0.27060845  2.46609783  2.21772099],-0.03593331756884055
2024-08-26 13:28:27,592 - find survivor WP5,survivor,[0. 0. 0.],[-0.1857878   2.46524286  2.22606325],-0.01990459068831507
2024-08-26 13:28:27,792 - find survivor WP5,survivor,[0. 0. 0.],[-0.13689107  2.46786141  2.22952318],-0.027011101899935053
2024-08-26 13:28:28,054 - find survivor WP5,survivor,[0. 0. 0.],[-0.12279812  2.46892452  2.23432493],-0.02735731020648524
2024-08-26 13:28:28,268 - find survivor WP5,survivor,[0. 0. 0.],[-0.10392288  2.46785879  2.23963881],-0.02870390838051451
2024-08-26 13:28:28,469 - find survivor WP5,survivor,[0. 0. 0.],[-0.06872756  2.46621203  2.24263883],-0.03658769318962651
2024-08-26 13:28:28,682 - find survivor WP5,survivor,[0. 0. 0.],[-0.01291662  2.4662559   2.24830532],-0.02728988786034403
2024-08-26 13:28:28,883 - find survivor WP5,survivor,[0. 0. 0.],[0.02709207 2.46734381 2.25262737],-0.03778787184268406
2024-08-26 13:28:29,106 - find survivor WP5,survivor,[0. 0. 0.],[0.05784369 2.46673489 2.25156283],-0.03349470987497094
2024-08-26 13:28:29,308 - find survivor WP5,survivor,[0. 0. 0.],[0.07823183 2.46718478 2.25064325],-0.02289650993916048
2024-08-26 13:28:29,514 - find survivor WP5,survivor,[0. 0. 0.],[0.09593525 2.4674294  2.25033808],-0.028811948282097655
2024-08-26 13:28:29,756 - find survivor WP5,survivor,[0. 0. 0.],[0.11555538 2.46852374 2.24976516],-0.03662367902610053
2024-08-26 13:28:29,989 - find survivor WP5,survivor,[0. 0. 0.],[0.14167932 2.46978784 2.2481215 ],-0.04414890625802936
2024-08-26 13:28:30,193 - find survivor WP5,survivor,[0. 0. 0.],[0.15482707 2.47051239 2.24719834],-0.057543487679201366
2024-08-26 13:28:30,401 - find survivor WP5,survivor,[0. 0. 0.],[0.17516142 2.47177982 2.24467874],-0.0621457548619917
2024-08-26 13:28:30,622 - find survivor WP5,survivor,[0. 0. 0.],[0.19388522 2.47542405 2.24486971],-0.06037735946988709
2024-08-26 13:28:30,824 - find survivor WP5,survivor,[0. 0. 0.],[0.20772319 2.47844625 2.24359369],-0.0665203278938673
2024-08-26 13:28:31,045 - find survivor WP5,survivor,[0. 0. 0.],[0.22285758 2.48188925 2.24173188],-0.06840069986656894
2024-08-26 13:28:31,257 - find survivor WP5,survivor,[0. 0. 0.],[0.2355627  2.48363709 2.23957205],-0.07296054927764728
2024-08-26 13:28:31,475 - find survivor WP5,survivor,[0. 0. 0.],[0.24605367 2.48178768 2.23687506],-0.07611156897744653
2024-08-26 13:28:31,683 - find survivor WP5,survivor,[0. 0. 0.],[0.25466409 2.47766328 2.23581004],-0.07017588199036018
2024-08-26 13:28:31,895 - find survivor WP5,survivor,[0. 0. 0.],[0.26190707 2.47371602 2.23776841],-0.07320628683622887
2024-08-26 13:28:32,112 - find survivor WP5,survivor,[0. 0. 0.],[0.27284074 2.4700222  2.23972225],-0.07408907114732077
2024-08-26 13:28:32,323 - victim 1,survivor,[0. 0. 0.],[0.28068069 2.46870899 2.2403307 ],-0.0714658340405343
2024-08-26 13:28:32,530 - victim 1,survivor,[0. 0. 0.],[0.25841251 2.490592   2.23697829],-0.06568995225659857
2024-08-26 13:28:32,733 - victim 1,survivor,[0. 0. 0.],[0.18985847 2.53517365 2.23285437],-0.0639297938298371
2024-08-26 13:28:32,949 - victim 1,survivor,[0. 0. 0.],[0.05420596 2.60270691 2.22399378],-0.03854505719409396
2024-08-26 13:28:33,158 - victim 1,survivor,[0. 0. 0.],[-0.11869203  2.67654371  2.21560907],-0.02052240117566506
2024-08-26 13:28:33,359 - victim 1,survivor,[0. 0. 0.],[-0.26076829  2.73340678  2.20537019],-0.013407537173042883
2024-08-26 13:28:33,562 - victim 1,survivor,[0. 0. 0.],[-0.37945461  2.7892735   2.19572353],0.017396031647837873
2024-08-26 13:28:33,774 - victim 1,survivor,[0. 0. 0.],[-0.43093997  2.82861876  2.18496108],0.025747850723141008
2024-08-26 13:28:33,986 - victim 1,survivor,[0. 0. 0.],[-0.44186726  2.85127878  2.17977595],0.032337763966014066
2024-08-26 13:28:34,186 - victim 1,survivor,[0. 0. 0.],[-0.49447024  2.87124348  2.17266679],0.029431226969873547
2024-08-26 13:28:34,389 - victim 1,survivor,[0. 0. 0.],[-0.6049701   2.90070701  2.16627884],0.027424140415865494
2024-08-26 13:28:34,594 - victim 1,survivor,[0. 0. 0.],[-0.7091254   2.93227959  2.15732574],0.04639590817391337
2024-08-26 13:28:34,817 - victim 1,survivor,[0. 0. 0.],[-0.78081942  2.96823764  2.14699292],0.05297297636256193
2024-08-26 13:28:35,017 - victim 1,survivor,[0. 0. 0.],[-0.78824842  2.98881602  2.14360094],0.05905054274975452
2024-08-26 13:28:35,223 - victim 1,survivor,[0. 0. 0.],[-0.78651172  3.01045251  2.13537383],0.06604723492787934
2024-08-26 13:28:35,433 - victim 1,survivor,[0. 0. 0.],[-0.82822257  3.02872396  2.1228056 ],0.05632732407580132
2024-08-26 13:28:35,635 - victim 1,survivor,[0. 0. 0.],[-0.89739496  3.04007721  2.11429286],0.06808196217944151
2024-08-26 13:28:35,839 - victim 1,survivor,[0. 0. 0.],[-0.98005044  3.053195    2.10527706],0.06309907915348512
2024-08-26 13:28:36,040 - victim 1,survivor,[0. 0. 0.],[-1.02166486  3.06839633  2.09950209],0.07808116987157443
2024-08-26 13:28:36,257 - victim 1,survivor,[0. 0. 0.],[-1.0308311   3.08691859  2.09734416],0.062006409476428104
2024-08-26 13:28:36,477 - victim 1,survivor,[0. 0. 0.],[-1.03352487  3.1044395   2.09355164],0.05992708414984582
2024-08-26 13:28:36,685 - victim 1,survivor,[0. 0. 0.],[-1.05020988  3.11775231  2.08913422],0.06095810157474579
2024-08-26 13:28:36,885 - victim 1,survivor,[0. 0. 0.],[-1.07868659  3.12456703  2.08830476],0.0609001253789343
2024-08-26 13:28:37,099 - victim 1,survivor,[0. 0. 0.],[-1.11992097  3.13187099  2.08945036],0.05638272249482679
2024-08-26 13:28:37,300 - victim 1,survivor,[0. 0. 0.],[-1.14957845  3.13988137  2.09099603],0.06624221558575538
2024-08-26 13:28:37,503 - victim 1,survivor,[0. 0. 0.],[-1.17235327  3.15144992  2.09279037],0.05974689150394785
2024-08-26 13:28:37,703 - victim 1,survivor,[0. 0. 0.],[-1.18469322  3.16224694  2.09696722],0.04899588193972093
2024-08-26 13:28:37,914 - victim 1,survivor,[0. 0. 0.],[-1.1900183   3.17025542  2.09746933],0.047119141919913954
2024-08-26 13:28:38,114 - victim 1,survivor,[0. 0. 0.],[-1.19823074  3.18163681  2.10065055],0.041800464705940454
2024-08-26 13:28:38,376 - victim 1,survivor,[0. 0. 0.],[-1.21483672  3.19003987  2.10520363],0.03533725023260392
2024-08-26 13:28:38,589 - victim 1,survivor,[0. 0. 0.],[-1.23118734  3.1938014   2.1101706 ],0.04155048162409236
2024-08-26 13:28:38,791 - victim 1,survivor,[0. 0. 0.],[-1.24951565  3.1967268   2.11400771],0.03862314469621264
2024-08-26 13:28:39,000 - victim 1,survivor,[0. 0. 0.],[-1.26483238  3.20173979  2.11640429],0.04498475356260179
2024-08-26 13:28:39,249 - victim 1,survivor,[0. 0. 0.],[-1.27493966  3.2098856   2.115242  ],0.04453740798720873
2024-08-26 13:28:39,456 - victim 1,survivor,[0. 0. 0.],[-1.28279579  3.21737957  2.11603975],0.04137004641105557
2024-08-26 13:28:39,661 - victim 1,survivor,[0. 0. 0.],[-1.29074991  3.22520614  2.11769891],0.03391211234325242
2024-08-26 13:28:39,867 - victim 1,survivor,[0. 0. 0.],[-1.29655397  3.22999597  2.11697578],0.034121810424166954
2024-08-26 13:28:40,074 - victim 1,survivor,[0. 0. 0.],[-1.30714309  3.23541045  2.11910295],0.031178233932754207
2024-08-26 13:28:40,278 - victim 1,survivor,[0. 0. 0.],[-1.3162694   3.23744106  2.1201148 ],0.0340315583906996
2024-08-26 13:28:40,486 - victim 1,survivor,[0. 0. 0.],[-1.32592595  3.23864055  2.12305856],0.034006914220876094
2024-08-26 13:28:40,693 - victim 1,survivor,[0. 0. 0.],[-1.33638859  3.24219251  2.12534142],0.03510299482089296
2024-08-26 13:28:40,894 - victim 1,survivor,[0. 0. 0.],[-1.3437506   3.24499416  2.12770772],0.03582287420033614
2024-08-26 13:28:41,094 - victim 1,survivor,[0. 0. 0.],[-1.3509984   3.24737048  2.13021994],0.034820697680777446
2024-08-26 13:28:41,305 - victim 1,survivor,[0. 0. 0.],[-1.35629678  3.24955106  2.13062716],0.03525401440786147
2024-08-26 13:28:41,506 - victim 1,survivor,[0. 0. 0.],[-1.36125958  3.25186467  2.13261104],0.0319022425330977
2024-08-26 13:28:41,709 - victim 1,survivor,[0. 0. 0.],[-1.3658309   3.25437403  2.13407421],0.03273399933516741
2024-08-26 13:28:41,913 - victim 1,survivor,[0. 0. 0.],[-1.37115645  3.2574656   2.13606262],0.029375380361741144
2024-08-26 13:28:42,119 - victim 1,survivor,[0. 0. 0.],[-1.37710428  3.25952601  2.13779974],0.03134668028493737
2024-08-26 13:28:42,324 - victim 1,survivor,[0. 0. 0.],[-1.3838346   3.26185179  2.13814497],0.02368651826498902
2024-08-26 13:28:42,530 - victim 1,survivor,[0. 0. 0.],[-1.38829315  3.26476502  2.13811302],0.036039029192665106
2024-08-26 13:28:42,732 - victim 1,survivor,[0. 0. 0.],[-1.39413095  3.26816177  2.13881445],0.03721189806812264
2024-08-26 13:28:42,995 - victim 1,survivor,[0. 0. 0.],[-1.39768469  3.27100182  2.14023066],0.03367319852478157
2024-08-26 13:28:43,196 - victim 1,survivor,[0. 0. 0.],[-1.40117979  3.27342629  2.14094281],0.03289656523789164
2024-08-26 13:28:43,396 - victim 1,survivor,[0. 0. 0.],[-1.40323269  3.27580619  2.1387701 ],0.03195396638064163
2024-08-26 13:28:43,596 - victim 1,survivor,[0. 0. 0.],[-1.40588748  3.27732348  2.13782072],0.032874780103433476
2024-08-26 13:28:43,801 - victim 1,survivor,[0. 0. 0.],[-1.40942669  3.27813292  2.13777709],0.03612495512294389
2024-08-26 13:28:44,010 - victim 1,survivor,[0. 0. 0.],[-1.41245461  3.2794311   2.13816071],0.03458616767655465
2024-08-26 13:28:44,217 - victim 1,survivor,[0. 0. 0.],[-1.41549921  3.28178883  2.13985991],0.03770157724050982
2024-08-26 13:28:44,423 - victim 1,survivor,[0. 0. 0.],[-1.41968429  3.28327584  2.14220881],0.032686564271642515
2024-08-26 13:28:44,625 - victim 1,survivor,[0. 0. 0.],[-1.42292118  3.28426027  2.1436677 ],0.036776015451332356
2024-08-26 13:28:44,832 - victim 1,survivor,[0. 0. 0.],[-1.42646027  3.28556657  2.14303613],0.03776375766708595
2024-08-26 13:28:45,034 - victim 1,survivor,[0. 0. 0.],[-1.42938089  3.28754735  2.13912129],0.030890445436692282
2024-08-26 13:28:45,235 - victim 1,survivor,[0. 0. 0.],[-1.43189037  3.28791595  2.1363821 ],0.027566824539878132
2024-08-26 13:28:45,435 - victim 1,survivor,[0. 0. 0.],[-1.43511999  3.28855014  2.13319874],0.03642996095159168
2024-08-26 13:28:45,635 - victim 1,survivor,[0. 0. 0.],[-1.43928945  3.28915882  2.13122296],0.02532370372754844
2024-08-26 13:28:45,841 - victim 1,survivor,[0. 0. 0.],[-1.44262373  3.29059911  2.13113499],0.036000543976840715
2024-08-26 13:28:46,050 - victim 1,survivor,[0. 0. 0.],[-1.44641101  3.29196191  2.12977791],0.02986886287627355
2024-08-26 13:28:46,308 - victim 1,survivor,[0. 0. 0.],[-1.44934344  3.29500484  2.13218784],0.030713437814910982
2024-08-26 13:28:46,529 - victim 1,survivor,[0. 0. 0.],[-1.45140624  3.29831696  2.1348877 ],0.02984136508954549
2024-08-26 13:28:46,730 - victim 1,survivor,[0. 0. 0.],[-1.45341492  3.30043793  2.13708544],0.02901613521109092
2024-08-26 13:28:46,934 - victim 1,survivor,[0. 0. 0.],[-1.45705068  3.30538702  2.14026952],0.031573440130967745
2024-08-26 13:28:47,141 - victim 1,survivor,[0. 0. 0.],[-1.46060908  3.30897069  2.14043951],0.03838527139638814
2024-08-26 13:28:47,351 - victim 1,survivor,[0. 0. 0.],[-1.46486449  3.3099308   2.1416316 ],0.037897263817561644
2024-08-26 13:28:47,554 - victim 1,survivor,[0. 0. 0.],[-1.46845293  3.31042194  2.14223385],0.037882960757813056
2024-08-26 13:28:47,762 - victim 1,survivor,[0. 0. 0.],[-1.473629    3.3095243   2.14455152],0.035908925828535
2024-08-26 13:28:47,963 - victim 1,survivor,[0. 0. 0.],[-1.47836697  3.30778456  2.14781499],0.033562459886785634
2024-08-26 13:28:48,168 - victim 1,survivor,[0. 0. 0.],[-1.48511803  3.30598545  2.15164399],0.03583868400749446
2024-08-26 13:28:48,368 - victim 1,survivor,[0. 0. 0.],[-1.49127197  3.30626869  2.15667009],0.03543940857372707
2024-08-26 13:28:48,568 - victim 1,survivor,[0. 0. 0.],[-1.49515426  3.30799437  2.16013122],0.03520540019714957
2024-08-26 13:28:48,773 - victim 1,survivor,[0. 0. 0.],[-1.4990412   3.3098402   2.16040635],0.03082532235165658
2024-08-26 13:28:48,983 - victim 1,survivor,[0. 0. 0.],[-1.50313461  3.31317639  2.16181636],0.03337797893351224
2024-08-26 13:28:49,195 - victim 1,survivor,[0. 0. 0.],[-1.50614452  3.3159709   2.16205311],0.03593406803007815
2024-08-26 13:28:49,412 - victim 1,survivor,[0. 0. 0.],[-1.50821257  3.31846619  2.16439199],0.03505078273057305
2024-08-26 13:28:49,642 - victim 1,survivor,[0. 0. 0.],[-1.51303673  3.32089758  2.16640258],0.03777417130642857
2024-08-26 13:28:49,849 - victim 1,survivor,[0. 0. 0.],[-1.51592183  3.32331824  2.16770697],0.040827241740405196
2024-08-26 13:28:50,049 - victim 1,survivor,[0. 0. 0.],[-1.51863515  3.3246758   2.17052126],0.032117468087155654
2024-08-26 13:28:50,255 - victim 1,survivor,[0. 0. 0.],[-1.52180648  3.32597852  2.1718843 ],0.03081596149025323
2024-08-26 13:28:50,456 - victim 1,survivor,[0. 0. 0.],[-1.52384329  3.32713056  2.17247438],0.02871523846511037
2024-08-26 13:28:50,656 - victim 1,survivor,[0. 0. 0.],[-1.52685797  3.32931638  2.17268896],0.037208352113844434
2024-08-26 13:28:50,856 - victim 1,survivor,[0. 0. 0.],[-1.52816939  3.33059263  2.17175436],0.03446771096967183
2024-08-26 13:28:51,078 - victim 1,survivor,[0. 0. 0.],[-1.53092062  3.33487105  2.16842937],0.03134848281012981
2024-08-26 13:28:51,279 - victim 1,survivor,[0. 0. 0.],[-1.53098965  3.33670878  2.16660333],0.028910908622981957
2024-08-26 13:28:51,491 - victim 1,survivor,[0. 0. 0.],[-1.53177857  3.33922553  2.16388893],0.02917353053659766
2024-08-26 13:28:51,693 - victim 1,survivor,[0. 0. 0.],[-1.5330416   3.3407352   2.16259027],0.03316384646839565
2024-08-26 13:28:51,934 - victim 1,survivor,[0. 0. 0.],[-1.53554642  3.34407806  2.16282296],0.028470929394280864
2024-08-26 13:28:52,157 - victim 1,survivor,[0. 0. 0.],[-1.53714907  3.34641862  2.16692996],0.03282227586306363
2024-08-26 13:28:52,358 - victim 1,survivor,[0. 0. 0.],[-1.53990173  3.34846163  2.17020345],0.03229186966335007
2024-08-26 13:28:52,558 - victim 1,survivor,[0. 0. 0.],[-1.5433135   3.35107613  2.17350936],0.040647668085658006
2024-08-26 13:28:52,765 - victim 1,survivor,[0. 0. 0.],[-1.54578626  3.35268545  2.17951679],0.03892954863852571
2024-08-26 13:28:52,972 - victim 1,survivor,[0. 0. 0.],[-1.54620492  3.35465002  2.18475008],0.03470236684675321
2024-08-26 13:28:53,182 - victim 1,survivor,[0. 0. 0.],[-1.54575408  3.3556571   2.18799186],0.037079641689677256
2024-08-26 13:28:53,382 - victim 1,survivor,[0. 0. 0.],[-1.54674351  3.35831881  2.18835473],0.02977451709957446
2024-08-26 13:28:53,589 - victim 1,survivor,[0. 0. 0.],[-1.548437    3.36022472  2.18767715],0.030523632406087353
2024-08-26 13:28:53,797 - victim 1,survivor,[0. 0. 0.],[-1.55034256  3.36034155  2.18555021],0.03652792716355524
2024-08-26 13:28:54,010 - victim 1,survivor,[0. 0. 0.],[-1.55272686  3.3595016   2.18265295],0.03148313779115708
2024-08-26 13:28:54,211 - victim 1,survivor,[0. 0. 0.],[-1.5538274   3.35881591  2.17979574],0.029349727878723808
2024-08-26 13:28:54,416 - victim 1,survivor,[0. 0. 0.],[-1.55493045  3.35828781  2.17757154],0.03013517181966119
2024-08-26 13:28:54,622 - victim 1,survivor,[0. 0. 0.],[-1.55552316  3.35741305  2.17449117],0.037245634082002876
2024-08-26 13:28:54,823 - victim 1,survivor,[0. 0. 0.],[-1.55524552  3.3567729   2.1726706 ],0.03747349386953536
2024-08-26 13:28:55,028 - victim 1,survivor,[0. 0. 0.],[-1.55538642  3.35644531  2.17244554],0.03862314767257535
2024-08-26 13:28:55,235 - victim 1,survivor,[0. 0. 0.],[-1.55715656  3.35738921  2.17521095],0.032834720925238425
2024-08-26 13:28:55,470 - victim 1,survivor,[0. 0. 0.],[-1.56041336  3.35902095  2.1770215 ],0.029274177917690825
2024-08-26 13:28:55,717 - victim 1,survivor,[0. 0. 0.],[-1.56230354  3.36198616  2.18013835],0.027376536836666077
2024-08-26 13:28:55,971 - victim 1,survivor,[0. 0. 0.],[-1.56120777  3.36284733  2.18366551],0.02898355527319163
2024-08-26 13:28:56,178 - victim 1,survivor,[0. 0. 0.],[-1.5594492   3.36460543  2.18568563],0.026776126592384486
2024-08-26 13:28:56,386 - victim 1,survivor,[0. 0. 0.],[-1.55693698  3.36486626  2.18778896],0.03318775516079908
2024-08-26 13:28:56,598 - victim 1,survivor,[0. 0. 0.],[-1.55605161  3.36509323  2.18586373],0.030572016637855137
2024-08-26 13:28:56,798 - victim 1,survivor,[0. 0. 0.],[-1.5562855   3.36529493  2.18403292],0.030093761644897965
2024-08-26 13:28:57,021 - victim 1,survivor,[0. 0. 0.],[-1.55796194  3.36581135  2.18164086],0.03751103112143728
2024-08-26 13:28:57,232 - victim 1,survivor,[0. 0. 0.],[-1.56046367  3.36591172  2.17868948],0.03160126436409616
2024-08-26 13:28:57,466 - victim 1,survivor,[0. 0. 0.],[-1.56315649  3.36768866  2.17524242],0.03580055359400891
2024-08-26 13:28:57,677 - victim 1,survivor,[0. 0. 0.],[-1.56297278  3.36888051  2.17393708],0.0313353594425263
2024-08-26 13:28:57,889 - victim 1,survivor,[0. 0. 0.],[-1.56248248  3.36990714  2.17367005],0.028891292282631875
2024-08-26 13:28:58,090 - victim 1,survivor,[0. 0. 0.],[-1.56260204  3.3706882   2.17430854],0.029163157454258792
2024-08-26 13:28:58,335 - victim 1,survivor,[0. 0. 0.],[-1.56408918  3.37171721  2.17430305],0.034420240250783385
2024-08-26 13:28:58,558 - victim 1,survivor,[0. 0. 0.],[-1.56692791  3.37195468  2.17305493],0.034715396509297225
2024-08-26 13:28:58,758 - victim 1,survivor,[0. 0. 0.],[-1.56708384  3.37100625  2.17126942],0.03294132340472733
2024-08-26 13:28:58,985 - victim 1,survivor,[0. 0. 0.],[-1.56611073  3.37023139  2.16928458],0.0330496437241008
2024-08-26 13:28:59,191 - victim 1,survivor,[0. 0. 0.],[-1.56299865  3.36970448  2.169348  ],0.02941858517815832
2024-08-26 13:28:59,391 - victim 1,survivor,[0. 0. 0.],[-1.56030905  3.37160182  2.17103148],0.033325351710760565
2024-08-26 13:28:59,622 - victim 1,survivor,[0. 0. 0.],[-1.55989194  3.37355423  2.17482424],0.03413271309163868
2024-08-26 13:28:59,823 - victim 1,survivor,[0. 0. 0.],[-1.55953455  3.37264609  2.17364049],0.036397150349642304
2024-08-26 13:29:00,042 - victim 1,survivor,[0. 0. 0.],[-1.56157207  3.37015963  2.16492462],0.03722447178048194
2024-08-26 13:29:00,242 - victim 1,survivor,[0. 0. 0.],[-1.56406438  3.36830091  2.15466261],0.034335084887049616
2024-08-26 13:29:00,443 - victim 1,survivor,[0. 0. 0.],[-1.56680262  3.36490417  2.14178562],0.03185091006329133
2024-08-26 13:29:00,685 - victim 1,survivor,[0. 0. 0.],[-1.5700649   3.36268187  2.12914133],0.02580122277609176
2024-08-26 13:29:00,911 - victim 1,survivor,[0. 0. 0.],[-1.57093632  3.36144876  2.12493205],0.02726630962139076
2024-08-26 13:29:01,128 - victim 1,survivor,[0. 0. 0.],[-1.57082784  3.36038733  2.12538075],0.025383936387644468
2024-08-26 13:29:01,346 - victim 1,survivor,[0. 0. 0.],[-1.56944132  3.3578999   2.12979245],0.03288247506852793
2024-08-26 13:29:01,560 - victim 1,survivor,[0. 0. 0.],[-1.56951571  3.35569358  2.13479853],0.033228271346093186
2024-08-26 13:29:01,783 - victim 1,survivor,[0. 0. 0.],[-1.57081461  3.35499573  2.14242411],0.035105163710289045
2024-08-26 13:29:01,985 - victim 1,survivor,[0. 0. 0.],[-1.57247937  3.35474777  2.15018296],0.03297563815935001
2024-08-26 13:29:02,192 - victim 1,survivor,[0. 0. 0.],[-1.57341099  3.35658526  2.15641165],0.03592987763451383
2024-08-26 13:29:02,393 - victim 1,survivor,[0. 0. 0.],[-1.57358587  3.3590734   2.16164279],0.035841140706674546
2024-08-26 13:29:02,593 - victim 1,survivor,[0. 0. 0.],[-1.57188082  3.36095166  2.16428614],0.03363790849031201
2024-08-26 13:29:02,801 - victim 1,survivor,[0. 0. 0.],[-1.57021391  3.36291146  2.16422606],0.03375296991565646
2024-08-26 13:29:03,027 - victim 1,survivor,[0. 0. 0.],[-1.56807542  3.36624241  2.16267824],0.0351996576165432
2024-08-26 13:29:03,229 - victim 1,survivor,[0. 0. 0.],[-1.56664753  3.36713719  2.16111016],0.03254985102770913
2024-08-26 13:29:03,442 - victim 1,survivor,[0. 0. 0.],[-1.56673872  3.36836267  2.15640044],0.03505504733367859
2024-08-26 13:29:03,648 - victim 1,survivor,[0. 0. 0.],[-1.5689429   3.37017679  2.1538744 ],0.04273174822396553
2024-08-26 13:29:03,854 - victim 1,survivor,[0. 0. 0.],[-1.5708015   3.37114239  2.1549716 ],0.04834007638848736
2024-08-26 13:29:04,055 - victim 1,survivor,[0. 0. 0.],[-1.57197106  3.37239528  2.15660691],0.06022648100773442
2024-08-26 13:29:04,277 - victim 1,survivor,[0. 0. 0.],[-1.57058537  3.37263489  2.15901089],0.06912553377075925
2024-08-26 13:29:04,477 - victim 1,survivor,[0. 0. 0.],[-1.56908119  3.37248755  2.16013718],0.07893616044908436
2024-08-26 13:29:04,679 - victim 1,survivor,[0. 0. 0.],[-1.56837118  3.37138891  2.16030288],0.08428168938354452
2024-08-26 13:29:04,884 - victim 1,survivor,[0. 0. 0.],[-1.56761682  3.36898136  2.15993547],0.07970622728378407
2024-08-26 13:29:05,088 - victim 1,survivor,[0. 0. 0.],[-1.56706071  3.36644745  2.15820479],0.0658490085540182
2024-08-26 13:29:05,315 - victim 1,survivor,[0. 0. 0.],[-1.56666768  3.36515641  2.15588474],0.06274240326837588
2024-08-26 13:29:05,515 - victim 1,survivor,[0. 0. 0.],[-1.56668127  3.36483192  2.15262127],0.06992726499958835
2024-08-26 13:29:05,716 - victim 1,survivor,[0. 0. 0.],[-1.56633449  3.3646841   2.15112853],0.06393666487329552
2024-08-26 13:29:05,926 - victim 1,survivor,[0. 0. 0.],[-1.56391048  3.36542845  2.15029669],0.06198008872462535
2024-08-26 13:29:06,132 - victim 1,survivor,[0. 0. 0.],[-1.56298518  3.36643457  2.14940882],0.05841072923147195
2024-08-26 13:29:06,351 - victim 1,survivor,[0. 0. 0.],[-1.56255329  3.36728191  2.1482687 ],0.05327265673574133
2024-08-26 13:29:06,558 - victim 1,survivor,[0. 0. 0.],[-1.56284618  3.36859846  2.14766288],0.04880834795220412
2024-08-26 13:29:06,759 - victim 1,survivor,[0. 0. 0.],[-1.56403327  3.37059331  2.14661384],0.04462323794094969
2024-08-26 13:29:06,962 - victim 1,survivor,[0. 0. 0.],[-1.56407952  3.37268138  2.1461978 ],0.044781802058563525
2024-08-26 13:29:07,173 - victim 1,survivor,[0. 0. 0.],[-1.56122041  3.37424755  2.14691639],0.04885306069080331
2024-08-26 13:29:07,376 - victim 1,survivor,[0. 0. 0.],[-1.55800176  3.37444687  2.14873862],0.055228557516469046
2024-08-26 13:29:07,587 - victim 1,survivor,[0. 0. 0.],[-1.55605507  3.37433743  2.15095758],0.06164652378272795
2024-08-26 13:29:07,792 - victim 1,survivor,[0. 0. 0.],[-1.55417728  3.37380862  2.15484715],0.0535442613554058
2024-08-26 13:29:07,997 - victim 1,survivor,[0. 0. 0.],[-1.55466366  3.37497163  2.15864396],0.061291761045052295
2024-08-26 13:29:08,198 - victim 1,survivor,[0. 0. 0.],[-1.55593014  3.37448335  2.16193318],0.05813835837450343
2024-08-26 13:29:08,401 - victim 1,survivor,[0. 0. 0.],[-1.55652535  3.37433481  2.16323686],0.06830308094975512
2024-08-26 13:29:08,613 - victim 1,survivor,[0. 0. 0.],[-1.55678821  3.37378097  2.16352963],0.07262136769133831
2024-08-26 13:29:08,818 - victim 1,survivor,[0. 0. 0.],[-1.55559218  3.37208843  2.16263533],0.06829980095625632
2024-08-26 13:29:09,021 - victim 1,survivor,[0. 0. 0.],[-1.55471778  3.37166595  2.16088533],0.07325325064390742
2024-08-26 13:29:09,249 - victim 1,survivor,[0. 0. 0.],[-1.55492139  3.37106967  2.158813  ],0.066502752446294
2024-08-26 13:29:09,465 - victim 1,survivor,[0. 0. 0.],[-1.55533087  3.37068057  2.15731359],0.0663603345138033
2024-08-26 13:29:09,669 - victim 1,survivor,[0. 0. 0.],[-1.55564487  3.36985397  2.15502501],0.06481161542229352
2024-08-26 13:29:09,886 - victim 1,survivor,[0. 0. 0.],[-1.55603111  3.37017107  2.15449381],0.06645060594908747
2024-08-26 13:29:10,093 - victim 1,survivor,[0. 0. 0.],[-1.55571496  3.37205887  2.15618944],0.06337695166060886
2024-08-26 13:29:10,294 - victim 1,survivor,[0. 0. 0.],[-1.55563283  3.37642193  2.15744209],0.06634977669248032
2024-08-26 13:29:10,494 - victim 1,survivor,[0. 0. 0.],[-1.55444992  3.37769771  2.16054964],0.06516346186506561
2024-08-26 13:29:10,716 - victim 1,survivor,[0. 0. 0.],[-1.55227673  3.37727094  2.16311002],0.06454677504049045
2024-08-26 13:29:10,943 - victim 1,survivor,[0. 0. 0.],[-1.55204976  3.37462497  2.16140199],0.06363337785478906
2024-08-26 13:29:11,143 - victim 1,survivor,[0. 0. 0.],[-1.55093658  3.37024498  2.15944362],0.0608912496988272
2024-08-26 13:29:11,351 - victim 1,survivor,[0. 0. 0.],[-1.55219936  3.36745477  2.15478992],0.06291905272929266
2024-08-26 13:29:11,567 - victim 1,survivor,[0. 0. 0.],[-1.55403996  3.36524749  2.15009022],0.059336329236018726
2024-08-26 13:29:11,769 - victim 1,survivor,[0. 0. 0.],[-1.55454218  3.36443019  2.1467526 ],0.05156672601574175
2024-08-26 13:29:11,985 - victim 1,survivor,[0. 0. 0.],[-1.55375624  3.3634932   2.14509463],0.04686629214656146
2024-08-26 13:29:12,189 - victim 1,survivor,[0. 0. 0.],[-1.55285728  3.36271453  2.1455524 ],0.0449743019276041
2024-08-26 13:29:12,392 - victim 1,survivor,[0. 0. 0.],[-1.55207622  3.36202908  2.14696383],0.04733061929899107
2024-08-26 13:29:12,609 - victim 1,survivor,[0. 0. 0.],[-1.55183649  3.36107159  2.14797831],0.047036734644848144
2024-08-26 13:29:12,820 - victim 1,survivor,[0. 0. 0.],[-1.55253434  3.35993576  2.14963794],0.04446868586119801
2024-08-26 13:29:13,022 - victim 1,survivor,[0. 0. 0.],[-1.55259526  3.35860825  2.15248299],0.041665105259810487
2024-08-26 13:29:13,234 - victim 1,survivor,[0. 0. 0.],[-1.55204308  3.3583467   2.15495324],0.044140300550070455
2024-08-26 13:29:13,434 - victim 1,survivor,[0. 0. 0.],[-1.55180681  3.35821104  2.1567955 ],0.03803649753461169
2024-08-26 13:29:13,640 - victim 1,survivor,[0. 0. 0.],[-1.55214846  3.35784817  2.15698051],0.03845411490821227
2024-08-26 13:29:13,844 - victim 1,survivor,[0. 0. 0.],[-1.55339873  3.3559773   2.15569854],0.034775311048092616
2024-08-26 13:29:14,052 - victim 1,survivor,[0. 0. 0.],[-1.55467057  3.35507083  2.15203047],0.03980123035000904
2024-08-26 13:29:14,273 - victim 1,survivor,[0. 0. 0.],[-1.55446315  3.35381985  2.14977813],0.03611512622673252
2024-08-26 13:29:14,525 - victim 1,survivor,[0. 0. 0.],[-1.55488503  3.35269761  2.14523983],0.03947618219064064
2024-08-26 13:29:14,752 - victim 1,survivor,[0. 0. 0.],[-1.55538666  3.35174131  2.14232564],0.03331305915227012
2024-08-26 13:29:14,959 - victim 1,survivor,[0. 0. 0.],[-1.55527377  3.35098481  2.13974762],0.034795799557364226
2024-08-26 13:29:15,168 - victim 1,survivor,[0. 0. 0.],[-1.5540632   3.34977531  2.13661909],0.037784158987657745
2024-08-26 13:29:15,400 - victim 1,survivor,[0. 0. 0.],[-1.55287886  3.34889221  2.13417315],0.036860641950970274
2024-08-26 13:29:15,607 - victim 1,survivor,[0. 0. 0.],[-1.55097497  3.34800053  2.13304925],0.03481170623679497
2024-08-26 13:29:15,809 - victim 1,survivor,[0. 0. 0.],[-1.54908931  3.3482213   2.1318028 ],0.03982034297104731
2024-08-26 13:29:16,015 - victim 1,survivor,[0. 0. 0.],[-1.54736841  3.349406    2.13108683],0.038495427354361844
2024-08-26 13:29:16,215 - victim 1,survivor,[0. 0. 0.],[-1.5458256   3.35010147  2.13010383],0.035723833399103455
2024-08-26 13:29:16,415 - victim 1,survivor,[0. 0. 0.],[-1.5430522   3.35266304  2.13093162],0.032204997733347396
2024-08-26 13:29:16,626 - victim 1,survivor,[0. 0. 0.],[-1.54239023  3.35438132  2.13226271],0.02861671669760346
2024-08-26 13:29:16,834 - victim 1,survivor,[0. 0. 0.],[-1.54172134  3.35416245  2.13619757],0.026780847202709124
2024-08-26 13:29:17,040 - victim 1,survivor,[0. 0. 0.],[-1.5412519   3.35378957  2.13934445],0.02631863370916321
2024-08-26 13:29:17,257 - victim 1,survivor,[0. 0. 0.],[-1.54025292  3.35435438  2.14232993],0.02965424108599768
2024-08-26 13:29:17,460 - victim 1,survivor,[0. 0. 0.],[-1.53952169  3.35719204  2.14384913],0.02701965949863605
2024-08-26 13:29:17,660 - victim 1,survivor,[0. 0. 0.],[-1.53790593  3.35963178  2.14228892],0.035432363262583255
2024-08-26 13:29:17,864 - victim 1,survivor,[0. 0. 0.],[-1.53722131  3.36179566  2.13883972],0.028601739211892907
2024-08-26 13:29:18,084 - victim 1,survivor,[0. 0. 0.],[-1.53521228  3.36246085  2.13314748],0.03307915812367268
2024-08-26 13:29:18,293 - victim 1,survivor,[0. 0. 0.],[-1.53490555  3.36277437  2.12833643],0.035317550320730584
2024-08-26 13:29:18,541 - victim 1,survivor,[0. 0. 0.],[-1.53406441  3.36203504  2.12834024],0.031111292366795773
2024-08-26 13:29:18,747 - victim 1,survivor,[0. 0. 0.],[-1.53402889  3.36112475  2.12815118],0.03217157055900244
2024-08-26 13:29:18,947 - victim 1,survivor,[0. 0. 0.],[-1.53421521  3.36116958  2.12783408],0.031127358853347165
2024-08-26 13:29:19,150 - victim 1,survivor,[0. 0. 0.],[-1.5332787   3.36159229  2.12730145],0.029294563158305476
2024-08-26 13:29:19,368 - victim 1,survivor,[0. 0. 0.],[-1.53074217  3.36094141  2.12691021],0.0338590709888571
2024-08-26 13:29:19,598 - victim 1,survivor,[0. 0. 0.],[-1.52859175  3.3614378   2.12629366],0.03562806549647313
2024-08-26 13:29:19,803 - victim 1,survivor,[0. 0. 0.],[-1.52619994  3.36197519  2.12810445],0.0344062624032353
2024-08-26 13:29:20,012 - victim 1,survivor,[0. 0. 0.],[-1.52552795  3.36294985  2.12967706],0.03657250575787785
2024-08-26 13:29:20,218 - victim 1,survivor,[0. 0. 0.],[-1.52653933  3.36371469  2.13137078],0.032062074795965234
2024-08-26 13:29:20,454 - victim 1,survivor,[0. 0. 0.],[-1.52720296  3.36339498  2.13650036],0.03231917555185859
2024-08-26 13:29:20,718 - victim 1,survivor,[0. 0. 0.],[-1.52751851  3.36200762  2.14195681],0.04988757882421457
2024-08-26 13:29:20,919 - victim 1,survivor,[0. 0. 0.],[-1.52737653  3.36032414  2.14417052],0.048398336398332686
2024-08-26 13:29:21,143 - victim 1,survivor,[0. 0. 0.],[-1.52726197  3.3606081   2.14686561],0.05693926417808348
2024-08-26 13:29:21,343 - victim 1,survivor,[0. 0. 0.],[-1.5286653   3.36242795  2.14784813],0.05975602535579805
2024-08-26 13:29:21,562 - victim 1,survivor,[0. 0. 0.],[-1.52989578  3.36094522  2.14882565],0.04993506906254819
2024-08-26 13:29:21,765 - victim 1,survivor,[0. 0. 0.],[-1.53125894  3.35843539  2.14848948],0.04553060690838873
2024-08-26 13:29:21,970 - victim 1,survivor,[0. 0. 0.],[-1.53173935  3.35640025  2.14782548],0.03905609977314217
2024-08-26 13:29:22,175 - victim 1,survivor,[0. 0. 0.],[-1.53325903  3.35348177  2.14713597],0.03129915904253866
2024-08-26 13:29:22,384 - victim 1,survivor,[0. 0. 0.],[-1.53342915  3.35117888  2.14698529],0.03025979507759069
2024-08-26 13:29:22,584 - victim 1,survivor,[0. 0. 0.],[-1.53378677  3.34912395  2.1455586 ],0.029359737427710364
2024-08-26 13:29:22,814 - victim 1,survivor,[0. 0. 0.],[-1.53494096  3.34725237  2.14387703],0.030909864263332754
2024-08-26 13:29:23,020 - victim 1,survivor,[0. 0. 0.],[-1.53638077  3.34468627  2.14273524],0.03542338538213863
2024-08-26 13:29:23,225 - victim 1,survivor,[0. 0. 0.],[-1.53739345  3.34209609  2.14148259],0.03950086788398055
2024-08-26 13:29:23,426 - victim 1,survivor,[0. 0. 0.],[-1.53981841  3.33968282  2.14213109],0.030640837907862872
2024-08-26 13:29:23,629 - victim 1,survivor,[0. 0. 0.],[-1.54143918  3.337183    2.14343619],0.033829784391777196
2024-08-26 13:29:23,864 - victim 1,survivor,[0. 0. 0.],[-1.54108679  3.33421373  2.14539719],0.03398452562534082
2024-08-26 13:29:24,076 - victim 1,survivor,[0. 0. 0.],[-1.54149818  3.33304381  2.14468765],0.03496646845488849
2024-08-26 13:29:24,286 - victim 1,survivor,[0. 0. 0.],[-1.54371154  3.33261204  2.14064336],0.030197465628890585
2024-08-26 13:29:24,487 - victim 1,survivor,[0. 0. 0.],[-1.54444849  3.33202887  2.13790536],0.02828499305371568
2024-08-26 13:29:24,687 - victim 1,survivor,[0. 0. 0.],[-1.54365659  3.33020496  2.13512397],0.04061810065695104
2024-08-26 13:29:24,918 - victim 1,survivor,[0. 0. 0.],[-1.54206276  3.33025813  2.13186646],0.036725165474150945
2024-08-26 13:29:25,160 - victim 1,survivor,[0. 0. 0.],[-1.54031706  3.33026862  2.13039517],0.038700513562768046
2024-08-26 13:29:25,368 - victim 1,survivor,[0. 0. 0.],[-1.5394156   3.33130503  2.12925482],0.032873309005188034
2024-08-26 13:29:25,575 - victim 1,survivor,[0. 0. 0.],[-1.54003847  3.33159328  2.12973189],0.03307103499090802
2024-08-26 13:29:25,775 - victim 1,survivor,[0. 0. 0.],[-1.54175341  3.33167839  2.13230824],0.03314406217884036
2024-08-26 13:29:25,977 - victim 1,survivor,[0. 0. 0.],[-1.5450387   3.32983565  2.14006448],0.03498511496814327
2024-08-26 13:29:26,186 - victim 1,survivor,[0. 0. 0.],[-1.54639983  3.3282342   2.15017724],0.03582083358068067
2024-08-26 13:29:26,393 - victim 1,survivor,[0. 0. 0.],[-1.54610765  3.32813859  2.16056085],0.040041251776036235
2024-08-26 13:29:26,599 - victim 1,survivor,[0. 0. 0.],[-1.54460573  3.32992864  2.16839767],0.04167407426369785
2024-08-26 13:29:26,809 - victim 1,survivor,[0. 0. 0.],[-1.5431627   3.33184719  2.17111802],0.04111502755840779
2024-08-26 13:29:27,010 - victim 1,survivor,[0. 0. 0.],[-1.54188657  3.33376241  2.17098379],0.03950899318402423
2024-08-26 13:29:27,212 - victim 1,survivor,[0. 0. 0.],[-1.54016554  3.33912706  2.16828918],0.046660087175832476
2024-08-26 13:29:27,417 - victim 1,survivor,[0. 0. 0.],[-1.53754866  3.34290338  2.16746211],0.042196713270731045
2024-08-26 13:29:27,625 - victim 1,survivor,[0. 0. 0.],[-1.53603673  3.34458208  2.16418839],0.03377108439523124
2024-08-26 13:29:27,834 - victim 1,survivor,[0. 0. 0.],[-1.53448653  3.3446219   2.16214824],0.03620942633471147
2024-08-26 13:29:28,048 - victim 1,survivor,[0. 0. 0.],[-1.53435314  3.34437895  2.162076  ],0.04129200194374838
2024-08-26 13:29:28,251 - victim 1,survivor,[0. 0. 0.],[-1.53484583  3.34583592  2.16483784],0.044474591027021226
2024-08-26 13:29:28,452 - victim 1,survivor,[0. 0. 0.],[-1.53547215  3.3476572   2.16698647],0.052316622662495815
2024-08-26 13:29:28,665 - victim 1,survivor,[0. 0. 0.],[-1.53701866  3.34742594  2.17075443],0.050270809472358735
2024-08-26 13:29:28,867 - victim 1,survivor,[0. 0. 0.],[-1.53768182  3.34625983  2.1730237 ],0.05249050122441856
2024-08-26 13:29:29,067 - victim 1,survivor,[0. 0. 0.],[-1.53759396  3.34546518  2.17519951],0.04609290593560478
2024-08-26 13:29:29,268 - victim 1,survivor,[0. 0. 0.],[-1.53679514  3.34562421  2.17594099],0.04630830855302781
2024-08-26 13:29:29,472 - victim 1,survivor,[0. 0. 0.],[-1.53453708  3.34584069  2.17460799],0.046767837506035415
2024-08-26 13:29:29,673 - victim 1,survivor,[0. 0. 0.],[-1.53145075  3.34735107  2.17269802],0.05408954290880574
2024-08-26 13:29:29,873 - victim 1,survivor,[0. 0. 0.],[-1.53016007  3.34917688  2.16766286],0.05753406470685052
2024-08-26 13:29:30,094 - victim 1,survivor,[0. 0. 0.],[-1.52832222  3.35050416  2.16441345],0.05827160820648314
2024-08-26 13:29:30,295 - victim 1,survivor,[0. 0. 0.],[-1.5273416   3.35148978  2.16418433],0.055838548861138815
2024-08-26 13:29:30,498 - victim 1,survivor,[0. 0. 0.],[-1.52680683  3.35594201  2.16263247],0.04639398150409746
2024-08-26 13:29:30,710 - victim 1,survivor,[0. 0. 0.],[-1.52470195  3.35920405  2.16326642],0.0505979899655542
2024-08-26 13:29:30,918 - victim 1,survivor,[0. 0. 0.],[-1.5231427   3.35897994  2.16452026],0.04749897385336199
2024-08-26 13:29:31,126 - victim 1,survivor,[0. 0. 0.],[-1.52092505  3.35775304  2.16710329],0.04508618947538867
2024-08-26 13:29:31,330 - victim 1,survivor,[0. 0. 0.],[-1.52002931  3.3560822   2.16894865],0.05211611951624229
2024-08-26 13:29:31,535 - victim 1,survivor,[0. 0. 0.],[-1.51882315  3.35532832  2.17267728],0.04822770675605703
2024-08-26 13:29:31,743 - victim 1,survivor,[0. 0. 0.],[-1.51841664  3.35379982  2.1758182 ],0.05014823289528425
2024-08-26 13:29:31,944 - victim 1,survivor,[0. 0. 0.],[-1.51813638  3.3518033   2.17666888],0.05554782825160132
2024-08-26 13:29:32,159 - victim 1,survivor,[0. 0. 0.],[-1.5182904   3.35094213  2.17770743],0.05419642363596466
2024-08-26 13:29:32,359 - victim 1,survivor,[0. 0. 0.],[-1.52005732  3.35113573  2.17625999],0.05922046779516643
2024-08-26 13:29:32,559 - victim 1,survivor,[0. 0. 0.],[-1.52196932  3.35052133  2.17353797],0.06125190498012856
2024-08-26 13:29:32,767 - victim 1,survivor,[0. 0. 0.],[-1.52469611  3.34847736  2.16938782],0.05713676375311039
2024-08-26 13:29:32,968 - victim 1,survivor,[0. 0. 0.],[-1.52582645  3.3471179   2.16793895],0.06251856178410331
2024-08-26 13:29:33,168 - victim 1,survivor,[0. 0. 0.],[-1.52655721  3.34640026  2.1642344 ],0.06195725243358852
2024-08-26 13:29:33,372 - victim 1,survivor,[0. 0. 0.],[-1.52572417  3.34625411  2.16402054],0.059735974110115775
2024-08-26 13:29:33,572 - victim 1,survivor,[0. 0. 0.],[-1.52448404  3.34613276  2.16480017],0.05957283442133576
2024-08-26 13:29:33,792 - victim 3,survivor1,[0. 0. 0.],[-1.52490461  3.34632826  2.16701126],0.05666441712759451
2024-08-26 13:29:34,010 - victim 3,survivor1,[0. 0. 0.],[-1.53095961  3.3474462   2.16902208],0.05756309891855427
2024-08-26 13:29:34,214 - victim 3,survivor1,[0. 0. 0.],[-1.56643355  3.34982204  2.16774845],0.06393527206253147
2024-08-26 13:29:34,424 - victim 3,survivor1,[0. 0. 0.],[-1.65370166  3.35264373  2.16722059],0.06689333836505162
2024-08-26 13:29:34,624 - victim 3,survivor1,[0. 0. 0.],[-1.72147954  3.35537744  2.16632009],0.07854183336274834
2024-08-26 13:29:34,844 - victim 3,survivor1,[0. 0. 0.],[-1.89249408  3.37060189  2.16146922],0.08279508935362934
2024-08-26 13:29:35,044 - victim 3,survivor1,[0. 0. 0.],[-1.96961093  3.38152885  2.15746307],0.08330838815182351
2024-08-26 13:29:35,250 - victim 3,survivor1,[0. 0. 0.],[-2.02264667  3.39442968  2.15324736],0.08967837838667836
2024-08-26 13:29:35,463 - victim 3,survivor1,[0. 0. 0.],[-2.04106379  3.40467978  2.15527773],0.08900503649692659
2024-08-26 13:29:35,664 - victim 3,survivor1,[0. 0. 0.],[-2.06020856  3.40755582  2.15709758],0.08637213159311075
2024-08-26 13:29:35,874 - victim 3,survivor1,[0. 0. 0.],[-2.12572622  3.41183066  2.16454482],0.09729435407919418
2024-08-26 13:29:36,085 - victim 3,survivor1,[0. 0. 0.],[-2.18524647  3.41126037  2.17005849],0.09908746592011886
2024-08-26 13:29:36,296 - victim 3,survivor1,[0. 0. 0.],[-2.25133967  3.41030908  2.17470145],0.0909809288067931
2024-08-26 13:29:36,518 - victim 3,survivor1,[0. 0. 0.],[-2.3002708   3.41738391  2.17943358],0.08846975852461547
2024-08-26 13:29:36,720 - victim 3,survivor1,[0. 0. 0.],[-2.3275404   3.42482042  2.18257737],0.08227648409438659
2024-08-26 13:29:36,921 - victim 3,survivor1,[0. 0. 0.],[-2.34666491  3.43342757  2.18292618],0.078850115215237
2024-08-26 13:29:37,128 - victim 3,survivor1,[0. 0. 0.],[-2.3728776   3.44133592  2.18064809],0.06814270518028298
2024-08-26 13:29:37,332 - victim 3,survivor1,[0. 0. 0.],[-2.40206957  3.44646597  2.17914128],0.060013371331963716
2024-08-26 13:29:37,546 - victim 3,survivor1,[0. 0. 0.],[-2.43027639  3.44916129  2.17729974],0.05820789209690913
2024-08-26 13:29:37,750 - victim 3,survivor1,[0. 0. 0.],[-2.4568913   3.44893885  2.17418456],0.049620962541277125
2024-08-26 13:29:37,954 - victim 3,survivor1,[0. 0. 0.],[-2.4783113   3.4483583   2.17376781],0.04554621924856206
2024-08-26 13:29:38,170 - victim 3,survivor1,[0. 0. 0.],[-2.50035834  3.452811    2.1735158 ],0.045608770201766013
2024-08-26 13:29:38,371 - victim 3,survivor1,[0. 0. 0.],[-2.51189446  3.45665526  2.17097497],0.040699135415749765
2024-08-26 13:29:38,575 - victim 3,survivor1,[0. 0. 0.],[-2.53278947  3.46373367  2.16858697],0.03861463864190062
2024-08-26 13:29:38,780 - victim 3,survivor1,[0. 0. 0.],[-2.54765415  3.4656992   2.16376567],0.038817827691183915
2024-08-26 13:29:38,996 - victim 3,survivor1,[0. 0. 0.],[-2.56395459  3.46526527  2.16394591],0.051303894320469334
2024-08-26 13:29:39,201 - victim 3,survivor1,[0. 0. 0.],[-2.5785737   3.4632628   2.16180396],0.026123695233120747
2024-08-26 13:29:39,410 - victim 3,survivor1,[0. 0. 0.],[-2.59432054  3.46792746  2.16533232],0.03761914862522686
2024-08-26 13:29:39,739 - victim 3,survivor1,[0. 0. 0.],[-2.62200999  3.48156881  2.17099285],0.03819760119161941
2024-08-26 13:29:39,964 - victim 3,survivor1,[0. 0. 0.],[-2.64167356  3.49156475  2.16984034],0.03489952786955208
2024-08-26 13:29:40,166 - victim 3,survivor1,[0. 0. 0.],[-2.65352368  3.49487853  2.17013812],0.036876485846231155
2024-08-26 13:29:40,368 - victim 3,survivor1,[0. 0. 0.],[-2.66476679  3.49836636  2.17189479],0.03069222190130838
2024-08-26 13:29:40,569 - victim 3,survivor1,[0. 0. 0.],[-2.67424798  3.49852204  2.16923308],0.030432353375758447
2024-08-26 13:29:40,777 - victim 3,survivor1,[0. 0. 0.],[-2.68456125  3.49975681  2.1724515 ],0.035781251845066864
2024-08-26 13:29:40,992 - victim 3,survivor1,[0. 0. 0.],[-2.69494939  3.49934125  2.1762526 ],0.04255415113988814
2024-08-26 13:29:41,199 - victim 3,survivor1,[0. 0. 0.],[-2.7036531   3.49858928  2.1785202 ],0.023448716135922476
2024-08-26 13:29:41,409 - victim 3,survivor1,[0. 0. 0.],[-2.71270919  3.49847054  2.18450713],0.03457071329503969
2024-08-26 13:29:41,616 - victim 3,survivor1,[0. 0. 0.],[-2.7189765   3.49865294  2.18853211],0.030599585620525005
2024-08-26 13:29:41,835 - victim 3,survivor1,[0. 0. 0.],[-2.72599745  3.50135422  2.19383359],0.024786185082217527
2024-08-26 13:29:42,051 - victim 3,survivor1,[0. 0. 0.],[-2.73254609  3.5033493   2.19065189],0.021858011110388986
2024-08-26 13:29:42,251 - victim 3,survivor1,[0. 0. 0.],[-2.73536634  3.50504255  2.19284773],0.028116355654856262
2024-08-26 13:29:42,472 - victim 3,survivor1,[0. 0. 0.],[-2.74255443  3.50836468  2.18838382],0.020366206911898832
2024-08-26 13:29:42,676 - victim 3,survivor1,[0. 0. 0.],[-2.74891734  3.50968051  2.1843605 ],0.024827480996439943
2024-08-26 13:29:42,876 - victim 3,survivor1,[0. 0. 0.],[-2.75544143  3.51116872  2.18563962],0.02131564733917024
2024-08-26 13:29:43,084 - victim 3,survivor1,[0. 0. 0.],[-2.76112628  3.51186514  2.18584466],0.019177427935062052
2024-08-26 13:29:43,284 - victim 3,survivor1,[0. 0. 0.],[-2.76524377  3.51256824  2.18683147],0.02208072297718111
2024-08-26 13:29:43,486 - victim 3,survivor1,[0. 0. 0.],[-2.7667973   3.51190829  2.18622279],0.021540934963780067
2024-08-26 13:29:43,726 - victim 3,survivor1,[0. 0. 0.],[-2.77021575  3.51381636  2.18596244],0.01903999723144989
2024-08-26 13:29:43,927 - victim 3,survivor1,[0. 0. 0.],[-2.7714746   3.5151608   2.18327475],0.021938869332837507
2024-08-26 13:29:44,130 - victim 3,survivor1,[0. 0. 0.],[-2.77292275  3.51555037  2.18190122],0.020060961212298833
2024-08-26 13:29:44,332 - victim 3,survivor1,[0. 0. 0.],[-2.77475476  3.51648426  2.1779058 ],0.024459327128346864
2024-08-26 13:29:44,550 - victim 3,survivor1,[0. 0. 0.],[-2.77731299  3.51791072  2.17976093],0.03865908519612882
2024-08-26 13:29:44,784 - victim 3,survivor1,[0. 0. 0.],[-2.78288913  3.51970243  2.17823744],0.02782245799293226
2024-08-26 13:29:44,992 - victim 3,survivor1,[0. 0. 0.],[-2.7858274   3.52258182  2.18003559],0.03433845932153967
2024-08-26 13:29:45,198 - victim 3,survivor1,[0. 0. 0.],[-2.78971767  3.52551842  2.18227553],0.026837884413854596
2024-08-26 13:29:45,408 - victim 3,survivor1,[0. 0. 0.],[-2.79010868  3.5262363   2.18611264],0.036430685901582605
2024-08-26 13:29:45,618 - victim 3,survivor1,[0. 0. 0.],[-2.79270744  3.52770829  2.18822098],0.02840936474966327
2024-08-26 13:29:45,825 - victim 3,survivor1,[0. 0. 0.],[-2.79599285  3.52951717  2.18959141],0.02215236856930969
2024-08-26 13:29:46,025 - victim 3,survivor1,[0. 0. 0.],[-2.7974422  3.5286622  2.1876483],0.03629217527472717
2024-08-26 13:29:46,257 - victim 3,survivor1,[0. 0. 0.],[-2.79748034  3.52761078  2.18598819],0.02782191537012313
2024-08-26 13:29:46,457 - victim 3,survivor1,[0. 0. 0.],[-2.80064607  3.53030562  2.18664336],0.03126822743809643
2024-08-26 13:29:46,667 - victim 3,survivor1,[0. 0. 0.],[-2.80208921  3.53004527  2.18589377],0.028141524787385297
2024-08-26 13:29:46,897 - victim 3,survivor1,[0. 0. 0.],[-2.80249953  3.52956724  2.18401122],0.03673734988299704
2024-08-26 13:29:47,102 - victim 3,survivor1,[0. 0. 0.],[-2.80401444  3.53034496  2.18486476],0.040365646076462314
2024-08-26 13:29:47,302 - victim 3,survivor1,[0. 0. 0.],[-2.80678725  3.53172803  2.18603373],0.035827378665231224
2024-08-26 13:29:47,503 - victim 3,survivor1,[0. 0. 0.],[-2.80845118  3.53175664  2.18456721],0.027402461139711454
2024-08-26 13:29:47,721 - victim 3,survivor1,[0. 0. 0.],[-2.81251287  3.53410864  2.18316197],0.03371400070041264
2024-08-26 13:29:47,929 - victim 3,survivor1,[0. 0. 0.],[-2.81369233  3.53340864  2.18603396],0.02426980531269507
2024-08-26 13:29:48,136 - victim 3,survivor1,[0. 0. 0.],[-2.81936646  3.53571987  2.18550134],0.023683067609662434
2024-08-26 13:29:48,343 - victim 3,survivor1,[0. 0. 0.],[-2.82404852  3.53896999  2.18898249],0.027388566423175664
2024-08-26 13:29:48,544 - victim 3,survivor1,[0. 0. 0.],[-2.82464695  3.53753662  2.18851614],0.03624591860752946
2024-08-26 13:29:48,749 - victim 3,survivor1,[0. 0. 0.],[-2.82809687  3.53906417  2.18657565],0.025202846621734665
2024-08-26 13:29:48,955 - victim 3,survivor1,[0. 0. 0.],[-2.83008647  3.54008222  2.18908095],0.03666107686880937
2024-08-26 13:29:49,159 - victim 3,survivor1,[0. 0. 0.],[-2.83330798  3.54356313  2.19307542],0.03540242582206776
2024-08-26 13:29:49,370 - victim 3,survivor1,[0. 0. 0.],[-2.83328843  3.54336262  2.18880558],0.03496785993803875
2024-08-26 13:29:49,570 - victim 3,survivor1,[0. 0. 0.],[-2.83366966  3.5457058   2.18584824],0.03950634135428177
2024-08-26 13:29:49,771 - victim 3,survivor1,[0. 0. 0.],[-2.83451843  3.54771662  2.18306518],0.042652043010775076
2024-08-26 13:29:49,973 - victim 3,survivor1,[0. 0. 0.],[-2.83532166  3.54926014  2.17927241],0.025870786768055654
2024-08-26 13:29:50,224 - victim 3,survivor1,[0. 0. 0.],[-2.83799982  3.55336714  2.17082691],0.030814522323845406
2024-08-26 13:29:50,426 - victim 3,survivor1,[0. 0. 0.],[-2.8411746   3.55488634  2.16871738],0.02531022145490458
2024-08-26 13:29:50,630 - victim 3,survivor1,[0. 0. 0.],[-2.84292459  3.55472255  2.16971946],0.022346954346103898
2024-08-26 13:29:50,830 - victim 3,survivor1,[0. 0. 0.],[-2.84611034  3.55641723  2.17061996],0.028886283009560865
2024-08-26 13:29:51,031 - victim 3,survivor1,[0. 0. 0.],[-2.84915137  3.5570457   2.17341232],0.023569046568005625
2024-08-26 13:29:51,274 - victim 3,survivor1,[0. 0. 0.],[-2.85430217  3.55768466  2.17128468],0.03218716900121321
2024-08-26 13:29:51,484 - victim 3,survivor1,[0. 0. 0.],[-2.85728478  3.55726385  2.17141962],0.029750700093215343
2024-08-26 13:29:51,693 - victim 3,survivor1,[0. 0. 0.],[-2.86055398  3.55678868  2.17499089],0.02889380780773121
2024-08-26 13:29:51,912 - victim 3,survivor1,[0. 0. 0.],[-2.86316466  3.55533075  2.17424631],0.034077632424861504
2024-08-26 13:29:52,118 - victim 3,survivor1,[0. 0. 0.],[-2.86691022  3.55484867  2.17403293],0.029990570962871166
2024-08-26 13:29:52,345 - victim 3,survivor1,[0. 0. 0.],[-2.8702426   3.55383563  2.17219043],0.02256306906857586
2024-08-26 13:29:52,546 - victim 3,survivor1,[0. 0. 0.],[-2.87496161  3.55446982  2.17224526],0.02227190031526649
2024-08-26 13:29:52,752 - victim 3,survivor1,[0. 0. 0.],[-2.87772155  3.55414724  2.17770338],0.027828011486550563
2024-08-26 13:29:52,960 - victim 3,survivor1,[0. 0. 0.],[-2.87687659  3.55221367  2.1796546 ],0.03926638404483329
2024-08-26 13:29:53,160 - victim 3,survivor1,[0. 0. 0.],[-2.87980533  3.55340171  2.18229246],0.029560252515843377
2024-08-26 13:29:53,368 - victim 3,survivor1,[0. 0. 0.],[-2.88160729  3.55464697  2.18702173],0.03184304073207178
2024-08-26 13:29:53,581 - victim 3,survivor1,[0. 0. 0.],[-2.88149858  3.55297661  2.19147134],0.030207321807862453
2024-08-26 13:29:53,791 - victim 3,survivor1,[0. 0. 0.],[-2.88227987  3.553478    2.19457698],0.027729616986087002
2024-08-26 13:29:54,008 - victim 3,survivor1,[0. 0. 0.],[-2.88338733  3.55321836  2.19562173],0.031176314850033915
2024-08-26 13:29:54,209 - victim 3,survivor1,[0. 0. 0.],[-2.88422513  3.55297828  2.19709969],0.03080030850008253
2024-08-26 13:29:54,410 - victim 3,survivor1,[0. 0. 0.],[-2.88738585  3.55434155  2.19504929],0.03301022374915319
2024-08-26 13:29:54,611 - victim 3,survivor1,[0. 0. 0.],[-2.88889956  3.55354118  2.19676161],0.03389147880904564
2024-08-26 13:29:54,811 - victim 3,survivor1,[0. 0. 0.],[-2.89336634  3.55394745  2.19585848],0.030402910125731708
2024-08-26 13:29:55,015 - victim 3,survivor1,[0. 0. 0.],[-2.89451122  3.55341077  2.19877887],0.036783126502130115
2024-08-26 13:29:55,225 - victim 3,survivor1,[0. 0. 0.],[-2.89682603  3.55399036  2.19739556],0.030388609775077846
2024-08-26 13:29:55,426 - victim 3,survivor1,[0. 0. 0.],[-2.89809728  3.5556705   2.19975185],0.03277605100464043
2024-08-26 13:29:55,629 - victim 3,survivor1,[0. 0. 0.],[-2.89916992  3.55717611  2.20097017],0.035824169012199425
2024-08-26 13:29:55,853 - victim 3,survivor1,[0. 0. 0.],[-2.90215468  3.56091905  2.20479298],0.026744167740292646
2024-08-26 13:29:56,060 - victim 3,survivor1,[0. 0. 0.],[-2.90201068  3.56224513  2.20719218],0.03965827005209044
2024-08-26 13:29:56,262 - victim 3,survivor1,[0. 0. 0.],[-2.9038744   3.56355119  2.20981574],0.031572369117396804
2024-08-26 13:29:56,463 - victim 3,survivor1,[0. 0. 0.],[-2.90496588  3.56359339  2.21285319],0.026607366705192037
2024-08-26 13:29:56,669 - victim 3,survivor1,[0. 0. 0.],[-2.90650177  3.56432438  2.21432805],0.03150227253131077
2024-08-26 13:29:56,879 - victim 3,survivor1,[0. 0. 0.],[-2.90713239  3.56547332  2.21433711],0.029875157525918627
2024-08-26 13:29:57,093 - victim 3,survivor1,[0. 0. 0.],[-2.90758991  3.5694623   2.21673536],0.031032149643063223
2024-08-26 13:29:57,310 - victim 3,survivor1,[0. 0. 0.],[-2.90576172  3.57141328  2.21610546],0.030534852090078557
2024-08-26 13:29:57,516 - victim 3,survivor1,[0. 0. 0.],[-2.90296865  3.57360601  2.21579576],0.029858216030971274
2024-08-26 13:29:57,723 - victim 3,survivor1,[0. 0. 0.],[-2.89947724  3.57577133  2.21081829],0.031310794649136
2024-08-26 13:29:57,931 - victim 3,survivor1,[0. 0. 0.],[-2.89894295  3.57831383  2.20905185],0.03934283391792848
2024-08-26 13:29:58,137 - victim 3,survivor1,[0. 0. 0.],[-2.89767122  3.5817523   2.20508623],0.036878202656158265
2024-08-26 13:29:58,372 - victim 3,survivor1,[0. 0. 0.],[-2.89621687  3.58119893  2.20236039],0.03849150950135938
2024-08-26 13:29:58,640 - victim 3,survivor1,[0. 0. 0.],[-2.8972683   3.58095527  2.20011473],0.03564174148834853
2024-08-26 13:29:58,840 - victim 3,survivor1,[0. 0. 0.],[-2.89943099  3.58247352  2.20079803],0.03300943428163783
2024-08-26 13:29:59,055 - victim 3,survivor1,[0. 0. 0.],[-2.90316272  3.58505583  2.20001006],0.035412442886664675
2024-08-26 13:29:59,262 - victim 3,survivor1,[0. 0. 0.],[-2.90408564  3.58733988  2.20601797],0.027352155381070276
2024-08-26 13:29:59,462 - victim 3,survivor1,[0. 0. 0.],[-2.90409875  3.58720541  2.20636177],0.029675331277908557
2024-08-26 13:29:59,663 - victim 3,survivor1,[0. 0. 0.],[-2.90542054  3.58736873  2.20454717],0.02802182219442728
2024-08-26 13:29:59,890 - victim 3,survivor1,[0. 0. 0.],[-2.90433621  3.58634114  2.20419836],0.027732582823571716
2024-08-26 13:30:00,108 - victim 3,survivor1,[0. 0. 0.],[-2.90444636  3.58709574  2.20404935],0.02718766982398413
2024-08-26 13:30:00,330 - victim 3,survivor1,[0. 0. 0.],[-2.90560198  3.58782554  2.19622421],0.023772715229316566
2024-08-26 13:30:00,535 - victim 3,survivor1,[0. 0. 0.],[-2.9051466   3.58809304  2.19392133],0.01606680806286409
2024-08-26 13:30:00,735 - victim 3,survivor1,[0. 0. 0.],[-2.90420341  3.58929682  2.19299674],0.03408648068152864
2024-08-26 13:30:00,958 - victim 3,survivor1,[0. 0. 0.],[-2.90413141  3.59025931  2.19095111],0.028659366468189784
2024-08-26 13:30:01,159 - victim 3,survivor1,[0. 0. 0.],[-2.90417957  3.59151769  2.19047642],0.028013848620556114
2024-08-26 13:30:01,363 - victim 3,survivor1,[0. 0. 0.],[-2.90684843  3.59449697  2.18944407],0.02836992092545354
2024-08-26 13:30:01,568 - victim 3,survivor1,[0. 0. 0.],[-2.90654683  3.59463501  2.19040036],0.02647016383027001
2024-08-26 13:30:01,773 - victim 3,survivor1,[0. 0. 0.],[-2.90763998  3.59637356  2.19072318],0.02910937742614128
2024-08-26 13:30:01,974 - victim 3,survivor1,[0. 0. 0.],[-2.90918779  3.5960412   2.18840694],0.017241714751800252
2024-08-26 13:30:02,174 - victim 3,survivor1,[0. 0. 0.],[-2.90970492  3.59510589  2.18666983],0.024065673085542638
2024-08-26 13:30:02,374 - victim 3,survivor1,[0. 0. 0.],[-2.91121531  3.59614372  2.18608689],0.02807869152888487
2024-08-26 13:30:02,592 - victim 3,survivor1,[0. 0. 0.],[-2.91114688  3.59683609  2.18442798],0.02742531243052415
2024-08-26 13:30:02,809 - victim 3,survivor1,[0. 0. 0.],[-2.90987253  3.59825635  2.18618035],0.023852158020758463
2024-08-26 13:30:03,093 - victim 3,survivor1,[0. 0. 0.],[-2.90890121  3.59829116  2.18493605],0.018581310438327003
2024-08-26 13:30:03,294 - victim 3,survivor1,[0. 0. 0.],[-2.90631533  3.59567237  2.18448281],0.037410533924926215
2024-08-26 13:30:03,494 - victim 3,survivor1,[0. 0. 0.],[-2.90609097  3.59416246  2.18415046],0.035462260069967444
2024-08-26 13:30:03,695 - victim 3,survivor1,[0. 0. 0.],[-2.90817738  3.59466386  2.18286633],0.03029156420088297
2024-08-26 13:30:03,904 - victim 3,survivor1,[0. 0. 0.],[-2.90695119  3.59305549  2.18198085],0.025558117084179433
2024-08-26 13:30:04,110 - victim 3,survivor1,[0. 0. 0.],[-2.90476632  3.5914216   2.18598437],0.026619974749044095
2024-08-26 13:30:04,317 - victim 3,survivor1,[0. 0. 0.],[-2.90424323  3.59088993  2.18610716],0.027552692467135653
2024-08-26 13:30:04,547 - victim 3,survivor1,[0. 0. 0.],[-2.90275216  3.59209538  2.18931627],0.037102479616869966
2024-08-26 13:30:04,755 - victim 3,survivor1,[0. 0. 0.],[-2.90384078  3.5934031   2.19156599],0.03223070505282388
2024-08-26 13:30:04,961 - victim 3,survivor1,[0. 0. 0.],[-2.90392351  3.59360361  2.19289637],0.032450573970097096
2024-08-26 13:30:05,183 - victim 3,survivor1,[0. 0. 0.],[-2.9055512   3.59448433  2.19395232],0.02965818523769226
2024-08-26 13:30:05,385 - victim 3,survivor1,[0. 0. 0.],[-2.90748239  3.59422708  2.19282436],0.039982170516532634
2024-08-26 13:30:05,624 - victim 3,survivor1,[0. 0. 0.],[-2.90708089  3.59214497  2.19379258],0.031179542341599475
2024-08-26 13:30:05,826 - victim 3,survivor1,[0. 0. 0.],[-2.90927744  3.5926919   2.19310021],0.032995715640011136
2024-08-26 13:30:06,051 - victim 3,survivor1,[0. 0. 0.],[-2.91003966  3.59186411  2.19722557],0.019114623785595475
2024-08-26 13:30:06,289 - victim 3,survivor1,[0. 0. 0.],[-2.90799141  3.58900189  2.19703865],0.026457506771284
2024-08-26 13:30:06,505 - victim 3,survivor1,[0. 0. 0.],[-2.90760112  3.58932829  2.19900393],0.021782734839355555
2024-08-26 13:30:06,706 - victim 3,survivor1,[0. 0. 0.],[-2.90551448  3.58857703  2.2022419 ],0.02555010596154994
2024-08-26 13:30:06,917 - victim 3,survivor1,[0. 0. 0.],[-2.90502214  3.58784342  2.20390773],0.019985647879267265
2024-08-26 13:30:07,128 - victim 3,survivor1,[0. 0. 0.],[-2.90573788  3.58910942  2.20429373],0.01924397289174551
2024-08-26 13:30:07,404 - victim 3,survivor1,[0. 0. 0.],[-2.90576696  3.59006453  2.20714164],0.029352691798907316
2024-08-26 13:30:07,612 - victim 3,survivor1,[0. 0. 0.],[-2.9074614   3.59180522  2.21184731],0.027785838561258602
2024-08-26 13:30:07,817 - victim 3,survivor1,[0. 0. 0.],[-2.90856481  3.59254456  2.21393776],0.028186557549558344
2024-08-26 13:30:08,018 - victim 3,survivor1,[0. 0. 0.],[-2.90836573  3.59239697  2.21509361],0.03040736306540648
2024-08-26 13:30:08,245 - victim 3,survivor1,[0. 0. 0.],[-2.90868545  3.59348297  2.2194767 ],0.024004886057134023
2024-08-26 13:30:08,461 - victim 3,survivor1,[0. 0. 0.],[-2.90712404  3.59351039  2.2214849 ],0.02736651082062802
2024-08-26 13:30:08,665 - victim 3,survivor1,[0. 0. 0.],[-2.90604758  3.59320998  2.22171926],0.02862383408111313
2024-08-26 13:30:08,900 - victim 3,survivor1,[0. 0. 0.],[-2.904248    3.59464931  2.2265873 ],0.027341550991681673
2024-08-26 13:30:09,105 - victim 3,survivor1,[0. 0. 0.],[-2.90253973  3.59476233  2.22652197],0.02708650415421876
2024-08-26 13:30:09,305 - victim 3,survivor1,[0. 0. 0.],[-2.90300822  3.59706807  2.22615981],0.02866966327354259
2024-08-26 13:30:09,512 - victim 3,survivor1,[0. 0. 0.],[-2.90269852  3.59824586  2.22640252],0.026722558779810335
2024-08-26 13:30:09,718 - victim 3,survivor1,[0. 0. 0.],[-2.90239024  3.59921265  2.22550297],0.024724840506301415
2024-08-26 13:30:09,919 - victim 3,survivor1,[0. 0. 0.],[-2.90198851  3.59937334  2.22394156],0.02690261263889826
2024-08-26 13:30:10,120 - victim 3,survivor1,[0. 0. 0.],[-2.90096855  3.59887433  2.22300315],0.017466363456593026
2024-08-26 13:30:10,331 - victim 3,survivor1,[0. 0. 0.],[-2.90138078  3.59888864  2.21915102],0.02811253537386582
2024-08-26 13:30:10,542 - victim 3,survivor1,[0. 0. 0.],[-2.9010849   3.59817123  2.21617699],0.016643598678175664
2024-08-26 13:30:10,747 - victim 3,survivor1,[0. 0. 0.],[-2.90315914  3.60178733  2.21734047],0.023760464348993704
2024-08-26 13:30:10,954 - victim 3,survivor1,[0. 0. 0.],[-2.90305662  3.60357928  2.21727681],0.02235342085568437
2024-08-26 13:30:11,154 - victim 3,survivor1,[0. 0. 0.],[-2.90392256  3.60496855  2.21363807],0.019212732756874518
2024-08-26 13:30:11,361 - victim 3,survivor1,[0. 0. 0.],[-2.90270972  3.60438681  2.21513009],0.01525998379672111
2024-08-26 13:30:11,564 - victim 3,survivor1,[0. 0. 0.],[-2.90034342  3.60144925  2.2150774 ],0.028440504598885363
2024-08-26 13:30:11,776 - victim 3,survivor1,[0. 0. 0.],[-2.89909959  3.59986043  2.21499228],0.026753531022034815
2024-08-26 13:30:11,985 - victim 3,survivor1,[0. 0. 0.],[-2.8970809   3.59908247  2.21421242],0.029846911214845173
2024-08-26 13:30:12,193 - victim 3,survivor1,[0. 0. 0.],[-2.89712358  3.59884596  2.21650195],0.020304178959972052
2024-08-26 13:30:12,407 - victim 3,survivor1,[0. 0. 0.],[-2.89712715  3.60050678  2.21684885],0.024831400631882605
2024-08-26 13:30:12,611 - victim 3,survivor1,[0. 0. 0.],[-2.89674664  3.5995307   2.21979976],0.02500491969828933
2024-08-26 13:30:12,830 - victim 3,survivor1,[0. 0. 0.],[-2.89854527  3.59996319  2.22257948],0.03427828307873537
2024-08-26 13:30:13,043 - victim 3,survivor1,[0. 0. 0.],[-2.90012145  3.60085034  2.22539163],0.02419881079656827
2024-08-26 13:30:13,249 - victim 3,survivor1,[0. 0. 0.],[-2.9005723   3.60251355  2.22699142],0.026321960528554955
2024-08-26 13:30:13,451 - victim 3,survivor1,[0. 0. 0.],[-2.89889669  3.60299659  2.22426105],0.02750009261841657
2024-08-26 13:30:13,657 - victim 3,survivor1,[0. 0. 0.],[-2.89978075  3.6053853   2.22210884],0.031080397473653765
2024-08-26 13:30:13,858 - victim 3,survivor1,[0. 0. 0.],[-2.89970779  3.60763645  2.22225761],0.026908666792835767
2024-08-26 13:30:14,058 - victim 3,survivor1,[0. 0. 0.],[-2.89863563  3.60487747  2.21875572],0.03839510054800632
2024-08-26 13:30:14,258 - victim 3,survivor1,[0. 0. 0.],[-2.90098763  3.60341072  2.21828747],0.03810927071899095
2024-08-26 13:30:14,458 - retrun home WP9,survivor1,[0. 0. 0.],[-2.90166569  3.60142541  2.21743298],0.03573489582384992
2024-08-26 13:30:14,659 - retrun home WP9,survivor1,[0. 0. 0.],[-2.89787388  3.5948019   2.22037792],0.1557488451156388
2024-08-26 13:30:14,898 - retrun home WP9,survivor1,[0. 0. 0.],[-2.86619043  3.56965375  2.21773791],0.49375726511597007
2024-08-26 13:30:15,111 - retrun home WP9,survivor1,[0. 0. 0.],[-2.78933501  3.52309608  2.22090816],0.8082002730894958
2024-08-26 13:30:15,324 - retrun home WP9,survivor1,[0. 0. 0.],[-2.64773417  3.46429586  2.22382498],1.0781352061941738
2024-08-26 13:30:15,527 - retrun home WP9,survivor1,[0. 0. 0.],[-2.50972891  3.42808294  2.22342014],1.2006333436932608
2024-08-26 13:30:15,728 - retrun home WP9,survivor1,[0. 0. 0.],[-2.33109641  3.39479303  2.22535229],1.2742530474313951
2024-08-26 13:30:15,928 - retrun home WP9,survivor1,[0. 0. 0.],[-2.10985827  3.36079288  2.23052812],1.335569162227563
2024-08-26 13:30:16,175 - retrun home WP9,survivor1,[0. 0. 0.],[-1.82581222  3.31308603  2.23017979],1.3545101587473178
2024-08-26 13:30:16,386 - retrun home WP9,survivor1,[0. 0. 0.],[-1.60025096  3.26731062  2.23252225],1.3796999976946984
2024-08-26 13:30:16,606 - retrun home WP9,survivor1,[0. 0. 0.],[-1.27683222  3.19058561  2.23474407],1.4029923824633612
2024-08-26 13:30:16,831 - retrun home WP9,survivor1,[0. 0. 0.],[-1.07425058  3.13476539  2.23812222],1.4193812065760063
2024-08-26 13:30:17,032 - retrun home WP9,survivor1,[0. 0. 0.],[-0.87270904  3.07667661  2.23963118],1.4454525939390088
2024-08-26 13:30:17,293 - retrun home WP9,survivor1,[0. 0. 0.],[-0.7108978   3.03358722  2.23799753],1.4920698821395257
2024-08-26 13:30:17,510 - retrun home WP9,survivor1,[0. 0. 0.],[-0.53013474  2.99663472  2.24075246],1.489349342250977
2024-08-26 13:30:17,710 - retrun home WP9,survivor1,[0. 0. 0.],[-0.35660249  2.96303892  2.24524117],1.490250435304013
2024-08-26 13:30:17,919 - retrun home WP9,survivor1,[0. 0. 0.],[-0.23949289  2.94035912  2.25000262],1.4991737998636527
2024-08-26 13:30:18,160 - retrun home WP9,survivor1,[0. 0. 0.],[-0.04424049  2.89849901  2.25413942],1.506270107542857
2024-08-26 13:30:18,366 - retrun home WP9,survivor1,[0. 0. 0.],[0.05945231 2.87025571 2.25246572],1.5163486491533769
2024-08-26 13:30:18,566 - retrun home WP9,survivor1,[0. 0. 0.],[0.12581193 2.85221934 2.25212622],1.5108101268106646
2024-08-26 13:30:18,767 - retrun home WP9,survivor1,[0. 0. 0.],[0.23146375 2.83095694 2.25414276],1.5098762496117006
2024-08-26 13:30:18,978 - retrun home WP9,survivor1,[0. 0. 0.],[0.3400571  2.81261182 2.25677705],1.506370440808781
2024-08-26 13:30:19,178 - retrun home WP9,survivor1,[0. 0. 0.],[0.45533264 2.79060698 2.25877881],1.5122231740213192
2024-08-26 13:30:19,378 - retrun home WP9,survivor1,[0. 0. 0.],[0.52892548 2.77279425 2.26297903],1.5236542500965247
2024-08-26 13:30:19,579 - retrun home WP9,survivor1,[0. 0. 0.],[0.57735711 2.75802994 2.26742387],1.530181478423961
2024-08-26 13:30:19,784 - retrun home WP9,survivor1,[0. 0. 0.],[0.62229693 2.74507689 2.26952028],1.5306240172593057
2024-08-26 13:30:19,990 - retrun home WP9,survivor1,[0. 0. 0.],[0.69097948 2.73216891 2.27299976],1.5334629271878428
2024-08-26 13:30:20,200 - retrun home WP9,survivor1,[0. 0. 0.],[0.77506357 2.71950531 2.27540803],1.542394877599533
2024-08-26 13:30:20,401 - retrun home WP9,survivor1,[0. 0. 0.],[0.84149545 2.70774102 2.27808881],1.546988988255523
2024-08-26 13:30:20,622 - retrun home WP9,survivor1,[0. 0. 0.],[0.89900911 2.69315386 2.2798996 ],1.5539043841812692
2024-08-26 13:30:20,831 - retrun home WP9,survivor1,[0. 0. 0.],[0.93821108 2.6802032  2.2806654 ],1.55197260381922
2024-08-26 13:30:21,066 - retrun home WP9,survivor1,[0. 0. 0.],[0.97527999 2.66897297 2.2839396 ],1.5457690212107793
2024-08-26 13:30:21,268 - retrun home WP9,survivor1,[0. 0. 0.],[1.00714791 2.66173196 2.28637815],1.5497212494669839
2024-08-26 13:30:21,469 - retrun home WP9,survivor1,[0. 0. 0.],[1.04550838 2.65569568 2.28816915],1.5527688830218787
2024-08-26 13:30:21,675 - retrun home WP9,survivor1,[0. 0. 0.],[1.08880484 2.64670086 2.28865838],1.5453144096683404
2024-08-26 13:30:21,916 - retrun home WP9,survivor1,[0. 0. 0.],[1.12457907 2.63647175 2.28728414],1.5528426014979748
2024-08-26 13:30:22,124 - retrun home WP9,survivor1,[0. 0. 0.],[1.14664483 2.62954712 2.28767633],1.5497156449704361
2024-08-26 13:30:22,329 - retrun home WP9,survivor1,[0. 0. 0.],[1.17051947 2.62295961 2.28896284],1.54818785029143
2024-08-26 13:30:22,543 - retrun home WP9,survivor1,[0. 0. 0.],[1.19957829 2.61843038 2.29200244],1.5528334538402846
2024-08-26 13:30:22,760 - retrun home WP9,survivor1,[0. 0. 0.],[1.22429502 2.61555481 2.29080582],1.5523725931146433
2024-08-26 13:30:22,977 - retrun home WP9,survivor1,[0. 0. 0.],[1.24932408 2.61074638 2.29031682],1.5509040657580595
2024-08-26 13:30:23,177 - retrun home WP9,survivor1,[0. 0. 0.],[1.26817524 2.60398698 2.28766704],1.5496202715156648
2024-08-26 13:30:23,389 - retrun home WP9,survivor1,[0. 0. 0.],[1.28635466 2.5959549  2.28450871],1.549479629462938
2024-08-26 13:30:23,596 - retrun home WP9,survivor1,[0. 0. 0.],[1.30292571 2.58918381 2.28038239],1.5488849160383609
2024-08-26 13:30:23,801 - retrun home WP9,survivor1,[0. 0. 0.],[1.31635594 2.58348918 2.2738812 ],1.559174819534458
2024-08-26 13:30:24,114 - retrun home WP9,survivor1,[0. 0. 0.],[1.34146893 2.57663107 2.27029753],1.5532511770470465
2024-08-26 13:30:24,316 - retrun home WP9,survivor1,[0. 0. 0.],[1.35382926 2.57563949 2.27058578],1.5463228443208183
2024-08-26 13:30:24,542 - retrun home WP9,survivor1,[0. 0. 0.],[1.37143636 2.57357335 2.26858401],1.555285255254906
2024-08-26 13:30:24,745 - retrun home WP9,survivor1,[0. 0. 0.],[1.37758362 2.57273579 2.26807356],1.5466506360728842
2024-08-26 13:30:24,945 - retrun home WP9,survivor1,[0. 0. 0.],[1.39371288 2.56497598 2.26589966],1.5506256675220556
2024-08-26 13:30:25,155 - retrun home WP9,survivor1,[0. 0. 0.],[1.40053785 2.55928254 2.26361489],1.5482105251057963
2024-08-26 13:30:25,366 - retrun home WP9,survivor1,[0. 0. 0.],[1.40666115 2.55178237 2.26172733],1.5521014554898773
2024-08-26 13:30:25,569 - retrun home WP9,survivor1,[0. 0. 0.],[1.41489482 2.5464282  2.26035285],1.5478324186524188
2024-08-26 13:30:25,775 - retrun home WP10,survivor1,[0. 0. 0.],[1.42903531 2.54006433 2.25767398],1.554716625112099
2024-08-26 13:30:26,057 - retrun home WP10,survivor1,[0. 0. 0.],[1.44292986 2.55940223 2.25638676],1.85093111089595
2024-08-26 13:30:26,258 - retrun home WP10,survivor1,[0. 0. 0.],[1.44245899 2.63735867 2.25488067],2.1766099014256435
2024-08-26 13:30:26,506 - retrun home WP10,survivor1,[0. 0. 0.],[1.42461574 2.78073311 2.2554183 ],2.517478835756016
2024-08-26 13:30:26,727 - retrun home WP10,survivor1,[0. 0. 0.],[1.42963243 2.88089967 2.25363541],2.715979400758605
2024-08-26 13:30:27,030 - retrun home WP10,survivor1,[0. 0. 0.],[1.48793948 2.92165732 2.24610949],2.875912749270323
2024-08-26 13:30:27,319 - retrun home WP10,survivor1,[0. 0. 0.],[1.52381599 2.91619492 2.23916268],2.9407423644295214
2024-08-26 13:30:27,520 - retrun home WP10,survivor1,[0. 0. 0.],[1.50610352 2.95798779 2.23677683],2.980308099235694
2024-08-26 13:30:27,722 - retrun home WP10,survivor1,[0. 0. 0.],[1.47545552 3.05268669 2.23967099],3.0049636268728444
2024-08-26 13:30:27,923 - retrun home WP10,survivor1,[0. 0. 0.],[1.46534288 3.13124442 2.24362612],3.013077360827034
2024-08-26 13:30:28,127 - retrun home WP10,survivor1,[0. 0. 0.],[1.48028123 3.17343616 2.24502563],3.0273182127304885
2024-08-26 13:30:28,343 - retrun home WP10,survivor1,[0. 0. 0.],[1.50991619 3.16095233 2.24758363],3.0494847739779876
2024-08-26 13:30:28,551 - retrun home WP10,survivor1,[0. 0. 0.],[1.53045309 3.14368534 2.24310184],3.06357969124418
2024-08-26 13:30:28,766 - retrun home WP10,survivor1,[0. 0. 0.],[1.5308913  3.16857457 2.23400712],3.069135992169828
2024-08-26 13:30:29,043 - retrun home WP10,survivor1,[0. 0. 0.],[1.51352596 3.25150609 2.22299814],3.0843862899679233
2024-08-26 13:30:29,249 - retrun home WP10,survivor1,[0. 0. 0.],[1.50167596 3.30144167 2.21474648],3.0841865852986885
2024-08-26 13:30:29,511 - retrun home WP10,survivor1,[0. 0. 0.],[1.49975193 3.31632805 2.20505643],3.089991341567376
2024-08-26 13:30:29,712 - retrun home WP10,survivor1,[0. 0. 0.],[1.50218534 3.31214476 2.2017405 ],3.087698675116116
2024-08-26 13:30:29,912 - retrun home WP10,survivor1,[0. 0. 0.],[1.50638056 3.31159329 2.20073605],3.089252703890881
2024-08-26 13:30:30,122 - retrun home WP10,survivor1,[0. 0. 0.],[1.51137006 3.33591199 2.19668865],3.08874506211602
2024-08-26 13:30:30,323 - retrun home WP10,survivor1,[0. 0. 0.],[1.51623356 3.36519933 2.19681644],3.099899444860913
2024-08-26 13:30:30,525 - retrun home WP10,survivor1,[0. 0. 0.],[1.51944137 3.39276934 2.19281745],3.085039204670582
