2024-08-26 13:25:16,816 - takeoff,mapping,[0. 0. 0.],[1.69519174 3.2337451  1.58967495],3.0397030432052112
2024-08-26 13:25:17,018 - takeoff,mapping,[0. 0. 0.],[1.6944654  3.23267245 1.5892297 ],3.032073440231721
2024-08-26 13:25:17,219 - takeoff,mapping,[0. 0. 0.],[1.69646943 3.23048186 1.58842826],3.0476142338443735
2024-08-26 13:25:17,419 - takeoff,mapping,[0. 0. 0.],[1.69699717 3.22868896 1.58306539],3.0481296303483343
2024-08-26 13:25:17,632 - takeoff,mapping,[0. 0. 0.],[1.69762599 3.22769475 1.58170938],3.0442347753542434
2024-08-26 13:25:17,833 - takeoff,mapping,[0. 0. 0.],[1.69869411 3.23659229 1.60666668],3.0514118754154724
2024-08-26 13:25:18,078 - takeoff,mapping,[0. 0. 0.],[1.69611096 3.25141978 1.63115513],3.0614319417800133
2024-08-26 13:25:18,291 - takeoff,mapping,[0. 0. 0.],[1.68906128 3.27667284 1.66114187],3.0519555464574184
2024-08-26 13:25:18,503 - takeoff,mapping,[0. 0. 0.],[1.68630981 3.29461956 1.67804086],3.0680961650264287
2024-08-26 13:25:18,704 - takeoff,mapping,[0. 0. 0.],[1.68476188 3.30695391 1.69545913],3.083455370135785
2024-08-26 13:25:18,934 - takeoff,mapping,[0. 0. 0.],[1.6826725  3.3155427  1.70861197],3.0895006464194354
2024-08-26 13:25:19,135 - takeoff,mapping,[0. 0. 0.],[1.68027747 3.31959629 1.71926212],3.082089423995697
2024-08-26 13:25:19,338 - takeoff,mapping,[0. 0. 0.],[1.68110263 3.3249929  1.72772729],3.085532489740913
2024-08-26 13:25:19,541 - go to position WP0,mapping,[0. 0. 0.],[1.68011248 3.33212495 1.73774433],3.1041057286567515
2024-08-26 13:25:19,763 - go to position WP0,mapping,[0. 0. 0.],[1.67593896 3.3386817  1.74153185],3.1004275927939258
2024-08-26 13:25:19,965 - go to position WP0,mapping,[0. 0. 0.],[1.67202926 3.34882545 1.75186622],3.1045859051223124
2024-08-26 13:25:20,165 - go to position WP0,mapping,[0. 0. 0.],[1.6676538  3.35673618 1.76184893],3.0971384806939923
2024-08-26 13:25:20,388 - go to position WP0,mapping,[0. 0. 0.],[1.66288507 3.37004137 1.77500212],3.0962449680191684
2024-08-26 13:25:20,600 - go to position WP0,mapping,[0. 0. 0.],[1.66026402 3.37531209 1.78055894],3.0907976421086207
2024-08-26 13:25:20,825 - go to position WP0,mapping,[0. 0. 0.],[1.66062737 3.37796474 1.79354763],3.1066876781482713
2024-08-26 13:25:21,025 - go to position WP0,mapping,[0. 0. 0.],[1.66342115 3.37735748 1.79873061],3.1076788944614258
2024-08-26 13:25:21,231 - go to position WP0,mapping,[0. 0. 0.],[1.66614091 3.37691092 1.80018544],3.096529494827486
2024-08-26 13:25:21,439 - go to position WP0,mapping,[0. 0. 0.],[1.66738844 3.38276982 1.80690098],3.095154230916637
2024-08-26 13:25:21,646 - go to position WP0,mapping,[0. 0. 0.],[1.66739428 3.38795972 1.81451976],3.1137391713866633
2024-08-26 13:25:21,856 - go to position WP0,mapping,[0. 0. 0.],[1.66492748 3.39637518 1.82111669],3.108759232566519
2024-08-26 13:25:22,071 - go to position WP0,mapping,[0. 0. 0.],[1.66467345 3.40201092 1.8254596 ],3.1078687268563474
2024-08-26 13:25:22,333 - go to position WP0,mapping,[0. 0. 0.],[1.6635859  3.40207434 1.82922554],3.0965979281825726
2024-08-26 13:25:22,550 - go to position WP0,mapping,[0. 0. 0.],[1.66320431 3.39915466 1.8348794 ],3.1151759713266793
2024-08-26 13:25:22,751 - go to position WP0,mapping,[0. 0. 0.],[1.66134274 3.39707088 1.83796918],3.1009047527147384
2024-08-26 13:25:22,961 - go to position WP0,mapping,[0. 0. 0.],[1.6605885  3.39722109 1.84596491],3.1083897292774396
2024-08-26 13:25:23,165 - go to position WP0,mapping,[0. 0. 0.],[1.66208231 3.39981365 1.84836686],3.1194557365082423
2024-08-26 13:25:23,375 - go to position WP0,mapping,[0. 0. 0.],[1.66216874 3.40274429 1.85405219],3.111409995088926
2024-08-26 13:25:23,576 - go to position WP0,mapping,[0. 0. 0.],[1.66246593 3.40662861 1.86126435],3.119709103095613
2024-08-26 13:25:23,790 - go to position WP0,mapping,[0. 0. 0.],[1.6611948  3.40760684 1.865556  ],3.1047573356083977
2024-08-26 13:25:24,004 - go to position WP0,mapping,[0. 0. 0.],[1.66102219 3.40669012 1.87165642],3.115746793171561
2024-08-26 13:25:24,204 - go to position WP0,mapping,[0. 0. 0.],[1.66077721 3.40780044 1.87344015],3.1056129540690245
2024-08-26 13:25:24,419 - go to position WP0,mapping,[0. 0. 0.],[1.66076684 3.40920138 1.87673628],3.11281630658633
2024-08-26 13:25:24,631 - go to position WP0,mapping,[0. 0. 0.],[1.66183972 3.41161108 1.87892306],3.122757718642992
2024-08-26 13:25:24,841 - go to position WP0,mapping,[0. 0. 0.],[1.66297448 3.41401219 1.88174546],3.1227575658754003
2024-08-26 13:25:25,060 - go to position WP0,mapping,[0. 0. 0.],[1.66261744 3.41620302 1.88239145],3.111051654089148
2024-08-26 13:25:25,273 - go to position WP0,mapping,[0. 0. 0.],[1.6624223  3.41616368 1.88558388],3.102045137109256
2024-08-26 13:25:25,485 - go to position WP0,mapping,[0. 0. 0.],[1.66195214 3.4162364  1.88821208],3.110063076527789
2024-08-26 13:25:25,686 - go to position WP0,mapping,[0. 0. 0.],[1.66163516 3.41637826 1.88988066],3.120698377325737
2024-08-26 13:25:25,889 - go to position WP0,mapping,[0. 0. 0.],[1.66151166 3.41591668 1.89059532],3.1199362356500018
2024-08-26 13:25:26,100 - go to position WP0,mapping,[0. 0. 0.],[1.6622628  3.41672564 1.89027369],3.12085603725233
2024-08-26 13:25:26,309 - go to position WP0,mapping,[0. 0. 0.],[1.66363394 3.41862702 1.89058745],3.11342199607061
2024-08-26 13:25:26,516 - go to position WP0,mapping,[0. 0. 0.],[1.66616201 3.41925049 1.89237273],3.1145167234895483
2024-08-26 13:25:26,731 - go to position WP0,mapping,[0. 0. 0.],[1.66893423 3.42139649 1.89533448],3.1248240033778787
2024-08-26 13:25:26,933 - go to position WP0,mapping,[0. 0. 0.],[1.66767955 3.42320824 1.89628947],3.128145495418323
2024-08-26 13:25:27,139 - go to position WP0,mapping,[0. 0. 0.],[1.66608596 3.42496133 1.89900172],3.110640286066377
2024-08-26 13:25:27,359 - go to position WP0,mapping,[0. 0. 0.],[1.6632514  3.42534089 1.90365183],3.11663602155949
2024-08-26 13:25:27,559 - go to position WP0,mapping,[0. 0. 0.],[1.6604737  3.42360926 1.90623069],3.1225230370782144
2024-08-26 13:25:27,766 - go to position WP0,mapping,[0. 0. 0.],[1.65846145 3.42205858 1.90736365],3.1160413305746344
2024-08-26 13:25:27,970 - go to position WP0,mapping,[0. 0. 0.],[1.65822339 3.4208703  1.90963817],3.1150425531780637
2024-08-26 13:25:28,183 - go to position WP0,mapping,[0. 0. 0.],[1.65940773 3.42172551 1.9126389 ],3.1119968514859657
2024-08-26 13:25:28,391 - go to position WP0,mapping,[0. 0. 0.],[1.66031957 3.42313862 1.91489542],3.117919776370857
2024-08-26 13:25:28,609 - go to position WP0,mapping,[0. 0. 0.],[1.66256118 3.42583513 1.91902316],3.1299779263469407
2024-08-26 13:25:28,809 - go to position WP0,mapping,[0. 0. 0.],[1.66286778 3.42827439 1.91832483],3.1178077346581423
2024-08-26 13:25:29,009 - go to position WP0,mapping,[0. 0. 0.],[1.66322744 3.42997313 1.91988242],3.1182231997394356
2024-08-26 13:25:29,210 - go to position WP0,mapping,[0. 0. 0.],[1.66434872 3.4319303  1.92223549],3.11939730960119
2024-08-26 13:25:29,455 - go to position WP0,mapping,[0. 0. 0.],[1.66432083 3.43416691 1.92798197],3.120668258450978
2024-08-26 13:25:29,718 - go to position WP0,mapping,[0. 0. 0.],[1.66443503 3.43631101 1.93173766],3.112770047871721
2024-08-26 13:25:29,936 - go to position WP0,mapping,[0. 0. 0.],[1.66427195 3.43530917 1.93270051],3.1244877706965135
2024-08-26 13:25:30,137 - go to position WP0,mapping,[0. 0. 0.],[1.66446722 3.43392587 1.93300176],3.1225736955631693
2024-08-26 13:25:30,409 - go to position WP0,mapping,[0. 0. 0.],[1.6616993  3.43088555 1.92996371],3.123899983688722
2024-08-26 13:25:30,614 - go to position WP0,mapping,[0. 0. 0.],[1.6597147  3.43104362 1.92822266],3.1165110124547812
2024-08-26 13:25:30,814 - go to position WP0,mapping,[0. 0. 0.],[1.65952706 3.43137217 1.92826629],3.116482780746516
2024-08-26 13:25:31,023 - go to position WP0,mapping,[0. 0. 0.],[1.66003156 3.43313575 1.92842042],3.1191048916149473
2024-08-26 13:25:31,228 - go to position WP0,mapping,[0. 0. 0.],[1.66123068 3.43466282 1.92817485],3.1349804217450226
2024-08-26 13:25:31,439 - go to position WP0,mapping,[0. 0. 0.],[1.65937293 3.43509364 1.92414558],3.127608404010822
2024-08-26 13:25:31,639 - go to position WP0,mapping,[0. 0. 0.],[1.65872967 3.4359355  1.92007565],3.1268522302842285
2024-08-26 13:25:31,882 - go to position WP0,mapping,[0. 0. 0.],[1.65909851 3.43638301 1.91728258],3.126553918488316
2024-08-26 13:25:32,086 - go to position WP0,mapping,[0. 0. 0.],[1.65803432 3.43623829 1.91370142],3.123231526213977
2024-08-26 13:25:32,287 - go to position WP0,mapping,[0. 0. 0.],[1.65723908 3.43667006 1.91321528],3.1228070560417738
2024-08-26 13:25:32,534 - go to position WP0,mapping,[0. 0. 0.],[1.65846312 3.43668652 1.9143219 ],3.122983372853038
2024-08-26 13:25:32,742 - go to position WP0,mapping,[0. 0. 0.],[1.66169894 3.4377687  1.91546524],3.130797494195212
2024-08-26 13:25:32,942 - go to position WP0,mapping,[0. 0. 0.],[1.66278923 3.44063807 1.91487825],3.1139478545415162
2024-08-26 13:25:33,200 - go to position WP0,mapping,[0. 0. 0.],[1.66356015 3.44296575 1.91845059],3.122837117607496
2024-08-26 13:25:33,416 - go to position WP0,mapping,[0. 0. 0.],[1.66307437 3.44587016 1.9229902 ],3.119662980093377
2024-08-26 13:25:33,625 - go to position WP1,mapping,[0. 0. 0.],[1.6605804  3.44679642 1.92441738],3.11836118872513
2024-08-26 13:25:33,835 - go to position WP1,mapping,[0. 0. 0.],[1.64989579 3.43606544 1.95369983],-2.9194277810375664
2024-08-26 13:25:34,068 - go to position WP1,mapping,[0. 0. 0.],[1.60878026 3.37378383 2.06984091],-2.576355790029684
2024-08-26 13:25:34,292 - go to position WP1,mapping,[0. 0. 0.],[1.55873597 3.25772572 2.24510908],-2.268303199620445
2024-08-26 13:25:34,498 - go to position WP1,mapping,[0. 0. 0.],[1.51353467 3.10850644 2.40969253],-2.072088824226979
2024-08-26 13:25:34,715 - go to position WP1,mapping,[0. 0. 0.],[1.45101869 2.88840842 2.55941367],-1.9271008461678871
2024-08-26 13:25:34,916 - go to position WP1,mapping,[0. 0. 0.],[1.40695059 2.74540854 2.63427067],-1.8702112806459068
2024-08-26 13:25:35,116 - go to position WP1,mapping,[0. 0. 0.],[1.29781806 2.44581771 2.77550244],-1.8005004303235568
2024-08-26 13:25:35,371 - go to position WP1,mapping,[0. 0. 0.],[1.14850497 2.14957285 2.91545272],-1.7838737473027386
2024-08-26 13:25:35,575 - go to position WP1,mapping,[0. 0. 0.],[1.04243934 1.9793123  3.01016784],-1.7548451320378229
2024-08-26 13:25:35,783 - go to position WP1,mapping,[0. 0. 0.],[0.97227108 1.86815548 3.11113667],-1.7350383087050858
2024-08-26 13:25:36,042 - go to position WP1,mapping,[0. 0. 0.],[0.9385854  1.77682602 3.21494412],-1.715958982770248
2024-08-26 13:25:36,268 - go to position WP1,mapping,[0. 0. 0.],[0.90136373 1.62860525 3.31365561],-1.6964496708677812
2024-08-26 13:25:36,479 - go to position WP1,none,[0. 0. 0.],[0.83003527 1.44032979 3.40594769],-1.68647822489618
2024-08-26 13:25:36,733 - go to position WP1,none,[0. 0. 0.],[0.73692679 1.28920126 3.49264097],-1.670537596425044
2024-08-26 13:25:36,942 - go to position WP1,none,[0. 0. 0.],[0.68024009 1.22391403 3.5641191 ],-1.6577218325960894
2024-08-26 13:25:37,142 - go to position WP1,none,[0. 0. 0.],[0.65266144 1.17950892 3.62458849],-1.6434363093706494
2024-08-26 13:25:37,343 - go to position WP1,none,[0. 0. 0.],[0.63438028 1.11901474 3.67726111],-1.6374828621437505
2024-08-26 13:25:37,554 - go to position WP1,none,[0. 0. 0.],[0.61070162 1.01285613 3.74114394],-1.6317512493323774
2024-08-26 13:25:37,855 - go to position WP1,none,[0. 0. 0.],[0.55683249 0.86703932 3.83572221],-1.6224187561390035
2024-08-26 13:25:38,086 - go to position WP1,none,[0. 0. 0.],[0.52245539 0.8116312  3.89514375],-1.6086255545705583
2024-08-26 13:25:38,289 - go to position WP1,none,[0. 0. 0.],[0.49719495 0.77320075 3.94465089],-1.613851481569835
2024-08-26 13:25:38,505 - go to position WP1,none,[0. 0. 0.],[0.47505173 0.73421502 3.9900167 ],-1.608279993847118
2024-08-26 13:25:38,730 - go to position WP1,none,[0. 0. 0.],[0.44704807 0.67065477 4.04874992],-1.6060260367708743
2024-08-26 13:25:38,931 - go to position WP1,none,[0. 0. 0.],[0.43689278 0.64636034 4.07060337],-1.6042953092737653
2024-08-26 13:25:39,159 - go to position WP1,none,[0. 0. 0.],[0.40954179 0.57980323 4.14170933],-1.5981039608472187
2024-08-26 13:25:39,373 - go to position WP1,none,[0. 0. 0.],[0.39334762 0.54914093 4.18616867],-1.6014058487906713
2024-08-26 13:25:39,602 - go to position WP1,none,[0. 0. 0.],[0.37410879 0.51748341 4.23089027],-1.5984209986338005
2024-08-26 13:25:39,815 - go to position WP1,none,[0. 0. 0.],[0.35699752 0.49025062 4.26732969],-1.5963599480785131
2024-08-26 13:25:40,025 - go to position WP1,none,[0. 0. 0.],[0.33829793 0.46236432 4.30383873],-1.5970269780703514
2024-08-26 13:25:40,249 - go to position WP1,none,[0. 0. 0.],[0.32122022 0.43675259 4.33731794],-1.5977311525119582
2024-08-26 13:25:40,493 - go to position WP1,none,[0. 0. 0.],[0.31009525 0.41483814 4.36590099],-1.6076121480203485
2024-08-26 13:25:40,701 - go to position WP1,none,[0. 0. 0.],[0.29736775 0.38342971 4.39993095],-1.5921650987713445
2024-08-26 13:25:40,919 - go to position WP1,none,[0. 0. 0.],[0.28649196 0.36377493 4.42156363],-1.606481808236543
2024-08-26 13:25:41,123 - go to position WP1,none,[0. 0. 0.],[0.27598301 0.34357342 4.44383192],-1.5981826768300387
2024-08-26 13:25:41,330 - go to position WP1,none,[0. 0. 0.],[0.26631358 0.32715142 4.46812868],-1.6059574428591663
2024-08-26 13:25:41,532 - go to position WP1,none,[0. 0. 0.],[0.25876209 0.31100518 4.4895134 ],-1.5986956670666341
2024-08-26 13:25:41,732 - go to position WP1,none,[0. 0. 0.],[0.25083724 0.29668331 4.50813007],-1.6025708639734368
2024-08-26 13:25:41,933 - go to position WP1,none,[0. 0. 0.],[0.23955606 0.27775711 4.53119135],-1.6072578696884179
2024-08-26 13:25:42,142 - go to position WP1,none,[0. 0. 0.],[0.23124799 0.26421374 4.54938459],-1.5996239242276769
2024-08-26 13:25:42,351 - go to position WP1,none,[0. 0. 0.],[0.22410387 0.25668088 4.56769657],-1.6089612888419431
2024-08-26 13:25:42,558 - go to position WP1,none,[0. 0. 0.],[0.21885942 0.24961559 4.58590031],-1.6005125077312812
2024-08-26 13:25:42,759 - go to position WP1,none,[0. 0. 0.],[0.21340567 0.2436821  4.60277462],-1.5886983908360408
2024-08-26 13:25:42,989 - go to position WP1,none,[0. 0. 0.],[0.20692958 0.23116377 4.62018156],-1.5936660107495086
2024-08-26 13:25:43,193 - go to position WP1,none,[0. 0. 0.],[0.19926396 0.22027868 4.63509464],-1.592583469624607
2024-08-26 13:25:43,394 - go to position WP1,none,[0. 0. 0.],[0.19228885 0.21074562 4.6488142 ],-1.599135695824092
2024-08-26 13:25:43,649 - go to position WP1,none,[0. 0. 0.],[0.18532942 0.20133351 4.66535854],-1.5915824368403362
2024-08-26 13:25:43,900 - go to position WP1,none,[0. 0. 0.],[0.17780009 0.1960554  4.6778183 ],-1.5859821582603955
2024-08-26 13:25:44,116 - go to position WP1,none,[0. 0. 0.],[0.17226581 0.19363919 4.68357611],-1.5974561950532378
2024-08-26 13:25:44,319 - go to position WP1,none,[0. 0. 0.],[0.16746481 0.18710944 4.69278526],-1.5935783748507726
2024-08-26 13:25:44,539 - go to position WP1,none,[0. 0. 0.],[0.1634555  0.17951971 4.70206499],-1.598527586973864
2024-08-26 13:25:44,777 - go to position WP1,none,[0. 0. 0.],[0.1595895  0.17427465 4.71270752],-1.5975178524824827
2024-08-26 13:25:45,009 - go to position WP1,none,[0. 0. 0.],[0.15387347 0.1694591  4.72769213],-1.5864396394501847
2024-08-26 13:25:45,217 - go to position WP1,none,[0. 0. 0.],[0.14900438 0.16820903 4.73782253],-1.5998177210197042
2024-08-26 13:25:45,428 - go to position WP1,none,[0. 0. 0.],[0.14582524 0.16931126 4.74440432],-1.598534200935088
2024-08-26 13:25:45,628 - go to position WP1,none,[0. 0. 0.],[0.14277548 0.16947508 4.75089073],-1.5969122326792906
2024-08-26 13:25:45,841 - go to position WP1,none,[0. 0. 0.],[0.13815543 0.16851854 4.75958729],-1.599145092722523
2024-08-26 13:25:46,046 - go to position WP1,none,[0. 0. 0.],[0.13586475 0.16404985 4.76726532],-1.598751377153417
2024-08-26 13:25:46,256 - go to position WP1,none,[0. 0. 0.],[0.13610648 0.15898252 4.77499151],-1.591948879227922
2024-08-26 13:25:46,478 - go to position WP1,none,[0. 0. 0.],[0.13704041 0.15785599 4.77814436],-1.5912774783287897
2024-08-26 13:25:46,684 - go to position WP1,none,[0. 0. 0.],[0.13747194 0.15800981 4.78311586],-1.5945558554021142
2024-08-26 13:25:46,891 - go to position WP1,none,[0. 0. 0.],[0.1330635  0.1550965  4.79165459],-1.5929901867353315
2024-08-26 13:25:47,114 - go to position WP1,none,[0. 0. 0.],[0.12732977 0.15012904 4.79871035],-1.5882060383662084
2024-08-26 13:25:47,334 - go to position WP1,none,[0. 0. 0.],[0.12217044 0.14774953 4.80499601],-1.5983450301405364
2024-08-26 13:25:47,548 - go to position WP1,none,[0. 0. 0.],[0.11942379 0.14781833 4.81099701],-1.5986674671544332
2024-08-26 13:25:47,751 - go to position WP1,none,[0. 0. 0.],[0.11885661 0.14924233 4.81614113],-1.589448638526589
2024-08-26 13:25:48,002 - go to position WP1,none,[0. 0. 0.],[0.11760101 0.15057065 4.81885386],-1.5955873627970956
2024-08-26 13:25:48,229 - go to position WP1,none,[0. 0. 0.],[0.11567733 0.14792548 4.82191324],-1.6089630531295498
2024-08-26 13:25:48,435 - go to position WP1,none,[0. 0. 0.],[0.11459414 0.14084882 4.82804775],-1.5933932679008844
2024-08-26 13:25:48,635 - go to position WP1,none,[0. 0. 0.],[0.11420352 0.13404848 4.8326211 ],-1.5996755029024339
2024-08-26 13:25:48,836 - go to position WP1,none,[0. 0. 0.],[0.11395411 0.13041633 4.83779287],-1.5972424427239602
2024-08-26 13:25:49,097 - go to position WP1,none,[0. 0. 0.],[0.11058345 0.12748984 4.84257603],-1.6009752210296986
2024-08-26 13:25:49,331 - go to position WP1,none,[0. 0. 0.],[0.1059197  0.12485073 4.84733963],-1.5908904930852241
2024-08-26 13:25:49,551 - go to position WP1,none,[0. 0. 0.],[0.10243647 0.12433141 4.84999084],-1.590965212271259
2024-08-26 13:25:49,752 - go to position WP1,none,[0. 0. 0.],[0.10029965 0.12523586 4.850811  ],-1.6058388618918489
2024-08-26 13:25:49,959 - go to position WP1,none,[0. 0. 0.],[0.09968875 0.12771027 4.85325336],-1.6013420968016767
2024-08-26 13:25:50,175 - go to position WP1,none,[0. 0. 0.],[0.0985398  0.12779278 4.85699511],-1.5986218985086076
2024-08-26 13:25:50,379 - go to position WP1,none,[0. 0. 0.],[0.0980901  0.12705971 4.86019659],-1.5983595330739773
2024-08-26 13:25:50,579 - go to position WP1,none,[0. 0. 0.],[0.09754119 0.12668481 4.86144161],-1.608355190422479
2024-08-26 13:25:50,792 - go to position WP1,none,[0. 0. 0.],[0.09578092 0.12524568 4.86320782],-1.6051828818890526
2024-08-26 13:25:51,000 - go to position WP1,none,[0. 0. 0.],[0.09450676 0.12180273 4.86634254],-1.6049417815422435
2024-08-26 13:25:51,205 - go to position WP1,none,[0. 0. 0.],[0.09514777 0.12039041 4.86813927],-1.6067865674251172
2024-08-26 13:25:51,447 - go to position WP2,none,[0. 0. 0.],[0.09593582 0.11982034 4.87251663],-1.598273185815625
2024-08-26 13:25:51,647 - go to position WP2,none,[0. 0. 0.],[0.09481332 0.1211907  4.87558556],-1.601258666586963
2024-08-26 13:25:51,859 - go to position WP2,none,[0. 0. 0.],[0.09055029 0.12210921 4.87610769],-1.5991816027356833
2024-08-26 13:25:52,064 - go to position WP2,none,[0. 0. 0.],[0.08438465 0.12162255 4.87537766],-1.600248869394374
2024-08-26 13:25:52,308 - go to position WP2,none,[0. 0. 0.],[0.0725913  0.11925245 4.87467861],-1.5944341846183931
2024-08-26 13:25:52,520 - go to position WP2,none,[0. 0. 0.],[0.0610061  0.11605398 4.87453842],-1.5939510331218614
2024-08-26 13:25:52,730 - go to position WP2,none,[0. 0. 0.],[0.04862904 0.11278876 4.87464428],-1.5994225075825739
2024-08-26 13:25:52,942 - go to position WP2,none,[0. 0. 0.],[0.03557752 0.10954347 4.87347698],-1.60600591071874
2024-08-26 13:25:53,143 - go to position WP2,none,[0. 0. 0.],[0.02257516 0.10510758 4.87238216],-1.6137388170714937
2024-08-26 13:25:53,376 - go to position WP2,none,[0. 0. 0.],[0.00830711 0.09693376 4.87141943],-1.6085801893248632
2024-08-26 13:25:53,648 - go to position WP2,none,[0. 0. 0.],[-0.00760988  0.08817468  4.86898136],-1.6131497362846652
2024-08-26 13:25:53,868 - go to position WP2,none,[0. 0. 0.],[-0.02628196  0.0767185   4.86844397],-1.6122370009567906
2024-08-26 13:25:54,112 - go to position WP2,none,[0. 0. 0.],[-0.04341046  0.06259007  4.87346983],-1.6058995463758468
2024-08-26 13:25:54,315 - go to position WP2,none,[0. 0. 0.],[-0.0536967   0.05670545  4.87443876],-1.6107642954652412
2024-08-26 13:25:54,522 - go to position WP2,none,[0. 0. 0.],[-0.07528681  0.04230885  4.88093138],-1.6046725531469832
2024-08-26 13:25:54,749 - go to position WP2,none,[0. 0. 0.],[-0.09490051  0.02859292  4.88813686],-1.6009986273653105
2024-08-26 13:25:54,972 - go to position WP2,none,[0. 0. 0.],[-0.11407252  0.01771115  4.89278173],-1.6125423124822724
2024-08-26 13:25:55,191 - go to position WP2,none,[0. 0. 0.],[-0.12698957  0.00748737  4.8980298 ],-1.6059560812413114
2024-08-26 13:25:55,404 - go to position WP2,none,[0. 0. 0.],[-0.1465072  -0.00699967  4.903368  ],-1.60613286282981
2024-08-26 13:25:55,610 - go to position WP2,none,[0. 0. 0.],[-0.16197792 -0.01876981  4.90418005],-1.616024426534537
2024-08-26 13:25:55,817 - go to position WP2,none,[0. 0. 0.],[-0.17512077 -0.0311549   4.90100431],-1.614631425482881
2024-08-26 13:25:56,022 - go to position WP2,none,[0. 0. 0.],[-0.18867798 -0.04526122  4.89546061],-1.6062266442078323
2024-08-26 13:25:56,240 - go to position WP2,none,[0. 0. 0.],[-0.20160574 -0.05641975  4.88616848],-1.6172985047606154
2024-08-26 13:25:56,447 - go to position WP2,none,[0. 0. 0.],[-0.21271884 -0.06998757  4.87957096],-1.604633360157445
2024-08-26 13:25:56,669 - go to position WP2,none,[0. 0. 0.],[-0.22477156 -0.08202612  4.87099886],-1.6091886238042346
2024-08-26 13:25:56,911 - go to position WP2,none,[0. 0. 0.],[-0.23556614 -0.09256998  4.86551762],-1.6190851799167163
2024-08-26 13:25:57,116 - go to position WP2,none,[0. 0. 0.],[-0.24872603 -0.10737474  4.86543083],-1.607372714103139
2024-08-26 13:25:57,421 - go to position WP2,none,[0. 0. 0.],[-0.27345857 -0.13318728  4.86710501],-1.6077041466068227
2024-08-26 13:25:57,622 - go to position WP2,none,[0. 0. 0.],[-0.29148611 -0.15175919  4.87049341],-1.6178078327249779
2024-08-26 13:25:57,841 - go to position WP2,none,[0. 0. 0.],[-0.30798495 -0.17133744  4.87501431],-1.6101723753211905
2024-08-26 13:25:58,049 - go to position WP2,none,[0. 0. 0.],[-0.32478684 -0.18891375  4.87679386],-1.6171481318761067
2024-08-26 13:25:58,250 - go to position WP2,none,[0. 0. 0.],[-0.34089115 -0.20756543  4.88138056],-1.6093504910641574
2024-08-26 13:25:58,467 - go to position WP2,none,[0. 0. 0.],[-0.35819218 -0.22529821  4.88207722],-1.6141852983093887
2024-08-26 13:25:58,673 - go to position WP2,none,[0. 0. 0.],[-0.3734313  -0.24008641  4.88177633],-1.6195335198683267
2024-08-26 13:25:58,911 - go to position WP2,none,[0. 0. 0.],[-0.3940877  -0.2618039   4.88321161],-1.6121023338873837
2024-08-26 13:25:59,111 - go to position WP2,none,[0. 0. 0.],[-0.41111684 -0.27802464  4.88329268],-1.6204536215104834
2024-08-26 13:25:59,334 - go to position WP2,none,[0. 0. 0.],[-0.43188667 -0.297833    4.885324  ],-1.6219450235069193
2024-08-26 13:25:59,566 - go to position WP2,none,[0. 0. 0.],[-0.4534584  -0.31766558  4.88834381],-1.612317167573214
2024-08-26 13:25:59,778 - go to position WP2,none,[0. 0. 0.],[-0.47162628 -0.33492169  4.89189005],-1.6082356670045534
2024-08-26 13:25:59,979 - go to position WP2,none,[0. 0. 0.],[-0.48956865 -0.35077983  4.89061785],-1.6166936612739047
2024-08-26 13:26:00,180 - go to position WP2,none,[0. 0. 0.],[-0.5084455  -0.36949509  4.88958693],-1.6190088023939886
2024-08-26 13:26:00,383 - go to position WP2,none,[0. 0. 0.],[-0.53021342 -0.39381358  4.88836575],-1.6136169498002149
2024-08-26 13:26:00,585 - go to position WP2,none,[0. 0. 0.],[-0.54798335 -0.41506884  4.88876963],-1.6086467528982027
2024-08-26 13:26:00,790 - go to position WP2,none,[0. 0. 0.],[-0.56391025 -0.43188122  4.88715649],-1.620963022709538
2024-08-26 13:26:00,998 - go to position WP2,none,[0. 0. 0.],[-0.5792926  -0.4513565   4.89015913],-1.6143981213397485
2024-08-26 13:26:01,208 - go to position WP2,none,[0. 0. 0.],[-0.60529655 -0.48324588  4.90146732],-1.6158397940274396
2024-08-26 13:26:01,408 - go to position WP2,none,[0. 0. 0.],[-0.62182957 -0.50451684  4.91236401],-1.6080225623373758
2024-08-26 13:26:01,622 - go to position WP2,none,[0. 0. 0.],[-0.64209151 -0.52743125  4.92689991],-1.6173437524804068
2024-08-26 13:26:01,823 - go to position WP2,none,[0. 0. 0.],[-0.66224772 -0.55060697  4.94338465],-1.614227994611408
2024-08-26 13:26:02,023 - go to position WP2,none,[0. 0. 0.],[-0.68155581 -0.57120872  4.95927048],-1.6116619549836457
2024-08-26 13:26:02,269 - go to position WP2,none,[0. 0. 0.],[-0.70599025 -0.59591848  4.97500229],-1.613984565053869
2024-08-26 13:26:02,472 - go to position WP2,none,[0. 0. 0.],[-0.72839612 -0.61948407  4.98988485],-1.6054065030868667
2024-08-26 13:26:02,689 - go to position WP2,none,[0. 0. 0.],[-0.74581188 -0.63863039  5.00034523],-1.6073763770198681
2024-08-26 13:26:02,908 - go to position WP2,none,[0. 0. 0.],[-0.77369988 -0.66924804  5.013062  ],-1.6191041104017057
2024-08-26 13:26:03,131 - retrun home WP2,none,[0. 0. 0.],[-0.79550868 -0.69215864  5.0234046 ],-1.7405341257868674
2024-08-26 13:26:03,337 - retrun home WP2,none,[0. 0. 0.],[-0.78426105 -0.68852109  5.02249336],-2.0160492088206983
2024-08-26 13:26:03,543 - retrun home WP2,none,[0. 0. 0.],[-0.71870089 -0.65021789  5.0205822 ],-2.351776566114799
2024-08-26 13:26:03,765 - retrun home WP2,none,[0. 0. 0.],[-0.60916686 -0.57893687  5.02010107],-2.680935336775521
2024-08-26 13:26:03,971 - retrun home WP2,none,[0. 0. 0.],[-0.50124687 -0.50416577  5.02023935],-2.9701722828806325
2024-08-26 13:26:04,217 - retrun home WP2,none,[0. 0. 0.],[-0.44240114 -0.44033337  5.01826954],2.932695490079855
2024-08-26 13:26:04,448 - retrun home WP2,none,[0. 0. 0.],[-0.45599115 -0.42019314  5.01358986],2.6077510286825287
2024-08-26 13:26:04,691 - retrun home WP2,none,[0. 0. 0.],[-0.49957424 -0.43582129  4.99694681],2.2128395607697464
2024-08-26 13:26:04,898 - retrun home WP2,none,[0. 0. 0.],[-0.48723793 -0.43643406  4.98459625],2.0307429170574753
2024-08-26 13:26:05,109 - retrun home WP2,none,[0. 0. 0.],[-0.41072297 -0.39528888  4.9717865 ],1.8929838934105474
2024-08-26 13:26:05,374 - retrun home WP2,none,[0. 0. 0.],[-0.30311516 -0.29883599  4.96034336],1.8023449144010728
2024-08-26 13:26:05,576 - retrun home WP2,none,[0. 0. 0.],[-0.27742201 -0.24275093  4.95175123],1.752390949050251
2024-08-26 13:26:05,778 - retrun home WP2,none,[0. 0. 0.],[-0.28976285 -0.21874134  4.94537687],1.741111541687004
2024-08-26 13:26:05,984 - retrun home WP2,none,[0. 0. 0.],[-0.33136299 -0.23695125  4.93681622],1.7135567455336322
2024-08-26 13:26:06,184 - retrun home WP2,none,[0. 0. 0.],[-0.32194319 -0.25312322  4.93233681],1.703580955636705
2024-08-26 13:26:06,387 - retrun home WP2,none,[0. 0. 0.],[-0.24112812 -0.24440293  4.92819262],1.6838863024441317
2024-08-26 13:26:06,608 - retrun home WP2,none,[0. 0. 0.],[-0.15987413 -0.19639522  4.92942476],1.6694105530026944
2024-08-26 13:26:06,808 - retrun home WP2,none,[0. 0. 0.],[-0.13696292 -0.16694716  4.93119478],1.6658378706900585
2024-08-26 13:26:07,018 - retrun home WP2,none,[0. 0. 0.],[-0.16472566 -0.1318614   4.93624544],1.664876450557962
2024-08-26 13:26:07,218 - retrun home WP2,none,[0. 0. 0.],[-0.21261464 -0.13299154  4.93797684],1.6508726615117906
2024-08-26 13:26:07,465 - retrun home WP2,none,[0. 0. 0.],[-0.20396708 -0.14179079  4.93532228],1.6386041819255872
2024-08-26 13:26:07,668 - retrun home WP2,none,[0. 0. 0.],[-0.13549162 -0.14237647  4.93267918],1.6304648449873218
2024-08-26 13:26:07,873 - retrun home WP3,none,[0. 0. 0.],[-0.08089703 -0.13934386  4.93160057],1.6170222348069512
2024-08-26 13:26:08,076 - retrun home WP3,none,[0. 0. 0.],[-0.04055866 -0.10430533  4.88006258],1.587669040504337
2024-08-26 13:26:08,300 - retrun home WP3,none,[0. 0. 0.],[ 9.76925134e-04 -5.17563112e-02  4.78469419e+00],1.5920007898780775
2024-08-26 13:26:08,522 - retrun home WP3,none,[0. 0. 0.],[0.10757108 0.07405153 4.55998707],1.5833008621322526
2024-08-26 13:26:08,722 - retrun home WP3,none,[0. 0. 0.],[0.22476949 0.21702887 4.37003279],1.5803048429473772
2024-08-26 13:26:08,924 - retrun home WP3,none,[0. 0. 0.],[0.33425573 0.3688328  4.24806929],1.5858371069383352
2024-08-26 13:26:09,172 - retrun home WP3,none,[0. 0. 0.],[0.48527291 0.63950294 4.11835241],1.5810604136505453
2024-08-26 13:26:09,386 - retrun home WP3,none,[0. 0. 0.],[0.58364707 0.87093455 4.01089478],1.5808497718314367
2024-08-26 13:26:09,648 - retrun home WP3,none,[0. 0. 0.],[0.67364156 1.20099819 3.8697598 ],1.5882658548055317
2024-08-26 13:26:09,860 - retrun home WP3,none,[0. 0. 0.],[0.70418912 1.40726888 3.77225471],1.5807274516928551
2024-08-26 13:26:10,075 - retrun home WP3,none,[0. 0. 0.],[0.7432037  1.54562831 3.66602182],1.5682669207687177
2024-08-26 13:26:10,275 - retrun home WP3,none,[0. 0. 0.],[0.80449474 1.6196233  3.58632255],1.5809388036053376
2024-08-26 13:26:10,477 - retrun home WP3,none,[0. 0. 0.],[0.87824595 1.72170019 3.51706696],1.5803543552849524
2024-08-26 13:26:10,727 - retrun home WP3,none,[0. 0. 0.],[0.95572549 1.90663707 3.43181872],1.576552630613489
2024-08-26 13:26:10,939 - retrun home WP3,none,[0. 0. 0.],[0.99184048 2.08862376 3.35962319],1.5882332983287089
2024-08-26 13:26:11,158 - retrun home WP3,none,[0. 0. 0.],[1.01008403 2.2237854  3.28798294],1.5738323441540718
2024-08-26 13:26:11,358 - retrun home WP3,none,[0. 0. 0.],[1.0308826  2.28348804 3.23564529],1.5773467175336204
2024-08-26 13:26:11,568 - retrun home WP3,none,[0. 0. 0.],[1.07658589 2.33635664 3.17781639],1.5873877871843227
2024-08-26 13:26:11,771 - retrun home WP3,none,[0. 0. 0.],[1.12196517 2.41279697 3.12789512],1.5790840250657834
2024-08-26 13:26:11,972 - retrun home WP3,none,[0. 0. 0.],[1.15802741 2.52423096 3.082026  ],1.5775984325116938
2024-08-26 13:26:12,174 - retrun home WP3,none,[0. 0. 0.],[1.18265963 2.63042307 3.03448558],1.581081675557817
2024-08-26 13:26:12,429 - retrun home WP3,none,[0. 0. 0.],[1.2006228 2.7055676 2.984411 ],1.5789872408536552
2024-08-26 13:26:12,642 - retrun home WP3,none,[0. 0. 0.],[1.21993709 2.75048804 2.93232036],1.580402781553018
2024-08-26 13:26:12,865 - retrun home WP3,none,[0. 0. 0.],[1.23992825 2.78523493 2.88633871],1.585423210742946
2024-08-26 13:26:13,079 - retrun home WP3,none,[0. 0. 0.],[1.26081455 2.83508754 2.84618783],1.584049264228589
2024-08-26 13:26:13,281 - retrun home WP3,none,[0. 0. 0.],[1.27758801 2.88782454 2.81758499],1.5803894136628631
2024-08-26 13:26:13,499 - retrun home WP3,none,[0. 0. 0.],[1.29830396 2.96294498 2.77532291],1.5801711742893267
2024-08-26 13:26:13,700 - retrun home WP3,none,[0. 0. 0.],[1.31217194 3.01394248 2.74054456],1.581957577622468
2024-08-26 13:26:13,965 - retrun home WP3,none,[0. 0. 0.],[1.32755506 3.05792689 2.69941187],1.5770505500420287
2024-08-26 13:26:14,171 - retrun home WP3,none,[0. 0. 0.],[1.33956766 3.08469081 2.66921735],1.5779831580548607
2024-08-26 13:26:14,390 - retrun home WP3,none,[0. 0. 0.],[1.35174882 3.11100936 2.6388669 ],1.5797858997471355
2024-08-26 13:26:14,590 - retrun home WP3,none,[0. 0. 0.],[1.36104977 3.13505554 2.61578465],1.5827102650960467
2024-08-26 13:26:14,792 - retrun home WP3,none,[0. 0. 0.],[1.37269056 3.16371274 2.59081697],1.5777913238594898
2024-08-26 13:26:14,993 - retrun home WP3,none,[0. 0. 0.],[1.38154101 3.19016004 2.56781602],1.5778641954691321
2024-08-26 13:26:15,251 - retrun home WP3,none,[0. 0. 0.],[1.39266348 3.22262263 2.54033661],1.5801560207683845
2024-08-26 13:26:15,505 - retrun home WP3,none,[0. 0. 0.],[1.4049859  3.25199366 2.50788403],1.5733855473298168
2024-08-26 13:26:15,705 - retrun home WP3,none,[0. 0. 0.],[1.41289651 3.26858091 2.48580337],1.579916356435873
2024-08-26 13:26:15,914 - retrun home WP3,none,[0. 0. 0.],[1.41844797 3.28332567 2.4708879 ],1.5788566413923848
2024-08-26 13:26:16,140 - retrun home WP3,none,[0. 0. 0.],[1.42418194 3.30404234 2.45214081],1.5754847680898205
2024-08-26 13:26:16,358 - retrun home WP3,none,[0. 0. 0.],[1.42879987 3.31905913 2.43743777],1.5706398202452487
2024-08-26 13:26:16,559 - retrun home WP3,none,[0. 0. 0.],[1.43343234 3.33376908 2.41833806],1.5763912894949934
2024-08-26 13:26:16,775 - retrun home WP3,none,[0. 0. 0.],[1.43795788 3.34426379 2.40294313],1.5741453031472852
2024-08-26 13:26:16,977 - retrun home WP3,none,[0. 0. 0.],[1.44299138 3.35752964 2.38417006],1.5753750501648867
2024-08-26 13:26:17,200 - retrun home WP3,none,[0. 0. 0.],[1.44749486 3.37112999 2.36785555],1.5739486815377164
2024-08-26 13:26:17,400 - retrun home WP3,none,[0. 0. 0.],[1.4490962  3.37913275 2.35835695],1.5715854302342924
2024-08-26 13:26:17,601 - retrun home WP3,none,[0. 0. 0.],[1.45348287 3.39431548 2.340379  ],1.5703807892748398
2024-08-26 13:26:17,832 - retrun home WP3,none,[0. 0. 0.],[1.45507717 3.4022696  2.32614136],1.5747680363786392
2024-08-26 13:26:18,094 - retrun home WP3,none,[0. 0. 0.],[1.46237373 3.41567898 2.30677438],1.57412273623828
2024-08-26 13:26:18,296 - retrun home WP3,none,[0. 0. 0.],[1.46944833 3.42409348 2.29734898],1.5739455993367293
2024-08-26 13:26:18,506 - retrun home WP3,none,[0. 0. 0.],[1.47619355 3.43223906 2.28274393],1.57685856568989
2024-08-26 13:26:18,707 - retrun home WP3,none,[0. 0. 0.],[1.48294246 3.43809175 2.27171302],1.5761770882579518
2024-08-26 13:26:18,925 - retrun home WP3,none,[0. 0. 0.],[1.4915843  3.4449625  2.26189184],1.5729531049210344
2024-08-26 13:26:19,190 - retrun home WP3,none,[0. 0. 0.],[1.49759865 3.45297384 2.25276446],1.5788116659216787
2024-08-26 13:26:19,425 - retrun home WP3,none,[0. 0. 0.],[1.50117397 3.45803356 2.2458334 ],1.5796491788159992
2024-08-26 13:26:19,658 - retrun home WP3,none,[0. 0. 0.],[1.5026021  3.46267557 2.23820782],1.573399719322303
2024-08-26 13:26:19,918 - retrun home WP3,none,[0. 0. 0.],[1.50353992 3.46772361 2.22917032],1.573963029906589
2024-08-26 13:26:20,131 - retrun home WP3,none,[0. 0. 0.],[1.50568116 3.47118115 2.22099447],1.58101992233008
2024-08-26 13:26:20,332 - retrun home WP3,none,[0. 0. 0.],[1.50845814 3.47395492 2.21368337],1.5770203965047098
2024-08-26 13:26:20,533 - retrun home WP3,none,[0. 0. 0.],[1.51145113 3.47662091 2.20555234],1.5766426084122762
2024-08-26 13:26:20,735 - retrun home WP3,none,[0. 0. 0.],[1.51527941 3.48142958 2.19658995],1.5759594850147618
2024-08-26 13:26:20,942 - retrun home WP3,none,[0. 0. 0.],[1.51637721 3.48645639 2.18669009],1.5741221276258244
2024-08-26 13:26:21,169 - retrun home WP3,none,[0. 0. 0.],[1.51673961 3.49162316 2.17179799],1.578646421799148
2024-08-26 13:26:21,370 - retrun home WP4,none,[0. 0. 0.],[1.52038527 3.49585247 2.16336656],1.5755427194630698
2024-08-26 13:26:21,614 - retrun home WP4,none,[0. 0. 0.],[1.52328634 3.50249314 2.15632367],1.7558825655432302
2024-08-26 13:26:21,824 - retrun home WP4,none,[0. 0. 0.],[1.5258286  3.51019239 2.14522696],2.0992123702138112
2024-08-26 13:26:22,067 - retrun home WP4,none,[0. 0. 0.],[1.52946961 3.5140276  2.13937211],2.473897629970344
2024-08-26 13:26:22,267 - retrun home WP4,none,[0. 0. 0.],[1.53328586 3.51083589 2.13477993],2.6841667538950635
2024-08-26 13:26:22,468 - retrun home WP4,none,[0. 0. 0.],[1.53819525 3.50345922 2.12867498],2.8031793841901873
2024-08-26 13:26:22,671 - retrun home WP4,none,[0. 0. 0.],[1.54740846 3.49507976 2.12505627],2.8903920113509516
2024-08-26 13:26:22,880 - retrun home WP4,none,[0. 0. 0.],[1.55637681 3.48990679 2.12217116],2.9434741927810872
