2024-06-28 17:05:55,526 - fire button clicked
2024-06-28 17:05:56,039 - survivor button clicked
2024-06-28 17:05:56,427 - mapping button button clicked
2024-06-28 17:05:57,122 - nothing detected button clicked
2024-06-28 17:05:58,367 - hazardous materials button clicked
2024-06-28 17:05:58,835 - fire button clicked
2024-06-28 17:05:59,338 - survivor button clicked
2024-06-28 17:05:59,807 - mapping button button clicked
2024-06-28 17:06:00,807 - hazardous materials button clicked
2024-06-28 17:06:01,762 - survivor button clicked
2024-06-28 17:06:02,116 - mapping button button clicked
2024-06-28 17:06:02,538 - nothing detected button clicked
2024-06-28 17:06:03,377 - hazardous materials button clicked
2024-06-28 17:06:04,538 - fire button clicked
2024-06-28 17:06:04,975 - survivor button clicked
2024-06-28 17:06:05,315 - mapping button button clicked
2024-06-28 17:06:05,829 - nothing detected button clicked
2024-06-28 17:06:06,263 - hazardous materials button clicked
2024-06-28 17:06:06,652 - fire button clicked
2024-06-28 17:06:19,194 - fire button clicked
2024-06-28 17:06:19,614 - hazardous materials button clicked
2024-06-28 17:06:20,115 - nothing detected button clicked
2024-06-28 17:06:20,535 - mapping button button clicked
2024-06-28 17:06:20,874 - survivor button clicked
2024-06-28 17:06:21,423 - fire button clicked
2024-06-28 17:06:21,778 - hazardous materials button clicked
2024-06-28 17:06:22,345 - nothing detected button clicked
2024-06-28 17:06:22,847 - mapping button button clicked
2024-06-28 17:06:23,251 - survivor button clicked
2024-06-28 17:06:29,639 - fire button clicked
2024-06-28 17:06:30,010 - hazardous materials button clicked
2024-06-28 17:06:30,493 - nothing detected button clicked
2024-06-28 17:06:30,833 - mapping button button clicked
2024-06-28 17:06:31,203 - survivor button clicked
2024-06-28 17:06:31,676 - fire button clicked
2024-06-28 17:06:32,063 - hazardous materials button clicked
2024-06-28 17:06:32,856 - nothing detected button clicked
2024-06-28 17:06:33,258 - mapping button button clicked
2024-06-28 17:06:33,627 - survivor button clicked
2024-06-28 17:06:34,064 - fire button clicked
2024-06-28 17:06:34,435 - hazardous materials button clicked
2024-06-28 17:06:34,819 - nothing detected button clicked
2024-06-28 17:06:35,239 - mapping button button clicked
2024-06-28 17:06:35,627 - survivor button clicked
